stim_jnl,frame,time_s,fluor,dff
rlh267_NaAc_2.5M_JNL_10off_20on_20off,2,0.1,134266000,1.7631464615681054
rlh267_NaAc_2.5M_JNL_10off_20on_20off,3,0.2,134254000,1.754051398353749
rlh267_NaAc_2.5M_JNL_10off_20on_20off,4,0.3,133390000.00000001,1.0992068469200773
rlh267_NaAc_2.5M_JNL_10off_20on_20off,5,0.4,131986000,0.03508445084033162
rlh267_NaAc_2.5M_JNL_10off_20on_20off,6,0.5,132063000,0.09344443979912047
rlh267_NaAc_2.5M_JNL_10off_20on_20off,7,0.6,131460000,-0.3635824867223039
rlh267_NaAc_2.5M_JNL_10off_20on_20off,8,0.7,131666000,-0.20745056820918048
rlh267_NaAc_2.5M_JNL_10off_20on_20off,9,0.8,132044000,0.07904392304305569
rlh267_NaAc_2.5M_JNL_10off_20on_20off,10,0.9,131163999.99999999,-0.5879273793431139
rlh267_NaAc_2.5M_JNL_10off_20on_20off,11,1,131318000,-0.4712074014255249
rlh267_NaAc_2.5M_JNL_10off_20on_20off,12,1.1,131675000.00000001,-0.20062927079840168
rlh267_NaAc_2.5M_JNL_10off_20on_20off,13,1.2,131724000,-0.16349109600645645
rlh267_NaAc_2.5M_JNL_10off_20on_20off,14,1.3,131688000,-0.19077628564952653
rlh267_NaAc_2.5M_JNL_10off_20on_20off,15,1.4,131843000,-0.07329838579741911
rlh267_NaAc_2.5M_JNL_10off_20on_20off,16,1.5,132518000,0.4382989200101455
rlh267_NaAc_2.5M_JNL_10off_20on_20off,17,1.6,131605000,-0.25368380621549375
rlh267_NaAc_2.5M_JNL_10off_20on_20off,18,1.7,131778000,-0.12256331154185125
rlh267_NaAc_2.5M_JNL_10off_20on_20off,19,1.8,132409000,0.35568542914640544
rlh267_NaAc_2.5M_JNL_10off_20on_20off,20,1.9,131851000,-0.0672350103211813
rlh267_NaAc_2.5M_JNL_10off_20on_20off,21,2,132196000,0.19424805709157394
rlh267_NaAc_2.5M_JNL_10off_20on_20off,22,2.1,132481000,0.41025580843254567
rlh267_NaAc_2.5M_JNL_10off_20on_20off,23,2.2,132349999.99999999,0.31096803500914033
rlh267_NaAc_2.5M_JNL_10off_20on_20off,24,2.3,132776999.99999999,0.6346007010533331
rlh267_NaAc_2.5M_JNL_10off_20on_20off,25,2.4,132712000.00000001,0.5853357753089236
rlh267_NaAc_2.5M_JNL_10off_20on_20off,26,2.5,133324000,1.049183999241104
rlh267_NaAc_2.5M_JNL_10off_20on_20off,27,2.6,132732999.99999999,0.6012521359340252
rlh267_NaAc_2.5M_JNL_10off_20on_20off,28,2.7,132589000,0.49211137736175603
rlh267_NaAc_2.5M_JNL_10off_20on_20off,29,2.8,132939000,0.75738405444716
rlh267_NaAc_2.5M_JNL_10off_20on_20off,30,2.9,133239000,0.9847606348060775
rlh267_NaAc_2.5M_JNL_10off_20on_20off,31,3,133389000,1.0984489249855363
rlh267_NaAc_2.5M_JNL_10off_20on_20off,32,3.1,133093000,0.8741040323647377
rlh267_NaAc_2.5M_JNL_10off_20on_20off,33,3.2,133288999.99999999,1.0226567315325525
rlh267_NaAc_2.5M_JNL_10off_20on_20off,34,3.3,132634000,0.5262178644155936
rlh267_NaAc_2.5M_JNL_10off_20on_20off,35,3.4,133522999.99999999,1.2000104642125082
rlh267_NaAc_2.5M_JNL_10off_20on_20off,36,3.5,132248000.00000001,0.23365999768713094
rlh267_NaAc_2.5M_JNL_10off_20on_20off,37,3.6,129744000,-1.6641765263753125
rlh267_NaAc_2.5M_JNL_10off_20on_20off,38,3.7,128852000.00000001,-2.3402428919758167
rlh267_NaAc_2.5M_JNL_10off_20on_20off,39,3.8,129244000,-2.043137493640175
rlh267_NaAc_2.5M_JNL_10off_20on_20off,40,3.9,129088000,-2.1613733154268124
rlh267_NaAc_2.5M_JNL_10off_20on_20off,41,4,129278000,-2.017368147866165
rlh267_NaAc_2.5M_JNL_10off_20on_20off,42,4.1,128814000,-2.3690439254879574
rlh267_NaAc_2.5M_JNL_10off_20on_20off,43,4.2,129785000,-1.6331017270595938
rlh267_NaAc_2.5M_JNL_10off_20on_20off,44,4.3,132572000,0.4792267044747507
rlh267_NaAc_2.5M_JNL_10off_20on_20off,45,4.4,133562000,1.2295694196591787
rlh267_NaAc_2.5M_JNL_10off_20on_20off,46,4.5,134387000,1.854855015646202
rlh267_NaAc_2.5M_JNL_10off_20on_20off,47,4.6,134091999.99999999,1.631268044959922
rlh267_NaAc_2.5M_JNL_10off_20on_20off,48,4.7,134559000,1.985217588385315
rlh267_NaAc_2.5M_JNL_10off_20on_20off,49,4.8,131565000,-0.28400068359668273
rlh267_NaAc_2.5M_JNL_10off_20on_20off,50,4.9,130115000,-1.3829874886647846
rlh267_NaAc_2.5M_JNL_10off_20on_20off,51,5,130441999.99999999,-1.1351470160735757
rlh267_NaAc_2.5M_JNL_10off_20on_20off,52,5.1,129749000,-1.660386916702664
rlh267_NaAc_2.5M_JNL_10off_20on_20off,53,5.2,129843000,-1.5891422548568699
rlh267_NaAc_2.5M_JNL_10off_20on_20off,54,5.3,129812000,-1.6126378348272914
rlh267_NaAc_2.5M_JNL_10off_20on_20off,55,5.4,130106000.00000001,-1.3898087860755408
rlh267_NaAc_2.5M_JNL_10off_20on_20off,56,5.5,130011000.00000001,-1.4618113698558648
rlh267_NaAc_2.5M_JNL_10off_20on_20off,57,5.6,130058999.99999999,-1.4254311169984606
rlh267_NaAc_2.5M_JNL_10off_20on_20off,58,5.7,130273000,-1.2632358230090879
rlh267_NaAc_2.5M_JNL_10off_20on_20off,59,5.81,130264000,-1.2700571204198554
rlh267_NaAc_2.5M_JNL_10off_20on_20off,60,5.9,132658000.00000001,0.5444079908443183
rlh267_NaAc_2.5M_JNL_10off_20on_20off,61,6.01,134124000,1.6555215468648843
rlh267_NaAc_2.5M_JNL_10off_20on_20off,62,6.1,135441000,2.6537047346405327
rlh267_NaAc_2.5M_JNL_10off_20on_20off,63,6.2,135879000,2.9856745419645523
rlh267_NaAc_2.5M_JNL_10off_20on_20off,64,6.3,135853000,2.9659685716667794
rlh267_NaAc_2.5M_JNL_10off_20on_20off,65,6.4,136161000,3.1994085275019355
rlh267_NaAc_2.5M_JNL_10off_20on_20off,66,6.5,135993000,3.072077642500941
rlh267_NaAc_2.5M_JNL_10off_20on_20off,67,6.6,136489000,3.4480069220276848
rlh267_NaAc_2.5M_JNL_10off_20on_20off,68,6.7,136508000,3.4624074387837496
rlh267_NaAc_2.5M_JNL_10off_20on_20off,69,6.8,136458000,3.4245113420572633
rlh267_NaAc_2.5M_JNL_10off_20on_20off,70,6.91,136414000,3.3911627769379553
rlh267_NaAc_2.5M_JNL_10off_20on_20off,71,7,136621000,3.5480526173856086
rlh267_NaAc_2.5M_JNL_10off_20on_20off,72,7.1,136831000,3.7072162236368507
rlh267_NaAc_2.5M_JNL_10off_20on_20off,73,7.2,137401000,4.139231726318794
rlh267_NaAc_2.5M_JNL_10off_20on_20off,74,7.3,136870000,3.7367751790835104
rlh267_NaAc_2.5M_JNL_10off_20on_20off,75,7.4,136818000,3.6973632384879647
rlh267_NaAc_2.5M_JNL_10off_20on_20off,76,7.5,136346000,3.339624085389934
rlh267_NaAc_2.5M_JNL_10off_20on_20off,77,7.6,136639000,3.5616952122071437
rlh267_NaAc_2.5M_JNL_10off_20on_20off,78,7.7,136867000,3.7345014132799212
rlh267_NaAc_2.5M_JNL_10off_20on_20off,79,7.8,136717000,3.6208131231004623
rlh267_NaAc_2.5M_JNL_10off_20on_20off,80,7.9,136870000,3.7367751790835104
rlh267_NaAc_2.5M_JNL_10off_20on_20off,81,8,137204000,3.989921105216439
rlh267_NaAc_2.5M_JNL_10off_20on_20off,82,8.1,137170000,3.9641517594424283
rlh267_NaAc_2.5M_JNL_10off_20on_20off,83,8.2,137028000,3.8565268447392067
rlh267_NaAc_2.5M_JNL_10off_20on_20off,84,8.3,136929000,3.7814925732207643
rlh267_NaAc_2.5M_JNL_10off_20on_20off,85,8.4,137567000,4.265046767450729
rlh267_NaAc_2.5M_JNL_10off_20on_20off,86,8.5,137746000,4.40071479373155
rlh267_NaAc_2.5M_JNL_10off_20on_20off,87,8.6,136924000,3.7777029635481156
rlh267_NaAc_2.5M_JNL_10off_20on_20off,88,8.7,137680000,4.350691946052588
rlh267_NaAc_2.5M_JNL_10off_20on_20off,89,8.8,137080000,3.8959387853347525
rlh267_NaAc_2.5M_JNL_10off_20on_20off,90,8.9,137239000,4.0164483729249785
rlh267_NaAc_2.5M_JNL_10off_20on_20off,91,9.01,137180000,3.971730978787725
rlh267_NaAc_2.5M_JNL_10off_20on_20off,92,9.1,137493000,4.208960544295529
rlh267_NaAc_2.5M_JNL_10off_20on_20off,93,9.21,137367000,4.113462380544783
rlh267_NaAc_2.5M_JNL_10off_20on_20off,94,9.3,137581000,4.275657674534146
rlh267_NaAc_2.5M_JNL_10off_20on_20off,95,9.41,137088000,3.9020021608109903
rlh267_NaAc_2.5M_JNL_10off_20on_20off,96,9.51,136973000,3.814841138340072
rlh267_NaAc_2.5M_JNL_10off_20on_20off,97,9.61,135842000,2.9576314303869524
rlh267_NaAc_2.5M_JNL_10off_20on_20off,98,9.71,134129000.00000001,1.6593111565375445
rlh267_NaAc_2.5M_JNL_10off_20on_20off,99,9.81,131867000,-0.055108259368705705
rlh267_NaAc_2.5M_JNL_10off_20on_20off,100,9.91,131473000,-0.3537295015734175
rlh267_NaAc_2.5M_JNL_10off_20on_20off,101,10.01,130786000,-0.8744218705953387
rlh267_NaAc_2.5M_JNL_10off_20on_20off,102,10.11,131046000,-0.6773621676176103
rlh267_NaAc_2.5M_JNL_10off_20on_20off,103,10.208,130804000.00000001,-0.8607792757737924
rlh267_NaAc_2.5M_JNL_10off_20on_20off,104,10.308,130914000,-0.777407862975534
rlh267_NaAc_2.5M_JNL_10off_20on_20off,105,10.408,130687000,-0.9494561421137816
rlh267_NaAc_2.5M_JNL_10off_20on_20off,106,10.508,130858000.00000001,-0.8198514913091873
rlh267_NaAc_2.5M_JNL_10off_20on_20off,107,10.608,130667000,-0.9646145808043762
rlh267_NaAc_2.5M_JNL_10off_20on_20off,108,10.708,130545000,-1.0570810568170026
rlh267_NaAc_2.5M_JNL_10off_20on_20off,109,10.808,130159000,-1.3496389235454767
rlh267_NaAc_2.5M_JNL_10off_20on_20off,110,10.908,130726000.00000001,-0.9198971866671111
rlh267_NaAc_2.5M_JNL_10off_20on_20off,111,11.008,130990999.99999999,-0.7190478740167564
rlh267_NaAc_2.5M_JNL_10off_20on_20off,112,11.108,130613000,-1.0055423652689812
rlh267_NaAc_2.5M_JNL_10off_20on_20off,113,11.208,130212000,-1.3094690610154012
rlh267_NaAc_2.5M_JNL_10off_20on_20off,114,11.309,130607999.99999999,-1.0093319749416412
rlh267_NaAc_2.5M_JNL_10off_20on_20off,115,11.408,131163000,-0.5886853012776323
rlh267_NaAc_2.5M_JNL_10off_20on_20off,116,11.508,130954000,-0.747090985594345
rlh267_NaAc_2.5M_JNL_10off_20on_20off,117,11.608,131305000,-0.48106038657441136
rlh267_NaAc_2.5M_JNL_10off_20on_20off,118,11.708,131531000,-0.3097700293706934
rlh267_NaAc_2.5M_JNL_10off_20on_20off,119,11.808,130880000,-0.8031772087495446
rlh267_NaAc_2.5M_JNL_10off_20on_20off,120,11.908,130753999.99999999,-0.8986753725003013
rlh267_NaAc_2.5M_JNL_10off_20on_20off,121,12.008,130684000,-0.9517299079173708
rlh267_NaAc_2.5M_JNL_10off_20on_20off,122,12.108,131256000,-0.5181985613663679
rlh267_NaAc_2.5M_JNL_10off_20on_20off,123,12.208,131857000,-0.06268747871400294
rlh267_NaAc_2.5M_JNL_10off_20on_20off,124,12.308,131038000.00000001,-0.6834255430938367
rlh267_NaAc_2.5M_JNL_10off_20on_20off,125,12.408,132080000,0.10632911268612581
rlh267_NaAc_2.5M_JNL_10off_20on_20off,126,12.508,132061999.99999999,0.09268651786457945
rlh267_NaAc_2.5M_JNL_10off_20on_20off,127,12.608,132107000,0.12679300491842838
rlh267_NaAc_2.5M_JNL_10off_20on_20off,128,12.708,131755000,-0.13999551603603494
rlh267_NaAc_2.5M_JNL_10off_20on_20off,129,12.808,131776000,-0.1240791554109107
rlh267_NaAc_2.5M_JNL_10off_20on_20off,130,12.908,131250000,-0.5227460929735462
rlh267_NaAc_2.5M_JNL_10off_20on_20off,131,13.008,131656000,-0.21502978755447774
rlh267_NaAc_2.5M_JNL_10off_20on_20off,132,13.108,131776000,-0.1240791554109107
rlh267_NaAc_2.5M_JNL_10off_20on_20off,133,13.208,132280000,0.2579134995920709
rlh267_NaAc_2.5M_JNL_10off_20on_20off,134,13.308,131302000.00000001,-0.48333415237798927
rlh267_NaAc_2.5M_JNL_10off_20on_20off,135,13.408,132549000,0.46179449998056704
rlh267_NaAc_2.5M_JNL_10off_20on_20off,136,13.508,132030000,0.06843301595963953
rlh267_NaAc_2.5M_JNL_10off_20on_20off,137,13.608,132307000,0.2783773918243735
rlh267_NaAc_2.5M_JNL_10off_20on_20off,138,13.708,131502000.00000001,-0.33174976547204416
rlh267_NaAc_2.5M_JNL_10off_20on_20off,139,13.808,131365000,-0.43558507050262785
rlh267_NaAc_2.5M_JNL_10off_20on_20off,140,13.908,131327000,-0.4643861040147574
rlh267_NaAc_2.5M_JNL_10off_20on_20off,141,14.008,131192000,-0.5667055651762704
rlh267_NaAc_2.5M_JNL_10off_20on_20off,142,14.108,131257000,-0.5174406394318382
rlh267_NaAc_2.5M_JNL_10off_20on_20off,143,14.208,131021000.00000001,-0.6963102159808421
rlh267_NaAc_2.5M_JNL_10off_20on_20off,144,14.308,131322999.99999999,-0.46741779175288756
rlh267_NaAc_2.5M_JNL_10off_20on_20off,145,14.408,131190000,-0.5682214090453297
rlh267_NaAc_2.5M_JNL_10off_20on_20off,146,14.508,131006000,-0.7076790449987993
rlh267_NaAc_2.5M_JNL_10off_20on_20off,147,14.608,131127000,-0.6159704909207026
rlh267_NaAc_2.5M_JNL_10off_20on_20off,148,14.708,131144000,-0.6030858180336971
rlh267_NaAc_2.5M_JNL_10off_20on_20off,149,14.808,131012000,-0.7031315133916208
rlh267_NaAc_2.5M_JNL_10off_20on_20off,150,14.908,131000999.99999999,-0.7114686546714591
rlh267_NaAc_2.5M_JNL_10off_20on_20off,151,15.008,131084000,-0.6485611341054807
rlh267_NaAc_2.5M_JNL_10off_20on_20off,152,15.108,131105999.99999999,-0.631886851545838
rlh267_NaAc_2.5M_JNL_10off_20on_20off,153,15.208,130895000,-0.7918083797315987
rlh267_NaAc_2.5M_JNL_10off_20on_20off,154,15.308,131549000,-0.29612743454915835
rlh267_NaAc_2.5M_JNL_10off_20on_20off,155,15.408,131316000.00000001,-0.4727232452945731
rlh267_NaAc_2.5M_JNL_10off_20on_20off,156,15.508,131446000,-0.3741933938057201
rlh267_NaAc_2.5M_JNL_10off_20on_20off,157,15.608,131830000,-0.08315137094630555
rlh267_NaAc_2.5M_JNL_10off_20on_20off,158,15.708,132112999.99999999,0.13134053652559546
rlh267_NaAc_2.5M_JNL_10off_20on_20off,159,15.808,132502000.00000001,0.42617216905768124
rlh267_NaAc_2.5M_JNL_10off_20on_20off,160,15.908,133027000,0.8240811846857756
rlh267_NaAc_2.5M_JNL_10off_20on_20off,161,16.008,132948000,0.7642053518579275
rlh267_NaAc_2.5M_JNL_10off_20on_20off,162,16.108,133071999.99999999,0.8581876717396022
rlh267_NaAc_2.5M_JNL_10off_20on_20off,163,16.208,132654999.99999999,0.5421342250407066
rlh267_NaAc_2.5M_JNL_10off_20on_20off,164,16.308,133413000,1.1166390514142497
rlh267_NaAc_2.5M_JNL_10off_20on_20off,165,16.408,133147000,0.9150318168293428
rlh267_NaAc_2.5M_JNL_10off_20on_20off,166,16.508,133217000.00000001,0.9680863522464347
rlh267_NaAc_2.5M_JNL_10off_20on_20off,167,16.608,132854999.99999999,0.6937186119466516
rlh267_NaAc_2.5M_JNL_10off_20on_20off,168,16.708,133276000,1.0128037463836774
rlh267_NaAc_2.5M_JNL_10off_20on_20off,169,16.808,133678999.99999999,1.3182462859991453
rlh267_NaAc_2.5M_JNL_10off_20on_20off,170,16.908,133261999.99999999,1.0021928393002497
rlh267_NaAc_2.5M_JNL_10off_20on_20off,171,17.008,133888000,1.4766519703158694
rlh267_NaAc_2.5M_JNL_10off_20on_20off,172,17.108,133692000.00000001,1.3280992711480544
rlh267_NaAc_2.5M_JNL_10off_20on_20off,173,17.208,133886000,1.4751361264468097
rlh267_NaAc_2.5M_JNL_10off_20on_20off,174,17.308,134071000,1.6153516843348088
rlh267_NaAc_2.5M_JNL_10off_20on_20off,175,17.408,133478999.99999999,1.1666618990932003
rlh267_NaAc_2.5M_JNL_10off_20on_20off,176,17.508,133844000,1.4433034051965614
rlh267_NaAc_2.5M_JNL_10off_20on_20off,177,17.608,133749999.99999999,1.3720587433507558
rlh267_NaAc_2.5M_JNL_10off_20on_20off,178,17.708,133631000.00000001,1.281866033141741
rlh267_NaAc_2.5M_JNL_10off_20on_20off,179,17.808,133832000,1.4342083419822047
rlh267_NaAc_2.5M_JNL_10off_20on_20off,180,17.908,133269000,1.0074982928419693
rlh267_NaAc_2.5M_JNL_10off_20on_20off,181,18.008,132776000,0.6338427791188147
rlh267_NaAc_2.5M_JNL_10off_20on_20off,182,18.108,133046000,0.8384817014418405
rlh267_NaAc_2.5M_JNL_10off_20on_20off,183,18.208,133466000,1.1568089139443252
rlh267_NaAc_2.5M_JNL_10off_20on_20off,184,18.308,133325999.99999999,1.0506998431101522
rlh267_NaAc_2.5M_JNL_10off_20on_20off,185,18.408,134369000,1.8412124208246672
rlh267_NaAc_2.5M_JNL_10off_20on_20off,186,18.508,133881999.99999999,1.4721044387086795
rlh267_NaAc_2.5M_JNL_10off_20on_20off,187,18.608,134075000.00000001,1.618383372072939
rlh267_NaAc_2.5M_JNL_10off_20on_20off,188,18.708,133912000.00000001,1.494842096744594
rlh267_NaAc_2.5M_JNL_10off_20on_20off,189,18.808,134108000,1.6433947959124091
rlh267_NaAc_2.5M_JNL_10off_20on_20off,190,18.908,134484000,1.9283734432955855
rlh267_NaAc_2.5M_JNL_10off_20on_20off,191,19.008,133905000,1.4895366432028747
rlh267_NaAc_2.5M_JNL_10off_20on_20off,192,19.108,134380000,1.8495495621044942
rlh267_NaAc_2.5M_JNL_10off_20on_20off,193,19.208,134503000,1.9427739600516505
rlh267_NaAc_2.5M_JNL_10off_20on_20off,194,19.308,134357000,1.8321173576103105
rlh267_NaAc_2.5M_JNL_10off_20on_20off,195,19.408,134347000,1.8245381382650132
rlh267_NaAc_2.5M_JNL_10off_20on_20off,196,19.508,134251000,1.7517776325501597
rlh267_NaAc_2.5M_JNL_10off_20on_20off,197,19.608,133908999.99999999,1.4925683309409823
rlh267_NaAc_2.5M_JNL_10off_20on_20off,198,19.708,133720000,1.3493210853148754
rlh267_NaAc_2.5M_JNL_10off_20on_20off,199,19.808,134136000.00000001,1.6646166100792523
rlh267_NaAc_2.5M_JNL_10off_20on_20off,200,19.908,134300000,1.788915807342116
rlh267_NaAc_2.5M_JNL_10off_20on_20off,201,20.008,133216000,0.9673284303118939
rlh267_NaAc_2.5M_JNL_10off_20on_20off,202,20.108,133454000,1.1477138507299685
rlh267_NaAc_2.5M_JNL_10off_20on_20off,203,20.208,133153000.00000001,0.9195793484365324
rlh267_NaAc_2.5M_JNL_10off_20on_20off,204,20.308,131884000,-0.04222358648170037
rlh267_NaAc_2.5M_JNL_10off_20on_20off,205,20.408,132227000,0.21774363706199545
rlh267_NaAc_2.5M_JNL_10off_20on_20off,206,20.508,132840000,0.6823497829287171
rlh267_NaAc_2.5M_JNL_10off_20on_20off,207,20.608,133416000,1.1189128172178389
rlh267_NaAc_2.5M_JNL_10off_20on_20off,208,20.708,133048000.00000001,0.8399975453109113
rlh267_NaAc_2.5M_JNL_10off_20on_20off,209,20.808,133538000,1.2113792932304654
rlh267_NaAc_2.5M_JNL_10off_20on_20off,210,20.908,133831000.00000001,1.4334504200476863
rlh267_NaAc_2.5M_JNL_10off_20on_20off,211,21.008,133348000,1.0673741256698175
rlh267_NaAc_2.5M_JNL_10off_20on_20off,212,21.108,134200999.99999999,1.7138815358236619
rlh267_NaAc_2.5M_JNL_10off_20on_20off,213,21.208,133410000,1.1143652856106607
rlh267_NaAc_2.5M_JNL_10off_20on_20off,214,21.308,134306000,1.7934633389492944
rlh267_NaAc_2.5M_JNL_10off_20on_20off,215,21.408,133579000,1.242454092546184
rlh267_NaAc_2.5M_JNL_10off_20on_20off,216,21.508,133534000,1.2083476054923463
rlh267_NaAc_2.5M_JNL_10off_20on_20off,217,21.608,134067000,1.6123199965966901
rlh267_NaAc_2.5M_JNL_10off_20on_20off,218,21.708,135503000,2.7006958945813757
rlh267_NaAc_2.5M_JNL_10off_20on_20off,219,21.808,135603000,2.776488088034348
rlh267_NaAc_2.5M_JNL_10off_20on_20off,220,21.908,136434000,3.4063212156285503
rlh267_NaAc_2.5M_JNL_10off_20on_20off,221,22.008,136183000,3.2160828100615895
rlh267_NaAc_2.5M_JNL_10off_20on_20off,222,22.108,136677000,3.5904962457192733
rlh267_NaAc_2.5M_JNL_10off_20on_20off,223,22.208,136487000,3.4464910781586253
rlh267_NaAc_2.5M_JNL_10off_20on_20off,224,22.308,136415000,3.391920698872485
rlh267_NaAc_2.5M_JNL_10off_20on_20off,225,22.408,136111000,3.161512430775449
rlh267_NaAc_2.5M_JNL_10off_20on_20off,226,22.508,136474000,3.436638093009739
rlh267_NaAc_2.5M_JNL_10off_20on_20off,227,22.608,136700000,3.6079284502134574
rlh267_NaAc_2.5M_JNL_10off_20on_20off,228,22.708,136487000,3.4464910781586253
rlh267_NaAc_2.5M_JNL_10off_20on_20off,229,22.808,136633000,3.5571476805999653
rlh267_NaAc_2.5M_JNL_10off_20on_20off,230,22.908,137017000,3.84818970345938
rlh267_NaAc_2.5M_JNL_10off_20on_20off,231,23.008,137013000,3.845158015721261
rlh267_NaAc_2.5M_JNL_10off_20on_20off,232,23.108,136401000,3.3813097917890693
rlh267_NaAc_2.5M_JNL_10off_20on_20off,233,23.208,136516000,3.468470814259988
rlh267_NaAc_2.5M_JNL_10off_20on_20off,234,23.308,136730000,3.6306661082493488
rlh267_NaAc_2.5M_JNL_10off_20on_20off,235,23.408,136272000,3.2835378622347347
rlh267_NaAc_2.5M_JNL_10off_20on_20off,236,23.508,136115000,3.164544118513567
rlh267_NaAc_2.5M_JNL_10off_20on_20off,237,23.608,136070000,3.13043763145973
rlh267_NaAc_2.5M_JNL_10off_20on_20off,238,23.708,136080000,3.1380168508050277
rlh267_NaAc_2.5M_JNL_10off_20on_20off,239,23.808,136119000,3.1675758062516866
rlh267_NaAc_2.5M_JNL_10off_20on_20off,240,23.908,136299000,3.304001754467037
rlh267_NaAc_2.5M_JNL_10off_20on_20off,241,24.008,135933000,3.026602326429158
rlh267_NaAc_2.5M_JNL_10off_20on_20off,242,24.108,135948000,3.0379711554471034
rlh267_NaAc_2.5M_JNL_10off_20on_20off,243,24.208,135785000,2.9144298801187585
rlh267_NaAc_2.5M_JNL_10off_20on_20off,244,24.308,135946000,3.036455311578044
rlh267_NaAc_2.5M_JNL_10off_20on_20off,245,24.408,135692000,2.8439431402074935
rlh267_NaAc_2.5M_JNL_10off_20on_20off,246,24.508,135540000,2.7287390061589756
rlh267_NaAc_2.5M_JNL_10off_20on_20off,247,24.608,135494000,2.693874597170608
rlh267_NaAc_2.5M_JNL_10off_20on_20off,248,24.708,135637000,2.802257433808359
rlh267_NaAc_2.5M_JNL_10off_20on_20off,249,24.808,135859000,2.9705161032739578
rlh267_NaAc_2.5M_JNL_10off_20on_20off,250,24.908,135691000,2.843185218272964
rlh267_NaAc_2.5M_JNL_10off_20on_20off,251,25.008,135362000,2.5938289018126843
rlh267_NaAc_2.5M_JNL_10off_20on_20off,252,25.108,135691000,2.843185218272964
rlh267_NaAc_2.5M_JNL_10off_20on_20off,253,25.208,135490000,2.6908429094324893
rlh267_NaAc_2.5M_JNL_10off_20on_20off,254,25.308,136017000,3.0902677689296545
rlh267_NaAc_2.5M_JNL_10off_20on_20off,255,25.408,135396000,2.619598247586695
rlh267_NaAc_2.5M_JNL_10off_20on_20off,256,27.788,135993000,3.072077642500941
rlh267_NaAc_2.5M_JNL_10off_20on_20off,257,27.808,135859000,2.9705161032739578
rlh267_NaAc_2.5M_JNL_10off_20on_20off,258,27.828,136129000,3.175155025596984
rlh267_NaAc_2.5M_JNL_10off_20on_20off,259,27.848,135437000,2.650673046902414
rlh267_NaAc_2.5M_JNL_10off_20on_20off,260,27.868,135253000,2.511215410948944
rlh267_NaAc_2.5M_JNL_10off_20on_20off,261,27.898,135270000,2.5241000838359495
rlh267_NaAc_2.5M_JNL_10off_20on_20off,262,27.918,135492000,2.6923587533015487
rlh267_NaAc_2.5M_JNL_10off_20on_20off,263,27.938,135240000,2.501362425800058
rlh267_NaAc_2.5M_JNL_10off_20on_20off,264,27.958,134989000,2.311124020233097
rlh267_NaAc_2.5M_JNL_10off_20on_20off,265,27.978,135045000,2.3535676485667616
rlh267_NaAc_2.5M_JNL_10off_20on_20off,266,28.008,135065000,2.368726087257356
rlh267_NaAc_2.5M_JNL_10off_20on_20off,267,28.028,135536000,2.7257073184208567
rlh267_NaAc_2.5M_JNL_10off_20on_20off,268,28.048,135295000,2.5430481321991927
rlh267_NaAc_2.5M_JNL_10off_20on_20off,269,28.068,135105000,2.3990429646385447
rlh267_NaAc_2.5M_JNL_10off_20on_20off,270,28.088,135087000,2.38540036981701
rlh267_NaAc_2.5M_JNL_10off_20on_20off,271,28.118,135231000,2.49454112838929
rlh267_NaAc_2.5M_JNL_10off_20on_20off,272,28.138,134476000,1.9223100678193477
rlh267_NaAc_2.5M_JNL_10off_20on_20off,273,28.158,132171000,0.17530000872833082
rlh267_NaAc_2.5M_JNL_10off_20on_20off,274,28.178,132460000,0.3943394478074214
rlh267_NaAc_2.5M_JNL_10off_20on_20off,275,28.208,131400000,-0.40905780279408743
rlh267_NaAc_2.5M_JNL_10off_20on_20off,276,28.308,131617000,-0.24458874300113706
rlh267_NaAc_2.5M_JNL_10off_20on_20off,277,28.408,131718000,-0.16803862761363478
rlh267_NaAc_2.5M_JNL_10off_20on_20off,278,28.508,131732000,-0.15742772053021864
rlh267_NaAc_2.5M_JNL_10off_20on_20off,279,28.608,131288999.99999999,-0.49318713752689824
rlh267_NaAc_2.5M_JNL_10off_20on_20off,280,28.708,131268000,-0.5091034981520112
rlh267_NaAc_2.5M_JNL_10off_20on_20off,281,28.808,130895000,-0.7918083797315987
rlh267_NaAc_2.5M_JNL_10off_20on_20off,282,28.908,130251999.99999999,-1.2791521836342234
rlh267_NaAc_2.5M_JNL_10off_20on_20off,283,29.008,130282000.00000001,-1.256414525598309
rlh267_NaAc_2.5M_JNL_10off_20on_20off,284,29.108,129973999.99999999,-1.489854481433487
rlh267_NaAc_2.5M_JNL_10off_20on_20off,285,29.208,129597000,-1.7755910507511823
rlh267_NaAc_2.5M_JNL_10off_20on_20off,286,29.308,129602000,-1.7718014410785337
rlh267_NaAc_2.5M_JNL_10off_20on_20off,287,29.408,130125000,-1.3754082693194871
rlh267_NaAc_2.5M_JNL_10off_20on_20off,288,29.508,129675000,-1.7164731398578639
rlh267_NaAc_2.5M_JNL_10off_20on_20off,289,29.608,129395000,-1.9286912815261867
rlh267_NaAc_2.5M_JNL_10off_20on_20off,290,29.708,129507000,-1.8438040248588576
rlh267_NaAc_2.5M_JNL_10off_20on_20off,291,29.808,129516000.00000001,-1.8369827274480788
rlh267_NaAc_2.5M_JNL_10off_20on_20off,292,29.908,131049000,-0.6750884018140211
rlh267_NaAc_2.5M_JNL_10off_20on_20off,293,30.008,132066000,0.09571820560270965
rlh267_NaAc_2.5M_JNL_10off_20on_20off,294,30.108,132468999.99999999,0.4011607452181777
rlh267_NaAc_2.5M_JNL_10off_20on_20off,295,30.208,133142000,0.9112422071566941
rlh267_NaAc_2.5M_JNL_10off_20on_20off,296,30.308,133053000,0.8437871549835486
rlh267_NaAc_2.5M_JNL_10off_20on_20off,297,30.408,133714000,1.344773553707697
rlh267_NaAc_2.5M_JNL_10off_20on_20off,298,30.508,133727000,1.3546265388565835
rlh267_NaAc_2.5M_JNL_10off_20on_20off,299,30.608,133271000,1.0090141367110288
rlh267_NaAc_2.5M_JNL_10off_20on_20off,300,30.708,133393999.99999999,1.1022385346581736
rlh267_NaAc_2.5M_JNL_10off_20on_20off,301,30.808,133961000,1.5319802715365392
rlh267_NaAc_2.5M_JNL_10off_20on_20off,302,30.908,134643000,2.048883030885812
rlh267_NaAc_2.5M_JNL_10off_20on_20off,303,31.008,134524000,1.9586903206767745
rlh267_NaAc_2.5M_JNL_10off_20on_20off,304,31.108,134637000,2.044335499278634
rlh267_NaAc_2.5M_JNL_10off_20on_20off,305,31.208,135074000,2.3755473846681237
rlh267_NaAc_2.5M_JNL_10off_20on_20off,306,31.308,135538000,2.727223162289916
rlh267_NaAc_2.5M_JNL_10off_20on_20off,307,31.408,134756000,2.1345282094876707
rlh267_NaAc_2.5M_JNL_10off_20on_20off,308,31.508,135447000,2.658252266247711
rlh267_NaAc_2.5M_JNL_10off_20on_20off,309,31.608,136040000,3.107699973423838
rlh267_NaAc_2.5M_JNL_10off_20on_20off,310,31.708,135786000,2.915187802053288
rlh267_NaAc_2.5M_JNL_10off_20on_20off,311,31.808,135485000,2.6870532997598406
rlh267_NaAc_2.5M_JNL_10off_20on_20off,312,31.908,135845000,2.9599051961905416
rlh267_NaAc_2.5M_JNL_10off_20on_20off,313,32.008,135128000,2.416475169132729
rlh267_NaAc_2.5M_JNL_10off_20on_20off,314,32.108,136145000,3.1872817765494594
rlh267_NaAc_2.5M_JNL_10off_20on_20off,315,32.208,135096000,2.3922216672277776
rlh267_NaAc_2.5M_JNL_10off_20on_20off,316,32.308,135363000,2.5945868237472145
rlh267_NaAc_2.5M_JNL_10off_20on_20off,317,32.408,136469000,3.4328484833370907
rlh267_NaAc_2.5M_JNL_10off_20on_20off,318,32.508,136029000,3.099362832144011
rlh267_NaAc_2.5M_JNL_10off_20on_20off,319,32.608,136262000,3.275958642889437
rlh267_NaAc_2.5M_JNL_10off_20on_20off,320,32.708,136308000,3.3108230518778043
rlh267_NaAc_2.5M_JNL_10off_20on_20off,321,32.808,136809000,3.6905419410771976
rlh267_NaAc_2.5M_JNL_10off_20on_20off,322,32.908,136998000,3.8337891867033154
rlh267_NaAc_2.5M_JNL_10off_20on_20off,323,33.008,137422000,4.155148086943919
rlh267_NaAc_2.5M_JNL_10off_20on_20off,324,33.108,139097000,5.424667327281209
rlh267_NaAc_2.5M_JNL_10off_20on_20off,325,33.208,138746000,5.158636728261276
rlh267_NaAc_2.5M_JNL_10off_20on_20off,326,33.308,139126000,5.446647063382571
rlh267_NaAc_2.5M_JNL_10off_20on_20off,327,33.408,138592000,5.041916750343697
rlh267_NaAc_2.5M_JNL_10off_20on_20off,328,33.508,139003000,5.3534226654354145
rlh267_NaAc_2.5M_JNL_10off_20on_20off,329,33.608,138971000,5.329169163530463
rlh267_NaAc_2.5M_JNL_10off_20on_20off,330,33.708,138647000,5.083602456742832
rlh267_NaAc_2.5M_JNL_10off_20on_20off,331,33.808,138408000,4.902459114390227
rlh267_NaAc_2.5M_JNL_10off_20on_20off,332,33.908,138485000,4.960819103349016
rlh267_NaAc_2.5M_JNL_10off_20on_20off,333,34.008,138451000,4.935049757575006
rlh267_NaAc_2.5M_JNL_10off_20on_20off,334,34.108,137536000,4.241551187480307
rlh267_NaAc_2.5M_JNL_10off_20on_20off,335,34.208,137433000,4.163485228223745
rlh267_NaAc_2.5M_JNL_10off_20on_20off,336,34.308,137030000,3.8580426886082666
rlh267_NaAc_2.5M_JNL_10off_20on_20off,337,34.408,137701000,4.366608306677712
rlh267_NaAc_2.5M_JNL_10off_20on_20off,338,34.508,136592000,3.5260728812842466
rlh267_NaAc_2.5M_JNL_10off_20on_20off,339,34.608,137052000,3.87471697116792
rlh267_NaAc_2.5M_JNL_10off_20on_20off,340,34.708,137457000,4.181675354652459
rlh267_NaAc_2.5M_JNL_10off_20on_20off,341,34.808,136735000,3.6344557179219974
rlh267_NaAc_2.5M_JNL_10off_20on_20off,342,34.908,136851000,3.7223746623274456
rlh267_NaAc_2.5M_JNL_10off_20on_20off,343,35.008,136711000,3.616265591493284
rlh267_NaAc_2.5M_JNL_10off_20on_20off,344,35.108,136988000,3.8262099673580177
rlh267_NaAc_2.5M_JNL_10off_20on_20off,345,35.208,137040000,3.8656219079535634
rlh267_NaAc_2.5M_JNL_10off_20on_20off,346,35.308,138166000,4.719042006234035
rlh267_NaAc_2.5M_JNL_10off_20on_20off,347,35.408,138004000,4.596258652840219
rlh267_NaAc_2.5M_JNL_10off_20on_20off,348,35.508,137877000,4.500002567154944
rlh267_NaAc_2.5M_JNL_10off_20on_20off,349,35.608,137095000,3.907307614352699
rlh267_NaAc_2.5M_JNL_10off_20on_20off,350,35.708,137557000,4.257467548105431
rlh267_NaAc_2.5M_JNL_10off_20on_20off,351,35.808,138210000,4.7523905713533425
rlh267_NaAc_2.5M_JNL_10off_20on_20off,352,35.908,138805000,5.20335412239853
rlh267_NaAc_2.5M_JNL_10off_20on_20off,353,36.008,139688000,5.872599190588276
rlh267_NaAc_2.5M_JNL_10off_20on_20off,354,36.108,139190000,5.495154067192473
rlh267_NaAc_2.5M_JNL_10off_20on_20off,355,36.208,138229000,4.766791088109407
rlh267_NaAc_2.5M_JNL_10off_20on_20off,356,36.308,138063000,4.640976046977473
rlh267_NaAc_2.5M_JNL_10off_20on_20off,357,36.408,136895000,3.7557232274467536
rlh267_NaAc_2.5M_JNL_10off_20on_20off,358,36.509,137569000,4.266562611319788
rlh267_NaAc_2.5M_JNL_10off_20on_20off,359,36.608,136738000,3.636729483725586
rlh267_NaAc_2.5M_JNL_10off_20on_20off,360,36.708,137047000,3.8709273614952715
rlh267_NaAc_2.5M_JNL_10off_20on_20off,361,36.808,135930000,3.0243285606255683
rlh267_NaAc_2.5M_JNL_10off_20on_20off,362,36.908,136673000,3.5874645579811544
rlh267_NaAc_2.5M_JNL_10off_20on_20off,363,37.008,136260000,3.274442799020378
rlh267_NaAc_2.5M_JNL_10off_20on_20off,364,37.108,136119000,3.1675758062516866
rlh267_NaAc_2.5M_JNL_10off_20on_20off,365,37.208,136904000,3.762544524857521
rlh267_NaAc_2.5M_JNL_10off_20on_20off,366,37.308,137133000,3.9361086478648275
rlh267_NaAc_2.5M_JNL_10off_20on_20off,367,37.408,136595000,3.5283466470878357
rlh267_NaAc_2.5M_JNL_10off_20on_20off,368,37.508,136294000,3.3002121447943886
rlh267_NaAc_2.5M_JNL_10off_20on_20off,369,37.608,136824000,3.701910770095143
rlh267_NaAc_2.5M_JNL_10off_20on_20off,370,37.708,136062000,3.124374255983492
rlh267_NaAc_2.5M_JNL_10off_20on_20off,371,37.808,135494000,2.693874597170608
rlh267_NaAc_2.5M_JNL_10off_20on_20off,372,37.908,135315000,2.558206570889787
rlh267_NaAc_2.5M_JNL_10off_20on_20off,373,38.008,134751000,2.1307385998150226
rlh267_NaAc_2.5M_JNL_10off_20on_20off,374,38.108,134973000,2.2989972692806213
rlh267_NaAc_2.5M_JNL_10off_20on_20off,375,38.208,136756000,3.650372078547122
rlh267_NaAc_2.5M_JNL_10off_20on_20off,376,38.308,136756000,3.650372078547122
rlh267_NaAc_2.5M_JNL_10off_20on_20off,377,38.408,137520000,4.2294244365278315
rlh267_NaAc_2.5M_JNL_10off_20on_20off,378,38.508,137678000,4.349176102183528
rlh267_NaAc_2.5M_JNL_10off_20on_20off,379,38.609,137203000,3.9891631832819088
rlh267_NaAc_2.5M_JNL_10off_20on_20off,380,38.708,137398000,4.136957960515205
rlh267_NaAc_2.5M_JNL_10off_20on_20off,381,38.808,137405000,4.142263414056913
rlh267_NaAc_2.5M_JNL_10off_20on_20off,382,38.908,136694000,3.603380918606278
rlh267_NaAc_2.5M_JNL_10off_20on_20off,383,39.008,136852000,3.7231325842619754
rlh267_NaAc_2.5M_JNL_10off_20on_20off,384,39.108,137672000,4.34462857057635
rlh267_NaAc_2.5M_JNL_10off_20on_20off,385,39.208,137475000,4.195317949473995
rlh267_NaAc_2.5M_JNL_10off_20on_20off,386,39.308,136924000,3.7777029635481156
rlh267_NaAc_2.5M_JNL_10off_20on_20off,387,39.408,136949000,3.796651011911359
rlh267_NaAc_2.5M_JNL_10off_20on_20off,388,39.508,136730000,3.6306661082493488
rlh267_NaAc_2.5M_JNL_10off_20on_20off,389,39.608,135909000,3.008412200000444
rlh267_NaAc_2.5M_JNL_10off_20on_20off,390,39.709,135601000,2.774972244165289
rlh267_NaAc_2.5M_JNL_10off_20on_20off,391,39.808,134669000,2.0685890011835846
rlh267_NaAc_2.5M_JNL_10off_20on_20off,392,39.908,133034999.99999999,0.8301445601620022
rlh267_NaAc_2.5M_JNL_10off_20on_20off,393,40.008,134166999.99999999,1.6881121900496514
rlh267_NaAc_2.5M_JNL_10off_20on_20off,394,40.108,133791000,1.403133542666486
rlh267_NaAc_2.5M_JNL_10off_20on_20off,395,40.208,133525999.99999999,1.2022842300160974
rlh267_NaAc_2.5M_JNL_10off_20on_20off,396,40.308,133348000,1.0673741256698175
rlh267_NaAc_2.5M_JNL_10off_20on_20off,397,40.408,133041000.00000001,0.8346920917692032
rlh267_NaAc_2.5M_JNL_10off_20on_20off,398,40.508,131915000,-0.018728006511278886
rlh267_NaAc_2.5M_JNL_10off_20on_20off,399,40.608,131537000,-0.30522249776351507
rlh267_NaAc_2.5M_JNL_10off_20on_20off,400,40.708,131006000,-0.7076790449987993
rlh267_NaAc_2.5M_JNL_10off_20on_20off,401,40.808,132100000,0.12148755137672031
rlh267_NaAc_2.5M_JNL_10off_20on_20off,402,40.908,133559999.99999999,1.228053575790108
rlh267_NaAc_2.5M_JNL_10off_20on_20off,403,41.008,133097000,0.8771357201028566
rlh267_NaAc_2.5M_JNL_10off_20on_20off,404,41.108,133867000,1.4607356096907451
rlh267_NaAc_2.5M_JNL_10off_20on_20off,405,41.208,134553000,1.9806700567781368
rlh267_NaAc_2.5M_JNL_10off_20on_20off,406,41.308,134352000,1.8283277479376618
rlh267_NaAc_2.5M_JNL_10off_20on_20off,407,41.408,134110000,1.6449106397814681
rlh267_NaAc_2.5M_JNL_10off_20on_20off,408,41.508,134422000,1.8813822833547427
rlh267_NaAc_2.5M_JNL_10off_20on_20off,409,41.608,134054999.99999999,1.603224933382322
rlh267_NaAc_2.5M_JNL_10off_20on_20off,410,41.708,133626000,1.2780764234690811
rlh267_NaAc_2.5M_JNL_10off_20on_20off,411,41.808,133898000,1.4842311896611666
rlh267_NaAc_2.5M_JNL_10off_20on_20off,412,41.908,133797000.00000001,1.4076810742736756
rlh267_NaAc_2.5M_JNL_10off_20on_20off,413,42.008,133561000,1.2288114977246491
rlh267_NaAc_2.5M_JNL_10off_20on_20off,414,42.108,134088999.99999999,1.6289942791563328
rlh267_NaAc_2.5M_JNL_10off_20on_20off,415,42.208,133941000,1.5168218328459449
rlh267_NaAc_2.5M_JNL_10off_20on_20off,416,42.308,132870000,0.7050874409646088
rlh267_NaAc_2.5M_JNL_10off_20on_20off,417,42.408,133427000,1.1272499584976658
rlh267_NaAc_2.5M_JNL_10off_20on_20off,418,42.508,132775000,0.6330848571842849
rlh267_NaAc_2.5M_JNL_10off_20on_20off,419,42.608,132571000,0.47846878254022096
rlh267_NaAc_2.5M_JNL_10off_20on_20off,420,42.708,133126000.00000001,0.8991154562042297
rlh267_NaAc_2.5M_JNL_10off_20on_20off,421,42.808,132714000,0.5868516191779717
rlh267_NaAc_2.5M_JNL_10off_20on_20off,422,42.908,132688000,0.5671456488801988
rlh267_NaAc_2.5M_JNL_10off_20on_20off,423,43.008,132251999.99999999,0.23669168542522728
rlh267_NaAc_2.5M_JNL_10off_20on_20off,424,43.108,132288999.99999999,0.26473479700282715
rlh267_NaAc_2.5M_JNL_10off_20on_20off,425,43.208,132271000,0.25109220218130335
rlh267_NaAc_2.5M_JNL_10off_20on_20off,426,43.308,132246000,0.23214415381806022
rlh267_NaAc_2.5M_JNL_10off_20on_20off,427,43.409,132105000,0.12527716104936895
rlh267_NaAc_2.5M_JNL_10off_20on_20off,428,43.508,131798000,-0.10740487285125676
rlh267_NaAc_2.5M_JNL_10off_20on_20off,429,43.608,132180000.00000001,0.18212130613910962
rlh267_NaAc_2.5M_JNL_10off_20on_20off,430,43.708,131895000,-0.03388644520187339
rlh267_NaAc_2.5M_JNL_10off_20on_20off,431,43.808,131355000,-0.44316428984792505
rlh267_NaAc_2.5M_JNL_10off_20on_20off,432,43.908,131993999.99999999,0.041147826316558125
rlh267_NaAc_2.5M_JNL_10off_20on_20off,433,44.018,131112000,-0.6273393199386483
rlh267_NaAc_2.5M_JNL_10off_20on_20off,434,44.108,131101000,-0.6356764612184753
rlh267_NaAc_2.5M_JNL_10off_20on_20off,435,44.218,131176000,-0.578832316128746
rlh267_NaAc_2.5M_JNL_10off_20on_20off,436,44.308,131142000,-0.6046016619027565
rlh267_NaAc_2.5M_JNL_10off_20on_20off,437,44.408,130617000,-1.0025106775308623
rlh267_NaAc_2.5M_JNL_10off_20on_20off,438,44.508,130905000,-0.7842291603863014
rlh267_NaAc_2.5M_JNL_10off_20on_20off,439,44.608,130878000,-0.8046930526186041
rlh267_NaAc_2.5M_JNL_10off_20on_20off,440,44.718,129906000.00000001,-1.5413931729814858
rlh267_NaAc_2.5M_JNL_10off_20on_20off,441,44.808,130484000,-1.1033142948233159
rlh267_NaAc_2.5M_JNL_10off_20on_20off,442,44.908,129742000,-1.6656923702443722
rlh267_NaAc_2.5M_JNL_10off_20on_20off,443,45.018,129453000,-1.8847318093234626
rlh267_NaAc_2.5M_JNL_10off_20on_20off,444,45.108,129917000,-1.5330560317016702
rlh267_NaAc_2.5M_JNL_10off_20on_20off,445,45.208,129359000,-1.9559764711692569
rlh267_NaAc_2.5M_JNL_10off_20on_20off,446,45.308,129363000,-1.952944783431138
rlh267_NaAc_2.5M_JNL_10off_20on_20off,447,45.408,129324000,-1.982503738877797
rlh267_NaAc_2.5M_JNL_10off_20on_20off,448,45.508,129053000,-2.187900583135353
rlh267_NaAc_2.5M_JNL_10off_20on_20off,449,45.608,128647000,-2.4956168885544217
rlh267_NaAc_2.5M_JNL_10off_20on_20off,450,45.708,128765000,-2.4061821002799135
rlh267_NaAc_2.5M_JNL_10off_20on_20off,451,45.808,128385000,-2.6941924354012095
rlh267_NaAc_2.5M_JNL_10off_20on_20off,452,45.918,128718000,-2.4418044312028107
rlh267_NaAc_2.5M_JNL_10off_20on_20off,453,46.008,128322000,-2.741941517276582
rlh267_NaAc_2.5M_JNL_10off_20on_20off,454,46.109,128358000,-2.714656327633512
rlh267_NaAc_2.5M_JNL_10off_20on_20off,455,46.208,128297000,-2.7608895656398253
rlh267_NaAc_2.5M_JNL_10off_20on_20off,456,46.308,128090000,-2.9177794060874787
rlh267_NaAc_2.5M_JNL_10off_20on_20off,457,46.408,128075000,-2.929148235105424
rlh267_NaAc_2.5M_JNL_10off_20on_20off,458,46.508,127904000,-3.0587528859100073
rlh267_NaAc_2.5M_JNL_10off_20on_20off,459,46.608,127663000,-3.2414120721316713
rlh267_NaAc_2.5M_JNL_10off_20on_20off,460,46.708,127277000,-3.533969938860145
rlh267_NaAc_2.5M_JNL_10off_20on_20off,461,46.808,127785000,-3.1489455961190447
rlh267_NaAc_2.5M_JNL_10off_20on_20off,462,46.908,126658000,-4.003123616334045
rlh267_NaAc_2.5M_JNL_10off_20on_20off,463,47.008,126360999.99999999,-4.228226430889385
rlh267_NaAc_2.5M_JNL_10off_20on_20off,464,47.108,126428999.99999999,-4.1766877393413635
rlh267_NaAc_2.5M_JNL_10off_20on_20off,465,47.208,126772000,-3.916720515797657
rlh267_NaAc_2.5M_JNL_10off_20on_20off,466,47.308,127143999.99999999,-3.6347735561526093
rlh267_NaAc_2.5M_JNL_10off_20on_20off,467,47.408,127240000,-3.562013050437745
rlh267_NaAc_2.5M_JNL_10off_20on_20off,468,47.508,126431000,-4.1751718954722925
rlh267_NaAc_2.5M_JNL_10off_20on_20off,469,47.608,127045999.99999999,-3.709049905736523
rlh267_NaAc_2.5M_JNL_10off_20on_20off,470,47.708,126486000.00000001,-4.133486189073147
rlh267_NaAc_2.5M_JNL_10off_20on_20off,471,47.808,126316000,-4.262332917943211
rlh267_NaAc_2.5M_JNL_10off_20on_20off,472,47.908,125828000,-4.632198821993717
rlh267_NaAc_2.5M_JNL_10off_20on_20off,473,48.008,125933000,-4.552617018868096
rlh267_NaAc_2.5M_JNL_10off_20on_20off,474,48.108,126183000,-4.363136535235665
rlh267_NaAc_2.5M_JNL_10off_20on_20off,475,48.208,125914000,-4.567017535624161
rlh267_NaAc_2.5M_JNL_10off_20on_20off,476,48.308,125471000,-4.902776952620829
rlh267_NaAc_2.5M_JNL_10off_20on_20off,477,48.409,125330999.99999999,-5.008886023455002
rlh267_NaAc_2.5M_JNL_10off_20on_20off,478,48.508,124950999.99999999,-5.296896358576298
rlh267_NaAc_2.5M_JNL_10off_20on_20off,479,48.608,124396000,-5.717543032240284
rlh267_NaAc_2.5M_JNL_10off_20on_20off,480,48.708,124485000,-5.650087980067138
rlh267_NaAc_2.5M_JNL_10off_20on_20off,481,48.808,124218999.99999999,-5.8516952146520564
rlh267_NaAc_2.5M_JNL_10off_20on_20off,482,48.908,124784000,-5.4234693216427505
rlh267_NaAc_2.5M_JNL_10off_20on_20off,483,49.008,124417000,-5.70162667161516
rlh267_NaAc_2.5M_JNL_10off_20on_20off,484,49.108,124547000.00000001,-5.603096820126284
rlh267_NaAc_2.5M_JNL_10off_20on_20off,485,49.208,124499000,-5.6394770729837225
rlh267_NaAc_2.5M_JNL_10off_20on_20off,486,49.309,124126000,-5.922181954563309
rlh267_NaAc_2.5M_JNL_10off_20on_20off,487,49.409,124020000,-6.00252167962346
rlh267_NaAc_2.5M_JNL_10off_20on_20off,488,49.508,123867000,-6.1184837356065085
rlh267_NaAc_2.5M_JNL_10off_20on_20off,489,49.608,123485000,-6.408009914596864
rlh267_NaAc_2.5M_JNL_10off_20on_20off,490,49.708,123468000,-6.420894587483869
rlh267_NaAc_2.5M_JNL_10off_20on_20off,491,49.808,123005000.00000001,-6.77181244317112
rlh267_NaAc_2.5M_JNL_10off_20on_20off,492,49.908,122937000,-6.823351134719154
rlh267_NaAc_2.5M_JNL_10off_20on_20off,493,50.008,122840000,-6.896869562368536
rlh267_NaAc_2.5M_JNL_10off_20on_20off,494,50.116,122557999.99999999,-7.110603547905931
rlh267_NaAc_2.5M_JNL_10off_20on_20off,495,50.208,122147000,-7.4221094629976365
rlh267_NaAc_2.5M_JNL_10off_20on_20off,496,50.308,122085000,-7.4691006229384795
rlh267_NaAc_2.5M_JNL_10off_20on_20off,497,50.408,121517000.00000001,-7.899600281751352
rlh267_NaAc_2.5M_JNL_10off_20on_20off,498,50.508,121872000,-7.630537994993311
rlh267_NaAc_2.5M_JNL_10off_20on_20off,499,50.608,121807000,-7.6798029207377425
rlh267_NaAc_2.5M_JNL_10off_20on_20off,500,50.708,121819000.00000001,-7.670707857523375
rlh267_NaAc_2.5M_JNL_10off_20on_20off,501,50.809,122239000.00000001,-7.352380645020889
rlh267_NaAc_2.5M_JNL_10off_20on_20off,502,50.909,121791000,-7.691929671690219
rlh267_NaAc_2.5M_JNL_10off_20on_20off,503,51.009,121733000,-7.735889143892942
rlh267_NaAc_2.5M_JNL_10off_20on_20off,504,51.108,121675000,-7.779848616095666
rlh267_NaAc_2.5M_JNL_10off_20on_20off,505,51.208,121410000,-7.980697928746045
rlh267_NaAc_2.5M_JNL_10off_20on_20off,506,51.308,121429000.00000001,-7.966297411989967
rlh267_NaAc_2.5M_JNL_10off_20on_20off,507,51.408,121247000,-8.10423920407439
rlh267_NaAc_2.5M_JNL_10off_20on_20off,508,51.508,121263000.00000001,-8.092112453121903
rlh267_NaAc_2.5M_JNL_10off_20on_20off,509,51.608,121669000,-7.784396147702845
rlh267_NaAc_2.5M_JNL_10off_20on_20off,510,51.709,120344000,-8.788642710954731
rlh267_NaAc_2.5M_JNL_10off_20on_20off,511,51.808,120629000.00000001,-8.572634959613747
rlh267_NaAc_2.5M_JNL_10off_20on_20off,512,51.908,120686000,-8.529433409345565
rlh267_NaAc_2.5M_JNL_10off_20on_20off,513,52.008,120722000,-8.502148219702494
rlh267_NaAc_2.5M_JNL_10off_20on_20off,514,52.108,120186000,-8.908394376610428
rlh267_NaAc_2.5M_JNL_10off_20on_20off,515,52.208,120129000,-8.951595926878623
rlh267_NaAc_2.5M_JNL_10off_20on_20off,516,52.308,120544000,-8.637058324048787
rlh267_NaAc_2.5M_JNL_10off_20on_20off,517,52.419,120360000,-8.776515960002255
rlh267_NaAc_2.5M_JNL_10off_20on_20off,518,52.509,120181000,-8.912183986283075
rlh267_NaAc_2.5M_JNL_10off_20on_20off,519,52.608,119683999.99999999,-9.28887118774436
rlh267_NaAc_2.5M_JNL_10off_20on_20off,520,52.708,119839000,-9.171393287892242
rlh267_NaAc_2.5M_JNL_10off_20on_20off,521,52.808,119632000,-9.328283128339896
rlh267_NaAc_2.5M_JNL_10off_20on_20off,522,52.908,119204000,-9.652673716318617
rlh267_NaAc_2.5M_JNL_10off_20on_20off,523,53.008,118951000,-9.844427965754639
rlh267_NaAc_2.5M_JNL_10off_20on_20off,524,53.108,119416000.00000001,-9.491994266198304
rlh267_NaAc_2.5M_JNL_10off_20on_20off,525,53.208,118707000,-10.029360917779892
rlh267_NaAc_2.5M_JNL_10off_20on_20off,526,53.308,118551999.99999999,-10.14683881763201
rlh267_NaAc_2.5M_JNL_10off_20on_20off,527,53.408,118393000,-10.267348405222226
rlh267_NaAc_2.5M_JNL_10off_20on_20off,528,53.519,118452000,-10.222631011084973
rlh267_NaAc_2.5M_JNL_10off_20on_20off,529,53.608,117778999.99999999,-10.732712473023488
rlh267_NaAc_2.5M_JNL_10off_20on_20off,530,53.708,117894000.00000001,-10.645551450552547
rlh267_NaAc_2.5M_JNL_10off_20on_20off,531,53.808,118071000,-10.511399268140796
rlh267_NaAc_2.5M_JNL_10off_20on_20off,532,53.908,118188000,-10.422722401800819
rlh267_NaAc_2.5M_JNL_10off_20on_20off,533,54.008,117782000.00000001,-10.730438707219877
rlh267_NaAc_2.5M_JNL_10off_20on_20off,534,54.109,117817000,-10.703911439511348
rlh267_NaAc_2.5M_JNL_10off_20on_20off,535,54.218,117198000,-11.173065116985246
rlh267_NaAc_2.5M_JNL_10off_20on_20off,536,54.318,117445000,-10.985858399156404
rlh267_NaAc_2.5M_JNL_10off_20on_20off,537,54.418,117449000,-10.982826711418287
rlh267_NaAc_2.5M_JNL_10off_20on_20off,538,54.518,117032000,-11.298880158117182
rlh267_NaAc_2.5M_JNL_10off_20on_20off,539,54.618,117290999.99999999,-11.102578377073993
rlh267_NaAc_2.5M_JNL_10off_20on_20off,540,54.718,117040000.00000001,-11.292816782640932
rlh267_NaAc_2.5M_JNL_10off_20on_20off,541,54.818,116753000,-11.510340377850975
rlh267_NaAc_2.5M_JNL_10off_20on_20off,542,54.918,117316000,-11.08363032871074
rlh267_NaAc_2.5M_JNL_10off_20on_20off,543,55.019,116676000,-11.568700366809765
rlh267_NaAc_2.5M_JNL_10off_20on_20off,544,55.118,116312000,-11.844583950978583
rlh267_NaAc_2.5M_JNL_10off_20on_20off,545,55.218,116598000,-11.627818277703081
rlh267_NaAc_2.5M_JNL_10off_20on_20off,546,55.319,116730000,-11.527772582345158
rlh267_NaAc_2.5M_JNL_10off_20on_20off,547,55.419,116579000.00000001,-11.642218794459136
rlh267_NaAc_2.5M_JNL_10off_20on_20off,548,55.518,116404000,-11.77485513300185
rlh267_NaAc_2.5M_JNL_10off_20on_20off,549,55.618,115900000,-12.15684778800483
rlh267_NaAc_2.5M_JNL_10off_20on_20off,550,55.718,116182999.99999999,-11.942355880532931
rlh267_NaAc_2.5M_JNL_10off_20on_20off,551,55.819,115291000.00000001,-12.618422246133424
rlh267_NaAc_2.5M_JNL_10off_20on_20off,552,55.919,116067000.00000001,-12.030274824938356
rlh267_NaAc_2.5M_JNL_10off_20on_20off,553,56.019,115426999.99999999,-12.515344863037402
rlh267_NaAc_2.5M_JNL_10off_20on_20off,554,56.118,115618000,-12.370581773542213
rlh267_NaAc_2.5M_JNL_10off_20on_20off,555,56.219,115670999.99999999,-12.330411911012149
rlh267_NaAc_2.5M_JNL_10off_20on_20off,556,56.319,115347000,-12.575978617799768
rlh267_NaAc_2.5M_JNL_10off_20on_20off,557,56.419,114852000,-12.951149975391981
rlh267_NaAc_2.5M_JNL_10off_20on_20off,558,56.518,115189999.99999999,-12.694972361520948
rlh267_NaAc_2.5M_JNL_10off_20on_20off,559,56.619,114794000,-12.995109447594707
rlh267_NaAc_2.5M_JNL_10off_20on_20off,560,56.719,115362000.00000001,-12.56460978878181
rlh267_NaAc_2.5M_JNL_10off_20on_20off,561,56.819,114924000,-12.896579596105843
rlh267_NaAc_2.5M_JNL_10off_20on_20off,562,56.919,114666000,-13.09212345521451
rlh267_NaAc_2.5M_JNL_10off_20on_20off,563,57.019,114906000,-12.910222190927378
rlh267_NaAc_2.5M_JNL_10off_20on_20off,564,57.119,114490000,-13.225517715691742
rlh267_NaAc_2.5M_JNL_10off_20on_20off,565,57.219,114931000,-12.891274142564136
rlh267_NaAc_2.5M_JNL_10off_20on_20off,566,57.319,114650999.99999999,-13.103492284232468
rlh267_NaAc_2.5M_JNL_10off_20on_20off,567,57.419,115063000,-12.79122844720621
rlh267_NaAc_2.5M_JNL_10off_20on_20off,568,57.519,114450000,-13.255834593072931
rlh267_NaAc_2.5M_JNL_10off_20on_20off,569,57.619,115062000,-12.79198636914074
rlh267_NaAc_2.5M_JNL_10off_20on_20off,570,57.719,113962999.99999999,-13.62494257518892
rlh267_NaAc_2.5M_JNL_10off_20on_20off,571,57.819,114525000.00000001,-13.198990447983192
rlh267_NaAc_2.5M_JNL_10off_20on_20off,572,57.919,114150000,-13.48321117343185
rlh267_NaAc_2.5M_JNL_10off_20on_20off,573,58.019,114375000,-13.312678738162662
rlh267_NaAc_2.5M_JNL_10off_20on_20off,574,58.119,114443999.99999999,-13.260382124680122
rlh267_NaAc_2.5M_JNL_10off_20on_20off,575,58.219,113673000,-13.84473993620253
rlh267_NaAc_2.5M_JNL_10off_20on_20off,576,58.319,113804000,-13.745452162779134
rlh267_NaAc_2.5M_JNL_10off_20on_20off,577,58.419,113497000,-13.978134196679761
rlh267_NaAc_2.5M_JNL_10off_20on_20off,578,58.519,113547000,-13.940238099953275
rlh267_NaAc_2.5M_JNL_10off_20on_20off,579,58.619,113525000.00000001,-13.956912382512918
rlh267_NaAc_2.5M_JNL_10off_20on_20off,580,58.719,113728999.99999999,-13.802296307868875
rlh267_NaAc_2.5M_JNL_10off_20on_20off,581,58.819,113782999.99999999,-13.761368523404272
rlh267_NaAc_2.5M_JNL_10off_20on_20off,582,58.919,113115000.00000001,-14.267660375670104
rlh267_NaAc_2.5M_JNL_10off_20on_20off,583,59.019,113286000,-14.138055724865534
rlh267_NaAc_2.5M_JNL_10off_20on_20off,584,59.119,113589999.99999999,-13.907647456768506
rlh267_NaAc_2.5M_JNL_10off_20on_20off,585,59.219,112808000,-14.50034240957074
rlh267_NaAc_2.5M_JNL_10off_20on_20off,586,59.319,113138999.99999999,-14.249470249241414
rlh267_NaAc_2.5M_JNL_10off_20on_20off,587,59.419,112793000.00000001,-14.511711238588676
rlh267_NaAc_2.5M_JNL_10off_20on_20off,588,59.519,112604000,-14.654958484214806
rlh267_NaAc_2.5M_JNL_10off_20on_20off,589,59.619,112412000,-14.800479495644511
rlh267_NaAc_2.5M_JNL_10off_20on_20off,590,59.719,113175000,-14.222185059598333
rlh267_NaAc_2.5M_JNL_10off_20on_20off,591,59.819,112517000,-14.720897692518891
rlh267_NaAc_2.5M_JNL_10off_20on_20off,592,59.919,112467000,-14.758793789245377
rlh267_NaAc_2.5M_JNL_10off_20on_20off,593,60.019,111749000.00000001,-15.302981738237708
rlh267_NaAc_2.5M_JNL_10off_20on_20off,594,60.119,112412000,-14.800479495644511
rlh267_NaAc_2.5M_JNL_10off_20on_20off,595,60.219,112583000.00000001,-14.670874844839918
rlh267_NaAc_2.5M_JNL_10off_20on_20off,596,60.319,112104000,-15.033919451479669
rlh267_NaAc_2.5M_JNL_10off_20on_20off,597,60.419,112158000,-14.992991667015062
rlh267_NaAc_2.5M_JNL_10off_20on_20off,598,60.519,112576000.00000001,-14.676180298381627
rlh267_NaAc_2.5M_JNL_10off_20on_20off,599,60.619,112307000,-14.880061298770134
rlh267_NaAc_2.5M_JNL_10off_20on_20off,600,60.719,111933000,-15.163524102284251
