2, 100, 5.3656e+007, 3.62563e+007, 8.99123e+007, 9270, 3911.15, 1359, 1038
3, 200, 5.13298e+007, 3.41146e+007, 8.54444e+007, 8822, 3866.99, 1359, 1038
4, 300, 5.04383e+007, 3.2405e+007, 8.28433e+007, 8582, 3775.93, 1359, 1041
5, 400, 4.94301e+007, 3.19185e+007, 8.13486e+007, 8435, 3784.06, 1362, 1041
6, 500, 4.91251e+007, 3.08882e+007, 8.00133e+007, 8312, 3716.1, 1362, 1044
7, 600, 4.816e+007, 3.02164e+007, 7.83764e+007, 8146, 3709.36, 1363, 1044
8, 700, 4.75546e+007, 2.94024e+007, 7.6957e+007, 7988, 3680.82, 1366, 1045
9, 800, 4.68071e+007, 2.88167e+007, 7.56238e+007, 7848, 3671.85, 1367, 1045
10, 900, 4.64973e+007, 2.8403e+007, 7.49003e+007, 7775, 3653.12, 1366, 1045
11, 1000, 4.62869e+007, 2.78804e+007, 7.41673e+007, 7716, 3613.33, 1367, 1047
12, 1100, 4.59963e+007, 2.76364e+007, 7.36327e+007, 7658, 3608.82, 1367, 1046
13, 1200, 4.53218e+007, 2.72887e+007, 7.26105e+007, 7546, 3616.32, 1367, 1045
14, 1300, 4.5623e+007, 2.70771e+007, 7.27001e+007, 7564, 3579.73, 1367, 1047
15, 1400, 4.48417e+007, 2.659e+007, 7.14317e+007, 7426, 3580.66, 1366, 1045
16, 1500, 4.51348e+007, 2.63337e+007, 7.14685e+007, 7436, 3541.38, 1363, 1045
17, 1600, 4.46614e+007, 2.56941e+007, 7.03554e+007, 7309, 3515.4, 1364, 1046
18, 1700, 4.465e+007, 2.56038e+007, 7.02538e+007, 7296, 3509.3, 1364, 1046
19, 1800, 4.42412e+007, 2.53236e+007, 6.95648e+007, 7239, 3498.22, 1364, 1046
20, 1900, 4.40226e+007, 2.50593e+007, 6.90819e+007, 7188, 3486.27, 1363, 1045
21, 2000, 4.39772e+007, 2.49542e+007, 6.89314e+007, 7172, 3479.39, 1363, 1045
22, 2100, 4.35957e+007, 2.46699e+007, 6.82655e+007, 7107, 3471.2, 1363, 1045
23, 2200, 4.35686e+007, 2.44744e+007, 6.8043e+007, 7076, 3458.79, 1363, 1045
24, 2300, 4.37246e+007, 2.39687e+007, 6.76934e+007, 7045, 3402.23, 1364, 1048
25, 2400, 4.32468e+007, 2.35062e+007, 6.6753e+007, 6942, 3386.08, 1364, 1048
26, 2500, 4.36033e+007, 2.36944e+007, 6.72978e+007, 7010, 3380.09, 1364, 1048
27, 2600, 4.26663e+007, 2.36502e+007, 6.63165e+007, 6908, 3423.59, 1364, 1045
28, 2700, 4.28301e+007, 2.35614e+007, 6.63915e+007, 6914, 3407.78, 1367, 1047
29, 2800, 4.23709e+007, 2.34466e+007, 6.58176e+007, 6854, 3420.87, 1368, 1046
30, 2900, 4.24504e+007, 2.32716e+007, 6.5722e+007, 6845, 3399.8, 1368, 1047
31, 3000, 4.25442e+007, 2.28683e+007, 6.54126e+007, 6801, 3362.5, 1368, 1048
32, 3100, 4.22417e+007, 2.21819e+007, 6.44236e+007, 6699, 3311.23, 1365, 1049
33, 3200, 4.22919e+007, 2.24015e+007, 6.46934e+007, 6739, 3324.15, 1364, 1048
34, 3300, 4.25505e+007, 2.20244e+007, 6.45749e+007, 6735, 3270.15, 1363, 1050
35, 3400, 4.21866e+007, 2.1819e+007, 6.40056e+007, 6670, 3271.22, 1364, 1050
36, 3500, 4.23289e+007, 2.19495e+007, 6.42784e+007, 6692, 3279.97, 1363, 1049
37, 3600, 4.20939e+007, 2.13566e+007, 6.34505e+007, 6616, 3228.02, 1364, 1052
38, 3700, 4.12933e+007, 2.13242e+007, 6.26176e+007, 6517, 3272.09, 1362, 1048
39, 3800, 4.18104e+007, 2.11961e+007, 6.30066e+007, 6562, 3230.14, 1360, 1049
40, 3900, 4.1636e+007, 2.13684e+007, 6.30044e+007, 6566, 3254.4, 1362, 1048
41, 4000, 4.13666e+007, 2.11827e+007, 6.25493e+007, 6513, 3252.38, 1362, 1047
42, 4100, 4.08993e+007, 2.1353e+007, 6.22523e+007, 6494, 3288.11, 1363, 1045
43, 4200, 4.10434e+007, 2.12502e+007, 6.22935e+007, 6495, 3271.78, 1363, 1045
44, 4300, 4.11561e+007, 2.09805e+007, 6.21366e+007, 6494, 3230.75, 1364, 1048
45, 4400, 4.09692e+007, 2.08544e+007, 6.18236e+007, 6449, 3233.74, 1365, 1048
46, 4500, 4.08425e+007, 2.09257e+007, 6.17682e+007, 6449, 3244.8, 1366, 1048
47, 4600, 4.08141e+007, 2.06935e+007, 6.15076e+007, 6407, 3229.82, 1366, 1048
48, 4700, 4.09579e+007, 2.05987e+007, 6.15566e+007, 6422, 3207.52, 1364, 1048
49, 4800, 4.06237e+007, 2.04249e+007, 6.10487e+007, 6372, 3205.42, 1365, 1048
50, 4900, 4.04951e+007, 2.05222e+007, 6.10173e+007, 6379, 3217.15, 1365, 1047
51, 5000, 4.03561e+007, 2.01867e+007, 6.05428e+007, 6325, 3191.57, 1364, 1048
52, 5100, 4.01522e+007, 2.01081e+007, 6.02603e+007, 6299, 3192.27, 1365, 1048
53, 5200, 3.95109e+007, 2.00142e+007, 5.95251e+007, 6212, 3221.86, 1366, 1045
54, 5300, 3.93805e+007, 2.03409e+007, 5.97213e+007, 6244, 3257.67, 1368, 1044
55, 5400, 3.95224e+007, 2.04421e+007, 5.99645e+007, 6263, 3263.95, 1367, 1043
56, 5500, 3.93051e+007, 2.00715e+007, 5.93766e+007, 6192, 3241.52, 1365, 1043
57, 5600, 3.89886e+007, 2.01459e+007, 5.91345e+007, 6173, 3263.55, 1366, 1041
58, 5700, 3.91818e+007, 2.02349e+007, 5.94168e+007, 6203, 3262.12, 1364, 1040
59, 5800, 3.8512e+007, 2.01323e+007, 5.86443e+007, 6126, 3286.37, 1366, 1039
60, 5900, 3.8794e+007, 1.99266e+007, 5.87206e+007, 6135, 3248.02, 1367, 1041
61, 6000, 3.89094e+007, 1.96867e+007, 5.85961e+007, 6126, 3213.63, 1366, 1043
62, 6100, 3.86033e+007, 1.95766e+007, 5.818e+007, 6084, 3217.73, 1366, 1043
63, 6200, 3.84865e+007, 1.92815e+007, 5.7768e+007, 6027, 3199.18, 1366, 1043
64, 6300, 3.85435e+007, 1.94446e+007, 5.79881e+007, 6066, 3205.51, 1367, 1043
65, 6400, 3.87028e+007, 1.94612e+007, 5.8164e+007, 6084, 3198.75, 1364, 1042
66, 6500, 3.8414e+007, 1.93958e+007, 5.78098e+007, 6048, 3206.98, 1364, 1041
67, 6600, 3.84819e+007, 1.91013e+007, 5.75832e+007, 6023, 3171.4, 1363, 1042
68, 6700, 3.83125e+007, 1.90939e+007, 5.74063e+007, 6006, 3179.13, 1362, 1041
69, 6800, 3.87617e+007, 1.91372e+007, 5.78988e+007, 6067, 3154.31, 1362, 1042
70, 6900, 3.84159e+007, 1.89975e+007, 5.74134e+007, 6011, 3160.45, 1363, 1042
71, 7000, 3.81459e+007, 1.87327e+007, 5.68786e+007, 5947, 3149.94, 1362, 1042
72, 7100, 3.81106e+007, 1.85636e+007, 5.66742e+007, 5926, 3132.58, 1362, 1043
73, 7200, 3.82602e+007, 1.88861e+007, 5.71463e+007, 5987, 3154.51, 1362, 1041
74, 7300, 3.81802e+007, 1.86058e+007, 5.67859e+007, 5948, 3128.07, 1362, 1043
75, 7400, 3.78568e+007, 1.8335e+007, 5.61918e+007, 5881, 3117.67, 1362, 1043
76, 7500, 3.77054e+007, 1.85698e+007, 5.62751e+007, 5897, 3149.02, 1362, 1041
77, 7600, 3.79899e+007, 1.84702e+007, 5.64601e+007, 5922, 3118.92, 1359, 1041
78, 7700, 3.7739e+007, 1.82022e+007, 5.59412e+007, 5858, 3107.23, 1358, 1041
79, 7800, 3.7716e+007, 1.80978e+007, 5.58138e+007, 5835, 3101.59, 1357, 1040
80, 7900, 3.76356e+007, 1.83648e+007, 5.60005e+007, 5870, 3128.59, 1361, 1040
81, 8000, 3.70376e+007, 1.825e+007, 5.52876e+007, 5797, 3148.18, 1361, 1039
82, 8100, 3.70827e+007, 1.82671e+007, 5.53498e+007, 5793, 3153.31, 1361, 1038
83, 8200, 3.74567e+007, 1.81746e+007, 5.56313e+007, 5824, 3120.63, 1361, 1040
84, 8300, 3.71603e+007, 1.78785e+007, 5.50388e+007, 5765, 3101.21, 1362, 1041
85, 8400, 3.74385e+007, 1.79762e+007, 5.54147e+007, 5815, 3091.35, 1362, 1042
86, 8500, 3.7099e+007, 1.78369e+007, 5.49359e+007, 5757, 3098.3, 1363, 1041
87, 8600, 3.73182e+007, 1.78176e+007, 5.51358e+007, 5791, 3076.77, 1362, 1042
88, 8700, 3.72436e+007, 1.77279e+007, 5.49715e+007, 5774, 3070.29, 1362, 1042
89, 8800, 3.71989e+007, 1.75653e+007, 5.47642e+007, 5743, 3058.56, 1360, 1042
90, 8900, 3.72022e+007, 1.7387e+007, 5.45893e+007, 5725, 3037.04, 1359, 1043
91, 9000, 3.69194e+007, 1.75493e+007, 5.44687e+007, 5724, 3065.92, 1359, 1041
92, 9100, 3.68578e+007, 1.73598e+007, 5.42177e+007, 5684, 3054.16, 1359, 1041
93, 9200, 3.69807e+007, 1.74939e+007, 5.44746e+007, 5727, 3054.64, 1359, 1041
94, 9300, 3.67223e+007, 1.7429e+007, 5.41513e+007, 5687, 3064.71, 1358, 1040
95, 9400, 3.67611e+007, 1.7373e+007, 5.4134e+007, 5688, 3054.32, 1359, 1040
96, 9500, 3.66316e+007, 1.73812e+007, 5.40128e+007, 5665, 3068.18, 1358, 1039
97, 9600, 3.64568e+007, 1.7218e+007, 5.36748e+007, 5636, 3055, 1358, 1039
98, 9700, 3.64788e+007, 1.70907e+007, 5.35695e+007, 5632, 3034.57, 1359, 1041
99, 9800, 3.61918e+007, 1.69069e+007, 5.30988e+007, 5565, 3038.08, 1359, 1040
100, 9900, 3.64313e+007, 1.70884e+007, 5.35197e+007, 5620, 3040.64, 1359, 1040
101, 10000, 3.6513e+007, 1.6887e+007, 5.34e+007, 5603, 3013.91, 1359, 1042
102, 10100, 3.64067e+007, 1.64497e+007, 5.28565e+007, 5551, 2963.38, 1358, 1044
103, 10200, 3.63792e+007, 1.6487e+007, 5.28662e+007, 5553, 2969.03, 1358, 1044
104, 10310, 3.61916e+007, 1.67169e+007, 5.29085e+007, 5555, 3009.34, 1358, 1041
105, 10400, 3.62583e+007, 1.67778e+007, 5.30361e+007, 5578, 3007.86, 1359, 1041
106, 10500, 3.58082e+007, 1.66119e+007, 5.24201e+007, 5512, 3013.76, 1359, 1041
107, 10610, 3.57828e+007, 1.66647e+007, 5.24474e+007, 5518, 3020.05, 1359, 1040
108, 10710, 3.54107e+007, 1.64251e+007, 5.18358e+007, 5446, 3016, 1358, 1039
109, 10800, 3.56755e+007, 1.64234e+007, 5.20989e+007, 5479, 2997.51, 1359, 1041
110, 10900, 3.54447e+007, 1.63558e+007, 5.18004e+007, 5449, 3001.61, 1358, 1040
111, 11000, 3.58724e+007, 1.64123e+007, 5.22847e+007, 5495, 2986.77, 1357, 1040
112, 11100, 3.55228e+007, 1.63703e+007, 5.18931e+007, 5455, 3000.97, 1357, 1039
113, 11200, 3.56194e+007, 1.63889e+007, 5.20083e+007, 5478, 2991.76, 1357, 1040
114, 11300, 3.57515e+007, 1.62384e+007, 5.19899e+007, 5469, 2969.17, 1357, 1041
115, 11410, 3.51055e+007, 1.60913e+007, 5.11967e+007, 5389, 2985.95, 1358, 1040
116, 11510, 3.52706e+007, 1.62632e+007, 5.15339e+007, 5418, 3001.71, 1357, 1039
117, 11610, 3.48596e+007, 1.64652e+007, 5.13248e+007, 5406, 3045.73, 1359, 1037
118, 11710, 3.50176e+007, 1.66493e+007, 5.16669e+007, 5440, 3060.53, 1360, 1036
119, 11810, 3.49402e+007, 1.6475e+007, 5.14152e+007, 5410, 3045.29, 1362, 1037
120, 11910, 3.43849e+007, 1.61937e+007, 5.05786e+007, 5311, 3049.08, 1363, 1037
121, 12010, 3.4596e+007, 1.64341e+007, 5.10301e+007, 5373, 3058.64, 1365, 1037
122, 12110, 3.4605e+007, 1.63332e+007, 5.09382e+007, 5363, 3045.54, 1363, 1037
123, 12210, 3.47149e+007, 1.65274e+007, 5.12422e+007, 5393, 3064.6, 1362, 1035
124, 12310, 3.41104e+007, 1.6478e+007, 5.05884e+007, 5330, 3091.55, 1362, 1034
125, 12410, 3.4525e+007, 1.65003e+007, 5.10254e+007, 5376, 3069.26, 1363, 1034
126, 12510, 3.42615e+007, 1.6424e+007, 5.06855e+007, 5332, 3080.27, 1363, 1034
127, 12610, 3.39112e+007, 1.62942e+007, 5.02053e+007, 5285, 3083.1, 1364, 1034
128, 12710, 3.42334e+007, 1.63291e+007, 5.05625e+007, 5319, 3069.96, 1363, 1035
129, 12810, 3.45428e+007, 1.62189e+007, 5.07617e+007, 5344, 3034.98, 1361, 1036
130, 12910, 3.43949e+007, 1.62165e+007, 5.06114e+007, 5336, 3039.08, 1361, 1036
131, 13010, 3.42221e+007, 1.61396e+007, 5.03616e+007, 5308, 3040.61, 1360, 1035
132, 13110, 3.43728e+007, 1.59975e+007, 5.03703e+007, 5305, 3015.55, 1359, 1036
133, 13210, 3.39997e+007, 1.5966e+007, 4.99657e+007, 5260, 3035.36, 1361, 1035
134, 13310, 3.38731e+007, 1.58603e+007, 4.97333e+007, 5231, 3031.97, 1361, 1035
135, 13410, 3.3778e+007, 1.58307e+007, 4.96087e+007, 5226, 3029.22, 1361, 1035
136, 13510, 3.36835e+007, 1.60214e+007, 4.9705e+007, 5240, 3057.52, 1361, 1034
137, 13610, 3.36737e+007, 1.59644e+007, 4.96381e+007, 5238, 3047.81, 1361, 1034
138, 13710, 3.40145e+007, 1.59437e+007, 4.99582e+007, 5277, 3021.36, 1360, 1035
139, 13810, 3.39286e+007, 1.56828e+007, 4.96114e+007, 5246, 2989.47, 1359, 1037
140, 13910, 3.39465e+007, 1.54888e+007, 4.94353e+007, 5215, 2970.05, 1356, 1036
141, 14010, 3.38562e+007, 1.54269e+007, 4.92831e+007, 5197, 2968.42, 1356, 1036
142, 14110, 3.41005e+007, 1.57292e+007, 4.98297e+007, 5275, 2981.84, 1355, 1035
143, 14210, 3.39998e+007, 1.55711e+007, 4.95708e+007, 5240, 2971.58, 1356, 1036
144, 14310, 3.3926e+007, 1.52317e+007, 4.91577e+007, 5183, 2938.77, 1356, 1038
145, 14410, 3.38489e+007, 1.51795e+007, 4.90283e+007, 5174, 2933.8, 1357, 1038
146, 14510, 3.35657e+007, 1.51455e+007, 4.87113e+007, 5134, 2950.05, 1356, 1037
147, 14610, 3.37531e+007, 1.5425e+007, 4.91781e+007, 5189, 2972.64, 1357, 1036
148, 14710, 3.32967e+007, 1.54773e+007, 4.8774e+007, 5136, 3013.5, 1357, 1033
149, 14810, 3.31243e+007, 1.5202e+007, 4.83263e+007, 5088, 2987.81, 1357, 1034
150, 14910, 3.3255e+007, 1.55438e+007, 4.87988e+007, 5157, 3014.11, 1358, 1033
151, 15010, 3.31496e+007, 1.54816e+007, 4.86311e+007, 5140, 3011.98, 1358, 1033
152, 15110, 3.32477e+007, 1.53935e+007, 4.86412e+007, 5135, 2997.75, 1360, 1034
153, 15210, 3.3069e+007, 1.5415e+007, 4.8484e+007, 5129, 3005.46, 1361, 1034
154, 15310, 3.27332e+007, 1.54136e+007, 4.81467e+007, 5093, 3026.42, 1361, 1032
155, 15410, 3.26497e+007, 1.53681e+007, 4.80177e+007, 5073, 3029.38, 1361, 1032
156, 15510, 3.26881e+007, 1.54413e+007, 4.81294e+007, 5086, 3036.05, 1360, 1031
157, 15610, 3.30211e+007, 1.53471e+007, 4.83682e+007, 5122, 2996.32, 1358, 1033
158, 15710, 3.26113e+007, 1.51843e+007, 4.77956e+007, 5062, 2999.67, 1359, 1033
159, 15810, 3.2767e+007, 1.52419e+007, 4.8009e+007, 5078, 3001.56, 1359, 1033
160, 15910, 3.29089e+007, 1.52036e+007, 4.81125e+007, 5090, 2986.95, 1360, 1034
161, 16010, 3.27965e+007, 1.53066e+007, 4.81031e+007, 5094, 3004.84, 1360, 1033
162, 16110, 3.24201e+007, 1.52244e+007, 4.76445e+007, 5036, 3023.12, 1361, 1032
163, 16210, 3.25355e+007, 1.51495e+007, 4.7685e+007, 5043, 3004.06, 1360, 1032
164, 16310, 3.27009e+007, 1.51913e+007, 4.78922e+007, 5066, 2998.68, 1359, 1032
165, 16410, 3.24351e+007, 1.4977e+007, 4.74121e+007, 5013, 2987.63, 1360, 1033
166, 16510, 3.26195e+007, 1.52573e+007, 4.78768e+007, 5065, 3012.31, 1363, 1032
167, 16610, 3.22767e+007, 1.5088e+007, 4.73648e+007, 5010, 3011.59, 1362, 1032
168, 16710, 3.20925e+007, 1.51759e+007, 4.72685e+007, 5009, 3029.73, 1362, 1031
169, 16810, 3.23804e+007, 1.52065e+007, 4.75868e+007, 5044, 3014.76, 1360, 1031
170, 16910, 3.18879e+007, 1.50358e+007, 4.69238e+007, 4965, 3028.37, 1360, 1030
171, 17010, 3.18488e+007, 1.50563e+007, 4.69051e+007, 4965, 3032.49, 1360, 1030
172, 17110, 3.19682e+007, 1.48852e+007, 4.68534e+007, 4954, 3004.67, 1360, 1031
173, 17210, 3.2123e+007, 1.4994e+007, 4.7117e+007, 4992, 3003.61, 1359, 1031
174, 17310, 3.22786e+007, 1.49694e+007, 4.7248e+007, 5011, 2987.3, 1358, 1031
175, 17410, 3.18803e+007, 1.47316e+007, 4.6612e+007, 4938, 2983.31, 1356, 1031
176, 17510, 3.18478e+007, 1.48139e+007, 4.66617e+007, 4948, 2993.91, 1357, 1031
177, 17610, 3.20366e+007, 1.48003e+007, 4.68369e+007, 4962, 2982.72, 1359, 1032
178, 17710, 3.16595e+007, 1.46953e+007, 4.63548e+007, 4913, 2991.11, 1358, 1031
179, 17810, 3.17446e+007, 1.45913e+007, 4.63359e+007, 4903, 2975.99, 1357, 1031
180, 17910, 3.19763e+007, 1.49314e+007, 4.69077e+007, 4981, 2997.68, 1358, 1031
181, 18010, 3.1342e+007, 1.47379e+007, 4.608e+007, 4879, 3020.68, 1358, 1029
182, 18110, 3.14566e+007, 1.48893e+007, 4.63458e+007, 4915, 3029.35, 1358, 1028
183, 18210, 3.13111e+007, 1.5078e+007, 4.63891e+007, 4921, 3064.01, 1360, 1026
184, 18310, 3.12807e+007, 1.50344e+007, 4.63151e+007, 4909, 3062.61, 1360, 1026
185, 18410, 3.09889e+007, 1.4889e+007, 4.58778e+007, 4868, 3058.54, 1360, 1026
186, 18510, 3.1213e+007, 1.50338e+007, 4.62468e+007, 4908, 3063.12, 1360, 1026
187, 18610, 3.11757e+007, 1.49943e+007, 4.617e+007, 4891, 3065.69, 1360, 1026
188, 18710, 3.11102e+007, 1.48954e+007, 4.60057e+007, 4877, 3054.22, 1360, 1026
189, 18810, 3.08677e+007, 1.48829e+007, 4.57507e+007, 4855, 3065.49, 1360, 1026
190, 18910, 3.0948e+007, 1.48538e+007, 4.58017e+007, 4857, 3058.22, 1360, 1026
191, 19010, 3.11579e+007, 1.50085e+007, 4.61664e+007, 4904, 3060.47, 1360, 1026
192, 19110, 3.11276e+007, 1.49293e+007, 4.60569e+007, 4895, 3049.91, 1360, 1026
193, 19210, 3.06985e+007, 1.46729e+007, 4.53714e+007, 4806, 3053.04, 1360, 1026
194, 19310, 3.07596e+007, 1.47384e+007, 4.54981e+007, 4832, 3050.17, 1360, 1026
195, 19410, 3.07146e+007, 1.46639e+007, 4.53786e+007, 4809, 3049.27, 1360, 1026
196, 19510, 3.06729e+007, 1.46398e+007, 4.53127e+007, 4809, 3044.26, 1360, 1026
197, 19610, 3.07448e+007, 1.46751e+007, 4.54199e+007, 4820, 3044.63, 1360, 1026
198, 19710, 3.06558e+007, 1.46329e+007, 4.52887e+007, 4805, 3045.36, 1360, 1026
199, 19810, 3.04212e+007, 1.45233e+007, 4.49445e+007, 4771, 3044.07, 1360, 1026
200, 19910, 3.0622e+007, 1.46602e+007, 4.52822e+007, 4817, 3043.44, 1360, 1026
201, 20010, 3.07761e+007, 1.47332e+007, 4.55093e+007, 4841, 3043.42, 1360, 1026
202, 20110, 3.03784e+007, 1.44581e+007, 4.48366e+007, 4755, 3040.62, 1360, 1026
203, 20210, 3.00626e+007, 1.42962e+007, 4.43587e+007, 4711, 3034.63, 1360, 1026
204, 20310, 3.05536e+007, 1.46024e+007, 4.51561e+007, 4802, 3040.9, 1360, 1026
205, 20410, 3.0524e+007, 1.44974e+007, 4.50215e+007, 4779, 3033.57, 1360, 1026
206, 20510, 3.01031e+007, 1.4314e+007, 4.44171e+007, 4720, 3032.62, 1360, 1026
207, 20610, 3.0331e+007, 1.44634e+007, 4.47943e+007, 4761, 3037.89, 1360, 1026
208, 20710, 3.03536e+007, 1.44315e+007, 4.47851e+007, 4759, 3032.46, 1360, 1026
209, 20810, 3.01197e+007, 1.43143e+007, 4.44341e+007, 4724, 3030.13, 1360, 1026
210, 20910, 3.02875e+007, 1.43178e+007, 4.46052e+007, 4743, 3018.72, 1360, 1026
211, 21010, 3.01254e+007, 1.43016e+007, 4.4427e+007, 4731, 3022.96, 1360, 1026
212, 21110, 3.00795e+007, 1.4288e+007, 4.43675e+007, 4721, 3026.48, 1360, 1026
213, 21210, 2.99643e+007, 1.41463e+007, 4.41106e+007, 4687, 3018.2, 1360, 1026
214, 21310, 3.01298e+007, 1.42443e+007, 4.43741e+007, 4718, 3019.14, 1360, 1026
215, 21410, 2.98085e+007, 1.40558e+007, 4.38643e+007, 4657, 3018.21, 1360, 1026
216, 21510, 2.98975e+007, 1.41234e+007, 4.40208e+007, 4684, 3015.23, 1360, 1026
217, 21610, 2.98776e+007, 1.4098e+007, 4.39756e+007, 4682, 3011.1, 1360, 1026
218, 21710, 2.99374e+007, 1.41483e+007, 4.40857e+007, 4695, 3013.49, 1360, 1026
219, 21810, 2.98269e+007, 1.40605e+007, 4.38873e+007, 4671, 3010.16, 1360, 1026
220, 21910, 3.00465e+007, 1.42151e+007, 4.42616e+007, 4713, 3016.15, 1360, 1026
221, 22010, 2.99622e+007, 1.4227e+007, 4.41892e+007, 4703, 3025.1, 1360, 1026
222, 22110, 2.96987e+007, 1.4038e+007, 4.37367e+007, 4655, 3015.68, 1360, 1026
223, 22210, 2.9895e+007, 1.40447e+007, 4.39398e+007, 4677, 3002.94, 1360, 1026
224, 22310, 2.9451e+007, 1.39167e+007, 4.33677e+007, 4619, 3012.92, 1360, 1026
225, 22410, 2.95927e+007, 1.39039e+007, 4.34966e+007, 4629, 3003.65, 1360, 1026
226, 22510, 2.92169e+007, 1.36611e+007, 4.2878e+007, 4556, 2998.49, 1360, 1026
227, 22610, 2.95474e+007, 1.39088e+007, 4.34562e+007, 4631, 3003.42, 1360, 1026
228, 22710, 2.93667e+007, 1.38008e+007, 4.31674e+007, 4595, 3003.43, 1360, 1026
229, 22810, 2.9189e+007, 1.36891e+007, 4.28781e+007, 4560, 3002, 1360, 1026
230, 22910, 2.95344e+007, 1.38753e+007, 4.34097e+007, 4626, 2999.41, 1360, 1026
231, 23011, 2.91766e+007, 1.37085e+007, 4.28851e+007, 4568, 3000.98, 1360, 1026
232, 23110, 2.93932e+007, 1.3845e+007, 4.32381e+007, 4607, 3005.2, 1360, 1026
233, 23210, 2.92385e+007, 1.37836e+007, 4.30221e+007, 4587, 3004.93, 1360, 1026
234, 23310, 2.9252e+007, 1.37443e+007, 4.29963e+007, 4582, 2999.63, 1360, 1026
235, 23410, 2.92814e+007, 1.37161e+007, 4.29975e+007, 4584, 2992.17, 1360, 1026
236, 23510, 2.90573e+007, 1.36307e+007, 4.2688e+007, 4548, 2997.08, 1360, 1026
237, 23610, 2.90673e+007, 1.36191e+007, 4.26865e+007, 4546, 2995.85, 1360, 1026
238, 23710, 2.90235e+007, 1.36186e+007, 4.26421e+007, 4550, 2993.09, 1360, 1026
239, 23810, 2.9167e+007, 1.3747e+007, 4.2914e+007, 4582, 3000.22, 1360, 1026
240, 23910, 2.92202e+007, 1.37123e+007, 4.29325e+007, 4576, 2996.56, 1360, 1026
241, 24010, 2.90084e+007, 1.35421e+007, 4.25505e+007, 4528, 2990.74, 1360, 1026
242, 24110, 2.88876e+007, 1.34717e+007, 4.23593e+007, 4520, 2980.47, 1360, 1026
243, 24210, 2.86503e+007, 1.33877e+007, 4.2038e+007, 4479, 2988.99, 1360, 1026
244, 24310, 2.91196e+007, 1.3601e+007, 4.27206e+007, 4563, 2980.72, 1360, 1026
245, 24410, 2.87585e+007, 1.34079e+007, 4.21664e+007, 4490, 2986.16, 1360, 1026
246, 24510, 2.84626e+007, 1.32124e+007, 4.1675e+007, 4435, 2979.12, 1360, 1026
247, 24610, 2.9179e+007, 1.36587e+007, 4.28377e+007, 4580, 2982.25, 1360, 1026
248, 24710, 2.8731e+007, 1.34462e+007, 4.21772e+007, 4500, 2988.04, 1360, 1026
249, 24810, 2.86851e+007, 1.33701e+007, 4.20552e+007, 4490, 2977.75, 1360, 1026
250, 24910, 2.85259e+007, 1.33114e+007, 4.18373e+007, 4462, 2983.29, 1360, 1026
251, 25010, 2.85317e+007, 1.32765e+007, 4.18082e+007, 4459, 2977.46, 1360, 1026
252, 25110, 2.87647e+007, 1.33319e+007, 4.20966e+007, 4487, 2971.22, 1360, 1026
253, 25210, 2.86659e+007, 1.3434e+007, 4.20999e+007, 4501, 2984.68, 1360, 1026
254, 25310, 2.8794e+007, 1.33812e+007, 4.21752e+007, 4506, 2969.63, 1360, 1026
255, 25410, 2.83789e+007, 1.3205e+007, 4.15839e+007, 4431, 2980.14, 1360, 1026
256, 25510, 2.83158e+007, 1.31598e+007, 4.14757e+007, 4420, 2977.34, 1360, 1026
257, 25610, 2.84078e+007, 1.31835e+007, 4.15914e+007, 4447, 2964.59, 1360, 1026
258, 25710, 2.81678e+007, 1.29963e+007, 4.11641e+007, 4383, 2965.16, 1360, 1026
259, 25810, 2.84651e+007, 1.32958e+007, 4.17609e+007, 4464, 2978.44, 1360, 1026
260, 25910, 2.84763e+007, 1.31691e+007, 4.16454e+007, 4439, 2966.68, 1360, 1026
261, 26010, 2.83649e+007, 1.31221e+007, 4.1487e+007, 4425, 2965.45, 1360, 1026
262, 26110, 2.83825e+007, 1.30825e+007, 4.14651e+007, 4427, 2955.17, 1360, 1026
263, 26210, 2.8092e+007, 1.3074e+007, 4.1166e+007, 4395, 2974.74, 1360, 1026
264, 26310, 2.79288e+007, 1.29422e+007, 4.0871e+007, 4359, 2969.07, 1360, 1026
265, 26410, 2.81882e+007, 1.30768e+007, 4.12649e+007, 4405, 2968.63, 1360, 1026
266, 26510, 2.82224e+007, 1.30569e+007, 4.12793e+007, 4409, 2961.42, 1360, 1026
267, 26610, 2.79499e+007, 1.29483e+007, 4.08982e+007, 4363, 2967.75, 1360, 1026
268, 26710, 2.779e+007, 1.28251e+007, 4.06151e+007, 4331, 2961.23, 1360, 1026
269, 26810, 2.81529e+007, 1.30155e+007, 4.11684e+007, 4397, 2960.08, 1360, 1026
270, 26910, 2.79562e+007, 1.2914e+007, 4.08702e+007, 4373, 2953.13, 1360, 1026
271, 27010, 2.78242e+007, 1.28259e+007, 4.06501e+007, 4333, 2960.05, 1360, 1026
272, 27110, 2.78954e+007, 1.29011e+007, 4.07965e+007, 4355, 2962.36, 1360, 1026
273, 27210, 2.76659e+007, 1.2755e+007, 4.04209e+007, 4314, 2956.65, 1360, 1026
274, 27310, 2.78331e+007, 1.27933e+007, 4.06264e+007, 4341, 2947.08, 1360, 1026
275, 27410, 2.76558e+007, 1.27139e+007, 4.03697e+007, 4307, 2951.92, 1360, 1026
276, 27510, 2.77245e+007, 1.28351e+007, 4.05596e+007, 4337, 2959.44, 1360, 1026
277, 27610, 2.76841e+007, 1.27808e+007, 4.04649e+007, 4322, 2957.15, 1360, 1026
278, 27710, 2.73514e+007, 1.26447e+007, 3.99961e+007, 4271, 2960.59, 1360, 1026
279, 27810, 2.73523e+007, 1.2529e+007, 3.98813e+007, 4248, 2949.39, 1360, 1026
280, 27910, 2.73945e+007, 1.25143e+007, 3.99088e+007, 4257, 2939.7, 1360, 1026
281, 28010, 2.75233e+007, 1.26181e+007, 4.01414e+007, 4282, 2946.78, 1360, 1026
282, 28110, 2.74957e+007, 1.26536e+007, 4.01493e+007, 4290, 2949.56, 1360, 1026
283, 28210, 2.73732e+007, 1.26699e+007, 4.00432e+007, 4286, 2956.12, 1360, 1026
284, 28310, 2.72806e+007, 1.25304e+007, 3.9811e+007, 4250, 2948.33, 1360, 1026
285, 28410, 2.71001e+007, 1.24572e+007, 3.95573e+007, 4226, 2947.76, 1360, 1026
286, 28510, 2.7526e+007, 1.26727e+007, 4.01987e+007, 4302, 2945.78, 1360, 1026
287, 28610, 2.71742e+007, 1.24122e+007, 3.95864e+007, 4223, 2939.19, 1360, 1026
288, 28710, 2.72023e+007, 1.24894e+007, 3.96918e+007, 4238, 2947.01, 1360, 1026
289, 28810, 2.70934e+007, 1.24029e+007, 3.94964e+007, 4217, 2941.17, 1360, 1026
290, 28911, 2.6923e+007, 1.23002e+007, 3.92232e+007, 4189, 2936.31, 1360, 1026
291, 29010, 2.71615e+007, 1.25008e+007, 3.96624e+007, 4242, 2946.92, 1360, 1026
292, 29110, 2.70791e+007, 1.24068e+007, 3.94859e+007, 4220, 2940, 1360, 1026
293, 29210, 2.69806e+007, 1.23949e+007, 3.93755e+007, 4213, 2942.05, 1360, 1026
294, 29310, 2.67769e+007, 1.23242e+007, 3.91011e+007, 4177, 2950.49, 1360, 1026
295, 29410, 2.71406e+007, 1.24541e+007, 3.95948e+007, 4237, 2939.38, 1360, 1026
296, 29510, 2.66838e+007, 1.22425e+007, 3.89263e+007, 4159, 2943.62, 1360, 1026
297, 29610, 2.71489e+007, 1.2346e+007, 3.94949e+007, 4222, 2924.2, 1360, 1026
298, 29710, 2.66383e+007, 1.22188e+007, 3.88571e+007, 4148, 2945.72, 1360, 1026
299, 29810, 2.70894e+007, 1.24153e+007, 3.95046e+007, 4229, 2935.74, 1360, 1026
300, 29910, 2.67628e+007, 1.22012e+007, 3.89641e+007, 4157, 2935.1, 1360, 1026
301, 30010, 2.67984e+007, 1.22537e+007, 3.90521e+007, 4181, 2930.81, 1360, 1026
302, 30110, 2.68191e+007, 1.22639e+007, 3.90831e+007, 4181, 2933.26, 1360, 1026
303, 30210, 2.6528e+007, 1.21042e+007, 3.86322e+007, 4131, 2930.1, 1360, 1026
304, 30310, 2.66941e+007, 1.21977e+007, 3.88918e+007, 4157, 2934.26, 1360, 1026
305, 30410, 2.63565e+007, 1.19574e+007, 3.83139e+007, 4098, 2917.86, 1360, 1026
306, 30510, 2.64171e+007, 1.21135e+007, 3.85306e+007, 4125, 2936.6, 1360, 1026
307, 30610, 2.64538e+007, 1.20517e+007, 3.85055e+007, 4117, 2927.3, 1360, 1026
308, 30710, 2.68965e+007, 1.22921e+007, 3.91886e+007, 4198, 2928.09, 1360, 1026
309, 30810, 2.6745e+007, 1.22195e+007, 3.89645e+007, 4167, 2932.44, 1360, 1026
310, 30910, 2.65158e+007, 1.20969e+007, 3.86127e+007, 4135, 2925.49, 1360, 1026
311, 31010, 2.64382e+007, 1.20493e+007, 3.84875e+007, 4117, 2926.71, 1360, 1026
312, 31110, 2.59895e+007, 1.18461e+007, 3.78356e+007, 4039, 2932.93, 1360, 1026
313, 31210, 2.67054e+007, 1.21891e+007, 3.88945e+007, 4168, 2924.44, 1360, 1026
314, 31310, 2.64504e+007, 1.20846e+007, 3.8535e+007, 4128, 2927.46, 1360, 1026
315, 31410, 2.61827e+007, 1.19185e+007, 3.81012e+007, 4071, 2927.66, 1360, 1026
316, 31510, 2.60777e+007, 1.18524e+007, 3.79301e+007, 4056, 2922.18, 1360, 1026
317, 31610, 2.61017e+007, 1.19463e+007, 3.80481e+007, 4071, 2934.49, 1360, 1026
318, 31710, 2.6629e+007, 1.21139e+007, 3.87429e+007, 4155, 2915.49, 1360, 1026
319, 31810, 2.60244e+007, 1.18797e+007, 3.7904e+007, 4060, 2926.02, 1360, 1026
320, 31910, 2.60376e+007, 1.17453e+007, 3.77829e+007, 4035, 2910.84, 1360, 1026
321, 32010, 2.60653e+007, 1.18621e+007, 3.79274e+007, 4061, 2920.98, 1360, 1026
322, 32110, 2.60768e+007, 1.18797e+007, 3.79565e+007, 4074, 2915.99, 1360, 1026
323, 32210, 2.5791e+007, 1.17095e+007, 3.75005e+007, 4010, 2920.07, 1360, 1026
324, 32310, 2.59359e+007, 1.17912e+007, 3.7727e+007, 4031, 2925.12, 1360, 1026
325, 32410, 2.5962e+007, 1.17803e+007, 3.77423e+007, 4039, 2916.64, 1360, 1026
326, 32510, 2.59223e+007, 1.17703e+007, 3.76926e+007, 4027, 2922.85, 1360, 1026
327, 32610, 2.59488e+007, 1.17644e+007, 3.77132e+007, 4036, 2914.86, 1360, 1026
328, 32710, 2.58292e+007, 1.17049e+007, 3.75341e+007, 4009, 2919.65, 1360, 1026
329, 32810, 2.59652e+007, 1.17811e+007, 3.77463e+007, 4047, 2911.07, 1360, 1026
330, 32910, 2.5949e+007, 1.17783e+007, 3.77274e+007, 4042, 2913.99, 1360, 1026
331, 33010, 2.57802e+007, 1.17466e+007, 3.75268e+007, 4028, 2916.23, 1360, 1026
332, 33111, 2.54205e+007, 1.14457e+007, 3.68662e+007, 3939, 2905.73, 1360, 1026
333, 33210, 2.56723e+007, 1.16811e+007, 3.73533e+007, 4005, 2916.62, 1360, 1026
334, 33311, 2.58905e+007, 1.17233e+007, 3.76138e+007, 4028, 2910.45, 1360, 1026
335, 33411, 2.57608e+007, 1.17054e+007, 3.74662e+007, 4017, 2913.97, 1360, 1026
336, 33510, 2.57916e+007, 1.16924e+007, 3.7484e+007, 4024, 2905.67, 1360, 1026
337, 33610, 2.53343e+007, 1.14507e+007, 3.67851e+007, 3934, 2910.71, 1360, 1026
338, 33710, 2.53117e+007, 1.15054e+007, 3.68172e+007, 3942, 2918.68, 1360, 1026
339, 33810, 2.52632e+007, 1.14186e+007, 3.66818e+007, 3919, 2913.64, 1360, 1026
340, 33910, 2.53831e+007, 1.14798e+007, 3.68629e+007, 3949, 2907.01, 1360, 1026
341, 34010, 2.52501e+007, 1.14568e+007, 3.6707e+007, 3928, 2916.71, 1360, 1026
342, 34110, 2.51933e+007, 1.1385e+007, 3.65783e+007, 3911, 2911.02, 1360, 1026
343, 34211, 2.54566e+007, 1.1468e+007, 3.69246e+007, 3951, 2902.57, 1360, 1026
344, 34310, 2.50906e+007, 1.13472e+007, 3.64378e+007, 3903, 2907.3, 1360, 1026
345, 34410, 2.50302e+007, 1.12688e+007, 3.62991e+007, 3881, 2903.59, 1360, 1026
346, 34510, 2.53096e+007, 1.14261e+007, 3.67357e+007, 3931, 2906.66, 1360, 1026
347, 34610, 2.52432e+007, 1.14566e+007, 3.66997e+007, 3942, 2906.28, 1360, 1026
348, 34710, 2.52427e+007, 1.1432e+007, 3.66747e+007, 3935, 2905.21, 1360, 1026
349, 34810, 2.51666e+007, 1.14002e+007, 3.65668e+007, 3920, 2908.21, 1360, 1026
350, 34910, 2.5425e+007, 1.14775e+007, 3.69025e+007, 3953, 2903.49, 1360, 1026
351, 35010, 2.53557e+007, 1.1467e+007, 3.68227e+007, 3953, 2900.83, 1360, 1026
352, 35110, 2.47301e+007, 1.11205e+007, 3.58506e+007, 3841, 2895.21, 1360, 1026
353, 35210, 2.47529e+007, 1.11295e+007, 3.58824e+007, 3842, 2896.79, 1360, 1026
354, 35310, 2.50991e+007, 1.13108e+007, 3.64099e+007, 3898, 2901.69, 1360, 1026
355, 35410, 2.47939e+007, 1.11539e+007, 3.59477e+007, 3850, 2897.11, 1360, 1026
356, 35510, 2.53995e+007, 1.14554e+007, 3.68549e+007, 3960, 2892.78, 1360, 1026
357, 35610, 2.49256e+007, 1.11738e+007, 3.60994e+007, 3866, 2890.27, 1360, 1026
358, 35710, 2.52181e+007, 1.14031e+007, 3.66211e+007, 3934, 2898.6, 1360, 1026
359, 35810, 2.48725e+007, 1.11899e+007, 3.60624e+007, 3872, 2889.96, 1360, 1026
360, 35910, 2.47534e+007, 1.10754e+007, 3.58287e+007, 3836, 2887.22, 1360, 1026
361, 36010, 2.49641e+007, 1.12662e+007, 3.62303e+007, 3889, 2896.95, 1360, 1026
362, 36110, 2.49813e+007, 1.12584e+007, 3.62397e+007, 3890, 2894.2, 1360, 1026
363, 36210, 2.48905e+007, 1.11631e+007, 3.60536e+007, 3862, 2890.51, 1360, 1026
364, 36310, 2.48009e+007, 1.11656e+007, 3.59665e+007, 3854, 2897.15, 1360, 1026
365, 36410, 2.46018e+007, 1.10984e+007, 3.57002e+007, 3826, 2900.79, 1360, 1026
366, 36510, 2.46461e+007, 1.10956e+007, 3.57418e+007, 3838, 2891, 1360, 1026
367, 36610, 2.48545e+007, 1.12044e+007, 3.60589e+007, 3875, 2891.46, 1360, 1026
368, 36710, 2.44753e+007, 1.09972e+007, 3.54724e+007, 3798, 2895.51, 1360, 1026
369, 36810, 2.45479e+007, 1.09656e+007, 3.55134e+007, 3802, 2884.16, 1360, 1026
370, 36910, 2.42839e+007, 1.09169e+007, 3.52008e+007, 3775, 2891.9, 1360, 1026
371, 37010, 2.47006e+007, 1.10876e+007, 3.57883e+007, 3832, 2893.43, 1360, 1026
372, 37110, 2.45479e+007, 1.1018e+007, 3.5566e+007, 3809, 2892.63, 1360, 1026
373, 37210, 2.45346e+007, 1.10045e+007, 3.55391e+007, 3809, 2889.07, 1360, 1026
374, 37310, 2.44084e+007, 1.09346e+007, 3.5343e+007, 3779, 2893.51, 1360, 1026
375, 37410, 2.43993e+007, 1.09122e+007, 3.53115e+007, 3781, 2886.06, 1360, 1026
376, 37510, 2.43672e+007, 1.08975e+007, 3.52647e+007, 3780, 2882.93, 1360, 1026
377, 37610, 2.45782e+007, 1.10614e+007, 3.56396e+007, 3818, 2897.18, 1360, 1026
378, 37710, 2.43873e+007, 1.09394e+007, 3.53267e+007, 3779, 2894.78, 1360, 1026
379, 37810, 2.46198e+007, 1.10517e+007, 3.56714e+007, 3825, 2889.33, 1360, 1026
380, 37910, 2.46637e+007, 1.10279e+007, 3.56916e+007, 3828, 2880.86, 1360, 1026
381, 38010, 2.41829e+007, 1.07807e+007, 3.49637e+007, 3741, 2881.78, 1360, 1026
382, 38110, 2.4444e+007, 1.09646e+007, 3.54086e+007, 3795, 2889.23, 1360, 1026
383, 38210, 2.421e+007, 1.08252e+007, 3.50353e+007, 3752, 2885.19, 1360, 1026
384, 38310, 2.41894e+007, 1.08107e+007, 3.5e+007, 3746, 2885.92, 1360, 1026
385, 38410, 2.42769e+007, 1.08843e+007, 3.51613e+007, 3776, 2882.5, 1360, 1026
386, 38510, 2.41278e+007, 1.07469e+007, 3.48747e+007, 3731, 2880.44, 1360, 1026
387, 38611, 2.41655e+007, 1.07732e+007, 3.49386e+007, 3741, 2879.76, 1360, 1026
388, 38710, 2.40221e+007, 1.07151e+007, 3.47372e+007, 3716, 2883.5, 1360, 1026
389, 38810, 2.39629e+007, 1.07394e+007, 3.47023e+007, 3714, 2891.61, 1360, 1026
390, 38910, 2.42373e+007, 1.08408e+007, 3.50781e+007, 3758, 2884.73, 1360, 1026
391, 39010, 2.41129e+007, 1.07893e+007, 3.49022e+007, 3740, 2884.85, 1360, 1026
392, 39110, 2.3855e+007, 1.06382e+007, 3.44932e+007, 3698, 2876.73, 1360, 1026
393, 39210, 2.39549e+007, 1.07262e+007, 3.46811e+007, 3722, 2881.83, 1360, 1026
394, 39310, 2.38367e+007, 1.06865e+007, 3.45232e+007, 3701, 2887.45, 1360, 1026
395, 39410, 2.409e+007, 1.07526e+007, 3.48426e+007, 3730, 2882.73, 1360, 1026
396, 39510, 2.39375e+007, 1.06221e+007, 3.45596e+007, 3700, 2870.85, 1360, 1026
397, 39610, 2.40235e+007, 1.07068e+007, 3.47303e+007, 3721, 2877.41, 1360, 1026
398, 39710, 2.36233e+007, 1.05177e+007, 3.4141e+007, 3653, 2879.19, 1360, 1026
399, 39810, 2.395e+007, 1.07148e+007, 3.46648e+007, 3720, 2880.32, 1360, 1026
400, 39910, 2.39291e+007, 1.07435e+007, 3.46726e+007, 3717, 2890.37, 1360, 1026