2, 500, 2.46185e+007, 1.24085e+007, 3.7027e+007, 2311, 5369.32, 1279, 606
3, 1000, 2.42409e+007, 1.20568e+007, 3.62977e+007, 2260, 5334.88, 1279, 606
4, 1500, 2.3947e+007, 1.18924e+007, 3.58394e+007, 2242, 5304.37, 1279, 606
5, 2000, 2.36049e+007, 1.17835e+007, 3.53884e+007, 2229, 5286.46, 1279, 606
6, 2500, 2.31519e+007, 1.14472e+007, 3.45992e+007, 2182, 5246.22, 1280, 606
7, 3000, 2.25854e+007, 1.11771e+007, 3.37625e+007, 2137, 5230.28, 1279, 606
8, 3500, 2.24204e+007, 1.10296e+007, 3.34501e+007, 2121, 5200.2, 1279, 606
9, 4001, 2.22504e+007, 1.10204e+007, 3.32707e+007, 2119, 5200.74, 1279, 605
10, 4500, 2.17657e+007, 1.07071e+007, 3.24728e+007, 2073, 5165.05, 1279, 606
11, 5000, 2.17389e+007, 1.06558e+007, 3.23947e+007, 2069, 5150.2, 1279, 605
12, 5501, 2.1846e+007, 1.06609e+007, 3.25069e+007, 2086, 5110.68, 1280, 606
13, 6001, 2.12123e+007, 1.03548e+007, 3.15671e+007, 2037, 5083.35, 1281, 606
14, 6500, 2.09915e+007, 1.02331e+007, 3.12246e+007, 2018, 5070.91, 1281, 605
15, 7000, 2.06874e+007, 1.00117e+007, 3.06991e+007, 1985, 5043.66, 1281, 606
16, 7500, 2.03132e+007, 9.84069e+006, 3.01539e+007, 1951, 5043.92, 1281, 605
17, 8000, 2.01276e+007, 9.7042e+006, 2.98318e+007, 1932, 5022.88, 1281, 605
18, 8500, 2.03747e+007, 9.77663e+006, 3.01513e+007, 1950, 5013.65, 1280, 605
19, 9000, 2.01439e+007, 9.6825e+006, 2.98264e+007, 1938, 4996.13, 1281, 604
20, 9501, 2.0043e+007, 9.56469e+006, 2.96077e+007, 1923, 4973.84, 1281, 605
21, 10001, 2.09845e+007, 9.90977e+006, 3.08943e+007, 2000, 4954.89, 1282, 604
22, 10501, 3.03212e+007, 1.25165e+007, 4.28377e+007, 2532, 4943.31, 1283, 605
23, 11001, 3.75113e+007, 1.41322e+007, 5.16434e+007, 2866, 4930.97, 1283, 606
24, 11501, 3.98522e+007, 1.44614e+007, 5.43136e+007, 2944, 4912.16, 1283, 607
25, 12001, 4.09666e+007, 1.4564e+007, 5.55307e+007, 2986, 4877.44, 1282, 608
26, 12501, 4.12728e+007, 1.46549e+007, 5.59278e+007, 3005, 4876.85, 1282, 608
27, 13001, 3.99285e+007, 1.41043e+007, 5.40328e+007, 2911, 4845.19, 1282, 609
28, 13501, 3.82262e+007, 1.37849e+007, 5.20111e+007, 2855, 4828.35, 1281, 610
29, 14001, 3.61462e+007, 1.32856e+007, 4.94318e+007, 2767, 4801.43, 1281, 611
30, 14501, 3.40707e+007, 1.27266e+007, 4.67973e+007, 2666, 4773.68, 1280, 613
31, 15001, 3.21268e+007, 1.22243e+007, 4.43511e+007, 2572, 4752.85, 1280, 614
32, 15501, 3.04179e+007, 1.16915e+007, 4.21094e+007, 2478, 4718.11, 1279, 615
33, 16001, 2.8479e+007, 1.10814e+007, 3.95605e+007, 2353, 4709.49, 1278, 616
34, 16501, 2.68387e+007, 1.07338e+007, 3.75725e+007, 2287, 4693.39, 1278, 617
35, 17001, 2.51945e+007, 1.02764e+007, 3.54709e+007, 2199, 4673.2, 1277, 618
36, 17501, 2.31524e+007, 9.52756e+006, 3.268e+007, 2051, 4645.32, 1277, 619
37, 18001, 2.16741e+007, 9.1362e+006, 3.08103e+007, 1976, 4623.58, 1276, 620
38, 18501, 1.96599e+007, 8.38557e+006, 2.80455e+007, 1818, 4612.53, 1276, 621
39, 19001, 1.86284e+007, 8.05465e+006, 2.6683e+007, 1749, 4605.29, 1275, 622
40, 19501, 1.72428e+007, 7.58182e+006, 2.48247e+007, 1650, 4595.04, 1274, 623
41, 20000, 1.58975e+007, 7.01291e+006, 2.29104e+007, 1535, 4568.67, 1274, 624
42, 20500, 1.50147e+007, 6.68898e+006, 2.17037e+007, 1466, 4562.74, 1274, 624
43, 21001, 1.41573e+007, 6.37857e+006, 2.05358e+007, 1404, 4543.14, 1274, 626
44, 21500, 1.33998e+007, 6.06894e+006, 1.94688e+007, 1336, 4542.62, 1273, 627
45, 22001, 1.21383e+007, 5.52921e+006, 1.76675e+007, 1219, 4535.85, 1273, 628
46, 22501, 1.14841e+007, 5.27291e+006, 1.6757e+007, 1160, 4545.61, 1271, 628
47, 23001, 1.08215e+007, 4.94913e+006, 1.57706e+007, 1096, 4515.63, 1272, 629
48, 23501, 1.0263e+007, 4.71994e+006, 1.49829e+007, 1048, 4503.76, 1272, 629
49, 24001, 9.43216e+006, 4.37437e+006, 1.38065e+007, 973, 4495.75, 1272, 630
50, 24501, 9.6062e+006, 4.47588e+006, 1.40821e+007, 997, 4489.35, 1271, 631
51, 25001, 8.70105e+006, 4.0521e+006, 1.27532e+007, 905, 4477.46, 1272, 631
52, 25501, 8.02533e+006, 3.70457e+006, 1.17299e+007, 830, 4463.34, 1271, 632
53, 26001, 7.62209e+006, 3.53061e+006, 1.11527e+007, 794, 4446.61, 1272, 633
54, 26501, 7.29512e+006, 3.37684e+006, 1.0672e+007, 762, 4431.55, 1272, 634
55, 27001, 6.6711e+006, 3.15938e+006, 9.83048e+006, 706, 4475.04, 1269, 633
56, 27501, 6.57452e+006, 3.09117e+006, 9.66569e+006, 697, 4434.96, 1271, 634
57, 28001, 6.05565e+006, 2.8216e+006, 8.87725e+006, 641, 4401.88, 1272, 635
58, 28501, 5.52911e+006, 2.54578e+006, 8.07489e+006, 582, 4374.19, 1273, 636
59, 29001, 5.21733e+006, 2.42446e+006, 7.6418e+006, 553, 4384.2, 1273, 636
60, 29501, 5.01309e+006, 2.32545e+006, 7.33854e+006, 532, 4371.15, 1272, 637
61, 30001, 4.51471e+006, 2.09374e+006, 6.60845e+006, 479, 4371.06, 1270, 637
62, 30501, 1.15956e+007, 5.01992e+006, 1.66155e+007, 1151, 4361.35, 1274, 637
63, 31001, 2.26689e+007, 8.53616e+006, 3.12051e+007, 1969, 4335.28, 1277, 637
64, 31501, 2.63522e+007, 9.37514e+006, 3.57274e+007, 2168, 4324.33, 1277, 637
65, 32001, 2.79648e+007, 9.83379e+006, 3.77986e+007, 2274, 4324.44, 1278, 636
66, 32501, 2.84073e+007, 9.98806e+006, 3.83954e+007, 2314, 4316.36, 1278, 636
67, 33001, 2.81458e+007, 9.84048e+006, 3.79863e+007, 2292, 4293.41, 1279, 636
68, 33501, 2.79809e+007, 9.78468e+006, 3.77655e+007, 2274, 4302.85, 1279, 635
69, 34001, 2.79375e+007, 9.78767e+006, 3.77252e+007, 2275, 4302.27, 1280, 634
70, 34501, 2.73642e+007, 9.61493e+006, 3.69791e+007, 2240, 4292.38, 1280, 634
71, 35001, 2.69856e+007, 9.50654e+006, 3.64921e+007, 2215, 4291.89, 1280, 633
72, 35501, 2.62853e+007, 9.2756e+006, 3.55609e+007, 2170, 4274.47, 1280, 633
73, 36001, 2.59846e+007, 9.15652e+006, 3.51411e+007, 2140, 4278.75, 1280, 632
74, 36501, 2.62174e+007, 9.15339e+006, 3.53707e+007, 2152, 4253.43, 1281, 632
75, 37001, 2.63094e+007, 9.23612e+006, 3.55455e+007, 2169, 4258.24, 1281, 631
76, 37501, 2.59749e+007, 9.19231e+006, 3.51672e+007, 2163, 4249.8, 1282, 630
77, 38001, 2.51653e+007, 8.94135e+006, 3.41066e+007, 2101, 4255.76, 1282, 629
78, 38501, 2.50097e+007, 8.88033e+006, 3.389e+007, 2092, 4244.9, 1282, 629
79, 39001, 2.50291e+007, 8.8478e+006, 3.38769e+007, 2091, 4231.37, 1282, 629
80, 39501, 2.53809e+007, 8.99006e+006, 3.4371e+007, 2126, 4228.63, 1283, 628
81, 40001, 2.50461e+007, 8.89247e+006, 3.39386e+007, 2099, 4236.53, 1282, 627
82, 40502, 2.48765e+007, 8.83861e+006, 3.37151e+007, 2092, 4224.96, 1283, 627
83, 41001, 2.4677e+007, 8.67757e+006, 3.33546e+007, 2062, 4208.33, 1283, 627
84, 41501, 2.40159e+007, 8.52683e+006, 3.25428e+007, 2022, 4217.03, 1283, 626
85, 42001, 2.37297e+007, 8.41109e+006, 3.21408e+007, 1993, 4220.32, 1283, 625
86, 42501, 2.36963e+007, 8.47407e+006, 3.21704e+007, 2014, 4207.58, 1283, 625
87, 43001, 2.33937e+007, 8.32283e+006, 3.17165e+007, 1978, 4207.7, 1284, 624
88, 43501, 2.30822e+007, 8.26741e+006, 3.13496e+007, 1966, 4205.19, 1283, 624
89, 44001, 2.26144e+007, 8.14496e+006, 3.07594e+007, 1935, 4209.28, 1283, 623
90, 44501, 2.23414e+007, 8.06674e+006, 3.04081e+007, 1917, 4208, 1284, 623
91, 45001, 2.22046e+007, 7.95739e+006, 3.0162e+007, 1901, 4185.89, 1284, 623
92, 45501, 2.15775e+007, 7.774e+006, 2.93515e+007, 1855, 4190.84, 1284, 622
93, 46001, 2.13774e+007, 7.75684e+006, 2.91342e+007, 1847, 4199.69, 1284, 621
94, 46501, 2.13377e+007, 7.70787e+006, 2.90456e+007, 1846, 4175.45, 1285, 621
95, 47001, 2.09675e+007, 7.61408e+006, 2.85816e+007, 1820, 4183.56, 1285, 621
96, 47501, 2.0644e+007, 7.58078e+006, 2.82248e+007, 1806, 4197.55, 1284, 620
97, 48001, 2.01967e+007, 7.37235e+006, 2.75691e+007, 1768, 4169.88, 1285, 620
98, 48501, 2.00784e+007, 7.40673e+006, 2.74852e+007, 1769, 4186.96, 1285, 619
99, 49001, 1.98831e+007, 7.27913e+006, 2.71622e+007, 1750, 4159.5, 1285, 619
100, 49501, 2.00555e+007, 7.34571e+006, 2.74012e+007, 1771, 4147.77, 1286, 619
101, 50001, 1.93138e+007, 7.15796e+006, 2.64718e+007, 1713, 4178.61, 1285, 618
102, 50501, 1.89505e+007, 7.02017e+006, 2.59707e+007, 1683, 4171.22, 1286, 617
103, 51001, 1.87856e+007, 6.98656e+006, 2.57721e+007, 1674, 4173.57, 1285, 617
104, 51501, 1.86031e+007, 6.92188e+006, 2.5525e+007, 1663, 4162.29, 1285, 616
105, 52001, 1.82405e+007, 6.80322e+006, 2.50438e+007, 1634, 4163.54, 1286, 616
106, 52501, 1.76307e+007, 6.67249e+006, 2.43032e+007, 1599, 4172.91, 1284, 614
107, 53001, 1.7328e+007, 6.51505e+006, 2.38431e+007, 1568, 4155.01, 1286, 615
108, 53501, 1.71522e+007, 6.45105e+006, 2.36032e+007, 1559, 4137.94, 1287, 615
109, 54001, 1.68201e+007, 6.37719e+006, 2.31973e+007, 1538, 4146.42, 1287, 615
110, 54501, 1.60353e+007, 6.09804e+006, 2.21333e+007, 1474, 4137.07, 1287, 615
111, 55001, 1.59888e+007, 6.10315e+006, 2.20919e+007, 1471, 4148.98, 1286, 614
112, 55501, 1.57441e+007, 6.03802e+006, 2.17821e+007, 1453, 4155.55, 1286, 613
113, 56001, 1.56884e+007, 6.01059e+006, 2.1699e+007, 1450, 4145.24, 1286, 613
114, 56501, 1.55791e+007, 5.95202e+006, 2.15311e+007, 1433, 4153.54, 1287, 612
115, 57001, 1.57763e+007, 6.01386e+006, 2.17901e+007, 1453, 4138.93, 1287, 612
116, 57501, 1.52007e+007, 5.87554e+006, 2.10762e+007, 1417, 4146.46, 1287, 612
117, 58001, 1.53111e+007, 5.92618e+006, 2.12372e+007, 1430, 4144.18, 1287, 612
118, 58501, 1.47773e+007, 5.70686e+006, 2.04842e+007, 1380, 4135.41, 1288, 612
119, 59001, 1.42314e+007, 5.50095e+006, 1.97324e+007, 1327, 4145.41, 1287, 611
120, 59501, 1.37774e+007, 5.37184e+006, 1.91493e+007, 1297, 4141.75, 1287, 611