2, 500, 2.08055e+007, 8.42776e+006, 2.92333e+007, 2381, 3539.59, 1378, 652
3, 1000, 2.06104e+007, 8.34185e+006, 2.89522e+007, 2373, 3515.32, 1378, 652
4, 1500, 2.06137e+007, 8.2715e+006, 2.88852e+007, 2360, 3504.87, 1378, 652
5, 2000, 2.0593e+007, 8.19094e+006, 2.8784e+007, 2351, 3484.02, 1378, 652
6, 2500, 2.03453e+007, 8.13969e+006, 2.8485e+007, 2349, 3465.17, 1378, 652
7, 3000, 2.02206e+007, 8.0029e+006, 2.82235e+007, 2325, 3442.11, 1379, 652
8, 3500, 2.03274e+007, 8.01969e+006, 2.83471e+007, 2331, 3440.45, 1379, 651
9, 4000, 1.99455e+007, 7.93012e+006, 2.78756e+007, 2306, 3438.91, 1379, 651
10, 4505, 1.97686e+007, 7.90877e+006, 2.76774e+007, 2305, 3431.14, 1379, 651
11, 5005, 1.95314e+007, 7.81341e+006, 2.73448e+007, 2281, 3425.43, 1379, 651
12, 5505, 1.95341e+007, 7.71532e+006, 2.72494e+007, 2275, 3391.35, 1379, 651
13, 6005, 1.92815e+007, 7.6652e+006, 2.69467e+007, 2261, 3390.18, 1379, 651
14, 6505, 1.92015e+007, 7.58191e+006, 2.67835e+007, 2252, 3366.75, 1379, 651
15, 7005, 1.91038e+007, 7.61499e+006, 2.67188e+007, 2249, 3385.94, 1379, 651
16, 7505, 1.90352e+007, 7.55311e+006, 2.65883e+007, 2242, 3368.92, 1379, 651
17, 8005, 1.89113e+007, 7.47607e+006, 2.63873e+007, 2232, 3349.49, 1379, 651
18, 8505, 1.87359e+007, 7.36991e+006, 2.61058e+007, 2195, 3357.59, 1379, 651
19, 9005, 1.86765e+007, 7.36065e+006, 2.60371e+007, 2196, 3351.84, 1379, 650
20, 9506, 1.86345e+007, 7.261e+006, 2.58955e+007, 2186, 3321.59, 1380, 650
21, 10006, 1.85484e+007, 7.24497e+006, 2.57933e+007, 2183, 3318.81, 1380, 650
22, 10506, 1.79406e+007, 7.05367e+006, 2.49943e+007, 2136, 3302.28, 1380, 650
23, 11006, 1.70182e+007, 6.83671e+006, 2.38549e+007, 2070, 3302.76, 1379, 651
24, 11506, 1.61342e+007, 6.58177e+006, 2.27159e+007, 2001, 3289.24, 1379, 651
25, 12006, 1.48792e+007, 6.22097e+006, 2.11002e+007, 1894, 3284.57, 1379, 651
26, 12506, 1.37791e+007, 5.94612e+006, 1.97253e+007, 1801, 3301.57, 1379, 651
27, 13006, 1.29611e+007, 5.71758e+006, 1.86787e+007, 1744, 3278.43, 1378, 651
28, 13506, 1.21705e+007, 5.46941e+006, 1.76399e+007, 1669, 3277.06, 1378, 652
29, 14006, 1.14949e+007, 5.26442e+006, 1.67593e+007, 1605, 3280.01, 1377, 652
30, 14504, 1.08909e+007, 5.07217e+006, 1.59631e+007, 1550, 3272.37, 1377, 652
31, 15004, 1.05355e+007, 4.90328e+006, 1.54387e+007, 1505, 3257.99, 1377, 653
32, 15504, 9.96447e+006, 4.7083e+006, 1.46728e+007, 1440, 3269.65, 1377, 652
33, 16004, 9.72263e+006, 4.63738e+006, 1.436e+007, 1434, 3233.88, 1377, 652
34, 16504, 9.48557e+006, 4.52159e+006, 1.40072e+007, 1408, 3211.36, 1377, 653
35, 17004, 8.7811e+006, 4.27997e+006, 1.30611e+007, 1326, 3227.73, 1378, 652
36, 17504, 8.70937e+006, 4.20234e+006, 1.29117e+007, 1310, 3207.89, 1377, 653
37, 18004, 8.4156e+006, 4.15587e+006, 1.25715e+007, 1290, 3221.6, 1377, 652
38, 18504, 8.0188e+006, 3.97792e+006, 1.19967e+007, 1242, 3202.84, 1377, 653
39, 19004, 7.65353e+006, 3.83498e+006, 1.14885e+007, 1201, 3193.15, 1377, 653
40, 19504, 7.40032e+006, 3.72508e+006, 1.11254e+007, 1167, 3192.01, 1377, 653
41, 20004, 7.2758e+006, 3.6901e+006, 1.09659e+007, 1158, 3186.62, 1377, 653
42, 20504, 7.19246e+006, 3.62664e+006, 1.08191e+007, 1135, 3195.28, 1377, 653
43, 21004, 7.12593e+006, 3.55872e+006, 1.06847e+007, 1125, 3163.31, 1376, 653
44, 21504, 6.83864e+006, 3.47785e+006, 1.03165e+007, 1093, 3181.93, 1376, 653
45, 22004, 6.5182e+006, 3.29596e+006, 9.81416e+006, 1046, 3151.01, 1377, 653
46, 22504, 6.45131e+006, 3.27946e+006, 9.73077e+006, 1036, 3165.5, 1376, 653
47, 23005, 6.36336e+006, 3.24273e+006, 9.60609e+006, 1028, 3154.4, 1376, 653
48, 23505, 6.30648e+006, 3.1966e+006, 9.50309e+006, 1016, 3146.26, 1376, 653
49, 24005, 6.36213e+006, 3.23909e+006, 9.60122e+006, 1034, 3132.58, 1376, 654
50, 24505, 6.41287e+006, 3.25376e+006, 9.66663e+006, 1038, 3134.65, 1376, 654
51, 25005, 6.35802e+006, 3.21904e+006, 9.57706e+006, 1025, 3140.53, 1376, 654
52, 25505, 6.00387e+006, 3.0355e+006, 9.03937e+006, 968, 3135.85, 1376, 654
53, 26005, 5.84522e+006, 2.96799e+006, 8.81321e+006, 953, 3114.36, 1376, 654
54, 26505, 6.03595e+006, 3.08476e+006, 9.12071e+006, 984, 3134.92, 1376, 654
55, 27005, 5.99677e+006, 3.05932e+006, 9.05609e+006, 981, 3118.57, 1375, 654
56, 27505, 5.7649e+006, 2.96652e+006, 8.73142e+006, 952, 3116.09, 1375, 654
57, 28005, 5.85556e+006, 2.97657e+006, 8.83213e+006, 957, 3110.31, 1376, 654
58, 28505, 6.33861e+006, 3.20458e+006, 9.54318e+006, 1033, 3102.2, 1376, 654
59, 29005, 6.21096e+006, 3.11356e+006, 9.32452e+006, 1009, 3085.79, 1375, 654
60, 29505, 5.90387e+006, 2.97877e+006, 8.88264e+006, 961, 3099.66, 1375, 654
61, 30005, 5.67612e+006, 2.84093e+006, 8.51705e+006, 925, 3071.27, 1375, 654
62, 30505, 1.03947e+007, 4.58627e+006, 1.49809e+007, 1486, 3086.32, 1375, 654
63, 31005, 1.40362e+007, 5.48884e+006, 1.95251e+007, 1790, 3066.39, 1375, 654
64, 31505, 1.49674e+007, 5.70409e+006, 2.06715e+007, 1858, 3070.02, 1376, 654
65, 32005, 1.48824e+007, 5.71533e+006, 2.05978e+007, 1856, 3079.38, 1376, 653
66, 32505, 1.49697e+007, 5.77778e+006, 2.07475e+007, 1871, 3088.07, 1376, 653
67, 33005, 1.46532e+007, 5.67399e+006, 2.03272e+007, 1840, 3083.69, 1377, 652
68, 33505, 1.40851e+007, 5.40903e+006, 1.94942e+007, 1772, 3052.5, 1377, 653
69, 34005, 1.33497e+007, 5.28225e+006, 1.86319e+007, 1713, 3083.62, 1377, 652
70, 34505, 1.29309e+007, 5.16645e+006, 1.80973e+007, 1687, 3062.51, 1377, 652
71, 35005, 1.26686e+007, 5.0131e+006, 1.76817e+007, 1637, 3062.37, 1377, 652
72, 35505, 1.25664e+007, 5.06343e+006, 1.76298e+007, 1650, 3068.75, 1377, 652
73, 36005, 1.23709e+007, 5.02194e+006, 1.73928e+007, 1633, 3075.29, 1377, 652
74, 36505, 1.24459e+007, 5.05662e+006, 1.75026e+007, 1661, 3044.32, 1377, 652
75, 37005, 1.22408e+007, 4.98017e+006, 1.7221e+007, 1638, 3040.4, 1378, 651
76, 37505, 1.22292e+007, 4.95776e+006, 1.7187e+007, 1627, 3047.18, 1377, 651
77, 38005, 1.21771e+007, 4.9825e+006, 1.71596e+007, 1627, 3062.38, 1377, 651
78, 38505, 1.21185e+007, 4.99424e+006, 1.71127e+007, 1632, 3060.2, 1377, 651
79, 39005, 1.20228e+007, 4.906e+006, 1.69288e+007, 1614, 3039.65, 1378, 651
80, 39505, 1.18824e+007, 4.78957e+006, 1.6672e+007, 1588, 3016.1, 1378, 651
81, 40005, 1.207e+007, 4.90762e+006, 1.69776e+007, 1613, 3042.54, 1378, 651
82, 40505, 1.19284e+007, 4.81416e+006, 1.67426e+007, 1592, 3023.97, 1378, 651
83, 41005, 1.1742e+007, 4.78061e+006, 1.65226e+007, 1582, 3021.88, 1378, 651
84, 41505, 1.19079e+007, 4.8594e+006, 1.67673e+007, 1609, 3020.14, 1378, 651
85, 42005, 1.18496e+007, 4.82788e+006, 1.66775e+007, 1591, 3034.49, 1378, 650
86, 42505, 1.17251e+007, 4.76791e+006, 1.6493e+007, 1578, 3021.49, 1379, 650
87, 43005, 1.1748e+007, 4.74124e+006, 1.64893e+007, 1580, 3000.79, 1379, 650
88, 43505, 1.15708e+007, 4.66247e+006, 1.62332e+007, 1540, 3027.58, 1379, 650
89, 44005, 1.15091e+007, 4.62235e+006, 1.61315e+007, 1542, 2997.63, 1379, 650
90, 44505, 1.17479e+007, 4.69394e+006, 1.64419e+007, 1568, 2993.58, 1379, 650
91, 45005, 1.15785e+007, 4.64828e+006, 1.62268e+007, 1554, 2991.17, 1379, 650
92, 45505, 1.1483e+007, 4.59271e+006, 1.60757e+007, 1541, 2980.34, 1379, 650
93, 46005, 1.14532e+007, 4.61556e+006, 1.60688e+007, 1548, 2981.63, 1379, 650
94, 46505, 1.13763e+007, 4.55449e+006, 1.59308e+007, 1523, 2990.47, 1379, 650
95, 47005, 1.11872e+007, 4.46778e+006, 1.5655e+007, 1505, 2968.63, 1379, 649
96, 47505, 1.11466e+007, 4.46565e+006, 1.56122e+007, 1505, 2967.21, 1380, 649
97, 48005, 1.09789e+007, 4.421e+006, 1.53999e+007, 1492, 2963.13, 1380, 649
98, 48505, 1.08494e+007, 4.4248e+006, 1.52742e+007, 1485, 2979.66, 1379, 649
99, 49005, 1.06998e+007, 4.33329e+006, 1.50331e+007, 1453, 2982.3, 1380, 649
100, 49505, 1.04753e+007, 4.2336e+006, 1.47089e+007, 1427, 2966.78, 1380, 649
101, 50005, 1.06213e+007, 4.32184e+006, 1.49431e+007, 1453, 2974.42, 1379, 649
102, 50505, 1.06083e+007, 4.29087e+006, 1.48992e+007, 1451, 2957.18, 1380, 649
103, 51005, 1.0626e+007, 4.3419e+006, 1.49679e+007, 1458, 2977.99, 1379, 649
104, 51505, 1.05518e+007, 4.2579e+006, 1.48097e+007, 1439, 2958.93, 1379, 649
105, 52005, 1.03596e+007, 4.26284e+006, 1.46224e+007, 1437, 2966.48, 1379, 649
106, 52505, 1.01705e+007, 4.2048e+006, 1.43753e+007, 1415, 2971.59, 1380, 648
107, 53005, 1.02613e+007, 4.23039e+006, 1.44917e+007, 1428, 2962.46, 1379, 649
108, 53505, 1.0064e+007, 4.10613e+006, 1.41701e+007, 1393, 2947.69, 1380, 648
109, 54005, 1.03155e+007, 4.20438e+006, 1.45199e+007, 1425, 2950.44, 1380, 648
110, 54505, 9.943e+006, 4.07773e+006, 1.40207e+007, 1378, 2959.17, 1380, 648
111, 55005, 9.97127e+006, 4.11964e+006, 1.40909e+007, 1392, 2959.51, 1380, 648
112, 55505, 9.84997e+006, 4.07136e+006, 1.39213e+007, 1377, 2956.69, 1380, 648
113, 56005, 9.69965e+006, 4.01234e+006, 1.3712e+007, 1361, 2948.08, 1380, 648
114, 56505, 9.56333e+006, 3.94667e+006, 1.351e+007, 1346, 2932.15, 1381, 648
115, 57005, 9.56806e+006, 3.97119e+006, 1.35392e+007, 1350, 2941.62, 1380, 648
116, 57505, 9.41242e+006, 3.88851e+006, 1.33009e+007, 1323, 2939.16, 1380, 648
117, 58005, 9.52336e+006, 3.92993e+006, 1.34533e+007, 1335, 2943.77, 1380, 648
118, 58505, 9.4051e+006, 3.90067e+006, 1.33058e+007, 1332, 2928.43, 1381, 647
119, 59005, 9.30376e+006, 3.81642e+006, 1.31202e+007, 1301, 2933.45, 1380, 647
120, 59505, 9.15762e+006, 3.76466e+006, 1.29223e+007, 1288, 2922.87, 1381, 647