2, 100, 7.11293e+006, 4.85215e+006, 1.19651e+007, 547, 8870.48, 917, 1382
3, 200, 6.85684e+006, 4.59582e+006, 1.14527e+007, 522, 8804.24, 917, 1382
4, 300, 6.76699e+006, 4.52084e+006, 1.12878e+007, 516, 8761.32, 917, 1381
5, 400, 6.80672e+006, 4.51475e+006, 1.13215e+007, 518, 8715.74, 917, 1382
6, 500, 6.76587e+006, 4.44522e+006, 1.12111e+007, 512, 8682.07, 917, 1382
7, 600, 6.82657e+006, 4.46341e+006, 1.129e+007, 517, 8633.29, 917, 1382
8, 700, 6.68727e+006, 4.34719e+006, 1.10345e+007, 504, 8625.37, 917, 1382
9, 800, 6.85255e+006, 4.46358e+006, 1.13161e+007, 519, 8600.34, 917, 1382
10, 900, 6.79189e+006, 4.38602e+006, 1.11779e+007, 511, 8583.21, 917, 1382
11, 1000, 6.84408e+006, 4.4327e+006, 1.12768e+007, 518, 8557.34, 917, 1382
12, 1100, 6.70629e+006, 4.30845e+006, 1.10147e+007, 505, 8531.58, 917, 1382
13, 1200, 6.84572e+006, 4.33645e+006, 1.11822e+007, 513, 8453.13, 916, 1382
14, 1300, 6.94605e+006, 4.37297e+006, 1.1319e+007, 519, 8425.75, 916, 1382
15, 1400, 6.72734e+006, 4.27329e+006, 1.10006e+007, 504, 8478.74, 917, 1382
16, 1500, 6.83499e+006, 4.33218e+006, 1.11672e+007, 512, 8461.29, 917, 1382
17, 1600, 6.75498e+006, 4.27091e+006, 1.10259e+007, 506, 8440.53, 917, 1382
18, 1700, 6.82734e+006, 4.31992e+006, 1.11473e+007, 513, 8420.9, 917, 1382
19, 1800, 6.93672e+006, 4.36457e+006, 1.13013e+007, 520, 8393.4, 917, 1382
20, 1900, 6.68936e+006, 4.18735e+006, 1.08767e+007, 498, 8408.33, 917, 1382
21, 2000, 6.74519e+006, 4.18188e+006, 1.09271e+007, 500, 8363.76, 917, 1382
22, 2100, 6.78636e+006, 4.22367e+006, 1.101e+007, 505, 8363.7, 917, 1382
23, 2200, 6.78226e+006, 4.19722e+006, 1.09795e+007, 503, 8344.38, 917, 1382
24, 2300, 6.82415e+006, 4.20233e+006, 1.10265e+007, 505, 8321.46, 917, 1382
25, 2400, 6.80319e+006, 4.16529e+006, 1.09685e+007, 501, 8313.95, 917, 1382
26, 2510, 6.80142e+006, 4.16867e+006, 1.09701e+007, 503, 8287.62, 917, 1382
27, 2600, 6.77277e+006, 4.13267e+006, 1.09054e+007, 500, 8265.34, 917, 1382
28, 2700, 6.81043e+006, 4.11802e+006, 1.09284e+007, 499, 8252.55, 917, 1382
29, 2801, 6.74153e+006, 4.07802e+006, 1.08196e+007, 495, 8238.42, 917, 1382
30, 2901, 6.89455e+006, 4.16337e+006, 1.10579e+007, 506, 8228.01, 917, 1382
31, 3001, 6.87679e+006, 4.14168e+006, 1.10185e+007, 504, 8217.61, 917, 1382
32, 3101, 6.8922e+006, 4.14038e+006, 1.10326e+007, 505, 8198.77, 917, 1382
33, 3201, 6.90056e+006, 4.13289e+006, 1.10335e+007, 505, 8183.94, 917, 1382
34, 3301, 6.88991e+006, 4.12687e+006, 1.10168e+007, 505, 8172.03, 917, 1382
35, 3401, 6.91882e+006, 4.14011e+006, 1.10589e+007, 508, 8149.82, 917, 1382
36, 3501, 6.87874e+006, 4.08241e+006, 1.09611e+007, 501, 8148.51, 917, 1382
37, 3611, 6.91576e+006, 4.04678e+006, 1.09625e+007, 502, 8061.32, 916, 1382
38, 3701, 6.91294e+006, 4.07691e+006, 1.09899e+007, 503, 8105.19, 917, 1382
39, 3801, 6.88309e+006, 4.03506e+006, 1.09182e+007, 499, 8086.3, 917, 1382
40, 3901, 6.85102e+006, 4.00787e+006, 1.08589e+007, 496, 8080.38, 917, 1382
41, 4001, 6.92121e+006, 4.08098e+006, 1.10022e+007, 505, 8081.14, 917, 1382
42, 4101, 6.87071e+006, 4.00375e+006, 1.08745e+007, 497, 8055.83, 917, 1382
43, 4201, 6.88341e+006, 3.98641e+006, 1.08698e+007, 496, 8037.12, 917, 1382
44, 4301, 6.88972e+006, 3.99883e+006, 1.08886e+007, 498, 8029.78, 917, 1382
45, 4401, 6.96896e+006, 4.04185e+006, 1.10108e+007, 504, 8019.54, 917, 1382
46, 4511, 7.0225e+006, 4.00567e+006, 1.10282e+007, 504, 7947.75, 916, 1382
47, 4601, 7.03097e+006, 4.04131e+006, 1.10723e+007, 505, 8002.59, 917, 1382
48, 4701, 6.99644e+006, 4.02423e+006, 1.10207e+007, 504, 7984.59, 917, 1382
49, 4801, 6.94876e+006, 3.97428e+006, 1.0923e+007, 499, 7964.49, 917, 1382
50, 4901, 6.94612e+006, 3.99729e+006, 1.09434e+007, 502, 7962.72, 917, 1382
51, 5001, 7.03498e+006, 4.01899e+006, 1.1054e+007, 506, 7942.67, 917, 1382
52, 5101, 7.11358e+006, 4.05419e+006, 1.11678e+007, 511, 7933.84, 917, 1382
53, 5201, 6.98668e+006, 3.9435e+006, 1.09302e+007, 498, 7918.68, 917, 1382
54, 5301, 7.10772e+006, 4.02065e+006, 1.11284e+007, 508, 7914.67, 917, 1382
55, 5411, 7.05367e+006, 3.97499e+006, 1.10287e+007, 503, 7902.57, 917, 1382
56, 5501, 6.94148e+006, 3.87942e+006, 1.08209e+007, 492, 7885, 917, 1382
57, 5601, 6.96658e+006, 3.9075e+006, 1.08741e+007, 496, 7878.03, 917, 1382
58, 5701, 7.11107e+006, 3.96038e+006, 1.10715e+007, 504, 7857.9, 917, 1382
59, 5811, 7.05352e+006, 3.94269e+006, 1.09962e+007, 502, 7853.96, 917, 1382
60, 5901, 7.11299e+006, 3.97436e+006, 1.10873e+007, 507, 7838.98, 917, 1382
61, 6001, 7.12241e+006, 3.94189e+006, 1.10643e+007, 505, 7805.72, 917, 1382
62, 6101, 6.90647e+006, 3.81384e+006, 1.07203e+007, 488, 7815.24, 917, 1382
63, 6201, 7.00317e+006, 3.87333e+006, 1.08765e+007, 496, 7809.14, 917, 1382
64, 6301, 6.93013e+006, 3.83004e+006, 1.07602e+007, 491, 7800.49, 917, 1382
65, 6401, 7.08139e+006, 3.88546e+006, 1.09668e+007, 499, 7786.49, 917, 1382
66, 6501, 7.17647e+006, 3.95109e+006, 1.11276e+007, 509, 7762.45, 917, 1382
67, 6601, 7.14245e+006, 3.93979e+006, 1.10822e+007, 508, 7755.49, 917, 1382
68, 6701, 7.11956e+006, 3.87095e+006, 1.09905e+007, 500, 7741.9, 917, 1382
69, 6801, 7.03834e+006, 3.8305e+006, 1.08688e+007, 495, 7738.37, 917, 1382
70, 6901, 7.07806e+006, 3.83794e+006, 1.0916e+007, 497, 7722.21, 917, 1382
71, 7001, 7.14822e+006, 3.90597e+006, 1.10542e+007, 507, 7704.08, 917, 1382
72, 7101, 7.14157e+006, 3.86305e+006, 1.10046e+007, 502, 7695.31, 917, 1382
73, 7201, 7.03406e+006, 3.78189e+006, 1.0816e+007, 492, 7686.78, 917, 1382
74, 7301, 7.08547e+006, 3.77772e+006, 1.08632e+007, 495, 7631.75, 916, 1382
75, 7401, 7.08092e+006, 3.78132e+006, 1.08622e+007, 493, 7670.02, 917, 1382
76, 7501, 7.03333e+006, 3.78411e+006, 1.08174e+007, 494, 7660.14, 917, 1382
77, 7601, 7.13227e+006, 3.81492e+006, 1.09472e+007, 499, 7645.13, 917, 1382
78, 7701, 7.02004e+006, 3.74706e+006, 1.07671e+007, 490, 7647.06, 917, 1382
79, 7801, 7.08729e+006, 3.77663e+006, 1.08639e+007, 494, 7645.01, 917, 1382
80, 7901, 7.03026e+006, 3.71878e+006, 1.0749e+007, 488, 7620.45, 917, 1382
81, 8001, 7.12625e+006, 3.78421e+006, 1.09105e+007, 497, 7614.1, 917, 1382
82, 8101, 7.11998e+006, 3.77777e+006, 1.08977e+007, 497, 7601.15, 917, 1382
83, 8201, 7.11617e+006, 3.7698e+006, 1.0886e+007, 496, 7600.41, 917, 1382
84, 8301, 7.13035e+006, 3.74333e+006, 1.08737e+007, 493, 7592.97, 917, 1382
85, 8401, 7.1741e+006, 3.76136e+006, 1.09355e+007, 497, 7568.13, 917, 1382
86, 8501, 7.19376e+006, 3.80326e+006, 1.0997e+007, 502, 7576.21, 917, 1382
87, 8601, 7.07643e+006, 3.7154e+006, 1.07918e+007, 491, 7567.01, 917, 1382
88, 8701, 7.13042e+006, 3.74861e+006, 1.0879e+007, 497, 7542.48, 917, 1382
89, 8801, 7.11987e+006, 3.71495e+006, 1.08348e+007, 493, 7535.39, 917, 1382
90, 8911, 7.12066e+006, 3.72972e+006, 1.08504e+007, 495, 7534.78, 917, 1382
91, 9001, 7.02121e+006, 3.66749e+006, 1.06887e+007, 487, 7530.78, 917, 1382
92, 9101, 7.20389e+006, 3.78396e+006, 1.09879e+007, 503, 7522.79, 917, 1382
93, 9201, 7.2369e+006, 3.76767e+006, 1.10046e+007, 502, 7505.32, 917, 1382
94, 9301, 7.138e+006, 3.71131e+006, 1.08493e+007, 495, 7497.6, 917, 1382
95, 9401, 7.20294e+006, 3.73574e+006, 1.09387e+007, 498, 7501.49, 917, 1382
96, 9501, 7.22831e+006, 3.76113e+006, 1.09894e+007, 502, 7492.29, 917, 1382
97, 9611, 7.1479e+006, 3.68625e+006, 1.08342e+007, 493, 7477.18, 917, 1382
98, 9701, 7.07779e+006, 3.64142e+006, 1.07192e+007, 488, 7461.93, 917, 1382
99, 9801, 7.18454e+006, 3.69446e+006, 1.0879e+007, 496, 7448.5, 917, 1382
100, 9901, 7.06614e+006, 3.60054e+006, 1.06667e+007, 484, 7439.13, 917, 1382
101, 10001, 7.21837e+006, 3.68008e+006, 1.08984e+007, 495, 7434.51, 917, 1382
102, 10101, 7.18281e+006, 3.69258e+006, 1.08754e+007, 496, 7444.72, 917, 1382
103, 10201, 7.19137e+006, 3.66917e+006, 1.08605e+007, 495, 7412.47, 917, 1382
104, 10301, 7.04088e+006, 3.56495e+006, 1.06058e+007, 481, 7411.53, 917, 1382
105, 10401, 7.26826e+006, 3.68962e+006, 1.09579e+007, 499, 7394.03, 917, 1382
106, 10501, 7.21659e+006, 3.66962e+006, 1.08862e+007, 497, 7383.54, 917, 1382
107, 10611, 7.09735e+006, 3.58475e+006, 1.06821e+007, 485, 7391.24, 917, 1382
108, 10701, 7.35081e+006, 3.73738e+006, 1.10882e+007, 506, 7386.12, 917, 1382
109, 10801, 7.17119e+006, 3.61038e+006, 1.07816e+007, 490, 7368.13, 917, 1382
110, 10901, 7.51002e+006, 3.79759e+006, 1.13076e+007, 511, 7431.68, 917, 1382
111, 11011, 7.59566e+006, 3.84009e+006, 1.14358e+007, 515, 7456.49, 917, 1382
112, 11111, 7.5666e+006, 3.83167e+006, 1.13983e+007, 515, 7440.13, 917, 1382
113, 11211, 7.60112e+006, 3.84366e+006, 1.14448e+007, 517, 7434.54, 917, 1382
114, 11301, 7.6943e+006, 3.9045e+006, 1.15988e+007, 525, 7437.13, 917, 1382
115, 11401, 7.39205e+006, 3.69581e+006, 1.10879e+007, 498, 7421.3, 917, 1382
116, 11511, 7.45524e+006, 3.7496e+006, 1.12048e+007, 505, 7424.95, 917, 1382
117, 11601, 7.56823e+006, 3.80442e+006, 1.13727e+007, 513, 7416.03, 917, 1382
118, 11711, 7.56105e+006, 3.80898e+006, 1.137e+007, 515, 7396.09, 917, 1382
119, 11801, 7.48177e+006, 3.73898e+006, 1.12208e+007, 506, 7389.29, 917, 1382
120, 11901, 7.48657e+006, 3.73603e+006, 1.12226e+007, 505, 7398.08, 917, 1382
121, 12001, 7.61358e+006, 3.79703e+006, 1.14106e+007, 515, 7372.88, 917, 1382
122, 12101, 7.52309e+006, 3.747e+006, 1.12701e+007, 508, 7375.98, 917, 1382
123, 12201, 7.74566e+006, 3.85211e+006, 1.15978e+007, 523, 7365.42, 917, 1382
124, 12311, 7.61824e+006, 3.76621e+006, 1.13845e+007, 512, 7355.88, 917, 1382
125, 12411, 7.67219e+006, 3.84388e+006, 1.15161e+007, 523, 7349.67, 917, 1382
126, 12511, 7.6359e+006, 3.77584e+006, 1.14117e+007, 515, 7331.73, 917, 1382
127, 12611, 7.46673e+006, 3.70587e+006, 1.11726e+007, 505, 7338.35, 917, 1382
128, 12711, 7.42339e+006, 3.63723e+006, 1.10606e+007, 498, 7303.67, 917, 1382
129, 12801, 7.52863e+006, 3.71573e+006, 1.12444e+007, 508, 7314.42, 917, 1382
130, 12901, 7.52635e+006, 3.71922e+006, 1.12456e+007, 509, 7306.92, 917, 1382
131, 13001, 7.62376e+006, 3.75441e+006, 1.13782e+007, 515, 7290.11, 917, 1382
132, 13101, 7.59553e+006, 3.76336e+006, 1.13589e+007, 517, 7279.23, 917, 1382
133, 13201, 7.4238e+006, 3.63331e+006, 1.10571e+007, 500, 7266.62, 917, 1382
134, 13301, 7.47445e+006, 3.65359e+006, 1.1128e+007, 504, 7249.19, 917, 1382
135, 13401, 7.41355e+006, 3.61903e+006, 1.10326e+007, 499, 7252.56, 917, 1382
136, 13501, 7.44122e+006, 3.62124e+006, 1.10625e+007, 500, 7242.48, 917, 1382
137, 13601, 7.40357e+006, 3.58054e+006, 1.09841e+007, 496, 7218.82, 917, 1382
138, 13711, 7.48011e+006, 3.6585e+006, 1.11386e+007, 506, 7230.24, 917, 1382
139, 13801, 7.50763e+006, 3.65843e+006, 1.11661e+007, 508, 7201.63, 917, 1382
140, 13901, 7.35466e+006, 3.56293e+006, 1.09176e+007, 494, 7212.4, 917, 1382
141, 14001, 7.43288e+006, 3.58874e+006, 1.10216e+007, 499, 7191.87, 917, 1382
142, 14111, 7.40696e+006, 3.56107e+006, 1.0968e+007, 496, 7179.58, 917, 1382
143, 14201, 7.34057e+006, 3.54523e+006, 1.08858e+007, 494, 7176.59, 917, 1382
144, 14301, 7.49443e+006, 3.6231e+006, 1.11175e+007, 506, 7160.27, 917, 1382
145, 14401, 7.461e+006, 3.59528e+006, 1.10563e+007, 502, 7161.9, 917, 1382
146, 14501, 7.51678e+006, 3.62162e+006, 1.11384e+007, 507, 7143.24, 917, 1382
147, 14601, 7.31771e+006, 3.49925e+006, 1.0817e+007, 490, 7141.32, 917, 1382
148, 14701, 7.39707e+006, 3.50971e+006, 1.09068e+007, 492, 7133.56, 917, 1382
149, 14801, 7.33401e+006, 3.48731e+006, 1.08213e+007, 490, 7116.96, 917, 1382
150, 14901, 7.33052e+006, 3.47376e+006, 1.08043e+007, 489, 7103.81, 917, 1382
151, 15001, 7.4453e+006, 3.55315e+006, 1.09984e+007, 500, 7106.29, 917, 1382
152, 15101, 7.44158e+006, 3.52997e+006, 1.09716e+007, 497, 7102.55, 917, 1382
153, 15201, 7.34084e+006, 3.47107e+006, 1.08119e+007, 490, 7083.82, 917, 1382
154, 15311, 7.36666e+006, 3.50432e+006, 1.0871e+007, 494, 7093.76, 917, 1382
155, 15411, 7.29904e+006, 3.4157e+006, 1.07147e+007, 483, 7071.84, 917, 1382
156, 15511, 7.31777e+006, 3.46422e+006, 1.0782e+007, 490, 7069.83, 917, 1382
157, 15611, 7.27943e+006, 3.41874e+006, 1.06982e+007, 484, 7063.51, 917, 1382
158, 15711, 7.4691e+006, 3.52485e+006, 1.0994e+007, 499, 7063.83, 917, 1382
159, 15811, 7.48165e+006, 3.52728e+006, 1.10089e+007, 500, 7054.57, 917, 1382
160, 15911, 7.46476e+006, 3.5137e+006, 1.09785e+007, 499, 7041.48, 917, 1382
161, 16011, 7.40101e+006, 3.48453e+006, 1.08855e+007, 495, 7039.45, 917, 1382
162, 16111, 7.44656e+006, 3.47498e+006, 1.09215e+007, 495, 7020.16, 917, 1382
163, 16211, 7.17952e+006, 3.35534e+006, 1.05349e+007, 478, 7019.54, 917, 1382
164, 16311, 7.27808e+006, 3.37985e+006, 1.06579e+007, 482, 7012.14, 917, 1382
165, 16411, 7.24335e+006, 3.39002e+006, 1.06334e+007, 484, 7004.17, 917, 1382
166, 16511, 7.14517e+006, 3.30025e+006, 1.04454e+007, 473, 6977.26, 917, 1382
167, 16611, 7.23096e+006, 3.37424e+006, 1.06052e+007, 483, 6986.01, 917, 1382
168, 16711, 7.32976e+006, 3.42868e+006, 1.07584e+007, 490, 6997.3, 917, 1382
169, 16811, 7.28418e+006, 3.38554e+006, 1.06697e+007, 485, 6980.5, 917, 1382
170, 16911, 7.26626e+006, 3.38059e+006, 1.06469e+007, 485, 6970.3, 917, 1382
171, 17011, 7.26875e+006, 3.36865e+006, 1.06374e+007, 485, 6945.66, 917, 1382
172, 17111, 7.41167e+006, 3.4515e+006, 1.08632e+007, 497, 6944.68, 917, 1382
173, 17211, 7.18221e+006, 3.30342e+006, 1.04856e+007, 476, 6939.96, 917, 1382
174, 17311, 7.31951e+006, 3.38799e+006, 1.07075e+007, 489, 6928.4, 917, 1382
175, 17411, 7.24368e+006, 3.33989e+006, 1.05836e+007, 482, 6929.23, 917, 1382
176, 17511, 7.28587e+006, 3.33849e+006, 1.06244e+007, 483, 6911.98, 917, 1382
177, 17611, 7.24476e+006, 3.3245e+006, 1.05693e+007, 481, 6911.64, 917, 1382
178, 17711, 7.25087e+006, 3.32061e+006, 1.05715e+007, 481, 6903.55, 917, 1382
179, 17811, 7.28518e+006, 3.35513e+006, 1.06403e+007, 486, 6903.55, 917, 1382
180, 17911, 7.18443e+006, 3.29482e+006, 1.04793e+007, 478, 6892.93, 917, 1381
181, 18011, 7.22179e+006, 3.29624e+006, 1.0518e+007, 479, 6881.5, 917, 1382
182, 18111, 7.13648e+006, 3.23918e+006, 1.03757e+007, 472, 6862.67, 917, 1382
183, 18211, 7.25769e+006, 3.32612e+006, 1.05838e+007, 484, 6872.15, 917, 1381
184, 18311, 7.26467e+006, 3.29754e+006, 1.05622e+007, 481, 6855.58, 917, 1382
185, 18411, 7.22886e+006, 3.30012e+006, 1.0529e+007, 481, 6860.97, 917, 1382
186, 18511, 7.06524e+006, 3.20004e+006, 1.02653e+007, 468, 6837.68, 917, 1381
187, 18611, 7.18062e+006, 3.25287e+006, 1.04335e+007, 476, 6833.75, 917, 1382
188, 18711, 7.18519e+006, 3.23427e+006, 1.04195e+007, 474, 6823.35, 917, 1382
189, 18811, 7.13752e+006, 3.2468e+006, 1.03843e+007, 476, 6821.02, 917, 1382
190, 18911, 7.02312e+006, 3.18532e+006, 1.02084e+007, 467, 6820.82, 917, 1381
191, 19011, 7.08977e+006, 3.1937e+006, 1.02835e+007, 469, 6809.6, 917, 1382
192, 19111, 7.14724e+006, 3.1978e+006, 1.0345e+007, 471, 6789.38, 917, 1382
193, 19211, 7.17032e+006, 3.23926e+006, 1.04096e+007, 476, 6805.17, 917, 1382
194, 19311, 7.08061e+006, 3.20651e+006, 1.02871e+007, 472, 6793.45, 917, 1382
195, 19411, 7.07635e+006, 3.18376e+006, 1.02601e+007, 469, 6788.4, 917, 1382
196, 19511, 7.1363e+006, 3.17033e+006, 1.03066e+007, 469, 6759.76, 917, 1382
197, 19611, 7.10458e+006, 3.19567e+006, 1.03003e+007, 471, 6784.87, 917, 1382
198, 19711, 7.24253e+006, 3.27143e+006, 1.0514e+007, 483, 6773.14, 917, 1382
199, 19812, 7.06258e+006, 3.16573e+006, 1.02283e+007, 468, 6764.39, 917, 1382
200, 19912, 7.14698e+006, 3.19797e+006, 1.0345e+007, 473, 6761.05, 917, 1381
201, 20012, 7.11395e+006, 3.16646e+006, 1.02804e+007, 470, 6737.16, 917, 1382
202, 20112, 7.08327e+006, 3.17061e+006, 1.02539e+007, 470, 6745.98, 917, 1382
203, 20212, 7.18047e+006, 3.20549e+006, 1.0386e+007, 476, 6734.22, 917, 1381
204, 20312, 7.11817e+006, 3.17545e+006, 1.02936e+007, 472, 6727.65, 917, 1381
205, 20412, 7.10337e+006, 3.17085e+006, 1.02742e+007, 472, 6717.91, 917, 1381
206, 20512, 7.01165e+006, 3.10179e+006, 1.01134e+007, 462, 6713.82, 917, 1381
207, 20612, 7.04888e+006, 3.12271e+006, 1.01716e+007, 466, 6701.09, 917, 1382
208, 20712, 6.98829e+006, 3.08298e+006, 1.00713e+007, 460, 6702.12, 917, 1382
209, 20812, 7.06511e+006, 3.13769e+006, 1.02028e+007, 468, 6704.47, 917, 1381
210, 20912, 7.04065e+006, 3.13066e+006, 1.01713e+007, 468, 6689.44, 917, 1382
211, 21012, 7.03152e+006, 3.10755e+006, 1.01391e+007, 465, 6682.91, 917, 1381
212, 21112, 7.10394e+006, 3.14029e+006, 1.02442e+007, 471, 6667.27, 917, 1381
213, 21212, 7.002e+006, 3.07872e+006, 1.00807e+007, 462, 6663.9, 917, 1381
214, 21312, 7.14668e+006, 3.1534e+006, 1.03001e+007, 473, 6666.82, 917, 1381
215, 21412, 7.15228e+006, 3.14563e+006, 1.02979e+007, 473, 6650.38, 917, 1381
216, 21512, 7.04909e+006, 3.07141e+006, 1.01205e+007, 462, 6648.07, 917, 1381
217, 21612, 7.07533e+006, 3.09688e+006, 1.01722e+007, 466, 6645.66, 917, 1382
218, 21712, 7.17685e+006, 3.12131e+006, 1.02982e+007, 472, 6612.95, 917, 1381
219, 21812, 7.13376e+006, 3.10709e+006, 1.02409e+007, 469, 6624.93, 917, 1381
220, 21912, 7.12192e+006, 3.10175e+006, 1.02237e+007, 468, 6627.67, 917, 1382
221, 22012, 7.15976e+006, 3.11912e+006, 1.02789e+007, 471, 6622.34, 917, 1381
222, 22112, 7.14493e+006, 3.09771e+006, 1.02426e+007, 469, 6604.93, 917, 1381
223, 22212, 7.02451e+006, 3.05393e+006, 1.00784e+007, 462, 6610.24, 917, 1382
224, 22312, 6.98124e+006, 3.02458e+006, 1.00058e+007, 459, 6589.51, 917, 1381
225, 22412, 7.11166e+006, 3.08013e+006, 1.01918e+007, 467, 6595.57, 917, 1381
226, 22512, 7.18057e+006, 3.12617e+006, 1.03067e+007, 474, 6595.29, 917, 1381
227, 22612, 7.0555e+006, 3.047e+006, 1.01025e+007, 462, 6595.23, 917, 1381
228, 22712, 6.9066e+006, 2.95486e+006, 9.86146e+006, 449, 6580.98, 917, 1382
229, 22804, 7.07788e+006, 3.06139e+006, 1.01393e+007, 466, 6569.51, 917, 1381
230, 22904, 7.07833e+006, 3.06527e+006, 1.01436e+007, 466, 6577.83, 917, 1381
231, 23004, 7.07772e+006, 3.05377e+006, 1.01315e+007, 465, 6567.24, 917, 1381
232, 23104, 7.10702e+006, 3.0559e+006, 1.01629e+007, 466, 6557.74, 917, 1381
233, 23204, 7.02153e+006, 3.02656e+006, 1.00481e+007, 461, 6565.2, 917, 1381
234, 23304, 7.07208e+006, 3.06983e+006, 1.01419e+007, 468, 6559.46, 917, 1381
235, 23404, 6.99897e+006, 3.01683e+006, 1.00158e+007, 460, 6558.34, 917, 1381
236, 23504, 7.16901e+006, 3.05886e+006, 1.02279e+007, 468, 6536.02, 917, 1381
237, 23604, 7.00895e+006, 3.01059e+006, 1.00195e+007, 461, 6530.56, 917, 1381
238, 23704, 7.09855e+006, 3.05036e+006, 1.01489e+007, 467, 6531.82, 917, 1381
239, 23804, 7.01153e+006, 2.99511e+006, 1.00066e+007, 459, 6525.3, 917, 1381
240, 23904, 7.04826e+006, 3.01169e+006, 1.006e+007, 461, 6532.96, 917, 1381
241, 24004, 7.02784e+006, 2.98517e+006, 1.0013e+007, 458, 6517.83, 917, 1381
242, 24104, 7.01741e+006, 2.98285e+006, 1.00003e+007, 459, 6498.59, 917, 1381
243, 24204, 7.10041e+006, 3.03509e+006, 1.01355e+007, 467, 6499.12, 917, 1381
244, 24304, 7.12432e+006, 3.04505e+006, 1.01694e+007, 468, 6506.51, 917, 1381
245, 24404, 7.1445e+006, 3.03628e+006, 1.01808e+007, 468, 6487.79, 917, 1381
246, 24504, 7.15431e+006, 3.025e+006, 1.01793e+007, 466, 6491.42, 917, 1381
247, 24604, 7.0701e+006, 3.0101e+006, 1.00802e+007, 464, 6487.27, 917, 1381
248, 24704, 7.05506e+006, 2.97584e+006, 1.00309e+007, 459, 6483.32, 917, 1381
249, 24804, 7.23354e+006, 3.0812e+006, 1.03147e+007, 475, 6486.73, 917, 1381
250, 24904, 6.93679e+006, 2.92889e+006, 9.86568e+006, 452, 6479.85, 917, 1381
251, 25004, 7.12221e+006, 3.02652e+006, 1.01487e+007, 468, 6466.92, 917, 1381
252, 25104, 6.97461e+006, 2.94657e+006, 9.92118e+006, 456, 6461.78, 917, 1381
253, 25204, 7.04731e+006, 2.99007e+006, 1.00374e+007, 463, 6458.04, 917, 1381
254, 25304, 7.11034e+006, 3.00892e+006, 1.01193e+007, 466, 6456.91, 917, 1381
255, 25404, 7.04483e+006, 2.97231e+006, 1.00171e+007, 461, 6447.52, 917, 1381
256, 25504, 6.92488e+006, 2.90838e+006, 9.83327e+006, 451, 6448.75, 917, 1381
257, 25604, 7.08574e+006, 2.97638e+006, 1.00621e+007, 463, 6428.47, 917, 1381
258, 25704, 6.90349e+006, 2.88744e+006, 9.79094e+006, 449, 6430.83, 917, 1381
259, 25804, 6.93007e+006, 2.90894e+006, 9.83901e+006, 452, 6435.7, 917, 1381
260, 25904, 7.03355e+006, 2.94908e+006, 9.98262e+006, 459, 6425, 917, 1381
261, 26004, 6.94436e+006, 2.93336e+006, 9.87772e+006, 457, 6418.74, 917, 1381
262, 26104, 6.92024e+006, 2.89755e+006, 9.81779e+006, 452, 6410.51, 917, 1381
263, 26204, 6.91441e+006, 2.89201e+006, 9.80642e+006, 452, 6398.25, 917, 1381
264, 26304, 6.88091e+006, 2.8907e+006, 9.77161e+006, 451, 6409.53, 917, 1381
265, 26404, 6.94104e+006, 2.89305e+006, 9.83409e+006, 452, 6400.55, 917, 1381
266, 26504, 6.93403e+006, 2.87533e+006, 9.80937e+006, 450, 6389.63, 917, 1381
267, 26604, 6.96542e+006, 2.89941e+006, 9.86483e+006, 453, 6400.46, 917, 1381
268, 26704, 6.99428e+006, 2.9303e+006, 9.92458e+006, 459, 6384.1, 917, 1381
269, 26804, 6.99075e+006, 2.89079e+006, 9.88154e+006, 454, 6367.38, 917, 1381
270, 26904, 7.03779e+006, 2.93051e+006, 9.9683e+006, 460, 6370.67, 917, 1381
271, 27004, 6.99376e+006, 2.9266e+006, 9.92036e+006, 459, 6376.05, 917, 1381
272, 27104, 6.81508e+006, 2.81729e+006, 9.63237e+006, 443, 6359.56, 917, 1381
273, 27204, 7.1085e+006, 2.96082e+006, 1.00693e+007, 465, 6367.36, 917, 1381
274, 27304, 7.04384e+006, 2.91726e+006, 9.9611e+006, 459, 6355.68, 917, 1381
275, 27404, 6.81965e+006, 2.80558e+006, 9.62523e+006, 442, 6347.47, 917, 1381
276, 27504, 6.84826e+006, 2.81533e+006, 9.66359e+006, 444, 6340.83, 917, 1381
277, 27604, 6.98181e+006, 2.89099e+006, 9.8728e+006, 456, 6339.88, 917, 1381
278, 27704, 6.92441e+006, 2.86284e+006, 9.78725e+006, 452, 6333.72, 917, 1381
279, 27804, 7.05677e+006, 2.89566e+006, 9.95243e+006, 458, 6322.4, 917, 1381
280, 27904, 6.93228e+006, 2.83601e+006, 9.76829e+006, 449, 6316.27, 917, 1381
281, 28004, 6.99624e+006, 2.87616e+006, 9.8724e+006, 455, 6321.23, 917, 1381
282, 28104, 6.97947e+006, 2.88409e+006, 9.86356e+006, 457, 6310.91, 917, 1381
283, 28214, 6.82648e+006, 2.80616e+006, 9.63264e+006, 444, 6320.18, 917, 1381
284, 28314, 6.72764e+006, 2.78549e+006, 9.51312e+006, 440, 6330.65, 917, 1381
285, 28414, 6.94838e+006, 2.85479e+006, 9.80317e+006, 453, 6301.95, 917, 1381
286, 28514, 6.83942e+006, 2.79347e+006, 9.63289e+006, 444, 6291.6, 917, 1381
287, 28614, 7.02705e+006, 2.88022e+006, 9.90727e+006, 458, 6288.69, 917, 1381
288, 28704, 6.88812e+006, 2.81848e+006, 9.7066e+006, 448, 6291.25, 917, 1381
289, 28804, 6.85198e+006, 2.79763e+006, 9.64961e+006, 445, 6286.8, 917, 1381
290, 28904, 6.94803e+006, 2.83504e+006, 9.78308e+006, 452, 6272.22, 917, 1381
291, 29014, 6.9909e+006, 2.85156e+006, 9.84245e+006, 455, 6267.16, 917, 1381
292, 29104, 6.75153e+006, 2.74627e+006, 9.49781e+006, 439, 6255.75, 917, 1381
293, 29214, 6.80343e+006, 2.76073e+006, 9.56416e+006, 441, 6260.16, 917, 1381
294, 29304, 6.86739e+006, 2.79821e+006, 9.66561e+006, 447, 6259.98, 917, 1381
295, 29414, 6.9779e+006, 2.84156e+006, 9.81946e+006, 454, 6258.94, 917, 1381
296, 29514, 6.85116e+006, 2.78842e+006, 9.63958e+006, 446, 6252.07, 917, 1381
297, 29614, 6.73529e+006, 2.74009e+006, 9.47538e+006, 438, 6255.92, 917, 1381
298, 29714, 6.80601e+006, 2.77274e+006, 9.57875e+006, 444, 6244.91, 917, 1381
299, 29814, 7.06124e+006, 2.8708e+006, 9.93205e+006, 461, 6227.34, 917, 1381
300, 29914, 6.85621e+006, 2.788e+006, 9.64421e+006, 447, 6237.13, 917, 1381
301, 30014, 6.94048e+006, 2.82527e+006, 9.76576e+006, 453, 6236.81, 917, 1381
302, 30114, 6.82838e+006, 2.75439e+006, 9.58277e+006, 442, 6231.65, 917, 1381
303, 30214, 6.93625e+006, 2.81257e+006, 9.74882e+006, 451, 6236.3, 917, 1381
304, 30314, 6.88807e+006, 2.76625e+006, 9.65432e+006, 446, 6202.36, 917, 1381
305, 30414, 6.73265e+006, 2.69493e+006, 9.42759e+006, 434, 6209.53, 917, 1381
306, 30514, 6.74367e+006, 2.70386e+006, 9.44754e+006, 436, 6201.52, 917, 1381
307, 30614, 6.78146e+006, 2.70991e+006, 9.49137e+006, 438, 6187.01, 917, 1381
308, 30714, 6.93986e+006, 2.78918e+006, 9.72904e+006, 450, 6198.17, 917, 1381
309, 30814, 6.88992e+006, 2.77613e+006, 9.66605e+006, 448, 6196.72, 917, 1381
310, 30914, 6.85826e+006, 2.74952e+006, 9.60778e+006, 444, 6192.62, 917, 1381
311, 31014, 6.77998e+006, 2.74584e+006, 9.52583e+006, 443, 6198.29, 917, 1381
312, 31114, 6.70813e+006, 2.70678e+006, 9.41491e+006, 437, 6194.01, 917, 1381
313, 31214, 6.73176e+006, 2.70696e+006, 9.43872e+006, 438, 6180.27, 917, 1381
314, 31314, 6.83959e+006, 2.74901e+006, 9.58859e+006, 445, 6177.54, 917, 1381
315, 31414, 6.82946e+006, 2.74644e+006, 9.57591e+006, 444, 6185.68, 917, 1381
316, 31514, 6.92029e+006, 2.77385e+006, 9.69414e+006, 450, 6164.12, 917, 1381
317, 31614, 6.77039e+006, 2.68811e+006, 9.4585e+006, 436, 6165.38, 917, 1381
318, 31714, 6.77767e+006, 2.71184e+006, 9.48951e+006, 439, 6177.3, 917, 1381
319, 31814, 6.69226e+006, 2.69542e+006, 9.38767e+006, 437, 6168, 917, 1381
320, 31914, 6.86136e+006, 2.73235e+006, 9.59371e+006, 444, 6153.95, 917, 1381
321, 32014, 6.88996e+006, 2.75972e+006, 9.64968e+006, 448, 6160.08, 917, 1381
322, 32114, 6.92597e+006, 2.76087e+006, 9.68684e+006, 448, 6162.66, 917, 1381
323, 32214, 6.91104e+006, 2.76199e+006, 9.67302e+006, 448, 6165.15, 917, 1381
324, 32314, 6.76401e+006, 2.6848e+006, 9.44881e+006, 436, 6157.79, 917, 1381
325, 32414, 6.79301e+006, 2.70909e+006, 9.5021e+006, 441, 6143.06, 917, 1381
326, 32514, 6.8718e+006, 2.73963e+006, 9.61143e+006, 446, 6142.66, 917, 1381
327, 32614, 6.82654e+006, 2.71169e+006, 9.53823e+006, 442, 6135.04, 917, 1381
328, 32714, 6.95946e+006, 2.75661e+006, 9.71608e+006, 450, 6125.81, 917, 1381
329, 32808, 6.61195e+006, 2.61781e+006, 9.22975e+006, 427, 6130.7, 917, 1381
330, 32908, 6.75199e+006, 2.65621e+006, 9.40821e+006, 435, 6106.24, 917, 1381
331, 33008, 6.7169e+006, 2.65483e+006, 9.37174e+006, 434, 6117.13, 917, 1381
332, 33108, 6.88896e+006, 2.7281e+006, 9.61706e+006, 447, 6103.13, 917, 1381
333, 33208, 6.83611e+006, 2.69438e+006, 9.53049e+006, 441, 6109.7, 917, 1381
334, 33308, 6.91621e+006, 2.74354e+006, 9.65975e+006, 450, 6096.75, 917, 1381
335, 33408, 6.63766e+006, 2.61388e+006, 9.25154e+006, 429, 6092.96, 917, 1381
336, 33508, 6.81127e+006, 2.68267e+006, 9.49394e+006, 440, 6096.98, 917, 1381
337, 33608, 6.86229e+006, 2.71811e+006, 9.5804e+006, 446, 6094.42, 917, 1381
338, 33708, 6.84495e+006, 2.72152e+006, 9.56647e+006, 447, 6088.42, 917, 1381
339, 33808, 6.67096e+006, 2.61249e+006, 9.28345e+006, 430, 6075.56, 917, 1381
340, 33908, 6.77172e+006, 2.66527e+006, 9.43699e+006, 439, 6071.24, 917, 1381
341, 34008, 6.56359e+006, 2.57073e+006, 9.13432e+006, 423, 6077.38, 917, 1381
342, 34108, 6.6748e+006, 2.61253e+006, 9.28734e+006, 430, 6075.66, 917, 1381
343, 34208, 6.85804e+006, 2.7018e+006, 9.55984e+006, 445, 6071.46, 917, 1381
344, 34308, 6.79675e+006, 2.66763e+006, 9.46438e+006, 439, 6076.6, 917, 1381
345, 34408, 6.83808e+006, 2.67645e+006, 9.51453e+006, 442, 6055.32, 917, 1381
346, 34508, 6.90212e+006, 2.70642e+006, 9.60853e+006, 447, 6054.62, 917, 1381
347, 34608, 6.69369e+006, 2.6165e+006, 9.31019e+006, 431, 6070.76, 917, 1381
348, 34708, 6.73976e+006, 2.63029e+006, 9.37005e+006, 434, 6060.59, 917, 1381
349, 34808, 6.95472e+006, 2.71801e+006, 9.67273e+006, 449, 6053.48, 917, 1381
350, 34908, 6.64909e+006, 2.58615e+006, 9.23524e+006, 427, 6056.55, 917, 1381
351, 35008, 6.93552e+006, 2.70981e+006, 9.64533e+006, 448, 6048.68, 917, 1381
352, 35108, 6.53321e+006, 2.526e+006, 9.05921e+006, 418, 6043.07, 917, 1381
353, 35208, 6.78763e+006, 2.63291e+006, 9.42054e+006, 436, 6038.79, 917, 1381
354, 35308, 6.74058e+006, 2.60927e+006, 9.34985e+006, 432, 6039.98, 917, 1381
355, 35408, 6.77584e+006, 2.61963e+006, 9.39547e+006, 434, 6036.02, 917, 1381
356, 35508, 6.6921e+006, 2.59807e+006, 9.29017e+006, 432, 6014.05, 917, 1381
357, 35608, 6.62732e+006, 2.57218e+006, 9.1995e+006, 427, 6023.83, 917, 1381
358, 35708, 6.62851e+006, 2.55706e+006, 9.18557e+006, 425, 6016.61, 917, 1381
359, 35808, 6.73585e+006, 2.62866e+006, 9.36451e+006, 437, 6015.24, 917, 1381
360, 35908, 6.70359e+006, 2.58553e+006, 9.28912e+006, 430, 6012.86, 917, 1381
361, 36008, 6.8842e+006, 2.68626e+006, 9.57046e+006, 447, 6009.54, 917, 1381
362, 36108, 6.89307e+006, 2.67831e+006, 9.57138e+006, 446, 6005.19, 917, 1381
363, 36208, 6.74025e+006, 2.59576e+006, 9.33601e+006, 432, 6008.71, 917, 1381
364, 36308, 6.69037e+006, 2.58316e+006, 9.27353e+006, 430, 6007.34, 917, 1381
365, 36408, 6.77431e+006, 2.61474e+006, 9.38905e+006, 436, 5997.11, 917, 1381
366, 36508, 6.77671e+006, 2.60964e+006, 9.38634e+006, 436, 5985.41, 917, 1381
367, 36608, 6.73343e+006, 2.56556e+006, 9.29899e+006, 428, 5994.31, 917, 1381
368, 36708, 6.78074e+006, 2.61854e+006, 9.39927e+006, 435, 6019.63, 918, 1381
369, 36808, 6.70251e+006, 2.5855e+006, 9.28801e+006, 431, 5998.84, 917, 1381
370, 36908, 6.74559e+006, 2.59911e+006, 9.34471e+006, 434, 5988.74, 917, 1381
371, 37008, 6.6128e+006, 2.54545e+006, 9.15825e+006, 425, 5989.29, 917, 1381
372, 37108, 7.14723e+006, 2.76219e+006, 9.90942e+006, 458, 6030.97, 917, 1381
373, 37208, 7.31948e+006, 2.819e+006, 1.01385e+007, 462, 6101.73, 917, 1381
374, 37308, 7.27321e+006, 2.83702e+006, 1.01102e+007, 464, 6114.27, 917, 1381
375, 37408, 7.39477e+006, 2.8843e+006, 1.02791e+007, 472, 6110.81, 917, 1381
376, 37508, 7.31157e+006, 2.83115e+006, 1.01427e+007, 463, 6114.78, 917, 1381
377, 37608, 7.40796e+006, 2.87836e+006, 1.02863e+007, 471, 6111.16, 917, 1381
378, 37708, 7.31438e+006, 2.82515e+006, 1.01395e+007, 462, 6115.04, 917, 1381
379, 37808, 7.23456e+006, 2.80201e+006, 1.00366e+007, 459, 6104.6, 917, 1381
380, 37908, 7.22526e+006, 2.79948e+006, 1.00247e+007, 458, 6112.4, 917, 1381
381, 38008, 7.30397e+006, 2.82422e+006, 1.01282e+007, 463, 6099.82, 917, 1381
382, 38108, 7.39042e+006, 2.87976e+006, 1.02702e+007, 473, 6088.28, 917, 1381
383, 38208, 7.31171e+006, 2.81686e+006, 1.01286e+007, 463, 6083.93, 917, 1381
384, 38308, 7.30419e+006, 2.82163e+006, 1.01258e+007, 464, 6081.09, 917, 1381
385, 38408, 7.40521e+006, 2.86312e+006, 1.02683e+007, 472, 6065.94, 917, 1381
386, 38508, 7.23607e+006, 2.77921e+006, 1.00153e+007, 458, 6068.14, 917, 1381
387, 38608, 7.25749e+006, 2.79714e+006, 1.00546e+007, 461, 6067.55, 917, 1381
388, 38708, 7.39203e+006, 2.84745e+006, 1.02395e+007, 470, 6058.41, 917, 1381
389, 38808, 7.21494e+006, 2.77511e+006, 9.99005e+006, 458, 6059.2, 917, 1381
390, 38908, 7.27342e+006, 2.78445e+006, 1.00579e+007, 460, 6053.15, 917, 1381
391, 39008, 7.41956e+006, 2.86479e+006, 1.02844e+007, 473, 6056.65, 917, 1381
392, 39108, 7.22464e+006, 2.76119e+006, 9.98583e+006, 457, 6041.99, 917, 1381
393, 39208, 7.36143e+006, 2.83979e+006, 1.02012e+007, 470, 6042.11, 917, 1381
394, 39308, 7.11078e+006, 2.71188e+006, 9.82266e+006, 449, 6039.83, 917, 1381
395, 39408, 6.94694e+006, 2.64197e+006, 9.58892e+006, 438, 6031.9, 917, 1381
396, 39508, 7.35431e+006, 2.81018e+006, 1.01645e+007, 466, 6030.43, 917, 1381
397, 39608, 7.18695e+006, 2.7584e+006, 9.94535e+006, 457, 6035.88, 917, 1381
398, 39708, 7.30624e+006, 2.80591e+006, 1.01122e+007, 466, 6021.27, 917, 1381
399, 39808, 7.1842e+006, 2.74445e+006, 9.92865e+006, 456, 6018.52, 917, 1381
400, 39908, 7.13769e+006, 2.72479e+006, 9.86249e+006, 453, 6015, 917, 1381
401, 40008, 7.2561e+006, 2.76725e+006, 1.00234e+007, 459, 6028.88, 917, 1381
402, 40108, 7.26614e+006, 2.76356e+006, 1.00297e+007, 460, 6007.74, 917, 1381
403, 40208, 7.18371e+006, 2.7375e+006, 9.92121e+006, 455, 6016.49, 917, 1381
404, 40308, 7.20904e+006, 2.73294e+006, 9.94198e+006, 455, 6006.46, 917, 1381
405, 40408, 7.35965e+006, 2.79031e+006, 1.015e+007, 466, 5987.79, 917, 1381
406, 40508, 7.18201e+006, 2.73281e+006, 9.91482e+006, 456, 5993.01, 917, 1381
407, 40608, 7.34772e+006, 2.78897e+006, 1.01367e+007, 466, 5984.92, 917, 1381
408, 40708, 7.17876e+006, 2.72479e+006, 9.90354e+006, 455, 5988.54, 917, 1381
409, 40808, 7.15151e+006, 2.6877e+006, 9.83921e+006, 449, 5985.96, 917, 1381
410, 40908, 7.32814e+006, 2.7859e+006, 1.0114e+007, 466, 5978.33, 917, 1381
411, 41008, 7.23866e+006, 2.73087e+006, 9.96953e+006, 457, 5975.66, 917, 1381
412, 41108, 7.29238e+006, 2.76458e+006, 1.0057e+007, 463, 5971.02, 917, 1381
413, 41208, 7.37732e+006, 2.80271e+006, 1.018e+007, 469, 5975.92, 917, 1381
414, 41308, 7.10639e+006, 2.68554e+006, 9.79194e+006, 449, 5981.17, 917, 1381
415, 41408, 7.2045e+006, 2.71732e+006, 9.92181e+006, 456, 5959.03, 917, 1381
416, 41508, 7.27282e+006, 2.74408e+006, 1.00169e+007, 461, 5952.45, 917, 1381
417, 41608, 7.25829e+006, 2.73772e+006, 9.99601e+006, 459, 5964.53, 917, 1381
418, 41708, 7.24678e+006, 2.73161e+006, 9.97839e+006, 459, 5951.23, 917, 1381
419, 41808, 7.25614e+006, 2.72263e+006, 9.97877e+006, 458, 5944.6, 917, 1381
420, 41908, 7.14565e+006, 2.66958e+006, 9.81523e+006, 448, 5958.88, 917, 1381
421, 42008, 7.36614e+006, 2.77017e+006, 1.01363e+007, 466, 5944.57, 917, 1381
422, 42108, 7.31828e+006, 2.75262e+006, 1.00709e+007, 462, 5958.05, 917, 1381
423, 42218, 7.25261e+006, 2.7473e+006, 9.9999e+006, 462, 5946.53, 917, 1381
424, 42308, 7.31828e+006, 2.75051e+006, 1.00688e+007, 463, 5940.63, 917, 1381
425, 42418, 7.07964e+006, 2.66514e+006, 9.74478e+006, 448, 5948.96, 917, 1381
426, 42508, 7.1275e+006, 2.64867e+006, 9.77617e+006, 447, 5925.44, 917, 1381
427, 42608, 7.23134e+006, 2.6939e+006, 9.92524e+006, 454, 5933.7, 917, 1381
428, 42708, 7.21884e+006, 2.68819e+006, 9.90703e+006, 455, 5908.11, 917, 1381
429, 42807, 7.23391e+006, 2.71467e+006, 9.94858e+006, 458, 5927.22, 917, 1381
430, 42907, 7.14253e+006, 2.66572e+006, 9.80825e+006, 451, 5910.69, 917, 1381
431, 43007, 7.17676e+006, 2.69191e+006, 9.86867e+006, 455, 5916.29, 917, 1381
432, 43107, 7.25942e+006, 2.72625e+006, 9.98567e+006, 462, 5900.97, 917, 1381
433, 43207, 7.04859e+006, 2.60675e+006, 9.65535e+006, 441, 5911, 917, 1381
434, 43307, 7.05113e+006, 2.63351e+006, 9.68464e+006, 446, 5904.74, 917, 1381
435, 43407, 7.14651e+006, 2.65391e+006, 9.80042e+006, 450, 5897.58, 917, 1381
436, 43507, 7.14637e+006, 2.66174e+006, 9.80811e+006, 452, 5888.8, 917, 1380
437, 43607, 7.00192e+006, 2.59939e+006, 9.60132e+006, 442, 5880.98, 917, 1381
438, 43707, 6.96519e+006, 2.57327e+006, 9.53847e+006, 437, 5888.49, 917, 1380
439, 43807, 7.11341e+006, 2.68138e+006, 9.79479e+006, 452, 5932.26, 918, 1381
440, 43907, 7.17807e+006, 2.67406e+006, 9.85212e+006, 456, 5864.16, 917, 1381
441, 44007, 7.11875e+006, 2.64215e+006, 9.7609e+006, 449, 5884.51, 917, 1380
442, 44117, 7.06009e+006, 2.59852e+006, 9.65861e+006, 443, 5865.73, 917, 1380
443, 44207, 7.13942e+006, 2.67653e+006, 9.81595e+006, 453, 5908.46, 918, 1381
444, 44307, 7.15693e+006, 2.64343e+006, 9.80036e+006, 451, 5861.27, 917, 1380
445, 44407, 7.07995e+006, 2.6263e+006, 9.70625e+006, 448, 5862.28, 917, 1380
446, 44507, 7.12367e+006, 2.65016e+006, 9.77383e+006, 452, 5863.19, 917, 1381
447, 44607, 6.98382e+006, 2.56348e+006, 9.5473e+006, 438, 5852.7, 917, 1381
448, 44707, 6.96387e+006, 2.57682e+006, 9.54069e+006, 440, 5856.42, 917, 1381
449, 44807, 7.06215e+006, 2.62164e+006, 9.68379e+006, 448, 5851.88, 917, 1380
450, 44907, 6.97579e+006, 2.58282e+006, 9.55861e+006, 441, 5856.74, 917, 1380
451, 45017, 7.07196e+006, 2.60844e+006, 9.68041e+006, 446, 5848.53, 917, 1381
452, 45117, 7.09706e+006, 2.61934e+006, 9.7164e+006, 448, 5846.74, 917, 1380
453, 45217, 7.09472e+006, 2.60178e+006, 9.6965e+006, 446, 5833.58, 917, 1380
454, 45317, 7.00557e+006, 2.56936e+006, 9.57493e+006, 441, 5826.21, 917, 1380
455, 45417, 7.09569e+006, 2.64714e+006, 9.74284e+006, 451, 5869.5, 918, 1380
456, 45517, 7.04789e+006, 2.5913e+006, 9.63919e+006, 444, 5836.26, 917, 1380
457, 45617, 6.98722e+006, 2.55963e+006, 9.54685e+006, 439, 5830.59, 917, 1381
458, 45717, 6.97664e+006, 2.55602e+006, 9.53266e+006, 439, 5822.37, 917, 1380
459, 45817, 7.2107e+006, 2.63657e+006, 9.84728e+006, 454, 5807.43, 917, 1380
460, 45917, 7.14475e+006, 2.62468e+006, 9.76943e+006, 451, 5819.69, 917, 1380
461, 46017, 7.06019e+006, 2.60065e+006, 9.66084e+006, 447, 5818, 917, 1380
462, 46117, 6.98987e+006, 2.55217e+006, 9.54204e+006, 439, 5813.6, 917, 1380
463, 46217, 7.03125e+006, 2.57039e+006, 9.60164e+006, 443, 5802.23, 917, 1381
464, 46317, 7.07258e+006, 2.60866e+006, 9.68124e+006, 449, 5809.94, 917, 1380
465, 46417, 6.99305e+006, 2.55218e+006, 9.54523e+006, 440, 5800.4, 917, 1380
466, 46517, 7.10342e+006, 2.58805e+006, 9.69147e+006, 446, 5802.8, 917, 1380
467, 46617, 7.00936e+006, 2.56657e+006, 9.57593e+006, 443, 5793.61, 917, 1380
468, 46717, 7.04522e+006, 2.56346e+006, 9.60868e+006, 443, 5786.6, 917, 1380
469, 46817, 6.97699e+006, 2.55274e+006, 9.52973e+006, 441, 5788.53, 917, 1380
470, 46917, 6.93521e+006, 2.5322e+006, 9.46741e+006, 437, 5794.52, 917, 1380
471, 47017, 7.08225e+006, 2.59059e+006, 9.67284e+006, 448, 5782.57, 917, 1380
472, 47117, 7.1827e+006, 2.62017e+006, 9.80288e+006, 454, 5771.31, 917, 1380
473, 47217, 7.01015e+006, 2.56247e+006, 9.57262e+006, 444, 5771.33, 917, 1380
474, 47317, 6.80425e+006, 2.49368e+006, 9.29793e+006, 429, 5812.77, 918, 1380
475, 47417, 6.94356e+006, 2.52283e+006, 9.46639e+006, 438, 5759.88, 917, 1380
476, 47517, 6.97556e+006, 2.55288e+006, 9.52844e+006, 441, 5788.85, 918, 1380
477, 47617, 7.00109e+006, 2.54975e+006, 9.55083e+006, 443, 5755.63, 917, 1380
478, 47717, 7.10966e+006, 2.58536e+006, 9.69502e+006, 449, 5758.04, 917, 1380
479, 47817, 7.08574e+006, 2.58322e+006, 9.66896e+006, 449, 5753.27, 917, 1380
480, 47917, 7.0904e+006, 2.61392e+006, 9.70433e+006, 452, 5783.01, 918, 1380
481, 48017, 7.00042e+006, 2.54238e+006, 9.5428e+006, 443, 5739, 917, 1380
482, 48117, 6.88249e+006, 2.48425e+006, 9.36674e+006, 433, 5737.3, 917, 1380
483, 48217, 7.03252e+006, 2.58043e+006, 9.61295e+006, 446, 5785.71, 918, 1380
484, 48317, 6.81448e+006, 2.49337e+006, 9.30785e+006, 432, 5771.7, 918, 1380
485, 48417, 6.92017e+006, 2.50514e+006, 9.42531e+006, 437, 5732.58, 917, 1380
486, 48517, 6.88427e+006, 2.50907e+006, 9.39334e+006, 437, 5741.59, 917, 1380
487, 48617, 6.95905e+006, 2.52649e+006, 9.48553e+006, 439, 5755.09, 918, 1380
488, 48717, 6.61096e+006, 2.37788e+006, 8.98884e+006, 419, 5675.13, 917, 1380
489, 48817, 6.33863e+006, 2.24482e+006, 8.58345e+006, 401, 5598.06, 917, 1380
490, 48917, 6.42601e+006, 2.2999e+006, 8.72591e+006, 411, 5595.85, 917, 1380
491, 49017, 6.49832e+006, 2.35083e+006, 8.84915e+006, 418, 5623.99, 918, 1380
492, 49117, 6.30029e+006, 2.26763e+006, 8.56793e+006, 403, 5626.89, 918, 1380
493, 49217, 6.29487e+006, 2.24926e+006, 8.54414e+006, 403, 5581.3, 917, 1380
494, 49317, 6.4086e+006, 2.2933e+006, 8.7019e+006, 408, 5620.84, 918, 1380
495, 49417, 6.44267e+006, 2.30997e+006, 8.75264e+006, 413, 5593.15, 917, 1380
496, 49517, 6.36714e+006, 2.26249e+006, 8.62963e+006, 406, 5572.63, 917, 1380
497, 49617, 6.39601e+006, 2.27426e+006, 8.67027e+006, 407, 5587.86, 917, 1380
498, 49717, 6.41019e+006, 2.29446e+006, 8.70465e+006, 408, 5623.68, 918, 1380
499, 49817, 6.33111e+006, 2.25141e+006, 8.58252e+006, 404, 5572.8, 917, 1380
500, 49917, 6.34534e+006, 2.26072e+006, 8.60607e+006, 406, 5568.29, 917, 1380
501, 50017, 6.30136e+006, 2.24998e+006, 8.55134e+006, 403, 5583.07, 917, 1380
502, 50117, 6.33954e+006, 2.24947e+006, 8.58901e+006, 404, 5567.99, 917, 1380
503, 50217, 6.25632e+006, 2.21699e+006, 8.47331e+006, 398, 5570.34, 917, 1380
504, 50317, 6.23711e+006, 2.20178e+006, 8.43888e+006, 396, 5560.04, 917, 1380
505, 50417, 6.36425e+006, 2.27585e+006, 8.6401e+006, 408, 5578.06, 917, 1380
506, 50517, 6.23808e+006, 2.20061e+006, 8.43869e+006, 396, 5557.1, 917, 1380
507, 50617, 6.44086e+006, 2.29829e+006, 8.73916e+006, 412, 5578.38, 918, 1380
508, 50717, 6.41358e+006, 2.28429e+006, 8.69787e+006, 409, 5585.06, 918, 1380
509, 50817, 6.28985e+006, 2.24554e+006, 8.53538e+006, 402, 5585.91, 918, 1380
510, 50917, 6.36679e+006, 2.25774e+006, 8.62453e+006, 405, 5574.67, 918, 1380
511, 51017, 6.36015e+006, 2.24258e+006, 8.60274e+006, 405, 5537.24, 917, 1380
512, 51117, 6.28786e+006, 2.21496e+006, 8.50282e+006, 400, 5537.4, 917, 1380
513, 51217, 6.30152e+006, 2.22373e+006, 8.52525e+006, 401, 5545.46, 917, 1380
514, 51317, 6.24795e+006, 2.22636e+006, 8.47431e+006, 400, 5565.89, 918, 1380
515, 51417, 6.20644e+006, 2.18229e+006, 8.38873e+006, 394, 5538.81, 917, 1380
516, 51517, 6.20744e+006, 2.173e+006, 8.38044e+006, 393, 5529.27, 917, 1380
517, 51617, 6.26149e+006, 2.18937e+006, 8.45086e+006, 396, 5528.7, 917, 1380
518, 51717, 6.5509e+006, 2.30972e+006, 8.86062e+006, 418, 5525.65, 917, 1380
519, 51817, 6.26774e+006, 2.19194e+006, 8.45968e+006, 398, 5507.38, 917, 1380
520, 51917, 6.30011e+006, 2.20348e+006, 8.5036e+006, 399, 5522.52, 917, 1380
521, 52017, 6.28881e+006, 2.19772e+006, 8.48653e+006, 398, 5521.92, 917, 1380
522, 52117, 6.2022e+006, 2.19178e+006, 8.39398e+006, 395, 5548.81, 918, 1380
523, 52217, 6.24406e+006, 2.18715e+006, 8.43121e+006, 396, 5523.11, 917, 1380
524, 52317, 6.21672e+006, 2.16707e+006, 8.38379e+006, 394, 5500.17, 917, 1380
525, 52417, 6.11934e+006, 2.14353e+006, 8.26288e+006, 389, 5510.37, 917, 1380
526, 52517, 6.32513e+006, 2.20671e+006, 8.53183e+006, 400, 5516.77, 917, 1380
527, 52617, 6.31929e+006, 2.21244e+006, 8.53173e+006, 402, 5503.58, 917, 1380
528, 52717, 6.25718e+006, 2.19275e+006, 8.44993e+006, 398, 5509.43, 917, 1380
529, 52818, 6.36456e+006, 2.23e+006, 8.59457e+006, 405, 5506.18, 917, 1380
530, 52918, 6.18619e+006, 2.15743e+006, 8.34362e+006, 392, 5503.65, 917, 1380
531, 53018, 6.2272e+006, 2.19416e+006, 8.42137e+006, 398, 5512.97, 918, 1380
532, 53118, 6.26469e+006, 2.19117e+006, 8.45586e+006, 399, 5491.64, 917, 1380
533, 53218, 6.08339e+006, 2.10234e+006, 8.18573e+006, 384, 5474.83, 917, 1380
534, 53318, 6.20661e+006, 2.15032e+006, 8.35693e+006, 393, 5471.55, 917, 1380
535, 53418, 6.05139e+006, 2.10678e+006, 8.15817e+006, 384, 5486.4, 917, 1380
536, 53518, 6.16103e+006, 2.13886e+006, 8.2999e+006, 390, 5484.26, 917, 1380
537, 53618, 6.3046e+006, 2.21175e+006, 8.51634e+006, 402, 5501.85, 918, 1380
538, 53718, 6.23048e+006, 2.16509e+006, 8.39557e+006, 396, 5467.39, 917, 1380
539, 53818, 6.22915e+006, 2.15804e+006, 8.38718e+006, 395, 5463.38, 917, 1380
540, 53918, 6.00285e+006, 2.0854e+006, 8.08825e+006, 379, 5502.37, 918, 1380
541, 54018, 6.30218e+006, 2.20094e+006, 8.50312e+006, 402, 5474.97, 917, 1380
542, 54118, 6.20869e+006, 2.16672e+006, 8.37541e+006, 396, 5471.51, 917, 1380
543, 54218, 6.16763e+006, 2.14225e+006, 8.30988e+006, 393, 5451.01, 917, 1380
544, 54318, 6.29706e+006, 2.18246e+006, 8.47952e+006, 400, 5456.14, 917, 1380
545, 54418, 6.25824e+006, 2.17787e+006, 8.43612e+006, 399, 5458.33, 917, 1380
546, 54518, 6.15032e+006, 2.14295e+006, 8.29327e+006, 393, 5452.8, 917, 1380
547, 54618, 6.1238e+006, 2.12705e+006, 8.25086e+006, 390, 5453.98, 917, 1380
548, 54718, 6.26291e+006, 2.16234e+006, 8.42525e+006, 396, 5460.45, 917, 1380
549, 54818, 6.06716e+006, 2.11072e+006, 8.17789e+006, 385, 5482.4, 918, 1380
550, 54918, 6.03988e+006, 2.09449e+006, 8.13437e+006, 382, 5482.95, 918, 1380
551, 55018, 6.23928e+006, 2.15771e+006, 8.39699e+006, 398, 5421.38, 917, 1380
552, 55118, 6.17287e+006, 2.13344e+006, 8.30631e+006, 392, 5442.44, 917, 1380
553, 55218, 6.25569e+006, 2.16045e+006, 8.41613e+006, 397, 5441.93, 917, 1380
554, 55318, 6.11647e+006, 2.1342e+006, 8.25068e+006, 391, 5458.32, 918, 1380
555, 55418, 6.15554e+006, 2.11509e+006, 8.27063e+006, 390, 5423.32, 917, 1380
556, 55518, 6.03812e+006, 2.07063e+006, 8.10875e+006, 381, 5434.72, 917, 1380
557, 55618, 6.26659e+006, 2.15853e+006, 8.42513e+006, 398, 5423.45, 917, 1380
558, 55718, 6.12094e+006, 2.09163e+006, 8.21257e+006, 387, 5404.74, 917, 1380
559, 55818, 6.13728e+006, 2.1392e+006, 8.27648e+006, 392, 5457.14, 918, 1380
560, 55918, 6.27073e+006, 2.15965e+006, 8.43038e+006, 398, 5426.25, 917, 1380
561, 56018, 5.97252e+006, 2.04642e+006, 8.01894e+006, 378, 5413.81, 917, 1380
562, 56118, 6.27946e+006, 2.15585e+006, 8.4353e+006, 398, 5416.7, 917, 1380
563, 56218, 6.17673e+006, 2.13436e+006, 8.31109e+006, 394, 5417.15, 917, 1380
564, 56318, 6.02255e+006, 2.07517e+006, 8.09772e+006, 381, 5446.65, 918, 1379
565, 56418, 6.15071e+006, 2.11946e+006, 8.27017e+006, 392, 5406.78, 917, 1380
566, 56518, 6.11417e+006, 2.07869e+006, 8.19286e+006, 385, 5399.2, 917, 1380
567, 56618, 6.21352e+006, 2.1342e+006, 8.34772e+006, 396, 5389.4, 917, 1380
568, 56718, 6.11199e+006, 2.0977e+006, 8.20969e+006, 388, 5406.44, 917, 1380
569, 56818, 6.16657e+006, 2.10928e+006, 8.27584e+006, 391, 5394.57, 917, 1380
570, 56918, 6.08931e+006, 2.08631e+006, 8.17561e+006, 387, 5390.97, 917, 1380
571, 57018, 6.20886e+006, 2.14329e+006, 8.35215e+006, 395, 5426.06, 918, 1379
572, 57118, 6.21369e+006, 2.12657e+006, 8.34026e+006, 395, 5383.73, 917, 1380
573, 57218, 6.14596e+006, 2.12474e+006, 8.2707e+006, 392, 5420.25, 918, 1379
574, 57318, 6.08625e+006, 2.08011e+006, 8.16636e+006, 386, 5388.88, 917, 1380
575, 57418, 6.13324e+006, 2.11142e+006, 8.24466e+006, 390, 5413.91, 918, 1380
576, 57518, 6.20736e+006, 2.10927e+006, 8.31663e+006, 392, 5380.79, 917, 1379
577, 57618, 6.07341e+006, 2.08103e+006, 8.15444e+006, 385, 5405.27, 918, 1380
578, 57718, 6.11405e+006, 2.08764e+006, 8.2017e+006, 388, 5380.52, 917, 1380
579, 57818, 6.20572e+006, 2.13117e+006, 8.33689e+006, 395, 5395.37, 918, 1379
580, 57918, 6.15702e+006, 2.10113e+006, 8.25815e+006, 389, 5401.37, 918, 1379
581, 58018, 6.16885e+006, 2.10633e+006, 8.27518e+006, 391, 5387.03, 918, 1380
582, 58118, 6.06647e+006, 2.0611e+006, 8.12756e+006, 384, 5367.44, 917, 1379
583, 58218, 6.20623e+006, 2.12343e+006, 8.32965e+006, 395, 5375.77, 917, 1379
584, 58318, 6.13425e+006, 2.07838e+006, 8.21263e+006, 387, 5370.49, 917, 1379
585, 58418, 6.25014e+006, 2.13041e+006, 8.38056e+006, 398, 5352.79, 917, 1380
586, 58518, 6.09611e+006, 2.08587e+006, 8.18198e+006, 387, 5389.85, 918, 1379
587, 58618, 6.19374e+006, 2.09489e+006, 8.28863e+006, 392, 5344.11, 917, 1379
588, 58718, 6.0036e+006, 2.03585e+006, 8.03945e+006, 380, 5357.49, 917, 1379
589, 58818, 6.12035e+006, 2.09138e+006, 8.21173e+006, 389, 5376.3, 918, 1379
590, 58918, 6.18188e+006, 2.08573e+006, 8.26761e+006, 390, 5348.02, 917, 1379
591, 59018, 6.18722e+006, 2.11606e+006, 8.30328e+006, 395, 5357.11, 918, 1379
592, 59118, 6.15262e+006, 2.08817e+006, 8.24079e+006, 391, 5340.59, 917, 1379
593, 59218, 6.04398e+006, 2.05944e+006, 8.10342e+006, 384, 5363.12, 918, 1379
594, 59318, 6.11966e+006, 2.08547e+006, 8.20513e+006, 389, 5361.11, 918, 1379
595, 59418, 6.17017e+006, 2.10692e+006, 8.27709e+006, 393, 5361.11, 918, 1379
596, 59518, 5.95799e+006, 2.0202e+006, 7.97819e+006, 379, 5330.35, 917, 1379
597, 59618, 6.21809e+006, 2.11096e+006, 8.32905e+006, 396, 5330.72, 917, 1379
598, 59718, 6.10867e+006, 2.06273e+006, 8.17141e+006, 388, 5316.33, 917, 1379
599, 59818, 5.92338e+006, 1.98832e+006, 7.9117e+006, 374, 5316.37, 917, 1379
600, 59918, 6.01785e+006, 2.03735e+006, 8.0552e+006, 381, 5347.37, 918, 1379