2, 100, 5.00451e+007, 3.85534e+007, 8.85985e+007, 6791, 5677.13, 1307, 870
3, 200, 5.00892e+007, 3.85024e+007, 8.85915e+007, 6796, 5665.44, 1307, 870
4, 300, 4.9921e+007, 3.82156e+007, 8.81365e+007, 6741, 5669.12, 1306, 870
5, 400, 4.98295e+007, 3.86215e+007, 8.8451e+007, 6777, 5698.9, 1306, 870
6, 500, 4.95077e+007, 3.83965e+007, 8.79042e+007, 6730, 5705.28, 1304, 869
7, 600, 4.98154e+007, 3.84912e+007, 8.83066e+007, 6766, 5688.92, 1304, 868
8, 700, 4.96643e+007, 3.79127e+007, 8.7577e+007, 6711, 5649.33, 1306, 870
9, 801, 4.98972e+007, 3.81887e+007, 8.80859e+007, 6768, 5642.53, 1307, 870
10, 901, 4.96993e+007, 3.80484e+007, 8.77477e+007, 6722, 5660.28, 1307, 870
11, 1001, 4.9838e+007, 3.81519e+007, 8.799e+007, 6760, 5643.78, 1307, 870
12, 1101, 4.93468e+007, 3.74482e+007, 8.6795e+007, 6652, 5629.61, 1307, 870
13, 1200, 4.91076e+007, 3.81278e+007, 8.72354e+007, 6693, 5696.66, 1304, 868
14, 1300, 4.96476e+007, 3.77313e+007, 8.73788e+007, 6707, 5625.65, 1306, 869
15, 1400, 4.99021e+007, 3.73751e+007, 8.72773e+007, 6692, 5585.05, 1307, 870
16, 1500, 4.93473e+007, 3.78557e+007, 8.7203e+007, 6702, 5648.42, 1305, 869
17, 1600, 4.93966e+007, 3.75114e+007, 8.6908e+007, 6673, 5621.37, 1307, 870
18, 1700, 4.91659e+007, 3.69536e+007, 8.61195e+007, 6602, 5597.33, 1307, 870
19, 1800, 4.9381e+007, 3.6998e+007, 8.6379e+007, 6629, 5581.23, 1307, 870
20, 1900, 4.92568e+007, 3.69916e+007, 8.62483e+007, 6622, 5586.16, 1306, 870
21, 2000, 4.94292e+007, 3.71801e+007, 8.66094e+007, 6643, 5596.89, 1306, 870
22, 2100, 4.92937e+007, 3.70985e+007, 8.63922e+007, 6625, 5599.77, 1306, 870
23, 2200, 4.90611e+007, 3.75463e+007, 8.66074e+007, 6660, 5637.58, 1304, 869
24, 2300, 4.93128e+007, 3.68011e+007, 8.6114e+007, 6610, 5567.49, 1307, 870
25, 2400, 4.87933e+007, 3.728e+007, 8.60732e+007, 6617, 5633.97, 1304, 868
26, 2501, 4.93236e+007, 3.66231e+007, 8.59468e+007, 6587, 5559.91, 1306, 870
27, 2601, 4.87746e+007, 3.66022e+007, 8.53769e+007, 6556, 5583.02, 1306, 870
28, 2701, 4.89746e+007, 3.64496e+007, 8.54242e+007, 6559, 5557.19, 1307, 870
29, 2800, 4.89891e+007, 3.62851e+007, 8.52742e+007, 6553, 5537.18, 1307, 870
30, 2900, 4.90305e+007, 3.6288e+007, 8.53185e+007, 6547, 5542.7, 1306, 870
31, 3001, 4.89784e+007, 3.61609e+007, 8.51394e+007, 6540, 5529.2, 1307, 870
32, 3101, 4.88146e+007, 3.61468e+007, 8.49614e+007, 6530, 5535.5, 1307, 870
33, 3201, 4.86659e+007, 3.61279e+007, 8.47937e+007, 6521, 5540.24, 1305, 869
34, 3301, 4.88016e+007, 3.60297e+007, 8.48313e+007, 6527, 5520.1, 1307, 870
35, 3401, 4.84371e+007, 3.59696e+007, 8.44067e+007, 6492, 5540.61, 1306, 870
36, 3501, 4.88275e+007, 3.56381e+007, 8.44656e+007, 6493, 5488.69, 1307, 870
37, 3601, 4.84466e+007, 3.57503e+007, 8.41968e+007, 6472, 5523.84, 1306, 869
38, 3700, 4.86929e+007, 3.5745e+007, 8.44379e+007, 6500, 5499.23, 1307, 870
39, 3800, 4.84871e+007, 3.57173e+007, 8.42044e+007, 6480, 5511.93, 1307, 870
40, 3900, 4.86233e+007, 3.55232e+007, 8.41465e+007, 6474, 5487.05, 1307, 870
41, 4000, 4.8416e+007, 3.59245e+007, 8.43404e+007, 6492, 5533.65, 1305, 869
42, 4100, 4.85716e+007, 3.55939e+007, 8.41654e+007, 6478, 5494.58, 1306, 870
43, 4201, 4.80628e+007, 3.52391e+007, 8.33019e+007, 6414, 5494.09, 1306, 870
44, 4300, 4.84845e+007, 3.56e+007, 8.40844e+007, 6480, 5493.82, 1306, 870
45, 4400, 4.83291e+007, 3.54199e+007, 8.37491e+007, 6451, 5490.61, 1305, 869
46, 4501, 4.85713e+007, 3.54046e+007, 8.39759e+007, 6474, 5468.74, 1306, 870
47, 4600, 4.80664e+007, 3.52147e+007, 8.32811e+007, 6407, 5496.29, 1305, 869
48, 4700, 4.83902e+007, 3.50592e+007, 8.34494e+007, 6428, 5454.13, 1306, 870
49, 4800, 4.79667e+007, 3.52367e+007, 8.32035e+007, 6417, 5491.16, 1305, 869
50, 4900, 4.78379e+007, 3.512e+007, 8.29579e+007, 6402, 5485.78, 1305, 869
51, 5000, 4.77913e+007, 3.49835e+007, 8.27748e+007, 6371, 5491.06, 1304, 869
52, 5100, 4.78704e+007, 3.49269e+007, 8.27973e+007, 6375, 5478.74, 1305, 869
53, 5200, 4.78274e+007, 3.50592e+007, 8.28866e+007, 6379, 5496.03, 1304, 868
54, 5300, 4.80596e+007, 3.46558e+007, 8.27154e+007, 6371, 5439.61, 1307, 870
55, 5400, 4.79945e+007, 3.44164e+007, 8.24109e+007, 6364, 5407.98, 1307, 870
56, 5500, 4.80554e+007, 3.4508e+007, 8.25634e+007, 6370, 5417.27, 1306, 870
57, 5600, 4.78928e+007, 3.43373e+007, 8.22301e+007, 6339, 5416.83, 1306, 870
58, 5700, 4.81999e+007, 3.4946e+007, 8.31459e+007, 6422, 5441.6, 1306, 870
59, 5800, 4.76658e+007, 3.4019e+007, 8.16848e+007, 6290, 5408.43, 1307, 870
60, 5900, 4.77134e+007, 3.40492e+007, 8.17626e+007, 6304, 5401.21, 1307, 870
61, 6000, 4.7657e+007, 3.41735e+007, 8.18305e+007, 6310, 5415.77, 1306, 870
62, 6100, 4.73926e+007, 3.43055e+007, 8.16981e+007, 6304, 5441.86, 1305, 869
63, 6200, 4.78836e+007, 3.43463e+007, 8.22299e+007, 6348, 5410.58, 1306, 870
64, 6300, 4.74749e+007, 3.41688e+007, 8.16437e+007, 6302, 5421.9, 1305, 869
65, 6400, 4.79302e+007, 3.39865e+007, 8.19167e+007, 6325, 5373.36, 1307, 870
66, 6500, 4.73511e+007, 3.41362e+007, 8.14873e+007, 6289, 5427.92, 1304, 869
67, 6600, 4.76142e+007, 3.38848e+007, 8.14989e+007, 6288, 5388.8, 1307, 870
68, 6701, 4.75582e+007, 3.37067e+007, 8.1265e+007, 6263, 5381.88, 1306, 870
69, 6800, 4.73689e+007, 3.36094e+007, 8.09783e+007, 6248, 5379.22, 1307, 870
70, 6900, 4.76957e+007, 3.36772e+007, 8.13729e+007, 6291, 5353.24, 1306, 870
71, 7001, 4.76557e+007, 3.36923e+007, 8.1348e+007, 6283, 5362.45, 1307, 870
72, 7101, 4.72424e+007, 3.38175e+007, 8.10599e+007, 6267, 5396.13, 1304, 869
73, 7200, 4.74235e+007, 3.37596e+007, 8.11831e+007, 6274, 5380.87, 1304, 869
74, 7300, 4.69822e+007, 3.33096e+007, 8.02917e+007, 6203, 5369.91, 1306, 870
75, 7400, 4.74263e+007, 3.34667e+007, 8.0893e+007, 6246, 5358.11, 1306, 870
76, 7500, 4.71428e+007, 3.33973e+007, 8.05401e+007, 6233, 5358.15, 1306, 870
77, 7600, 4.72111e+007, 3.34904e+007, 8.07016e+007, 6238, 5368.77, 1305, 869
78, 7700, 4.69839e+007, 3.33924e+007, 8.03763e+007, 6222, 5366.82, 1306, 869
79, 7800, 4.73395e+007, 3.33168e+007, 8.06563e+007, 6240, 5339.23, 1306, 870
80, 7900, 4.70308e+007, 3.31003e+007, 8.01311e+007, 6200, 5338.76, 1306, 870
81, 8000, 4.70342e+007, 3.31807e+007, 8.02149e+007, 6221, 5333.65, 1307, 870
82, 8100, 4.68539e+007, 3.25447e+007, 7.93987e+007, 6139, 5301.31, 1306, 870
83, 8200, 4.7094e+007, 3.30218e+007, 8.01158e+007, 6213, 5314.95, 1306, 870
84, 8300, 4.67778e+007, 3.26044e+007, 7.93822e+007, 6138, 5311.89, 1307, 870
85, 8400, 4.66501e+007, 3.32281e+007, 7.98782e+007, 6184, 5373.23, 1304, 868
86, 8500, 4.67828e+007, 3.25881e+007, 7.93708e+007, 6135, 5311.83, 1306, 870
87, 8600, 4.66002e+007, 3.24706e+007, 7.90708e+007, 6122, 5303.92, 1306, 870
88, 8700, 4.66642e+007, 3.23463e+007, 7.90105e+007, 6119, 5286.21, 1306, 870
89, 8800, 4.68003e+007, 3.25282e+007, 7.93286e+007, 6146, 5292.59, 1306, 870
90, 8900, 4.67763e+007, 3.22592e+007, 7.90355e+007, 6113, 5277.15, 1306, 870
91, 9000, 4.65616e+007, 3.21407e+007, 7.87023e+007, 6082, 5284.56, 1306, 870
92, 9101, 4.67018e+007, 3.24533e+007, 7.91552e+007, 6135, 5289.87, 1306, 870
93, 9201, 4.66977e+007, 3.24389e+007, 7.91366e+007, 6136, 5286.65, 1306, 870
94, 9300, 4.64874e+007, 3.20724e+007, 7.85598e+007, 6082, 5273.32, 1306, 870
95, 9400, 4.63938e+007, 3.18798e+007, 7.82736e+007, 6061, 5259.82, 1306, 870
96, 9501, 4.64208e+007, 3.16799e+007, 7.81007e+007, 6047, 5238.94, 1307, 870
97, 9601, 4.63473e+007, 3.20648e+007, 7.84121e+007, 6085, 5269.48, 1306, 869
98, 9701, 4.64064e+007, 3.18225e+007, 7.82288e+007, 6066, 5246.04, 1306, 870
99, 9800, 4.57852e+007, 3.17695e+007, 7.75547e+007, 6000, 5294.92, 1305, 869
100, 9900, 4.56927e+007, 3.16425e+007, 7.73352e+007, 5992, 5280.79, 1304, 869
101, 10000, 4.6301e+007, 3.17881e+007, 7.80891e+007, 6050, 5254.23, 1306, 870
102, 10100, 4.62994e+007, 3.1579e+007, 7.78784e+007, 6042, 5226.58, 1306, 870
103, 10200, 4.606e+007, 3.17109e+007, 7.7771e+007, 6029, 5259.73, 1305, 869
104, 10300, 4.57198e+007, 3.16683e+007, 7.73882e+007, 6005, 5273.66, 1305, 869
105, 10400, 4.60831e+007, 3.15809e+007, 7.76641e+007, 6023, 5243.39, 1305, 869
106, 10500, 4.61726e+007, 3.15693e+007, 7.77419e+007, 6032, 5233.64, 1306, 870
107, 10600, 4.60635e+007, 3.14195e+007, 7.74829e+007, 6010, 5227.86, 1306, 870
108, 10700, 4.5896e+007, 3.13186e+007, 7.72146e+007, 5983, 5234.6, 1306, 870
109, 10801, 4.59328e+007, 3.12207e+007, 7.71535e+007, 5990, 5212.13, 1307, 870
110, 10901, 4.63843e+007, 3.17159e+007, 7.81003e+007, 6062, 5231.92, 1306, 870
111, 11000, 4.60542e+007, 3.13404e+007, 7.73945e+007, 6012, 5212.97, 1306, 870
112, 11101, 4.60269e+007, 3.13796e+007, 7.74065e+007, 6005, 5225.57, 1304, 869
113, 11201, 4.63831e+007, 3.05135e+007, 7.68966e+007, 5963, 5117.14, 1309, 874
114, 11300, 4.61802e+007, 3.13976e+007, 7.75778e+007, 6032, 5205.17, 1306, 870
115, 11400, 4.55779e+007, 3.10872e+007, 7.66651e+007, 5957, 5218.59, 1306, 870
116, 11500, 4.57436e+007, 3.09746e+007, 7.67181e+007, 5964, 5193.59, 1306, 870
117, 11600, 4.56516e+007, 3.08937e+007, 7.65452e+007, 5939, 5201.83, 1306, 870
118, 11700, 4.56537e+007, 3.07904e+007, 7.64441e+007, 5935, 5187.93, 1306, 870
119, 11800, 4.55422e+007, 3.04919e+007, 7.60341e+007, 5891, 5176.02, 1306, 870
120, 11900, 4.57271e+007, 3.08729e+007, 7.66e+007, 5958, 5181.76, 1306, 870
121, 12000, 4.55819e+007, 3.06268e+007, 7.62087e+007, 5919, 5174.32, 1306, 870
122, 12100, 4.52306e+007, 3.07429e+007, 7.59735e+007, 5898, 5212.42, 1304, 869
123, 12200, 4.55897e+007, 3.06036e+007, 7.61933e+007, 5926, 5164.29, 1307, 870
124, 12300, 4.5571e+007, 3.05891e+007, 7.61601e+007, 5917, 5169.7, 1306, 870
125, 12400, 4.5592e+007, 3.06053e+007, 7.61973e+007, 5923, 5167.2, 1306, 870
126, 12500, 4.51654e+007, 3.04996e+007, 7.5665e+007, 5880, 5187, 1304, 869
127, 12600, 4.51264e+007, 3.06446e+007, 7.57711e+007, 5889, 5203.71, 1303, 869
128, 12700, 4.51773e+007, 3.03709e+007, 7.55482e+007, 5876, 5168.64, 1305, 869
129, 12800, 4.5395e+007, 3.02729e+007, 7.5668e+007, 5877, 5151.09, 1307, 870
130, 12900, 4.52587e+007, 3.0101e+007, 7.53597e+007, 5867, 5130.56, 1306, 870
131, 13000, 4.55541e+007, 3.02783e+007, 7.58324e+007, 5900, 5131.92, 1306, 870
132, 13100, 4.47362e+007, 3.00728e+007, 7.48089e+007, 5818, 5168.92, 1305, 869
133, 13200, 4.53312e+007, 3.02186e+007, 7.55497e+007, 5876, 5142.71, 1306, 870
134, 13300, 4.54916e+007, 3.02361e+007, 7.57277e+007, 5903, 5122.16, 1306, 870
135, 13400, 4.50094e+007, 2.99276e+007, 7.4937e+007, 5834, 5129.86, 1306, 870
136, 13500, 4.48996e+007, 2.99221e+007, 7.48216e+007, 5832, 5130.67, 1306, 870
137, 13600, 4.5064e+007, 2.98283e+007, 7.48923e+007, 5827, 5118.98, 1306, 870
138, 13700, 4.51549e+007, 2.99106e+007, 7.50655e+007, 5839, 5122.55, 1306, 870
139, 13800, 4.50498e+007, 2.9636e+007, 7.46858e+007, 5810, 5100.86, 1307, 870
140, 13900, 4.50167e+007, 2.96829e+007, 7.46996e+007, 5811, 5108.06, 1305, 870
141, 14000, 4.45681e+007, 2.93002e+007, 7.38683e+007, 5750, 5095.69, 1306, 870
142, 14100, 4.48061e+007, 2.94881e+007, 7.42942e+007, 5780, 5101.75, 1306, 870
143, 14201, 4.46105e+007, 2.96297e+007, 7.42402e+007, 5791, 5116.5, 1306, 870
144, 14301, 4.49884e+007, 2.95154e+007, 7.45037e+007, 5816, 5074.85, 1306, 870
145, 14400, 4.47276e+007, 2.94223e+007, 7.415e+007, 5772, 5097.42, 1305, 870
146, 14500, 4.45486e+007, 2.9521e+007, 7.40696e+007, 5777, 5110.09, 1305, 869
147, 14600, 4.42464e+007, 2.93573e+007, 7.36037e+007, 5736, 5118.07, 1304, 869
148, 14700, 4.45745e+007, 2.93418e+007, 7.39162e+007, 5762, 5092.29, 1306, 870
149, 14800, 4.44373e+007, 2.90845e+007, 7.35218e+007, 5734, 5072.29, 1306, 870
150, 14900, 4.48678e+007, 2.94419e+007, 7.43096e+007, 5803, 5073.56, 1306, 870
151, 15000, 4.43966e+007, 2.90519e+007, 7.34485e+007, 5730, 5070.14, 1306, 870
152, 15100, 4.45549e+007, 2.90282e+007, 7.35831e+007, 5741, 5056.3, 1306, 870
153, 15200, 4.43963e+007, 2.9157e+007, 7.35533e+007, 5740, 5079.62, 1306, 870
154, 15300, 4.43204e+007, 2.92956e+007, 7.3616e+007, 5746, 5098.43, 1304, 869
155, 15400, 4.43539e+007, 2.90017e+007, 7.33556e+007, 5730, 5061.38, 1306, 870
156, 15501, 4.40175e+007, 2.90206e+007, 7.30381e+007, 5702, 5089.54, 1304, 869
157, 15600, 4.45788e+007, 2.92667e+007, 7.38454e+007, 5762, 5079.25, 1305, 869
158, 15700, 4.41133e+007, 2.87494e+007, 7.28626e+007, 5689, 5053.5, 1305, 870
159, 15800, 4.41352e+007, 2.89687e+007, 7.31039e+007, 5708, 5075.1, 1305, 869
160, 15900, 4.42676e+007, 2.86223e+007, 7.28898e+007, 5687, 5032.93, 1306, 870
161, 16000, 4.40187e+007, 2.86205e+007, 7.26392e+007, 5674, 5044.15, 1306, 870
162, 16100, 4.39963e+007, 2.85144e+007, 7.25108e+007, 5662, 5036.11, 1306, 870
163, 16201, 4.41241e+007, 2.85553e+007, 7.26794e+007, 5677, 5029.99, 1306, 870
164, 16300, 4.38018e+007, 2.82968e+007, 7.20986e+007, 5622, 5033.23, 1306, 870
165, 16400, 4.38513e+007, 2.81912e+007, 7.20425e+007, 5625, 5011.76, 1306, 870
166, 16500, 4.36707e+007, 2.86188e+007, 7.22895e+007, 5659, 5057.22, 1304, 869
167, 16601, 4.38845e+007, 2.83146e+007, 7.2199e+007, 5647, 5014.09, 1306, 870
168, 16701, 4.38516e+007, 2.8452e+007, 7.23035e+007, 5653, 5033.07, 1306, 870
169, 16806, 4.36995e+007, 2.81972e+007, 7.18967e+007, 5619, 5018.19, 1306, 870
170, 16906, 4.40226e+007, 2.82786e+007, 7.23012e+007, 5656, 4999.76, 1306, 870
171, 17006, 4.3714e+007, 2.80354e+007, 7.17494e+007, 5607, 5000.07, 1306, 870
172, 17106, 4.36237e+007, 2.80513e+007, 7.1675e+007, 5605, 5004.69, 1305, 870
173, 17206, 4.32517e+007, 2.78907e+007, 7.11424e+007, 5571, 5006.41, 1305, 870
174, 17302, 4.3361e+007, 2.78775e+007, 7.12384e+007, 5568, 5006.73, 1305, 870
175, 17402, 4.31042e+007, 2.75991e+007, 7.07033e+007, 5532, 4988.99, 1306, 870
176, 17502, 4.32362e+007, 2.78709e+007, 7.11071e+007, 5569, 5004.66, 1305, 869
177, 17602, 4.30674e+007, 2.74901e+007, 7.05574e+007, 5516, 4983.69, 1306, 870
178, 17702, 4.32802e+007, 2.76741e+007, 7.09543e+007, 5548, 4988.12, 1306, 870
179, 17802, 4.34824e+007, 2.77779e+007, 7.12603e+007, 5585, 4973.67, 1305, 870
180, 17902, 4.3322e+007, 2.75737e+007, 7.08957e+007, 5555, 4963.76, 1306, 870
181, 18002, 4.30159e+007, 2.76891e+007, 7.07049e+007, 5535, 5002.54, 1304, 869
182, 18102, 4.28795e+007, 2.76628e+007, 7.05422e+007, 5521, 5010.46, 1304, 869
183, 18202, 4.32472e+007, 2.75069e+007, 7.07541e+007, 5535, 4969.62, 1305, 870
184, 18302, 4.31968e+007, 2.77057e+007, 7.09025e+007, 5557, 4985.73, 1305, 870
185, 18402, 4.30296e+007, 2.77349e+007, 7.07644e+007, 5547, 4999.97, 1304, 869
186, 18502, 4.31726e+007, 2.73164e+007, 7.0489e+007, 5530, 4939.68, 1306, 870
187, 18602, 4.29505e+007, 2.75498e+007, 7.05003e+007, 5524, 4987.3, 1304, 869
188, 18702, 4.31711e+007, 2.74671e+007, 7.06381e+007, 5540, 4957.96, 1306, 870
189, 18802, 4.31074e+007, 2.7255e+007, 7.03624e+007, 5509, 4947.35, 1306, 870
190, 18902, 4.29566e+007, 2.73257e+007, 7.02823e+007, 5507, 4961.99, 1306, 870
191, 19002, 4.30483e+007, 2.73746e+007, 7.04229e+007, 5517, 4961.86, 1306, 870
192, 19102, 4.30715e+007, 2.7144e+007, 7.02155e+007, 5500, 4935.27, 1306, 870
193, 19202, 4.304e+007, 2.72611e+007, 7.03011e+007, 5511, 4946.68, 1306, 870
194, 19302, 4.26619e+007, 2.69739e+007, 6.96358e+007, 5462, 4938.46, 1305, 869
195, 19402, 4.28296e+007, 2.71452e+007, 6.99748e+007, 5489, 4945.38, 1306, 870
196, 19502, 4.28887e+007, 2.71906e+007, 7.00794e+007, 5502, 4941.95, 1305, 870
197, 19602, 4.29504e+007, 2.7093e+007, 7.00434e+007, 5490, 4934.97, 1306, 870
198, 19702, 4.29923e+007, 2.72372e+007, 7.02295e+007, 5509, 4944.13, 1305, 870
199, 19802, 4.28336e+007, 2.70938e+007, 6.99274e+007, 5477, 4946.83, 1305, 870
200, 19902, 4.24659e+007, 2.69578e+007, 6.94238e+007, 5451, 4945.49, 1304, 869
201, 20002, 4.29284e+007, 2.70147e+007, 6.9943e+007, 5497, 4914.44, 1306, 870
202, 20102, 4.26978e+007, 2.70136e+007, 6.97114e+007, 5472, 4936.69, 1304, 869
203, 20202, 4.25743e+007, 2.69028e+007, 6.94771e+007, 5453, 4933.57, 1305, 869
204, 20302, 4.24537e+007, 2.65289e+007, 6.89826e+007, 5406, 4907.3, 1306, 870
205, 20402, 4.25338e+007, 2.64279e+007, 6.89618e+007, 5406, 4888.63, 1306, 870
206, 20502, 4.23858e+007, 2.65343e+007, 6.892e+007, 5402, 4911.93, 1306, 870
207, 20602, 4.24719e+007, 2.64972e+007, 6.89691e+007, 5408, 4899.63, 1305, 870
208, 20702, 4.22144e+007, 2.65953e+007, 6.88097e+007, 5402, 4923.24, 1304, 869
209, 20802, 4.26357e+007, 2.66617e+007, 6.92974e+007, 5439, 4901.95, 1306, 870
210, 20902, 4.24824e+007, 2.6886e+007, 6.93684e+007, 5453, 4930.5, 1305, 869
211, 21002, 4.23764e+007, 2.63534e+007, 6.87297e+007, 5393, 4886.58, 1306, 870
212, 21102, 4.25772e+007, 2.66447e+007, 6.92218e+007, 5440, 4897.91, 1305, 870
213, 21202, 4.24816e+007, 2.64397e+007, 6.89213e+007, 5406, 4890.8, 1306, 870
214, 21302, 4.25033e+007, 2.64028e+007, 6.89061e+007, 5414, 4876.76, 1306, 870
215, 21402, 4.20578e+007, 2.64331e+007, 6.84908e+007, 5379, 4914.12, 1304, 869
216, 21502, 4.22982e+007, 2.62941e+007, 6.85923e+007, 5384, 4883.76, 1305, 870
217, 21602, 4.22542e+007, 2.62681e+007, 6.85223e+007, 5386, 4877.11, 1306, 870
218, 21702, 4.22753e+007, 2.62698e+007, 6.85451e+007, 5383, 4880.15, 1305, 870
219, 21802, 4.19363e+007, 2.60418e+007, 6.79781e+007, 5334, 4882.22, 1306, 870
220, 21902, 4.20583e+007, 2.63187e+007, 6.8377e+007, 5370, 4901.06, 1304, 869
221, 22012, 4.20673e+007, 2.5982e+007, 6.80493e+007, 5346, 4860.09, 1305, 870
222, 22102, 4.2397e+007, 2.61953e+007, 6.85924e+007, 5393, 4857.28, 1305, 870
223, 22202, 4.19458e+007, 2.58531e+007, 6.77989e+007, 5326, 4854.12, 1305, 870
224, 22302, 4.18156e+007, 2.58062e+007, 6.76218e+007, 5313, 4857.17, 1306, 870
225, 22402, 4.19955e+007, 2.6267e+007, 6.82625e+007, 5368, 4893.26, 1304, 869
226, 22502, 4.17805e+007, 2.60134e+007, 6.77939e+007, 5323, 4886.98, 1304, 869
227, 22602, 4.18259e+007, 2.60136e+007, 6.78395e+007, 5337, 4874.21, 1304, 869
228, 22702, 4.21048e+007, 2.59094e+007, 6.80143e+007, 5346, 4846.51, 1305, 870
229, 22802, 4.19965e+007, 2.57552e+007, 6.77517e+007, 5335, 4827.58, 1306, 870
230, 22902, 4.15317e+007, 2.55213e+007, 6.7053e+007, 5270, 4842.75, 1306, 870
231, 23002, 4.16373e+007, 2.55154e+007, 6.71527e+007, 5281, 4831.55, 1306, 870
232, 23102, 4.14169e+007, 2.56968e+007, 6.71137e+007, 5281, 4865.9, 1305, 870
233, 23202, 4.15168e+007, 2.55045e+007, 6.70213e+007, 5269, 4840.48, 1305, 870
234, 23302, 4.1524e+007, 2.55816e+007, 6.71056e+007, 5280, 4845.01, 1305, 870
235, 23402, 4.14265e+007, 2.54756e+007, 6.69022e+007, 5263, 4840.51, 1306, 870
236, 23502, 4.15747e+007, 2.51834e+007, 6.67582e+007, 5247, 4799.59, 1306, 870
237, 23612, 4.15449e+007, 2.54054e+007, 6.69503e+007, 5262, 4828.09, 1305, 870
238, 23712, 4.16366e+007, 2.54174e+007, 6.70539e+007, 5278, 4815.72, 1306, 870
239, 23812, 4.14312e+007, 2.52864e+007, 6.67176e+007, 5252, 4814.63, 1305, 870
240, 23912, 4.1027e+007, 2.52504e+007, 6.62774e+007, 5218, 4839.09, 1305, 870
241, 24012, 4.12574e+007, 2.5047e+007, 6.63044e+007, 5220, 4798.27, 1305, 870
242, 24112, 4.11705e+007, 2.51668e+007, 6.63373e+007, 5224, 4817.53, 1305, 869
243, 24212, 4.10833e+007, 2.51792e+007, 6.62625e+007, 5225, 4818.98, 1305, 870
244, 24312, 4.09927e+007, 2.50877e+007, 6.60804e+007, 5199, 4825.48, 1304, 869
245, 24412, 4.14243e+007, 2.51394e+007, 6.65637e+007, 5242, 4795.77, 1306, 870
246, 24512, 4.11308e+007, 2.51284e+007, 6.62592e+007, 5226, 4808.35, 1305, 870
247, 24612, 4.13412e+007, 2.51007e+007, 6.64418e+007, 5231, 4798.44, 1305, 870
248, 24712, 4.14893e+007, 2.50393e+007, 6.65286e+007, 5238, 4780.31, 1306, 870
249, 24812, 4.13524e+007, 2.524e+007, 6.65924e+007, 5246, 4811.28, 1306, 870
250, 24912, 4.09093e+007, 2.48196e+007, 6.57289e+007, 5178, 4793.28, 1306, 870
251, 25012, 4.08439e+007, 2.46685e+007, 6.55124e+007, 5159, 4781.63, 1305, 870
252, 25112, 4.10412e+007, 2.47788e+007, 6.582e+007, 5186, 4778.02, 1306, 870
253, 25212, 4.11633e+007, 2.50053e+007, 6.61686e+007, 5216, 4793.96, 1304, 869
254, 25312, 4.10097e+007, 2.49509e+007, 6.59607e+007, 5200, 4798.26, 1305, 870
255, 25412, 4.10028e+007, 2.4849e+007, 6.58518e+007, 5189, 4788.78, 1305, 870
256, 25512, 4.11981e+007, 2.48593e+007, 6.60574e+007, 5205, 4776.05, 1305, 870
257, 25612, 4.11073e+007, 2.46846e+007, 6.57918e+007, 5181, 4764.44, 1305, 870
258, 25712, 4.09279e+007, 2.48859e+007, 6.58139e+007, 5191, 4794.05, 1305, 869
259, 25812, 4.12385e+007, 2.4769e+007, 6.60075e+007, 5204, 4759.61, 1306, 870
260, 25912, 4.11362e+007, 2.4788e+007, 6.59243e+007, 5195, 4771.52, 1306, 870
261, 26012, 4.1166e+007, 2.47929e+007, 6.59588e+007, 5204, 4764.19, 1306, 870
262, 26112, 4.11449e+007, 2.47094e+007, 6.58543e+007, 5193, 4758.21, 1305, 870
263, 26212, 4.11613e+007, 2.49381e+007, 6.60994e+007, 5208, 4788.42, 1305, 870
264, 26312, 4.09867e+007, 2.471e+007, 6.56967e+007, 5175, 4774.88, 1305, 870
265, 26412, 4.08627e+007, 2.45113e+007, 6.53739e+007, 5146, 4763.17, 1305, 870
266, 26512, 4.10343e+007, 2.48031e+007, 6.58374e+007, 5196, 4773.49, 1304, 869
267, 26612, 4.13e+007, 2.46536e+007, 6.59536e+007, 5198, 4742.91, 1306, 870
268, 26712, 4.1056e+007, 2.4695e+007, 6.5751e+007, 5183, 4764.62, 1304, 869
269, 26812, 4.12647e+007, 2.46019e+007, 6.58667e+007, 5186, 4743.91, 1306, 870
270, 26912, 4.1029e+007, 2.46767e+007, 6.57056e+007, 5174, 4769.36, 1304, 869
271, 27012, 4.08891e+007, 2.4373e+007, 6.52621e+007, 5144, 4738.15, 1306, 870
272, 27112, 4.08403e+007, 2.44038e+007, 6.5244e+007, 5137, 4750.59, 1305, 870
273, 27212, 4.07865e+007, 2.45852e+007, 6.53717e+007, 5150, 4773.83, 1304, 869
274, 27312, 4.07969e+007, 2.43898e+007, 6.51867e+007, 5137, 4747.87, 1305, 870
275, 27412, 4.10429e+007, 2.43991e+007, 6.5442e+007, 5152, 4735.85, 1306, 870
276, 27512, 4.07992e+007, 2.42557e+007, 6.50549e+007, 5126, 4731.9, 1306, 871
277, 27612, 4.10368e+007, 2.44551e+007, 6.54918e+007, 5162, 4737.52, 1305, 870
278, 27712, 4.09883e+007, 2.4284e+007, 6.52723e+007, 5154, 4711.69, 1306, 870
279, 27812, 4.10031e+007, 2.45e+007, 6.5503e+007, 5165, 4743.46, 1305, 870
280, 27912, 4.10715e+007, 2.44072e+007, 6.54787e+007, 5163, 4727.33, 1306, 870
281, 28012, 4.08059e+007, 2.43275e+007, 6.51334e+007, 5146, 4727.46, 1306, 870
282, 28112, 4.08403e+007, 2.41921e+007, 6.50323e+007, 5128, 4717.64, 1306, 870
283, 28212, 4.07058e+007, 2.42446e+007, 6.49504e+007, 5128, 4727.89, 1304, 869
284, 28312, 4.10344e+007, 2.42572e+007, 6.52916e+007, 5148, 4711.96, 1305, 870
285, 28412, 4.10185e+007, 2.43806e+007, 6.53991e+007, 5162, 4723.08, 1306, 870
286, 28512, 4.08996e+007, 2.42707e+007, 6.51703e+007, 5135, 4726.53, 1306, 870
287, 28612, 4.07631e+007, 2.44158e+007, 6.51789e+007, 5141, 4749.23, 1304, 870
288, 28712, 4.08902e+007, 2.40779e+007, 6.49682e+007, 5118, 4704.56, 1306, 870
289, 28812, 4.08233e+007, 2.42466e+007, 6.50699e+007, 5124, 4731.97, 1305, 870
290, 28912, 4.08825e+007, 2.41857e+007, 6.50681e+007, 5127, 4717.31, 1305, 870
291, 29012, 4.10742e+007, 2.41502e+007, 6.52243e+007, 5138, 4700.31, 1306, 870
292, 29112, 4.12155e+007, 2.42404e+007, 6.54558e+007, 5175, 4684.13, 1305, 870
293, 29212, 4.06994e+007, 2.39909e+007, 6.46903e+007, 5097, 4706.86, 1306, 870
294, 29312, 4.07063e+007, 2.41237e+007, 6.483e+007, 5112, 4719.03, 1306, 870
295, 29412, 4.05755e+007, 2.41095e+007, 6.4685e+007, 5094, 4732.92, 1304, 869
296, 29512, 4.06437e+007, 2.38793e+007, 6.4523e+007, 5081, 4699.73, 1306, 870
297, 29612, 4.08945e+007, 2.41303e+007, 6.50247e+007, 5135, 4699.18, 1306, 870
298, 29712, 4.07186e+007, 2.3982e+007, 6.47006e+007, 5103, 4699.6, 1306, 870
299, 29812, 4.09366e+007, 2.40934e+007, 6.50299e+007, 5132, 4694.74, 1306, 870
300, 29912, 4.07717e+007, 2.42041e+007, 6.49757e+007, 5118, 4729.2, 1304, 869
301, 30012, 4.06565e+007, 2.38815e+007, 6.45379e+007, 5090, 4691.84, 1306, 870
302, 30112, 4.02315e+007, 2.39916e+007, 6.42231e+007, 5075, 4727.41, 1304, 869
303, 30212, 4.05829e+007, 2.39463e+007, 6.45293e+007, 5087, 4707.36, 1304, 869
304, 30312, 4.06495e+007, 2.38406e+007, 6.44901e+007, 5081, 4692.11, 1305, 870
305, 30412, 4.08414e+007, 2.35988e+007, 6.44401e+007, 5077, 4648.17, 1306, 870
306, 30512, 4.05059e+007, 2.38176e+007, 6.43235e+007, 5075, 4693.12, 1305, 870
307, 30612, 4.04608e+007, 2.37169e+007, 6.41778e+007, 5064, 4683.44, 1305, 870
308, 30712, 4.06332e+007, 2.38214e+007, 6.44546e+007, 5093, 4677.28, 1306, 870
309, 30812, 4.05585e+007, 2.36991e+007, 6.42576e+007, 5075, 4669.78, 1306, 870
310, 30912, 4.05447e+007, 2.38404e+007, 6.43851e+007, 5085, 4688.38, 1304, 869
311, 31012, 4.04308e+007, 2.34777e+007, 6.39085e+007, 5046, 4652.74, 1306, 870
312, 31112, 4.04519e+007, 2.35904e+007, 6.40423e+007, 5056, 4665.83, 1306, 870
313, 31212, 4.06661e+007, 2.37691e+007, 6.44352e+007, 5091, 4668.84, 1306, 870
314, 31312, 4.05697e+007, 2.3617e+007, 6.41867e+007, 5073, 4655.43, 1306, 870
315, 31412, 4.03459e+007, 2.36667e+007, 6.40126e+007, 5057, 4679.98, 1304, 869
316, 31512, 4.05646e+007, 2.37477e+007, 6.43123e+007, 5084, 4671.07, 1304, 870
317, 31612, 4.02385e+007, 2.34496e+007, 6.36881e+007, 5026, 4665.66, 1305, 870
318, 31712, 4.03964e+007, 2.35185e+007, 6.39149e+007, 5049, 4658.05, 1305, 870
319, 31812, 4.04814e+007, 2.35689e+007, 6.40503e+007, 5057, 4660.66, 1305, 870
320, 31912, 4.04266e+007, 2.34208e+007, 6.38475e+007, 5040, 4646.99, 1306, 870
321, 32012, 4.03219e+007, 2.34667e+007, 6.37886e+007, 5038, 4657.95, 1305, 870
322, 32112, 4.01628e+007, 2.32943e+007, 6.34571e+007, 5006, 4653.27, 1305, 870
323, 32213, 4.02499e+007, 2.33969e+007, 6.36468e+007, 5030, 4651.47, 1305, 870
324, 32312, 4.03495e+007, 2.35425e+007, 6.3892e+007, 5055, 4657.27, 1305, 870
325, 32412, 4.03411e+007, 2.34654e+007, 6.38064e+007, 5049, 4647.52, 1306, 870
326, 32512, 3.99901e+007, 2.31734e+007, 6.31635e+007, 4987, 4646.77, 1305, 870
327, 32612, 4.03939e+007, 2.32949e+007, 6.36889e+007, 5031, 4630.27, 1306, 870
328, 32712, 3.99773e+007, 2.31486e+007, 6.31259e+007, 4990, 4638.99, 1305, 870
329, 32812, 3.98257e+007, 2.29343e+007, 6.276e+007, 4961, 4622.92, 1306, 870
330, 32912, 3.99218e+007, 2.28879e+007, 6.28098e+007, 4958, 4616.36, 1305, 870
331, 33012, 3.99986e+007, 2.32215e+007, 6.32201e+007, 4992, 4651.74, 1305, 869
332, 33112, 4.00356e+007, 2.30406e+007, 6.30763e+007, 4989, 4618.29, 1305, 870
333, 33212, 4.00493e+007, 2.30635e+007, 6.31128e+007, 4997, 4615.47, 1306, 870
334, 33312, 3.96962e+007, 2.27891e+007, 6.24853e+007, 4948, 4605.72, 1306, 870
335, 33412, 4.00495e+007, 2.3075e+007, 6.31244e+007, 4994, 4620.54, 1306, 870
336, 33512, 3.99768e+007, 2.28774e+007, 6.28543e+007, 4978, 4595.71, 1306, 870
337, 33612, 3.96192e+007, 2.27818e+007, 6.24011e+007, 4940, 4611.71, 1305, 870
338, 33712, 3.98095e+007, 2.27718e+007, 6.25813e+007, 4966, 4585.54, 1306, 870
339, 33812, 3.97917e+007, 2.27778e+007, 6.25695e+007, 4959, 4593.22, 1306, 870
340, 33912, 3.97535e+007, 2.2719e+007, 6.24724e+007, 4946, 4593.4, 1306, 870
341, 34012, 3.98761e+007, 2.3014e+007, 6.28901e+007, 4989, 4612.95, 1305, 870
342, 34112, 3.93292e+007, 2.25795e+007, 6.19087e+007, 4899, 4609, 1305, 870
343, 34212, 3.9498e+007, 2.25996e+007, 6.20976e+007, 4911, 4601.84, 1305, 870
344, 34312, 3.9562e+007, 2.26563e+007, 6.22184e+007, 4932, 4593.74, 1305, 870
345, 34412, 3.92012e+007, 2.25015e+007, 6.17027e+007, 4891, 4600.59, 1305, 870
346, 34512, 3.9147e+007, 2.23012e+007, 6.14482e+007, 4867, 4582.13, 1305, 870
347, 34612, 3.93941e+007, 2.25259e+007, 6.192e+007, 4905, 4592.44, 1305, 870
348, 34712, 3.91555e+007, 2.23493e+007, 6.15048e+007, 4876, 4583.53, 1305, 870
349, 34812, 3.93848e+007, 2.24664e+007, 6.18513e+007, 4901, 4584.05, 1305, 870
350, 34912, 3.89811e+007, 2.25287e+007, 6.15098e+007, 4879, 4617.49, 1303, 869
351, 35012, 3.90719e+007, 2.22058e+007, 6.12777e+007, 4856, 4572.85, 1305, 870
352, 35112, 3.92125e+007, 2.22388e+007, 6.14513e+007, 4876, 4560.86, 1305, 870
353, 35212, 3.87657e+007, 2.21778e+007, 6.09435e+007, 4841, 4581.25, 1305, 869
354, 35312, 3.90113e+007, 2.21237e+007, 6.1135e+007, 4842, 4569.12, 1305, 870
355, 35412, 3.88475e+007, 2.22042e+007, 6.10517e+007, 4847, 4581.02, 1305, 870
356, 35512, 3.84769e+007, 2.20221e+007, 6.0499e+007, 4805, 4583.17, 1305, 870
357, 35612, 3.89211e+007, 2.21239e+007, 6.10449e+007, 4855, 4556.92, 1305, 870
358, 35712, 3.85504e+007, 2.20259e+007, 6.05763e+007, 4814, 4575.38, 1304, 869
359, 35812, 3.83617e+007, 2.18045e+007, 6.01662e+007, 4778, 4563.53, 1305, 870
360, 35912, 3.88704e+007, 2.19711e+007, 6.08415e+007, 4835, 4544.17, 1305, 870
361, 36012, 3.85131e+007, 2.18168e+007, 6.033e+007, 4805, 4540.45, 1305, 870
362, 36112, 3.82456e+007, 2.16089e+007, 5.98545e+007, 4762, 4537.79, 1306, 870
363, 36212, 3.83525e+007, 2.16051e+007, 5.99577e+007, 4760, 4538.9, 1305, 870
364, 36312, 3.80689e+007, 2.14588e+007, 5.95277e+007, 4732, 4534.82, 1306, 870
365, 36412, 3.82099e+007, 2.16756e+007, 5.98855e+007, 4761, 4552.74, 1305, 870
366, 36512, 3.82796e+007, 2.16143e+007, 5.98939e+007, 4770, 4531.29, 1305, 870
367, 36612, 3.8252e+007, 2.15978e+007, 5.98498e+007, 4765, 4532.59, 1305, 870
368, 36712, 3.82142e+007, 2.15814e+007, 5.97956e+007, 4753, 4540.59, 1305, 870
369, 36812, 3.80401e+007, 2.14797e+007, 5.95198e+007, 4741, 4530.63, 1305, 870
370, 36912, 3.82808e+007, 2.16331e+007, 5.99139e+007, 4772, 4533.34, 1304, 869
371, 37012, 3.80954e+007, 2.16017e+007, 5.96971e+007, 4756, 4541.98, 1305, 870
372, 37112, 3.83173e+007, 2.14793e+007, 5.97966e+007, 4760, 4512.46, 1305, 870
373, 37212, 3.82017e+007, 2.14408e+007, 5.96426e+007, 4746, 4517.67, 1305, 870
374, 37308, 3.78379e+007, 2.12549e+007, 5.90928e+007, 4706, 4516.56, 1305, 870
375, 37408, 3.78722e+007, 2.12567e+007, 5.91288e+007, 4713, 4510.22, 1306, 870
376, 37508, 3.77716e+007, 2.12792e+007, 5.90507e+007, 4712, 4515.95, 1305, 870
377, 37608, 3.78477e+007, 2.11301e+007, 5.89778e+007, 4698, 4497.69, 1305, 870
378, 37708, 3.78701e+007, 2.11821e+007, 5.90522e+007, 4704, 4503, 1305, 870
379, 37808, 3.81984e+007, 2.14795e+007, 5.96779e+007, 4760, 4512.5, 1305, 870
380, 37908, 3.77494e+007, 2.10468e+007, 5.87961e+007, 4688, 4489.49, 1305, 870
381, 38008, 3.74561e+007, 2.12346e+007, 5.86907e+007, 4677, 4540.22, 1304, 869
382, 38108, 3.77e+007, 2.11923e+007, 5.88923e+007, 4697, 4511.88, 1303, 869
383, 38208, 3.75871e+007, 2.11248e+007, 5.87119e+007, 4681, 4512.89, 1305, 870
384, 38308, 3.76048e+007, 2.10276e+007, 5.86324e+007, 4679, 4494.05, 1305, 870
385, 38408, 3.77842e+007, 2.10307e+007, 5.8815e+007, 4691, 4483.21, 1305, 870
386, 38509, 3.74989e+007, 2.09624e+007, 5.84614e+007, 4663, 4495.48, 1306, 870
387, 38608, 3.7682e+007, 2.09027e+007, 5.85848e+007, 4678, 4468.31, 1305, 870
388, 38708, 3.76675e+007, 2.09974e+007, 5.86649e+007, 4688, 4478.96, 1305, 870
389, 38808, 3.7592e+007, 2.08955e+007, 5.84875e+007, 4664, 4480.17, 1305, 870
390, 38908, 3.7477e+007, 2.08384e+007, 5.83154e+007, 4653, 4478.49, 1305, 870
391, 39008, 3.72397e+007, 2.06901e+007, 5.79298e+007, 4613, 4485.17, 1305, 870
392, 39108, 3.76823e+007, 2.08937e+007, 5.8576e+007, 4671, 4473.07, 1305, 870
393, 39209, 3.75464e+007, 2.0933e+007, 5.84794e+007, 4667, 4485.32, 1305, 870
394, 39309, 3.74613e+007, 2.07292e+007, 5.81905e+007, 4644, 4463.65, 1306, 870
395, 39409, 3.74372e+007, 2.0881e+007, 5.83182e+007, 4659, 4481.87, 1305, 870
396, 39509, 3.71221e+007, 2.06084e+007, 5.77306e+007, 4596, 4483.99, 1304, 870
397, 39609, 3.73765e+007, 2.06848e+007, 5.80612e+007, 4628, 4469.48, 1305, 870
398, 39709, 3.74274e+007, 2.07623e+007, 5.81897e+007, 4636, 4478.5, 1305, 870
399, 39809, 3.76414e+007, 2.07659e+007, 5.84073e+007, 4660, 4456.2, 1305, 870
400, 39909, 3.75806e+007, 2.09153e+007, 5.8496e+007, 4669, 4479.62, 1305, 870
401, 40009, 3.75657e+007, 2.08998e+007, 5.84655e+007, 4670, 4475.32, 1305, 870
402, 40109, 3.75021e+007, 2.07573e+007, 5.82593e+007, 4646, 4467.77, 1305, 870
403, 40209, 3.75785e+007, 2.07339e+007, 5.83124e+007, 4652, 4456.99, 1305, 870
404, 40309, 3.75543e+007, 2.06948e+007, 5.82492e+007, 4639, 4461.06, 1305, 870
405, 40409, 3.77441e+007, 2.08784e+007, 5.86225e+007, 4681, 4460.24, 1306, 870
406, 40509, 3.75879e+007, 2.08387e+007, 5.84266e+007, 4664, 4467.99, 1305, 870
407, 40609, 3.73617e+007, 2.07685e+007, 5.81302e+007, 4635, 4480.8, 1305, 870
408, 40709, 3.74651e+007, 2.08602e+007, 5.83254e+007, 4652, 4484.14, 1304, 869
409, 40809, 3.74353e+007, 2.08321e+007, 5.82674e+007, 4650, 4480.02, 1305, 870
410, 40909, 3.76316e+007, 2.07782e+007, 5.84098e+007, 4668, 4451.21, 1305, 870
411, 41009, 3.7422e+007, 2.06075e+007, 5.80295e+007, 4626, 4454.72, 1305, 870
412, 41109, 3.74827e+007, 2.08723e+007, 5.83551e+007, 4652, 4486.74, 1304, 869
413, 41209, 3.75361e+007, 2.06346e+007, 5.81707e+007, 4640, 4447.12, 1306, 870
414, 41309, 3.77231e+007, 2.07824e+007, 5.85055e+007, 4664, 4455.93, 1305, 870
415, 41409, 3.73486e+007, 2.05355e+007, 5.78841e+007, 4612, 4452.61, 1305, 870
416, 41509, 3.76202e+007, 2.0785e+007, 5.84052e+007, 4664, 4456.47, 1304, 870
417, 41609, 3.70964e+007, 2.05261e+007, 5.76225e+007, 4588, 4473.86, 1304, 870
418, 41709, 3.73904e+007, 2.05486e+007, 5.7939e+007, 4618, 4449.68, 1305, 870
419, 41809, 3.74996e+007, 2.06728e+007, 5.81724e+007, 4644, 4451.51, 1305, 870
420, 41909, 3.74837e+007, 2.07674e+007, 5.82511e+007, 4650, 4466.12, 1305, 870
421, 42009, 3.74382e+007, 2.05604e+007, 5.79987e+007, 4625, 4445.5, 1304, 870
422, 42109, 3.73351e+007, 2.04043e+007, 5.77394e+007, 4606, 4429.93, 1305, 870
423, 42209, 3.74296e+007, 2.0402e+007, 5.78316e+007, 4614, 4421.76, 1305, 870
424, 42309, 3.72706e+007, 2.03084e+007, 5.7579e+007, 4587, 4427.38, 1305, 870
425, 42409, 3.76236e+007, 2.06638e+007, 5.82874e+007, 4653, 4440.97, 1305, 870
426, 42509, 3.71841e+007, 2.03802e+007, 5.75643e+007, 4592, 4438.19, 1305, 870
427, 42609, 3.69761e+007, 2.03482e+007, 5.73243e+007, 4578, 4444.78, 1304, 870
428, 42709, 3.70841e+007, 2.0351e+007, 5.74351e+007, 4578, 4445.39, 1305, 870
429, 42809, 3.69591e+007, 2.04022e+007, 5.73614e+007, 4573, 4461.45, 1304, 869
430, 42909, 3.74184e+007, 2.04181e+007, 5.78366e+007, 4618, 4421.43, 1305, 870
431, 43009, 3.72066e+007, 2.02264e+007, 5.7433e+007, 4580, 4416.24, 1305, 870
432, 43109, 3.72762e+007, 2.03688e+007, 5.7645e+007, 4605, 4423.2, 1305, 870
433, 43209, 3.70046e+007, 2.01354e+007, 5.714e+007, 4566, 4409.86, 1305, 870
434, 43309, 3.73184e+007, 2.02622e+007, 5.75806e+007, 4608, 4397.18, 1306, 870
435, 43409, 3.71435e+007, 2.01774e+007, 5.73209e+007, 4575, 4410.35, 1305, 870
436, 43509, 3.68653e+007, 2.00986e+007, 5.69638e+007, 4548, 4419.21, 1305, 870
437, 43609, 3.68518e+007, 1.99514e+007, 5.68032e+007, 4531, 4403.3, 1305, 870
438, 43709, 3.69981e+007, 2.02299e+007, 5.7228e+007, 4575, 4421.84, 1305, 870
439, 43809, 3.69251e+007, 2.01586e+007, 5.70837e+007, 4563, 4417.84, 1305, 870
440, 43909, 3.70005e+007, 2.0186e+007, 5.71865e+007, 4569, 4418.04, 1305, 870
441, 44009, 3.73164e+007, 2.02591e+007, 5.75755e+007, 4607, 4397.46, 1306, 870
442, 44109, 3.70257e+007, 2.0115e+007, 5.71407e+007, 4570, 4401.52, 1305, 870
443, 44209, 3.69049e+007, 2.00094e+007, 5.69143e+007, 4547, 4400.57, 1304, 870
444, 44309, 3.70914e+007, 2.00887e+007, 5.71801e+007, 4569, 4396.74, 1305, 870
445, 44409, 3.6966e+007, 1.98981e+007, 5.68641e+007, 4542, 4380.91, 1306, 870
446, 44509, 3.68927e+007, 1.99173e+007, 5.68099e+007, 4530, 4396.74, 1305, 870
447, 44609, 3.68458e+007, 2.00146e+007, 5.68604e+007, 4543, 4405.58, 1305, 870
448, 44709, 3.68804e+007, 2.00552e+007, 5.69356e+007, 4549, 4408.71, 1305, 870
449, 44809, 3.69774e+007, 2.00104e+007, 5.69878e+007, 4552, 4395.96, 1305, 870
450, 44909, 3.70026e+007, 2.00484e+007, 5.70509e+007, 4568, 4388.88, 1304, 870
451, 45009, 3.7275e+007, 2.01618e+007, 5.74367e+007, 4597, 4385.85, 1305, 870
452, 45109, 3.70803e+007, 2.00451e+007, 5.71255e+007, 4564, 4392.01, 1305, 870
453, 45209, 3.67672e+007, 1.9879e+007, 5.66461e+007, 4526, 4392.17, 1305, 870
454, 45309, 3.69248e+007, 1.99366e+007, 5.68615e+007, 4539, 4392.3, 1305, 870
455, 45409, 3.70289e+007, 1.99598e+007, 5.69887e+007, 4560, 4377.16, 1306, 870
456, 45509, 3.68203e+007, 1.99117e+007, 5.6732e+007, 4540, 4385.85, 1305, 870
457, 45609, 3.71348e+007, 2.01119e+007, 5.72468e+007, 4579, 4392.21, 1305, 870
458, 45709, 3.67354e+007, 1.97619e+007, 5.64973e+007, 4510, 4381.8, 1305, 870
459, 45809, 3.68357e+007, 1.98909e+007, 5.67265e+007, 4541, 4380.29, 1305, 870
460, 45909, 3.69052e+007, 1.98579e+007, 5.67632e+007, 4531, 4382.68, 1304, 870
461, 46009, 3.6991e+007, 1.98772e+007, 5.68682e+007, 4542, 4376.32, 1306, 870
462, 46109, 3.69963e+007, 1.9999e+007, 5.69953e+007, 4559, 4386.7, 1305, 870
463, 46209, 3.67258e+007, 1.98361e+007, 5.65619e+007, 4528, 4380.76, 1305, 870
464, 46309, 3.67473e+007, 1.97672e+007, 5.65145e+007, 4526, 4367.48, 1305, 870
465, 46409, 3.67208e+007, 1.97235e+007, 5.64442e+007, 4515, 4368.43, 1305, 870
466, 46509, 3.6711e+007, 1.98661e+007, 5.6577e+007, 4535, 4380.61, 1305, 870
467, 46609, 3.65373e+007, 1.96616e+007, 5.61988e+007, 4501, 4368.27, 1305, 870
468, 46709, 3.63657e+007, 1.9526e+007, 5.58917e+007, 4472, 4366.27, 1305, 870
469, 46809, 3.64387e+007, 1.95956e+007, 5.60343e+007, 4488, 4366.22, 1305, 870
470, 46909, 3.6449e+007, 1.9572e+007, 5.6021e+007, 4488, 4360.96, 1305, 870
471, 47009, 3.64112e+007, 1.94476e+007, 5.58589e+007, 4475, 4345.84, 1305, 870
472, 47109, 3.61874e+007, 1.93988e+007, 5.55861e+007, 4457, 4352.43, 1304, 870
473, 47209, 3.62319e+007, 1.93721e+007, 5.5604e+007, 4458, 4345.47, 1305, 870
474, 47312, 3.60474e+007, 1.91845e+007, 5.52319e+007, 4423, 4337.43, 1305, 870
475, 47412, 3.62462e+007, 1.93968e+007, 5.5643e+007, 4465, 4344.19, 1305, 870
476, 47512, 3.60778e+007, 1.93566e+007, 5.54344e+007, 4444, 4355.68, 1305, 870
477, 47612, 3.64489e+007, 1.94876e+007, 5.59365e+007, 4490, 4340.22, 1305, 870
478, 47712, 3.59601e+007, 1.91354e+007, 5.50955e+007, 4419, 4330.26, 1305, 870
479, 47812, 3.60481e+007, 1.93391e+007, 5.53872e+007, 4445, 4350.74, 1304, 869
480, 47912, 3.58667e+007, 1.91142e+007, 5.49809e+007, 4410, 4334.28, 1305, 870
481, 48012, 3.61503e+007, 1.92364e+007, 5.53868e+007, 4450, 4322.8, 1305, 870
482, 48112, 3.57659e+007, 1.90303e+007, 5.47962e+007, 4402, 4323.1, 1305, 870
483, 48212, 3.60733e+007, 1.92161e+007, 5.52894e+007, 4449, 4319.2, 1305, 870
484, 48312, 3.54549e+007, 1.89055e+007, 5.43604e+007, 4371, 4325.21, 1305, 870
485, 48412, 3.57107e+007, 1.90537e+007, 5.47643e+007, 4408, 4322.52, 1305, 870
486, 48512, 3.56412e+007, 1.88508e+007, 5.44921e+007, 4374, 4309.74, 1305, 870
487, 48612, 3.54682e+007, 1.88423e+007, 5.43105e+007, 4363, 4318.65, 1305, 870
488, 48712, 3.53527e+007, 1.87634e+007, 5.41161e+007, 4347, 4316.39, 1305, 870
489, 48812, 3.54708e+007, 1.88989e+007, 5.43698e+007, 4376, 4318.77, 1305, 870
490, 48912, 3.53966e+007, 1.8814e+007, 5.42106e+007, 4361, 4314.14, 1305, 870
491, 49012, 3.50812e+007, 1.87644e+007, 5.38457e+007, 4331, 4332.59, 1304, 870
492, 49112, 3.5243e+007, 1.8669e+007, 5.3912e+007, 4333, 4308.57, 1305, 870
493, 49212, 3.52256e+007, 1.85983e+007, 5.38239e+007, 4323, 4302.17, 1305, 870
494, 49312, 3.525e+007, 1.86244e+007, 5.38744e+007, 4331, 4300.25, 1305, 870
495, 49412, 3.51361e+007, 1.85911e+007, 5.37271e+007, 4323, 4300.5, 1305, 870
496, 49512, 3.51202e+007, 1.85378e+007, 5.3658e+007, 4316, 4295.12, 1305, 870
497, 49612, 3.51036e+007, 1.85621e+007, 5.36657e+007, 4316, 4300.75, 1305, 870
498, 49712, 3.52518e+007, 1.84593e+007, 5.37111e+007, 4318, 4274.97, 1305, 870
499, 49812, 3.52175e+007, 1.86065e+007, 5.38239e+007, 4336, 4291.16, 1305, 870
500, 49912, 3.4913e+007, 1.8465e+007, 5.3378e+007, 4295, 4299.19, 1305, 870
501, 50012, 3.48895e+007, 1.83225e+007, 5.3212e+007, 4285, 4275.96, 1305, 870
502, 50112, 3.4784e+007, 1.83501e+007, 5.31341e+007, 4275, 4292.43, 1305, 870
503, 50212, 3.51712e+007, 1.86668e+007, 5.3838e+007, 4338, 4303.09, 1304, 870
504, 50312, 3.4677e+007, 1.84374e+007, 5.31145e+007, 4281, 4306.81, 1305, 870
505, 50412, 3.45505e+007, 1.81467e+007, 5.26972e+007, 4244, 4275.85, 1305, 870
506, 50512, 3.47181e+007, 1.84059e+007, 5.3124e+007, 4272, 4308.51, 1304, 870
507, 50612, 3.46871e+007, 1.83171e+007, 5.30042e+007, 4273, 4286.7, 1304, 870
508, 50712, 3.48185e+007, 1.83595e+007, 5.3178e+007, 4292, 4277.62, 1305, 870
509, 50812, 3.4904e+007, 1.83218e+007, 5.32258e+007, 4293, 4267.82, 1306, 870
510, 50912, 3.45449e+007, 1.81318e+007, 5.26767e+007, 4246, 4270.32, 1305, 870
511, 51012, 3.47152e+007, 1.82313e+007, 5.29465e+007, 4264, 4275.64, 1305, 870
512, 51112, 3.48082e+007, 1.82955e+007, 5.31037e+007, 4283, 4271.65, 1305, 870
513, 51212, 3.41875e+007, 1.80024e+007, 5.21899e+007, 4200, 4286.3, 1304, 870
514, 51312, 3.46606e+007, 1.81591e+007, 5.28197e+007, 4252, 4270.72, 1304, 870
515, 51412, 3.44244e+007, 1.79892e+007, 5.24136e+007, 4226, 4256.78, 1305, 870
516, 51512, 3.43966e+007, 1.79108e+007, 5.23074e+007, 4215, 4249.29, 1305, 870
517, 51612, 3.4307e+007, 1.79158e+007, 5.22228e+007, 4204, 4261.61, 1305, 870
518, 51712, 3.4378e+007, 1.79982e+007, 5.23761e+007, 4222, 4262.95, 1305, 870
519, 51812, 3.41108e+007, 1.76871e+007, 5.1798e+007, 4170, 4241.52, 1305, 870
520, 51912, 3.45173e+007, 1.8112e+007, 5.26293e+007, 4254, 4257.63, 1305, 870
521, 52012, 3.43771e+007, 1.79657e+007, 5.23428e+007, 4221, 4256.27, 1305, 870
522, 52112, 3.46679e+007, 1.80417e+007, 5.27096e+007, 4243, 4252.12, 1305, 870
523, 52212, 3.4443e+007, 1.79811e+007, 5.2424e+007, 4229, 4251.85, 1305, 870
524, 52312, 3.44203e+007, 1.8048e+007, 5.24684e+007, 4243, 4253.61, 1305, 870
525, 52412, 3.45852e+007, 1.79234e+007, 5.25086e+007, 4243, 4224.24, 1305, 870
526, 52512, 3.41196e+007, 1.77018e+007, 5.18214e+007, 4176, 4238.94, 1305, 870
527, 52613, 3.42098e+007, 1.77884e+007, 5.19982e+007, 4202, 4233.33, 1305, 870
528, 52712, 3.42154e+007, 1.79099e+007, 5.21253e+007, 4210, 4254.13, 1305, 870
529, 52812, 3.3859e+007, 1.755e+007, 5.1409e+007, 4144, 4235.03, 1305, 870
530, 52912, 3.43511e+007, 1.77372e+007, 5.20882e+007, 4204, 4219.11, 1305, 870
531, 53012, 3.38257e+007, 1.75162e+007, 5.13419e+007, 4139, 4231.99, 1305, 870
532, 53112, 3.38977e+007, 1.75409e+007, 5.14387e+007, 4151, 4225.71, 1305, 870
533, 53212, 3.41329e+007, 1.77729e+007, 5.19058e+007, 4198, 4233.65, 1305, 870
534, 53312, 3.39334e+007, 1.76433e+007, 5.15768e+007, 4167, 4234.05, 1305, 870
535, 53412, 3.40306e+007, 1.76822e+007, 5.17129e+007, 4176, 4234.25, 1305, 870
536, 53512, 3.378e+007, 1.75151e+007, 5.12951e+007, 4145, 4225.59, 1305, 870
537, 53612, 3.38026e+007, 1.7427e+007, 5.12296e+007, 4137, 4212.46, 1305, 870
538, 53712, 3.40983e+007, 1.76344e+007, 5.17327e+007, 4182, 4216.74, 1305, 870
539, 53812, 3.37283e+007, 1.7436e+007, 5.11643e+007, 4130, 4221.8, 1304, 870
540, 53912, 3.3965e+007, 1.76332e+007, 5.15982e+007, 4166, 4232.65, 1304, 870
541, 54012, 3.4165e+007, 1.77359e+007, 5.19009e+007, 4199, 4223.83, 1305, 870
542, 54112, 3.35495e+007, 1.73067e+007, 5.08563e+007, 4111, 4209.86, 1305, 870
543, 54212, 3.37494e+007, 1.7534e+007, 5.12835e+007, 4145, 4230.16, 1304, 870
544, 54312, 3.36178e+007, 1.73925e+007, 5.10104e+007, 4128, 4213.3, 1305, 870
545, 54412, 3.37631e+007, 1.7405e+007, 5.11682e+007, 4137, 4207.16, 1304, 870
546, 54512, 3.34196e+007, 1.72657e+007, 5.06853e+007, 4094, 4217.32, 1304, 870
547, 54612, 3.35747e+007, 1.72528e+007, 5.08275e+007, 4118, 4189.6, 1305, 870
548, 54712, 3.33794e+007, 1.72421e+007, 5.06215e+007, 4097, 4208.48, 1305, 870
549, 54812, 3.35376e+007, 1.72371e+007, 5.07747e+007, 4104, 4200.06, 1304, 870
550, 54912, 3.36502e+007, 1.72692e+007, 5.09194e+007, 4119, 4192.58, 1305, 870
551, 55012, 3.34382e+007, 1.72355e+007, 5.06737e+007, 4100, 4203.78, 1305, 870
552, 55112, 3.33052e+007, 1.70751e+007, 5.03804e+007, 4075, 4190.21, 1305, 871
553, 55212, 3.3532e+007, 1.71786e+007, 5.07106e+007, 4103, 4186.85, 1305, 870
554, 55312, 3.33684e+007, 1.71608e+007, 5.05292e+007, 4095, 4190.68, 1305, 870
555, 55412, 3.32662e+007, 1.71672e+007, 5.04334e+007, 4082, 4205.58, 1305, 870
556, 55512, 3.33508e+007, 1.72033e+007, 5.05542e+007, 4092, 4204.13, 1304, 870
557, 55612, 3.32862e+007, 1.70838e+007, 5.037e+007, 4075, 4192.35, 1305, 870
558, 55712, 3.32467e+007, 1.69586e+007, 5.02053e+007, 4061, 4175.96, 1304, 870
559, 55812, 3.27762e+007, 1.67349e+007, 4.95111e+007, 4003, 4180.59, 1305, 870
560, 55912, 3.29788e+007, 1.69938e+007, 4.99726e+007, 4049, 4197.02, 1304, 870
561, 56013, 3.32232e+007, 1.69663e+007, 5.01895e+007, 4070, 4168.61, 1305, 870
562, 56112, 3.32429e+007, 1.70073e+007, 5.02502e+007, 4072, 4176.64, 1305, 870
563, 56212, 3.31496e+007, 1.69333e+007, 5.00829e+007, 4055, 4175.91, 1305, 870
564, 56312, 3.31665e+007, 1.7023e+007, 5.01894e+007, 4066, 4186.66, 1305, 870
565, 56412, 3.29186e+007, 1.68729e+007, 4.97915e+007, 4029, 4187.86, 1305, 870
566, 56513, 3.29422e+007, 1.68989e+007, 4.98412e+007, 4040, 4182.9, 1305, 870
567, 56612, 3.30285e+007, 1.69578e+007, 4.99863e+007, 4054, 4182.99, 1305, 870
568, 56712, 3.2838e+007, 1.67545e+007, 4.95925e+007, 4020, 4167.79, 1304, 870
569, 56812, 3.30009e+007, 1.6832e+007, 4.98329e+007, 4030, 4176.68, 1305, 870
570, 56912, 3.29105e+007, 1.67828e+007, 4.96933e+007, 4026, 4168.62, 1305, 870
571, 57012, 3.27452e+007, 1.65479e+007, 4.92932e+007, 3986, 4151.51, 1305, 870
572, 57112, 3.31018e+007, 1.68899e+007, 4.99916e+007, 4052, 4168.28, 1305, 870
573, 57212, 3.28979e+007, 1.68174e+007, 4.97153e+007, 4028, 4175.13, 1304, 870
574, 57314, 3.28165e+007, 1.67851e+007, 4.96016e+007, 4022, 4173.31, 1305, 870
575, 57414, 3.30252e+007, 1.68156e+007, 4.98408e+007, 4039, 4163.31, 1305, 870
576, 57514, 3.30167e+007, 1.67106e+007, 4.97273e+007, 4027, 4149.64, 1305, 870
577, 57614, 3.29621e+007, 1.67986e+007, 4.97607e+007, 4033, 4165.29, 1305, 870
578, 57714, 3.24783e+007, 1.65746e+007, 4.90529e+007, 3975, 4169.7, 1305, 870
579, 57814, 3.25236e+007, 1.6633e+007, 4.91566e+007, 3988, 4170.75, 1305, 870
580, 57914, 3.24509e+007, 1.65278e+007, 4.89788e+007, 3971, 4162.13, 1304, 870
581, 58014, 3.24608e+007, 1.64784e+007, 4.89392e+007, 3971, 4149.7, 1305, 870
582, 58114, 3.26718e+007, 1.66074e+007, 4.92792e+007, 4004, 4147.7, 1305, 870
583, 58214, 3.25143e+007, 1.66158e+007, 4.91301e+007, 3994, 4160.19, 1305, 870
584, 58314, 3.24662e+007, 1.65547e+007, 4.90209e+007, 3980, 4159.48, 1304, 870
585, 58414, 3.22296e+007, 1.63475e+007, 4.85771e+007, 3940, 4149.1, 1304, 870
586, 58514, 3.28682e+007, 1.66438e+007, 4.9512e+007, 4020, 4140.24, 1305, 870
587, 58614, 3.27459e+007, 1.6437e+007, 4.91829e+007, 3984, 4125.76, 1305, 870
588, 58714, 3.25029e+007, 1.65447e+007, 4.90476e+007, 3983, 4153.82, 1305, 870
589, 58814, 3.24913e+007, 1.65086e+007, 4.89999e+007, 3977, 4151.01, 1304, 870
590, 58914, 3.28991e+007, 1.66643e+007, 4.95634e+007, 4029, 4136.09, 1305, 870
591, 59014, 3.26012e+007, 1.65417e+007, 4.91429e+007, 3988, 4147.87, 1305, 870
592, 59114, 3.28866e+007, 1.66725e+007, 4.95591e+007, 4025, 4142.23, 1305, 870
593, 59214, 3.27255e+007, 1.6498e+007, 4.92235e+007, 3998, 4126.58, 1305, 871
594, 59314, 3.25382e+007, 1.64499e+007, 4.89881e+007, 3982, 4131.07, 1305, 870
595, 59414, 3.22928e+007, 1.6293e+007, 4.85858e+007, 3942, 4133.19, 1305, 870
596, 59514, 3.22974e+007, 1.62426e+007, 4.854e+007, 3938, 4124.59, 1304, 870
597, 59614, 3.22291e+007, 1.64089e+007, 4.8638e+007, 3948, 4156.26, 1304, 869
598, 59714, 3.22023e+007, 1.63121e+007, 4.85144e+007, 3942, 4138.02, 1305, 870
599, 59814, 3.24478e+007, 1.62966e+007, 4.87445e+007, 3956, 4119.48, 1305, 870
600, 59914, 3.22628e+007, 1.62949e+007, 4.85576e+007, 3939, 4136.81, 1305, 870