2, 100, 1.40305e+007, 1.08642e+007, 2.48947e+007, 1414, 7683.32, 882, 1501
3, 200, 1.38353e+007, 1.05348e+007, 2.43701e+007, 1386, 7600.84, 882, 1501
4, 300, 1.36863e+007, 1.04238e+007, 2.41101e+007, 1380, 7553.5, 882, 1500
5, 400, 1.37301e+007, 1.03677e+007, 2.40978e+007, 1380, 7512.84, 882, 1501
6, 500, 1.34645e+007, 1.01472e+007, 2.36118e+007, 1355, 7488.74, 882, 1501
7, 600, 1.35377e+007, 1.01468e+007, 2.36845e+007, 1361, 7455.44, 882, 1501
8, 700, 1.35529e+007, 1.01196e+007, 2.36725e+007, 1362, 7429.98, 882, 1501
9, 800, 1.35781e+007, 1.00573e+007, 2.36354e+007, 1360, 7395.04, 882, 1501
10, 900, 1.35468e+007, 9.99159e+006, 2.35384e+007, 1357, 7363, 882, 1501
11, 1000, 1.35797e+007, 1.00585e+007, 2.36382e+007, 1367, 7358.11, 882, 1501
12, 1100, 1.3503e+007, 9.85612e+006, 2.33591e+007, 1343, 7338.89, 882, 1501
13, 1200, 1.3478e+007, 9.81707e+006, 2.32951e+007, 1341, 7320.71, 882, 1501
14, 1300, 1.35828e+007, 9.79542e+006, 2.33783e+007, 1343, 7293.69, 882, 1501
15, 1399, 1.36518e+007, 9.85951e+006, 2.35113e+007, 1354, 7281.76, 882, 1501
16, 1499, 1.35298e+007, 9.74142e+006, 2.32712e+007, 1339, 7275.14, 882, 1501
17, 1599, 1.35267e+007, 9.70622e+006, 2.32329e+007, 1335, 7270.58, 882, 1501
18, 1699, 1.35156e+007, 9.62105e+006, 2.31366e+007, 1329, 7239.32, 882, 1501
19, 1799, 1.34737e+007, 9.65822e+006, 2.31319e+007, 1338, 7218.4, 882, 1501
20, 1899, 1.36288e+007, 9.65566e+006, 2.32844e+007, 1344, 7184.27, 882, 1501
21, 1999, 1.36433e+007, 9.63193e+006, 2.32753e+007, 1341, 7182.65, 882, 1501
22, 2099, 1.36972e+007, 9.69553e+006, 2.33927e+007, 1350, 7181.88, 882, 1501
23, 2199, 1.35631e+007, 9.52373e+006, 2.30868e+007, 1329, 7166.09, 882, 1501
24, 2299, 1.36027e+007, 9.51026e+006, 2.31129e+007, 1337, 7113.13, 882, 1501
25, 2399, 1.3535e+007, 9.48133e+006, 2.30163e+007, 1328, 7139.55, 882, 1501
26, 2499, 1.36197e+007, 9.52892e+006, 2.31486e+007, 1341, 7105.83, 882, 1501
27, 2599, 1.36279e+007, 9.43064e+006, 2.30585e+007, 1330, 7090.71, 882, 1501
28, 2699, 1.36156e+007, 9.42394e+006, 2.30396e+007, 1328, 7096.34, 882, 1501
29, 2799, 1.36351e+007, 9.45073e+006, 2.30858e+007, 1336, 7073.9, 882, 1501
30, 2899, 1.36789e+007, 9.43898e+006, 2.31179e+007, 1337, 7059.82, 882, 1501
31, 2999, 1.36508e+007, 9.3982e+006, 2.3049e+007, 1333, 7050.41, 882, 1501
32, 3099, 1.35841e+007, 9.27971e+006, 2.28638e+007, 1319, 7035.41, 882, 1501
33, 3199, 1.35722e+007, 9.29197e+006, 2.28642e+007, 1320, 7039.37, 882, 1501
34, 3299, 1.36996e+007, 9.31059e+006, 2.30102e+007, 1327, 7016.27, 882, 1501
35, 3399, 1.36441e+007, 9.22154e+006, 2.28656e+007, 1318, 6996.62, 882, 1501
36, 3499, 1.36264e+007, 9.27865e+006, 2.2905e+007, 1319, 7034.61, 881, 1501
37, 3599, 1.37398e+007, 9.33677e+006, 2.30765e+007, 1337, 6983.37, 882, 1501
38, 3699, 1.37191e+007, 9.26379e+006, 2.29829e+007, 1329, 6970.5, 882, 1501
39, 3799, 1.37375e+007, 9.2386e+006, 2.29761e+007, 1326, 6967.27, 882, 1501
40, 3899, 1.35835e+007, 9.14037e+006, 2.27239e+007, 1314, 6956.14, 882, 1501
41, 3999, 1.36345e+007, 9.06412e+006, 2.26986e+007, 1304, 6951.02, 881, 1501
42, 4099, 1.37687e+007, 9.19529e+006, 2.2964e+007, 1326, 6934.61, 882, 1501
43, 4199, 1.36413e+007, 9.10364e+006, 2.27449e+007, 1307, 6965.29, 881, 1501
44, 4299, 1.37231e+007, 9.11365e+006, 2.28367e+007, 1310, 6956.99, 881, 1501
45, 4399, 1.37799e+007, 9.17149e+006, 2.29514e+007, 1324, 6927.1, 882, 1501
46, 4499, 1.3812e+007, 9.18689e+006, 2.29989e+007, 1325, 6933.5, 881, 1501
47, 4599, 1.38299e+007, 9.16249e+006, 2.29924e+007, 1321, 6936.03, 881, 1501
48, 4699, 1.38351e+007, 9.13274e+006, 2.29678e+007, 1323, 6903.05, 881, 1501
49, 4799, 1.37568e+007, 9.11231e+006, 2.28691e+007, 1319, 6908.5, 881, 1501
50, 4899, 1.38145e+007, 9.08874e+006, 2.29033e+007, 1318, 6895.85, 881, 1501
51, 5009, 1.38419e+007, 9.07882e+006, 2.29207e+007, 1320, 6877.9, 881, 1501
52, 5109, 1.38556e+007, 9.088e+006, 2.29436e+007, 1321, 6879.64, 881, 1501
53, 5209, 1.37465e+007, 8.9637e+006, 2.27102e+007, 1308, 6852.98, 881, 1501
54, 5309, 1.39492e+007, 9.0264e+006, 2.29756e+007, 1316, 6858.96, 881, 1501
55, 5409, 1.38197e+007, 9.01592e+006, 2.28357e+007, 1312, 6871.89, 882, 1501
56, 5509, 1.37941e+007, 9.05387e+006, 2.28479e+007, 1318, 6869.4, 881, 1501
57, 5609, 1.38361e+007, 9.04135e+006, 2.28775e+007, 1315, 6875.55, 881, 1501
58, 5709, 1.38895e+007, 9.11166e+006, 2.30012e+007, 1327, 6866.36, 881, 1501
59, 5809, 1.39097e+007, 8.97913e+006, 2.28888e+007, 1312, 6843.85, 881, 1501
60, 5909, 1.39911e+007, 9.07591e+006, 2.3067e+007, 1326, 6844.58, 881, 1501
61, 6009, 1.3985e+007, 9.1009e+006, 2.30859e+007, 1331, 6837.64, 881, 1501
62, 6109, 1.39349e+007, 9.02994e+006, 2.29649e+007, 1322, 6830.52, 881, 1501
63, 6209, 1.39318e+007, 8.98124e+006, 2.29131e+007, 1317, 6819.47, 881, 1501
64, 6309, 1.39884e+007, 8.99049e+006, 2.29789e+007, 1319, 6816.14, 881, 1500
65, 6409, 1.39335e+007, 8.9965e+006, 2.293e+007, 1321, 6810.37, 881, 1501
66, 6509, 1.39652e+007, 8.93073e+006, 2.28959e+007, 1314, 6796.6, 881, 1501
67, 6609, 1.39458e+007, 8.95759e+006, 2.29034e+007, 1319, 6791.2, 881, 1501
68, 6709, 1.38013e+007, 8.84503e+006, 2.26464e+007, 1302, 6793.42, 881, 1501
69, 6809, 1.39579e+007, 8.92498e+006, 2.28829e+007, 1315, 6787.06, 881, 1501
70, 6909, 1.39858e+007, 8.91779e+006, 2.29036e+007, 1317, 6771.29, 881, 1501
71, 7009, 1.39512e+007, 8.85461e+006, 2.28058e+007, 1309, 6764.41, 881, 1501
72, 7109, 1.40116e+007, 8.90759e+006, 2.29192e+007, 1318, 6758.42, 881, 1501
73, 7209, 1.39173e+007, 8.81232e+006, 2.27296e+007, 1304, 6757.91, 881, 1501
74, 7309, 1.39432e+007, 8.81846e+006, 2.27617e+007, 1306, 6752.27, 881, 1501
75, 7409, 1.40646e+007, 8.9079e+006, 2.29725e+007, 1320, 6748.41, 881, 1501
76, 7509, 1.40282e+007, 8.81697e+006, 2.28452e+007, 1310, 6730.51, 881, 1501
77, 7609, 1.40566e+007, 8.85413e+006, 2.29108e+007, 1316, 6728.06, 881, 1501
78, 7709, 1.41256e+007, 8.89676e+006, 2.30223e+007, 1323, 6724.68, 881, 1501
79, 7809, 1.41256e+007, 8.888e+006, 2.30136e+007, 1322, 6723.14, 881, 1501
80, 7909, 1.40542e+007, 8.78807e+006, 2.28423e+007, 1309, 6713.57, 881, 1501
81, 8009, 1.41047e+007, 8.8377e+006, 2.29424e+007, 1318, 6705.39, 881, 1502
82, 8109, 1.39991e+007, 8.71268e+006, 2.27117e+007, 1301, 6696.91, 881, 1502
83, 8209, 1.40029e+007, 8.79912e+006, 2.2802e+007, 1312, 6706.65, 881, 1502
84, 8309, 1.41997e+007, 8.86478e+006, 2.30645e+007, 1326, 6685.35, 881, 1502
85, 8409, 1.41956e+007, 8.79357e+006, 2.29892e+007, 1317, 6676.97, 881, 1502
86, 8509, 1.41768e+007, 8.8089e+006, 2.29857e+007, 1319, 6678.47, 881, 1502
87, 8609, 1.41431e+007, 8.77185e+006, 2.2915e+007, 1315, 6670.61, 881, 1502
88, 8709, 1.41501e+007, 8.76625e+006, 2.29164e+007, 1317, 6656.23, 881, 1502
89, 8809, 1.41342e+007, 8.75585e+006, 2.28901e+007, 1315, 6658.44, 881, 1502
90, 8909, 1.42126e+007, 8.83232e+006, 2.30449e+007, 1324, 6670.94, 881, 1502
91, 9009, 1.4152e+007, 8.72218e+006, 2.28742e+007, 1312, 6648, 881, 1502
92, 9109, 1.40662e+007, 8.58909e+006, 2.26553e+007, 1294, 6637.63, 881, 1502
93, 9209, 1.42337e+007, 8.76292e+006, 2.29966e+007, 1321, 6633.55, 881, 1502
94, 9309, 1.41611e+007, 8.69706e+006, 2.28582e+007, 1310, 6638.98, 881, 1502
95, 9409, 1.41428e+007, 8.64279e+006, 2.27856e+007, 1306, 6617.76, 881, 1502
96, 9509, 1.41749e+007, 8.67658e+006, 2.28515e+007, 1312, 6613.25, 881, 1503
97, 9609, 1.42451e+007, 8.69278e+006, 2.29379e+007, 1314, 6615.51, 881, 1502
98, 9709, 1.42796e+007, 8.7564e+006, 2.3036e+007, 1326, 6603.62, 881, 1502
99, 9809, 1.43824e+007, 8.79389e+006, 2.31763e+007, 1332, 6602.02, 881, 1502
100, 9909, 1.42085e+007, 8.59513e+006, 2.28037e+007, 1304, 6591.36, 881, 1502
101, 10009, 1.43571e+007, 8.70654e+006, 2.30637e+007, 1322, 6585.89, 881, 1502
102, 10109, 1.4321e+007, 8.69025e+006, 2.30112e+007, 1320, 6583.52, 881, 1503
103, 10209, 1.41915e+007, 8.59442e+006, 2.27859e+007, 1305, 6585.76, 881, 1503
104, 10309, 1.42401e+007, 8.62941e+006, 2.28695e+007, 1310, 6587.34, 881, 1502
105, 10409, 1.44838e+007, 8.80356e+006, 2.32873e+007, 1332, 6609.28, 881, 1502
106, 10509, 1.45337e+007, 8.73286e+006, 2.32666e+007, 1326, 6585.87, 881, 1503
107, 10609, 1.45519e+007, 8.71133e+006, 2.32633e+007, 1325, 6574.59, 881, 1503
108, 10709, 1.44954e+007, 8.74025e+006, 2.32356e+007, 1327, 6586.47, 881, 1502
109, 10809, 1.42204e+007, 8.50132e+006, 2.27218e+007, 1300, 6539.48, 881, 1503
110, 10909, 1.43536e+007, 8.66922e+006, 2.30229e+007, 1324, 6547.75, 881, 1502
111, 11009, 1.43154e+007, 8.5979e+006, 2.29133e+007, 1314, 6543.31, 880, 1503
112, 11109, 1.43351e+007, 8.57804e+006, 2.29131e+007, 1314, 6528.19, 881, 1502
113, 11209, 1.41808e+007, 8.44426e+006, 2.2625e+007, 1296, 6515.63, 881, 1503
114, 11309, 1.41671e+007, 8.50584e+006, 2.2673e+007, 1300, 6542.95, 880, 1503
115, 11406, 1.427e+007, 8.51496e+006, 2.2785e+007, 1307, 6514.89, 881, 1503
116, 11506, 1.44154e+007, 8.59116e+006, 2.30066e+007, 1319, 6513.39, 881, 1503
117, 11606, 1.44228e+007, 8.61985e+006, 2.30427e+007, 1316, 6550.04, 881, 1502
118, 11706, 1.43894e+007, 8.5937e+006, 2.29831e+007, 1313, 6545.09, 881, 1502
119, 11806, 1.43397e+007, 8.50701e+006, 2.28467e+007, 1305, 6518.78, 881, 1502
120, 11906, 1.42788e+007, 8.53493e+006, 2.28137e+007, 1310, 6515.21, 880, 1502
121, 12006, 1.42989e+007, 8.48597e+006, 2.27849e+007, 1307, 6492.71, 881, 1502
122, 12106, 1.42595e+007, 8.45509e+006, 2.27146e+007, 1304, 6483.97, 881, 1502
123, 12206, 1.42197e+007, 8.36563e+006, 2.25853e+007, 1293, 6469.93, 881, 1502
124, 12306, 1.42933e+007, 8.44511e+006, 2.27384e+007, 1305, 6471.35, 881, 1502
125, 12406, 1.43808e+007, 8.52733e+006, 2.29081e+007, 1312, 6499.49, 880, 1502
126, 12506, 1.43396e+007, 8.47296e+006, 2.28125e+007, 1309, 6472.85, 881, 1502
127, 12606, 1.42185e+007, 8.38352e+006, 2.2602e+007, 1298, 6458.8, 881, 1502
128, 12706, 1.43434e+007, 8.43909e+006, 2.27825e+007, 1307, 6456.84, 881, 1502
129, 12806, 1.42433e+007, 8.37337e+006, 2.26167e+007, 1295, 6465.92, 880, 1502
130, 12906, 1.43656e+007, 8.44753e+006, 2.28131e+007, 1308, 6458.35, 880, 1502
131, 13006, 1.42943e+007, 8.39248e+006, 2.26868e+007, 1303, 6440.89, 881, 1502
132, 13106, 1.44113e+007, 8.43765e+006, 2.2849e+007, 1312, 6431.14, 881, 1502
133, 13206, 1.43628e+007, 8.35722e+006, 2.272e+007, 1299, 6433.58, 881, 1502
134, 13306, 1.4343e+007, 8.41077e+006, 2.27538e+007, 1307, 6435.17, 881, 1502
135, 13406, 1.43396e+007, 8.40509e+006, 2.27447e+007, 1303, 6450.57, 880, 1502
136, 13506, 1.45807e+007, 8.53281e+006, 2.31135e+007, 1322, 6454.47, 881, 1502
137, 13606, 1.46591e+007, 8.57017e+006, 2.32293e+007, 1325, 6468.05, 880, 1502
138, 13706, 1.45883e+007, 8.48698e+006, 2.30752e+007, 1316, 6449.07, 880, 1502
139, 13806, 1.45383e+007, 8.42566e+006, 2.29639e+007, 1310, 6431.8, 881, 1502
140, 13906, 1.44909e+007, 8.34453e+006, 2.28354e+007, 1301, 6413.93, 881, 1502
141, 14006, 1.43004e+007, 8.29262e+006, 2.25931e+007, 1293, 6413.47, 880, 1502
142, 14106, 1.43901e+007, 8.30756e+006, 2.26977e+007, 1299, 6395.35, 880, 1502
143, 14206, 1.44168e+007, 8.36964e+006, 2.27864e+007, 1306, 6408.61, 880, 1502
144, 14306, 1.43364e+007, 8.30733e+006, 2.26438e+007, 1297, 6405.03, 880, 1502
145, 14406, 1.45181e+007, 8.36825e+006, 2.28864e+007, 1310, 6387.98, 881, 1502
146, 14506, 1.43599e+007, 8.27573e+006, 2.26356e+007, 1294, 6395.47, 880, 1502
147, 14606, 1.44582e+007, 8.34583e+006, 2.28041e+007, 1306, 6390.37, 880, 1502
148, 14706, 1.44411e+007, 8.34127e+006, 2.27824e+007, 1307, 6382, 880, 1502
149, 14806, 1.44357e+007, 8.31701e+006, 2.27527e+007, 1302, 6387.87, 880, 1502
150, 14906, 1.43263e+007, 8.2473e+006, 2.25736e+007, 1291, 6388.31, 880, 1502
151, 15006, 1.44412e+007, 8.29911e+006, 2.27403e+007, 1303, 6369.23, 880, 1502
152, 15106, 1.42979e+007, 8.18354e+006, 2.24815e+007, 1283, 6378.44, 880, 1501
153, 15206, 1.44391e+007, 8.27702e+006, 2.27161e+007, 1302, 6357.16, 881, 1502
154, 15311, 1.44671e+007, 8.28344e+006, 2.27505e+007, 1303, 6357.21, 881, 1502
155, 15411, 1.44622e+007, 8.32888e+006, 2.27911e+007, 1311, 6353.08, 881, 1503
156, 15510, 1.4585e+007, 8.40901e+006, 2.2994e+007, 1310, 6419.09, 881, 1504
157, 15610, 1.45001e+007, 8.41676e+006, 2.29168e+007, 1311, 6420.11, 881, 1505
158, 15710, 1.43571e+007, 8.32945e+006, 2.26865e+007, 1297, 6422.09, 881, 1506
159, 15810, 1.45016e+007, 8.37515e+006, 2.28768e+007, 1308, 6403.02, 882, 1507
160, 15910, 1.44945e+007, 8.44891e+006, 2.29435e+007, 1317, 6415.27, 882, 1506
161, 16010, 1.43931e+007, 8.28939e+006, 2.26825e+007, 1300, 6376.45, 881, 1502
162, 16110, 1.45409e+007, 8.28017e+006, 2.2821e+007, 1303, 6354.7, 881, 1501
163, 16210, 1.45087e+007, 8.27276e+006, 2.27814e+007, 1306, 6334.43, 881, 1501
164, 16310, 1.44574e+007, 8.18687e+006, 2.26442e+007, 1295, 6321.9, 881, 1501
165, 16410, 1.44526e+007, 8.17775e+006, 2.26304e+007, 1295, 6314.86, 881, 1501
166, 16510, 1.44496e+007, 8.16961e+006, 2.26192e+007, 1293, 6318.34, 881, 1501
167, 16610, 1.43914e+007, 8.14554e+006, 2.25369e+007, 1286, 6334.01, 880, 1501
168, 16710, 1.45719e+007, 8.21333e+006, 2.27852e+007, 1300, 6317.95, 880, 1501
169, 16810, 1.47104e+007, 8.3013e+006, 2.30117e+007, 1313, 6322.39, 881, 1501
170, 16910, 1.46855e+007, 8.29489e+006, 2.29804e+007, 1306, 6351.37, 880, 1501
171, 17010, 1.46904e+007, 8.27733e+006, 2.29677e+007, 1308, 6328.23, 881, 1501
172, 17110, 1.47098e+007, 8.30009e+006, 2.30099e+007, 1311, 6331.11, 880, 1501
173, 17210, 1.46279e+007, 8.27886e+006, 2.29068e+007, 1306, 6339.1, 880, 1501
174, 17310, 1.46466e+007, 8.25266e+006, 2.28992e+007, 1305, 6323.88, 880, 1501
175, 17410, 1.4552e+007, 8.17667e+006, 2.27287e+007, 1298, 6299.44, 880, 1501
176, 17510, 1.44423e+007, 8.07865e+006, 2.25209e+007, 1286, 6282, 880, 1501
177, 17610, 1.4383e+007, 8.06818e+006, 2.24512e+007, 1283, 6288.53, 880, 1501
178, 17710, 1.45659e+007, 8.16707e+006, 2.2733e+007, 1299, 6287.19, 880, 1501
179, 17810, 1.44749e+007, 8.0817e+006, 2.25566e+007, 1288, 6274.61, 880, 1501
180, 17910, 1.45351e+007, 8.09726e+006, 2.26324e+007, 1291, 6272.08, 880, 1501
181, 18010, 1.4547e+007, 8.16881e+006, 2.27158e+007, 1301, 6278.87, 880, 1501
182, 18110, 1.45214e+007, 8.1248e+006, 2.26462e+007, 1296, 6269.14, 880, 1501
183, 18210, 1.45628e+007, 8.17135e+006, 2.27342e+007, 1301, 6280.82, 880, 1500
184, 18310, 1.44856e+007, 8.03026e+006, 2.25159e+007, 1284, 6254.1, 880, 1501
185, 18410, 1.45038e+007, 8.0724e+006, 2.25762e+007, 1289, 6262.53, 880, 1501
186, 18510, 1.44386e+007, 8.03739e+006, 2.2476e+007, 1283, 6264.53, 880, 1500
187, 18610, 1.44032e+007, 8.03837e+006, 2.24415e+007, 1285, 6255.54, 880, 1500
188, 18710, 1.44276e+007, 8.03234e+006, 2.246e+007, 1285, 6250.85, 880, 1500
189, 18810, 1.44875e+007, 7.99592e+006, 2.24834e+007, 1280, 6246.81, 880, 1501
190, 18910, 1.46136e+007, 8.11136e+006, 2.2725e+007, 1299, 6244.31, 880, 1500
191, 19010, 1.45118e+007, 8.05169e+006, 2.25634e+007, 1291, 6236.78, 880, 1500
192, 19110, 1.45216e+007, 8.06146e+006, 2.25831e+007, 1292, 6239.52, 880, 1501
193, 19210, 1.44876e+007, 8.02744e+006, 2.2515e+007, 1289, 6227.65, 880, 1500
194, 19310, 1.45244e+007, 7.99596e+006, 2.25203e+007, 1285, 6222.54, 880, 1500
195, 19410, 1.45645e+007, 8.04913e+006, 2.26136e+007, 1293, 6225.16, 880, 1500
196, 19510, 1.46388e+007, 8.05497e+006, 2.26938e+007, 1291, 6239.32, 880, 1500
197, 19610, 1.46611e+007, 8.08744e+006, 2.27485e+007, 1294, 6249.96, 880, 1500
198, 19710, 1.46904e+007, 8.10281e+006, 2.27932e+007, 1296, 6252.17, 880, 1500
199, 19810, 1.4723e+007, 8.14322e+006, 2.28662e+007, 1304, 6244.8, 880, 1500
200, 19910, 1.44737e+007, 7.94278e+006, 2.24164e+007, 1282, 6195.61, 880, 1500
201, 20010, 1.45279e+007, 7.99877e+006, 2.25266e+007, 1288, 6210.23, 880, 1500
202, 20110, 1.45757e+007, 7.98831e+006, 2.2564e+007, 1289, 6197.29, 880, 1500
203, 20210, 1.46447e+007, 8.04945e+006, 2.26941e+007, 1299, 6196.65, 880, 1500
204, 20310, 1.45368e+007, 7.92633e+006, 2.24631e+007, 1280, 6192.44, 880, 1500
205, 20410, 1.4612e+007, 7.9694e+006, 2.25814e+007, 1288, 6187.42, 880, 1500
206, 20510, 1.45638e+007, 7.9974e+006, 2.25612e+007, 1291, 6194.73, 880, 1500
207, 20610, 1.4537e+007, 7.94885e+006, 2.24859e+007, 1285, 6185.88, 880, 1500
208, 20710, 1.44844e+007, 7.90355e+006, 2.2388e+007, 1280, 6174.65, 880, 1500
209, 20810, 1.46813e+007, 8.00732e+006, 2.26886e+007, 1295, 6183.26, 880, 1500
210, 20910, 1.44989e+007, 7.86789e+006, 2.23668e+007, 1276, 6166.06, 880, 1500
211, 21010, 1.45562e+007, 7.94161e+006, 2.24978e+007, 1287, 6170.64, 880, 1500
212, 21110, 1.45225e+007, 7.86393e+006, 2.23864e+007, 1274, 6172.63, 880, 1500
213, 21210, 1.45625e+007, 7.90293e+006, 2.24654e+007, 1282, 6164.53, 880, 1500
214, 21310, 1.45733e+007, 7.9386e+006, 2.25119e+007, 1288, 6163.51, 880, 1500
215, 21412, 1.46208e+007, 7.96473e+006, 2.25855e+007, 1295, 6150.37, 880, 1500
216, 21512, 1.4559e+007, 7.92459e+006, 2.24836e+007, 1287, 6157.41, 880, 1500
217, 21612, 1.45143e+007, 7.85849e+006, 2.23728e+007, 1280, 6139.44, 880, 1500
218, 21712, 1.46245e+007, 7.93112e+006, 2.25556e+007, 1290, 6148.16, 880, 1500
219, 21812, 1.45185e+007, 7.88774e+006, 2.24062e+007, 1282, 6152.68, 880, 1499
220, 21912, 1.45264e+007, 7.86664e+006, 2.2393e+007, 1282, 6136.22, 880, 1500
221, 22012, 1.45886e+007, 7.90334e+006, 2.24919e+007, 1287, 6140.9, 880, 1500
222, 22112, 1.46054e+007, 7.88733e+006, 2.24927e+007, 1284, 6142.78, 880, 1500
223, 22212, 1.46979e+007, 7.98849e+006, 2.26864e+007, 1295, 6168.71, 880, 1499
224, 22312, 1.4772e+007, 8.00895e+006, 2.2781e+007, 1298, 6170.23, 880, 1499
225, 22412, 1.4672e+007, 7.95139e+006, 2.26234e+007, 1289, 6168.65, 880, 1499
226, 22512, 1.47311e+007, 7.98579e+006, 2.27169e+007, 1296, 6161.87, 880, 1499
227, 22612, 1.47159e+007, 7.97769e+006, 2.26936e+007, 1296, 6155.63, 880, 1499
228, 22712, 1.46262e+007, 7.89506e+006, 2.25212e+007, 1286, 6139.24, 880, 1499
229, 22812, 1.45281e+007, 7.87817e+006, 2.24063e+007, 1287, 6121.35, 880, 1499
230, 22912, 1.44023e+007, 7.72009e+006, 2.21224e+007, 1264, 6107.67, 880, 1499
231, 23012, 1.45773e+007, 7.85026e+006, 2.24275e+007, 1284, 6113.91, 880, 1499
232, 23112, 1.45012e+007, 7.83323e+006, 2.23344e+007, 1281, 6114.93, 880, 1499
233, 23212, 1.45791e+007, 7.81205e+006, 2.23912e+007, 1281, 6098.4, 880, 1499
234, 23312, 1.45898e+007, 7.81684e+006, 2.24066e+007, 1280, 6106.91, 880, 1499
235, 23412, 1.44968e+007, 7.75754e+006, 2.22543e+007, 1271, 6103.49, 880, 1499
236, 23512, 1.44015e+007, 7.71163e+006, 2.21131e+007, 1265, 6096.15, 880, 1499
237, 23612, 1.44602e+007, 7.80586e+006, 2.22661e+007, 1278, 6107.87, 880, 1499
238, 23712, 1.44612e+007, 7.7586e+006, 2.22198e+007, 1274, 6089.95, 880, 1499
239, 23812, 1.45122e+007, 7.7485e+006, 2.22607e+007, 1272, 6091.59, 880, 1500
240, 23912, 1.46997e+007, 7.83382e+006, 2.25335e+007, 1287, 6086.88, 880, 1500
241, 24012, 1.45539e+007, 7.80109e+006, 2.2355e+007, 1280, 6094.61, 880, 1501
242, 24112, 1.45798e+007, 7.81283e+006, 2.23926e+007, 1283, 6089.5, 879, 1502
243, 24212, 1.45245e+007, 7.84806e+006, 2.23726e+007, 1286, 6102.69, 879, 1502
244, 24312, 1.45751e+007, 7.85189e+006, 2.2427e+007, 1287, 6100.93, 879, 1503
245, 24412, 1.4506e+007, 7.78823e+006, 2.22943e+007, 1279, 6089.31, 879, 1504
246, 24512, 1.44112e+007, 7.74191e+006, 2.21531e+007, 1268, 6105.6, 879, 1504
247, 24612, 1.44427e+007, 7.73241e+006, 2.21752e+007, 1271, 6083.72, 879, 1505
248, 24712, 1.44274e+007, 7.80196e+006, 2.22294e+007, 1277, 6109.6, 878, 1505
249, 24812, 1.44702e+007, 7.77409e+006, 2.22443e+007, 1279, 6078.26, 879, 1505
250, 24912, 1.44211e+007, 7.83704e+006, 2.22581e+007, 1286, 6094.12, 879, 1506
251, 25012, 1.45074e+007, 7.89714e+006, 2.24045e+007, 1293, 6107.61, 879, 1507
252, 25112, 1.42018e+007, 7.71242e+006, 2.19142e+007, 1259, 6125.83, 879, 1509
253, 25212, 1.43083e+007, 7.763e+006, 2.20713e+007, 1270, 6112.59, 879, 1509
254, 25312, 1.43344e+007, 7.74206e+006, 2.20764e+007, 1266, 6115.37, 878, 1506
255, 25412, 1.43508e+007, 7.74298e+006, 2.20937e+007, 1269, 6101.64, 878, 1506
256, 25512, 1.43882e+007, 7.75767e+006, 2.21458e+007, 1273, 6094.01, 878, 1506
257, 25612, 1.44101e+007, 7.78333e+006, 2.21934e+007, 1278, 6090.24, 878, 1506
258, 25712, 1.43969e+007, 7.76054e+006, 2.21574e+007, 1273, 6096.26, 878, 1506
259, 25812, 1.43737e+007, 7.74221e+006, 2.21159e+007, 1270, 6096.22, 878, 1506
260, 25912, 1.44727e+007, 7.75394e+006, 2.22266e+007, 1276, 6076.76, 878, 1506
261, 26012, 1.44014e+007, 7.7676e+006, 2.2169e+007, 1277, 6082.69, 878, 1506
262, 26112, 1.44457e+007, 7.76269e+006, 2.22084e+007, 1277, 6078.85, 878, 1507
263, 26212, 1.44574e+007, 7.7598e+006, 2.22172e+007, 1278, 6071.83, 878, 1507
264, 26312, 1.43831e+007, 7.72146e+006, 2.21045e+007, 1273, 6065.56, 878, 1507
265, 26412, 1.47362e+007, 7.88288e+006, 2.2619e+007, 1292, 6101.3, 878, 1507
266, 26512, 1.46971e+007, 7.89278e+006, 2.25899e+007, 1296, 6090.11, 878, 1507
267, 26612, 1.46812e+007, 7.91173e+006, 2.2593e+007, 1297, 6100.02, 878, 1507
268, 26712, 1.47171e+007, 7.90951e+006, 2.26266e+007, 1300, 6084.24, 878, 1507
269, 26812, 1.44975e+007, 7.74736e+006, 2.22448e+007, 1278, 6062.1, 878, 1507
270, 26912, 1.45054e+007, 7.74187e+006, 2.22472e+007, 1279, 6053.07, 878, 1507
271, 27012, 1.43148e+007, 7.64327e+006, 2.19581e+007, 1267, 6032.58, 878, 1507
272, 27112, 1.42281e+007, 7.58711e+006, 2.18152e+007, 1258, 6031.09, 878, 1508
273, 27212, 1.42916e+007, 7.61661e+006, 2.19082e+007, 1266, 6016.28, 878, 1507
274, 27312, 1.42771e+007, 7.60214e+006, 2.18792e+007, 1261, 6028.66, 878, 1508
275, 27412, 1.42181e+007, 7.60637e+006, 2.18245e+007, 1263, 6022.46, 878, 1508
276, 27512, 1.42718e+007, 7.56097e+006, 2.18327e+007, 1260, 6000.77, 878, 1508
277, 27612, 1.43676e+007, 7.63959e+006, 2.20072e+007, 1271, 6010.69, 878, 1508
278, 27712, 1.42809e+007, 7.64353e+006, 2.19244e+007, 1269, 6023.27, 878, 1508
279, 27812, 1.42608e+007, 7.5541e+006, 2.18149e+007, 1259, 6000.08, 878, 1508
280, 27912, 1.428e+007, 7.62761e+006, 2.19076e+007, 1270, 6005.99, 878, 1508
281, 28012, 1.43034e+007, 7.6062e+006, 2.19096e+007, 1267, 6003.32, 878, 1508
282, 28112, 1.43229e+007, 7.60608e+006, 2.1929e+007, 1266, 6007.97, 878, 1508
283, 28212, 1.44067e+007, 7.66646e+006, 2.20732e+007, 1272, 6027.09, 878, 1508
284, 28312, 1.43768e+007, 7.60531e+006, 2.19821e+007, 1265, 6012.1, 878, 1508
285, 28412, 1.45032e+007, 7.69777e+006, 2.2201e+007, 1280, 6013.88, 878, 1508
286, 28512, 1.45141e+007, 7.72022e+006, 2.22343e+007, 1284, 6012.63, 878, 1508
287, 28612, 1.4392e+007, 7.62458e+006, 2.20166e+007, 1270, 6003.61, 878, 1508
288, 28712, 1.43438e+007, 7.62597e+006, 2.19698e+007, 1268, 6014.17, 878, 1508
289, 28812, 1.43013e+007, 7.59159e+006, 2.18929e+007, 1266, 5996.52, 878, 1508
290, 28912, 1.42143e+007, 7.49347e+006, 2.17078e+007, 1255, 5970.89, 878, 1508
291, 29012, 1.42588e+007, 7.49129e+006, 2.17501e+007, 1255, 5969.15, 878, 1508
292, 29112, 1.43357e+007, 7.55793e+006, 2.18936e+007, 1267, 5965.21, 878, 1508
293, 29212, 1.42115e+007, 7.44591e+006, 2.16574e+007, 1249, 5961.5, 878, 1508
294, 29312, 1.42721e+007, 7.47306e+006, 2.17451e+007, 1253, 5964.13, 878, 1508
295, 29412, 1.44312e+007, 7.56304e+006, 2.19942e+007, 1264, 5983.42, 878, 1508
296, 29512, 1.44098e+007, 7.54018e+006, 2.195e+007, 1260, 5984.27, 878, 1508
297, 29612, 1.43459e+007, 7.51148e+006, 2.18573e+007, 1256, 5980.48, 878, 1508
298, 29712, 1.44007e+007, 7.55223e+006, 2.19529e+007, 1261, 5989.08, 878, 1508
299, 29812, 1.41845e+007, 7.51273e+006, 2.16972e+007, 1253, 5995.79, 878, 1508
300, 29912, 1.44239e+007, 7.5526e+006, 2.19765e+007, 1266, 5965.72, 878, 1508
301, 30012, 1.44167e+007, 7.53306e+006, 2.19498e+007, 1263, 5964.42, 878, 1508
302, 30112, 1.43787e+007, 7.54175e+006, 2.19204e+007, 1262, 5976.03, 878, 1507
303, 30212, 1.45233e+007, 7.61963e+006, 2.21429e+007, 1277, 5966.82, 878, 1508
304, 30312, 1.43245e+007, 7.48754e+006, 2.18121e+007, 1256, 5961.42, 878, 1508
305, 30412, 1.43852e+007, 7.53082e+006, 2.1916e+007, 1261, 5972.1, 878, 1508
306, 30512, 1.43748e+007, 7.56295e+006, 2.19377e+007, 1266, 5973.9, 878, 1507
307, 30612, 1.42318e+007, 7.44957e+006, 2.16813e+007, 1253, 5945.38, 878, 1507
308, 30712, 1.4318e+007, 7.49092e+006, 2.18089e+007, 1263, 5931.06, 878, 1508
309, 30812, 1.42314e+007, 7.43945e+006, 2.16709e+007, 1255, 5927.85, 878, 1507
310, 30912, 1.42135e+007, 7.42044e+006, 2.1634e+007, 1247, 5950.63, 877, 1508
311, 31012, 1.42908e+007, 7.47527e+006, 2.1766e+007, 1256, 5951.65, 878, 1507
312, 31112, 1.4334e+007, 7.47083e+006, 2.18048e+007, 1256, 5948.11, 878, 1508
313, 31212, 1.43047e+007, 7.52724e+006, 2.18319e+007, 1266, 5945.69, 878, 1507
314, 31312, 1.43143e+007, 7.45822e+006, 2.17725e+007, 1259, 5923.92, 878, 1507
315, 31411, 1.4219e+007, 7.40628e+006, 2.16253e+007, 1252, 5915.56, 878, 1507
316, 31511, 1.43063e+007, 7.44504e+006, 2.17513e+007, 1258, 5918.16, 878, 1507
317, 31611, 1.42358e+007, 7.42411e+006, 2.16599e+007, 1256, 5910.91, 878, 1507
318, 31711, 1.43492e+007, 7.47793e+006, 2.18271e+007, 1262, 5925.46, 878, 1507
319, 31811, 1.42299e+007, 7.46971e+006, 2.16996e+007, 1256, 5947.22, 878, 1507
320, 31911, 1.43457e+007, 7.45358e+006, 2.17993e+007, 1257, 5929.66, 878, 1507
321, 32011, 1.42074e+007, 7.43628e+006, 2.16437e+007, 1252, 5939.52, 877, 1507
322, 32111, 1.40497e+007, 7.2966e+006, 2.13463e+007, 1233, 5917.76, 877, 1507
323, 32211, 1.42877e+007, 7.46534e+006, 2.1753e+007, 1264, 5906.12, 878, 1507
324, 32311, 1.42198e+007, 7.35044e+006, 2.15702e+007, 1245, 5903.97, 878, 1507
325, 32411, 1.41365e+007, 7.37111e+006, 2.15076e+007, 1244, 5925.33, 877, 1507
326, 32511, 1.43052e+007, 7.41162e+006, 2.17169e+007, 1253, 5915.1, 878, 1507
327, 32611, 1.43576e+007, 7.46792e+006, 2.18255e+007, 1262, 5917.53, 877, 1507
328, 32711, 1.41227e+007, 7.31313e+006, 2.14358e+007, 1241, 5892.93, 877, 1507
329, 32811, 1.43021e+007, 7.41071e+006, 2.17128e+007, 1256, 5900.25, 877, 1507
330, 32911, 1.4206e+007, 7.36377e+006, 2.15697e+007, 1246, 5909.93, 877, 1507
331, 33011, 1.41936e+007, 7.38265e+006, 2.15763e+007, 1250, 5906.12, 877, 1507
332, 33111, 1.41166e+007, 7.30363e+006, 2.14202e+007, 1238, 5899.54, 877, 1507
333, 33211, 1.42114e+007, 7.38476e+006, 2.15962e+007, 1251, 5903.09, 877, 1507
334, 33311, 1.42804e+007, 7.37742e+006, 2.16578e+007, 1251, 5897.22, 877, 1507
335, 33411, 1.41374e+007, 7.27908e+006, 2.14165e+007, 1239, 5874.96, 877, 1507
336, 33511, 1.41245e+007, 7.31359e+006, 2.14381e+007, 1241, 5893.3, 877, 1507
337, 33611, 1.42399e+007, 7.38684e+006, 2.16268e+007, 1254, 5890.62, 877, 1507
338, 33711, 1.41482e+007, 7.34643e+006, 2.14946e+007, 1245, 5900.74, 877, 1506
339, 33811, 1.42427e+007, 7.32198e+006, 2.15647e+007, 1247, 5871.67, 878, 1507
340, 33911, 1.41633e+007, 7.31541e+006, 2.14787e+007, 1242, 5890.02, 877, 1507
341, 34011, 1.42387e+007, 7.29662e+006, 2.15353e+007, 1241, 5879.63, 877, 1507
342, 34111, 1.42161e+007, 7.33924e+006, 2.15554e+007, 1246, 5890.24, 878, 1506
343, 34211, 1.40641e+007, 7.26457e+006, 2.13287e+007, 1235, 5882.24, 877, 1506
344, 34311, 1.41008e+007, 7.23803e+006, 2.13388e+007, 1236, 5856.01, 878, 1506
345, 34411, 1.40813e+007, 7.2621e+006, 2.13434e+007, 1236, 5875.48, 877, 1506
346, 34511, 1.41522e+007, 7.28576e+006, 2.1438e+007, 1240, 5875.61, 877, 1506
347, 34611, 1.42215e+007, 7.30343e+006, 2.15249e+007, 1245, 5866.21, 878, 1506
348, 34711, 1.42483e+007, 7.32034e+006, 2.15686e+007, 1246, 5875.07, 877, 1506
349, 34811, 1.43498e+007, 7.42797e+006, 2.17778e+007, 1261, 5890.54, 877, 1506
350, 34911, 1.42738e+007, 7.36899e+006, 2.16428e+007, 1254, 5876.39, 877, 1506
351, 35011, 1.40134e+007, 7.20669e+006, 2.12201e+007, 1230, 5859.1, 877, 1506
352, 35111, 1.4037e+007, 7.26225e+006, 2.12992e+007, 1238, 5866.11, 877, 1506
353, 35211, 1.42063e+007, 7.28985e+006, 2.14961e+007, 1246, 5850.6, 877, 1506
354, 35311, 1.40717e+007, 7.24286e+006, 2.13146e+007, 1237, 5855.18, 877, 1506
355, 35411, 1.40553e+007, 7.20403e+006, 2.12594e+007, 1230, 5856.94, 877, 1506
356, 35511, 1.42379e+007, 7.3275e+006, 2.15655e+007, 1251, 5857.32, 877, 1506
357, 35611, 1.40604e+007, 7.24212e+006, 2.13025e+007, 1238, 5849.86, 877, 1506
358, 35711, 1.40358e+007, 7.20356e+006, 2.12394e+007, 1233, 5842.31, 877, 1506
359, 35811, 1.40337e+007, 7.2165e+006, 2.12502e+007, 1235, 5843.32, 877, 1506
360, 35911, 1.42004e+007, 7.26829e+006, 2.14687e+007, 1245, 5837.98, 877, 1506
361, 36011, 1.41508e+007, 7.31414e+006, 2.1465e+007, 1252, 5841.96, 877, 1506
362, 36111, 1.40834e+007, 7.23629e+006, 2.13197e+007, 1239, 5840.43, 877, 1506
363, 36211, 1.40859e+007, 7.18182e+006, 2.12678e+007, 1231, 5834.14, 877, 1506
364, 36311, 1.41787e+007, 7.19603e+006, 2.13748e+007, 1235, 5826.75, 877, 1506
365, 36411, 1.41233e+007, 7.22456e+006, 2.13478e+007, 1241, 5821.57, 878, 1505
366, 36511, 1.41134e+007, 7.19623e+006, 2.13096e+007, 1235, 5826.9, 877, 1506
367, 36611, 1.41096e+007, 7.22185e+006, 2.13314e+007, 1239, 5828.77, 877, 1506
368, 36711, 1.4078e+007, 7.20502e+006, 2.1283e+007, 1236, 5829.31, 877, 1506
369, 36811, 1.42036e+007, 7.28052e+006, 2.14842e+007, 1249, 5829.08, 877, 1505
370, 36911, 1.40721e+007, 7.14332e+006, 2.12155e+007, 1228, 5817.04, 877, 1506
371, 37011, 1.40876e+007, 7.18047e+006, 2.1268e+007, 1235, 5814.15, 877, 1505
372, 37111, 1.40894e+007, 7.21053e+006, 2.13e+007, 1238, 5824.33, 877, 1505
373, 37211, 1.41483e+007, 7.19322e+006, 2.13415e+007, 1236, 5819.76, 877, 1505
374, 37311, 1.4071e+007, 7.14891e+006, 2.12199e+007, 1228, 5821.59, 877, 1505
375, 37411, 1.40528e+007, 7.13411e+006, 2.11869e+007, 1228, 5809.53, 877, 1505
376, 37511, 1.41661e+007, 7.24247e+006, 2.14086e+007, 1242, 5831.3, 877, 1505
377, 37611, 1.42811e+007, 7.27009e+006, 2.15512e+007, 1252, 5806.78, 878, 1505
378, 37711, 1.41606e+007, 7.18954e+006, 2.13501e+007, 1238, 5807.38, 877, 1505
379, 37811, 1.4016e+007, 7.09655e+006, 2.11125e+007, 1222, 5807.32, 877, 1505
380, 37911, 1.41494e+007, 7.14332e+006, 2.12928e+007, 1231, 5802.86, 877, 1505
381, 38011, 1.40836e+007, 7.13393e+006, 2.12175e+007, 1226, 5818.87, 877, 1505
382, 38111, 1.41402e+007, 7.18198e+006, 2.13222e+007, 1234, 5820.08, 877, 1505
383, 38211, 1.40679e+007, 7.1424e+006, 2.12103e+007, 1232, 5797.4, 877, 1505
384, 38311, 1.41274e+007, 7.15177e+006, 2.12792e+007, 1233, 5800.3, 877, 1505
385, 38411, 1.40004e+007, 7.11045e+006, 2.11108e+007, 1227, 5794.99, 877, 1505
386, 38511, 1.41562e+007, 7.1802e+006, 2.13364e+007, 1238, 5799.84, 877, 1505
387, 38611, 1.41233e+007, 7.14976e+006, 2.12731e+007, 1231, 5808.09, 877, 1505
388, 38711, 1.42005e+007, 7.21517e+006, 2.14156e+007, 1242, 5809.31, 877, 1505
389, 38811, 1.41267e+007, 7.14496e+006, 2.12717e+007, 1237, 5776.04, 877, 1505
390, 38911, 1.39308e+007, 7.00509e+006, 2.09359e+007, 1211, 5784.55, 877, 1505
391, 39011, 1.40265e+007, 7.10655e+006, 2.11331e+007, 1227, 5791.81, 877, 1505
392, 39111, 1.39149e+007, 7.05629e+006, 2.09712e+007, 1219, 5788.59, 877, 1505
393, 39211, 1.39821e+007, 7.06991e+006, 2.1052e+007, 1224, 5776.07, 877, 1505
394, 39311, 1.40421e+007, 7.14395e+006, 2.11861e+007, 1237, 5775.22, 877, 1505
395, 39411, 1.39947e+007, 7.05278e+006, 2.10474e+007, 1222, 5771.51, 877, 1505
396, 39511, 1.40169e+007, 7.07264e+006, 2.10895e+007, 1223, 5783.02, 877, 1505
397, 39611, 1.40462e+007, 7.11287e+006, 2.11591e+007, 1226, 5801.69, 877, 1504
398, 39711, 1.40817e+007, 7.09742e+006, 2.11791e+007, 1235, 5746.9, 878, 1504
399, 39811, 1.3978e+007, 7.05898e+006, 2.1037e+007, 1225, 5762.43, 878, 1504
400, 39911, 1.39905e+007, 7.07888e+006, 2.10694e+007, 1227, 5769.26, 877, 1504
401, 40011, 1.40193e+007, 7.09042e+006, 2.11097e+007, 1229, 5769.26, 877, 1504
402, 40111, 1.40646e+007, 7.13583e+006, 2.12005e+007, 1238, 5764, 877, 1504
403, 40211, 1.39922e+007, 7.06911e+006, 2.10613e+007, 1226, 5766, 877, 1505
404, 40311, 1.40768e+007, 7.10779e+006, 2.11846e+007, 1237, 5745.99, 877, 1505
405, 40411, 1.40569e+007, 7.09405e+006, 2.1151e+007, 1231, 5762.83, 877, 1505
406, 40511, 1.38873e+007, 6.97921e+006, 2.08665e+007, 1212, 5758.42, 877, 1505
407, 40611, 1.3992e+007, 7.0639e+006, 2.10559e+007, 1226, 5761.74, 877, 1505
408, 40711, 1.402e+007, 7.08128e+006, 2.11013e+007, 1231, 5752.46, 877, 1505
409, 40811, 1.38854e+007, 7.00632e+006, 2.08917e+007, 1217, 5757.04, 877, 1505
410, 40911, 1.40842e+007, 7.07344e+006, 2.11577e+007, 1231, 5746.09, 877, 1505
411, 41011, 1.40263e+007, 7.07019e+006, 2.10965e+007, 1227, 5762.18, 877, 1505
412, 41111, 1.4013e+007, 7.0354e+006, 2.10484e+007, 1220, 5766.72, 877, 1505
413, 41211, 1.40573e+007, 7.05976e+006, 2.11171e+007, 1224, 5767.77, 877, 1505
414, 41311, 1.40289e+007, 7.08897e+006, 2.11179e+007, 1230, 5763.39, 877, 1505
415, 41416, 1.39306e+007, 7.0097e+006, 2.09403e+007, 1219, 5750.37, 877, 1505
416, 41516, 1.3992e+007, 7.02563e+006, 2.10176e+007, 1222, 5749.29, 877, 1505
417, 41616, 1.38879e+007, 6.98868e+006, 2.08766e+007, 1215, 5752, 877, 1505
418, 41716, 1.3937e+007, 7.00209e+006, 2.09391e+007, 1220, 5739.42, 877, 1505
419, 41816, 1.39643e+007, 7.02639e+006, 2.09907e+007, 1221, 5754.62, 877, 1505
420, 41916, 1.41659e+007, 7.12557e+006, 2.12915e+007, 1237, 5760.36, 877, 1505
421, 42016, 1.40648e+007, 7.07833e+006, 2.11431e+007, 1230, 5754.74, 877, 1505
422, 42116, 1.39048e+007, 7.01458e+006, 2.09194e+007, 1223, 5735.55, 877, 1505
423, 42216, 1.40053e+007, 7.05351e+006, 2.10588e+007, 1230, 5734.56, 877, 1505
424, 42316, 1.4081e+007, 7.08988e+006, 2.11708e+007, 1236, 5736.15, 877, 1505
425, 42416, 1.39382e+007, 7.01384e+006, 2.0952e+007, 1221, 5744.34, 877, 1505
426, 42516, 1.40752e+007, 7.09776e+006, 2.11729e+007, 1236, 5742.52, 877, 1505
427, 42616, 1.39872e+007, 7.06225e+006, 2.10494e+007, 1231, 5737, 877, 1505
428, 42716, 1.40192e+007, 7.03313e+006, 2.10523e+007, 1228, 5727.3, 877, 1505
429, 42816, 1.39619e+007, 7.02301e+006, 2.09849e+007, 1225, 5733.07, 877, 1505
430, 42916, 1.39462e+007, 6.9659e+006, 2.09121e+007, 1217, 5723.83, 877, 1505
431, 43016, 1.40944e+007, 7.06875e+006, 2.11631e+007, 1235, 5723.69, 877, 1505
432, 43116, 1.39728e+007, 7.00762e+006, 2.09804e+007, 1225, 5720.51, 877, 1505
433, 43216, 1.38679e+007, 6.9779e+006, 2.08458e+007, 1220, 5719.59, 877, 1505
434, 43316, 1.40213e+007, 7.05748e+006, 2.10788e+007, 1233, 5723.83, 877, 1505
435, 43416, 1.38811e+007, 6.95418e+006, 2.08352e+007, 1218, 5709.51, 877, 1505
436, 43516, 1.38963e+007, 7.00192e+006, 2.08983e+007, 1223, 5725.2, 877, 1505
437, 43616, 1.39787e+007, 7.04088e+006, 2.10196e+007, 1227, 5738.29, 877, 1505
438, 43716, 1.39012e+007, 6.95615e+006, 2.08573e+007, 1214, 5729.94, 877, 1505
439, 43816, 1.39565e+007, 7.01725e+006, 2.09738e+007, 1228, 5714.38, 877, 1505
440, 43916, 1.39576e+007, 7.02512e+006, 2.09828e+007, 1229, 5716.13, 877, 1505
441, 44016, 1.37542e+007, 6.87957e+006, 2.06338e+007, 1206, 5704.45, 877, 1506
442, 44116, 1.39058e+007, 6.9828e+006, 2.08886e+007, 1222, 5714.24, 877, 1505
443, 44216, 1.39869e+007, 7.00645e+006, 2.09933e+007, 1227, 5710.23, 877, 1505
444, 44316, 1.39076e+007, 6.9944e+006, 2.0902e+007, 1225, 5709.71, 877, 1505
445, 44416, 1.38414e+007, 6.93298e+006, 2.07744e+007, 1215, 5706.16, 877, 1505
446, 44516, 1.38324e+007, 6.95636e+006, 2.07888e+007, 1219, 5706.61, 877, 1505
447, 44616, 1.37785e+007, 6.92388e+006, 2.07023e+007, 1211, 5717.49, 877, 1505
448, 44716, 1.40579e+007, 7.00134e+006, 2.10593e+007, 1229, 5696.77, 877, 1505
449, 44816, 1.38804e+007, 6.95265e+006, 2.0833e+007, 1219, 5703.57, 877, 1505
450, 44916, 1.38502e+007, 6.94777e+006, 2.0798e+007, 1219, 5699.56, 877, 1505
451, 45016, 1.38363e+007, 6.90786e+006, 2.07442e+007, 1212, 5699.55, 877, 1505
452, 45116, 1.38474e+007, 6.9696e+006, 2.0817e+007, 1223, 5698.77, 877, 1505
453, 45216, 1.37993e+007, 6.91948e+006, 2.07188e+007, 1215, 5695.04, 877, 1505
454, 45316, 1.38702e+007, 6.95428e+006, 2.08245e+007, 1220, 5700.23, 877, 1505
455, 45416, 1.37959e+007, 6.8928e+006, 2.06887e+007, 1212, 5687.13, 877, 1505
456, 45516, 1.38409e+007, 6.95499e+006, 2.07959e+007, 1221, 5696.14, 877, 1505
457, 45616, 1.37432e+007, 6.89619e+006, 2.06394e+007, 1211, 5694.63, 877, 1505
458, 45716, 1.3659e+007, 6.82122e+006, 2.04802e+007, 1199, 5689.09, 877, 1505
459, 45816, 1.37564e+007, 6.87647e+006, 2.06328e+007, 1207, 5697.16, 877, 1505
460, 45916, 1.37618e+007, 6.85775e+006, 2.06196e+007, 1205, 5691.08, 877, 1505
461, 46016, 1.38794e+007, 6.9579e+006, 2.08373e+007, 1223, 5689.21, 877, 1505
462, 46116, 1.3841e+007, 6.96372e+006, 2.08047e+007, 1223, 5693.97, 877, 1505
463, 46216, 1.38034e+007, 6.93673e+006, 2.07401e+007, 1221, 5681.19, 877, 1505
464, 46316, 1.37623e+007, 6.87746e+006, 2.06398e+007, 1210, 5683.85, 877, 1505
465, 46416, 1.35905e+007, 6.79165e+006, 2.03821e+007, 1197, 5673.89, 877, 1505
466, 46516, 1.36592e+007, 6.83973e+006, 2.0499e+007, 1204, 5680.84, 877, 1505
467, 46616, 1.37881e+007, 6.87338e+006, 2.06615e+007, 1210, 5680.48, 877, 1505
468, 46716, 1.39506e+007, 7.02996e+006, 2.09806e+007, 1237, 5683.08, 877, 1504
469, 46816, 1.39134e+007, 6.92941e+006, 2.08428e+007, 1221, 5675.19, 877, 1504
470, 46916, 1.37209e+007, 6.83424e+006, 2.05551e+007, 1204, 5676.28, 877, 1504
471, 47016, 1.37652e+007, 6.86968e+006, 2.06348e+007, 1211, 5672.73, 877, 1504
472, 47116, 1.38666e+007, 6.96622e+006, 2.08328e+007, 1227, 5677.44, 877, 1504
473, 47216, 1.3727e+007, 6.85292e+006, 2.05799e+007, 1211, 5658.89, 877, 1505
474, 47316, 1.3737e+007, 6.82837e+006, 2.05653e+007, 1205, 5666.7, 877, 1504
475, 47416, 1.36847e+007, 6.84991e+006, 2.05347e+007, 1207, 5675.15, 877, 1504
476, 47516, 1.37232e+007, 6.84706e+006, 2.05703e+007, 1208, 5668.09, 877, 1504
477, 47616, 1.37771e+007, 6.88883e+006, 2.06659e+007, 1214, 5674.49, 877, 1504
478, 47716, 1.37616e+007, 6.91974e+006, 2.06814e+007, 1219, 5676.57, 877, 1504
479, 47816, 1.37801e+007, 6.90651e+006, 2.06866e+007, 1218, 5670.37, 877, 1505
480, 47916, 1.37874e+007, 6.91437e+006, 2.07018e+007, 1219, 5672.16, 877, 1504
481, 48016, 1.37935e+007, 6.92087e+006, 2.07144e+007, 1220, 5672.85, 877, 1504
482, 48116, 1.37693e+007, 6.88089e+006, 2.06502e+007, 1215, 5663.29, 877, 1504
483, 48216, 1.38658e+007, 6.90365e+006, 2.07694e+007, 1219, 5663.37, 877, 1504
484, 48316, 1.37007e+007, 6.83178e+006, 2.05325e+007, 1206, 5664.83, 877, 1504
485, 48416, 1.37743e+007, 6.86717e+006, 2.06414e+007, 1213, 5661.31, 877, 1504
486, 48516, 1.39336e+007, 6.98216e+006, 2.09158e+007, 1229, 5681.17, 877, 1504
487, 48616, 1.38669e+007, 6.92559e+006, 2.07925e+007, 1220, 5676.72, 877, 1504
488, 48716, 1.39148e+007, 6.95517e+006, 2.08699e+007, 1226, 5673.06, 877, 1504
489, 48816, 1.38199e+007, 6.91442e+006, 2.07344e+007, 1218, 5676.87, 877, 1504
490, 48916, 1.37613e+007, 6.86232e+006, 2.06236e+007, 1207, 5685.43, 877, 1504
491, 49016, 1.36806e+007, 6.84846e+006, 2.05291e+007, 1209, 5664.56, 877, 1504
492, 49116, 1.36739e+007, 6.7902e+006, 2.04641e+007, 1202, 5649.08, 877, 1504
493, 49216, 1.37885e+007, 6.91202e+006, 2.07005e+007, 1224, 5647.07, 877, 1504
494, 49316, 1.37081e+007, 6.80952e+006, 2.05177e+007, 1206, 5646.37, 877, 1504
495, 49416, 1.40073e+007, 6.98388e+006, 2.09911e+007, 1231, 5673.34, 877, 1504
496, 49516, 1.38258e+007, 6.8865e+006, 2.07123e+007, 1214, 5672.57, 877, 1504
497, 49616, 1.38038e+007, 6.89837e+006, 2.07022e+007, 1217, 5668.34, 877, 1504
498, 49716, 1.3673e+007, 6.81724e+006, 2.04902e+007, 1208, 5643.41, 877, 1504
499, 49816, 1.346e+007, 6.70286e+006, 2.01628e+007, 1186, 5651.65, 877, 1504
500, 49916, 1.37851e+007, 6.91734e+006, 2.07025e+007, 1223, 5656.05, 877, 1503
501, 50016, 1.36294e+007, 6.83409e+006, 2.04635e+007, 1208, 5657.36, 877, 1503
502, 50116, 1.37579e+007, 6.83082e+006, 2.05888e+007, 1211, 5640.65, 877, 1503
503, 50216, 1.37263e+007, 6.88111e+006, 2.06075e+007, 1216, 5658.81, 877, 1503
504, 50316, 1.36642e+007, 6.82785e+006, 2.0492e+007, 1208, 5652.2, 877, 1503
505, 50416, 1.36187e+007, 6.77266e+006, 2.03914e+007, 1198, 5653.31, 877, 1503
506, 50516, 1.37119e+007, 6.84661e+006, 2.05585e+007, 1212, 5649.02, 877, 1503
507, 50616, 1.36114e+007, 6.80598e+006, 2.04174e+007, 1204, 5652.8, 877, 1503
508, 50716, 1.36859e+007, 6.85229e+006, 2.05382e+007, 1214, 5644.39, 877, 1503
509, 50816, 1.3558e+007, 6.73953e+006, 2.02976e+007, 1195, 5639.78, 877, 1503
510, 50916, 1.36883e+007, 6.81368e+006, 2.05019e+007, 1206, 5649.82, 877, 1503
511, 51016, 1.37229e+007, 6.84315e+006, 2.05661e+007, 1211, 5650.82, 877, 1503
512, 51116, 1.37185e+007, 6.80653e+006, 2.0525e+007, 1207, 5639.21, 877, 1503
513, 51216, 1.37079e+007, 6.84478e+006, 2.05527e+007, 1211, 5652.17, 877, 1503
514, 51316, 1.37336e+007, 6.86015e+006, 2.05938e+007, 1216, 5641.57, 877, 1503
515, 51412, 1.36771e+007, 6.8221e+006, 2.04992e+007, 1209, 5642.76, 877, 1503
516, 51512, 1.36002e+007, 6.79712e+006, 2.03973e+007, 1203, 5650.14, 877, 1502
517, 51612, 1.35607e+007, 6.72201e+006, 2.02827e+007, 1193, 5634.54, 877, 1503
518, 51712, 1.36152e+007, 6.77929e+006, 2.03945e+007, 1201, 5644.71, 877, 1503
519, 51812, 1.37822e+007, 6.87443e+006, 2.06567e+007, 1217, 5648.67, 877, 1502
520, 51912, 1.36416e+007, 6.80711e+006, 2.04487e+007, 1204, 5653.75, 877, 1502
521, 52012, 1.36356e+007, 6.7933e+006, 2.04289e+007, 1204, 5642.28, 877, 1502
522, 52112, 1.35318e+007, 6.71764e+006, 2.02494e+007, 1192, 5635.6, 877, 1502
523, 52212, 1.36238e+007, 6.80834e+006, 2.04321e+007, 1206, 5645.39, 877, 1503
524, 52312, 1.36347e+007, 6.81446e+006, 2.04492e+007, 1206, 5650.46, 877, 1502
525, 52412, 1.35592e+007, 6.76759e+006, 2.03268e+007, 1199, 5644.36, 877, 1502
526, 52512, 1.36082e+007, 6.82131e+006, 2.04295e+007, 1207, 5651.46, 877, 1502
527, 52612, 1.35923e+007, 6.78404e+006, 2.03764e+007, 1202, 5643.96, 877, 1502
528, 52712, 1.36118e+007, 6.80076e+006, 2.04126e+007, 1206, 5639.11, 877, 1502
529, 52812, 1.35997e+007, 6.74482e+006, 2.03445e+007, 1194, 5648.93, 877, 1502
530, 52912, 1.36045e+007, 6.78799e+006, 2.03925e+007, 1203, 5642.55, 877, 1502
531, 53012, 1.3506e+007, 6.74817e+006, 2.02542e+007, 1194, 5651.74, 877, 1502
532, 53112, 1.36027e+007, 6.75836e+006, 2.0361e+007, 1200, 5631.97, 877, 1502
533, 53212, 1.3615e+007, 6.82494e+006, 2.04399e+007, 1211, 5635.79, 877, 1502
534, 53312, 1.35102e+007, 6.74067e+006, 2.02509e+007, 1194, 5645.45, 877, 1502
535, 53412, 1.35134e+007, 6.72323e+006, 2.02366e+007, 1194, 5630.85, 877, 1502
536, 53512, 1.34826e+007, 6.72806e+006, 2.02107e+007, 1194, 5634.89, 877, 1502
537, 53612, 1.35755e+007, 6.76461e+006, 2.03401e+007, 1202, 5627.79, 877, 1502
538, 53712, 1.36027e+007, 6.78065e+006, 2.03833e+007, 1203, 5636.45, 877, 1502
539, 53812, 1.35406e+007, 6.73752e+006, 2.02781e+007, 1196, 5633.37, 877, 1502
540, 53912, 1.35417e+007, 6.7182e+006, 2.02599e+007, 1190, 5645.55, 876, 1502
541, 54012, 1.35101e+007, 6.73117e+006, 2.02413e+007, 1195, 5632.78, 877, 1501
542, 54112, 1.34845e+007, 6.76277e+006, 2.02473e+007, 1198, 5645.05, 877, 1501
543, 54212, 1.35414e+007, 6.76178e+006, 2.03031e+007, 1196, 5653.66, 876, 1501
544, 54312, 1.35802e+007, 6.79595e+006, 2.03761e+007, 1206, 5635.12, 877, 1501
545, 54412, 1.35246e+007, 6.74949e+006, 2.02741e+007, 1197, 5638.67, 877, 1501
546, 54512, 1.35202e+007, 6.77441e+006, 2.02946e+007, 1198, 5654.76, 876, 1501
547, 54612, 1.35096e+007, 6.72486e+006, 2.02345e+007, 1191, 5646.4, 876, 1501
548, 54712, 1.34724e+007, 6.74607e+006, 2.02185e+007, 1193, 5654.71, 876, 1501
549, 54812, 1.36061e+007, 6.81191e+006, 2.0418e+007, 1209, 5634.33, 877, 1501
550, 54912, 1.35062e+007, 6.74272e+006, 2.02489e+007, 1195, 5642.44, 876, 1501
551, 55012, 1.35373e+007, 6.73785e+006, 2.02751e+007, 1195, 5638.37, 877, 1501
552, 55112, 1.35716e+007, 6.77499e+006, 2.03466e+007, 1202, 5636.43, 877, 1501
553, 55212, 1.34798e+007, 6.75028e+006, 2.023e+007, 1195, 5648.77, 876, 1501
554, 55312, 1.33954e+007, 6.66785e+006, 2.00633e+007, 1181, 5645.94, 876, 1501
555, 55412, 1.35027e+007, 6.7563e+006, 2.02589e+007, 1196, 5649.08, 876, 1501
556, 55512, 1.34672e+007, 6.7275e+006, 2.01947e+007, 1191, 5648.62, 876, 1501
557, 55612, 1.35294e+007, 6.74701e+006, 2.02764e+007, 1195, 5646.04, 877, 1500
558, 55712, 1.36035e+007, 6.84468e+006, 2.04482e+007, 1209, 5661.44, 876, 1500
559, 55812, 1.36193e+007, 6.80678e+006, 2.04261e+007, 1207, 5639.42, 876, 1501
560, 55912, 1.36821e+007, 6.79252e+006, 2.04747e+007, 1208, 5622.94, 877, 1500
561, 56012, 1.3514e+007, 6.74354e+006, 2.02575e+007, 1195, 5643.13, 876, 1500
562, 56112, 1.33929e+007, 6.67854e+006, 2.00714e+007, 1185, 5635.9, 877, 1500
563, 56212, 1.35005e+007, 6.73617e+006, 2.02367e+007, 1195, 5636.96, 877, 1500
564, 56312, 1.34839e+007, 6.75662e+006, 2.02405e+007, 1196, 5649.35, 876, 1500
565, 56412, 1.35303e+007, 6.77076e+006, 2.03011e+007, 1199, 5647.01, 876, 1500
566, 56512, 1.35346e+007, 6.78096e+006, 2.03155e+007, 1201, 5646.09, 876, 1500
567, 56612, 1.35168e+007, 6.73039e+006, 2.02472e+007, 1195, 5632.12, 877, 1500
568, 56712, 1.3573e+007, 6.77703e+006, 2.03501e+007, 1203, 5633.44, 877, 1500
569, 56812, 1.34799e+007, 6.72421e+006, 2.02042e+007, 1194, 5631.67, 876, 1500
570, 56912, 1.34489e+007, 6.7113e+006, 2.01602e+007, 1190, 5639.75, 876, 1500
571, 57012, 1.35121e+007, 6.73733e+006, 2.02494e+007, 1199, 5619.13, 877, 1500
572, 57112, 1.35636e+007, 6.74662e+006, 2.03102e+007, 1200, 5622.18, 877, 1500
573, 57212, 1.33764e+007, 6.66893e+006, 2.00453e+007, 1183, 5637.3, 876, 1500
574, 57312, 1.33253e+007, 6.62248e+006, 1.99478e+007, 1176, 5631.36, 876, 1500
575, 57412, 1.3507e+007, 6.73985e+006, 2.02469e+007, 1198, 5625.92, 877, 1500
576, 57512, 1.34674e+007, 6.74644e+006, 2.02139e+007, 1195, 5645.55, 876, 1500
577, 57612, 1.34051e+007, 6.68871e+006, 2.00939e+007, 1190, 5620.77, 877, 1500
578, 57712, 1.3454e+007, 6.71145e+006, 2.01655e+007, 1192, 5630.41, 877, 1499
579, 57812, 1.34512e+007, 6.72969e+006, 2.01809e+007, 1196, 5626.83, 877, 1499
580, 57912, 1.34582e+007, 6.72468e+006, 2.01828e+007, 1193, 5636.78, 876, 1499
581, 58012, 1.34627e+007, 6.70392e+006, 2.01666e+007, 1194, 5614.67, 877, 1499
582, 58112, 1.33651e+007, 6.64675e+006, 2.00118e+007, 1184, 5613.81, 877, 1499
583, 58212, 1.34492e+007, 6.75398e+006, 2.02032e+007, 1198, 5637.71, 876, 1499
584, 58312, 1.33703e+007, 6.66564e+006, 2.00359e+007, 1186, 5620.27, 877, 1499
585, 58412, 1.35627e+007, 6.78014e+006, 2.03429e+007, 1207, 5617.35, 877, 1499
586, 58512, 1.35098e+007, 6.71988e+006, 2.02296e+007, 1197, 5613.93, 877, 1499
587, 58612, 1.34011e+007, 6.64942e+006, 2.00505e+007, 1185, 5611.32, 877, 1499
588, 58712, 1.33243e+007, 6.61173e+006, 1.9936e+007, 1177, 5617.44, 877, 1499
589, 58812, 1.33974e+007, 6.66176e+006, 2.00592e+007, 1188, 5607.54, 877, 1499
590, 58912, 1.33607e+007, 6.63358e+006, 1.99943e+007, 1185, 5597.96, 877, 1499
591, 59012, 1.3436e+007, 6.67848e+006, 2.01145e+007, 1191, 5607.46, 877, 1499
592, 59112, 1.34007e+007, 6.63547e+006, 2.00362e+007, 1183, 5609.02, 877, 1499
593, 59212, 1.32557e+007, 6.60028e+006, 1.9856e+007, 1177, 5607.71, 877, 1499
594, 59312, 1.32281e+007, 6.56894e+006, 1.9797e+007, 1173, 5600.12, 877, 1499
595, 59412, 1.33969e+007, 6.69751e+006, 2.00944e+007, 1193, 5614, 877, 1498
596, 59512, 1.34226e+007, 6.66898e+006, 2.00916e+007, 1191, 5599.48, 877, 1499
597, 59612, 1.34111e+007, 6.69661e+006, 2.01077e+007, 1191, 5622.68, 876, 1499
598, 59712, 1.33902e+007, 6.63809e+006, 2.00283e+007, 1187, 5592.33, 877, 1499
599, 59812, 1.33987e+007, 6.64804e+006, 2.00468e+007, 1188, 5596, 877, 1499
600, 59912, 1.33431e+007, 6.61474e+006, 1.99578e+007, 1183, 5591.5, 877, 1499