2, 90, 8.05987e+007, 1.32655e+007, 9.38643e+007, 3048, 4352.21, 968, 1483
3, 190, 7.97225e+007, 1.30812e+007, 9.28037e+007, 3025, 4324.36, 968, 1483
4, 290, 7.84987e+007, 1.28247e+007, 9.13234e+007, 2977, 4307.92, 968, 1483
5, 390, 7.84697e+007, 1.29062e+007, 9.13759e+007, 2991, 4315.02, 968, 1483
6, 490, 7.76233e+007, 1.27069e+007, 9.03302e+007, 2953, 4303.04, 969, 1483
7, 590, 7.75116e+007, 1.2641e+007, 9.01526e+007, 2951, 4283.62, 969, 1483
8, 690, 7.73219e+007, 1.26418e+007, 8.99637e+007, 2945, 4292.62, 968, 1483
9, 793, 7.73848e+007, 1.2665e+007, 9.00497e+007, 2948, 4296.12, 968, 1482
10, 892, 7.71784e+007, 1.26051e+007, 8.97835e+007, 2943, 4283.08, 968, 1483
11, 992, 7.78637e+007, 1.26359e+007, 9.04996e+007, 2966, 4260.26, 969, 1483
12, 1092, 7.72271e+007, 1.25864e+007, 8.98135e+007, 2943, 4276.73, 969, 1483
13, 1192, 7.70856e+007, 1.26009e+007, 8.96865e+007, 2936, 4291.87, 968, 1483
14, 1292, 7.72272e+007, 1.25821e+007, 8.98093e+007, 2942, 4276.73, 969, 1483
15, 1392, 7.69765e+007, 1.24899e+007, 8.94664e+007, 2931, 4261.31, 969, 1482
16, 1492, 7.73468e+007, 1.25314e+007, 8.98782e+007, 2942, 4259.49, 969, 1482
17, 1592, 7.70888e+007, 1.24651e+007, 8.95539e+007, 2932, 4251.41, 969, 1482
18, 1692, 7.75955e+007, 1.2514e+007, 9.01095e+007, 2949, 4243.47, 969, 1483
19, 1792, 7.78547e+007, 1.25491e+007, 9.04038e+007, 2962, 4236.7, 969, 1482
20, 1892, 7.71355e+007, 1.24798e+007, 8.96153e+007, 2935, 4252.05, 969, 1482
21, 1992, 7.76985e+007, 1.25863e+007, 9.02848e+007, 2958, 4255, 969, 1482
22, 2092, 7.77918e+007, 1.25756e+007, 9.03674e+007, 2961, 4247.07, 968, 1482
23, 2192, 7.72973e+007, 1.24756e+007, 8.97729e+007, 2934, 4252.07, 968, 1482
24, 2292, 7.75414e+007, 1.24981e+007, 9.00396e+007, 2944, 4245.3, 968, 1482
25, 2392, 7.75695e+007, 1.24298e+007, 8.99993e+007, 2942, 4224.96, 969, 1482
26, 2492, 7.82222e+007, 1.26405e+007, 9.08628e+007, 2978, 4244.64, 969, 1482
27, 2592, 7.78335e+007, 1.25943e+007, 9.04278e+007, 2960, 4254.84, 968, 1482
28, 2692, 7.72225e+007, 1.23553e+007, 8.95778e+007, 2925, 4224.04, 969, 1482
29, 2792, 7.75677e+007, 1.23875e+007, 8.99552e+007, 2933, 4223.49, 969, 1482
30, 2892, 7.72378e+007, 1.23105e+007, 8.95483e+007, 2922, 4213.04, 969, 1482
31, 2992, 7.77303e+007, 1.25155e+007, 9.02458e+007, 2948, 4245.42, 968, 1482
32, 3092, 7.77714e+007, 1.24876e+007, 9.0259e+007, 2952, 4230.21, 969, 1482
33, 3192, 7.7213e+007, 1.23642e+007, 8.95771e+007, 2927, 4224.17, 969, 1482
34, 3292, 7.76686e+007, 1.24165e+007, 9.00851e+007, 2943, 4218.98, 969, 1482
35, 3392, 7.79544e+007, 1.24237e+007, 9.03781e+007, 2953, 4207.15, 969, 1482
36, 3492, 7.77447e+007, 1.2461e+007, 9.02058e+007, 2946, 4229.81, 968, 1482
37, 3592, 7.78882e+007, 1.24401e+007, 9.03283e+007, 2952, 4214.14, 969, 1482
38, 3692, 7.7681e+007, 1.23815e+007, 9.00625e+007, 2944, 4205.66, 969, 1482
39, 3792, 7.7833e+007, 1.23967e+007, 9.02297e+007, 2947, 4206.55, 969, 1482
40, 3892, 7.7929e+007, 1.23523e+007, 9.02813e+007, 2950, 4187.22, 969, 1482
41, 3992, 7.86676e+007, 1.2537e+007, 9.12046e+007, 2982, 4204.21, 969, 1482
42, 4092, 7.79756e+007, 1.24389e+007, 9.04145e+007, 2958, 4205.17, 969, 1482
43, 4192, 7.78138e+007, 1.23751e+007, 9.01889e+007, 2942, 4206.36, 969, 1482
44, 4292, 7.76485e+007, 1.23232e+007, 8.99716e+007, 2933, 4201.56, 969, 1482
45, 4392, 7.78758e+007, 1.23547e+007, 9.02305e+007, 2945, 4195.15, 969, 1482
46, 4492, 7.86215e+007, 1.24692e+007, 9.10907e+007, 2974, 4192.75, 969, 1482
47, 4592, 7.83099e+007, 1.24079e+007, 9.07178e+007, 2967, 4181.98, 969, 1482
48, 4692, 7.8488e+007, 1.2456e+007, 9.0944e+007, 2971, 4192.54, 969, 1482
49, 4792, 7.80182e+007, 1.23605e+007, 9.03788e+007, 2955, 4182.93, 969, 1482
50, 4892, 7.77287e+007, 1.23092e+007, 9.0038e+007, 2940, 4186.81, 969, 1482
51, 4992, 7.80982e+007, 1.23889e+007, 9.04872e+007, 2952, 4196.79, 969, 1482
52, 5092, 7.81065e+007, 1.23424e+007, 9.04489e+007, 2955, 4176.8, 969, 1482
53, 5192, 7.79918e+007, 1.23331e+007, 9.03249e+007, 2950, 4180.71, 969, 1482
54, 5292, 7.84035e+007, 1.23837e+007, 9.07872e+007, 2966, 4175.21, 969, 1482
55, 5392, 7.80589e+007, 1.23499e+007, 9.04088e+007, 2952, 4183.55, 969, 1482
56, 5492, 7.83711e+007, 1.24015e+007, 9.07726e+007, 2965, 4182.64, 969, 1482
57, 5592, 7.76146e+007, 1.22278e+007, 8.98424e+007, 2931, 4171.89, 969, 1481
58, 5692, 7.85359e+007, 1.24052e+007, 9.09412e+007, 2972, 4174.04, 969, 1482
59, 5792, 7.83257e+007, 1.23374e+007, 9.06631e+007, 2963, 4163.83, 969, 1481
60, 5892, 7.80405e+007, 1.23159e+007, 9.03564e+007, 2954, 4169.23, 969, 1482
61, 5992, 7.80141e+007, 1.23153e+007, 9.03294e+007, 2955, 4167.62, 969, 1482
62, 6092, 7.78122e+007, 1.22795e+007, 9.00918e+007, 2945, 4169.62, 969, 1481
63, 6192, 7.77392e+007, 1.22001e+007, 8.99393e+007, 2939, 4151.09, 969, 1481
64, 6302, 7.8125e+007, 1.22814e+007, 9.04064e+007, 2951, 4161.76, 969, 1481
65, 6392, 7.86645e+007, 1.24294e+007, 9.10939e+007, 2980, 4170.93, 969, 1481
66, 6492, 7.83501e+007, 1.23812e+007, 9.07313e+007, 2965, 4175.79, 969, 1481
67, 6592, 7.81775e+007, 1.22861e+007, 9.04635e+007, 2950, 4164.78, 969, 1481
68, 6692, 7.838e+007, 1.23635e+007, 9.07436e+007, 2961, 4175.46, 969, 1481
69, 6792, 7.95248e+007, 1.25293e+007, 9.20542e+007, 2994, 4184.82, 969, 1481
70, 6892, 7.90884e+007, 1.24529e+007, 9.15413e+007, 2980, 4178.81, 969, 1481
71, 6992, 7.92822e+007, 1.25027e+007, 9.17849e+007, 2992, 4178.72, 969, 1481
72, 7092, 7.94096e+007, 1.25058e+007, 9.19154e+007, 2991, 4181.14, 969, 1481
73, 7192, 7.9261e+007, 1.25635e+007, 9.18245e+007, 2992, 4199.02, 968, 1481
74, 7292, 7.93509e+007, 1.24715e+007, 9.18225e+007, 2990, 4171.08, 969, 1481
75, 7392, 7.92958e+007, 1.24564e+007, 9.17522e+007, 2986, 4171.6, 969, 1481
76, 7492, 7.91568e+007, 1.24302e+007, 9.1587e+007, 2980, 4171.21, 969, 1481
77, 7592, 7.88838e+007, 1.24e+007, 9.12838e+007, 2968, 4177.91, 969, 1481
78, 7692, 7.91769e+007, 1.23656e+007, 9.15426e+007, 2976, 4155.11, 969, 1480
79, 7792, 7.93175e+007, 1.24691e+007, 9.17866e+007, 2992, 4167.48, 969, 1480
80, 7892, 7.93917e+007, 1.24229e+007, 9.18147e+007, 2984, 4163.18, 969, 1480
81, 7992, 7.92259e+007, 1.24171e+007, 9.1643e+007, 2979, 4168.2, 969, 1480
82, 8092, 7.92894e+007, 1.24182e+007, 9.17076e+007, 2986, 4158.8, 969, 1480
83, 8192, 7.93414e+007, 1.23911e+007, 9.17325e+007, 2984, 4152.5, 969, 1480
84, 8292, 7.92159e+007, 1.23756e+007, 9.15915e+007, 2980, 4152.88, 969, 1480
85, 8392, 7.97479e+007, 1.24875e+007, 9.22353e+007, 3005, 4155.56, 969, 1480
86, 8492, 7.96366e+007, 1.24589e+007, 9.20956e+007, 2999, 4154.36, 969, 1480
87, 8592, 7.97386e+007, 1.24902e+007, 9.22288e+007, 3001, 4162, 969, 1480
88, 8692, 7.97e+007, 1.24522e+007, 9.21521e+007, 3003, 4146.58, 969, 1480
89, 8792, 7.999e+007, 1.25131e+007, 9.25032e+007, 3012, 4154.42, 969, 1480
90, 8892, 7.97896e+007, 1.2487e+007, 9.22766e+007, 3002, 4159.57, 969, 1480
91, 8992, 7.93322e+007, 1.24745e+007, 9.18067e+007, 2987, 4176.25, 968, 1480
92, 9092, 7.97614e+007, 1.24462e+007, 9.22076e+007, 3001, 4147.35, 969, 1480
93, 9192, 7.91591e+007, 1.23183e+007, 9.14773e+007, 2977, 4137.81, 969, 1480
94, 9292, 7.98205e+007, 1.24263e+007, 9.22468e+007, 3001, 4140.73, 969, 1480
95, 9392, 7.92056e+007, 1.23016e+007, 9.15071e+007, 2969, 4143.34, 969, 1480
96, 9492, 7.9514e+007, 1.23599e+007, 9.18739e+007, 2987, 4137.91, 969, 1480
97, 9592, 7.9242e+007, 1.23205e+007, 9.15625e+007, 2974, 4142.74, 968, 1480
98, 9692, 7.98807e+007, 1.2426e+007, 9.23067e+007, 3000, 4142.01, 969, 1480
99, 9792, 8.01231e+007, 1.25169e+007, 9.264e+007, 3017, 4148.79, 968, 1480
100, 9892, 8.00089e+007, 1.24139e+007, 9.24228e+007, 3002, 4135.21, 969, 1480
101, 9992, 7.98355e+007, 1.24312e+007, 9.22667e+007, 2997, 4147.88, 968, 1480
102, 10092, 7.95202e+007, 1.22996e+007, 9.18199e+007, 2982, 4124.62, 969, 1479
103, 10192, 7.95319e+007, 1.22805e+007, 9.18124e+007, 2979, 4122.34, 969, 1479
104, 10292, 7.98868e+007, 1.24212e+007, 9.2308e+007, 3003, 4136.28, 969, 1479
105, 10392, 7.9519e+007, 1.22889e+007, 9.18079e+007, 2980, 4123.78, 969, 1479
106, 10492, 7.95886e+007, 1.23539e+007, 9.19426e+007, 2988, 4134.51, 968, 1479
107, 10592, 7.96929e+007, 1.23359e+007, 9.20289e+007, 2993, 4121.6, 968, 1479
108, 10692, 8.05885e+007, 1.24914e+007, 9.30799e+007, 3032, 4119.87, 969, 1479
109, 10794, 7.97249e+007, 1.23231e+007, 9.2048e+007, 2990, 4121.45, 969, 1479
110, 10892, 8.00575e+007, 1.23909e+007, 9.24484e+007, 3006, 4122.05, 969, 1479
111, 10992, 7.97408e+007, 1.23478e+007, 9.20886e+007, 2995, 4122.8, 969, 1479
112, 11092, 7.93729e+007, 1.22134e+007, 9.15864e+007, 2974, 4106.74, 969, 1479
113, 11192, 7.94434e+007, 1.22816e+007, 9.1725e+007, 2981, 4119.95, 969, 1479
114, 11292, 7.97594e+007, 1.2269e+007, 9.20285e+007, 2994, 4097.88, 969, 1479
115, 11392, 7.93688e+007, 1.22272e+007, 9.1596e+007, 2977, 4107.23, 968, 1479
116, 11492, 7.96272e+007, 1.22647e+007, 9.18919e+007, 2985, 4108.77, 969, 1479
117, 11592, 8.02345e+007, 1.24291e+007, 9.26636e+007, 3015, 4122.43, 968, 1479
118, 11692, 7.98403e+007, 1.23276e+007, 9.21679e+007, 2993, 4118.82, 968, 1479
119, 11792, 7.95499e+007, 1.22713e+007, 9.18212e+007, 2983, 4113.74, 969, 1479
120, 11892, 7.98785e+007, 1.2299e+007, 9.21775e+007, 2995, 4106.51, 968, 1479
121, 11992, 7.95396e+007, 1.22604e+007, 9.18e+007, 2981, 4112.84, 969, 1479
122, 12092, 7.92007e+007, 1.21588e+007, 9.13595e+007, 2964, 4102.17, 969, 1478
123, 12192, 8.00939e+007, 1.23153e+007, 9.24093e+007, 2999, 4106.48, 969, 1479
124, 12292, 7.95645e+007, 1.22202e+007, 9.17846e+007, 2981, 4099.35, 969, 1478
125, 12392, 7.97809e+007, 1.21951e+007, 9.1976e+007, 2984, 4086.83, 969, 1478
126, 12492, 8.04533e+007, 1.22999e+007, 9.27532e+007, 3011, 4085, 969, 1478
127, 12592, 8.02516e+007, 1.226e+007, 9.25116e+007, 3003, 4082.6, 969, 1478
128, 12692, 7.98746e+007, 1.22713e+007, 9.21459e+007, 2990, 4104.12, 968, 1478
129, 12792, 8.0304e+007, 1.22713e+007, 9.25753e+007, 3000, 4090.43, 969, 1478
130, 12892, 7.98735e+007, 1.22037e+007, 9.20771e+007, 2984, 4089.7, 969, 1478
131, 12992, 7.98703e+007, 1.22218e+007, 9.20921e+007, 2988, 4090.29, 969, 1478
132, 13092, 7.9948e+007, 1.22094e+007, 9.21574e+007, 2985, 4090.25, 969, 1479
133, 13192, 7.99285e+007, 1.22172e+007, 9.21457e+007, 2988, 4088.76, 968, 1478
134, 13292, 7.99714e+007, 1.22055e+007, 9.21769e+007, 2995, 4075.29, 969, 1478
135, 13392, 7.98827e+007, 1.22474e+007, 9.21301e+007, 2990, 4096.11, 968, 1478
136, 13492, 7.98309e+007, 1.21376e+007, 9.19685e+007, 2981, 4071.66, 969, 1478
137, 13592, 8.0211e+007, 1.23036e+007, 9.25145e+007, 3005, 4094.36, 968, 1478
138, 13692, 8.01369e+007, 1.22374e+007, 9.23743e+007, 2993, 4088.67, 968, 1478
139, 13792, 8.04751e+007, 1.23416e+007, 9.28167e+007, 3011, 4098.84, 968, 1478
140, 13892, 7.99911e+007, 1.22085e+007, 9.21997e+007, 2992, 4080.39, 969, 1478
141, 13992, 7.97977e+007, 1.21582e+007, 9.19559e+007, 2983, 4075.82, 969, 1478
142, 14092, 7.94543e+007, 1.20991e+007, 9.15535e+007, 2971, 4072.42, 969, 1478
143, 14202, 7.98049e+007, 1.211e+007, 9.19149e+007, 2984, 4058.3, 969, 1478
144, 14292, 7.96322e+007, 1.20925e+007, 9.17247e+007, 2977, 4061.98, 969, 1478
145, 14392, 7.87712e+007, 1.19814e+007, 9.07526e+007, 2943, 4071.16, 969, 1478
146, 14492, 7.94184e+007, 1.20732e+007, 9.14916e+007, 2970, 4065.06, 969, 1478
147, 14592, 7.94015e+007, 1.20539e+007, 9.14554e+007, 2968, 4061.3, 969, 1478
148, 14692, 7.87279e+007, 1.19232e+007, 9.06511e+007, 2941, 4054.14, 969, 1478
149, 14792, 8.00835e+007, 1.21605e+007, 9.2244e+007, 3002, 4050.79, 969, 1478
150, 14892, 7.92968e+007, 1.20225e+007, 9.13193e+007, 2968, 4050.71, 969, 1478
151, 15002, 7.91748e+007, 1.20314e+007, 9.12063e+007, 2961, 4063.3, 968, 1478
152, 15102, 7.94418e+007, 1.19999e+007, 9.14417e+007, 2966, 4045.81, 969, 1478
153, 15202, 7.91177e+007, 1.1979e+007, 9.10967e+007, 2960, 4046.96, 969, 1477
154, 15302, 7.94601e+007, 1.20547e+007, 9.15149e+007, 2974, 4053.37, 968, 1477
155, 15402, 7.91524e+007, 1.19793e+007, 9.11316e+007, 2961, 4045.68, 969, 1478
156, 15502, 7.92777e+007, 1.19994e+007, 9.12771e+007, 2967, 4044.3, 968, 1478
157, 15602, 7.9111e+007, 1.19491e+007, 9.10601e+007, 2959, 4038.23, 969, 1477
158, 15702, 7.94294e+007, 1.2036e+007, 9.14654e+007, 2974, 4047.09, 969, 1477
159, 15802, 7.96351e+007, 1.204e+007, 9.16751e+007, 2984, 4034.85, 969, 1477
160, 15902, 7.92649e+007, 1.19888e+007, 9.12536e+007, 2965, 4043.42, 969, 1477
161, 16002, 7.99849e+007, 1.20596e+007, 9.20444e+007, 2997, 4023.88, 969, 1477
162, 16102, 7.87405e+007, 1.18314e+007, 9.05719e+007, 2940, 4024.28, 969, 1477
163, 16202, 7.89729e+007, 1.18904e+007, 9.08633e+007, 2950, 4030.63, 969, 1477
164, 16302, 8.19455e+007, 1.24255e+007, 9.4371e+007, 3055, 4067.26, 968, 1477
165, 16402, 8.40272e+007, 1.2711e+007, 9.67382e+007, 3105, 4093.72, 968, 1477
166, 16502, 8.36378e+007, 1.26644e+007, 9.63023e+007, 3091, 4097.19, 968, 1477
167, 16602, 8.38706e+007, 1.27576e+007, 9.66281e+007, 3102, 4112.7, 968, 1477
168, 16702, 8.44216e+007, 1.277e+007, 9.71916e+007, 3123, 4089.03, 968, 1477
169, 16802, 8.44524e+007, 1.27892e+007, 9.72416e+007, 3116, 4104.38, 968, 1477
170, 16902, 8.43571e+007, 1.27688e+007, 9.71259e+007, 3112, 4103.09, 968, 1477
171, 17002, 8.46533e+007, 1.27833e+007, 9.74366e+007, 3125, 4090.65, 968, 1476
172, 17102, 8.47297e+007, 1.28196e+007, 9.75493e+007, 3125, 4102.26, 968, 1476
173, 17202, 8.46569e+007, 1.28009e+007, 9.74578e+007, 3123, 4098.91, 968, 1476
174, 17302, 8.38607e+007, 1.26887e+007, 9.65493e+007, 3099, 4094.44, 968, 1477
175, 17402, 8.40127e+007, 1.27083e+007, 9.6721e+007, 3106, 4091.54, 968, 1476
176, 17502, 8.39883e+007, 1.26624e+007, 9.66507e+007, 3105, 4078.07, 968, 1476
177, 17602, 8.37959e+007, 1.26915e+007, 9.64874e+007, 3103, 4090.09, 969, 1477
178, 17702, 8.38711e+007, 1.26608e+007, 9.65319e+007, 3104, 4078.88, 968, 1476
179, 17802, 8.37545e+007, 1.25947e+007, 9.63493e+007, 3098, 4065.44, 969, 1476
180, 17902, 8.37634e+007, 1.2636e+007, 9.63994e+007, 3095, 4082.72, 968, 1476
181, 18002, 8.37186e+007, 1.26246e+007, 9.63433e+007, 3093, 4081.67, 968, 1476
182, 18102, 8.34515e+007, 1.26019e+007, 9.60534e+007, 3091, 4076.96, 968, 1476
183, 18202, 8.38886e+007, 1.26789e+007, 9.65675e+007, 3110, 4076.82, 968, 1476
184, 18302, 8.38866e+007, 1.26159e+007, 9.65025e+007, 3101, 4068.32, 968, 1476
185, 18402, 8.3357e+007, 1.25228e+007, 9.58799e+007, 3077, 4069.82, 968, 1476
186, 18502, 8.36497e+007, 1.2593e+007, 9.62427e+007, 3091, 4074.07, 968, 1476
187, 18602, 8.3556e+007, 1.25722e+007, 9.61282e+007, 3088, 4071.3, 968, 1476
188, 18702, 8.36596e+007, 1.2589e+007, 9.62486e+007, 3093, 4070.16, 968, 1476
189, 18802, 8.38743e+007, 1.26145e+007, 9.64888e+007, 3099, 4070.5, 968, 1476
190, 18902, 8.3507e+007, 1.2539e+007, 9.60461e+007, 3092, 4055.31, 968, 1476
191, 19002, 8.4076e+007, 1.26126e+007, 9.66886e+007, 3105, 4062.03, 968, 1476
192, 19102, 8.37743e+007, 1.26361e+007, 9.64104e+007, 3103, 4072.21, 968, 1476
193, 19202, 8.39077e+007, 1.26411e+007, 9.65488e+007, 3109, 4065.96, 968, 1476
194, 19302, 8.37646e+007, 1.25286e+007, 9.62932e+007, 3098, 4044.09, 969, 1476
195, 19402, 8.39865e+007, 1.26123e+007, 9.65988e+007, 3113, 4051.5, 968, 1476
196, 19502, 8.47046e+007, 1.27379e+007, 9.74425e+007, 3132, 4067.01, 968, 1475
197, 19602, 8.4503e+007, 1.26907e+007, 9.71938e+007, 3117, 4071.46, 968, 1475
198, 19702, 8.42925e+007, 1.25976e+007, 9.68901e+007, 3106, 4055.88, 968, 1475
199, 19802, 8.44752e+007, 1.26459e+007, 9.71212e+007, 3119, 4054.48, 968, 1475
200, 19902, 8.49967e+007, 1.27346e+007, 9.77313e+007, 3135, 4062.08, 968, 1475
201, 20002, 8.45457e+007, 1.26872e+007, 9.72329e+007, 3121, 4065.11, 968, 1475
202, 20102, 8.44678e+007, 1.26498e+007, 9.71176e+007, 3110, 4067.45, 968, 1475
203, 20202, 8.42207e+007, 1.26116e+007, 9.68324e+007, 3111, 4053.89, 968, 1475
204, 20302, 8.35819e+007, 1.25437e+007, 9.61256e+007, 3089, 4060.76, 968, 1475
205, 20402, 8.45747e+007, 1.26762e+007, 9.72509e+007, 3129, 4051.2, 968, 1475
206, 20502, 8.46707e+007, 1.26833e+007, 9.7354e+007, 3125, 4058.67, 968, 1475
207, 20602, 8.42523e+007, 1.26324e+007, 9.68847e+007, 3113, 4057.95, 968, 1475
208, 20702, 8.47082e+007, 1.26534e+007, 9.73617e+007, 3126, 4047.8, 968, 1475
209, 20802, 8.41313e+007, 1.26118e+007, 9.67431e+007, 3110, 4055.24, 968, 1475
210, 20902, 8.40709e+007, 1.25673e+007, 9.66383e+007, 3107, 4044.85, 968, 1475
211, 21002, 8.44015e+007, 1.26448e+007, 9.70463e+007, 3118, 4055.42, 968, 1475
212, 21102, 8.35903e+007, 1.25065e+007, 9.60967e+007, 3091, 4046.09, 968, 1475
213, 21202, 8.41377e+007, 1.25339e+007, 9.66716e+007, 3113, 4026.3, 968, 1474
214, 21302, 8.37861e+007, 1.24314e+007, 9.62174e+007, 3094, 4017.89, 968, 1474
215, 21402, 8.34163e+007, 1.24705e+007, 9.58868e+007, 3087, 4039.68, 968, 1475
216, 21502, 8.39862e+007, 1.25287e+007, 9.6515e+007, 3110, 4028.53, 968, 1474
217, 21602, 8.32794e+007, 1.2375e+007, 9.56544e+007, 3077, 4021.78, 968, 1474
218, 21702, 8.35324e+007, 1.2425e+007, 9.59575e+007, 3083, 4030.18, 968, 1474
219, 21802, 8.37922e+007, 1.24434e+007, 9.62355e+007, 3102, 4011.4, 968, 1474
220, 21902, 8.31067e+007, 1.23239e+007, 9.54307e+007, 3063, 4023.49, 968, 1474
221, 22002, 8.3017e+007, 1.22986e+007, 9.53156e+007, 3064, 4013.91, 968, 1474
222, 22102, 8.38786e+007, 1.24673e+007, 9.63459e+007, 3103, 4017.83, 968, 1474
223, 22202, 8.36879e+007, 1.23774e+007, 9.60653e+007, 3089, 4006.93, 968, 1474
224, 22302, 8.35333e+007, 1.23658e+007, 9.58991e+007, 3086, 4007.08, 968, 1474
225, 22402, 8.3497e+007, 1.23791e+007, 9.58761e+007, 3087, 4010.08, 968, 1474
226, 22502, 8.35513e+007, 1.23379e+007, 9.58891e+007, 3086, 3998.01, 968, 1474
227, 22602, 8.31577e+007, 1.23062e+007, 9.54639e+007, 3075, 4002.02, 968, 1474
228, 22702, 8.34289e+007, 1.23913e+007, 9.58203e+007, 3090, 4010.14, 968, 1474
229, 22802, 8.34679e+007, 1.23708e+007, 9.58387e+007, 3089, 4004.8, 968, 1474
230, 22902, 8.32029e+007, 1.23364e+007, 9.55393e+007, 3075, 4011.84, 968, 1474
231, 23002, 8.3379e+007, 1.23445e+007, 9.57235e+007, 3087, 3998.88, 968, 1474
232, 23102, 8.34189e+007, 1.23296e+007, 9.57485e+007, 3086, 3995.34, 968, 1474
233, 23202, 8.22829e+007, 1.21821e+007, 9.4465e+007, 3039, 4008.6, 968, 1474
234, 23302, 8.26214e+007, 1.22236e+007, 9.4845e+007, 3057, 3998.56, 968, 1474
235, 23402, 8.27454e+007, 1.2238e+007, 9.49834e+007, 3054, 4007.2, 968, 1474
236, 23502, 8.32361e+007, 1.22789e+007, 9.5515e+007, 3074, 3994.44, 968, 1473
237, 23602, 8.28135e+007, 1.22247e+007, 9.50381e+007, 3060, 3994.99, 968, 1473
238, 23702, 8.10074e+007, 1.18914e+007, 9.28988e+007, 3002, 3961.16, 968, 1473
239, 23802, 8.06715e+007, 1.19413e+007, 9.26128e+007, 3005, 3973.79, 968, 1473
240, 23902, 8.07099e+007, 1.18242e+007, 9.25341e+007, 2996, 3946.65, 968, 1473
241, 24002, 8.05572e+007, 1.18828e+007, 9.244e+007, 2995, 3967.55, 968, 1473
242, 24102, 8.05966e+007, 1.18035e+007, 9.24001e+007, 2990, 3947.66, 969, 1473
243, 24202, 8.08126e+007, 1.1838e+007, 9.26507e+007, 3000, 3946.01, 968, 1473
244, 24302, 8.07583e+007, 1.18581e+007, 9.26164e+007, 3005, 3946.11, 968, 1473
245, 24402, 8.01188e+007, 1.17631e+007, 9.18819e+007, 2978, 3950, 968, 1473
246, 24502, 8.0473e+007, 1.18458e+007, 9.23187e+007, 3003, 3944.64, 968, 1473
247, 24602, 8.03954e+007, 1.17507e+007, 9.21462e+007, 2989, 3931.32, 969, 1473
248, 24702, 7.9946e+007, 1.17481e+007, 9.1694e+007, 2978, 3944.95, 968, 1473
249, 24802, 7.97637e+007, 1.16862e+007, 9.145e+007, 2972, 3932.11, 968, 1473
250, 24902, 8.00683e+007, 1.17065e+007, 9.17748e+007, 2978, 3930.99, 968, 1473
251, 25002, 7.95057e+007, 1.16353e+007, 9.1141e+007, 2953, 3940.16, 968, 1473
252, 25102, 8.01185e+007, 1.17034e+007, 9.1822e+007, 2981, 3926.01, 968, 1473
253, 25202, 7.96283e+007, 1.16702e+007, 9.12985e+007, 2967, 3933.32, 968, 1473
254, 25302, 7.96724e+007, 1.17e+007, 9.13723e+007, 2970, 3939.38, 968, 1473
255, 25402, 8.00847e+007, 1.17307e+007, 9.18155e+007, 2986, 3928.58, 968, 1473
256, 25502, 8.01362e+007, 1.17258e+007, 9.1862e+007, 2985, 3928.26, 968, 1473
257, 25602, 7.99863e+007, 1.16673e+007, 9.16537e+007, 2975, 3921.79, 968, 1472
258, 25702, 7.95962e+007, 1.15744e+007, 9.11705e+007, 2960, 3910.26, 969, 1472
259, 25802, 8.02664e+007, 1.17434e+007, 9.20098e+007, 2995, 3921, 968, 1472
260, 25902, 8.00933e+007, 1.16684e+007, 9.17617e+007, 2978, 3918.2, 968, 1472
261, 26002, 7.96679e+007, 1.15963e+007, 9.12642e+007, 2960, 3917.67, 968, 1472
262, 26102, 7.98099e+007, 1.1637e+007, 9.14469e+007, 2967, 3922.15, 968, 1472
263, 26202, 8.02834e+007, 1.16995e+007, 9.19829e+007, 2990, 3912.88, 968, 1472
264, 26302, 8.00545e+007, 1.16611e+007, 9.17156e+007, 2976, 3918.38, 968, 1472
265, 26402, 7.95519e+007, 1.15697e+007, 9.11216e+007, 2955, 3915.31, 968, 1472
266, 26502, 8.02682e+007, 1.16954e+007, 9.19636e+007, 2985, 3918.05, 968, 1472
267, 26602, 7.98211e+007, 1.16208e+007, 9.14418e+007, 2969, 3914.04, 968, 1472
268, 26702, 7.96925e+007, 1.16005e+007, 9.1293e+007, 2961, 3917.76, 968, 1472
269, 26802, 7.97292e+007, 1.15987e+007, 9.13279e+007, 2965, 3911.87, 968, 1472
270, 26902, 7.96643e+007, 1.16018e+007, 9.12661e+007, 2961, 3918.2, 968, 1472
271, 27002, 7.98414e+007, 1.16337e+007, 9.14751e+007, 2971, 3915.74, 968, 1472
272, 27102, 7.98381e+007, 1.16156e+007, 9.14537e+007, 2970, 3910.97, 968, 1472
273, 27202, 7.99836e+007, 1.1676e+007, 9.16596e+007, 2981, 3916.8, 968, 1472
274, 27302, 8.03014e+007, 1.16619e+007, 9.19633e+007, 2986, 3905.53, 968, 1472
275, 27402, 7.98289e+007, 1.15866e+007, 9.14154e+007, 2968, 3903.83, 968, 1471
276, 27502, 8.04033e+007, 1.16572e+007, 9.20605e+007, 2989, 3900.03, 968, 1471
277, 27602, 7.99436e+007, 1.15934e+007, 9.15369e+007, 2974, 3898.24, 968, 1471
278, 27702, 8.04026e+007, 1.16746e+007, 9.20772e+007, 2996, 3896.72, 968, 1471
279, 27802, 7.97105e+007, 1.15231e+007, 9.12336e+007, 2963, 3888.99, 968, 1471
280, 27902, 8.00304e+007, 1.16243e+007, 9.16547e+007, 2976, 3906.01, 968, 1471
281, 28002, 7.98642e+007, 1.1586e+007, 9.14502e+007, 2970, 3901, 968, 1471
282, 28102, 7.96312e+007, 1.15381e+007, 9.11692e+007, 2962, 3895.36, 968, 1471
283, 28202, 8.05837e+007, 1.16947e+007, 9.22785e+007, 3003, 3894.35, 968, 1471
284, 28302, 7.98034e+007, 1.15338e+007, 9.13372e+007, 2972, 3880.82, 968, 1471
285, 28402, 7.9701e+007, 1.15028e+007, 9.12038e+007, 2965, 3879.53, 968, 1471
286, 28502, 7.97364e+007, 1.15699e+007, 9.13063e+007, 2971, 3894.28, 968, 1471
287, 28602, 7.95875e+007, 1.14888e+007, 9.10763e+007, 2959, 3882.66, 968, 1471
288, 28702, 7.95101e+007, 1.15208e+007, 9.10309e+007, 2959, 3893.47, 968, 1471
289, 28802, 7.95701e+007, 1.15319e+007, 9.1102e+007, 2966, 3888.03, 968, 1471
290, 28902, 7.92655e+007, 1.14622e+007, 9.07277e+007, 2949, 3886.8, 968, 1471
291, 29002, 7.92975e+007, 1.14582e+007, 9.07557e+007, 2953, 3880.18, 968, 1471
292, 29102, 7.9748e+007, 1.15175e+007, 9.12655e+007, 2974, 3872.73, 968, 1470
293, 29202, 7.89667e+007, 1.13871e+007, 9.03538e+007, 2935, 3879.76, 968, 1471
294, 29302, 7.97838e+007, 1.14696e+007, 9.12534e+007, 2969, 3863.13, 968, 1470
295, 29402, 7.93152e+007, 1.14224e+007, 9.07376e+007, 2950, 3872, 968, 1470
296, 29502, 7.97815e+007, 1.15342e+007, 9.13157e+007, 2980, 3870.52, 968, 1470
297, 29602, 7.97091e+007, 1.14847e+007, 9.11938e+007, 2968, 3869.52, 968, 1470
298, 29702, 7.86796e+007, 1.12916e+007, 8.99712e+007, 2920, 3866.99, 968, 1470
299, 29802, 7.90423e+007, 1.13647e+007, 9.0407e+007, 2941, 3864.22, 968, 1470
300, 29902, 7.92092e+007, 1.14023e+007, 9.06115e+007, 2946, 3870.44, 968, 1470
301, 30002, 7.93489e+007, 1.14611e+007, 9.08101e+007, 2958, 3874.62, 968, 1470
302, 30102, 7.96591e+007, 1.14495e+007, 9.11086e+007, 2966, 3860.25, 968, 1470
303, 30202, 7.88365e+007, 1.13211e+007, 9.01576e+007, 2934, 3858.6, 968, 1470
304, 30302, 7.96772e+007, 1.14589e+007, 9.11362e+007, 2962, 3868.64, 968, 1470
305, 30402, 7.93063e+007, 1.13992e+007, 9.07055e+007, 2947, 3868.07, 968, 1470
306, 30502, 7.95221e+007, 1.13905e+007, 9.09126e+007, 2954, 3855.97, 968, 1470
307, 30602, 7.96229e+007, 1.14433e+007, 9.10662e+007, 2963, 3862.05, 968, 1470
308, 30702, 7.96129e+007, 1.14222e+007, 9.10351e+007, 2955, 3865.37, 968, 1470
309, 30801, 7.94787e+007, 1.13919e+007, 9.08706e+007, 2949, 3862.98, 968, 1470
310, 30901, 7.94876e+007, 1.13991e+007, 9.08867e+007, 2952, 3861.47, 968, 1469
311, 31001, 7.98406e+007, 1.1407e+007, 9.12477e+007, 2964, 3848.52, 968, 1469
312, 31101, 7.91181e+007, 1.13576e+007, 9.04758e+007, 2941, 3861.83, 968, 1469
313, 31201, 7.97692e+007, 1.14144e+007, 9.11836e+007, 2967, 3847.13, 968, 1469
314, 31301, 7.9868e+007, 1.14646e+007, 9.13327e+007, 2974, 3854.95, 968, 1469
315, 31401, 7.92183e+007, 1.13312e+007, 9.05494e+007, 2943, 3850.22, 968, 1469
316, 31501, 7.95355e+007, 1.13615e+007, 9.0897e+007, 2953, 3847.44, 968, 1469
317, 31601, 7.99948e+007, 1.14349e+007, 9.14297e+007, 2972, 3847.55, 968, 1469
318, 31701, 7.90918e+007, 1.1301e+007, 9.03928e+007, 2938, 3846.51, 968, 1469
319, 31801, 7.97379e+007, 1.13903e+007, 9.11282e+007, 2966, 3840.28, 968, 1469
320, 31901, 7.95152e+007, 1.13704e+007, 9.08856e+007, 2958, 3843.94, 968, 1469
321, 32001, 7.95496e+007, 1.13961e+007, 9.09456e+007, 2962, 3847.43, 968, 1469
322, 32101, 7.93869e+007, 1.13411e+007, 9.0728e+007, 2947, 3848.37, 968, 1468
323, 32201, 7.9684e+007, 1.13981e+007, 9.10822e+007, 2960, 3850.71, 968, 1469
324, 32301, 7.92192e+007, 1.12389e+007, 9.04581e+007, 2936, 3827.96, 968, 1468
325, 32401, 7.97573e+007, 1.13935e+007, 9.11508e+007, 2966, 3841.35, 968, 1468
326, 32501, 7.92247e+007, 1.13132e+007, 9.05379e+007, 2942, 3845.4, 968, 1468
327, 32601, 7.96579e+007, 1.13438e+007, 9.10017e+007, 2956, 3837.55, 968, 1468
328, 32701, 7.92904e+007, 1.12857e+007, 9.05761e+007, 2942, 3836.08, 968, 1468
329, 32801, 8.00716e+007, 1.13929e+007, 9.14645e+007, 2971, 3834.7, 968, 1468
330, 32901, 7.95865e+007, 1.13556e+007, 9.0942e+007, 2956, 3841.54, 968, 1468
331, 33001, 7.99184e+007, 1.13828e+007, 9.13012e+007, 2965, 3839.07, 968, 1468
332, 33101, 7.92358e+007, 1.12711e+007, 9.05069e+007, 2940, 3833.72, 968, 1468
333, 33201, 8.00136e+007, 1.13646e+007, 9.13782e+007, 2966, 3831.64, 968, 1468
334, 33301, 7.9331e+007, 1.12911e+007, 9.06221e+007, 2946, 3832.69, 968, 1468
335, 33401, 8.00661e+007, 1.13863e+007, 9.14524e+007, 2969, 3835.06, 968, 1467
336, 33501, 7.91684e+007, 1.12687e+007, 9.04371e+007, 2935, 3839.43, 968, 1467
337, 33601, 7.99336e+007, 1.13489e+007, 9.12825e+007, 2965, 3827.61, 968, 1467
338, 33701, 7.97543e+007, 1.12983e+007, 9.10526e+007, 2958, 3819.57, 968, 1467
339, 33801, 7.99009e+007, 1.13793e+007, 9.12801e+007, 2969, 3832.7, 968, 1467
340, 33901, 7.95575e+007, 1.13399e+007, 9.08974e+007, 2952, 3841.43, 968, 1467
341, 34001, 8.00745e+007, 1.13716e+007, 9.14461e+007, 2968, 3831.4, 968, 1467
342, 34101, 7.94855e+007, 1.1322e+007, 9.08076e+007, 2951, 3836.68, 968, 1467
343, 34201, 8.0112e+007, 1.14191e+007, 9.15311e+007, 2976, 3837.05, 968, 1467
344, 34301, 7.97682e+007, 1.13517e+007, 9.11199e+007, 2962, 3832.45, 968, 1467
345, 34401, 7.96794e+007, 1.13012e+007, 9.09806e+007, 2950, 3830.91, 968, 1467
346, 34501, 7.94068e+007, 1.13322e+007, 9.0739e+007, 2947, 3845.32, 968, 1466
347, 34601, 8.02009e+007, 1.13531e+007, 9.1554e+007, 2971, 3821.3, 968, 1466
348, 34701, 8.00248e+007, 1.1358e+007, 9.13828e+007, 2966, 3829.39, 968, 1466
349, 34801, 7.98186e+007, 1.12957e+007, 9.11143e+007, 2956, 3821.27, 968, 1466
350, 34901, 7.94641e+007, 1.12529e+007, 9.0717e+007, 2940, 3827.53, 968, 1466
351, 35001, 7.95656e+007, 1.12292e+007, 9.07948e+007, 2944, 3814.27, 968, 1466
352, 35101, 7.99868e+007, 1.12963e+007, 9.12832e+007, 2967, 3807.33, 968, 1466
353, 35201, 7.93592e+007, 1.12014e+007, 9.05607e+007, 2937, 3813.91, 968, 1466
354, 35301, 8.00594e+007, 1.13688e+007, 9.14282e+007, 2977, 3818.88, 968, 1466
355, 35401, 7.96924e+007, 1.12431e+007, 9.09355e+007, 2954, 3806.05, 968, 1466
356, 35501, 7.97405e+007, 1.13034e+007, 9.10439e+007, 2962, 3816.13, 968, 1466
357, 35601, 7.99431e+007, 1.12997e+007, 9.12427e+007, 2963, 3813.59, 968, 1466
358, 35701, 7.97889e+007, 1.13231e+007, 9.1112e+007, 2963, 3821.51, 968, 1466
359, 35801, 7.95747e+007, 1.12132e+007, 9.07879e+007, 2943, 3810.14, 968, 1466
360, 35901, 7.99957e+007, 1.13278e+007, 9.13235e+007, 2969, 3815.35, 968, 1466
361, 36001, 7.95616e+007, 1.12341e+007, 9.07957e+007, 2949, 3809.46, 968, 1465
362, 36101, 7.98187e+007, 1.12827e+007, 9.11013e+007, 2961, 3810.42, 968, 1465
363, 36201, 7.94014e+007, 1.1157e+007, 9.05584e+007, 2940, 3794.9, 968, 1465
364, 36301, 7.95231e+007, 1.11989e+007, 9.0722e+007, 2945, 3802.7, 968, 1465
365, 36401, 8.04931e+007, 1.1344e+007, 9.18371e+007, 2988, 3796.51, 968, 1465
366, 36501, 7.96176e+007, 1.12122e+007, 9.08298e+007, 2948, 3803.31, 968, 1465
367, 36601, 7.9531e+007, 1.11566e+007, 9.06877e+007, 2940, 3794.77, 968, 1465
368, 36701, 7.96115e+007, 1.122e+007, 9.08315e+007, 2955, 3796.96, 968, 1465
369, 36801, 7.97056e+007, 1.12089e+007, 9.09145e+007, 2951, 3798.35, 968, 1465
370, 36901, 7.94506e+007, 1.11926e+007, 9.06432e+007, 2949, 3795.4, 968, 1465
371, 37001, 7.9544e+007, 1.1185e+007, 9.0729e+007, 2943, 3800.55, 968, 1465
372, 37101, 7.92685e+007, 1.11138e+007, 9.03823e+007, 2933, 3789.23, 968, 1464
373, 37201, 7.93821e+007, 1.11468e+007, 9.05289e+007, 2940, 3791.42, 968, 1464
374, 37301, 7.95428e+007, 1.11791e+007, 9.0722e+007, 2948, 3792.11, 968, 1464
375, 37401, 7.9245e+007, 1.10877e+007, 9.03328e+007, 2934, 3779.05, 968, 1464
376, 37501, 7.94312e+007, 1.11583e+007, 9.05896e+007, 2949, 3783.77, 968, 1464
377, 37601, 7.93984e+007, 1.11137e+007, 9.05121e+007, 2938, 3782.74, 968, 1464
378, 37701, 7.93464e+007, 1.1119e+007, 9.04654e+007, 2942, 3779.41, 968, 1464
379, 37801, 7.91323e+007, 1.12633e+007, 9.03955e+007, 2943, 3827.14, 960, 1449
380, 37901, 7.91861e+007, 1.11347e+007, 9.03208e+007, 2942, 3784.75, 968, 1464
381, 38001, 7.93992e+007, 1.10958e+007, 9.0495e+007, 2936, 3779.22, 968, 1464
382, 38101, 7.92083e+007, 1.10981e+007, 9.03064e+007, 2939, 3776.14, 968, 1464
383, 38201, 7.92364e+007, 1.11036e+007, 9.034e+007, 2936, 3781.88, 968, 1464
384, 38301, 7.91608e+007, 1.11033e+007, 9.02642e+007, 2933, 3785.66, 968, 1464
385, 38401, 7.94399e+007, 1.10744e+007, 9.05144e+007, 2939, 3768.1, 968, 1463
386, 38501, 7.9089e+007, 1.10562e+007, 9.01452e+007, 2931, 3772.15, 968, 1463
387, 38601, 7.95486e+007, 1.11096e+007, 9.06582e+007, 2948, 3768.51, 968, 1463
388, 38701, 7.89328e+007, 1.10512e+007, 8.9984e+007, 2930, 3771.73, 968, 1463
389, 38801, 7.9342e+007, 1.10631e+007, 9.04051e+007, 2940, 3762.96, 968, 1463
390, 38901, 7.9045e+007, 1.10423e+007, 9.00873e+007, 2932, 3766.13, 968, 1463
391, 39001, 7.91485e+007, 1.10322e+007, 9.01806e+007, 2932, 3762.67, 968, 1463
392, 39101, 7.91867e+007, 1.10993e+007, 9.0286e+007, 2942, 3772.69, 968, 1463
393, 39201, 7.88833e+007, 1.10091e+007, 8.98925e+007, 2925, 3763.8, 968, 1463
394, 39301, 7.88878e+007, 1.1035e+007, 8.99228e+007, 2934, 3761.07, 968, 1463
395, 39401, 7.87293e+007, 1.09895e+007, 8.97188e+007, 2924, 3758.38, 968, 1463
396, 39501, 7.8314e+007, 1.08868e+007, 8.92008e+007, 2905, 3747.6, 968, 1463
397, 39601, 7.86295e+007, 1.09511e+007, 8.95806e+007, 2917, 3754.22, 968, 1463
398, 39701, 7.84327e+007, 1.09406e+007, 8.93733e+007, 2915, 3753.21, 968, 1463
399, 39801, 7.86563e+007, 1.097e+007, 8.96263e+007, 2921, 3755.57, 968, 1463
400, 39901, 7.83691e+007, 1.09503e+007, 8.93194e+007, 2918, 3752.68, 968, 1463
401, 40001, 7.85937e+007, 1.09212e+007, 8.95149e+007, 2920, 3740.15, 968, 1462
402, 40101, 7.86919e+007, 1.09459e+007, 8.96378e+007, 2924, 3743.47, 968, 1462
403, 40201, 7.8258e+007, 1.08716e+007, 8.91296e+007, 2904, 3743.65, 968, 1462
404, 40301, 7.82035e+007, 1.08657e+007, 8.90692e+007, 2903, 3742.93, 968, 1462
405, 40401, 7.87227e+007, 1.0926e+007, 8.96487e+007, 2928, 3731.56, 968, 1462
406, 40501, 7.80521e+007, 1.08416e+007, 8.88937e+007, 2899, 3739.76, 968, 1462
407, 40601, 7.79473e+007, 1.084e+007, 8.87873e+007, 2899, 3739.22, 968, 1462
408, 40701, 7.84464e+007, 1.08663e+007, 8.93127e+007, 2908, 3736.69, 968, 1462
409, 40801, 7.82606e+007, 1.08839e+007, 8.91445e+007, 2909, 3741.45, 968, 1462
410, 40901, 7.81924e+007, 1.08852e+007, 8.90776e+007, 2903, 3749.62, 968, 1462
411, 41001, 7.83e+007, 1.08627e+007, 8.91627e+007, 2908, 3735.46, 968, 1462
412, 41101, 7.80874e+007, 1.08514e+007, 8.89388e+007, 2900, 3741.85, 968, 1462
413, 41201, 7.80407e+007, 1.08776e+007, 8.89183e+007, 2899, 3752.19, 968, 1462
414, 41301, 7.8418e+007, 1.0875e+007, 8.9293e+007, 2911, 3735.84, 968, 1462
415, 41401, 7.80138e+007, 1.08239e+007, 8.88377e+007, 2897, 3736.25, 968, 1462
416, 41501, 7.78806e+007, 1.07863e+007, 8.86669e+007, 2892, 3729.7, 968, 1462
417, 41601, 7.83913e+007, 1.08476e+007, 8.92389e+007, 2908, 3730.27, 968, 1461
418, 41701, 7.80645e+007, 1.07939e+007, 8.88584e+007, 2898, 3724.59, 968, 1461
419, 41801, 7.82742e+007, 1.08062e+007, 8.90804e+007, 2906, 3718.57, 968, 1461
420, 41901, 7.77216e+007, 1.0699e+007, 8.84206e+007, 2880, 3714.93, 968, 1461
421, 42001, 7.82139e+007, 1.0802e+007, 8.9016e+007, 2901, 3723.56, 968, 1461
422, 42101, 7.81945e+007, 1.07813e+007, 8.89757e+007, 2901, 3716.4, 968, 1461
423, 42201, 7.8383e+007, 1.0812e+007, 8.91951e+007, 2912, 3712.93, 968, 1461
424, 42301, 7.79941e+007, 1.07823e+007, 8.87764e+007, 2892, 3728.32, 968, 1461
425, 42401, 7.82389e+007, 1.0822e+007, 8.9061e+007, 2905, 3725.32, 968, 1461
426, 42501, 7.78071e+007, 1.07417e+007, 8.85488e+007, 2888, 3719.41, 968, 1461
427, 42601, 7.79085e+007, 1.07494e+007, 8.86579e+007, 2892, 3716.94, 968, 1461
428, 42701, 7.80405e+007, 1.07936e+007, 8.88341e+007, 2899, 3723.22, 968, 1461
429, 42801, 7.78808e+007, 1.07495e+007, 8.86303e+007, 2888, 3722.12, 968, 1461
430, 42901, 7.82052e+007, 1.07908e+007, 8.8996e+007, 2905, 3714.57, 968, 1461
431, 45291, 7.74279e+007, 1.07085e+007, 8.81365e+007, 2880, 3718.24, 968, 1460
432, 45311, 7.80861e+007, 1.06903e+007, 8.87764e+007, 2892, 3696.49, 968, 1461
433, 45331, 7.6872e+007, 1.05683e+007, 8.74403e+007, 2859, 3696.49, 968, 1460
434, 45351, 7.67229e+007, 1.0549e+007, 8.72719e+007, 2857, 3692.33, 968, 1460
435, 45371, 7.62256e+007, 1.05332e+007, 8.67588e+007, 2847, 3699.76, 968, 1460
436, 45401, 7.59462e+007, 1.0426e+007, 8.63722e+007, 2827, 3688.01, 968, 1460
437, 45421, 7.53636e+007, 1.03555e+007, 8.57191e+007, 2810, 3685.24, 968, 1460
438, 45441, 7.57972e+007, 1.0434e+007, 8.62312e+007, 2835, 3680.41, 968, 1460
439, 45461, 7.50527e+007, 1.02696e+007, 8.53223e+007, 2797, 3671.63, 968, 1460
440, 45481, 7.58207e+007, 1.04158e+007, 8.62365e+007, 2834, 3675.32, 968, 1460
441, 45511, 7.5746e+007, 1.04312e+007, 8.61773e+007, 2833, 3682.04, 968, 1460
442, 45531, 7.49203e+007, 1.0269e+007, 8.51893e+007, 2800, 3667.5, 968, 1460
443, 45551, 7.5603e+007, 1.0397e+007, 8.59999e+007, 2828, 3676.44, 968, 1460
444, 45571, 7.51199e+007, 1.02938e+007, 8.54137e+007, 2805, 3669.81, 968, 1460
445, 45591, 7.48299e+007, 1.02929e+007, 8.51228e+007, 2798, 3678.68, 968, 1460
446, 45621, 7.54579e+007, 1.03907e+007, 8.58486e+007, 2824, 3679.44, 968, 1460
447, 45641, 7.55352e+007, 1.03498e+007, 8.5885e+007, 2824, 3664.94, 968, 1459
448, 45661, 7.48953e+007, 1.02162e+007, 8.51114e+007, 2796, 3653.85, 968, 1458
449, 45681, 7.51466e+007, 1.02647e+007, 8.54113e+007, 2812, 3650.33, 968, 1458
450, 45711, 7.51345e+007, 1.02291e+007, 8.53636e+007, 2807, 3644.13, 968, 1458
451, 45801, 7.54386e+007, 1.03439e+007, 8.57826e+007, 2831, 3653.8, 968, 1458
452, 45901, 7.49866e+007, 1.02213e+007, 8.52078e+007, 2802, 3647.85, 968, 1458
453, 46001, 7.51157e+007, 1.02332e+007, 8.53488e+007, 2808, 3644.29, 968, 1458
454, 46101, 7.52693e+007, 1.02463e+007, 8.55156e+007, 2811, 3645.06, 968, 1458
455, 46201, 7.49425e+007, 1.02076e+007, 8.51501e+007, 2803, 3641.69, 968, 1458
456, 46301, 7.51688e+007, 1.0296e+007, 8.54648e+007, 2816, 3656.25, 968, 1458
457, 46401, 7.52225e+007, 1.02274e+007, 8.54499e+007, 2809, 3640.94, 968, 1458
458, 46501, 7.55602e+007, 1.02694e+007, 8.58296e+007, 2821, 3640.35, 968, 1458
459, 46601, 7.47699e+007, 1.01454e+007, 8.49153e+007, 2793, 3632.44, 968, 1457
460, 46701, 7.50768e+007, 1.01941e+007, 8.52709e+007, 2806, 3632.96, 968, 1457
461, 46801, 7.48626e+007, 1.01719e+007, 8.50345e+007, 2794, 3640.63, 968, 1457
462, 46901, 7.51961e+007, 1.01914e+007, 8.53875e+007, 2810, 3626.83, 968, 1457
463, 47001, 7.48904e+007, 1.01611e+007, 8.50515e+007, 2796, 3634.14, 968, 1457
464, 47101, 7.48485e+007, 1.01902e+007, 8.50387e+007, 2799, 3640.66, 968, 1457
465, 47201, 7.52185e+007, 1.01991e+007, 8.54175e+007, 2811, 3628.27, 968, 1457
466, 47301, 7.49362e+007, 1.01512e+007, 8.50874e+007, 2796, 3630.63, 968, 1457
467, 47401, 7.46913e+007, 1.01252e+007, 8.48165e+007, 2788, 3631.69, 968, 1457
468, 47501, 7.48514e+007, 1.01164e+007, 8.49678e+007, 2792, 3623.37, 968, 1457
469, 47601, 7.51445e+007, 1.02048e+007, 8.53493e+007, 2808, 3634.2, 968, 1457
470, 47701, 7.51043e+007, 1.02069e+007, 8.53112e+007, 2809, 3633.63, 968, 1456
471, 47801, 7.49809e+007, 1.01926e+007, 8.51735e+007, 2806, 3632.44, 968, 1457
472, 47901, 7.49429e+007, 1.01617e+007, 8.51046e+007, 2801, 3627.89, 968, 1456
473, 48001, 7.53997e+007, 1.02096e+007, 8.56093e+007, 2822, 3617.84, 968, 1456
474, 48101, 7.55633e+007, 1.02087e+007, 8.5772e+007, 2823, 3616.27, 968, 1456
475, 48201, 7.47126e+007, 1.01138e+007, 8.48264e+007, 2788, 3627.6, 968, 1456
476, 48301, 7.46996e+007, 1.01045e+007, 8.48041e+007, 2786, 3626.89, 968, 1456
477, 48401, 7.53595e+007, 1.02259e+007, 8.55853e+007, 2817, 3630.05, 968, 1456
478, 48501, 7.5368e+007, 1.01925e+007, 8.55604e+007, 2813, 3623.34, 968, 1456
479, 48601, 7.54361e+007, 1.01825e+007, 8.56186e+007, 2812, 3621.1, 968, 1456
480, 48701, 7.54239e+007, 1.01949e+007, 8.56187e+007, 2814, 3622.91, 968, 1456
481, 48801, 7.4983e+007, 1.01262e+007, 8.51092e+007, 2800, 3616.51, 968, 1456
482, 48901, 7.47436e+007, 1.00834e+007, 8.48271e+007, 2792, 3611.54, 968, 1455
483, 49001, 7.4819e+007, 1.01171e+007, 8.4936e+007, 2793, 3622.29, 968, 1456
484, 49101, 7.51088e+007, 1.01336e+007, 8.52424e+007, 2805, 3612.68, 968, 1455
485, 49201, 7.48895e+007, 1.00967e+007, 8.49862e+007, 2803, 3602.11, 968, 1455
486, 49301, 7.51386e+007, 1.01719e+007, 8.53105e+007, 2813, 3616.04, 968, 1455
487, 49401, 7.51713e+007, 1.01637e+007, 8.5335e+007, 2814, 3611.85, 968, 1455
488, 49501, 7.54413e+007, 1.01255e+007, 8.55667e+007, 2819, 3591.87, 968, 1455
489, 49601, 7.54072e+007, 1.01769e+007, 8.55841e+007, 2820, 3608.83, 968, 1455
490, 49701, 7.49333e+007, 1.01137e+007, 8.5047e+007, 2801, 3610.75, 968, 1455
491, 49801, 7.45171e+007, 1.00384e+007, 8.45555e+007, 2783, 3607.04, 968, 1455
492, 49901, 7.48907e+007, 1.00736e+007, 8.49643e+007, 2793, 3606.74, 968, 1455
493, 50001, 7.50701e+007, 1.01024e+007, 8.51725e+007, 2805, 3601.57, 968, 1455
494, 50101, 7.52499e+007, 1.01122e+007, 8.53621e+007, 2809, 3599.93, 968, 1455
495, 50201, 7.45859e+007, 1.00007e+007, 8.45866e+007, 2781, 3596.08, 968, 1455
496, 50301, 7.47178e+007, 1.00394e+007, 8.47573e+007, 2792, 3595.78, 968, 1455
497, 50401, 7.49464e+007, 1.01031e+007, 8.50495e+007, 2800, 3608.24, 968, 1454
498, 50501, 7.42867e+007, 9.99292e+006, 8.42796e+007, 2774, 3602.35, 968, 1454
499, 50601, 7.47487e+007, 9.96999e+006, 8.47187e+007, 2785, 3579.89, 968, 1454
500, 50701, 7.48904e+007, 1.00566e+007, 8.4947e+007, 2797, 3595.49, 968, 1454
501, 50802, 7.49921e+007, 1.0013e+007, 8.50051e+007, 2795, 3582.47, 968, 1454
502, 50902, 7.46706e+007, 1.00223e+007, 8.46929e+007, 2786, 3597.38, 968, 1454
503, 51002, 7.47887e+007, 1.00306e+007, 8.48193e+007, 2794, 3590.06, 968, 1454
504, 51102, 7.44849e+007, 9.95792e+006, 8.44428e+007, 2781, 3580.7, 968, 1454
505, 51202, 7.46165e+007, 1.00278e+007, 8.46443e+007, 2787, 3598.07, 968, 1454
506, 51302, 7.46225e+007, 9.97798e+006, 8.46004e+007, 2787, 3580.19, 968, 1454
507, 51402, 7.47482e+007, 1.00387e+007, 8.47869e+007, 2793, 3594.24, 968, 1454
508, 51502, 7.47878e+007, 9.98315e+006, 8.4771e+007, 2791, 3576.91, 968, 1453
509, 51602, 7.49078e+007, 1.00266e+007, 8.49343e+007, 2797, 3584.75, 967, 1453
510, 51702, 7.4763e+007, 9.96761e+006, 8.47307e+007, 2785, 3579.03, 968, 1453
511, 51802, 7.52865e+007, 1.00717e+007, 8.53582e+007, 2808, 3586.8, 968, 1453
512, 51902, 7.47699e+007, 9.98774e+006, 8.47576e+007, 2789, 3581.12, 968, 1453
513, 52002, 7.46476e+007, 9.96711e+006, 8.46147e+007, 2786, 3577.57, 968, 1453
514, 52102, 7.50071e+007, 1.00385e+007, 8.50456e+007, 2803, 3581.33, 968, 1453
515, 52202, 7.49033e+007, 9.96944e+006, 8.48727e+007, 2784, 3580.98, 968, 1453
516, 52302, 7.51154e+007, 1.00483e+007, 8.51636e+007, 2802, 3586.11, 968, 1453
517, 52402, 7.49153e+007, 9.98922e+006, 8.49045e+007, 2794, 3575.24, 968, 1453
518, 52502, 7.48731e+007, 9.97762e+006, 8.48508e+007, 2790, 3576.21, 968, 1453
519, 52602, 7.47588e+007, 9.95421e+006, 8.4713e+007, 2788, 3570.38, 968, 1453
520, 52702, 7.45383e+007, 9.92637e+006, 8.44646e+007, 2779, 3571.92, 968, 1453
521, 52802, 7.47959e+007, 9.95019e+006, 8.4746e+007, 2786, 3571.5, 968, 1453
522, 52902, 7.53079e+007, 1.00298e+007, 8.53377e+007, 2807, 3573.12, 968, 1452
523, 53002, 7.47188e+007, 9.92728e+006, 8.46461e+007, 2783, 3567.11, 968, 1452
524, 53102, 7.49636e+007, 9.95974e+006, 8.49233e+007, 2796, 3562.14, 968, 1452
525, 53202, 7.43394e+007, 9.89344e+006, 8.42328e+007, 2771, 3570.35, 968, 1452
526, 53302, 7.48849e+007, 9.95182e+006, 8.48367e+007, 2790, 3566.96, 968, 1452
527, 53402, 7.49302e+007, 9.93975e+006, 8.487e+007, 2790, 3562.64, 968, 1452
528, 53502, 7.48761e+007, 9.97597e+006, 8.48521e+007, 2792, 3573.06, 968, 1452
529, 53602, 7.46095e+007, 9.92403e+006, 8.45335e+007, 2785, 3563.39, 968, 1452
530, 53702, 7.49226e+007, 9.94553e+006, 8.48681e+007, 2794, 3559.6, 968, 1452
531, 53802, 7.50546e+007, 9.95006e+006, 8.50047e+007, 2795, 3559.95, 968, 1451
532, 53902, 7.46699e+007, 9.95061e+006, 8.46205e+007, 2787, 3570.37, 968, 1452
533, 54002, 7.44688e+007, 9.8729e+006, 8.43417e+007, 2777, 3555.24, 968, 1451
534, 54102, 7.44347e+007, 9.87943e+006, 8.43141e+007, 2777, 3557.59, 968, 1451
535, 54202, 7.45303e+007, 9.90612e+006, 8.44364e+007, 2782, 3560.79, 968, 1451
536, 54302, 7.39442e+007, 9.76269e+006, 8.37069e+007, 2749, 3551.36, 968, 1451
537, 54402, 7.46349e+007, 9.92339e+006, 8.45583e+007, 2787, 3560.6, 968, 1451
538, 54502, 7.45343e+007, 9.83657e+006, 8.43708e+007, 2779, 3539.61, 968, 1451
539, 54602, 7.48233e+007, 9.90034e+006, 8.47236e+007, 2788, 3551.05, 968, 1451
540, 54702, 7.47662e+007, 9.87816e+006, 8.46444e+007, 2788, 3543.1, 968, 1451
541, 54802, 7.43725e+007, 9.84868e+006, 8.42212e+007, 2771, 3554.2, 968, 1451
542, 54902, 7.45543e+007, 9.84482e+006, 8.43991e+007, 2780, 3541.3, 968, 1451
543, 55002, 7.46001e+007, 9.89729e+006, 8.44974e+007, 2787, 3551.23, 968, 1451
544, 55102, 7.45116e+007, 9.83724e+006, 8.43488e+007, 2777, 3542.4, 968, 1451
545, 55202, 7.44781e+007, 9.82932e+006, 8.43074e+007, 2776, 3540.82, 968, 1451
546, 55302, 7.42926e+007, 9.82747e+006, 8.412e+007, 2772, 3545.26, 968, 1451
547, 55402, 7.41897e+007, 9.80359e+006, 8.39933e+007, 2767, 3543.04, 968, 1451
548, 55502, 7.38572e+007, 9.70472e+006, 8.35619e+007, 2746, 3534.13, 968, 1450
549, 55602, 7.4492e+007, 9.81282e+006, 8.43048e+007, 2781, 3528.52, 968, 1450
550, 55702, 7.51499e+007, 9.9022e+006, 8.50521e+007, 2808, 3526.42, 968, 1450
551, 55802, 7.40272e+007, 9.76614e+006, 8.37933e+007, 2766, 3530.78, 968, 1450
552, 55902, 7.44413e+007, 9.80629e+006, 8.42476e+007, 2782, 3524.91, 968, 1450
553, 56002, 7.37628e+007, 9.77096e+006, 8.35338e+007, 2757, 3544.05, 968, 1450
554, 56102, 7.38999e+007, 9.73356e+006, 8.36334e+007, 2757, 3530.49, 968, 1450
555, 56212, 7.35855e+007, 9.68618e+006, 8.32717e+007, 2742, 3532.52, 968, 1450
556, 56302, 7.38934e+007, 9.6994e+006, 8.35928e+007, 2755, 3520.65, 968, 1450
557, 56402, 7.41688e+007, 9.77762e+006, 8.39464e+007, 2772, 3527.28, 968, 1450
558, 56502, 7.38947e+007, 9.7465e+006, 8.36412e+007, 2759, 3532.62, 968, 1449
559, 56602, 7.4288e+007, 9.76555e+006, 8.40535e+007, 2773, 3521.66, 968, 1449
560, 56702, 7.4122e+007, 9.70458e+006, 8.38265e+007, 2758, 3518.7, 968, 1449
561, 56802, 7.40698e+007, 9.72581e+006, 8.37956e+007, 2761, 3522.57, 968, 1449
562, 56902, 7.37097e+007, 9.68507e+006, 8.33947e+007, 2750, 3521.84, 968, 1449
563, 57002, 7.34292e+007, 9.63315e+006, 8.30623e+007, 2734, 3523.46, 968, 1449
564, 57102, 7.37861e+007, 9.66408e+006, 8.34502e+007, 2751, 3512.93, 968, 1449
565, 57202, 7.34129e+007, 9.61467e+006, 8.30275e+007, 2732, 3519.28, 968, 1449
566, 57302, 7.39597e+007, 9.66517e+006, 8.36249e+007, 2754, 3509.5, 968, 1448
567, 57402, 7.37047e+007, 9.65313e+006, 8.33578e+007, 2747, 3514.06, 968, 1448
568, 57502, 7.38332e+007, 9.76059e+006, 8.35938e+007, 2758, 3539.01, 962, 1436
569, 57602, 7.37402e+007, 9.67091e+006, 8.34111e+007, 2750, 3516.69, 968, 1448
570, 57702, 7.4112e+007, 9.73696e+006, 8.3849e+007, 2759, 3529.16, 967, 1448
571, 57802, 7.40776e+007, 9.70993e+006, 8.37875e+007, 2758, 3520.64, 968, 1448
572, 57902, 7.39138e+007, 9.66064e+006, 8.35745e+007, 2751, 3511.68, 968, 1448
573, 58002, 7.38522e+007, 9.66087e+006, 8.35131e+007, 2751, 3511.77, 968, 1448
574, 58102, 7.39122e+007, 9.65062e+006, 8.35628e+007, 2754, 3504.22, 968, 1448
575, 58202, 7.37319e+007, 9.63004e+006, 8.33619e+007, 2747, 3505.66, 968, 1448
576, 58302, 7.35505e+007, 9.62704e+006, 8.31776e+007, 2745, 3507.12, 968, 1448
577, 58402, 7.38718e+007, 9.65577e+006, 8.35276e+007, 2762, 3495.93, 968, 1447
578, 58502, 7.32661e+007, 9.56251e+006, 8.28286e+007, 2733, 3498.9, 968, 1448
579, 58602, 7.37704e+007, 9.66501e+006, 8.34355e+007, 2755, 3508.17, 968, 1448
580, 58702, 7.34308e+007, 9.59337e+006, 8.30242e+007, 2737, 3505.07, 968, 1448
581, 58802, 7.40065e+007, 9.7722e+006, 8.37787e+007, 2766, 3532.97, 962, 1437
582, 58902, 7.41094e+007, 9.62636e+006, 8.37358e+007, 2762, 3485.29, 968, 1447
583, 59002, 7.39268e+007, 9.64784e+006, 8.35746e+007, 2756, 3500.67, 968, 1447
584, 59102, 7.37233e+007, 9.59786e+006, 8.33212e+007, 2745, 3496.49, 968, 1447
585, 59202, 7.41506e+007, 9.69341e+006, 8.3844e+007, 2766, 3504.49, 968, 1447
586, 59302, 7.39056e+007, 9.62953e+006, 8.35351e+007, 2752, 3499.1, 968, 1447
587, 59402, 7.38364e+007, 9.65489e+006, 8.34913e+007, 2758, 3500.69, 968, 1447
588, 59502, 7.36941e+007, 9.60878e+006, 8.33029e+007, 2745, 3500.47, 968, 1447
589, 59602, 7.37e+007, 9.63012e+006, 8.33301e+007, 2750, 3501.86, 968, 1447
590, 59702, 7.36857e+007, 9.61329e+006, 8.3299e+007, 2748, 3498.29, 968, 1447
591, 59802, 7.35688e+007, 9.60089e+006, 8.31697e+007, 2746, 3496.32, 968, 1447
592, 59902, 7.35296e+007, 9.63627e+006, 8.31659e+007, 2743, 3513.04, 967, 1446
593, 60002, 7.40464e+007, 9.65883e+006, 8.37052e+007, 2766, 3491.98, 968, 1446
594, 60102, 7.39806e+007, 9.64403e+006, 8.36246e+007, 2762, 3491.68, 968, 1446
595, 60202, 7.38611e+007, 9.60345e+006, 8.34646e+007, 2756, 3484.56, 968, 1446
596, 60302, 7.33786e+007, 9.56149e+006, 8.29401e+007, 2736, 3494.7, 968, 1446
597, 60402, 7.34612e+007, 9.56116e+006, 8.30224e+007, 2739, 3490.75, 968, 1446
598, 60502, 7.37092e+007, 9.60925e+006, 8.33184e+007, 2747, 3498.09, 968, 1446
599, 60602, 7.33386e+007, 9.54248e+006, 8.2881e+007, 2732, 3492.86, 968, 1446
600, 60702, 7.34982e+007, 9.52191e+006, 8.30201e+007, 2738, 3477.69, 968, 1446