2, 100, 5.90197e+007, 1.96837e+007, 7.87034e+007, 2986, 6591.98, 1079, 1495
3, 200, 5.81233e+007, 1.93838e+007, 7.75071e+007, 2948, 6575.23, 1079, 1495
4, 300, 5.79139e+007, 1.90496e+007, 7.69635e+007, 2935, 6490.51, 1078, 1496
5, 400, 5.69492e+007, 1.88369e+007, 7.57861e+007, 2883, 6533.77, 1079, 1494
6, 500, 5.7441e+007, 1.87925e+007, 7.62335e+007, 2902, 6475.71, 1078, 1495
7, 600, 5.73382e+007, 1.83772e+007, 7.57154e+007, 2880, 6380.98, 1077, 1497
8, 700, 5.74586e+007, 1.86594e+007, 7.6118e+007, 2901, 6432.06, 1079, 1499
9, 800, 5.67981e+007, 1.84329e+007, 7.5231e+007, 2864, 6436.08, 1079, 1499
10, 900, 5.72856e+007, 1.83443e+007, 7.563e+007, 2875, 6380.64, 1078, 1500
11, 1000, 5.78017e+007, 1.84456e+007, 7.62473e+007, 2906, 6347.43, 1077, 1498
12, 1100, 5.72997e+007, 1.78462e+007, 7.51459e+007, 2858, 6244.31, 1074, 1497
13, 1200, 5.76433e+007, 1.79785e+007, 7.56218e+007, 2881, 6240.37, 1075, 1499
14, 1300, 5.76449e+007, 1.79086e+007, 7.55535e+007, 2875, 6229.08, 1075, 1499
15, 1400, 5.75959e+007, 1.77634e+007, 7.53594e+007, 2863, 6204.49, 1075, 1499
16, 1500, 5.85749e+007, 1.79339e+007, 7.65087e+007, 2914, 6154.38, 1074, 1500
17, 1600, 5.86848e+007, 1.77486e+007, 7.64334e+007, 2908, 6103.37, 1073, 1501
18, 1700, 5.82706e+007, 1.7528e+007, 7.57986e+007, 2881, 6084, 1072, 1500
19, 1800, 5.82531e+007, 1.77214e+007, 7.59745e+007, 2888, 6136.23, 1073, 1497
20, 1900, 5.83659e+007, 1.76547e+007, 7.60207e+007, 2886, 6117.37, 1072, 1496
21, 2000, 5.85833e+007, 1.72033e+007, 7.57866e+007, 2881, 5971.3, 1068, 1496
22, 2100, 5.90523e+007, 1.7598e+007, 7.66502e+007, 2912, 6043.26, 1072, 1500
23, 2200, 5.87156e+007, 1.72857e+007, 7.60013e+007, 2883, 5995.75, 1071, 1501
24, 2300, 5.92935e+007, 1.74752e+007, 7.67688e+007, 2913, 5999.05, 1071, 1501
25, 2400, 5.88888e+007, 1.71393e+007, 7.60281e+007, 2885, 5940.83, 1070, 1502
26, 2500, 5.90729e+007, 1.74234e+007, 7.64963e+007, 2905, 5997.73, 1071, 1502
27, 2600, 5.96105e+007, 1.74171e+007, 7.70276e+007, 2925, 5954.57, 1071, 1502
28, 2700, 5.94732e+007, 1.74223e+007, 7.68955e+007, 2918, 5970.64, 1072, 1502
29, 2800, 5.94613e+007, 1.76033e+007, 7.70646e+007, 2926, 6016.18, 1073, 1503
30, 2900, 5.94829e+007, 1.73869e+007, 7.68698e+007, 2915, 5964.62, 1072, 1503
31, 3000, 5.94175e+007, 1.74519e+007, 7.68694e+007, 2914, 5988.98, 1073, 1503
32, 3100, 5.94645e+007, 1.73754e+007, 7.68399e+007, 2907, 5977.1, 1073, 1503
33, 3200, 6.01941e+007, 1.75953e+007, 7.77893e+007, 2950, 5964.49, 1073, 1504
34, 3300, 5.99661e+007, 1.74192e+007, 7.73852e+007, 2926, 5953.23, 1071, 1501
35, 3400, 5.97143e+007, 1.73243e+007, 7.70386e+007, 2915, 5943.16, 1071, 1500
36, 3500, 6.03295e+007, 1.75244e+007, 7.78539e+007, 2950, 5940.48, 1071, 1500
37, 3600, 6.0463e+007, 1.77151e+007, 7.81781e+007, 2962, 5980.79, 1073, 1500
38, 3700, 6.00414e+007, 1.76599e+007, 7.77013e+007, 2941, 6004.73, 1073, 1500
39, 3800, 6.03032e+007, 1.75181e+007, 7.78214e+007, 2944, 5950.45, 1072, 1500
40, 3900, 6.09618e+007, 1.75276e+007, 7.84894e+007, 2970, 5901.55, 1071, 1501
41, 4000, 6.02654e+007, 1.74885e+007, 7.77539e+007, 2945, 5938.37, 1072, 1500
42, 4100, 6.05603e+007, 1.73709e+007, 7.79312e+007, 2948, 5892.42, 1071, 1501
43, 4200, 6.09043e+007, 1.73958e+007, 7.83001e+007, 2959, 5878.95, 1071, 1502
44, 4300, 6.07734e+007, 1.73864e+007, 7.81598e+007, 2955, 5883.71, 1071, 1502
45, 4400, 6.08781e+007, 1.73843e+007, 7.82623e+007, 2960, 5873.06, 1072, 1506
46, 4500, 6.08671e+007, 1.72111e+007, 7.80782e+007, 2947, 5840.21, 1073, 1507
47, 4600, 6.12836e+007, 1.722e+007, 7.85036e+007, 2967, 5803.84, 1070, 1505
48, 4700, 6.11337e+007, 1.7106e+007, 7.82397e+007, 2953, 5792.74, 1071, 1505
49, 4800, 6.13135e+007, 1.737e+007, 7.86835e+007, 2971, 5846.52, 1071, 1504
50, 4900, 6.11107e+007, 1.72268e+007, 7.83375e+007, 2954, 5831.69, 1071, 1502
51, 5000, 6.10326e+007, 1.74785e+007, 7.8511e+007, 2964, 5896.92, 1073, 1501
52, 5100, 6.16976e+007, 1.74345e+007, 7.91321e+007, 2988, 5834.85, 1071, 1502
53, 5200, 6.18386e+007, 1.7456e+007, 7.92947e+007, 2991, 5836.18, 1071, 1502
54, 5300, 6.27107e+007, 1.76137e+007, 8.03244e+007, 3027, 5818.87, 1071, 1503
55, 5400, 6.23761e+007, 1.74375e+007, 7.98136e+007, 3004, 5804.77, 1071, 1504
56, 5500, 6.25405e+007, 1.76637e+007, 8.02042e+007, 3014, 5860.55, 1072, 1502
57, 5600, 6.25555e+007, 1.73692e+007, 7.99247e+007, 3007, 5776.25, 1070, 1502
58, 5700, 6.259e+007, 1.73729e+007, 7.99629e+007, 3000, 5790.98, 1070, 1502
59, 5800, 6.25371e+007, 1.74771e+007, 8.00142e+007, 3006, 5814.08, 1071, 1501
60, 5900, 6.30905e+007, 1.77485e+007, 8.0839e+007, 3042, 5834.47, 1072, 1501
61, 6000, 6.24135e+007, 1.76872e+007, 8.01007e+007, 3014, 5868.35, 1073, 1500
62, 6100, 6.32746e+007, 1.78223e+007, 8.10969e+007, 3052, 5839.56, 1072, 1499
63, 6200, 6.36892e+007, 1.78986e+007, 8.15879e+007, 3076, 5818.8, 1072, 1500
64, 6300, 6.30268e+007, 1.76201e+007, 8.0647e+007, 3029, 5817.15, 1072, 1500
65, 6400, 6.29133e+007, 1.75736e+007, 8.04869e+007, 3023, 5813.3, 1071, 1499
66, 6500, 6.31206e+007, 1.7925e+007, 8.10456e+007, 3043, 5890.56, 1074, 1498
67, 6600, 6.29715e+007, 1.79611e+007, 8.09326e+007, 3036, 5916.05, 1075, 1497
68, 6700, 6.30705e+007, 1.81364e+007, 8.1207e+007, 3050, 5946.37, 1075, 1495
69, 6800, 6.27792e+007, 1.82809e+007, 8.106e+007, 3043, 6007.51, 1077, 1495
70, 6900, 6.29756e+007, 1.81044e+007, 8.108e+007, 3040, 5955.4, 1075, 1493
71, 7000, 6.30157e+007, 1.78632e+007, 8.0879e+007, 3037, 5881.87, 1074, 1495
72, 7100, 6.27561e+007, 1.77622e+007, 8.05183e+007, 3017, 5887.37, 1075, 1498
73, 7200, 6.32676e+007, 1.80281e+007, 8.12957e+007, 3048, 5914.72, 1075, 1496
74, 7300, 6.32002e+007, 1.81222e+007, 8.13224e+007, 3052, 5937.81, 1076, 1496
75, 7400, 6.38869e+007, 1.79015e+007, 8.17884e+007, 3071, 5829.22, 1074, 1499
76, 7500, 6.41785e+007, 1.78232e+007, 8.20017e+007, 3078, 5790.51, 1073, 1500
77, 7600, 6.38666e+007, 1.75277e+007, 8.13943e+007, 3053, 5741.13, 1071, 1500
78, 7700, 6.4173e+007, 1.75965e+007, 8.17695e+007, 3067, 5737.37, 1071, 1499
79, 7800, 6.38848e+007, 1.73377e+007, 8.12225e+007, 3044, 5695.7, 1071, 1500
80, 7900, 6.36262e+007, 1.72378e+007, 8.08641e+007, 3027, 5694.7, 1071, 1500
81, 8000, 6.45818e+007, 1.74517e+007, 8.20335e+007, 3076, 5673.51, 1071, 1502
82, 8100, 6.42465e+007, 1.7451e+007, 8.16976e+007, 3066, 5691.79, 1071, 1502
83, 8200, 6.44581e+007, 1.75079e+007, 8.1966e+007, 3073, 5697.33, 1071, 1500
84, 8300, 6.43e+007, 1.73758e+007, 8.16758e+007, 3061, 5676.51, 1071, 1500
85, 8400, 6.44754e+007, 1.74728e+007, 8.19482e+007, 3068, 5695.18, 1071, 1498
86, 8500, 6.4422e+007, 1.7679e+007, 8.2101e+007, 3078, 5743.68, 1071, 1499
87, 8600, 6.44024e+007, 1.76519e+007, 8.20544e+007, 3075, 5740.47, 1071, 1498
88, 8700, 6.44968e+007, 1.7627e+007, 8.21239e+007, 3073, 5736.1, 1071, 1498
89, 8800, 6.46247e+007, 1.78272e+007, 8.24518e+007, 3087, 5774.92, 1073, 1499
90, 8900, 6.40451e+007, 1.78115e+007, 8.18566e+007, 3064, 5813.14, 1074, 1498
91, 9000, 6.44453e+007, 1.79596e+007, 8.2405e+007, 3084, 5823.49, 1074, 1499
92, 9100, 6.45638e+007, 1.76849e+007, 8.22487e+007, 3078, 5745.58, 1072, 1500
93, 9200, 6.47314e+007, 1.78281e+007, 8.25594e+007, 3091, 5767.73, 1073, 1500
94, 9300, 6.49927e+007, 1.78946e+007, 8.28873e+007, 3099, 5774.31, 1074, 1502
95, 9400, 6.46227e+007, 1.78134e+007, 8.24361e+007, 3084, 5776.08, 1074, 1501
96, 9500, 6.47461e+007, 1.78966e+007, 8.26426e+007, 3096, 5780.54, 1074, 1501
97, 9597, 6.44207e+007, 1.78849e+007, 8.23056e+007, 3077, 5812.44, 1075, 1499
98, 9697, 6.39211e+007, 1.77119e+007, 8.1633e+007, 3050, 5807.17, 1075, 1498
99, 9797, 6.47029e+007, 1.8251e+007, 8.29539e+007, 3107, 5874.15, 1076, 1497
100, 9897, 6.37984e+007, 1.7952e+007, 8.17504e+007, 3054, 5878.18, 1077, 1498
101, 9997, 6.47394e+007, 1.81974e+007, 8.29369e+007, 3105, 5860.68, 1076, 1497
102, 10097, 6.43954e+007, 1.81448e+007, 8.25402e+007, 3088, 5875.91, 1077, 1498
103, 10197, 6.4439e+007, 1.81607e+007, 8.25996e+007, 3085, 5886.76, 1077, 1497
104, 10297, 6.49797e+007, 1.80939e+007, 8.30736e+007, 3108, 5821.72, 1075, 1498
105, 10397, 6.46588e+007, 1.78795e+007, 8.25382e+007, 3083, 5799.37, 1074, 1498
106, 10497, 6.47285e+007, 1.79223e+007, 8.26508e+007, 3087, 5805.72, 1075, 1500
107, 10597, 6.54039e+007, 1.79644e+007, 8.33683e+007, 3123, 5752.28, 1073, 1501
108, 10707, 6.52188e+007, 1.77967e+007, 8.30155e+007, 3104, 5733.47, 1073, 1503
109, 10797, 6.55939e+007, 1.77199e+007, 8.33139e+007, 3115, 5688.59, 1072, 1501
110, 10897, 6.50224e+007, 1.79257e+007, 8.29481e+007, 3101, 5780.63, 1074, 1501
111, 10997, 6.50001e+007, 1.76753e+007, 8.26755e+007, 3090, 5720.18, 1072, 1502
112, 11097, 6.52253e+007, 1.78167e+007, 8.30421e+007, 3104, 5739.92, 1073, 1502
113, 11197, 6.51377e+007, 1.77258e+007, 8.28635e+007, 3100, 5718, 1072, 1502
114, 11297, 6.52593e+007, 1.76663e+007, 8.29256e+007, 3101, 5696.97, 1072, 1501
115, 11397, 6.49119e+007, 1.76533e+007, 8.25652e+007, 3081, 5729.73, 1072, 1500
116, 11497, 6.5508e+007, 1.76935e+007, 8.32016e+007, 3115, 5680.1, 1071, 1500
117, 11597, 6.51822e+007, 1.76349e+007, 8.28171e+007, 3097, 5694.18, 1071, 1500
118, 11697, 6.52e+007, 1.76925e+007, 8.28925e+007, 3098, 5710.95, 1072, 1500
119, 11797, 6.53261e+007, 1.76206e+007, 8.29467e+007, 3099, 5685.88, 1071, 1500
120, 11897, 6.53479e+007, 1.75208e+007, 8.28687e+007, 3095, 5660.99, 1071, 1500
121, 11997, 6.5756e+007, 1.75476e+007, 8.33036e+007, 3115, 5633.26, 1070, 1501
122, 12097, 6.52826e+007, 1.74391e+007, 8.27217e+007, 3088, 5647.37, 1070, 1501
123, 12197, 6.54477e+007, 1.73762e+007, 8.28239e+007, 3094, 5616.08, 1070, 1502
124, 12297, 6.56785e+007, 1.75922e+007, 8.32707e+007, 3112, 5653.03, 1071, 1501
125, 12397, 6.53796e+007, 1.73832e+007, 8.27628e+007, 3086, 5632.91, 1071, 1502
126, 12497, 6.55144e+007, 1.73375e+007, 8.28519e+007, 3094, 5603.59, 1070, 1502
127, 12597, 6.57298e+007, 1.75762e+007, 8.3306e+007, 3114, 5644.27, 1072, 1502
128, 12697, 6.54159e+007, 1.76145e+007, 8.30303e+007, 3105, 5672.93, 1073, 1502
129, 12797, 6.58791e+007, 1.75237e+007, 8.34028e+007, 3116, 5623.78, 1071, 1501
130, 12897, 6.57675e+007, 1.75725e+007, 8.334e+007, 3116, 5639.46, 1072, 1502
131, 12997, 6.53769e+007, 1.76108e+007, 8.29877e+007, 3100, 5680.89, 1073, 1500
132, 13097, 6.57975e+007, 1.76277e+007, 8.34252e+007, 3120, 5649.9, 1072, 1500
133, 13197, 6.53229e+007, 1.73234e+007, 8.26463e+007, 3085, 5615.37, 1071, 1502
134, 13307, 6.57735e+007, 1.74967e+007, 8.32702e+007, 3109, 5627.75, 1072, 1502
135, 13407, 6.58635e+007, 1.76263e+007, 8.34898e+007, 3120, 5649.45, 1073, 1502
136, 13507, 6.61733e+007, 1.75892e+007, 8.37626e+007, 3128, 5623.15, 1072, 1502
137, 13607, 6.58508e+007, 1.75933e+007, 8.34441e+007, 3122, 5635.27, 1073, 1502
138, 13707, 6.57287e+007, 1.74184e+007, 8.31472e+007, 3103, 5613.41, 1073, 1503
139, 13807, 6.57949e+007, 1.73634e+007, 8.31583e+007, 3105, 5592.08, 1072, 1503
140, 13907, 6.60142e+007, 1.76242e+007, 8.36384e+007, 3126, 5637.95, 1073, 1502
141, 14007, 6.56031e+007, 1.74974e+007, 8.31005e+007, 3100, 5644.32, 1074, 1502
142, 14107, 6.54562e+007, 1.74875e+007, 8.29437e+007, 3094, 5652.07, 1074, 1501
143, 14207, 6.61892e+007, 1.77147e+007, 8.39038e+007, 3136, 5648.81, 1074, 1500
144, 14307, 6.57228e+007, 1.75833e+007, 8.33061e+007, 3111, 5651.99, 1074, 1499
145, 14407, 6.60943e+007, 1.76606e+007, 8.37549e+007, 3130, 5642.37, 1074, 1501
146, 14507, 6.53407e+007, 1.75137e+007, 8.28544e+007, 3094, 5660.53, 1074, 1500
147, 14607, 6.55596e+007, 1.73419e+007, 8.29015e+007, 3095, 5603.21, 1073, 1500
148, 14707, 6.57026e+007, 1.75092e+007, 8.32118e+007, 3107, 5635.42, 1073, 1498
149, 14807, 6.60034e+007, 1.76252e+007, 8.36286e+007, 3121, 5647.29, 1073, 1498
150, 14907, 6.60172e+007, 1.76649e+007, 8.36821e+007, 3132, 5640.12, 1074, 1500
151, 15007, 6.57841e+007, 1.76892e+007, 8.34733e+007, 3117, 5675.06, 1075, 1500
152, 15107, 6.62568e+007, 1.75459e+007, 8.38027e+007, 3129, 5607.5, 1073, 1500
153, 15207, 6.5943e+007, 1.71907e+007, 8.31337e+007, 3102, 5541.82, 1072, 1502
154, 15307, 6.60302e+007, 1.71789e+007, 8.3209e+007, 3100, 5541.57, 1072, 1502
155, 15407, 6.58638e+007, 1.71758e+007, 8.30396e+007, 3095, 5549.52, 1073, 1502
156, 15507, 6.58124e+007, 1.70073e+007, 8.28197e+007, 3089, 5505.76, 1071, 1501
157, 15607, 6.64271e+007, 1.72212e+007, 8.36483e+007, 3125, 5510.78, 1071, 1501
158, 15707, 6.62522e+007, 1.7614e+007, 8.38662e+007, 3129, 5629.26, 1073, 1501
159, 15807, 6.60978e+007, 1.77997e+007, 8.38975e+007, 3128, 5690.45, 1074, 1501
160, 15907, 6.58969e+007, 1.77523e+007, 8.36492e+007, 3120, 5689.85, 1074, 1501
161, 16007, 6.60958e+007, 1.79602e+007, 8.4056e+007, 3139, 5721.63, 1074, 1500
162, 16107, 6.60611e+007, 1.78875e+007, 8.39487e+007, 3131, 5713.04, 1074, 1501
163, 16207, 6.56391e+007, 1.79239e+007, 8.3563e+007, 3116, 5752.21, 1076, 1501
164, 16307, 6.59796e+007, 1.81947e+007, 8.41743e+007, 3145, 5785.29, 1076, 1500
165, 16407, 6.55233e+007, 1.8102e+007, 8.36254e+007, 3115, 5811.25, 1077, 1499
166, 16507, 6.58836e+007, 1.82966e+007, 8.41802e+007, 3148, 5812.13, 1078, 1500
167, 16607, 6.57933e+007, 1.79215e+007, 8.37148e+007, 3121, 5742.23, 1075, 1498
168, 16707, 6.58122e+007, 1.79912e+007, 8.38033e+007, 3125, 5757.17, 1075, 1497
169, 16807, 6.58749e+007, 1.80367e+007, 8.39116e+007, 3129, 5764.36, 1076, 1499
170, 16907, 6.60953e+007, 1.78969e+007, 8.39923e+007, 3130, 5717.88, 1076, 1500
171, 17007, 6.61064e+007, 1.80273e+007, 8.41337e+007, 3142, 5737.52, 1075, 1500
172, 17107, 6.55011e+007, 1.79049e+007, 8.3406e+007, 3111, 5755.35, 1075, 1499
173, 17207, 6.5864e+007, 1.79654e+007, 8.38294e+007, 3127, 5745.26, 1075, 1499
174, 17307, 6.61103e+007, 1.80241e+007, 8.41344e+007, 3134, 5751.14, 1076, 1499
175, 17407, 6.55782e+007, 1.80029e+007, 8.35811e+007, 3117, 5775.72, 1078, 1501
176, 17507, 6.59883e+007, 1.79132e+007, 8.39014e+007, 3130, 5723.07, 1076, 1500
177, 17607, 6.59809e+007, 1.77649e+007, 8.37457e+007, 3125, 5684.76, 1074, 1498
178, 17707, 6.61313e+007, 1.78726e+007, 8.40039e+007, 3136, 5699.16, 1074, 1498
179, 17807, 6.54554e+007, 1.78053e+007, 8.32606e+007, 3105, 5734.38, 1076, 1500
180, 17907, 6.56305e+007, 1.78168e+007, 8.34473e+007, 3115, 5719.67, 1076, 1501
181, 18007, 6.60341e+007, 1.76807e+007, 8.37148e+007, 3127, 5654.2, 1074, 1501
182, 18107, 6.54019e+007, 1.75624e+007, 8.29643e+007, 3090, 5683.62, 1074, 1501
183, 18207, 6.62303e+007, 1.79949e+007, 8.42253e+007, 3147, 5718.13, 1075, 1500
184, 18307, 6.56514e+007, 1.7695e+007, 8.33464e+007, 3107, 5695.21, 1075, 1500
185, 18407, 6.62218e+007, 1.77624e+007, 8.39842e+007, 3140, 5656.82, 1074, 1500
186, 18507, 6.59422e+007, 1.76047e+007, 8.35468e+007, 3115, 5651.58, 1073, 1499
187, 18607, 6.62303e+007, 1.79761e+007, 8.42064e+007, 3147, 5712.13, 1074, 1497
188, 18707, 6.64003e+007, 1.7784e+007, 8.41844e+007, 3140, 5663.7, 1073, 1498
189, 18807, 6.54515e+007, 1.76954e+007, 8.31469e+007, 3102, 5704.52, 1075, 1499
190, 18907, 6.60051e+007, 1.78055e+007, 8.38106e+007, 3130, 5688.66, 1074, 1498
191, 19007, 6.63424e+007, 1.76936e+007, 8.4036e+007, 3136, 5642.1, 1074, 1500
192, 19107, 6.60265e+007, 1.77682e+007, 8.37947e+007, 3130, 5676.74, 1075, 1499
193, 19207, 6.60221e+007, 1.79116e+007, 8.39337e+007, 3135, 5713.43, 1076, 1500
194, 19307, 6.60468e+007, 1.76931e+007, 8.37399e+007, 3124, 5663.61, 1074, 1499
195, 19407, 6.57755e+007, 1.76941e+007, 8.34696e+007, 3113, 5683.94, 1075, 1500
196, 19507, 6.57192e+007, 1.76788e+007, 8.3398e+007, 3111, 5682.68, 1076, 1500
197, 19607, 6.54849e+007, 1.77835e+007, 8.32684e+007, 3103, 5731.07, 1077, 1499
198, 19707, 6.53129e+007, 1.76487e+007, 8.29615e+007, 3089, 5713.39, 1075, 1497
199, 19807, 6.56577e+007, 1.78289e+007, 8.34866e+007, 3114, 5725.4, 1077, 1498
200, 19907, 6.53695e+007, 1.77561e+007, 8.31256e+007, 3101, 5725.92, 1076, 1499
201, 20007, 6.56604e+007, 1.77054e+007, 8.33659e+007, 3114, 5685.76, 1075, 1498
202, 20107, 6.60549e+007, 1.78069e+007, 8.38617e+007, 3136, 5678.21, 1075, 1498
203, 20207, 6.62343e+007, 1.7689e+007, 8.39232e+007, 3136, 5640.61, 1074, 1497
204, 20307, 6.59131e+007, 1.76377e+007, 8.35507e+007, 3120, 5653.1, 1075, 1498
205, 20407, 6.55248e+007, 1.76203e+007, 8.31451e+007, 3104, 5676.64, 1076, 1499
206, 20507, 6.58386e+007, 1.77034e+007, 8.3542e+007, 3119, 5676, 1076, 1497
207, 20607, 6.53816e+007, 1.7768e+007, 8.31496e+007, 3097, 5737.17, 1077, 1496
208, 20707, 6.52961e+007, 1.77664e+007, 8.30625e+007, 3099, 5732.96, 1077, 1496
209, 20807, 6.51079e+007, 1.77264e+007, 8.28343e+007, 3085, 5745.98, 1078, 1497
210, 20907, 6.57341e+007, 1.78464e+007, 8.35805e+007, 3120, 5719.99, 1078, 1499
211, 21007, 6.58263e+007, 1.74973e+007, 8.33237e+007, 3112, 5622.54, 1075, 1498
212, 21107, 6.56434e+007, 1.73101e+007, 8.29535e+007, 3093, 5596.54, 1074, 1500
213, 21207, 6.56575e+007, 1.75592e+007, 8.32167e+007, 3109, 5647.87, 1075, 1497
214, 21307, 6.61304e+007, 1.76242e+007, 8.37546e+007, 3128, 5634.33, 1075, 1498
215, 21407, 6.63523e+007, 1.7474e+007, 8.38264e+007, 3135, 5573.85, 1074, 1501
216, 21507, 6.56408e+007, 1.72647e+007, 8.29055e+007, 3087, 5592.73, 1074, 1500
217, 21607, 6.60045e+007, 1.7478e+007, 8.34825e+007, 3117, 5607.32, 1075, 1500
218, 21707, 6.59994e+007, 1.72546e+007, 8.32539e+007, 3109, 5549.87, 1074, 1503
219, 21807, 6.62988e+007, 1.73891e+007, 8.3688e+007, 3125, 5564.52, 1074, 1501
220, 21907, 6.53663e+007, 1.72415e+007, 8.26078e+007, 3080, 5597.88, 1075, 1500
221, 22007, 6.56452e+007, 1.7273e+007, 8.29182e+007, 3098, 5575.52, 1074, 1500
222, 22107, 6.63264e+007, 1.70803e+007, 8.34067e+007, 3117, 5479.71, 1071, 1501
223, 22207, 6.62539e+007, 1.71885e+007, 8.34425e+007, 3113, 5521.53, 1072, 1500
224, 22307, 6.60346e+007, 1.71167e+007, 8.31513e+007, 3099, 5523.29, 1073, 1500
225, 22407, 6.642e+007, 1.72551e+007, 8.36752e+007, 3125, 5521.64, 1073, 1501
226, 22507, 6.60539e+007, 1.72541e+007, 8.33081e+007, 3107, 5553.3, 1074, 1501
227, 22607, 6.5979e+007, 1.74258e+007, 8.34048e+007, 3114, 5595.96, 1076, 1500
228, 22707, 6.54584e+007, 1.7378e+007, 8.28364e+007, 3086, 5631.25, 1077, 1499
229, 22807, 6.5576e+007, 1.73503e+007, 8.29262e+007, 3092, 5611.34, 1077, 1499
230, 22907, 6.54534e+007, 1.73747e+007, 8.28282e+007, 3090, 5622.9, 1077, 1500
231, 23007, 6.5934e+007, 1.72019e+007, 8.31359e+007, 3107, 5536.51, 1075, 1502
232, 23107, 6.63514e+007, 1.70305e+007, 8.33819e+007, 3116, 5465.49, 1073, 1503
233, 23207, 6.56233e+007, 1.68441e+007, 8.24675e+007, 3078, 5472.43, 1073, 1503
234, 23307, 6.61112e+007, 1.68852e+007, 8.29964e+007, 3099, 5448.58, 1072, 1503
235, 23407, 6.59133e+007, 1.67962e+007, 8.27094e+007, 3085, 5444.46, 1072, 1503
236, 23507, 6.61813e+007, 1.67436e+007, 8.29249e+007, 3095, 5409.9, 1070, 1502
237, 23607, 6.62027e+007, 1.6624e+007, 8.28267e+007, 3093, 5374.71, 1069, 1503
238, 23707, 6.59421e+007, 1.6512e+007, 8.24541e+007, 3077, 5366.26, 1070, 1504
239, 23807, 6.58229e+007, 1.66357e+007, 8.24586e+007, 3077, 5406.46, 1071, 1503
240, 23907, 6.61661e+007, 1.67218e+007, 8.28879e+007, 3093, 5406.33, 1071, 1504
241, 24007, 6.63876e+007, 1.66899e+007, 8.30775e+007, 3100, 5383.83, 1071, 1505
242, 24107, 6.63781e+007, 1.67907e+007, 8.31688e+007, 3105, 5407.64, 1072, 1504
243, 24207, 6.61717e+007, 1.68671e+007, 8.30387e+007, 3103, 5435.73, 1074, 1506
244, 24307, 6.6533e+007, 1.68351e+007, 8.33681e+007, 3113, 5408, 1072, 1505
245, 24407, 6.64774e+007, 1.67599e+007, 8.32373e+007, 3109, 5390.75, 1071, 1504
246, 24507, 6.62913e+007, 1.685e+007, 8.31413e+007, 3107, 5423.24, 1072, 1502
247, 24607, 6.66076e+007, 1.69506e+007, 8.35581e+007, 3127, 5420.71, 1072, 1501
248, 24707, 6.59002e+007, 1.69246e+007, 8.28248e+007, 3095, 5468.37, 1074, 1501
249, 24807, 6.59615e+007, 1.67692e+007, 8.27307e+007, 3089, 5428.69, 1074, 1503
250, 24907, 6.65552e+007, 1.69203e+007, 8.34755e+007, 3120, 5423.18, 1073, 1502
251, 25007, 6.65096e+007, 1.68903e+007, 8.34e+007, 3114, 5423.99, 1073, 1502
252, 25107, 6.6343e+007, 1.69247e+007, 8.32677e+007, 3107, 5447.28, 1074, 1502
253, 25207, 6.65978e+007, 1.69092e+007, 8.3507e+007, 3119, 5421.37, 1073, 1501
254, 25307, 6.62839e+007, 1.69655e+007, 8.32494e+007, 3106, 5462.18, 1074, 1500
255, 25407, 6.60578e+007, 1.68206e+007, 8.28784e+007, 3092, 5440.05, 1074, 1501
256, 25507, 6.59652e+007, 1.69551e+007, 8.29203e+007, 3094, 5480, 1075, 1501
257, 25607, 6.64598e+007, 1.69367e+007, 8.33965e+007, 3115, 5437.15, 1075, 1502
258, 25707, 6.61219e+007, 1.69496e+007, 8.30715e+007, 3102, 5464.09, 1076, 1503
259, 25807, 6.6246e+007, 1.69261e+007, 8.31721e+007, 3110, 5442.48, 1076, 1504
260, 25907, 6.58877e+007, 1.68782e+007, 8.27659e+007, 3087, 5467.52, 1077, 1504
261, 26007, 6.62634e+007, 1.70391e+007, 8.33025e+007, 3114, 5471.78, 1076, 1502
262, 26107, 6.55793e+007, 1.69998e+007, 8.25791e+007, 3080, 5519.41, 1078, 1502
263, 26207, 6.62633e+007, 1.72522e+007, 8.35156e+007, 3122, 5526.02, 1078, 1501
264, 26307, 6.56444e+007, 1.71464e+007, 8.27908e+007, 3090, 5549, 1079, 1501
265, 26407, 6.52799e+007, 1.71494e+007, 8.24292e+007, 3076, 5575.21, 1079, 1501
266, 26507, 6.57811e+007, 1.67629e+007, 8.2544e+007, 3083, 5437.22, 1075, 1504
267, 26607, 6.61215e+007, 1.68924e+007, 8.30139e+007, 3101, 5447.39, 1075, 1503
268, 26707, 6.58426e+007, 1.70014e+007, 8.2844e+007, 3089, 5503.85, 1076, 1502
269, 26807, 6.61547e+007, 1.71438e+007, 8.32985e+007, 3112, 5508.94, 1077, 1501
270, 26907, 6.61576e+007, 1.73183e+007, 8.34759e+007, 3115, 5559.66, 1079, 1501
271, 27007, 6.6591e+007, 1.73807e+007, 8.39717e+007, 3135, 5544.07, 1078, 1502
272, 27107, 6.56721e+007, 1.71399e+007, 8.28119e+007, 3090, 5546.88, 1079, 1502
273, 27207, 6.5639e+007, 1.732e+007, 8.29589e+007, 3096, 5594.3, 1080, 1500
274, 27307, 6.58983e+007, 1.69349e+007, 8.28333e+007, 3090, 5480.56, 1077, 1504
275, 27407, 6.59774e+007, 1.70211e+007, 8.29985e+007, 3098, 5494.22, 1078, 1507
276, 27507, 6.65656e+007, 1.68226e+007, 8.33882e+007, 3117, 5397.06, 1074, 1504
277, 27607, 6.62726e+007, 1.69256e+007, 8.31981e+007, 3113, 5437.06, 1075, 1502
278, 27707, 6.59486e+007, 1.67991e+007, 8.27477e+007, 3090, 5436.6, 1074, 1502
279, 27807, 6.5983e+007, 1.67028e+007, 8.26858e+007, 3090, 5405.45, 1073, 1502
280, 27907, 6.53095e+007, 1.64888e+007, 8.17983e+007, 3049, 5407.93, 1073, 1503
281, 28007, 6.64689e+007, 1.68223e+007, 8.32913e+007, 3115, 5400.43, 1073, 1502
282, 28107, 6.57604e+007, 1.64716e+007, 8.2232e+007, 3069, 5367.1, 1072, 1503
283, 28207, 6.64008e+007, 1.67481e+007, 8.31488e+007, 3110, 5385.24, 1073, 1502
284, 28307, 6.58825e+007, 1.65414e+007, 8.24238e+007, 3076, 5377.55, 1072, 1502
285, 28407, 6.5933e+007, 1.66467e+007, 8.25798e+007, 3083, 5399.53, 1073, 1503
286, 28507, 6.57359e+007, 1.65063e+007, 8.22422e+007, 3071, 5374.9, 1072, 1503
287, 28607, 6.57817e+007, 1.66065e+007, 8.23882e+007, 3077, 5396.97, 1073, 1502
288, 28707, 6.55325e+007, 1.65467e+007, 8.20792e+007, 3068, 5393.31, 1074, 1504
289, 28807, 6.55801e+007, 1.65849e+007, 8.2165e+007, 3073, 5396.98, 1073, 1503
290, 28907, 6.56468e+007, 1.64919e+007, 8.21386e+007, 3066, 5378.95, 1073, 1504
291, 29007, 6.59305e+007, 1.65995e+007, 8.253e+007, 3086, 5378.97, 1073, 1505
292, 29107, 6.54324e+007, 1.65164e+007, 8.19488e+007, 3061, 5395.76, 1074, 1504
293, 29207, 6.57458e+007, 1.64949e+007, 8.22407e+007, 3072, 5369.44, 1073, 1505
294, 29307, 6.55942e+007, 1.65323e+007, 8.21265e+007, 3072, 5381.6, 1074, 1505
295, 29407, 6.53998e+007, 1.65331e+007, 8.19328e+007, 3061, 5401.19, 1074, 1504
296, 29507, 6.56159e+007, 1.68189e+007, 8.24348e+007, 3085, 5451.82, 1076, 1502
297, 29607, 6.55292e+007, 1.67303e+007, 8.22595e+007, 3073, 5444.29, 1076, 1503
298, 29707, 6.55442e+007, 1.65482e+007, 8.20924e+007, 3071, 5388.54, 1074, 1505
299, 29807, 6.58234e+007, 1.64847e+007, 8.23082e+007, 3078, 5355.66, 1073, 1503
300, 29907, 6.53372e+007, 1.64467e+007, 8.17839e+007, 3060, 5374.74, 1073, 1502
301, 30007, 6.58221e+007, 1.65851e+007, 8.24072e+007, 3083, 5379.53, 1074, 1502
302, 30107, 6.54714e+007, 1.65226e+007, 8.1994e+007, 3065, 5390.74, 1074, 1501
303, 30207, 6.54678e+007, 1.66664e+007, 8.21343e+007, 3074, 5421.74, 1075, 1501
304, 30307, 6.52949e+007, 1.67914e+007, 8.20863e+007, 3068, 5473.08, 1077, 1501
305, 30407, 6.54576e+007, 1.6737e+007, 8.21946e+007, 3070, 5451.79, 1076, 1501
306, 30507, 6.55716e+007, 1.65411e+007, 8.21128e+007, 3071, 5386.23, 1074, 1502
307, 30607, 6.59449e+007, 1.64994e+007, 8.24443e+007, 3083, 5351.73, 1073, 1503
308, 30707, 6.53692e+007, 1.64221e+007, 8.17913e+007, 3054, 5377.25, 1074, 1502
309, 30807, 6.53824e+007, 1.64964e+007, 8.18788e+007, 3063, 5385.7, 1074, 1501
310, 30907, 6.58891e+007, 1.66599e+007, 8.2549e+007, 3093, 5386.33, 1074, 1501
311, 31007, 6.54644e+007, 1.63896e+007, 8.1854e+007, 3061, 5354.34, 1074, 1502
312, 31107, 6.59711e+007, 1.63461e+007, 8.23172e+007, 3085, 5298.57, 1072, 1504
313, 31207, 6.59034e+007, 1.6662e+007, 8.25654e+007, 3095, 5383.52, 1075, 1503
314, 31307, 6.52301e+007, 1.64701e+007, 8.17002e+007, 3056, 5389.42, 1075, 1502
315, 31407, 6.51944e+007, 1.66647e+007, 8.18591e+007, 3062, 5442.44, 1077, 1502
316, 31507, 6.46245e+007, 1.66371e+007, 8.12616e+007, 3038, 5476.33, 1077, 1500
317, 31607, 6.52057e+007, 1.65604e+007, 8.17661e+007, 3062, 5408.36, 1075, 1500
318, 31707, 6.52663e+007, 1.65272e+007, 8.17936e+007, 3060, 5401.06, 1075, 1499
319, 31807, 6.51679e+007, 1.65856e+007, 8.17535e+007, 3061, 5418.36, 1076, 1500
320, 31907, 6.54055e+007, 1.66055e+007, 8.2011e+007, 3067, 5414.24, 1076, 1501
321, 32007, 6.50291e+007, 1.62282e+007, 8.12573e+007, 3035, 5347.02, 1074, 1502
322, 32107, 6.53869e+007, 1.63729e+007, 8.17598e+007, 3057, 5355.87, 1074, 1501
323, 32207, 6.55906e+007, 1.62537e+007, 8.18443e+007, 3062, 5308.2, 1072, 1503
324, 32307, 6.57888e+007, 1.61079e+007, 8.18967e+007, 3066, 5253.71, 1071, 1505
325, 32407, 6.56595e+007, 1.62479e+007, 8.19074e+007, 3065, 5301.1, 1073, 1503
326, 32507, 6.52276e+007, 1.6269e+007, 8.14966e+007, 3048, 5337.6, 1075, 1503
327, 32607, 6.53969e+007, 1.6187e+007, 8.15839e+007, 3054, 5300.26, 1073, 1503
328, 32707, 6.52221e+007, 1.61467e+007, 8.13688e+007, 3045, 5302.69, 1073, 1503
329, 32807, 6.54777e+007, 1.62754e+007, 8.17531e+007, 3059, 5320.48, 1073, 1503
330, 32907, 6.52524e+007, 1.62088e+007, 8.14611e+007, 3043, 5326.57, 1074, 1503
331, 33007, 6.56231e+007, 1.62875e+007, 8.19106e+007, 3064, 5315.78, 1074, 1504
332, 33107, 6.5247e+007, 1.63294e+007, 8.15764e+007, 3049, 5355.67, 1075, 1504
333, 33207, 6.46598e+007, 1.63038e+007, 8.09637e+007, 3031, 5379.03, 1076, 1504
334, 33307, 6.51618e+007, 1.63188e+007, 8.14806e+007, 3050, 5350.42, 1075, 1506
335, 33407, 6.50281e+007, 1.6291e+007, 8.1319e+007, 3048, 5344.8, 1075, 1505
336, 33507, 6.47128e+007, 1.61213e+007, 8.08341e+007, 3024, 5331.1, 1075, 1505
337, 33607, 6.49277e+007, 1.60337e+007, 8.09614e+007, 3029, 5293.39, 1073, 1504
338, 33707, 6.50194e+007, 1.61843e+007, 8.12037e+007, 3036, 5330.8, 1075, 1504
339, 33807, 6.50109e+007, 1.60354e+007, 8.10463e+007, 3030, 5292.2, 1074, 1504
340, 33907, 6.5162e+007, 1.60949e+007, 8.1257e+007, 3043, 5289.17, 1073, 1502
341, 34007, 6.49675e+007, 1.61097e+007, 8.10772e+007, 3041, 5297.5, 1073, 1503
342, 34107, 6.43476e+007, 1.58863e+007, 8.02339e+007, 3002, 5291.89, 1074, 1504
343, 34207, 6.44862e+007, 1.58209e+007, 8.03071e+007, 3001, 5271.86, 1073, 1505
344, 34307, 6.45211e+007, 1.57647e+007, 8.02858e+007, 3000, 5254.91, 1073, 1506
345, 34407, 6.48264e+007, 1.57453e+007, 8.05717e+007, 3011, 5229.25, 1073, 1507
346, 34507, 6.50311e+007, 1.58459e+007, 8.08769e+007, 3030, 5229.65, 1073, 1508
347, 34607, 6.47566e+007, 1.58205e+007, 8.05771e+007, 3013, 5250.74, 1075, 1509
348, 34707, 6.4525e+007, 1.59837e+007, 8.05087e+007, 3017, 5297.89, 1076, 1507
349, 34807, 6.48958e+007, 1.61226e+007, 8.10183e+007, 3041, 5301.73, 1075, 1503
350, 34907, 6.48018e+007, 1.59831e+007, 8.07849e+007, 3030, 5274.95, 1074, 1502
351, 35007, 6.41918e+007, 1.58327e+007, 8.00246e+007, 2992, 5291.68, 1074, 1503
352, 35107, 6.4671e+007, 1.58735e+007, 8.05445e+007, 3018, 5259.61, 1074, 1504
353, 35207, 6.50367e+007, 1.60027e+007, 8.10393e+007, 3035, 5272.71, 1074, 1504
354, 35307, 6.43793e+007, 1.58807e+007, 8.026e+007, 3005, 5284.76, 1074, 1504
355, 35407, 6.46618e+007, 1.61102e+007, 8.07721e+007, 3031, 5315.16, 1075, 1503
356, 35507, 6.51443e+007, 1.6057e+007, 8.12013e+007, 3044, 5274.97, 1074, 1502
357, 35607, 6.45501e+007, 1.57889e+007, 8.0339e+007, 3004, 5255.95, 1073, 1502
358, 35707, 6.4534e+007, 1.57903e+007, 8.03244e+007, 3006, 5252.94, 1073, 1503
359, 35807, 6.43502e+007, 1.58492e+007, 8.01994e+007, 3002, 5279.54, 1075, 1502
360, 35907, 6.48183e+007, 1.61693e+007, 8.09876e+007, 3038, 5322.36, 1075, 1501
361, 36007, 6.41094e+007, 1.61839e+007, 8.02933e+007, 3012, 5373.13, 1078, 1501
362, 36107, 6.40707e+007, 1.61495e+007, 8.02202e+007, 3009, 5367.05, 1078, 1501
363, 36207, 6.39597e+007, 1.6211e+007, 8.01707e+007, 3005, 5394.68, 1079, 1501
364, 36307, 6.37027e+007, 1.6198e+007, 7.99007e+007, 2988, 5421.03, 1080, 1501
365, 36407, 6.37493e+007, 1.64598e+007, 8.02091e+007, 3008, 5472.02, 1081, 1500
366, 36507, 6.37706e+007, 1.62837e+007, 8.00543e+007, 2999, 5429.71, 1079, 1499
367, 36607, 6.34688e+007, 1.62195e+007, 7.96882e+007, 2984, 5435.49, 1079, 1497
368, 36707, 6.38623e+007, 1.63628e+007, 8.02251e+007, 3015, 5427.13, 1079, 1497
369, 36807, 6.38457e+007, 1.61879e+007, 8.00336e+007, 3002, 5392.37, 1078, 1497
370, 36907, 6.3454e+007, 1.59864e+007, 7.94404e+007, 2977, 5369.96, 1077, 1496
371, 37007, 6.42285e+007, 1.61689e+007, 8.03974e+007, 3017, 5359.28, 1077, 1496
372, 37107, 6.38455e+007, 1.62467e+007, 8.00923e+007, 3005, 5406.57, 1078, 1495
373, 37207, 6.39284e+007, 1.61138e+007, 8.00422e+007, 3006, 5360.54, 1077, 1496
374, 37307, 6.41034e+007, 1.61873e+007, 8.02907e+007, 3015, 5368.93, 1077, 1496
375, 37407, 6.38373e+007, 1.60943e+007, 7.99316e+007, 2996, 5371.92, 1077, 1496
376, 37507, 6.3963e+007, 1.6186e+007, 8.01489e+007, 3006, 5384.56, 1078, 1496
377, 37607, 6.38168e+007, 1.60491e+007, 7.98659e+007, 2989, 5369.39, 1077, 1496
378, 37707, 6.36198e+007, 1.61158e+007, 7.97357e+007, 2993, 5384.51, 1078, 1497
379, 37807, 6.33929e+007, 1.60866e+007, 7.94794e+007, 2980, 5398.17, 1079, 1497
380, 37907, 6.37778e+007, 1.63002e+007, 8.0078e+007, 3008, 5418.95, 1080, 1498
381, 38007, 6.35733e+007, 1.60674e+007, 7.96408e+007, 2986, 5380.92, 1079, 1498
382, 38107, 6.3567e+007, 1.61164e+007, 7.96834e+007, 2990, 5390.11, 1080, 1500
383, 38207, 6.35826e+007, 1.60279e+007, 7.96104e+007, 2987, 5365.87, 1079, 1499
384, 38307, 6.35037e+007, 1.60711e+007, 7.95748e+007, 2987, 5380.35, 1079, 1498
385, 38407, 6.35711e+007, 1.60934e+007, 7.96645e+007, 2994, 5375.22, 1079, 1497
386, 38507, 6.37026e+007, 1.61338e+007, 7.98364e+007, 2998, 5381.52, 1080, 1498
387, 38607, 6.38695e+007, 1.61002e+007, 7.99697e+007, 3011, 5347.14, 1078, 1497
388, 38707, 6.38554e+007, 1.60998e+007, 7.99552e+007, 3005, 5357.66, 1078, 1497
389, 38807, 6.33712e+007, 1.59498e+007, 7.9321e+007, 2979, 5354.08, 1079, 1499
390, 38907, 6.31014e+007, 1.56829e+007, 7.87843e+007, 2957, 5303.65, 1077, 1499
391, 39007, 6.38069e+007, 1.5589e+007, 7.93959e+007, 2978, 5234.73, 1075, 1500
392, 39107, 6.32799e+007, 1.56698e+007, 7.89497e+007, 2969, 5277.79, 1077, 1501
393, 39207, 6.38952e+007, 1.59168e+007, 7.9812e+007, 3001, 5303.83, 1078, 1501
394, 39307, 6.32038e+007, 1.57026e+007, 7.89064e+007, 2962, 5301.35, 1078, 1501
395, 39407, 6.33221e+007, 1.5917e+007, 7.92391e+007, 2976, 5348.47, 1080, 1500
396, 39507, 6.36746e+007, 1.60928e+007, 7.97674e+007, 2997, 5369.63, 1080, 1500
397, 39607, 6.34052e+007, 1.60409e+007, 7.94461e+007, 2986, 5372.02, 1080, 1500
398, 39707, 6.32116e+007, 1.58704e+007, 7.9082e+007, 2969, 5345.37, 1080, 1500
399, 39807, 6.3319e+007, 1.5863e+007, 7.9182e+007, 2976, 5330.31, 1080, 1500
400, 39907, 6.30812e+007, 1.60209e+007, 7.91021e+007, 2971, 5392.43, 1082, 1500
401, 40007, 6.29052e+007, 1.57935e+007, 7.86987e+007, 2955, 5344.67, 1081, 1501
402, 40107, 6.32658e+007, 1.55805e+007, 7.88463e+007, 2967, 5251.25, 1078, 1502
403, 40207, 6.29792e+007, 1.56035e+007, 7.85828e+007, 2953, 5283.96, 1079, 1503
404, 40307, 6.34815e+007, 1.56731e+007, 7.91545e+007, 2980, 5259.42, 1079, 1504
405, 40407, 6.42077e+007, 1.58399e+007, 8.00476e+007, 3015, 5253.7, 1079, 1503
406, 40507, 6.33636e+007, 1.56504e+007, 7.9014e+007, 2976, 5258.88, 1079, 1505
407, 40607, 6.34756e+007, 1.55813e+007, 7.90568e+007, 2974, 5239.16, 1078, 1504
408, 40707, 6.35786e+007, 1.56602e+007, 7.92388e+007, 2981, 5253.34, 1079, 1504
409, 40807, 6.34049e+007, 1.54389e+007, 7.88439e+007, 2963, 5210.58, 1077, 1503
410, 40907, 6.40845e+007, 1.53512e+007, 7.94358e+007, 2990, 5134.19, 1074, 1505
411, 41007, 6.40883e+007, 1.52391e+007, 7.93274e+007, 2986, 5103.52, 1073, 1505
412, 41107, 6.36199e+007, 1.51824e+007, 7.88024e+007, 2966, 5118.83, 1074, 1505
413, 41207, 6.35911e+007, 1.51747e+007, 7.87658e+007, 2958, 5130.05, 1075, 1505
414, 41307, 6.31649e+007, 1.51555e+007, 7.83204e+007, 2944, 5147.93, 1075, 1505
415, 41407, 6.36068e+007, 1.54831e+007, 7.90899e+007, 2983, 5190.45, 1076, 1503
416, 41507, 6.29501e+007, 1.52948e+007, 7.82449e+007, 2945, 5193.49, 1077, 1505
417, 41607, 6.35189e+007, 1.53012e+007, 7.88201e+007, 2967, 5157.12, 1076, 1505
418, 41707, 6.36776e+007, 1.5327e+007, 7.90047e+007, 2977, 5148.48, 1077, 1506
419, 41807, 6.34357e+007, 1.54063e+007, 7.8842e+007, 2972, 5183.81, 1077, 1505
420, 41907, 6.35002e+007, 1.52993e+007, 7.87995e+007, 2968, 5154.74, 1076, 1504
421, 42007, 6.28231e+007, 1.5215e+007, 7.80382e+007, 2938, 5178.7, 1077, 1504
422, 42107, 6.32694e+007, 1.52955e+007, 7.85649e+007, 2960, 5167.4, 1077, 1502
423, 42207, 6.27121e+007, 1.54335e+007, 7.81456e+007, 2948, 5235.23, 1078, 1502
424, 42307, 6.2361e+007, 1.51078e+007, 7.74689e+007, 2918, 5177.46, 1077, 1502
425, 42407, 6.27835e+007, 1.53403e+007, 7.81238e+007, 2939, 5219.56, 1078, 1501
426, 42507, 6.24687e+007, 1.53113e+007, 7.77799e+007, 2930, 5225.68, 1079, 1501
427, 42607, 6.29928e+007, 1.55196e+007, 7.85124e+007, 2962, 5239.57, 1079, 1502
428, 42707, 6.26745e+007, 1.52942e+007, 7.79686e+007, 2940, 5202.1, 1078, 1502
429, 42807, 6.24023e+007, 1.53107e+007, 7.7713e+007, 2930, 5225.49, 1079, 1501
430, 42907, 6.28806e+007, 1.53973e+007, 7.82779e+007, 2953, 5214.13, 1079, 1502
431, 43007, 6.28859e+007, 1.53837e+007, 7.82696e+007, 2950, 5214.8, 1079, 1502
432, 43107, 6.25272e+007, 1.53011e+007, 7.78283e+007, 2933, 5216.89, 1079, 1501
433, 43207, 6.23615e+007, 1.53341e+007, 7.76956e+007, 2931, 5231.68, 1080, 1501
434, 43307, 6.27662e+007, 1.55933e+007, 7.83594e+007, 2957, 5273.34, 1081, 1500
435, 43407, 6.25413e+007, 1.52855e+007, 7.78269e+007, 2936, 5206.24, 1078, 1500
436, 43507, 6.2185e+007, 1.51707e+007, 7.73558e+007, 2910, 5213.31, 1079, 1501
437, 43607, 6.27233e+007, 1.5259e+007, 7.79823e+007, 2937, 5195.44, 1079, 1502
438, 43707, 6.24307e+007, 1.52562e+007, 7.76869e+007, 2930, 5206.89, 1079, 1501
439, 43807, 6.27706e+007, 1.53893e+007, 7.81599e+007, 2950, 5216.7, 1079, 1500
440, 43907, 6.2705e+007, 1.52476e+007, 7.79526e+007, 2941, 5184.49, 1078, 1501
441, 44007, 6.2608e+007, 1.52517e+007, 7.78597e+007, 2940, 5187.65, 1079, 1501
442, 44107, 6.24994e+007, 1.52494e+007, 7.77488e+007, 2931, 5202.79, 1079, 1502
443, 44207, 6.25811e+007, 1.50378e+007, 7.76189e+007, 2927, 5137.62, 1078, 1504
444, 44307, 6.27041e+007, 1.49222e+007, 7.76262e+007, 2926, 5099.86, 1077, 1506
445, 44407, 6.26866e+007, 1.49893e+007, 7.7676e+007, 2928, 5119.31, 1076, 1505
446, 44507, 6.33678e+007, 1.50132e+007, 7.8381e+007, 2958, 5075.46, 1075, 1505
447, 44607, 6.25101e+007, 1.4802e+007, 7.73121e+007, 2919, 5070.91, 1076, 1507
448, 44707, 6.27087e+007, 1.48866e+007, 7.75953e+007, 2928, 5084.2, 1076, 1506
449, 44807, 6.27476e+007, 1.49395e+007, 7.76871e+007, 2930, 5098.8, 1077, 1505
450, 44907, 6.24839e+007, 1.48194e+007, 7.73033e+007, 2913, 5087.32, 1076, 1506
451, 45007, 6.28603e+007, 1.49953e+007, 7.78556e+007, 2943, 5095.24, 1077, 1506
452, 45107, 6.1983e+007, 1.49547e+007, 7.69376e+007, 2900, 5156.78, 1079, 1505
453, 45207, 6.19737e+007, 1.49757e+007, 7.69494e+007, 2901, 5162.26, 1079, 1503
454, 45307, 6.25425e+007, 1.51151e+007, 7.76576e+007, 2937, 5146.45, 1078, 1503
455, 45407, 6.2091e+007, 1.50059e+007, 7.70969e+007, 2913, 5151.35, 1079, 1504
456, 45507, 6.2918e+007, 1.50916e+007, 7.80096e+007, 2952, 5112.33, 1078, 1505
457, 45607, 6.26121e+007, 1.49468e+007, 7.75589e+007, 2933, 5096.07, 1077, 1505
458, 45707, 6.20924e+007, 1.48697e+007, 7.69621e+007, 2909, 5111.62, 1077, 1503
459, 45807, 6.22513e+007, 1.47319e+007, 7.69832e+007, 2901, 5078.22, 1076, 1503
460, 45907, 6.23811e+007, 1.4803e+007, 7.71841e+007, 2916, 5076.46, 1076, 1503
461, 46007, 6.25704e+007, 1.48768e+007, 7.74472e+007, 2926, 5084.34, 1076, 1504
462, 46107, 6.178e+007, 1.46421e+007, 7.6422e+007, 2883, 5078.76, 1076, 1505
463, 46207, 6.24958e+007, 1.47835e+007, 7.72793e+007, 2921, 5061.12, 1075, 1505
464, 46307, 6.26252e+007, 1.48156e+007, 7.74408e+007, 2928, 5059.99, 1076, 1506
465, 46407, 6.17093e+007, 1.46194e+007, 7.63287e+007, 2884, 5069.15, 1076, 1506
466, 46507, 6.22997e+007, 1.47735e+007, 7.70732e+007, 2914, 5069.84, 1077, 1506
467, 46607, 6.20656e+007, 1.4791e+007, 7.68566e+007, 2908, 5086.31, 1078, 1506
468, 46707, 6.22999e+007, 1.47874e+007, 7.70872e+007, 2918, 5067.64, 1077, 1505
469, 46807, 6.21002e+007, 1.48291e+007, 7.69294e+007, 2907, 5101.19, 1077, 1503
470, 46907, 6.20136e+007, 1.49801e+007, 7.69937e+007, 2916, 5137.21, 1079, 1503
471, 47007, 6.27951e+007, 1.53079e+007, 7.8103e+007, 2959, 5173.34, 1081, 1502
472, 47107, 6.20742e+007, 1.51812e+007, 7.72554e+007, 2929, 5183.06, 1081, 1502
473, 47207, 6.17136e+007, 1.50035e+007, 7.67171e+007, 2903, 5168.26, 1081, 1503
474, 47307, 6.14445e+007, 1.49331e+007, 7.63776e+007, 2886, 5174.32, 1080, 1501
475, 47407, 6.21672e+007, 1.50466e+007, 7.72139e+007, 2919, 5154.72, 1079, 1499
476, 47507, 6.19563e+007, 1.51365e+007, 7.70928e+007, 2918, 5187.28, 1080, 1499
477, 47607, 6.13921e+007, 1.50423e+007, 7.64345e+007, 2889, 5206.76, 1082, 1500
478, 47707, 6.11554e+007, 1.5039e+007, 7.61943e+007, 2878, 5225.49, 1083, 1501
479, 47807, 6.14916e+007, 1.51786e+007, 7.66702e+007, 2904, 5226.81, 1083, 1501
480, 47907, 6.22832e+007, 1.54402e+007, 7.77233e+007, 2948, 5237.51, 1084, 1501
481, 48007, 6.1544e+007, 1.52007e+007, 7.67446e+007, 2900, 5241.6, 1085, 1501
482, 48107, 6.17829e+007, 1.52805e+007, 7.70635e+007, 2920, 5233.05, 1083, 1500
483, 48207, 6.1439e+007, 1.48284e+007, 7.62674e+007, 2881, 5146.96, 1081, 1502
484, 48307, 6.16154e+007, 1.47966e+007, 7.6412e+007, 2891, 5118.18, 1080, 1502
485, 48407, 6.13995e+007, 1.47923e+007, 7.61918e+007, 2876, 5143.37, 1081, 1504
486, 48507, 6.17335e+007, 1.48113e+007, 7.65448e+007, 2898, 5110.88, 1080, 1504
487, 48607, 6.20881e+007, 1.49022e+007, 7.69903e+007, 2916, 5110.49, 1080, 1504
488, 48707, 6.19526e+007, 1.4755e+007, 7.67076e+007, 2904, 5080.92, 1080, 1504
489, 48807, 6.2251e+007, 1.48078e+007, 7.70588e+007, 2922, 5067.69, 1078, 1505
490, 48907, 6.15875e+007, 1.43756e+007, 7.59631e+007, 2871, 5007.17, 1076, 1505
491, 49007, 6.22243e+007, 1.44182e+007, 7.66424e+007, 2902, 4968.35, 1075, 1506
492, 49107, 6.2086e+007, 1.41799e+007, 7.62659e+007, 2887, 4911.64, 1073, 1508
493, 49207, 6.19251e+007, 1.43172e+007, 7.62423e+007, 2885, 4962.62, 1074, 1507
494, 49307, 6.23085e+007, 1.42679e+007, 7.65764e+007, 2902, 4916.59, 1073, 1506
495, 49407, 6.14549e+007, 1.39147e+007, 7.53696e+007, 2852, 4878.92, 1071, 1508
496, 49507, 6.2255e+007, 1.42094e+007, 7.64645e+007, 2901, 4898.12, 1072, 1508
497, 49607, 6.23314e+007, 1.40069e+007, 7.63383e+007, 2892, 4843.32, 1071, 1511
498, 49707, 6.20436e+007, 1.40635e+007, 7.61072e+007, 2881, 4881.48, 1071, 1509
499, 49807, 6.21444e+007, 1.40608e+007, 7.62052e+007, 2888, 4868.72, 1071, 1510
500, 49907, 6.22e+007, 1.39726e+007, 7.61726e+007, 2885, 4843.18, 1070, 1511
501, 50007, 6.22839e+007, 1.42251e+007, 7.6509e+007, 2902, 4901.82, 1074, 1508
502, 50107, 6.20225e+007, 1.42673e+007, 7.62898e+007, 2889, 4938.5, 1074, 1508
503, 50207, 6.15043e+007, 1.41468e+007, 7.5651e+007, 2863, 4941.23, 1076, 1508
504, 50307, 6.16767e+007, 1.42256e+007, 7.59023e+007, 2871, 4954.93, 1077, 1508
505, 50407, 6.18418e+007, 1.43045e+007, 7.61463e+007, 2886, 4956.5, 1077, 1507
506, 50507, 6.2293e+007, 1.43716e+007, 7.66645e+007, 2911, 4936.98, 1074, 1505
507, 50607, 6.20656e+007, 1.42696e+007, 7.63352e+007, 2890, 4937.57, 1075, 1505
508, 50707, 6.1754e+007, 1.43359e+007, 7.60899e+007, 2881, 4976.01, 1076, 1504
509, 50807, 6.20813e+007, 1.42754e+007, 7.63566e+007, 2895, 4931.04, 1075, 1504
510, 50907, 6.15572e+007, 1.40464e+007, 7.56036e+007, 2858, 4914.75, 1074, 1505
511, 51007, 6.20572e+007, 1.42104e+007, 7.62676e+007, 2892, 4913.7, 1073, 1504
512, 51107, 6.17221e+007, 1.4126e+007, 7.58481e+007, 2872, 4918.53, 1074, 1504
513, 51207, 6.15917e+007, 1.40761e+007, 7.56679e+007, 2865, 4913.13, 1074, 1504
514, 51307, 6.13108e+007, 1.41261e+007, 7.54369e+007, 2859, 4940.93, 1076, 1504
515, 51407, 6.14801e+007, 1.43139e+007, 7.5794e+007, 2872, 4983.94, 1077, 1502
516, 51507, 6.12192e+007, 1.42045e+007, 7.54236e+007, 2859, 4968.33, 1076, 1502
517, 51607, 6.14333e+007, 1.43192e+007, 7.57525e+007, 2874, 4982.32, 1076, 1502
518, 51707, 6.14196e+007, 1.41903e+007, 7.56099e+007, 2861, 4959.91, 1077, 1503
519, 51807, 6.08068e+007, 1.41525e+007, 7.49593e+007, 2831, 4999.13, 1078, 1502
520, 51907, 6.15343e+007, 1.44397e+007, 7.5974e+007, 2883, 5008.57, 1077, 1500
521, 52007, 6.12455e+007, 1.4196e+007, 7.54415e+007, 2861, 4961.89, 1076, 1501
522, 52107, 6.13198e+007, 1.43579e+007, 7.56777e+007, 2872, 4999.26, 1078, 1501
523, 52207, 6.14322e+007, 1.43084e+007, 7.57406e+007, 2873, 4980.3, 1077, 1500
524, 52307, 6.12816e+007, 1.42879e+007, 7.55695e+007, 2862, 4992.27, 1078, 1501
525, 52407, 6.11702e+007, 1.42162e+007, 7.53864e+007, 2863, 4965.49, 1078, 1502
526, 52507, 6.18112e+007, 1.44666e+007, 7.62778e+007, 2898, 4991.94, 1079, 1502
527, 52607, 6.13891e+007, 1.43064e+007, 7.56955e+007, 2871, 4983.07, 1079, 1501
528, 52707, 6.11147e+007, 1.44642e+007, 7.55788e+007, 2863, 5052.11, 1080, 1500
529, 52807, 6.1579e+007, 1.46796e+007, 7.62585e+007, 2894, 5072.42, 1081, 1500
530, 52907, 6.06544e+007, 1.46028e+007, 7.52572e+007, 2855, 5114.83, 1084, 1500
531, 53007, 6.10865e+007, 1.45847e+007, 7.56711e+007, 2866, 5088.85, 1082, 1500
532, 53107, 6.10702e+007, 1.45442e+007, 7.56144e+007, 2869, 5069.43, 1081, 1499
533, 53207, 6.08285e+007, 1.4398e+007, 7.52265e+007, 2855, 5043.09, 1080, 1498
534, 53307, 6.00145e+007, 1.42253e+007, 7.42398e+007, 2812, 5058.78, 1082, 1499
535, 53407, 6.04859e+007, 1.43776e+007, 7.48635e+007, 2846, 5051.86, 1083, 1500
536, 53507, 6.00662e+007, 1.40246e+007, 7.40908e+007, 2818, 4976.8, 1081, 1503
537, 53607, 5.99655e+007, 1.39e+007, 7.38654e+007, 2806, 4953.66, 1079, 1503
538, 53707, 6.02978e+007, 1.40384e+007, 7.43362e+007, 2826, 4967.58, 1079, 1502
539, 53807, 5.98289e+007, 1.37679e+007, 7.35968e+007, 2793, 4929.41, 1078, 1501
540, 53907, 5.99439e+007, 1.38248e+007, 7.37687e+007, 2806, 4926.88, 1078, 1501
541, 54007, 6.04571e+007, 1.4128e+007, 7.45852e+007, 2841, 4972.91, 1079, 1500
542, 54107, 6.01873e+007, 1.39936e+007, 7.41809e+007, 2819, 4964.02, 1079, 1499
543, 54207, 5.9747e+007, 1.39714e+007, 7.37183e+007, 2799, 4991.56, 1079, 1497
544, 54317, 6.0117e+007, 1.41637e+007, 7.42808e+007, 2831, 5003.09, 1080, 1498
545, 54407, 6.00992e+007, 1.41109e+007, 7.42101e+007, 2821, 5002.1, 1080, 1499
546, 54507, 5.94798e+007, 1.39249e+007, 7.34047e+007, 2788, 4994.59, 1080, 1498
547, 54607, 6.03129e+007, 1.39386e+007, 7.42514e+007, 2827, 4930.51, 1077, 1498
548, 54707, 5.95252e+007, 1.39417e+007, 7.34669e+007, 2791, 4995.24, 1079, 1497
549, 54807, 5.9732e+007, 1.41771e+007, 7.39092e+007, 2811, 5043.45, 1082, 1497
550, 54907, 5.97872e+007, 1.39615e+007, 7.37488e+007, 2803, 4980.93, 1079, 1497
551, 55007, 5.97919e+007, 1.39616e+007, 7.37535e+007, 2805, 4977.38, 1079, 1497
552, 55107, 5.95734e+007, 1.39416e+007, 7.3515e+007, 2795, 4988.05, 1080, 1499
553, 55207, 5.96517e+007, 1.41364e+007, 7.37881e+007, 2806, 5037.9, 1082, 1499
554, 55307, 6.0073e+007, 1.4038e+007, 7.41109e+007, 2823, 4972.71, 1080, 1500
555, 55407, 5.94273e+007, 1.39249e+007, 7.33522e+007, 2787, 4996.38, 1081, 1499
556, 55507, 5.97461e+007, 1.38089e+007, 7.3555e+007, 2800, 4931.74, 1077, 1497
557, 55607, 6.01377e+007, 1.38716e+007, 7.40094e+007, 2821, 4917.28, 1076, 1494
558, 55707, 6.03149e+007, 1.40709e+007, 7.43859e+007, 2829, 4973.82, 1078, 1494
559, 55807, 6.08431e+007, 1.41807e+007, 7.50237e+007, 2853, 4970.45, 1077, 1494
560, 55907, 6.08334e+007, 1.40988e+007, 7.49322e+007, 2846, 4953.9, 1076, 1494
561, 56007, 6.06884e+007, 1.40694e+007, 7.47578e+007, 2841, 4952.28, 1077, 1494
562, 56107, 6.03634e+007, 1.41014e+007, 7.44648e+007, 2828, 4986.36, 1077, 1493
563, 56207, 5.99807e+007, 1.39138e+007, 7.38945e+007, 2809, 4953.29, 1076, 1494
564, 56307, 6.07597e+007, 1.40696e+007, 7.48294e+007, 2844, 4947.13, 1076, 1492
565, 56407, 6.03359e+007, 1.41698e+007, 7.45058e+007, 2830, 5007.01, 1080, 1496
566, 56507, 6.02248e+007, 1.3987e+007, 7.42117e+007, 2818, 4963.43, 1080, 1501
567, 56607, 6.09153e+007, 1.40076e+007, 7.49229e+007, 2848, 4918.39, 1078, 1501
568, 56707, 6.01626e+007, 1.38893e+007, 7.40518e+007, 2811, 4941.04, 1080, 1501
569, 56807, 6.04909e+007, 1.39808e+007, 7.44717e+007, 2833, 4934.96, 1080, 1502
570, 56907, 6.06393e+007, 1.39997e+007, 7.4639e+007, 2841, 4927.75, 1079, 1502
571, 57007, 6.08003e+007, 1.4062e+007, 7.48623e+007, 2849, 4935.75, 1079, 1501
572, 57107, 6.03963e+007, 1.40729e+007, 7.44692e+007, 2835, 4963.99, 1081, 1500
573, 57207, 6.00413e+007, 1.38949e+007, 7.39362e+007, 2806, 4951.85, 1080, 1501
574, 57307, 6.02137e+007, 1.39374e+007, 7.41511e+007, 2818, 4945.85, 1080, 1502
575, 57407, 6.04698e+007, 1.39068e+007, 7.43766e+007, 2829, 4915.8, 1080, 1504
576, 57507, 5.94402e+007, 1.36783e+007, 7.31185e+007, 2778, 4923.79, 1080, 1504
577, 57607, 5.96696e+007, 1.35282e+007, 7.31978e+007, 2787, 4854.05, 1078, 1504
578, 57707, 5.91617e+007, 1.34881e+007, 7.26498e+007, 2764, 4879.92, 1079, 1505
579, 57807, 5.91354e+007, 1.3437e+007, 7.25725e+007, 2762, 4864.97, 1079, 1506
580, 57907, 6.00554e+007, 1.37874e+007, 7.38428e+007, 2817, 4894.37, 1079, 1505
581, 58007, 5.923e+007, 1.36183e+007, 7.28484e+007, 2775, 4907.51, 1080, 1504
582, 58107, 5.92034e+007, 1.35519e+007, 7.27553e+007, 2769, 4894.14, 1080, 1503
583, 58207, 5.97197e+007, 1.36458e+007, 7.33654e+007, 2795, 4882.21, 1080, 1505
584, 58307, 5.9492e+007, 1.36104e+007, 7.31024e+007, 2784, 4888.79, 1081, 1506
585, 58407, 5.93494e+007, 1.36152e+007, 7.29647e+007, 2776, 4904.62, 1080, 1503
586, 58507, 5.93932e+007, 1.37326e+007, 7.31257e+007, 2790, 4922.07, 1081, 1503
587, 58607, 5.92844e+007, 1.37974e+007, 7.30819e+007, 2787, 4950.63, 1083, 1504
588, 58707, 5.88454e+007, 1.36097e+007, 7.24551e+007, 2758, 4934.61, 1083, 1503
589, 58807, 5.94048e+007, 1.36228e+007, 7.30275e+007, 2783, 4894.99, 1081, 1503
590, 58907, 5.94767e+007, 1.35542e+007, 7.30309e+007, 2783, 4870.35, 1080, 1503
591, 59007, 5.90307e+007, 1.34744e+007, 7.2505e+007, 2764, 4874.95, 1080, 1504
592, 59107, 5.96194e+007, 1.35263e+007, 7.31457e+007, 2790, 4848.13, 1079, 1504
593, 59207, 5.96246e+007, 1.36403e+007, 7.32648e+007, 2798, 4875, 1080, 1505
594, 59307, 5.85583e+007, 1.34565e+007, 7.20148e+007, 2747, 4898.62, 1081, 1503
595, 59407, 5.91438e+007, 1.34744e+007, 7.26182e+007, 2773, 4859.15, 1080, 1503
596, 59507, 5.92348e+007, 1.37087e+007, 7.29434e+007, 2786, 4920.55, 1081, 1503
597, 59607, 5.9097e+007, 1.36313e+007, 7.27283e+007, 2776, 4910.42, 1082, 1503
598, 59707, 5.8084e+007, 1.33508e+007, 7.14348e+007, 2718, 4912, 1082, 1503
599, 59807, 5.90427e+007, 1.35805e+007, 7.26232e+007, 2772, 4899.16, 1081, 1502
600, 59917, 5.87068e+007, 1.34552e+007, 7.2162e+007, 2753, 4887.46, 1081, 1504