2, 100, 1.06642e+008, 5.81705e+007, 1.64812e+008, 5319, 10936.4, 877, 1341
3, 200, 1.06252e+008, 5.71382e+007, 1.6339e+008, 5284, 10813.4, 877, 1341
4, 300, 1.0539e+008, 5.58493e+007, 1.6124e+008, 5209, 10721.7, 877, 1341
5, 400, 1.05394e+008, 5.54747e+007, 1.60868e+008, 5203, 10662.1, 877, 1341
6, 500, 1.04831e+008, 5.45122e+007, 1.59343e+008, 5148, 10589, 877, 1341
7, 600, 1.04287e+008, 5.42418e+007, 1.58529e+008, 5129, 10575.5, 877, 1342
8, 700, 1.0446e+008, 5.38448e+007, 1.58304e+008, 5131, 10494, 877, 1341
9, 800, 1.04184e+008, 5.3411e+007, 1.57595e+008, 5104, 10464.5, 877, 1342
10, 900, 1.03848e+008, 5.26997e+007, 1.56548e+008, 5066, 10402.6, 877, 1341
11, 1000, 1.03765e+008, 5.23909e+007, 1.56155e+008, 5050, 10374.4, 877, 1341
12, 1100, 1.03642e+008, 5.20863e+007, 1.55728e+008, 5037, 10340.7, 877, 1342
13, 1200, 1.03584e+008, 5.20747e+007, 1.55659e+008, 5038, 10336.4, 877, 1342
14, 1300, 1.0391e+008, 5.20796e+007, 1.55989e+008, 5060, 10292.4, 877, 1342
15, 1400, 1.03299e+008, 5.13167e+007, 1.54616e+008, 5008, 10247, 877, 1342
16, 1500, 1.03371e+008, 5.14021e+007, 1.54774e+008, 5015, 10249.7, 877, 1342
17, 1600, 1.03648e+008, 5.12113e+007, 1.54859e+008, 5018, 10205.5, 877, 1342
18, 1700, 1.03608e+008, 5.09468e+007, 1.54554e+008, 5008, 10173.1, 877, 1342
19, 1800, 1.03362e+008, 5.06523e+007, 1.54014e+008, 4987, 10156.9, 877, 1342
20, 1900, 1.02932e+008, 5.0007e+007, 1.52939e+008, 4940, 10122.9, 877, 1342
21, 2000, 1.0332e+008, 5.01199e+007, 1.5344e+008, 4975, 10074.4, 877, 1342
22, 2100, 1.03318e+008, 4.99698e+007, 1.53288e+008, 4967, 10060.4, 877, 1342
23, 2200, 1.0342e+008, 4.98674e+007, 1.53288e+008, 4966, 10041.8, 877, 1342
24, 2300, 1.03103e+008, 4.95745e+007, 1.52677e+008, 4943, 10029.2, 877, 1342
25, 2400, 1.03115e+008, 4.93667e+007, 1.52482e+008, 4940, 9993.27, 877, 1342
26, 2500, 1.02563e+008, 4.89281e+007, 1.51491e+008, 4906, 9973.11, 877, 1342
27, 2600, 1.02701e+008, 4.89242e+007, 1.51626e+008, 4919, 9945.96, 877, 1342
28, 2700, 1.03099e+008, 4.89316e+007, 1.52031e+008, 4932, 9921.26, 877, 1342
29, 2800, 1.02724e+008, 4.85013e+007, 1.51225e+008, 4901, 9896.21, 877, 1342
30, 2900, 1.0252e+008, 4.82186e+007, 1.50739e+008, 4883, 9874.78, 877, 1342
31, 3000, 1.02578e+008, 4.81047e+007, 1.50683e+008, 4884, 9849.45, 877, 1342
32, 3100, 1.02915e+008, 4.81477e+007, 1.51062e+008, 4893, 9840.12, 877, 1342
33, 3200, 1.02325e+008, 4.75031e+007, 1.49828e+008, 4850, 9794.45, 877, 1342
34, 3300, 1.03151e+008, 4.79065e+007, 1.51057e+008, 4898, 9780.83, 877, 1342
35, 3400, 1.02881e+008, 4.7523e+007, 1.50404e+008, 4873, 9752.32, 877, 1342
36, 3500, 1.02533e+008, 4.71993e+007, 1.49732e+008, 4852, 9727.79, 877, 1342
37, 3600, 1.02578e+008, 4.71529e+007, 1.49731e+008, 4849, 9724.25, 877, 1342
38, 3700, 1.02588e+008, 4.70676e+007, 1.49656e+008, 4851, 9702.66, 877, 1342
39, 3800, 1.02277e+008, 4.65315e+007, 1.48809e+008, 4819, 9655.85, 877, 1342
40, 3900, 1.02386e+008, 4.65763e+007, 1.48962e+008, 4828, 9647.12, 877, 1342
41, 4000, 1.02251e+008, 4.6328e+007, 1.48579e+008, 4808, 9635.6, 877, 1342
42, 4100, 1.0241e+008, 4.65213e+007, 1.48931e+008, 4835, 9621.78, 877, 1342
43, 4200, 1.02443e+008, 4.60111e+007, 1.48454e+008, 4815, 9555.78, 877, 1342
44, 4300, 1.02486e+008, 4.60121e+007, 1.48498e+008, 4812, 9561.96, 877, 1342
45, 4400, 1.02369e+008, 4.58597e+007, 1.48229e+008, 4804, 9546.16, 877, 1342
46, 4500, 1.02626e+008, 4.58197e+007, 1.48446e+008, 4815, 9516.04, 877, 1342
47, 4600, 1.0263e+008, 4.57348e+007, 1.48364e+008, 4809, 9510.25, 877, 1342
48, 4700, 1.0262e+008, 4.55886e+007, 1.48208e+008, 4811, 9475.91, 877, 1342
49, 4800, 1.02886e+008, 4.55525e+007, 1.48439e+008, 4813, 9464.47, 877, 1342
50, 4900, 1.02102e+008, 4.50207e+007, 1.47123e+008, 4763, 9452.18, 877, 1342
51, 5000, 1.02781e+008, 4.52729e+007, 1.48054e+008, 4803, 9425.97, 877, 1342
52, 5100, 1.02305e+008, 4.4813e+007, 1.47118e+008, 4766, 9402.65, 877, 1342
53, 5200, 1.02896e+008, 4.50011e+007, 1.47897e+008, 4794, 9386.97, 877, 1342
54, 5300, 1.02222e+008, 4.45352e+007, 1.46757e+008, 4751, 9373.87, 877, 1342
55, 5400, 1.02411e+008, 4.46859e+007, 1.47097e+008, 4762, 9383.85, 877, 1343
56, 5500, 1.02667e+008, 4.46044e+007, 1.47271e+008, 4771, 9349.06, 877, 1342
57, 5600, 1.02653e+008, 4.46803e+007, 1.47333e+008, 4780, 9347.33, 877, 1343
58, 5700, 1.02279e+008, 4.40643e+007, 1.46344e+008, 4738, 9300.18, 877, 1342
59, 5800, 1.02507e+008, 4.41953e+007, 1.46703e+008, 4755, 9294.5, 877, 1342
60, 5900, 1.02599e+008, 4.40996e+007, 1.46699e+008, 4747, 9289.98, 877, 1342
61, 6000, 1.02712e+008, 4.41318e+007, 1.46844e+008, 4757, 9277.24, 877, 1343
62, 6100, 1.02612e+008, 4.38615e+007, 1.46473e+008, 4745, 9243.73, 877, 1342
63, 6200, 1.02937e+008, 4.39321e+007, 1.46869e+008, 4762, 9225.56, 877, 1342
64, 6300, 1.02681e+008, 4.37383e+007, 1.46419e+008, 4743, 9221.64, 877, 1343
65, 6400, 1.02435e+008, 4.36487e+007, 1.46083e+008, 4735, 9218.32, 877, 1343
66, 6500, 1.02512e+008, 4.34749e+007, 1.45986e+008, 4731, 9189.36, 877, 1342
67, 6600, 1.02633e+008, 4.35841e+007, 1.46217e+008, 4741, 9193.01, 877, 1343
68, 6700, 1.01847e+008, 4.29837e+007, 1.44831e+008, 4685, 9174.75, 877, 1343
69, 6800, 1.02207e+008, 4.29849e+007, 1.45192e+008, 4702, 9141.83, 877, 1343
70, 6900, 1.02435e+008, 4.30289e+007, 1.45463e+008, 4714, 9127.9, 877, 1343
71, 7000, 1.02122e+008, 4.26074e+007, 1.44729e+008, 4687, 9090.54, 877, 1343
72, 7100, 1.0206e+008, 4.25568e+007, 1.44617e+008, 4683, 9087.5, 877, 1343
73, 7200, 1.02352e+008, 4.29022e+007, 1.45254e+008, 4714, 9101.02, 877, 1343
74, 7300, 1.02033e+008, 4.24938e+007, 1.44526e+008, 4686, 9068.24, 877, 1343
75, 7400, 1.02068e+008, 4.24259e+007, 1.44494e+008, 4685, 9055.69, 877, 1343
76, 7500, 1.02284e+008, 4.24585e+007, 1.44742e+008, 4695, 9043.35, 877, 1343
77, 7600, 1.01654e+008, 4.20123e+007, 1.43667e+008, 4654, 9027.13, 877, 1343
78, 7710, 1.02316e+008, 4.21626e+007, 1.44479e+008, 4685, 8999.5, 877, 1343
79, 7800, 1.01732e+008, 4.1799e+007, 1.43531e+008, 4649, 8990.97, 877, 1343
80, 7900, 1.01611e+008, 4.1675e+007, 1.43286e+008, 4645, 8972.01, 877, 1343
81, 8010, 1.01797e+008, 4.17529e+007, 1.4355e+008, 4665, 8950.25, 877, 1343
82, 8100, 1.01826e+008, 4.15994e+007, 1.43426e+008, 4650, 8946.11, 877, 1343
83, 8200, 1.02082e+008, 4.18529e+007, 1.43935e+008, 4674, 8954.41, 877, 1343
84, 8300, 1.0207e+008, 4.13949e+007, 1.43465e+008, 4651, 8900.21, 877, 1343
85, 8400, 1.01926e+008, 4.14024e+007, 1.43328e+008, 4652, 8899.92, 877, 1343
86, 8500, 1.01825e+008, 4.11301e+007, 1.42955e+008, 4634, 8875.71, 877, 1343
87, 8600, 1.01897e+008, 4.1197e+007, 1.43094e+008, 4639, 8880.58, 877, 1343
88, 8700, 1.01649e+008, 4.09529e+007, 1.42602e+008, 4624, 8856.6, 877, 1343
89, 8800, 1.01679e+008, 4.09657e+007, 1.42644e+008, 4632, 8844.07, 877, 1343
90, 8900, 1.02095e+008, 4.10524e+007, 1.43147e+008, 4650, 8828.48, 877, 1343
91, 9000, 1.01678e+008, 4.09003e+007, 1.42578e+008, 4627, 8839.48, 877, 1343
92, 9100, 1.01846e+008, 4.08136e+007, 1.4266e+008, 4627, 8820.75, 877, 1343
93, 9200, 1.01945e+008, 4.07653e+007, 1.4271e+008, 4631, 8802.7, 877, 1343
94, 9300, 1.01568e+008, 4.05342e+007, 1.42102e+008, 4608, 8796.49, 877, 1343
95, 9400, 1.01626e+008, 4.04396e+007, 1.42065e+008, 4602, 8787.41, 877, 1343
96, 9500, 1.01901e+008, 4.05517e+007, 1.42453e+008, 4618, 8781.24, 877, 1343
97, 9600, 1.01544e+008, 4.00628e+007, 1.41607e+008, 4593, 8722.57, 877, 1343
98, 9710, 1.01754e+008, 4.02692e+007, 1.42023e+008, 4612, 8731.39, 877, 1343
99, 9800, 1.0139e+008, 4.01259e+007, 1.41516e+008, 4590, 8742.03, 877, 1343
100, 9900, 1.01585e+008, 4.00458e+007, 1.41631e+008, 4598, 8709.4, 877, 1343
101, 10000, 1.01165e+008, 3.9784e+007, 1.40949e+008, 4573, 8699.76, 877, 1343
102, 10100, 1.0154e+008, 3.98418e+007, 1.41381e+008, 4585, 8689.61, 877, 1343
103, 10210, 1.01497e+008, 3.97503e+007, 1.41248e+008, 4587, 8665.85, 877, 1343
104, 10310, 1.01316e+008, 3.95923e+007, 1.40908e+008, 4565, 8673, 877, 1343
105, 10410, 1.01697e+008, 3.9843e+007, 1.4154e+008, 4598, 8665.28, 877, 1343
106, 10510, 1.0133e+008, 3.95797e+007, 1.40909e+008, 4573, 8655.08, 877, 1343
107, 10610, 1.01324e+008, 3.93863e+007, 1.40711e+008, 4565, 8627.9, 877, 1343
108, 10710, 1.01208e+008, 3.91168e+007, 1.40325e+008, 4544, 8608.46, 877, 1343
109, 10810, 1.01004e+008, 3.92838e+007, 1.40288e+008, 4556, 8622.43, 877, 1343
110, 10910, 1.01309e+008, 3.91287e+007, 1.40438e+008, 4558, 8584.62, 877, 1343
111, 11010, 1.01251e+008, 3.91588e+007, 1.4041e+008, 4556, 8594.99, 877, 1343
112, 11110, 1.01568e+008, 3.92194e+007, 1.40787e+008, 4572, 8578.18, 877, 1343
113, 11210, 1.0163e+008, 3.91404e+007, 1.40771e+008, 4572, 8560.89, 877, 1343
114, 11310, 1.01441e+008, 3.89527e+007, 1.40394e+008, 4557, 8547.89, 877, 1343
115, 11410, 1.00689e+008, 3.86988e+007, 1.39388e+008, 4518, 8565.47, 877, 1343
116, 11510, 1.01419e+008, 3.88235e+007, 1.40243e+008, 4555, 8523.26, 877, 1343
117, 11610, 1.0137e+008, 3.87805e+007, 1.4015e+008, 4554, 8515.7, 877, 1343
118, 11710, 1.0097e+008, 3.86411e+007, 1.39611e+008, 4538, 8515.01, 877, 1343
119, 11810, 1.01383e+008, 3.86558e+007, 1.40038e+008, 4552, 8492.05, 878, 1343
120, 11910, 1.00926e+008, 3.83991e+007, 1.39325e+008, 4520, 8495.37, 877, 1343
121, 12010, 1.00862e+008, 3.84214e+007, 1.39283e+008, 4518, 8504.08, 877, 1343
122, 12110, 1.01131e+008, 3.85046e+007, 1.39635e+008, 4539, 8483.05, 877, 1343
123, 12210, 1.01507e+008, 3.86128e+007, 1.4012e+008, 4563, 8462.16, 877, 1343
124, 12310, 1.01209e+008, 3.83559e+007, 1.39565e+008, 4533, 8461.49, 877, 1343
125, 12410, 1.01027e+008, 3.79902e+007, 1.39017e+008, 4520, 8404.91, 878, 1343
126, 12510, 1.0116e+008, 3.81624e+007, 1.39323e+008, 4526, 8431.82, 877, 1343
127, 12610, 1.0137e+008, 3.81286e+007, 1.39498e+008, 4530, 8416.91, 877, 1343
128, 12710, 1.01259e+008, 3.78581e+007, 1.39117e+008, 4521, 8373.82, 877, 1343
129, 12810, 1.01519e+008, 3.80214e+007, 1.39541e+008, 4536, 8382.14, 877, 1343
130, 12910, 1.0103e+008, 3.78584e+007, 1.38889e+008, 4515, 8385.03, 877, 1343
131, 13010, 1.00714e+008, 3.77511e+007, 1.38465e+008, 4506, 8377.96, 877, 1343
132, 13110, 1.01034e+008, 3.75853e+007, 1.38619e+008, 4504, 8344.87, 878, 1343
133, 13210, 1.00955e+008, 3.76271e+007, 1.38582e+008, 4508, 8346.74, 878, 1343
134, 13310, 1.00995e+008, 3.75826e+007, 1.38577e+008, 4516, 8322.09, 878, 1343
135, 13410, 1.00708e+008, 3.73971e+007, 1.38105e+008, 4492, 8325.27, 878, 1343
136, 13510, 1.00751e+008, 3.74537e+007, 1.38205e+008, 4499, 8324.9, 877, 1343
137, 13610, 1.00743e+008, 3.72829e+007, 1.38026e+008, 4491, 8301.7, 877, 1343
138, 13710, 1.00588e+008, 3.7147e+007, 1.37735e+008, 4480, 8291.74, 878, 1343
139, 13810, 1.00265e+008, 3.70568e+007, 1.37322e+008, 4462, 8304.97, 877, 1343
140, 13910, 1.00346e+008, 3.69334e+007, 1.37279e+008, 4465, 8271.77, 878, 1343
141, 14010, 1.00478e+008, 3.71259e+007, 1.37603e+008, 4483, 8281.49, 877, 1343
142, 14110, 1.00603e+008, 3.71053e+007, 1.37709e+008, 4486, 8271.35, 877, 1343
143, 14210, 1.00435e+008, 3.69251e+007, 1.3736e+008, 4474, 8253.25, 878, 1343
144, 14310, 1.00705e+008, 3.70218e+007, 1.37727e+008, 4490, 8245.39, 877, 1343
145, 14410, 1.00217e+008, 3.67783e+007, 1.36995e+008, 4464, 8238.88, 877, 1343
146, 14510, 1.00418e+008, 3.65105e+007, 1.36929e+008, 4450, 8204.61, 878, 1343
147, 14610, 1.00123e+008, 3.64678e+007, 1.36591e+008, 4442, 8209.78, 877, 1343
148, 14710, 1.00073e+008, 3.64334e+007, 1.36507e+008, 4443, 8200.18, 877, 1343
149, 14810, 1.00293e+008, 3.63669e+007, 1.3666e+008, 4445, 8181.53, 878, 1343
150, 14910, 9.99808e+007, 3.64377e+007, 1.36419e+008, 4438, 8210.39, 877, 1343
151, 15010, 9.99711e+007, 3.6398e+007, 1.36369e+008, 4445, 8188.54, 878, 1343
152, 15110, 9.97844e+007, 3.62514e+007, 1.36036e+008, 4428, 8186.87, 877, 1343
153, 15210, 9.98632e+007, 3.60635e+007, 1.35927e+008, 4425, 8149.95, 878, 1343
154, 15310, 1.0009e+008, 3.60967e+007, 1.36187e+008, 4432, 8144.55, 877, 1343
155, 15410, 9.93275e+007, 3.59235e+007, 1.35251e+008, 4404, 8157.03, 877, 1343
156, 15510, 9.95034e+007, 3.5799e+007, 1.35302e+008, 4403, 8130.59, 877, 1343
157, 15610, 9.96713e+007, 3.60655e+007, 1.35737e+008, 4426, 8148.55, 877, 1343
158, 15710, 1.00222e+008, 3.60002e+007, 1.36222e+008, 4446, 8097.2, 878, 1343
159, 15810, 9.98864e+007, 3.59332e+007, 1.3582e+008, 4433, 8105.84, 878, 1343
160, 15910, 1.00374e+008, 3.60956e+007, 1.36469e+008, 4454, 8104.08, 877, 1343
161, 16010, 9.97364e+007, 3.58163e+007, 1.35553e+008, 4420, 8103.23, 877, 1343
162, 16110, 9.99841e+007, 3.57806e+007, 1.35765e+008, 4428, 8080.52, 878, 1343
163, 16210, 9.97811e+007, 3.56863e+007, 1.35467e+008, 4419, 8075.65, 877, 1343
164, 16310, 9.97206e+007, 3.55195e+007, 1.3524e+008, 4415, 8045.19, 877, 1343
165, 16410, 9.96841e+007, 3.55747e+007, 1.35259e+008, 4412, 8063.17, 877, 1343
166, 16510, 9.92906e+007, 3.54644e+007, 1.34755e+008, 4397, 8065.59, 877, 1343
167, 16610, 9.91862e+007, 3.52816e+007, 1.34468e+008, 4385, 8045.98, 877, 1343
168, 16710, 9.94188e+007, 3.52237e+007, 1.34643e+008, 4394, 8016.31, 877, 1343
169, 16811, 9.93007e+007, 3.5119e+007, 1.3442e+008, 4380, 8018.05, 877, 1343
170, 16911, 9.91411e+007, 3.50316e+007, 1.34173e+008, 4378, 8001.73, 877, 1343
171, 17011, 9.96331e+007, 3.52108e+007, 1.34844e+008, 4397, 8007.91, 877, 1343
172, 17111, 9.94896e+007, 3.52433e+007, 1.34733e+008, 4398, 8013.49, 877, 1343
173, 17211, 9.92891e+007, 3.49338e+007, 1.34223e+008, 4381, 7973.93, 878, 1343
174, 17311, 9.97374e+007, 3.51537e+007, 1.34891e+008, 4405, 7980.41, 878, 1343
175, 17411, 9.94743e+007, 3.50965e+007, 1.34571e+008, 4393, 7989.2, 877, 1343
176, 17511, 9.91656e+007, 3.47268e+007, 1.33892e+008, 4369, 7948.47, 877, 1343
177, 17611, 9.90876e+007, 3.47196e+007, 1.33807e+008, 4365, 7954.1, 877, 1343
178, 17711, 9.94555e+007, 3.47268e+007, 1.34182e+008, 4377, 7933.94, 878, 1343
179, 17811, 9.91612e+007, 3.46328e+007, 1.33794e+008, 4366, 7932.39, 877, 1343
180, 17911, 9.85645e+007, 3.45017e+007, 1.33066e+008, 4337, 7955.21, 877, 1343
181, 18011, 9.8912e+007, 3.45665e+007, 1.33478e+008, 4357, 7933.54, 877, 1343
182, 18111, 9.90535e+007, 3.44407e+007, 1.33494e+008, 4358, 7902.87, 878, 1343
183, 18211, 9.87883e+007, 3.44797e+007, 1.33268e+008, 4350, 7926.37, 878, 1344
184, 18311, 9.90622e+007, 3.46185e+007, 1.33681e+008, 4371, 7920.05, 877, 1343
185, 18411, 9.89746e+007, 3.42486e+007, 1.33223e+008, 4353, 7867.83, 878, 1343
186, 18511, 9.88178e+007, 3.44241e+007, 1.33242e+008, 4351, 7911.77, 877, 1343
187, 18611, 9.89702e+007, 3.43861e+007, 1.33356e+008, 4360, 7886.72, 877, 1343
188, 18711, 9.88657e+007, 3.42246e+007, 1.3309e+008, 4356, 7856.88, 878, 1343
189, 18811, 9.83176e+007, 3.39255e+007, 1.32243e+008, 4314, 7864.04, 878, 1343
190, 18911, 9.86827e+007, 3.39369e+007, 1.3262e+008, 4331, 7835.8, 878, 1343
191, 19011, 9.88346e+007, 3.41787e+007, 1.33013e+008, 4352, 7853.55, 878, 1344
192, 19111, 9.87201e+007, 3.37686e+007, 1.32489e+008, 4329, 7800.56, 878, 1343
193, 19211, 9.84485e+007, 3.37258e+007, 1.32174e+008, 4319, 7808.71, 878, 1343
194, 19311, 9.83107e+007, 3.37576e+007, 1.32068e+008, 4324, 7807.03, 878, 1343
195, 19411, 9.85797e+007, 3.37593e+007, 1.32339e+008, 4330, 7796.61, 878, 1343
196, 19511, 9.80914e+007, 3.36238e+007, 1.31715e+008, 4307, 7806.79, 877, 1343
197, 19611, 9.76866e+007, 3.34947e+007, 1.31181e+008, 4293, 7802.16, 877, 1343
198, 19711, 9.79368e+007, 3.35472e+007, 1.31484e+008, 4302, 7798.04, 877, 1343
199, 19811, 9.82073e+007, 3.34979e+007, 1.31705e+008, 4309, 7773.95, 877, 1343
200, 19911, 9.7771e+007, 3.34877e+007, 1.31259e+008, 4297, 7793.27, 877, 1343
201, 20011, 9.81706e+007, 3.34852e+007, 1.31656e+008, 4311, 7767.4, 877, 1343
202, 20111, 9.78914e+007, 3.34892e+007, 1.31381e+008, 4307, 7775.52, 877, 1343
203, 20211, 9.8277e+007, 3.34466e+007, 1.31724e+008, 4314, 7753.05, 878, 1343
204, 20311, 9.80376e+007, 3.32934e+007, 1.31331e+008, 4301, 7740.84, 878, 1343
205, 20411, 9.80003e+007, 3.33917e+007, 1.31392e+008, 4308, 7751.08, 878, 1344
206, 20511, 9.80478e+007, 3.33309e+007, 1.31379e+008, 4312, 7729.81, 877, 1343
207, 20611, 9.75012e+007, 3.30861e+007, 1.30587e+008, 4276, 7737.64, 877, 1344
208, 20711, 9.75406e+007, 3.30364e+007, 1.30577e+008, 4275, 7727.8, 877, 1344
209, 20811, 9.74753e+007, 3.30383e+007, 1.30514e+008, 4284, 7712.03, 878, 1344
210, 20911, 9.73498e+007, 3.27608e+007, 1.30111e+008, 4260, 7690.33, 878, 1344
211, 21011, 9.75107e+007, 3.28649e+007, 1.30376e+008, 4278, 7682.31, 878, 1344
212, 21111, 9.741e+007, 3.2916e+007, 1.30326e+008, 4281, 7688.87, 878, 1344
213, 21211, 9.76248e+007, 3.2889e+007, 1.30514e+008, 4280, 7684.36, 878, 1344
214, 21311, 9.72599e+007, 3.26591e+007, 1.29919e+008, 4261, 7664.66, 878, 1344
215, 21411, 9.71989e+007, 3.26257e+007, 1.29825e+008, 4255, 7667.61, 878, 1344
216, 21511, 9.75072e+007, 3.26878e+007, 1.30195e+008, 4270, 7655.23, 878, 1344
217, 21611, 9.69542e+007, 3.24044e+007, 1.29359e+008, 4238, 7646.15, 878, 1344
218, 21711, 9.72459e+007, 3.25573e+007, 1.29803e+008, 4257, 7647.95, 878, 1344
219, 21811, 9.65391e+007, 3.22444e+007, 1.28784e+008, 4214, 7651.74, 877, 1344
220, 21911, 9.70054e+007, 3.24793e+007, 1.29485e+008, 4253, 7636.79, 878, 1344
221, 22011, 9.67091e+007, 3.21082e+007, 1.28817e+008, 4224, 7601.36, 878, 1344
222, 22111, 9.68181e+007, 3.23072e+007, 1.29125e+008, 4239, 7621.42, 878, 1344
223, 22211, 9.6444e+007, 3.21905e+007, 1.28635e+008, 4219, 7629.9, 877, 1344
224, 22311, 9.68347e+007, 3.22859e+007, 1.29121e+008, 4241, 7612.81, 877, 1344
225, 22411, 9.65622e+007, 3.19946e+007, 1.28557e+008, 4212, 7596.06, 878, 1344
226, 22511, 9.67104e+007, 3.19722e+007, 1.28683e+008, 4219, 7578.15, 878, 1344
227, 22611, 9.67889e+007, 3.21298e+007, 1.28919e+008, 4233, 7590.31, 878, 1344
228, 22711, 9.67281e+007, 3.20553e+007, 1.28783e+008, 4230, 7578.08, 878, 1344
229, 22811, 9.65425e+007, 3.20694e+007, 1.28612e+008, 4221, 7597.59, 877, 1344
230, 22911, 9.63731e+007, 3.18806e+007, 1.28254e+008, 4214, 7565.39, 878, 1344
231, 23011, 9.64159e+007, 3.19716e+007, 1.28388e+008, 4221, 7574.41, 877, 1344
232, 23111, 9.67087e+007, 3.17266e+007, 1.28435e+008, 4213, 7530.65, 877, 1343
233, 23211, 9.65663e+007, 3.17942e+007, 1.2836e+008, 4215, 7543.11, 877, 1343
234, 23311, 9.62874e+007, 3.17368e+007, 1.28024e+008, 4208, 7542.01, 877, 1344
235, 23411, 9.59033e+007, 3.15862e+007, 1.27489e+008, 4182, 7552.88, 877, 1344
236, 23511, 9.65831e+007, 3.17456e+007, 1.28329e+008, 4224, 7515.52, 877, 1343
237, 23611, 9.61253e+007, 3.15586e+007, 1.27684e+008, 4195, 7522.92, 878, 1344
238, 23711, 9.57498e+007, 3.14912e+007, 1.27241e+008, 4174, 7544.62, 877, 1344
239, 23811, 9.61561e+007, 3.15047e+007, 1.27661e+008, 4200, 7501.11, 878, 1343
240, 23911, 9.62052e+007, 3.15228e+007, 1.27728e+008, 4203, 7500.06, 877, 1343
241, 24011, 9.6091e+007, 3.14702e+007, 1.27561e+008, 4190, 7510.79, 877, 1343
242, 26401, 9.56233e+007, 3.12156e+007, 1.26839e+008, 4162, 7500.15, 877, 1343
243, 26421, 9.408e+007, 3.35703e+007, 1.2765e+008, 4195, 8002.46, 878, 1388
244, 26441, 9.60248e+007, 3.16256e+007, 1.2765e+008, 4195, 7538.87, 877, 1347
245, 26461, 9.62251e+007, 3.14087e+007, 1.27634e+008, 4198, 7481.84, 877, 1343
246, 26481, 9.58333e+007, 3.11922e+007, 1.27025e+008, 4174, 7472.97, 877, 1343
247, 26511, 9.59561e+007, 3.11926e+007, 1.27149e+008, 4177, 7467.72, 877, 1343
248, 26531, 9.57905e+007, 3.11665e+007, 1.26957e+008, 4180, 7456.11, 877, 1343
249, 26551, 9.55265e+007, 3.12222e+007, 1.26749e+008, 4171, 7485.55, 877, 1343
250, 26571, 9.57944e+007, 3.10141e+007, 1.26808e+008, 4170, 7437.43, 877, 1343
251, 26591, 9.61607e+007, 3.11743e+007, 1.27335e+008, 4188, 7443.71, 877, 1343
252, 26621, 9.5443e+007, 3.09077e+007, 1.26351e+008, 4152, 7444.04, 877, 1343
253, 26641, 9.56164e+007, 3.10502e+007, 1.26667e+008, 4169, 7447.89, 877, 1343
254, 26661, 9.55491e+007, 3.09372e+007, 1.26486e+008, 4160, 7436.82, 877, 1343
255, 26681, 9.57976e+007, 3.09673e+007, 1.26765e+008, 4170, 7426.21, 877, 1343
256, 26711, 9.57722e+007, 3.09859e+007, 1.26758e+008, 4173, 7425.33, 877, 1343
257, 26731, 9.5407e+007, 3.08321e+007, 1.26239e+008, 4156, 7418.69, 877, 1343
258, 26752, 9.51957e+007, 3.06623e+007, 1.25858e+008, 4142, 7402.77, 877, 1343
259, 26772, 9.48079e+007, 3.02625e+007, 1.2507e+008, 4125, 7336.37, 877, 1343
260, 26792, 9.45913e+007, 3.01755e+007, 1.24767e+008, 4108, 7345.55, 877, 1343
261, 26812, 9.53332e+007, 3.05054e+007, 1.25839e+008, 4153, 7345.39, 877, 1343
262, 26912, 9.45542e+007, 3.02296e+007, 1.24784e+008, 4119, 7339.07, 877, 1343
263, 27012, 9.47407e+007, 3.0268e+007, 1.25009e+008, 4126, 7335.93, 877, 1343
264, 27112, 9.45984e+007, 3.00865e+007, 1.24685e+008, 4112, 7316.75, 877, 1343
265, 27212, 9.46445e+007, 3.00633e+007, 1.24708e+008, 4111, 7312.9, 877, 1343
266, 27312, 9.41936e+007, 2.98911e+007, 1.24085e+008, 4092, 7304.77, 877, 1343
267, 27412, 9.51384e+007, 3.01937e+007, 1.25332e+008, 4141, 7291.4, 877, 1343
268, 27512, 9.39235e+007, 2.97291e+007, 1.23653e+008, 4069, 7306.24, 877, 1343
269, 27612, 9.47616e+007, 3.00384e+007, 1.248e+008, 4121, 7289.1, 877, 1343
270, 27712, 9.45197e+007, 2.98283e+007, 1.24348e+008, 4100, 7275.19, 877, 1343
271, 27812, 9.43856e+007, 2.98699e+007, 1.24255e+008, 4095, 7294.23, 877, 1343
272, 27912, 9.45237e+007, 2.98722e+007, 1.24396e+008, 4105, 7277.02, 877, 1343
273, 28012, 9.43547e+007, 2.96403e+007, 1.23995e+008, 4083, 7259.44, 877, 1343
274, 28112, 9.4769e+007, 2.99891e+007, 1.24758e+008, 4124, 7271.86, 877, 1343
275, 28212, 9.47017e+007, 2.99911e+007, 1.24693e+008, 4120, 7279.4, 877, 1343
276, 28312, 9.41981e+007, 2.9602e+007, 1.238e+008, 4080, 7255.38, 877, 1343
277, 28412, 9.36217e+007, 2.94372e+007, 1.23059e+008, 4053, 7263.06, 877, 1343
278, 28512, 9.41596e+007, 2.97054e+007, 1.23865e+008, 4093, 7257.61, 877, 1343
279, 28612, 9.42024e+007, 2.96516e+007, 1.23854e+008, 4086, 7256.87, 877, 1343
280, 28712, 9.41351e+007, 2.96417e+007, 1.23777e+008, 4088, 7250.91, 877, 1343
281, 28812, 9.4154e+007, 2.95477e+007, 1.23702e+008, 4086, 7231.44, 877, 1343
282, 28912, 9.42025e+007, 2.95561e+007, 1.23759e+008, 4088, 7229.95, 877, 1343
283, 29012, 9.43248e+007, 2.96033e+007, 1.23928e+008, 4092, 7234.43, 877, 1343
284, 29112, 9.438e+007, 2.9479e+007, 1.23859e+008, 4091, 7205.81, 877, 1343
285, 29212, 9.40056e+007, 2.94531e+007, 1.23459e+008, 4077, 7224.21, 877, 1343
286, 29312, 9.40857e+007, 2.94538e+007, 1.23539e+008, 4083, 7213.77, 877, 1343
287, 29412, 9.38626e+007, 2.93601e+007, 1.23223e+008, 4073, 7208.46, 877, 1343
288, 29512, 9.39049e+007, 2.93646e+007, 1.23269e+008, 4068, 7218.43, 877, 1343
289, 29612, 9.38491e+007, 2.93532e+007, 1.23202e+008, 4073, 7206.78, 877, 1343
290, 29712, 9.37056e+007, 2.92164e+007, 1.22922e+008, 4064, 7189.08, 877, 1343
291, 29812, 9.38792e+007, 2.91618e+007, 1.23041e+008, 4061, 7180.95, 877, 1343
292, 29912, 9.34453e+007, 2.90346e+007, 1.2248e+008, 4039, 7188.56, 877, 1343
293, 30012, 9.32913e+007, 2.89242e+007, 1.22216e+008, 4032, 7173.67, 877, 1343
294, 30112, 9.39513e+007, 2.91948e+007, 1.23146e+008, 4067, 7178.47, 877, 1343
295, 30212, 9.35342e+007, 2.89964e+007, 1.22531e+008, 4045, 7168.45, 877, 1343
296, 30312, 9.34217e+007, 2.89576e+007, 1.22379e+008, 4039, 7169.5, 877, 1343
297, 30412, 9.33621e+007, 2.89608e+007, 1.22323e+008, 4039, 7170.3, 877, 1343
298, 30512, 9.37612e+007, 2.90284e+007, 1.2279e+008, 4063, 7144.58, 877, 1343
299, 30612, 9.30758e+007, 2.87555e+007, 1.21831e+008, 4022, 7149.56, 877, 1343
300, 30712, 9.29752e+007, 2.88007e+007, 1.21776e+008, 4020, 7164.36, 877, 1343
301, 30812, 9.33416e+007, 2.89079e+007, 1.2225e+008, 4045, 7146.58, 877, 1343
302, 30912, 9.29945e+007, 2.868e+007, 1.21674e+008, 4018, 7137.87, 877, 1343
303, 31012, 9.32424e+007, 2.88129e+007, 1.22055e+008, 4039, 7133.67, 877, 1343
304, 31110, 9.32152e+007, 2.86865e+007, 1.21902e+008, 4024, 7128.86, 877, 1343
305, 31211, 9.33163e+007, 2.87978e+007, 1.22114e+008, 4046, 7117.61, 877, 1343
306, 31311, 9.34115e+007, 2.8793e+007, 1.22204e+008, 4047, 7114.65, 877, 1343
307, 31411, 9.31482e+007, 2.86081e+007, 1.21756e+008, 4029, 7100.54, 877, 1343
308, 31511, 9.2961e+007, 2.85396e+007, 1.21501e+008, 4022, 7095.87, 877, 1343
309, 31611, 9.29736e+007, 2.84643e+007, 1.21438e+008, 4013, 7093.02, 877, 1343
310, 31711, 9.26798e+007, 2.84546e+007, 1.21134e+008, 4004, 7106.54, 877, 1343
311, 31811, 9.26489e+007, 2.84877e+007, 1.21137e+008, 4012, 7100.63, 877, 1343
312, 31911, 9.27256e+007, 2.84204e+007, 1.21146e+008, 4011, 7085.62, 877, 1343
313, 32011, 9.24825e+007, 2.82756e+007, 1.20758e+008, 3991, 7084.83, 877, 1343
314, 32111, 9.31172e+007, 2.85087e+007, 1.21626e+008, 4030, 7074.11, 877, 1343
315, 32211, 9.27695e+007, 2.85026e+007, 1.21272e+008, 4018, 7093.72, 877, 1343
316, 32311, 9.24169e+007, 2.82368e+007, 1.20654e+008, 3992, 7073.35, 877, 1343
317, 32411, 9.25884e+007, 2.82621e+007, 1.20851e+008, 4002, 7061.99, 877, 1343
318, 32511, 9.2599e+007, 2.8319e+007, 1.20918e+008, 4007, 7067.38, 877, 1343
319, 32611, 9.2579e+007, 2.82587e+007, 1.20838e+008, 4006, 7054.09, 877, 1343
320, 32711, 9.21905e+007, 2.82069e+007, 1.20397e+008, 3994, 7062.33, 877, 1343
321, 32811, 9.23354e+007, 2.81512e+007, 1.20487e+008, 3991, 7053.68, 877, 1343
322, 32911, 9.21156e+007, 2.79671e+007, 1.20083e+008, 3978, 7030.44, 877, 1343
323, 33011, 9.24018e+007, 2.80935e+007, 1.20495e+008, 3992, 7037.44, 877, 1343
324, 33111, 9.22008e+007, 2.80152e+007, 1.20216e+008, 3985, 7030.16, 877, 1343
325, 33211, 9.26067e+007, 2.81384e+007, 1.20745e+008, 4008, 7020.56, 877, 1343
326, 33311, 9.25156e+007, 2.80811e+007, 1.20597e+008, 4002, 7016.77, 877, 1343
327, 33411, 9.17435e+007, 2.78727e+007, 1.19616e+008, 3967, 7026.14, 877, 1343
328, 33511, 9.16625e+007, 2.77313e+007, 1.19394e+008, 3951, 7018.82, 877, 1343
329, 33611, 9.15376e+007, 2.76901e+007, 1.19228e+008, 3950, 7010.14, 877, 1343
330, 33711, 9.19811e+007, 2.78388e+007, 1.1982e+008, 3973, 7006.99, 877, 1343
331, 33811, 9.15517e+007, 2.76979e+007, 1.1925e+008, 3953, 7006.81, 877, 1343
332, 33911, 9.17163e+007, 2.76299e+007, 1.19346e+008, 3954, 6987.83, 877, 1343
333, 34011, 9.17086e+007, 2.75655e+007, 1.19274e+008, 3959, 6962.74, 877, 1343
334, 34111, 9.14162e+007, 2.75235e+007, 1.1894e+008, 3942, 6982.12, 877, 1343
335, 34211, 9.12644e+007, 2.74858e+007, 1.1875e+008, 3936, 6983.18, 877, 1343
336, 34311, 9.17999e+007, 2.76747e+007, 1.19475e+008, 3969, 6972.72, 877, 1343
337, 34411, 9.16937e+007, 2.76578e+007, 1.19352e+008, 3965, 6975.49, 877, 1343
338, 34511, 9.11566e+007, 2.7357e+007, 1.18514e+008, 3930, 6961.07, 877, 1343
339, 34611, 9.13338e+007, 2.74267e+007, 1.18761e+008, 3942, 6957.55, 877, 1343
340, 34711, 9.09342e+007, 2.72442e+007, 1.18178e+008, 3923, 6944.74, 877, 1343
341, 34811, 9.13884e+007, 2.7628e+007, 1.19016e+008, 3959, 6978.52, 877, 1343
342, 34911, 9.10555e+007, 2.72734e+007, 1.18329e+008, 3928, 6943.32, 877, 1343
343, 35011, 9.10738e+007, 2.72516e+007, 1.18325e+008, 3931, 6932.49, 877, 1343
344, 35111, 9.08524e+007, 2.7279e+007, 1.18131e+008, 3931, 6939.46, 877, 1343
345, 35211, 9.06605e+007, 2.71321e+007, 1.17793e+008, 3910, 6939.16, 877, 1343
346, 35311, 9.10557e+007, 2.72626e+007, 1.18318e+008, 3937, 6924.71, 877, 1343
347, 35411, 9.04433e+007, 2.7081e+007, 1.17524e+008, 3906, 6933.18, 877, 1343
348, 35511, 9.07784e+007, 2.7162e+007, 1.1794e+008, 3926, 6918.5, 877, 1343
349, 35611, 9.07802e+007, 2.71039e+007, 1.17884e+008, 3917, 6919.55, 877, 1343
350, 35711, 9.10511e+007, 2.71145e+007, 1.18166e+008, 3932, 6895.85, 877, 1343
351, 35811, 9.04534e+007, 2.69382e+007, 1.17392e+008, 3905, 6898.39, 877, 1343
352, 35911, 9.03894e+007, 2.69771e+007, 1.17367e+008, 3907, 6904.82, 877, 1343
353, 36011, 9.04644e+007, 2.69562e+007, 1.17421e+008, 3902, 6908.31, 877, 1343
354, 36111, 9.0417e+007, 2.68659e+007, 1.17283e+008, 3905, 6879.86, 877, 1343
355, 36211, 8.94615e+007, 2.65542e+007, 1.16016e+008, 3863, 6873.99, 877, 1343
356, 36311, 8.99111e+007, 2.66558e+007, 1.16567e+008, 3878, 6873.59, 877, 1343
357, 36411, 9.01127e+007, 2.67462e+007, 1.16859e+008, 3891, 6873.85, 877, 1343
358, 36511, 9.03218e+007, 2.68699e+007, 1.17192e+008, 3904, 6882.65, 877, 1343
359, 36611, 9.00627e+007, 2.66825e+007, 1.16745e+008, 3881, 6875.16, 877, 1343
360, 36711, 8.98346e+007, 2.66173e+007, 1.16452e+008, 3883, 6854.84, 877, 1343
361, 36811, 8.95708e+007, 2.64383e+007, 1.16009e+008, 3870, 6831.6, 877, 1343
362, 36911, 8.9511e+007, 2.64328e+007, 1.15944e+008, 3863, 6842.55, 877, 1343
363, 37011, 8.93691e+007, 2.63022e+007, 1.15671e+008, 3853, 6826.42, 877, 1343
364, 37111, 8.9754e+007, 2.65039e+007, 1.16258e+008, 3870, 6848.56, 877, 1343
365, 37211, 8.92858e+007, 2.6357e+007, 1.15643e+008, 3854, 6838.87, 877, 1343
366, 37311, 8.96814e+007, 2.64208e+007, 1.16102e+008, 3859, 6846.54, 877, 1343
367, 37411, 8.97202e+007, 2.64147e+007, 1.16135e+008, 3861, 6841.42, 877, 1343
368, 37511, 9.00261e+007, 2.65565e+007, 1.16583e+008, 3885, 6835.65, 877, 1343
369, 37611, 9.00683e+007, 2.65113e+007, 1.1658e+008, 3888, 6818.75, 877, 1343
370, 37711, 8.9794e+007, 2.64912e+007, 1.16285e+008, 3878, 6831.14, 877, 1343
371, 37811, 8.97897e+007, 2.64284e+007, 1.16218e+008, 3873, 6823.75, 877, 1343
372, 37911, 9.01152e+007, 2.64344e+007, 1.1655e+008, 3890, 6795.47, 877, 1343
373, 38011, 8.97776e+007, 2.641e+007, 1.16188e+008, 3874, 6817.24, 877, 1343
374, 38111, 8.9627e+007, 2.62719e+007, 1.15899e+008, 3858, 6809.71, 877, 1343
375, 38211, 8.94361e+007, 2.61041e+007, 1.1554e+008, 3841, 6796.18, 877, 1343
376, 38311, 8.95952e+007, 2.62756e+007, 1.15871e+008, 3863, 6801.87, 877, 1343
377, 38411, 8.97422e+007, 2.63206e+007, 1.16063e+008, 3870, 6801.18, 877, 1343
378, 38511, 8.99647e+007, 2.63514e+007, 1.16316e+008, 3880, 6791.61, 877, 1343
379, 38611, 8.97055e+007, 2.61658e+007, 1.15871e+008, 3863, 6773.44, 877, 1343
380, 38711, 8.97271e+007, 2.62718e+007, 1.15999e+008, 3868, 6792.08, 877, 1343
381, 38811, 8.95793e+007, 2.61363e+007, 1.15716e+008, 3855, 6779.84, 877, 1343
382, 38911, 8.94498e+007, 2.61042e+007, 1.15554e+008, 3854, 6773.29, 877, 1343
383, 39011, 8.9423e+007, 2.62049e+007, 1.15628e+008, 3859, 6790.58, 877, 1343
384, 39111, 8.94074e+007, 2.60266e+007, 1.15434e+008, 3846, 6767.18, 877, 1343
385, 39211, 8.93233e+007, 2.60714e+007, 1.15395e+008, 3841, 6787.66, 877, 1343
386, 39311, 8.93773e+007, 2.60916e+007, 1.15469e+008, 3849, 6778.79, 877, 1343
387, 39411, 8.94616e+007, 2.60958e+007, 1.15557e+008, 3855, 6769.35, 877, 1343
388, 39511, 8.97867e+007, 2.63024e+007, 1.16089e+008, 3877, 6784.23, 877, 1343
389, 39611, 8.99367e+007, 2.61033e+007, 1.1604e+008, 3874, 6738.07, 877, 1342
390, 39711, 8.9582e+007, 2.61054e+007, 1.15687e+008, 3863, 6757.8, 877, 1343
391, 39811, 8.9216e+007, 2.59049e+007, 1.15121e+008, 3839, 6747.83, 877, 1343
392, 39911, 8.89688e+007, 2.58845e+007, 1.14853e+008, 3836, 6747.78, 877, 1343
393, 40011, 8.95708e+007, 2.60174e+007, 1.15588e+008, 3857, 6745.5, 877, 1343
394, 40111, 8.92277e+007, 2.58791e+007, 1.15107e+008, 3840, 6739.35, 877, 1343
395, 40211, 8.93872e+007, 2.5931e+007, 1.15318e+008, 3847, 6740.58, 877, 1343
396, 40311, 8.93493e+007, 2.58198e+007, 1.15169e+008, 3840, 6723.9, 877, 1343
397, 40411, 8.91834e+007, 2.57976e+007, 1.14981e+008, 3838, 6721.63, 877, 1343
398, 40511, 8.92217e+007, 2.58633e+007, 1.15085e+008, 3845, 6726.48, 877, 1343
399, 40611, 8.90583e+007, 2.58329e+007, 1.14891e+008, 3834, 6737.83, 877, 1343
400, 40711, 8.98826e+007, 2.60206e+007, 1.15903e+008, 3876, 6713.27, 877, 1343
401, 40811, 8.92926e+007, 2.58735e+007, 1.15166e+008, 3847, 6725.64, 877, 1343
402, 40911, 8.91344e+007, 2.57434e+007, 1.14878e+008, 3833, 6716.27, 877, 1343
403, 41011, 8.92435e+007, 2.57378e+007, 1.14981e+008, 3841, 6700.82, 877, 1343
404, 41111, 8.87951e+007, 2.56201e+007, 1.14415e+008, 3824, 6699.81, 877, 1343
405, 41207, 8.88655e+007, 2.55431e+007, 1.14409e+008, 3823, 6681.42, 877, 1343
406, 41307, 8.8709e+007, 2.55182e+007, 1.14227e+008, 3814, 6690.67, 877, 1342
407, 41407, 8.93027e+007, 2.58918e+007, 1.15195e+008, 3858, 6711.2, 877, 1343
408, 41517, 8.94924e+007, 2.5745e+007, 1.15237e+008, 3859, 6671.43, 877, 1342
409, 41607, 8.87589e+007, 2.56016e+007, 1.14361e+008, 3821, 6700.24, 877, 1343
410, 41707, 8.88045e+007, 2.54728e+007, 1.14277e+008, 3816, 6675.26, 877, 1343
411, 41807, 8.91914e+007, 2.55372e+007, 1.14729e+008, 3837, 6655.52, 877, 1342
412, 41907, 8.85711e+007, 2.53828e+007, 1.13954e+008, 3800, 6679.68, 877, 1343
413, 42007, 8.85456e+007, 2.54463e+007, 1.13992e+008, 3812, 6675.33, 877, 1343
414, 42107, 8.84658e+007, 2.53711e+007, 1.13837e+008, 3802, 6673.1, 877, 1343
415, 42207, 8.8825e+007, 2.53811e+007, 1.14206e+008, 3819, 6646.02, 877, 1343
416, 42307, 8.86086e+007, 2.52009e+007, 1.13809e+008, 3803, 6626.59, 877, 1342
417, 42407, 8.82112e+007, 2.51512e+007, 1.13362e+008, 3786, 6643.21, 877, 1342
418, 42507, 8.85363e+007, 2.54202e+007, 1.13957e+008, 3818, 6657.99, 877, 1343
419, 42607, 8.83405e+007, 2.5299e+007, 1.13639e+008, 3801, 6655.89, 877, 1343
420, 42707, 8.84586e+007, 2.52866e+007, 1.13745e+008, 3805, 6645.62, 877, 1343
421, 42807, 8.84868e+007, 2.53817e+007, 1.13869e+008, 3809, 6663.61, 877, 1343
422, 42907, 8.83724e+007, 2.53159e+007, 1.13688e+008, 3807, 6649.84, 877, 1343
423, 43007, 8.82843e+007, 2.52698e+007, 1.13554e+008, 3800, 6649.94, 877, 1343
424, 43107, 8.81848e+007, 2.51462e+007, 1.13331e+008, 3791, 6633.14, 877, 1342
425, 43207, 8.81191e+007, 2.5137e+007, 1.13256e+008, 3792, 6628.95, 877, 1343
426, 43307, 8.82848e+007, 2.5132e+007, 1.13417e+008, 3798, 6617.17, 877, 1342
427, 43407, 8.83881e+007, 2.514e+007, 1.13528e+008, 3804, 6608.84, 877, 1342
428, 43507, 8.83479e+007, 2.51943e+007, 1.13542e+008, 3806, 6619.62, 877, 1342
429, 43607, 8.84806e+007, 2.51228e+007, 1.13603e+008, 3805, 6602.59, 877, 1342
430, 43707, 8.78934e+007, 2.48842e+007, 1.12778e+008, 3772, 6597.08, 877, 1342
431, 43807, 8.78006e+007, 2.49189e+007, 1.12719e+008, 3778, 6595.79, 877, 1342
432, 43907, 8.82843e+007, 2.49764e+007, 1.13261e+008, 3795, 6581.39, 877, 1342
433, 44007, 8.81129e+007, 2.49491e+007, 1.13062e+008, 3785, 6591.56, 877, 1342
434, 44107, 8.82027e+007, 2.49709e+007, 1.13174e+008, 3796, 6578.21, 877, 1342
435, 44207, 8.7588e+007, 2.48469e+007, 1.12435e+008, 3766, 6597.69, 877, 1342
436, 44307, 8.79029e+007, 2.49362e+007, 1.12839e+008, 3780, 6596.88, 877, 1343
437, 44407, 8.78541e+007, 2.48569e+007, 1.12711e+008, 3778, 6579.37, 877, 1342
438, 44507, 8.80097e+007, 2.49735e+007, 1.12983e+008, 3792, 6585.84, 877, 1342
439, 44607, 8.83197e+007, 2.50336e+007, 1.13353e+008, 3805, 6579.13, 877, 1342
440, 44707, 8.80888e+007, 2.48914e+007, 1.1298e+008, 3794, 6560.72, 877, 1342
441, 44807, 8.73718e+007, 2.46358e+007, 1.12008e+008, 3755, 6560.79, 877, 1342
442, 44907, 8.71054e+007, 2.44853e+007, 1.11591e+008, 3737, 6552.13, 877, 1342
443, 45017, 8.69961e+007, 2.44766e+007, 1.11473e+008, 3733, 6556.83, 877, 1342
444, 45107, 8.70166e+007, 2.45331e+007, 1.1155e+008, 3743, 6554.4, 877, 1342
445, 45207, 8.71542e+007, 2.45015e+007, 1.11656e+008, 3744, 6544.21, 877, 1342
446, 45307, 8.73839e+007, 2.4558e+007, 1.11942e+008, 3761, 6529.65, 877, 1342
447, 45407, 8.71682e+007, 2.45191e+007, 1.11687e+008, 3744, 6548.91, 877, 1342
448, 45507, 8.71515e+007, 2.44322e+007, 1.11584e+008, 3741, 6530.91, 877, 1342
449, 45607, 8.6915e+007, 2.45201e+007, 1.11435e+008, 3741, 6554.42, 877, 1343
450, 45707, 8.72656e+007, 2.44983e+007, 1.11764e+008, 3751, 6531.14, 877, 1342
451, 45807, 8.67505e+007, 2.43341e+007, 1.11085e+008, 3721, 6539.68, 877, 1342
452, 45907, 8.71359e+007, 2.42806e+007, 1.11417e+008, 3737, 6497.35, 877, 1342
453, 46007, 8.65754e+007, 2.42343e+007, 1.1081e+008, 3712, 6528.65, 877, 1342
454, 46107, 8.70611e+007, 2.43436e+007, 1.11405e+008, 3734, 6519.45, 877, 1342
455, 46207, 8.68202e+007, 2.42796e+007, 1.111e+008, 3731, 6507.52, 877, 1342
456, 46308, 8.70222e+007, 2.43317e+007, 1.11354e+008, 3737, 6511.03, 877, 1342
457, 46408, 8.66203e+007, 2.42098e+007, 1.1083e+008, 3722, 6504.5, 877, 1342
458, 46508, 8.68719e+007, 2.43028e+007, 1.11175e+008, 3735, 6506.77, 877, 1342
459, 46608, 8.67323e+007, 2.43299e+007, 1.11062e+008, 3730, 6522.76, 877, 1342
460, 46708, 8.67496e+007, 2.41852e+007, 1.10935e+008, 3722, 6497.9, 877, 1342
461, 46808, 8.66852e+007, 2.41827e+007, 1.10868e+008, 3725, 6491.99, 877, 1342
462, 46908, 8.67415e+007, 2.41624e+007, 1.10904e+008, 3724, 6488.3, 877, 1342
463, 47018, 8.66864e+007, 2.40402e+007, 1.10727e+008, 3710, 6479.83, 877, 1342
464, 47118, 8.67341e+007, 2.41143e+007, 1.10848e+008, 3726, 6471.89, 877, 1342
465, 47218, 8.6262e+007, 2.38622e+007, 1.10124e+008, 3697, 6454.47, 877, 1342
466, 47308, 8.64705e+007, 2.40588e+007, 1.10529e+008, 3717, 6472.64, 877, 1342
467, 47408, 8.66037e+007, 2.40044e+007, 1.10608e+008, 3716, 6459.74, 877, 1342
468, 47508, 8.63308e+007, 2.39449e+007, 1.10276e+008, 3704, 6464.61, 877, 1342
469, 47618, 8.65039e+007, 2.40205e+007, 1.10524e+008, 3720, 6457.14, 877, 1342
470, 47708, 8.6486e+007, 2.40055e+007, 1.10492e+008, 3710, 6470.5, 877, 1342
471, 47808, 8.61299e+007, 2.38441e+007, 1.09974e+008, 3699, 6446.09, 877, 1342
472, 47908, 8.63657e+007, 2.39134e+007, 1.10279e+008, 3711, 6443.91, 877, 1342
473, 48018, 8.64879e+007, 2.40195e+007, 1.10507e+008, 3718, 6460.34, 877, 1342
474, 48118, 8.64141e+007, 2.38577e+007, 1.10272e+008, 3705, 6439.32, 877, 1342
475, 48218, 8.62812e+007, 2.38642e+007, 1.10145e+008, 3702, 6446.3, 877, 1342
476, 48318, 8.6204e+007, 2.39201e+007, 1.10124e+008, 3704, 6457.91, 877, 1342
477, 48418, 8.63342e+007, 2.39331e+007, 1.10267e+008, 3706, 6457.94, 877, 1342
478, 48518, 8.63534e+007, 2.38872e+007, 1.10241e+008, 3707, 6443.8, 877, 1342
479, 48618, 8.66495e+007, 2.39836e+007, 1.10633e+008, 3729, 6431.63, 877, 1342
480, 48718, 8.62413e+007, 2.38551e+007, 1.10096e+008, 3706, 6436.89, 877, 1342
481, 48818, 8.60042e+007, 2.36916e+007, 1.09696e+008, 3689, 6422.24, 877, 1342
482, 48918, 8.61249e+007, 2.37531e+007, 1.09878e+008, 3695, 6428.45, 877, 1342
483, 49018, 8.605e+007, 2.37497e+007, 1.098e+008, 3695, 6427.52, 877, 1342
484, 49118, 8.61494e+007, 2.37287e+007, 1.09878e+008, 3697, 6418.38, 877, 1342
485, 49218, 8.61932e+007, 2.37596e+007, 1.09953e+008, 3699, 6423.25, 877, 1342
486, 49318, 8.62458e+007, 2.37216e+007, 1.09967e+008, 3704, 6404.32, 877, 1342
487, 49418, 8.63701e+007, 2.38649e+007, 1.10235e+008, 3718, 6418.75, 877, 1342
488, 49518, 8.61341e+007, 2.37279e+007, 1.09862e+008, 3703, 6407.76, 877, 1342
489, 49618, 8.57536e+007, 2.35665e+007, 1.0932e+008, 3683, 6398.72, 877, 1342
490, 49718, 8.58509e+007, 2.35678e+007, 1.09419e+008, 3687, 6392.14, 877, 1342
491, 49818, 8.58186e+007, 2.35911e+007, 1.0941e+008, 3686, 6400.2, 877, 1342
492, 49918, 8.55958e+007, 2.35547e+007, 1.09151e+008, 3682, 6397.26, 877, 1342
493, 50018, 8.57936e+007, 2.36425e+007, 1.09436e+008, 3689, 6408.92, 877, 1342
494, 50118, 8.53569e+007, 2.33429e+007, 1.087e+008, 3660, 6377.83, 877, 1342
495, 50218, 8.56973e+007, 2.3514e+007, 1.09211e+008, 3680, 6389.68, 877, 1342
496, 50318, 8.53256e+007, 2.33229e+007, 1.08648e+008, 3662, 6368.89, 877, 1342
497, 50418, 8.57146e+007, 2.33515e+007, 1.09066e+008, 3668, 6366.27, 877, 1342
498, 50518, 8.53236e+007, 2.33892e+007, 1.08713e+008, 3664, 6383.52, 877, 1342
499, 50618, 8.5357e+007, 2.33753e+007, 1.08732e+008, 3663, 6381.47, 877, 1342
500, 50718, 8.52046e+007, 2.32872e+007, 1.08492e+008, 3655, 6371.34, 877, 1342
501, 50818, 8.56381e+007, 2.34347e+007, 1.09073e+008, 3678, 6371.6, 877, 1342
502, 50918, 8.52326e+007, 2.32676e+007, 1.085e+008, 3652, 6371.18, 877, 1342
503, 51018, 8.52061e+007, 2.32755e+007, 1.08482e+008, 3652, 6373.35, 877, 1342
504, 51118, 8.51663e+007, 2.32837e+007, 1.0845e+008, 3657, 6366.89, 877, 1342
505, 51217, 8.55344e+007, 2.3374e+007, 1.08908e+008, 3674, 6362, 877, 1342
506, 51317, 8.52983e+007, 2.33264e+007, 1.08625e+008, 3670, 6355.98, 877, 1342
507, 51417, 8.49709e+007, 2.3171e+007, 1.08142e+008, 3648, 6351.71, 877, 1342
508, 51517, 8.50578e+007, 2.31924e+007, 1.0825e+008, 3650, 6354.07, 877, 1342
509, 51617, 8.5333e+007, 2.3238e+007, 1.08571e+008, 3663, 6343.98, 877, 1342
510, 51717, 8.53187e+007, 2.32451e+007, 1.08564e+008, 3665, 6342.44, 877, 1342
511, 51817, 8.47969e+007, 2.31309e+007, 1.07928e+008, 3643, 6349.42, 877, 1342
512, 51917, 8.48175e+007, 2.30773e+007, 1.07895e+008, 3640, 6339.91, 877, 1342
513, 52017, 8.47118e+007, 2.30424e+007, 1.07754e+008, 3633, 6342.53, 877, 1342
514, 52117, 8.50469e+007, 2.31651e+007, 1.08212e+008, 3656, 6336.18, 877, 1342
515, 52217, 8.46537e+007, 2.30025e+007, 1.07656e+008, 3631, 6335.03, 877, 1342
516, 52317, 8.49633e+007, 2.30897e+007, 1.08053e+008, 3650, 6325.94, 877, 1342
517, 52417, 8.52711e+007, 2.3184e+007, 1.08455e+008, 3671, 6315.43, 877, 1342
518, 52517, 8.43429e+007, 2.28412e+007, 1.07184e+008, 3612, 6323.7, 877, 1342
519, 52617, 8.4964e+007, 2.30713e+007, 1.08035e+008, 3649, 6322.64, 877, 1342
520, 52717, 8.46649e+007, 2.29722e+007, 1.07637e+008, 3635, 6319.73, 877, 1342
521, 52817, 8.44908e+007, 2.28927e+007, 1.07384e+008, 3630, 6306.53, 877, 1342
522, 52917, 8.47423e+007, 2.28779e+007, 1.0762e+008, 3632, 6298.98, 877, 1342
523, 53017, 8.42279e+007, 2.27724e+007, 1.07e+008, 3610, 6308.15, 877, 1342
524, 53117, 8.41577e+007, 2.27259e+007, 1.06884e+008, 3609, 6297.01, 877, 1342
525, 53217, 8.44761e+007, 2.28391e+007, 1.07315e+008, 3627, 6296.96, 877, 1342
526, 53317, 8.46376e+007, 2.29043e+007, 1.07542e+008, 3639, 6294.11, 877, 1342
527, 53417, 8.43514e+007, 2.28489e+007, 1.072e+008, 3627, 6299.66, 877, 1342
528, 53517, 8.45766e+007, 2.29235e+007, 1.075e+008, 3637, 6302.87, 877, 1342
529, 53617, 8.42687e+007, 2.27095e+007, 1.06978e+008, 3615, 6282.01, 877, 1342
530, 53717, 8.41197e+007, 2.26508e+007, 1.0677e+008, 3610, 6274.46, 877, 1342
531, 53817, 8.4285e+007, 2.27272e+007, 1.07012e+008, 3617, 6283.43, 877, 1342
532, 53917, 8.40056e+007, 2.2551e+007, 1.06557e+008, 3601, 6262.42, 877, 1342
533, 54017, 8.41757e+007, 2.27252e+007, 1.06901e+008, 3614, 6288.11, 877, 1342
534, 54117, 8.41991e+007, 2.26382e+007, 1.06837e+008, 3610, 6270.96, 877, 1342
535, 54217, 8.41852e+007, 2.26257e+007, 1.06811e+008, 3608, 6270.98, 877, 1342
536, 54317, 8.43392e+007, 2.26985e+007, 1.07038e+008, 3627, 6258.19, 877, 1342
537, 54417, 8.4131e+007, 2.25401e+007, 1.06671e+008, 3606, 6250.71, 877, 1341
538, 54517, 8.40903e+007, 2.26167e+007, 1.06707e+008, 3612, 6261.55, 877, 1342
539, 54617, 8.39705e+007, 2.25077e+007, 1.06478e+008, 3603, 6246.94, 877, 1342
540, 54717, 8.39693e+007, 2.26456e+007, 1.06615e+008, 3610, 6273.02, 877, 1342
541, 54817, 8.38442e+007, 2.25136e+007, 1.06358e+008, 3600, 6253.78, 877, 1342
542, 54917, 8.34172e+007, 2.23406e+007, 1.05758e+008, 3573, 6252.61, 877, 1342
543, 55017, 8.38458e+007, 2.24217e+007, 1.06267e+008, 3593, 6240.37, 877, 1341
544, 55117, 8.38443e+007, 2.25519e+007, 1.06396e+008, 3602, 6260.94, 877, 1342
545, 55217, 8.3553e+007, 2.23402e+007, 1.05893e+008, 3585, 6231.57, 877, 1342
546, 55317, 8.39507e+007, 2.25008e+007, 1.06452e+008, 3607, 6238.1, 877, 1342
547, 55417, 8.38637e+007, 2.24161e+007, 1.0628e+008, 3601, 6224.96, 877, 1341
548, 55517, 8.37289e+007, 2.22457e+007, 1.05975e+008, 3584, 6206.94, 877, 1341
549, 55617, 8.38289e+007, 2.2441e+007, 1.0627e+008, 3600, 6233.6, 877, 1341
550, 55717, 8.32806e+007, 2.22751e+007, 1.05556e+008, 3575, 6230.79, 877, 1342
551, 55817, 8.36536e+007, 2.23116e+007, 1.05965e+008, 3591, 6213.19, 877, 1341
552, 55917, 8.36545e+007, 2.23181e+007, 1.05973e+008, 3591, 6215.02, 877, 1342
553, 56017, 8.33035e+007, 2.22257e+007, 1.05529e+008, 3572, 6222.2, 877, 1342
554, 56117, 8.32356e+007, 2.21469e+007, 1.05382e+008, 3567, 6208.82, 877, 1342
555, 56217, 8.38348e+007, 2.23458e+007, 1.06181e+008, 3601, 6205.44, 877, 1341
556, 56317, 8.34568e+007, 2.21312e+007, 1.05588e+008, 3577, 6187.09, 877, 1341
557, 56417, 8.34368e+007, 2.21311e+007, 1.05568e+008, 3580, 6181.87, 877, 1341
558, 56517, 8.3298e+007, 2.21705e+007, 1.05469e+008, 3577, 6198.08, 877, 1342
559, 56617, 8.29583e+007, 2.19737e+007, 1.04932e+008, 3551, 6188.04, 877, 1342
560, 56717, 8.31744e+007, 2.20947e+007, 1.05269e+008, 3569, 6190.71, 877, 1341
561, 56817, 8.3458e+007, 2.22086e+007, 1.05667e+008, 3586, 6193.13, 876, 1341
562, 56917, 8.25204e+007, 2.1929e+007, 1.04449e+008, 3532, 6208.65, 877, 1342
563, 57017, 8.32673e+007, 2.2126e+007, 1.05393e+008, 3578, 6183.89, 877, 1341
564, 57117, 8.33581e+007, 2.21063e+007, 1.05464e+008, 3578, 6178.4, 877, 1341
565, 57217, 8.30588e+007, 2.20637e+007, 1.05122e+008, 3567, 6185.5, 877, 1341
566, 57317, 8.3078e+007, 2.2015e+007, 1.05093e+008, 3561, 6182.26, 877, 1341
567, 57417, 8.29873e+007, 2.19274e+007, 1.04915e+008, 3559, 6161.1, 877, 1341
568, 57517, 8.27691e+007, 2.18898e+007, 1.04659e+008, 3546, 6173.11, 877, 1341
569, 57617, 8.24537e+007, 2.18292e+007, 1.04283e+008, 3540, 6166.43, 877, 1341
570, 57717, 8.25206e+007, 2.18294e+007, 1.0435e+008, 3539, 6168.24, 876, 1341
571, 57817, 8.24731e+007, 2.17227e+007, 1.04196e+008, 3534, 6146.78, 877, 1341
572, 57917, 8.29347e+007, 2.19318e+007, 1.04867e+008, 3559, 6162.35, 877, 1341
573, 58017, 8.2646e+007, 2.18048e+007, 1.04451e+008, 3544, 6152.59, 877, 1341
574, 58117, 8.27813e+007, 2.18546e+007, 1.04636e+008, 3552, 6152.76, 877, 1341
575, 58217, 8.26384e+007, 2.17224e+007, 1.04361e+008, 3543, 6131.07, 877, 1341
576, 58317, 8.22295e+007, 2.17069e+007, 1.03936e+008, 3525, 6157.99, 877, 1341
577, 58417, 8.27244e+007, 2.17904e+007, 1.04515e+008, 3549, 6139.86, 877, 1341
578, 58517, 8.25568e+007, 2.17998e+007, 1.04357e+008, 3548, 6144.24, 877, 1341
579, 58617, 8.29938e+007, 2.18849e+007, 1.04879e+008, 3565, 6138.83, 877, 1341
580, 58717, 8.26884e+007, 2.18928e+007, 1.04581e+008, 3556, 6156.58, 876, 1342
581, 58817, 8.21794e+007, 2.16403e+007, 1.0382e+008, 3527, 6135.62, 877, 1341
582, 58917, 8.21709e+007, 2.15256e+007, 1.03696e+008, 3519, 6116.95, 877, 1341
583, 59017, 8.15525e+007, 2.13275e+007, 1.0288e+008, 3486, 6118.04, 877, 1341
584, 59117, 8.23255e+007, 2.17715e+007, 1.04097e+008, 3541, 6148.41, 876, 1342
585, 59217, 8.22638e+007, 2.16026e+007, 1.03866e+008, 3534, 6112.8, 877, 1341
586, 59317, 8.25191e+007, 2.17377e+007, 1.04257e+008, 3552, 6119.84, 877, 1341
587, 59417, 8.16792e+007, 2.13969e+007, 1.03076e+008, 3498, 6116.89, 877, 1341
588, 59517, 8.20134e+007, 2.14742e+007, 1.03488e+008, 3517, 6105.83, 877, 1341
589, 59617, 8.19168e+007, 2.14634e+007, 1.0338e+008, 3514, 6107.97, 877, 1341
590, 59717, 8.17533e+007, 2.13707e+007, 1.03124e+008, 3500, 6105.93, 877, 1341
591, 59817, 8.15152e+007, 2.13748e+007, 1.0289e+008, 3498, 6110.58, 877, 1341
592, 59917, 8.14537e+007, 2.13211e+007, 1.02775e+008, 3497, 6096.96, 876, 1341
593, 60017, 8.18098e+007, 2.13854e+007, 1.03195e+008, 3516, 6082.31, 877, 1341
594, 60117, 8.13809e+007, 2.12048e+007, 1.02586e+008, 3485, 6084.6, 877, 1341
595, 60217, 8.14004e+007, 2.13333e+007, 1.02734e+008, 3495, 6103.95, 877, 1341
596, 60317, 8.15303e+007, 2.12447e+007, 1.02775e+008, 3497, 6075.14, 877, 1341
597, 60417, 8.1707e+007, 2.13651e+007, 1.03072e+008, 3509, 6088.65, 877, 1341
598, 60517, 8.16142e+007, 2.13207e+007, 1.02935e+008, 3507, 6079.48, 877, 1341
599, 60617, 8.1498e+007, 2.12622e+007, 1.0276e+008, 3498, 6078.39, 877, 1341
600, 60717, 8.14867e+007, 2.12995e+007, 1.02786e+008, 3496, 6092.54, 876, 1341