2, 100, 5.80384e+007, 1.52479e+007, 7.32863e+007, 2109, 7229.9, 940, 1513
3, 200, 5.786e+007, 1.51246e+007, 7.29846e+007, 2108, 7174.85, 940, 1513
4, 300, 5.71372e+007, 1.48511e+007, 7.19884e+007, 2076, 7153.71, 940, 1513
5, 400, 5.71825e+007, 1.48217e+007, 7.20042e+007, 2083, 7115.56, 940, 1513
6, 500, 5.71598e+007, 1.47675e+007, 7.19273e+007, 2080, 7099.74, 940, 1513
7, 600, 5.7069e+007, 1.46762e+007, 7.17452e+007, 2072, 7083.11, 940, 1513
8, 700, 5.70607e+007, 1.4668e+007, 7.17287e+007, 2074, 7072.34, 940, 1513
9, 800, 5.70844e+007, 1.46124e+007, 7.16968e+007, 2073, 7048.93, 940, 1513
10, 900, 5.70068e+007, 1.45109e+007, 7.15177e+007, 2063, 7033.88, 940, 1513
11, 1000, 5.70307e+007, 1.45054e+007, 7.15361e+007, 2068, 7014.23, 940, 1513
12, 1100, 5.72641e+007, 1.44575e+007, 7.17216e+007, 2069, 6987.68, 940, 1513
13, 1200, 5.82725e+007, 1.47482e+007, 7.30207e+007, 2110, 6989.69, 941, 1514
14, 1300, 5.69453e+007, 1.42983e+007, 7.12435e+007, 2051, 6971.36, 940, 1513
15, 1400, 5.69985e+007, 1.43405e+007, 7.1339e+007, 2056, 6974.97, 940, 1513
16, 1500, 5.71075e+007, 1.43502e+007, 7.14576e+007, 2057, 6976.26, 940, 1513
17, 1600, 5.75004e+007, 1.44109e+007, 7.19113e+007, 2074, 6948.35, 940, 1513
18, 1700, 5.7595e+007, 1.4496e+007, 7.2091e+007, 2084, 6955.87, 940, 1513
19, 1800, 5.75241e+007, 1.43864e+007, 7.19105e+007, 2072, 6943.24, 940, 1513
20, 1900, 5.6995e+007, 1.41916e+007, 7.11866e+007, 2046, 6936.27, 940, 1513
21, 2000, 5.74466e+007, 1.43638e+007, 7.18104e+007, 2072, 6932.35, 940, 1513
22, 2100, 5.74613e+007, 1.43266e+007, 7.17879e+007, 2071, 6917.74, 940, 1513
23, 2200, 5.76287e+007, 1.43164e+007, 7.19451e+007, 2071, 6912.8, 940, 1513
24, 2293, 5.74007e+007, 1.42614e+007, 7.16621e+007, 2064, 6909.6, 940, 1513
25, 2393, 5.75226e+007, 1.42876e+007, 7.18102e+007, 2071, 6898.91, 940, 1513
26, 2503, 5.73616e+007, 1.41467e+007, 7.15082e+007, 2054, 6887.37, 940, 1513
27, 2593, 5.75413e+007, 1.41784e+007, 7.17197e+007, 2061, 6879.36, 940, 1513
28, 2703, 5.76922e+007, 1.42238e+007, 7.1916e+007, 2068, 6878.03, 940, 1513
29, 2803, 5.77798e+007, 1.42508e+007, 7.20306e+007, 2072, 6877.81, 940, 1513
30, 2903, 5.79611e+007, 1.42017e+007, 7.21628e+007, 2071, 6857.41, 940, 1513
31, 3003, 5.80853e+007, 1.42447e+007, 7.233e+007, 2080, 6848.43, 940, 1513
32, 3103, 5.81629e+007, 1.42925e+007, 7.24554e+007, 2086, 6851.63, 940, 1513
33, 3203, 5.82354e+007, 1.42117e+007, 7.24472e+007, 2083, 6822.73, 940, 1513
34, 3303, 5.7857e+007, 1.41145e+007, 7.19715e+007, 2070, 6818.59, 940, 1513
35, 3403, 5.79056e+007, 1.41791e+007, 7.20847e+007, 2069, 6853.14, 939, 1513
36, 3503, 5.82736e+007, 1.42174e+007, 7.24911e+007, 2085, 6818.92, 940, 1513
37, 5883, 5.80606e+007, 1.41595e+007, 7.22202e+007, 2073, 6830.46, 939, 1513
38, 5903, 5.84958e+007, 1.3667e+007, 7.21628e+007, 2071, 6599.25, 940, 1513
39, 5923, 5.804e+007, 1.41658e+007, 7.22057e+007, 2076, 6823.58, 939, 1513
40, 5943, 5.83997e+007, 1.41669e+007, 7.25666e+007, 2084, 6797.94, 940, 1513
41, 5963, 5.82732e+007, 1.41024e+007, 7.23756e+007, 2075, 6796.35, 940, 1513
42, 5993, 5.82722e+007, 1.40899e+007, 7.23621e+007, 2078, 6780.53, 940, 1513
43, 6013, 5.84048e+007, 1.4109e+007, 7.25138e+007, 2081, 6779.9, 940, 1513
44, 6033, 5.84276e+007, 1.41117e+007, 7.25393e+007, 2084, 6771.46, 940, 1513
45, 6053, 5.81066e+007, 1.40202e+007, 7.21268e+007, 2070, 6773.05, 940, 1513
46, 6073, 5.81625e+007, 1.39864e+007, 7.21489e+007, 2068, 6763.23, 940, 1513
47, 6103, 5.84554e+007, 1.40606e+007, 7.2516e+007, 2079, 6763.17, 940, 1513
48, 6123, 5.84827e+007, 1.40853e+007, 7.2568e+007, 2083, 6762.03, 940, 1513
49, 6143, 5.84153e+007, 1.39898e+007, 7.24051e+007, 2075, 6742.08, 940, 1513
50, 6163, 5.82541e+007, 1.39836e+007, 7.22377e+007, 2070, 6755.37, 939, 1513
51, 6183, 5.85819e+007, 1.40764e+007, 7.26582e+007, 2083, 6757.74, 939, 1513
52, 6213, 5.88289e+007, 1.40564e+007, 7.28853e+007, 2088, 6732, 940, 1513
53, 6233, 5.86704e+007, 1.39987e+007, 7.26691e+007, 2083, 6720.47, 940, 1513
54, 6253, 5.91633e+007, 1.39886e+007, 7.31519e+007, 2092, 6686.71, 940, 1514
55, 6273, 5.92337e+007, 1.40338e+007, 7.32675e+007, 2102, 6676.41, 940, 1514
56, 6303, 5.87865e+007, 1.38459e+007, 7.26324e+007, 2073, 6679.16, 939, 1514
57, 6403, 5.91279e+007, 1.39282e+007, 7.30561e+007, 2090, 6664.2, 940, 1514
58, 6503, 5.8558e+007, 1.37687e+007, 7.23267e+007, 2064, 6670.9, 939, 1514
59, 6603, 5.91063e+007, 1.39303e+007, 7.30366e+007, 2089, 6668.42, 939, 1514
60, 6703, 5.87505e+007, 1.38385e+007, 7.25889e+007, 2075, 6669.14, 939, 1514
61, 6803, 5.89038e+007, 1.38273e+007, 7.27312e+007, 2081, 6644.56, 939, 1514
62, 6903, 5.85348e+007, 1.36531e+007, 7.21879e+007, 2057, 6637.37, 939, 1514
63, 7003, 5.86077e+007, 1.3728e+007, 7.23357e+007, 2070, 6631.89, 939, 1514
64, 7103, 5.86058e+007, 1.37055e+007, 7.23114e+007, 2068, 6627.42, 939, 1514
65, 7203, 5.92019e+007, 1.38428e+007, 7.30448e+007, 2087, 6632.88, 939, 1515
66, 7303, 5.90058e+007, 1.37285e+007, 7.27342e+007, 2080, 6600.22, 940, 1514
67, 7403, 5.87658e+007, 1.35997e+007, 7.23655e+007, 2064, 6589.01, 940, 1514
68, 7503, 5.84408e+007, 1.35161e+007, 7.19568e+007, 2055, 6577.16, 940, 1514
69, 7603, 5.88346e+007, 1.35858e+007, 7.24204e+007, 2067, 6572.74, 940, 1514
70, 7703, 6.04258e+007, 1.40072e+007, 7.4433e+007, 2128, 6582.31, 941, 1516
71, 7803, 5.92836e+007, 1.37654e+007, 7.3049e+007, 2087, 6595.77, 939, 1515
72, 7903, 5.92569e+007, 1.37854e+007, 7.30423e+007, 2091, 6592.72, 939, 1515
73, 8003, 5.93943e+007, 1.37752e+007, 7.31695e+007, 2093, 6581.57, 939, 1515
74, 8103, 5.94019e+007, 1.38385e+007, 7.32404e+007, 2098, 6596.05, 939, 1515
75, 8203, 5.90822e+007, 1.37087e+007, 7.27909e+007, 2082, 6584.39, 939, 1515
76, 8303, 5.92315e+007, 1.36685e+007, 7.29e+007, 2086, 6552.49, 940, 1515
77, 8403, 5.9312e+007, 1.36702e+007, 7.29822e+007, 2087, 6550.17, 940, 1515
78, 8503, 5.92712e+007, 1.36797e+007, 7.29509e+007, 2083, 6567.3, 939, 1515
79, 8603, 5.937e+007, 1.3657e+007, 7.3027e+007, 2089, 6537.56, 940, 1515
80, 8703, 5.94141e+007, 1.36927e+007, 7.31068e+007, 2090, 6551.55, 939, 1515
81, 8803, 5.90255e+007, 1.35128e+007, 7.25383e+007, 2070, 6527.92, 940, 1515
82, 8903, 5.92085e+007, 1.36417e+007, 7.28502e+007, 2085, 6542.78, 939, 1515
83, 9003, 5.91483e+007, 1.35563e+007, 7.27046e+007, 2075, 6533.17, 939, 1515
84, 9103, 5.93669e+007, 1.36405e+007, 7.30074e+007, 2087, 6535.95, 940, 1515
85, 9203, 5.96882e+007, 1.37168e+007, 7.3405e+007, 2100, 6531.82, 940, 1515
86, 9303, 5.91619e+007, 1.35616e+007, 7.27234e+007, 2077, 6529.41, 939, 1515
87, 9403, 5.9497e+007, 1.36161e+007, 7.31131e+007, 2089, 6517.98, 940, 1515
88, 9503, 5.97666e+007, 1.37853e+007, 7.3552e+007, 2105, 6548.86, 939, 1515
89, 9603, 5.94446e+007, 1.35981e+007, 7.30427e+007, 2086, 6518.74, 940, 1515
90, 9703, 5.92804e+007, 1.35642e+007, 7.28447e+007, 2080, 6521.25, 939, 1515
91, 9803, 5.97717e+007, 1.36845e+007, 7.34562e+007, 2098, 6522.64, 939, 1515
92, 9903, 5.98452e+007, 1.36578e+007, 7.3503e+007, 2100, 6503.72, 940, 1515
93, 10003, 5.92498e+007, 1.35494e+007, 7.27992e+007, 2078, 6520.4, 939, 1515
94, 10103, 5.97489e+007, 1.36365e+007, 7.33854e+007, 2094, 6512.16, 939, 1515
95, 10203, 5.94572e+007, 1.35712e+007, 7.30284e+007, 2084, 6512.1, 939, 1515
96, 10303, 5.95597e+007, 1.35467e+007, 7.31064e+007, 2087, 6490.99, 939, 1515
97, 10403, 5.95445e+007, 1.35466e+007, 7.30911e+007, 2085, 6497.17, 939, 1515
98, 10503, 5.93008e+007, 1.34729e+007, 7.27738e+007, 2074, 6496.1, 939, 1515
99, 10603, 5.97626e+007, 1.35575e+007, 7.33201e+007, 2093, 6477.54, 940, 1515
100, 10703, 5.96737e+007, 1.3463e+007, 7.31367e+007, 2084, 6460.19, 940, 1515
101, 10803, 5.9791e+007, 1.35932e+007, 7.33843e+007, 2099, 6476.06, 939, 1515
102, 10903, 5.97863e+007, 1.3514e+007, 7.33004e+007, 2090, 6466.05, 939, 1515
103, 11003, 5.94965e+007, 1.3436e+007, 7.29325e+007, 2077, 6468.96, 939, 1515
104, 11103, 6.01492e+007, 1.36398e+007, 7.3789e+007, 2102, 6488.94, 939, 1516
105, 11203, 6.04896e+007, 1.37167e+007, 7.42062e+007, 2118, 6476.24, 939, 1516
106, 11303, 5.95959e+007, 1.34296e+007, 7.30256e+007, 2080, 6456.56, 939, 1515
107, 11403, 5.9683e+007, 1.34482e+007, 7.31312e+007, 2084, 6453.05, 939, 1515
108, 11503, 6.02692e+007, 1.3601e+007, 7.38702e+007, 2104, 6464.35, 939, 1516
109, 11603, 6.04794e+007, 1.36308e+007, 7.41102e+007, 2110, 6460.08, 939, 1516
110, 11703, 6.032e+007, 1.35979e+007, 7.39179e+007, 2106, 6456.76, 939, 1516
111, 11803, 6.03631e+007, 1.35926e+007, 7.39557e+007, 2105, 6457.27, 939, 1516
112, 11903, 5.95203e+007, 1.33337e+007, 7.2854e+007, 2073, 6432.08, 939, 1515
113, 12003, 5.97722e+007, 1.3394e+007, 7.31662e+007, 2082, 6433.24, 939, 1515
114, 12103, 6.03348e+007, 1.35366e+007, 7.38714e+007, 2102, 6439.86, 939, 1516
115, 12203, 6.03124e+007, 1.3533e+007, 7.38454e+007, 2102, 6438.17, 939, 1516
116, 12303, 5.99902e+007, 1.34161e+007, 7.34064e+007, 2085, 6434.59, 939, 1516
117, 12403, 6.07635e+007, 1.36296e+007, 7.43931e+007, 2124, 6416.95, 939, 1516
118, 12503, 6.05141e+007, 1.35315e+007, 7.40456e+007, 2109, 6416.06, 939, 1516
119, 12603, 6.0339e+007, 1.34763e+007, 7.38153e+007, 2101, 6414.24, 939, 1516
120, 12703, 6.03261e+007, 1.34741e+007, 7.38002e+007, 2102, 6410.15, 939, 1516
121, 12803, 6.01578e+007, 1.34081e+007, 7.35659e+007, 2092, 6409.21, 939, 1516
122, 12903, 6.02478e+007, 1.34494e+007, 7.36972e+007, 2098, 6410.59, 939, 1516
123, 13003, 6.02531e+007, 1.34399e+007, 7.36931e+007, 2100, 6399.97, 939, 1516
124, 13103, 6.02909e+007, 1.34417e+007, 7.37326e+007, 2102, 6394.73, 939, 1516
125, 13203, 5.9608e+007, 1.32122e+007, 7.28202e+007, 2067, 6391.96, 939, 1516
126, 13303, 6.01963e+007, 1.33311e+007, 7.35274e+007, 2089, 6381.57, 939, 1516
127, 13403, 6.02231e+007, 1.33336e+007, 7.35568e+007, 2088, 6385.83, 939, 1516
128, 13503, 6.06494e+007, 1.34804e+007, 7.41298e+007, 2112, 6382.75, 939, 1516
129, 13603, 6.06106e+007, 1.34646e+007, 7.40752e+007, 2110, 6381.35, 939, 1516
130, 13703, 6.05244e+007, 1.34264e+007, 7.39508e+007, 2107, 6372.26, 939, 1516
131, 13803, 6.04745e+007, 1.33612e+007, 7.38357e+007, 2097, 6371.56, 939, 1516
132, 13903, 6.04661e+007, 1.33834e+007, 7.38496e+007, 2105, 6357.92, 939, 1516
133, 14003, 6.05691e+007, 1.33765e+007, 7.39457e+007, 2107, 6348.61, 939, 1516
134, 14103, 5.9763e+007, 1.31596e+007, 7.29226e+007, 2071, 6354.23, 939, 1516
135, 14203, 6.01015e+007, 1.32275e+007, 7.3329e+007, 2087, 6338.03, 939, 1516
136, 14303, 6.02404e+007, 1.33293e+007, 7.35697e+007, 2103, 6338.22, 939, 1516
137, 14403, 5.95435e+007, 1.3069e+007, 7.26125e+007, 2072, 6307.42, 939, 1516
138, 14503, 5.9692e+007, 1.30961e+007, 7.27881e+007, 2078, 6302.25, 939, 1516
139, 14603, 5.92799e+007, 1.29794e+007, 7.22593e+007, 2054, 6319.09, 939, 1516
140, 14703, 5.97302e+007, 1.30557e+007, 7.27859e+007, 2074, 6294.93, 940, 1516
141, 14803, 5.97733e+007, 1.307e+007, 7.28434e+007, 2076, 6295.77, 939, 1516
142, 14903, 5.96152e+007, 1.30018e+007, 7.2617e+007, 2069, 6284.09, 939, 1516
143, 15003, 5.91521e+007, 1.28801e+007, 7.20322e+007, 2050, 6282.96, 939, 1516
144, 15103, 5.93127e+007, 1.29204e+007, 7.22331e+007, 2057, 6281.19, 939, 1516
145, 15203, 5.92082e+007, 1.29066e+007, 7.21148e+007, 2058, 6271.41, 939, 1516
146, 15303, 5.95725e+007, 1.30235e+007, 7.2596e+007, 2074, 6279.42, 939, 1516
147, 15403, 5.93699e+007, 1.2913e+007, 7.22829e+007, 2061, 6265.42, 939, 1516
148, 15503, 5.91515e+007, 1.28326e+007, 7.19841e+007, 2049, 6262.87, 939, 1516
149, 15603, 5.93809e+007, 1.28902e+007, 7.22711e+007, 2059, 6260.44, 939, 1516
150, 15703, 5.9333e+007, 1.28402e+007, 7.21732e+007, 2056, 6245.25, 939, 1516
151, 15803, 5.9245e+007, 1.28593e+007, 7.21043e+007, 2056, 6254.53, 939, 1516
152, 15903, 5.9345e+007, 1.28659e+007, 7.22109e+007, 2059, 6248.62, 939, 1516
153, 16003, 5.90812e+007, 1.27473e+007, 7.18285e+007, 2043, 6239.51, 939, 1516
154, 16103, 5.94856e+007, 1.28997e+007, 7.23854e+007, 2068, 6237.78, 939, 1516
155, 16203, 5.91697e+007, 1.27976e+007, 7.19673e+007, 2051, 6239.68, 939, 1516
156, 16303, 5.96167e+007, 1.29366e+007, 7.25533e+007, 2074, 6237.49, 939, 1516
157, 16403, 5.92679e+007, 1.28116e+007, 7.20795e+007, 2057, 6228.29, 939, 1516
158, 16503, 5.94714e+007, 1.2825e+007, 7.22964e+007, 2062, 6219.68, 939, 1516
159, 16603, 5.90416e+007, 1.27346e+007, 7.17761e+007, 2045, 6227.17, 939, 1516
160, 16703, 5.98483e+007, 1.29409e+007, 7.27892e+007, 2082, 6215.59, 939, 1516
161, 16803, 5.89911e+007, 1.27104e+007, 7.17015e+007, 2044, 6218.42, 939, 1516
162, 16903, 5.90769e+007, 1.27267e+007, 7.18035e+007, 2047, 6217.23, 939, 1516
163, 17003, 5.92325e+007, 1.27462e+007, 7.19788e+007, 2051, 6214.64, 939, 1516
164, 17103, 5.97896e+007, 1.2887e+007, 7.26766e+007, 2073, 6216.57, 939, 1517
165, 17203, 6.00687e+007, 1.29433e+007, 7.3012e+007, 2087, 6201.87, 939, 1517
166, 17303, 5.98676e+007, 1.29263e+007, 7.27939e+007, 2083, 6205.62, 939, 1517
167, 17403, 5.90476e+007, 1.26589e+007, 7.17065e+007, 2046, 6187.15, 939, 1516
168, 17503, 5.8806e+007, 1.25933e+007, 7.13993e+007, 2032, 6197.51, 939, 1516
169, 17603, 5.87619e+007, 1.26019e+007, 7.13638e+007, 2037, 6186.48, 939, 1516
170, 17703, 6.17644e+007, 1.33097e+007, 7.50741e+007, 2163, 6153.35, 941, 1518
171, 17803, 6.11343e+007, 1.31555e+007, 7.42899e+007, 2122, 6199.59, 938, 1518
172, 17903, 6.11204e+007, 1.30121e+007, 7.41326e+007, 2101, 6193.31, 938, 1519
173, 18003, 6.15437e+007, 1.29526e+007, 7.44963e+007, 2089, 6200.38, 939, 1518
174, 18103, 6.05155e+007, 1.28611e+007, 7.33766e+007, 2081, 6180.25, 939, 1517
175, 18203, 6.01297e+007, 1.28067e+007, 7.29365e+007, 2072, 6180.86, 939, 1517
176, 18303, 5.97773e+007, 1.27783e+007, 7.25556e+007, 2067, 6182.04, 939, 1517
177, 18403, 5.92744e+007, 1.26942e+007, 7.19686e+007, 2055, 6177.2, 939, 1517
178, 18503, 5.95821e+007, 1.27247e+007, 7.23068e+007, 2060, 6177.06, 939, 1518
179, 18603, 5.87512e+007, 1.25414e+007, 7.12925e+007, 2031, 6174.96, 939, 1517
180, 18703, 5.92935e+007, 1.26478e+007, 7.19412e+007, 2051, 6166.63, 939, 1517
181, 18803, 5.95424e+007, 1.27365e+007, 7.22789e+007, 2063, 6173.77, 939, 1517
182, 18903, 5.96053e+007, 1.27241e+007, 7.23294e+007, 2065, 6161.78, 939, 1517
183, 19003, 5.97923e+007, 1.27954e+007, 7.25877e+007, 2076, 6163.5, 939, 1517
184, 19103, 5.94732e+007, 1.26976e+007, 7.21709e+007, 2059, 6166.89, 939, 1517
185, 19203, 5.97323e+007, 1.27247e+007, 7.24569e+007, 2067, 6156.1, 939, 1517
186, 19303, 5.95179e+007, 1.26385e+007, 7.21564e+007, 2055, 6150.13, 939, 1517
187, 19403, 5.96941e+007, 1.26569e+007, 7.2351e+007, 2063, 6135.19, 939, 1517
188, 19503, 5.97511e+007, 1.27219e+007, 7.2473e+007, 2071, 6142.89, 939, 1517
189, 19603, 5.93949e+007, 1.25792e+007, 7.19741e+007, 2049, 6139.18, 939, 1517
190, 19703, 5.95413e+007, 1.26105e+007, 7.21518e+007, 2055, 6136.52, 939, 1517
191, 19803, 5.96272e+007, 1.2644e+007, 7.22712e+007, 2063, 6128.93, 939, 1517
192, 19903, 5.93197e+007, 1.25428e+007, 7.18625e+007, 2047, 6127.39, 939, 1517
193, 20003, 5.93864e+007, 1.25473e+007, 7.19337e+007, 2050, 6120.64, 939, 1517
194, 20103, 5.96306e+007, 1.26373e+007, 7.22679e+007, 2064, 6122.71, 939, 1517
195, 20203, 5.92927e+007, 1.25096e+007, 7.18023e+007, 2045, 6117.18, 939, 1517
196, 20303, 5.96717e+007, 1.267e+007, 7.23417e+007, 2067, 6129.67, 939, 1517
197, 20403, 5.96116e+007, 1.25714e+007, 7.2183e+007, 2060, 6102.6, 939, 1517
198, 20503, 5.93404e+007, 1.24753e+007, 7.18157e+007, 2044, 6103.36, 939, 1517
199, 20603, 5.97932e+007, 1.25869e+007, 7.23801e+007, 2064, 6098.32, 939, 1517
200, 20703, 5.91813e+007, 1.24459e+007, 7.16272e+007, 2041, 6097.93, 939, 1517
201, 20803, 5.94967e+007, 1.25209e+007, 7.20176e+007, 2054, 6095.84, 939, 1517
202, 20903, 5.91279e+007, 1.24371e+007, 7.1565e+007, 2040, 6096.62, 939, 1517
203, 21003, 5.97405e+007, 1.25936e+007, 7.23342e+007, 2067, 6092.71, 939, 1517
204, 21103, 5.94621e+007, 1.25061e+007, 7.19682e+007, 2057, 6079.75, 939, 1517
205, 21203, 5.93652e+007, 1.25129e+007, 7.18781e+007, 2057, 6083.08, 939, 1517
206, 21303, 5.92104e+007, 1.24231e+007, 7.16336e+007, 2046, 6071.91, 939, 1517
207, 21403, 5.91018e+007, 1.23762e+007, 7.1478e+007, 2041, 6063.81, 939, 1517
208, 21503, 5.92112e+007, 1.24226e+007, 7.16338e+007, 2048, 6065.73, 939, 1517
209, 21603, 5.89128e+007, 1.2332e+007, 7.12448e+007, 2033, 6065.93, 939, 1517
210, 21703, 5.89769e+007, 1.23831e+007, 7.136e+007, 2037, 6079.07, 939, 1517
211, 21803, 5.90989e+007, 1.24112e+007, 7.15101e+007, 2046, 6066.08, 939, 1517
212, 21903, 5.91953e+007, 1.23903e+007, 7.15856e+007, 2043, 6064.76, 939, 1517
213, 22003, 5.92156e+007, 1.24084e+007, 7.1624e+007, 2050, 6052.87, 939, 1517
214, 22103, 5.91895e+007, 1.23822e+007, 7.15716e+007, 2046, 6051.88, 939, 1517
215, 22203, 5.89236e+007, 1.22892e+007, 7.12128e+007, 2033, 6044.87, 939, 1517
216, 22304, 5.86014e+007, 1.22124e+007, 7.08138e+007, 2022, 6039.77, 939, 1517
217, 22404, 5.89689e+007, 1.22977e+007, 7.12666e+007, 2038, 6034.21, 939, 1517
218, 22504, 5.9602e+007, 1.24504e+007, 7.20525e+007, 2058, 6049.77, 939, 1518
219, 22604, 5.93398e+007, 1.24024e+007, 7.17422e+007, 2049, 6052.91, 939, 1518
220, 22704, 5.94079e+007, 1.24114e+007, 7.18193e+007, 2055, 6039.63, 939, 1518
221, 22804, 5.92145e+007, 1.23593e+007, 7.15738e+007, 2043, 6049.57, 939, 1518
222, 22904, 5.93757e+007, 1.23515e+007, 7.17271e+007, 2050, 6025.11, 939, 1518
223, 23004, 5.94034e+007, 1.23755e+007, 7.17789e+007, 2055, 6022.12, 939, 1518
224, 23104, 5.92269e+007, 1.23372e+007, 7.15641e+007, 2045, 6032.85, 939, 1518
225, 23204, 5.89088e+007, 1.22127e+007, 7.11215e+007, 2030, 6016.09, 939, 1518
226, 23304, 5.90977e+007, 1.23089e+007, 7.14066e+007, 2044, 6021.99, 939, 1518
227, 23404, 5.91855e+007, 1.22558e+007, 7.14413e+007, 2042, 6001.87, 939, 1518
228, 23504, 5.88875e+007, 1.22053e+007, 7.10927e+007, 2033, 6003.57, 939, 1518
229, 23604, 5.91173e+007, 1.22525e+007, 7.13697e+007, 2045, 5991.43, 939, 1518
230, 23704, 5.91121e+007, 1.22144e+007, 7.13265e+007, 2037, 5996.29, 939, 1518
231, 23804, 5.89339e+007, 1.21928e+007, 7.11267e+007, 2033, 5997.44, 939, 1518
232, 23904, 5.877e+007, 1.21555e+007, 7.09255e+007, 2029, 5990.87, 939, 1518
233, 24004, 5.94081e+007, 1.23162e+007, 7.17243e+007, 2056, 5990.37, 939, 1518
234, 24104, 5.8854e+007, 1.20969e+007, 7.0951e+007, 2025, 5973.8, 939, 1518
235, 24204, 5.92108e+007, 1.22452e+007, 7.1456e+007, 2048, 5979.12, 939, 1518
236, 24304, 5.87582e+007, 1.21247e+007, 7.0883e+007, 2027, 5981.6, 939, 1518
237, 24404, 5.84406e+007, 1.20419e+007, 7.04825e+007, 2015, 5976.15, 939, 1518
238, 24504, 5.88056e+007, 1.21765e+007, 7.09821e+007, 2037, 5977.67, 939, 1518
239, 24604, 5.84966e+007, 1.20426e+007, 7.05393e+007, 2018, 5967.6, 939, 1518
240, 24704, 5.84108e+007, 1.20415e+007, 7.04523e+007, 2015, 5975.95, 939, 1518
241, 24804, 5.87202e+007, 1.21202e+007, 7.08404e+007, 2032, 5964.66, 939, 1518
242, 24904, 5.84718e+007, 1.20323e+007, 7.05041e+007, 2020, 5956.58, 939, 1518
243, 25004, 5.81668e+007, 1.19301e+007, 7.00969e+007, 2006, 5947.19, 939, 1518
244, 25104, 5.85033e+007, 1.19937e+007, 7.0497e+007, 2017, 5946.33, 939, 1518
245, 25204, 5.83787e+007, 1.19854e+007, 7.0364e+007, 2014, 5951.02, 939, 1518
246, 25304, 5.83869e+007, 1.19735e+007, 7.03603e+007, 2015, 5942.16, 939, 1518
247, 25404, 5.79548e+007, 1.18462e+007, 6.9801e+007, 1995, 5937.93, 939, 1518
248, 25504, 5.80241e+007, 1.18869e+007, 6.9911e+007, 2000, 5943.47, 939, 1518
249, 25604, 5.79002e+007, 1.18041e+007, 6.97043e+007, 1986, 5943.65, 939, 1518
250, 25704, 5.82281e+007, 1.19382e+007, 7.01663e+007, 2010, 5939.42, 939, 1518
251, 25804, 5.78613e+007, 1.18274e+007, 6.96887e+007, 1996, 5925.54, 939, 1518
252, 25904, 5.8012e+007, 1.1807e+007, 6.9819e+007, 1991, 5930.17, 939, 1518
253, 26004, 5.81641e+007, 1.18654e+007, 7.00295e+007, 2004, 5920.88, 939, 1518
254, 26104, 5.80638e+007, 1.18571e+007, 6.9921e+007, 2003, 5919.69, 939, 1518
255, 26204, 5.76136e+007, 1.17533e+007, 6.93669e+007, 1984, 5924.04, 939, 1518
256, 26304, 5.76624e+007, 1.17366e+007, 6.93991e+007, 1984, 5915.64, 939, 1518
257, 26404, 5.78736e+007, 1.17824e+007, 6.9656e+007, 1992, 5914.88, 939, 1518
258, 26504, 5.79395e+007, 1.17939e+007, 6.97334e+007, 1998, 5902.86, 939, 1518
259, 26604, 5.86782e+007, 1.19742e+007, 7.06524e+007, 2025, 5913.18, 939, 1519
260, 26704, 5.78459e+007, 1.17313e+007, 6.95772e+007, 1990, 5895.11, 939, 1518
261, 26804, 5.88037e+007, 1.20038e+007, 7.08075e+007, 2029, 5916.09, 939, 1519
262, 26904, 5.83936e+007, 1.19013e+007, 7.02949e+007, 2014, 5909.3, 939, 1519
263, 27004, 5.82191e+007, 1.18039e+007, 7.0023e+007, 2003, 5893.11, 939, 1519
264, 27104, 5.85609e+007, 1.19192e+007, 7.04802e+007, 2022, 5894.77, 939, 1519
265, 27204, 5.8584e+007, 1.19085e+007, 7.04925e+007, 2022, 5889.46, 939, 1519
266, 27304, 5.81973e+007, 1.18146e+007, 7.00119e+007, 2005, 5892.55, 939, 1519
267, 27404, 5.81046e+007, 1.17922e+007, 6.98968e+007, 2002, 5890.21, 939, 1519
268, 27504, 5.79705e+007, 1.17311e+007, 6.97016e+007, 1994, 5883.2, 939, 1519
269, 27604, 5.79409e+007, 1.17919e+007, 6.97328e+007, 2002, 5890.08, 939, 1519
270, 27704, 5.82519e+007, 1.18268e+007, 7.00787e+007, 2011, 5881.05, 939, 1519
271, 27804, 5.75758e+007, 1.16553e+007, 6.92311e+007, 1984, 5874.64, 939, 1519
272, 27904, 5.80096e+007, 1.17383e+007, 6.97479e+007, 2003, 5860.34, 939, 1519
273, 28004, 5.78842e+007, 1.17103e+007, 6.95945e+007, 1997, 5863.94, 939, 1519
274, 28104, 5.76275e+007, 1.16483e+007, 6.92758e+007, 1986, 5865.19, 939, 1519
275, 28204, 5.76439e+007, 1.16835e+007, 6.93275e+007, 1990, 5871.12, 939, 1519
276, 28304, 5.76823e+007, 1.16446e+007, 6.93269e+007, 1986, 5863.33, 939, 1519
277, 28404, 5.78686e+007, 1.1711e+007, 6.95796e+007, 1999, 5858.44, 939, 1519
278, 28504, 5.75326e+007, 1.16121e+007, 6.91447e+007, 1985, 5849.91, 939, 1519
279, 28604, 5.76146e+007, 1.16187e+007, 6.92333e+007, 1987, 5847.35, 939, 1519
280, 28704, 5.74679e+007, 1.15724e+007, 6.90403e+007, 1982, 5838.73, 939, 1519
281, 28804, 5.74398e+007, 1.15189e+007, 6.89587e+007, 1975, 5832.34, 939, 1519
282, 28904, 5.75793e+007, 1.163e+007, 6.92093e+007, 1992, 5838.34, 939, 1519
283, 29004, 5.72375e+007, 1.1495e+007, 6.87325e+007, 1969, 5837.98, 939, 1519
284, 29104, 5.73567e+007, 1.15071e+007, 6.88638e+007, 1977, 5820.51, 939, 1519
285, 29204, 5.7401e+007, 1.15562e+007, 6.89571e+007, 1980, 5836.45, 939, 1519
286, 29304, 5.76317e+007, 1.15912e+007, 6.92229e+007, 1989, 5827.66, 939, 1519
287, 29404, 5.74532e+007, 1.15654e+007, 6.90186e+007, 1987, 5820.53, 939, 1519
288, 29504, 5.73775e+007, 1.15175e+007, 6.88951e+007, 1978, 5822.82, 939, 1519
289, 29604, 5.71275e+007, 1.14714e+007, 6.85989e+007, 1971, 5820.08, 939, 1519
290, 29704, 5.71833e+007, 1.1454e+007, 6.86374e+007, 1969, 5817.19, 939, 1519
291, 29804, 5.69149e+007, 1.13611e+007, 6.8276e+007, 1955, 5811.29, 939, 1519
292, 29904, 5.6853e+007, 1.13303e+007, 6.81833e+007, 1952, 5804.46, 939, 1519
293, 30004, 5.70699e+007, 1.14506e+007, 6.85205e+007, 1970, 5812.49, 939, 1519
294, 30104, 5.67889e+007, 1.13117e+007, 6.81006e+007, 1954, 5789, 939, 1519
295, 30204, 5.67842e+007, 1.12977e+007, 6.80819e+007, 1953, 5784.8, 939, 1519
296, 30304, 5.68734e+007, 1.13247e+007, 6.81981e+007, 1955, 5792.69, 939, 1519
297, 30404, 5.69158e+007, 1.13564e+007, 6.82722e+007, 1961, 5791.13, 939, 1519
298, 30504, 5.69587e+007, 1.13655e+007, 6.83242e+007, 1963, 5789.87, 939, 1519
299, 30604, 5.6704e+007, 1.13159e+007, 6.80199e+007, 1954, 5791.17, 939, 1519
300, 30704, 5.68714e+007, 1.13495e+007, 6.82209e+007, 1962, 5784.65, 939, 1519
301, 30804, 5.6432e+007, 1.12226e+007, 6.76546e+007, 1942, 5778.89, 939, 1519
302, 30904, 5.67329e+007, 1.12759e+007, 6.80088e+007, 1954, 5770.68, 939, 1519
303, 31004, 5.68795e+007, 1.12857e+007, 6.81651e+007, 1955, 5772.72, 939, 1519
304, 31104, 5.68001e+007, 1.13307e+007, 6.81308e+007, 1960, 5780.99, 939, 1519
305, 31204, 5.65005e+007, 1.12297e+007, 6.77302e+007, 1946, 5770.66, 939, 1519
306, 31304, 5.65395e+007, 1.12204e+007, 6.776e+007, 1947, 5762.94, 939, 1519
307, 31404, 5.65046e+007, 1.11541e+007, 6.76587e+007, 1939, 5752.5, 939, 1519
308, 31504, 5.64255e+007, 1.11702e+007, 6.75957e+007, 1940, 5757.85, 939, 1519
309, 31604, 5.65582e+007, 1.12098e+007, 6.7768e+007, 1948, 5754.52, 939, 1519
310, 31704, 5.64689e+007, 1.11575e+007, 6.76264e+007, 1943, 5742.42, 939, 1519
311, 31804, 5.65034e+007, 1.1188e+007, 6.76914e+007, 1946, 5749.24, 939, 1519
312, 31904, 5.67965e+007, 1.12871e+007, 6.80836e+007, 1959, 5761.65, 939, 1519
313, 32004, 5.65822e+007, 1.11671e+007, 6.77494e+007, 1944, 5744.42, 939, 1519
314, 32104, 5.63877e+007, 1.11342e+007, 6.75219e+007, 1939, 5742.23, 939, 1519
315, 32204, 5.61996e+007, 1.11044e+007, 6.7304e+007, 1933, 5744.65, 939, 1519
316, 32305, 5.64268e+007, 1.11574e+007, 6.75842e+007, 1940, 5751.24, 939, 1519
317, 32405, 5.61702e+007, 1.104e+007, 6.72102e+007, 1922, 5744, 939, 1519
318, 32505, 5.64425e+007, 1.11784e+007, 6.76209e+007, 1945, 5747.23, 939, 1519
319, 32605, 5.62243e+007, 1.11098e+007, 6.73341e+007, 1934, 5744.48, 939, 1519
320, 32705, 5.62488e+007, 1.11017e+007, 6.73505e+007, 1934, 5740.28, 939, 1519
321, 35095, 5.61862e+007, 1.10758e+007, 6.7262e+007, 1932, 5732.83, 939, 1519
322, 35115, 5.67827e+007, 1.07393e+007, 6.75219e+007, 1939, 5538.55, 939, 1519
323, 35135, 5.59464e+007, 1.10057e+007, 6.69521e+007, 1921, 5729.17, 939, 1519
324, 35155, 5.60959e+007, 1.10286e+007, 6.71244e+007, 1927, 5723.18, 939, 1519
325, 35175, 5.64022e+007, 1.11265e+007, 6.75287e+007, 1946, 5717.65, 939, 1519
326, 35205, 5.61099e+007, 1.10743e+007, 6.71843e+007, 1933, 5729.09, 939, 1519
327, 35225, 5.63361e+007, 1.10685e+007, 6.74046e+007, 1933, 5726.08, 939, 1519
328, 35245, 5.70427e+007, 1.12757e+007, 6.83184e+007, 1965, 5738.29, 939, 1520
329, 35265, 5.68682e+007, 1.12146e+007, 6.80828e+007, 1958, 5727.57, 939, 1520
330, 35295, 5.6238e+007, 1.10708e+007, 6.73088e+007, 1935, 5721.34, 939, 1519
331, 35315, 5.59376e+007, 1.09487e+007, 6.68862e+007, 1915, 5717.31, 939, 1519
332, 35335, 5.6007e+007, 1.10216e+007, 6.70286e+007, 1923, 5731.47, 939, 1519
333, 35355, 5.68729e+007, 1.12072e+007, 6.80802e+007, 1955, 5732.61, 939, 1520
334, 35385, 5.64605e+007, 1.10897e+007, 6.75502e+007, 1942, 5710.46, 939, 1519
335, 35405, 5.61363e+007, 1.10287e+007, 6.7165e+007, 1929, 5717.32, 939, 1519
336, 35425, 5.6744e+007, 1.115e+007, 6.78939e+007, 1948, 5723.8, 939, 1520
337, 35445, 5.62657e+007, 1.10674e+007, 6.73331e+007, 1935, 5719.6, 939, 1519
338, 35465, 5.67243e+007, 1.11551e+007, 6.78794e+007, 1956, 5703.03, 939, 1520
339, 35495, 5.67728e+007, 1.11271e+007, 6.78999e+007, 1955, 5691.6, 939, 1520
340, 35515, 5.68731e+007, 1.11699e+007, 6.8043e+007, 1960, 5698.93, 939, 1520
341, 35605, 5.6401e+007, 1.10876e+007, 6.74886e+007, 1945, 5700.54, 939, 1520
342, 35705, 5.64323e+007, 1.10102e+007, 6.74425e+007, 1938, 5681.2, 939, 1520
343, 35805, 5.66904e+007, 1.10969e+007, 6.77874e+007, 1950, 5690.73, 939, 1520
344, 35905, 5.63731e+007, 1.10516e+007, 6.74247e+007, 1941, 5693.78, 939, 1520
345, 36005, 5.63672e+007, 1.10414e+007, 6.74086e+007, 1939, 5694.38, 939, 1520
346, 36105, 5.60847e+007, 1.0947e+007, 6.70317e+007, 1926, 5683.81, 939, 1520
347, 36205, 5.64435e+007, 1.10262e+007, 6.74697e+007, 1943, 5674.83, 939, 1520
348, 36305, 5.64397e+007, 1.10446e+007, 6.74843e+007, 1941, 5690.17, 939, 1520
349, 36405, 5.62852e+007, 1.10178e+007, 6.7303e+007, 1938, 5685.12, 939, 1520
350, 36505, 5.64649e+007, 1.10044e+007, 6.74693e+007, 1938, 5678.21, 939, 1520
351, 36605, 5.65637e+007, 1.10733e+007, 6.76369e+007, 1947, 5687.35, 939, 1520
352, 36705, 5.68896e+007, 1.11417e+007, 6.80313e+007, 1960, 5684.55, 939, 1520
353, 36805, 5.64834e+007, 1.10619e+007, 6.75453e+007, 1945, 5687.34, 939, 1520
354, 36905, 5.6493e+007, 1.10324e+007, 6.75254e+007, 1941, 5683.88, 939, 1520
355, 37005, 5.6624e+007, 1.10916e+007, 6.77156e+007, 1949, 5690.94, 939, 1520
356, 37105, 5.6374e+007, 1.10499e+007, 6.7424e+007, 1943, 5687.05, 939, 1520
357, 37205, 5.6186e+007, 1.09422e+007, 6.71282e+007, 1928, 5675.42, 939, 1520
358, 37305, 5.64634e+007, 1.10298e+007, 6.74932e+007, 1944, 5673.78, 939, 1520
359, 37405, 5.61649e+007, 1.09574e+007, 6.71222e+007, 1931, 5674.45, 939, 1520
360, 37505, 5.63634e+007, 1.10294e+007, 6.73928e+007, 1942, 5679.41, 939, 1520
361, 37605, 5.60664e+007, 1.09457e+007, 6.70121e+007, 1929, 5674.28, 939, 1520
362, 37705, 5.6233e+007, 1.10066e+007, 6.72396e+007, 1938, 5679.38, 939, 1520
363, 37805, 5.62347e+007, 1.09963e+007, 6.7231e+007, 1938, 5674.03, 939, 1520
364, 37905, 5.60328e+007, 1.0911e+007, 6.69438e+007, 1927, 5662.16, 939, 1520
365, 38005, 5.62449e+007, 1.09703e+007, 6.72151e+007, 1936, 5666.46, 939, 1520
366, 38105, 5.59496e+007, 1.08787e+007, 6.68283e+007, 1924, 5654.2, 939, 1520
367, 38205, 5.62498e+007, 1.09865e+007, 6.72363e+007, 1941, 5660.21, 939, 1520
368, 38305, 5.66646e+007, 1.10524e+007, 6.7717e+007, 1955, 5653.38, 939, 1520
369, 38405, 5.65756e+007, 1.10274e+007, 6.7603e+007, 1949, 5657.95, 939, 1520
370, 38505, 5.61444e+007, 1.08969e+007, 6.70414e+007, 1927, 5654.87, 939, 1520
371, 38605, 5.61774e+007, 1.09067e+007, 6.70841e+007, 1930, 5651.13, 939, 1520
372, 38705, 5.64235e+007, 1.09424e+007, 6.73658e+007, 1941, 5637.48, 939, 1520
373, 38805, 5.61597e+007, 1.0906e+007, 6.70657e+007, 1932, 5644.95, 939, 1520
374, 38905, 5.62528e+007, 1.09588e+007, 6.72116e+007, 1938, 5654.69, 939, 1520
375, 39005, 5.59511e+007, 1.08268e+007, 6.6778e+007, 1920, 5638.97, 939, 1520
376, 39105, 5.62039e+007, 1.09062e+007, 6.71101e+007, 1934, 5639.19, 939, 1520
377, 39205, 5.61742e+007, 1.08858e+007, 6.706e+007, 1933, 5631.57, 939, 1520
378, 39305, 5.58891e+007, 1.08018e+007, 6.66909e+007, 1916, 5637.7, 939, 1520
379, 39405, 5.63032e+007, 1.09188e+007, 6.7222e+007, 1941, 5625.37, 939, 1520
380, 39505, 5.61351e+007, 1.0865e+007, 6.70001e+007, 1931, 5626.63, 939, 1520
381, 39605, 5.59151e+007, 1.08189e+007, 6.6734e+007, 1922, 5629, 939, 1520
382, 39705, 5.58039e+007, 1.07487e+007, 6.65526e+007, 1914, 5615.84, 939, 1520
383, 39805, 5.63224e+007, 1.09021e+007, 6.72245e+007, 1938, 5625.46, 939, 1520
384, 39905, 5.61187e+007, 1.08598e+007, 6.69785e+007, 1931, 5623.91, 939, 1520
385, 40005, 5.58271e+007, 1.07871e+007, 6.66142e+007, 1918, 5624.12, 939, 1520
386, 40105, 5.59534e+007, 1.07901e+007, 6.67435e+007, 1923, 5611.06, 939, 1520
387, 40205, 5.61307e+007, 1.08573e+007, 6.6988e+007, 1932, 5619.72, 939, 1520
388, 40305, 5.5839e+007, 1.07531e+007, 6.6592e+007, 1916, 5612.25, 939, 1520
389, 40405, 5.56559e+007, 1.06992e+007, 6.63551e+007, 1908, 5607.55, 939, 1520
390, 40505, 5.56644e+007, 1.07294e+007, 6.63938e+007, 1914, 5605.73, 939, 1520
391, 40605, 5.61459e+007, 1.08447e+007, 6.69906e+007, 1936, 5601.62, 939, 1520
392, 40705, 5.56527e+007, 1.06856e+007, 6.63383e+007, 1908, 5600.44, 939, 1520
393, 40805, 5.59305e+007, 1.07472e+007, 6.66777e+007, 1920, 5597.48, 939, 1520
394, 40905, 5.60733e+007, 1.08045e+007, 6.68778e+007, 1930, 5598.19, 939, 1520
395, 41005, 5.56438e+007, 1.06822e+007, 6.63261e+007, 1908, 5598.66, 939, 1520
396, 41105, 5.54668e+007, 1.06429e+007, 6.61098e+007, 1904, 5589.78, 939, 1520
397, 41205, 5.56532e+007, 1.06758e+007, 6.6329e+007, 1911, 5586.51, 939, 1520
398, 41305, 5.552e+007, 1.0652e+007, 6.6172e+007, 1907, 5585.74, 939, 1520
399, 41405, 5.58113e+007, 1.07181e+007, 6.65294e+007, 1917, 5591.08, 939, 1520
400, 41505, 5.5601e+007, 1.06455e+007, 6.62466e+007, 1907, 5582.35, 939, 1520
401, 41605, 5.58017e+007, 1.07398e+007, 6.65414e+007, 1918, 5599.46, 939, 1520
402, 41705, 5.56177e+007, 1.0665e+007, 6.62827e+007, 1909, 5586.68, 939, 1520
403, 41805, 5.59053e+007, 1.0752e+007, 6.66573e+007, 1925, 5585.46, 939, 1520
404, 41905, 5.52404e+007, 1.05472e+007, 6.57876e+007, 1889, 5583.47, 939, 1520
405, 42005, 5.56533e+007, 1.06657e+007, 6.6319e+007, 1911, 5581.24, 939, 1520
406, 42105, 5.55757e+007, 1.0631e+007, 6.62067e+007, 1906, 5577.64, 939, 1520
407, 42205, 5.54994e+007, 1.0623e+007, 6.61224e+007, 1907, 5570.53, 939, 1520
408, 42304, 5.57397e+007, 1.06536e+007, 6.63933e+007, 1914, 5566.14, 939, 1520
409, 42404, 5.56027e+007, 1.06448e+007, 6.62475e+007, 1909, 5576.09, 939, 1520
410, 42504, 5.58513e+007, 1.0692e+007, 6.65433e+007, 1919, 5571.65, 939, 1520
411, 42604, 5.57521e+007, 1.06459e+007, 6.6398e+007, 1914, 5562.1, 939, 1520
412, 42704, 5.58254e+007, 1.07008e+007, 6.65262e+007, 1922, 5567.53, 939, 1520
413, 42804, 5.54056e+007, 1.05752e+007, 6.59808e+007, 1903, 5557.11, 939, 1520
414, 42904, 5.55712e+007, 1.0624e+007, 6.61951e+007, 1909, 5565.21, 939, 1520
415, 43004, 5.5601e+007, 1.06133e+007, 6.62143e+007, 1911, 5553.81, 939, 1520
416, 43104, 5.55996e+007, 1.06042e+007, 6.62038e+007, 1910, 5551.93, 939, 1520
417, 43204, 5.52876e+007, 1.05011e+007, 6.57888e+007, 1891, 5553.21, 939, 1520
418, 43304, 5.53628e+007, 1.05413e+007, 6.59041e+007, 1900, 5548.04, 939, 1520
419, 43404, 5.54498e+007, 1.05976e+007, 6.60475e+007, 1906, 5560.14, 939, 1520
420, 43504, 5.54304e+007, 1.05784e+007, 6.60088e+007, 1907, 5547.14, 939, 1520
421, 43604, 5.51531e+007, 1.05104e+007, 6.56635e+007, 1893, 5552.26, 939, 1520
422, 43704, 5.51955e+007, 1.04995e+007, 6.5695e+007, 1894, 5543.58, 939, 1520
423, 43804, 5.51091e+007, 1.04917e+007, 6.56008e+007, 1893, 5542.38, 939, 1520
424, 43904, 5.56399e+007, 1.06315e+007, 6.62714e+007, 1918, 5543, 939, 1520
425, 44004, 5.53189e+007, 1.05457e+007, 6.58646e+007, 1902, 5544.52, 939, 1520
426, 44104, 5.50517e+007, 1.0458e+007, 6.55097e+007, 1891, 5530.4, 939, 1520
427, 44204, 5.53291e+007, 1.05141e+007, 6.58432e+007, 1902, 5527.89, 939, 1520
428, 44304, 5.55486e+007, 1.05961e+007, 6.61447e+007, 1914, 5536.1, 939, 1520
429, 44404, 5.52753e+007, 1.0484e+007, 6.57593e+007, 1898, 5523.72, 939, 1520
430, 44504, 5.48169e+007, 1.03625e+007, 6.51794e+007, 1878, 5517.84, 939, 1520
431, 44604, 5.51328e+007, 1.04346e+007, 6.55674e+007, 1890, 5520.96, 939, 1520
432, 44704, 5.50963e+007, 1.04434e+007, 6.55397e+007, 1894, 5513.94, 939, 1520
433, 44804, 5.53297e+007, 1.05353e+007, 6.58649e+007, 1907, 5524.53, 939, 1520
434, 44904, 5.55207e+007, 1.05609e+007, 6.60816e+007, 1915, 5514.81, 939, 1520
435, 45004, 5.47927e+007, 1.03862e+007, 6.5179e+007, 1882, 5518.72, 939, 1520
436, 45104, 5.50209e+007, 1.04396e+007, 6.54605e+007, 1894, 5511.94, 939, 1520
437, 45204, 5.48899e+007, 1.03751e+007, 6.5265e+007, 1883, 5509.89, 939, 1520
438, 45304, 5.45716e+007, 1.02998e+007, 6.48713e+007, 1871, 5504.96, 939, 1520
439, 45404, 5.51314e+007, 1.04324e+007, 6.55638e+007, 1898, 5496.5, 939, 1520
440, 45504, 5.46914e+007, 1.03627e+007, 6.50541e+007, 1880, 5512.09, 939, 1520
441, 45604, 5.49042e+007, 1.03681e+007, 6.52723e+007, 1885, 5500.34, 939, 1520
442, 45704, 5.49985e+007, 1.04015e+007, 6.54e+007, 1894, 5491.8, 939, 1520
443, 45804, 5.47185e+007, 1.03216e+007, 6.50401e+007, 1879, 5493.12, 939, 1520
444, 45904, 5.48437e+007, 1.03474e+007, 6.51911e+007, 1884, 5492.27, 939, 1520
445, 46004, 5.48827e+007, 1.03546e+007, 6.52373e+007, 1888, 5484.43, 939, 1520
446, 46104, 5.47589e+007, 1.03151e+007, 6.5074e+007, 1879, 5489.68, 939, 1520
447, 46204, 5.45253e+007, 1.02809e+007, 6.48062e+007, 1873, 5488.98, 939, 1520
448, 46304, 5.45166e+007, 1.02646e+007, 6.47812e+007, 1872, 5483.2, 939, 1520
449, 46404, 5.46665e+007, 1.03024e+007, 6.49689e+007, 1881, 5477.07, 939, 1520
450, 46504, 5.46049e+007, 1.02824e+007, 6.48874e+007, 1876, 5481.04, 939, 1520
451, 46604, 5.4518e+007, 1.02559e+007, 6.47739e+007, 1872, 5478.6, 939, 1520
452, 46704, 5.43282e+007, 1.01927e+007, 6.45209e+007, 1862, 5474.07, 939, 1520
453, 46804, 5.45115e+007, 1.026e+007, 6.47715e+007, 1873, 5477.85, 939, 1520
454, 46904, 5.46417e+007, 1.02532e+007, 6.48949e+007, 1875, 5468.38, 939, 1520
455, 47004, 5.4575e+007, 1.02308e+007, 6.48058e+007, 1875, 5456.42, 939, 1520
456, 47104, 5.46355e+007, 1.02694e+007, 6.49049e+007, 1879, 5465.34, 939, 1520
457, 47204, 5.45837e+007, 1.0258e+007, 6.48416e+007, 1875, 5470.91, 939, 1520
458, 47304, 5.43668e+007, 1.01898e+007, 6.45566e+007, 1864, 5466.63, 939, 1520
459, 47404, 5.48052e+007, 1.03111e+007, 6.51163e+007, 1887, 5464.3, 939, 1520
460, 47504, 5.44293e+007, 1.0182e+007, 6.46113e+007, 1866, 5456.58, 939, 1520
461, 47604, 5.42232e+007, 1.01096e+007, 6.43328e+007, 1855, 5449.91, 939, 1520
462, 47704, 5.42661e+007, 1.01496e+007, 6.44157e+007, 1860, 5456.75, 939, 1520
463, 47804, 5.43014e+007, 1.01688e+007, 6.44702e+007, 1864, 5455.38, 939, 1520
464, 47904, 5.42466e+007, 1.01597e+007, 6.44063e+007, 1861, 5459.27, 939, 1520
465, 48004, 5.38872e+007, 1.00841e+007, 6.39713e+007, 1847, 5459.72, 939, 1520
466, 48104, 5.41976e+007, 1.01339e+007, 6.43315e+007, 1862, 5442.49, 939, 1520
467, 48204, 5.4028e+007, 1.00903e+007, 6.41183e+007, 1852, 5448.33, 939, 1520
468, 48304, 5.40778e+007, 1.01323e+007, 6.42101e+007, 1860, 5447.48, 939, 1520
469, 48404, 5.40872e+007, 1.00856e+007, 6.41727e+007, 1852, 5445.76, 939, 1520
470, 48504, 5.41992e+007, 1.00902e+007, 6.42894e+007, 1857, 5433.58, 939, 1520
471, 48604, 5.43598e+007, 1.01556e+007, 6.45154e+007, 1869, 5433.7, 939, 1520
472, 48704, 5.41052e+007, 1.01047e+007, 6.42099e+007, 1859, 5435.54, 939, 1520
473, 48804, 5.4056e+007, 1.0083e+007, 6.4139e+007, 1857, 5429.73, 939, 1520
474, 48904, 5.40922e+007, 1.00915e+007, 6.41837e+007, 1857, 5434.33, 939, 1520
475, 49004, 5.38454e+007, 1.0057e+007, 6.39024e+007, 1850, 5436.21, 939, 1520
476, 49104, 5.39404e+007, 1.00407e+007, 6.3981e+007, 1849, 5430.33, 939, 1520
477, 49204, 5.40885e+007, 1.00659e+007, 6.41545e+007, 1855, 5426.38, 939, 1520
478, 49304, 5.43989e+007, 1.01081e+007, 6.4507e+007, 1864, 5422.78, 939, 1520
479, 49404, 5.36176e+007, 9.96691e+006, 6.35845e+007, 1837, 5425.65, 939, 1520
480, 49504, 5.37185e+007, 9.975e+006, 6.36935e+007, 1843, 5412.37, 939, 1520
481, 49604, 5.41021e+007, 1.00456e+007, 6.41477e+007, 1858, 5406.67, 939, 1520
482, 49704, 5.36586e+007, 9.95543e+006, 6.3614e+007, 1837, 5419.4, 939, 1520
483, 49804, 5.41255e+007, 1.00558e+007, 6.41813e+007, 1857, 5415.09, 939, 1520
484, 49904, 5.4119e+007, 1.00474e+007, 6.41664e+007, 1857, 5410.53, 939, 1520
485, 50004, 5.40698e+007, 1.00321e+007, 6.41019e+007, 1852, 5416.92, 939, 1520
486, 50104, 5.38761e+007, 9.98028e+006, 6.38564e+007, 1845, 5409.37, 939, 1520
487, 50204, 5.43561e+007, 1.00611e+007, 6.44172e+007, 1863, 5400.5, 939, 1520
488, 50304, 5.39495e+007, 9.9816e+006, 6.39311e+007, 1846, 5407.15, 939, 1520
489, 50404, 5.39136e+007, 9.97994e+006, 6.38935e+007, 1842, 5417.99, 939, 1520
490, 50504, 5.42142e+007, 1.0067e+007, 6.42812e+007, 1864, 5400.74, 939, 1520
491, 50604, 5.40489e+007, 1.00166e+007, 6.40655e+007, 1855, 5399.79, 939, 1520
492, 50704, 5.36109e+007, 9.89584e+006, 6.35067e+007, 1835, 5392.83, 939, 1520
493, 50804, 5.3755e+007, 9.95563e+006, 6.37107e+007, 1843, 5401.86, 939, 1520
494, 50904, 5.38572e+007, 9.97871e+006, 6.38359e+007, 1850, 5393.9, 939, 1520
495, 51004, 5.38124e+007, 9.96611e+006, 6.37785e+007, 1848, 5392.92, 939, 1520
496, 51104, 5.36127e+007, 9.91489e+006, 6.35276e+007, 1838, 5394.39, 939, 1520
497, 51204, 5.34449e+007, 9.83966e+006, 6.32845e+007, 1828, 5382.75, 939, 1520
498, 51304, 5.39292e+007, 9.96536e+006, 6.38946e+007, 1853, 5377.96, 939, 1520
499, 51404, 5.38677e+007, 9.9696e+006, 6.38373e+007, 1850, 5388.97, 939, 1520
500, 51504, 5.33939e+007, 9.88643e+006, 6.32803e+007, 1834, 5390.64, 939, 1520
501, 51604, 5.39276e+007, 9.98195e+006, 6.39096e+007, 1851, 5392.73, 939, 1520
502, 51704, 5.38162e+007, 9.92985e+006, 6.3746e+007, 1846, 5379.12, 939, 1520
503, 51804, 5.33288e+007, 9.85736e+006, 6.31862e+007, 1829, 5389.48, 939, 1520
504, 51904, 5.35859e+007, 9.88764e+006, 6.34735e+007, 1839, 5376.64, 939, 1520
505, 52004, 5.37912e+007, 9.91143e+006, 6.37026e+007, 1845, 5372.05, 939, 1520
506, 52104, 5.36169e+007, 9.89342e+006, 6.35103e+007, 1839, 5379.78, 939, 1520
507, 52204, 5.34832e+007, 9.83566e+006, 6.33189e+007, 1829, 5377.62, 939, 1520
508, 52305, 5.42886e+007, 1.00568e+007, 6.43454e+007, 1872, 5372.21, 939, 1521
509, 52405, 5.34662e+007, 9.83913e+006, 6.33054e+007, 1834, 5364.85, 939, 1520
510, 52505, 5.30405e+007, 9.75751e+006, 6.2798e+007, 1812, 5384.94, 938, 1520
511, 52605, 5.31071e+007, 9.74476e+006, 6.28518e+007, 1816, 5366.06, 939, 1520
512, 52705, 5.32934e+007, 9.80838e+006, 6.31018e+007, 1824, 5377.4, 939, 1520
513, 52805, 5.30684e+007, 9.74893e+006, 6.28173e+007, 1818, 5362.45, 939, 1520
514, 52905, 5.38563e+007, 9.93806e+006, 6.37943e+007, 1849, 5374.83, 939, 1521
515, 53005, 5.39868e+007, 1.00009e+007, 6.39877e+007, 1859, 5379.73, 938, 1521
516, 53105, 5.39946e+007, 9.9483e+006, 6.39429e+007, 1858, 5354.31, 939, 1521
517, 53205, 5.37102e+007, 9.88126e+006, 6.35915e+007, 1842, 5364.42, 939, 1521
518, 53305, 5.29151e+007, 9.74417e+006, 6.26592e+007, 1814, 5371.65, 938, 1520
519, 53405, 5.36481e+007, 9.8702e+006, 6.35183e+007, 1841, 5361.32, 939, 1521
520, 53505, 5.38569e+007, 9.98212e+006, 6.3839e+007, 1858, 5372.51, 939, 1521
521, 53605, 5.3595e+007, 9.83117e+006, 6.34262e+007, 1836, 5354.67, 939, 1521
522, 53705, 5.35209e+007, 9.85933e+006, 6.33802e+007, 1840, 5358.33, 939, 1521
523, 53805, 5.36839e+007, 9.84693e+006, 6.35308e+007, 1840, 5351.59, 939, 1521
524, 53905, 5.35008e+007, 9.84292e+006, 6.33437e+007, 1836, 5361.07, 939, 1521
525, 54005, 5.37501e+007, 9.87025e+006, 6.36204e+007, 1846, 5346.83, 939, 1521
526, 54105, 5.35371e+007, 9.84437e+006, 6.33814e+007, 1838, 5356.02, 939, 1521
527, 54205, 5.34034e+007, 9.82225e+006, 6.32256e+007, 1838, 5343.99, 939, 1521
528, 54305, 5.3432e+007, 9.82921e+006, 6.32612e+007, 1839, 5344.87, 939, 1521
529, 54405, 5.34582e+007, 9.8152e+006, 6.32734e+007, 1833, 5354.72, 939, 1521
530, 54505, 5.32048e+007, 9.73643e+006, 6.29412e+007, 1822, 5343.82, 939, 1521
531, 54605, 5.33721e+007, 9.82866e+006, 6.32007e+007, 1834, 5359.14, 938, 1521
532, 54705, 5.32808e+007, 9.76434e+006, 6.30451e+007, 1832, 5329.88, 939, 1521
533, 54805, 5.34722e+007, 9.83736e+006, 6.33096e+007, 1843, 5337.69, 939, 1521
534, 54905, 5.31742e+007, 9.72316e+006, 6.28974e+007, 1825, 5327.76, 939, 1521
535, 55005, 5.29482e+007, 9.67705e+006, 6.26252e+007, 1816, 5328.77, 939, 1521
536, 55105, 5.35256e+007, 9.83732e+006, 6.33629e+007, 1842, 5340.57, 939, 1521
537, 55205, 5.32867e+007, 9.72417e+006, 6.30109e+007, 1830, 5313.76, 939, 1521
538, 55305, 5.32159e+007, 9.73282e+006, 6.29488e+007, 1828, 5324.3, 939, 1521
539, 55405, 5.33083e+007, 9.76098e+006, 6.30693e+007, 1831, 5330.96, 939, 1521
540, 55505, 5.29294e+007, 9.64319e+006, 6.25726e+007, 1813, 5318.91, 939, 1521
541, 55605, 5.30439e+007, 9.69664e+006, 6.27406e+007, 1822, 5321.98, 939, 1521
542, 55705, 5.30461e+007, 9.73934e+006, 6.27854e+007, 1825, 5336.62, 938, 1521
543, 55805, 5.31061e+007, 9.69437e+006, 6.28005e+007, 1821, 5323.65, 939, 1521
544, 55905, 5.30317e+007, 9.6703e+006, 6.2702e+007, 1819, 5316.27, 939, 1521
545, 56005, 5.27863e+007, 9.61857e+006, 6.24049e+007, 1809, 5317.07, 939, 1521
546, 56105, 5.26017e+007, 9.64537e+006, 6.22471e+007, 1806, 5340.74, 938, 1521
547, 56205, 5.30744e+007, 9.73471e+006, 6.28091e+007, 1827, 5328.25, 938, 1521
548, 56305, 5.28249e+007, 9.66779e+006, 6.24927e+007, 1817, 5320.74, 938, 1521
549, 56405, 5.27546e+007, 9.61796e+006, 6.23726e+007, 1807, 5322.61, 938, 1521
550, 56505, 5.2707e+007, 9.59785e+006, 6.23048e+007, 1809, 5305.61, 939, 1521
551, 56605, 5.29206e+007, 9.68055e+006, 6.26011e+007, 1817, 5327.76, 938, 1521
552, 56705, 5.25641e+007, 9.54539e+006, 6.21095e+007, 1798, 5308.89, 938, 1521
553, 56805, 5.24855e+007, 9.56172e+006, 6.20473e+007, 1802, 5306.17, 938, 1521
554, 56905, 5.29153e+007, 9.63805e+006, 6.25533e+007, 1819, 5298.54, 939, 1521
555, 57005, 5.27405e+007, 9.57806e+006, 6.23186e+007, 1808, 5297.6, 939, 1521
556, 57105, 5.29195e+007, 9.67435e+006, 6.25939e+007, 1822, 5309.74, 938, 1521
557, 57205, 5.29193e+007, 9.62707e+006, 6.25464e+007, 1819, 5292.51, 939, 1521
558, 57305, 5.2586e+007, 9.51366e+006, 6.20997e+007, 1799, 5288.3, 939, 1521
559, 57405, 5.2258e+007, 9.50663e+006, 6.17646e+007, 1792, 5305.04, 938, 1521
560, 57505, 5.25808e+007, 9.58347e+006, 6.21643e+007, 1806, 5306.46, 938, 1521
561, 57605, 5.25667e+007, 9.55215e+006, 6.21188e+007, 1802, 5300.86, 938, 1521
562, 57705, 5.25968e+007, 9.5543e+006, 6.21511e+007, 1804, 5296.18, 938, 1521
563, 57805, 5.28795e+007, 9.58526e+006, 6.24647e+007, 1816, 5278.23, 939, 1521
564, 57905, 5.28213e+007, 9.59828e+006, 6.24196e+007, 1818, 5279.58, 939, 1521
565, 58005, 5.23805e+007, 9.55518e+006, 6.19357e+007, 1803, 5299.6, 938, 1521
566, 58105, 5.23025e+007, 9.46282e+006, 6.17653e+007, 1791, 5283.54, 938, 1521
567, 58205, 5.20911e+007, 9.45532e+006, 6.15464e+007, 1786, 5294.13, 938, 1521
568, 58305, 5.26631e+007, 9.58006e+006, 6.22431e+007, 1813, 5284.09, 938, 1521
569, 58405, 5.21086e+007, 9.43645e+006, 6.1545e+007, 1787, 5280.61, 938, 1521
570, 58505, 5.24791e+007, 9.49627e+006, 6.19753e+007, 1800, 5275.71, 938, 1521
571, 58605, 5.18139e+007, 9.31715e+006, 6.11311e+007, 1767, 5272.86, 938, 1521
572, 58705, 5.20424e+007, 9.4322e+006, 6.14746e+007, 1788, 5275.28, 938, 1521
573, 58805, 5.2211e+007, 9.45834e+006, 6.16694e+007, 1791, 5281.04, 938, 1521
574, 58905, 5.20647e+007, 9.40994e+006, 6.14747e+007, 1787, 5265.78, 938, 1521
575, 59005, 5.22336e+007, 9.43894e+006, 6.16725e+007, 1790, 5273.15, 938, 1521
576, 59105, 5.21177e+007, 9.39848e+006, 6.15162e+007, 1784, 5268.21, 938, 1521
577, 59205, 5.22482e+007, 9.44681e+006, 6.1695e+007, 1791, 5274.6, 938, 1521
578, 59305, 5.24073e+007, 9.50452e+006, 6.19118e+007, 1801, 5277.36, 938, 1521
579, 59405, 5.21645e+007, 9.38907e+006, 6.15536e+007, 1787, 5254.1, 939, 1521
580, 59505, 5.21314e+007, 9.42247e+006, 6.15539e+007, 1786, 5275.74, 938, 1521
581, 59605, 5.28048e+007, 9.56274e+006, 6.23675e+007, 1816, 5265.83, 939, 1521
582, 59705, 5.25107e+007, 9.51392e+006, 6.20246e+007, 1804, 5273.79, 938, 1521
583, 59805, 5.23607e+007, 9.49293e+006, 6.18536e+007, 1797, 5282.66, 938, 1521
584, 59905, 5.22727e+007, 9.43563e+006, 6.17083e+007, 1791, 5268.36, 938, 1521
585, 60005, 5.23501e+007, 9.40859e+006, 6.17587e+007, 1792, 5250.33, 939, 1521
586, 60105, 5.22471e+007, 9.43523e+006, 6.16823e+007, 1793, 5262.26, 938, 1521
587, 60205, 5.19907e+007, 9.3833e+006, 6.1374e+007, 1784, 5259.7, 938, 1521
588, 60305, 5.17894e+007, 9.2999e+006, 6.10893e+007, 1768, 5260.12, 938, 1521
589, 60405, 5.23646e+007, 9.49797e+006, 6.18626e+007, 1801, 5273.72, 938, 1521
590, 60505, 5.19695e+007, 9.37358e+006, 6.13431e+007, 1781, 5263.1, 938, 1521
591, 60605, 5.203e+007, 9.36846e+006, 6.13984e+007, 1781, 5260.23, 938, 1521
592, 60705, 5.21492e+007, 9.45197e+006, 6.16011e+007, 1789, 5283.38, 938, 1521
593, 60805, 5.20629e+007, 9.41729e+006, 6.14802e+007, 1787, 5269.89, 938, 1521
594, 60905, 5.225e+007, 9.43629e+006, 6.16863e+007, 1793, 5262.85, 938, 1521
595, 61005, 5.19362e+007, 9.37404e+006, 6.13102e+007, 1781, 5263.36, 938, 1521
596, 61105, 5.18631e+007, 9.31884e+006, 6.11819e+007, 1774, 5253.01, 938, 1521
597, 61205, 5.17123e+007, 9.28796e+006, 6.10002e+007, 1767, 5256.34, 938, 1521
598, 61305, 5.2133e+007, 9.40586e+006, 6.15388e+007, 1786, 5266.44, 938, 1521
599, 61405, 5.19673e+007, 9.38084e+006, 6.13482e+007, 1783, 5261.27, 938, 1521
600, 61505, 5.1903e+007, 9.35668e+006, 6.12597e+007, 1778, 5262.48, 938, 1521