2, 100, 5.34062e+007, 1.61755e+007, 6.95817e+007, 2393, 6759.52, 908, 1463
3, 200, 5.30314e+007, 1.59833e+007, 6.90147e+007, 2380, 6715.67, 909, 1463
4, 300, 5.29073e+007, 1.58891e+007, 6.87964e+007, 2378, 6681.72, 909, 1463
5, 400, 5.26593e+007, 1.58049e+007, 6.84642e+007, 2363, 6688.48, 909, 1463
6, 500, 5.25491e+007, 1.56531e+007, 6.82022e+007, 2350, 6660.88, 909, 1463
7, 600, 5.28012e+007, 1.5676e+007, 6.84771e+007, 2357, 6650.82, 909, 1463
8, 700, 5.30784e+007, 1.57705e+007, 6.88489e+007, 2373, 6645.81, 909, 1463
9, 800, 5.26877e+007, 1.55522e+007, 6.82399e+007, 2348, 6623.58, 909, 1463
10, 900, 5.28247e+007, 1.54508e+007, 6.82755e+007, 2347, 6583.22, 909, 1463
11, 1000, 5.34314e+007, 1.5727e+007, 6.91584e+007, 2388, 6585.84, 909, 1463
12, 1100, 5.33775e+007, 1.56349e+007, 6.90124e+007, 2378, 6574.81, 909, 1463
13, 1200, 5.34969e+007, 1.55282e+007, 6.90251e+007, 2370, 6551.99, 909, 1463
14, 1300, 5.37535e+007, 1.56857e+007, 6.94392e+007, 2391, 6560.31, 909, 1463
15, 1400, 5.36359e+007, 1.55682e+007, 6.92041e+007, 2374, 6557.8, 909, 1463
16, 1500, 5.36482e+007, 1.55813e+007, 6.92296e+007, 2378, 6552.29, 909, 1463
17, 1600, 5.38121e+007, 1.56075e+007, 6.94196e+007, 2381, 6555.03, 909, 1463
18, 1700, 5.38825e+007, 1.54251e+007, 6.93076e+007, 2373, 6500.25, 909, 1463
19, 1800, 5.44804e+007, 1.57933e+007, 7.02737e+007, 2415, 6539.67, 908, 1463
20, 1900, 5.43894e+007, 1.55369e+007, 6.99263e+007, 2398, 6479.11, 909, 1463
21, 2000, 5.45387e+007, 1.56119e+007, 7.01506e+007, 2407, 6486.04, 909, 1463
22, 2100, 5.46316e+007, 1.55373e+007, 7.0169e+007, 2399, 6476.59, 909, 1463
23, 2200, 5.45389e+007, 1.5597e+007, 7.01359e+007, 2402, 6493.35, 909, 1463
24, 2300, 5.44224e+007, 1.53991e+007, 6.98215e+007, 2388, 6448.53, 909, 1463
25, 2400, 5.45048e+007, 1.54389e+007, 6.99437e+007, 2392, 6454.41, 909, 1463
26, 2500, 5.47481e+007, 1.54858e+007, 7.02339e+007, 2403, 6444.35, 908, 1463
27, 2600, 5.46077e+007, 1.53818e+007, 6.99895e+007, 2389, 6438.61, 909, 1463
28, 2700, 5.49983e+007, 1.54457e+007, 7.04441e+007, 2403, 6427.68, 909, 1463
29, 2800, 5.5077e+007, 1.54335e+007, 7.05105e+007, 2403, 6422.61, 909, 1463
30, 2900, 5.483e+007, 1.53214e+007, 7.01514e+007, 2392, 6405.27, 909, 1463
31, 3000, 5.51714e+007, 1.54712e+007, 7.06427e+007, 2406, 6430.26, 908, 1463
32, 3100, 5.53584e+007, 1.53686e+007, 7.07271e+007, 2410, 6377.02, 909, 1463
33, 3200, 5.53436e+007, 1.54107e+007, 7.07543e+007, 2409, 6397.13, 909, 1463
34, 3300, 5.5444e+007, 1.53785e+007, 7.08225e+007, 2408, 6386.41, 909, 1463
35, 3400, 5.57145e+007, 1.54523e+007, 7.11668e+007, 2424, 6374.73, 908, 1463
36, 3500, 5.59963e+007, 1.5513e+007, 7.15093e+007, 2434, 6373.45, 909, 1463
37, 3600, 5.58976e+007, 1.53884e+007, 7.12859e+007, 2427, 6340.49, 909, 1464
38, 3700, 5.60364e+007, 1.54134e+007, 7.14498e+007, 2429, 6345.58, 909, 1463
39, 3800, 5.62435e+007, 1.54181e+007, 7.16616e+007, 2435, 6331.87, 909, 1463
40, 3900, 5.64837e+007, 1.5446e+007, 7.19297e+007, 2442, 6325.16, 909, 1463
41, 4000, 5.66284e+007, 1.55432e+007, 7.21716e+007, 2454, 6333.83, 909, 1463
42, 4100, 5.64961e+007, 1.53324e+007, 7.18285e+007, 2435, 6296.67, 909, 1463
43, 4200, 5.65969e+007, 1.54163e+007, 7.20132e+007, 2439, 6320.73, 909, 1463
44, 4300, 5.66464e+007, 1.53599e+007, 7.20063e+007, 2436, 6305.38, 909, 1463
45, 4400, 5.6809e+007, 1.54211e+007, 7.22301e+007, 2444, 6309.8, 909, 1463
46, 4500, 5.69167e+007, 1.5324e+007, 7.22407e+007, 2441, 6277.76, 909, 1463
47, 4600, 5.7073e+007, 1.54072e+007, 7.24802e+007, 2455, 6275.83, 909, 1464
48, 4700, 5.72389e+007, 1.54666e+007, 7.27055e+007, 2457, 6294.9, 909, 1463
49, 4800, 5.74753e+007, 1.54621e+007, 7.29374e+007, 2463, 6277.74, 909, 1463
50, 4900, 5.76445e+007, 1.55162e+007, 7.31607e+007, 2478, 6261.57, 909, 1463
51, 5000, 5.73496e+007, 1.53592e+007, 7.27088e+007, 2454, 6258.84, 909, 1463
52, 5100, 5.73178e+007, 1.52869e+007, 7.26047e+007, 2448, 6244.67, 909, 1463
53, 5200, 5.74871e+007, 1.53303e+007, 7.28174e+007, 2459, 6234.36, 909, 1463
54, 5300, 5.79033e+007, 1.54407e+007, 7.3344e+007, 2477, 6233.62, 908, 1463
55, 5400, 5.79677e+007, 1.54819e+007, 7.34495e+007, 2477, 6250.24, 909, 1463
56, 5500, 5.81e+007, 1.54627e+007, 7.35628e+007, 2483, 6227.43, 909, 1463
57, 5600, 5.78933e+007, 1.53222e+007, 7.32155e+007, 2464, 6218.42, 909, 1463
58, 5700, 5.8248e+007, 1.54213e+007, 7.36694e+007, 2485, 6205.77, 909, 1463
59, 5800, 5.86746e+007, 1.5459e+007, 7.41336e+007, 2496, 6193.51, 909, 1463
60, 5900, 5.86026e+007, 1.54605e+007, 7.40632e+007, 2499, 6186.69, 909, 1463
61, 6000, 5.84401e+007, 1.54176e+007, 7.38576e+007, 2487, 6199.26, 909, 1463
62, 6100, 5.87096e+007, 1.54115e+007, 7.41211e+007, 2492, 6184.41, 909, 1463
63, 6200, 5.87706e+007, 1.54606e+007, 7.42312e+007, 2497, 6191.68, 909, 1463
64, 6300, 5.85043e+007, 1.52173e+007, 7.37217e+007, 2474, 6150.9, 909, 1463
65, 6400, 5.85441e+007, 1.53684e+007, 7.39125e+007, 2485, 6184.48, 909, 1463
66, 6500, 5.89975e+007, 1.53688e+007, 7.43663e+007, 2498, 6152.44, 909, 1463
67, 6600, 5.86818e+007, 1.53084e+007, 7.39902e+007, 2481, 6170.23, 909, 1463
68, 6700, 5.8981e+007, 1.5308e+007, 7.4289e+007, 2490, 6147.78, 909, 1463
69, 6800, 5.87686e+007, 1.54008e+007, 7.41694e+007, 2492, 6180.08, 909, 1464
70, 6900, 5.92662e+007, 1.53806e+007, 7.46468e+007, 2507, 6135.08, 909, 1464
71, 7010, 5.94419e+007, 1.5358e+007, 7.47999e+007, 2508, 6123.6, 909, 1463
72, 7100, 5.94468e+007, 1.54256e+007, 7.48724e+007, 2513, 6138.31, 909, 1463
73, 7200, 5.94513e+007, 1.53615e+007, 7.48128e+007, 2508, 6125, 909, 1463
74, 7300, 5.96925e+007, 1.53377e+007, 7.50302e+007, 2515, 6098.5, 909, 1463
75, 7400, 5.93719e+007, 1.51892e+007, 7.45611e+007, 2491, 6097.64, 909, 1463
76, 7500, 5.97288e+007, 1.54156e+007, 7.51443e+007, 2518, 6122.15, 909, 1463
77, 7610, 5.97022e+007, 1.53227e+007, 7.50249e+007, 2510, 6104.67, 909, 1463
78, 7710, 5.98524e+007, 1.52847e+007, 7.51371e+007, 2510, 6089.54, 909, 1463
79, 7800, 5.99748e+007, 1.54412e+007, 7.5416e+007, 2528, 6108.08, 909, 1463
80, 7900, 5.99167e+007, 1.53074e+007, 7.52241e+007, 2518, 6079.17, 909, 1463
81, 8010, 5.99222e+007, 1.53354e+007, 7.52575e+007, 2518, 6090.29, 909, 1463
82, 8100, 6.04031e+007, 1.53384e+007, 7.57415e+007, 2537, 6045.89, 908, 1464
83, 8200, 6.02809e+007, 1.53783e+007, 7.56592e+007, 2533, 6071.19, 909, 1463
84, 8300, 6.01053e+007, 1.52092e+007, 7.53145e+007, 2514, 6049.79, 909, 1463
85, 8410, 6.03633e+007, 1.52518e+007, 7.56151e+007, 2522, 6047.5, 909, 1464
86, 8510, 6.04378e+007, 1.54128e+007, 7.58506e+007, 2534, 6082.39, 909, 1463
87, 8610, 6.07179e+007, 1.53621e+007, 7.60801e+007, 2539, 6050.47, 909, 1463
88, 8700, 6.05321e+007, 1.52206e+007, 7.57527e+007, 2523, 6032.74, 909, 1463
89, 8810, 6.08329e+007, 1.53175e+007, 7.61504e+007, 2535, 6042.4, 908, 1463
90, 8900, 6.09144e+007, 1.53363e+007, 7.62507e+007, 2541, 6035.54, 909, 1463
91, 9010, 6.09705e+007, 1.53463e+007, 7.63168e+007, 2541, 6039.48, 909, 1464
92, 9110, 6.11783e+007, 1.54185e+007, 7.65969e+007, 2556, 6032.29, 909, 1464
93, 9210, 6.11567e+007, 1.53968e+007, 7.65535e+007, 2556, 6023.78, 909, 1464
94, 9310, 6.11978e+007, 1.5324e+007, 7.65218e+007, 2549, 6011.75, 909, 1464
95, 9410, 6.14017e+007, 1.52724e+007, 7.66741e+007, 2552, 5984.47, 908, 1463
96, 9510, 6.0964e+007, 1.51543e+007, 7.61182e+007, 2528, 5994.57, 909, 1463
97, 9610, 6.13993e+007, 1.53357e+007, 7.6735e+007, 2552, 6009.29, 909, 1463
98, 9710, 6.14852e+007, 1.52986e+007, 7.67838e+007, 2549, 6001.8, 909, 1463
99, 9810, 6.15259e+007, 1.53675e+007, 7.68934e+007, 2560, 6002.94, 909, 1463
100, 9910, 6.16022e+007, 1.52375e+007, 7.68397e+007, 2547, 5982.52, 909, 1463
101, 10010, 6.15411e+007, 1.52797e+007, 7.68208e+007, 2550, 5992.05, 909, 1463
102, 10110, 6.12875e+007, 1.52059e+007, 7.64934e+007, 2537, 5993.65, 909, 1464
103, 10210, 6.14958e+007, 1.52728e+007, 7.67686e+007, 2549, 5991.69, 908, 1463
104, 10310, 6.1992e+007, 1.53257e+007, 7.73177e+007, 2570, 5963.32, 909, 1463
105, 10410, 6.1676e+007, 1.52696e+007, 7.69456e+007, 2551, 5985.72, 909, 1463
106, 10510, 6.18045e+007, 1.52339e+007, 7.70384e+007, 2555, 5962.38, 909, 1463
107, 10610, 6.14957e+007, 1.52169e+007, 7.67125e+007, 2541, 5988.54, 909, 1463
108, 10710, 6.13232e+007, 1.51349e+007, 7.64582e+007, 2529, 5984.56, 909, 1463
109, 10810, 6.16859e+007, 1.51667e+007, 7.68527e+007, 2547, 5954.75, 908, 1463
110, 10910, 6.16769e+007, 1.51128e+007, 7.67897e+007, 2541, 5947.58, 909, 1463
111, 11010, 6.18162e+007, 1.51146e+007, 7.69308e+007, 2549, 5929.61, 909, 1463
112, 11110, 6.20065e+007, 1.52286e+007, 7.72351e+007, 2562, 5944.03, 909, 1464
113, 11210, 6.19755e+007, 1.51716e+007, 7.71471e+007, 2554, 5940.32, 909, 1463
114, 11310, 6.17865e+007, 1.51498e+007, 7.69363e+007, 2547, 5948.09, 909, 1463
115, 11410, 6.22145e+007, 1.52102e+007, 7.74247e+007, 2566, 5927.59, 909, 1463
116, 11510, 6.22145e+007, 1.52073e+007, 7.74218e+007, 2562, 5935.71, 909, 1463
117, 11610, 6.23563e+007, 1.52422e+007, 7.75985e+007, 2572, 5926.21, 909, 1464
118, 11710, 6.22539e+007, 1.51634e+007, 7.74173e+007, 2562, 5918.59, 909, 1463
119, 11810, 6.23073e+007, 1.51017e+007, 7.74089e+007, 2562, 5894.48, 908, 1463
120, 11910, 6.26394e+007, 1.5139e+007, 7.77784e+007, 2577, 5874.66, 909, 1463
121, 12010, 6.24168e+007, 1.51572e+007, 7.7574e+007, 2567, 5904.65, 908, 1463
122, 12110, 6.24503e+007, 1.50523e+007, 7.75026e+007, 2562, 5875.21, 909, 1463
123, 12210, 6.24083e+007, 1.51077e+007, 7.7516e+007, 2564, 5892.22, 909, 1463
124, 12310, 6.25443e+007, 1.51367e+007, 7.7681e+007, 2574, 5880.63, 909, 1464
125, 12410, 6.24637e+007, 1.50489e+007, 7.75126e+007, 2561, 5876.18, 909, 1464
126, 12510, 6.23913e+007, 1.5069e+007, 7.74604e+007, 2559, 5888.64, 909, 1464
127, 12610, 6.26588e+007, 1.50918e+007, 7.77506e+007, 2566, 5881.45, 908, 1463
128, 12709, 6.27738e+007, 1.51107e+007, 7.78845e+007, 2572, 5875.08, 908, 1464
129, 12809, 6.32966e+007, 1.52055e+007, 7.85022e+007, 2595, 5859.55, 909, 1464
130, 12909, 6.29162e+007, 1.51656e+007, 7.80818e+007, 2582, 5873.58, 908, 1464
131, 13009, 6.28686e+007, 1.51467e+007, 7.80154e+007, 2576, 5879.94, 909, 1464
132, 13109, 6.31017e+007, 1.51286e+007, 7.82302e+007, 2582, 5859.24, 908, 1463
133, 13209, 6.30503e+007, 1.50437e+007, 7.8094e+007, 2575, 5842.21, 909, 1463
134, 13309, 6.29394e+007, 1.50656e+007, 7.80051e+007, 2576, 5848.47, 909, 1463
135, 13409, 6.28674e+007, 1.49749e+007, 7.78424e+007, 2572, 5822.28, 909, 1463
136, 13509, 6.27641e+007, 1.49168e+007, 7.76809e+007, 2562, 5822.33, 908, 1463
137, 13609, 6.29875e+007, 1.50114e+007, 7.79989e+007, 2574, 5831.94, 908, 1463
138, 13709, 6.32446e+007, 1.50971e+007, 7.83416e+007, 2589, 5831.23, 909, 1464
139, 13809, 6.33586e+007, 1.50167e+007, 7.83753e+007, 2587, 5804.68, 909, 1464
140, 13909, 6.33371e+007, 1.50789e+007, 7.8416e+007, 2590, 5821.98, 908, 1464
141, 14009, 6.33038e+007, 1.50304e+007, 7.83342e+007, 2584, 5816.71, 909, 1464
142, 14109, 6.33327e+007, 1.50561e+007, 7.83888e+007, 2593, 5806.44, 909, 1463
143, 14209, 6.30414e+007, 1.49293e+007, 7.79707e+007, 2566, 5818.12, 908, 1464
144, 14309, 6.34793e+007, 1.5079e+007, 7.85582e+007, 2594, 5813.01, 908, 1464
145, 14410, 6.35817e+007, 1.50765e+007, 7.86583e+007, 2596, 5807.59, 908, 1463
146, 14510, 6.31825e+007, 1.4928e+007, 7.81105e+007, 2575, 5797.29, 909, 1464
147, 14610, 6.37469e+007, 1.51324e+007, 7.88793e+007, 2612, 5793.43, 908, 1464
148, 14710, 6.33544e+007, 1.4895e+007, 7.82494e+007, 2575, 5784.47, 908, 1464
149, 14810, 6.34223e+007, 1.49649e+007, 7.83872e+007, 2588, 5782.41, 908, 1463
150, 14910, 6.38915e+007, 1.50563e+007, 7.89478e+007, 2604, 5782, 908, 1464
151, 15010, 6.34879e+007, 1.49773e+007, 7.84652e+007, 2588, 5787.21, 908, 1464
152, 15110, 6.38293e+007, 1.50322e+007, 7.88615e+007, 2606, 5768.3, 908, 1464
153, 15210, 6.36534e+007, 1.49762e+007, 7.86297e+007, 2594, 5773.41, 908, 1464
154, 15310, 6.35546e+007, 1.49138e+007, 7.84685e+007, 2588, 5762.68, 909, 1464
155, 15410, 6.3274e+007, 1.48333e+007, 7.81072e+007, 2574, 5762.72, 908, 1464
156, 15510, 6.37262e+007, 1.48372e+007, 7.85635e+007, 2584, 5741.97, 908, 1464
157, 15610, 6.37281e+007, 1.48752e+007, 7.86034e+007, 2590, 5743.34, 909, 1464
158, 15710, 6.39829e+007, 1.49503e+007, 7.89332e+007, 2601, 5747.92, 908, 1463
159, 15810, 6.36129e+007, 1.48619e+007, 7.84749e+007, 2584, 5751.52, 909, 1463
160, 15910, 6.36281e+007, 1.48465e+007, 7.84746e+007, 2586, 5741.09, 909, 1464
161, 16010, 6.37746e+007, 1.48378e+007, 7.86124e+007, 2589, 5731.09, 909, 1464
162, 16110, 6.4024e+007, 1.48897e+007, 7.89137e+007, 2603, 5720.19, 908, 1463
163, 16210, 6.39781e+007, 1.49263e+007, 7.89044e+007, 2605, 5729.87, 908, 1463
164, 16310, 6.37649e+007, 1.48002e+007, 7.8565e+007, 2583, 5729.84, 908, 1464
165, 16410, 6.41286e+007, 1.49384e+007, 7.9067e+007, 2605, 5734.51, 908, 1463
166, 16510, 6.394e+007, 1.48355e+007, 7.87755e+007, 2598, 5710.35, 909, 1464
167, 16610, 6.41276e+007, 1.48661e+007, 7.89937e+007, 2601, 5715.54, 908, 1463
168, 16710, 6.35506e+007, 1.46972e+007, 7.82479e+007, 2578, 5701.02, 909, 1464
169, 16810, 6.36911e+007, 1.46644e+007, 7.83556e+007, 2578, 5688.3, 909, 1463
170, 16910, 6.37428e+007, 1.46976e+007, 7.84403e+007, 2580, 5696.74, 908, 1463
171, 17010, 6.38157e+007, 1.46883e+007, 7.8504e+007, 2581, 5690.92, 909, 1463
172, 17110, 6.37835e+007, 1.46791e+007, 7.84626e+007, 2579, 5691.79, 909, 1464
173, 17210, 6.41123e+007, 1.47238e+007, 7.88362e+007, 2591, 5682.68, 908, 1464
174, 17310, 6.39281e+007, 1.47379e+007, 7.8666e+007, 2587, 5696.9, 908, 1463
175, 17410, 6.43873e+007, 1.47696e+007, 7.91568e+007, 2605, 5669.69, 909, 1464
176, 17510, 6.41093e+007, 1.46794e+007, 7.87887e+007, 2589, 5669.93, 909, 1464
177, 17610, 6.43787e+007, 1.47856e+007, 7.91642e+007, 2606, 5673.67, 909, 1464
178, 17710, 6.41892e+007, 1.46709e+007, 7.88602e+007, 2593, 5657.9, 909, 1464
179, 17810, 6.44689e+007, 1.47585e+007, 7.92274e+007, 2607, 5661.1, 908, 1463
180, 17910, 6.45632e+007, 1.48092e+007, 7.93725e+007, 2615, 5663.19, 909, 1464
181, 18010, 6.44604e+007, 1.48204e+007, 7.92809e+007, 2602, 5695.79, 908, 1464
182, 18110, 6.44859e+007, 1.47717e+007, 7.92577e+007, 2607, 5666.19, 908, 1464
183, 18210, 6.43047e+007, 1.4797e+007, 7.91017e+007, 2604, 5682.43, 908, 1464
184, 18310, 6.42044e+007, 1.46397e+007, 7.88442e+007, 2588, 5656.77, 908, 1463
185, 18410, 6.43227e+007, 1.46697e+007, 7.89924e+007, 2595, 5653.06, 908, 1464
186, 18510, 6.43499e+007, 1.47028e+007, 7.90527e+007, 2596, 5663.64, 908, 1464
187, 18610, 6.40248e+007, 1.45137e+007, 7.85385e+007, 2577, 5632, 908, 1464
188, 18710, 6.41721e+007, 1.46169e+007, 7.87889e+007, 2588, 5647.94, 909, 1464
189, 18810, 6.43041e+007, 1.46024e+007, 7.89065e+007, 2592, 5633.64, 908, 1464
190, 18910, 6.44411e+007, 1.46444e+007, 7.90855e+007, 2597, 5638.98, 908, 1463
191, 19010, 6.46353e+007, 1.47186e+007, 7.93539e+007, 2608, 5643.63, 908, 1464
192, 19110, 6.45641e+007, 1.46801e+007, 7.92441e+007, 2598, 5650.53, 908, 1464
193, 19210, 6.43542e+007, 1.44929e+007, 7.88471e+007, 2581, 5615.23, 909, 1464
194, 19310, 6.42237e+007, 1.44612e+007, 7.86849e+007, 2577, 5611.66, 908, 1464
195, 19410, 6.45677e+007, 1.46155e+007, 7.91832e+007, 2600, 5621.33, 908, 1464
196, 19510, 6.46698e+007, 1.46286e+007, 7.92984e+007, 2601, 5624.22, 908, 1464
197, 19610, 6.46902e+007, 1.4628e+007, 7.93181e+007, 2602, 5621.82, 908, 1464
198, 19710, 6.46945e+007, 1.46869e+007, 7.93814e+007, 2612, 5622.87, 908, 1464
199, 19810, 6.48995e+007, 1.46818e+007, 7.95812e+007, 2617, 5610.15, 908, 1464
200, 19910, 6.46561e+007, 1.45482e+007, 7.92043e+007, 2601, 5593.33, 909, 1464
201, 20010, 6.44511e+007, 1.44937e+007, 7.89448e+007, 2592, 5591.69, 909, 1464
202, 20110, 6.48359e+007, 1.46175e+007, 7.94534e+007, 2613, 5594.16, 909, 1464
203, 20210, 6.44869e+007, 1.4467e+007, 7.89539e+007, 2586, 5594.35, 909, 1464
204, 20310, 6.44722e+007, 1.44834e+007, 7.89556e+007, 2589, 5594.21, 909, 1464
205, 20410, 6.44894e+007, 1.44612e+007, 7.89506e+007, 2592, 5579.16, 909, 1464
206, 20510, 6.47965e+007, 1.45421e+007, 7.93386e+007, 2606, 5580.23, 908, 1464
207, 20610, 6.4631e+007, 1.45005e+007, 7.91315e+007, 2598, 5581.41, 908, 1464
208, 20710, 6.45861e+007, 1.4487e+007, 7.90731e+007, 2601, 5569.76, 908, 1464
209, 20810, 6.47244e+007, 1.44604e+007, 7.91849e+007, 2603, 5555.3, 908, 1464
210, 20910, 6.47242e+007, 1.4545e+007, 7.92691e+007, 2605, 5583.49, 908, 1464
211, 21010, 6.49031e+007, 1.45209e+007, 7.94239e+007, 2613, 5557.16, 908, 1464
212, 21110, 6.45143e+007, 1.43498e+007, 7.88641e+007, 2589, 5542.59, 909, 1464
213, 21210, 6.43837e+007, 1.43182e+007, 7.87019e+007, 2577, 5556.14, 908, 1464
214, 21310, 6.44235e+007, 1.43373e+007, 7.87609e+007, 2582, 5552.8, 908, 1464
215, 21410, 6.47392e+007, 1.43846e+007, 7.91238e+007, 2598, 5536.81, 908, 1464
216, 21510, 6.49632e+007, 1.45786e+007, 7.95418e+007, 2620, 5564.35, 908, 1464
217, 21610, 6.48186e+007, 1.43721e+007, 7.91908e+007, 2597, 5534.13, 908, 1464
218, 21710, 6.42061e+007, 1.43055e+007, 7.85116e+007, 2573, 5559.86, 908, 1464
219, 21810, 6.48221e+007, 1.44319e+007, 7.9254e+007, 2603, 5544.33, 908, 1464
220, 21910, 6.48431e+007, 1.43923e+007, 7.92353e+007, 2600, 5535.49, 908, 1464
221, 22010, 6.4684e+007, 1.43749e+007, 7.90589e+007, 2596, 5537.33, 908, 1464
222, 22110, 6.5276e+007, 1.45504e+007, 7.98264e+007, 2627, 5538.81, 908, 1464
223, 22210, 6.49068e+007, 1.4355e+007, 7.92618e+007, 2599, 5523.29, 908, 1464
224, 22310, 6.48972e+007, 1.44012e+007, 7.92984e+007, 2605, 5528.28, 908, 1464
225, 22410, 6.47791e+007, 1.42815e+007, 7.90605e+007, 2595, 5503.45, 908, 1464
226, 22510, 6.48046e+007, 1.42858e+007, 7.90903e+007, 2593, 5509.36, 908, 1464
227, 22610, 6.50414e+007, 1.45003e+007, 7.95417e+007, 2616, 5542.91, 908, 1464
228, 22710, 6.5059e+007, 1.42746e+007, 7.93336e+007, 2599, 5492.34, 908, 1464
229, 22810, 6.49185e+007, 1.43602e+007, 7.92787e+007, 2603, 5516.78, 908, 1464
230, 22910, 6.50146e+007, 1.4333e+007, 7.93476e+007, 2603, 5506.34, 908, 1464
231, 23010, 6.49217e+007, 1.43403e+007, 7.92621e+007, 2601, 5513.4, 908, 1464
232, 23110, 6.49199e+007, 1.43184e+007, 7.92383e+007, 2598, 5511.33, 908, 1464
233, 23210, 6.49393e+007, 1.42266e+007, 7.91659e+007, 2592, 5488.66, 909, 1464
234, 23310, 6.48615e+007, 1.42284e+007, 7.90899e+007, 2590, 5493.61, 908, 1464
235, 23410, 6.51619e+007, 1.43546e+007, 7.95165e+007, 2607, 5506.17, 908, 1464
236, 23510, 6.49759e+007, 1.42458e+007, 7.92217e+007, 2600, 5479.14, 909, 1464
237, 23610, 6.52257e+007, 1.43056e+007, 7.95313e+007, 2615, 5470.58, 908, 1464
238, 23710, 6.49288e+007, 1.42288e+007, 7.91576e+007, 2594, 5485.27, 908, 1464
239, 23810, 6.54016e+007, 1.4281e+007, 7.96827e+007, 2616, 5459.11, 908, 1464
240, 23910, 6.52004e+007, 1.42731e+007, 7.94735e+007, 2609, 5470.71, 908, 1464
241, 24010, 6.5085e+007, 1.42036e+007, 7.92886e+007, 2601, 5460.82, 908, 1464
242, 24110, 6.51576e+007, 1.42366e+007, 7.93942e+007, 2604, 5467.2, 908, 1463
243, 24210, 6.50154e+007, 1.41562e+007, 7.91715e+007, 2594, 5457.27, 908, 1463
244, 24310, 6.48652e+007, 1.42185e+007, 7.90837e+007, 2593, 5483.42, 908, 1462
245, 24410, 6.47066e+007, 1.41392e+007, 7.88458e+007, 2583, 5473.95, 908, 1462
246, 24510, 6.46436e+007, 1.40463e+007, 7.86899e+007, 2583, 5437.98, 908, 1462
247, 24610, 6.48847e+007, 1.4148e+007, 7.90327e+007, 2593, 5456.25, 908, 1463
248, 24710, 6.48124e+007, 1.40849e+007, 7.88974e+007, 2578, 5463.52, 908, 1463
249, 24810, 6.5646e+007, 1.42923e+007, 7.99384e+007, 2621, 5453.01, 908, 1464
250, 24910, 6.51635e+007, 1.41412e+007, 7.93047e+007, 2599, 5441.02, 908, 1463
251, 25010, 6.50601e+007, 1.40651e+007, 7.91252e+007, 2588, 5434.74, 908, 1464
252, 25110, 6.53911e+007, 1.42094e+007, 7.96005e+007, 2614, 5435.87, 908, 1464
253, 25210, 6.51801e+007, 1.41395e+007, 7.93196e+007, 2606, 5425.73, 908, 1464
254, 25310, 6.51166e+007, 1.40487e+007, 7.91653e+007, 2596, 5411.68, 908, 1464
255, 25410, 6.54654e+007, 1.41556e+007, 7.9621e+007, 2613, 5417.36, 908, 1464
256, 25510, 6.50047e+007, 1.4048e+007, 7.90527e+007, 2591, 5421.86, 908, 1464
257, 25610, 6.48988e+007, 1.39655e+007, 7.88643e+007, 2580, 5412.99, 908, 1464
258, 25710, 6.50063e+007, 1.40857e+007, 7.9092e+007, 2589, 5440.6, 908, 1464
259, 25810, 6.5061e+007, 1.40176e+007, 7.90786e+007, 2591, 5410.13, 908, 1464
260, 25910, 6.49518e+007, 1.39525e+007, 7.89043e+007, 2582, 5403.75, 908, 1464
261, 26010, 6.49392e+007, 1.39446e+007, 7.88838e+007, 2585, 5394.43, 908, 1464
262, 26110, 6.5175e+007, 1.40088e+007, 7.91838e+007, 2595, 5398.37, 908, 1464
263, 26210, 6.50838e+007, 1.39925e+007, 7.90763e+007, 2589, 5404.59, 908, 1464
264, 26310, 6.48825e+007, 1.39367e+007, 7.88192e+007, 2577, 5408.1, 908, 1464
265, 26410, 6.52228e+007, 1.40494e+007, 7.92722e+007, 2602, 5399.47, 908, 1464
266, 26510, 6.54496e+007, 1.4141e+007, 7.95906e+007, 2614, 5409.7, 908, 1464
267, 26610, 6.54209e+007, 1.40825e+007, 7.95034e+007, 2609, 5397.67, 908, 1464
268, 26710, 6.53165e+007, 1.39873e+007, 7.93038e+007, 2596, 5388.01, 908, 1464
269, 26810, 6.51038e+007, 1.39376e+007, 7.90415e+007, 2587, 5387.57, 908, 1464
270, 26910, 6.49842e+007, 1.39701e+007, 7.89543e+007, 2590, 5393.85, 908, 1464
271, 27010, 6.51916e+007, 1.38915e+007, 7.90831e+007, 2588, 5367.66, 908, 1464
272, 27110, 6.50815e+007, 1.38715e+007, 7.8953e+007, 2586, 5364.07, 908, 1464
273, 27210, 6.51056e+007, 1.39126e+007, 7.90182e+007, 2587, 5377.89, 908, 1464
274, 27310, 6.50582e+007, 1.39071e+007, 7.89653e+007, 2589, 5371.61, 908, 1463
275, 27410, 6.47217e+007, 1.38606e+007, 7.85823e+007, 2578, 5376.49, 908, 1464
276, 27510, 6.53199e+007, 1.40403e+007, 7.93602e+007, 2601, 5398.02, 908, 1464
277, 27610, 6.54869e+007, 1.39223e+007, 7.94092e+007, 2594, 5367.1, 908, 1464
278, 27710, 6.57065e+007, 1.40603e+007, 7.97668e+007, 2610, 5387.08, 908, 1464
279, 27810, 6.55425e+007, 1.39421e+007, 7.94846e+007, 2595, 5372.67, 908, 1464
280, 27910, 6.54834e+007, 1.38912e+007, 7.93746e+007, 2590, 5363.4, 908, 1464
281, 28010, 6.60326e+007, 1.40323e+007, 8.00649e+007, 2623, 5349.72, 908, 1464
282, 28110, 6.59493e+007, 1.40234e+007, 7.99727e+007, 2615, 5362.68, 908, 1464
283, 28210, 6.57221e+007, 1.38924e+007, 7.96145e+007, 2601, 5341.16, 908, 1464
284, 28310, 6.54273e+007, 1.38264e+007, 7.92538e+007, 2583, 5352.86, 908, 1464
285, 28410, 6.56429e+007, 1.38887e+007, 7.95316e+007, 2598, 5345.93, 908, 1464
286, 28510, 6.57633e+007, 1.38596e+007, 7.96229e+007, 2598, 5334.72, 908, 1464
287, 28610, 6.59188e+007, 1.39794e+007, 7.98983e+007, 2611, 5354.06, 908, 1464
288, 28710, 6.56926e+007, 1.38956e+007, 7.95882e+007, 2602, 5340.37, 908, 1464
289, 28810, 6.5344e+007, 1.37837e+007, 7.91276e+007, 2581, 5340.44, 908, 1463
290, 28910, 6.61123e+007, 1.40288e+007, 8.01411e+007, 2623, 5348.39, 908, 1464
291, 29010, 6.55107e+007, 1.37664e+007, 7.92771e+007, 2584, 5327.55, 908, 1464
292, 29110, 6.57374e+007, 1.38019e+007, 7.95393e+007, 2594, 5320.71, 908, 1464
293, 29210, 6.54209e+007, 1.3828e+007, 7.92488e+007, 2591, 5336.92, 908, 1463
294, 29310, 6.5634e+007, 1.37759e+007, 7.94099e+007, 2592, 5314.77, 908, 1464
295, 29410, 6.56385e+007, 1.38004e+007, 7.94389e+007, 2592, 5324.22, 908, 1464
296, 29510, 6.56805e+007, 1.38626e+007, 7.95432e+007, 2600, 5331.78, 908, 1464
297, 29610, 6.5666e+007, 1.38323e+007, 7.94984e+007, 2597, 5326.27, 908, 1464
298, 29710, 6.56017e+007, 1.3816e+007, 7.94177e+007, 2591, 5332.3, 908, 1464
299, 29810, 6.61367e+007, 1.39442e+007, 8.0081e+007, 2625, 5312.09, 908, 1464
300, 29910, 6.5896e+007, 1.38362e+007, 7.97322e+007, 2608, 5305.29, 908, 1464
301, 30010, 6.59728e+007, 1.3844e+007, 7.98168e+007, 2609, 5306.26, 908, 1464
302, 30110, 6.58457e+007, 1.38446e+007, 7.96904e+007, 2607, 5310.57, 908, 1464
303, 30210, 6.56943e+007, 1.37403e+007, 7.94346e+007, 2597, 5290.85, 908, 1464
304, 30310, 6.56897e+007, 1.37902e+007, 7.94799e+007, 2600, 5303.91, 908, 1464
305, 30410, 6.55948e+007, 1.37005e+007, 7.92953e+007, 2591, 5287.74, 908, 1464
306, 30510, 6.56755e+007, 1.37614e+007, 7.9437e+007, 2599, 5294.9, 908, 1464
307, 30610, 6.58606e+007, 1.37246e+007, 7.95852e+007, 2602, 5274.64, 908, 1464
308, 30710, 6.58252e+007, 1.37241e+007, 7.95493e+007, 2604, 5270.38, 908, 1464
309, 30810, 6.58156e+007, 1.36986e+007, 7.95142e+007, 2595, 5278.83, 908, 1463
310, 30910, 6.56718e+007, 1.3768e+007, 7.94398e+007, 2598, 5299.46, 908, 1464
311, 31010, 6.57946e+007, 1.37228e+007, 7.95174e+007, 2600, 5278, 908, 1464
312, 31110, 6.53633e+007, 1.358e+007, 7.89433e+007, 2576, 5271.75, 908, 1464
313, 31210, 6.57195e+007, 1.36534e+007, 7.93729e+007, 2594, 5263.44, 908, 1464
314, 31310, 6.54731e+007, 1.36281e+007, 7.91012e+007, 2585, 5272.01, 908, 1464
315, 31410, 6.54202e+007, 1.3606e+007, 7.90261e+007, 2579, 5275.67, 908, 1464
316, 31510, 6.58863e+007, 1.3674e+007, 7.95603e+007, 2604, 5251.14, 908, 1464
317, 31610, 6.54575e+007, 1.36349e+007, 7.90924e+007, 2580, 5284.85, 908, 1464
318, 31710, 6.56977e+007, 1.36477e+007, 7.93453e+007, 2591, 5267.33, 908, 1464
319, 31810, 6.59316e+007, 1.36436e+007, 7.95752e+007, 2601, 5245.5, 908, 1464
320, 31910, 6.55158e+007, 1.34992e+007, 7.9015e+007, 2581, 5230.23, 908, 1464
321, 32010, 6.57243e+007, 1.36454e+007, 7.93696e+007, 2600, 5248.22, 908, 1464
322, 32110, 6.57877e+007, 1.3607e+007, 7.93947e+007, 2597, 5239.5, 908, 1464
323, 32210, 6.57267e+007, 1.35808e+007, 7.93075e+007, 2597, 5229.41, 908, 1464
324, 32310, 6.55965e+007, 1.35383e+007, 7.91347e+007, 2586, 5235.21, 908, 1464
325, 32410, 6.59056e+007, 1.34997e+007, 7.94053e+007, 2593, 5206.23, 908, 1464
326, 32510, 6.53656e+007, 1.35276e+007, 7.88932e+007, 2579, 5245.29, 908, 1464
327, 32610, 6.5858e+007, 1.36144e+007, 7.94724e+007, 2596, 5244.38, 908, 1464
328, 32710, 6.56429e+007, 1.35342e+007, 7.91771e+007, 2587, 5231.62, 908, 1464
329, 32810, 6.53175e+007, 1.34018e+007, 7.87193e+007, 2570, 5214.69, 908, 1464
330, 32910, 6.5333e+007, 1.34621e+007, 7.87952e+007, 2576, 5225.99, 908, 1464
331, 33010, 6.55785e+007, 1.34248e+007, 7.90033e+007, 2584, 5195.37, 908, 1464
332, 33110, 6.53333e+007, 1.34087e+007, 7.8742e+007, 2574, 5209.3, 908, 1464
333, 33210, 6.52472e+007, 1.33565e+007, 7.86037e+007, 2567, 5203.16, 908, 1464
334, 33310, 6.55753e+007, 1.34093e+007, 7.89845e+007, 2581, 5195.38, 908, 1464
335, 33410, 6.53439e+007, 1.33964e+007, 7.87403e+007, 2572, 5208.54, 908, 1464
336, 33510, 6.57205e+007, 1.34637e+007, 7.91843e+007, 2590, 5198.35, 908, 1463
337, 33610, 6.5304e+007, 1.33057e+007, 7.86097e+007, 2568, 5181.34, 908, 1464
338, 33710, 6.5628e+007, 1.33867e+007, 7.90146e+007, 2588, 5172.59, 908, 1464
339, 33810, 6.51997e+007, 1.33626e+007, 7.85623e+007, 2567, 5205.52, 908, 1464
340, 33910, 6.56128e+007, 1.34443e+007, 7.90571e+007, 2590, 5190.85, 908, 1464
341, 34010, 6.53933e+007, 1.33243e+007, 7.87176e+007, 2572, 5180.53, 909, 1464
342, 34110, 6.52654e+007, 1.32615e+007, 7.85269e+007, 2563, 5174.23, 908, 1464
343, 34210, 6.58297e+007, 1.34154e+007, 7.9245e+007, 2590, 5179.67, 908, 1464
344, 34310, 6.55307e+007, 1.33135e+007, 7.88443e+007, 2575, 5170.31, 908, 1464
345, 34410, 6.53442e+007, 1.32772e+007, 7.86215e+007, 2571, 5164.23, 908, 1464
346, 34510, 6.53698e+007, 1.33538e+007, 7.87235e+007, 2577, 5181.9, 908, 1464
347, 34610, 6.56994e+007, 1.33111e+007, 7.90105e+007, 2581, 5157.35, 908, 1464
348, 34710, 6.54961e+007, 1.32721e+007, 7.87681e+007, 2570, 5164.23, 908, 1464
349, 34810, 6.56897e+007, 1.32965e+007, 7.89862e+007, 2579, 5155.7, 908, 1463
350, 34910, 6.53749e+007, 1.32171e+007, 7.8592e+007, 2564, 5154.88, 908, 1464
351, 35010, 6.54772e+007, 1.32697e+007, 7.87469e+007, 2580, 5143.3, 908, 1464
352, 35110, 6.52448e+007, 1.31659e+007, 7.84107e+007, 2559, 5144.95, 908, 1463
353, 35210, 6.53035e+007, 1.32833e+007, 7.85868e+007, 2571, 5166.59, 908, 1464
354, 35310, 6.56187e+007, 1.33015e+007, 7.89201e+007, 2587, 5141.66, 908, 1464
355, 35410, 6.56903e+007, 1.32058e+007, 7.8896e+007, 2575, 5128.46, 908, 1464
356, 35510, 6.536e+007, 1.31996e+007, 7.85596e+007, 2568, 5140.03, 908, 1464
357, 35610, 6.57597e+007, 1.32194e+007, 7.89791e+007, 2581, 5121.8, 908, 1464
358, 35710, 6.58333e+007, 1.32835e+007, 7.91168e+007, 2590, 5128.77, 908, 1464
359, 35810, 6.54549e+007, 1.3155e+007, 7.86099e+007, 2569, 5120.68, 908, 1464
360, 35910, 6.53998e+007, 1.31486e+007, 7.85484e+007, 2563, 5130.16, 908, 1464
361, 36010, 6.5596e+007, 1.31072e+007, 7.87031e+007, 2570, 5100.07, 908, 1464
362, 36110, 6.55728e+007, 1.31477e+007, 7.87206e+007, 2575, 5105.91, 908, 1464
363, 36210, 6.56353e+007, 1.31681e+007, 7.88034e+007, 2580, 5103.92, 908, 1464
364, 36310, 6.56717e+007, 1.32205e+007, 7.88923e+007, 2580, 5124.24, 908, 1464
365, 36410, 6.5305e+007, 1.31117e+007, 7.84167e+007, 2565, 5111.78, 908, 1464
366, 36510, 6.53839e+007, 1.3159e+007, 7.85429e+007, 2571, 5118.25, 908, 1464
367, 36610, 6.53534e+007, 1.30909e+007, 7.84442e+007, 2566, 5101.66, 908, 1464
368, 36710, 6.56871e+007, 1.30594e+007, 7.87465e+007, 2576, 5069.65, 908, 1464
369, 36810, 6.55442e+007, 1.30743e+007, 7.86185e+007, 2576, 5075.43, 908, 1464
370, 36910, 6.58526e+007, 1.32133e+007, 7.90658e+007, 2587, 5107.56, 908, 1464
371, 37010, 6.55004e+007, 1.31309e+007, 7.86313e+007, 2569, 5111.28, 908, 1464
372, 37110, 6.54648e+007, 1.30779e+007, 7.85427e+007, 2569, 5090.67, 908, 1464
373, 37210, 6.55167e+007, 1.31092e+007, 7.86259e+007, 2569, 5102.86, 908, 1464
374, 37310, 6.56443e+007, 1.31508e+007, 7.8795e+007, 2579, 5099.17, 908, 1463
375, 37410, 6.55948e+007, 1.3206e+007, 7.88008e+007, 2576, 5126.55, 908, 1464
376, 37510, 6.52331e+007, 1.31225e+007, 7.83556e+007, 2562, 5121.98, 908, 1464
377, 37610, 6.55045e+007, 1.32116e+007, 7.87161e+007, 2575, 5130.71, 908, 1464
378, 37710, 6.53929e+007, 1.3123e+007, 7.85159e+007, 2571, 5104.23, 908, 1464
379, 37810, 6.53694e+007, 1.30679e+007, 7.84373e+007, 2563, 5098.67, 908, 1464
380, 37910, 6.52885e+007, 1.31903e+007, 7.84789e+007, 2571, 5130.43, 908, 1464
381, 38010, 6.53997e+007, 1.31048e+007, 7.85045e+007, 2563, 5113.07, 908, 1464
382, 38110, 6.50516e+007, 1.29675e+007, 7.80191e+007, 2549, 5087.3, 908, 1464
383, 38210, 6.53311e+007, 1.30341e+007, 7.83652e+007, 2561, 5089.46, 908, 1464
384, 38310, 6.52747e+007, 1.29858e+007, 7.82605e+007, 2555, 5082.52, 908, 1464
385, 38410, 6.53709e+007, 1.30017e+007, 7.83727e+007, 2557, 5084.76, 908, 1464
386, 38510, 6.52287e+007, 1.30083e+007, 7.8237e+007, 2562, 5077.39, 908, 1464
387, 38610, 6.55632e+007, 1.31126e+007, 7.86758e+007, 2580, 5082.39, 908, 1464
388, 38710, 6.54117e+007, 1.30227e+007, 7.84344e+007, 2565, 5077.09, 908, 1464
389, 38810, 6.51983e+007, 1.30094e+007, 7.82077e+007, 2557, 5087.77, 908, 1464
390, 38910, 6.52489e+007, 1.29879e+007, 7.82367e+007, 2556, 5081.33, 908, 1464
391, 39010, 6.53746e+007, 1.30723e+007, 7.84469e+007, 2565, 5096.4, 908, 1464
392, 39110, 6.51859e+007, 1.29931e+007, 7.8179e+007, 2556, 5083.39, 908, 1464
393, 39210, 6.53579e+007, 1.30376e+007, 7.83955e+007, 2563, 5086.84, 908, 1464
394, 39310, 6.53901e+007, 1.3053e+007, 7.84431e+007, 2573, 5073.08, 908, 1464
395, 39410, 6.529e+007, 1.30669e+007, 7.83569e+007, 2568, 5088.36, 908, 1464
396, 39510, 6.54137e+007, 1.31586e+007, 7.85723e+007, 2576, 5108.15, 908, 1464
397, 39610, 6.53265e+007, 1.31039e+007, 7.84304e+007, 2565, 5108.74, 908, 1464
398, 39710, 6.56011e+007, 1.3192e+007, 7.87931e+007, 2578, 5117.15, 908, 1464
399, 39810, 6.52136e+007, 1.31083e+007, 7.83219e+007, 2565, 5110.45, 908, 1464
400, 39910, 6.49507e+007, 1.29604e+007, 7.79111e+007, 2546, 5090.49, 908, 1464
401, 40010, 6.52149e+007, 1.30897e+007, 7.83045e+007, 2566, 5101.2, 908, 1464
402, 40110, 6.54404e+007, 1.31116e+007, 7.8552e+007, 2573, 5095.85, 908, 1464
403, 40210, 6.5069e+007, 1.298e+007, 7.8049e+007, 2557, 5076.28, 908, 1464
404, 40310, 6.5164e+007, 1.30142e+007, 7.81782e+007, 2562, 5079.71, 908, 1464
405, 40410, 6.54145e+007, 1.31511e+007, 7.85657e+007, 2578, 5101.29, 908, 1464
406, 40510, 6.5541e+007, 1.30959e+007, 7.8637e+007, 2576, 5083.83, 908, 1464
407, 40610, 6.52039e+007, 1.29215e+007, 7.81254e+007, 2559, 5049.42, 908, 1464
408, 40710, 6.53525e+007, 1.29767e+007, 7.83292e+007, 2566, 5057.17, 908, 1464
409, 40810, 6.49244e+007, 1.28652e+007, 7.77896e+007, 2540, 5065.06, 908, 1464
410, 40910, 6.51874e+007, 1.29311e+007, 7.81185e+007, 2557, 5057.15, 908, 1464
411, 41010, 6.51154e+007, 1.29665e+007, 7.80818e+007, 2559, 5067.01, 908, 1464
412, 41110, 6.52025e+007, 1.29707e+007, 7.81731e+007, 2565, 5056.79, 908, 1464
413, 41210, 6.53251e+007, 1.2883e+007, 7.82081e+007, 2563, 5026.55, 908, 1464
414, 41310, 6.53078e+007, 1.29534e+007, 7.82612e+007, 2566, 5048.1, 908, 1464
415, 41410, 6.47809e+007, 1.28025e+007, 7.75834e+007, 2538, 5044.31, 908, 1464
416, 41510, 6.51948e+007, 1.30015e+007, 7.81964e+007, 2567, 5064.88, 908, 1464
417, 41610, 6.49263e+007, 1.28639e+007, 7.77902e+007, 2554, 5036.77, 908, 1464
418, 41710, 6.51241e+007, 1.28773e+007, 7.80014e+007, 2555, 5040.05, 908, 1464
419, 41810, 6.51452e+007, 1.2923e+007, 7.80682e+007, 2560, 5048.03, 908, 1464
420, 41910, 6.53543e+007, 1.29212e+007, 7.82755e+007, 2567, 5033.57, 908, 1464
421, 42010, 6.53523e+007, 1.28645e+007, 7.82168e+007, 2561, 5023.24, 908, 1464
422, 42110, 6.50378e+007, 1.28085e+007, 7.78463e+007, 2546, 5030.83, 908, 1464
423, 42210, 6.52746e+007, 1.28988e+007, 7.81734e+007, 2566, 5026.81, 908, 1464
424, 42310, 6.46266e+007, 1.273e+007, 7.73566e+007, 2527, 5037.58, 908, 1464
425, 42410, 6.49203e+007, 1.281e+007, 7.77303e+007, 2546, 5031.41, 908, 1464
426, 42510, 6.5088e+007, 1.28152e+007, 7.79032e+007, 2557, 5011.82, 908, 1464
427, 42610, 6.50375e+007, 1.27869e+007, 7.78244e+007, 2553, 5008.58, 908, 1464
428, 42710, 6.52338e+007, 1.28773e+007, 7.81112e+007, 2570, 5010.63, 908, 1464
429, 42810, 6.54429e+007, 1.28224e+007, 7.82653e+007, 2573, 4983.43, 908, 1464
430, 42910, 6.49085e+007, 1.27721e+007, 7.76805e+007, 2548, 5012.59, 908, 1464
431, 43010, 6.53562e+007, 1.28257e+007, 7.81819e+007, 2568, 4994.43, 908, 1464
432, 43110, 6.53944e+007, 1.27888e+007, 7.81832e+007, 2563, 4989.76, 908, 1464
433, 43210, 6.47567e+007, 1.26498e+007, 7.74066e+007, 2534, 4992.04, 908, 1464
434, 43309, 6.54764e+007, 1.28969e+007, 7.83732e+007, 2580, 4998.79, 908, 1464
435, 43409, 6.50882e+007, 1.27583e+007, 7.78464e+007, 2556, 4991.49, 908, 1464
436, 43509, 6.50364e+007, 1.272e+007, 7.77563e+007, 2549, 4990.18, 908, 1464
437, 43609, 6.50134e+007, 1.27561e+007, 7.77695e+007, 2553, 4996.51, 908, 1464
438, 43709, 6.49681e+007, 1.27049e+007, 7.7673e+007, 2546, 4990.14, 908, 1464
439, 43809, 6.49608e+007, 1.27129e+007, 7.76737e+007, 2550, 4985.47, 908, 1464
440, 43910, 6.5446e+007, 1.27951e+007, 7.82412e+007, 2578, 4963.21, 908, 1464
441, 44009, 6.53652e+007, 1.2994e+007, 7.83592e+007, 2575, 5046.23, 908, 1464
442, 44109, 6.49393e+007, 1.29141e+007, 7.78534e+007, 2553, 5058.4, 908, 1464
443, 44209, 6.50117e+007, 1.2969e+007, 7.79807e+007, 2557, 5071.95, 908, 1464
444, 44309, 6.5248e+007, 1.30673e+007, 7.83154e+007, 2573, 5078.64, 908, 1464
445, 44409, 6.50001e+007, 1.30175e+007, 7.80176e+007, 2556, 5092.92, 908, 1464
446, 44509, 6.46624e+007, 1.29227e+007, 7.75851e+007, 2546, 5075.69, 908, 1464
447, 44609, 6.50476e+007, 1.30254e+007, 7.80729e+007, 2563, 5082.07, 908, 1464
448, 44709, 6.44959e+007, 1.28726e+007, 7.73684e+007, 2540, 5067.93, 908, 1464
449, 44809, 6.4814e+007, 1.29672e+007, 7.77813e+007, 2557, 5071.27, 908, 1464
450, 44910, 6.46718e+007, 1.29186e+007, 7.75904e+007, 2543, 5080.07, 908, 1464
451, 45010, 6.49329e+007, 1.30037e+007, 7.79366e+007, 2559, 5081.54, 908, 1464
452, 45109, 6.4774e+007, 1.2828e+007, 7.7602e+007, 2545, 5040.48, 908, 1464
453, 45209, 6.46635e+007, 1.28717e+007, 7.75352e+007, 2545, 5057.64, 908, 1464
454, 45309, 6.43717e+007, 1.28089e+007, 7.71806e+007, 2535, 5052.84, 908, 1464
455, 45409, 6.47118e+007, 1.28431e+007, 7.75549e+007, 2543, 5050.36, 908, 1464
456, 45509, 6.44581e+007, 1.27967e+007, 7.72548e+007, 2542, 5034.11, 908, 1464
457, 45609, 6.41438e+007, 1.2795e+007, 7.69388e+007, 2529, 5059.33, 908, 1464
458, 45709, 6.43101e+007, 1.28492e+007, 7.71593e+007, 2542, 5054.77, 908, 1463
459, 45809, 6.42297e+007, 1.27695e+007, 7.69992e+007, 2534, 5039.25, 908, 1464
460, 45909, 6.38327e+007, 1.27189e+007, 7.65515e+007, 2519, 5049.17, 908, 1464
461, 46009, 6.43437e+007, 1.2802e+007, 7.71457e+007, 2540, 5040.15, 908, 1464
462, 46109, 6.39869e+007, 1.27213e+007, 7.67082e+007, 2521, 5046.13, 908, 1464
463, 46210, 6.44559e+007, 1.27658e+007, 7.72217e+007, 2541, 5023.94, 908, 1464
464, 46310, 6.41885e+007, 1.27653e+007, 7.69539e+007, 2532, 5041.61, 908, 1463
465, 46409, 6.40302e+007, 1.26966e+007, 7.67269e+007, 2526, 5026.38, 908, 1463
466, 46509, 6.41353e+007, 1.26859e+007, 7.68211e+007, 2525, 5024.1, 908, 1463
467, 46609, 6.42812e+007, 1.27633e+007, 7.70445e+007, 2540, 5024.92, 908, 1463
468, 46709, 6.41199e+007, 1.27486e+007, 7.68685e+007, 2532, 5034.98, 908, 1464
469, 46810, 6.40744e+007, 1.26924e+007, 7.67668e+007, 2528, 5020.72, 908, 1464
470, 46909, 6.40467e+007, 1.26946e+007, 7.67413e+007, 2531, 5015.63, 908, 1464
471, 47009, 6.38649e+007, 1.26427e+007, 7.65076e+007, 2515, 5026.92, 908, 1464
472, 47110, 6.3853e+007, 1.26193e+007, 7.64723e+007, 2519, 5009.64, 908, 1464
473, 47210, 6.41286e+007, 1.27132e+007, 7.68418e+007, 2537, 5011.11, 908, 1464
474, 47309, 6.38615e+007, 1.25913e+007, 7.64528e+007, 2518, 5000.53, 908, 1464
475, 47409, 6.41293e+007, 1.26789e+007, 7.68082e+007, 2531, 5009.44, 908, 1464
476, 47509, 6.38795e+007, 1.26548e+007, 7.65343e+007, 2529, 5003.87, 908, 1464
477, 47609, 6.37953e+007, 1.26005e+007, 7.63958e+007, 2518, 5004.16, 908, 1464
478, 47709, 6.38544e+007, 1.25808e+007, 7.64353e+007, 2519, 4994.38, 908, 1464
479, 47809, 6.40376e+007, 1.26772e+007, 7.67148e+007, 2535, 5000.87, 908, 1464
480, 47909, 6.39089e+007, 1.26242e+007, 7.65332e+007, 2528, 4993.76, 908, 1464
481, 48009, 6.3859e+007, 1.26298e+007, 7.64888e+007, 2528, 4995.98, 908, 1463
482, 48109, 6.37973e+007, 1.25918e+007, 7.63891e+007, 2520, 4996.74, 908, 1464
483, 48209, 6.40048e+007, 1.26318e+007, 7.66366e+007, 2537, 4979.05, 908, 1464
484, 48309, 6.39672e+007, 1.26227e+007, 7.65899e+007, 2530, 4989.22, 908, 1463
485, 48409, 6.37492e+007, 1.25896e+007, 7.63388e+007, 2523, 4989.92, 908, 1463
486, 48509, 6.39898e+007, 1.26515e+007, 7.66413e+007, 2533, 4994.67, 908, 1463
487, 48609, 6.35895e+007, 1.2477e+007, 7.60665e+007, 2508, 4974.88, 908, 1463
488, 48709, 6.34183e+007, 1.25268e+007, 7.59451e+007, 2506, 4998.73, 908, 1464
489, 48809, 6.3276e+007, 1.24256e+007, 7.57016e+007, 2495, 4980.21, 908, 1464
490, 48909, 6.34929e+007, 1.25064e+007, 7.59993e+007, 2504, 4994.58, 908, 1464
491, 49009, 6.36895e+007, 1.2585e+007, 7.62745e+007, 2523, 4988.09, 908, 1463
492, 49110, 6.34369e+007, 1.25078e+007, 7.59446e+007, 2509, 4985.16, 908, 1463
493, 49209, 6.36762e+007, 1.24846e+007, 7.61608e+007, 2515, 4964.04, 908, 1463
494, 49309, 6.34489e+007, 1.25255e+007, 7.59744e+007, 2506, 4998.21, 908, 1463
495, 49409, 6.36108e+007, 1.24598e+007, 7.60706e+007, 2511, 4962.08, 908, 1463
496, 49509, 6.34822e+007, 1.24663e+007, 7.59485e+007, 2507, 4972.6, 908, 1463
497, 49609, 6.36895e+007, 1.24444e+007, 7.61339e+007, 2513, 4952.01, 908, 1464
498, 49709, 6.36585e+007, 1.25004e+007, 7.61589e+007, 2509, 4982.23, 908, 1463
499, 49810, 6.35672e+007, 1.24298e+007, 7.59971e+007, 2506, 4960.03, 908, 1463
500, 49909, 6.36674e+007, 1.24772e+007, 7.61445e+007, 2516, 4959.12, 908, 1464
501, 50010, 6.35327e+007, 1.24697e+007, 7.60024e+007, 2506, 4975.92, 908, 1464
502, 50109, 6.37351e+007, 1.2451e+007, 7.6186e+007, 2516, 4948.71, 908, 1464
503, 50209, 6.33792e+007, 1.23984e+007, 7.57776e+007, 2496, 4967.3, 908, 1463
504, 50309, 6.3436e+007, 1.24539e+007, 7.58899e+007, 2504, 4973.59, 908, 1463
505, 50409, 6.34061e+007, 1.24425e+007, 7.58485e+007, 2506, 4965.07, 908, 1463
506, 50509, 6.36468e+007, 1.24533e+007, 7.61001e+007, 2512, 4957.53, 908, 1463
507, 50609, 6.33302e+007, 1.23362e+007, 7.56664e+007, 2498, 4938.44, 908, 1464
508, 50709, 6.3317e+007, 1.24106e+007, 7.57276e+007, 2500, 4964.25, 908, 1463
509, 50809, 6.36901e+007, 1.247e+007, 7.61601e+007, 2517, 4954.3, 908, 1464
510, 50909, 6.3662e+007, 1.24743e+007, 7.61363e+007, 2513, 4963.9, 908, 1464
511, 51009, 6.3472e+007, 1.23936e+007, 7.58656e+007, 2509, 4939.64, 908, 1464
512, 51109, 6.33772e+007, 1.23562e+007, 7.57335e+007, 2502, 4938.54, 908, 1464
513, 51209, 6.32742e+007, 1.23591e+007, 7.56332e+007, 2499, 4945.61, 908, 1464
514, 51310, 6.3401e+007, 1.23281e+007, 7.57291e+007, 2500, 4931.24, 908, 1464
515, 51409, 6.34423e+007, 1.23739e+007, 7.58163e+007, 2508, 4933.79, 908, 1464
516, 51519, 6.3234e+007, 1.24252e+007, 7.56592e+007, 2503, 4964.12, 908, 1464
517, 51609, 6.34133e+007, 1.23484e+007, 7.57617e+007, 2504, 4931.46, 908, 1464
518, 51709, 6.35778e+007, 1.2354e+007, 7.59318e+007, 2509, 4923.85, 908, 1464
519, 51809, 6.32777e+007, 1.2267e+007, 7.55446e+007, 2498, 4910.71, 908, 1464
520, 51909, 6.32084e+007, 1.23128e+007, 7.55212e+007, 2498, 4929.07, 908, 1464
521, 52009, 6.30538e+007, 1.23407e+007, 7.53946e+007, 2491, 4954.13, 908, 1463
522, 52109, 6.32397e+007, 1.23401e+007, 7.55798e+007, 2499, 4938.03, 908, 1464
523, 52209, 6.3084e+007, 1.21921e+007, 7.52761e+007, 2487, 4902.34, 908, 1464
524, 52309, 6.31059e+007, 1.22873e+007, 7.53932e+007, 2495, 4924.76, 908, 1464
525, 52409, 6.31845e+007, 1.23047e+007, 7.54892e+007, 2498, 4925.8, 908, 1463
526, 52509, 6.29989e+007, 1.22853e+007, 7.52842e+007, 2491, 4931.89, 908, 1464
527, 52610, 6.3258e+007, 1.23093e+007, 7.55673e+007, 2495, 4933.57, 908, 1464
528, 52710, 6.32032e+007, 1.23148e+007, 7.5518e+007, 2502, 4922, 908, 1464
529, 52810, 6.3185e+007, 1.22309e+007, 7.54159e+007, 2498, 4896.28, 908, 1464
530, 52910, 6.30269e+007, 1.22578e+007, 7.52847e+007, 2492, 4918.86, 908, 1464
531, 53010, 6.29512e+007, 1.21695e+007, 7.51208e+007, 2481, 4905.09, 908, 1464
532, 53110, 6.33687e+007, 1.2315e+007, 7.56837e+007, 2504, 4918.14, 908, 1464
533, 53210, 6.30928e+007, 1.2211e+007, 7.53038e+007, 2489, 4905.97, 908, 1464
534, 53310, 6.30436e+007, 1.23078e+007, 7.53513e+007, 2490, 4942.87, 908, 1464
535, 53410, 6.30951e+007, 1.22581e+007, 7.53532e+007, 2493, 4917.02, 908, 1464
536, 53510, 6.27232e+007, 1.21668e+007, 7.489e+007, 2476, 4913.89, 908, 1464
537, 53610, 6.32906e+007, 1.2255e+007, 7.55456e+007, 2497, 4907.88, 908, 1463
538, 53710, 6.28456e+007, 1.2112e+007, 7.49576e+007, 2475, 4893.75, 908, 1463
539, 53810, 6.29837e+007, 1.22193e+007, 7.5203e+007, 2492, 4903.43, 908, 1464
540, 53910, 6.31537e+007, 1.22213e+007, 7.53749e+007, 2495, 4898.3, 908, 1464
541, 54010, 6.27024e+007, 1.21598e+007, 7.48622e+007, 2475, 4913.04, 908, 1464
542, 54110, 6.30332e+007, 1.22112e+007, 7.52444e+007, 2496, 4892.31, 908, 1464
543, 54210, 6.27407e+007, 1.20643e+007, 7.4805e+007, 2477, 4870.51, 908, 1464
544, 54310, 6.29064e+007, 1.21389e+007, 7.50453e+007, 2485, 4884.85, 908, 1464
545, 54410, 6.34177e+007, 1.22553e+007, 7.56731e+007, 2511, 4880.66, 908, 1464
546, 54510, 6.27012e+007, 1.20639e+007, 7.47652e+007, 2477, 4870.38, 908, 1464
547, 54610, 6.26853e+007, 1.20163e+007, 7.47017e+007, 2473, 4859.01, 908, 1464
548, 54710, 6.2552e+007, 1.21036e+007, 7.46555e+007, 2475, 4890.33, 908, 1464
549, 54810, 6.25514e+007, 1.21104e+007, 7.46619e+007, 2472, 4899.04, 908, 1464
550, 54910, 6.26078e+007, 1.21048e+007, 7.47126e+007, 2478, 4884.91, 908, 1464
551, 55010, 6.28233e+007, 1.21743e+007, 7.49975e+007, 2489, 4891.24, 908, 1464
552, 55110, 6.2723e+007, 1.21619e+007, 7.48849e+007, 2481, 4902.01, 908, 1464
553, 55210, 6.26803e+007, 1.20726e+007, 7.47529e+007, 2476, 4875.85, 908, 1464
554, 55310, 6.27668e+007, 1.21738e+007, 7.49406e+007, 2485, 4898.91, 908, 1464
555, 55410, 6.24421e+007, 1.20152e+007, 7.44573e+007, 2464, 4876.3, 908, 1464
556, 55510, 6.23696e+007, 1.1987e+007, 7.43566e+007, 2460, 4872.77, 908, 1464
557, 55610, 6.26462e+007, 1.20886e+007, 7.47348e+007, 2476, 4882.33, 908, 1464
558, 55710, 6.24031e+007, 1.20066e+007, 7.44097e+007, 2466, 4868.86, 908, 1464
559, 55810, 6.25068e+007, 1.20941e+007, 7.46009e+007, 2473, 4890.45, 908, 1464
560, 55910, 6.28234e+007, 1.20321e+007, 7.48555e+007, 2481, 4849.72, 908, 1464
561, 56010, 6.30141e+007, 1.21789e+007, 7.5193e+007, 2498, 4875.46, 908, 1464
562, 56110, 6.30554e+007, 1.21215e+007, 7.51769e+007, 2500, 4848.59, 908, 1464
563, 56210, 6.26565e+007, 1.20284e+007, 7.46849e+007, 2475, 4859.95, 908, 1464
564, 56310, 6.26429e+007, 1.20614e+007, 7.47043e+007, 2474, 4875.26, 908, 1464
565, 56410, 6.3168e+007, 1.21021e+007, 7.52701e+007, 2493, 4854.43, 908, 1464
566, 56510, 6.34207e+007, 1.2219e+007, 7.56397e+007, 2505, 4877.84, 908, 1464
567, 56610, 6.3206e+007, 1.20721e+007, 7.52781e+007, 2490, 4848.23, 908, 1464
568, 56720, 6.33745e+007, 1.22715e+007, 7.5646e+007, 2508, 4892.93, 908, 1464
569, 56810, 6.31757e+007, 1.21871e+007, 7.53627e+007, 2493, 4888.51, 908, 1464
570, 56910, 6.30128e+007, 1.21383e+007, 7.51511e+007, 2488, 4878.72, 908, 1464
571, 57010, 6.30683e+007, 1.21477e+007, 7.5216e+007, 2492, 4874.7, 908, 1464
572, 57110, 6.32748e+007, 1.2225e+007, 7.54998e+007, 2499, 4891.97, 908, 1464
573, 57210, 6.30263e+007, 1.20987e+007, 7.5125e+007, 2490, 4858.93, 908, 1464
574, 57310, 6.30904e+007, 1.21845e+007, 7.52748e+007, 2492, 4889.43, 908, 1464
575, 57410, 6.32558e+007, 1.20916e+007, 7.53473e+007, 2498, 4840.5, 908, 1464
576, 57510, 6.29851e+007, 1.20624e+007, 7.50475e+007, 2489, 4846.28, 908, 1464
577, 57610, 6.33268e+007, 1.21924e+007, 7.55192e+007, 2506, 4865.29, 908, 1464
578, 57710, 6.33094e+007, 1.21876e+007, 7.5497e+007, 2502, 4871.16, 908, 1465
579, 57810, 6.32585e+007, 1.21763e+007, 7.54349e+007, 2499, 4872.49, 908, 1465
580, 57910, 6.29703e+007, 1.21235e+007, 7.50938e+007, 2488, 4872.8, 908, 1465
581, 58010, 6.32381e+007, 1.21713e+007, 7.54094e+007, 2500, 4868.51, 908, 1465
582, 58110, 6.31118e+007, 1.21937e+007, 7.53056e+007, 2501, 4875.55, 908, 1465
583, 58210, 6.27899e+007, 1.20914e+007, 7.48813e+007, 2492, 4852.09, 908, 1465
584, 58310, 6.27703e+007, 1.20524e+007, 7.48227e+007, 2486, 4848.11, 908, 1465
585, 58410, 6.2933e+007, 1.21489e+007, 7.50818e+007, 2495, 4869.29, 908, 1465
586, 58510, 6.36584e+007, 1.22277e+007, 7.58861e+007, 2530, 4833.09, 908, 1465
587, 58610, 6.36283e+007, 1.22339e+007, 7.58622e+007, 2519, 4856.64, 908, 1465
588, 58710, 6.31062e+007, 1.2151e+007, 7.52572e+007, 2500, 4860.4, 908, 1465
589, 58810, 6.33706e+007, 1.21964e+007, 7.55671e+007, 2511, 4857.21, 908, 1465
590, 58911, 6.33078e+007, 1.21772e+007, 7.5485e+007, 2510, 4851.47, 908, 1465
591, 59010, 6.31322e+007, 1.21522e+007, 7.52844e+007, 2500, 4860.89, 908, 1465
592, 59110, 6.2932e+007, 1.20695e+007, 7.50014e+007, 2487, 4853.02, 908, 1465
593, 59210, 6.30782e+007, 1.20666e+007, 7.51448e+007, 2497, 4832.45, 908, 1465
594, 59310, 6.2736e+007, 1.1972e+007, 7.4708e+007, 2470, 4846.95, 908, 1465
595, 59410, 6.3088e+007, 1.20304e+007, 7.51184e+007, 2487, 4837.31, 908, 1465
596, 59510, 6.30815e+007, 1.20407e+007, 7.51222e+007, 2489, 4837.55, 908, 1465
597, 59610, 6.33439e+007, 1.21347e+007, 7.54785e+007, 2504, 4846.11, 908, 1465
598, 59710, 6.31722e+007, 1.20935e+007, 7.52657e+007, 2503, 4831.59, 908, 1465
599, 59820, 6.31961e+007, 1.21142e+007, 7.53103e+007, 2502, 4841.8, 908, 1465
600, 59910, 6.35615e+007, 1.21338e+007, 7.56953e+007, 2518, 4818.83, 908, 1465