2, 100, 1.68405e+008, 3.81271e+007, 2.06532e+008, 5431, 7020.26, 1422, 784
3, 200, 1.69217e+008, 3.84057e+007, 2.07623e+008, 5469, 7022.44, 1422, 784
4, 300, 1.68806e+008, 3.81467e+007, 2.06953e+008, 5440, 7012.27, 1422, 784
5, 400, 1.6828e+008, 3.78124e+007, 2.06093e+008, 5409, 6990.65, 1422, 784
6, 500, 1.69169e+008, 3.8174e+007, 2.07343e+008, 5454, 6999.27, 1422, 784
7, 600, 1.6902e+008, 3.78853e+007, 2.06905e+008, 5438, 6966.77, 1422, 784
8, 700, 1.69503e+008, 3.81166e+007, 2.07619e+008, 5461, 6979.78, 1422, 784
9, 800, 1.68306e+008, 3.76385e+007, 2.05945e+008, 5406, 6962.35, 1422, 784
10, 900, 1.69009e+008, 3.78253e+007, 2.06834e+008, 5440, 6953.18, 1422, 784
11, 1000, 1.69339e+008, 3.78969e+007, 2.07235e+008, 5450, 6953.55, 1422, 784
12, 1100, 1.69058e+008, 3.76236e+007, 2.06682e+008, 5427, 6932.67, 1422, 784
13, 1200, 1.69738e+008, 3.78523e+007, 2.0759e+008, 5459, 6933.92, 1422, 784
14, 1300, 1.69529e+008, 3.77401e+007, 2.07269e+008, 5451, 6923.51, 1422, 784
15, 1400, 1.69302e+008, 3.76537e+007, 2.06956e+008, 5439, 6922.9, 1422, 784
16, 1500, 1.69743e+008, 3.76164e+007, 2.07359e+008, 5445, 6908.43, 1422, 784
17, 1600, 1.69564e+008, 3.75509e+007, 2.07115e+008, 5443, 6898.93, 1422, 784
18, 1700, 1.69811e+008, 3.75376e+007, 2.07349e+008, 5446, 6892.69, 1422, 784
19, 1800, 1.69529e+008, 3.7427e+007, 2.06956e+008, 5434, 6887.56, 1422, 784
20, 1900, 1.6897e+008, 3.72086e+007, 2.06179e+008, 5412, 6875.2, 1422, 784
21, 2000, 1.6986e+008, 3.74164e+007, 2.07277e+008, 5439, 6879.27, 1422, 784
22, 2100, 1.69354e+008, 3.71459e+007, 2.065e+008, 5412, 6863.62, 1422, 784
23, 2200, 1.69882e+008, 3.73059e+007, 2.07188e+008, 5445, 6851.41, 1422, 784
24, 2300, 1.69585e+008, 3.71438e+007, 2.06728e+008, 5425, 6846.78, 1422, 784
25, 2400, 1.69663e+008, 3.71736e+007, 2.06837e+008, 5429, 6847.22, 1422, 784
26, 2500, 1.69711e+008, 3.70389e+007, 2.0675e+008, 5428, 6823.67, 1422, 784
27, 2600, 1.69465e+008, 3.69578e+007, 2.06423e+008, 5418, 6821.29, 1422, 784
28, 2700, 1.69982e+008, 3.70671e+007, 2.07049e+008, 5435, 6820.07, 1422, 784
29, 2800, 1.69575e+008, 3.69081e+007, 2.06483e+008, 5418, 6812.13, 1422, 784
30, 2900, 1.69427e+008, 3.68396e+007, 2.06267e+008, 5412, 6807.02, 1422, 784
31, 3000, 1.69875e+008, 3.69249e+007, 2.068e+008, 5425, 6806.44, 1422, 785
32, 3100, 1.70276e+008, 3.68884e+007, 2.07165e+008, 5438, 6783.44, 1422, 784
33, 3200, 1.69649e+008, 3.66912e+007, 2.0634e+008, 5410, 6782.12, 1422, 784
34, 3300, 1.69833e+008, 3.66699e+007, 2.06503e+008, 5418, 6768.16, 1422, 784
35, 3400, 1.69985e+008, 3.66885e+007, 2.06673e+008, 5425, 6762.86, 1422, 784
36, 3500, 1.70092e+008, 3.67095e+007, 2.06801e+008, 5428, 6762.99, 1422, 784
37, 3600, 1.70117e+008, 3.67641e+007, 2.06881e+008, 5427, 6774.29, 1422, 784
38, 3700, 1.6995e+008, 3.65332e+007, 2.06483e+008, 5417, 6744.17, 1422, 784
39, 3800, 1.70023e+008, 3.6565e+007, 2.06588e+008, 5421, 6745.07, 1422, 784
40, 3900, 1.70174e+008, 3.64426e+007, 2.06616e+008, 5418, 6726.2, 1422, 784
41, 4000, 1.70158e+008, 3.64231e+007, 2.06581e+008, 5415, 6726.34, 1422, 784
42, 4100, 1.70481e+008, 3.64571e+007, 2.06938e+008, 5427, 6717.72, 1422, 784
43, 4200, 1.70411e+008, 3.64384e+007, 2.06849e+008, 5428, 6713.05, 1422, 784
44, 4300, 1.70264e+008, 3.63726e+007, 2.06637e+008, 5418, 6713.3, 1422, 784
45, 4400, 1.69666e+008, 3.61541e+007, 2.0582e+008, 5391, 6706.39, 1422, 784
46, 4500, 1.70032e+008, 3.62428e+007, 2.06275e+008, 5406, 6704.17, 1422, 784
47, 4600, 1.70563e+008, 3.6238e+007, 2.06801e+008, 5421, 6684.75, 1422, 784
48, 4700, 1.70788e+008, 3.61619e+007, 2.0695e+008, 5427, 6663.32, 1422, 784
49, 4800, 1.70747e+008, 3.62391e+007, 2.06986e+008, 5426, 6678.79, 1422, 784
50, 4900, 1.70768e+008, 3.62741e+007, 2.07043e+008, 5428, 6682.77, 1422, 784
51, 5000, 1.70112e+008, 3.58869e+007, 2.05999e+008, 5396, 6650.64, 1422, 784
52, 5100, 1.70371e+008, 3.59602e+007, 2.06331e+008, 5411, 6645.75, 1422, 784
53, 5200, 1.70498e+008, 3.59486e+007, 2.06446e+008, 5405, 6650.99, 1422, 784
54, 5300, 1.70646e+008, 3.59636e+007, 2.06609e+008, 5412, 6645.15, 1422, 784
55, 5400, 1.70566e+008, 3.59118e+007, 2.06478e+008, 5415, 6631.91, 1422, 784
56, 5500, 1.70322e+008, 3.58553e+007, 2.06177e+008, 5400, 6639.87, 1422, 784
57, 5600, 1.70695e+008, 3.59118e+007, 2.06607e+008, 5414, 6633.13, 1422, 784
58, 5700, 1.70551e+008, 3.57722e+007, 2.06324e+008, 5403, 6620.8, 1422, 784
59, 5800, 1.70895e+008, 3.58062e+007, 2.06702e+008, 5417, 6609.96, 1422, 784
60, 5900, 1.70734e+008, 3.58181e+007, 2.06552e+008, 5414, 6615.82, 1422, 784
61, 6000, 1.71593e+008, 3.59348e+007, 2.07528e+008, 5445, 6599.6, 1422, 784
62, 6100, 1.70887e+008, 3.57037e+007, 2.06591e+008, 5416, 6592.26, 1422, 784
63, 6200, 1.70952e+008, 3.56419e+007, 2.06594e+008, 5411, 6586.94, 1422, 784
64, 6300, 1.7124e+008, 3.57596e+007, 2.07e+008, 5433, 6581.93, 1422, 784
65, 6400, 1.7126e+008, 3.57316e+007, 2.06991e+008, 5431, 6579.19, 1422, 784
66, 6500, 1.70895e+008, 3.54876e+007, 2.06383e+008, 5412, 6557.21, 1422, 784
67, 6600, 1.70421e+008, 3.53319e+007, 2.05753e+008, 5389, 6556.3, 1422, 784
68, 6700, 1.71306e+008, 3.55818e+007, 2.06888e+008, 5429, 6554.03, 1422, 784
69, 6800, 1.71445e+008, 3.56492e+007, 2.07094e+008, 5431, 6564.02, 1422, 785
70, 6900, 1.7151e+008, 3.54557e+007, 2.06966e+008, 5425, 6535.61, 1422, 784
71, 7000, 1.70786e+008, 3.53762e+007, 2.06162e+008, 5403, 6547.51, 1422, 785
72, 7100, 1.70641e+008, 3.51571e+007, 2.05798e+008, 5391, 6521.45, 1422, 784
73, 7200, 1.70806e+008, 3.52084e+007, 2.06015e+008, 5396, 6524.9, 1422, 784
74, 7300, 1.71107e+008, 3.53886e+007, 2.06495e+008, 5415, 6535.28, 1422, 785
75, 7400, 1.70719e+008, 3.51138e+007, 2.05832e+008, 5395, 6508.58, 1422, 784
76, 7500, 1.70948e+008, 3.5141e+007, 2.06089e+008, 5409, 6496.76, 1422, 784
77, 7600, 1.71803e+008, 3.5422e+007, 2.07225e+008, 5446, 6504.22, 1422, 784
78, 7700, 1.70933e+008, 3.51447e+007, 2.06078e+008, 5407, 6499.86, 1422, 785
79, 7800, 1.70726e+008, 3.52288e+007, 2.05955e+008, 5409, 6513, 1422, 785
80, 7900, 1.70158e+008, 3.49786e+007, 2.05137e+008, 5382, 6499.18, 1422, 784
81, 8000, 1.70257e+008, 3.49846e+007, 2.05241e+008, 5387, 6494.26, 1422, 784
82, 8100, 1.70055e+008, 3.48641e+007, 2.04919e+008, 5371, 6491.17, 1422, 784
83, 8200, 1.70943e+008, 3.50987e+007, 2.06042e+008, 5414, 6482.95, 1422, 784
84, 8300, 1.71082e+008, 3.51592e+007, 2.06241e+008, 5420, 6486.93, 1422, 784
85, 8400, 1.70389e+008, 3.49968e+007, 2.05386e+008, 5395, 6486.89, 1422, 784
86, 8500, 1.70482e+008, 3.49868e+007, 2.05469e+008, 5395, 6485.04, 1422, 784
87, 8600, 1.70667e+008, 3.51385e+007, 2.05806e+008, 5409, 6496.31, 1422, 784
88, 8700, 1.69832e+008, 3.4789e+007, 2.04621e+008, 5368, 6480.81, 1422, 784
89, 8800, 1.69967e+008, 3.48812e+007, 2.04848e+008, 5372, 6493.15, 1422, 784
90, 8900, 1.69937e+008, 3.48798e+007, 2.04817e+008, 5375, 6489.27, 1422, 784
91, 9000, 1.6962e+008, 3.47103e+007, 2.0433e+008, 5359, 6477.01, 1422, 784
92, 9100, 1.6995e+008, 3.47875e+007, 2.04737e+008, 5372, 6475.7, 1422, 784
93, 9199, 1.70326e+008, 3.48933e+007, 2.05219e+008, 5383, 6482.13, 1422, 784
94, 9299, 1.70209e+008, 3.47385e+007, 2.04947e+008, 5378, 6459.36, 1422, 784
95, 9399, 1.7022e+008, 3.47601e+007, 2.0498e+008, 5379, 6462.19, 1422, 784
96, 9499, 1.70289e+008, 3.47039e+007, 2.04993e+008, 5382, 6448.14, 1422, 784
97, 9599, 1.69894e+008, 3.45566e+007, 2.04451e+008, 5362, 6444.72, 1422, 784
98, 9699, 1.70305e+008, 3.47857e+007, 2.0509e+008, 5389, 6454.94, 1422, 785
99, 9799, 1.6991e+008, 3.44858e+007, 2.04396e+008, 5361, 6432.72, 1422, 784
100, 9899, 1.69863e+008, 3.44972e+007, 2.0436e+008, 5365, 6430.04, 1422, 784
101, 9999, 1.701e+008, 3.46121e+007, 2.04712e+008, 5378, 6435.86, 1422, 785
102, 10099, 1.69206e+008, 3.26414e+007, 2.01847e+008, 5311, 6145.99, 1422, 784
103, 10199, 1.68598e+008, 3.17101e+007, 2.00308e+008, 5280, 6005.7, 1422, 784
104, 10299, 1.68841e+008, 3.13516e+007, 2.00193e+008, 5284, 5933.32, 1422, 784
105, 10399, 1.68631e+008, 3.10722e+007, 1.99703e+008, 5269, 5897.17, 1422, 784
106, 10499, 1.68084e+008, 3.03256e+007, 1.9841e+008, 5230, 5798.39, 1422, 784
107, 10599, 1.67859e+008, 3.01915e+007, 1.9805e+008, 5223, 5780.49, 1422, 784
108, 10699, 1.68038e+008, 3.00801e+007, 1.98118e+008, 5227, 5754.75, 1422, 784
109, 10799, 1.67729e+008, 2.97911e+007, 1.97521e+008, 5208, 5720.25, 1422, 784
110, 10899, 1.67969e+008, 2.97722e+007, 1.97741e+008, 5209, 5715.52, 1422, 785
111, 10999, 1.68879e+008, 2.98552e+007, 1.98734e+008, 5243, 5694.29, 1422, 785
112, 11099, 1.68865e+008, 2.96688e+007, 1.98534e+008, 5230, 5672.81, 1422, 784
113, 11199, 1.69048e+008, 2.96361e+007, 1.98684e+008, 5238, 5657.9, 1422, 785
114, 11299, 1.69051e+008, 2.95926e+007, 1.98643e+008, 5229, 5659.33, 1422, 785
115, 11399, 1.69598e+008, 2.96623e+007, 1.9926e+008, 5250, 5649.96, 1422, 785
116, 11499, 1.69686e+008, 2.94589e+007, 1.99145e+008, 5240, 5621.93, 1422, 785
117, 11599, 1.69492e+008, 2.93639e+007, 1.98856e+008, 5231, 5613.44, 1422, 785
118, 11699, 1.70489e+008, 2.94898e+007, 1.99979e+008, 5269, 5596.84, 1422, 785
119, 11799, 1.70288e+008, 2.94127e+007, 1.997e+008, 5259, 5592.82, 1422, 785
120, 11899, 1.70926e+008, 2.94293e+007, 2.00355e+008, 5272, 5582.19, 1422, 785
121, 11999, 1.71039e+008, 2.93998e+007, 2.00439e+008, 5276, 5572.36, 1422, 785
122, 12099, 1.70823e+008, 2.93196e+007, 2.00143e+008, 5266, 5567.71, 1422, 785
123, 12199, 1.71424e+008, 2.92465e+007, 2.00671e+008, 5283, 5535.96, 1422, 785
124, 12299, 1.71322e+008, 2.93072e+007, 2.00629e+008, 5279, 5551.65, 1422, 785
125, 12399, 1.70974e+008, 2.91579e+007, 2.00132e+008, 5264, 5539.11, 1422, 785
126, 12499, 1.71072e+008, 2.91547e+007, 2.00227e+008, 5265, 5537.46, 1422, 785
127, 12599, 1.71286e+008, 2.91135e+007, 2.00399e+008, 5276, 5518.1, 1422, 785
128, 12699, 1.71242e+008, 2.9072e+007, 2.00314e+008, 5271, 5515.46, 1422, 785
129, 12799, 1.7172e+008, 2.91058e+007, 2.00826e+008, 5291, 5501, 1421, 785
130, 12899, 1.70928e+008, 2.88453e+007, 1.99773e+008, 5260, 5483.91, 1421, 785
131, 12999, 1.71534e+008, 2.90135e+007, 2.00548e+008, 5285, 5489.79, 1421, 785
132, 13099, 1.70416e+008, 2.87468e+007, 1.99163e+008, 5239, 5487.08, 1422, 785
133, 13199, 1.70584e+008, 2.86821e+007, 1.99267e+008, 5241, 5472.64, 1422, 785
134, 13299, 1.70654e+008, 2.87457e+007, 1.99399e+008, 5250, 5475.36, 1421, 785
135, 13399, 1.7044e+008, 2.86554e+007, 1.99095e+008, 5245, 5463.38, 1422, 785
136, 13499, 1.71007e+008, 2.86844e+007, 1.99691e+008, 5264, 5449.16, 1421, 785
137, 13599, 1.70261e+008, 2.8403e+007, 1.98664e+008, 5226, 5434.94, 1421, 785
138, 13699, 1.70233e+008, 2.84905e+007, 1.98724e+008, 5232, 5445.44, 1421, 785
139, 13799, 1.70566e+008, 2.84426e+007, 1.99009e+008, 5239, 5429.02, 1421, 785
140, 13899, 1.70926e+008, 2.85329e+007, 1.99459e+008, 5261, 5423.47, 1421, 785
141, 13999, 1.70164e+008, 2.82952e+007, 1.98459e+008, 5228, 5412.24, 1421, 785
142, 14099, 1.69809e+008, 2.81508e+007, 1.97959e+008, 5213, 5400.12, 1421, 785
143, 14199, 1.70698e+008, 2.82954e+007, 1.98993e+008, 5246, 5393.71, 1421, 785
144, 14299, 1.69875e+008, 2.81526e+007, 1.98028e+008, 5216, 5397.35, 1421, 785
145, 14399, 1.70086e+008, 2.81234e+007, 1.9821e+008, 5219, 5388.65, 1421, 785
146, 14499, 1.70222e+008, 2.80934e+007, 1.98316e+008, 5224, 5377.77, 1421, 785
147, 14599, 1.70325e+008, 2.80785e+007, 1.98404e+008, 5223, 5375.94, 1421, 785
148, 14699, 1.71296e+008, 2.82679e+007, 1.99564e+008, 5266, 5368.01, 1421, 785
149, 14799, 1.70132e+008, 2.80442e+007, 1.98177e+008, 5224, 5368.34, 1421, 785
150, 14899, 1.70352e+008, 2.79376e+007, 1.9829e+008, 5221, 5351.01, 1421, 785
151, 14999, 1.7035e+008, 2.80042e+007, 1.98355e+008, 5227, 5357.61, 1421, 785
152, 15099, 1.70829e+008, 2.79777e+007, 1.98807e+008, 5240, 5339.25, 1421, 785
153, 15199, 1.70042e+008, 2.78879e+007, 1.9793e+008, 5218, 5344.56, 1421, 785
154, 15299, 1.69954e+008, 2.79013e+007, 1.97855e+008, 5222, 5343.03, 1421, 785
155, 15399, 1.70357e+008, 2.78799e+007, 1.98237e+008, 5226, 5334.85, 1421, 785
156, 15499, 1.69488e+008, 2.76242e+007, 1.97113e+008, 5188, 5324.64, 1421, 785
157, 15599, 1.69711e+008, 2.76211e+007, 1.97333e+008, 5199, 5312.77, 1421, 785
158, 15699, 1.70444e+008, 2.78243e+007, 1.98269e+008, 5233, 5317.08, 1421, 785
159, 15799, 1.69655e+008, 2.76019e+007, 1.97257e+008, 5205, 5302.96, 1421, 785
160, 15899, 1.69984e+008, 2.76441e+007, 1.97628e+008, 5212, 5303.94, 1421, 785
161, 15999, 1.70118e+008, 2.76114e+007, 1.9773e+008, 5215, 5294.61, 1421, 785
162, 16099, 1.69794e+008, 2.75385e+007, 1.97333e+008, 5207, 5288.75, 1421, 785
163, 16199, 1.6956e+008, 2.74817e+007, 1.97041e+008, 5188, 5297.16, 1421, 785
164, 16299, 1.69222e+008, 2.73522e+007, 1.96574e+008, 5178, 5282.4, 1421, 785
165, 16399, 1.69982e+008, 2.75595e+007, 1.97541e+008, 5214, 5285.66, 1421, 785
166, 16499, 1.6915e+008, 2.74436e+007, 1.96594e+008, 5186, 5291.85, 1421, 785
167, 16599, 1.69827e+008, 2.73969e+007, 1.97224e+008, 5205, 5263.57, 1421, 785
168, 16699, 1.69137e+008, 2.72816e+007, 1.96418e+008, 5180, 5266.72, 1421, 785
169, 16799, 1.69656e+008, 2.72798e+007, 1.96935e+008, 5196, 5250.15, 1421, 785
170, 16899, 1.69871e+008, 2.73807e+007, 1.97252e+008, 5213, 5252.39, 1421, 785
171, 16999, 1.69824e+008, 2.7351e+007, 1.97175e+008, 5205, 5254.76, 1421, 785
172, 17109, 1.69305e+008, 2.72508e+007, 1.96556e+008, 5188, 5252.66, 1421, 785
173, 17199, 1.69031e+008, 2.70931e+007, 1.96124e+008, 5169, 5241.46, 1421, 785
174, 17299, 1.68672e+008, 2.6949e+007, 1.95621e+008, 5161, 5221.65, 1421, 785
175, 17399, 1.68807e+008, 2.70116e+007, 1.95819e+008, 5168, 5226.7, 1421, 785
176, 17499, 1.6811e+008, 2.68837e+007, 1.94994e+008, 5146, 5224.19, 1421, 785
177, 17599, 1.68267e+008, 2.68506e+007, 1.95117e+008, 5146, 5217.75, 1421, 785
178, 17699, 1.68517e+008, 2.69316e+007, 1.95449e+008, 5162, 5217.28, 1421, 785
179, 17799, 1.68307e+008, 2.6669e+007, 1.94976e+008, 5143, 5185.5, 1421, 785
180, 17899, 1.68202e+008, 2.67838e+007, 1.94986e+008, 5145, 5205.8, 1421, 785
181, 17999, 1.68119e+008, 2.66866e+007, 1.94805e+008, 5143, 5188.93, 1421, 785
182, 18099, 1.67972e+008, 2.67361e+007, 1.94708e+008, 5143, 5198.54, 1421, 785
183, 18199, 1.68393e+008, 2.67732e+007, 1.95167e+008, 5163, 5185.6, 1421, 785
184, 18299, 1.68154e+008, 2.66677e+007, 1.94822e+008, 5153, 5175.17, 1421, 785
185, 18409, 1.68436e+008, 2.67252e+007, 1.95162e+008, 5161, 5178.29, 1421, 785
186, 18509, 1.68652e+008, 2.66877e+007, 1.9534e+008, 5165, 5167.04, 1421, 785
187, 18609, 1.68356e+008, 2.66313e+007, 1.94988e+008, 5154, 5167.1, 1421, 785
188, 18709, 1.67979e+008, 2.65678e+007, 1.94547e+008, 5144, 5164.81, 1421, 785
189, 18809, 1.67929e+008, 2.64707e+007, 1.94399e+008, 5133, 5156.96, 1421, 785
190, 18909, 1.67803e+008, 2.65116e+007, 1.94314e+008, 5136, 5161.91, 1421, 785
191, 19009, 1.67999e+008, 2.64574e+007, 1.94456e+008, 5138, 5149.36, 1421, 785
192, 19109, 1.68675e+008, 2.65668e+007, 1.95242e+008, 5165, 5143.63, 1421, 785
193, 19200, 1.68321e+008, 2.64242e+007, 1.94745e+008, 5150, 5130.92, 1421, 785
194, 19300, 1.67879e+008, 2.63659e+007, 1.94244e+008, 5136, 5133.55, 1421, 785
195, 19400, 1.68045e+008, 2.63778e+007, 1.94423e+008, 5140, 5131.88, 1421, 785
196, 19500, 1.67993e+008, 2.63683e+007, 1.94361e+008, 5145, 5125.03, 1421, 785
197, 19600, 1.67715e+008, 2.62456e+007, 1.93961e+008, 5129, 5117.1, 1421, 785
198, 19700, 1.67496e+008, 2.62529e+007, 1.93748e+008, 5124, 5123.52, 1421, 785
199, 19800, 1.67602e+008, 2.61837e+007, 1.93785e+008, 5127, 5107.02, 1421, 785
200, 19900, 1.67102e+008, 2.6004e+007, 1.93106e+008, 5103, 5095.84, 1421, 785
201, 20000, 1.67115e+008, 2.60256e+007, 1.93141e+008, 5104, 5099.05, 1421, 785
202, 20100, 1.67343e+008, 2.60041e+007, 1.93347e+008, 5105, 5093.84, 1421, 785
203, 20200, 1.67297e+008, 2.60374e+007, 1.93334e+008, 5109, 5096.37, 1421, 786
204, 20300, 1.66952e+008, 2.59173e+007, 1.92869e+008, 5099, 5082.82, 1421, 785
205, 20400, 1.67618e+008, 2.60964e+007, 1.93714e+008, 5133, 5084.04, 1421, 786
206, 20500, 1.66754e+008, 2.58525e+007, 1.92607e+008, 5088, 5081.07, 1421, 786
207, 20600, 1.66692e+008, 2.58279e+007, 1.9252e+008, 5087, 5077.24, 1421, 786
208, 20700, 1.67604e+008, 2.59741e+007, 1.93578e+008, 5126, 5067.12, 1421, 786
209, 20800, 1.67424e+008, 2.5963e+007, 1.93387e+008, 5120, 5070.9, 1421, 786
210, 20900, 1.67291e+008, 2.59185e+007, 1.93209e+008, 5110, 5072.1, 1421, 786
211, 21000, 1.66461e+008, 2.57293e+007, 1.9219e+008, 5090, 5054.87, 1421, 786
212, 21100, 1.67054e+008, 2.58412e+007, 1.92895e+008, 5115, 5052.04, 1421, 786
213, 21200, 1.66677e+008, 2.56948e+007, 1.92372e+008, 5090, 5048.1, 1421, 785
214, 21300, 1.66607e+008, 2.5753e+007, 1.9236e+008, 5095, 5054.57, 1421, 786
215, 21400, 1.66792e+008, 2.57165e+007, 1.92509e+008, 5100, 5042.46, 1421, 786
216, 21500, 1.66059e+008, 2.55676e+007, 1.91627e+008, 5078, 5034.98, 1421, 786
217, 21600, 1.66027e+008, 2.56e+007, 1.91627e+008, 5082, 5037.38, 1421, 786
218, 21700, 1.65458e+008, 2.54076e+007, 1.90866e+008, 5054, 5027.22, 1421, 786
219, 21810, 1.66003e+008, 2.55026e+007, 1.91505e+008, 5073, 5027.13, 1420, 786
220, 21900, 1.65625e+008, 2.53726e+007, 1.90997e+008, 5060, 5014.35, 1421, 786
221, 22000, 1.659e+008, 2.54262e+007, 1.91326e+008, 5070, 5015.03, 1420, 786
222, 22100, 1.65654e+008, 2.53335e+007, 1.90988e+008, 5063, 5003.66, 1420, 786
223, 22210, 1.65931e+008, 2.53424e+007, 1.91274e+008, 5069, 4999.5, 1420, 786
224, 22310, 1.6581e+008, 2.52738e+007, 1.91083e+008, 5063, 4991.86, 1420, 786
225, 22410, 1.66237e+008, 2.53869e+007, 1.91624e+008, 5078, 4999.39, 1421, 786
226, 22510, 1.66486e+008, 2.53854e+007, 1.91871e+008, 5092, 4985.36, 1420, 786
227, 22610, 1.66182e+008, 2.54023e+007, 1.91585e+008, 5089, 4991.62, 1420, 786
228, 22710, 1.66014e+008, 2.53131e+007, 1.91327e+008, 5073, 4989.76, 1421, 786
229, 22810, 1.65368e+008, 2.51158e+007, 1.90484e+008, 5047, 4976.39, 1420, 786
230, 22910, 1.65752e+008, 2.52025e+007, 1.90955e+008, 5065, 4975.82, 1421, 786
231, 23010, 1.65728e+008, 2.52195e+007, 1.90948e+008, 5069, 4975.24, 1421, 786
232, 23110, 1.65513e+008, 2.51096e+007, 1.90623e+008, 5056, 4966.3, 1420, 786
233, 23210, 1.65542e+008, 2.50907e+007, 1.90633e+008, 5061, 4957.65, 1420, 786
234, 23310, 1.6557e+008, 2.50759e+007, 1.90646e+008, 5058, 4957.66, 1420, 786
235, 23410, 1.65707e+008, 2.50661e+007, 1.90773e+008, 5067, 4946.94, 1420, 786
236, 23510, 1.65132e+008, 2.49968e+007, 1.90128e+008, 5053, 4946.92, 1420, 786
237, 23610, 1.64506e+008, 2.48605e+007, 1.89366e+008, 5032, 4940.47, 1421, 786
238, 23710, 1.64581e+008, 2.48417e+007, 1.89422e+008, 5030, 4938.72, 1420, 786
239, 23810, 1.64473e+008, 2.48482e+007, 1.89321e+008, 5037, 4933.14, 1420, 786
240, 23910, 1.64429e+008, 2.48089e+007, 1.89238e+008, 5029, 4933.17, 1421, 786
241, 24010, 1.64172e+008, 2.47053e+007, 1.88878e+008, 5024, 4917.46, 1420, 786
242, 24110, 1.6426e+008, 2.46897e+007, 1.8895e+008, 5024, 4914.35, 1420, 786
243, 24210, 1.63473e+008, 2.45162e+007, 1.87989e+008, 4991, 4912.08, 1420, 786
244, 24310, 1.64553e+008, 2.47523e+007, 1.89305e+008, 5036, 4915.07, 1420, 786
245, 24410, 1.63897e+008, 2.45459e+007, 1.88443e+008, 5013, 4896.45, 1420, 786
246, 24510, 1.63847e+008, 2.46086e+007, 1.88455e+008, 5009, 4912.88, 1420, 786
247, 24610, 1.62996e+008, 2.44546e+007, 1.87451e+008, 4984, 4906.62, 1420, 786
248, 24710, 1.6345e+008, 2.45248e+007, 1.87975e+008, 5006, 4899.09, 1420, 786
249, 24810, 1.63186e+008, 2.44501e+007, 1.87636e+008, 4987, 4902.78, 1420, 786
250, 24910, 1.63118e+008, 2.44306e+007, 1.87549e+008, 4992, 4893.95, 1420, 786
251, 25010, 1.63165e+008, 2.4456e+007, 1.87621e+008, 4994, 4897.08, 1421, 786
252, 25110, 1.63771e+008, 2.45207e+007, 1.88292e+008, 5018, 4886.56, 1420, 786
253, 25210, 1.63148e+008, 2.44214e+007, 1.87569e+008, 4993, 4891.13, 1421, 786
254, 25310, 1.63005e+008, 2.43337e+007, 1.87339e+008, 4988, 4878.44, 1420, 786
255, 25410, 1.63297e+008, 2.44036e+007, 1.87701e+008, 5002, 4878.77, 1420, 786
256, 25510, 1.62083e+008, 2.4127e+007, 1.8621e+008, 4958, 4866.27, 1420, 786
257, 25610, 1.62801e+008, 2.42357e+007, 1.87037e+008, 4982, 4864.65, 1421, 786
258, 25710, 1.62205e+008, 2.4121e+007, 1.86326e+008, 4961, 4862.13, 1420, 786
259, 25810, 1.62196e+008, 2.41686e+007, 1.86365e+008, 4964, 4868.77, 1421, 786
260, 25910, 1.62054e+008, 2.40766e+007, 1.86131e+008, 4961, 4853.17, 1421, 786
261, 26010, 1.62181e+008, 2.40709e+007, 1.86252e+008, 4967, 4846.17, 1421, 785
262, 26110, 1.62209e+008, 2.41493e+007, 1.86358e+008, 4971, 4858.04, 1421, 786
263, 26210, 1.62357e+008, 2.41751e+007, 1.86532e+008, 4981, 4853.47, 1421, 786
264, 26310, 1.61835e+008, 2.40443e+007, 1.85879e+008, 4958, 4849.59, 1421, 786
265, 26410, 1.61885e+008, 2.39904e+007, 1.85875e+008, 4957, 4839.69, 1421, 786
266, 26510, 1.61581e+008, 2.39862e+007, 1.85568e+008, 4953, 4842.76, 1421, 786
267, 26610, 1.61317e+008, 2.39369e+007, 1.85254e+008, 4941, 4844.55, 1421, 786
268, 26710, 1.61304e+008, 2.3902e+007, 1.85206e+008, 4940, 4838.46, 1421, 786
269, 26810, 1.61677e+008, 2.39825e+007, 1.8566e+008, 4959, 4836.15, 1421, 786
270, 26910, 1.60953e+008, 2.37492e+007, 1.84703e+008, 4925, 4822.17, 1421, 786
271, 27010, 1.61682e+008, 2.38789e+007, 1.85561e+008, 4957, 4817.2, 1420, 786
272, 27110, 1.61058e+008, 2.38688e+007, 1.84927e+008, 4939, 4832.72, 1421, 786
273, 27210, 1.61543e+008, 2.38698e+007, 1.85412e+008, 4955, 4817.32, 1420, 786
274, 27310, 1.61269e+008, 2.37357e+007, 1.85005e+008, 4938, 4806.74, 1420, 786
275, 27410, 1.60684e+008, 2.37037e+007, 1.84388e+008, 4923, 4814.89, 1421, 786
276, 27510, 1.60885e+008, 2.36243e+007, 1.84509e+008, 4921, 4800.71, 1421, 786
277, 27610, 1.61194e+008, 2.36658e+007, 1.8486e+008, 4937, 4793.56, 1420, 786
278, 27710, 1.60441e+008, 2.35935e+007, 1.84035e+008, 4914, 4801.29, 1420, 786
279, 27810, 1.60267e+008, 2.35328e+007, 1.838e+008, 4909, 4793.81, 1420, 786
280, 27910, 1.60555e+008, 2.36072e+007, 1.84162e+008, 4919, 4799.19, 1421, 786
281, 28010, 1.60512e+008, 2.36003e+007, 1.84112e+008, 4925, 4791.94, 1420, 786
282, 28110, 1.60416e+008, 2.35602e+007, 1.83976e+008, 4917, 4791.58, 1420, 786
283, 28210, 1.60281e+008, 2.34708e+007, 1.83752e+008, 4912, 4778.26, 1420, 786
284, 28310, 1.60886e+008, 2.36235e+007, 1.8451e+008, 4934, 4787.9, 1420, 786
285, 28410, 1.60358e+008, 2.34667e+007, 1.83824e+008, 4914, 4775.48, 1420, 786
286, 28510, 1.60139e+008, 2.33623e+007, 1.83502e+008, 4907, 4761.02, 1420, 786
287, 28610, 1.60796e+008, 2.3515e+007, 1.84311e+008, 4930, 4769.77, 1420, 786
288, 28710, 1.60371e+008, 2.34763e+007, 1.83847e+008, 4915, 4776.46, 1420, 786
289, 28810, 1.59506e+008, 2.32491e+007, 1.82755e+008, 4880, 4764.15, 1420, 786
290, 28910, 1.60293e+008, 2.33728e+007, 1.83666e+008, 4916, 4754.44, 1420, 786
291, 29010, 1.5962e+008, 2.32271e+007, 1.82847e+008, 4889, 4750.89, 1420, 786
292, 29110, 1.60317e+008, 2.34016e+007, 1.83718e+008, 4916, 4760.28, 1420, 786
293, 29210, 1.60607e+008, 2.34053e+007, 1.84013e+008, 4927, 4750.42, 1420, 786
294, 29310, 1.59179e+008, 2.31714e+007, 1.82351e+008, 4880, 4748.24, 1420, 786
295, 29410, 1.59276e+008, 2.3158e+007, 1.82434e+008, 4881, 4744.52, 1420, 786
296, 29510, 1.59602e+008, 2.32495e+007, 1.82851e+008, 4893, 4751.58, 1420, 786
297, 29610, 1.58938e+008, 2.29418e+007, 1.81879e+008, 4867, 4713.74, 1420, 784
298, 29710, 1.59394e+008, 2.31835e+007, 1.82577e+008, 4889, 4741.97, 1420, 786
299, 29810, 1.5903e+008, 2.31047e+007, 1.82135e+008, 4876, 4738.45, 1420, 786
300, 29910, 1.58718e+008, 2.29694e+007, 1.81687e+008, 4859, 4727.18, 1420, 786
301, 30010, 1.59749e+008, 2.32093e+007, 1.82958e+008, 4906, 4730.81, 1420, 786
302, 30110, 1.5887e+008, 2.2974e+007, 1.81844e+008, 4872, 4715.52, 1420, 786
303, 30210, 1.5911e+008, 2.36801e+007, 1.8279e+008, 4886, 4846.53, 1420, 786
304, 30310, 1.58911e+008, 2.42843e+007, 1.83196e+008, 4896, 4960.03, 1420, 786
305, 30410, 1.59479e+008, 2.49147e+007, 1.84393e+008, 4930, 5053.69, 1420, 786
306, 30510, 1.59574e+008, 2.53285e+007, 1.84903e+008, 4939, 5128.26, 1420, 786
307, 30610, 1.59571e+008, 2.57259e+007, 1.85297e+008, 4948, 5199.25, 1420, 786
308, 30710, 1.59871e+008, 2.60486e+007, 1.8592e+008, 4959, 5252.79, 1420, 786
309, 30810, 1.59952e+008, 2.62032e+007, 1.86155e+008, 4965, 5277.59, 1420, 786
310, 30910, 1.60025e+008, 2.64389e+007, 1.86464e+008, 4978, 5311.14, 1420, 786
311, 31010, 1.60344e+008, 2.65787e+007, 1.86923e+008, 4993, 5323.18, 1420, 786
312, 31110, 1.59853e+008, 2.65472e+007, 1.86401e+008, 4972, 5339.35, 1420, 786
313, 31210, 1.59395e+008, 2.64677e+007, 1.85863e+008, 4953, 5343.78, 1420, 786
314, 31310, 1.59318e+008, 2.65774e+007, 1.85895e+008, 4961, 5357.27, 1420, 786
315, 31410, 1.59667e+008, 2.67038e+007, 1.86371e+008, 4976, 5366.52, 1420, 786
316, 31510, 1.59759e+008, 2.66534e+007, 1.86412e+008, 4973, 5359.62, 1420, 786
317, 31610, 1.59435e+008, 2.66485e+007, 1.86084e+008, 4960, 5372.68, 1420, 786
318, 31710, 1.5859e+008, 2.65226e+007, 1.85112e+008, 4937, 5372.21, 1420, 786
319, 31810, 1.59853e+008, 2.68045e+007, 1.86658e+008, 4984, 5378.1, 1420, 786
320, 31910, 1.58957e+008, 2.65709e+007, 1.85528e+008, 4944, 5374.37, 1420, 786
321, 32010, 1.59909e+008, 2.67458e+007, 1.86655e+008, 4983, 5367.41, 1419, 786
322, 32110, 1.58853e+008, 2.65763e+007, 1.8543e+008, 4949, 5370.03, 1420, 786
323, 32210, 1.5948e+008, 2.67403e+007, 1.8622e+008, 4976, 5373.86, 1420, 786
324, 32310, 1.58774e+008, 2.65394e+007, 1.85314e+008, 4946, 5365.83, 1420, 786
325, 32410, 1.60104e+008, 2.68022e+007, 1.86906e+008, 4991, 5370.1, 1420, 786
326, 32510, 1.59772e+008, 2.67254e+007, 1.86497e+008, 4977, 5369.79, 1420, 786
327, 32610, 1.59024e+008, 2.65251e+007, 1.85549e+008, 4950, 5358.6, 1420, 786
328, 32710, 1.59877e+008, 2.67592e+007, 1.86637e+008, 4990, 5362.57, 1420, 786
329, 32810, 1.58742e+008, 2.65138e+007, 1.85255e+008, 4947, 5359.58, 1420, 786
330, 32910, 1.58937e+008, 2.65322e+007, 1.85469e+008, 4950, 5360.05, 1420, 786
331, 33010, 1.59223e+008, 2.65565e+007, 1.8578e+008, 4963, 5350.9, 1420, 786
332, 33110, 1.58556e+008, 2.64353e+007, 1.84991e+008, 4941, 5350.18, 1420, 786
333, 33210, 1.5808e+008, 2.63228e+007, 1.84402e+008, 4918, 5352.34, 1420, 786
334, 33310, 1.58694e+008, 2.63705e+007, 1.85064e+008, 4940, 5338.15, 1420, 785
335, 33410, 1.58786e+008, 2.63972e+007, 1.85183e+008, 4945, 5338.16, 1420, 785
336, 33510, 1.59009e+008, 2.64903e+007, 1.85499e+008, 4957, 5344.01, 1420, 785
337, 33610, 1.58663e+008, 2.63878e+007, 1.85051e+008, 4944, 5337.33, 1420, 785
338, 33710, 1.58785e+008, 2.64198e+007, 1.85205e+008, 4947, 5340.58, 1420, 785
339, 33810, 1.58996e+008, 2.63994e+007, 1.85396e+008, 4960, 5322.46, 1420, 785
340, 33910, 1.58886e+008, 2.6399e+007, 1.85285e+008, 4952, 5330.97, 1420, 785
341, 34010, 1.58553e+008, 2.6375e+007, 1.84928e+008, 4941, 5337.98, 1420, 785
342, 34110, 1.58797e+008, 2.63727e+007, 1.8517e+008, 4949, 5328.88, 1420, 785
343, 34210, 1.58551e+008, 2.63415e+007, 1.84892e+008, 4947, 5324.73, 1420, 785
344, 34310, 1.59085e+008, 2.64484e+007, 1.85534e+008, 4968, 5323.76, 1420, 785
345, 34410, 1.58569e+008, 2.63483e+007, 1.84918e+008, 4941, 5332.59, 1420, 785
346, 34510, 1.59265e+008, 2.65082e+007, 1.85773e+008, 4972, 5331.49, 1420, 786
347, 34610, 1.58359e+008, 2.6261e+007, 1.8462e+008, 4935, 5321.39, 1420, 785
348, 34710, 1.5839e+008, 2.6285e+007, 1.84675e+008, 4931, 5330.57, 1420, 786
349, 34810, 1.58623e+008, 2.63037e+007, 1.84927e+008, 4945, 5319.25, 1420, 785
350, 34910, 1.58333e+008, 2.62612e+007, 1.84594e+008, 4936, 5320.34, 1420, 786
351, 35010, 1.58004e+008, 2.62278e+007, 1.84231e+008, 4931, 5318.97, 1420, 786
352, 35110, 1.57931e+008, 2.61565e+007, 1.84087e+008, 4918, 5318.53, 1420, 786
353, 35210, 1.58301e+008, 2.62338e+007, 1.84535e+008, 4940, 5310.49, 1420, 786
354, 35310, 1.57859e+008, 2.60862e+007, 1.83945e+008, 4913, 5309.63, 1420, 786
355, 35410, 1.57869e+008, 2.61484e+007, 1.84017e+008, 4922, 5312.56, 1420, 786
356, 35510, 1.58336e+008, 2.62044e+007, 1.8454e+008, 4943, 5301.31, 1420, 786
357, 35610, 1.58321e+008, 2.61372e+007, 1.84458e+008, 4933, 5298.43, 1420, 786
358, 35710, 1.58274e+008, 2.61792e+007, 1.84453e+008, 4936, 5303.73, 1420, 786
359, 35810, 1.58063e+008, 2.60865e+007, 1.8415e+008, 4925, 5296.76, 1420, 786
360, 35910, 1.5811e+008, 2.61085e+007, 1.84219e+008, 4929, 5296.92, 1420, 786
361, 36010, 1.5793e+008, 2.60509e+007, 1.83981e+008, 4923, 5291.67, 1420, 786
362, 36110, 1.58294e+008, 2.61382e+007, 1.84432e+008, 4942, 5289, 1420, 786
363, 36210, 1.54103e+008, 2.52895e+007, 1.79392e+008, 4830, 5235.91, 1420, 786
364, 36310, 1.48856e+008, 2.43252e+007, 1.73181e+008, 4696, 5179.99, 1420, 786
365, 36410, 1.48923e+008, 2.43539e+007, 1.73277e+008, 4709, 5171.78, 1420, 786
366, 36510, 1.48422e+008, 2.42126e+007, 1.72635e+008, 4690, 5162.6, 1420, 786
367, 36610, 1.4801e+008, 2.41663e+007, 1.72176e+008, 4670, 5174.8, 1420, 786
368, 36710, 1.49408e+008, 2.44178e+007, 1.73826e+008, 4729, 5163.43, 1420, 786
369, 36810, 1.48692e+008, 2.42217e+007, 1.72914e+008, 4701, 5152.45, 1420, 786
370, 36910, 1.49011e+008, 2.4354e+007, 1.73365e+008, 4716, 5164.13, 1420, 786
371, 37010, 1.48355e+008, 2.41592e+007, 1.72514e+008, 4689, 5152.31, 1420, 786
372, 37110, 1.48277e+008, 2.41849e+007, 1.72462e+008, 4685, 5162.21, 1420, 786
373, 37210, 1.48482e+008, 2.41687e+007, 1.72651e+008, 4697, 5145.56, 1420, 786
374, 37310, 1.48752e+008, 2.42223e+007, 1.72975e+008, 4705, 5148.21, 1420, 786
375, 37410, 1.47725e+008, 2.40264e+007, 1.71751e+008, 4665, 5150.36, 1419, 786
376, 37510, 1.48717e+008, 2.4201e+007, 1.72918e+008, 4711, 5137.13, 1419, 786
377, 37610, 1.48139e+008, 2.40552e+007, 1.72195e+008, 4683, 5136.71, 1420, 786
378, 37710, 1.47814e+008, 2.39877e+007, 1.71802e+008, 4667, 5139.86, 1420, 786
379, 37810, 1.47869e+008, 2.39945e+007, 1.71864e+008, 4678, 5129.22, 1420, 786
380, 37910, 1.47349e+008, 2.39355e+007, 1.71285e+008, 4663, 5133.08, 1420, 786
381, 38010, 1.4758e+008, 2.40047e+007, 1.71584e+008, 4689, 5119.36, 1420, 786
382, 38110, 1.46259e+008, 2.36758e+007, 1.69934e+008, 4626, 5117.98, 1420, 786
383, 38210, 1.47146e+008, 2.38043e+007, 1.7095e+008, 4669, 5098.38, 1419, 786
384, 38310, 1.46892e+008, 2.37458e+007, 1.70638e+008, 4653, 5103.32, 1420, 786
385, 38410, 1.4648e+008, 2.36893e+007, 1.70169e+008, 4638, 5107.65, 1420, 786
386, 38510, 1.46554e+008, 2.3661e+007, 1.70215e+008, 4641, 5098.26, 1419, 786
387, 38610, 1.46402e+008, 2.36199e+007, 1.70022e+008, 4632, 5099.28, 1420, 786
388, 38710, 1.46352e+008, 2.36911e+007, 1.70043e+008, 4637, 5109.15, 1420, 786
389, 38810, 1.46741e+008, 2.36047e+007, 1.70346e+008, 4643, 5083.92, 1419, 786
390, 38910, 1.46428e+008, 2.36563e+007, 1.70085e+008, 4637, 5101.63, 1420, 786
391, 39010, 1.46159e+008, 2.35837e+007, 1.69743e+008, 4629, 5094.78, 1420, 786
392, 39110, 1.4631e+008, 2.36719e+007, 1.69982e+008, 4632, 5110.51, 1420, 786
393, 39210, 1.46311e+008, 2.36434e+007, 1.69954e+008, 4638, 5097.75, 1420, 786
394, 39310, 1.46356e+008, 2.35267e+007, 1.69883e+008, 4627, 5084.65, 1420, 786
395, 39410, 1.4638e+008, 2.35375e+007, 1.69917e+008, 4629, 5084.79, 1420, 786
396, 39510, 1.45986e+008, 2.34522e+007, 1.69438e+008, 4612, 5085.04, 1420, 786
397, 39610, 1.46336e+008, 2.3484e+007, 1.6982e+008, 4632, 5069.95, 1419, 786
398, 39710, 1.46669e+008, 2.35632e+007, 1.70233e+008, 4653, 5064.09, 1419, 786
399, 39810, 1.46759e+008, 2.36627e+007, 1.70421e+008, 4653, 5085.47, 1420, 786
400, 39910, 1.46505e+008, 2.36226e+007, 1.70127e+008, 4643, 5087.79, 1420, 786
401, 40010, 1.46789e+008, 2.36071e+007, 1.70396e+008, 4651, 5075.71, 1419, 786
402, 40110, 1.46588e+008, 2.35575e+007, 1.70145e+008, 4642, 5074.86, 1419, 786
403, 40210, 1.46818e+008, 2.36107e+007, 1.70429e+008, 4649, 5078.67, 1420, 786
404, 40310, 1.46895e+008, 2.35331e+007, 1.70428e+008, 4654, 5056.54, 1420, 786
405, 40410, 1.46483e+008, 2.34707e+007, 1.69954e+008, 4634, 5064.9, 1420, 786
406, 40510, 1.46572e+008, 2.35665e+007, 1.70139e+008, 4649, 5069.16, 1420, 786
407, 40610, 1.46388e+008, 2.34914e+007, 1.69879e+008, 4641, 5061.72, 1419, 786
408, 40710, 1.46227e+008, 2.34411e+007, 1.69668e+008, 4629, 5063.97, 1419, 786
409, 40810, 1.4655e+008, 2.35044e+007, 1.70055e+008, 4638, 5067.78, 1420, 786
410, 40910, 1.46625e+008, 2.34466e+007, 1.70071e+008, 4636, 5057.51, 1420, 786
411, 41010, 1.46659e+008, 2.34478e+007, 1.70107e+008, 4639, 5054.5, 1420, 786
412, 41110, 1.46499e+008, 2.34589e+007, 1.69958e+008, 4634, 5062.35, 1420, 786
413, 41210, 1.46093e+008, 2.33897e+007, 1.69483e+008, 4625, 5057.23, 1420, 786
414, 41310, 1.46422e+008, 2.33673e+007, 1.69789e+008, 4630, 5046.93, 1420, 786
415, 41410, 1.46424e+008, 2.33964e+007, 1.6982e+008, 4634, 5048.86, 1419, 786
416, 41510, 1.46646e+008, 2.34539e+007, 1.701e+008, 4646, 5048.18, 1420, 786
417, 41610, 1.46133e+008, 2.32821e+007, 1.69415e+008, 4627, 5031.79, 1420, 786
418, 41710, 1.46489e+008, 2.3312e+007, 1.69801e+008, 4630, 5034.99, 1419, 786
419, 41810, 1.46154e+008, 2.32462e+007, 1.694e+008, 4624, 5027.29, 1419, 786
420, 41910, 1.46623e+008, 2.33789e+007, 1.70002e+008, 4642, 5036.38, 1419, 786
421, 42010, 1.46023e+008, 2.32423e+007, 1.69265e+008, 4620, 5030.8, 1419, 786
422, 42110, 1.4681e+008, 2.33411e+007, 1.70151e+008, 4636, 5034.74, 1419, 786
423, 42210, 1.45979e+008, 2.32132e+007, 1.69192e+008, 4619, 5025.6, 1419, 786
424, 42310, 1.4601e+008, 2.32414e+007, 1.69251e+008, 4621, 5029.52, 1419, 786
425, 42410, 1.46261e+008, 2.33036e+007, 1.69564e+008, 4628, 5035.36, 1419, 786
426, 42510, 1.46542e+008, 2.32831e+007, 1.69825e+008, 4636, 5022.23, 1419, 786
427, 42610, 1.45921e+008, 2.31553e+007, 1.69076e+008, 4616, 5016.31, 1419, 786
428, 42710, 1.45694e+008, 2.31424e+007, 1.68836e+008, 4610, 5020.04, 1419, 786
429, 42810, 1.45495e+008, 2.30548e+007, 1.68549e+008, 4601, 5010.83, 1419, 786
430, 42910, 1.45495e+008, 2.30211e+007, 1.68516e+008, 4595, 5010.04, 1419, 786
431, 43010, 1.46461e+008, 2.32137e+007, 1.69675e+008, 4634, 5009.43, 1419, 786
432, 43110, 1.4516e+008, 2.30328e+007, 1.68193e+008, 4594, 5013.68, 1419, 786
433, 43210, 1.4525e+008, 2.30197e+007, 1.68269e+008, 4599, 5005.37, 1419, 786
434, 43310, 1.45485e+008, 2.30261e+007, 1.68511e+008, 4610, 4994.82, 1419, 786
435, 43410, 1.45547e+008, 2.30226e+007, 1.6857e+008, 4610, 4994.05, 1419, 786
436, 43510, 1.46154e+008, 2.31881e+007, 1.69342e+008, 4634, 5003.91, 1419, 786
437, 43610, 1.45411e+008, 2.29947e+007, 1.68406e+008, 4603, 4995.58, 1419, 786
438, 43710, 1.45577e+008, 2.3001e+007, 1.68578e+008, 4606, 4993.7, 1419, 786
439, 43810, 1.45153e+008, 2.29616e+007, 1.68114e+008, 4591, 5001.43, 1419, 786
440, 43910, 1.45268e+008, 2.29264e+007, 1.68195e+008, 4595, 4989.42, 1419, 786
441, 44010, 1.46056e+008, 2.29929e+007, 1.69049e+008, 4623, 4973.59, 1419, 786
442, 44110, 1.45033e+008, 2.29369e+007, 1.6797e+008, 4593, 4993.87, 1419, 786
443, 44210, 1.44777e+008, 2.27738e+007, 1.67551e+008, 4578, 4974.63, 1419, 786
444, 44310, 1.44908e+008, 2.27684e+007, 1.67676e+008, 4575, 4976.7, 1419, 786
445, 44410, 1.45114e+008, 2.28702e+007, 1.67984e+008, 4594, 4978.27, 1419, 786
446, 44510, 1.44892e+008, 2.28082e+007, 1.67701e+008, 4589, 4970.18, 1419, 786
447, 44610, 1.44507e+008, 2.26993e+007, 1.67206e+008, 4569, 4968.11, 1419, 786
448, 44710, 1.4515e+008, 2.28512e+007, 1.68001e+008, 4590, 4978.47, 1419, 786
449, 44810, 1.4485e+008, 2.27895e+007, 1.6764e+008, 4582, 4973.7, 1419, 786
450, 44910, 1.47856e+008, 2.33324e+007, 1.71188e+008, 4663, 5003.72, 1419, 786
451, 45010, 1.49417e+008, 2.34804e+007, 1.72897e+008, 4690, 5006.49, 1419, 786
452, 45110, 1.49688e+008, 2.35988e+007, 1.73287e+008, 4697, 5024.24, 1419, 786
453, 45210, 1.49666e+008, 2.35356e+007, 1.73202e+008, 4704, 5003.31, 1419, 786
454, 45310, 1.4943e+008, 2.35709e+007, 1.73001e+008, 4690, 5025.78, 1419, 786
455, 45410, 1.49915e+008, 2.36369e+007, 1.73552e+008, 4716, 5012.06, 1419, 786
456, 45510, 1.49959e+008, 2.36625e+007, 1.73621e+008, 4711, 5022.81, 1419, 786
457, 45610, 1.49424e+008, 2.34269e+007, 1.72851e+008, 4687, 4998.28, 1419, 786
458, 45710, 1.49996e+008, 2.36046e+007, 1.73601e+008, 4711, 5010.53, 1419, 786
459, 45810, 1.49596e+008, 2.35314e+007, 1.73128e+008, 4700, 5006.67, 1420, 786
460, 45910, 1.49676e+008, 2.35514e+007, 1.73227e+008, 4699, 5012.01, 1419, 786
461, 46010, 1.49586e+008, 2.35644e+007, 1.73151e+008, 4705, 5008.38, 1419, 786
462, 46110, 1.49744e+008, 2.35949e+007, 1.73339e+008, 4709, 5010.59, 1419, 786
463, 46210, 1.49295e+008, 2.35127e+007, 1.72807e+008, 4693, 5010.16, 1420, 786
464, 46310, 1.49654e+008, 2.3549e+007, 1.73203e+008, 4707, 5002.97, 1419, 786
465, 46410, 1.49061e+008, 2.34356e+007, 1.72496e+008, 4688, 4999.06, 1420, 786
466, 46510, 1.48978e+008, 2.33706e+007, 1.72348e+008, 4678, 4995.85, 1419, 786
467, 46610, 1.49084e+008, 2.33858e+007, 1.7247e+008, 4687, 4989.5, 1420, 786
468, 46710, 1.48543e+008, 2.33701e+007, 1.71913e+008, 4667, 5007.51, 1420, 786
469, 46810, 1.49141e+008, 2.33557e+007, 1.72497e+008, 4689, 4980.95, 1419, 786
470, 46910, 1.48574e+008, 2.33138e+007, 1.71888e+008, 4668, 4994.39, 1420, 786
471, 47010, 1.49027e+008, 2.33063e+007, 1.72334e+008, 4682, 4977.85, 1419, 786
472, 47110, 1.49326e+008, 2.34127e+007, 1.72739e+008, 4695, 4986.73, 1420, 786
473, 47210, 1.4853e+008, 2.3186e+007, 1.71716e+008, 4664, 4971.28, 1419, 786
474, 47310, 1.48587e+008, 2.31989e+007, 1.71786e+008, 4664, 4974.05, 1419, 786
475, 47410, 1.48193e+008, 2.31697e+007, 1.71363e+008, 4655, 4977.39, 1419, 786
476, 47510, 1.48533e+008, 2.31682e+007, 1.71701e+008, 4660, 4971.71, 1419, 786
477, 47610, 1.48813e+008, 2.32488e+007, 1.72062e+008, 4680, 4967.69, 1419, 786
478, 47710, 1.48997e+008, 2.32752e+007, 1.72272e+008, 4686, 4966.97, 1419, 786
479, 47810, 1.48651e+008, 2.32577e+007, 1.71909e+008, 4683, 4966.41, 1419, 786
480, 47910, 1.487e+008, 2.32106e+007, 1.71911e+008, 4674, 4965.89, 1419, 786
481, 48010, 1.47985e+008, 2.30535e+007, 1.71039e+008, 4654, 4953.48, 1419, 786
482, 48110, 1.48379e+008, 2.31287e+007, 1.71508e+008, 4666, 4956.86, 1419, 786
483, 48210, 1.47778e+008, 2.29843e+007, 1.70763e+008, 4647, 4946.05, 1419, 786
484, 48310, 1.47978e+008, 2.30075e+007, 1.70986e+008, 4652, 4945.73, 1419, 786
485, 48410, 1.47743e+008, 2.30589e+007, 1.70802e+008, 4652, 4956.77, 1419, 786
486, 48510, 1.48438e+008, 2.3163e+007, 1.71601e+008, 4674, 4955.72, 1419, 786
487, 48610, 1.48206e+008, 2.30381e+007, 1.71244e+008, 4656, 4948.06, 1419, 786
488, 48710, 1.47468e+008, 2.29668e+007, 1.70435e+008, 4634, 4956.14, 1419, 786
489, 48810, 1.47692e+008, 2.28937e+007, 1.70585e+008, 4642, 4931.85, 1419, 786
490, 48910, 1.47286e+008, 2.2857e+007, 1.70143e+008, 4622, 4945.26, 1419, 786
491, 49010, 1.47411e+008, 2.28617e+007, 1.70273e+008, 4637, 4930.28, 1419, 786
492, 49110, 1.48195e+008, 2.2976e+007, 1.71171e+008, 4659, 4931.52, 1419, 786
493, 49211, 1.47639e+008, 2.29093e+007, 1.70548e+008, 4646, 4930.97, 1419, 786
494, 49311, 1.4807e+008, 2.29638e+007, 1.71034e+008, 4657, 4931.02, 1419, 786
495, 49411, 1.47384e+008, 2.2863e+007, 1.70247e+008, 4640, 4927.37, 1419, 786
496, 49511, 1.4757e+008, 2.28971e+007, 1.70467e+008, 4644, 4930.46, 1419, 786
497, 49611, 1.46623e+008, 2.26876e+007, 1.69311e+008, 4610, 4921.4, 1419, 786
498, 49711, 1.47986e+008, 2.29041e+007, 1.7089e+008, 4656, 4919.27, 1419, 786
499, 49811, 1.47325e+008, 2.27255e+007, 1.7005e+008, 4637, 4900.91, 1419, 786
500, 49911, 1.47171e+008, 2.28005e+007, 1.69971e+008, 4630, 4924.52, 1419, 786
501, 50011, 1.47119e+008, 2.27105e+007, 1.6983e+008, 4624, 4911.43, 1419, 786
502, 50111, 1.47568e+008, 2.28242e+007, 1.70392e+008, 4642, 4916.88, 1419, 786
503, 50211, 1.46225e+008, 2.25491e+007, 1.68774e+008, 4591, 4911.58, 1419, 786
504, 50311, 1.47252e+008, 2.27182e+007, 1.6997e+008, 4628, 4908.86, 1419, 786
505, 50411, 1.47133e+008, 2.27166e+007, 1.6985e+008, 4632, 4904.27, 1419, 786
506, 50511, 1.46545e+008, 2.26118e+007, 1.69157e+008, 4601, 4914.54, 1419, 786
507, 50611, 1.4646e+008, 2.25933e+007, 1.69054e+008, 4605, 4906.26, 1419, 786
508, 50711, 1.46804e+008, 2.25934e+007, 1.69397e+008, 4614, 4896.71, 1419, 786
509, 50811, 1.46363e+008, 2.25444e+007, 1.68907e+008, 4605, 4895.62, 1419, 786
510, 50911, 1.46509e+008, 2.25021e+007, 1.69011e+008, 4604, 4887.51, 1419, 786
511, 51011, 1.46378e+008, 2.25807e+007, 1.68959e+008, 4610, 4898.21, 1419, 787
512, 51111, 1.46928e+008, 2.26072e+007, 1.69536e+008, 4623, 4890.15, 1419, 786
513, 51211, 1.46125e+008, 2.25306e+007, 1.68656e+008, 4604, 4893.71, 1419, 786
514, 51311, 1.47388e+008, 2.26997e+007, 1.70088e+008, 4643, 4889.02, 1419, 786
515, 51411, 1.45749e+008, 2.23529e+007, 1.68102e+008, 4585, 4875.23, 1419, 786
516, 51511, 1.46919e+008, 2.26789e+007, 1.69598e+008, 4631, 4897.2, 1419, 786
517, 51611, 1.46102e+008, 2.24505e+007, 1.68552e+008, 4602, 4878.43, 1419, 786
518, 51711, 1.47308e+008, 2.26171e+007, 1.69925e+008, 4633, 4881.73, 1419, 786
519, 51811, 1.46085e+008, 2.24512e+007, 1.68537e+008, 4600, 4880.7, 1419, 786
520, 51911, 1.46363e+008, 2.24516e+007, 1.68814e+008, 4607, 4873.37, 1419, 786
521, 52011, 1.46173e+008, 2.23901e+007, 1.68563e+008, 4601, 4866.35, 1419, 786
522, 52111, 1.46269e+008, 2.24298e+007, 1.68698e+008, 4602, 4873.93, 1419, 786
523, 52211, 1.45484e+008, 2.23164e+007, 1.67801e+008, 4586, 4866.21, 1419, 786
524, 52311, 1.46586e+008, 2.24755e+007, 1.69061e+008, 4613, 4872.2, 1419, 786
525, 52411, 1.45514e+008, 2.23302e+007, 1.67845e+008, 4588, 4867.1, 1419, 786
526, 52511, 1.46249e+008, 2.2477e+007, 1.68726e+008, 4608, 4877.83, 1419, 786
527, 52611, 1.45618e+008, 2.2304e+007, 1.67922e+008, 4590, 4859.26, 1419, 786
528, 52711, 1.45782e+008, 2.23304e+007, 1.68112e+008, 4585, 4870.32, 1419, 786
529, 52811, 1.45508e+008, 2.22746e+007, 1.67783e+008, 4586, 4857.09, 1419, 786
530, 52911, 1.45757e+008, 2.22824e+007, 1.68039e+008, 4584, 4860.92, 1419, 786
531, 53011, 1.45301e+008, 2.22284e+007, 1.67529e+008, 4576, 4857.6, 1419, 786
532, 53111, 1.4544e+008, 2.22743e+007, 1.67715e+008, 4577, 4866.57, 1419, 786
533, 53211, 1.45264e+008, 2.21839e+007, 1.67448e+008, 4576, 4847.88, 1419, 786
534, 53311, 1.45687e+008, 2.23142e+007, 1.68001e+008, 4589, 4862.53, 1419, 786
535, 53411, 1.45389e+008, 2.22545e+007, 1.67643e+008, 4586, 4852.7, 1419, 786
536, 53511, 1.45104e+008, 2.21242e+007, 1.67228e+008, 4570, 4841.18, 1419, 786
537, 53611, 1.43647e+008, 2.18939e+007, 1.65541e+008, 4531, 4832.02, 1419, 786
538, 53711, 1.43703e+008, 2.18773e+007, 1.65581e+008, 4530, 4829.42, 1419, 786
539, 53811, 1.43329e+008, 2.1809e+007, 1.65138e+008, 4526, 4818.61, 1419, 786
540, 53911, 1.44455e+008, 2.20326e+007, 1.66487e+008, 4560, 4831.7, 1418, 786
541, 54011, 1.43573e+008, 2.18475e+007, 1.65421e+008, 4532, 4820.72, 1418, 786
542, 54111, 1.45124e+008, 2.20981e+007, 1.67222e+008, 4580, 4824.92, 1418, 787
543, 54211, 1.43738e+008, 2.18985e+007, 1.65637e+008, 4539, 4824.52, 1418, 787
544, 54311, 1.4432e+008, 2.19196e+007, 1.6624e+008, 4551, 4816.43, 1418, 786
545, 54411, 1.43457e+008, 2.18449e+007, 1.65302e+008, 4532, 4820.14, 1418, 787
546, 54511, 1.44027e+008, 2.18513e+007, 1.65878e+008, 4536, 4817.31, 1418, 787
547, 54611, 1.43636e+008, 2.18712e+007, 1.65507e+008, 4539, 4818.51, 1418, 787
548, 54711, 1.44661e+008, 2.20291e+007, 1.66691e+008, 4569, 4821.42, 1419, 786
549, 54811, 1.43553e+008, 2.18646e+007, 1.65417e+008, 4535, 4821.31, 1419, 786
550, 54911, 1.44016e+008, 2.20774e+007, 1.66093e+008, 4553, 4848.99, 1420, 786
551, 55011, 1.4355e+008, 2.20605e+007, 1.6561e+008, 4544, 4854.86, 1420, 786
552, 55111, 1.44465e+008, 2.22049e+007, 1.66669e+008, 4572, 4856.7, 1421, 786
553, 55211, 1.43856e+008, 2.21327e+007, 1.65988e+008, 4559, 4854.72, 1420, 786
554, 55311, 1.43478e+008, 2.18339e+007, 1.65312e+008, 4531, 4818.77, 1419, 786
555, 55411, 1.43958e+008, 2.18262e+007, 1.65784e+008, 4549, 4798.01, 1419, 786
556, 55511, 1.44016e+008, 2.18081e+007, 1.65824e+008, 4543, 4800.37, 1419, 786
557, 55611, 1.43293e+008, 2.17106e+007, 1.65003e+008, 4525, 4797.93, 1419, 786
558, 55711, 1.43795e+008, 2.18135e+007, 1.65608e+008, 4539, 4805.79, 1418, 787
559, 55811, 1.425e+008, 2.16135e+007, 1.64114e+008, 4497, 4806.21, 1418, 787
560, 55911, 1.43571e+008, 2.1769e+007, 1.6534e+008, 4528, 4807.63, 1418, 787
561, 56011, 1.42948e+008, 2.17252e+007, 1.64673e+008, 4521, 4805.39, 1418, 787
562, 56111, 1.43516e+008, 2.17141e+007, 1.6523e+008, 4526, 4797.64, 1418, 787
563, 56211, 1.42266e+008, 2.15473e+007, 1.63813e+008, 4490, 4798.95, 1418, 787
564, 56311, 1.43654e+008, 2.17699e+007, 1.65424e+008, 4537, 4798.3, 1418, 787
565, 56411, 1.42676e+008, 2.16692e+007, 1.64346e+008, 4514, 4800.45, 1418, 787
566, 56511, 1.43133e+008, 2.16244e+007, 1.64758e+008, 4512, 4792.63, 1418, 787
567, 56611, 1.42409e+008, 2.15357e+007, 1.63945e+008, 4496, 4789.98, 1418, 787
568, 56711, 1.43573e+008, 2.17036e+007, 1.65277e+008, 4536, 4784.74, 1417, 787
569, 56811, 1.42105e+008, 2.14649e+007, 1.6357e+008, 4486, 4784.87, 1418, 787
570, 56911, 1.42472e+008, 2.14969e+007, 1.63968e+008, 4495, 4782.4, 1417, 787
571, 57011, 1.43158e+008, 2.17447e+007, 1.64902e+008, 4540, 4789.59, 1418, 787
572, 57111, 1.43423e+008, 2.1697e+007, 1.6512e+008, 4533, 4786.46, 1418, 787
573, 57211, 1.41732e+008, 2.14605e+007, 1.63193e+008, 4480, 4790.3, 1418, 787
574, 57311, 1.42715e+008, 2.14858e+007, 1.64201e+008, 4506, 4768.27, 1418, 787
575, 57411, 1.42497e+008, 2.14733e+007, 1.6397e+008, 4509, 4762.31, 1417, 787
576, 57511, 1.42635e+008, 2.1576e+007, 1.64211e+008, 4510, 4784.04, 1417, 787
577, 57611, 1.42438e+008, 2.15272e+007, 1.63965e+008, 4505, 4778.5, 1418, 787
578, 57711, 1.43083e+008, 2.15512e+007, 1.64634e+008, 4520, 4767.96, 1417, 787
579, 57811, 1.42066e+008, 2.1389e+007, 1.63455e+008, 4493, 4760.51, 1417, 787
580, 57911, 1.42726e+008, 2.14564e+007, 1.64183e+008, 4510, 4757.51, 1417, 787
581, 58011, 1.42089e+008, 2.13769e+007, 1.63466e+008, 4489, 4762.07, 1417, 787
582, 58111, 1.42625e+008, 2.14278e+007, 1.64053e+008, 4504, 4757.5, 1417, 787
583, 58211, 1.41708e+008, 2.13032e+007, 1.63011e+008, 4483, 4752, 1417, 787
584, 58311, 1.42881e+008, 2.14212e+007, 1.64302e+008, 4508, 4751.81, 1417, 787
585, 58411, 1.41197e+008, 2.13021e+007, 1.62499e+008, 4468, 4767.71, 1418, 787
586, 58511, 1.42193e+008, 2.13276e+007, 1.6352e+008, 4491, 4748.96, 1417, 787
587, 58611, 1.4206e+008, 2.14206e+007, 1.63481e+008, 4503, 4756.96, 1417, 787
588, 58711, 1.42322e+008, 2.13292e+007, 1.63651e+008, 4498, 4741.94, 1417, 787
589, 58811, 1.413e+008, 2.1159e+007, 1.62459e+008, 4466, 4737.79, 1417, 787
590, 58911, 1.42379e+008, 2.13182e+007, 1.63698e+008, 4496, 4741.6, 1417, 787
591, 59011, 1.41686e+008, 2.12188e+007, 1.62905e+008, 4484, 4732.11, 1417, 787
592, 59111, 1.41987e+008, 2.12016e+007, 1.63188e+008, 4482, 4730.4, 1417, 787
593, 59211, 1.4177e+008, 2.12392e+007, 1.6301e+008, 4485, 4735.61, 1417, 787
594, 59311, 1.42468e+008, 2.13366e+007, 1.63805e+008, 4497, 4744.64, 1418, 787
595, 59411, 1.41609e+008, 2.11743e+007, 1.62784e+008, 4478, 4728.51, 1417, 787
596, 59511, 1.42054e+008, 2.12775e+007, 1.63331e+008, 4486, 4743.08, 1418, 787
597, 59611, 1.41649e+008, 2.11524e+007, 1.62801e+008, 4481, 4720.46, 1418, 787
598, 59711, 1.41922e+008, 2.1252e+007, 1.63174e+008, 4490, 4733.19, 1418, 787
599, 59811, 1.40616e+008, 2.10352e+007, 1.61651e+008, 4448, 4729.14, 1418, 787
600, 59911, 1.41866e+008, 2.11856e+007, 1.63052e+008, 4484, 4724.71, 1418, 787