2, 100, 2.44378e+007, 1.36031e+007, 3.80409e+007, 1857, 7325.31, 1532, 838
3, 200, 2.4555e+007, 1.35836e+007, 3.81385e+007, 1852, 7334.54, 1532, 838
4, 300, 2.47721e+007, 1.3748e+007, 3.85201e+007, 1872, 7344, 1532, 838
5, 400, 2.48731e+007, 1.37907e+007, 3.86638e+007, 1883, 7323.78, 1532, 838
6, 500, 2.49224e+007, 1.38371e+007, 3.87595e+007, 1885, 7340.64, 1532, 838
7, 600, 2.49536e+007, 1.38045e+007, 3.87581e+007, 1888, 7311.7, 1532, 838
8, 700, 2.47376e+007, 1.35826e+007, 3.83203e+007, 1860, 7302.5, 1532, 838
9, 800, 2.49251e+007, 1.37617e+007, 3.86868e+007, 1883, 7308.4, 1532, 838
10, 900, 2.50673e+007, 1.37959e+007, 3.88632e+007, 1891, 7295.54, 1532, 838
11, 1000, 2.48683e+007, 1.36169e+007, 3.84852e+007, 1869, 7285.67, 1532, 838
12, 1100, 2.49125e+007, 1.36596e+007, 3.85721e+007, 1878, 7273.47, 1532, 838
13, 1200, 2.48979e+007, 1.36315e+007, 3.85294e+007, 1880, 7250.78, 1532, 838
14, 1300, 2.49012e+007, 1.35914e+007, 3.84926e+007, 1876, 7244.86, 1532, 838
15, 1400, 2.47331e+007, 1.34562e+007, 3.81893e+007, 1857, 7246.22, 1532, 838
16, 1500, 2.4777e+007, 1.34724e+007, 3.82494e+007, 1863, 7231.57, 1532, 838
17, 1600, 2.4872e+007, 1.34467e+007, 3.83187e+007, 1864, 7213.9, 1532, 838
18, 1700, 2.52675e+007, 1.37361e+007, 3.90036e+007, 1900, 7229.51, 1532, 838
19, 1800, 2.50043e+007, 1.35199e+007, 3.85242e+007, 1873, 7218.32, 1532, 838
20, 1900, 2.53331e+007, 1.36597e+007, 3.89929e+007, 1889, 7231.2, 1532, 838
21, 2000, 2.51267e+007, 1.34751e+007, 3.86018e+007, 1871, 7202.11, 1532, 838
22, 2100, 2.51944e+007, 1.35321e+007, 3.87265e+007, 1881, 7194.11, 1532, 838
23, 2200, 2.51479e+007, 1.35268e+007, 3.86747e+007, 1881, 7191.29, 1532, 838
24, 2300, 2.50257e+007, 1.33214e+007, 3.83471e+007, 1855, 7181.35, 1532, 838
25, 2400, 2.50094e+007, 1.32854e+007, 3.82947e+007, 1850, 7181.27, 1532, 838
26, 2500, 2.52024e+007, 1.34477e+007, 3.86501e+007, 1872, 7183.59, 1532, 838
27, 2600, 2.53805e+007, 1.35584e+007, 3.89389e+007, 1889, 7177.55, 1532, 838
28, 2700, 2.52723e+007, 1.35015e+007, 3.87738e+007, 1884, 7166.41, 1532, 838
29, 2800, 2.55296e+007, 1.36136e+007, 3.91432e+007, 1903, 7153.77, 1532, 838
30, 2900, 2.55273e+007, 1.35654e+007, 3.90927e+007, 1897, 7150.95, 1532, 838
31, 3000, 2.572e+007, 1.3683e+007, 3.9403e+007, 1911, 7160.12, 1532, 838
32, 3100, 2.54604e+007, 1.35139e+007, 3.89743e+007, 1891, 7146.42, 1532, 838
33, 3200, 2.55795e+007, 1.34747e+007, 3.90543e+007, 1889, 7133.27, 1532, 838
34, 3300, 2.56284e+007, 1.35715e+007, 3.91998e+007, 1903, 7131.62, 1532, 838
35, 3400, 2.54127e+007, 1.3338e+007, 3.87507e+007, 1873, 7121.19, 1532, 838
36, 3500, 2.54979e+007, 1.33731e+007, 3.8871e+007, 1881, 7109.55, 1532, 838
37, 3600, 2.55362e+007, 1.33056e+007, 3.88418e+007, 1875, 7096.33, 1532, 838
38, 3700, 2.56291e+007, 1.34071e+007, 3.90363e+007, 1886, 7108.77, 1532, 838
39, 3800, 2.56531e+007, 1.33877e+007, 3.90408e+007, 1886, 7098.46, 1532, 838
40, 3900, 2.55974e+007, 1.33329e+007, 3.89303e+007, 1884, 7076.91, 1532, 838
41, 4000, 2.56723e+007, 1.33615e+007, 3.90338e+007, 1888, 7077.09, 1532, 838
42, 4100, 2.55666e+007, 1.32547e+007, 3.88213e+007, 1875, 7069.17, 1532, 838
43, 4200, 2.58267e+007, 1.34391e+007, 3.92658e+007, 1899, 7076.92, 1532, 838
44, 4300, 2.57468e+007, 1.33799e+007, 3.91267e+007, 1891, 7075.56, 1532, 838
45, 4400, 2.5708e+007, 1.33386e+007, 3.90466e+007, 1891, 7053.71, 1532, 838
46, 4500, 2.58348e+007, 1.33331e+007, 3.91678e+007, 1896, 7032.2, 1532, 838
47, 4600, 2.58533e+007, 1.33509e+007, 3.92042e+007, 1899, 7030.49, 1532, 838
48, 4700, 2.5909e+007, 1.33354e+007, 3.92444e+007, 1894, 7040.88, 1532, 838
49, 4800, 2.5759e+007, 1.32111e+007, 3.89701e+007, 1880, 7027.17, 1532, 838
50, 4900, 2.5828e+007, 1.32823e+007, 3.91103e+007, 1892, 7020.23, 1532, 838
51, 5000, 2.58377e+007, 1.31956e+007, 3.90333e+007, 1882, 7011.49, 1532, 838
52, 5100, 2.57762e+007, 1.30973e+007, 3.88735e+007, 1873, 6992.69, 1532, 839
53, 5200, 2.60693e+007, 1.33033e+007, 3.93726e+007, 1901, 6998.06, 1532, 838
54, 5300, 2.60122e+007, 1.3283e+007, 3.92953e+007, 1897, 7002.13, 1532, 838
55, 5400, 2.57238e+007, 1.30257e+007, 3.87496e+007, 1874, 6950.77, 1532, 839
56, 5500, 2.56856e+007, 1.30555e+007, 3.87411e+007, 1874, 6966.67, 1532, 838
57, 5600, 2.57763e+007, 1.30903e+007, 3.88666e+007, 1880, 6962.93, 1532, 838
58, 5700, 2.55949e+007, 1.2906e+007, 3.85009e+007, 1858, 6946.19, 1532, 838
59, 5800, 2.58585e+007, 1.31161e+007, 3.89746e+007, 1888, 6947.09, 1532, 838
60, 5900, 2.57728e+007, 1.29035e+007, 3.86764e+007, 1864, 6922.49, 1532, 838
61, 6000, 2.56278e+007, 1.27974e+007, 3.84253e+007, 1849, 6921.27, 1532, 838
62, 6100, 2.57041e+007, 1.29194e+007, 3.86234e+007, 1867, 6919.85, 1532, 838
63, 6200, 2.56174e+007, 1.28224e+007, 3.84399e+007, 1856, 6908.63, 1532, 838
64, 6300, 2.59232e+007, 1.29992e+007, 3.89224e+007, 1877, 6925.52, 1532, 838
65, 6400, 2.58086e+007, 1.29484e+007, 3.8757e+007, 1868, 6931.69, 1532, 838
66, 6500, 2.62401e+007, 1.31518e+007, 3.93919e+007, 1899, 6925.65, 1532, 838
67, 6600, 2.63858e+007, 1.32044e+007, 3.95902e+007, 1910, 6913.29, 1532, 838
68, 6700, 2.62269e+007, 1.30472e+007, 3.92742e+007, 1890, 6903.3, 1532, 838
69, 6800, 2.61685e+007, 1.30091e+007, 3.91775e+007, 1884, 6905.02, 1532, 838
70, 6900, 2.61334e+007, 1.29329e+007, 3.90664e+007, 1878, 6886.55, 1532, 838
71, 7000, 2.64708e+007, 1.31872e+007, 3.9658e+007, 1913, 6893.46, 1532, 838
72, 7100, 2.62283e+007, 1.2992e+007, 3.92203e+007, 1889, 6877.73, 1532, 838
73, 7200, 2.61448e+007, 1.29114e+007, 3.90562e+007, 1878, 6875.07, 1532, 838
74, 7300, 2.60031e+007, 1.28413e+007, 3.88444e+007, 1867, 6878.05, 1532, 838
75, 7400, 2.62152e+007, 1.29154e+007, 3.91305e+007, 1884, 6855.3, 1532, 838
76, 7500, 2.61763e+007, 1.28931e+007, 3.90694e+007, 1882, 6850.76, 1532, 838
77, 7600, 2.63608e+007, 1.29864e+007, 3.93472e+007, 1896, 6849.36, 1532, 838
78, 7700, 2.63008e+007, 1.2989e+007, 3.92898e+007, 1896, 6850.73, 1532, 838
79, 7800, 2.64504e+007, 1.308e+007, 3.95304e+007, 1909, 6851.75, 1532, 838
80, 7900, 2.64054e+007, 1.29529e+007, 3.93583e+007, 1894, 6838.93, 1532, 838
81, 8000, 2.66505e+007, 1.31372e+007, 3.97877e+007, 1922, 6835.18, 1532, 838
82, 8100, 2.63707e+007, 1.29259e+007, 3.92965e+007, 1896, 6817.44, 1532, 838
83, 8200, 2.64912e+007, 1.29373e+007, 3.94285e+007, 1900, 6809.1, 1532, 838
84, 8300, 2.63195e+007, 1.28312e+007, 3.91507e+007, 1883, 6814.22, 1532, 838
85, 8400, 2.65493e+007, 1.29803e+007, 3.95296e+007, 1903, 6820.95, 1532, 838
86, 8500, 2.63274e+007, 1.27533e+007, 3.90807e+007, 1876, 6798.11, 1532, 838
87, 8600, 2.65086e+007, 1.28563e+007, 3.9365e+007, 1895, 6784.35, 1532, 839
88, 8700, 2.67246e+007, 1.29981e+007, 3.97228e+007, 1913, 6794.64, 1532, 838
89, 8800, 2.64013e+007, 1.27996e+007, 3.92009e+007, 1882, 6801.05, 1532, 838
90, 8900, 2.63742e+007, 1.27747e+007, 3.91489e+007, 1881, 6791.45, 1532, 838
91, 9000, 2.64802e+007, 1.27853e+007, 3.92655e+007, 1887, 6775.46, 1532, 838
92, 9100, 2.65499e+007, 1.28056e+007, 3.93555e+007, 1887, 6786.22, 1532, 838
93, 9200, 2.65579e+007, 1.28062e+007, 3.9364e+007, 1890, 6775.74, 1532, 838
94, 9300, 2.66226e+007, 1.28376e+007, 3.94603e+007, 1895, 6774.47, 1532, 838
95, 9400, 2.66179e+007, 1.27935e+007, 3.94114e+007, 1894, 6754.73, 1532, 838
96, 9500, 2.67508e+007, 1.28141e+007, 3.95649e+007, 1901, 6740.73, 1532, 838
97, 9600, 2.677e+007, 1.28613e+007, 3.96313e+007, 1906, 6747.79, 1532, 838
98, 9700, 2.64893e+007, 1.26221e+007, 3.91113e+007, 1875, 6731.78, 1532, 838
99, 9800, 2.67111e+007, 1.28038e+007, 3.95149e+007, 1900, 6738.85, 1532, 838
100, 9900, 2.64311e+007, 1.26193e+007, 3.90504e+007, 1874, 6733.87, 1532, 838
101, 10000, 2.68806e+007, 1.28263e+007, 3.97069e+007, 1910, 6715.33, 1532, 838
102, 10100, 2.64396e+007, 1.20221e+007, 3.84617e+007, 1845, 6516.07, 1532, 838
103, 10200, 2.61158e+007, 1.15586e+007, 3.76745e+007, 1815, 6368.39, 1532, 838
104, 10300, 2.57187e+007, 1.12633e+007, 3.6982e+007, 1781, 6324.14, 1532, 838
105, 10400, 2.56035e+007, 1.10789e+007, 3.66824e+007, 1766, 6273.45, 1532, 838
106, 10500, 2.5787e+007, 1.11768e+007, 3.69638e+007, 1785, 6261.49, 1532, 838
107, 10600, 2.57199e+007, 1.09437e+007, 3.66636e+007, 1761, 6214.49, 1532, 838
108, 10700, 2.56729e+007, 1.09685e+007, 3.66414e+007, 1769, 6200.39, 1532, 838
109, 10800, 2.56629e+007, 1.08206e+007, 3.64835e+007, 1756, 6162.08, 1532, 838
110, 10900, 2.56982e+007, 1.08609e+007, 3.65591e+007, 1762, 6163.97, 1532, 838
111, 11000, 2.56123e+007, 1.07506e+007, 3.63629e+007, 1756, 6122.2, 1532, 838
112, 11100, 2.53911e+007, 1.05959e+007, 3.5987e+007, 1732, 6117.74, 1532, 838
113, 11200, 2.55961e+007, 1.06537e+007, 3.62498e+007, 1748, 6094.78, 1532, 838
114, 11300, 2.55154e+007, 1.0546e+007, 3.60614e+007, 1733, 6085.4, 1532, 838
115, 11400, 2.55777e+007, 1.05561e+007, 3.61338e+007, 1740, 6066.72, 1532, 838
116, 11500, 2.53347e+007, 1.04399e+007, 3.57746e+007, 1724, 6055.62, 1532, 838
117, 11601, 2.56813e+007, 1.04648e+007, 3.61461e+007, 1741, 6010.81, 1532, 839
118, 11700, 2.55723e+007, 1.05225e+007, 3.60947e+007, 1743, 6036.99, 1532, 838
119, 11800, 2.56336e+007, 1.04397e+007, 3.60733e+007, 1741, 5996.4, 1532, 839
120, 11900, 2.56419e+007, 1.04104e+007, 3.60522e+007, 1740, 5982.98, 1532, 839
121, 12000, 2.55141e+007, 1.03573e+007, 3.58715e+007, 1731, 5983.42, 1532, 839
122, 12100, 2.55477e+007, 1.0347e+007, 3.58947e+007, 1729, 5984.37, 1532, 838
123, 12200, 2.55975e+007, 1.03287e+007, 3.59262e+007, 1732, 5963.46, 1532, 839
124, 12300, 2.54648e+007, 1.02865e+007, 3.57514e+007, 1723, 5970.14, 1532, 838
125, 12400, 2.55222e+007, 1.02615e+007, 3.57837e+007, 1728, 5938.37, 1532, 839
126, 12500, 2.55036e+007, 1.02021e+007, 3.57057e+007, 1720, 5931.45, 1532, 839
127, 12600, 2.55018e+007, 1.02305e+007, 3.57322e+007, 1728, 5920.41, 1532, 839
128, 12700, 2.5467e+007, 1.01887e+007, 3.56557e+007, 1721, 5920.23, 1532, 839
129, 12800, 2.55542e+007, 1.02218e+007, 3.5776e+007, 1726, 5922.25, 1532, 839
130, 12900, 2.52583e+007, 1.00594e+007, 3.53176e+007, 1700, 5917.27, 1532, 839
131, 13000, 2.53383e+007, 1.00262e+007, 3.53645e+007, 1707, 5873.59, 1532, 839
132, 13100, 2.53089e+007, 1.00258e+007, 3.53347e+007, 1707, 5873.36, 1532, 839
133, 13200, 2.52403e+007, 9.96911e+006, 3.52094e+007, 1698, 5871.09, 1532, 839
134, 13300, 2.5011e+007, 9.85903e+006, 3.487e+007, 1681, 5864.98, 1532, 839
135, 13400, 2.52421e+007, 9.92633e+006, 3.51684e+007, 1697, 5849.34, 1532, 839
136, 13500, 2.52547e+007, 9.94089e+006, 3.51956e+007, 1699, 5851.03, 1532, 839
137, 13600, 2.51624e+007, 9.92219e+006, 3.50846e+007, 1693, 5860.72, 1532, 839
138, 13700, 2.51614e+007, 9.87347e+006, 3.50349e+007, 1690, 5842.29, 1532, 839
139, 13800, 2.53162e+007, 9.9532e+006, 3.52694e+007, 1703, 5844.51, 1532, 839
140, 13900, 2.51337e+007, 9.8437e+006, 3.49774e+007, 1687, 5835.03, 1532, 839
141, 14000, 2.52901e+007, 9.87161e+006, 3.51617e+007, 1696, 5820.53, 1532, 839
142, 14100, 2.5324e+007, 9.93462e+006, 3.52586e+007, 1701, 5840.46, 1532, 838
143, 14200, 2.53803e+007, 9.95002e+006, 3.53303e+007, 1706, 5832.37, 1532, 839
144, 14300, 2.54826e+007, 9.93474e+006, 3.54173e+007, 1707, 5820, 1532, 839
145, 14400, 2.55344e+007, 1.00113e+007, 3.55458e+007, 1716, 5834.1, 1532, 839
146, 14500, 2.5525e+007, 9.93901e+006, 3.5464e+007, 1708, 5819.09, 1532, 839
147, 14600, 2.53135e+007, 9.80077e+006, 3.51142e+007, 1689, 5802.71, 1532, 839
148, 14700, 2.51605e+007, 9.77283e+006, 3.49333e+007, 1680, 5817.16, 1532, 839
149, 14800, 2.53695e+007, 9.84089e+006, 3.52104e+007, 1697, 5798.99, 1532, 839
150, 14900, 2.54792e+007, 9.91551e+006, 3.53947e+007, 1707, 5808.73, 1532, 839
151, 15000, 2.53045e+007, 9.83028e+006, 3.51347e+007, 1691, 5813.29, 1532, 839
152, 15100, 2.56312e+007, 9.91084e+006, 3.5542e+007, 1716, 5775.55, 1532, 839
153, 15200, 2.5509e+007, 9.88671e+006, 3.53957e+007, 1708, 5788.47, 1532, 839
154, 15300, 2.55568e+007, 9.80922e+006, 3.5366e+007, 1699, 5773.52, 1532, 839
155, 15400, 2.52765e+007, 9.70459e+006, 3.49811e+007, 1681, 5773.11, 1532, 839
156, 15510, 2.54731e+007, 9.81217e+006, 3.52853e+007, 1701, 5768.47, 1532, 839
157, 15610, 2.53568e+007, 9.76304e+006, 3.51198e+007, 1694, 5763.31, 1532, 839
158, 15710, 2.54247e+007, 9.76911e+006, 3.51938e+007, 1696, 5760.09, 1532, 839
159, 15800, 2.5146e+007, 9.63557e+006, 3.47816e+007, 1677, 5745.72, 1532, 839
160, 15900, 2.51736e+007, 9.64254e+006, 3.48161e+007, 1676, 5753.31, 1532, 839
161, 16000, 2.53263e+007, 9.70031e+006, 3.50266e+007, 1690, 5739.83, 1532, 839
162, 16110, 2.54435e+007, 9.70029e+006, 3.51437e+007, 1690, 5739.82, 1532, 839
163, 16200, 2.54801e+007, 9.71794e+006, 3.51981e+007, 1696, 5729.92, 1532, 839
164, 16300, 2.5348e+007, 9.59259e+006, 3.49406e+007, 1676, 5723.5, 1532, 839
165, 16410, 2.55293e+007, 9.70026e+006, 3.52295e+007, 1695, 5722.87, 1532, 839
166, 16510, 2.56054e+007, 9.69406e+006, 3.52995e+007, 1698, 5709.1, 1532, 839
167, 16610, 2.5388e+007, 9.60854e+006, 3.49966e+007, 1686, 5699.02, 1532, 839
168, 16710, 2.5323e+007, 9.55929e+006, 3.48823e+007, 1673, 5713.86, 1532, 839
169, 16810, 2.55124e+007, 9.65185e+006, 3.51642e+007, 1692, 5704.4, 1532, 839
170, 16910, 2.54375e+007, 9.59081e+006, 3.50284e+007, 1684, 5695.26, 1532, 839
171, 17010, 2.53335e+007, 9.49681e+006, 3.48303e+007, 1670, 5686.71, 1532, 839
172, 17110, 2.52555e+007, 9.48748e+006, 3.4743e+007, 1667, 5691.35, 1531, 839
173, 17210, 2.56071e+007, 9.61475e+006, 3.52219e+007, 1693, 5679.12, 1532, 839
174, 17310, 2.5561e+007, 9.59672e+006, 3.51577e+007, 1692, 5671.82, 1532, 839
175, 17410, 2.52813e+007, 9.43404e+006, 3.47154e+007, 1668, 5655.9, 1532, 839
176, 17510, 2.55837e+007, 9.56045e+006, 3.51441e+007, 1691, 5653.73, 1532, 839
177, 17610, 2.55566e+007, 9.55785e+006, 3.51144e+007, 1689, 5658.88, 1532, 839
178, 17710, 2.54315e+007, 9.45661e+006, 3.48882e+007, 1672, 5655.87, 1532, 839
179, 17810, 2.5429e+007, 9.52486e+006, 3.49539e+007, 1684, 5656.09, 1532, 839
180, 17910, 2.52997e+007, 9.38123e+006, 3.46809e+007, 1663, 5641.15, 1532, 839
181, 18010, 2.54089e+007, 9.44223e+006, 3.48511e+007, 1675, 5637.15, 1532, 839
182, 18110, 2.54337e+007, 9.50325e+006, 3.4937e+007, 1684, 5643.26, 1531, 839
183, 18210, 2.5375e+007, 9.39571e+006, 3.47707e+007, 1666, 5639.68, 1531, 839
184, 18310, 2.55132e+007, 9.46172e+006, 3.49749e+007, 1682, 5625.28, 1532, 839
185, 18410, 2.54899e+007, 9.43147e+006, 3.49214e+007, 1680, 5613.97, 1532, 839
186, 18510, 2.54848e+007, 9.43674e+006, 3.49215e+007, 1680, 5617.11, 1532, 839
187, 18610, 2.54258e+007, 9.40158e+006, 3.48274e+007, 1675, 5612.89, 1531, 839
188, 18710, 2.53369e+007, 9.3659e+006, 3.47028e+007, 1668, 5615.05, 1531, 839
189, 18810, 2.5224e+007, 9.29378e+006, 3.45178e+007, 1655, 5615.57, 1531, 839
190, 18910, 2.53798e+007, 9.32933e+006, 3.47092e+007, 1667, 5596.48, 1531, 839
191, 19010, 2.52411e+007, 9.25228e+006, 3.44934e+007, 1656, 5587.13, 1532, 839
192, 19110, 2.52436e+007, 9.23756e+006, 3.44812e+007, 1653, 5588.36, 1532, 839
193, 19210, 2.56485e+007, 9.41307e+006, 3.50616e+007, 1688, 5576.46, 1532, 839
194, 19310, 2.5502e+007, 9.37079e+006, 3.48728e+007, 1679, 5581.17, 1532, 839
195, 19410, 2.56522e+007, 9.41511e+006, 3.50674e+007, 1688, 5577.67, 1532, 839
196, 19510, 2.55424e+007, 9.32966e+006, 3.4872e+007, 1675, 5569.95, 1532, 839
197, 19610, 2.54843e+007, 9.30814e+006, 3.47925e+007, 1673, 5563.74, 1531, 840
198, 19710, 2.55803e+007, 9.34336e+006, 3.49236e+007, 1683, 5551.61, 1531, 840
199, 19810, 2.53224e+007, 9.24304e+006, 3.45654e+007, 1662, 5561.4, 1531, 839
200, 19910, 2.5582e+007, 9.32471e+006, 3.49067e+007, 1681, 5547.12, 1532, 839
201, 20010, 2.54905e+007, 9.28564e+006, 3.47761e+007, 1673, 5550.29, 1531, 839
202, 20110, 2.52662e+007, 9.16948e+006, 3.44357e+007, 1653, 5547.17, 1532, 839
203, 20210, 2.54099e+007, 9.22939e+006, 3.46393e+007, 1664, 5546.51, 1531, 839
204, 20310, 2.54577e+007, 9.27809e+006, 3.47358e+007, 1671, 5552.42, 1531, 839
205, 20410, 2.52225e+007, 9.10658e+006, 3.43291e+007, 1645, 5535.91, 1531, 839
206, 20510, 2.54903e+007, 9.2696e+006, 3.47599e+007, 1673, 5540.7, 1531, 839
207, 20610, 2.54008e+007, 9.14464e+006, 3.45454e+007, 1658, 5515.46, 1532, 839
208, 20710, 2.5386e+007, 9.14622e+006, 3.45323e+007, 1661, 5506.45, 1532, 839
209, 20810, 2.54157e+007, 9.15382e+006, 3.45696e+007, 1659, 5517.67, 1531, 839
210, 20910, 2.5283e+007, 9.14054e+006, 3.44236e+007, 1654, 5526.32, 1531, 839
211, 21010, 2.54431e+007, 9.15081e+006, 3.45939e+007, 1665, 5495.98, 1531, 840
212, 21110, 2.55278e+007, 9.14524e+006, 3.4673e+007, 1665, 5492.64, 1532, 840
213, 21210, 2.5233e+007, 9.02216e+006, 3.42551e+007, 1647, 5477.94, 1532, 840
214, 21310, 2.558e+007, 9.16886e+006, 3.47489e+007, 1674, 5477.22, 1531, 840
215, 21410, 2.5414e+007, 9.16607e+006, 3.45801e+007, 1666, 5501.85, 1531, 839
216, 21510, 2.53393e+007, 9.06057e+006, 3.43999e+007, 1653, 5481.29, 1531, 840
217, 21610, 2.53595e+007, 9.0878e+006, 3.44473e+007, 1657, 5484.49, 1532, 839
218, 21710, 2.51727e+007, 8.94326e+006, 3.4116e+007, 1638, 5459.87, 1531, 840
219, 21810, 2.54838e+007, 9.08262e+006, 3.45664e+007, 1663, 5461.59, 1531, 840
220, 21910, 2.5504e+007, 9.07218e+006, 3.45762e+007, 1662, 5458.59, 1532, 840
221, 22010, 2.54898e+007, 9.03164e+006, 3.45214e+007, 1660, 5440.75, 1531, 840
222, 22110, 2.54065e+007, 9.03921e+006, 3.44457e+007, 1657, 5455.17, 1531, 840
223, 22210, 2.52532e+007, 8.89593e+006, 3.41492e+007, 1637, 5434.29, 1532, 840
224, 22310, 2.52249e+007, 8.94924e+006, 3.41742e+007, 1641, 5453.53, 1531, 840
225, 22410, 2.52831e+007, 8.94315e+006, 3.42262e+007, 1643, 5443.18, 1531, 840
226, 22510, 2.54268e+007, 9.06799e+006, 3.44948e+007, 1666, 5442.97, 1531, 840
227, 22610, 2.51761e+007, 8.8817e+006, 3.40578e+007, 1633, 5438.88, 1531, 840
228, 22710, 2.52799e+007, 8.93236e+006, 3.42123e+007, 1644, 5433.31, 1531, 840
229, 22810, 2.5137e+007, 8.89981e+006, 3.40369e+007, 1639, 5430.02, 1531, 840
230, 22910, 2.50617e+007, 8.81314e+006, 3.38749e+007, 1626, 5420.13, 1531, 840
231, 23010, 2.54168e+007, 9.00204e+006, 3.44188e+007, 1657, 5432.73, 1531, 840
232, 23110, 2.54222e+007, 8.98641e+006, 3.44086e+007, 1658, 5420.03, 1531, 840
233, 23210, 2.52387e+007, 8.83531e+006, 3.4074e+007, 1633, 5410.48, 1531, 840
234, 23310, 2.53491e+007, 8.89752e+006, 3.42466e+007, 1647, 5402.26, 1531, 840
235, 23410, 2.51905e+007, 8.83321e+006, 3.40237e+007, 1636, 5399.27, 1531, 840
236, 23510, 2.52231e+007, 8.83454e+006, 3.40576e+007, 1635, 5403.39, 1531, 840
237, 23610, 2.5364e+007, 8.93118e+006, 3.42952e+007, 1652, 5406.28, 1531, 840
238, 23710, 2.52312e+007, 8.78798e+006, 3.40192e+007, 1632, 5384.79, 1532, 840
239, 23810, 2.54672e+007, 8.95374e+006, 3.44209e+007, 1657, 5403.59, 1531, 840
240, 23910, 2.50734e+007, 8.75947e+006, 3.38329e+007, 1626, 5387.13, 1531, 840
241, 24010, 2.53081e+007, 8.82425e+006, 3.41324e+007, 1640, 5380.64, 1531, 840
242, 24110, 2.51809e+007, 8.78271e+006, 3.39636e+007, 1632, 5381.56, 1531, 840
243, 24210, 2.52061e+007, 8.76147e+006, 3.39676e+007, 1633, 5365.26, 1531, 840
244, 24310, 2.51757e+007, 8.76379e+006, 3.39395e+007, 1630, 5376.56, 1531, 840
245, 24410, 2.53016e+007, 8.82763e+006, 3.41293e+007, 1646, 5363.08, 1531, 840
246, 24510, 2.52176e+007, 8.75033e+006, 3.3968e+007, 1631, 5365.01, 1531, 840
247, 24610, 2.5223e+007, 8.7096e+006, 3.39326e+007, 1629, 5346.59, 1531, 840
248, 24710, 2.50241e+007, 8.66803e+006, 3.36921e+007, 1618, 5357.25, 1531, 840
249, 24810, 2.53135e+007, 8.75866e+006, 3.40721e+007, 1640, 5340.64, 1532, 840
250, 24910, 2.53477e+007, 8.76946e+006, 3.41171e+007, 1642, 5340.72, 1531, 840
251, 25010, 2.52169e+007, 8.70713e+006, 3.3924e+007, 1634, 5328.72, 1532, 840
252, 25110, 2.52649e+007, 8.72919e+006, 3.39941e+007, 1634, 5342.22, 1531, 840
253, 25210, 2.51344e+007, 8.67385e+006, 3.38083e+007, 1627, 5331.19, 1531, 840
254, 25310, 2.49116e+007, 8.50812e+006, 3.34197e+007, 1599, 5320.9, 1531, 840
255, 25410, 2.53299e+007, 8.72854e+006, 3.40584e+007, 1638, 5328.78, 1531, 840
256, 25510, 2.52705e+007, 8.68617e+006, 3.39566e+007, 1634, 5315.9, 1531, 840
257, 25610, 2.52284e+007, 8.64328e+006, 3.38717e+007, 1628, 5309.14, 1531, 840
258, 25710, 2.51764e+007, 8.64085e+006, 3.38172e+007, 1625, 5317.45, 1531, 840
259, 25810, 2.48105e+007, 8.44235e+006, 3.32529e+007, 1592, 5302.98, 1531, 840
260, 25910, 2.51572e+007, 8.62152e+006, 3.37787e+007, 1626, 5302.29, 1531, 840
261, 26010, 2.53021e+007, 8.67159e+006, 3.39737e+007, 1638, 5294.01, 1531, 840
262, 26110, 2.51879e+007, 8.61334e+006, 3.38012e+007, 1628, 5290.75, 1531, 840
263, 26210, 2.50948e+007, 8.57241e+006, 3.36672e+007, 1622, 5285.09, 1531, 840
264, 26310, 2.51071e+007, 8.52921e+006, 3.36363e+007, 1615, 5281.25, 1531, 840
265, 26410, 2.50434e+007, 8.49886e+006, 3.35422e+007, 1611, 5275.52, 1531, 840
266, 26510, 2.51231e+007, 8.5693e+006, 3.36924e+007, 1625, 5273.42, 1531, 840
267, 26610, 2.50024e+007, 8.50572e+006, 3.35081e+007, 1615, 5266.7, 1531, 840
268, 26710, 2.51013e+007, 8.49099e+006, 3.35923e+007, 1616, 5254.32, 1531, 840
269, 26810, 2.48675e+007, 8.42309e+006, 3.32906e+007, 1604, 5251.3, 1531, 840
270, 26910, 2.51816e+007, 8.5356e+006, 3.37172e+007, 1626, 5249.45, 1531, 840
271, 27010, 2.51495e+007, 8.49988e+006, 3.36494e+007, 1622, 5240.37, 1531, 840
272, 27110, 2.50069e+007, 8.45042e+006, 3.34573e+007, 1615, 5232.46, 1531, 840
273, 27210, 2.50778e+007, 8.49039e+006, 3.35682e+007, 1617, 5250.7, 1531, 840
274, 27310, 2.50919e+007, 8.50101e+006, 3.35929e+007, 1623, 5237.84, 1531, 840
275, 27410, 2.4905e+007, 8.3749e+006, 3.32799e+007, 1603, 5224.51, 1531, 840
276, 27510, 2.49299e+007, 8.36372e+006, 3.32936e+007, 1603, 5217.54, 1531, 840
277, 27610, 2.48267e+007, 8.32328e+006, 3.315e+007, 1595, 5218.36, 1531, 840
278, 27710, 2.51035e+007, 8.42527e+006, 3.35288e+007, 1615, 5216.88, 1531, 840
279, 27810, 2.50987e+007, 8.41544e+006, 3.35141e+007, 1616, 5207.58, 1531, 840
280, 27910, 2.50386e+007, 8.39229e+006, 3.34309e+007, 1611, 5209.37, 1531, 840
281, 28010, 2.49088e+007, 8.30638e+006, 3.32152e+007, 1598, 5197.99, 1531, 840
282, 28110, 2.5153e+007, 8.39473e+006, 3.35478e+007, 1622, 5175.54, 1531, 841
283, 28210, 2.50244e+007, 8.39611e+006, 3.34206e+007, 1611, 5211.74, 1531, 840
284, 28310, 2.52695e+007, 8.47023e+006, 3.37397e+007, 1632, 5190.09, 1531, 840
285, 28410, 2.5139e+007, 8.35532e+006, 3.34943e+007, 1610, 5189.64, 1531, 840
286, 28510, 2.49312e+007, 8.28662e+006, 3.32179e+007, 1597, 5188.87, 1531, 840
287, 28610, 2.50782e+007, 8.35267e+006, 3.34309e+007, 1612, 5181.56, 1531, 840
288, 28710, 2.50254e+007, 8.30716e+006, 3.33325e+007, 1604, 5179.03, 1531, 840
289, 28810, 2.50595e+007, 8.35331e+006, 3.34128e+007, 1612, 5181.95, 1531, 840
290, 28910, 2.49686e+007, 8.25951e+006, 3.32281e+007, 1599, 5165.42, 1531, 840
291, 29010, 2.51694e+007, 8.3713e+006, 3.35407e+007, 1620, 5167.47, 1531, 840
292, 29110, 2.50404e+007, 8.29794e+006, 3.33383e+007, 1608, 5160.41, 1531, 840
293, 29210, 2.49618e+007, 8.24317e+006, 3.32049e+007, 1597, 5161.66, 1531, 840
294, 29310, 2.49224e+007, 8.20668e+006, 3.31291e+007, 1591, 5158.19, 1531, 840
295, 29410, 2.49104e+007, 8.20448e+006, 3.31149e+007, 1595, 5143.87, 1531, 841
296, 29510, 2.48093e+007, 8.15256e+006, 3.29619e+007, 1588, 5133.85, 1531, 841
297, 29610, 2.51112e+007, 8.30513e+006, 3.34163e+007, 1614, 5145.68, 1531, 840
298, 29710, 2.48873e+007, 8.18341e+006, 3.30707e+007, 1592, 5140.34, 1531, 840
299, 29810, 2.4926e+007, 8.21794e+006, 3.31439e+007, 1603, 5126.6, 1531, 840
300, 29910, 2.49405e+007, 8.19429e+006, 3.31348e+007, 1597, 5131.05, 1531, 840
301, 30010, 2.48487e+007, 8.15404e+006, 3.30027e+007, 1596, 5109.05, 1531, 841
302, 30110, 2.48816e+007, 8.22793e+006, 3.31096e+007, 1598, 5148.9, 1531, 840
303, 30210, 2.53315e+007, 8.71355e+006, 3.4045e+007, 1640, 5313.14, 1531, 840
304, 30310, 2.54449e+007, 8.94651e+006, 3.43914e+007, 1653, 5412.28, 1531, 840
305, 30410, 2.53795e+007, 9.05559e+006, 3.44351e+007, 1652, 5481.59, 1531, 840
306, 30510, 2.57113e+007, 9.32385e+006, 3.50352e+007, 1683, 5540.02, 1531, 840
307, 30610, 2.5696e+007, 9.44374e+006, 3.51397e+007, 1687, 5597.95, 1531, 840
308, 30710, 2.56142e+007, 9.43684e+006, 3.50511e+007, 1679, 5620.51, 1531, 840
309, 30810, 2.60058e+007, 9.67953e+006, 3.56854e+007, 1715, 5644.04, 1531, 840
310, 30910, 2.59892e+007, 9.71401e+006, 3.57032e+007, 1719, 5650.97, 1531, 840
311, 31010, 2.6005e+007, 9.71142e+006, 3.57165e+007, 1714, 5665.94, 1531, 840
312, 31110, 2.59293e+007, 9.68983e+006, 3.56191e+007, 1709, 5669.89, 1531, 840
313, 31210, 2.57651e+007, 9.67786e+006, 3.5443e+007, 1700, 5692.86, 1531, 840
314, 31310, 2.58821e+007, 9.74336e+006, 3.56254e+007, 1714, 5684.57, 1531, 840
315, 31410, 2.61406e+007, 9.80001e+006, 3.59406e+007, 1725, 5681.16, 1531, 840
316, 31510, 2.59336e+007, 9.75777e+006, 3.56914e+007, 1715, 5689.66, 1531, 840
317, 31610, 2.59504e+007, 9.80744e+006, 3.57578e+007, 1721, 5698.69, 1531, 840
318, 31710, 2.59552e+007, 9.72914e+006, 3.56843e+007, 1713, 5679.59, 1531, 840
319, 31810, 2.5937e+007, 9.76908e+006, 3.5706e+007, 1719, 5683, 1531, 840
320, 31910, 2.58438e+007, 9.66292e+006, 3.55067e+007, 1701, 5680.73, 1531, 840
321, 32010, 2.59921e+007, 9.74603e+006, 3.57381e+007, 1715, 5682.81, 1531, 840
322, 32110, 2.60159e+007, 9.78341e+006, 3.57993e+007, 1720, 5688.03, 1531, 840
323, 32210, 2.60708e+007, 9.83423e+006, 3.5905e+007, 1730, 5684.53, 1531, 840
324, 32310, 2.60961e+007, 9.81718e+006, 3.59133e+007, 1729, 5677.95, 1531, 840
325, 32410, 2.60788e+007, 9.77106e+006, 3.58499e+007, 1723, 5670.96, 1531, 840
326, 32510, 2.58862e+007, 9.72388e+006, 3.56101e+007, 1711, 5683.16, 1531, 840
327, 32610, 2.58187e+007, 9.66444e+006, 3.54832e+007, 1698, 5691.66, 1531, 840
328, 32710, 2.5922e+007, 9.73222e+006, 3.56543e+007, 1714, 5678.08, 1531, 840
329, 32810, 2.59507e+007, 9.67831e+006, 3.5629e+007, 1708, 5666.46, 1531, 840
330, 32910, 2.61242e+007, 9.77077e+006, 3.5895e+007, 1726, 5660.94, 1531, 840
331, 33010, 2.60506e+007, 9.74228e+006, 3.57929e+007, 1721, 5660.82, 1531, 840
332, 33110, 2.59193e+007, 9.67296e+006, 3.55923e+007, 1710, 5656.7, 1531, 840
333, 33210, 2.61777e+007, 9.79974e+006, 3.59775e+007, 1730, 5664.59, 1531, 840
334, 33310, 2.59319e+007, 9.65012e+006, 3.5582e+007, 1704, 5663.21, 1531, 840
335, 33410, 2.57926e+007, 9.56822e+006, 3.53609e+007, 1693, 5651.63, 1531, 840
336, 33510, 2.63373e+007, 9.86282e+006, 3.62001e+007, 1744, 5655.29, 1531, 840
337, 33610, 2.60649e+007, 9.72574e+006, 3.57907e+007, 1719, 5657.79, 1531, 840
338, 33710, 2.60615e+007, 9.72463e+006, 3.57862e+007, 1719, 5657.15, 1531, 840
339, 33810, 2.57403e+007, 9.57517e+006, 3.53155e+007, 1693, 5655.74, 1531, 840
340, 33910, 2.58868e+007, 9.591e+006, 3.54778e+007, 1701, 5638.45, 1531, 840
341, 34010, 2.59572e+007, 9.64033e+006, 3.55975e+007, 1704, 5657.47, 1531, 840
342, 34110, 2.60442e+007, 9.62049e+006, 3.56647e+007, 1712, 5619.44, 1531, 840
343, 34210, 2.6102e+007, 9.66389e+006, 3.57659e+007, 1716, 5631.64, 1531, 840
344, 34310, 2.5746e+007, 9.53584e+006, 3.52819e+007, 1689, 5645.85, 1531, 840
345, 34410, 2.61773e+007, 9.72794e+006, 3.59052e+007, 1728, 5629.6, 1531, 840
346, 34510, 2.60248e+007, 9.59896e+006, 3.56237e+007, 1708, 5620, 1531, 840
347, 34611, 2.59086e+007, 9.59323e+006, 3.55018e+007, 1706, 5623.23, 1531, 840
348, 34711, 2.5994e+007, 9.56508e+006, 3.5559e+007, 1702, 5619.91, 1531, 840
349, 34811, 2.60741e+007, 9.60205e+006, 3.56762e+007, 1712, 5608.68, 1531, 840
350, 34911, 2.59734e+007, 9.57904e+006, 3.55525e+007, 1708, 5608.33, 1531, 840
351, 35011, 2.57757e+007, 9.47018e+006, 3.52459e+007, 1689, 5606.97, 1531, 840
352, 35111, 2.60536e+007, 9.59971e+006, 3.56533e+007, 1713, 5604.04, 1531, 840
353, 35211, 2.59308e+007, 9.51245e+006, 3.54433e+007, 1701, 5592.27, 1531, 840
354, 35311, 2.61394e+007, 9.61806e+006, 3.57575e+007, 1720, 5591.9, 1531, 840
355, 35411, 2.58191e+007, 9.45192e+006, 3.5271e+007, 1688, 5599.48, 1531, 840
356, 35511, 2.59271e+007, 9.49053e+006, 3.54176e+007, 1701, 5579.38, 1531, 840
357, 35611, 2.59151e+007, 9.52284e+006, 3.54379e+007, 1703, 5591.8, 1531, 840
358, 35711, 2.60187e+007, 9.52352e+006, 3.55423e+007, 1707, 5579.1, 1531, 840
359, 35811, 2.61373e+007, 9.59396e+006, 3.57313e+007, 1718, 5584.38, 1531, 840
360, 35911, 2.59315e+007, 9.44647e+006, 3.5378e+007, 1695, 5573.14, 1531, 840
361, 36011, 2.58106e+007, 9.40647e+006, 3.52171e+007, 1690, 5565.96, 1531, 840
362, 36111, 2.59467e+007, 9.45562e+006, 3.54023e+007, 1700, 5562.13, 1531, 840
363, 36211, 2.59674e+007, 9.48259e+006, 3.545e+007, 1702, 5571.44, 1531, 840
364, 36311, 2.60094e+007, 9.46796e+006, 3.54774e+007, 1705, 5553.06, 1531, 840
365, 36411, 2.60083e+007, 9.50991e+006, 3.55182e+007, 1708, 5567.86, 1531, 840
366, 36511, 2.59191e+007, 9.41607e+006, 3.53352e+007, 1696, 5551.93, 1531, 840
367, 36611, 2.57325e+007, 9.38443e+006, 3.51169e+007, 1689, 5556.2, 1531, 840
368, 36711, 2.58061e+007, 9.37615e+006, 3.51822e+007, 1692, 5541.46, 1531, 840
369, 36811, 2.59087e+007, 9.37367e+006, 3.52824e+007, 1692, 5540, 1531, 840
370, 36911, 2.59057e+007, 9.4236e+006, 3.53293e+007, 1699, 5546.56, 1531, 840
371, 37011, 2.58577e+007, 9.36329e+006, 3.5221e+007, 1691, 5537.13, 1531, 840
372, 37111, 2.59043e+007, 9.4212e+006, 3.53255e+007, 1699, 5545.14, 1531, 840
373, 37211, 2.58786e+007, 9.37872e+006, 3.52573e+007, 1695, 5533.17, 1531, 840
374, 37311, 2.57392e+007, 9.32372e+006, 3.50629e+007, 1684, 5536.65, 1531, 840
375, 37411, 2.57872e+007, 9.27437e+006, 3.50615e+007, 1679, 5523.74, 1531, 840
376, 37511, 2.58055e+007, 9.31387e+006, 3.51194e+007, 1688, 5517.7, 1531, 840
377, 37611, 2.56864e+007, 9.27124e+006, 3.49576e+007, 1682, 5512.04, 1531, 840
378, 37711, 2.58216e+007, 9.33645e+006, 3.51581e+007, 1688, 5531.07, 1531, 840
379, 37811, 2.58088e+007, 9.33891e+006, 3.51477e+007, 1692, 5519.45, 1531, 840
380, 37911, 2.57177e+007, 9.25617e+006, 3.49739e+007, 1680, 5509.62, 1531, 840
381, 38011, 2.57887e+007, 9.2522e+006, 3.50409e+007, 1683, 5497.45, 1531, 840
382, 38111, 2.57895e+007, 9.24189e+006, 3.50314e+007, 1681, 5497.86, 1531, 840
383, 38211, 2.56443e+007, 9.21565e+006, 3.48599e+007, 1675, 5501.88, 1531, 840
384, 38311, 2.57243e+007, 9.22932e+006, 3.49537e+007, 1679, 5496.92, 1531, 840
385, 38411, 2.54492e+007, 9.0931e+006, 3.45423e+007, 1658, 5484.38, 1531, 840
386, 38511, 2.55079e+007, 9.13455e+006, 3.46425e+007, 1661, 5499.43, 1531, 840
387, 38611, 2.57635e+007, 9.27855e+006, 3.50421e+007, 1689, 5493.52, 1531, 840
388, 38711, 2.56602e+007, 9.22299e+006, 3.48832e+007, 1680, 5489.87, 1531, 840
389, 38811, 2.56927e+007, 9.15766e+006, 3.48503e+007, 1674, 5470.53, 1531, 840
390, 38911, 2.57726e+007, 9.22818e+006, 3.50008e+007, 1685, 5476.67, 1531, 840
391, 39011, 2.56509e+007, 9.15517e+006, 3.4806e+007, 1676, 5462.51, 1531, 840
392, 39111, 2.55677e+007, 9.14294e+006, 3.47106e+007, 1672, 5468.27, 1531, 840
393, 39211, 2.57846e+007, 9.21414e+006, 3.49988e+007, 1686, 5465.09, 1531, 840
394, 39311, 2.57438e+007, 9.18644e+006, 3.49302e+007, 1682, 5461.62, 1531, 840
395, 39411, 2.56439e+007, 9.14242e+006, 3.47863e+007, 1672, 5467.96, 1531, 840
396, 39511, 2.56549e+007, 9.14912e+006, 3.48041e+007, 1678, 5452.4, 1531, 840
397, 39611, 2.55122e+007, 9.1026e+006, 3.46148e+007, 1668, 5457.19, 1531, 840
398, 39711, 2.54449e+007, 9.1047e+006, 3.45496e+007, 1668, 5458.45, 1531, 840
399, 39811, 2.55367e+007, 9.11015e+006, 3.46469e+007, 1668, 5461.72, 1531, 840
400, 39911, 2.56744e+007, 9.0995e+006, 3.4774e+007, 1675, 5432.54, 1531, 840
401, 40011, 2.54234e+007, 8.96456e+006, 3.4388e+007, 1650, 5433.07, 1531, 840
402, 40111, 2.54038e+007, 8.98938e+006, 3.43932e+007, 1654, 5434.94, 1531, 840
403, 40211, 2.54485e+007, 8.99743e+006, 3.44459e+007, 1658, 5426.68, 1531, 840
404, 40311, 2.55852e+007, 9.07572e+006, 3.46609e+007, 1671, 5431.31, 1531, 840
405, 40411, 2.54253e+007, 9.00317e+006, 3.44284e+007, 1658, 5430.14, 1531, 840
406, 40511, 2.56019e+007, 9.0706e+006, 3.46725e+007, 1674, 5418.52, 1531, 840
407, 40611, 2.52944e+007, 8.95093e+006, 3.42453e+007, 1649, 5428.1, 1531, 840
408, 40711, 2.53739e+007, 8.96704e+006, 3.43409e+007, 1656, 5414.88, 1531, 840
409, 40811, 2.55166e+007, 8.98538e+006, 3.45019e+007, 1663, 5403.12, 1531, 840
410, 40911, 2.53823e+007, 8.90471e+006, 3.4287e+007, 1648, 5403.35, 1531, 840
411, 41011, 2.52686e+007, 8.88386e+006, 3.41524e+007, 1644, 5403.81, 1531, 840
412, 41111, 2.53488e+007, 8.95867e+006, 3.43074e+007, 1656, 5409.83, 1531, 840
413, 41211, 2.52514e+007, 8.87534e+006, 3.41267e+007, 1647, 5388.79, 1531, 840
414, 41311, 2.52525e+007, 8.88094e+006, 3.41335e+007, 1649, 5385.65, 1531, 840
415, 41411, 2.53957e+007, 8.90673e+006, 3.43024e+007, 1655, 5381.71, 1531, 840
416, 41511, 2.52516e+007, 8.82832e+006, 3.408e+007, 1641, 5379.84, 1531, 840
417, 41611, 2.53876e+007, 8.88787e+006, 3.42754e+007, 1652, 5380.07, 1531, 840
418, 41711, 2.50403e+007, 8.70271e+006, 3.3743e+007, 1622, 5365.42, 1531, 840
419, 41811, 2.28528e+007, 7.81059e+006, 3.06634e+007, 1501, 5203.59, 1531, 840
420, 41911, 2.2715e+007, 7.77416e+006, 3.04891e+007, 1500, 5182.77, 1531, 840
421, 42011, 2.2521e+007, 7.71579e+006, 3.02367e+007, 1485, 5195.82, 1531, 840
422, 42111, 2.26807e+007, 7.7235e+006, 3.04042e+007, 1496, 5162.77, 1531, 841
423, 42211, 2.25863e+007, 7.72345e+006, 3.03098e+007, 1491, 5180.05, 1531, 840
424, 42311, 2.25723e+007, 7.73474e+006, 3.0307e+007, 1493, 5180.67, 1531, 840
425, 42411, 2.2496e+007, 7.67224e+006, 3.01682e+007, 1484, 5169.97, 1531, 840
426, 42511, 2.26951e+007, 7.73928e+006, 3.04344e+007, 1503, 5149.22, 1531, 841
427, 42611, 2.27061e+007, 7.77141e+006, 3.04775e+007, 1502, 5174.04, 1531, 840
428, 42711, 2.2717e+007, 7.75716e+006, 3.04742e+007, 1502, 5164.55, 1531, 840
429, 42811, 2.27392e+007, 7.76329e+006, 3.05025e+007, 1506, 5154.91, 1531, 840
430, 42911, 2.25593e+007, 7.67915e+006, 3.02385e+007, 1492, 5146.88, 1531, 840
431, 43011, 2.25466e+007, 7.69054e+006, 3.02372e+007, 1490, 5161.43, 1531, 840
432, 43111, 2.26346e+007, 7.70801e+006, 3.03426e+007, 1497, 5148.97, 1531, 840
433, 43211, 2.26684e+007, 7.75433e+006, 3.04227e+007, 1501, 5166.11, 1531, 840
434, 43311, 2.26708e+007, 7.72135e+006, 3.03921e+007, 1501, 5144.14, 1531, 840
435, 43411, 2.25695e+007, 7.72398e+006, 3.02935e+007, 1499, 5152.76, 1531, 840
436, 43511, 2.28447e+007, 7.79606e+006, 3.06407e+007, 1516, 5142.52, 1531, 840
437, 43611, 2.27963e+007, 7.75416e+006, 3.05505e+007, 1511, 5131.81, 1531, 840
438, 43711, 2.23943e+007, 7.59755e+006, 2.99918e+007, 1479, 5136.95, 1531, 840
439, 43811, 2.26868e+007, 7.72826e+006, 3.04151e+007, 1504, 5138.47, 1531, 840
440, 43911, 2.26173e+007, 7.68222e+006, 3.02995e+007, 1496, 5135.17, 1531, 840
441, 44011, 2.25321e+007, 7.657e+006, 3.01891e+007, 1491, 5135.48, 1531, 840
442, 44111, 2.24282e+007, 7.59851e+006, 3.00267e+007, 1481, 5130.66, 1531, 840
443, 44211, 2.26673e+007, 7.68684e+006, 3.03541e+007, 1501, 5121.15, 1531, 840
444, 44311, 2.23552e+007, 7.53468e+006, 2.98899e+007, 1474, 5111.72, 1531, 840
445, 44411, 2.23446e+007, 7.55092e+006, 2.98955e+007, 1475, 5119.27, 1531, 840
446, 44511, 2.26335e+007, 7.67089e+006, 3.03044e+007, 1499, 5117.34, 1531, 840
447, 44611, 2.25708e+007, 7.59142e+006, 3.01622e+007, 1487, 5105.19, 1531, 840
448, 44711, 2.25836e+007, 7.62144e+006, 3.0205e+007, 1490, 5115.06, 1531, 840
449, 44811, 2.24853e+007, 7.56756e+006, 3.00529e+007, 1482, 5106.32, 1531, 840
450, 44911, 2.25325e+007, 7.62097e+006, 3.01535e+007, 1490, 5114.74, 1531, 840
451, 45011, 2.25579e+007, 7.58811e+006, 3.0146e+007, 1489, 5096.11, 1531, 841
452, 45111, 2.24651e+007, 7.55825e+006, 3.00233e+007, 1479, 5110.38, 1531, 840
453, 45211, 2.26327e+007, 7.6487e+006, 3.02814e+007, 1497, 5109.35, 1531, 840
454, 45311, 2.26019e+007, 7.60154e+006, 3.02034e+007, 1488, 5108.56, 1531, 840
455, 45411, 2.2467e+007, 7.52344e+006, 2.99904e+007, 1476, 5097.18, 1531, 840
456, 45511, 2.24537e+007, 7.49265e+006, 2.99464e+007, 1474, 5083.21, 1531, 841
457, 45611, 2.24462e+007, 7.54597e+006, 2.99921e+007, 1480, 5098.63, 1531, 840
458, 45711, 2.23711e+007, 7.48115e+006, 2.98523e+007, 1469, 5092.68, 1531, 840
459, 45811, 2.23837e+007, 7.50926e+006, 2.9893e+007, 1473, 5097.93, 1531, 840
460, 45911, 2.25145e+007, 7.54723e+006, 3.00617e+007, 1483, 5089.17, 1531, 840
461, 46011, 2.26526e+007, 7.58094e+006, 3.02335e+007, 1492, 5081.06, 1531, 840
462, 46111, 2.24501e+007, 7.47456e+006, 2.99246e+007, 1473, 5074.38, 1531, 840
463, 46211, 2.24666e+007, 7.46198e+006, 2.99286e+007, 1474, 5062.4, 1531, 840
464, 46311, 2.23362e+007, 7.42364e+006, 2.97599e+007, 1463, 5074.26, 1531, 840
465, 46411, 2.25188e+007, 7.51175e+006, 3.00305e+007, 1481, 5072.08, 1531, 840
466, 46511, 2.25411e+007, 7.52081e+006, 3.00619e+007, 1484, 5067.93, 1531, 840
467, 46611, 2.25803e+007, 7.48609e+006, 3.00664e+007, 1482, 5051.35, 1531, 841
468, 46711, 2.23824e+007, 7.44094e+006, 2.98233e+007, 1469, 5065.31, 1531, 840
469, 46811, 2.25696e+007, 7.4948e+006, 3.00644e+007, 1482, 5057.22, 1531, 840
470, 46911, 2.26837e+007, 7.54086e+006, 3.02246e+007, 1490, 5060.98, 1531, 840
471, 47011, 2.23854e+007, 7.39327e+006, 2.97787e+007, 1464, 5050.05, 1531, 841
472, 47111, 2.24292e+007, 7.42116e+006, 2.98504e+007, 1469, 5051.84, 1531, 840
473, 47211, 2.24185e+007, 7.38401e+006, 2.98025e+007, 1464, 5043.72, 1531, 841
474, 47311, 2.2372e+007, 7.44972e+006, 2.98217e+007, 1474, 5054.09, 1531, 840
475, 47411, 2.25175e+007, 7.43322e+006, 2.99507e+007, 1476, 5036.06, 1531, 841
476, 47511, 2.25166e+007, 7.46123e+006, 2.99778e+007, 1481, 5037.97, 1531, 841
477, 47611, 2.24731e+007, 7.413e+006, 2.98861e+007, 1476, 5022.35, 1531, 841
478, 47711, 2.23549e+007, 7.38739e+006, 2.97423e+007, 1466, 5039.15, 1531, 840
479, 47811, 2.23179e+007, 7.36791e+006, 2.96858e+007, 1463, 5036.17, 1531, 841
480, 47911, 2.23799e+007, 7.36784e+006, 2.97477e+007, 1464, 5032.68, 1531, 840
481, 48011, 2.24821e+007, 7.43829e+006, 2.99204e+007, 1474, 5046.33, 1531, 840
482, 48111, 2.22153e+007, 7.33754e+006, 2.95528e+007, 1457, 5036.06, 1531, 841
483, 48211, 2.24827e+007, 7.39542e+006, 2.98781e+007, 1474, 5017.24, 1531, 841
484, 48311, 2.23212e+007, 7.30771e+006, 2.96289e+007, 1459, 5008.71, 1531, 841
485, 48411, 2.22978e+007, 7.30777e+006, 2.96056e+007, 1460, 5005.32, 1531, 841
486, 48511, 2.23849e+007, 7.35903e+006, 2.9744e+007, 1467, 5016.38, 1531, 841
487, 48611, 2.22893e+007, 7.28074e+006, 2.957e+007, 1457, 4997.08, 1531, 841
488, 48711, 2.2483e+007, 7.34575e+006, 2.98288e+007, 1468, 5003.92, 1531, 841
489, 48811, 2.26305e+007, 7.40358e+006, 3.0034e+007, 1480, 5002.42, 1531, 841
490, 48911, 2.24047e+007, 7.29524e+006, 2.96999e+007, 1463, 4986.5, 1531, 841
491, 49011, 2.24723e+007, 7.32443e+006, 2.97968e+007, 1467, 4992.79, 1531, 841
492, 49111, 2.25512e+007, 7.34287e+006, 2.98941e+007, 1472, 4988.36, 1531, 841
493, 49211, 2.26552e+007, 7.41582e+006, 3.0071e+007, 1483, 5000.55, 1531, 840
494, 49311, 2.23625e+007, 7.28685e+006, 2.96494e+007, 1462, 4984.17, 1531, 841
495, 49411, 2.25786e+007, 7.33734e+006, 2.9916e+007, 1471, 4988, 1531, 841
496, 49511, 2.26861e+007, 7.42851e+006, 3.01146e+007, 1485, 5002.36, 1531, 840
497, 49611, 2.23863e+007, 7.30516e+006, 2.96915e+007, 1464, 4989.86, 1531, 841
498, 49711, 2.2467e+007, 7.31449e+006, 2.97815e+007, 1467, 4986.02, 1531, 841
499, 49811, 2.24257e+007, 7.27162e+006, 2.96973e+007, 1463, 4970.35, 1531, 841
500, 49911, 2.24271e+007, 7.27881e+006, 2.97059e+007, 1464, 4971.87, 1531, 841
501, 50011, 2.23832e+007, 7.26122e+006, 2.96444e+007, 1462, 4966.64, 1531, 841
502, 50111, 2.22806e+007, 7.24858e+006, 2.95292e+007, 1455, 4981.84, 1531, 841
503, 50211, 2.23729e+007, 7.255e+006, 2.96279e+007, 1461, 4965.78, 1531, 841
504, 50311, 2.22303e+007, 7.20125e+006, 2.94316e+007, 1448, 4973.24, 1531, 841
505, 50411, 2.21995e+007, 7.18074e+006, 2.93802e+007, 1445, 4969.37, 1531, 841
506, 50511, 2.22893e+007, 7.18753e+006, 2.94769e+007, 1450, 4956.92, 1531, 841
507, 50611, 2.21927e+007, 7.18744e+006, 2.93801e+007, 1447, 4967.13, 1531, 841
508, 50711, 2.23237e+007, 7.22055e+006, 2.95443e+007, 1459, 4948.98, 1531, 841
509, 50811, 2.23348e+007, 7.23842e+006, 2.95732e+007, 1463, 4947.66, 1531, 841
510, 50911, 2.22334e+007, 7.20051e+006, 2.9434e+007, 1452, 4959.03, 1531, 841
511, 51011, 2.23655e+007, 7.27525e+006, 2.96407e+007, 1468, 4955.89, 1531, 841
512, 51111, 2.23037e+007, 7.2119e+006, 2.95156e+007, 1459, 4943.05, 1531, 841
513, 51211, 2.24205e+007, 7.23335e+006, 2.96539e+007, 1463, 4944.19, 1531, 841
514, 51311, 2.21434e+007, 7.15514e+006, 2.92985e+007, 1448, 4941.4, 1531, 841
515, 51411, 2.24264e+007, 7.25379e+006, 2.96801e+007, 1467, 4944.64, 1531, 841
516, 51511, 2.22452e+007, 7.186e+006, 2.94312e+007, 1455, 4938.83, 1531, 841
517, 51611, 2.24024e+007, 7.28763e+006, 2.969e+007, 1471, 4954.2, 1531, 840
518, 51711, 2.22889e+007, 7.18235e+006, 2.94712e+007, 1454, 4939.72, 1531, 841
519, 51811, 2.22926e+007, 7.20572e+006, 2.94983e+007, 1459, 4938.81, 1531, 841
520, 51911, 2.2144e+007, 7.09293e+006, 2.92369e+007, 1442, 4918.81, 1531, 841
521, 52011, 2.22933e+007, 7.18775e+006, 2.9481e+007, 1455, 4940.04, 1531, 840
522, 52111, 2.21798e+007, 7.14373e+006, 2.93235e+007, 1448, 4933.52, 1531, 840
523, 52211, 2.19487e+007, 7.03564e+006, 2.89844e+007, 1430, 4920.03, 1531, 841
524, 52311, 2.21331e+007, 7.11184e+006, 2.92449e+007, 1446, 4918.29, 1531, 841
525, 52411, 2.21551e+007, 7.10194e+006, 2.92571e+007, 1442, 4925.06, 1531, 841
526, 52511, 2.21732e+007, 7.0979e+006, 2.92711e+007, 1445, 4912.04, 1531, 841
527, 52611, 2.21923e+007, 7.08869e+006, 2.92809e+007, 1443, 4912.47, 1531, 841
528, 52711, 2.24281e+007, 7.23827e+006, 2.96663e+007, 1469, 4927.35, 1531, 840
529, 52811, 2.24496e+007, 7.20123e+006, 2.96508e+007, 1466, 4912.16, 1531, 841
530, 52911, 2.21919e+007, 7.08811e+006, 2.928e+007, 1444, 4908.66, 1531, 841
531, 53011, 2.22803e+007, 7.11714e+006, 2.93974e+007, 1450, 4908.37, 1531, 840
532, 53111, 2.21739e+007, 7.03357e+006, 2.92075e+007, 1438, 4891.21, 1531, 841
533, 53211, 2.22402e+007, 7.08685e+006, 2.9327e+007, 1448, 4894.24, 1531, 841
534, 53311, 2.2319e+007, 7.1221e+006, 2.94411e+007, 1454, 4898.28, 1531, 841
535, 53411, 2.22713e+007, 7.09938e+006, 2.93706e+007, 1451, 4892.75, 1531, 841
536, 53511, 2.21977e+007, 7.05876e+006, 2.92564e+007, 1443, 4891.73, 1531, 841
537, 53611, 2.22379e+007, 7.09197e+006, 2.93299e+007, 1448, 4897.77, 1531, 841
538, 53711, 2.21502e+007, 7.03517e+006, 2.91853e+007, 1441, 4882.15, 1531, 841
539, 53811, 2.21761e+007, 7.04783e+006, 2.92239e+007, 1447, 4870.65, 1531, 841
540, 53911, 2.20552e+007, 7.04196e+006, 2.90972e+007, 1439, 4893.65, 1531, 840
541, 54011, 2.1844e+007, 6.90834e+006, 2.87524e+007, 1416, 4878.77, 1531, 841
542, 54111, 2.2384e+007, 7.09485e+006, 2.94788e+007, 1456, 4872.84, 1531, 841
543, 54211, 2.22708e+007, 7.07698e+006, 2.93478e+007, 1449, 4884.04, 1531, 840
544, 54311, 2.18871e+007, 6.91736e+006, 2.88045e+007, 1421, 4867.95, 1531, 841
545, 54411, 2.21301e+007, 7.04081e+006, 2.91709e+007, 1445, 4872.54, 1531, 841
546, 54511, 2.22001e+007, 7.06143e+006, 2.92615e+007, 1446, 4883.42, 1531, 840
547, 54611, 2.20082e+007, 6.96913e+006, 2.89774e+007, 1432, 4866.71, 1531, 841
548, 54711, 2.21777e+007, 7.07126e+006, 2.92489e+007, 1452, 4870.01, 1531, 841
549, 54811, 2.21257e+007, 7.02481e+006, 2.91505e+007, 1444, 4864.83, 1531, 841
550, 54911, 2.21057e+007, 6.98852e+006, 2.90942e+007, 1438, 4859.89, 1531, 841
551, 55011, 2.19783e+007, 6.98205e+006, 2.89604e+007, 1437, 4858.77, 1531, 841
552, 55111, 2.23272e+007, 7.06701e+006, 2.93942e+007, 1455, 4857.05, 1531, 841
553, 55211, 2.20567e+007, 7.00594e+006, 2.90627e+007, 1438, 4872, 1531, 840
554, 55311, 2.18864e+007, 6.90964e+006, 2.87961e+007, 1424, 4852.28, 1531, 841
555, 55411, 2.18572e+007, 6.9062e+006, 2.87634e+007, 1423, 4853.27, 1531, 841
556, 55511, 2.20865e+007, 6.96973e+006, 2.90562e+007, 1437, 4850.2, 1531, 841
557, 55611, 2.18924e+007, 6.89524e+006, 2.87876e+007, 1422, 4848.98, 1531, 841
558, 55711, 2.22356e+007, 7.04294e+006, 2.92785e+007, 1453, 4847.17, 1531, 841
559, 55811, 2.20267e+007, 6.94279e+006, 2.89695e+007, 1435, 4838.18, 1531, 841
560, 55911, 2.21726e+007, 6.98828e+006, 2.91608e+007, 1443, 4842.88, 1531, 841
561, 56011, 2.23451e+007, 7.04474e+006, 2.93898e+007, 1457, 4835.1, 1531, 840
562, 56111, 2.22102e+007, 7.02319e+006, 2.92333e+007, 1450, 4843.58, 1531, 840
563, 56211, 2.19871e+007, 6.93905e+006, 2.89262e+007, 1432, 4845.71, 1531, 841
564, 56311, 2.19786e+007, 6.87062e+006, 2.88492e+007, 1428, 4811.36, 1531, 841
565, 56411, 2.20698e+007, 6.93089e+006, 2.90007e+007, 1438, 4819.81, 1531, 841
566, 56511, 2.19334e+007, 6.87359e+006, 2.88069e+007, 1424, 4826.96, 1531, 841
567, 56611, 2.21365e+007, 6.95402e+006, 2.90905e+007, 1443, 4819.14, 1531, 841
568, 56711, 2.20739e+007, 6.954e+006, 2.90279e+007, 1441, 4825.82, 1531, 841
569, 56811, 2.187e+007, 6.84039e+006, 2.87103e+007, 1421, 4813.78, 1531, 841
570, 56911, 2.18059e+007, 6.84361e+006, 2.86495e+007, 1418, 4826.24, 1531, 841
571, 57011, 2.19515e+007, 6.87364e+006, 2.88252e+007, 1428, 4813.47, 1531, 841
572, 57111, 2.20008e+007, 6.859e+006, 2.88598e+007, 1423, 4820.1, 1531, 841
573, 57211, 2.21621e+007, 6.95898e+006, 2.91211e+007, 1443, 4822.58, 1531, 841
574, 57311, 2.21402e+007, 6.88575e+006, 2.9026e+007, 1435, 4798.43, 1531, 841
575, 57411, 2.20132e+007, 6.85982e+006, 2.88731e+007, 1429, 4800.43, 1531, 841
576, 57511, 2.20419e+007, 6.89565e+006, 2.89375e+007, 1434, 4808.68, 1531, 841
577, 57611, 2.21241e+007, 6.9247e+006, 2.90488e+007, 1443, 4798.82, 1531, 841
578, 57711, 2.19303e+007, 6.82687e+006, 2.87571e+007, 1422, 4800.89, 1531, 841
579, 57811, 2.21111e+007, 6.88877e+006, 2.89999e+007, 1433, 4807.24, 1531, 841
580, 57911, 2.19729e+007, 6.81091e+006, 2.87838e+007, 1423, 4786.31, 1531, 841
581, 58011, 2.21317e+007, 6.89517e+006, 2.90269e+007, 1438, 4794.97, 1531, 841
582, 58111, 2.20948e+007, 6.90051e+006, 2.89953e+007, 1440, 4792.02, 1531, 841
583, 58211, 2.21837e+007, 6.9005e+006, 2.90842e+007, 1438, 4798.68, 1531, 841
584, 58311, 2.21923e+007, 6.89424e+006, 2.90866e+007, 1442, 4781.02, 1531, 841
585, 58411, 2.22716e+007, 6.93054e+006, 2.92021e+007, 1448, 4786.28, 1531, 841
586, 58511, 2.18846e+007, 6.75556e+006, 2.86401e+007, 1414, 4777.63, 1531, 841
587, 58611, 2.19037e+007, 6.79429e+006, 2.8698e+007, 1420, 4784.71, 1531, 841
588, 58711, 2.19436e+007, 6.82837e+006, 2.8772e+007, 1428, 4781.77, 1531, 841
589, 58811, 2.20705e+007, 6.8131e+006, 2.88836e+007, 1427, 4774.42, 1531, 841
590, 58911, 2.19098e+007, 6.7848e+006, 2.86946e+007, 1420, 4778.03, 1531, 841
591, 59011, 2.21268e+007, 6.86318e+006, 2.89899e+007, 1440, 4766.1, 1531, 841
592, 59111, 2.18654e+007, 6.78084e+006, 2.86462e+007, 1422, 4768.53, 1531, 841
593, 59211, 2.18112e+007, 6.74602e+006, 2.85572e+007, 1415, 4767.51, 1531, 841
594, 59311, 2.18837e+007, 6.78354e+006, 2.86673e+007, 1424, 4763.72, 1531, 841
595, 59411, 2.19649e+007, 6.81839e+006, 2.87833e+007, 1429, 4771.44, 1531, 841
596, 59511, 2.19864e+007, 6.79297e+006, 2.87794e+007, 1426, 4763.65, 1531, 841
597, 59611, 2.18528e+007, 6.75517e+006, 2.8608e+007, 1418, 4763.87, 1530, 841
598, 59711, 2.18096e+007, 6.73614e+006, 2.85457e+007, 1414, 4763.89, 1530, 841
599, 59811, 2.20185e+007, 6.78293e+006, 2.88014e+007, 1428, 4749.95, 1531, 841
600, 59911, 2.19732e+007, 6.75404e+006, 2.87273e+007, 1424, 4743, 1531, 841