2, 100, 8.4488e+007, 2.81783e+007, 1.12666e+008, 4522, 6231.38, 1516, 893
3, 200, 8.47512e+007, 2.82662e+007, 1.13017e+008, 4541, 6224.66, 1516, 894
4, 300, 8.45685e+007, 2.8043e+007, 1.12612e+008, 4516, 6209.71, 1516, 893
5, 400, 8.52472e+007, 2.83366e+007, 1.13584e+008, 4561, 6212.81, 1516, 893
6, 500, 8.48501e+007, 2.80993e+007, 1.12949e+008, 4526, 6208.41, 1516, 894
7, 600, 8.52865e+007, 2.82251e+007, 1.13512e+008, 4552, 6200.6, 1516, 893
8, 700, 8.52435e+007, 2.82421e+007, 1.13486e+008, 4557, 6197.51, 1516, 894
9, 800, 8.52949e+007, 2.82077e+007, 1.13503e+008, 4562, 6183.18, 1516, 893
10, 900, 8.51016e+007, 2.80106e+007, 1.13112e+008, 4531, 6181.99, 1516, 893
11, 1000, 8.53703e+007, 2.81531e+007, 1.13523e+008, 4553, 6183.42, 1516, 893
12, 1100, 8.51266e+007, 2.79116e+007, 1.13038e+008, 4525, 6168.32, 1516, 893
13, 1200, 8.52255e+007, 2.79646e+007, 1.1319e+008, 4539, 6160.96, 1516, 893
14, 1300, 8.50806e+007, 2.78723e+007, 1.12953e+008, 4530, 6152.82, 1516, 893
15, 1401, 8.54087e+007, 2.79691e+007, 1.13378e+008, 4546, 6152.46, 1516, 893
16, 1501, 8.46989e+007, 2.77466e+007, 1.12446e+008, 4510, 6152.24, 1516, 894
17, 1601, 8.52854e+007, 2.7762e+007, 1.13047e+008, 4532, 6125.77, 1516, 893
18, 1701, 8.54329e+007, 2.79013e+007, 1.13334e+008, 4547, 6136.2, 1516, 893
19, 1801, 8.53951e+007, 2.77896e+007, 1.13185e+008, 4538, 6123.76, 1516, 893
20, 1901, 8.51054e+007, 2.77089e+007, 1.12814e+008, 4525, 6123.51, 1516, 893
21, 2001, 8.48061e+007, 2.76028e+007, 1.12409e+008, 4505, 6127.14, 1516, 893
22, 2101, 8.54579e+007, 2.77904e+007, 1.13248e+008, 4541, 6119.9, 1516, 893
23, 2201, 8.58753e+007, 2.78733e+007, 1.13749e+008, 4564, 6107.22, 1516, 893
24, 2301, 8.55419e+007, 2.77085e+007, 1.1325e+008, 4540, 6103.19, 1516, 893
25, 2401, 8.52235e+007, 2.76055e+007, 1.12829e+008, 4526, 6099.33, 1516, 893
26, 2501, 8.57848e+007, 2.77037e+007, 1.13488e+008, 4548, 6091.39, 1516, 893
27, 2601, 8.59495e+007, 2.78005e+007, 1.1375e+008, 4564, 6091.26, 1516, 893
28, 2701, 8.56405e+007, 2.75672e+007, 1.13208e+008, 4537, 6076.08, 1516, 893
29, 2801, 8.53317e+007, 2.75444e+007, 1.12876e+008, 4523, 6089.86, 1516, 894
30, 2901, 8.54047e+007, 2.75513e+007, 1.12956e+008, 4528, 6084.65, 1516, 894
31, 3001, 8.5296e+007, 2.74893e+007, 1.12785e+008, 4522, 6079.02, 1516, 894
32, 3101, 8.51008e+007, 2.73313e+007, 1.12432e+008, 4506, 6065.54, 1516, 894
33, 3201, 8.5426e+007, 2.7342e+007, 1.12768e+008, 4521, 6047.78, 1516, 893
34, 3301, 8.56418e+007, 2.73344e+007, 1.12976e+008, 4528, 6036.75, 1516, 893
35, 3401, 8.54039e+007, 2.73879e+007, 1.12792e+008, 4526, 6051.23, 1516, 894
36, 3501, 8.55568e+007, 2.727e+007, 1.12827e+008, 4521, 6031.85, 1516, 893
37, 3601, 8.50587e+007, 2.7174e+007, 1.12233e+008, 4498, 6041.36, 1516, 894
38, 3701, 8.53545e+007, 2.71372e+007, 1.12492e+008, 4504, 6025.13, 1516, 893
39, 3801, 8.48517e+007, 2.69215e+007, 1.11773e+008, 4471, 6021.37, 1516, 893
40, 3901, 8.52538e+007, 2.71236e+007, 1.12377e+008, 4507, 6018.1, 1516, 893
41, 4001, 8.53792e+007, 2.72191e+007, 1.12598e+008, 4520, 6021.92, 1516, 894
42, 4101, 8.53327e+007, 2.70724e+007, 1.12405e+008, 4498, 6018.76, 1516, 894
43, 4201, 8.53976e+007, 2.70005e+007, 1.12398e+008, 4503, 5996.11, 1516, 893
44, 4301, 8.50216e+007, 2.68932e+007, 1.11915e+008, 4480, 6002.96, 1516, 894
45, 4401, 8.48851e+007, 2.68538e+007, 1.11739e+008, 4476, 5999.51, 1516, 894
46, 4501, 8.51532e+007, 2.69291e+007, 1.12082e+008, 4495, 5990.91, 1516, 893
47, 4601, 8.50954e+007, 2.6834e+007, 1.11929e+008, 4479, 5991.06, 1516, 894
48, 4701, 8.50192e+007, 2.67121e+007, 1.11731e+008, 4469, 5977.21, 1516, 893
49, 4801, 8.52296e+007, 2.68462e+007, 1.12076e+008, 4482, 5989.78, 1516, 894
50, 4901, 8.50034e+007, 2.66869e+007, 1.1169e+008, 4465, 5976.9, 1516, 894
51, 5001, 8.49913e+007, 2.66899e+007, 1.11681e+008, 4470, 5970.89, 1516, 894
52, 5101, 8.54591e+007, 2.67833e+007, 1.12242e+008, 4490, 5965.1, 1516, 894
53, 5201, 8.55386e+007, 2.68e+007, 1.12339e+008, 4493, 5964.84, 1516, 894
54, 5301, 8.56511e+007, 2.68962e+007, 1.12547e+008, 4514, 5958.41, 1516, 893
55, 5401, 8.53743e+007, 2.67193e+007, 1.12094e+008, 4485, 5957.48, 1516, 894
56, 5501, 8.58099e+007, 2.67208e+007, 1.12531e+008, 4500, 5937.95, 1516, 893
57, 5601, 8.57474e+007, 2.68042e+007, 1.12552e+008, 4497, 5960.46, 1516, 894
58, 5701, 8.60491e+007, 2.69607e+007, 1.1301e+008, 4528, 5954.22, 1516, 894
59, 5801, 8.59488e+007, 2.68384e+007, 1.12787e+008, 4512, 5948.23, 1516, 894
60, 5901, 8.56921e+007, 2.66157e+007, 1.12308e+008, 4485, 5934.37, 1516, 893
61, 6001, 8.62893e+007, 2.69226e+007, 1.13212e+008, 4533, 5939.25, 1516, 894
62, 6101, 8.63148e+007, 2.68169e+007, 1.13132e+008, 4525, 5926.38, 1516, 894
63, 6201, 8.52132e+007, 2.63925e+007, 1.11606e+008, 4456, 5922.92, 1516, 894
64, 6301, 8.54039e+007, 2.63335e+007, 1.11737e+008, 4465, 5897.75, 1516, 893
65, 6401, 8.55211e+007, 2.64156e+007, 1.11937e+008, 4469, 5910.86, 1516, 893
66, 6501, 8.63358e+007, 2.67601e+007, 1.13096e+008, 4520, 5920.37, 1516, 894
67, 6601, 8.57161e+007, 2.64643e+007, 1.1218e+008, 4483, 5903.26, 1516, 893
68, 6701, 8.57205e+007, 2.63778e+007, 1.12098e+008, 4483, 5883.97, 1516, 893
69, 6801, 8.58876e+007, 2.6531e+007, 1.12419e+008, 4500, 5895.78, 1516, 894
70, 6901, 8.57785e+007, 2.65019e+007, 1.1228e+008, 4495, 5895.86, 1516, 894
71, 7001, 8.57798e+007, 2.63972e+007, 1.12177e+008, 4487, 5883.05, 1516, 894
72, 7101, 8.54396e+007, 2.63077e+007, 1.11747e+008, 4473, 5881.45, 1516, 894
73, 7201, 8.60883e+007, 2.6547e+007, 1.12635e+008, 4509, 5887.57, 1516, 894
74, 7301, 8.60772e+007, 2.64566e+007, 1.12534e+008, 4499, 5880.56, 1516, 894
75, 7401, 8.60536e+007, 2.64648e+007, 1.12518e+008, 4501, 5879.76, 1516, 894
76, 7501, 8.54277e+007, 2.61241e+007, 1.11552e+008, 4453, 5866.63, 1516, 894
77, 7601, 8.61795e+007, 2.64069e+007, 1.12586e+008, 4503, 5864.3, 1516, 894
78, 7701, 8.62405e+007, 2.64284e+007, 1.12669e+008, 4502, 5870.36, 1516, 894
79, 7801, 8.65777e+007, 2.64802e+007, 1.13058e+008, 4516, 5863.64, 1516, 894
80, 7901, 8.58324e+007, 2.62556e+007, 1.12088e+008, 4477, 5864.55, 1516, 894
81, 8001, 8.67382e+007, 2.66007e+007, 1.13339e+008, 4537, 5863.06, 1516, 894
82, 8101, 8.56227e+007, 2.61031e+007, 1.11726e+008, 4462, 5850.08, 1516, 894
83, 8201, 8.59298e+007, 2.62781e+007, 1.12208e+008, 4487, 5856.49, 1516, 894
84, 8301, 8.58705e+007, 2.60736e+007, 1.11944e+008, 4467, 5836.93, 1516, 894
85, 8401, 8.61947e+007, 2.62652e+007, 1.1246e+008, 4499, 5838.01, 1516, 894
86, 8501, 8.60688e+007, 2.61724e+007, 1.12241e+008, 4483, 5838.15, 1516, 894
87, 8601, 8.6342e+007, 2.61692e+007, 1.12511e+008, 4492, 5825.73, 1516, 894
88, 8701, 8.59813e+007, 2.60268e+007, 1.12008e+008, 4470, 5822.55, 1516, 894
89, 8801, 8.60815e+007, 2.60803e+007, 1.12162e+008, 4476, 5826.7, 1516, 894
90, 8901, 8.60774e+007, 2.61082e+007, 1.12186e+008, 4480, 5827.73, 1516, 894
91, 9001, 8.58796e+007, 2.59996e+007, 1.11879e+008, 4462, 5826.89, 1516, 894
92, 9101, 8.60538e+007, 2.60937e+007, 1.12148e+008, 4476, 5829.7, 1516, 894
93, 9201, 8.62823e+007, 2.60855e+007, 1.12368e+008, 4487, 5813.57, 1516, 894
94, 9301, 8.66469e+007, 2.61676e+007, 1.12814e+008, 4505, 5808.56, 1516, 894
95, 9401, 8.65831e+007, 2.60853e+007, 1.12668e+008, 4492, 5807.06, 1516, 894
96, 9501, 8.59032e+007, 2.58354e+007, 1.11739e+008, 4450, 5805.71, 1516, 894
97, 9601, 8.65235e+007, 2.60618e+007, 1.12585e+008, 4489, 5805.71, 1516, 894
98, 9701, 8.66989e+007, 2.6093e+007, 1.12792e+008, 4497, 5802.32, 1516, 894
99, 9801, 8.70158e+007, 2.62697e+007, 1.13285e+008, 4524, 5806.73, 1516, 894
100, 9901, 8.68103e+007, 2.61385e+007, 1.12949e+008, 4504, 5803.4, 1516, 894
101, 10001, 8.70568e+007, 2.62115e+007, 1.13268e+008, 4521, 5797.72, 1516, 894
102, 10101, 8.70277e+007, 2.5914e+007, 1.12942e+008, 4516, 5738.27, 1516, 894
103, 10201, 8.57764e+007, 2.43398e+007, 1.10116e+008, 4403, 5528.01, 1516, 894
104, 10301, 8.53173e+007, 2.39779e+007, 1.09295e+008, 4372, 5484.42, 1516, 894
105, 10401, 8.50727e+007, 2.37543e+007, 1.08827e+008, 4356, 5453.25, 1516, 894
106, 10501, 8.49829e+007, 2.341e+007, 1.08393e+008, 4337, 5397.75, 1516, 894
107, 10601, 8.51622e+007, 2.34142e+007, 1.08576e+008, 4349, 5383.81, 1516, 894
108, 10701, 8.49902e+007, 2.32691e+007, 1.08259e+008, 4336, 5366.5, 1516, 894
109, 10801, 8.60553e+007, 2.3461e+007, 1.09516e+008, 4389, 5345.42, 1516, 894
110, 10901, 8.51249e+007, 2.30509e+007, 1.08176e+008, 4329, 5324.76, 1516, 894
111, 11001, 8.52883e+007, 2.30201e+007, 1.08308e+008, 4332, 5313.97, 1516, 894
112, 11101, 8.59511e+007, 2.31218e+007, 1.09073e+008, 4365, 5297.08, 1516, 894
113, 11201, 8.56811e+007, 2.29397e+007, 1.08621e+008, 4344, 5280.77, 1516, 894
114, 11301, 8.54309e+007, 2.27355e+007, 1.08166e+008, 4317, 5266.5, 1516, 894
115, 11401, 8.59889e+007, 2.2853e+007, 1.08842e+008, 4350, 5253.57, 1516, 894
116, 11501, 8.55146e+007, 2.26376e+007, 1.08152e+008, 4319, 5241.41, 1516, 894
117, 11601, 8.62372e+007, 2.27391e+007, 1.08976e+008, 4350, 5227.38, 1516, 894
118, 11701, 8.62264e+007, 2.27004e+007, 1.08927e+008, 4343, 5226.89, 1516, 894
119, 11801, 8.65518e+007, 2.26633e+007, 1.09215e+008, 4350, 5209.95, 1516, 894
120, 11901, 8.68574e+007, 2.28594e+007, 1.09717e+008, 4383, 5215.47, 1516, 894
121, 12001, 8.70485e+007, 2.2797e+007, 1.09845e+008, 4375, 5210.73, 1516, 894
122, 12101, 8.71891e+007, 2.2794e+007, 1.09983e+008, 4385, 5198.18, 1516, 894
123, 12201, 8.70875e+007, 2.27696e+007, 1.09857e+008, 4379, 5199.73, 1516, 894
124, 12301, 8.76779e+007, 2.28438e+007, 1.10522e+008, 4405, 5185.89, 1516, 894
125, 12401, 9.49874e+007, 2.49961e+007, 1.19984e+008, 4701, 5317.18, 1516, 894
126, 12501, 1.09187e+008, 2.93239e+007, 1.38511e+008, 5263, 5571.71, 1517, 894
127, 12601, 1.10095e+008, 2.95194e+007, 1.39615e+008, 5276, 5595.03, 1517, 894
128, 12701, 1.11406e+008, 2.98468e+007, 1.41253e+008, 5330, 5599.77, 1517, 894
129, 12801, 1.11372e+008, 2.97085e+007, 1.41081e+008, 5319, 5585.35, 1516, 894
130, 12901, 1.11206e+008, 2.95614e+007, 1.40767e+008, 5313, 5563.97, 1516, 894
131, 13001, 1.10966e+008, 2.94943e+007, 1.40461e+008, 5303, 5561.81, 1516, 894
132, 13101, 1.10738e+008, 2.95305e+007, 1.40269e+008, 5302, 5569.69, 1517, 894
133, 13201, 1.10793e+008, 2.94227e+007, 1.40216e+008, 5309, 5542.04, 1516, 894
134, 13301, 1.10413e+008, 2.91968e+007, 1.3961e+008, 5279, 5530.75, 1516, 894
135, 13401, 1.10614e+008, 2.92825e+007, 1.39896e+008, 5296, 5529.17, 1516, 894
136, 13501, 1.10297e+008, 2.91727e+007, 1.39469e+008, 5284, 5520.95, 1516, 894
137, 13601, 1.10221e+008, 2.90536e+007, 1.39275e+008, 5273, 5509.89, 1516, 894
138, 13701, 1.09991e+008, 2.90472e+007, 1.39038e+008, 5275, 5506.58, 1516, 894
139, 13801, 1.09985e+008, 2.89414e+007, 1.38926e+008, 5267, 5494.85, 1516, 894
140, 13901, 1.09627e+008, 2.87478e+007, 1.38375e+008, 5246, 5479.94, 1516, 894
141, 14001, 1.0961e+008, 2.8773e+007, 1.38383e+008, 5258, 5472.24, 1516, 894
142, 14101, 1.09514e+008, 2.87173e+007, 1.38231e+008, 5254, 5465.8, 1516, 894
143, 14201, 1.09647e+008, 2.87013e+007, 1.38349e+008, 5249, 5467.96, 1516, 894
144, 14301, 1.09179e+008, 2.85963e+007, 1.37775e+008, 5239, 5458.35, 1516, 894
145, 14401, 1.09268e+008, 2.85532e+007, 1.37822e+008, 5236, 5453.25, 1516, 894
146, 14501, 1.09339e+008, 2.84941e+007, 1.37833e+008, 5235, 5443.01, 1516, 894
147, 14601, 1.09238e+008, 2.83794e+007, 1.37618e+008, 5219, 5437.71, 1516, 894
148, 14701, 1.09402e+008, 2.8438e+007, 1.3784e+008, 5233, 5434.36, 1516, 894
149, 14801, 1.08952e+008, 2.82755e+007, 1.37228e+008, 5203, 5434.47, 1516, 894
150, 14901, 1.09265e+008, 2.83485e+007, 1.37613e+008, 5227, 5423.47, 1516, 894
151, 15001, 1.08487e+008, 2.81414e+007, 1.36629e+008, 5186, 5426.42, 1516, 894
152, 15101, 1.09177e+008, 2.8351e+007, 1.37528e+008, 5229, 5421.89, 1516, 894
153, 15201, 1.08596e+008, 2.8011e+007, 1.36607e+008, 5182, 5405.44, 1516, 894
154, 15301, 1.09121e+008, 2.81314e+007, 1.37252e+008, 5214, 5395.37, 1516, 894
155, 15401, 1.09189e+008, 2.82025e+007, 1.37392e+008, 5226, 5396.57, 1516, 894
156, 15501, 1.09191e+008, 2.8179e+007, 1.3737e+008, 5224, 5394.14, 1516, 894
157, 15601, 1.09061e+008, 2.80483e+007, 1.37109e+008, 5208, 5385.62, 1516, 894
158, 15711, 1.09143e+008, 2.81106e+007, 1.37253e+008, 5217, 5388.27, 1516, 895
159, 15801, 1.09163e+008, 2.80667e+007, 1.3723e+008, 5219, 5377.8, 1516, 894
160, 15901, 1.08855e+008, 2.79327e+007, 1.36787e+008, 5202, 5369.6, 1516, 894
161, 16001, 1.08472e+008, 2.77092e+007, 1.36181e+008, 5179, 5350.31, 1516, 894
162, 16101, 1.08364e+008, 2.77913e+007, 1.36155e+008, 5178, 5367.19, 1516, 895
163, 16201, 1.08499e+008, 2.77075e+007, 1.36206e+008, 5182, 5346.87, 1516, 894
164, 16301, 1.08347e+008, 2.76258e+007, 1.35973e+008, 5172, 5341.42, 1516, 894
165, 16401, 1.08444e+008, 2.775e+007, 1.36194e+008, 5181, 5356.11, 1516, 895
166, 16501, 1.08293e+008, 2.76007e+007, 1.35894e+008, 5164, 5344.83, 1516, 894
167, 16601, 1.08229e+008, 2.74822e+007, 1.35711e+008, 5155, 5331.17, 1516, 894
168, 16701, 1.08766e+008, 2.76622e+007, 1.36428e+008, 5197, 5322.72, 1516, 894
169, 16801, 1.08259e+008, 2.74167e+007, 1.35676e+008, 5166, 5307.14, 1516, 894
170, 16911, 1.08046e+008, 2.74274e+007, 1.35474e+008, 5155, 5320.54, 1516, 895
171, 17011, 1.08585e+008, 2.75417e+007, 1.36127e+008, 5187, 5309.76, 1516, 894
172, 17111, 1.07784e+008, 2.73373e+007, 1.35122e+008, 5154, 5304.09, 1516, 895
173, 17211, 1.07065e+008, 2.70641e+007, 1.34129e+008, 5114, 5292.15, 1516, 894
174, 17311, 1.07701e+008, 2.71654e+007, 1.34867e+008, 5149, 5275.85, 1516, 894
175, 17411, 1.07589e+008, 2.70725e+007, 1.34661e+008, 5142, 5264.98, 1516, 894
176, 17511, 1.07128e+008, 2.69806e+007, 1.34109e+008, 5126, 5263.48, 1516, 894
177, 17611, 1.06934e+008, 2.68706e+007, 1.33805e+008, 5110, 5258.43, 1516, 894
178, 17711, 1.06833e+008, 2.68743e+007, 1.33707e+008, 5106, 5263.27, 1516, 895
179, 17811, 1.06909e+008, 2.67507e+007, 1.3366e+008, 5106, 5239.08, 1516, 894
180, 17911, 1.06887e+008, 2.682e+007, 1.33707e+008, 5107, 5251.61, 1516, 895
181, 18011, 1.0654e+008, 2.67399e+007, 1.3328e+008, 5095, 5248.26, 1516, 895
182, 18111, 1.06827e+008, 2.67475e+007, 1.33575e+008, 5096, 5248.72, 1516, 895
183, 18211, 1.06529e+008, 2.66359e+007, 1.33165e+008, 5083, 5240.19, 1516, 895
184, 18311, 1.06224e+008, 2.6584e+007, 1.32808e+008, 5072, 5241.33, 1516, 895
185, 18411, 1.05962e+008, 2.63998e+007, 1.32362e+008, 5056, 5221.48, 1516, 894
186, 18511, 1.06357e+008, 2.65381e+007, 1.32895e+008, 5081, 5223.01, 1516, 894
187, 18611, 1.05876e+008, 2.63801e+007, 1.32257e+008, 5066, 5207.29, 1515, 895
188, 18711, 1.0249e+008, 2.58888e+007, 1.28379e+008, 4931, 5250.22, 1520, 895
189, 18811, 1.03925e+008, 2.64842e+007, 1.30409e+008, 5011, 5285.21, 1521, 894
190, 18911, 1.0571e+008, 2.71112e+007, 1.32821e+008, 5102, 5313.83, 1519, 895
191, 19011, 1.06017e+008, 2.71884e+007, 1.33205e+008, 5111, 5319.58, 1519, 895
192, 19111, 1.05975e+008, 2.69899e+007, 1.32965e+008, 5094, 5298.38, 1517, 894
193, 19203, 1.05651e+008, 2.68318e+007, 1.32483e+008, 5070, 5292.26, 1517, 894
194, 19303, 1.05556e+008, 2.6794e+007, 1.3235e+008, 5066, 5288.99, 1516, 894
195, 19403, 1.05434e+008, 2.66747e+007, 1.32109e+008, 5054, 5277.94, 1516, 894
196, 19503, 1.05249e+008, 2.65716e+007, 1.3182e+008, 5044, 5267.97, 1516, 894
197, 19603, 1.0598e+008, 2.67474e+007, 1.32727e+008, 5089, 5255.92, 1516, 894
198, 19703, 1.05537e+008, 2.65505e+007, 1.32088e+008, 5054, 5253.37, 1516, 894
199, 19803, 1.05486e+008, 2.65419e+007, 1.32028e+008, 5058, 5247.52, 1516, 895
200, 19903, 1.05701e+008, 2.64848e+007, 1.32186e+008, 5059, 5235.19, 1515, 895
201, 20003, 1.05231e+008, 2.63226e+007, 1.31553e+008, 5033, 5230, 1516, 895
202, 20103, 1.06069e+008, 2.6469e+007, 1.32538e+008, 5071, 5219.69, 1515, 895
203, 20203, 1.05888e+008, 2.64073e+007, 1.32295e+008, 5068, 5210.61, 1515, 895
204, 20303, 1.05292e+008, 2.60978e+007, 1.3139e+008, 5022, 5196.69, 1515, 895
205, 20403, 1.05755e+008, 2.61542e+007, 1.31909e+008, 5049, 5180.08, 1515, 895
206, 20503, 1.06211e+008, 2.62446e+007, 1.32456e+008, 5070, 5176.45, 1515, 895
207, 20603, 1.0582e+008, 2.61455e+007, 1.31965e+008, 5053, 5174.26, 1515, 895
208, 20703, 1.05635e+008, 2.59303e+007, 1.31565e+008, 5033, 5152.05, 1515, 895
209, 20803, 1.05892e+008, 2.60539e+007, 1.31946e+008, 5057, 5152.06, 1515, 895
210, 20903, 1.05644e+008, 2.58712e+007, 1.31516e+008, 5036, 5137.26, 1515, 895
211, 21003, 1.05834e+008, 2.59145e+007, 1.31749e+008, 5039, 5142.8, 1515, 895
212, 21103, 1.05515e+008, 2.56995e+007, 1.31214e+008, 5021, 5118.4, 1515, 895
213, 21203, 1.05392e+008, 2.55718e+007, 1.30964e+008, 5011, 5103.13, 1515, 895
214, 21303, 1.05866e+008, 2.57499e+007, 1.31616e+008, 5043, 5106.07, 1515, 895
215, 21403, 1.05189e+008, 2.55424e+007, 1.30732e+008, 5007, 5101.33, 1515, 895
216, 21503, 1.05142e+008, 2.5415e+007, 1.30557e+008, 4997, 5086.04, 1515, 895
217, 21603, 1.05309e+008, 2.54427e+007, 1.30752e+008, 5003, 5085.49, 1515, 895
218, 21703, 1.05631e+008, 2.54852e+007, 1.31116e+008, 5024, 5072.69, 1515, 895
219, 21803, 1.05431e+008, 2.53939e+007, 1.30825e+008, 5010, 5068.63, 1515, 895
220, 21903, 1.05192e+008, 2.52699e+007, 1.30462e+008, 4993, 5061.06, 1515, 895
221, 22003, 1.05588e+008, 2.53044e+007, 1.30893e+008, 5014, 5046.75, 1515, 895
222, 22103, 1.05387e+008, 2.52553e+007, 1.30642e+008, 5009, 5041.99, 1515, 895
223, 22203, 1.05426e+008, 2.53008e+007, 1.30727e+008, 5018, 5042.01, 1515, 895
224, 22303, 1.05639e+008, 2.51571e+007, 1.30796e+008, 5009, 5022.38, 1515, 895
225, 22403, 1.05089e+008, 2.49961e+007, 1.30085e+008, 4983, 5016.29, 1515, 895
226, 22503, 1.05058e+008, 2.50283e+007, 1.30087e+008, 4984, 5021.73, 1515, 895
227, 22603, 1.05458e+008, 2.51046e+007, 1.30562e+008, 5008, 5012.89, 1515, 895
228, 22703, 1.05056e+008, 2.49927e+007, 1.30049e+008, 4986, 5012.58, 1515, 895
229, 22803, 1.0552e+008, 2.50754e+007, 1.30596e+008, 5018, 4997.1, 1515, 895
230, 22903, 1.05188e+008, 2.49364e+007, 1.30125e+008, 4987, 5000.28, 1515, 895
231, 23003, 1.05562e+008, 2.49979e+007, 1.3056e+008, 5013, 4986.62, 1515, 895
232, 23103, 1.05241e+008, 2.48346e+007, 1.30075e+008, 4987, 4979.87, 1515, 895
233, 23203, 1.05753e+008, 2.4976e+007, 1.30729e+008, 5018, 4977.29, 1515, 895
234, 23303, 1.05051e+008, 2.47145e+007, 1.29765e+008, 4972, 4970.74, 1515, 895
235, 23403, 1.04722e+008, 2.46652e+007, 1.29387e+008, 4964, 4968.82, 1515, 895
236, 23503, 1.05383e+008, 2.48221e+007, 1.30205e+008, 4995, 4969.4, 1515, 895
237, 23603, 1.05022e+008, 2.46843e+007, 1.29706e+008, 4982, 4954.7, 1515, 895
238, 23703, 1.05036e+008, 2.46549e+007, 1.29691e+008, 4975, 4955.75, 1515, 895
239, 23803, 1.04822e+008, 2.4565e+007, 1.29387e+008, 4961, 4951.62, 1515, 895
240, 23903, 1.05273e+008, 2.46486e+007, 1.29922e+008, 4982, 4947.52, 1515, 895
241, 24003, 1.05066e+008, 2.46631e+007, 1.29729e+008, 4985, 4947.46, 1515, 895
242, 24103, 1.04941e+008, 2.45337e+007, 1.29475e+008, 4971, 4935.37, 1515, 895
243, 24203, 1.0466e+008, 2.44577e+007, 1.29118e+008, 4953, 4937.96, 1515, 895
244, 24303, 1.0481e+008, 2.44773e+007, 1.29287e+008, 4963, 4931.96, 1515, 895
245, 24403, 1.04544e+008, 2.43636e+007, 1.28908e+008, 4950, 4921.93, 1515, 895
246, 24503, 1.04777e+008, 2.4482e+007, 1.29259e+008, 4968, 4927.93, 1515, 895
247, 24603, 1.0474e+008, 2.43246e+007, 1.29064e+008, 4948, 4916.05, 1515, 895
248, 24703, 1.05171e+008, 2.44952e+007, 1.29666e+008, 4986, 4912.8, 1515, 895
249, 24803, 1.04799e+008, 2.43483e+007, 1.29148e+008, 4958, 4910.92, 1515, 895
250, 24903, 1.0446e+008, 2.42202e+007, 1.2868e+008, 4936, 4906.85, 1515, 895
251, 25003, 1.04824e+008, 2.43097e+007, 1.29134e+008, 4957, 4904.12, 1515, 895
252, 25103, 1.0445e+008, 2.42342e+007, 1.28684e+008, 4947, 4898.78, 1515, 895
253, 25203, 1.05092e+008, 2.43431e+007, 1.29435e+008, 4972, 4896.03, 1515, 895
254, 25303, 1.04946e+008, 2.42468e+007, 1.29193e+008, 4968, 4880.59, 1515, 895
255, 25403, 1.04655e+008, 2.4156e+007, 1.28811e+008, 4946, 4883.95, 1515, 895
256, 25503, 1.04417e+008, 2.41503e+007, 1.28567e+008, 4945, 4883.78, 1515, 895
257, 25603, 1.04455e+008, 2.40922e+007, 1.28547e+008, 4940, 4876.97, 1515, 895
258, 25703, 1.04892e+008, 2.41748e+007, 1.29067e+008, 4966, 4868.06, 1514, 895
259, 25803, 1.04595e+008, 2.40836e+007, 1.28679e+008, 4946, 4869.31, 1515, 895
260, 25903, 1.04728e+008, 2.41169e+007, 1.28845e+008, 4958, 4864.25, 1515, 895
261, 26003, 1.04604e+008, 2.41415e+007, 1.28746e+008, 4953, 4874.11, 1515, 895
262, 26103, 1.04373e+008, 2.40092e+007, 1.28382e+008, 4934, 4866.08, 1515, 895
263, 26203, 1.04285e+008, 2.39357e+007, 1.28221e+008, 4932, 4853.13, 1514, 895
264, 26303, 1.04312e+008, 2.39648e+007, 1.28277e+008, 4936, 4855.1, 1514, 895
265, 26403, 1.04421e+008, 2.39899e+007, 1.28411e+008, 4947, 4849.39, 1515, 895
266, 26503, 1.04109e+008, 2.38769e+007, 1.27986e+008, 4920, 4853.03, 1515, 895
267, 26603, 1.03671e+008, 2.3664e+007, 1.27335e+008, 4896, 4833.34, 1514, 895
268, 26703, 1.04182e+008, 2.3824e+007, 1.28006e+008, 4922, 4840.32, 1515, 895
269, 26803, 1.04167e+008, 2.38127e+007, 1.2798e+008, 4920, 4839.97, 1515, 895
270, 26903, 1.04044e+008, 2.3717e+007, 1.27761e+008, 4917, 4823.47, 1514, 895
271, 27003, 1.0406e+008, 2.37206e+007, 1.27781e+008, 4916, 4825.18, 1515, 895
272, 27103, 1.03951e+008, 2.36912e+007, 1.27642e+008, 4910, 4825.1, 1514, 895
273, 27203, 1.04513e+008, 2.37909e+007, 1.28304e+008, 4936, 4819.87, 1514, 895
274, 27303, 1.03838e+008, 2.3616e+007, 1.27454e+008, 4906, 4813.7, 1514, 895
275, 27403, 1.03724e+008, 2.34909e+007, 1.27215e+008, 4889, 4804.85, 1514, 895
276, 27513, 1.03559e+008, 2.351e+007, 1.27069e+008, 4895, 4802.87, 1514, 895
277, 27613, 1.04093e+008, 2.36047e+007, 1.27698e+008, 4918, 4799.65, 1514, 895
278, 27713, 1.03913e+008, 2.35588e+007, 1.27472e+008, 4912, 4796.17, 1514, 895
279, 27813, 1.03652e+008, 2.34813e+007, 1.27133e+008, 4892, 4799.93, 1515, 895
280, 27913, 1.03638e+008, 2.35008e+007, 1.27139e+008, 4900, 4796.07, 1515, 895
281, 28013, 1.04001e+008, 2.34894e+007, 1.2749e+008, 4911, 4783.02, 1514, 895
282, 28113, 1.03443e+008, 2.33689e+007, 1.26812e+008, 4886, 4782.83, 1515, 895
283, 28213, 1.03752e+008, 2.33729e+007, 1.27125e+008, 4889, 4780.71, 1514, 895
284, 28313, 1.03819e+008, 2.34378e+007, 1.27257e+008, 4906, 4777.37, 1515, 895
285, 28413, 1.03752e+008, 2.33598e+007, 1.27112e+008, 4898, 4769.25, 1514, 895
286, 28513, 1.0352e+008, 2.32957e+007, 1.26816e+008, 4882, 4771.75, 1514, 895
287, 28613, 1.03459e+008, 2.32244e+007, 1.26684e+008, 4882, 4757.15, 1514, 895
288, 28713, 1.03389e+008, 2.32805e+007, 1.2667e+008, 4881, 4769.62, 1514, 895
289, 28813, 1.03448e+008, 2.3229e+007, 1.26677e+008, 4888, 4752.24, 1514, 895
290, 28913, 1.03908e+008, 2.34003e+007, 1.27308e+008, 4915, 4760.99, 1514, 895
291, 29013, 1.03463e+008, 2.31598e+007, 1.26623e+008, 4881, 4744.9, 1514, 895
292, 29113, 1.03779e+008, 2.32437e+007, 1.27023e+008, 4900, 4743.61, 1514, 895
293, 29213, 1.03296e+008, 2.31112e+007, 1.26407e+008, 4871, 4744.65, 1514, 895
294, 29313, 1.02386e+008, 2.29187e+007, 1.25305e+008, 4843, 4732.33, 1514, 895
295, 29413, 1.02275e+008, 2.28924e+007, 1.25167e+008, 4835, 4734.73, 1514, 896
296, 29513, 1.02445e+008, 2.30048e+007, 1.2545e+008, 4855, 4738.37, 1514, 896
297, 29613, 1.02851e+008, 2.30773e+007, 1.25928e+008, 4871, 4737.7, 1514, 895
298, 29713, 1.02355e+008, 2.28597e+007, 1.25214e+008, 4837, 4726.01, 1514, 895
299, 29813, 1.02515e+008, 2.29799e+007, 1.25495e+008, 4851, 4737.15, 1514, 896
300, 29913, 1.01871e+008, 2.27145e+007, 1.24586e+008, 4811, 4721.37, 1514, 895
301, 30013, 1.02457e+008, 2.29356e+007, 1.25392e+008, 4853, 4726.06, 1514, 896
302, 30113, 1.03656e+008, 2.45754e+007, 1.28232e+008, 4938, 4976.79, 1514, 895
303, 30213, 1.03506e+008, 2.5117e+007, 1.28623e+008, 4949, 5075.16, 1514, 895
304, 30313, 1.03794e+008, 2.56502e+007, 1.29444e+008, 4982, 5148.58, 1514, 895
305, 30413, 1.04322e+008, 2.61188e+007, 1.30441e+008, 5016, 5207.11, 1514, 895
306, 30513, 1.04627e+008, 2.64378e+007, 1.31065e+008, 5037, 5248.72, 1514, 895
307, 30613, 1.04953e+008, 2.66241e+007, 1.31577e+008, 5053, 5268.98, 1514, 895
308, 30713, 1.04678e+008, 2.67652e+007, 1.31444e+008, 5043, 5307.39, 1514, 895
309, 30813, 1.04508e+008, 2.67733e+007, 1.31281e+008, 5034, 5318.49, 1514, 895
310, 30913, 1.04499e+008, 2.69091e+007, 1.31408e+008, 5051, 5327.48, 1514, 895
311, 31013, 1.04899e+008, 2.70869e+007, 1.31986e+008, 5071, 5341.53, 1514, 895
312, 31113, 1.05e+008, 2.70588e+007, 1.32059e+008, 5064, 5343.36, 1514, 895
313, 31213, 1.04584e+008, 2.69588e+007, 1.31542e+008, 5043, 5345.78, 1514, 895
314, 31313, 1.04711e+008, 2.7006e+007, 1.31717e+008, 5046, 5351.96, 1514, 895
315, 31413, 1.04679e+008, 2.70911e+007, 1.3177e+008, 5056, 5358.21, 1514, 895
316, 31513, 1.05014e+008, 2.72989e+007, 1.32313e+008, 5088, 5365.34, 1514, 895
317, 31613, 1.0462e+008, 2.70699e+007, 1.31689e+008, 5052, 5358.26, 1514, 895
318, 31713, 1.04592e+008, 2.70236e+007, 1.31615e+008, 5051, 5350.15, 1514, 895
319, 31813, 1.04816e+008, 2.70911e+007, 1.31907e+008, 5064, 5349.74, 1514, 895
320, 31913, 1.04954e+008, 2.71613e+007, 1.32115e+008, 5075, 5351.98, 1514, 895
321, 32013, 1.04835e+008, 2.71194e+007, 1.31955e+008, 5068, 5351.11, 1514, 895
322, 32113, 1.04595e+008, 2.71355e+007, 1.31731e+008, 5063, 5359.57, 1514, 895
323, 32213, 1.04397e+008, 2.70645e+007, 1.31462e+008, 5056, 5352.96, 1514, 895
324, 32313, 1.04598e+008, 2.70837e+007, 1.31681e+008, 5054, 5358.85, 1514, 895
325, 32413, 1.04731e+008, 2.70831e+007, 1.31814e+008, 5061, 5351.33, 1514, 895
326, 32513, 1.04688e+008, 2.70854e+007, 1.31774e+008, 5058, 5354.96, 1514, 895
327, 32613, 1.04562e+008, 2.70013e+007, 1.31563e+008, 5055, 5341.5, 1514, 895
328, 32713, 1.04483e+008, 2.6993e+007, 1.31476e+008, 5047, 5348.33, 1514, 895
329, 32813, 1.04387e+008, 2.69475e+007, 1.31334e+008, 5042, 5344.6, 1514, 895
330, 32913, 1.04407e+008, 2.70015e+007, 1.31409e+008, 5048, 5348.96, 1514, 895
331, 33013, 1.04709e+008, 2.6975e+007, 1.31684e+008, 5055, 5336.3, 1514, 895
332, 33113, 1.04402e+008, 2.69362e+007, 1.31338e+008, 5047, 5337.08, 1514, 895
333, 33213, 1.047e+008, 2.69994e+007, 1.317e+008, 5059, 5336.9, 1514, 895
334, 33313, 1.04601e+008, 2.69618e+007, 1.31563e+008, 5055, 5333.69, 1514, 895
335, 33413, 1.04407e+008, 2.69261e+007, 1.31334e+008, 5045, 5337.18, 1514, 895
336, 33513, 1.04429e+008, 2.69148e+007, 1.31344e+008, 5044, 5336, 1514, 895
337, 33613, 1.04631e+008, 2.69613e+007, 1.31593e+008, 5059, 5329.38, 1514, 895
338, 33713, 1.05031e+008, 2.70129e+007, 1.32044e+008, 5079, 5318.56, 1514, 895
339, 33813, 1.044e+008, 2.68506e+007, 1.31251e+008, 5042, 5325.39, 1514, 895
340, 33913, 1.04607e+008, 2.68101e+007, 1.31417e+008, 5042, 5317.36, 1514, 895
341, 34013, 1.04669e+008, 2.6963e+007, 1.31632e+008, 5068, 5320.24, 1514, 895
342, 34113, 1.049e+008, 2.70432e+007, 1.31944e+008, 5081, 5322.42, 1514, 895
343, 34213, 1.0415e+008, 2.6787e+007, 1.30937e+008, 5036, 5319.11, 1514, 895
344, 34313, 1.04779e+008, 2.68579e+007, 1.31637e+008, 5061, 5306.84, 1514, 895
345, 34413, 1.04071e+008, 2.66642e+007, 1.30735e+008, 5032, 5298.92, 1514, 895
346, 34513, 1.04141e+008, 2.66994e+007, 1.3084e+008, 5033, 5304.87, 1514, 895
347, 34613, 1.0411e+008, 2.67057e+007, 1.30815e+008, 5035, 5304, 1514, 895
348, 34713, 1.03912e+008, 2.66132e+007, 1.30525e+008, 5020, 5301.44, 1514, 896
349, 34813, 1.04023e+008, 2.65256e+007, 1.30549e+008, 5020, 5283.99, 1514, 895
350, 34913, 1.04217e+008, 2.67305e+007, 1.30947e+008, 5047, 5296.32, 1514, 895
351, 35013, 1.0374e+008, 2.65049e+007, 1.30245e+008, 5008, 5292.52, 1514, 895
352, 35113, 1.04097e+008, 2.65905e+007, 1.30688e+008, 5026, 5290.58, 1514, 895
353, 35213, 1.04333e+008, 2.66659e+007, 1.30999e+008, 5052, 5278.28, 1514, 895
354, 35313, 1.04218e+008, 2.6632e+007, 1.3085e+008, 5038, 5286.22, 1514, 895
355, 35413, 1.0395e+008, 2.65142e+007, 1.30464e+008, 5020, 5281.71, 1514, 895
356, 35513, 1.04183e+008, 2.65268e+007, 1.3071e+008, 5027, 5276.87, 1514, 895
357, 35613, 1.03923e+008, 2.64868e+007, 1.3041e+008, 5020, 5276.26, 1514, 895
358, 35713, 1.03167e+008, 2.62418e+007, 1.29409e+008, 4975, 5274.73, 1514, 895
359, 35813, 1.04203e+008, 2.65433e+007, 1.30746e+008, 5032, 5274.89, 1514, 895
360, 35913, 1.03751e+008, 2.63711e+007, 1.30122e+008, 5001, 5273.17, 1514, 895
361, 36013, 1.0358e+008, 2.63787e+007, 1.29958e+008, 5004, 5271.52, 1514, 895
362, 36113, 1.03968e+008, 2.64774e+007, 1.30446e+008, 5024, 5270.19, 1514, 895
363, 36213, 1.03494e+008, 2.62451e+007, 1.29739e+008, 4991, 5258.5, 1514, 895
364, 36313, 1.03878e+008, 2.63632e+007, 1.30241e+008, 5013, 5258.97, 1514, 895
365, 36413, 1.03601e+008, 2.62422e+007, 1.29843e+008, 4998, 5250.54, 1514, 895
366, 36513, 1.03564e+008, 2.6321e+007, 1.29885e+008, 5008, 5255.79, 1514, 895
367, 36613, 1.0356e+008, 2.63249e+007, 1.29885e+008, 5012, 5252.38, 1514, 895
368, 36713, 1.0336e+008, 2.62541e+007, 1.29614e+008, 4991, 5260.29, 1514, 895
369, 36813, 1.03604e+008, 2.62246e+007, 1.29829e+008, 5003, 5241.77, 1514, 895
370, 36913, 1.03306e+008, 2.61808e+007, 1.29487e+008, 4997, 5239.3, 1514, 895
371, 37013, 1.03534e+008, 2.62024e+007, 1.29737e+008, 5003, 5237.34, 1514, 895
372, 37113, 1.03592e+008, 2.61287e+007, 1.29721e+008, 5000, 5225.74, 1513, 895
373, 37213, 1.0355e+008, 2.62463e+007, 1.29796e+008, 5008, 5240.87, 1514, 896
374, 37313, 1.03464e+008, 2.62907e+007, 1.29754e+008, 5010, 5247.64, 1514, 896
375, 37413, 1.03036e+008, 2.60289e+007, 1.29065e+008, 4977, 5229.84, 1513, 895
376, 37513, 1.03399e+008, 2.61419e+007, 1.29541e+008, 4998, 5230.48, 1514, 896
377, 37613, 1.02953e+008, 2.5991e+007, 1.28944e+008, 4968, 5231.68, 1513, 896
378, 37713, 1.03636e+008, 2.61762e+007, 1.29813e+008, 5014, 5220.62, 1513, 896
379, 37813, 1.03038e+008, 2.59402e+007, 1.28979e+008, 4970, 5219.36, 1513, 895
380, 37913, 1.03105e+008, 2.58943e+007, 1.28999e+008, 4977, 5202.79, 1513, 896
381, 38013, 1.03278e+008, 2.59808e+007, 1.29259e+008, 4985, 5211.8, 1513, 896
382, 38113, 1.03228e+008, 2.59068e+007, 1.29135e+008, 4976, 5206.35, 1513, 895
383, 38213, 1.03137e+008, 2.59549e+007, 1.29092e+008, 4979, 5212.88, 1513, 896
384, 38313, 1.03406e+008, 2.59684e+007, 1.29374e+008, 4994, 5199.91, 1513, 896
385, 38413, 1.03291e+008, 2.5811e+007, 1.29102e+008, 4976, 5187.1, 1513, 895
386, 38513, 1.03037e+008, 2.57606e+007, 1.28798e+008, 4968, 5185.3, 1513, 895
387, 38613, 1.02761e+008, 2.5765e+007, 1.28527e+008, 4955, 5199.81, 1513, 896
388, 38713, 1.03001e+008, 2.58708e+007, 1.28872e+008, 4971, 5204.34, 1513, 896
389, 38813, 1.02993e+008, 2.58568e+007, 1.2885e+008, 4973, 5199.43, 1513, 896
390, 38913, 1.02471e+008, 2.57027e+007, 1.28174e+008, 4953, 5189.31, 1513, 895
391, 39013, 1.03195e+008, 2.58596e+007, 1.29055e+008, 4989, 5183.32, 1513, 896
392, 39113, 1.02941e+008, 2.57335e+007, 1.28674e+008, 4969, 5178.81, 1513, 895
393, 39213, 1.02722e+008, 2.57074e+007, 1.2843e+008, 4958, 5185.03, 1513, 896
394, 39313, 1.03403e+008, 2.58613e+007, 1.29265e+008, 4996, 5176.4, 1513, 896
395, 39413, 1.02485e+008, 2.55947e+007, 1.2808e+008, 4942, 5179.01, 1513, 896
396, 39513, 1.02867e+008, 2.57257e+007, 1.28593e+008, 4968, 5178.29, 1513, 896
397, 39613, 1.02567e+008, 2.56137e+007, 1.2818e+008, 4951, 5173.44, 1513, 896
398, 39713, 1.02274e+008, 2.54566e+007, 1.2773e+008, 4930, 5163.6, 1513, 896
399, 39813, 1.02275e+008, 2.55398e+007, 1.27814e+008, 4939, 5171.05, 1513, 896
400, 39913, 1.02888e+008, 2.56999e+007, 1.28588e+008, 4971, 5169.96, 1513, 896
401, 40013, 1.01973e+008, 2.53664e+007, 1.2734e+008, 4915, 5161.02, 1513, 896
402, 40113, 1.02375e+008, 2.55167e+007, 1.27891e+008, 4944, 5161.14, 1513, 896
403, 40213, 1.02553e+008, 2.54733e+007, 1.28026e+008, 4942, 5154.44, 1513, 896
404, 40313, 1.02656e+008, 2.55271e+007, 1.28184e+008, 4951, 5155.94, 1513, 896
405, 40413, 1.02418e+008, 2.54503e+007, 1.27869e+008, 4942, 5149.81, 1513, 896
406, 40513, 1.02259e+008, 2.5413e+007, 1.27672e+008, 4931, 5153.73, 1513, 896
407, 40613, 1.02239e+008, 2.54565e+007, 1.27695e+008, 4940, 5153.13, 1513, 896
408, 40713, 1.01986e+008, 2.5277e+007, 1.27263e+008, 4915, 5142.83, 1513, 896
409, 40813, 1.01886e+008, 2.52623e+007, 1.27148e+008, 4912, 5142.98, 1513, 896
410, 40913, 1.02187e+008, 2.53658e+007, 1.27552e+008, 4931, 5144.16, 1513, 896
411, 41013, 1.02006e+008, 2.52704e+007, 1.27277e+008, 4921, 5135.21, 1513, 896
412, 41113, 1.0192e+008, 2.52393e+007, 1.27159e+008, 4907, 5143.54, 1513, 896
413, 41213, 1.0272e+008, 2.54848e+007, 1.28205e+008, 4957, 5141.17, 1513, 896
414, 41313, 1.02225e+008, 2.53094e+007, 1.27535e+008, 4936, 5127.52, 1513, 896
415, 41413, 1.02094e+008, 2.52246e+007, 1.27319e+008, 4918, 5129.04, 1513, 896
416, 41513, 1.02373e+008, 2.53171e+007, 1.27691e+008, 4942, 5122.85, 1513, 896
417, 41613, 1.02248e+008, 2.53142e+007, 1.27562e+008, 4934, 5130.56, 1513, 896
418, 41713, 1.02275e+008, 2.52636e+007, 1.27539e+008, 4934, 5120.31, 1513, 896
419, 41813, 1.01728e+008, 2.50689e+007, 1.26797e+008, 4901, 5115.06, 1513, 896
420, 41913, 1.02039e+008, 2.51914e+007, 1.27231e+008, 4916, 5124.37, 1513, 896
421, 42013, 1.02201e+008, 2.52356e+007, 1.27436e+008, 4933, 5115.68, 1513, 896
422, 42113, 1.02443e+008, 2.5317e+007, 1.2776e+008, 4948, 5116.61, 1513, 896
423, 42213, 1.0165e+008, 2.49938e+007, 1.26644e+008, 4896, 5104.94, 1513, 896
424, 42313, 1.01749e+008, 2.50237e+007, 1.26773e+008, 4904, 5102.72, 1513, 896
425, 42413, 1.01734e+008, 2.5076e+007, 1.2681e+008, 4908, 5109.21, 1513, 896
426, 42513, 1.01555e+008, 2.4912e+007, 1.26467e+008, 4889, 5095.52, 1513, 896
427, 42613, 1.01469e+008, 2.49042e+007, 1.26373e+008, 4885, 5098.1, 1513, 896
428, 42713, 1.01883e+008, 2.50194e+007, 1.26903e+008, 4908, 5097.68, 1513, 896
429, 42813, 1.01893e+008, 2.49974e+007, 1.26891e+008, 4915, 5085.95, 1512, 896
430, 42913, 1.01725e+008, 2.49568e+007, 1.26681e+008, 4907, 5085.96, 1513, 896
431, 43013, 1.01524e+008, 2.49335e+007, 1.26458e+008, 4897, 5091.59, 1512, 896
432, 43113, 1.01373e+008, 2.47909e+007, 1.26164e+008, 4878, 5082.19, 1512, 896
433, 43213, 1.0178e+008, 2.49051e+007, 1.26685e+008, 4904, 5078.52, 1512, 896
434, 43313, 1.01726e+008, 2.48349e+007, 1.26561e+008, 4899, 5069.37, 1512, 896
435, 43413, 1.01747e+008, 2.48678e+007, 1.26615e+008, 4908, 5066.8, 1512, 896
436, 43513, 1.01837e+008, 2.48268e+007, 1.26664e+008, 4904, 5062.57, 1512, 896
437, 43613, 1.01174e+008, 2.46704e+007, 1.25845e+008, 4884, 5051.26, 1512, 896
438, 43713, 1.00443e+008, 2.44758e+007, 1.24918e+008, 4844, 5052.81, 1512, 896
439, 43813, 1.00637e+008, 2.44874e+007, 1.25124e+008, 4859, 5039.59, 1512, 896
440, 43913, 1.00658e+008, 2.44958e+007, 1.25154e+008, 4855, 5045.48, 1512, 896
441, 44013, 1.00036e+008, 2.44212e+007, 1.24457e+008, 4827, 5059.29, 1512, 897
442, 44113, 1.00316e+008, 2.44445e+007, 1.2476e+008, 4842, 5048.44, 1512, 897
443, 44213, 1.00345e+008, 2.43608e+007, 1.24706e+008, 4836, 5037.38, 1512, 896
444, 44313, 1.00387e+008, 2.44077e+007, 1.24795e+008, 4845, 5037.71, 1512, 896
445, 44413, 1.00786e+008, 2.4413e+007, 1.25199e+008, 4862, 5021.19, 1512, 896
446, 44513, 1.00855e+008, 2.448e+007, 1.25335e+008, 4862, 5034.96, 1512, 896
447, 44613, 1.00292e+008, 2.4333e+007, 1.24625e+008, 4830, 5037.9, 1512, 897
448, 44713, 1.00494e+008, 2.44449e+007, 1.24939e+008, 4852, 5038.1, 1512, 897
449, 44813, 1.00575e+008, 2.43998e+007, 1.24975e+008, 4846, 5035.03, 1512, 896
450, 44913, 1.00308e+008, 2.42798e+007, 1.24588e+008, 4833, 5023.76, 1512, 896
451, 45013, 1.00382e+008, 2.43444e+007, 1.24726e+008, 4845, 5024.63, 1512, 897
452, 45113, 1.00227e+008, 2.43631e+007, 1.2459e+008, 4844, 5029.53, 1512, 897
453, 45213, 9.99327e+007, 2.41067e+007, 1.24039e+008, 4810, 5011.8, 1512, 896
454, 45313, 1.00546e+008, 2.4284e+007, 1.2483e+008, 4842, 5015.28, 1512, 896
455, 45413, 1.00113e+008, 2.41984e+007, 1.24311e+008, 4825, 5015.21, 1512, 897
456, 45513, 1.00062e+008, 2.41429e+007, 1.24204e+008, 4818, 5010.97, 1512, 896
457, 45613, 1.00285e+008, 2.41507e+007, 1.24436e+008, 4833, 4997.03, 1512, 896
458, 45713, 9.99358e+007, 2.41352e+007, 1.24071e+008, 4815, 5012.51, 1512, 897
459, 45813, 9.99939e+007, 2.40551e+007, 1.24049e+008, 4820, 4990.69, 1512, 896
460, 45913, 1.0006e+008, 2.41819e+007, 1.24242e+008, 4828, 5008.67, 1512, 897
461, 46013, 1.00694e+008, 2.43297e+007, 1.25024e+008, 4863, 5003.02, 1512, 897
462, 46113, 9.98886e+007, 2.41307e+007, 1.24019e+008, 4822, 5004.3, 1512, 897
463, 46213, 9.96316e+007, 2.39504e+007, 1.23582e+008, 4793, 4996.96, 1512, 897
464, 46313, 1.00002e+008, 2.41124e+007, 1.24114e+008, 4826, 4996.36, 1512, 897
465, 46413, 9.9385e+007, 2.39203e+007, 1.23305e+008, 4782, 5002.16, 1512, 897
466, 46513, 9.98287e+007, 2.40301e+007, 1.23859e+008, 4810, 4995.87, 1512, 897
467, 46613, 9.95209e+007, 2.39395e+007, 1.2346e+008, 4793, 4994.67, 1512, 897
468, 46713, 1.00129e+008, 2.40502e+007, 1.24179e+008, 4830, 4979.33, 1512, 897
469, 46813, 1.00239e+008, 2.40486e+007, 1.24288e+008, 4831, 4977.97, 1512, 897
470, 46913, 9.98487e+007, 2.39008e+007, 1.2375e+008, 4802, 4977.26, 1512, 897
471, 47013, 9.98113e+007, 2.39419e+007, 1.23753e+008, 4807, 4980.64, 1512, 897
472, 47113, 9.93405e+007, 2.37829e+007, 1.23123e+008, 4779, 4976.54, 1512, 897
473, 47213, 9.97569e+007, 2.39353e+007, 1.23692e+008, 4811, 4975.11, 1511, 897
474, 47313, 9.93181e+007, 2.3785e+007, 1.23103e+008, 4785, 4970.74, 1511, 897
475, 47413, 1.0005e+008, 2.3906e+007, 1.23956e+008, 4811, 4969.04, 1511, 897
476, 47513, 9.94376e+007, 2.37765e+007, 1.23214e+008, 4784, 4970, 1511, 897
477, 47613, 9.98939e+007, 2.39123e+007, 1.23806e+008, 4817, 4964.15, 1511, 897
478, 47713, 1.00021e+008, 2.38057e+007, 1.23826e+008, 4808, 4951.26, 1511, 897
479, 47813, 9.93794e+007, 2.37146e+007, 1.23094e+008, 4780, 4961.21, 1511, 897
480, 47913, 9.95166e+007, 2.36489e+007, 1.23165e+008, 4781, 4946.43, 1511, 897
481, 48013, 9.94182e+007, 2.36776e+007, 1.23096e+008, 4781, 4952.43, 1511, 897
482, 48113, 9.97514e+007, 2.37254e+007, 1.23477e+008, 4798, 4944.86, 1511, 897
483, 48213, 9.9081e+007, 2.34961e+007, 1.22577e+008, 4754, 4942.39, 1511, 897
484, 48313, 9.94706e+007, 2.36583e+007, 1.23129e+008, 4786, 4943.22, 1511, 897
485, 48413, 9.93117e+007, 2.35981e+007, 1.2291e+008, 4775, 4942.02, 1511, 897
486, 48513, 9.95287e+007, 2.35922e+007, 1.23121e+008, 4782, 4933.54, 1511, 897
487, 48613, 9.91794e+007, 2.35765e+007, 1.22756e+008, 4774, 4938.51, 1511, 897
488, 48713, 9.93509e+007, 2.35573e+007, 1.22908e+008, 4777, 4931.39, 1511, 897
489, 48813, 9.9237e+007, 2.35119e+007, 1.22749e+008, 4773, 4926.03, 1511, 897
490, 48913, 9.88029e+007, 2.33807e+007, 1.22184e+008, 4744, 4928.47, 1511, 897
491, 49013, 9.89202e+007, 2.34507e+007, 1.22371e+008, 4756, 4930.77, 1511, 897
492, 49113, 9.93116e+007, 2.34887e+007, 1.228e+008, 4776, 4918.06, 1511, 897
493, 49213, 9.87336e+007, 2.33632e+007, 1.22097e+008, 4748, 4920.64, 1511, 897
494, 49313, 9.90655e+007, 2.3527e+007, 1.22592e+008, 4778, 4924.02, 1511, 897
495, 49413, 9.87832e+007, 2.34314e+007, 1.22215e+008, 4758, 4924.64, 1511, 898
496, 49513, 9.90532e+007, 2.339e+007, 1.22443e+008, 4760, 4913.88, 1511, 897
497, 49613, 9.84313e+007, 2.32369e+007, 1.21668e+008, 4730, 4912.66, 1511, 897
498, 49713, 9.85574e+007, 2.32279e+007, 1.21785e+008, 4733, 4907.66, 1511, 897
499, 49813, 9.86868e+007, 2.33595e+007, 1.22046e+008, 4750, 4917.8, 1511, 898
500, 49913, 9.85239e+007, 2.32703e+007, 1.21794e+008, 4744, 4905.21, 1510, 898
501, 50013, 9.87104e+007, 2.33553e+007, 1.22066e+008, 4760, 4906.57, 1510, 898
502, 50113, 9.88e+007, 2.32109e+007, 1.22011e+008, 4748, 4888.56, 1510, 897
503, 50213, 9.89266e+007, 2.32958e+007, 1.22222e+008, 4761, 4893.05, 1510, 898
504, 50313, 9.89738e+007, 2.34296e+007, 1.22403e+008, 4774, 4907.75, 1510, 898
505, 50413, 9.8504e+007, 2.32384e+007, 1.21742e+008, 4742, 4900.55, 1510, 898
506, 50513, 9.85643e+007, 2.31607e+007, 1.21725e+008, 4736, 4890.36, 1510, 898
507, 50613, 9.86108e+007, 2.32208e+007, 1.21832e+008, 4747, 4891.69, 1510, 898
508, 50713, 9.89255e+007, 2.32803e+007, 1.22206e+008, 4764, 4886.7, 1510, 898
509, 50813, 9.79646e+007, 2.29737e+007, 1.20938e+008, 4703, 4884.9, 1510, 898
510, 50913, 9.86546e+007, 2.31214e+007, 1.21776e+008, 4741, 4876.9, 1510, 898
511, 51013, 9.79895e+007, 2.29662e+007, 1.20956e+008, 4704, 4882.27, 1510, 898
512, 51113, 9.82051e+007, 2.30224e+007, 1.21227e+008, 4718, 4879.7, 1510, 898
513, 51213, 9.85929e+007, 2.30885e+007, 1.21681e+008, 4736, 4875.1, 1510, 898
514, 51313, 9.85762e+007, 2.3074e+007, 1.2165e+008, 4738, 4869.98, 1510, 898
515, 51413, 9.82042e+007, 2.30512e+007, 1.21255e+008, 4731, 4872.37, 1510, 898
516, 51513, 9.56327e+007, 2.28043e+007, 1.18437e+008, 4624, 4931.72, 1513, 897
517, 51613, 9.66893e+007, 2.29696e+007, 1.19659e+008, 4677, 4911.17, 1514, 896
518, 51713, 9.75138e+007, 2.28682e+007, 1.20382e+008, 4684, 4882.19, 1512, 897
519, 51813, 9.82549e+007, 2.31059e+007, 1.21361e+008, 4729, 4886, 1511, 897
520, 51913, 9.83922e+007, 2.31078e+007, 1.215e+008, 4737, 4878.14, 1511, 897
521, 52013, 9.81314e+007, 2.31052e+007, 1.21237e+008, 4723, 4892.07, 1511, 897
522, 52113, 9.81159e+007, 2.30257e+007, 1.21142e+008, 4717, 4881.43, 1510, 898
523, 52213, 9.84298e+007, 2.31303e+007, 1.2156e+008, 4734, 4886, 1510, 898
524, 52313, 9.79308e+007, 2.29557e+007, 1.20886e+008, 4710, 4873.81, 1510, 898
525, 52413, 9.77037e+007, 2.29039e+007, 1.20608e+008, 4695, 4878.36, 1510, 898
526, 52513, 9.79283e+007, 2.29114e+007, 1.2084e+008, 4708, 4866.48, 1510, 898
527, 52613, 9.82959e+007, 2.30457e+007, 1.21342e+008, 4732, 4870.19, 1510, 898
528, 52713, 9.78622e+007, 2.2842e+007, 1.20704e+008, 4695, 4865.18, 1510, 898
529, 52813, 9.80883e+007, 2.29032e+007, 1.20991e+008, 4710, 4862.68, 1510, 898
530, 52913, 9.77108e+007, 2.2793e+007, 1.20504e+008, 4689, 4860.95, 1510, 898
531, 53013, 9.80189e+007, 2.29191e+007, 1.20938e+008, 4708, 4868.11, 1510, 898
532, 53113, 9.81461e+007, 2.28542e+007, 1.21e+008, 4709, 4853.31, 1510, 898
533, 53213, 9.79947e+007, 2.28482e+007, 1.20843e+008, 4711, 4849.97, 1510, 898
534, 53313, 9.81184e+007, 2.28352e+007, 1.20954e+008, 4708, 4850.29, 1510, 898
535, 53413, 9.80692e+007, 2.27645e+007, 1.20834e+008, 4704, 4839.38, 1509, 898
536, 53513, 9.80597e+007, 2.27379e+007, 1.20798e+008, 4700, 4837.85, 1509, 898
537, 53613, 9.77079e+007, 2.2694e+007, 1.20402e+008, 4688, 4840.87, 1509, 898
538, 53713, 9.79563e+007, 2.27522e+007, 1.20709e+008, 4703, 4837.8, 1509, 898
539, 53813, 9.80039e+007, 2.26653e+007, 1.20669e+008, 4701, 4821.37, 1509, 898
540, 53913, 9.83986e+007, 2.28563e+007, 1.21255e+008, 4730, 4832.21, 1510, 898
541, 54013, 9.75947e+007, 2.24659e+007, 1.20061e+008, 4667, 4813.77, 1509, 898
542, 54113, 9.78771e+007, 2.26345e+007, 1.20512e+008, 4691, 4825.09, 1509, 899
543, 54213, 9.80211e+007, 2.25843e+007, 1.20605e+008, 4693, 4812.34, 1509, 898
544, 54313, 9.7985e+007, 2.25789e+007, 1.20564e+008, 4691, 4813.23, 1509, 898
545, 54413, 9.81238e+007, 2.26664e+007, 1.2079e+008, 4706, 4816.48, 1509, 899
546, 54513, 9.84722e+007, 2.27793e+007, 1.21252e+008, 4731, 4814.9, 1509, 899
547, 54613, 9.80639e+007, 2.25869e+007, 1.20651e+008, 4697, 4808.79, 1509, 899
548, 54713, 9.75131e+007, 2.23848e+007, 1.19898e+008, 4662, 4801.55, 1509, 898
549, 54813, 9.78596e+007, 2.25205e+007, 1.2038e+008, 4688, 4803.87, 1509, 899
550, 54913, 9.78284e+007, 2.24939e+007, 1.20322e+008, 4687, 4799.22, 1509, 899
551, 55013, 9.81923e+007, 2.25553e+007, 1.20748e+008, 4711, 4787.79, 1509, 898
552, 55113, 9.75521e+007, 2.23592e+007, 1.19911e+008, 4664, 4794, 1509, 899
553, 55213, 9.75911e+007, 2.2386e+007, 1.19977e+008, 4670, 4793.57, 1509, 899
554, 55313, 9.82615e+007, 2.25872e+007, 1.20849e+008, 4710, 4795.59, 1509, 899
555, 55413, 9.75161e+007, 2.23166e+007, 1.19833e+008, 4665, 4783.84, 1509, 899
556, 55513, 9.7485e+007, 2.23941e+007, 1.19879e+008, 4672, 4793.26, 1509, 899
557, 55613, 9.83477e+007, 2.25289e+007, 1.20877e+008, 4714, 4779.14, 1509, 899
558, 55713, 9.53087e+007, 2.21022e+007, 1.17411e+008, 4581, 4824.75, 1511, 899
559, 55813, 9.51803e+007, 2.20889e+007, 1.17269e+008, 4580, 4822.91, 1513, 897
560, 55913, 9.65042e+007, 2.21092e+007, 1.18613e+008, 4621, 4784.5, 1511, 898
561, 56013, 9.72977e+007, 2.23528e+007, 1.19651e+008, 4666, 4790.58, 1510, 898
562, 56113, 9.74873e+007, 2.22954e+007, 1.19783e+008, 4670, 4774.18, 1510, 898
563, 56213, 9.75202e+007, 2.22686e+007, 1.19789e+008, 4669, 4769.45, 1510, 898
564, 56313, 9.74708e+007, 2.23219e+007, 1.19793e+008, 4667, 4782.91, 1509, 899
565, 56413, 9.71613e+007, 2.22783e+007, 1.1944e+008, 4662, 4778.7, 1509, 899
566, 56513, 9.72986e+007, 2.2285e+007, 1.19584e+008, 4669, 4772.97, 1509, 899
567, 56613, 9.69075e+007, 2.20598e+007, 1.18967e+008, 4631, 4763.51, 1509, 899
568, 56713, 9.7141e+007, 2.21212e+007, 1.19262e+008, 4648, 4759.3, 1509, 899
569, 56813, 9.69333e+007, 2.21336e+007, 1.19067e+008, 4642, 4768.11, 1509, 899
570, 56913, 9.71453e+007, 2.21452e+007, 1.19291e+008, 4649, 4763.44, 1509, 899
571, 57013, 9.7394e+007, 2.22061e+007, 1.196e+008, 4665, 4760.16, 1509, 899
572, 57114, 9.67548e+007, 2.18992e+007, 1.18654e+008, 4622, 4738.04, 1508, 899
573, 57214, 9.69504e+007, 2.20084e+007, 1.18959e+008, 4636, 4747.28, 1509, 899
574, 57314, 9.69491e+007, 2.20073e+007, 1.18956e+008, 4636, 4747.05, 1508, 899
575, 57414, 9.7135e+007, 2.20028e+007, 1.19138e+008, 4642, 4739.95, 1509, 899
576, 57514, 9.73482e+007, 2.19936e+007, 1.19342e+008, 4653, 4726.76, 1508, 899
577, 57614, 9.71825e+007, 2.208e+007, 1.19263e+008, 4652, 4746.35, 1509, 899
578, 57714, 9.72244e+007, 2.20103e+007, 1.19235e+008, 4656, 4727.29, 1508, 899
579, 57814, 9.6819e+007, 2.18811e+007, 1.187e+008, 4630, 4725.95, 1508, 899
580, 57914, 9.74955e+007, 2.20125e+007, 1.19508e+008, 4662, 4721.69, 1508, 899
581, 58014, 9.72948e+007, 2.20203e+007, 1.19315e+008, 4657, 4728.44, 1508, 900
582, 58114, 9.71646e+007, 2.19552e+007, 1.1912e+008, 4650, 4721.55, 1508, 899
583, 58214, 9.69969e+007, 2.18261e+007, 1.18823e+008, 4632, 4712.02, 1508, 899
584, 58314, 9.74151e+007, 2.19634e+007, 1.19379e+008, 4657, 4716.22, 1508, 899
585, 58414, 9.70685e+007, 2.18763e+007, 1.18945e+008, 4632, 4722.86, 1508, 900
586, 58514, 9.72799e+007, 2.18927e+007, 1.19173e+008, 4650, 4708.1, 1508, 899
587, 58614, 9.70769e+007, 2.18863e+007, 1.18963e+008, 4645, 4711.81, 1508, 899
588, 58714, 9.69189e+007, 2.17876e+007, 1.18707e+008, 4628, 4707.78, 1508, 900
589, 58814, 9.67162e+007, 2.17436e+007, 1.1846e+008, 4622, 4704.36, 1508, 900
590, 58914, 9.72105e+007, 2.17693e+007, 1.1898e+008, 4640, 4691.65, 1508, 899
591, 59014, 9.73404e+007, 2.18235e+007, 1.19164e+008, 4650, 4693.22, 1508, 899
592, 59114, 9.69558e+007, 2.17816e+007, 1.18737e+008, 4632, 4702.41, 1508, 900
593, 59214, 9.68474e+007, 2.17266e+007, 1.18574e+008, 4627, 4695.61, 1508, 900
594, 59314, 9.63144e+007, 2.16339e+007, 1.17948e+008, 4604, 4698.94, 1508, 900
595, 59414, 9.69708e+007, 2.17519e+007, 1.18723e+008, 4632, 4696, 1508, 900
596, 59514, 9.69704e+007, 2.17182e+007, 1.18689e+008, 4634, 4686.71, 1508, 899
597, 59614, 9.67279e+007, 2.17061e+007, 1.18434e+008, 4629, 4689.16, 1508, 900
598, 59714, 9.61292e+007, 2.14161e+007, 1.17545e+008, 4585, 4670.91, 1508, 900
599, 59814, 9.65742e+007, 2.15813e+007, 1.18156e+008, 4610, 4681.42, 1508, 900
600, 59914, 9.62786e+007, 2.14761e+007, 1.17755e+008, 4597, 4671.77, 1508, 900