2, 100, 5.38501e+007, 3.11097e+007, 8.49598e+007, 4065, 7653.06, 1460, 725
3, 200, 5.42611e+007, 3.12954e+007, 8.55565e+007, 4094, 7644.21, 1460, 725
4, 300, 5.42916e+007, 3.1222e+007, 8.55137e+007, 4096, 7622.57, 1460, 725
5, 400, 5.43804e+007, 3.12501e+007, 8.56305e+007, 4106, 7610.83, 1460, 725
6, 500, 5.42369e+007, 3.11012e+007, 8.53381e+007, 4089, 7606.06, 1460, 725
7, 600, 5.40966e+007, 3.10253e+007, 8.51219e+007, 4076, 7611.7, 1460, 725
8, 700, 5.39209e+007, 3.08501e+007, 8.4771e+007, 4066, 7587.34, 1460, 725
9, 800, 5.45171e+007, 3.10891e+007, 8.56062e+007, 4106, 7571.64, 1460, 725
10, 900, 5.41663e+007, 3.08853e+007, 8.50515e+007, 4076, 7577.35, 1460, 725
11, 1000, 5.44027e+007, 3.10256e+007, 8.54283e+007, 4099, 7569.07, 1460, 725
12, 1100, 5.42246e+007, 3.0556e+007, 8.47806e+007, 4060, 7526.11, 1460, 725
13, 1200, 5.42602e+007, 3.05967e+007, 8.48569e+007, 4069, 7519.48, 1460, 725
14, 1300, 5.41878e+007, 3.05632e+007, 8.47509e+007, 4064, 7520.47, 1460, 725
15, 1400, 5.38049e+007, 3.02935e+007, 8.40984e+007, 4031, 7515.13, 1460, 725
16, 1500, 5.41732e+007, 3.04247e+007, 8.45979e+007, 4060, 7493.77, 1460, 725
17, 1600, 5.41611e+007, 3.04255e+007, 8.45866e+007, 4066, 7482.91, 1460, 725
18, 1700, 5.42073e+007, 3.02328e+007, 8.44401e+007, 4050, 7464.89, 1460, 725
19, 1800, 5.45869e+007, 3.04596e+007, 8.50465e+007, 4079, 7467.43, 1460, 725
20, 1900, 5.43502e+007, 3.03296e+007, 8.46798e+007, 4064, 7462.98, 1460, 725
21, 2000, 5.41624e+007, 2.99602e+007, 8.41226e+007, 4034, 7426.91, 1460, 725
22, 2100, 5.39157e+007, 2.99315e+007, 8.38472e+007, 4024, 7438.24, 1460, 725
23, 2200, 5.39166e+007, 2.98546e+007, 8.37713e+007, 4016, 7433.92, 1460, 725
24, 2300, 5.42848e+007, 2.9878e+007, 8.41628e+007, 4031, 7412.06, 1460, 725
25, 2400, 5.40989e+007, 2.9747e+007, 8.38458e+007, 4023, 7394.22, 1459, 725
26, 2500, 5.42661e+007, 2.98133e+007, 8.40794e+007, 4029, 7399.68, 1460, 725
27, 2600, 5.47685e+007, 3.00452e+007, 8.48137e+007, 4075, 7373.05, 1459, 725
28, 2700, 5.44058e+007, 2.97319e+007, 8.41377e+007, 4033, 7372.16, 1459, 725
29, 2800, 5.46583e+007, 2.98206e+007, 8.44788e+007, 4054, 7355.84, 1460, 725
30, 2900, 5.43665e+007, 2.96924e+007, 8.40589e+007, 4039, 7351.43, 1460, 725
31, 3000, 5.43268e+007, 2.96078e+007, 8.39345e+007, 4032, 7343.2, 1460, 725
32, 3100, 5.42899e+007, 2.94836e+007, 8.37734e+007, 4022, 7330.57, 1460, 725
33, 3200, 5.43837e+007, 2.95644e+007, 8.39481e+007, 4039, 7319.74, 1459, 725
34, 3300, 5.45865e+007, 2.95533e+007, 8.41397e+007, 4041, 7313.36, 1460, 725
35, 3400, 5.41751e+007, 2.93273e+007, 8.35025e+007, 4014, 7306.26, 1460, 725
36, 3500, 5.41249e+007, 2.90463e+007, 8.31713e+007, 3987, 7285.26, 1460, 725
37, 3600, 5.40753e+007, 2.91345e+007, 8.32098e+007, 3999, 7285.46, 1460, 725
38, 3700, 5.41892e+007, 2.91206e+007, 8.33098e+007, 4001, 7278.33, 1460, 725
39, 3800, 5.35727e+007, 2.87451e+007, 8.23178e+007, 3963, 7253.38, 1459, 725
40, 3900, 5.37606e+007, 2.88552e+007, 8.26158e+007, 3983, 7244.59, 1459, 725
41, 4000, 5.35709e+007, 2.84928e+007, 8.20637e+007, 3952, 7209.72, 1460, 725
42, 4100, 5.33539e+007, 2.83252e+007, 8.16791e+007, 3930, 7207.43, 1460, 725
43, 4200, 5.36674e+007, 2.86654e+007, 8.23328e+007, 3970, 7220.51, 1460, 725
44, 4300, 5.36788e+007, 2.84473e+007, 8.2126e+007, 3957, 7189.1, 1460, 725
45, 4400, 5.35595e+007, 2.84999e+007, 8.20594e+007, 3958, 7200.58, 1460, 725
46, 4500, 5.32718e+007, 2.82364e+007, 8.15082e+007, 3926, 7192.14, 1460, 725
47, 4600, 5.35474e+007, 2.83558e+007, 8.19032e+007, 3948, 7182.31, 1460, 725
48, 4700, 5.38735e+007, 2.85462e+007, 8.24197e+007, 3973, 7185.04, 1460, 725
49, 4800, 5.341e+007, 2.815e+007, 8.15599e+007, 3927, 7168.31, 1460, 725
50, 4900, 5.35955e+007, 2.8264e+007, 8.18594e+007, 3953, 7150, 1459, 725
51, 5000, 5.34778e+007, 2.80313e+007, 8.15092e+007, 3927, 7138.1, 1459, 725
52, 5100, 5.35345e+007, 2.79358e+007, 8.14703e+007, 3926, 7115.59, 1459, 725
53, 5200, 5.35376e+007, 2.79255e+007, 8.14631e+007, 3921, 7122.04, 1459, 725
54, 5300, 5.3476e+007, 2.78462e+007, 8.13221e+007, 3922, 7099.99, 1459, 725
55, 5400, 5.31948e+007, 2.74956e+007, 8.06904e+007, 3887, 7073.74, 1459, 725
56, 5500, 5.35576e+007, 2.78361e+007, 8.13937e+007, 3925, 7092, 1459, 725
57, 5600, 5.36731e+007, 2.75957e+007, 8.12688e+007, 3926, 7028.95, 1460, 721
58, 5700, 5.36732e+007, 2.7642e+007, 8.13152e+007, 3918, 7055.14, 1459, 725
59, 5800, 5.35531e+007, 2.76246e+007, 8.11777e+007, 3916, 7054.3, 1459, 725
60, 5900, 5.32026e+007, 2.75154e+007, 8.07181e+007, 3895, 7064.3, 1459, 726
61, 6000, 5.34599e+007, 2.75841e+007, 8.10441e+007, 3912, 7051.16, 1459, 725
62, 6100, 5.34752e+007, 2.74751e+007, 8.09503e+007, 3904, 7037.68, 1459, 725
63, 6200, 5.32102e+007, 2.74764e+007, 8.06866e+007, 3899, 7047.05, 1459, 726
64, 6300, 5.33507e+007, 2.74769e+007, 8.08276e+007, 3906, 7034.53, 1459, 726
65, 6400, 5.28608e+007, 2.71008e+007, 7.99616e+007, 3862, 7017.3, 1459, 725
66, 6500, 5.33481e+007, 2.73666e+007, 8.07147e+007, 3898, 7020.69, 1459, 725
67, 6600, 5.29093e+007, 2.70155e+007, 7.99247e+007, 3861, 6997.02, 1459, 725
68, 6700, 5.33565e+007, 2.72193e+007, 8.05758e+007, 3897, 6984.67, 1459, 725
69, 6800, 5.34193e+007, 2.7172e+007, 8.05913e+007, 3896, 6974.33, 1459, 725
70, 6900, 5.30961e+007, 2.70824e+007, 8.01785e+007, 3873, 6992.62, 1459, 726
71, 7000, 5.2765e+007, 2.68379e+007, 7.96029e+007, 3842, 6985.4, 1459, 726
72, 7100, 5.29314e+007, 2.67243e+007, 7.96557e+007, 3845, 6950.4, 1459, 725
73, 7200, 5.30382e+007, 2.68845e+007, 7.99227e+007, 3868, 6950.5, 1459, 725
74, 7300, 5.34e+007, 2.7014e+007, 8.04139e+007, 3893, 6939.11, 1459, 726
75, 7400, 5.31225e+007, 2.67728e+007, 7.98952e+007, 3867, 6923.4, 1459, 725
76, 7500, 5.28048e+007, 2.65168e+007, 7.93216e+007, 3825, 6932.5, 1459, 726
77, 7600, 5.29359e+007, 2.67322e+007, 7.96681e+007, 3849, 6945.22, 1459, 726
78, 7700, 5.32602e+007, 2.67713e+007, 8.00315e+007, 3876, 6906.94, 1459, 725
79, 7800, 5.33101e+007, 2.67529e+007, 8.0063e+007, 3872, 6909.32, 1459, 726
80, 7900, 5.29871e+007, 2.65884e+007, 7.95755e+007, 3850, 6906.09, 1459, 726
81, 8000, 5.28849e+007, 2.652e+007, 7.94048e+007, 3844, 6899.06, 1459, 726
82, 8100, 5.2825e+007, 2.64462e+007, 7.92711e+007, 3837, 6892.4, 1459, 726
83, 8200, 5.3087e+007, 2.65056e+007, 7.95926e+007, 3850, 6884.57, 1459, 726
84, 8300, 5.32903e+007, 2.65367e+007, 7.9827e+007, 3866, 6864.11, 1459, 725
85, 8400, 5.27413e+007, 2.62568e+007, 7.89981e+007, 3814, 6884.31, 1459, 726
86, 8500, 5.25809e+007, 2.60979e+007, 7.86789e+007, 3802, 6864.26, 1459, 726
87, 8600, 5.28834e+007, 2.6268e+007, 7.91513e+007, 3835, 6849.54, 1459, 726
88, 8700, 5.24889e+007, 2.60965e+007, 7.85854e+007, 3803, 6862.09, 1459, 726
89, 8800, 5.26264e+007, 2.61349e+007, 7.87612e+007, 3810, 6859.55, 1459, 726
90, 8900, 5.29036e+007, 2.61697e+007, 7.90734e+007, 3829, 6834.62, 1459, 726
91, 9000, 5.27923e+007, 2.61347e+007, 7.8927e+007, 3825, 6832.59, 1459, 726
92, 9100, 5.29238e+007, 2.60909e+007, 7.90147e+007, 3828, 6815.81, 1459, 726
93, 9200, 5.28546e+007, 2.60409e+007, 7.88956e+007, 3823, 6811.65, 1459, 726
94, 9300, 5.28995e+007, 2.59911e+007, 7.88905e+007, 3827, 6791.5, 1459, 725
95, 9400, 5.28298e+007, 2.59544e+007, 7.87842e+007, 3819, 6796.11, 1459, 726
96, 9500, 5.2556e+007, 2.57732e+007, 7.83293e+007, 3794, 6793.15, 1459, 726
97, 9600, 5.23825e+007, 2.56071e+007, 7.79896e+007, 3772, 6788.74, 1459, 726
98, 9700, 5.26671e+007, 2.57943e+007, 7.84615e+007, 3802, 6784.41, 1458, 726
99, 9800, 5.29897e+007, 2.5894e+007, 7.88837e+007, 3827, 6766.12, 1459, 726
100, 9900, 5.24202e+007, 2.55672e+007, 7.79874e+007, 3779, 6765.6, 1459, 726
101, 10000, 5.26739e+007, 2.57121e+007, 7.8386e+007, 3805, 6757.45, 1459, 726
102, 10100, 5.28776e+007, 2.57025e+007, 7.85801e+007, 3811, 6744.3, 1459, 726
103, 10200, 5.2459e+007, 2.38821e+007, 7.63411e+007, 3712, 6433.76, 1459, 726
104, 10300, 5.26763e+007, 2.35089e+007, 7.61852e+007, 3720, 6319.59, 1460, 725
105, 10400, 5.21733e+007, 2.28546e+007, 7.50279e+007, 3657, 6249.56, 1459, 725
106, 10500, 5.21526e+007, 2.28465e+007, 7.49991e+007, 3658, 6245.64, 1460, 726
107, 10600, 5.20225e+007, 2.25607e+007, 7.45831e+007, 3637, 6203.09, 1459, 726
108, 10700, 5.17718e+007, 2.23251e+007, 7.40969e+007, 3619, 6168.85, 1460, 726
109, 10800, 5.19226e+007, 2.2113e+007, 7.40356e+007, 3612, 6122.1, 1459, 726
110, 10900, 5.15484e+007, 2.18409e+007, 7.33894e+007, 3579, 6102.52, 1460, 726
111, 11000, 5.18863e+007, 2.19884e+007, 7.38747e+007, 3608, 6094.34, 1460, 726
112, 11100, 5.20626e+007, 2.18169e+007, 7.38795e+007, 3605, 6051.85, 1459, 726
113, 11200, 5.21451e+007, 2.1721e+007, 7.38662e+007, 3603, 6028.6, 1459, 726
114, 11300, 5.21785e+007, 2.16588e+007, 7.38373e+007, 3601, 6014.67, 1459, 726
115, 11400, 5.28158e+007, 2.19091e+007, 7.47249e+007, 3650, 6002.48, 1459, 726
116, 11500, 5.28783e+007, 2.18007e+007, 7.46791e+007, 3646, 5979.36, 1459, 725
117, 11600, 5.27031e+007, 2.16471e+007, 7.43502e+007, 3623, 5974.91, 1459, 726
118, 11700, 5.32196e+007, 2.18191e+007, 7.50387e+007, 3658, 5964.76, 1459, 726
119, 11800, 5.37148e+007, 2.19599e+007, 7.56747e+007, 3687, 5956.04, 1459, 726
120, 11900, 5.34492e+007, 2.1682e+007, 7.51312e+007, 3658, 5927.28, 1459, 726
121, 12000, 5.35772e+007, 2.16673e+007, 7.52445e+007, 3663, 5915.17, 1459, 726
122, 12101, 5.35914e+007, 2.16016e+007, 7.5193e+007, 3660, 5902.07, 1459, 726
123, 12201, 5.36116e+007, 2.15808e+007, 7.51924e+007, 3662, 5893.18, 1459, 726
124, 12301, 5.34663e+007, 2.14062e+007, 7.48725e+007, 3641, 5879.21, 1459, 726
125, 12401, 5.34472e+007, 2.13948e+007, 7.4842e+007, 3641, 5876.09, 1459, 726
126, 12501, 5.36145e+007, 2.13118e+007, 7.49263e+007, 3649, 5840.45, 1458, 726
127, 12601, 5.38588e+007, 2.13238e+007, 7.51827e+007, 3658, 5829.37, 1458, 726
128, 12701, 5.33713e+007, 2.11579e+007, 7.45292e+007, 3628, 5831.84, 1459, 726
129, 12801, 5.3649e+007, 2.1148e+007, 7.47971e+007, 3641, 5808.3, 1458, 726
130, 12901, 5.3628e+007, 2.11621e+007, 7.479e+007, 3642, 5810.56, 1458, 726
131, 13001, 5.38973e+007, 2.12328e+007, 7.513e+007, 3659, 5802.89, 1458, 726
132, 13101, 5.3821e+007, 2.10191e+007, 7.484e+007, 3643, 5769.71, 1458, 726
133, 13201, 5.33403e+007, 2.08521e+007, 7.41924e+007, 3605, 5784.21, 1458, 726
134, 13301, 5.3157e+007, 2.08197e+007, 7.39767e+007, 3609, 5768.82, 1458, 726
135, 13401, 5.35281e+007, 2.08908e+007, 7.44189e+007, 3630, 5755.05, 1458, 726
136, 13501, 5.35342e+007, 2.08078e+007, 7.4342e+007, 3624, 5741.67, 1458, 726
137, 13601, 5.26494e+007, 2.05321e+007, 7.31816e+007, 3568, 5754.52, 1458, 726
138, 13701, 5.29014e+007, 2.059e+007, 7.34915e+007, 3587, 5740.18, 1458, 726
139, 13801, 5.28686e+007, 2.04821e+007, 7.33507e+007, 3582, 5718.05, 1458, 726
140, 13901, 5.23216e+007, 2.02164e+007, 7.2538e+007, 3541, 5709.23, 1458, 726
141, 14001, 5.26301e+007, 2.03499e+007, 7.29799e+007, 3562, 5713.04, 1458, 726
142, 14101, 5.28918e+007, 2.05041e+007, 7.33959e+007, 3587, 5716.23, 1458, 726
143, 14201, 5.28243e+007, 2.035e+007, 7.31742e+007, 3584, 5678.01, 1458, 726
144, 14301, 5.25524e+007, 2.0271e+007, 7.28233e+007, 3569, 5679.74, 1458, 726
145, 14401, 5.21093e+007, 2.00102e+007, 7.21195e+007, 3528, 5671.83, 1458, 726
146, 14501, 5.21481e+007, 2.00181e+007, 7.21663e+007, 3530, 5670.86, 1458, 726
147, 14601, 5.20975e+007, 2.00051e+007, 7.21026e+007, 3529, 5668.77, 1458, 726
148, 14711, 5.20731e+007, 1.99824e+007, 7.20555e+007, 3521, 5675.2, 1458, 726
149, 14811, 5.21853e+007, 2.00591e+007, 7.22444e+007, 3536, 5672.82, 1458, 726
150, 14901, 5.21865e+007, 1.99929e+007, 7.21794e+007, 3532, 5660.5, 1458, 726
151, 15001, 5.19628e+007, 1.98349e+007, 7.17977e+007, 3512, 5647.75, 1458, 726
152, 15101, 5.26341e+007, 2.0018e+007, 7.26521e+007, 3561, 5621.45, 1458, 726
153, 15201, 5.23375e+007, 1.99226e+007, 7.22601e+007, 3533, 5639, 1458, 726
154, 15301, 5.2706e+007, 2.00579e+007, 7.27638e+007, 3557, 5638.99, 1458, 726
155, 15401, 5.22307e+007, 1.98462e+007, 7.20769e+007, 3522, 5634.92, 1458, 727
156, 15501, 5.23155e+007, 1.97154e+007, 7.2031e+007, 3521, 5599.39, 1458, 726
157, 15601, 5.20314e+007, 1.96488e+007, 7.16802e+007, 3515, 5589.99, 1458, 726
158, 15701, 5.24147e+007, 1.98085e+007, 7.22232e+007, 3539, 5597.2, 1458, 726
159, 15801, 5.24006e+007, 1.97002e+007, 7.21008e+007, 3532, 5577.64, 1458, 726
160, 15901, 5.22909e+007, 1.96976e+007, 7.19885e+007, 3527, 5584.8, 1458, 726
161, 16001, 5.19767e+007, 1.95434e+007, 7.15201e+007, 3507, 5572.69, 1458, 726
162, 16111, 5.18685e+007, 1.95029e+007, 7.13713e+007, 3501, 5570.66, 1458, 726
163, 16211, 5.17518e+007, 1.93131e+007, 7.10649e+007, 3478, 5552.92, 1458, 726
164, 16311, 5.14668e+007, 1.93955e+007, 7.08623e+007, 3478, 5576.61, 1458, 726
165, 16411, 5.15946e+007, 1.92348e+007, 7.08294e+007, 3469, 5544.77, 1458, 726
166, 16511, 5.14104e+007, 1.92157e+007, 7.06261e+007, 3460, 5553.66, 1458, 726
167, 16611, 5.17306e+007, 1.92931e+007, 7.10236e+007, 3478, 5547.18, 1457, 727
168, 16711, 5.17558e+007, 1.92381e+007, 7.09939e+007, 3483, 5523.43, 1458, 726
169, 16811, 5.1665e+007, 1.92857e+007, 7.09507e+007, 3477, 5546.64, 1458, 727
170, 16911, 5.19187e+007, 1.93697e+007, 7.12883e+007, 3498, 5537.36, 1458, 727
171, 17011, 5.18241e+007, 1.92261e+007, 7.10501e+007, 3484, 5518.39, 1458, 726
172, 17111, 5.14624e+007, 1.91969e+007, 7.06593e+007, 3468, 5535.42, 1458, 727
173, 17211, 5.17873e+007, 1.91897e+007, 7.0977e+007, 3483, 5509.54, 1457, 727
174, 17311, 5.18688e+007, 1.92383e+007, 7.11071e+007, 3496, 5502.95, 1458, 726
175, 17411, 5.15216e+007, 1.88722e+007, 7.03938e+007, 3447, 5474.97, 1457, 726
176, 17511, 5.13942e+007, 1.90224e+007, 7.04166e+007, 3456, 5504.16, 1458, 726
177, 17611, 5.12719e+007, 1.88416e+007, 7.01136e+007, 3431, 5491.59, 1457, 726
178, 17711, 5.16258e+007, 1.89814e+007, 7.06072e+007, 3465, 5478.04, 1458, 726
179, 17811, 5.19325e+007, 1.90581e+007, 7.09906e+007, 3487, 5465.48, 1457, 727
180, 17911, 5.11736e+007, 1.8801e+007, 6.99745e+007, 3431, 5479.74, 1458, 727
181, 18011, 5.11163e+007, 1.87328e+007, 6.98491e+007, 3430, 5461.45, 1457, 727
182, 18111, 5.15675e+007, 1.89471e+007, 7.05145e+007, 3464, 5469.7, 1457, 727
183, 18211, 5.1598e+007, 1.88563e+007, 7.04544e+007, 3459, 5451.38, 1457, 727
184, 18311, 5.11913e+007, 1.88373e+007, 7.00287e+007, 3436, 5482.34, 1458, 727
185, 18411, 5.14824e+007, 1.88584e+007, 7.03408e+007, 3457, 5455.13, 1458, 727
186, 18511, 5.15273e+007, 1.87564e+007, 7.02837e+007, 3448, 5439.8, 1457, 727
187, 18611, 5.12984e+007, 1.86752e+007, 6.99735e+007, 3430, 5444.65, 1457, 727
188, 18711, 5.161e+007, 1.87633e+007, 7.03733e+007, 3457, 5427.61, 1458, 726
189, 18811, 5.16403e+007, 1.86943e+007, 7.03346e+007, 3449, 5420.22, 1457, 727
190, 18911, 5.22287e+007, 1.89525e+007, 7.11812e+007, 3500, 5415, 1457, 727
191, 19011, 5.20369e+007, 1.8856e+007, 7.0893e+007, 3479, 5419.95, 1457, 727
192, 19111, 5.18031e+007, 1.87637e+007, 7.05669e+007, 3465, 5415.22, 1457, 727
193, 19211, 5.16985e+007, 1.87441e+007, 7.04425e+007, 3461, 5415.79, 1457, 727
194, 19311, 5.17625e+007, 1.86402e+007, 7.04027e+007, 3458, 5390.46, 1457, 727
195, 19411, 5.17755e+007, 1.86094e+007, 7.03849e+007, 3452, 5390.9, 1457, 726
196, 19511, 5.14256e+007, 1.84369e+007, 6.98625e+007, 3427, 5379.88, 1458, 727
197, 19611, 5.18998e+007, 1.85598e+007, 7.04596e+007, 3464, 5357.92, 1457, 726
198, 19711, 5.16215e+007, 1.85414e+007, 7.01629e+007, 3451, 5372.77, 1457, 727
199, 19811, 5.16585e+007, 1.85642e+007, 7.02227e+007, 3449, 5382.48, 1458, 726
200, 19911, 5.14691e+007, 1.8433e+007, 6.9902e+007, 3434, 5367.78, 1458, 727
201, 20011, 5.1383e+007, 1.83655e+007, 6.97485e+007, 3429, 5355.95, 1458, 726
202, 20111, 5.15888e+007, 1.84379e+007, 7.00268e+007, 3439, 5361.42, 1457, 727
203, 20211, 5.14904e+007, 1.83526e+007, 6.9843e+007, 3429, 5352.17, 1457, 727
204, 20311, 5.21829e+007, 1.8487e+007, 7.06699e+007, 3468, 5330.75, 1457, 727
205, 20411, 5.18315e+007, 1.84057e+007, 7.02373e+007, 3447, 5339.63, 1457, 727
206, 20511, 5.11342e+007, 1.82272e+007, 6.93613e+007, 3407, 5349.91, 1457, 727
207, 20611, 5.1222e+007, 1.81482e+007, 6.93702e+007, 3414, 5315.83, 1457, 727
208, 20711, 5.06264e+007, 1.79441e+007, 6.85705e+007, 3374, 5318.34, 1457, 727
209, 20811, 5.05379e+007, 1.79734e+007, 6.85112e+007, 3373, 5328.6, 1458, 727
210, 20911, 5.04911e+007, 1.7969e+007, 6.84601e+007, 3371, 5330.47, 1457, 727
211, 21011, 5.04371e+007, 1.78673e+007, 6.83044e+007, 3367, 5306.59, 1457, 727
212, 21111, 5.06742e+007, 1.79244e+007, 6.85986e+007, 3383, 5298.39, 1457, 727
213, 21211, 5.01879e+007, 1.77614e+007, 6.79493e+007, 3349, 5303.51, 1457, 727
214, 21311, 5.05274e+007, 1.78239e+007, 6.83513e+007, 3367, 5293.71, 1457, 727
215, 21411, 4.9577e+007, 1.7479e+007, 6.7056e+007, 3303, 5291.85, 1457, 727
216, 21511, 4.97114e+007, 1.75627e+007, 6.7274e+007, 3315, 5297.94, 1458, 727
217, 21611, 5.00134e+007, 1.76185e+007, 6.76319e+007, 3338, 5278.17, 1457, 727
218, 21711, 4.9633e+007, 1.74148e+007, 6.70478e+007, 3304, 5270.81, 1457, 727
219, 21811, 4.99024e+007, 1.7574e+007, 6.74764e+007, 3334, 5271.13, 1457, 727
220, 21911, 4.92277e+007, 1.72947e+007, 6.65224e+007, 3283, 5267.96, 1457, 727
221, 22011, 4.96728e+007, 1.74544e+007, 6.71272e+007, 3314, 5266.87, 1457, 727
222, 22110, 4.94858e+007, 1.73887e+007, 6.68746e+007, 3304, 5262.94, 1457, 727
223, 22210, 4.95654e+007, 1.74003e+007, 6.69657e+007, 3313, 5252.12, 1457, 727
224, 22310, 4.93709e+007, 1.72606e+007, 6.66315e+007, 3289, 5247.98, 1457, 727
225, 22410, 4.95004e+007, 1.73851e+007, 6.68855e+007, 3313, 5247.54, 1457, 727
226, 22510, 4.94507e+007, 1.73325e+007, 6.67833e+007, 3301, 5250.7, 1457, 727
227, 22610, 4.93936e+007, 1.72546e+007, 6.66482e+007, 3295, 5236.61, 1457, 727
228, 22710, 4.9586e+007, 1.7263e+007, 6.6849e+007, 3308, 5218.56, 1457, 727
229, 22810, 4.90243e+007, 1.70565e+007, 6.60807e+007, 3267, 5220.83, 1457, 727
230, 22910, 4.91293e+007, 1.7102e+007, 6.62313e+007, 3276, 5220.39, 1457, 727
231, 23010, 4.85702e+007, 1.6979e+007, 6.55492e+007, 3243, 5235.58, 1458, 727
232, 23110, 4.89402e+007, 1.70646e+007, 6.60048e+007, 3267, 5223.33, 1458, 727
233, 23210, 4.88672e+007, 1.70053e+007, 6.58725e+007, 3266, 5206.76, 1457, 727
234, 23310, 4.90113e+007, 1.70076e+007, 6.60189e+007, 3274, 5194.75, 1457, 727
235, 23410, 4.89601e+007, 1.69352e+007, 6.58954e+007, 3263, 5190.08, 1457, 727
236, 23510, 4.90724e+007, 1.69344e+007, 6.60067e+007, 3266, 5185.04, 1457, 727
237, 23610, 4.94722e+007, 1.71279e+007, 6.66001e+007, 3299, 5191.84, 1457, 727
238, 23710, 4.93782e+007, 1.70553e+007, 6.64335e+007, 3291, 5182.4, 1457, 727
239, 23810, 4.87582e+007, 1.6844e+007, 6.56022e+007, 3248, 5185.97, 1457, 727
240, 23910, 4.86313e+007, 1.67792e+007, 6.54105e+007, 3238, 5181.97, 1457, 727
241, 24010, 4.91018e+007, 1.68554e+007, 6.59572e+007, 3264, 5164.04, 1457, 727
242, 24110, 4.91509e+007, 1.68748e+007, 6.60257e+007, 3271, 5158.9, 1457, 727
243, 24210, 4.90865e+007, 1.68048e+007, 6.58913e+007, 3259, 5156.44, 1457, 727
244, 24310, 4.92126e+007, 1.69269e+007, 6.61395e+007, 3276, 5166.94, 1457, 727
245, 24410, 4.88725e+007, 1.67545e+007, 6.56269e+007, 3252, 5152.05, 1457, 727
246, 24510, 4.93208e+007, 1.69124e+007, 6.62332e+007, 3280, 5156.21, 1457, 727
247, 24610, 4.91023e+007, 1.67662e+007, 6.58685e+007, 3263, 5138.28, 1457, 727
248, 24710, 4.90244e+007, 1.67443e+007, 6.57687e+007, 3261, 5134.73, 1457, 727
249, 24810, 4.88179e+007, 1.66493e+007, 6.54672e+007, 3241, 5137.08, 1457, 727
250, 24910, 4.93777e+007, 1.68422e+007, 6.622e+007, 3281, 5133.26, 1457, 727
251, 25010, 4.88842e+007, 1.66608e+007, 6.5545e+007, 3244, 5135.88, 1457, 727
252, 25110, 4.90315e+007, 1.66894e+007, 6.57209e+007, 3252, 5132.05, 1457, 727
253, 25210, 4.90374e+007, 1.66794e+007, 6.57168e+007, 3252, 5128.96, 1457, 727
254, 25310, 4.88047e+007, 1.65746e+007, 6.53793e+007, 3235, 5123.54, 1457, 727
255, 25410, 4.90034e+007, 1.65925e+007, 6.55959e+007, 3248, 5108.52, 1457, 727
256, 25510, 4.96166e+007, 1.68306e+007, 6.64472e+007, 3295, 5107.93, 1457, 727
257, 25610, 4.92305e+007, 1.67455e+007, 6.59761e+007, 3269, 5122.52, 1457, 727
258, 25710, 4.91851e+007, 1.66821e+007, 6.58672e+007, 3266, 5107.82, 1458, 727
259, 25810, 4.87404e+007, 1.64764e+007, 6.52168e+007, 3232, 5097.88, 1457, 727
260, 25910, 4.88335e+007, 1.64844e+007, 6.53179e+007, 3238, 5090.92, 1457, 727
261, 26010, 4.89794e+007, 1.65566e+007, 6.5536e+007, 3255, 5086.51, 1457, 727
262, 26110, 4.87246e+007, 1.64379e+007, 6.51626e+007, 3230, 5089.14, 1457, 727
263, 26210, 4.85057e+007, 1.63298e+007, 6.48355e+007, 3216, 5077.68, 1457, 727
264, 26310, 4.82866e+007, 1.63268e+007, 6.46134e+007, 3205, 5094.17, 1457, 727
265, 26410, 4.82742e+007, 1.62407e+007, 6.45148e+007, 3204, 5068.88, 1457, 727
266, 26510, 4.84818e+007, 1.63678e+007, 6.48495e+007, 3226, 5073.7, 1457, 727
267, 26610, 4.79873e+007, 1.61351e+007, 6.41225e+007, 3184, 5067.57, 1457, 727
268, 26710, 4.81479e+007, 1.61536e+007, 6.43015e+007, 3195, 5055.91, 1457, 727
269, 26810, 4.80929e+007, 1.61448e+007, 6.42376e+007, 3190, 5061.05, 1457, 727
270, 26910, 4.81046e+007, 1.61152e+007, 6.42198e+007, 3194, 5045.46, 1457, 727
271, 27010, 4.80217e+007, 1.60805e+007, 6.41022e+007, 3185, 5048.82, 1457, 727
272, 27110, 4.74854e+007, 1.58864e+007, 6.33718e+007, 3152, 5040.09, 1457, 727
273, 27210, 4.75885e+007, 1.59464e+007, 6.35348e+007, 3162, 5043.12, 1457, 727
274, 27310, 4.74875e+007, 1.58693e+007, 6.33568e+007, 3156, 5028.3, 1457, 727
275, 27410, 4.7725e+007, 1.59567e+007, 6.36816e+007, 3176, 5024.14, 1457, 727
276, 27510, 4.72682e+007, 1.57643e+007, 6.30325e+007, 3141, 5018.88, 1457, 727
277, 27610, 4.7085e+007, 1.57602e+007, 6.28452e+007, 3133, 5030.39, 1457, 727
278, 27710, 4.70954e+007, 1.57037e+007, 6.27991e+007, 3131, 5015.54, 1457, 727
279, 27810, 4.68614e+007, 1.56114e+007, 6.24728e+007, 3113, 5014.92, 1457, 727
280, 27910, 4.67308e+007, 1.54988e+007, 6.22296e+007, 3102, 4996.39, 1457, 727
281, 28010, 4.6732e+007, 1.55225e+007, 6.22545e+007, 3102, 5004.04, 1457, 727
282, 28110, 4.70066e+007, 1.55952e+007, 6.26018e+007, 3125, 4990.46, 1457, 727
283, 28210, 4.67672e+007, 1.5585e+007, 6.23522e+007, 3110, 5011.25, 1457, 727
284, 28310, 4.64954e+007, 1.53997e+007, 6.18951e+007, 3085, 4991.79, 1458, 727
285, 28410, 4.67917e+007, 1.5498e+007, 6.22896e+007, 3111, 4981.66, 1457, 727
286, 28510, 4.65475e+007, 1.5434e+007, 6.19816e+007, 3097, 4983.55, 1457, 727
287, 28610, 4.65365e+007, 1.5432e+007, 6.19685e+007, 3092, 4990.93, 1457, 727
288, 28710, 4.6814e+007, 1.5426e+007, 6.22401e+007, 3107, 4964.93, 1457, 727
289, 28810, 4.62605e+007, 1.53379e+007, 6.15985e+007, 3077, 4984.71, 1457, 727
290, 28910, 4.66808e+007, 1.53554e+007, 6.20361e+007, 3095, 4961.34, 1457, 727
291, 29010, 4.69048e+007, 1.54747e+007, 6.23795e+007, 3118, 4963.02, 1457, 727
292, 29110, 4.67141e+007, 1.53477e+007, 6.20618e+007, 3097, 4955.67, 1457, 727
293, 29210, 4.63686e+007, 1.52545e+007, 6.16232e+007, 3072, 4965.67, 1457, 727
294, 29310, 4.68938e+007, 1.53847e+007, 6.22786e+007, 3110, 4946.86, 1457, 727
295, 29410, 4.70423e+007, 1.54614e+007, 6.25037e+007, 3125, 4947.65, 1457, 727
296, 29510, 4.61276e+007, 1.50886e+007, 6.12162e+007, 3057, 4935.76, 1457, 727
297, 29610, 4.67199e+007, 1.5251e+007, 6.19709e+007, 3089, 4937.19, 1457, 727
298, 29710, 4.69996e+007, 1.5384e+007, 6.23835e+007, 3119, 4932.34, 1457, 727
299, 29810, 4.62879e+007, 1.51055e+007, 6.13934e+007, 3064, 4929.99, 1457, 727
300, 29910, 4.6606e+007, 1.52012e+007, 6.18072e+007, 3084, 4929.05, 1457, 727
301, 30010, 4.6782e+007, 1.51854e+007, 6.19674e+007, 3089, 4915.96, 1457, 727
302, 30110, 4.66928e+007, 1.52547e+007, 6.19475e+007, 3090, 4936.78, 1457, 727
303, 30210, 4.73563e+007, 1.59301e+007, 6.32863e+007, 3157, 5045.96, 1456, 727
304, 30310, 4.79652e+007, 1.69329e+007, 6.48981e+007, 3227, 5247.26, 1456, 727
305, 30410, 4.72264e+007, 1.70876e+007, 6.4314e+007, 3194, 5349.89, 1457, 727
306, 30510, 4.77895e+007, 1.75433e+007, 6.53329e+007, 3240, 5414.61, 1457, 727
307, 30610, 4.76487e+007, 1.78433e+007, 6.54919e+007, 3252, 5486.87, 1457, 727
308, 30710, 4.73677e+007, 1.78907e+007, 6.52584e+007, 3237, 5526.95, 1457, 727
309, 30810, 4.76657e+007, 1.81711e+007, 6.58368e+007, 3268, 5560.32, 1457, 727
310, 30910, 4.75015e+007, 1.81399e+007, 6.56414e+007, 3257, 5569.52, 1456, 727
311, 31010, 4.73383e+007, 1.81129e+007, 6.54511e+007, 3242, 5586.94, 1457, 727
312, 31110, 4.7099e+007, 1.81419e+007, 6.52409e+007, 3240, 5599.35, 1456, 727
313, 31210, 4.72436e+007, 1.82872e+007, 6.55308e+007, 3252, 5623.38, 1457, 727
314, 31310, 4.72422e+007, 1.83674e+007, 6.56096e+007, 3256, 5641.08, 1457, 727
315, 31410, 4.736e+007, 1.83634e+007, 6.57234e+007, 3263, 5627.76, 1457, 727
316, 31510, 4.73075e+007, 1.8433e+007, 6.57404e+007, 3270, 5637, 1456, 727
317, 31610, 4.68339e+007, 1.81832e+007, 6.50171e+007, 3231, 5627.72, 1456, 727
318, 31710, 4.71559e+007, 1.83572e+007, 6.55131e+007, 3258, 5634.49, 1457, 727
319, 31810, 4.68522e+007, 1.82327e+007, 6.50849e+007, 3233, 5639.57, 1457, 727
320, 31910, 4.67246e+007, 1.81553e+007, 6.48799e+007, 3217, 5643.56, 1456, 727
321, 32010, 4.68194e+007, 1.81998e+007, 6.50192e+007, 3232, 5631.12, 1457, 727
322, 32111, 4.6833e+007, 1.82562e+007, 6.50892e+007, 3238, 5638.11, 1457, 727
323, 32211, 4.66844e+007, 1.81412e+007, 6.48256e+007, 3224, 5626.91, 1456, 727
324, 32311, 4.68355e+007, 1.82438e+007, 6.50793e+007, 3235, 5639.51, 1457, 727
325, 32411, 4.6748e+007, 1.81902e+007, 6.49382e+007, 3225, 5640.36, 1457, 727
326, 32511, 4.68765e+007, 1.81594e+007, 6.50359e+007, 3230, 5622.12, 1457, 727
327, 32611, 4.64253e+007, 1.80187e+007, 6.4444e+007, 3203, 5625.57, 1457, 727
328, 32711, 4.65085e+007, 1.80564e+007, 6.45649e+007, 3206, 5632.06, 1456, 727
329, 32811, 4.65882e+007, 1.81559e+007, 6.47441e+007, 3221, 5636.72, 1457, 727
330, 32911, 4.63599e+007, 1.80045e+007, 6.43644e+007, 3200, 5626.41, 1457, 727
331, 33011, 4.63115e+007, 1.7912e+007, 6.42236e+007, 3191, 5613.3, 1456, 727
332, 33111, 4.6382e+007, 1.79511e+007, 6.43331e+007, 3201, 5607.97, 1456, 727
333, 33211, 4.65972e+007, 1.79767e+007, 6.4574e+007, 3212, 5596.74, 1456, 727
334, 33311, 4.6048e+007, 1.77798e+007, 6.38277e+007, 3174, 5601.69, 1457, 727
335, 33411, 4.63989e+007, 1.78933e+007, 6.42923e+007, 3199, 5593.42, 1456, 727
336, 33511, 4.64246e+007, 1.80137e+007, 6.44383e+007, 3209, 5613.5, 1456, 727
337, 33611, 4.61578e+007, 1.7849e+007, 6.40068e+007, 3184, 5605.84, 1457, 727
338, 33711, 4.59016e+007, 1.7667e+007, 6.35686e+007, 3159, 5592.59, 1456, 727
339, 33811, 4.57597e+007, 1.76203e+007, 6.338e+007, 3151, 5591.97, 1456, 727
340, 33911, 4.63835e+007, 1.79327e+007, 6.43161e+007, 3210, 5586.5, 1457, 727
341, 34011, 4.59245e+007, 1.77179e+007, 6.36424e+007, 3168, 5592.78, 1456, 727
342, 34111, 4.56495e+007, 1.76285e+007, 6.3278e+007, 3152, 5592.79, 1457, 727
343, 34211, 4.54848e+007, 1.75535e+007, 6.30383e+007, 3141, 5588.49, 1456, 727
344, 34311, 4.58392e+007, 1.76478e+007, 6.3487e+007, 3162, 5581.22, 1456, 727
345, 34411, 4.61298e+007, 1.77785e+007, 6.39083e+007, 3185, 5581.94, 1457, 727
346, 34511, 4.55254e+007, 1.75272e+007, 6.30526e+007, 3142, 5578.36, 1457, 727
347, 34611, 4.59404e+007, 1.7614e+007, 6.35545e+007, 3164, 5567.01, 1456, 727
348, 34711, 4.59205e+007, 1.76639e+007, 6.35844e+007, 3168, 5575.73, 1457, 727
349, 34811, 4.59877e+007, 1.75951e+007, 6.35828e+007, 3162, 5564.56, 1456, 727
350, 34911, 4.59399e+007, 1.76248e+007, 6.35647e+007, 3171, 5558.12, 1457, 727
351, 35011, 4.56574e+007, 1.75021e+007, 6.31595e+007, 3145, 5565.06, 1457, 727
352, 35111, 4.55424e+007, 1.74211e+007, 6.29635e+007, 3136, 5555.21, 1457, 727
353, 35211, 4.61135e+007, 1.76189e+007, 6.37324e+007, 3178, 5544.02, 1456, 727
354, 35311, 4.55626e+007, 1.73245e+007, 6.28871e+007, 3132, 5531.45, 1456, 727
355, 35411, 4.52033e+007, 1.72453e+007, 6.24486e+007, 3113, 5539.75, 1456, 727
356, 35511, 4.49875e+007, 1.71811e+007, 6.21686e+007, 3100, 5542.29, 1456, 727
357, 35611, 4.54063e+007, 1.72783e+007, 6.26846e+007, 3132, 5516.7, 1456, 727
358, 35711, 4.55852e+007, 1.73926e+007, 6.29778e+007, 3143, 5533.76, 1456, 727
359, 35811, 4.57721e+007, 1.74646e+007, 6.32367e+007, 3160, 5526.76, 1456, 727
360, 35911, 4.4898e+007, 1.71598e+007, 6.20578e+007, 3098, 5539, 1456, 728
361, 36011, 4.52866e+007, 1.73362e+007, 6.26228e+007, 3129, 5540.51, 1456, 728
362, 36111, 4.53754e+007, 1.73808e+007, 6.27563e+007, 3135, 5544.13, 1456, 727
363, 36211, 4.54071e+007, 1.73032e+007, 6.27102e+007, 3131, 5526.4, 1456, 728
364, 36311, 4.50321e+007, 1.72e+007, 6.22321e+007, 3111, 5528.76, 1456, 727
365, 36411, 4.50404e+007, 1.72276e+007, 6.2268e+007, 3110, 5539.42, 1456, 728
366, 36511, 4.49477e+007, 1.70854e+007, 6.20331e+007, 3096, 5518.55, 1456, 728
367, 36611, 4.52907e+007, 1.72814e+007, 6.25721e+007, 3126, 5528.29, 1456, 728
368, 36711, 4.51613e+007, 1.70502e+007, 6.22116e+007, 3106, 5489.45, 1456, 727
369, 36811, 4.50525e+007, 1.71099e+007, 6.21624e+007, 3104, 5512.21, 1456, 728
370, 36911, 4.55495e+007, 1.72405e+007, 6.279e+007, 3130, 5508.14, 1456, 728
371, 37011, 4.5394e+007, 1.71293e+007, 6.25233e+007, 3121, 5488.41, 1456, 728
372, 37111, 4.51188e+007, 1.70942e+007, 6.22131e+007, 3108, 5500.07, 1456, 728
373, 37211, 4.50868e+007, 1.70951e+007, 6.21819e+007, 3102, 5511, 1456, 728
374, 37311, 4.48642e+007, 1.69739e+007, 6.1838e+007, 3084, 5503.85, 1456, 728
375, 37411, 4.51998e+007, 1.70384e+007, 6.22382e+007, 3110, 5478.58, 1456, 727
376, 37511, 4.51815e+007, 1.69566e+007, 6.21381e+007, 3103, 5464.59, 1456, 727
377, 37611, 4.52575e+007, 1.70978e+007, 6.23552e+007, 3118, 5483.56, 1456, 728
378, 37711, 4.45654e+007, 1.68068e+007, 6.13722e+007, 3067, 5479.9, 1456, 727
379, 37811, 4.46386e+007, 1.68767e+007, 6.15153e+007, 3075, 5488.35, 1456, 728
380, 37911, 4.46112e+007, 1.6845e+007, 6.14562e+007, 3075, 5478.05, 1456, 728
381, 38011, 4.4683e+007, 1.68721e+007, 6.15551e+007, 3081, 5476.18, 1456, 728
382, 38111, 4.49385e+007, 1.6874e+007, 6.18125e+007, 3090, 5460.85, 1456, 727
383, 38211, 4.45798e+007, 1.67396e+007, 6.13194e+007, 3070, 5452.65, 1456, 727
384, 38311, 4.42491e+007, 1.66867e+007, 6.09357e+007, 3043, 5483.62, 1456, 728
385, 38411, 4.49992e+007, 1.68674e+007, 6.18666e+007, 3091, 5456.93, 1456, 727
386, 38511, 4.44888e+007, 1.67083e+007, 6.11971e+007, 3056, 5467.37, 1456, 728
387, 38611, 4.46322e+007, 1.67012e+007, 6.13335e+007, 3061, 5456.14, 1456, 728
388, 38711, 4.44585e+007, 1.65716e+007, 6.10301e+007, 3048, 5436.87, 1456, 728
389, 38811, 4.46286e+007, 1.67467e+007, 6.13753e+007, 3071, 5453.16, 1456, 728
390, 38911, 4.4702e+007, 1.67453e+007, 6.14473e+007, 3078, 5440.33, 1456, 728
391, 39011, 4.47341e+007, 1.67695e+007, 6.15036e+007, 3080, 5444.64, 1456, 728
392, 39111, 4.40563e+007, 1.65044e+007, 6.05607e+007, 3029, 5448.79, 1456, 728
393, 39211, 4.43163e+007, 1.65589e+007, 6.08752e+007, 3046, 5436.29, 1456, 728
394, 39311, 4.45289e+007, 1.67142e+007, 6.12431e+007, 3065, 5453.26, 1456, 728
395, 39411, 4.45772e+007, 1.6629e+007, 6.12062e+007, 3062, 5430.78, 1456, 728
396, 39511, 4.47432e+007, 1.67619e+007, 6.15051e+007, 3088, 5428.07, 1455, 728
397, 39611, 4.384e+007, 1.63263e+007, 6.01663e+007, 3012, 5420.43, 1456, 728
398, 39711, 4.44237e+007, 1.65663e+007, 6.099e+007, 3057, 5419.15, 1455, 728
399, 39811, 4.39728e+007, 1.63249e+007, 6.02977e+007, 3021, 5403.8, 1455, 728
400, 39911, 4.4265e+007, 1.64293e+007, 6.06943e+007, 3046, 5393.73, 1455, 728
401, 40011, 4.41051e+007, 1.64126e+007, 6.05177e+007, 3034, 5409.55, 1455, 728
402, 40111, 4.42111e+007, 1.64503e+007, 6.06614e+007, 3043, 5405.94, 1456, 728
403, 40211, 4.40594e+007, 1.63184e+007, 6.03778e+007, 3028, 5389.16, 1455, 728
404, 40311, 4.41382e+007, 1.63471e+007, 6.04853e+007, 3032, 5391.52, 1455, 728
405, 40411, 4.39551e+007, 1.63184e+007, 6.02735e+007, 3026, 5392.72, 1455, 728
406, 40511, 4.39168e+007, 1.62453e+007, 6.01621e+007, 3014, 5389.95, 1455, 728
407, 40611, 4.41316e+007, 1.63061e+007, 6.04378e+007, 3032, 5378.01, 1455, 728
408, 40711, 4.3492e+007, 1.61139e+007, 5.96058e+007, 2990, 5389.26, 1455, 728
409, 40811, 4.3561e+007, 1.6053e+007, 5.9614e+007, 2987, 5374.29, 1455, 728
410, 40911, 4.36454e+007, 1.61302e+007, 5.97756e+007, 3001, 5374.93, 1455, 728
411, 41011, 4.39419e+007, 1.62733e+007, 6.02152e+007, 3027, 5376.05, 1455, 728
412, 41111, 4.39344e+007, 1.62123e+007, 6.01467e+007, 3021, 5366.53, 1455, 728
413, 41211, 4.3958e+007, 1.62183e+007, 6.01763e+007, 3023, 5364.96, 1455, 728
414, 41311, 4.37562e+007, 1.61636e+007, 5.99198e+007, 3012, 5366.39, 1455, 728
415, 41411, 4.36998e+007, 1.60322e+007, 5.9732e+007, 2995, 5352.98, 1455, 728
416, 41511, 4.37492e+007, 1.60572e+007, 5.98064e+007, 3001, 5350.6, 1455, 728
417, 41611, 4.37031e+007, 1.60814e+007, 5.97844e+007, 3008, 5346.2, 1455, 728
418, 41711, 4.36705e+007, 1.60061e+007, 5.96767e+007, 2999, 5337.16, 1455, 728
419, 41811, 4.33251e+007, 1.59022e+007, 5.92273e+007, 2970, 5354.29, 1455, 728
420, 41911, 4.35849e+007, 1.60499e+007, 5.96349e+007, 2997, 5355.34, 1455, 728
421, 42011, 4.35805e+007, 1.59897e+007, 5.95702e+007, 2993, 5342.36, 1455, 728
422, 42111, 4.34973e+007, 1.59501e+007, 5.94475e+007, 2986, 5341.64, 1455, 728
423, 42211, 4.35492e+007, 1.58989e+007, 5.94481e+007, 2983, 5329.85, 1455, 728
424, 42311, 4.36621e+007, 1.59392e+007, 5.96012e+007, 2994, 5323.7, 1455, 728
425, 42411, 4.36828e+007, 1.59207e+007, 5.96035e+007, 2994, 5317.53, 1455, 728
426, 42511, 4.37766e+007, 1.60576e+007, 5.98342e+007, 3011, 5332.99, 1455, 728
427, 42611, 4.34915e+007, 1.58865e+007, 5.93781e+007, 2983, 5325.69, 1455, 728
428, 42711, 4.31784e+007, 1.57753e+007, 5.89537e+007, 2959, 5331.28, 1455, 728
429, 42811, 4.31229e+007, 1.57173e+007, 5.88401e+007, 2958, 5313.49, 1455, 728
430, 42911, 4.33491e+007, 1.58044e+007, 5.91535e+007, 2974, 5314.18, 1455, 728
431, 43011, 4.30442e+007, 1.56698e+007, 5.8714e+007, 2944, 5322.61, 1455, 728
432, 43111, 4.32274e+007, 1.57844e+007, 5.90118e+007, 2965, 5323.58, 1455, 728
433, 43211, 4.30411e+007, 1.5732e+007, 5.87731e+007, 2960, 5314.86, 1454, 728
434, 43311, 4.34115e+007, 1.5788e+007, 5.91995e+007, 2977, 5303.33, 1454, 728
435, 43411, 4.31996e+007, 1.56802e+007, 5.88797e+007, 2960, 5297.35, 1455, 728
436, 43511, 4.29968e+007, 1.56027e+007, 5.85995e+007, 2944, 5299.83, 1455, 728
437, 43611, 4.30124e+007, 1.56313e+007, 5.86437e+007, 2954, 5291.57, 1455, 728
438, 43711, 4.32357e+007, 1.56889e+007, 5.89246e+007, 2966, 5289.57, 1455, 728
439, 43811, 4.28596e+007, 1.55555e+007, 5.84152e+007, 2933, 5303.62, 1455, 728
440, 43911, 4.30335e+007, 1.55982e+007, 5.86317e+007, 2952, 5283.94, 1455, 728
441, 44011, 4.29351e+007, 1.55368e+007, 5.84719e+007, 2938, 5288.24, 1454, 728
442, 44111, 4.27265e+007, 1.54558e+007, 5.81823e+007, 2926, 5282.23, 1455, 728
443, 44211, 4.32009e+007, 1.55698e+007, 5.87708e+007, 2959, 5261.86, 1455, 726
444, 44311, 4.32284e+007, 1.56257e+007, 5.88541e+007, 2965, 5270.04, 1454, 728
445, 44411, 4.29111e+007, 1.55106e+007, 5.84217e+007, 2937, 5281.1, 1455, 729
446, 44511, 4.26968e+007, 1.55406e+007, 5.82374e+007, 2931, 5302.16, 1454, 729
447, 44611, 4.27156e+007, 1.54675e+007, 5.81831e+007, 2928, 5282.61, 1454, 729
448, 44711, 4.31166e+007, 1.55317e+007, 5.86483e+007, 2951, 5263.19, 1454, 728
449, 44811, 4.27718e+007, 1.54677e+007, 5.82395e+007, 2934, 5271.89, 1455, 729
450, 44911, 4.29028e+007, 1.55703e+007, 5.84731e+007, 2952, 5274.49, 1454, 729
451, 45011, 4.26107e+007, 1.53682e+007, 5.7979e+007, 2918, 5266.7, 1454, 729
452, 45111, 4.22264e+007, 1.52969e+007, 5.75234e+007, 2894, 5285.74, 1454, 729
453, 45211, 4.26496e+007, 1.53785e+007, 5.80281e+007, 2922, 5263.02, 1454, 729
454, 45311, 4.2292e+007, 1.52271e+007, 5.75191e+007, 2895, 5259.78, 1454, 729
455, 45411, 4.28006e+007, 1.54452e+007, 5.82458e+007, 2934, 5264.21, 1454, 729
456, 45511, 4.22892e+007, 1.52406e+007, 5.75298e+007, 2903, 5249.94, 1454, 729
457, 45611, 4.24535e+007, 1.52082e+007, 5.76617e+007, 2905, 5235.17, 1454, 729
458, 45711, 4.24753e+007, 1.53111e+007, 5.77863e+007, 2918, 5247.12, 1454, 729
459, 45811, 4.19684e+007, 1.51484e+007, 5.71168e+007, 2880, 5259.86, 1454, 729
460, 45911, 4.2124e+007, 1.50534e+007, 5.71774e+007, 2883, 5221.43, 1454, 729
461, 46011, 4.21059e+007, 1.50602e+007, 5.71661e+007, 2882, 5225.61, 1454, 729
462, 46111, 4.23877e+007, 1.52244e+007, 5.76121e+007, 2906, 5238.97, 1454, 729
463, 46211, 4.20406e+007, 1.50676e+007, 5.71082e+007, 2879, 5233.62, 1454, 729
464, 46311, 4.24362e+007, 1.52119e+007, 5.76481e+007, 2910, 5227.47, 1454, 729
465, 46411, 4.20544e+007, 1.50615e+007, 5.71159e+007, 2883, 5224.25, 1454, 729
466, 46511, 4.17709e+007, 1.504e+007, 5.68108e+007, 2872, 5236.76, 1454, 729
467, 46611, 4.2015e+007, 1.50168e+007, 5.70318e+007, 2880, 5214.16, 1454, 729
468, 46711, 4.17603e+007, 1.49187e+007, 5.6679e+007, 2861, 5214.51, 1454, 729
469, 46811, 4.23987e+007, 1.51951e+007, 5.75938e+007, 2917, 5209.14, 1454, 729
470, 46911, 4.20672e+007, 1.5048e+007, 5.71152e+007, 2888, 5210.54, 1454, 729
471, 47011, 4.18516e+007, 1.49502e+007, 5.68018e+007, 2870, 5209.14, 1453, 729
472, 47111, 4.16659e+007, 1.48701e+007, 5.6536e+007, 2861, 5197.52, 1455, 729
473, 47211, 4.19522e+007, 1.49498e+007, 5.69019e+007, 2878, 5194.5, 1454, 729
474, 47311, 4.15996e+007, 1.48784e+007, 5.6478e+007, 2859, 5204.07, 1454, 729
475, 47411, 4.17876e+007, 1.48794e+007, 5.6667e+007, 2866, 5191.7, 1454, 729
476, 47511, 4.14251e+007, 1.47492e+007, 5.61743e+007, 2841, 5191.54, 1453, 729
477, 47611, 4.16703e+007, 1.48466e+007, 5.65169e+007, 2863, 5185.68, 1454, 729
478, 47711, 4.1155e+007, 1.46882e+007, 5.58432e+007, 2826, 5197.52, 1454, 729
479, 47811, 4.14441e+007, 1.47569e+007, 5.6201e+007, 2846, 5185.15, 1454, 729
480, 47911, 4.10269e+007, 1.46231e+007, 5.565e+007, 2820, 5185.51, 1453, 729
481, 48011, 4.1075e+007, 1.45857e+007, 5.56607e+007, 2814, 5183.25, 1453, 729
482, 48111, 4.12739e+007, 1.46581e+007, 5.5932e+007, 2831, 5177.69, 1454, 729
483, 48211, 4.12695e+007, 1.46178e+007, 5.58873e+007, 2832, 5161.64, 1453, 729
484, 48311, 4.13359e+007, 1.46541e+007, 5.599e+007, 2835, 5168.99, 1454, 729
485, 48411, 4.12799e+007, 1.46647e+007, 5.59447e+007, 2836, 5170.93, 1453, 729
486, 48511, 4.13106e+007, 1.46811e+007, 5.59917e+007, 2841, 5167.58, 1453, 729
487, 48611, 4.10931e+007, 1.45728e+007, 5.56659e+007, 2823, 5162.17, 1453, 729
488, 48711, 4.09663e+007, 1.44964e+007, 5.54627e+007, 2815, 5149.7, 1453, 729
489, 48811, 4.07243e+007, 1.43997e+007, 5.51241e+007, 2792, 5157.49, 1454, 729
490, 48911, 4.1062e+007, 1.45307e+007, 5.55927e+007, 2818, 5156.39, 1453, 729
491, 49011, 4.07726e+007, 1.44119e+007, 5.51845e+007, 2798, 5150.78, 1453, 729
492, 49111, 4.10494e+007, 1.44791e+007, 5.55285e+007, 2816, 5141.72, 1453, 729
493, 49211, 4.08084e+007, 1.44702e+007, 5.52787e+007, 2806, 5156.89, 1453, 729
494, 49311, 4.10164e+007, 1.44358e+007, 5.54522e+007, 2812, 5133.63, 1453, 729
495, 49411, 4.05895e+007, 1.43742e+007, 5.49636e+007, 2790, 5152.03, 1453, 729
496, 49511, 4.07613e+007, 1.43633e+007, 5.51246e+007, 2799, 5131.58, 1453, 729
497, 49611, 4.06853e+007, 1.44096e+007, 5.50949e+007, 2794, 5157.33, 1453, 729
498, 49711, 4.07437e+007, 1.43198e+007, 5.50635e+007, 2792, 5128.87, 1453, 729
499, 49811, 4.05998e+007, 1.42756e+007, 5.48754e+007, 2784, 5127.74, 1453, 729
500, 49911, 4.04977e+007, 1.42128e+007, 5.47105e+007, 2775, 5121.72, 1453, 729
501, 50011, 4.06521e+007, 1.42848e+007, 5.49369e+007, 2787, 5125.5, 1453, 729
502, 50111, 4.04486e+007, 1.41873e+007, 5.4636e+007, 2773, 5116.24, 1453, 729
503, 50211, 4.0652e+007, 1.42843e+007, 5.49363e+007, 2791, 5117.98, 1453, 729
504, 50311, 4.03377e+007, 1.41481e+007, 5.44857e+007, 2764, 5118.69, 1453, 729
505, 50411, 4.02469e+007, 1.41279e+007, 5.43748e+007, 2757, 5124.36, 1453, 729
506, 50511, 4.07302e+007, 1.43437e+007, 5.50739e+007, 2797, 5128.25, 1453, 729
507, 50611, 4.07546e+007, 1.43282e+007, 5.50828e+007, 2801, 5115.38, 1453, 729
508, 50711, 4.02152e+007, 1.39852e+007, 5.42004e+007, 2752, 5081.82, 1435, 733
509, 50811, 4.05024e+007, 1.42209e+007, 5.47233e+007, 2781, 5113.59, 1453, 729
510, 50911, 4.00132e+007, 1.39528e+007, 5.3966e+007, 2736, 5099.7, 1452, 729
511, 51011, 4.0257e+007, 1.40901e+007, 5.43471e+007, 2764, 5097.72, 1452, 729
512, 51111, 3.96688e+007, 1.38282e+007, 5.34971e+007, 2714, 5095.15, 1453, 729
513, 51211, 4.00475e+007, 1.40335e+007, 5.4081e+007, 2745, 5112.38, 1453, 730
514, 51311, 4.02245e+007, 1.39901e+007, 5.42146e+007, 2758, 5072.57, 1451, 729
515, 51411, 4.04414e+007, 1.41025e+007, 5.45439e+007, 2775, 5081.98, 1453, 729
516, 51511, 4.02443e+007, 1.40028e+007, 5.42471e+007, 2757, 5078.99, 1452, 729
517, 51611, 3.98228e+007, 1.39151e+007, 5.37379e+007, 2731, 5095.24, 1452, 730
518, 51711, 3.98559e+007, 1.39009e+007, 5.37568e+007, 2729, 5093.78, 1452, 730
519, 51811, 3.98902e+007, 1.38925e+007, 5.37826e+007, 2736, 5077.65, 1453, 729
520, 51911, 3.98386e+007, 1.39789e+007, 5.38175e+007, 2740, 5101.78, 1453, 730
521, 52011, 3.98979e+007, 1.39236e+007, 5.38216e+007, 2736, 5089.05, 1452, 730
522, 52111, 4.00383e+007, 1.39835e+007, 5.40218e+007, 2748, 5088.63, 1453, 730
523, 52211, 3.96466e+007, 1.37553e+007, 5.34019e+007, 2712, 5072, 1452, 729
524, 52311, 3.94688e+007, 1.36823e+007, 5.31511e+007, 2701, 5065.65, 1452, 730
525, 52411, 3.99186e+007, 1.38928e+007, 5.38114e+007, 2739, 5072.22, 1452, 730
526, 52511, 3.96077e+007, 1.37681e+007, 5.33758e+007, 2716, 5069.26, 1452, 730
527, 52611, 3.95534e+007, 1.36075e+007, 5.31609e+007, 2704, 5032.37, 1452, 729
528, 52711, 3.97264e+007, 1.3732e+007, 5.34584e+007, 2717, 5054.11, 1452, 730
529, 52811, 3.9792e+007, 1.38557e+007, 5.36478e+007, 2732, 5071.65, 1452, 730
530, 52911, 3.93389e+007, 1.34922e+007, 5.28311e+007, 2687, 5021.29, 1433, 733
531, 53011, 3.93097e+007, 1.36207e+007, 5.29304e+007, 2694, 5055.95, 1451, 730
532, 53111, 3.95362e+007, 1.37058e+007, 5.3242e+007, 2711, 5055.64, 1452, 730
533, 53211, 3.9375e+007, 1.35682e+007, 5.29433e+007, 2693, 5038.33, 1452, 730
534, 53311, 3.93302e+007, 1.36248e+007, 5.2955e+007, 2694, 5057.47, 1452, 730
535, 53411, 3.92211e+007, 1.35633e+007, 5.27844e+007, 2686, 5049.61, 1452, 730
536, 53511, 3.96778e+007, 1.38096e+007, 5.34875e+007, 2729, 5060.33, 1452, 730
537, 53611, 3.95731e+007, 1.36831e+007, 5.32561e+007, 2712, 5045.38, 1452, 730
538, 53711, 3.91657e+007, 1.35583e+007, 5.2724e+007, 2686, 5047.75, 1452, 730
539, 53811, 3.95038e+007, 1.36202e+007, 5.3124e+007, 2709, 5027.76, 1453, 728
540, 53911, 3.90114e+007, 1.3397e+007, 5.24084e+007, 2671, 5015.72, 1434, 734
541, 54011, 3.94241e+007, 1.36125e+007, 5.30367e+007, 2703, 5036.08, 1452, 730
542, 54111, 3.92139e+007, 1.35366e+007, 5.27505e+007, 2690, 5032.19, 1452, 730
543, 54211, 3.9169e+007, 1.34988e+007, 5.26679e+007, 2684, 5029.37, 1451, 730
544, 54311, 3.88551e+007, 1.34532e+007, 5.23083e+007, 2667, 5044.33, 1452, 730
545, 54411, 3.91859e+007, 1.34194e+007, 5.26053e+007, 2682, 5003.5, 1452, 728
546, 54511, 3.92641e+007, 1.35588e+007, 5.28229e+007, 2701, 5019.91, 1452, 730
547, 54611, 3.91671e+007, 1.34287e+007, 5.25958e+007, 2684, 5003.25, 1451, 730
548, 54711, 3.89489e+007, 1.33764e+007, 5.23253e+007, 2673, 5004.26, 1451, 730
549, 54811, 3.84363e+007, 1.32032e+007, 5.16395e+007, 2631, 5018.32, 1451, 730
550, 54911, 3.86937e+007, 1.33164e+007, 5.20101e+007, 2654, 5017.5, 1451, 730
551, 55011, 3.89264e+007, 1.33663e+007, 5.22927e+007, 2668, 5009.86, 1451, 730
552, 55111, 3.88293e+007, 1.33506e+007, 5.21799e+007, 2663, 5013.38, 1451, 731
553, 55211, 3.83835e+007, 1.31914e+007, 5.15749e+007, 2634, 5008.13, 1451, 730
554, 55311, 3.87476e+007, 1.33355e+007, 5.20832e+007, 2660, 5013.36, 1451, 730
555, 55411, 3.8566e+007, 1.31669e+007, 5.17329e+007, 2639, 4989.36, 1451, 730
556, 55511, 3.8931e+007, 1.33313e+007, 5.22623e+007, 2670, 4992.99, 1451, 730
557, 55611, 3.87383e+007, 1.32176e+007, 5.1956e+007, 2650, 4987.79, 1450, 730
558, 55711, 3.83572e+007, 1.31347e+007, 5.14919e+007, 2630, 4994.19, 1451, 730
559, 55811, 3.91245e+007, 1.34361e+007, 5.25606e+007, 2687, 5000.41, 1451, 731
560, 55911, 3.88147e+007, 1.32951e+007, 5.21098e+007, 2662, 4994.4, 1451, 731
561, 56011, 3.85409e+007, 1.3159e+007, 5.16999e+007, 2645, 4975.03, 1432, 734
562, 56111, 3.83012e+007, 1.31223e+007, 5.14234e+007, 2628, 4993.26, 1450, 731
563, 56211, 3.83081e+007, 1.30613e+007, 5.13694e+007, 2623, 4979.54, 1451, 730
564, 56311, 3.85106e+007, 1.31501e+007, 5.16607e+007, 2639, 4982.97, 1450, 731
565, 56411, 3.79033e+007, 1.29681e+007, 5.08714e+007, 2598, 4991.58, 1451, 731
566, 56511, 3.8243e+007, 1.31304e+007, 5.13735e+007, 2628, 4996.36, 1450, 731
567, 56611, 3.80145e+007, 1.29451e+007, 5.09596e+007, 2601, 4976.99, 1449, 730
568, 56711, 3.79466e+007, 1.28774e+007, 5.08241e+007, 2595, 4962.41, 1450, 731
569, 56811, 3.78791e+007, 1.29648e+007, 5.08439e+007, 2602, 4982.62, 1450, 731
570, 56911, 3.85568e+007, 1.30946e+007, 5.16514e+007, 2641, 4958.18, 1450, 731
571, 57011, 3.8076e+007, 1.29613e+007, 5.10373e+007, 2610, 4966, 1450, 731
572, 57111, 3.79092e+007, 1.28878e+007, 5.07971e+007, 2596, 4964.5, 1450, 731
573, 57211, 3.81277e+007, 1.29479e+007, 5.10756e+007, 2614, 4953.29, 1450, 731
574, 57311, 3.79093e+007, 1.28209e+007, 5.07302e+007, 2596, 4938.7, 1432, 735
575, 57411, 3.82434e+007, 1.30069e+007, 5.12503e+007, 2625, 4955.02, 1450, 731
576, 57511, 3.77657e+007, 1.28092e+007, 5.05749e+007, 2586, 4953.29, 1450, 731
577, 57611, 3.78258e+007, 1.29146e+007, 5.07404e+007, 2597, 4972.89, 1450, 731
578, 57711, 3.75072e+007, 1.26991e+007, 5.02063e+007, 2570, 4941.29, 1450, 731
579, 57811, 3.77961e+007, 1.28767e+007, 5.06728e+007, 2595, 4962.12, 1450, 731
580, 57911, 3.76699e+007, 1.27623e+007, 5.04321e+007, 2583, 4940.88, 1450, 731
581, 58011, 3.75371e+007, 1.26555e+007, 5.01926e+007, 2568, 4928.15, 1432, 735
582, 58111, 3.74909e+007, 1.25943e+007, 5.00852e+007, 2563, 4913.87, 1432, 735
583, 58211, 3.76446e+007, 1.27268e+007, 5.03714e+007, 2578, 4936.71, 1449, 731
584, 58311, 3.74105e+007, 1.2709e+007, 5.01194e+007, 2567, 4950.9, 1450, 731
585, 58411, 3.76753e+007, 1.27136e+007, 5.03889e+007, 2585, 4918.21, 1432, 735
586, 58511, 3.74744e+007, 1.26577e+007, 5.01321e+007, 2570, 4925.16, 1449, 731
587, 58611, 3.7548e+007, 1.26417e+007, 5.01897e+007, 2573, 4913.21, 1449, 731
588, 58711, 3.76322e+007, 1.27348e+007, 5.0367e+007, 2581, 4934.06, 1450, 731
589, 58811, 3.73299e+007, 1.25522e+007, 4.98821e+007, 2559, 4905.13, 1431, 735
590, 58911, 3.77714e+007, 1.27923e+007, 5.05637e+007, 2598, 4923.91, 1449, 731
591, 59011, 3.70439e+007, 1.24076e+007, 4.94515e+007, 2535, 4894.5, 1431, 735
592, 59111, 3.76552e+007, 1.26124e+007, 5.02676e+007, 2579, 4890.42, 1431, 735
593, 59211, 3.71065e+007, 1.25605e+007, 4.9667e+007, 2544, 4937.31, 1449, 732
594, 59311, 3.69284e+007, 1.24516e+007, 4.93801e+007, 2529, 4923.54, 1449, 732
595, 59411, 3.7811e+007, 1.2655e+007, 5.04659e+007, 2588, 4889.86, 1431, 735
596, 59511, 3.71547e+007, 1.24543e+007, 4.9609e+007, 2544, 4895.56, 1431, 735
597, 59611, 3.74707e+007, 1.24969e+007, 4.99675e+007, 2561, 4879.68, 1431, 735
598, 59711, 3.70686e+007, 1.24849e+007, 4.95535e+007, 2541, 4913.37, 1449, 732
599, 59811, 3.7569e+007, 1.27282e+007, 5.02972e+007, 2582, 4929.59, 1449, 732
600, 59911, 3.74382e+007, 1.26562e+007, 5.00943e+007, 2573, 4918.83, 1448, 732