2, 100, 9.03562e+007, 4.36131e+007, 1.33969e+008, 6450, 6761.72, 1413, 554
3, 200, 9.03209e+007, 4.34059e+007, 1.33727e+008, 6421, 6759.99, 1413, 554
4, 300, 9.01818e+007, 4.35197e+007, 1.33702e+008, 6426, 6772.45, 1414, 554
5, 400, 9.03271e+007, 4.32961e+007, 1.33623e+008, 6421, 6742.89, 1414, 554
6, 500, 9.01497e+007, 4.34144e+007, 1.33564e+008, 6417, 6765.53, 1414, 554
7, 600, 9.03781e+007, 4.33659e+007, 1.33744e+008, 6435, 6739.07, 1414, 554
8, 700, 9.04749e+007, 4.32925e+007, 1.33767e+008, 6428, 6734.99, 1413, 554
9, 800, 9.02193e+007, 4.30377e+007, 1.33257e+008, 6425, 6698.47, 1413, 554
10, 900, 8.96941e+007, 4.26946e+007, 1.32389e+008, 6389, 6682.51, 1413, 554
11, 1000, 8.95074e+007, 4.26429e+007, 1.3215e+008, 6373, 6691.18, 1413, 554
12, 1100, 8.92476e+007, 4.22606e+007, 1.31508e+008, 6331, 6675.18, 1413, 554
13, 1200, 8.93743e+007, 4.22851e+007, 1.31659e+008, 6347, 6662.21, 1413, 554
14, 1300, 8.91831e+007, 4.22293e+007, 1.31412e+008, 6339, 6661.82, 1413, 554
15, 1400, 8.9461e+007, 4.23102e+007, 1.31771e+008, 6359, 6653.59, 1413, 554
16, 1500, 8.94345e+007, 4.20823e+007, 1.31517e+008, 6350, 6627.13, 1413, 554
17, 1600, 8.89944e+007, 4.18088e+007, 1.30803e+008, 6303, 6633.15, 1413, 554
18, 1700, 8.91456e+007, 4.19381e+007, 1.31084e+008, 6327, 6628.43, 1413, 554
19, 1800, 8.89913e+007, 4.18196e+007, 1.30811e+008, 6311, 6626.47, 1413, 554
20, 1900, 8.91312e+007, 4.1855e+007, 1.30986e+008, 6327, 6615.3, 1413, 554
21, 2000, 8.87685e+007, 4.15123e+007, 1.30281e+008, 6292, 6597.64, 1413, 554
22, 2100, 8.92235e+007, 4.16306e+007, 1.30854e+008, 6316, 6591.29, 1413, 554
23, 2200, 8.88094e+007, 4.12297e+007, 1.30039e+008, 6277, 6568.38, 1413, 553
24, 2300, 8.88868e+007, 4.13905e+007, 1.30277e+008, 6288, 6582.47, 1413, 554
25, 2400, 8.86985e+007, 4.11058e+007, 1.29804e+008, 6263, 6563.28, 1413, 553
26, 2500, 8.8821e+007, 4.11527e+007, 1.29974e+008, 6267, 6566.57, 1413, 553
27, 2600, 8.8693e+007, 4.11783e+007, 1.29871e+008, 6268, 6569.61, 1413, 553
28, 2700, 8.91916e+007, 4.12223e+007, 1.30414e+008, 6297, 6546.34, 1413, 553
29, 2800, 8.89642e+007, 4.11271e+007, 1.30091e+008, 6293, 6535.38, 1413, 553
30, 2900, 8.87354e+007, 4.08325e+007, 1.29568e+008, 6255, 6527.98, 1413, 553
31, 3000, 8.89476e+007, 4.10606e+007, 1.30008e+008, 6291, 6526.88, 1413, 554
32, 3100, 8.87777e+007, 4.07969e+007, 1.29575e+008, 6257, 6520.2, 1413, 553
33, 3200, 8.87944e+007, 4.0968e+007, 1.29762e+008, 6274, 6529.8, 1413, 554
34, 3300, 8.84838e+007, 4.06891e+007, 1.29173e+008, 6237, 6523.82, 1413, 554
35, 3400, 8.88622e+007, 4.07525e+007, 1.29615e+008, 6264, 6505.83, 1413, 553
36, 3500, 8.89917e+007, 4.07296e+007, 1.29721e+008, 6282, 6483.53, 1413, 553
37, 3600, 8.86817e+007, 4.05904e+007, 1.29272e+008, 6249, 6495.51, 1413, 554
38, 3700, 8.88589e+007, 4.07474e+007, 1.29606e+008, 6271, 6497.76, 1413, 554
39, 3800, 8.89883e+007, 4.07259e+007, 1.29714e+008, 6276, 6489.15, 1413, 554
40, 3900, 8.8681e+007, 4.03667e+007, 1.29048e+008, 6228, 6481.49, 1413, 553
41, 4000, 8.87248e+007, 4.03156e+007, 1.2904e+008, 6241, 6459.8, 1413, 553
42, 4100, 8.89479e+007, 4.04746e+007, 1.29422e+008, 6259, 6466.62, 1413, 554
43, 4200, 8.88223e+007, 4.03406e+007, 1.29163e+008, 6246, 6458.63, 1413, 554
44, 4300, 8.85609e+007, 4.0162e+007, 1.28723e+008, 6223, 6453.79, 1413, 553
45, 4400, 8.86803e+007, 4.01005e+007, 1.28781e+008, 6224, 6442.89, 1413, 554
46, 4500, 8.89473e+007, 4.03031e+007, 1.2925e+008, 6256, 6442.32, 1413, 554
47, 4600, 8.84882e+007, 3.98281e+007, 1.28316e+008, 6199, 6424.93, 1413, 553
48, 4700, 8.85574e+007, 3.99434e+007, 1.28501e+008, 6215, 6426.93, 1413, 554
49, 4800, 8.83426e+007, 3.96342e+007, 1.27977e+008, 6180, 6413.3, 1413, 554
50, 4900, 8.85221e+007, 3.98355e+007, 1.28358e+008, 6213, 6411.64, 1413, 554
51, 5000, 8.85591e+007, 3.96397e+007, 1.28199e+008, 6197, 6396.59, 1413, 554
52, 5100, 8.84773e+007, 3.97585e+007, 1.28236e+008, 6200, 6412.66, 1413, 554
53, 5200, 8.84348e+007, 3.96306e+007, 1.28065e+008, 6188, 6404.44, 1413, 554
54, 5300, 8.8453e+007, 3.95893e+007, 1.28042e+008, 6198, 6387.43, 1413, 553
55, 5400, 8.82099e+007, 3.94153e+007, 1.27625e+008, 6181, 6376.85, 1413, 553
56, 5500, 8.84297e+007, 3.93892e+007, 1.27819e+008, 6189, 6364.38, 1413, 553
57, 5600, 8.83116e+007, 3.92053e+007, 1.27517e+008, 6171, 6353.15, 1413, 553
58, 5700, 8.83276e+007, 3.92753e+007, 1.27603e+008, 6184, 6351.11, 1413, 553
59, 5800, 8.83497e+007, 3.93182e+007, 1.27668e+008, 6183, 6359.09, 1413, 554
60, 5900, 8.82685e+007, 3.91407e+007, 1.27409e+008, 6172, 6341.66, 1413, 553
61, 6000, 8.80616e+007, 3.897e+007, 1.27032e+008, 6143, 6343.8, 1413, 554
62, 6100, 8.8343e+007, 3.91539e+007, 1.27497e+008, 6177, 6338.66, 1413, 554
63, 6200, 8.79789e+007, 3.88751e+007, 1.26854e+008, 6140, 6331.45, 1413, 553
64, 6300, 8.80992e+007, 3.88169e+007, 1.26916e+008, 6143, 6318.88, 1413, 553
65, 6400, 8.827e+007, 3.88597e+007, 1.2713e+008, 6159, 6309.42, 1413, 553
66, 6500, 8.81966e+007, 3.88353e+007, 1.27032e+008, 6158, 6306.47, 1413, 553
67, 6600, 8.82914e+007, 3.88488e+007, 1.2714e+008, 6162, 6304.58, 1413, 553
68, 6700, 8.80002e+007, 3.86605e+007, 1.26661e+008, 6135, 6301.62, 1413, 553
69, 6800, 8.82482e+007, 3.86527e+007, 1.26901e+008, 6152, 6282.95, 1413, 553
70, 6900, 8.78203e+007, 3.84562e+007, 1.26277e+008, 6112, 6291.91, 1413, 553
71, 7000, 8.81947e+007, 3.86226e+007, 1.26817e+008, 6148, 6282.15, 1413, 553
72, 7100, 8.79533e+007, 3.84531e+007, 1.26406e+008, 6123, 6280.11, 1413, 553
73, 7200, 8.78603e+007, 3.8185e+007, 1.26045e+008, 6098, 6261.9, 1413, 553
74, 7300, 8.81086e+007, 3.84367e+007, 1.26545e+008, 6138, 6262.09, 1413, 553
75, 7400, 8.78227e+007, 3.83293e+007, 1.26152e+008, 6114, 6269.1, 1413, 553
76, 7500, 8.79694e+007, 3.82858e+007, 1.26255e+008, 6111, 6265.06, 1413, 553
77, 7600, 8.80919e+007, 3.83156e+007, 1.26407e+008, 6123, 6257.65, 1413, 553
78, 7700, 8.79322e+007, 3.8144e+007, 1.26076e+008, 6115, 6237.77, 1412, 553
79, 7800, 8.87113e+007, 3.73743e+007, 1.26086e+008, 6111, 6115.9, 1410, 540
80, 7900, 8.73735e+007, 3.75777e+007, 1.24951e+008, 6039, 6222.5, 1412, 553
81, 8000, 8.77989e+007, 3.80373e+007, 1.25836e+008, 6103, 6232.56, 1412, 554
82, 8100, 8.80832e+007, 3.80302e+007, 1.26113e+008, 6112, 6222.23, 1412, 554
83, 8200, 8.78552e+007, 3.78402e+007, 1.25695e+008, 6087, 6216.56, 1412, 553
84, 8300, 8.78557e+007, 3.78518e+007, 1.25707e+008, 6081, 6224.61, 1412, 554
85, 8400, 8.81218e+007, 3.80835e+007, 1.26205e+008, 6095, 6248.32, 1412, 554
86, 8500, 8.89398e+007, 3.84326e+007, 1.27372e+008, 6154, 6245.14, 1412, 554
87, 8600, 8.89306e+007, 3.84249e+007, 1.27356e+008, 6156, 6241.86, 1412, 554
88, 8700, 8.88919e+007, 3.82128e+007, 1.27105e+008, 6142, 6221.56, 1412, 554
89, 8801, 8.84434e+007, 3.80147e+007, 1.26458e+008, 6105, 6226.81, 1412, 554
90, 8901, 8.85521e+007, 3.78923e+007, 1.26444e+008, 6104, 6207.77, 1412, 553
91, 9001, 8.85534e+007, 3.7921e+007, 1.26474e+008, 6107, 6209.43, 1412, 554
92, 9101, 8.85139e+007, 3.77325e+007, 1.26246e+008, 6088, 6197.84, 1411, 554
93, 9201, 8.86851e+007, 3.77752e+007, 1.2646e+008, 6102, 6190.63, 1411, 554
94, 9301, 8.83197e+007, 3.76835e+007, 1.26003e+008, 6083, 6194.89, 1412, 554
95, 9401, 8.84014e+007, 3.76466e+007, 1.26048e+008, 6091, 6180.69, 1411, 554
96, 9501, 8.86628e+007, 3.76616e+007, 1.26324e+008, 6106, 6167.96, 1411, 554
97, 9601, 8.83642e+007, 3.7453e+007, 1.25817e+008, 6075, 6165.1, 1411, 554
98, 9701, 8.86103e+007, 3.76237e+007, 1.26234e+008, 6110, 6157.72, 1411, 554
99, 9801, 8.84304e+007, 3.7516e+007, 1.25946e+008, 6092, 6158.24, 1411, 554
100, 9901, 8.97466e+007, 3.62038e+007, 1.2595e+008, 6096, 5938.94, 1409, 533
101, 10001, 8.80653e+007, 3.71998e+007, 1.25265e+008, 6051, 6147.71, 1411, 553
102, 10101, 8.7388e+007, 3.56842e+007, 1.23072e+008, 5961, 5986.28, 1412, 553
103, 10201, 8.66851e+007, 3.48086e+007, 1.21494e+008, 5905, 5894.77, 1412, 553
104, 10301, 8.67621e+007, 3.4599e+007, 1.21361e+008, 5906, 5858.29, 1412, 552
105, 10401, 8.64561e+007, 3.41959e+007, 1.20652e+008, 5872, 5823.56, 1412, 552
106, 10501, 8.59096e+007, 3.37309e+007, 1.19641e+008, 5811, 5804.67, 1412, 552
107, 10601, 8.57418e+007, 3.35872e+007, 1.19329e+008, 5805, 5785.91, 1412, 552
108, 10701, 8.5926e+007, 3.37046e+007, 1.19631e+008, 5814, 5797.14, 1412, 553
109, 10801, 8.63931e+007, 3.33011e+007, 1.19694e+008, 5830, 5712.03, 1411, 547
110, 10901, 8.62863e+007, 3.37772e+007, 1.20064e+008, 5853, 5770.92, 1412, 553
111, 11001, 8.64758e+007, 3.36308e+007, 1.20107e+008, 5849, 5749.85, 1412, 552
112, 11101, 8.64221e+007, 3.35624e+007, 1.19984e+008, 5846, 5741.08, 1412, 552
113, 11201, 8.66047e+007, 3.36644e+007, 1.20269e+008, 5851, 5753.62, 1412, 553
114, 11301, 8.66137e+007, 3.33363e+007, 1.1995e+008, 5833, 5715.12, 1411, 552
115, 11401, 8.63313e+007, 3.32667e+007, 1.19598e+008, 5821, 5714.95, 1411, 552
116, 11501, 8.61673e+007, 3.32071e+007, 1.19374e+008, 5804, 5721.42, 1411, 553
117, 11601, 8.58491e+007, 3.31732e+007, 1.19022e+008, 5785, 5734.35, 1412, 553
118, 11701, 8.64636e+007, 3.32653e+007, 1.19729e+008, 5823, 5712.74, 1411, 553
119, 11801, 8.65062e+007, 3.31703e+007, 1.19677e+008, 5821, 5698.39, 1411, 553
120, 11901, 8.63114e+007, 3.30276e+007, 1.19339e+008, 5809, 5685.58, 1411, 553
121, 12001, 8.64475e+007, 3.31755e+007, 1.19623e+008, 5827, 5693.4, 1411, 553
122, 12101, 8.63503e+007, 3.30488e+007, 1.19399e+008, 5807, 5691.2, 1411, 553
123, 12201, 8.6639e+007, 3.30607e+007, 1.197e+008, 5829, 5671.76, 1411, 553
124, 12301, 8.6657e+007, 3.31144e+007, 1.19771e+008, 5832, 5678.04, 1411, 553
125, 12401, 8.65325e+007, 3.29993e+007, 1.19532e+008, 5818, 5671.93, 1411, 553
126, 12501, 8.68027e+007, 3.30903e+007, 1.19893e+008, 5840, 5666.15, 1411, 553
127, 12601, 8.71867e+007, 3.33355e+007, 1.20522e+008, 5878, 5671.24, 1411, 554
128, 12701, 8.6623e+007, 3.28577e+007, 1.19481e+008, 5814, 5651.47, 1411, 553
129, 12801, 8.69535e+007, 3.30405e+007, 1.19994e+008, 5835, 5662.46, 1411, 554
130, 12901, 8.68461e+007, 3.30116e+007, 1.19858e+008, 5832, 5660.42, 1411, 554
131, 13001, 8.71371e+007, 3.30368e+007, 1.20174e+008, 5847, 5650.21, 1411, 554
132, 13101, 8.67034e+007, 3.2998e+007, 1.19701e+008, 5828, 5661.97, 1411, 554
133, 13201, 8.66466e+007, 3.25778e+007, 1.19224e+008, 5785, 5631.43, 1411, 554
134, 13301, 8.69869e+007, 3.28742e+007, 1.19861e+008, 5833, 5635.9, 1411, 554
135, 13401, 8.65851e+007, 3.27165e+007, 1.19302e+008, 5807, 5633.98, 1411, 554
136, 13501, 8.6502e+007, 3.26568e+007, 1.19159e+008, 5795, 5635.34, 1411, 554
137, 13601, 8.62697e+007, 3.24666e+007, 1.18736e+008, 5781, 5616.08, 1411, 554
138, 13701, 8.59947e+007, 3.21334e+007, 1.18128e+008, 5739, 5599.12, 1411, 553
139, 13801, 8.60258e+007, 3.22942e+007, 1.1832e+008, 5762, 5604.68, 1411, 554
140, 13901, 8.5499e+007, 3.20805e+007, 1.17579e+008, 5722, 5606.51, 1411, 554
141, 14001, 8.61175e+007, 3.2232e+007, 1.18349e+008, 5758, 5597.77, 1411, 554
142, 14101, 8.6266e+007, 3.09147e+007, 1.17181e+008, 5703, 5420.79, 1408, 537
143, 14201, 8.56007e+007, 3.19789e+007, 1.1758e+008, 5732, 5579.01, 1411, 553
144, 14301, 8.55518e+007, 3.19609e+007, 1.17513e+008, 5727, 5580.73, 1411, 554
145, 14401, 8.51256e+007, 3.19405e+007, 1.17066e+008, 5711, 5592.8, 1411, 554
146, 14501, 8.61198e+007, 3.08843e+007, 1.17004e+008, 5695, 5423.06, 1408, 540
147, 14601, 8.51929e+007, 3.17502e+007, 1.16943e+008, 5700, 5570.21, 1411, 553
148, 14701, 8.50125e+007, 3.16123e+007, 1.16625e+008, 5681, 5564.57, 1411, 553
149, 14801, 8.49882e+007, 3.15947e+007, 1.16583e+008, 5677, 5565.38, 1411, 553
150, 14901, 8.51447e+007, 3.15887e+007, 1.16733e+008, 5693, 5548.69, 1411, 553
151, 15001, 8.47464e+007, 3.14591e+007, 1.16206e+008, 5667, 5551.28, 1411, 553
152, 15101, 8.50484e+007, 3.15826e+007, 1.16631e+008, 5696, 5544.7, 1411, 553
153, 15201, 8.49853e+007, 3.14042e+007, 1.1639e+008, 5677, 5531.83, 1411, 553
154, 15301, 8.48784e+007, 3.12656e+007, 1.16144e+008, 5658, 5525.9, 1411, 553
155, 15401, 8.44348e+007, 3.11131e+007, 1.15548e+008, 5628, 5528.26, 1411, 553
156, 15501, 8.44015e+007, 3.10919e+007, 1.15493e+008, 5632, 5520.59, 1411, 553
157, 15601, 8.43057e+007, 3.09438e+007, 1.1525e+008, 5623, 5503.09, 1411, 553
158, 15701, 8.4568e+007, 3.09539e+007, 1.15522e+008, 5632, 5496.07, 1410, 553
159, 15801, 8.4565e+007, 3.10813e+007, 1.15646e+008, 5644, 5506.96, 1411, 553
160, 15901, 8.43822e+007, 3.08823e+007, 1.15265e+008, 5625, 5490.19, 1410, 553
161, 16001, 8.41807e+007, 3.06691e+007, 1.1485e+008, 5603, 5473.7, 1410, 553
162, 16101, 8.42475e+007, 3.08733e+007, 1.15121e+008, 5620, 5493.47, 1411, 553
163, 16201, 8.44372e+007, 3.08765e+007, 1.15314e+008, 5634, 5480.39, 1410, 553
164, 16301, 8.43488e+007, 3.0807e+007, 1.15156e+008, 5629, 5472.91, 1410, 553
165, 16401, 8.41574e+007, 3.07016e+007, 1.14859e+008, 5606, 5476.55, 1410, 553
166, 16501, 8.41675e+007, 3.06793e+007, 1.14847e+008, 5613, 5465.76, 1410, 554
167, 16601, 8.4421e+007, 3.07526e+007, 1.15174e+008, 5628, 5464.21, 1410, 553
168, 16701, 8.40615e+007, 3.05586e+007, 1.1462e+008, 5592, 5464.7, 1410, 554
169, 16801, 8.40085e+007, 3.04025e+007, 1.14411e+008, 5583, 5445.56, 1410, 553
170, 16901, 8.3787e+007, 3.03525e+007, 1.14139e+008, 5568, 5451.23, 1410, 553
171, 17001, 8.42289e+007, 3.05099e+007, 1.14739e+008, 5604, 5444.31, 1410, 553
172, 17101, 8.38925e+007, 3.03677e+007, 1.1426e+008, 5586, 5436.39, 1410, 553
173, 17201, 8.37191e+007, 3.01979e+007, 1.13917e+008, 5554, 5437.15, 1410, 554
174, 17301, 8.34258e+007, 3.02132e+007, 1.13639e+008, 5549, 5444.8, 1410, 554
175, 17401, 8.37839e+007, 3.02529e+007, 1.14037e+008, 5573, 5428.48, 1410, 553
176, 17502, 8.28757e+007, 2.98099e+007, 1.12686e+008, 5514, 5406.22, 1410, 553
177, 17601, 8.24512e+007, 2.97011e+007, 1.12152e+008, 5496, 5404.13, 1410, 553
178, 17701, 8.24475e+007, 2.9593e+007, 1.12041e+008, 5482, 5398.21, 1410, 553
179, 17801, 8.2727e+007, 2.97245e+007, 1.12451e+008, 5507, 5397.58, 1410, 553
180, 17901, 8.26901e+007, 2.95706e+007, 1.12261e+008, 5499, 5377.44, 1410, 553
181, 18001, 8.28211e+007, 2.97736e+007, 1.12595e+008, 5523, 5390.84, 1410, 554
182, 18101, 8.23637e+007, 2.94492e+007, 1.11813e+008, 5472, 5381.8, 1410, 553
183, 18201, 8.21722e+007, 2.93896e+007, 1.11562e+008, 5463, 5379.76, 1410, 553
184, 18301, 8.20288e+007, 2.92504e+007, 1.11279e+008, 5449, 5368.02, 1410, 553
185, 18401, 8.23614e+007, 2.93362e+007, 1.11698e+008, 5475, 5358.21, 1410, 553
186, 18501, 8.1904e+007, 2.91477e+007, 1.11052e+008, 5441, 5357.05, 1410, 553
187, 18601, 8.17931e+007, 2.91571e+007, 1.1095e+008, 5447, 5352.88, 1410, 553
188, 18701, 8.13524e+007, 2.89902e+007, 1.10343e+008, 5404, 5364.59, 1410, 553
189, 18800, 8.15286e+007, 2.89642e+007, 1.10493e+008, 5416, 5347.89, 1410, 553
190, 18900, 8.12887e+007, 2.8826e+007, 1.10115e+008, 5389, 5349.05, 1410, 553
191, 19000, 8.13744e+007, 2.88493e+007, 1.10224e+008, 5403, 5339.5, 1410, 553
192, 19101, 8.12852e+007, 2.86713e+007, 1.09957e+008, 5389, 5320.34, 1410, 553
193, 19201, 8.21493e+007, 2.79811e+007, 1.1013e+008, 5402, 5179.76, 1407, 539
194, 19310, 8.1198e+007, 2.86077e+007, 1.09806e+008, 5381, 5316.43, 1410, 553
195, 19401, 8.08705e+007, 2.84982e+007, 1.09369e+008, 5353, 5323.78, 1410, 553
196, 19500, 8.13001e+007, 2.86969e+007, 1.09997e+008, 5392, 5322.12, 1410, 553
197, 19600, 8.0712e+007, 2.83598e+007, 1.09072e+008, 5341, 5309.83, 1410, 553
198, 19700, 8.10949e+007, 2.85721e+007, 1.09667e+008, 5376, 5314.75, 1410, 553
199, 19800, 8.04626e+007, 2.81887e+007, 1.08651e+008, 5316, 5302.61, 1410, 553
200, 19900, 8.03923e+007, 2.81457e+007, 1.08538e+008, 5313, 5297.51, 1410, 553
201, 20010, 8.10508e+007, 2.83617e+007, 1.09412e+008, 5367, 5284.45, 1409, 553
202, 20110, 8.04705e+007, 2.8153e+007, 1.08624e+008, 5325, 5286.96, 1409, 553
203, 20210, 8.04776e+007, 2.81258e+007, 1.08603e+008, 5334, 5272.94, 1409, 553
204, 20310, 8.01805e+007, 2.79299e+007, 1.0811e+008, 5303, 5266.81, 1409, 553
205, 20410, 8.00264e+007, 2.78707e+007, 1.07897e+008, 5290, 5268.56, 1409, 553
206, 20510, 8.041e+007, 2.79671e+007, 1.08377e+008, 5310, 5266.88, 1409, 553
207, 20610, 7.98348e+007, 2.7717e+007, 1.07552e+008, 5278, 5251.41, 1409, 552
208, 20710, 7.98978e+007, 2.77562e+007, 1.07654e+008, 5279, 5257.86, 1409, 553
209, 20810, 7.9922e+007, 2.76437e+007, 1.07566e+008, 5274, 5241.5, 1409, 552
210, 20910, 7.98929e+007, 2.76557e+007, 1.07549e+008, 5276, 5241.79, 1409, 552
211, 21010, 7.97995e+007, 2.76445e+007, 1.07444e+008, 5273, 5242.64, 1409, 553
212, 21110, 7.95789e+007, 2.75258e+007, 1.07105e+008, 5260, 5233.05, 1409, 553
213, 21210, 7.97176e+007, 2.74176e+007, 1.07135e+008, 5250, 5222.39, 1409, 552
214, 21310, 7.97621e+007, 2.74127e+007, 1.07175e+008, 5257, 5214.51, 1409, 552
215, 21410, 7.97805e+007, 2.74379e+007, 1.07218e+008, 5264, 5212.37, 1409, 552
216, 21510, 8.0012e+007, 2.76735e+007, 1.07685e+008, 5299, 5222.4, 1409, 552
217, 21610, 7.96576e+007, 2.74569e+007, 1.07115e+008, 5264, 5215.98, 1409, 552
218, 21710, 7.95385e+007, 2.73468e+007, 1.06885e+008, 5246, 5212.88, 1409, 553
219, 21810, 7.98693e+007, 2.75541e+007, 1.07423e+008, 5285, 5213.65, 1409, 553
220, 21910, 7.96453e+007, 2.73053e+007, 1.06951e+008, 5252, 5199.02, 1409, 552
221, 22010, 7.96692e+007, 2.73441e+007, 1.07013e+008, 5255, 5203.44, 1409, 552
222, 22110, 7.969e+007, 2.74069e+007, 1.07097e+008, 5265, 5205.5, 1409, 553
223, 22210, 7.96167e+007, 2.72819e+007, 1.06899e+008, 5248, 5198.54, 1409, 553
224, 22310, 8.06846e+007, 2.66136e+007, 1.07298e+008, 5270, 5050.02, 1406, 539
225, 22410, 7.98844e+007, 2.72673e+007, 1.07152e+008, 5259, 5184.88, 1409, 553
226, 22510, 7.96612e+007, 2.7174e+007, 1.06835e+008, 5242, 5183.9, 1409, 552
227, 22610, 7.94574e+007, 2.71393e+007, 1.06597e+008, 5238, 5181.24, 1409, 553
228, 22710, 8.0245e+007, 2.60255e+007, 1.06271e+008, 5214, 4991.47, 1406, 535
229, 22810, 7.94647e+007, 2.71004e+007, 1.06565e+008, 5237, 5174.8, 1409, 553
230, 22911, 7.9078e+007, 2.70093e+007, 1.06087e+008, 5214, 5180.14, 1409, 553
231, 23010, 7.95321e+007, 2.7036e+007, 1.06568e+008, 5235, 5164.47, 1409, 552
232, 23110, 7.92844e+007, 2.67938e+007, 1.06078e+008, 5202, 5150.67, 1409, 552
233, 23210, 7.90224e+007, 2.68164e+007, 1.05839e+008, 5195, 5161.97, 1409, 553
234, 23310, 7.9119e+007, 2.67469e+007, 1.05866e+008, 5187, 5156.53, 1409, 553
235, 23410, 7.84008e+007, 2.65014e+007, 1.04902e+008, 5145, 5150.9, 1409, 552
236, 23510, 7.87585e+007, 2.66301e+007, 1.05389e+008, 5174, 5146.91, 1409, 553
237, 23610, 7.87985e+007, 2.66582e+007, 1.05457e+008, 5177, 5149.35, 1409, 553
238, 23710, 7.89531e+007, 2.66334e+007, 1.05586e+008, 5184, 5137.62, 1409, 552
239, 23810, 7.80817e+007, 2.63122e+007, 1.04394e+008, 5117, 5142.11, 1409, 553
240, 23910, 7.82643e+007, 2.62559e+007, 1.0452e+008, 5130, 5118.1, 1408, 552
241, 24010, 7.94947e+007, 2.5614e+007, 1.05109e+008, 5164, 4960.11, 1406, 537
242, 24110, 7.84453e+007, 2.63445e+007, 1.0479e+008, 5150, 5115.44, 1409, 552
243, 24210, 7.79505e+007, 2.59521e+007, 1.03903e+008, 5092, 5096.64, 1408, 552
244, 24310, 7.85029e+007, 2.62596e+007, 1.04763e+008, 5151, 5097.96, 1408, 552
245, 24410, 7.85364e+007, 2.6299e+007, 1.04835e+008, 5158, 5098.68, 1408, 553
246, 24510, 7.83553e+007, 2.63373e+007, 1.04693e+008, 5149, 5115.03, 1409, 553
247, 24610, 7.84158e+007, 2.62476e+007, 1.04663e+008, 5151, 5095.62, 1408, 553
248, 24710, 7.83354e+007, 2.60528e+007, 1.04388e+008, 5127, 5081.48, 1408, 552
249, 24810, 7.8195e+007, 2.61514e+007, 1.04346e+008, 5131, 5096.75, 1408, 553
250, 24910, 7.81759e+007, 2.60308e+007, 1.04207e+008, 5121, 5083.15, 1408, 553
251, 25010, 7.83248e+007, 2.60132e+007, 1.04338e+008, 5139, 5061.92, 1408, 552
252, 25110, 7.81072e+007, 2.59448e+007, 1.04052e+008, 5113, 5074.27, 1408, 553
253, 25210, 7.81103e+007, 2.59396e+007, 1.0405e+008, 5117, 5069.3, 1408, 552
254, 25310, 7.79896e+007, 2.58546e+007, 1.03844e+008, 5107, 5062.59, 1408, 552
255, 25410, 7.79958e+007, 2.58706e+007, 1.03866e+008, 5107, 5065.71, 1408, 553
256, 25510, 7.84097e+007, 2.61194e+007, 1.04529e+008, 5152, 5069.75, 1408, 553
257, 25610, 7.79613e+007, 2.59397e+007, 1.03901e+008, 5118, 5068.33, 1408, 553
258, 25710, 7.78713e+007, 2.57385e+007, 1.0361e+008, 5095, 5051.72, 1408, 552
259, 25810, 7.8391e+007, 2.49147e+007, 1.03306e+008, 5073, 4911.24, 1405, 539
260, 25910, 7.77434e+007, 2.56072e+007, 1.03351e+008, 5074, 5046.74, 1408, 552
261, 26010, 7.81374e+007, 2.57874e+007, 1.03925e+008, 5123, 5033.65, 1408, 552
262, 26110, 7.75605e+007, 2.54559e+007, 1.03016e+008, 5069, 5021.89, 1408, 552
263, 26210, 7.75686e+007, 2.53404e+007, 1.02909e+008, 5051, 5016.92, 1408, 552
264, 26310, 7.75967e+007, 2.53945e+007, 1.02991e+008, 5061, 5017.69, 1408, 552
265, 26410, 7.77505e+007, 2.56082e+007, 1.03359e+008, 5090, 5031.08, 1408, 553
266, 26510, 7.70634e+007, 2.51375e+007, 1.02201e+008, 5016, 5011.46, 1408, 552
267, 26610, 7.71025e+007, 2.52498e+007, 1.02352e+008, 5032, 5017.84, 1408, 553
268, 26710, 7.74415e+007, 2.53875e+007, 1.02829e+008, 5058, 5019.27, 1408, 552
269, 26810, 7.74576e+007, 2.54318e+007, 1.02889e+008, 5068, 5018.12, 1408, 553
270, 26910, 7.8159e+007, 2.464e+007, 1.02799e+008, 5066, 4863.8, 1405, 539
271, 27010, 7.72614e+007, 2.51482e+007, 1.0241e+008, 5036, 4993.68, 1408, 552
272, 27110, 7.71732e+007, 2.52226e+007, 1.02396e+008, 5038, 5006.46, 1408, 553
273, 27210, 7.6841e+007, 2.49514e+007, 1.01792e+008, 4999, 4991.27, 1408, 552
274, 27310, 7.69533e+007, 2.50743e+007, 1.02028e+008, 5022, 4992.9, 1408, 552
275, 27410, 7.68031e+007, 2.4976e+007, 1.01779e+008, 5001, 4994.2, 1408, 553
276, 27511, 7.68361e+007, 2.48843e+007, 1.0172e+008, 4998, 4978.85, 1408, 552
277, 27610, 7.79044e+007, 2.42102e+007, 1.02115e+008, 5032, 4811.24, 1405, 536
278, 27710, 7.70239e+007, 2.48911e+007, 1.01915e+008, 5011, 4967.3, 1407, 552
279, 27810, 7.65964e+007, 2.47185e+007, 1.01315e+008, 4979, 4964.55, 1407, 552
280, 27910, 7.76247e+007, 2.39305e+007, 1.01555e+008, 4996, 4789.92, 1405, 535
281, 28010, 7.70449e+007, 2.49051e+007, 1.0195e+008, 5016, 4965.14, 1407, 552
282, 28110, 7.65877e+007, 2.46853e+007, 1.01273e+008, 4982, 4954.9, 1407, 553
283, 28210, 7.63777e+007, 2.46298e+007, 1.01008e+008, 4974, 4951.72, 1407, 552
284, 28310, 7.69296e+007, 2.48204e+007, 1.0175e+008, 5017, 4947.25, 1407, 552
285, 28410, 7.61112e+007, 2.44573e+007, 1.00569e+008, 4942, 4948.87, 1407, 552
286, 28510, 7.75042e+007, 2.49755e+007, 1.0248e+008, 5043, 4952.5, 1407, 552
287, 28610, 7.71865e+007, 2.48054e+007, 1.01992e+008, 5014, 4947.24, 1407, 552
288, 28710, 7.72987e+007, 2.48788e+007, 1.02177e+008, 5025, 4951, 1407, 552
289, 28809, 7.69776e+007, 2.47216e+007, 1.01699e+008, 4994, 4950.27, 1407, 552
290, 28909, 7.73483e+007, 2.49617e+007, 1.0231e+008, 5040, 4952.71, 1407, 553
291, 29009, 7.68844e+007, 2.47181e+007, 1.01602e+008, 4994, 4949.55, 1407, 553
292, 29109, 7.66126e+007, 2.45124e+007, 1.01125e+008, 4964, 4938.04, 1407, 552
293, 29209, 7.7025e+007, 2.46829e+007, 1.01708e+008, 4997, 4939.55, 1407, 552
294, 29309, 7.68618e+007, 2.45668e+007, 1.01429e+008, 4981, 4932.1, 1407, 552
295, 29409, 7.65405e+007, 2.45535e+007, 1.01094e+008, 4971, 4939.35, 1407, 552
296, 29509, 7.66166e+007, 2.44232e+007, 1.0104e+008, 4963, 4921.06, 1407, 552
297, 29609, 7.65812e+007, 2.44085e+007, 1.0099e+008, 4964, 4917.11, 1407, 552
298, 29709, 7.64912e+007, 2.43704e+007, 1.00862e+008, 4955, 4918.35, 1407, 552
299, 29809, 7.73231e+007, 2.38858e+007, 1.01209e+008, 4977, 4799.25, 1404, 540
300, 29909, 7.64975e+007, 2.44134e+007, 1.00911e+008, 4963, 4919.07, 1407, 552
301, 30009, 7.66964e+007, 2.46355e+007, 1.01332e+008, 4993, 4934.01, 1407, 553
302, 30109, 7.68607e+007, 2.47943e+007, 1.01655e+008, 5007, 4951.94, 1407, 552
303, 30209, 7.7231e+007, 2.50408e+007, 1.02272e+008, 5022, 4986.21, 1407, 552
304, 30309, 7.7158e+007, 2.5369e+007, 1.02527e+008, 5036, 5037.52, 1407, 552
305, 30409, 7.88122e+007, 2.51045e+007, 1.03917e+008, 5109, 4913.78, 1404, 536
306, 30509, 7.83345e+007, 2.62558e+007, 1.0459e+008, 5143, 5105.16, 1407, 553
307, 30609, 7.80513e+007, 2.62746e+007, 1.04326e+008, 5129, 5122.75, 1407, 553
308, 30709, 7.84245e+007, 2.64684e+007, 1.04893e+008, 5149, 5140.49, 1407, 553
309, 30809, 7.82808e+007, 2.64284e+007, 1.04709e+008, 5137, 5144.72, 1407, 553
310, 30909, 7.81896e+007, 2.64618e+007, 1.04651e+008, 5129, 5159.25, 1407, 553
311, 31009, 7.84683e+007, 2.67563e+007, 1.05225e+008, 5174, 5171.3, 1407, 553
312, 31109, 7.8751e+007, 2.68219e+007, 1.05573e+008, 5193, 5165, 1407, 553
313, 31209, 7.85731e+007, 2.67614e+007, 1.05335e+008, 5171, 5175.28, 1407, 553
314, 31309, 7.87696e+007, 2.67787e+007, 1.05548e+008, 5182, 5167.64, 1407, 553
315, 31409, 7.86774e+007, 2.68005e+007, 1.05478e+008, 5183, 5170.85, 1407, 553
316, 31509, 7.87323e+007, 2.69563e+007, 1.05689e+008, 5194, 5189.89, 1407, 553
317, 31609, 7.87564e+007, 2.66577e+007, 1.05414e+008, 5173, 5153.23, 1406, 553
318, 31709, 7.89426e+007, 2.69045e+007, 1.05847e+008, 5198, 5175.94, 1407, 553
319, 31809, 7.87518e+007, 2.68462e+007, 1.05598e+008, 5193, 5169.69, 1407, 553
320, 31909, 7.87896e+007, 2.67206e+007, 1.0551e+008, 5174, 5164.41, 1407, 553
321, 32009, 7.82273e+007, 2.66304e+007, 1.04858e+008, 5150, 5170.95, 1407, 553
322, 32109, 7.87642e+007, 2.67007e+007, 1.05465e+008, 5180, 5154.58, 1406, 553
323, 32209, 7.86301e+007, 2.66544e+007, 1.05285e+008, 5171, 5154.6, 1406, 553
324, 32309, 7.86786e+007, 2.67113e+007, 1.0539e+008, 5186, 5150.66, 1406, 553
325, 32409, 7.89556e+007, 2.58729e+007, 1.04829e+008, 5144, 5029.73, 1404, 537
326, 32509, 7.89395e+007, 2.6028e+007, 1.04967e+008, 5151, 5052.99, 1404, 541
327, 32609, 7.86257e+007, 2.65752e+007, 1.05201e+008, 5167, 5143.26, 1406, 553
328, 32709, 7.77854e+007, 2.62231e+007, 1.04009e+008, 5096, 5145.82, 1406, 553
329, 32809, 7.8462e+007, 2.64615e+007, 1.04924e+008, 5153, 5135.16, 1406, 553
330, 32909, 7.85948e+007, 2.65515e+007, 1.05146e+008, 5174, 5131.71, 1406, 553
331, 33009, 7.8292e+007, 2.63487e+007, 1.04641e+008, 5133, 5133.2, 1406, 553
332, 33109, 7.8238e+007, 2.62675e+007, 1.04505e+008, 5124, 5126.36, 1406, 553
333, 33209, 7.82017e+007, 2.63544e+007, 1.04556e+008, 5129, 5138.31, 1406, 553
334, 33309, 7.83914e+007, 2.63316e+007, 1.04723e+008, 5137, 5125.86, 1406, 553
335, 33409, 7.86061e+007, 2.57758e+007, 1.04382e+008, 5121, 5033.35, 1404, 541
336, 33509, 7.83939e+007, 2.63773e+007, 1.04771e+008, 5150, 5121.8, 1406, 553
337, 33609, 7.80926e+007, 2.61698e+007, 1.04262e+008, 5112, 5119.29, 1406, 553
338, 33709, 7.84524e+007, 2.63332e+007, 1.04786e+008, 5150, 5113.24, 1406, 553
339, 33809, 7.80793e+007, 2.61567e+007, 1.04236e+008, 5114, 5114.72, 1406, 553
340, 33909, 7.8365e+007, 2.62881e+007, 1.04653e+008, 5147, 5107.45, 1406, 553
341, 34009, 7.83568e+007, 2.62037e+007, 1.04561e+008, 5135, 5102.96, 1406, 553
342, 34109, 7.8421e+007, 2.62545e+007, 1.04676e+008, 5137, 5110.87, 1406, 553
343, 34209, 7.84189e+007, 2.62243e+007, 1.04643e+008, 5139, 5103, 1406, 553
344, 34309, 7.86107e+007, 2.63121e+007, 1.04923e+008, 5156, 5103.19, 1406, 553
345, 34409, 7.86499e+007, 2.63383e+007, 1.04988e+008, 5166, 5098.4, 1406, 553
346, 34509, 7.80823e+007, 2.60257e+007, 1.04108e+008, 5115, 5088.11, 1406, 553
347, 34609, 7.80347e+007, 2.60545e+007, 1.04089e+008, 5111, 5097.72, 1406, 553
348, 34709, 7.82842e+007, 2.61387e+007, 1.04423e+008, 5133, 5092.29, 1406, 553
349, 34809, 7.82333e+007, 2.61146e+007, 1.04348e+008, 5126, 5094.54, 1406, 553
350, 34909, 7.77816e+007, 2.58608e+007, 1.03642e+008, 5085, 5085.71, 1406, 553
351, 35009, 7.82038e+007, 2.59732e+007, 1.04177e+008, 5114, 5078.85, 1406, 553
352, 35109, 7.78191e+007, 2.59404e+007, 1.03759e+008, 5096, 5090.34, 1406, 553
353, 35209, 7.81217e+007, 2.60387e+007, 1.0416e+008, 5122, 5083.71, 1406, 553
354, 35309, 7.79645e+007, 2.59373e+007, 1.03902e+008, 5109, 5076.79, 1406, 553
355, 35409, 7.75759e+007, 2.57532e+007, 1.03329e+008, 5080, 5069.52, 1406, 553
356, 35509, 7.85695e+007, 2.52654e+007, 1.03835e+008, 5103, 4951.09, 1403, 540
357, 35609, 7.81786e+007, 2.59512e+007, 1.0413e+008, 5126, 5062.67, 1406, 553
358, 35709, 7.79641e+007, 2.59084e+007, 1.03873e+008, 5114, 5066.17, 1406, 553
359, 35809, 7.80753e+007, 2.57985e+007, 1.03874e+008, 5109, 5049.62, 1405, 553
360, 35909, 7.80164e+007, 2.5842e+007, 1.03858e+008, 5111, 5056.15, 1406, 553
361, 36009, 7.79671e+007, 2.5708e+007, 1.03675e+008, 5099, 5041.77, 1405, 553
362, 36109, 7.78795e+007, 2.5677e+007, 1.03557e+008, 5090, 5044.61, 1405, 553
363, 36209, 7.80064e+007, 2.57414e+007, 1.03748e+008, 5104, 5043.37, 1405, 553
364, 36309, 7.75721e+007, 2.55282e+007, 1.031e+008, 5070, 5035.15, 1405, 553
365, 36409, 7.79499e+007, 2.56947e+007, 1.03645e+008, 5102, 5036.2, 1405, 553
366, 36509, 7.75062e+007, 2.54843e+007, 1.0299e+008, 5065, 5031.44, 1405, 553
367, 36609, 7.7093e+007, 2.53241e+007, 1.02417e+008, 5036, 5028.61, 1405, 553
368, 36709, 7.75376e+007, 2.54928e+007, 1.0303e+008, 5074, 5024.19, 1405, 553
369, 36809, 7.74797e+007, 2.54884e+007, 1.02968e+008, 5069, 5028.3, 1405, 553
370, 36909, 7.75603e+007, 2.55175e+007, 1.03078e+008, 5078, 5025.1, 1405, 553
371, 37009, 7.73188e+007, 2.53346e+007, 1.02653e+008, 5048, 5018.75, 1405, 553
372, 37109, 7.72104e+007, 2.53308e+007, 1.02541e+008, 5044, 5021.97, 1405, 553
373, 37209, 7.78538e+007, 2.55745e+007, 1.03428e+008, 5096, 5018.54, 1405, 553
374, 37309, 7.72232e+007, 2.5248e+007, 1.02471e+008, 5050, 4999.61, 1405, 553
375, 37409, 7.75054e+007, 2.53685e+007, 1.02874e+008, 5073, 5000.69, 1405, 553
376, 37509, 7.70323e+007, 2.52429e+007, 1.02275e+008, 5045, 5003.55, 1405, 553
377, 37609, 7.70455e+007, 2.51692e+007, 1.02215e+008, 5036, 4997.85, 1405, 553
378, 37709, 7.67444e+007, 2.49727e+007, 1.01717e+008, 5003, 4991.55, 1405, 553
379, 37809, 7.68138e+007, 2.50394e+007, 1.01853e+008, 5013, 4994.89, 1405, 553
380, 37909, 7.69851e+007, 2.51075e+007, 1.02093e+008, 5034, 4987.59, 1405, 553
381, 38009, 7.66064e+007, 2.49887e+007, 1.01595e+008, 5010, 4987.76, 1405, 553
382, 38109, 7.69661e+007, 2.5079e+007, 1.02045e+008, 5030, 4985.89, 1405, 553
383, 38209, 7.67218e+007, 2.49913e+007, 1.01713e+008, 5008, 4990.28, 1405, 553
384, 38309, 7.68469e+007, 2.49432e+007, 1.0179e+008, 5016, 4972.72, 1405, 553
385, 38409, 7.66819e+007, 2.48942e+007, 1.01576e+008, 5006, 4972.88, 1405, 553
386, 38509, 7.67372e+007, 2.4947e+007, 1.01684e+008, 5009, 4980.44, 1405, 553
387, 38609, 7.67258e+007, 2.49837e+007, 1.0171e+008, 5023, 4973.86, 1405, 553
388, 38709, 7.66784e+007, 2.48573e+007, 1.01536e+008, 5004, 4967.48, 1405, 553
389, 38808, 7.6691e+007, 2.48851e+007, 1.01576e+008, 5004, 4973.05, 1405, 553
390, 38908, 7.6489e+007, 2.47472e+007, 1.01236e+008, 4985, 4964.34, 1405, 553
391, 39008, 7.65445e+007, 2.47643e+007, 1.01309e+008, 4989, 4963.79, 1405, 553
392, 39108, 7.66141e+007, 2.47824e+007, 1.01396e+008, 5001, 4955.49, 1405, 553
393, 39208, 7.62717e+007, 2.45971e+007, 1.00869e+008, 4956, 4963.1, 1404, 553
394, 39308, 7.63317e+007, 2.45984e+007, 1.0093e+008, 4967, 4952.37, 1404, 553
395, 39408, 7.6574e+007, 2.47316e+007, 1.01306e+008, 4996, 4950.28, 1404, 553
396, 39508, 7.69012e+007, 2.4782e+007, 1.01683e+008, 5019, 4937.63, 1404, 553
397, 39608, 7.62357e+007, 2.45284e+007, 1.00764e+008, 4956, 4949.23, 1404, 553
398, 39708, 7.67285e+007, 2.47055e+007, 1.01434e+008, 5006, 4935.17, 1404, 553
399, 39808, 7.61607e+007, 2.44624e+007, 1.00623e+008, 4955, 4936.91, 1404, 553
400, 39908, 7.62083e+007, 2.44878e+007, 1.00696e+008, 4956, 4941.05, 1404, 553
401, 40008, 7.62777e+007, 2.45347e+007, 1.00812e+008, 4972, 4934.57, 1404, 553
402, 40108, 7.62002e+007, 2.4476e+007, 1.00676e+008, 4963, 4931.7, 1404, 553
403, 40208, 7.62659e+007, 2.44719e+007, 1.00738e+008, 4965, 4928.88, 1404, 553
404, 40308, 7.60075e+007, 2.43459e+007, 1.00353e+008, 4948, 4920.36, 1404, 553
405, 40408, 7.61192e+007, 2.43361e+007, 1.00455e+008, 4948, 4918.38, 1404, 553
406, 40508, 7.6066e+007, 2.44003e+007, 1.00466e+008, 4956, 4923.38, 1404, 553
407, 40608, 7.57021e+007, 2.41316e+007, 9.98337e+007, 4906, 4918.8, 1404, 553
408, 40708, 7.6098e+007, 2.41773e+007, 1.00275e+008, 4937, 4897.16, 1404, 553
409, 40808, 7.57608e+007, 2.41986e+007, 9.99594e+007, 4924, 4914.43, 1404, 553
410, 40908, 7.57811e+007, 2.41465e+007, 9.99276e+007, 4925, 4902.84, 1404, 553
411, 41008, 7.60015e+007, 2.42576e+007, 1.00259e+008, 4942, 4908.46, 1404, 553
412, 41108, 7.55938e+007, 2.40083e+007, 9.96021e+007, 4899, 4900.65, 1404, 553
413, 41208, 7.57278e+007, 2.41186e+007, 9.98464e+007, 4931, 4891.22, 1404, 553
414, 41308, 7.56366e+007, 2.40114e+007, 9.9648e+007, 4911, 4889.31, 1404, 553
415, 41408, 7.55521e+007, 2.41155e+007, 9.96676e+007, 4921, 4900.52, 1404, 553
416, 41508, 7.62703e+007, 2.42737e+007, 1.00544e+008, 4962, 4891.92, 1404, 553
417, 41608, 7.48665e+007, 2.37151e+007, 9.85816e+007, 4852, 4887.69, 1404, 553
418, 41708, 7.5618e+007, 2.38977e+007, 9.95157e+007, 4904, 4873.1, 1404, 553
419, 41808, 7.50556e+007, 2.36753e+007, 9.8731e+007, 4859, 4872.47, 1404, 553
420, 41908, 7.55967e+007, 2.32689e+007, 9.88656e+007, 4874, 4774.09, 1401, 540
421, 42008, 7.50724e+007, 2.36475e+007, 9.87198e+007, 4854, 4871.75, 1403, 553
422, 42108, 7.53534e+007, 2.3771e+007, 9.91244e+007, 4883, 4868.12, 1403, 553
423, 42208, 7.50656e+007, 2.3722e+007, 9.87876e+007, 4865, 4876.04, 1404, 553
424, 42308, 7.54847e+007, 2.38353e+007, 9.932e+007, 4896, 4868.32, 1404, 553
425, 42408, 7.51266e+007, 2.3728e+007, 9.88545e+007, 4873, 4869.27, 1404, 553
426, 42508, 7.53889e+007, 2.38829e+007, 9.92718e+007, 4904, 4870.08, 1404, 553
427, 42608, 7.52934e+007, 2.29758e+007, 9.82692e+007, 4839, 4748.05, 1401, 540
428, 42708, 7.5003e+007, 2.34979e+007, 9.85009e+007, 4844, 4850.93, 1403, 553
429, 42808, 7.4769e+007, 2.34853e+007, 9.82543e+007, 4841, 4851.33, 1404, 553
430, 42908, 7.51562e+007, 2.36251e+007, 9.87813e+007, 4872, 4849.15, 1403, 553
431, 43008, 7.5258e+007, 2.35961e+007, 9.88541e+007, 4874, 4841.21, 1403, 553
432, 43108, 7.51812e+007, 2.35793e+007, 9.87605e+007, 4876, 4835.79, 1403, 553
433, 43208, 7.50458e+007, 2.35465e+007, 9.85923e+007, 4862, 4842.96, 1403, 553
434, 43308, 7.47089e+007, 2.32996e+007, 9.80085e+007, 4833, 4820.95, 1403, 552
435, 43408, 7.58522e+007, 2.31423e+007, 9.89944e+007, 4888, 4734.51, 1401, 541
436, 43508, 7.47201e+007, 2.33221e+007, 9.80422e+007, 4824, 4834.6, 1403, 553
437, 43608, 7.48279e+007, 2.3388e+007, 9.8216e+007, 4842, 4830.25, 1403, 553
438, 43708, 7.43979e+007, 2.3206e+007, 9.76039e+007, 4808, 4826.54, 1403, 553
439, 43808, 7.4573e+007, 2.3284e+007, 9.7857e+007, 4817, 4833.72, 1404, 552
440, 43908, 7.45472e+007, 2.32028e+007, 9.775e+007, 4812, 4821.86, 1403, 553
441, 44008, 7.46986e+007, 2.33955e+007, 9.80941e+007, 4848, 4825.8, 1403, 553
442, 44108, 7.48706e+007, 2.3333e+007, 9.82037e+007, 4850, 4810.93, 1403, 553
443, 44208, 7.46702e+007, 2.32145e+007, 9.78846e+007, 4821, 4815.28, 1403, 553
444, 44308, 7.49643e+007, 2.34035e+007, 9.83679e+007, 4853, 4822.49, 1403, 553
445, 44408, 7.47064e+007, 2.32147e+007, 9.79211e+007, 4822, 4814.32, 1403, 553
446, 44508, 7.44925e+007, 2.30902e+007, 9.75828e+007, 4805, 4805.46, 1403, 552
447, 44608, 7.4345e+007, 2.31516e+007, 9.74965e+007, 4810, 4813.21, 1403, 553
448, 44708, 7.48538e+007, 2.32508e+007, 9.81045e+007, 4838, 4805.86, 1403, 553
449, 44808, 7.48204e+007, 2.3256e+007, 9.80764e+007, 4834, 4810.93, 1403, 553
450, 44908, 7.46259e+007, 2.3098e+007, 9.77239e+007, 4807, 4805.08, 1403, 553
451, 45008, 7.47785e+007, 2.31608e+007, 9.79394e+007, 4819, 4806.15, 1403, 553
452, 45108, 7.50182e+007, 2.3284e+007, 9.83022e+007, 4849, 4801.81, 1403, 553
453, 45208, 7.51263e+007, 2.32228e+007, 9.83491e+007, 4845, 4793.15, 1403, 553
454, 45308, 7.48252e+007, 2.32295e+007, 9.80547e+007, 4838, 4801.47, 1403, 553
455, 45408, 7.47299e+007, 2.30124e+007, 9.77423e+007, 4812, 4782.29, 1403, 553
456, 45508, 7.49313e+007, 2.31691e+007, 9.81005e+007, 4840, 4787.01, 1403, 553
457, 45608, 7.46646e+007, 2.29822e+007, 9.76468e+007, 4811, 4777.01, 1402, 553
458, 45708, 7.47413e+007, 2.3163e+007, 9.79043e+007, 4832, 4793.66, 1403, 553
459, 45808, 7.42479e+007, 2.2909e+007, 9.71569e+007, 4787, 4785.68, 1403, 553
460, 45908, 7.42594e+007, 2.28435e+007, 9.71029e+007, 4782, 4776.98, 1402, 553
461, 46008, 7.43157e+007, 2.2785e+007, 9.71007e+007, 4782, 4764.75, 1402, 553
462, 46108, 7.41916e+007, 2.26323e+007, 9.68239e+007, 4759, 4755.68, 1402, 552
463, 46208, 7.51055e+007, 2.23989e+007, 9.75044e+007, 4810, 4656.75, 1400, 538
464, 46308, 7.48737e+007, 2.23967e+007, 9.72705e+007, 4800, 4665.98, 1400, 539
465, 46408, 7.40479e+007, 2.26442e+007, 9.66921e+007, 4760, 4757.19, 1402, 553
466, 46508, 7.4329e+007, 2.2758e+007, 9.7087e+007, 4785, 4756.12, 1402, 553
467, 46608, 7.41214e+007, 2.27533e+007, 9.68747e+007, 4776, 4764.09, 1402, 553
468, 46708, 7.43389e+007, 2.27385e+007, 9.70774e+007, 4786, 4751.05, 1402, 553
469, 46809, 7.38874e+007, 2.25434e+007, 9.64307e+007, 4743, 4752.98, 1402, 553
470, 46908, 7.38199e+007, 2.25132e+007, 9.63331e+007, 4742, 4747.62, 1402, 553
471, 47008, 7.39116e+007, 2.24799e+007, 9.63915e+007, 4743, 4739.59, 1402, 553
472, 47108, 7.38844e+007, 2.25566e+007, 9.6441e+007, 4759, 4739.77, 1402, 553
473, 47208, 7.39486e+007, 2.25227e+007, 9.64713e+007, 4758, 4733.65, 1402, 553
474, 47308, 7.39289e+007, 2.25324e+007, 9.64613e+007, 4762, 4731.71, 1402, 553
475, 47408, 7.39752e+007, 2.2525e+007, 9.65002e+007, 4756, 4736.12, 1402, 553
476, 47508, 7.42977e+007, 2.25804e+007, 9.68781e+007, 4780, 4723.94, 1402, 552
477, 47608, 7.36706e+007, 2.23453e+007, 9.60159e+007, 4735, 4719.18, 1402, 552
478, 47708, 7.35906e+007, 2.23421e+007, 9.59326e+007, 4729, 4724.48, 1402, 553
479, 47808, 7.36777e+007, 2.23225e+007, 9.60001e+007, 4733, 4716.35, 1402, 553
480, 47908, 7.38484e+007, 2.24036e+007, 9.6252e+007, 4748, 4718.54, 1402, 552
481, 48008, 7.36052e+007, 2.23644e+007, 9.59696e+007, 4739, 4719.23, 1402, 553
482, 48108, 7.38207e+007, 2.2411e+007, 9.62318e+007, 4758, 4710.18, 1402, 552
483, 48208, 7.36405e+007, 2.22665e+007, 9.59069e+007, 4728, 4709.49, 1402, 553
484, 48308, 7.37209e+007, 2.15703e+007, 9.52912e+007, 4694, 4595.3, 1399, 538
485, 48408, 7.36206e+007, 2.22046e+007, 9.58252e+007, 4725, 4699.39, 1402, 552
486, 48508, 7.34914e+007, 2.21061e+007, 9.55976e+007, 4714, 4689.47, 1402, 552
487, 48608, 7.35706e+007, 2.21642e+007, 9.57347e+007, 4727, 4688.84, 1402, 552
488, 48708, 7.2767e+007, 2.18314e+007, 9.45984e+007, 4658, 4686.86, 1402, 552
489, 48808, 7.32364e+007, 2.22011e+007, 9.54375e+007, 4716, 4707.61, 1402, 553
490, 48908, 7.40605e+007, 2.17591e+007, 9.58195e+007, 4743, 4587.62, 1399, 539
491, 49008, 7.29358e+007, 2.19326e+007, 9.48684e+007, 4681, 4685.44, 1402, 552
492, 49108, 7.31282e+007, 2.20411e+007, 9.51693e+007, 4707, 4682.62, 1401, 552
493, 49208, 7.29449e+007, 2.18117e+007, 9.47565e+007, 4676, 4664.6, 1401, 552
494, 49308, 7.30567e+007, 2.19126e+007, 9.49693e+007, 4693, 4669.21, 1401, 552
495, 49408, 7.29612e+007, 2.18494e+007, 9.48107e+007, 4681, 4667.69, 1401, 552
496, 49508, 7.31327e+007, 2.18693e+007, 9.50019e+007, 4696, 4657, 1401, 552
497, 49608, 7.30587e+007, 2.18828e+007, 9.49415e+007, 4698, 4657.9, 1401, 552
498, 49708, 7.29859e+007, 2.18345e+007, 9.48204e+007, 4688, 4657.52, 1401, 552
499, 49808, 7.28497e+007, 2.17149e+007, 9.45646e+007, 4665, 4654.87, 1401, 552
500, 49908, 7.23497e+007, 2.16305e+007, 9.39802e+007, 4638, 4663.77, 1401, 552
501, 50008, 7.27899e+007, 2.16769e+007, 9.44669e+007, 4660, 4651.7, 1401, 552
502, 50108, 7.26581e+007, 2.17598e+007, 9.44179e+007, 4670, 4659.48, 1401, 552
503, 50208, 7.2187e+007, 2.14991e+007, 9.36861e+007, 4622, 4651.48, 1401, 552
504, 50308, 7.26508e+007, 2.17973e+007, 9.44481e+007, 4677, 4660.52, 1401, 553
505, 50408, 7.19896e+007, 2.14609e+007, 9.34505e+007, 4608, 4657.32, 1401, 552
506, 50508, 7.25129e+007, 2.16068e+007, 9.41197e+007, 4651, 4645.63, 1401, 552
507, 50608, 7.28778e+007, 2.17819e+007, 9.46597e+007, 4685, 4649.28, 1401, 553
508, 50708, 7.24543e+007, 2.15122e+007, 9.39665e+007, 4645, 4631.26, 1401, 552
509, 50808, 7.18766e+007, 2.12663e+007, 9.31429e+007, 4598, 4625.12, 1401, 552
510, 50908, 7.22565e+007, 2.14615e+007, 9.3718e+007, 4633, 4632.32, 1401, 552
511, 51008, 7.21845e+007, 2.14216e+007, 9.36061e+007, 4629, 4627.7, 1401, 552
512, 51108, 7.15046e+007, 2.11599e+007, 9.26645e+007, 4565, 4635.24, 1401, 552
513, 51208, 7.22234e+007, 2.14851e+007, 9.37085e+007, 4635, 4635.41, 1401, 552
514, 51308, 7.17121e+007, 2.11931e+007, 9.29052e+007, 4580, 4627.32, 1401, 552
515, 51408, 7.20993e+007, 2.12964e+007, 9.33957e+007, 4614, 4615.61, 1401, 552
516, 51508, 7.25393e+007, 2.08576e+007, 9.33969e+007, 4615, 4519.52, 1398, 539
517, 51608, 7.23338e+007, 2.13714e+007, 9.37052e+007, 4635, 4610.87, 1401, 552
518, 51708, 7.22076e+007, 2.1288e+007, 9.34956e+007, 4611, 4616.79, 1401, 552
519, 51808, 7.16885e+007, 2.11324e+007, 9.28208e+007, 4578, 4616.07, 1401, 552
520, 51908, 7.15285e+007, 2.10372e+007, 9.25656e+007, 4570, 4603.32, 1401, 552
521, 52008, 7.20107e+007, 2.05972e+007, 9.26079e+007, 4573, 4504.1, 1398, 537
522, 52108, 7.20634e+007, 2.12511e+007, 9.33145e+007, 4613, 4606.79, 1401, 553
523, 52208, 7.19188e+007, 2.11765e+007, 9.30953e+007, 4601, 4602.59, 1401, 552
524, 52308, 7.16987e+007, 2.10493e+007, 9.2748e+007, 4584, 4591.9, 1400, 552
525, 52408, 7.13437e+007, 2.09077e+007, 9.22514e+007, 4556, 4589.05, 1400, 552
526, 52508, 7.14468e+007, 2.08935e+007, 9.23404e+007, 4561, 4580.91, 1400, 552
527, 52608, 7.11995e+007, 2.0893e+007, 9.20926e+007, 4550, 4591.87, 1400, 552
528, 52708, 7.13305e+007, 2.0862e+007, 9.21925e+007, 4560, 4574.99, 1400, 552
529, 52808, 7.10891e+007, 2.06924e+007, 9.17816e+007, 4529, 4568.88, 1400, 552
530, 52908, 7.14926e+007, 2.04136e+007, 9.19062e+007, 4542, 4494.41, 1398, 539
531, 53008, 7.13855e+007, 2.07848e+007, 9.21703e+007, 4552, 4566.08, 1400, 552
532, 53108, 7.09509e+007, 2.06899e+007, 9.16408e+007, 4519, 4578.43, 1400, 552
533, 53208, 7.11972e+007, 2.07205e+007, 9.19177e+007, 4539, 4565, 1400, 552
534, 53308, 7.10727e+007, 2.07333e+007, 9.1806e+007, 4538, 4568.82, 1400, 552
535, 53408, 7.09049e+007, 2.0673e+007, 9.15779e+007, 4525, 4568.62, 1400, 552
536, 53508, 7.14367e+007, 2.07848e+007, 9.22214e+007, 4559, 4559.07, 1400, 552
537, 53608, 7.11975e+007, 2.07312e+007, 9.19287e+007, 4544, 4562.32, 1400, 552
538, 53708, 7.15412e+007, 2.08322e+007, 9.23734e+007, 4571, 4557.46, 1400, 552
539, 53808, 7.08483e+007, 2.05653e+007, 9.14136e+007, 4516, 4553.87, 1400, 552
540, 53908, 7.11598e+007, 2.00414e+007, 9.12013e+007, 4498, 4455.64, 1397, 540
541, 54008, 7.09208e+007, 2.05363e+007, 9.14571e+007, 4514, 4549.46, 1400, 552
542, 54108, 7.13906e+007, 2.06907e+007, 9.20813e+007, 4548, 4549.42, 1400, 552
543, 54208, 7.11681e+007, 2.06218e+007, 9.179e+007, 4531, 4551.28, 1400, 552
544, 54308, 7.14141e+007, 2.0699e+007, 9.21131e+007, 4556, 4543.24, 1400, 552
545, 54408, 7.13657e+007, 2.06315e+007, 9.19971e+007, 4549, 4535.39, 1400, 552
546, 54508, 7.12221e+007, 2.06486e+007, 9.18707e+007, 4540, 4548.16, 1400, 552
547, 54608, 7.14749e+007, 2.06151e+007, 9.209e+007, 4545, 4535.78, 1400, 552
548, 54708, 7.13278e+007, 2.06441e+007, 9.19719e+007, 4542, 4545.16, 1400, 552
549, 54808, 7.10935e+007, 2.05412e+007, 9.16348e+007, 4525, 4539.5, 1400, 552
550, 54908, 7.10215e+007, 2.05028e+007, 9.15243e+007, 4518, 4538.02, 1400, 552
551, 55008, 7.08399e+007, 2.03207e+007, 9.11607e+007, 4495, 4520.74, 1399, 552
552, 55108, 7.13842e+007, 2.06081e+007, 9.19922e+007, 4542, 4537.23, 1400, 552
553, 55208, 7.14889e+007, 2.06346e+007, 9.21235e+007, 4551, 4534.08, 1399, 552
554, 55308, 7.10069e+007, 2.04026e+007, 9.14094e+007, 4505, 4528.88, 1399, 553
555, 55408, 7.1989e+007, 2.02239e+007, 9.2213e+007, 4555, 4439.94, 1397, 540
556, 55508, 7.10517e+007, 2.03278e+007, 9.13796e+007, 4507, 4510.28, 1399, 552
557, 55608, 7.14956e+007, 2.05093e+007, 9.20049e+007, 4544, 4513.5, 1399, 552
558, 55708, 7.10524e+007, 2.04233e+007, 9.14757e+007, 4517, 4521.43, 1399, 553
559, 55808, 7.11645e+007, 2.03683e+007, 9.15328e+007, 4523, 4503.27, 1399, 552
560, 55908, 7.10308e+007, 2.03625e+007, 9.13933e+007, 4508, 4516.97, 1399, 552
561, 56008, 7.11401e+007, 2.03813e+007, 9.15214e+007, 4520, 4509.14, 1399, 552
562, 56108, 7.13072e+007, 2.04029e+007, 9.17101e+007, 4532, 4501.96, 1399, 552
563, 56208, 7.09989e+007, 2.02635e+007, 9.12624e+007, 4501, 4502, 1399, 552
564, 56308, 7.09329e+007, 2.02082e+007, 9.11412e+007, 4494, 4496.72, 1399, 552
565, 56408, 7.07998e+007, 2.02262e+007, 9.1026e+007, 4493, 4501.71, 1399, 552
566, 56508, 7.06736e+007, 2.01344e+007, 9.08081e+007, 4476, 4498.31, 1399, 552
567, 56608, 7.12547e+007, 2.04449e+007, 9.16996e+007, 4535, 4508.25, 1399, 553
568, 56708, 7.09333e+007, 2.02074e+007, 9.11407e+007, 4505, 4485.56, 1399, 552
569, 56808, 7.09382e+007, 1.9678e+007, 9.06162e+007, 4473, 4399.28, 1396, 540
570, 56908, 7.0082e+007, 2.00207e+007, 9.01027e+007, 4448, 4501.05, 1399, 552
571, 57008, 7.07047e+007, 1.95982e+007, 9.03028e+007, 4451, 4403.09, 1396, 540
572, 57108, 7.15164e+007, 1.98397e+007, 9.13561e+007, 4521, 4388.34, 1396, 540
573, 57208, 7.02967e+007, 1.99573e+007, 9.0254e+007, 4453, 4481.76, 1399, 552
574, 57308, 7.05916e+007, 2.0123e+007, 9.07147e+007, 4493, 4478.75, 1399, 552
575, 57408, 7.05338e+007, 2.00747e+007, 9.06085e+007, 4484, 4476.96, 1399, 552
576, 57508, 7.08994e+007, 1.96177e+007, 9.05171e+007, 4465, 4393.66, 1396, 540
577, 57619, 7.02357e+007, 1.9894e+007, 9.01297e+007, 4449, 4471.56, 1399, 552
578, 57718, 7.06972e+007, 1.94809e+007, 9.01781e+007, 4452, 4375.76, 1396, 540
579, 57808, 7.06383e+007, 2.00493e+007, 9.06875e+007, 4488, 4467.31, 1399, 552
580, 57908, 7.03345e+007, 1.9915e+007, 9.02495e+007, 4458, 4467.25, 1399, 552
581, 58008, 7.02359e+007, 1.98668e+007, 9.01028e+007, 4454, 4460.44, 1399, 552
582, 58108, 7.06901e+007, 1.94824e+007, 9.01725e+007, 4452, 4376.11, 1396, 541
583, 58208, 7.06409e+007, 1.94597e+007, 9.01006e+007, 4458, 4365.13, 1396, 540
584, 58308, 7.0334e+007, 1.98738e+007, 9.02078e+007, 4460, 4456.01, 1398, 552
585, 58408, 7.02645e+007, 1.98567e+007, 9.01212e+007, 4465, 4447.19, 1398, 552
586, 58508, 7.03075e+007, 1.92772e+007, 8.95847e+007, 4421, 4360.37, 1396, 540
587, 58608, 7.00605e+007, 1.96628e+007, 8.97234e+007, 4431, 4437.56, 1398, 552
588, 58708, 7.02112e+007, 1.97443e+007, 8.99554e+007, 4448, 4438.91, 1398, 552
589, 58809, 7.07679e+007, 1.95395e+007, 9.03074e+007, 4473, 4368.33, 1396, 540
590, 58909, 7.02884e+007, 1.93055e+007, 8.95939e+007, 4432, 4355.93, 1396, 540
591, 59009, 6.97022e+007, 1.96002e+007, 8.93024e+007, 4417, 4437.45, 1398, 552
592, 59109, 7.02084e+007, 1.9754e+007, 8.99624e+007, 4459, 4430.14, 1398, 552
593, 59209, 7.03508e+007, 1.92872e+007, 8.9638e+007, 4439, 4344.94, 1396, 540
594, 59309, 6.97885e+007, 1.95595e+007, 8.9348e+007, 4426, 4419.23, 1398, 552
595, 59409, 6.97668e+007, 1.94938e+007, 8.92606e+007, 4414, 4416.36, 1398, 552
596, 59509, 7.02441e+007, 1.92454e+007, 8.94895e+007, 4431, 4343.35, 1396, 540
597, 59609, 6.96096e+007, 1.94511e+007, 8.90607e+007, 4401, 4419.69, 1398, 552
598, 59709, 7.0067e+007, 1.90125e+007, 8.90796e+007, 4396, 4324.96, 1395, 540
599, 59809, 7.02323e+007, 1.91318e+007, 8.93642e+007, 4413, 4335.33, 1396, 540
600, 59909, 6.94766e+007, 1.93706e+007, 8.88472e+007, 4386, 4416.46, 1398, 552