stim_jnl,frame,time_s,fluor,dff
csuEx72_bluelightbasal_JNL_10off_20on_20off,2,0.1,34729200,4.859369713105914
csuEx72_bluelightbasal_JNL_10off_20on_20off,3,0.2,33617700,1.503369879072385
csuEx72_bluelightbasal_JNL_10off_20on_20off,4,0.3,33034100,-0.25871874273775197
csuEx72_bluelightbasal_JNL_10off_20on_20off,5,0.4,32614700,-1.5250312307212535
csuEx72_bluelightbasal_JNL_10off_20on_20off,6,0.5,32159000,-2.900945872528792
csuEx72_bluelightbasal_JNL_10off_20on_20off,7,0.6,32283700,-2.5244337903839598
csuEx72_bluelightbasal_JNL_10off_20on_20off,8,0.7,32313500,-2.4344573665835108
csuEx72_bluelightbasal_JNL_10off_20on_20off,9,0.8,32354900,-2.3094565630486583
csuEx72_bluelightbasal_JNL_10off_20on_20off,10,0.9,32170800,-2.8653176241782785
csuEx72_bluelightbasal_JNL_10off_20on_20off,11,1,32361100,-2.2907366359492363
csuEx72_bluelightbasal_JNL_10off_20on_20off,12,1.1,32185800.000000004,-2.8200274779699877
csuEx72_bluelightbasal_JNL_10off_20on_20off,13,1.2,32481600,-1.9269057947427222
csuEx72_bluelightbasal_JNL_10off_20on_20off,14,1.3,32388900,-2.206798898309891
csuEx72_bluelightbasal_JNL_10off_20on_20off,15,1.4,32454300,-2.0093338608417914
csuEx72_bluelightbasal_JNL_10off_20on_20off,16,1.5,32606799.999999996,-1.5488840410576254
csuEx72_bluelightbasal_JNL_10off_20on_20off,17,1.6,32603600,-1.5585459389153804
csuEx72_bluelightbasal_JNL_10off_20on_20off,18,1.7,32446100.000000004,-2.0340924741023065
csuEx72_bluelightbasal_JNL_10off_20on_20off,19,1.8,32436000,-2.0645878392158927
csuEx72_bluelightbasal_JNL_10off_20on_20off,20,1.9,32484099.999999996,-1.9193574370413535
csuEx72_bluelightbasal_JNL_10off_20on_20off,21,2,32709700,-1.238193638068815
csuEx72_bluelightbasal_JNL_10off_20on_20off,22,2.1,32642100,-1.4423012303141292
csuEx72_bluelightbasal_JNL_10off_20on_20off,23,2.2,33206500,0.2618160043494099
csuEx72_bluelightbasal_JNL_10off_20on_20off,24,2.3,33140100,0.06133162380075822
csuEx72_bluelightbasal_JNL_10off_20on_20off,25,2.4,32830300,-0.874060862554246
csuEx72_bluelightbasal_JNL_10off_20on_20off,26,2.5,33152800,0.0996772809237684
csuEx72_bluelightbasal_JNL_10off_20on_20off,27,2.6,33332000,0.6407435609586837
csuEx72_bluelightbasal_JNL_10off_20on_20off,28,2.7,33312100,0.5806586336556993
csuEx72_bluelightbasal_JNL_10off_20on_20off,29,2.807,33346700,0.6851279042427978
csuEx72_bluelightbasal_JNL_10off_20on_20off,30,2.907,33365800,0.7427973570813406
csuEx72_bluelightbasal_JNL_10off_20on_20off,31,3.007,33413400.000000004,0.8865180877156262
csuEx72_bluelightbasal_JNL_10off_20on_20off,32,3.107,33574800,1.373840060916705
csuEx72_bluelightbasal_JNL_10off_20on_20off,33,3.207,33440800,0.9692480881227393
csuEx72_bluelightbasal_JNL_10off_20on_20off,34,3.307,33894900,2.3403317810013946
csuEx72_bluelightbasal_JNL_10off_20on_20off,35,3.407,33625800,1.5278265580248562
csuEx72_bluelightbasal_JNL_10off_20on_20off,36,3.507,33988700,2.623546161957171
csuEx72_bluelightbasal_JNL_10off_20on_20off,37,3.608,33903700,2.366902000110252
csuEx72_bluelightbasal_JNL_10off_20on_20off,38,3.707,33626400,1.5296381638731875
csuEx72_bluelightbasal_JNL_10off_20on_20off,39,3.807,33890000,2.32553699990669
csuEx72_bluelightbasal_JNL_10off_20on_20off,40,3.907,34011500,2.692387184193756
csuEx72_bluelightbasal_JNL_10off_20on_20off,41,4.007,33857000,2.2258986782484746
csuEx72_bluelightbasal_JNL_10off_20on_20off,42,4.107,33888900,2.322215722518083
csuEx72_bluelightbasal_JNL_10off_20on_20off,43,4.207,34293600,3.5441438672174703
csuEx72_bluelightbasal_JNL_10off_20on_20off,44,4.307,34501400,4.171563359356172
csuEx72_bluelightbasal_JNL_10off_20on_20off,45,4.407,34430600,3.9577938692530914
csuEx72_bluelightbasal_JNL_10off_20on_20off,46,4.507,34301900,3.5692044147860513
csuEx72_bluelightbasal_JNL_10off_20on_20off,47,4.607,33968000,2.5610457601897445
csuEx72_bluelightbasal_JNL_10off_20on_20off,48,4.707,34590200,4.439681024909188
csuEx72_bluelightbasal_JNL_10off_20on_20off,49,4.807,34245600,3.3992153993509753
csuEx72_bluelightbasal_JNL_10off_20on_20off,50,4.907,34659300,4.64831763177533
csuEx72_bluelightbasal_JNL_10off_20on_20off,51,5.007,34461100,4.049883833209927
csuEx72_bluelightbasal_JNL_10off_20on_20off,52,5.107,34470500,4.0782656581671155
csuEx72_bluelightbasal_JNL_10off_20on_20off,53,5.207,34610700,4.501577558060504
csuEx72_bluelightbasal_JNL_10off_20on_20off,54,5.307,34664200,4.663112412870035
csuEx72_bluelightbasal_JNL_10off_20on_20off,55,5.407,34605700,4.486480842657744
csuEx72_bluelightbasal_JNL_10off_20on_20off,56,5.507,34730600,4.863596793418687
csuEx72_bluelightbasal_JNL_10off_20on_20off,57,5.607,34958600,5.552007015784539
csuEx72_bluelightbasal_JNL_10off_20on_20off,58,5.707,34935400,5.481958256315733
csuEx72_bluelightbasal_JNL_10off_20on_20off,59,5.808,35133000,6.078580449032804
csuEx72_bluelightbasal_JNL_10off_20on_20off,60,5.907,34969600,5.58521978967061
csuEx72_bluelightbasal_JNL_10off_20on_20off,61,6.007,34871800,5.289928036392626
csuEx72_bluelightbasal_JNL_10off_20on_20off,62,6.107,35062600,5.8660186961619445
csuEx72_bluelightbasal_JNL_10off_20on_20off,63,6.207,34767800,4.975916356015221
csuEx72_bluelightbasal_JNL_10off_20on_20off,64,6.307,34775200,4.998259494811305
csuEx72_bluelightbasal_JNL_10off_20on_20off,65,6.407,34496200,4.155862775337302
csuEx72_bluelightbasal_JNL_10off_20on_20off,66,6.507,35162100,6.1664433326768675
csuEx72_bluelightbasal_JNL_10off_20on_20off,67,6.607,35179200,6.218074099354306
csuEx72_bluelightbasal_JNL_10off_20on_20off,68,6.707,35535600,7.294167973263033
csuEx72_bluelightbasal_JNL_10off_20on_20off,69,6.807,35212000,6.317108552396411
csuEx72_bluelightbasal_JNL_10off_20on_20off,70,6.908,35423800,6.956605416857322
csuEx72_bluelightbasal_JNL_10off_20on_20off,71,7.007,35273700,6.503402020466469
csuEx72_bluelightbasal_JNL_10off_20on_20off,72,7.108,35469800,7.095495198562713
csuEx72_bluelightbasal_JNL_10off_20on_20off,73,7.207,35479500,7.124782826444067
csuEx72_bluelightbasal_JNL_10off_20on_20off,74,7.307,35874500,8.3174233432621
csuEx72_bluelightbasal_JNL_10off_20on_20off,75,7.407,35554900,7.3524412947176865
csuEx72_bluelightbasal_JNL_10off_20on_20off,76,7.507,35817100,8.144113050438415
csuEx72_bluelightbasal_JNL_10off_20on_20off,77,7.607,35775900,8.019716115519673
csuEx72_bluelightbasal_JNL_10off_20on_20off,78,7.707,35291300,6.556542458684183
csuEx72_bluelightbasal_JNL_10off_20on_20off,79,7.807,35655400,7.655885274313159
csuEx72_bluelightbasal_JNL_10off_20on_20off,80,7.907,35750500,7.943024801273653
csuEx72_bluelightbasal_JNL_10off_20on_20off,81,8.007,35765700,7.988918816098043
csuEx72_bluelightbasal_JNL_10off_20on_20off,82,8.107,35540300,7.308358885741627
csuEx72_bluelightbasal_JNL_10off_20on_20off,83,8.207,35557600,7.3605935210351765
csuEx72_bluelightbasal_JNL_10off_20on_20off,84,8.307,35982500,8.643512395961714
csuEx72_bluelightbasal_JNL_10off_20on_20off,85,8.407,35957400,8.567726884639859
csuEx72_bluelightbasal_JNL_10off_20on_20off,86,8.507,36245300,9.436995757530775
csuEx72_bluelightbasal_JNL_10off_20on_20off,87,8.607,35760100,7.972010494846953
csuEx72_bluelightbasal_JNL_10off_20on_20off,88,8.707,35729000,7.878108925041786
csuEx72_bluelightbasal_JNL_10off_20on_20off,89,8.808,35946400,8.534514110753786
csuEx72_bluelightbasal_JNL_10off_20on_20off,90,8.907,36001000,8.699370242951925
csuEx72_bluelightbasal_JNL_10off_20on_20off,91,9.007,36173400,9.219904990039087
csuEx72_bluelightbasal_JNL_10off_20on_20off,92,9.107,35793200,8.071950750813222
csuEx72_bluelightbasal_JNL_10off_20on_20off,93,9.207,35558200,7.362405126883507
csuEx72_bluelightbasal_JNL_10off_20on_20off,94,9.307,35925500,8.471409840370251
csuEx72_bluelightbasal_JNL_10off_20on_20off,95,9.407,36070000,8.907704915510012
csuEx72_bluelightbasal_JNL_10off_20on_20off,96,9.507,36127600,9.081619076949806
csuEx72_bluelightbasal_JNL_10off_20on_20off,97,9.607,36300600,9.6039654298853
csuEx72_bluelightbasal_JNL_10off_20on_20off,98,9.707,36402700,9.912240358409656
csuEx72_bluelightbasal_JNL_10off_20on_20off,99,9.807,36255300,9.467189188336295
csuEx72_bluelightbasal_JNL_10off_20on_20off,100,9.907,35855000,8.258546153191336
csuEx72_bluelightbasal_JNL_10off_20on_20off,101,10.007,36091500,8.97262079174188
csuEx72_bluelightbasal_JNL_10off_20on_20off,102,10.108,36074700,8.921895827988607
csuEx72_bluelightbasal_JNL_10off_20on_20off,103,10.208,36232400,9.398046231791653
csuEx72_bluelightbasal_JNL_10off_20on_20off,104,10.308,36191700,9.275158968413189
csuEx72_bluelightbasal_JNL_10off_20on_20off,105,10.408,36122100,9.06501269000677
csuEx72_bluelightbasal_JNL_10off_20on_20off,106,10.508,35903100,8.403776555365885
csuEx72_bluelightbasal_JNL_10off_20on_20off,107,10.608,36296200,9.59068032033087
csuEx72_bluelightbasal_JNL_10off_20on_20off,108,10.707,36166700,9.199675391399389
csuEx72_bluelightbasal_JNL_10off_20on_20off,109,10.807,36287900,9.56561977276229
csuEx72_bluelightbasal_JNL_10off_20on_20off,110,10.907,36459800,10.084644848309175
csuEx72_bluelightbasal_JNL_10off_20on_20off,111,11.007,36395800,9.891406891153848
csuEx72_bluelightbasal_JNL_10off_20on_20off,112,11.107,36184000,9.251910026692938
csuEx72_bluelightbasal_JNL_10off_20on_20off,113,11.207,36236000,9.40891586688164
csuEx72_bluelightbasal_JNL_10off_20on_20off,114,11.307,36350400,9.754328715296788
csuEx72_bluelightbasal_JNL_10off_20on_20off,115,11.407,36244800,9.435486085990497
csuEx72_bluelightbasal_JNL_10off_20on_20off,116,11.507,36550100,10.35729152848302
csuEx72_bluelightbasal_JNL_10off_20on_20off,117,11.607,36565000,10.402279740383245
csuEx72_bluelightbasal_JNL_10off_20on_20off,118,11.707,36595000,10.492860032799802
csuEx72_bluelightbasal_JNL_10off_20on_20off,119,11.807,36732900,10.909227443607922
csuEx72_bluelightbasal_JNL_10off_20on_20off,120,11.907,36464300,10.09823189217166
csuEx72_bluelightbasal_JNL_10off_20on_20off,121,12.007,36569500,10.415866784245727
csuEx72_bluelightbasal_JNL_10off_20on_20off,122,12.107,36578200,10.442135069046529
csuEx72_bluelightbasal_JNL_10off_20on_20off,123,12.207,36815700,11.159229050677625
csuEx72_bluelightbasal_JNL_10off_20on_20off,124,12.307,36567500,10.409828098084624
csuEx72_bluelightbasal_JNL_10off_20on_20off,125,12.407,36175700,9.226849479124356
csuEx72_bluelightbasal_JNL_10off_20on_20off,126,12.507,36420500,9.965984665243482
csuEx72_bluelightbasal_JNL_10off_20on_20off,127,12.607,36611800,10.543584996553076
csuEx72_bluelightbasal_JNL_10off_20on_20off,128,12.708,36407400,9.926431270888251
csuEx72_bluelightbasal_JNL_10off_20on_20off,129,12.803,36405900,9.921902256267423
csuEx72_bluelightbasal_JNL_10off_20on_20off,130,12.903,36591700,10.48289620063398
csuEx72_bluelightbasal_JNL_10off_20on_20off,131,13.003,36345300,9.738930065585972
csuEx72_bluelightbasal_JNL_10off_20on_20off,132,13.103,36376300,9.832529701083084
csuEx72_bluelightbasal_JNL_10off_20on_20off,133,13.203,36279300,9.539653422269541
csuEx72_bluelightbasal_JNL_10off_20on_20off,134,13.303,36610600,10.539961784856414
csuEx72_bluelightbasal_JNL_10off_20on_20off,135,13.403,36820500,11.173721897464276
csuEx72_bluelightbasal_JNL_10off_20on_20off,136,13.503,36567500,10.409828098084624
csuEx72_bluelightbasal_JNL_10off_20on_20off,137,13.603,36388700,9.86996955528193
csuEx72_bluelightbasal_JNL_10off_20on_20off,138,13.703,36222900,9.36936247252641
csuEx72_bluelightbasal_JNL_10off_20on_20off,139,13.803,36591300,10.48168846340176
csuEx72_bluelightbasal_JNL_10off_20on_20off,140,13.903,36579600,10.446362149359302
csuEx72_bluelightbasal_JNL_10off_20on_20off,141,14.003,36745500,10.947271166422876
csuEx72_bluelightbasal_JNL_10off_20on_20off,142,14.103,36608400,10.533319230079199
csuEx72_bluelightbasal_JNL_10off_20on_20off,143,14.203,36507900,10.229875250483724
csuEx72_bluelightbasal_JNL_10off_20on_20off,144,14.303,36504800,10.220515286934013
csuEx72_bluelightbasal_JNL_10off_20on_20off,145,14.403,36341600,9.72775849618793
csuEx72_bluelightbasal_JNL_10off_20on_20off,146,14.503,36556300,10.376011455582441
csuEx72_bluelightbasal_JNL_10off_20on_20off,147,14.603,36813600,11.152888430208465
csuEx72_bluelightbasal_JNL_10off_20on_20off,148,14.703,36964200,11.607601498139594
csuEx72_bluelightbasal_JNL_10off_20on_20off,149,14.803,36434300,10.0076515997551
csuEx72_bluelightbasal_JNL_10off_20on_20off,150,14.903,36403700,9.915259701490209
csuEx72_bluelightbasal_JNL_10off_20on_20off,151,15.003,36479400,10.143823972687994
csuEx72_bluelightbasal_JNL_10off_20on_20off,152,15.103,36550500,10.35849926571524
csuEx72_bluelightbasal_JNL_10off_20on_20off,153,15.203,36928200,11.498905147239725
csuEx72_bluelightbasal_JNL_10off_20on_20off,154,15.303,36659500,10.687607661495406
csuEx72_bluelightbasal_JNL_10off_20on_20off,155,15.403,36708300,10.834951603826342
csuEx72_bluelightbasal_JNL_10off_20on_20off,156,15.503,36977100,11.646551023878715
csuEx72_bluelightbasal_JNL_10off_20on_20off,157,15.603,36666900,10.709950800291491
csuEx72_bluelightbasal_JNL_10off_20on_20off,158,15.703,36455700,10.072265541678911
csuEx72_bluelightbasal_JNL_10off_20on_20off,159,15.803,36730200,10.90107521729043
csuEx72_bluelightbasal_JNL_10off_20on_20off,160,15.903,36849000,11.259773175260007
csuEx72_bluelightbasal_JNL_10off_20on_20off,161,16.003,36713100,10.849444450612992
csuEx72_bluelightbasal_JNL_10off_20on_20off,162,16.103,37089600,11.986227120440814
csuEx72_bluelightbasal_JNL_10off_20on_20off,163,16.203,36892900,11.392322336496239
csuEx72_bluelightbasal_JNL_10off_20on_20off,164,16.303,36923100,11.483506497528909
csuEx72_bluelightbasal_JNL_10off_20on_20off,165,16.413,36574500,10.430963499648488
csuEx72_bluelightbasal_JNL_10off_20on_20off,166,16.503,37091100,11.990756135061641
csuEx72_bluelightbasal_JNL_10off_20on_20off,167,16.603,36881800,11.358807628302111
csuEx72_bluelightbasal_JNL_10off_20on_20off,168,16.703,36821200,11.17583543762066
csuEx72_bluelightbasal_JNL_10off_20on_20off,169,16.803,36852700,11.270944744658049
csuEx72_bluelightbasal_JNL_10off_20on_20off,170,16.903,36846300,11.251620948942517
csuEx72_bluelightbasal_JNL_10off_20on_20off,171,17.003,36733200,10.910133246532087
csuEx72_bluelightbasal_JNL_10off_20on_20off,172,17.103,36815200,11.15771937913735
csuEx72_bluelightbasal_JNL_10off_20on_20off,173,17.203,36620900,10.571061018586098
csuEx72_bluelightbasal_JNL_10off_20on_20off,174,17.303,37169900,12.228680369809137
csuEx72_bluelightbasal_JNL_10off_20on_20off,175,17.403,36698900,10.806569778869154
csuEx72_bluelightbasal_JNL_10off_20on_20off,176,17.503,36977000,11.646249089570661
csuEx72_bluelightbasal_JNL_10off_20on_20off,177,17.603,36997400,11.70784368841392
csuEx72_bluelightbasal_JNL_10off_20on_20off,178,17.703,37350400,12.77367179584877
csuEx72_bluelightbasal_JNL_10off_20on_20off,179,17.803,37391000,12.896257124919181
csuEx72_bluelightbasal_JNL_10off_20on_20off,180,17.903,37310000,12.65169033539447
csuEx72_bluelightbasal_JNL_10off_20on_20off,181,18.003,37406700,12.943660811283847
csuEx72_bluelightbasal_JNL_10off_20on_20off,182,18.103,37514300,13.26854212675124
csuEx72_bluelightbasal_JNL_10off_20on_20off,183,18.203,37570500,13.43822920787826
csuEx72_bluelightbasal_JNL_10off_20on_20off,184,18.303,37209100,12.347038618566776
csuEx72_bluelightbasal_JNL_10off_20on_20off,185,18.403,37328000,12.706038510844406
csuEx72_bluelightbasal_JNL_10off_20on_20off,186,18.503,37533700,13.327117382513947
csuEx72_bluelightbasal_JNL_10off_20on_20off,187,18.603,37298900,12.618175627200342
csuEx72_bluelightbasal_JNL_10off_20on_20off,188,18.713,37534300,13.328928988362279
csuEx72_bluelightbasal_JNL_10off_20on_20off,189,18.803,37507500,13.248010593803485
csuEx72_bluelightbasal_JNL_10off_20on_20off,190,18.903,37478500,13.160449644467478
csuEx72_bluelightbasal_JNL_10off_20on_20off,191,19.003,37780800,14.073197057718346
csuEx72_bluelightbasal_JNL_10off_20on_20off,192,19.103,37251800,12.475964568106344
csuEx72_bluelightbasal_JNL_10off_20on_20off,193,19.203,37646200,13.666793479076048
csuEx72_bluelightbasal_JNL_10off_20on_20off,194,19.303,37489400,13.193360484045497
csuEx72_bluelightbasal_JNL_10off_20on_20off,195,19.403,37681900,13.774584027051754
csuEx72_bluelightbasal_JNL_10off_20on_20off,196,19.503,37439900,13.043903001558174
csuEx72_bluelightbasal_JNL_10off_20on_20off,197,19.603,37435800,13.03152369492791
csuEx72_bluelightbasal_JNL_10off_20on_20off,198,19.703,37517100,13.276996287376786
csuEx72_bluelightbasal_JNL_10off_20on_20off,199,19.803,37266000,12.518839239850182
csuEx72_bluelightbasal_JNL_10off_20on_20off,200,19.903,37598900,13.52397855136594
csuEx72_bluelightbasal_JNL_10off_20on_20off,201,20.003,37337900,12.735930007341869
csuEx72_bluelightbasal_JNL_10off_20on_20off,202,20.103,37273400,12.541182378646267
csuEx72_bluelightbasal_JNL_10off_20on_20off,203,20.203,37666200,13.727180340687086
csuEx72_bluelightbasal_JNL_10off_20on_20off,204,20.303,36970300,11.626019490930963
csuEx72_bluelightbasal_JNL_10off_20on_20off,205,20.403,37253000,12.479587779803007
csuEx72_bluelightbasal_JNL_10off_20on_20off,206,20.503,37393500,12.903805482620562
csuEx72_bluelightbasal_JNL_10off_20on_20off,207,20.613,37474200,13.147466469221106
csuEx72_bluelightbasal_JNL_10off_20on_20off,208,20.703,37365700,12.819867744981217
csuEx72_bluelightbasal_JNL_10off_20on_20off,209,20.803,37565700,13.423736361091612
csuEx72_bluelightbasal_JNL_10off_20on_20off,210,20.903,37538600,13.341912163608654
csuEx72_bluelightbasal_JNL_10off_20on_20off,211,21.003,37609500,13.55598358801979
csuEx72_bluelightbasal_JNL_10off_20on_20off,212,21.103,37620500,13.589196361905861
csuEx72_bluelightbasal_JNL_10off_20on_20off,213,21.203,37353200,12.782125956474315
csuEx72_bluelightbasal_JNL_10off_20on_20off,214,21.303,37338100,12.736533875957981
csuEx72_bluelightbasal_JNL_10off_20on_20off,215,21.403,37142900,12.147158106634235
csuEx72_bluelightbasal_JNL_10off_20on_20off,216,21.503,37280400,12.56231778021013
csuEx72_bluelightbasal_JNL_10off_20on_20off,217,21.603,37433900,13.025786943074861
csuEx72_bluelightbasal_JNL_10off_20on_20off,218,21.703,37130500,12.109718252435389
csuEx72_bluelightbasal_JNL_10off_20on_20off,219,21.813,37326100,12.700301758991358
csuEx72_bluelightbasal_JNL_10off_20on_20off,220,21.903,37342800,12.750724788436576
csuEx72_bluelightbasal_JNL_10off_20on_20off,221,22.003,37579800,13.466309098527397
csuEx72_bluelightbasal_JNL_10off_20on_20off,222,22.103,37209500,12.348246355798995
csuEx72_bluelightbasal_JNL_10off_20on_20off,223,22.203,37317100,12.673127671266391
csuEx72_bluelightbasal_JNL_10off_20on_20off,224,22.303,37211600,12.354586976268155
csuEx72_bluelightbasal_JNL_10off_20on_20off,225,22.403,37372600,12.840701212237024
csuEx72_bluelightbasal_JNL_10off_20on_20off,226,22.503,37071700,11.932180879298933
csuEx72_bluelightbasal_JNL_10off_20on_20off,227,22.603,37177100,12.250419639989111
csuEx72_bluelightbasal_JNL_10off_20on_20off,228,22.711,37380200,12.863648219649221
csuEx72_bluelightbasal_JNL_10off_20on_20off,229,22.809,36939900,11.534231461282182
csuEx72_bluelightbasal_JNL_10off_20on_20off,230,22.909,37437600,13.036958512472903
csuEx72_bluelightbasal_JNL_10off_20on_20off,231,23.009,37252900,12.479285845494953
csuEx72_bluelightbasal_JNL_10off_20on_20off,232,23.109,37132600,12.11605887290455
csuEx72_bluelightbasal_JNL_10off_20on_20off,233,23.209,37113400,12.058087485757952
csuEx72_bluelightbasal_JNL_10off_20on_20off,234,23.309,37130500,12.109718252435389
csuEx72_bluelightbasal_JNL_10off_20on_20off,235,23.409,37177700,12.252231245837443
csuEx72_bluelightbasal_JNL_10off_20on_20off,236,23.509,37146800,12.158933544648388
csuEx72_bluelightbasal_JNL_10off_20on_20off,237,23.609,37280700,12.563223583134297
csuEx72_bluelightbasal_JNL_10off_20on_20off,238,23.709,37229600,12.40893515171809
csuEx72_bluelightbasal_JNL_10off_20on_20off,239,23.809,37098700,12.013703142473837
csuEx72_bluelightbasal_JNL_10off_20on_20off,240,23.909,37270400,12.532124349404612
csuEx72_bluelightbasal_JNL_10off_20on_20off,241,24.01,37312100,12.65803095586363
csuEx72_bluelightbasal_JNL_10off_20on_20off,242,24.109,37031200,11.809897484536577
csuEx72_bluelightbasal_JNL_10off_20on_20off,243,24.209,36961300,11.598845403205994
csuEx72_bluelightbasal_JNL_10off_20on_20off,244,24.309,37008900,11.742566133840269
csuEx72_bluelightbasal_JNL_10off_20on_20off,245,24.409,36999400,11.713882374575025
csuEx72_bluelightbasal_JNL_10off_20on_20off,246,24.509,37078400,11.952410477938631
csuEx72_bluelightbasal_JNL_10off_20on_20off,247,24.609,37150100,12.168897376814208
csuEx72_bluelightbasal_JNL_10off_20on_20off,248,24.709,37385000,12.87814106643587
csuEx72_bluelightbasal_JNL_10off_20on_20off,249,24.809,36758100,10.98531488923783
csuEx72_bluelightbasal_JNL_10off_20on_20off,250,24.909,37102600,12.025478580487988
csuEx72_bluelightbasal_JNL_10off_20on_20off,251,25.009,36967400,11.61726339599736
csuEx72_bluelightbasal_JNL_10off_20on_20off,252,25.109,36987000,11.676442520376181
csuEx72_bluelightbasal_JNL_10off_20on_20off,253,25.209,37038700,11.832542557640718
csuEx72_bluelightbasal_JNL_10off_20on_20off,254,25.309,36804000,11.123902736635168
csuEx72_bluelightbasal_JNL_10off_20on_20off,255,25.409,36874100,11.33555868658186
csuEx72_bluelightbasal_JNL_10off_20on_20off,256,25.509,36760800,10.993467115555323
csuEx72_bluelightbasal_JNL_10off_20on_20off,257,25.609,36491400,10.180056089654617
csuEx72_bluelightbasal_JNL_10off_20on_20off,258,25.709,36621200,10.571966821510264
csuEx72_bluelightbasal_JNL_10off_20on_20off,259,25.809,36358900,9.77999313148148
csuEx72_bluelightbasal_JNL_10off_20on_20off,260,25.909,36134500,9.102452544205615
csuEx72_bluelightbasal_JNL_10off_20on_20off,261,26.009,36167900,9.203298603096052
csuEx72_bluelightbasal_JNL_10off_20on_20off,262,26.109,36265300,9.497382619141813
csuEx72_bluelightbasal_JNL_10off_20on_20off,264,26.309,36386300,9.862723131888604
csuEx72_bluelightbasal_JNL_10off_20on_20off,265,26.409,36707900,10.833743866594121
csuEx72_bluelightbasal_JNL_10off_20on_20off,266,26.509,36701400,10.814118136570535
csuEx72_bluelightbasal_JNL_10off_20on_20off,267,26.609,36290400,9.573168130463669
csuEx72_bluelightbasal_JNL_10off_20on_20off,268,26.709,36640700,10.630844011581027
csuEx72_bluelightbasal_JNL_10off_20on_20off,269,26.809,36510000,10.236215870952885
csuEx72_bluelightbasal_JNL_10off_20on_20off,270,26.909,36454500,10.06864232998225
csuEx72_bluelightbasal_JNL_10off_20on_20off,271,27.009,36565200,10.402883608999353
csuEx72_bluelightbasal_JNL_10off_20on_20off,272,27.109,36370500,9.815017511215883
csuEx72_bluelightbasal_JNL_10off_20on_20off,273,27.209,36361900,9.789051160723137
csuEx72_bluelightbasal_JNL_10off_20on_20off,274,27.309,36311000,9.63536659792304
csuEx72_bluelightbasal_JNL_10off_20on_20off,275,27.409,36078600,8.933671266002758
csuEx72_bluelightbasal_JNL_10off_20on_20off,276,27.509,36432300,10.001612913593995
csuEx72_bluelightbasal_JNL_10off_20on_20off,277,27.609,36072100,8.914045535979172
csuEx72_bluelightbasal_JNL_10off_20on_20off,278,27.709,36281200,9.545390174122591
csuEx72_bluelightbasal_JNL_10off_20on_20off,279,27.809,36441900,10.030598607167294
csuEx72_bluelightbasal_JNL_10off_20on_20off,280,27.909,36205800,9.31773170584897
csuEx72_bluelightbasal_JNL_10off_20on_20off,281,28.009,36280700,9.543880502582315
csuEx72_bluelightbasal_JNL_10off_20on_20off,282,28.109,36304200,9.614835064975287
csuEx72_bluelightbasal_JNL_10off_20on_20off,283,28.209,36371100,9.816829117064215
csuEx72_bluelightbasal_JNL_10off_20on_20off,284,28.309,36292600,9.579810685240883
csuEx72_bluelightbasal_JNL_10off_20on_20off,285,28.409,36363500,9.793882109652019
csuEx72_bluelightbasal_JNL_10off_20on_20off,286,28.509,36250000,9.451186670009369
csuEx72_bluelightbasal_JNL_10off_20on_20off,287,28.609,35877500,8.326481372503755
csuEx72_bluelightbasal_JNL_10off_20on_20off,288,28.709,36127100,9.08010940540953
csuEx72_bluelightbasal_JNL_10off_20on_20off,289,28.809,36198700,9.296294369977053
csuEx72_bluelightbasal_JNL_10off_20on_20off,290,28.909,36263700,9.492551670212931
csuEx72_bluelightbasal_JNL_10off_20on_20off,291,29.009,36400900,9.906805540864664
csuEx72_bluelightbasal_JNL_10off_20on_20off,292,29.109,36243600,9.431862874293836
csuEx72_bluelightbasal_JNL_10off_20on_20off,293,29.209,36034400,8.800216301842362
csuEx72_bluelightbasal_JNL_10off_20on_20off,294,29.309,35833200,8.192724474035302
csuEx72_bluelightbasal_JNL_10off_20on_20off,295,29.409,36220900,9.363323786365306
csuEx72_bluelightbasal_JNL_10off_20on_20off,296,29.509,36381800,9.84913608802612
csuEx72_bluelightbasal_JNL_10off_20on_20off,297,29.609,36326800,9.683072218595761
csuEx72_bluelightbasal_JNL_10off_20on_20off,298,29.709,36304300,9.615136999283342
csuEx72_bluelightbasal_JNL_10off_20on_20off,299,29.809,36232200,9.397442363175545
csuEx72_bluelightbasal_JNL_10off_20on_20off,300,29.909,35920100,8.45510538773527
csuEx72_bluelightbasal_JNL_10off_20on_20off,301,30.009,35856900,8.264282905044384
csuEx72_bluelightbasal_JNL_10off_20on_20off,302,30.109,35750800,7.943930604197819
csuEx72_bluelightbasal_JNL_10off_20on_20off,303,30.209,35657700,7.662829763398429
csuEx72_bluelightbasal_JNL_10off_20on_20off,304,30.309,35680700,7.732274654251126
csuEx72_bluelightbasal_JNL_10off_20on_20off,305,30.409,35599600,7.487405930418359
csuEx72_bluelightbasal_JNL_10off_20on_20off,306,30.509,36014100,8.738923637307156
csuEx72_bluelightbasal_JNL_10off_20on_20off,307,30.609,35756600,7.961442794065022
csuEx72_bluelightbasal_JNL_10off_20on_20off,308,30.709,35927300,8.476844657915244
csuEx72_bluelightbasal_JNL_10off_20on_20off,309,30.809,35986500,8.655589768283921
csuEx72_bluelightbasal_JNL_10off_20on_20off,310,30.909,35528300,7.272126768775003
csuEx72_bluelightbasal_JNL_10off_20on_20off,311,31.009,35574300,7.411016550480394
csuEx72_bluelightbasal_JNL_10off_20on_20off,312,31.109,35836000,8.201178634660849
csuEx72_bluelightbasal_JNL_10off_20on_20off,313,31.209,35543400,7.317718849291338
csuEx72_bluelightbasal_JNL_10off_20on_20off,314,31.309,35793300,8.072252685121278
csuEx72_bluelightbasal_JNL_10off_20on_20off,315,31.409,35310800,6.615419648754947
csuEx72_bluelightbasal_JNL_10off_20on_20off,316,31.509,36005100,8.711749549582189
csuEx72_bluelightbasal_JNL_10off_20on_20off,317,31.609,35610600,7.5206187043044315
csuEx72_bluelightbasal_JNL_10off_20on_20off,318,31.709,35810900,8.125393123338993
csuEx72_bluelightbasal_JNL_10off_20on_20off,320,31.909,35482200,7.132935052761556
csuEx72_bluelightbasal_JNL_10off_20on_20off,321,32.009,35825200,8.168569729390887
csuEx72_bluelightbasal_JNL_10off_20on_20off,322,32.109,35517900,7.240725600737262
csuEx72_bluelightbasal_JNL_10off_20on_20off,323,32.209,35688200,7.754919727355265
csuEx72_bluelightbasal_JNL_10off_20on_20off,324,32.309,35690900,7.763071953672755
csuEx72_bluelightbasal_JNL_10off_20on_20off,325,32.409,35579200,7.425811331575099
csuEx72_bluelightbasal_JNL_10off_20on_20off,326,32.509,35627200,7.570739799441595
csuEx72_bluelightbasal_JNL_10off_20on_20off,327,32.609,35701800,7.795982793250772
csuEx72_bluelightbasal_JNL_10off_20on_20off,328,32.711,35343000,6.71264249594872
csuEx72_bluelightbasal_JNL_10off_20on_20off,329,32.81,35321500,6.6477266197168525
csuEx72_bluelightbasal_JNL_10off_20on_20off,330,32.91,35352200,6.740420452289799
csuEx72_bluelightbasal_JNL_10off_20on_20off,331,33.01,35442100,7.011859395231422
csuEx72_bluelightbasal_JNL_10off_20on_20off,332,33.11,35493300,7.166449760955684
csuEx72_bluelightbasal_JNL_10off_20on_20off,333,33.21,35559300,7.365726404272115
csuEx72_bluelightbasal_JNL_10off_20on_20off,334,33.31,35476000,7.114215125662135
csuEx72_bluelightbasal_JNL_10off_20on_20off,335,33.41,35335300,6.68939355422847
csuEx72_bluelightbasal_JNL_10off_20on_20off,336,33.51,35404200,6.897426292478502
csuEx72_bluelightbasal_JNL_10off_20on_20off,337,33.61,35462500,7.073453994074683
csuEx72_bluelightbasal_JNL_10off_20on_20off,338,33.71,35413100,6.924298445895414
csuEx72_bluelightbasal_JNL_10off_20on_20off,339,33.81,35177300,6.212337347501258
csuEx72_bluelightbasal_JNL_10off_20on_20off,340,33.91,35534000,7.2893370243341495
csuEx72_bluelightbasal_JNL_10off_20on_20off,341,34.01,34880100,5.314988583961208
csuEx72_bluelightbasal_JNL_10off_20on_20off,342,34.11,35416200,6.933658409445126
csuEx72_bluelightbasal_JNL_10off_20on_20off,343,34.21,35433700,6.986496913354785
csuEx72_bluelightbasal_JNL_10off_20on_20off,344,34.31,35061100,5.861489681541117
csuEx72_bluelightbasal_JNL_10off_20on_20off,345,34.41,35337900,6.697243846237906
csuEx72_bluelightbasal_JNL_10off_20on_20off,346,34.51,34949400,5.524229059443461
csuEx72_bluelightbasal_JNL_10off_20on_20off,347,34.61,34614600,4.513352996074657
csuEx72_bluelightbasal_JNL_10off_20on_20off,348,34.71,35190400,6.251890741856488
csuEx72_bluelightbasal_JNL_10off_20on_20off,349,34.81,34981100,5.619942235096958
csuEx72_bluelightbasal_JNL_10off_20on_20off,350,34.91,35268600,6.488003370755653
csuEx72_bluelightbasal_JNL_10off_20on_20off,351,35.01,35050200,5.8285788419631
csuEx72_bluelightbasal_JNL_10off_20on_20off,352,35.11,34939300,5.493733694329885
csuEx72_bluelightbasal_JNL_10off_20on_20off,353,35.21,34949800,5.525436796675681
csuEx72_bluelightbasal_JNL_10off_20on_20off,354,35.31,35179700,6.219583770894581
csuEx72_bluelightbasal_JNL_10off_20on_20off,355,35.41,34934900,5.4804485847754565
csuEx72_bluelightbasal_JNL_10off_20on_20off,356,35.51,35223500,6.351830997822759
csuEx72_bluelightbasal_JNL_10off_20on_20off,357,35.61,35023100,5.746754644480141
csuEx72_bluelightbasal_JNL_10off_20on_20off,358,35.71,35097500,5.971393769673209
csuEx72_bluelightbasal_JNL_10off_20on_20off,359,35.81,35097000,5.969884098132932
csuEx72_bluelightbasal_JNL_10off_20on_20off,360,35.91,34686400,4.730141829258288
csuEx72_bluelightbasal_JNL_10off_20on_20off,361,36.01,35084600,5.932444243934088
csuEx72_bluelightbasal_JNL_10off_20on_20off,362,36.11,35113500,6.019703258962041
csuEx72_bluelightbasal_JNL_10off_20on_20off,363,36.21,34859000,5.251280444961561
csuEx72_bluelightbasal_JNL_10off_20on_20off,364,36.31,34737300,4.883826392058385
csuEx72_bluelightbasal_JNL_10off_20on_20off,365,36.41,34841800,5.199347743976067
csuEx72_bluelightbasal_JNL_10off_20on_20off,366,36.51,34785300,5.02875485992488
csuEx72_bluelightbasal_JNL_10off_20on_20off,367,36.61,34840700,5.19602646658746
csuEx72_bluelightbasal_JNL_10off_20on_20off,368,36.71,34978000,5.610582271547247
csuEx72_bluelightbasal_JNL_10off_20on_20off,369,36.81,34842000,5.199951612592177
csuEx72_bluelightbasal_JNL_10off_20on_20off,370,36.91,34703700,4.782376464551838
csuEx72_bluelightbasal_JNL_10off_20on_20off,371,37.01,34873100,5.293853182397344
csuEx72_bluelightbasal_JNL_10off_20on_20off,372,37.11,34791300,5.0468709184081915
csuEx72_bluelightbasal_JNL_10off_20on_20off,373,37.21,34775900,5.000373034967692
csuEx72_bluelightbasal_JNL_10off_20on_20off,374,37.31,34736800,4.882316720518109
csuEx72_bluelightbasal_JNL_10off_20on_20off,375,37.41,34532600,4.265766863469394
csuEx72_bluelightbasal_JNL_10off_20on_20off,376,37.51,34946100,5.5142652272776385
csuEx72_bluelightbasal_JNL_10off_20on_20off,377,37.61,34710700,4.803511866115702
csuEx72_bluelightbasal_JNL_10off_20on_20off,378,37.71,35008900,5.703879972736303
csuEx72_bluelightbasal_JNL_10off_20on_20off,379,37.81,34319600,3.6226467873118215
csuEx72_bluelightbasal_JNL_10off_20on_20off,380,37.91,34967800,5.5797849721256165
csuEx72_bluelightbasal_JNL_10off_20on_20off,381,38.01,34880800,5.317102124117595
csuEx72_bluelightbasal_JNL_10off_20on_20off,382,38.11,34462700,4.05471478213881
csuEx72_bluelightbasal_JNL_10off_20on_20off,383,38.21,34838600,5.189685846118301
csuEx72_bluelightbasal_JNL_10off_20on_20off,384,38.31,34942800,5.504301395111817
csuEx72_bluelightbasal_JNL_10off_20on_20off,385,38.41,34723700,4.842763326162878
csuEx72_bluelightbasal_JNL_10off_20on_20off,386,38.51,34919300,5.433346832718846
csuEx72_bluelightbasal_JNL_10off_20on_20off,387,38.61,34747600,4.9149256257880705
csuEx72_bluelightbasal_JNL_10off_20on_20off,388,38.71,34738000,4.885939932214771
csuEx72_bluelightbasal_JNL_10off_20on_20off,389,38.81,34582300,4.415828214572827
csuEx72_bluelightbasal_JNL_10off_20on_20off,390,38.91,34472200,4.083398541404054
csuEx72_bluelightbasal_JNL_10off_20on_20off,391,39.01,34714900,4.81619310705402
csuEx72_bluelightbasal_JNL_10off_20on_20off,392,39.11,34318300,3.618721641307104
csuEx72_bluelightbasal_JNL_10off_20on_20off,393,39.21,34358900,3.741306970377514
csuEx72_bluelightbasal_JNL_10off_20on_20off,394,39.31,34280700,3.5051943414783495
csuEx72_bluelightbasal_JNL_10off_20on_20off,395,39.41,34691200,4.744634676044939
csuEx72_bluelightbasal_JNL_10off_20on_20off,396,39.51,34329400,3.652236349501231
csuEx72_bluelightbasal_JNL_10off_20on_20off,397,39.61,34621800,4.535092266254631
csuEx72_bluelightbasal_JNL_10off_20on_20off,398,39.71,34745800,4.909490808243076
csuEx72_bluelightbasal_JNL_10off_20on_20off,399,39.81,34377300,3.7968628830596716
csuEx72_bluelightbasal_JNL_10off_20on_20off,400,39.91,34538300,4.28297711902854
csuEx72_bluelightbasal_JNL_10off_20on_20off,401,40.01,34239100,3.3795896693273866
csuEx72_bluelightbasal_JNL_10off_20on_20off,402,40.11,34457300,4.038410329503829
csuEx72_bluelightbasal_JNL_10off_20on_20off,403,40.21,33880800,2.2977590435656117
csuEx72_bluelightbasal_JNL_10off_20on_20off,404,40.31,34736600,4.881712851901998
csuEx72_bluelightbasal_JNL_10off_20on_20off,405,40.41,34192700,3.239492150389775
csuEx72_bluelightbasal_JNL_10off_20on_20off,406,40.51,34300500,3.5649773344732787
csuEx72_bluelightbasal_JNL_10off_20on_20off,407,40.61,34066400,2.8581491193160597
csuEx72_bluelightbasal_JNL_10off_20on_20off,408,40.71,34434900,3.9707770444994654
csuEx72_bluelightbasal_JNL_10off_20on_20off,409,40.81,33846500,2.194195575902679
csuEx72_bluelightbasal_JNL_10off_20on_20off,410,40.91,34277800,3.496438246544749
csuEx72_bluelightbasal_JNL_10off_20on_20off,411,41.01,34196100,3.249757916863652
csuEx72_bluelightbasal_JNL_10off_20on_20off,412,41.11,34427200,3.947528102779215
csuEx72_bluelightbasal_JNL_10off_20on_20off,413,41.21,34212200,3.2983693404605385
csuEx72_bluelightbasal_JNL_10off_20on_20off,414,41.31,33974000,2.5791618186730565
csuEx72_bluelightbasal_JNL_10off_20on_20off,415,41.41,33912700,2.3940760878352196
csuEx72_bluelightbasal_JNL_10off_20on_20off,416,41.51,34091200,2.933028827713749
csuEx72_bluelightbasal_JNL_10off_20on_20off,417,41.61,34172400,3.17819948585457
csuEx72_bluelightbasal_JNL_10off_20on_20off,418,41.71,33886000,2.313459627584482
csuEx72_bluelightbasal_JNL_10off_20on_20off,419,41.81,34056100,2.827049885586374
csuEx72_bluelightbasal_JNL_10off_20on_20off,420,41.91,34023800,2.729525104084545
csuEx72_bluelightbasal_JNL_10off_20on_20off,421,42.01,33830000,2.144376415073571
csuEx72_bluelightbasal_JNL_10off_20on_20off,422,42.11,34026100,2.7364695931698146
csuEx72_bluelightbasal_JNL_10off_20on_20off,423,42.21,33720700,1.8143622163692394
csuEx72_bluelightbasal_JNL_10off_20on_20off,424,42.31,33838000,2.168531159717987
csuEx72_bluelightbasal_JNL_10off_20on_20off,425,42.41,34012700,2.696010395890418
csuEx72_bluelightbasal_JNL_10off_20on_20off,426,42.51,34043900,2.79021390000364
csuEx72_bluelightbasal_JNL_10off_20on_20off,427,42.61,33535900,1.256387615083233
csuEx72_bluelightbasal_JNL_10off_20on_20off,428,42.713,34052800,2.8170860534205526
csuEx72_bluelightbasal_JNL_10off_20on_20off,429,42.811,33878000,2.2893048829400664
csuEx72_bluelightbasal_JNL_10off_20on_20off,430,42.911,34012900,2.696614264506529
csuEx72_bluelightbasal_JNL_10off_20on_20off,431,43.011,34113400,3.0000582441020027
csuEx72_bluelightbasal_JNL_10off_20on_20off,432,43.111,34000600,2.6594763446157392
csuEx72_bluelightbasal_JNL_10off_20on_20off,433,43.211,34015500,2.7044645565159637
csuEx72_bluelightbasal_JNL_10off_20on_20off,434,43.311,33633900,1.5522832369773272
csuEx72_bluelightbasal_JNL_10off_20on_20off,435,43.411,33899300,2.3536168905558235
csuEx72_bluelightbasal_JNL_10off_20on_20off,436,43.511,33775200,1.9789164142593223
csuEx72_bluelightbasal_JNL_10off_20on_20off,437,43.612,33286200,0.502457647869403
csuEx72_bluelightbasal_JNL_10off_20on_20off,438,43.712,34011800,2.693292987117921
csuEx72_bluelightbasal_JNL_10off_20on_20off,439,43.812,33672500,1.668829879886634
csuEx72_bluelightbasal_JNL_10off_20on_20off,440,43.912,33541800,1.2742017392584897
csuEx72_bluelightbasal_JNL_10off_20on_20off,441,44.011,33615700,1.4973311929112811
csuEx72_bluelightbasal_JNL_10off_20on_20off,442,44.111,33874200,2.2778313792339686
csuEx72_bluelightbasal_JNL_10off_20on_20off,443,44.211,33858500,2.2304276928693025
csuEx72_bluelightbasal_JNL_10off_20on_20off,444,44.311,33472800,1.0658670667004029
csuEx72_bluelightbasal_JNL_10off_20on_20off,445,44.411,33159300,0.11930301094735629
csuEx72_bluelightbasal_JNL_10off_20on_20off,446,44.511,33525700,1.2255903156616028
csuEx72_bluelightbasal_JNL_10off_20on_20off,447,44.612,33778500,1.988880246425144
csuEx72_bluelightbasal_JNL_10off_20on_20off,448,44.712,33501100,1.151314475880024
csuEx72_bluelightbasal_JNL_10off_20on_20off,449,44.811,33204200,0.2548715152641403
csuEx72_bluelightbasal_JNL_10off_20on_20off,450,44.911,33600300,1.4508333094707806
csuEx72_bluelightbasal_JNL_10off_20on_20off,451,45.011,33297500.000000004,0.5365762246796515
csuEx72_bluelightbasal_JNL_10off_20on_20off,452,45.111,33980200,2.5978817457724785
csuEx72_bluelightbasal_JNL_10off_20on_20off,453,45.212,33439000,0.9638132705777458
csuEx72_bluelightbasal_JNL_10off_20on_20off,454,45.312,33344700,0.6790892180816939
csuEx72_bluelightbasal_JNL_10off_20on_20off,455,45.411,33543300,1.2787307538793176
csuEx72_bluelightbasal_JNL_10off_20on_20off,456,45.512,33645500,1.5873076167117302
csuEx72_bluelightbasal_JNL_10off_20on_20off,457,45.612,33630400,1.5417155361953954
csuEx72_bluelightbasal_JNL_10off_20on_20off,458,45.712,33390300,0.8167712625548643
csuEx72_bluelightbasal_JNL_10off_20on_20off,459,45.811,33374400,0.7687637075740877
csuEx72_bluelightbasal_JNL_10off_20on_20off,460,45.911,33370600,0.7572902038679903
csuEx72_bluelightbasal_JNL_10off_20on_20off,461,46.011,33325300.000000004,0.6205139623189967
csuEx72_bluelightbasal_JNL_10off_20on_20off,462,46.112,33430399.999999996,0.9378469200849875
csuEx72_bluelightbasal_JNL_10off_20on_20off,463,46.211,33426100,0.9248637448386252
csuEx72_bluelightbasal_JNL_10off_20on_20off,464,46.311,33350399.999999996,0.6962994736408289
csuEx72_bluelightbasal_JNL_10off_20on_20off,465,46.411,33526100,1.2267980528938234
csuEx72_bluelightbasal_JNL_10off_20on_20off,466,46.511,33477700,1.0806618477951075
csuEx72_bluelightbasal_JNL_10off_20on_20off,467,46.612,33424200,0.9191269929855765
csuEx72_bluelightbasal_JNL_10off_20on_20off,468,46.711,33447100,0.988269949530217
csuEx72_bluelightbasal_JNL_10off_20on_20off,469,46.811,33704200,1.7645430555401316
csuEx72_bluelightbasal_JNL_10off_20on_20off,470,46.912,33232300,0.339715055827651
csuEx72_bluelightbasal_JNL_10off_20on_20off,471,47.012,32994500.000000004,-0.37828472872759916
csuEx72_bluelightbasal_JNL_10off_20on_20off,472,47.112,33130900,0.03355366745967998
csuEx72_bluelightbasal_JNL_10off_20on_20off,473,47.212,33610200,1.4807248059682452
csuEx72_bluelightbasal_JNL_10off_20on_20off,474,47.311,33049100,-0.2134285965294722
csuEx72_bluelightbasal_JNL_10off_20on_20off,475,47.411,33182600,0.18965370472421747
csuEx72_bluelightbasal_JNL_10off_20on_20off,476,47.512,33217400,0.2947268439274265
csuEx72_bluelightbasal_JNL_10off_20on_20off,477,47.612,33388100,0.8101287077776499
csuEx72_bluelightbasal_JNL_10off_20on_20off,478,47.712,33328200,0.6292700572525862
csuEx72_bluelightbasal_JNL_10off_20on_20off,479,47.811,33110900,-0.026833194151359676
csuEx72_bluelightbasal_JNL_10off_20on_20off,480,47.911,33152400.000000004,0.09846954369155884
csuEx72_bluelightbasal_JNL_10off_20on_20off,481,48.011,32847100,-0.8233358988009728
csuEx72_bluelightbasal_JNL_10off_20on_20off,482,48.111,33218200.000000004,0.29714231839187927
csuEx72_bluelightbasal_JNL_10off_20on_20off,483,48.211,32976800,-0.4317271012533806
csuEx72_bluelightbasal_JNL_10off_20on_20off,484,48.311,33182700,0.18995563903227267
csuEx72_bluelightbasal_JNL_10off_20on_20off,485,48.412,33139300,0.058916149336316635
csuEx72_bluelightbasal_JNL_10off_20on_20off,486,48.512,32944000,-0.5307615542954855
csuEx72_bluelightbasal_JNL_10off_20on_20off,487,48.611,32997600,-0.3689247651778993
csuEx72_bluelightbasal_JNL_10off_20on_20off,488,48.711,32960200,-0.48184819639054344
csuEx72_bluelightbasal_JNL_10off_20on_20off,489,48.811,33152700,0.0993753466157132
csuEx72_bluelightbasal_JNL_10off_20on_20off,490,48.912,32935700,-0.555822101864067
csuEx72_bluelightbasal_JNL_10off_20on_20off,491,49.011,33028200,-0.27653286691300866
csuEx72_bluelightbasal_JNL_10off_20on_20off,492,49.111,32965200,-0.4667514809877835
csuEx72_bluelightbasal_JNL_10off_20on_20off,493,49.211,33149900,0.09092118599016764
csuEx72_bluelightbasal_JNL_10off_20on_20off,494,49.311,33148500,0.08669410567739487
csuEx72_bluelightbasal_JNL_10off_20on_20off,495,49.411,33020700,-0.2991779400171485
csuEx72_bluelightbasal_JNL_10off_20on_20off,496,49.511,32798200,-0.9709817754399646
csuEx72_bluelightbasal_JNL_10off_20on_20off,497,49.611,32597700,-1.5763600630906371
csuEx72_bluelightbasal_JNL_10off_20on_20off,498,49.711,32953000,-0.5035874665705178
csuEx72_bluelightbasal_JNL_10off_20on_20off,499,49.811,32970799.999999996,-0.4498431597367037
csuEx72_bluelightbasal_JNL_10off_20on_20off,500,49.912,32596599.999999996,-1.5796813404792558
csuEx72_bluelightbasal_JNL_10off_20on_20off,501,50.012,32952800,-0.5041913351866281
csuEx72_bluelightbasal_JNL_10off_20on_20off,502,50.112,32868500,-0.7587219568771603
csuEx72_bluelightbasal_JNL_10off_20on_20off,503,50.212,32816500,-0.9157277970658634
csuEx72_bluelightbasal_JNL_10off_20on_20off,504,50.312,32739100,-1.1494249515005868
csuEx72_bluelightbasal_JNL_10off_20on_20off,505,50.412,33081500,-0.11560188071958796
csuEx72_bluelightbasal_JNL_10off_20on_20off,506,50.512,33047300,-0.21886341407446577
csuEx72_bluelightbasal_JNL_10off_20on_20off,507,50.612,32810000,-0.9353535270894513
csuEx72_bluelightbasal_JNL_10off_20on_20off,508,50.712,32883500,-0.7134318106688805
csuEx72_bluelightbasal_JNL_10off_20on_20off,509,50.812,32898500,-0.6681416644606007
csuEx72_bluelightbasal_JNL_10off_20on_20off,510,50.912,32621500,-1.5044996977735001
csuEx72_bluelightbasal_JNL_10off_20on_20off,511,51.012,32796300,-0.9767185272930134
csuEx72_bluelightbasal_JNL_10off_20on_20off,512,51.112,32836300,-0.8559448040709341
csuEx72_bluelightbasal_JNL_10off_20on_20off,513,51.212,32675400,-1.3417571057317481
csuEx72_bluelightbasal_JNL_10off_20on_20off,514,51.312,32760400,-1.0851129438848295
csuEx72_bluelightbasal_JNL_10off_20on_20off,515,51.412,32838200,-0.8502080522178853
csuEx72_bluelightbasal_JNL_10off_20on_20off,516,51.512,32706000,-1.2493652074668575
csuEx72_bluelightbasal_JNL_10off_20on_20off,517,51.612,32519000,-1.813982363530078
csuEx72_bluelightbasal_JNL_10off_20on_20off,518,51.712,32685399.999999996,-1.3115636749262396
csuEx72_bluelightbasal_JNL_10off_20on_20off,519,51.812,32518300,-1.8160959036864643
csuEx72_bluelightbasal_JNL_10off_20on_20off,520,51.912,32803800,-0.9540734541888736
csuEx72_bluelightbasal_JNL_10off_20on_20off,521,52.012,32536700,-1.760539991004308
csuEx72_bluelightbasal_JNL_10off_20on_20off,522,52.112,32349700,-2.3251571470675287
csuEx72_bluelightbasal_JNL_10off_20on_20off,523,52.212,32860400,-0.7831786358296313
csuEx72_bluelightbasal_JNL_10off_20on_20off,524,52.312,32748300,-1.1216469951595085
csuEx72_bluelightbasal_JNL_10off_20on_20off,525,52.412,32759299.999999996,-1.088434221273448
csuEx72_bluelightbasal_JNL_10off_20on_20off,526,52.512,32396700,-2.1832480222815858
csuEx72_bluelightbasal_JNL_10off_20on_20off,527,52.612,32429700,-2.08360970062337
csuEx72_bluelightbasal_JNL_10off_20on_20off,528,52.715,32388800,-2.207100832617946
csuEx72_bluelightbasal_JNL_10off_20on_20off,529,52.813,32769700,-1.0570330532356962
csuEx72_bluelightbasal_JNL_10off_20on_20off,530,52.913,32539500,-1.7520858303787623
csuEx72_bluelightbasal_JNL_10off_20on_20off,531,53.013,32919700,-0.6041315911528987
csuEx72_bluelightbasal_JNL_10off_20on_20off,532,53.113,32420900,-2.1101799197322277
csuEx72_bluelightbasal_JNL_10off_20on_20off,533,53.213,32623800,-1.4975552086882304
csuEx72_bluelightbasal_JNL_10off_20on_20off,534,53.313,32438500,-2.0570394815145128
csuEx72_bluelightbasal_JNL_10off_20on_20off,535,53.413,32563500,-1.679621596445515
csuEx72_bluelightbasal_JNL_10off_20on_20off,536,53.513,32359800,-2.294661781953954
csuEx72_bluelightbasal_JNL_10off_20on_20off,537,53.613,32449600,-2.0235247733203856
csuEx72_bluelightbasal_JNL_10off_20on_20off,538,53.713,32620200,-1.5084248437782175
csuEx72_bluelightbasal_JNL_10off_20on_20off,539,53.813,32577900,-1.6361430560855663
csuEx72_bluelightbasal_JNL_10off_20on_20off,540,53.913,32517200,-1.8194171810750719
csuEx72_bluelightbasal_JNL_10off_20on_20off,541,54.013,32332800,-2.3761840451288574
csuEx72_bluelightbasal_JNL_10off_20on_20off,542,54.113,32090400,-3.108072807854658
csuEx72_bluelightbasal_JNL_10off_20on_20off,543,54.213,32507300,-1.8493086775725365
csuEx72_bluelightbasal_JNL_10off_20on_20off,544,54.314,32315100,-2.4296264176546276
csuEx72_bluelightbasal_JNL_10off_20on_20off,545,54.414,32529200,-1.7831850641084481
csuEx72_bluelightbasal_JNL_10off_20on_20off,546,54.514,32366000,-2.275941854854531
csuEx72_bluelightbasal_JNL_10off_20on_20off,547,54.614,32443000,-2.043452437652029
csuEx72_bluelightbasal_JNL_10off_20on_20off,548,54.714,32248199.999999996,-2.6316204697435666
csuEx72_bluelightbasal_JNL_10off_20on_20off,549,54.813,32736400,-1.1575771778180772
csuEx72_bluelightbasal_JNL_10off_20on_20off,550,54.913,32449499.999999996,-2.023826707628452
csuEx72_bluelightbasal_JNL_10off_20on_20off,551,55.013,32547400,-1.7282330200424019
csuEx72_bluelightbasal_JNL_10off_20on_20off,552,55.113,32230700,-2.6844589736532147
csuEx72_bluelightbasal_JNL_10off_20on_20off,553,55.213,32209100,-2.7496767841931375
csuEx72_bluelightbasal_JNL_10off_20on_20off,554,55.313,32479200,-1.934152218136047
csuEx72_bluelightbasal_JNL_10off_20on_20off,555,55.413,32364400,-2.2807728037834147
csuEx72_bluelightbasal_JNL_10off_20on_20off,556,55.513,32127700,-2.995451310950069
csuEx72_bluelightbasal_JNL_10off_20on_20off,557,55.613,32315900,-2.4272109431901856
csuEx72_bluelightbasal_JNL_10off_20on_20off,558,55.713,32066600,-3.1799331731717952
csuEx72_bluelightbasal_JNL_10off_20on_20off,559,55.813,31778600,-4.0495039803707655
csuEx72_bluelightbasal_JNL_10off_20on_20off,560,55.913,32077600,-3.1467203992857233
csuEx72_bluelightbasal_JNL_10off_20on_20off,561,56.013,32145900,-2.940499266884023
csuEx72_bluelightbasal_JNL_10off_20on_20off,562,56.113,32470400,-1.9607224372449046
csuEx72_bluelightbasal_JNL_10off_20on_20off,563,56.213,32060500,-3.198351165963162
csuEx72_bluelightbasal_JNL_10off_20on_20off,564,56.313,32011200,-3.347204779834375
csuEx72_bluelightbasal_JNL_10off_20on_20off,565,56.413,32218600,-2.720993024927894
csuEx72_bluelightbasal_JNL_10off_20on_20off,566,56.513,31960099.999999996,-3.5014932112505925
csuEx72_bluelightbasal_JNL_10off_20on_20off,567,56.613,32222800,-2.7083117839895756
csuEx72_bluelightbasal_JNL_10off_20on_20off,568,56.713,31824100,-3.9121238702056504
csuEx72_bluelightbasal_JNL_10off_20on_20off,569,56.813,31764300,-4.092680586422659
csuEx72_bluelightbasal_JNL_10off_20on_20off,570,56.913,32114100,-3.036514376845576
csuEx72_bluelightbasal_JNL_10off_20on_20off,571,57.013,31992300,-3.4042703640568073
csuEx72_bluelightbasal_JNL_10off_20on_20off,572,57.113,31799300,-3.9870035786033404
csuEx72_bluelightbasal_JNL_10off_20on_20off,573,57.213,31960799.999999996,-3.4993796710942062
csuEx72_bluelightbasal_JNL_10off_20on_20off,574,57.313,32034300,-3.2774579546736247
csuEx72_bluelightbasal_JNL_10off_20on_20off,575,57.413,31993500,-3.400647152360145
csuEx72_bluelightbasal_JNL_10off_20on_20off,576,57.513,31827800,-3.9009523008076084
csuEx72_bluelightbasal_JNL_10off_20on_20off,577,57.613,31913100,-3.643402336036525
csuEx72_bluelightbasal_JNL_10off_20on_20off,578,57.713,32180000,-2.8375396678372002
csuEx72_bluelightbasal_JNL_10off_20on_20off,579,57.813,31876400,-3.754212227092782
csuEx72_bluelightbasal_JNL_10off_20on_20off,580,57.913,31931400,-3.588148357662423
csuEx72_bluelightbasal_JNL_10off_20on_20off,581,58.013,32001600,-3.3761904734076738
csuEx72_bluelightbasal_JNL_10off_20on_20off,582,58.114,31912900,-3.644006204652635
csuEx72_bluelightbasal_JNL_10off_20on_20off,583,58.213,31859300,-3.8058429937702214
csuEx72_bluelightbasal_JNL_10off_20on_20off,584,58.314,31996900,-3.390381385886268
csuEx72_bluelightbasal_JNL_10off_20on_20off,585,58.414,31751100,-4.1325359150859455
csuEx72_bluelightbasal_JNL_10off_20on_20off,586,58.514,31834100,-3.881930439400131
csuEx72_bluelightbasal_JNL_10off_20on_20off,587,58.614,31868400,-3.778366971737198
csuEx72_bluelightbasal_JNL_10off_20on_20off,588,58.714,31555600,-4.722817487333858
csuEx72_bluelightbasal_JNL_10off_20on_20off,589,58.814,31419900,-5.132542343364762
csuEx72_bluelightbasal_JNL_10off_20on_20off,590,58.914,31701400,-4.282597266189379
csuEx72_bluelightbasal_JNL_10off_20on_20off,591,59.014,31934500,-3.578788394112712
csuEx72_bluelightbasal_JNL_10off_20on_20off,592,59.114,31440900,-5.069136138673171
csuEx72_bluelightbasal_JNL_10off_20on_20off,593,59.214,31590800,-4.616536610898429
csuEx72_bluelightbasal_JNL_10off_20on_20off,594,59.314,31460400,-5.010258948602407
csuEx72_bluelightbasal_JNL_10off_20on_20off,595,59.414,31535000.000000004,-4.785015954793217
csuEx72_bluelightbasal_JNL_10off_20on_20off,596,59.514,31392699.999999996,-5.214668475155788
csuEx72_bluelightbasal_JNL_10off_20on_20off,597,59.614,31829400,-3.896121351878725
csuEx72_bluelightbasal_JNL_10off_20on_20off,598,59.714,31512100,-4.854158911337869
csuEx72_bluelightbasal_JNL_10off_20on_20off,599,59.814,31400100.000000004,-5.19232533635968
csuEx72_bluelightbasal_JNL_10off_20on_20off,600,59.914,31706500.000000004,-4.267198616478553
