stim_jnl,frame,time_s,fluor,dff
csuEx72_bluelightbasal_JNL_10off_20on_20off,2,0.1,35287200,18.74661517774652
csuEx72_bluelightbasal_JNL_10off_20on_20off,3,0.2,34120900,14.821844232990186
csuEx72_bluelightbasal_JNL_10off_20on_20off,4,0.3,33503000,12.742519902402053
csuEx72_bluelightbasal_JNL_10off_20on_20off,5,0.41,32903100,10.723768217793182
csuEx72_bluelightbasal_JNL_10off_20on_20off,6,0.5,32735300,10.159096551386499
csuEx72_bluelightbasal_JNL_10off_20on_20off,7,0.6,32103000,8.031314104014957
csuEx72_bluelightbasal_JNL_10off_20on_20off,8,0.7,31791200,6.982061269774173
csuEx72_bluelightbasal_JNL_10off_20on_20off,9,0.8,31546599.999999996,6.1589463138559575
csuEx72_bluelightbasal_JNL_10off_20on_20off,10,0.9,31549999.999999996,6.170387813652041
csuEx72_bluelightbasal_JNL_10off_20on_20off,11,1,31098900,4.652370002471754
csuEx72_bluelightbasal_JNL_10off_20on_20off,12,1.1,31290700,5.297805196850787
csuEx72_bluelightbasal_JNL_10off_20on_20off,13,1.199,30814900,3.696668254798943
csuEx72_bluelightbasal_JNL_10off_20on_20off,14,1.299,30755600,3.4971150377672613
csuEx72_bluelightbasal_JNL_10off_20on_20off,15,1.399,30961000,4.188316231330625
csuEx72_bluelightbasal_JNL_10off_20on_20off,16,1.499,30496800,2.6262149944654185
csuEx72_bluelightbasal_JNL_10off_20on_20off,17,1.599,30570400.000000004,2.873889813580638
csuEx72_bluelightbasal_JNL_10off_20on_20off,18,1.699,30351499.999999996,2.137259135532802
csuEx72_bluelightbasal_JNL_10off_20on_20off,19,1.799,30470400,2.537375113695833
csuEx72_bluelightbasal_JNL_10off_20on_20off,20,1.899,30333500,2.076686489553552
csuEx72_bluelightbasal_JNL_10off_20on_20off,21,1.999,29769899.999999996,0.1800896410028486
csuEx72_bluelightbasal_JNL_10off_20on_20off,22,2.099,30104300,1.3053947974176074
csuEx72_bluelightbasal_JNL_10off_20on_20off,23,2.199,29709200,-0.024174781827207923
csuEx72_bluelightbasal_JNL_10off_20on_20off,24,2.299,29656600,-0.20118151396660883
csuEx72_bluelightbasal_JNL_10off_20on_20off,25,2.399,29650100,-0.22305496945912032
csuEx72_bluelightbasal_JNL_10off_20on_20off,26,2.509,29711800,-0.015425399630203314
csuEx72_bluelightbasal_JNL_10off_20on_20off,27,2.599,29439200,-0.9327644715161478
csuEx72_bluelightbasal_JNL_10off_20on_20off,28,2.699,29223100,-1.6599727379671845
csuEx72_bluelightbasal_JNL_10off_20on_20off,29,2.799,29311700,-1.3618207138692584
csuEx72_bluelightbasal_JNL_10off_20on_20off,30,2.899,29231600.000000004,-1.6313689884769647
csuEx72_bluelightbasal_JNL_10off_20on_20off,31,2.999,29310600,-1.365522375567991
csuEx72_bluelightbasal_JNL_10off_20on_20off,32,3.099,29145400,-1.9214446597776687
csuEx72_bluelightbasal_JNL_10off_20on_20off,33,3.199,29207200.000000004,-1.713478575248854
csuEx72_bluelightbasal_JNL_10off_20on_20off,34,3.299,29219500,-1.6720872671630371
csuEx72_bluelightbasal_JNL_10off_20on_20off,35,3.399,29098700,-2.0785970246238668
csuEx72_bluelightbasal_JNL_10off_20on_20off,36,3.499,28782400,-3.142993020359466
csuEx72_bluelightbasal_JNL_10off_20on_20off,37,3.599,28779900,-3.151405887856585
csuEx72_bluelightbasal_JNL_10off_20on_20off,38,3.699,28571600,-3.852366007716608
csuEx72_bluelightbasal_JNL_10off_20on_20off,39,3.799,28777499.999999996,-3.1594822406538325
csuEx72_bluelightbasal_JNL_10off_20on_20off,40,3.909,28620400,-3.688146834172829
csuEx72_bluelightbasal_JNL_10off_20on_20off,41,4.009,28743500,-3.2738972386146497
csuEx72_bluelightbasal_JNL_10off_20on_20off,42,4.109,28559800,-3.8920747423030138
csuEx72_bluelightbasal_JNL_10off_20on_20off,43,4.209,28223200,-5.024783222115225
csuEx72_bluelightbasal_JNL_10off_20on_20off,44,4.309,28553700,-3.912602138995986
csuEx72_bluelightbasal_JNL_10off_20on_20off,45,4.409,28173100,-5.193377086757507
csuEx72_bluelightbasal_JNL_10off_20on_20off,46,4.509,28278500.000000004,-4.838690593078923
csuEx72_bluelightbasal_JNL_10off_20on_20off,47,4.609,28348100,-4.60447636195912
csuEx72_bluelightbasal_JNL_10off_20on_20off,48,4.709,28117100,-5.38182531869299
csuEx72_bluelightbasal_JNL_10off_20on_20off,49,4.809,28146500,-5.282889996926862
csuEx72_bluelightbasal_JNL_10off_20on_20off,50,4.909,27990400.000000004,-5.80818944344701
csuEx72_bluelightbasal_JNL_10off_20on_20off,51,5.009,27936600,-5.989234351985041
csuEx72_bluelightbasal_JNL_10off_20on_20off,52,5.109,27999700,-5.776893576357737
csuEx72_bluelightbasal_JNL_10off_20on_20off,53,5.209,27802699.999999996,-6.4398275351307905
csuEx72_bluelightbasal_JNL_10off_20on_20off,54,5.309,27995100,-5.792373252552437
csuEx72_bluelightbasal_JNL_10off_20on_20off,55,5.409,27605800,-7.102424979203935
csuEx72_bluelightbasal_JNL_10off_20on_20off,56,5.509,27657300,-6.9291199087632664
csuEx72_bluelightbasal_JNL_10off_20on_20off,57,5.609,27913199.999999996,-6.067978791758095
csuEx72_bluelightbasal_JNL_10off_20on_20off,58,5.709,27663700.000000004,-6.907582967970627
csuEx72_bluelightbasal_JNL_10off_20on_20off,59,5.809,27679500,-6.854413645388843
csuEx72_bluelightbasal_JNL_10off_20on_20off,60,5.909,27677500,-6.8611439393865385
csuEx72_bluelightbasal_JNL_10off_20on_20off,61,6.009,27532400,-7.349426768919372
csuEx72_bluelightbasal_JNL_10off_20on_20off,62,6.109,27339699.999999996,-7.99789059559738
csuEx72_bluelightbasal_JNL_10off_20on_20off,63,6.209,27457300,-7.6021493085328515
csuEx72_bluelightbasal_JNL_10off_20on_20off,64,6.309,27295000,-8.14831266644587
csuEx72_bluelightbasal_JNL_10off_20on_20off,65,6.409,27391100,-7.824922039856584
csuEx72_bluelightbasal_JNL_10off_20on_20off,66,6.509,27252100,-8.292677472696445
csuEx72_bluelightbasal_JNL_10off_20on_20off,67,6.609,27391500,-7.823575981057044
csuEx72_bluelightbasal_JNL_10off_20on_20off,68,6.709,27258300.000000004,-8.271813561303576
csuEx72_bluelightbasal_JNL_10off_20on_20off,69,6.809,27229199.999999996,-8.369739338970076
csuEx72_bluelightbasal_JNL_10off_20on_20off,70,6.909,27072300,-8.897730903089302
csuEx72_bluelightbasal_JNL_10off_20on_20off,71,7.009,26776399.999999996,-9.893477900048417
csuEx72_bluelightbasal_JNL_10off_20on_20off,72,7.109,26834200,-9.698972403514993
csuEx72_bluelightbasal_JNL_10off_20on_20off,73,7.209,27148200,-8.642316245876746
csuEx72_bluelightbasal_JNL_10off_20on_20off,74,7.309,26940700,-9.34058424813769
csuEx72_bluelightbasal_JNL_10off_20on_20off,75,7.409,26865700,-9.592970273051286
csuEx72_bluelightbasal_JNL_10off_20on_20off,76,7.509,26869400,-9.580519229155547
csuEx72_bluelightbasal_JNL_10off_20on_20off,77,7.609,26930299.999999996,-9.37558177692572
csuEx72_bluelightbasal_JNL_10off_20on_20off,78,7.709,26803499.999999996,-9.802282416379636
csuEx72_bluelightbasal_JNL_10off_20on_20off,79,7.809,26698700,-10.154949821858889
csuEx72_bluelightbasal_JNL_10off_20on_20off,80,7.909,27008899.999999996,-9.111081222816274
csuEx72_bluelightbasal_JNL_10off_20on_20off,81,8.009,26976600,-9.21977547087905
csuEx72_bluelightbasal_JNL_10off_20on_20off,82,8.109,26711299.999999996,-10.112548969673417
csuEx72_bluelightbasal_JNL_10off_20on_20off,83,8.209,27078800,-8.875857447596792
csuEx72_bluelightbasal_JNL_10off_20on_20off,84,8.309,26940700,-9.34058424813769
csuEx72_bluelightbasal_JNL_10off_20on_20off,85,8.409,27341400,-7.992169845699326
csuEx72_bluelightbasal_JNL_10off_20on_20off,86,8.509,27223200,-8.389930220963151
csuEx72_bluelightbasal_JNL_10off_20on_20off,87,8.609,27134100,-8.689764818560501
csuEx72_bluelightbasal_JNL_10off_20on_20off,88,8.709,27189400,-8.503672189524211
csuEx72_bluelightbasal_JNL_10off_20on_20off,89,8.809,26934200,-9.362457703630202
csuEx72_bluelightbasal_JNL_10off_20on_20off,90,8.909,26889599.999999996,-9.512543259778832
csuEx72_bluelightbasal_JNL_10off_20on_20off,91,9.009,26889200,-9.513889318578359
csuEx72_bluelightbasal_JNL_10off_20on_20off,92,9.109,26746900,-9.9927497365144191
csuEx72_bluelightbasal_JNL_10off_20on_20off,93,9.209,26651400,-10.314121274904394
csuEx72_bluelightbasal_JNL_10off_20on_20off,94,9.309,26780800,-9.878671253253474
csuEx72_bluelightbasal_JNL_10off_20on_20off,95,9.409,26634100,-10.372338317984465
csuEx72_bluelightbasal_JNL_10off_20on_20off,96,9.509,26457099.999999996,-10.96796933678056
csuEx72_bluelightbasal_JNL_10off_20on_20off,97,9.609,26713900,-10.103799587476399
csuEx72_bluelightbasal_JNL_10off_20on_20off,98,9.709,26398700,-11.164493921513266
csuEx72_bluelightbasal_JNL_10off_20on_20off,99,9.809,26371500,-11.256025919881928
csuEx72_bluelightbasal_JNL_10off_20on_20off,100,9.909,26252800,-11.655468868645178
csuEx72_bluelightbasal_JNL_10off_20on_20off,101,10.009,26365200,-11.277226345974672
csuEx72_bluelightbasal_JNL_10off_20on_20off,102,10.109,26347700,-11.33611641845451
csuEx72_bluelightbasal_JNL_10off_20on_20off,103,10.209,26105700,-12.150481992175708
csuEx72_bluelightbasal_JNL_10off_20on_20off,104,10.309,26103100,-12.159231374372713
csuEx72_bluelightbasal_JNL_10off_20on_20off,105,10.409,26046600,-12.34936217980762
csuEx72_bluelightbasal_JNL_10off_20on_20off,106,10.509,26377600,-11.235498523188957
csuEx72_bluelightbasal_JNL_10off_20on_20off,107,10.609,26204100,-11.819351527489072
csuEx72_bluelightbasal_JNL_10off_20on_20off,108,10.709,26277800,-11.571340193673981
csuEx72_bluelightbasal_JNL_10off_20on_20off,109,10.809,26049900,-12.33825719471142
csuEx72_bluelightbasal_JNL_10off_20on_20off,110,10.909,26012900,-12.462767633668795
csuEx72_bluelightbasal_JNL_10off_20on_20off,111,11.009,26085400,-12.21879447625232
csuEx72_bluelightbasal_JNL_10off_20on_20off,112,11.109,25979000,-12.57684611692974
csuEx72_bluelightbasal_JNL_10off_20on_20off,113,11.209,26149400,-12.003425068326054
csuEx72_bluelightbasal_JNL_10off_20on_20off,114,11.309,26207300,-11.808583057092758
csuEx72_bluelightbasal_JNL_10off_20on_20off,115,11.409,25891500,-12.871296479328933
csuEx72_bluelightbasal_JNL_10off_20on_20off,116,11.509,25682800,-13.573602657988495
csuEx72_bluelightbasal_JNL_10off_20on_20off,117,11.609,25688200,-13.555430864194717
csuEx72_bluelightbasal_JNL_10off_20on_20off,118,11.709,26028600,-12.409934825786884
csuEx72_bluelightbasal_JNL_10off_20on_20off,119,11.809,25788400,-13.218243134910153
csuEx72_bluelightbasal_JNL_10off_20on_20off,120,11.909,25736800,-13.39188472005071
csuEx72_bluelightbasal_JNL_10off_20on_20off,121,12.009,25839100,-13.047630182068565
csuEx72_bluelightbasal_JNL_10off_20on_20off,122,12.109,25467399.999999996,-14.298455321540352
csuEx72_bluelightbasal_JNL_10off_20on_20off,123,12.209,25737100,-13.390875175951052
csuEx72_bluelightbasal_JNL_10off_20on_20off,124,12.309,25432800.000000004,-14.414889407700466
csuEx72_bluelightbasal_JNL_10off_20on_20off,125,12.409,25761900,-13.307419530379624
csuEx72_bluelightbasal_JNL_10off_20on_20off,126,12.509,25414800,-14.475462053679738
csuEx72_bluelightbasal_JNL_10off_20on_20off,127,12.609,25712600,-13.473321277422828
csuEx72_bluelightbasal_JNL_10off_20on_20off,128,12.709,25839900,-13.044938064469486
csuEx72_bluelightbasal_JNL_10off_20on_20off,129,12.809,25381600,-14.587184934041492
csuEx72_bluelightbasal_JNL_10off_20on_20off,130,12.909,25338100,-14.733568828491375
csuEx72_bluelightbasal_JNL_10off_20on_20off,131,13.009,25679900,-13.583361584285155
csuEx72_bluelightbasal_JNL_10off_20on_20off,132,13.109,25416500.000000004,-14.469741303781685
csuEx72_bluelightbasal_JNL_10off_20on_20off,133,13.209,25408900,-14.495316420972943
csuEx72_bluelightbasal_JNL_10off_20on_20off,134,13.309,25211199.999999996,-15.160605982645189
csuEx72_bluelightbasal_JNL_10off_20on_20off,135,13.409,25301999.999999996,-14.8550506351498
csuEx72_bluelightbasal_JNL_10off_20on_20off,136,13.509,25332800,-14.75140410758527
csuEx72_bluelightbasal_JNL_10off_20on_20off,137,13.609,25192500,-15.223534231523633
csuEx72_bluelightbasal_JNL_10off_20on_20off,138,13.709,25570600,-13.951172151259234
csuEx72_bluelightbasal_JNL_10off_20on_20off,139,13.809,25703900,-13.502598056312804
csuEx72_bluelightbasal_JNL_10off_20on_20off,140,13.909,25397300,-14.534352126159577
csuEx72_bluelightbasal_JNL_10off_20on_20off,141,14.009,25296200,-14.874568487743103
csuEx72_bluelightbasal_JNL_10off_20on_20off,142,14.109,25603900,-13.839112756197597
csuEx72_bluelightbasal_JNL_10off_20on_20off,143,14.209,25236500,-15.075467763574323
csuEx72_bluelightbasal_JNL_10off_20on_20off,144,14.309,25217600,-15.13906904185255
csuEx72_bluelightbasal_JNL_10off_20on_20off,145,14.409,25200999.999999996,-15.194930482033438
csuEx72_bluelightbasal_JNL_10off_20on_20off,146,14.509,25426800,-14.435080289693564
csuEx72_bluelightbasal_JNL_10off_20on_20off,147,14.609,25106300,-15.513609902824324
csuEx72_bluelightbasal_JNL_10off_20on_20off,148,14.709,25157400,-15.341650891183194
csuEx72_bluelightbasal_JNL_10off_20on_20off,149,14.809,25230700,-15.09498561616764
csuEx72_bluelightbasal_JNL_10off_20on_20off,150,14.909,25301600,-14.856396693949325
csuEx72_bluelightbasal_JNL_10off_20on_20off,151,15.009,24921600,-16.135152553511535
csuEx72_bluelightbasal_JNL_10off_20on_20off,152,15.109,25250300,-15.029028734990224
csuEx72_bluelightbasal_JNL_10off_20on_20off,153,15.209,25012900,-15.827914632516721
csuEx72_bluelightbasal_JNL_10off_20on_20off,154,15.309,25077800,-15.609516592291492
csuEx72_bluelightbasal_JNL_10off_20on_20off,155,15.409,25266099.999999996,-14.975859412408438
csuEx72_bluelightbasal_JNL_10off_20on_20off,156,15.509,25050100,-15.702731164159578
csuEx72_bluelightbasal_JNL_10off_20on_20off,157,15.609,25073599.999999996,-15.623650209686666
csuEx72_bluelightbasal_JNL_10off_20on_20off,158,15.709,24795100,-16.5608436488658
csuEx72_bluelightbasal_JNL_10off_20on_20off,159,15.809,24950800.000000004,-16.036890261145164
csuEx72_bluelightbasal_JNL_10off_20on_20off,160,15.909,24963600,-15.993816379559926
csuEx72_bluelightbasal_JNL_10off_20on_20off,161,16.009,24939300.000000004,-16.075589451631917
csuEx72_bluelightbasal_JNL_10off_20on_20off,162,16.109,24949600,-16.040928437543794
csuEx72_bluelightbasal_JNL_10off_20on_20off,163,16.209,24847100.000000004,-16.385856004925696
csuEx72_bluelightbasal_JNL_10off_20on_20off,164,16.309,24948100.000000004,-16.045976158042055
csuEx72_bluelightbasal_JNL_10off_20on_20off,165,16.409,24938699.999999996,-16.07760853983125
csuEx72_bluelightbasal_JNL_10off_20on_20off,166,16.509,25046600,-15.714509178655545
csuEx72_bluelightbasal_JNL_10off_20on_20off,167,16.609,24654200,-17.034992861003474
csuEx72_bluelightbasal_JNL_10off_20on_20off,168,16.709,24642500,-17.07436508088999
csuEx72_bluelightbasal_JNL_10off_20on_20off,169,16.809,24516600,-17.498037088044946
csuEx72_bluelightbasal_JNL_10off_20on_20off,170,16.909,24822900,-16.46729256229783
csuEx72_bluelightbasal_JNL_10off_20on_20off,171,17.009,24417700,-17.830850126231006
csuEx72_bluelightbasal_JNL_10off_20on_20off,172,17.109,24633400,-17.10498791857951
csuEx72_bluelightbasal_JNL_10off_20on_20off,173,17.209,24493299.999999996,-17.576445013118118
csuEx72_bluelightbasal_JNL_10off_20on_20off,174,17.309,24671900,-16.975429759123863
csuEx72_bluelightbasal_JNL_10off_20on_20off,175,17.409,24504100.000000004,-17.540101425530533
csuEx72_bluelightbasal_JNL_10off_20on_20off,176,17.509,24520800,-17.483903470649786
csuEx72_bluelightbasal_JNL_10off_20on_20off,177,17.609,24517200,-17.496017999845638
csuEx72_bluelightbasal_JNL_10off_20on_20off,178,17.709,24709300,-16.849573261366952
csuEx72_bluelightbasal_JNL_10off_20on_20off,179,17.809,24500700.000000004,-17.551542925326615
csuEx72_bluelightbasal_JNL_10off_20on_20off,180,17.909,24555400,-17.36746938448965
csuEx72_bluelightbasal_JNL_10off_20on_20off,181,18.009,24478300,-17.62692221810082
csuEx72_bluelightbasal_JNL_10off_20on_20off,182,18.109,24447300,-17.731241775065108
csuEx72_bluelightbasal_JNL_10off_20on_20off,183,18.209,24179600,-18.632091626656695
csuEx72_bluelightbasal_JNL_10off_20on_20off,184,18.309,24267599.999999996,-18.33595869075809
csuEx72_bluelightbasal_JNL_10off_20on_20off,185,18.409,24406600,-17.868203257918218
csuEx72_bluelightbasal_JNL_10off_20on_20off,186,18.509,24206200,-18.54257871648734
csuEx72_bluelightbasal_JNL_10off_20on_20off,187,18.609,24297800,-18.234331251392874
csuEx72_bluelightbasal_JNL_10off_20on_20off,188,18.709,24543600,-17.407178119076054
csuEx72_bluelightbasal_JNL_10off_20on_20off,189,18.809,24419300,-17.82546589103285
csuEx72_bluelightbasal_JNL_10off_20on_20off,190,18.909,24494100,-17.573752895519025
csuEx72_bluelightbasal_JNL_10off_20on_20off,191,19.009,24471100,-17.651151276492527
csuEx72_bluelightbasal_JNL_10off_20on_20off,192,19.109,24391700,-17.918343948201052
csuEx72_bluelightbasal_JNL_10off_20on_20off,193,19.209,24538400,-17.42467688347006
csuEx72_bluelightbasal_JNL_10off_20on_20off,194,19.309,24571100,-17.314636576607732
csuEx72_bluelightbasal_JNL_10off_20on_20off,195,19.409,24411600,-17.85137752292398
csuEx72_bluelightbasal_JNL_10off_20on_20off,196,19.509,24529600,-17.45429017705992
csuEx72_bluelightbasal_JNL_10off_20on_20off,197,19.609,24139900,-18.76568796251096
csuEx72_bluelightbasal_JNL_10off_20on_20off,198,19.709,24462400,-17.680428055382507
csuEx72_bluelightbasal_JNL_10off_20on_20off,199,19.809,24642900,-17.073019022090456
csuEx72_bluelightbasal_JNL_10off_20on_20off,200,19.909,24350800,-18.055978460453932
csuEx72_bluelightbasal_JNL_10off_20on_20off,201,20.009,24237700.000000004,-18.43657658602362
csuEx72_bluelightbasal_JNL_10off_20on_20off,202,20.109,24102400,-18.891880974967755
csuEx72_bluelightbasal_JNL_10off_20on_20off,203,20.209,24355200,-18.041171813659002
csuEx72_bluelightbasal_JNL_10off_20on_20off,204,20.309,24157900,-18.7051153165317
csuEx72_bluelightbasal_JNL_10off_20on_20off,205,20.409,24123400,-18.82121288799195
csuEx72_bluelightbasal_JNL_10off_20on_20off,206,20.509,24417000,-17.8332057291302
csuEx72_bluelightbasal_JNL_10off_20on_20off,207,20.609,24302600,-18.218178545798402
csuEx72_bluelightbasal_JNL_10off_20on_20off,208,20.709,24277200,-18.30365327956914
csuEx72_bluelightbasal_JNL_10off_20on_20off,209,20.809,24273200,-18.317113867564533
csuEx72_bluelightbasal_JNL_10off_20on_20off,210,20.909,24227700,-18.47022805601211
csuEx72_bluelightbasal_JNL_10off_20on_20off,211,21.009,24043500,-19.0900881331999
csuEx72_bluelightbasal_JNL_10off_20on_20off,212,21.109,24383400,-17.94627466829149
csuEx72_bluelightbasal_JNL_10off_20on_20off,213,21.203,24243600,-18.41672221873043
csuEx72_bluelightbasal_JNL_10off_20on_20off,214,21.303,24327000,-18.136068959026513
csuEx72_bluelightbasal_JNL_10off_20on_20off,215,21.403,24342300,-18.084582209944138
csuEx72_bluelightbasal_JNL_10off_20on_20off,216,21.513,24382200,-17.95031284469011
csuEx72_bluelightbasal_JNL_10off_20on_20off,217,21.603,24235699.999999996,-18.44330688002134
csuEx72_bluelightbasal_JNL_10off_20on_20off,218,21.713,24302600,-18.218178545798402
csuEx72_bluelightbasal_JNL_10off_20on_20off,219,21.803,24514900,-17.503757837942988
csuEx72_bluelightbasal_JNL_10off_20on_20off,220,21.903,24616800,-17.160849358760384
csuEx72_bluelightbasal_JNL_10off_20on_20off,221,22.003,24409500,-17.85844433162156
csuEx72_bluelightbasal_JNL_10off_20on_20off,222,22.103,24334800,-18.109820812435498
csuEx72_bluelightbasal_JNL_10off_20on_20off,223,22.213,23977600,-19.31185132042398
csuEx72_bluelightbasal_JNL_10off_20on_20off,224,22.303,24354600,-18.04319090185831
csuEx72_bluelightbasal_JNL_10off_20on_20off,225,22.413,24516900,-17.497027543945293
csuEx72_bluelightbasal_JNL_10off_20on_20off,226,22.503,24090500,-18.93192622425405
csuEx72_bluelightbasal_JNL_10off_20on_20off,227,22.603,24139600,-18.766697506610612
csuEx72_bluelightbasal_JNL_10off_20on_20off,228,22.703,24100300,-18.89894778366534
csuEx72_bluelightbasal_JNL_10off_20on_20off,229,22.803,24319900,-18.159961502718332
csuEx72_bluelightbasal_JNL_10off_20on_20off,230,22.913,24013500,-19.191042543165338
csuEx72_bluelightbasal_JNL_10off_20on_20off,231,23.003,24287800,-18.26798272138135
csuEx72_bluelightbasal_JNL_10off_20on_20off,232,23.103,24308900.000000004,-18.196978119705648
csuEx72_bluelightbasal_JNL_10off_20on_20off,233,23.203,23763500,-20.032329292877318
csuEx72_bluelightbasal_JNL_10off_20on_20off,234,23.313,24279200,-18.29692298557144
csuEx72_bluelightbasal_JNL_10off_20on_20off,235,23.413,24007800,-19.21022388105877
csuEx72_bluelightbasal_JNL_10off_20on_20off,236,23.513,23882200,-19.63288634411407
csuEx72_bluelightbasal_JNL_10off_20on_20off,237,23.613,24274800,-18.311729632366376
csuEx72_bluelightbasal_JNL_10off_20on_20off,238,23.713,24002300,-19.228732189552435
csuEx72_bluelightbasal_JNL_10off_20on_20off,239,23.813,24192100,-18.5900272891711
csuEx72_bluelightbasal_JNL_10off_20on_20off,240,23.913,24027599.999999996,-19.143593970481597
csuEx72_bluelightbasal_JNL_10off_20on_20off,241,24.013,24129299.999999996,-18.80135852069876
csuEx72_bluelightbasal_JNL_10off_20on_20off,242,24.113,24203100,-18.55301067218377
csuEx72_bluelightbasal_JNL_10off_20on_20off,243,24.213,24186400,-18.609208627064532
csuEx72_bluelightbasal_JNL_10off_20on_20off,244,24.313,24067700,-19.00865157582778
csuEx72_bluelightbasal_JNL_10off_20on_20off,245,24.413,24140400,-18.764005389011537
csuEx72_bluelightbasal_JNL_10off_20on_20off,246,24.513,24011000,-19.19945541066246
csuEx72_bluelightbasal_JNL_10off_20on_20off,247,24.613,23863700,-19.69514156359276
csuEx72_bluelightbasal_JNL_10off_20on_20off,248,24.713,23956700,-19.382182892699902
csuEx72_bluelightbasal_JNL_10off_20on_20off,249,24.813,23720900,-20.17568455502824
csuEx72_bluelightbasal_JNL_10off_20on_20off,250,24.913,23974600,-19.321946761420524
csuEx72_bluelightbasal_JNL_10off_20on_20off,251,25.013,23926200,-19.48481987616476
csuEx72_bluelightbasal_JNL_10off_20on_20off,252,25.113,23958300,-19.37679865750174
csuEx72_bluelightbasal_JNL_10off_20on_20off,253,25.213,23835300,-19.790711738360038
csuEx72_bluelightbasal_JNL_10off_20on_20off,254,25.313,23835500,-19.79003870896027
csuEx72_bluelightbasal_JNL_10off_20on_20off,255,25.413,24028800,-19.139555794082966
csuEx72_bluelightbasal_JNL_10off_20on_20off,256,25.513,23982500,-19.295362100129623
csuEx72_bluelightbasal_JNL_10off_20on_20off,257,25.613,23969999.999999996,-19.337426437615235
csuEx72_bluelightbasal_JNL_10off_20on_20off,258,25.713,23980200,-19.303101938226973
csuEx72_bluelightbasal_JNL_10off_20on_20off,259,25.813,23770699.999999996,-20.008100234485624
csuEx72_bluelightbasal_JNL_10off_20on_20off,260,25.913,23848300,-19.746964827375017
csuEx72_bluelightbasal_JNL_10off_20on_20off,261,26.013,23829500,-19.81022959095336
csuEx72_bluelightbasal_JNL_10off_20on_20off,262,26.113,23959400,-19.37309699580301
csuEx72_bluelightbasal_JNL_10off_20on_20off,263,26.213,23838000,-19.78162584146315
csuEx72_bluelightbasal_JNL_10off_20on_20off,264,26.313,23721800,-20.172655922729277
csuEx72_bluelightbasal_JNL_10off_20on_20off,265,26.413,23785700,-19.957623029502898
csuEx72_bluelightbasal_JNL_10off_20on_20off,266,26.513,23765400,-20.02593551357951
csuEx72_bluelightbasal_JNL_10off_20on_20off,267,26.613,23663700,-20.368170963362342
csuEx72_bluelightbasal_JNL_10off_20on_20off,268,26.713,23876300,-19.652740711407272
csuEx72_bluelightbasal_JNL_10off_20on_20off,269,26.813,23750100,-20.07742226266188
csuEx72_bluelightbasal_JNL_10off_20on_20off,270,26.913,23723100,-20.168281231630775
csuEx72_bluelightbasal_JNL_10off_20on_20off,271,27.013,23520300,-20.850733042997135
csuEx72_bluelightbasal_JNL_10off_20on_20off,272,27.113,24011500,-19.197772837163033
csuEx72_bluelightbasal_JNL_10off_20on_20off,273,27.213,23781100,-19.973102705697595
csuEx72_bluelightbasal_JNL_10off_20on_20off,274,27.313,23782600,-19.968054985199323
csuEx72_bluelightbasal_JNL_10off_20on_20off,275,27.413,23774800,-19.99430313179034
csuEx72_bluelightbasal_JNL_10off_20on_20off,276,27.513,23778500,-19.981852087894598
csuEx72_bluelightbasal_JNL_10off_20on_20off,277,27.613,23716200,-20.191500745922827
csuEx72_bluelightbasal_JNL_10off_20on_20off,278,27.713,23453100,-21.076870921319717
csuEx72_bluelightbasal_JNL_10off_20on_20off,279,27.813,23503300,-20.90794054197755
csuEx72_bluelightbasal_JNL_10off_20on_20off,280,27.913,23759500,-20.04578988087271
csuEx72_bluelightbasal_JNL_10off_20on_20off,281,28.013,23683600,-20.30120453808527
csuEx72_bluelightbasal_JNL_10off_20on_20off,282,28.113,23523800,-20.838955028501164
csuEx72_bluelightbasal_JNL_10off_20on_20off,283,28.213,23729500,-20.146744290838146
csuEx72_bluelightbasal_JNL_10off_20on_20off,284,28.313,23813100,-19.86541800173446
csuEx72_bluelightbasal_JNL_10off_20on_20off,285,28.413,23546200,-20.763575735726974
csuEx72_bluelightbasal_JNL_10off_20on_20off,286,28.513,23682800,-20.303896655684348
csuEx72_bluelightbasal_JNL_10off_20on_20off,287,28.613,23679800.000000004,-20.313992096680877
csuEx72_bluelightbasal_JNL_10off_20on_20off,288,28.713,23553400,-20.73934667733527
csuEx72_bluelightbasal_JNL_10off_20on_20off,289,28.813,23358600,-21.394877312710843
csuEx72_bluelightbasal_JNL_10off_20on_20off,290,28.913,23577499.999999996,-20.658246634663048
csuEx72_bluelightbasal_JNL_10off_20on_20off,291,29.013,23227500,-21.836048084259808
csuEx72_bluelightbasal_JNL_10off_20on_20off,292,29.113,23347800,-21.431220900298403
csuEx72_bluelightbasal_JNL_10off_20on_20off,293,29.213,23474400.000000004,-21.005193290244243
csuEx72_bluelightbasal_JNL_10off_20on_20off,294,29.313,23349200,-21.426509694500016
csuEx72_bluelightbasal_JNL_10off_20on_20off,295,29.413,23693100,-20.269235641596214
csuEx72_bluelightbasal_JNL_10off_20on_20off,296,29.513,23363900.000000004,-21.377042033616938
csuEx72_bluelightbasal_JNL_10off_20on_20off,297,29.613,23450600,-21.085283788816835
csuEx72_bluelightbasal_JNL_10off_20on_20off,298,29.713,23876900,-19.650721623207964
csuEx72_bluelightbasal_JNL_10off_20on_20off,299,29.813,23410800,-21.219216639370984
csuEx72_bluelightbasal_JNL_10off_20on_20off,300,29.913,23572600,-20.674735854957387
csuEx72_bluelightbasal_JNL_10off_20on_20off,301,30.013,23623100,-20.504795931515567
csuEx72_bluelightbasal_JNL_10off_20on_20off,302,30.113,23392800,-21.279789285350244
csuEx72_bluelightbasal_JNL_10off_20on_20off,303,30.213,23452400,-21.079226524218907
csuEx72_bluelightbasal_JNL_10off_20on_20off,304,30.313,23656400,-20.39273653645393
csuEx72_bluelightbasal_JNL_10off_20on_20off,305,30.413,23242500,-21.78557087927709
csuEx72_bluelightbasal_JNL_10off_20on_20off,306,30.513,23455200,-21.069804112622133
csuEx72_bluelightbasal_JNL_10off_20on_20off,307,30.613,23350300,-21.42280803280128
csuEx72_bluelightbasal_JNL_10off_20on_20off,308,30.713,23410900,-21.218880124671095
csuEx72_bluelightbasal_JNL_10off_20on_20off,309,30.813,23226100,-21.840759290058195
csuEx72_bluelightbasal_JNL_10off_20on_20off,310,30.913,23159700,-22.064205050781695
csuEx72_bluelightbasal_JNL_10off_20on_20off,311,31.013,23295700,-21.60654505893838
csuEx72_bluelightbasal_JNL_10off_20on_20off,312,31.113,23315200,-21.540924692460845
csuEx72_bluelightbasal_JNL_10off_20on_20off,313,31.207,23287900,-21.632793205529392
csuEx72_bluelightbasal_JNL_10off_20on_20off,314,31.307,23425400,-21.170085493187806
csuEx72_bluelightbasal_JNL_10off_20on_20off,315,31.407,23392100,-21.282144888249437
csuEx72_bluelightbasal_JNL_10off_20on_20off,316,31.507,23259200,-21.72937292439633
csuEx72_bluelightbasal_JNL_10off_20on_20off,317,31.607,23151300,-22.092472285572022
csuEx72_bluelightbasal_JNL_10off_20on_20off,318,31.707,23370700.000000004,-21.35415903402477
csuEx72_bluelightbasal_JNL_10off_20on_20off,319,31.807,23271700,-21.687308586910728
csuEx72_bluelightbasal_JNL_10off_20on_20off,320,31.907,23421000,-21.184892139982733
csuEx72_bluelightbasal_JNL_10off_20on_20off,321,32.007,23473600,-21.007885407843332
csuEx72_bluelightbasal_JNL_10off_20on_20off,322,32.107,23530800,-20.81539899950923
csuEx72_bluelightbasal_JNL_10off_20on_20off,323,32.207,23418199.999999996,-21.19431455157952
csuEx72_bluelightbasal_JNL_10off_20on_20off,324,32.307,23451399.999999996,-21.08259167121777
csuEx72_bluelightbasal_JNL_10off_20on_20off,325,32.407,23279200.000000004,-21.662069984419357
csuEx72_bluelightbasal_JNL_10off_20on_20off,326,32.507,23349300,-21.42617317980013
csuEx72_bluelightbasal_JNL_10off_20on_20off,327,32.607,23477600,-20.99442481984794
csuEx72_bluelightbasal_JNL_10off_20on_20off,328,32.707,23545900,-20.764585279826626
csuEx72_bluelightbasal_JNL_10off_20on_20off,329,32.807,23591100,-20.612480635478704
csuEx72_bluelightbasal_JNL_10off_20on_20off,330,32.907,23458800.000000004,-21.05768958342627
csuEx72_bluelightbasal_JNL_10off_20on_20off,331,33.007,23491800,-20.946639732464302
csuEx72_bluelightbasal_JNL_10off_20on_20off,332,33.107,23564200,-20.70300308974771
csuEx72_bluelightbasal_JNL_10off_20on_20off,333,33.207,23763700,-20.031656263477547
csuEx72_bluelightbasal_JNL_10off_20on_20off,334,33.307,23935300,-19.454197038475247
csuEx72_bluelightbasal_JNL_10off_20on_20off,335,33.407,23807800,-19.883253280828356
csuEx72_bluelightbasal_JNL_10off_20on_20off,336,33.507,23660100,-20.380285492558194
csuEx72_bluelightbasal_JNL_10off_20on_20off,337,33.607,23765200.000000004,-20.026608542979265
csuEx72_bluelightbasal_JNL_10off_20on_20off,338,33.707,23810300,-19.874840413331235
csuEx72_bluelightbasal_JNL_10off_20on_20off,339,33.807,23558600,-20.72184791294126
csuEx72_bluelightbasal_JNL_10off_20on_20off,340,33.907,23813700,-19.863398913535153
csuEx72_bluelightbasal_JNL_10off_20on_20off,341,34.007,23813200,-19.865081487034576
csuEx72_bluelightbasal_JNL_10off_20on_20off,342,34.107,23581400,-20.645122561367526
csuEx72_bluelightbasal_JNL_10off_20on_20off,343,34.207,23495100,-20.935534747368102
csuEx72_bluelightbasal_JNL_10off_20on_20off,344,34.307,23607999.999999996,-20.555609651198186
csuEx72_bluelightbasal_JNL_10off_20on_20off,345,34.407,23648400,-20.419657712444717
csuEx72_bluelightbasal_JNL_10off_20on_20off,346,34.507,23528400,-20.823475352306467
csuEx72_bluelightbasal_JNL_10off_20on_20off,347,34.607,23776099.999999996,-19.98992844069185
csuEx72_bluelightbasal_JNL_10off_20on_20off,348,34.707,23818300,-19.847919237340452
csuEx72_bluelightbasal_JNL_10off_20on_20off,349,34.807,23761899.999999996,-20.03771352807549
csuEx72_bluelightbasal_JNL_10off_20on_20off,350,34.907,23630100,-20.481239902523633
csuEx72_bluelightbasal_JNL_10off_20on_20off,351,35.007,23478100,-20.992742246348516
csuEx72_bluelightbasal_JNL_10off_20on_20off,352,35.107,23586200,-20.628969855773057
csuEx72_bluelightbasal_JNL_10off_20on_20off,353,35.207,23608100,-20.555273136498286
csuEx72_bluelightbasal_JNL_10off_20on_20off,354,35.307,23877300,-19.649375564408427
csuEx72_bluelightbasal_JNL_10off_20on_20off,355,35.407,23768800,-20.014494013783427
csuEx72_bluelightbasal_JNL_10off_20on_20off,356,35.507,23458199.999999996,-21.059708671625604
csuEx72_bluelightbasal_JNL_10off_20on_20off,357,35.607,23778200,-19.982861631994258
csuEx72_bluelightbasal_JNL_10off_20on_20off,358,35.707,23597500,-20.590943694686075
csuEx72_bluelightbasal_JNL_10off_20on_20off,359,35.807,23935300,-19.454197038475247
csuEx72_bluelightbasal_JNL_10off_20on_20off,360,35.907,23456000,-21.067111995023055
csuEx72_bluelightbasal_JNL_10off_20on_20off,361,36.007,23609200,-20.551571474799555
csuEx72_bluelightbasal_JNL_10off_20on_20off,362,36.107,23489600,-20.954043055861764
csuEx72_bluelightbasal_JNL_10off_20on_20off,363,36.207,23504500,-20.903902365578933
csuEx72_bluelightbasal_JNL_10off_20on_20off,364,36.307,23503300,-20.90794054197755
csuEx72_bluelightbasal_JNL_10off_20on_20off,365,36.407,23544500,-20.769296485625016
csuEx72_bluelightbasal_JNL_10off_20on_20off,366,36.507,23613300,-20.537774372104277
csuEx72_bluelightbasal_JNL_10off_20on_20off,367,36.607,23693700,-20.267216553396906
csuEx72_bluelightbasal_JNL_10off_20on_20off,368,36.707,23616100.000000004,-20.52835196050749
csuEx72_bluelightbasal_JNL_10off_20on_20off,369,36.807,23385400,-21.304691373141722
csuEx72_bluelightbasal_JNL_10off_20on_20off,370,36.907,23509500,-20.88707663058469
csuEx72_bluelightbasal_JNL_10off_20on_20off,371,37.007,23506800,-20.896162527481582
csuEx72_bluelightbasal_JNL_10off_20on_20off,372,37.107,23447800,-21.09470620041361
csuEx72_bluelightbasal_JNL_10off_20on_20off,373,37.207,23680600,-20.311299979081813
csuEx72_bluelightbasal_JNL_10off_20on_20off,374,37.307,23771300.000000004,-20.00608114628629
csuEx72_bluelightbasal_JNL_10off_20on_20off,375,37.407,23519800,-20.852415616496558
csuEx72_bluelightbasal_JNL_10off_20on_20off,376,37.507,23826600,-19.819988517250014
csuEx72_bluelightbasal_JNL_10off_20on_20off,377,37.607,23689000,-20.28303274429149
csuEx72_bluelightbasal_JNL_10off_20on_20off,378,37.707,23571800,-20.677427972556465
csuEx72_bluelightbasal_JNL_10off_20on_20off,379,37.807,23480400,-20.985002408251166
csuEx72_bluelightbasal_JNL_10off_20on_20off,380,37.907,23269000.000000004,-21.69639448380761
csuEx72_bluelightbasal_JNL_10off_20on_20off,381,38.007,23491000,-20.94933185006338
csuEx72_bluelightbasal_JNL_10off_20on_20off,382,38.107,23439500,-21.12263692050405
csuEx72_bluelightbasal_JNL_10off_20on_20off,383,38.207,23736900,-20.121842203046675
csuEx72_bluelightbasal_JNL_10off_20on_20off,384,38.307,23653800,-20.401485918650934
csuEx72_bluelightbasal_JNL_10off_20on_20off,385,38.407,23800300,-19.908491883319716
csuEx72_bluelightbasal_JNL_10off_20on_20off,386,38.507,23786800,-19.953921367804163
csuEx72_bluelightbasal_JNL_10off_20on_20off,387,38.607,23846200,-19.754031636072597
csuEx72_bluelightbasal_JNL_10off_20on_20off,388,38.707,23779900,-19.977140882096215
csuEx72_bluelightbasal_JNL_10off_20on_20off,389,38.807,23431099.999999996,-21.15090415529438
csuEx72_bluelightbasal_JNL_10off_20on_20off,390,38.907,23412000,-21.215178462972364
csuEx72_bluelightbasal_JNL_10off_20on_20off,391,39.007,23668999.999999996,-20.35033568426846
csuEx72_bluelightbasal_JNL_10off_20on_20off,392,39.107,23376900,-21.333295122631927
csuEx72_bluelightbasal_JNL_10off_20on_20off,393,39.207,23302400,-21.5839985740461
csuEx72_bluelightbasal_JNL_10off_20on_20off,394,39.307,23560400,-20.715790648343333
csuEx72_bluelightbasal_JNL_10off_20on_20off,395,39.407,23774200,-19.996322219989647
csuEx72_bluelightbasal_JNL_10off_20on_20off,396,39.507,23428399.999999996,-21.159990052191272
csuEx72_bluelightbasal_JNL_10off_20on_20off,397,39.607,23384900,-21.306373946641145
csuEx72_bluelightbasal_JNL_10off_20on_20off,398,39.707,23437800.000000004,-21.128357670402075
csuEx72_bluelightbasal_JNL_10off_20on_20off,399,39.807,23461800,-21.047594142429737
csuEx72_bluelightbasal_JNL_10off_20on_20off,400,39.907,23336900,-21.467901002585847
csuEx72_bluelightbasal_JNL_10off_20on_20off,401,40.007,23435700,-21.13542447909967
csuEx72_bluelightbasal_JNL_10off_20on_20off,402,40.107,23208600,-21.899649362538035
csuEx72_bluelightbasal_JNL_10off_20on_20off,403,40.207,23426200,-21.167393375588723
csuEx72_bluelightbasal_JNL_10off_20on_20off,404,40.307,23330400,-21.489774458078355
csuEx72_bluelightbasal_JNL_10off_20on_20off,405,40.407,23394499.999999996,-21.274068535452216
csuEx72_bluelightbasal_JNL_10off_20on_20off,406,40.507,23527600,-20.826167469905545
csuEx72_bluelightbasal_JNL_10off_20on_20off,407,40.607,23390800,-21.28651957934794
csuEx72_bluelightbasal_JNL_10off_20on_20off,408,40.707,23272100,-21.68596252811119
csuEx72_bluelightbasal_JNL_10off_20on_20off,409,40.807,23322800,-21.5153495752696
csuEx72_bluelightbasal_JNL_10off_20on_20off,410,40.907,23520000,-20.851742587096787
csuEx72_bluelightbasal_JNL_10off_20on_20off,411,41.007,23313700,-21.545972412959117
csuEx72_bluelightbasal_JNL_10off_20on_20off,412,41.107,23105300,-22.247269047519026
csuEx72_bluelightbasal_JNL_10off_20on_20off,413,41.207,23229200,-21.830327334361765
csuEx72_bluelightbasal_JNL_10off_20on_20off,414,41.307,23221900,-21.854892907453355
csuEx72_bluelightbasal_JNL_10off_20on_20off,415,41.407,23351200,-21.41977940050232
csuEx72_bluelightbasal_JNL_10off_20on_20off,416,41.507,23366400,-21.36862916611983
csuEx72_bluelightbasal_JNL_10off_20on_20off,417,41.607,23127200,-22.173572328244255
csuEx72_bluelightbasal_JNL_10off_20on_20off,418,41.707,23022600,-22.525566704323747
csuEx72_bluelightbasal_JNL_10off_20on_20off,419,41.807,23241900.000000004,-21.787589967476386
csuEx72_bluelightbasal_JNL_10off_20on_20off,420,41.907,23232200,-21.82023189336522
csuEx72_bluelightbasal_JNL_10off_20on_20off,421,42.007,23154300,-22.082376844575478
csuEx72_bluelightbasal_JNL_10off_20on_20off,422,42.107,23142800,-22.121076035062227
csuEx72_bluelightbasal_JNL_10off_20on_20off,423,42.207,23251300,-21.755957585687227
csuEx72_bluelightbasal_JNL_10off_20on_20off,424,42.307,22953199.999999996,-22.75910790604381
csuEx72_bluelightbasal_JNL_10off_20on_20off,425,42.407,23385800,-21.30334531434218
csuEx72_bluelightbasal_JNL_10off_20on_20off,426,42.507,23239300,-21.796339349673403
csuEx72_bluelightbasal_JNL_10off_20on_20off,427,42.607,23061300,-22.395335515468332
csuEx72_bluelightbasal_JNL_10off_20on_20off,428,42.707,22983600,-22.656807437278818
csuEx72_bluelightbasal_JNL_10off_20on_20off,429,42.807,23131700,-22.15842916674944
csuEx72_bluelightbasal_JNL_10off_20on_20off,430,42.907,22980700,-22.666566363575473
csuEx72_bluelightbasal_JNL_10off_20on_20off,431,43.007,23146100,-22.109971049966028
csuEx72_bluelightbasal_JNL_10off_20on_20off,432,43.107,23166300,-22.0419950805893
csuEx72_bluelightbasal_JNL_10off_20on_20off,433,43.207,23085500,-22.31389895809621
csuEx72_bluelightbasal_JNL_10off_20on_20off,434,43.307,23088500,-22.30380351709967
csuEx72_bluelightbasal_JNL_10off_20on_20off,435,43.407,23007399.999999996,-22.576716938706248
csuEx72_bluelightbasal_JNL_10off_20on_20off,436,43.507,22943100,-22.793095890732157
csuEx72_bluelightbasal_JNL_10off_20on_20off,437,43.607,23318100,-21.531165766164186
csuEx72_bluelightbasal_JNL_10off_20on_20off,438,43.707,23226700,-21.838740201858887
csuEx72_bluelightbasal_JNL_10off_20on_20off,439,43.807,23171200,-22.025505860294945
csuEx72_bluelightbasal_JNL_10off_20on_20off,440,43.907,23403800,-21.242772668362917
csuEx72_bluelightbasal_JNL_10off_20on_20off,441,44.017,23473500,-21.008221922543218
csuEx72_bluelightbasal_JNL_10off_20on_20off,442,44.107,23169200,-22.032236154292644
csuEx72_bluelightbasal_JNL_10off_20on_20off,443,44.207,23313799.999999996,-21.545635898259246
csuEx72_bluelightbasal_JNL_10off_20on_20off,444,44.307,23543400,-20.772998147323747
csuEx72_bluelightbasal_JNL_10off_20on_20off,445,44.417,23287300.000000004,-21.63481229372869
csuEx72_bluelightbasal_JNL_10off_20on_20off,446,44.517,23227000.000000004,-21.83773065775922
csuEx72_bluelightbasal_JNL_10off_20on_20off,447,44.607,23192200,-21.954837773319138
csuEx72_bluelightbasal_JNL_10off_20on_20off,448,44.707,23384800,-21.306710461341027
csuEx72_bluelightbasal_JNL_10off_20on_20off,449,44.807,23536200,-20.79722720571545
csuEx72_bluelightbasal_JNL_10off_20on_20off,450,44.907,23167200,-22.03896644829034
csuEx72_bluelightbasal_JNL_10off_20on_20off,451,45.007,23263600.000000004,-21.714566277601385
csuEx72_bluelightbasal_JNL_10off_20on_20off,452,45.107,23525900,-20.831888219803588
csuEx72_bluelightbasal_JNL_10off_20on_20off,453,45.217,23357800.000000004,-21.39756943030991
csuEx72_bluelightbasal_JNL_10off_20on_20off,454,45.317,23341700,-21.451748296991376
csuEx72_bluelightbasal_JNL_10off_20on_20off,455,45.417,23341700,-21.451748296991376
csuEx72_bluelightbasal_JNL_10off_20on_20off,456,45.517,23564600.000000004,-20.70165703094816
csuEx72_bluelightbasal_JNL_10off_20on_20off,457,45.617,23309600,-21.55976951565439
csuEx72_bluelightbasal_JNL_10off_20on_20off,458,45.717,23390900,-21.286183064648057
csuEx72_bluelightbasal_JNL_10off_20on_20off,459,45.817,23416900,-21.19868924267801
csuEx72_bluelightbasal_JNL_10off_20on_20off,460,45.917,23255600,-21.741487453592182
csuEx72_bluelightbasal_JNL_10off_20on_20off,461,46.017,23443000,-21.11085890600808
csuEx72_bluelightbasal_JNL_10off_20on_20off,462,46.117,23237700,-21.801723584871556
csuEx72_bluelightbasal_JNL_10off_20on_20off,463,46.217,23298000,-21.598805220841026
csuEx72_bluelightbasal_JNL_10off_20on_20off,464,46.317,23061800,-22.39365294196891
csuEx72_bluelightbasal_JNL_10off_20on_20off,465,46.417,23203700,-21.916138582832385
csuEx72_bluelightbasal_JNL_10off_20on_20off,466,46.517,23261400,-21.721969600998865
csuEx72_bluelightbasal_JNL_10off_20on_20off,467,46.617,23338400,-21.462853282087572
csuEx72_bluelightbasal_JNL_10off_20on_20off,468,46.717,23362300,-21.38242626881511
csuEx72_bluelightbasal_JNL_10off_20on_20off,469,46.817,23258300,-21.73240155669529
csuEx72_bluelightbasal_JNL_10off_20on_20off,470,46.917,23220500,-21.859604113251745
csuEx72_bluelightbasal_JNL_10off_20on_20off,471,47.017,23174100.000000004,-22.015746933998273
csuEx72_bluelightbasal_JNL_10off_20on_20off,472,47.117,23299599.999999996,-21.593420985642883
csuEx72_bluelightbasal_JNL_10off_20on_20off,473,47.217,23145900,-22.110644079365798
csuEx72_bluelightbasal_JNL_10off_20on_20off,474,47.317,23390600,-21.28719260874771
csuEx72_bluelightbasal_JNL_10off_20on_20off,475,47.417,23380000,-21.322863166935498
csuEx72_bluelightbasal_JNL_10off_20on_20off,476,47.517,23497800,-20.926448850471214
csuEx72_bluelightbasal_JNL_10off_20on_20off,477,47.617,23262299.999999996,-21.71894096869991
csuEx72_bluelightbasal_JNL_10off_20on_20off,478,47.717,23199800,-21.929262656127896
csuEx72_bluelightbasal_JNL_10off_20on_20off,479,47.817,23359300,-21.392521709811653
csuEx72_bluelightbasal_JNL_10off_20on_20off,480,47.917,23406699.999999996,-21.233013742066273
csuEx72_bluelightbasal_JNL_10off_20on_20off,481,48.017,23271000,-21.689664189809925
csuEx72_bluelightbasal_JNL_10off_20on_20off,482,48.117,23351200,-21.41977940050232
csuEx72_bluelightbasal_JNL_10off_20on_20off,483,48.217,23272500,-21.684616469311653
csuEx72_bluelightbasal_JNL_10off_20on_20off,484,48.317,23368699.999999996,-21.36088932802249
csuEx72_bluelightbasal_JNL_10off_20on_20off,485,48.417,23428600,-21.15931702279149
csuEx72_bluelightbasal_JNL_10off_20on_20off,486,48.517,23267200,-21.702451748405544
csuEx72_bluelightbasal_JNL_10off_20on_20off,487,48.617,23344000,-21.44400845889402
csuEx72_bluelightbasal_JNL_10off_20on_20off,488,48.717,23320900,-21.52174335456741
csuEx72_bluelightbasal_JNL_10off_20on_20off,489,48.817,23282300,-21.651638028722942
csuEx72_bluelightbasal_JNL_10off_20on_20off,490,48.917,23413800,-21.20912119837444
csuEx72_bluelightbasal_JNL_10off_20on_20off,491,49.017,23660400,-20.37927594845854
csuEx72_bluelightbasal_JNL_10off_20on_20off,492,49.117,23571700,-20.67776448725635
csuEx72_bluelightbasal_JNL_10off_20on_20off,493,49.217,23135300,-22.146314637553584
csuEx72_bluelightbasal_JNL_10off_20on_20off,494,49.317,23318400,-21.53015622206453
csuEx72_bluelightbasal_JNL_10off_20on_20off,495,49.417,23429200,-21.157297934592183
csuEx72_bluelightbasal_JNL_10off_20on_20off,496,49.517,23314499.999999996,-21.543280295360052
csuEx72_bluelightbasal_JNL_10off_20on_20off,497,49.617,23322500,-21.516359119369255
csuEx72_bluelightbasal_JNL_10off_20on_20off,498,49.717,23229800,-21.828308246162457
csuEx72_bluelightbasal_JNL_10off_20on_20off,499,49.817,23230600,-21.82561612856338
csuEx72_bluelightbasal_JNL_10off_20on_20off,500,49.917,23447600,-21.09537922981338
csuEx72_bluelightbasal_JNL_10off_20on_20off,501,50.017,23580400,-20.648487708366375
csuEx72_bluelightbasal_JNL_10off_20on_20off,502,50.117,23189600,-21.963587155516144
csuEx72_bluelightbasal_JNL_10off_20on_20off,503,50.217,23197000,-21.93868506772467
csuEx72_bluelightbasal_JNL_10off_20on_20off,504,50.317,23224700,-21.84547049585658
csuEx72_bluelightbasal_JNL_10off_20on_20off,505,50.417,23138400,-22.135882681857158
csuEx72_bluelightbasal_JNL_10off_20on_20off,506,50.517,23183400,-21.984451066909
csuEx72_bluelightbasal_JNL_10off_20on_20off,507,50.617,23246000.000000004,-21.773792864781107
csuEx72_bluelightbasal_JNL_10off_20on_20off,508,50.717,23200900,-21.925560994429162
csuEx72_bluelightbasal_JNL_10off_20on_20off,509,50.817,23203600,-21.916475097532274
csuEx72_bluelightbasal_JNL_10off_20on_20off,510,50.917,23199200.000000004,-21.93128174432719
csuEx72_bluelightbasal_JNL_10off_20on_20off,511,51.017,23258300,-21.73240155669529
csuEx72_bluelightbasal_JNL_10off_20on_20off,512,51.117,23205300.000000004,-21.910754347634217
csuEx72_bluelightbasal_JNL_10off_20on_20off,513,51.217,23135400,-22.145978122853702
csuEx72_bluelightbasal_JNL_10off_20on_20off,514,51.317,23065699.999999996,-22.380528868673412
csuEx72_bluelightbasal_JNL_10off_20on_20off,515,51.417,23386100,-21.302335770242525
csuEx72_bluelightbasal_JNL_10off_20on_20off,516,51.517,23094199.999999996,-22.28462217920625
csuEx72_bluelightbasal_JNL_10off_20on_20off,517,51.617,23320599.999999996,-21.52275289866708
csuEx72_bluelightbasal_JNL_10off_20on_20off,518,51.717,23229099.999999996,-21.83066384906166
csuEx72_bluelightbasal_JNL_10off_20on_20off,519,51.817,23087500,-22.307168664098516
csuEx72_bluelightbasal_JNL_10off_20on_20off,520,51.917,23171700,-22.023823286795523
csuEx72_bluelightbasal_JNL_10off_20on_20off,521,52.017,23044300,-22.452543014448747
csuEx72_bluelightbasal_JNL_10off_20on_20off,522,52.117,23120300,-22.196791842536307
csuEx72_bluelightbasal_JNL_10off_20on_20off,523,52.217,22839800,-23.14071557571315
csuEx72_bluelightbasal_JNL_10off_20on_20off,524,52.317,23058800,-22.403748382965453
csuEx72_bluelightbasal_JNL_10off_20on_20off,525,52.417,23131500,-22.15910219614921
csuEx72_bluelightbasal_JNL_10off_20on_20off,526,52.517,23240900,-21.790955114475246
csuEx72_bluelightbasal_JNL_10off_20on_20off,527,52.617,23203700,-21.916138582832385
csuEx72_bluelightbasal_JNL_10off_20on_20off,528,52.717,23186300.000000004,-21.97469214061233
csuEx72_bluelightbasal_JNL_10off_20on_20off,529,52.817,23052800.000000004,-22.423939264958527
csuEx72_bluelightbasal_JNL_10off_20on_20off,530,52.917,23226700,-21.838740201858887
csuEx72_bluelightbasal_JNL_10off_20on_20off,531,53.017,23304800,-21.575922221248863
csuEx72_bluelightbasal_JNL_10off_20on_20off,532,53.117,23296600,-21.603516426639416
csuEx72_bluelightbasal_JNL_10off_20on_20off,533,53.217,23267600,-21.701105689606006
csuEx72_bluelightbasal_JNL_10off_20on_20off,534,53.317,23430100,-21.15426930229322
csuEx72_bluelightbasal_JNL_10off_20on_20off,535,53.417,23353900,-21.41069350360543
csuEx72_bluelightbasal_JNL_10off_20on_20off,536,53.517,23413800,-21.20912119837444
csuEx72_bluelightbasal_JNL_10off_20on_20off,537,53.617,23605400,-20.564359033395178
csuEx72_bluelightbasal_JNL_10off_20on_20off,538,53.717,23296400,-21.604189456039187
csuEx72_bluelightbasal_JNL_10off_20on_20off,539,53.817,23315000,-21.541597721860615
csuEx72_bluelightbasal_JNL_10off_20on_20off,540,53.917,23448600,-21.09201408281453
csuEx72_bluelightbasal_JNL_10off_20on_20off,541,54.017,23327700,-21.498860354975246
csuEx72_bluelightbasal_JNL_10off_20on_20off,542,54.117,23180500,-21.99420999320566
csuEx72_bluelightbasal_JNL_10off_20on_20off,543,54.217,23209600,-21.896284215539186
csuEx72_bluelightbasal_JNL_10off_20on_20off,544,54.317,23131800,-22.158092652049554
csuEx72_bluelightbasal_JNL_10off_20on_20off,545,54.417,23419100,-21.191285919280546
csuEx72_bluelightbasal_JNL_10off_20on_20off,546,54.517,23260500,-21.724998233297825
csuEx72_bluelightbasal_JNL_10off_20on_20off,547,54.617,23485299.999999996,-20.968513187956823
csuEx72_bluelightbasal_JNL_10off_20on_20off,548,54.717,23316800,-21.535540457262687
csuEx72_bluelightbasal_JNL_10off_20on_20off,549,54.817,23280900,-21.656349234521326
csuEx72_bluelightbasal_JNL_10off_20on_20off,550,54.917,23443700,-21.108503303108886
csuEx72_bluelightbasal_JNL_10off_20on_20off,551,55.017,23169300,-22.031899639592755
csuEx72_bluelightbasal_JNL_10off_20on_20off,552,55.117,23068700,-22.370433427676858
csuEx72_bluelightbasal_JNL_10off_20on_20off,553,55.217,23144600,-22.1150187704643
csuEx72_bluelightbasal_JNL_10off_20on_20off,554,55.317,23327200,-21.50054292847467
csuEx72_bluelightbasal_JNL_10off_20on_20off,555,55.417,23095900,-22.278901429308196
csuEx72_bluelightbasal_JNL_10off_20on_20off,556,55.517,23191500,-21.957193376218335
csuEx72_bluelightbasal_JNL_10off_20on_20off,557,55.617,22901300,-22.933759035284
csuEx72_bluelightbasal_JNL_10off_20on_20off,558,55.717,23071799.999999996,-22.360001471980443
csuEx72_bluelightbasal_JNL_10off_20on_20off,559,55.817,23274800,-21.676876631214302
csuEx72_bluelightbasal_JNL_10off_20on_20off,560,55.917,23067200,-22.37548114817513
csuEx72_bluelightbasal_JNL_10off_20on_20off,561,56.017,23071200,-22.362020560179737
csuEx72_bluelightbasal_JNL_10off_20on_20off,562,56.117,23226900,-21.838067172459116
csuEx72_bluelightbasal_JNL_10off_20on_20off,563,56.217,23196800,-21.93935809712444
csuEx72_bluelightbasal_JNL_10off_20on_20off,564,56.317,23166900,-22.039975992389994
csuEx72_bluelightbasal_JNL_10off_20on_20off,565,56.417,23194800,-21.946088391122135
csuEx72_bluelightbasal_JNL_10off_20on_20off,566,56.517,23299400,-21.594094015042643
csuEx72_bluelightbasal_JNL_10off_20on_20off,567,56.617,23107500,-22.239865724121557
csuEx72_bluelightbasal_JNL_10off_20on_20off,568,56.717,23233100.000000004,-21.817203261066247
csuEx72_bluelightbasal_JNL_10off_20on_20off,569,56.817,23250799.999999996,-21.757640159186664
csuEx72_bluelightbasal_JNL_10off_20on_20off,570,56.917,23268100,-21.69942311610658
csuEx72_bluelightbasal_JNL_10off_20on_20off,571,57.017,23251200,-21.756294100387112
csuEx72_bluelightbasal_JNL_10off_20on_20off,572,57.117,23172799.999999996,-22.0201216250968
csuEx72_bluelightbasal_JNL_10off_20on_20off,573,57.217,22983300,-22.65781698137847
csuEx72_bluelightbasal_JNL_10off_20on_20off,574,57.317,22921800,-22.864773521807617
csuEx72_bluelightbasal_JNL_10off_20on_20off,575,57.417,23155600,-22.078002153476973
csuEx72_bluelightbasal_JNL_10off_20on_20off,576,57.517,23164800,-22.04704280108757
csuEx72_bluelightbasal_JNL_10off_20on_20off,577,57.617,23230300,-21.826625672663035
csuEx72_bluelightbasal_JNL_10off_20on_20off,578,57.717,23067600,-22.374135089375592
csuEx72_bluelightbasal_JNL_10off_20on_20off,579,57.817,23261599.999999996,-21.721296571599105
csuEx72_bluelightbasal_JNL_10off_20on_20off,580,57.917,23014400,-22.5531609097143
csuEx72_bluelightbasal_JNL_10off_20on_20off,581,58.017,23158400,-22.0685797418802
csuEx72_bluelightbasal_JNL_10off_20on_20off,582,58.117,23184900,-21.979403346410727
csuEx72_bluelightbasal_JNL_10off_20on_20off,583,58.217,23390000,-21.28921169694702
csuEx72_bluelightbasal_JNL_10off_20on_20off,584,58.317,23302100,-21.58500811814575
csuEx72_bluelightbasal_JNL_10off_20on_20off,585,58.417,23196700,-21.939694611824322
csuEx72_bluelightbasal_JNL_10off_20on_20off,586,58.517,23564700,-20.701320516248288
csuEx72_bluelightbasal_JNL_10off_20on_20off,587,58.617,23311099.999999996,-21.554721795156134
csuEx72_bluelightbasal_JNL_10off_20on_20off,588,58.717,23196100,-21.941713700023634
csuEx72_bluelightbasal_JNL_10off_20on_20off,589,58.817,23130400,-22.16280385784794
csuEx72_bluelightbasal_JNL_10off_20on_20off,590,58.917,23053000,-22.42326623555877
csuEx72_bluelightbasal_JNL_10off_20on_20off,591,59.017,23380500,-21.321180593436075
csuEx72_bluelightbasal_JNL_10off_20on_20off,592,59.117,23023699.999999996,-22.521865042625027
csuEx72_bluelightbasal_JNL_10off_20on_20off,593,59.217,22797700,-23.282388264364645
csuEx72_bluelightbasal_JNL_10off_20on_20off,594,59.317,22865200,-23.05524084194241
csuEx72_bluelightbasal_JNL_10off_20on_20off,595,59.417,22895900,-22.951930829077778
csuEx72_bluelightbasal_JNL_10off_20on_20off,596,59.517,22685800,-23.65894821353573
csuEx72_bluelightbasal_JNL_10off_20on_20off,597,59.617,22736600,-23.487998745994254
csuEx72_bluelightbasal_JNL_10off_20on_20off,598,59.717,22655400,-23.761248682300707
csuEx72_bluelightbasal_JNL_10off_20on_20off,599,59.817,22876800,-23.016205136755772
csuEx72_bluelightbasal_JNL_10off_20on_20off,600,59.917,23012900,-22.558208630212572
