stim_jnl,frame,time_s,fluor,dff
csuEx72_bluelightbasal_JNL_10off_20on_20off,2,0.1,22238200,0.501615730977214
csuEx72_bluelightbasal_JNL_10off_20on_20off,3,0.2,22588800,2.0860904850166873
csuEx72_bluelightbasal_JNL_10off_20on_20off,4,0.3,22482800,1.607042213687012
csuEx72_bluelightbasal_JNL_10off_20on_20off,5,0.4,22324900,0.8934410623383731
csuEx72_bluelightbasal_JNL_10off_20on_20off,6,0.5,22158600,0.14187759514851447
csuEx72_bluelightbasal_JNL_10off_20on_20off,7,0.6,22366400,1.0809929798872553
csuEx72_bluelightbasal_JNL_10off_20on_20off,8,0.71,22226200,0.4473838512040433
csuEx72_bluelightbasal_JNL_10off_20on_20off,9,0.8,22358800,1.0466461226975805
csuEx72_bluelightbasal_JNL_10off_20on_20off,10,0.9,22266000,0.6272529191183931
csuEx72_bluelightbasal_JNL_10off_20on_20off,11,1,22128600,0.00629789571558751
csuEx72_bluelightbasal_JNL_10off_20on_20off,12,1.1,22189199.999999996,0.28016888857008315
csuEx72_bluelightbasal_JNL_10off_20on_20off,13,1.2,22087000,-0.1817059541647379
csuEx72_bluelightbasal_JNL_10off_20on_20off,14,1.3,22136900,0.04380827922536397
csuEx72_bluelightbasal_JNL_10off_20on_20off,15,1.4,22055900,-0.32225690924353884
csuEx72_bluelightbasal_JNL_10off_20on_20off,16,1.51,22093000,-0.1545900142781525
csuEx72_bluelightbasal_JNL_10off_20on_20off,17,1.6,21896000,-1.0448967072210396
csuEx72_bluelightbasal_JNL_10off_20on_20off,18,1.7,21939900,-0.8464984137175231
csuEx72_bluelightbasal_JNL_10off_20on_20off,19,1.8,22069000,-0.2630537738244941
csuEx72_bluelightbasal_JNL_10off_20on_20off,20,1.9,22012600,-0.5179436087583967
csuEx72_bluelightbasal_JNL_10off_20on_20off,21,2,21829800,-1.3440759106363651
csuEx72_bluelightbasal_JNL_10off_20on_20off,22,2.1,22054100,-0.33039169120951445
csuEx72_bluelightbasal_JNL_10off_20on_20off,23,2.2,21990500,-0.6178206540073197
csuEx72_bluelightbasal_JNL_10off_20on_20off,24,2.3,21997800,-0.5848295938119741
csuEx72_bluelightbasal_JNL_10off_20on_20off,25,2.4,21869500,-1.1646587750534585
csuEx72_bluelightbasal_JNL_10off_20on_20off,26,2.5,22168100,0.184811166635608
csuEx72_bluelightbasal_JNL_10off_20on_20off,27,2.6,22041900,-0.3855274356455714
csuEx72_bluelightbasal_JNL_10off_20on_20off,28,2.7,21939000,-0.8505658047005109
csuEx72_bluelightbasal_JNL_10off_20on_20off,29,2.8,22012700,-0.5174916764269536
csuEx72_bluelightbasal_JNL_10off_20on_20off,30,2.9,22028200,-0.4474421650532748
csuEx72_bluelightbasal_JNL_10off_20on_20off,31,3,22115600,-0.052453307372014174
csuEx72_bluelightbasal_JNL_10off_20on_20off,32,3.1,22091400,-0.16182093158124192
csuEx72_bluelightbasal_JNL_10off_20on_20off,33,3.2,22335500,0.9413458894713406
csuEx72_bluelightbasal_JNL_10off_20on_20off,34,3.3,22205300,0.35292999393243746
csuEx72_bluelightbasal_JNL_10off_20on_20off,35,3.4,22228500.000000004,0.4577782948272512
csuEx72_bluelightbasal_JNL_10off_20on_20off,36,3.5,22235800,0.49076935502257985
csuEx72_bluelightbasal_JNL_10off_20on_20off,37,3.6,22326100.000000004,0.8988642503157068
csuEx72_bluelightbasal_JNL_10off_20on_20off,38,3.7,22382600,1.1542060175810358
csuEx72_bluelightbasal_JNL_10off_20on_20off,39,3.8,22416400,1.3069591456088003
csuEx72_bluelightbasal_JNL_10off_20on_20off,40,3.9,22475000,1.5717914918344507
csuEx72_bluelightbasal_JNL_10off_20on_20off,41,4,22591500,2.0982926579656507
csuEx72_bluelightbasal_JNL_10off_20on_20off,42,4.1,22575800,2.0273392819290854
csuEx72_bluelightbasal_JNL_10off_20on_20off,43,4.2,22630499.999999996,2.274546267228439
csuEx72_bluelightbasal_JNL_10off_20on_20off,44,4.3,22654800,2.3843658237691265
csuEx72_bluelightbasal_JNL_10off_20on_20off,45,4.4,22782500,2.9614834110219523
csuEx72_bluelightbasal_JNL_10off_20on_20off,46,4.5,22836100,3.2037191406754486
csuEx72_bluelightbasal_JNL_10off_20on_20off,47,4.6,22878200,3.3939826522129892
csuEx72_bluelightbasal_JNL_10off_20on_20off,48,4.7,22746800,2.800143568696769
csuEx72_bluelightbasal_JNL_10off_20on_20off,49,4.8,22882500,3.4134157424650424
csuEx72_bluelightbasal_JNL_10off_20on_20off,50,4.9,22768900,2.900020613945692
csuEx72_bluelightbasal_JNL_10off_20on_20off,51,5,22794700,3.016619155458009
csuEx72_bluelightbasal_JNL_10off_20on_20off,52,5.1,22829600,3.1743435391316472
csuEx72_bluelightbasal_JNL_10off_20on_20off,53,5.2,22900299.999999996,3.493859697461895
csuEx72_bluelightbasal_JNL_10off_20on_20off,54,5.3,22862500,3.3230292761764244
csuEx72_bluelightbasal_JNL_10off_20on_20off,55,5.4,22999700,3.9430804349163435
csuEx72_bluelightbasal_JNL_10off_20on_20off,56,5.5,22962100,3.773153878293742
csuEx72_bluelightbasal_JNL_10off_20on_20off,57,5.6,23019100,4.030755307216303
csuEx72_bluelightbasal_JNL_10off_20on_20off,58,5.7,23094900,4.373320014450165
csuEx72_bluelightbasal_JNL_10off_20on_20off,59,5.8,23088300,4.343492480574921
csuEx72_bluelightbasal_JNL_10off_20on_20off,60,5.9,23060900.000000004,4.219663021759532
csuEx72_bluelightbasal_JNL_10off_20on_20off,61,6,23098800,4.390945375376446
csuEx72_bluelightbasal_JNL_10off_20on_20off,62,6.1,23216700,4.923773594147848
csuEx72_bluelightbasal_JNL_10off_20on_20off,63,6.2,23143900,4.594766856857279
csuEx72_bluelightbasal_JNL_10off_20on_20off,64,6.3,23238000,5.020035180745227
csuEx72_bluelightbasal_JNL_10off_20on_20off,65,6.41,23311799.999999996,5.35356124135021
csuEx72_bluelightbasal_JNL_10off_20on_20off,66,6.5,23283500,5.225664391551833
csuEx72_bluelightbasal_JNL_10off_20on_20off,67,6.6,23319500,5.388360030871345
csuEx72_bluelightbasal_JNL_10off_20on_20off,68,6.7,23386600,5.691606625269658
csuEx72_bluelightbasal_JNL_10off_20on_20off,69,6.8,23466200,6.051344761098357
csuEx72_bluelightbasal_JNL_10off_20on_20off,70,6.9,23464400,6.043209979132382
csuEx72_bluelightbasal_JNL_10off_20on_20off,71,7,23087800,4.341232818917706
csuEx72_bluelightbasal_JNL_10off_20on_20off,72,7.1,23359000,5.566873301791365
csuEx72_bluelightbasal_JNL_10off_20on_20off,73,7.2,23166600,4.69735549609486
csuEx72_bluelightbasal_JNL_10off_20on_20off,74,7.3,23321800,5.398754474494536
csuEx72_bluelightbasal_JNL_10off_20on_20off,75,7.4,23225900,4.965351368640613
csuEx72_bluelightbasal_JNL_10off_20on_20off,76,7.5,23302800,5.312887331520349
csuEx72_bluelightbasal_JNL_10off_20on_20off,77,7.6,23198800,4.842877706819535
csuEx72_bluelightbasal_JNL_10off_20on_20off,78,7.7,23367500,5.605287549964029
csuEx72_bluelightbasal_JNL_10off_20on_20off,79,7.8,23333300,5.450726692610491
csuEx72_bluelightbasal_JNL_10off_20on_20off,80,7.9,23347900,5.516708813001182
csuEx72_bluelightbasal_JNL_10off_20on_20off,81,8,23397100,5.739059520071183
csuEx72_bluelightbasal_JNL_10off_20on_20off,82,8.1,23436900,5.9189285879855325
csuEx72_bluelightbasal_JNL_10off_20on_20off,83,8.2,23613000,6.714781423656814
csuEx72_bluelightbasal_JNL_10off_20on_20off,84,8.3,23421599.999999996,5.849782941274722
csuEx72_bluelightbasal_JNL_10off_20on_20off,85,8.4,23343500,5.496823790417686
csuEx72_bluelightbasal_JNL_10off_20on_20off,86,8.5,23377900,5.65228851243411
csuEx72_bluelightbasal_JNL_10off_20on_20off,87,8.6,23362200,5.581335136397544
csuEx72_bluelightbasal_JNL_10off_20on_20off,88,8.7,23486600.000000004,6.143538956712765
csuEx72_bluelightbasal_JNL_10off_20on_20off,89,8.8,23417600,5.8317056480170155
csuEx72_bluelightbasal_JNL_10off_20on_20off,90,8.9,23433500,5.9035628887164675
csuEx72_bluelightbasal_JNL_10off_20on_20off,91,9,23491600,6.166135573284903
csuEx72_bluelightbasal_JNL_10off_20on_20off,92,9.11,23490400,6.160712385307585
csuEx72_bluelightbasal_JNL_10off_20on_20off,93,9.2,23501500,6.210876874097768
csuEx72_bluelightbasal_JNL_10off_20on_20off,94,9.3,23589800,6.609933122762017
csuEx72_bluelightbasal_JNL_10off_20on_20off,95,9.4,23387699.999999996,5.696577880915515
csuEx72_bluelightbasal_JNL_10off_20on_20off,96,9.5,23511000.000000004,6.253810445584879
csuEx72_bluelightbasal_JNL_10off_20on_20off,97,9.6,22617000,2.2135354024836387
csuEx72_bluelightbasal_JNL_10off_20on_20off,98,9.7,22899200,3.488888441816038
csuEx72_bluelightbasal_JNL_10off_20on_20off,99,9.8,23509300,6.2461275959503295
csuEx72_bluelightbasal_JNL_10off_20on_20off,100,9.9,24181800,9.285372524905108
csuEx72_bluelightbasal_JNL_10off_20on_20off,101,10,24232800,9.515858013941084
csuEx72_bluelightbasal_JNL_10off_20on_20off,102,10.1,24230700,9.50636743498078
csuEx72_bluelightbasal_JNL_10off_20on_20off,103,10.2,23986300,8.401844816933867
csuEx72_bluelightbasal_JNL_10off_20on_20off,104,10.3,23726900,7.229532349170493
csuEx72_bluelightbasal_JNL_10off_20on_20off,105,10.41,23539900,6.384418889371915
csuEx72_bluelightbasal_JNL_10off_20on_20off,106,10.5,23523800,6.3116577840095776
csuEx72_bluelightbasal_JNL_10off_20on_20off,107,10.6,23612400,6.712069829668154
csuEx72_bluelightbasal_JNL_10off_20on_20off,108,10.7,23602000,6.665068867198073
csuEx72_bluelightbasal_JNL_10off_20on_20off,109,10.8,23657499.999999996,6.915891311148973
csuEx72_bluelightbasal_JNL_10off_20on_20off,110,10.9,23663100,6.941199521709803
csuEx72_bluelightbasal_JNL_10off_20on_20off,111,11,23734300,7.262975341697282
csuEx72_bluelightbasal_JNL_10off_20on_20off,112,11.1,23590800,6.614452446076448
csuEx72_bluelightbasal_JNL_10off_20on_20off,113,11.2,23590100,6.611288919756346
csuEx72_bluelightbasal_JNL_10off_20on_20off,114,11.31,23469500,6.06625852803598
csuEx72_bluelightbasal_JNL_10off_20on_20off,115,11.41,23492000,6.1679433026106745
csuEx72_bluelightbasal_JNL_10off_20on_20off,116,11.51,23391700.000000004,5.714655174173273
csuEx72_bluelightbasal_JNL_10off_20on_20off,117,11.6,23421800,5.850686805937626
csuEx72_bluelightbasal_JNL_10off_20on_20off,118,11.7,23407100,5.784252753215491
csuEx72_bluelightbasal_JNL_10off_20on_20off,119,11.809,23422900.000000004,5.855658061583516
csuEx72_bluelightbasal_JNL_10off_20on_20off,120,11.91,23760100,7.3795738832095985
csuEx72_bluelightbasal_JNL_10off_20on_20off,121,12.01,23609800,6.700319589050635
csuEx72_bluelightbasal_JNL_10off_20on_20off,122,12.109,23509900,6.248839189938988
csuEx72_bluelightbasal_JNL_10off_20on_20off,123,12.21,23557600,6.4644109120373425
csuEx72_bluelightbasal_JNL_10off_20on_20off,124,12.31,23483200,6.128173257443683
csuEx72_bluelightbasal_JNL_10off_20on_20off,125,12.41,23746999.999999996,7.3203707477905375
csuEx72_bluelightbasal_JNL_10off_20on_20off,126,12.51,23492300,6.169299099605005
csuEx72_bluelightbasal_JNL_10off_20on_20off,127,12.61,23497900,6.194607310165817
csuEx72_bluelightbasal_JNL_10off_20on_20off,128,12.71,23514500,6.26962807718537
csuEx72_bluelightbasal_JNL_10off_20on_20off,129,12.81,23592700,6.623039160373867
csuEx72_bluelightbasal_JNL_10off_20on_20off,130,12.91,23645200,6.860303634381489
csuEx72_bluelightbasal_JNL_10off_20on_20off,131,13.01,23706999.999999996,7.1395978152133015
csuEx72_bluelightbasal_JNL_10off_20on_20off,132,13.11,23683500,7.033393717324192
csuEx72_bluelightbasal_JNL_10off_20on_20off,133,13.21,23615700,6.726983596605778
csuEx72_bluelightbasal_JNL_10off_20on_20off,134,13.31,23685500,7.042432363953053
csuEx72_bluelightbasal_JNL_10off_20on_20off,135,13.41,23640300,6.838158950140777
csuEx72_bluelightbasal_JNL_10off_20on_20off,136,13.51,23744400,7.308620507173033
csuEx72_bluelightbasal_JNL_10off_20on_20off,137,13.61,23364900,5.593537309346508
csuEx72_bluelightbasal_JNL_10off_20on_20off,138,13.71,23364100,5.589921850694963
csuEx72_bluelightbasal_JNL_10off_20on_20off,139,13.81,23333900,5.45343828659915
csuEx72_bluelightbasal_JNL_10off_20on_20off,140,13.91,23384800,5.683471843303683
csuEx72_bluelightbasal_JNL_10off_20on_20off,141,14.01,23533900,6.35730294948533
csuEx72_bluelightbasal_JNL_10off_20on_20off,142,14.11,23469699.999999996,6.067162392698849
csuEx72_bluelightbasal_JNL_10off_20on_20off,143,14.21,23528900,6.334706332913174
csuEx72_bluelightbasal_JNL_10off_20on_20off,144,14.31,23595200,6.634337468659944
csuEx72_bluelightbasal_JNL_10off_20on_20off,145,14.41,23470300,6.069873986687525
csuEx72_bluelightbasal_JNL_10off_20on_20off,146,14.51,23520900,6.298551746397727
csuEx72_bluelightbasal_JNL_10off_20on_20off,147,14.61,23370099.999999996,5.617037790581532
csuEx72_bluelightbasal_JNL_10off_20on_20off,148,14.71,23633600,6.80787948393409
csuEx72_bluelightbasal_JNL_10off_20on_20off,149,14.81,23603600,6.672299784501163
csuEx72_bluelightbasal_JNL_10off_20on_20off,150,14.91,23572700.000000004,6.532652694085265
csuEx72_bluelightbasal_JNL_10off_20on_20off,151,15.01,23625500,6.771272965087199
csuEx72_bluelightbasal_JNL_10off_20on_20off,152,15.11,23534400,6.359562611142546
csuEx72_bluelightbasal_JNL_10off_20on_20off,153,15.21,23483100,6.1277213251122395
csuEx72_bluelightbasal_JNL_10off_20on_20off,154,15.31,23700800.000000004,7.111578010663863
csuEx72_bluelightbasal_JNL_10off_20on_20off,155,15.41,23596499.999999996,6.640212588968687
csuEx72_bluelightbasal_JNL_10off_20on_20off,156,15.51,23482500,6.125009731123581
csuEx72_bluelightbasal_JNL_10off_20on_20off,157,15.61,23731700,7.251225101079761
csuEx72_bluelightbasal_JNL_10off_20on_20off,158,15.71,23665200,6.950690100670107
csuEx72_bluelightbasal_JNL_10off_20on_20off,159,15.81,23695300,7.086721732434477
csuEx72_bluelightbasal_JNL_10off_20on_20off,160,15.91,23564000,6.493334581249699
csuEx72_bluelightbasal_JNL_10off_20on_20off,161,16.01,23613700,6.717944949976916
csuEx72_bluelightbasal_JNL_10off_20on_20off,162,16.11,23791400,7.521028702951287
csuEx72_bluelightbasal_JNL_10off_20on_20off,163,16.21,23704700,7.129203371590127
csuEx72_bluelightbasal_JNL_10off_20on_20off,164,16.31,23628200,6.783475138036163
csuEx72_bluelightbasal_JNL_10off_20on_20off,165,16.41,23876600,7.906075049340798
csuEx72_bluelightbasal_JNL_10off_20on_20off,166,16.51,23763300,7.394035717815778
csuEx72_bluelightbasal_JNL_10off_20on_20off,167,16.61,23441200.000000004,5.938361678237602
csuEx72_bluelightbasal_JNL_10off_20on_20off,168,16.71,23344900,5.50315084305789
csuEx72_bluelightbasal_JNL_10off_20on_20off,169,16.81,23578600,6.559316701640391
csuEx72_bluelightbasal_JNL_10off_20on_20off,170,16.91,23369600,5.614778128924333
csuEx72_bluelightbasal_JNL_10off_20on_20off,171,17.01,23633900,6.809235280928419
csuEx72_bluelightbasal_JNL_10off_20on_20off,172,17.11,23531800,6.347812370525024
csuEx72_bluelightbasal_JNL_10off_20on_20off,173,17.21,23521000,6.2990036787291706
csuEx72_bluelightbasal_JNL_10off_20on_20off,174,17.31,23645600,6.862111363707261
csuEx72_bluelightbasal_JNL_10off_20on_20off,175,17.41,23661500.000000004,6.933968604406729
csuEx72_bluelightbasal_JNL_10off_20on_20off,176,17.51,23620700,6.749580213177932
csuEx72_bluelightbasal_JNL_10off_20on_20off,177,17.61,23570000.000000004,6.520450521136302
csuEx72_bluelightbasal_JNL_10off_20on_20off,178,17.71,23707600.000000004,7.142309409201994
csuEx72_bluelightbasal_JNL_10off_20on_20off,179,17.81,23772200,7.434257695314213
csuEx72_bluelightbasal_JNL_10off_20on_20off,180,17.91,23718700,7.192473897992159
csuEx72_bluelightbasal_JNL_10off_20on_20off,181,18.01,23680200,7.0184799503865705
csuEx72_bluelightbasal_JNL_10off_20on_20off,182,18.11,23769100,7.420247793039477
csuEx72_bluelightbasal_JNL_10off_20on_20off,183,18.21,23537700,6.374476378080167
csuEx72_bluelightbasal_JNL_10off_20on_20off,184,18.31,23459000,6.0188056332344555
csuEx72_bluelightbasal_JNL_10off_20on_20off,185,18.41,23654099.999999996,6.900525611879907
csuEx72_bluelightbasal_JNL_10off_20on_20off,186,18.51,23528500,6.332898603587403
csuEx72_bluelightbasal_JNL_10off_20on_20off,187,18.61,23687700,7.0523748752448014
csuEx72_bluelightbasal_JNL_10off_20on_20off,188,18.71,23498400,6.196866971823033
csuEx72_bluelightbasal_JNL_10off_20on_20off,189,18.81,23615900,6.727887461268664
csuEx72_bluelightbasal_JNL_10off_20on_20off,190,18.91,23453000,5.99168969334787
csuEx72_bluelightbasal_JNL_10off_20on_20off,191,19.01,23554700,6.451304874425492
csuEx72_bluelightbasal_JNL_10off_20on_20off,192,19.11,23653500,6.897814017891266
csuEx72_bluelightbasal_JNL_10off_20on_20off,193,19.21,23601200.000000004,6.661453408546546
csuEx72_bluelightbasal_JNL_10off_20on_20off,194,19.31,23526900,6.325667686284313
csuEx72_bluelightbasal_JNL_10off_20on_20off,195,19.41,23742600,7.300485725207058
csuEx72_bluelightbasal_JNL_10off_20on_20off,196,19.51,23580800,6.569259212932138
csuEx72_bluelightbasal_JNL_10off_20on_20off,197,19.61,23559300,6.472093761671874
csuEx72_bluelightbasal_JNL_10off_20on_20off,198,19.71,23721199.999999996,7.203772206278219
csuEx72_bluelightbasal_JNL_10off_20on_20off,199,19.81,23773600,7.440584747954417
csuEx72_bluelightbasal_JNL_10off_20on_20off,200,19.91,23668200,6.964248070613399
csuEx72_bluelightbasal_JNL_10off_20on_20off,201,20.01,23834700,7.716715402466144
csuEx72_bluelightbasal_JNL_10off_20on_20off,202,20.11,23765900.000000004,7.405785958433316
csuEx72_bluelightbasal_JNL_10off_20on_20off,203,20.21,23502100,6.213588468086427
csuEx72_bluelightbasal_JNL_10off_20on_20off,204,20.31,23589900,6.6103850550934595
csuEx72_bluelightbasal_JNL_10off_20on_20off,205,20.41,23654799.999999996,6.903689138200009
csuEx72_bluelightbasal_JNL_10off_20on_20off,206,20.51,23651300,6.8878715065995175
csuEx72_bluelightbasal_JNL_10off_20on_20off,207,20.61,23687000,7.0492113489247
csuEx72_bluelightbasal_JNL_10off_20on_20off,208,20.71,23668600,6.966055799939172
csuEx72_bluelightbasal_JNL_10off_20on_20off,209,20.81,23605100,6.6790787694728095
csuEx72_bluelightbasal_JNL_10off_20on_20off,210,20.91,23678900,7.01260483007781
csuEx72_bluelightbasal_JNL_10off_20on_20off,211,21.01,23722300,7.208743461924111
csuEx72_bluelightbasal_JNL_10off_20on_20off,212,21.11,23714400.000000004,7.173040807740123
csuEx72_bluelightbasal_JNL_10off_20on_20off,213,21.21,23679300,7.014412559403582
csuEx72_bluelightbasal_JNL_10off_20on_20off,214,21.31,23843400,7.756033515301692
csuEx72_bluelightbasal_JNL_10off_20on_20off,215,21.41,23730200,7.244446116108115
csuEx72_bluelightbasal_JNL_10off_20on_20off,216,21.51,23708100,7.144569070859193
csuEx72_bluelightbasal_JNL_10off_20on_20off,217,21.602,23679199.999999996,7.013960627072123
csuEx72_bluelightbasal_JNL_10off_20on_20off,218,21.707,23761500,7.3859009358498025
csuEx72_bluelightbasal_JNL_10off_20on_20off,219,21.807,23873000.000000004,7.889805485408864
csuEx72_bluelightbasal_JNL_10off_20on_20off,220,21.907,23799100.000000004,7.555827492472421
csuEx72_bluelightbasal_JNL_10off_20on_20off,221,22.007,23469900,6.068066257361751
csuEx72_bluelightbasal_JNL_10off_20on_20off,222,22.107,23573400.000000004,6.535816220405367
csuEx72_bluelightbasal_JNL_10off_20on_20off,223,22.207,23392300,5.717366768161914
csuEx72_bluelightbasal_JNL_10off_20on_20off,224,22.307,23493900,6.176530016908094
csuEx72_bluelightbasal_JNL_10off_20on_20off,225,22.407,23574700,6.54169134071411
csuEx72_bluelightbasal_JNL_10off_20on_20off,226,22.507,23540899.999999996,6.3889382126863294
csuEx72_bluelightbasal_JNL_10off_20on_20off,227,22.607,23528600,6.333350535918846
csuEx72_bluelightbasal_JNL_10off_20on_20off,228,22.707,23565700,6.5010174308842315
csuEx72_bluelightbasal_JNL_10off_20on_20off,229,22.807,23626299.999999996,6.7748884237387275
csuEx72_bluelightbasal_JNL_10off_20on_20off,230,22.907,23739200,7.285120025937992
csuEx72_bluelightbasal_JNL_10off_20on_20off,231,23.007,23660600,6.929901213423724
csuEx72_bluelightbasal_JNL_10off_20on_20off,232,23.107,23870100,7.876699447796998
csuEx72_bluelightbasal_JNL_10off_20on_20off,233,23.207,23795900,7.541365657866225
csuEx72_bluelightbasal_JNL_10off_20on_20off,234,23.307,23878499.999999996,7.9146617636382
csuEx72_bluelightbasal_JNL_10off_20on_20off,235,23.407,23567900,6.51095994217598
csuEx72_bluelightbasal_JNL_10off_20on_20off,236,23.507,23491800,6.167039437947789
csuEx72_bluelightbasal_JNL_10off_20on_20off,237,23.607,23566100,6.502825160210005
csuEx72_bluelightbasal_JNL_10off_20on_20off,238,23.707,23506500,6.233473490669923
csuEx72_bluelightbasal_JNL_10off_20on_20off,239,23.807,23513099.999999996,6.263301024545149
csuEx72_bluelightbasal_JNL_10off_20on_20off,240,23.907,23479000,6.1091920995230735
csuEx72_bluelightbasal_JNL_10off_20on_20off,241,24.007,23711600,7.160386702459701
csuEx72_bluelightbasal_JNL_10off_20on_20off,242,24.107,23579800,6.564739889617707
csuEx72_bluelightbasal_JNL_10off_20on_20off,243,24.207,23738700,7.282860364280777
csuEx72_bluelightbasal_JNL_10off_20on_20off,244,24.307,23780199.999999996,7.470412281829643
csuEx72_bluelightbasal_JNL_10off_20on_20off,245,24.407,23750800,7.337544176385391
csuEx72_bluelightbasal_JNL_10off_20on_20off,246,24.507,23757200,7.366467845597749
csuEx72_bluelightbasal_JNL_10off_20on_20off,247,24.607,23700800.000000004,7.111578010663863
csuEx72_bluelightbasal_JNL_10off_20on_20off,248,24.707,23870400,7.878055244791327
csuEx72_bluelightbasal_JNL_10off_20on_20off,249,24.807,23828999.999999996,7.6909552595738715
csuEx72_bluelightbasal_JNL_10off_20on_20off,250,24.907,23836900,7.726657913757892
csuEx72_bluelightbasal_JNL_10off_20on_20off,251,25.007,23917600,8.091367305232465
csuEx72_bluelightbasal_JNL_10off_20on_20off,252,25.107,23945700,8.218360290367974
csuEx72_bluelightbasal_JNL_10off_20on_20off,253,25.207,24063200,8.749380779813604
csuEx72_bluelightbasal_JNL_10off_20on_20off,254,25.307,23511500,6.256070107242078
csuEx72_bluelightbasal_JNL_10off_20on_20off,255,25.407,23607200,6.688569348433114
csuEx72_bluelightbasal_JNL_10off_20on_20off,256,25.507,23733700,7.260263747708623
csuEx72_bluelightbasal_JNL_10off_20on_20off,257,25.607,23476100,6.096086061911224
csuEx72_bluelightbasal_JNL_10off_20on_20off,258,25.707,23485800,6.139923498061203
csuEx72_bluelightbasal_JNL_10off_20on_20off,259,25.807,23708800,7.147732597179293
csuEx72_bluelightbasal_JNL_10off_20on_20off,260,25.907,23699100,7.103895161029314
csuEx72_bluelightbasal_JNL_10off_20on_20off,261,26.007,23697900,7.098471973051996
csuEx72_bluelightbasal_JNL_10off_20on_20off,262,26.107,23654600,6.902785273537139
csuEx72_bluelightbasal_JNL_10off_20on_20off,263,26.207,23505800,6.230309964349821
csuEx72_bluelightbasal_JNL_10off_20on_20off,264,26.307,23668500,6.965603867607728
csuEx72_bluelightbasal_JNL_10off_20on_20off,265,26.407,23497200,6.191443783845715
csuEx72_bluelightbasal_JNL_10off_20on_20off,266,26.507,23710200,7.154059649819497
csuEx72_bluelightbasal_JNL_10off_20on_20off,267,26.607,23760100,7.3795738832095985
csuEx72_bluelightbasal_JNL_10off_20on_20off,268,26.707,23708600,7.146828732516408
csuEx72_bluelightbasal_JNL_10off_20on_20off,269,26.807,23700500,7.110222213669518
csuEx72_bluelightbasal_JNL_10off_20on_20off,270,26.907,23950500,8.240053042277241
csuEx72_bluelightbasal_JNL_10off_20on_20off,271,27.007,23845200.000000004,7.764168297267686
csuEx72_bluelightbasal_JNL_10off_20on_20off,272,27.107,23557400,6.463507047374456
csuEx72_bluelightbasal_JNL_10off_20on_20off,273,27.207,23701100,7.112933807658176
csuEx72_bluelightbasal_JNL_10off_20on_20off,274,27.307,23942300,8.202994591098909
csuEx72_bluelightbasal_JNL_10off_20on_20off,275,27.407,23873900,7.8938728763918355
csuEx72_bluelightbasal_JNL_10off_20on_20off,276,27.507,24003000,8.477317516284865
csuEx72_bluelightbasal_JNL_10off_20on_20off,277,27.607,23655600,6.90730459685157
csuEx72_bluelightbasal_JNL_10off_20on_20off,278,27.707,23479600,6.1119036935117315
csuEx72_bluelightbasal_JNL_10off_20on_20off,279,27.807,23675600,6.997691063140188
csuEx72_bluelightbasal_JNL_10off_20on_20off,280,27.907,23475200,6.092018670928236
csuEx72_bluelightbasal_JNL_10off_20on_20off,281,28.007,23538500,6.378091836731711
csuEx72_bluelightbasal_JNL_10off_20on_20off,282,28.107,23466600,6.0531524904241305
csuEx72_bluelightbasal_JNL_10off_20on_20off,283,28.207,23858799.999999996,7.825631094343912
csuEx72_bluelightbasal_JNL_10off_20on_20off,284,28.307,23794700,7.535942469888908
csuEx72_bluelightbasal_JNL_10off_20on_20off,285,28.407,23643400,6.852168852415513
csuEx72_bluelightbasal_JNL_10off_20on_20off,286,28.507,23619400,6.743705092869172
csuEx72_bluelightbasal_JNL_10off_20on_20off,287,28.607,23662800,6.939843724715472
csuEx72_bluelightbasal_JNL_10off_20on_20off,288,28.707,23966100,8.310554485982365
csuEx72_bluelightbasal_JNL_10off_20on_20off,289,28.807,23860100.000000004,7.8315062146527055
csuEx72_bluelightbasal_JNL_10off_20on_20off,290,28.907,23588800,6.605413799447586
csuEx72_bluelightbasal_JNL_10off_20on_20off,291,29.007,23582200.000000004,6.575586265572358
csuEx72_bluelightbasal_JNL_10off_20on_20off,292,29.107,23400500,5.754425219340248
csuEx72_bluelightbasal_JNL_10off_20on_20off,293,29.207,23448699.999999996,5.972256603095801
csuEx72_bluelightbasal_JNL_10off_20on_20off,294,29.307,23605600,6.681338431130025
csuEx72_bluelightbasal_JNL_10off_20on_20off,295,29.407,23620000,6.74641668685783
csuEx72_bluelightbasal_JNL_10off_20on_20off,296,29.507,23677300,7.00537391277472
csuEx72_bluelightbasal_JNL_10off_20on_20off,297,29.607,23567600,6.509604145181651
csuEx72_bluelightbasal_JNL_10off_20on_20off,298,29.707,23696700,7.0930487850746795
csuEx72_bluelightbasal_JNL_10off_20on_20off,299,29.807,23872600,7.887997756083075
csuEx72_bluelightbasal_JNL_10off_20on_20off,300,29.907,23879300,7.9182772222897615
csuEx72_bluelightbasal_JNL_10off_20on_20off,301,30.007,23575100,6.543499070039882
csuEx72_bluelightbasal_JNL_10off_20on_20off,302,30.107,23451200,5.983554911381894
csuEx72_bluelightbasal_JNL_10off_20on_20off,303,30.207,23489600,6.157096926656041
csuEx72_bluelightbasal_JNL_10off_20on_20off,304,30.307,23566600.000000004,6.505084821867237
csuEx72_bluelightbasal_JNL_10off_20on_20off,305,30.407,23459800,6.022421091886001
csuEx72_bluelightbasal_JNL_10off_20on_20off,306,30.507,23545700,6.410630964595613
csuEx72_bluelightbasal_JNL_10off_20on_20off,307,30.607,23682500.000000004,7.028874394009778
csuEx72_bluelightbasal_JNL_10off_20on_20off,308,30.707,23708700,7.147280664847851
csuEx72_bluelightbasal_JNL_10off_20on_20off,309,30.807,23760000,7.379121950878156
csuEx72_bluelightbasal_JNL_10off_20on_20off,310,30.907,23526600.000000004,6.3243118892900005
csuEx72_bluelightbasal_JNL_10off_20on_20off,311,31.007,23611399.999999996,6.707550506353707
csuEx72_bluelightbasal_JNL_10off_20on_20off,312,31.107,23796600,7.544529184186327
csuEx72_bluelightbasal_JNL_10off_20on_20off,313,31.207,23826900.000000004,7.681464680613599
csuEx72_bluelightbasal_JNL_10off_20on_20off,314,31.307,23786500,7.498884018710575
csuEx72_bluelightbasal_JNL_10off_20on_20off,315,31.407,23952000,8.246832027248889
csuEx72_bluelightbasal_JNL_10off_20on_20off,316,31.507,23565500,6.500113566221347
csuEx72_bluelightbasal_JNL_10off_20on_20off,317,31.606,23382600,5.673529332011935
csuEx72_bluelightbasal_JNL_10off_20on_20off,318,31.704,23460200.000000004,6.024228821211789
csuEx72_bluelightbasal_JNL_10off_20on_20off,319,31.804,23199200.000000004,4.844685436145324
csuEx72_bluelightbasal_JNL_10off_20on_20off,320,31.904,23494100.000000004,6.177433881570997
csuEx72_bluelightbasal_JNL_10off_20on_20off,321,32.005,23508600,6.242964069630228
csuEx72_bluelightbasal_JNL_10off_20on_20off,322,32.105,23604500,6.676367175484151
csuEx72_bluelightbasal_JNL_10off_20on_20off,323,32.205,23662899.999999996,6.940295657046899
csuEx72_bluelightbasal_JNL_10off_20on_20off,324,32.304,23573600,6.536720085068236
csuEx72_bluelightbasal_JNL_10off_20on_20off,325,32.414,23578500,6.558864769308947
csuEx72_bluelightbasal_JNL_10off_20on_20off,326,32.504,23449500,5.975872061747362
csuEx72_bluelightbasal_JNL_10off_20on_20off,327,32.604,23723300,7.213262785238542
csuEx72_bluelightbasal_JNL_10off_20on_20off,328,32.704,23456800.000000004,6.008863121942724
csuEx72_bluelightbasal_JNL_10off_20on_20off,329,32.804,23314499.999999996,5.365763414299174
csuEx72_bluelightbasal_JNL_10off_20on_20off,330,32.904,23410700.000000004,5.80052231714746
csuEx72_bluelightbasal_JNL_10off_20on_20off,331,33.004,23321000,5.395139015842991
csuEx72_bluelightbasal_JNL_10off_20on_20off,332,33.105,23331800,5.443947707638845
csuEx72_bluelightbasal_JNL_10off_20on_20off,333,33.205,23406100,5.779733429901061
csuEx72_bluelightbasal_JNL_10off_20on_20off,334,33.304,23528300,6.331994738924516
csuEx72_bluelightbasal_JNL_10off_20on_20off,335,33.404,23352100,5.535689970921792
csuEx72_bluelightbasal_JNL_10off_20on_20off,336,33.505,23445299.999999996,5.956890903826735
csuEx72_bluelightbasal_JNL_10off_20on_20off,337,33.604,23520800,6.298099814066285
csuEx72_bluelightbasal_JNL_10off_20on_20off,338,33.705,23419500.000000004,5.840292362314452
csuEx72_bluelightbasal_JNL_10off_20on_20off,339,33.805,23553900,6.447689415773948
csuEx72_bluelightbasal_JNL_10off_20on_20off,340,33.905,23543000,6.398428791646651
csuEx72_bluelightbasal_JNL_10off_20on_20off,341,34.004,23255300,5.098219474084882
csuEx72_bluelightbasal_JNL_10off_20on_20off,342,34.104,23281700,5.217529609585856
csuEx72_bluelightbasal_JNL_10off_20on_20off,343,34.204,23475100.000000004,6.09156673859681
csuEx72_bluelightbasal_JNL_10off_20on_20off,344,34.304,23367500,5.605287549964029
csuEx72_bluelightbasal_JNL_10off_20on_20off,345,34.404,23365600,5.596700835666609
csuEx72_bluelightbasal_JNL_10off_20on_20off,346,34.504,23435800.000000004,5.913957332339676
csuEx72_bluelightbasal_JNL_10off_20on_20off,347,34.604,23483600,6.129980986769455
csuEx72_bluelightbasal_JNL_10off_20on_20off,348,34.704,23486100,6.141279295055533
csuEx72_bluelightbasal_JNL_10off_20on_20off,349,34.804,23548200,6.421929272881692
csuEx72_bluelightbasal_JNL_10off_20on_20off,350,34.904,23167900,4.70323061640362
csuEx72_bluelightbasal_JNL_10off_20on_20off,351,35.004,23143600.000000004,4.593411059862967
csuEx72_bluelightbasal_JNL_10off_20on_20off,352,35.104,23195000,4.825704278224698
csuEx72_bluelightbasal_JNL_10off_20on_20off,353,35.204,23343000,5.494564128760471
csuEx72_bluelightbasal_JNL_10off_20on_20off,354,35.314,23112900,4.454667834109921
csuEx72_bluelightbasal_JNL_10off_20on_20off,355,35.414,23196200,4.831127466202015
csuEx72_bluelightbasal_JNL_10off_20on_20off,356,35.514,23233100.000000004,4.997890496504532
csuEx72_bluelightbasal_JNL_10off_20on_20off,357,35.614,23391099.999999996,5.71194358018458
csuEx72_bluelightbasal_JNL_10off_20on_20off,358,35.714,23254300,5.0937001507704505
csuEx72_bluelightbasal_JNL_10off_20on_20off,359,35.814,23280200,5.21075062461421
csuEx72_bluelightbasal_JNL_10off_20on_20off,360,35.914,23425900,5.8692160315267925
csuEx72_bluelightbasal_JNL_10off_20on_20off,361,36.014,23394000,5.725049617796447
csuEx72_bluelightbasal_JNL_10off_20on_20off,362,36.114,22930700,3.631247126220612
csuEx72_bluelightbasal_JNL_10off_20on_20off,363,36.214,23166900,4.69871129308919
csuEx72_bluelightbasal_JNL_10off_20on_20off,364,36.314,23251300,5.080142180827157
csuEx72_bluelightbasal_JNL_10off_20on_20off,365,36.414,22980299.999999996,3.8554055626163675
csuEx72_bluelightbasal_JNL_10off_20on_20off,366,36.514,23417100,5.829445986359801
csuEx72_bluelightbasal_JNL_10off_20on_20off,367,36.614,23298700,5.294358105931182
csuEx72_bluelightbasal_JNL_10off_20on_20off,368,36.714,23228600,4.977553541589576
csuEx72_bluelightbasal_JNL_10off_20on_20off,369,36.814,23297000,5.2866752562966495
csuEx72_bluelightbasal_JNL_10off_20on_20off,370,36.905,23363400,5.586758324374862
csuEx72_bluelightbasal_JNL_10off_20on_20off,371,37.014,23318700,5.3847445722198
csuEx72_bluelightbasal_JNL_10off_20on_20off,372,37.114,23443600,5.94920805419222
csuEx72_bluelightbasal_JNL_10off_20on_20off,373,37.214,23108200,4.4334270145320955
csuEx72_bluelightbasal_JNL_10off_20on_20off,374,37.314,23195199.999999996,4.826608142887567
csuEx72_bluelightbasal_JNL_10off_20on_20off,375,37.415,23017900,4.0253321192389855
csuEx72_bluelightbasal_JNL_10off_20on_20off,376,37.505,23109300,4.43839827017797
csuEx72_bluelightbasal_JNL_10off_20on_20off,377,37.614,23167300,4.700519022414962
csuEx72_bluelightbasal_JNL_10off_20on_20off,378,37.714,23135100,4.5549968116902875
csuEx72_bluelightbasal_JNL_10off_20on_20off,379,37.814,23281600,5.217077677254414
csuEx72_bluelightbasal_JNL_10off_20on_20off,380,37.914,23389800,5.706068459875837
csuEx72_bluelightbasal_JNL_10off_20on_20off,381,38.014,23037400,4.113458923870388
csuEx72_bluelightbasal_JNL_10off_20on_20off,382,38.114,22939400,3.67056523905616
csuEx72_bluelightbasal_JNL_10off_20on_20off,383,38.214,22938100,3.6646901187474006
csuEx72_bluelightbasal_JNL_10off_20on_20off,384,38.314,23110900,4.445629187481059
csuEx72_bluelightbasal_JNL_10off_20on_20off,385,38.414,22965200,3.7871637805684775
csuEx72_bluelightbasal_JNL_10off_20on_20off,386,38.514,22979400,3.8513381716333965
csuEx72_bluelightbasal_JNL_10off_20on_20off,387,38.614,23014800.000000004,4.011322216964267
csuEx72_bluelightbasal_JNL_10off_20on_20off,388,38.714,23060900.000000004,4.219663021759532
csuEx72_bluelightbasal_JNL_10off_20on_20off,389,38.814,23096899.999999996,4.382358661079009
csuEx72_bluelightbasal_JNL_10off_20on_20off,390,38.914,23207399.999999996,4.8817438873236245
csuEx72_bluelightbasal_JNL_10off_20on_20off,391,39.014,23146300.000000004,4.605613232811931
csuEx72_bluelightbasal_JNL_10off_20on_20off,392,39.114,23195000,4.825704278224698
csuEx72_bluelightbasal_JNL_10off_20on_20off,393,39.215,23379600,5.659971362068642
csuEx72_bluelightbasal_JNL_10off_20on_20off,394,39.315,23006500,3.9738118334544734
csuEx72_bluelightbasal_JNL_10off_20on_20off,395,39.415,22974500,3.8291934873926845
csuEx72_bluelightbasal_JNL_10off_20on_20off,396,39.515,23136899.999999996,4.563131593656246
csuEx72_bluelightbasal_JNL_10off_20on_20off,397,39.614,23131300,4.53782338309545
csuEx72_bluelightbasal_JNL_10off_20on_20off,398,39.714,23055000,4.192999014204372
csuEx72_bluelightbasal_JNL_10off_20on_20off,399,39.814,23033199.999999996,4.094477765949762
csuEx72_bluelightbasal_JNL_10off_20on_20off,400,39.915,23180500,4.7601740901654495
csuEx72_bluelightbasal_JNL_10off_20on_20off,401,40.015,23110300,4.442917593492401
csuEx72_bluelightbasal_JNL_10off_20on_20off,402,40.115,23146700,4.607420962137685
csuEx72_bluelightbasal_JNL_10off_20on_20off,403,40.215,23070000,4.260788863920836
csuEx72_bluelightbasal_JNL_10off_20on_20off,404,40.315,22973600,3.825126096409697
csuEx72_bluelightbasal_JNL_10off_20on_20off,405,40.415,23081700,4.313664946699677
csuEx72_bluelightbasal_JNL_10off_20on_20off,406,40.515,23113500,4.45737942809858
csuEx72_bluelightbasal_JNL_10off_20on_20off,407,40.615,23022200,4.044765209491039
csuEx72_bluelightbasal_JNL_10off_20on_20off,408,40.715,23002300,3.954830675533864
csuEx72_bluelightbasal_JNL_10off_20on_20off,409,40.815,23177000,4.744356458564942
csuEx72_bluelightbasal_JNL_10off_20on_20off,410,40.915,23213499.999999996,4.9093117595416524
csuEx72_bluelightbasal_JNL_10off_20on_20off,411,41.015,23165000,4.690124578791771
csuEx72_bluelightbasal_JNL_10off_20on_20off,412,41.115,23235400,5.008284940127707
csuEx72_bluelightbasal_JNL_10off_20on_20off,413,41.215,22746300,2.797883907039554
csuEx72_bluelightbasal_JNL_10off_20on_20off,414,41.315,22922600.000000004,3.5946406073737376
csuEx72_bluelightbasal_JNL_10off_20on_20off,415,41.415,22963500,3.779480930933945
csuEx72_bluelightbasal_JNL_10off_20on_20off,416,41.515,23039600,4.123401435162136
csuEx72_bluelightbasal_JNL_10off_20on_20off,417,41.614,22979400,3.8513381716333965
csuEx72_bluelightbasal_JNL_10off_20on_20off,418,41.714,23009300,3.9864659387348804
csuEx72_bluelightbasal_JNL_10off_20on_20off,419,41.814,23124699.999999996,4.507995849220189
csuEx72_bluelightbasal_JNL_10off_20on_20off,420,41.914,23296400,5.283963662307991
csuEx72_bluelightbasal_JNL_10off_20on_20off,421,42.014,22772600,2.9167421102090865
csuEx72_bluelightbasal_JNL_10off_20on_20off,422,42.114,22797100,3.0274655314126435
csuEx72_bluelightbasal_JNL_10off_20on_20off,423,42.214,22783699.999999996,2.9669065989992522
csuEx72_bluelightbasal_JNL_10off_20on_20off,424,42.314,22888200,3.4391758853572982
csuEx72_bluelightbasal_JNL_10off_20on_20off,425,42.414,23032900,4.093121968955449
csuEx72_bluelightbasal_JNL_10off_20on_20off,426,42.514,22894000,3.4653879605809976
csuEx72_bluelightbasal_JNL_10off_20on_20off,427,42.614,22890900,3.451378058306262
csuEx72_bluelightbasal_JNL_10off_20on_20off,428,42.714,22899800,3.491600035804697
csuEx72_bluelightbasal_JNL_10off_20on_20off,429,42.814,23145600,4.602449706491812
csuEx72_bluelightbasal_JNL_10off_20on_20off,430,42.914,22951900,3.727056780486546
csuEx72_bluelightbasal_JNL_10off_20on_20off,431,43.014,22712000,2.6428711173545736
csuEx72_bluelightbasal_JNL_10off_20on_20off,432,43.114,22799299.999999996,3.0374080427043744
csuEx72_bluelightbasal_JNL_10off_20on_20off,433,43.214,22896700,3.4775901335299606
csuEx72_bluelightbasal_JNL_10off_20on_20off,434,43.314,22876800,3.3876555995727857
csuEx72_bluelightbasal_JNL_10off_20on_20off,435,43.414,22826300,3.159429772194026
csuEx72_bluelightbasal_JNL_10off_20on_20off,436,43.514,22774300,2.924424959843619
csuEx72_bluelightbasal_JNL_10off_20on_20off,437,43.614,22918300,3.575207517121668
csuEx72_bluelightbasal_JNL_10off_20on_20off,438,43.714,22997100,3.9313301942988232
csuEx72_bluelightbasal_JNL_10off_20on_20off,439,43.814,23100299.999999996,4.397724360348075
csuEx72_bluelightbasal_JNL_10off_20on_20off,440,43.914,23013400,4.004995164324047
csuEx72_bluelightbasal_JNL_10off_20on_20off,441,44.014,23111400,4.447888849138275
csuEx72_bluelightbasal_JNL_10off_20on_20off,442,44.114,22729000,2.719699613699899
csuEx72_bluelightbasal_JNL_10off_20on_20off,443,44.214,22824300,3.150391125565164
csuEx72_bluelightbasal_JNL_10off_20on_20off,444,44.314,22852400,3.2773841107006723
csuEx72_bluelightbasal_JNL_10off_20on_20off,445,44.414,22923500,3.5987079983567085
csuEx72_bluelightbasal_JNL_10off_20on_20off,446,44.514,22850600,3.269249328734696
csuEx72_bluelightbasal_JNL_10off_20on_20off,447,44.614,23015100,4.012678013958579
csuEx72_bluelightbasal_JNL_10off_20on_20off,448,44.714,22819700,3.1296022383187814
csuEx72_bluelightbasal_JNL_10off_20on_20off,449,44.814,22969700,3.8075007354834165
csuEx72_bluelightbasal_JNL_10off_20on_20off,450,44.914,22934700,3.649324419478335
csuEx72_bluelightbasal_JNL_10off_20on_20off,451,45.014,22934800,3.6497763518097783
csuEx72_bluelightbasal_JNL_10off_20on_20off,452,45.114,23087200,4.338521224929047
csuEx72_bluelightbasal_JNL_10off_20on_20off,453,45.214,22583100,2.060330342124431
csuEx72_bluelightbasal_JNL_10off_20on_20off,454,45.314,22630400,2.2740943348970126
csuEx72_bluelightbasal_JNL_10off_20on_20off,455,45.414,22790300,2.996734132874513
csuEx72_bluelightbasal_JNL_10off_20on_20off,456,45.514,22839800,3.220440636938843
csuEx72_bluelightbasal_JNL_10off_20on_20off,457,45.614,22813700,3.1024862984321966
csuEx72_bluelightbasal_JNL_10off_20on_20off,458,45.714,22850300,3.2678935317403672
csuEx72_bluelightbasal_JNL_10off_20on_20off,459,45.814,22879400,3.399405840190306
csuEx72_bluelightbasal_JNL_10off_20on_20off,460,45.914,22790900,2.9994457268631716
csuEx72_bluelightbasal_JNL_10off_20on_20off,461,46.014,22795100,3.018426884783781
csuEx72_bluelightbasal_JNL_10off_20on_20off,462,46.114,22820999.999999996,3.1354773586275253
csuEx72_bluelightbasal_JNL_10off_20on_20off,463,46.214,22552800,1.923394845697175
csuEx72_bluelightbasal_JNL_10off_20on_20off,464,46.314,22660200,2.4087701696670534
csuEx72_bluelightbasal_JNL_10off_20on_20off,465,46.414,22485900,1.6210521159617477
csuEx72_bluelightbasal_JNL_10off_20on_20off,466,46.514,22564500,1.9762709284760163
csuEx72_bluelightbasal_JNL_10off_20on_20off,467,46.614,22704900,2.6107839218221143
csuEx72_bluelightbasal_JNL_10off_20on_20off,468,46.714,22781400,2.9565121553760783
csuEx72_bluelightbasal_JNL_10off_20on_20off,469,46.814,22801900,3.049158283321912
csuEx72_bluelightbasal_JNL_10off_20on_20off,470,46.914,22784100,2.9687143283250417
csuEx72_bluelightbasal_JNL_10off_20on_20off,471,47.014,22025400,-0.4600962703336813
csuEx72_bluelightbasal_JNL_10off_20on_20off,472,47.114,22414800,1.2997282283057108
csuEx72_bluelightbasal_JNL_10off_20on_20off,473,47.214,22723500,2.6948433354705292
csuEx72_bluelightbasal_JNL_10off_20on_20off,474,47.314,22900200,3.493407765130469
csuEx72_bluelightbasal_JNL_10off_20on_20off,475,47.414,22827900,3.166660689497115
csuEx72_bluelightbasal_JNL_10off_20on_20off,476,47.514,22885500,3.426973712408335
csuEx72_bluelightbasal_JNL_10off_20on_20off,477,47.614,22899000,3.487984577153152
csuEx72_bluelightbasal_JNL_10off_20on_20off,478,47.714,22911800.000000004,3.5458319155778844
csuEx72_bluelightbasal_JNL_10off_20on_20off,479,47.814,22979599.999999996,3.8522420362962655
csuEx72_bluelightbasal_JNL_10off_20on_20off,480,47.914,22897300,3.480301727518619
csuEx72_bluelightbasal_JNL_10off_20on_20off,481,48.014,22961800,3.771798081299412
csuEx72_bluelightbasal_JNL_10off_20on_20off,482,48.114,23097000,4.38281059341047
csuEx72_bluelightbasal_JNL_10off_20on_20off,483,48.214,22863600,3.3280005318222985
csuEx72_bluelightbasal_JNL_10off_20on_20off,484,48.314,22736200.000000004,2.7522387415638185
csuEx72_bluelightbasal_JNL_10off_20on_20off,485,48.414,22745700.000000004,2.795172313050912
csuEx72_bluelightbasal_JNL_10off_20on_20off,486,48.514,22940100,3.673728765376262
csuEx72_bluelightbasal_JNL_10off_20on_20off,487,48.614,22821400,3.1372850879533143
csuEx72_bluelightbasal_JNL_10off_20on_20off,488,48.714,22903900,3.5101292613938635
csuEx72_bluelightbasal_JNL_10off_20on_20off,489,48.814,22901600.000000004,3.4997348177706886
csuEx72_bluelightbasal_JNL_10off_20on_20off,490,48.914,22922500,3.594188675042278
csuEx72_bluelightbasal_JNL_10off_20on_20off,491,49.014,22780800,2.95380056138742
csuEx72_bluelightbasal_JNL_10off_20on_20off,492,49.114,22629100.000000004,2.268219214588269
csuEx72_bluelightbasal_JNL_10off_20on_20off,493,49.214,22709800.000000004,2.6329286060628427
csuEx72_bluelightbasal_JNL_10off_20on_20off,494,49.314,22672700,2.4652617110974395
csuEx72_bluelightbasal_JNL_10off_20on_20off,495,49.414,22828400.000000004,3.1689203511543473
csuEx72_bluelightbasal_JNL_10off_20on_20off,496,49.514,22819900,3.130506102981668
csuEx72_bluelightbasal_JNL_10off_20on_20off,497,49.614,22967300,3.7966543595287825
csuEx72_bluelightbasal_JNL_10off_20on_20off,498,49.714,22568900,1.9961559510595122
csuEx72_bluelightbasal_JNL_10off_20on_20off,499,49.814,22618999.999999996,2.2225740491124837
csuEx72_bluelightbasal_JNL_10off_20on_20off,500,49.914,22754500.000000004,2.834942358217904
csuEx72_bluelightbasal_JNL_10off_20on_20off,501,50.014,22766200,2.8878184409967287
csuEx72_bluelightbasal_JNL_10off_20on_20off,502,50.114,22959700,3.762307502339107
csuEx72_bluelightbasal_JNL_10off_20on_20off,503,50.214,22846099.999999996,3.2489123738197407
csuEx72_bluelightbasal_JNL_10off_20on_20off,504,50.314,22818100,3.1223713210156925
csuEx72_bluelightbasal_JNL_10off_20on_20off,505,50.414,22833400,3.1915169677264847
csuEx72_bluelightbasal_JNL_10off_20on_20off,506,50.514,22623200,2.24155520703311
csuEx72_bluelightbasal_JNL_10off_20on_20off,507,50.614,22541699.999999996,1.8732303569069748
csuEx72_bluelightbasal_JNL_10off_20on_20off,508,50.714,22563399.999999996,1.9712996728301255
csuEx72_bluelightbasal_JNL_10off_20on_20off,509,50.814,22569700,1.999771409711057
csuEx72_bluelightbasal_JNL_10off_20on_20off,510,50.914,22721900,2.68761241816744
csuEx72_bluelightbasal_JNL_10off_20on_20off,511,51.014,22887600,3.43646429136864
csuEx72_bluelightbasal_JNL_10off_20on_20off,512,51.114,22788000,2.9863396892513223
csuEx72_bluelightbasal_JNL_10off_20on_20off,513,51.214,22824600,3.151746922559493
csuEx72_bluelightbasal_JNL_10off_20on_20off,514,51.314,22903600,3.5087734643995336
csuEx72_bluelightbasal_JNL_10off_20on_20off,515,51.414,22789400,2.9926667418915254
csuEx72_bluelightbasal_JNL_10off_20on_20off,516,51.514,22812300,3.096159245791993
csuEx72_bluelightbasal_JNL_10off_20on_20off,517,51.614,22868600,3.3505971483944528
csuEx72_bluelightbasal_JNL_10off_20on_20off,518,51.714,22973100,3.822866434752482
csuEx72_bluelightbasal_JNL_10off_20on_20off,519,51.814,22714800,2.6555252226349806
csuEx72_bluelightbasal_JNL_10off_20on_20off,520,51.914,22611400,2.1882271919228256
csuEx72_bluelightbasal_JNL_10off_20on_20off,521,52.014,22647300,2.3504708989108947
csuEx72_bluelightbasal_JNL_10off_20on_20off,522,52.114,22802600,3.0523218096420135
csuEx72_bluelightbasal_JNL_10off_20on_20off,523,52.214,22689600,2.541638275111322
csuEx72_bluelightbasal_JNL_10off_20on_20off,524,52.314,22788800,2.989955147902867
csuEx72_bluelightbasal_JNL_10off_20on_20off,525,52.414,22833400,3.1915169677264847
csuEx72_bluelightbasal_JNL_10off_20on_20off,526,52.514,22790900,2.9994457268631716
csuEx72_bluelightbasal_JNL_10off_20on_20off,527,52.614,22507300,1.7177656348905688
csuEx72_bluelightbasal_JNL_10off_20on_20off,528,52.714,22496100,1.667149213768943
csuEx72_bluelightbasal_JNL_10off_20on_20off,529,52.814,22385300,1.1664081905299992
csuEx72_bluelightbasal_JNL_10off_20on_20off,530,52.914,22482800,1.607042213687012
csuEx72_bluelightbasal_JNL_10off_20on_20off,531,53.014,22563300,1.9708477404986995
csuEx72_bluelightbasal_JNL_10off_20on_20off,532,53.114,22516400,1.75889147705189
csuEx72_bluelightbasal_JNL_10off_20on_20off,533,53.214,22729900,2.723767004682887
csuEx72_bluelightbasal_JNL_10off_20on_20off,534,53.314,22696600,2.573273538312338
csuEx72_bluelightbasal_JNL_10off_20on_20off,535,53.414,22660200,2.4087701696670534
csuEx72_bluelightbasal_JNL_10off_20on_20off,536,53.514,22739800,2.768508305495753
csuEx72_bluelightbasal_JNL_10off_20on_20off,537,53.614,22371500.000000004,1.1040415287908696
csuEx72_bluelightbasal_JNL_10off_20on_20off,538,53.714,22301000.000000004,0.7854292351234913
csuEx72_bluelightbasal_JNL_10off_20on_20off,539,53.814,22483600,1.6106576723385564
csuEx72_bluelightbasal_JNL_10off_20on_20off,540,53.915,22467100.000000004,1.5360888376504636
csuEx72_bluelightbasal_JNL_10off_20on_20off,541,54.014,22529400,1.8176426801394918
csuEx72_bluelightbasal_JNL_10off_20on_20off,542,54.114,22606799.999999996,2.1674383046764265
csuEx72_bluelightbasal_JNL_10off_20on_20off,543,54.214,22644000.000000004,2.3355571319732893
csuEx72_bluelightbasal_JNL_10off_20on_20off,544,54.314,22593000,2.105071642937297
csuEx72_bluelightbasal_JNL_10off_20on_20off,545,54.414,22651700,2.3703559214943906
csuEx72_bluelightbasal_JNL_10off_20on_20off,546,54.514,22482200,1.6043306196983533
csuEx72_bluelightbasal_JNL_10off_20on_20off,547,54.614,22315000,0.8486997615255071
csuEx72_bluelightbasal_JNL_10off_20on_20off,548,54.714,22429000,1.3639026193706294
csuEx72_bluelightbasal_JNL_10off_20on_20off,549,54.814,22483600,1.6106576723385564
csuEx72_bluelightbasal_JNL_10off_20on_20off,550,54.914,22580600,2.049032033838354
csuEx72_bluelightbasal_JNL_10off_20on_20off,551,55.014,22470300,1.5505506722566256
csuEx72_bluelightbasal_JNL_10off_20on_20off,552,55.114,22562900,1.969040011172927
csuEx72_bluelightbasal_JNL_10off_20on_20off,553,55.214,22255500,0.5798000243168686
csuEx72_bluelightbasal_JNL_10off_20on_20off,554,55.314,22191600,0.29101526452473414
csuEx72_bluelightbasal_JNL_10off_20on_20off,555,55.414,22369900,1.0968106114877634
csuEx72_bluelightbasal_JNL_10off_20on_20off,556,55.514,22349800.000000004,1.0059722128677193
csuEx72_bluelightbasal_JNL_10off_20on_20off,557,55.614,22130200.000000004,0.013528813018693785
csuEx72_bluelightbasal_JNL_10off_20on_20off,558,55.714,22460800,1.507617100769532
csuEx72_bluelightbasal_JNL_10off_20on_20off,559,55.814,22499200,1.6811591160436785
csuEx72_bluelightbasal_JNL_10off_20on_20off,560,55.914,22508400,1.7227368905364429
csuEx72_bluelightbasal_JNL_10off_20on_20off,561,56.014,22272300,0.6557246559993076
csuEx72_bluelightbasal_JNL_10off_20on_20off,562,56.114,22268300,0.6376473627415841
csuEx72_bluelightbasal_JNL_10off_20on_20off,563,56.214,22171900,0.20198459523044543
csuEx72_bluelightbasal_JNL_10off_20on_20off,564,56.314,22303400,0.7962756110781087
csuEx72_bluelightbasal_JNL_10off_20on_20off,565,56.414,22228200,0.456422497832905
csuEx72_bluelightbasal_JNL_10off_20on_20off,566,56.514,22396600.000000004,1.2174765439830852
csuEx72_bluelightbasal_JNL_10off_20on_20off,567,56.614,22414700,1.2992762959742676
csuEx72_bluelightbasal_JNL_10off_20on_20off,568,56.714,22414299.999999996,1.2974685666484786
csuEx72_bluelightbasal_JNL_10off_20on_20off,569,56.814,22532700,1.8325564470771136
csuEx72_bluelightbasal_JNL_10off_20on_20off,570,56.914,22195200,0.30728482845668537
csuEx72_bluelightbasal_JNL_10off_20on_20off,571,57.014,22314800,0.8477958968626209
csuEx72_bluelightbasal_JNL_10off_20on_20off,572,57.114,22099100,-0.127022142060124
csuEx72_bluelightbasal_JNL_10off_20on_20off,573,57.214,22325900,0.8979603856528039
csuEx72_bluelightbasal_JNL_10off_20on_20off,574,57.314,22171100,0.19836913657890073
csuEx72_bluelightbasal_JNL_10off_20on_20off,575,57.414,22269899.999999996,0.6448782800446566
csuEx72_bluelightbasal_JNL_10off_20on_20off,576,57.514,22417900,1.3137381305804465
csuEx72_bluelightbasal_JNL_10off_20on_20off,577,57.614,22470600,1.5519064692509548
csuEx72_bluelightbasal_JNL_10off_20on_20off,578,57.714,22450000,1.4588084089736784
csuEx72_bluelightbasal_JNL_10off_20on_20off,579,57.814,22242300,0.5201449565663807
csuEx72_bluelightbasal_JNL_10off_20on_20off,580,57.914,22260100,0.6005889115632508
csuEx72_bluelightbasal_JNL_10off_20on_20off,581,58.014,22296999.999999996,0.7673519418657341
csuEx72_bluelightbasal_JNL_10off_20on_20off,582,58.114,22436600.000000004,1.3982494765603213
csuEx72_bluelightbasal_JNL_10off_20on_20off,583,58.214,22268000,0.6362915657472548
csuEx72_bluelightbasal_JNL_10off_20on_20off,584,58.314,22444200,1.4325963337499792
csuEx72_bluelightbasal_JNL_10off_20on_20off,585,58.414,21965600,-0.730351804536649
csuEx72_bluelightbasal_JNL_10off_20on_20off,586,58.514,22192800,0.29643845250205125
csuEx72_bluelightbasal_JNL_10off_20on_20off,587,58.614,22110300,-0.07640572093849794
csuEx72_bluelightbasal_JNL_10off_20on_20off,588,58.714,22196100,0.3113522194396732
csuEx72_bluelightbasal_JNL_10off_20on_20off,589,58.814,22190300,0.285140144215974
csuEx72_bluelightbasal_JNL_10off_20on_20off,590,58.914,22173700,0.21011937719642104
csuEx72_bluelightbasal_JNL_10off_20on_20off,591,59.014,22251700,0.5626265957220312
csuEx72_bluelightbasal_JNL_10off_20on_20off,592,59.114,22177100,0.22548507646548613
csuEx72_bluelightbasal_JNL_10off_20on_20off,593,59.214,22181400,0.24491816671753897
csuEx72_bluelightbasal_JNL_10off_20on_20off,594,59.314,22467200,1.5365407699818898
csuEx72_bluelightbasal_JNL_10off_20on_20off,595,59.414,22293200,0.7501785132709134
csuEx72_bluelightbasal_JNL_10off_20on_20off,596,59.514,22512200,1.7399103191312801
csuEx72_bluelightbasal_JNL_10off_20on_20off,597,59.614,22224800,0.44105679856383995
csuEx72_bluelightbasal_JNL_10off_20on_20off,598,59.715,22236400,0.4934809490112384
csuEx72_bluelightbasal_JNL_10off_20on_20off,599,59.815,22120099.999999996,-0.03211635245709196
csuEx72_bluelightbasal_JNL_10off_20on_20off,600,59.914,22221500,0.42614303162621797
