2, 100, 1.0893e+008, 7.34573e+007, 1.82387e+008, 8006, 9175.28, 1397, 737
3, 200, 1.08432e+008, 7.23705e+007, 1.80803e+008, 7935, 9120.42, 1397, 737
4, 300, 1.07805e+008, 7.14138e+007, 1.79218e+008, 7865, 9079.95, 1396, 739
5, 400, 1.07065e+008, 7.06339e+007, 1.77699e+008, 7796, 9060.28, 1396, 739
6, 500, 1.06489e+008, 6.99254e+007, 1.76414e+008, 7743, 9030.79, 1396, 739
7, 600, 1.05622e+008, 6.90282e+007, 1.74651e+008, 7660, 9011.51, 1396, 739
8, 700, 1.05277e+008, 6.80659e+007, 1.73343e+008, 7619, 8933.71, 1397, 739
9, 800, 1.0263e+008, 6.40985e+007, 1.66728e+008, 7304, 8775.81, 1397, 739
10, 900, 1.01965e+008, 6.3246e+007, 1.65211e+008, 7260, 8711.57, 1397, 739
11, 1000, 1.00921e+008, 6.21589e+007, 1.6308e+008, 7149, 8694.77, 1397, 739
12, 1100, 1.0101e+008, 6.20845e+007, 1.63095e+008, 7158, 8673.45, 1397, 739
13, 1200, 9.93901e+007, 6.08442e+007, 1.60234e+008, 7045, 8636.51, 1398, 737
14, 1300, 9.81981e+007, 5.89548e+007, 1.57153e+008, 6887, 8560.3, 1397, 739
15, 1400, 9.76152e+007, 5.80624e+007, 1.55678e+008, 6822, 8511.05, 1397, 739
16, 1500, 9.73035e+007, 5.78263e+007, 1.5513e+008, 6807, 8495.12, 1397, 739
17, 1600, 9.73431e+007, 5.7971e+007, 1.55314e+008, 6811, 8511.37, 1397, 739
18, 1700, 9.63538e+007, 5.71216e+007, 1.53475e+008, 6729, 8488.86, 1398, 738
19, 1800, 9.58707e+007, 5.65812e+007, 1.52452e+008, 6686, 8462.63, 1397, 739
20, 1900, 9.58683e+007, 5.64424e+007, 1.52311e+008, 6686, 8441.88, 1397, 739
21, 2000, 9.54718e+007, 5.58449e+007, 1.51317e+008, 6646, 8402.78, 1397, 740
22, 2100, 9.49525e+007, 5.50753e+007, 1.50028e+008, 6580, 8370.1, 1397, 740
23, 2200, 9.41718e+007, 5.47175e+007, 1.48889e+008, 6537, 8370.44, 1398, 738
24, 2300, 9.37923e+007, 5.41549e+007, 1.47947e+008, 6502, 8328.96, 1397, 740
25, 2400, 9.28433e+007, 5.33171e+007, 1.4616e+008, 6411, 8316.5, 1397, 739
26, 2500, 9.30215e+007, 5.36815e+007, 1.46703e+008, 6450, 8322.72, 1396, 740
27, 2600, 9.25449e+007, 5.33091e+007, 1.45854e+008, 6424, 8298.43, 1397, 739
28, 2700, 9.17842e+007, 5.24169e+007, 1.44201e+008, 6335, 8274.18, 1397, 740
29, 2800, 9.12897e+007, 5.22049e+007, 1.43495e+008, 6317, 8264.19, 1397, 739
30, 2900, 9.10446e+007, 5.13581e+007, 1.42403e+008, 6252, 8214.67, 1397, 740
31, 3000, 9.01461e+007, 5.09892e+007, 1.41135e+008, 6205, 8217.44, 1397, 739
32, 3100, 8.96425e+007, 5.02195e+007, 1.39862e+008, 6150, 8165.77, 1397, 740
33, 3200, 8.93524e+007, 5.00496e+007, 1.39402e+008, 6138, 8154.06, 1397, 740
34, 3300, 8.85806e+007, 4.91337e+007, 1.37714e+008, 6065, 8101.18, 1398, 740
35, 3400, 8.7915e+007, 4.87554e+007, 1.3667e+008, 6021, 8097.55, 1397, 740
36, 3500, 8.76652e+007, 4.83527e+007, 1.36018e+008, 5988, 8074.94, 1397, 740
37, 3600, 8.76504e+007, 4.81822e+007, 1.35833e+008, 5996, 8035.72, 1398, 740
38, 3700, 8.69593e+007, 4.78785e+007, 1.34838e+008, 5955, 8040.05, 1398, 739
39, 3800, 8.65329e+007, 4.72003e+007, 1.33733e+008, 5894, 8008.19, 1397, 740
40, 3900, 8.5854e+007, 4.67329e+007, 1.32587e+008, 5844, 7996.74, 1397, 740
41, 4000, 8.53225e+007, 4.62772e+007, 1.316e+008, 5806, 7970.58, 1397, 740
42, 4100, 8.49843e+007, 4.55548e+007, 1.30539e+008, 5758, 7911.56, 1398, 740
43, 4200, 8.46474e+007, 4.56835e+007, 1.30331e+008, 5760, 7931.17, 1397, 740
44, 4300, 8.46985e+007, 4.55979e+007, 1.30296e+008, 5757, 7920.42, 1397, 740
45, 4400, 8.35509e+007, 4.46229e+007, 1.28174e+008, 5651, 7896.46, 1398, 739
46, 4500, 8.3604e+007, 4.48343e+007, 1.28438e+008, 5674, 7901.71, 1398, 740
47, 4600, 8.38581e+007, 4.53026e+007, 1.29161e+008, 5703, 7943.64, 1397, 740
48, 4700, 8.37531e+007, 4.53302e+007, 1.29083e+008, 5708, 7941.53, 1397, 740
49, 4800, 8.32799e+007, 4.46608e+007, 1.27941e+008, 5656, 7896.18, 1397, 740
50, 4900, 8.24793e+007, 4.3602e+007, 1.26081e+008, 5568, 7830.82, 1398, 740
51, 5000, 8.18967e+007, 4.32138e+007, 1.2511e+008, 5536, 7805.95, 1398, 740
52, 5100, 8.176e+007, 4.30932e+007, 1.24853e+008, 5517, 7810.99, 1397, 740
53, 5200, 8.12341e+007, 4.27182e+007, 1.23952e+008, 5487, 7785.35, 1398, 740
54, 5300, 8.11227e+007, 4.24337e+007, 1.23556e+008, 5461, 7770.31, 1398, 740
55, 5400, 8.07611e+007, 4.20966e+007, 1.22858e+008, 5430, 7752.6, 1398, 740
56, 5500, 8.00682e+007, 4.13743e+007, 1.21442e+008, 5362, 7716.2, 1398, 740
57, 5600, 7.98696e+007, 4.14364e+007, 1.21306e+008, 5365, 7723.47, 1397, 740
58, 5700, 7.99525e+007, 4.12321e+007, 1.21185e+008, 5360, 7692.56, 1398, 740
59, 5800, 7.85981e+007, 4.05098e+007, 1.19108e+008, 5265, 7694.17, 1397, 740
60, 5900, 7.89117e+007, 4.05667e+007, 1.19478e+008, 5291, 7667.11, 1397, 740
61, 6000, 7.87038e+007, 4.0457e+007, 1.19161e+008, 5286, 7653.6, 1397, 740
62, 6100, 7.78877e+007, 3.97172e+007, 1.17605e+008, 5206, 7629.13, 1397, 740
63, 6200, 7.76519e+007, 3.94352e+007, 1.17087e+008, 5183, 7608.57, 1398, 740
64, 6300, 7.7278e+007, 3.89679e+007, 1.16246e+008, 5140, 7581.31, 1398, 740
65, 6400, 7.74619e+007, 3.86239e+007, 1.16086e+008, 5103, 7568.86, 1400, 737
66, 6500, 7.75621e+007, 3.87063e+007, 1.16268e+008, 5100, 7589.47, 1403, 733
67, 6600, 7.57068e+007, 3.79421e+007, 1.13649e+008, 4988, 7606.68, 1405, 731
68, 6700, 7.57556e+007, 3.77701e+007, 1.13526e+008, 5028, 7511.96, 1402, 737
69, 6800, 7.56429e+007, 3.77795e+007, 1.13422e+008, 5039, 7497.42, 1400, 739
70, 6900, 7.53174e+007, 3.76213e+007, 1.12939e+008, 5018, 7497.27, 1399, 739
71, 7000, 7.44803e+007, 3.71162e+007, 1.11596e+008, 4953, 7493.68, 1398, 739
72, 7100, 7.48083e+007, 3.72361e+007, 1.12044e+008, 4986, 7468.14, 1398, 740
73, 7200, 7.40615e+007, 3.65591e+007, 1.10621e+008, 4912, 7442.81, 1398, 740
74, 7300, 7.4328e+007, 3.66043e+007, 1.10932e+008, 4931, 7423.3, 1398, 740
75, 7400, 7.36953e+007, 3.59751e+007, 1.0967e+008, 4862, 7399.24, 1398, 740
76, 7500, 7.36277e+007, 3.60958e+007, 1.09724e+008, 4864, 7421.02, 1397, 741
77, 7600, 7.35819e+007, 3.59051e+007, 1.09487e+008, 4851, 7401.58, 1397, 741
78, 7700, 7.2852e+007, 3.54262e+007, 1.08278e+008, 4796, 7386.61, 1397, 741
79, 7800, 7.30913e+007, 3.56586e+007, 1.0875e+008, 4827, 7387.33, 1396, 741
80, 7900, 7.30202e+007, 3.56023e+007, 1.08622e+008, 4821, 7384.84, 1397, 741
81, 8000, 7.30127e+007, 3.55716e+007, 1.08584e+008, 4813, 7390.72, 1397, 741
82, 8100, 7.27603e+007, 3.54825e+007, 1.08243e+008, 4800, 7392.2, 1397, 741
83, 8200, 7.25092e+007, 3.52807e+007, 1.0779e+008, 4786, 7371.64, 1397, 741
84, 8300, 7.22205e+007, 3.50807e+007, 1.07301e+008, 4759, 7371.44, 1397, 741
85, 8400, 7.16892e+007, 3.47307e+007, 1.0642e+008, 4724, 7351.96, 1397, 741
86, 8500, 7.15363e+007, 3.47332e+007, 1.06269e+008, 4719, 7360.28, 1396, 741
87, 8600, 7.13734e+007, 3.45188e+007, 1.05892e+008, 4706, 7335.05, 1397, 741
88, 8700, 7.11882e+007, 3.45017e+007, 1.0569e+008, 4699, 7342.36, 1396, 741
89, 8800, 7.09258e+007, 3.41789e+007, 1.05105e+008, 4669, 7320.4, 1396, 741
90, 8902, 7.05435e+007, 3.38671e+007, 1.04411e+008, 4637, 7303.67, 1396, 741
91, 9002, 6.99766e+007, 3.35416e+007, 1.03518e+008, 4602, 7288.49, 1397, 741
92, 9102, 7.02975e+007, 3.37924e+007, 1.0409e+008, 4638, 7285.98, 1396, 741
93, 9202, 6.98411e+007, 3.33564e+007, 1.03197e+008, 4596, 7257.7, 1396, 742
94, 9302, 6.98642e+007, 3.31517e+007, 1.03016e+008, 4582, 7235.2, 1396, 742
95, 9402, 6.96908e+007, 3.30932e+007, 1.02784e+008, 4582, 7222.44, 1396, 742
96, 9502, 6.93835e+007, 3.28057e+007, 1.02189e+008, 4551, 7208.46, 1396, 742
97, 9602, 6.93232e+007, 3.28301e+007, 1.02153e+008, 4547, 7220.17, 1396, 741
98, 9702, 6.46735e+007, 2.70168e+007, 9.16904e+007, 4094, 6599.12, 1396, 742
99, 9802, 6.34386e+007, 2.56755e+007, 8.91141e+007, 3981, 6449.51, 1396, 742
100, 9902, 6.3142e+007, 2.54569e+007, 8.85989e+007, 3959, 6430.14, 1396, 742
101, 10002, 6.21583e+007, 2.48523e+007, 8.70106e+007, 3893, 6383.84, 1396, 742
102, 10102, 6.21912e+007, 2.47513e+007, 8.69425e+007, 3888, 6366.09, 1395, 743
103, 10202, 6.231e+007, 2.46094e+007, 8.69195e+007, 3879, 6344.27, 1395, 743
104, 10302, 6.23408e+007, 2.42996e+007, 8.66404e+007, 3855, 6303.4, 1395, 744
105, 10402, 6.27427e+007, 2.45435e+007, 8.72862e+007, 3892, 6306.15, 1394, 744
106, 10502, 6.32534e+007, 2.44361e+007, 8.76896e+007, 3897, 6270.49, 1394, 745
107, 10602, 6.33525e+007, 2.43438e+007, 8.76963e+007, 3883, 6269.32, 1393, 745
108, 10702, 6.42272e+007, 2.43834e+007, 8.86105e+007, 3909, 6237.75, 1393, 746
109, 10802, 6.41507e+007, 2.43308e+007, 8.84815e+007, 3893, 6249.87, 1392, 746
110, 10902, 6.42416e+007, 2.40281e+007, 8.82697e+007, 3872, 6205.59, 1392, 747
111, 11002, 6.53381e+007, 2.42046e+007, 8.95427e+007, 3916, 6180.95, 1391, 748
112, 11102, 6.5858e+007, 2.43635e+007, 9.02216e+007, 3944, 6177.36, 1391, 748
113, 11202, 6.62338e+007, 2.4156e+007, 9.03899e+007, 3926, 6152.83, 1390, 749
114, 11302, 6.71315e+007, 2.43791e+007, 9.15107e+007, 3967, 6145.49, 1389, 750
115, 11402, 6.71359e+007, 2.41947e+007, 9.13307e+007, 3943, 6136.12, 1389, 750
116, 11502, 6.81551e+007, 2.44287e+007, 9.25838e+007, 3993, 6117.88, 1388, 751
117, 11602, 6.873e+007, 2.44757e+007, 9.32057e+007, 4008, 6106.72, 1388, 751
118, 11702, 6.93497e+007, 2.44937e+007, 9.38434e+007, 4014, 6102.08, 1387, 752
119, 11802, 7.00194e+007, 2.45111e+007, 9.45305e+007, 4031, 6080.66, 1386, 753
120, 11902, 7.08848e+007, 2.48042e+007, 9.56889e+007, 4078, 6082.44, 1385, 753
121, 12002, 7.12611e+007, 2.47042e+007, 9.59653e+007, 4078, 6057.93, 1385, 754
122, 12102, 7.17594e+007, 2.46489e+007, 9.64083e+007, 4077, 6045.84, 1384, 755
123, 12202, 7.26347e+007, 2.47463e+007, 9.7381e+007, 4110, 6021, 1383, 756
124, 12302, 7.31568e+007, 2.47706e+007, 9.79274e+007, 4109, 6028.37, 1382, 756
125, 12402, 7.35955e+007, 2.48013e+007, 9.83968e+007, 4120, 6019.73, 1381, 757
126, 12502, 7.47065e+007, 2.49253e+007, 9.96318e+007, 4161, 5990.21, 1381, 758
127, 12602, 7.53972e+007, 2.51454e+007, 1.00543e+008, 4191, 5999.85, 1380, 758
128, 12702, 7.61144e+007, 2.52679e+007, 1.01382e+008, 4214, 5996.18, 1379, 759
129, 12802, 7.70178e+007, 2.54709e+007, 1.02489e+008, 4254, 5987.52, 1378, 760
130, 12902, 7.79739e+007, 2.55548e+007, 1.03529e+008, 4284, 5965.18, 1377, 761
131, 13002, 7.85301e+007, 2.56327e+007, 1.04163e+008, 4298, 5963.87, 1376, 762
132, 13102, 7.91292e+007, 2.56886e+007, 1.04818e+008, 4312, 5957.47, 1375, 762
133, 13202, 8.01039e+007, 2.58795e+007, 1.05983e+008, 4356, 5941.12, 1375, 763
134, 13302, 8.04677e+007, 2.57857e+007, 1.06253e+008, 4350, 5927.74, 1374, 764
135, 13402, 8.11766e+007, 2.59166e+007, 1.07093e+008, 4369, 5931.92, 1373, 764
136, 13502, 8.2134e+007, 2.62176e+007, 1.08352e+008, 4423, 5927.57, 1372, 765
137, 13602, 8.30382e+007, 2.63701e+007, 1.09408e+008, 4456, 5917.88, 1371, 766
138, 13702, 8.39522e+007, 2.65579e+007, 1.1051e+008, 4494, 5909.64, 1370, 767
139, 13802, 8.43389e+007, 2.65445e+007, 1.10883e+008, 4495, 5905.35, 1370, 767
140, 13902, 8.52612e+007, 2.66446e+007, 1.11906e+008, 4526, 5887.01, 1369, 768
141, 14002, 8.5884e+007, 2.69714e+007, 1.12855e+008, 4561, 5913.49, 1368, 768
142, 14102, 8.68107e+007, 2.71146e+007, 1.13925e+008, 4599, 5895.77, 1367, 769
143, 14202, 8.76719e+007, 2.72434e+007, 1.14915e+008, 4627, 5887.92, 1366, 770
144, 14302, 8.83299e+007, 2.72828e+007, 1.15613e+008, 4641, 5878.64, 1365, 771
145, 14402, 8.92911e+007, 2.75618e+007, 1.16853e+008, 4676, 5894.31, 1364, 771
146, 14502, 9.06243e+007, 2.77564e+007, 1.18381e+008, 4724, 5875.61, 1363, 772
147, 14602, 9.11786e+007, 2.80031e+007, 1.19182e+008, 4763, 5879.29, 1363, 772
148, 14702, 9.20918e+007, 2.80264e+007, 1.20118e+008, 4783, 5859.59, 1362, 773
149, 14802, 9.25913e+007, 2.82028e+007, 1.20794e+008, 4800, 5875.59, 1361, 772
150, 14902, 9.39074e+007, 2.85815e+007, 1.22489e+008, 4877, 5860.47, 1362, 771
151, 15002, 9.44315e+007, 2.8817e+007, 1.23248e+008, 4905, 5875.02, 1362, 769
152, 15102, 9.55779e+007, 2.92617e+007, 1.2484e+008, 4963, 5895.97, 1360, 769
153, 15202, 9.59301e+007, 2.90459e+007, 1.24976e+008, 4943, 5876.17, 1358, 774
154, 15302, 9.65465e+007, 2.89845e+007, 1.25531e+008, 4951, 5854.28, 1357, 776
155, 15402, 9.69645e+007, 2.8922e+007, 1.25886e+008, 4957, 5834.57, 1356, 777
156, 15502, 9.76359e+007, 2.91622e+007, 1.26798e+008, 4987, 5847.64, 1355, 778
157, 15602, 9.77094e+007, 2.90134e+007, 1.26723e+008, 4964, 5844.76, 1354, 778
158, 15702, 9.85906e+007, 2.94496e+007, 1.2804e+008, 5039, 5844.33, 1353, 779
159, 15802, 9.91308e+007, 2.93166e+007, 1.28447e+008, 5031, 5827.19, 1352, 780
160, 15902, 9.96857e+007, 2.95586e+007, 1.29244e+008, 5061, 5840.46, 1351, 780
161, 16002, 1.002e+008, 2.96596e+007, 1.2986e+008, 5082, 5836.2, 1350, 781
162, 16102, 1.00556e+008, 2.98131e+007, 1.3037e+008, 5096, 5850.3, 1349, 781
163, 16202, 1.01776e+008, 3.01051e+007, 1.31881e+008, 5161, 5833.19, 1349, 781
164, 16302, 1.02011e+008, 3.01815e+007, 1.32192e+008, 5167, 5841.21, 1349, 779
165, 16402, 1.02712e+008, 3.05139e+007, 1.33226e+008, 5222, 5843.34, 1348, 779
166, 16502, 1.03637e+008, 3.06462e+007, 1.34283e+008, 5256, 5830.71, 1346, 783
167, 16602, 1.03736e+008, 3.04843e+007, 1.3422e+008, 5236, 5822.06, 1345, 784
168, 16702, 1.03626e+008, 3.04949e+007, 1.34121e+008, 5221, 5840.82, 1344, 784
169, 16812, 1.04747e+008, 3.07315e+007, 1.35478e+008, 5277, 5823.66, 1343, 785
170, 16912, 1.05324e+008, 3.0808e+007, 1.36132e+008, 5292, 5821.62, 1342, 786
171, 17012, 1.0568e+008, 3.0998e+007, 1.36678e+008, 5324, 5822.32, 1342, 786
172, 17112, 1.06233e+008, 3.10171e+007, 1.3725e+008, 5354, 5793.25, 1342, 785
173, 17212, 1.07047e+008, 3.14525e+007, 1.385e+008, 5414, 5809.47, 1341, 785
174, 17312, 1.07342e+008, 3.14754e+007, 1.38817e+008, 5407, 5821.24, 1339, 787
175, 17412, 1.07465e+008, 3.13158e+007, 1.38781e+008, 5396, 5803.52, 1338, 789
176, 17512, 1.08203e+008, 3.16085e+007, 1.39811e+008, 5433, 5817.88, 1337, 789
177, 17612, 1.08991e+008, 3.16643e+007, 1.40655e+008, 5467, 5791.89, 1336, 790
178, 17712, 1.09459e+008, 3.2084e+007, 1.41543e+008, 5515, 5817.6, 1336, 788
179, 17812, 1.09755e+008, 3.24138e+007, 1.42169e+008, 5554, 5836.12, 1335, 787
180, 17912, 1.10238e+008, 3.2215e+007, 1.42453e+008, 5548, 5806.6, 1334, 790
181, 18012, 1.10274e+008, 3.22589e+007, 1.42533e+008, 5539, 5823.95, 1332, 792
182, 18112, 1.10639e+008, 3.23078e+007, 1.42947e+008, 5555, 5815.98, 1331, 793
183, 18212, 1.10716e+008, 3.22355e+007, 1.42951e+008, 5547, 5811.34, 1330, 794
184, 18312, 1.11041e+008, 3.2477e+007, 1.43518e+008, 5593, 5806.73, 1330, 793
185, 18412, 1.11453e+008, 3.2838e+007, 1.44292e+008, 5641, 5821.32, 1329, 792
186, 18512, 1.11536e+008, 3.29167e+007, 1.44453e+008, 5656, 5819.79, 1328, 792
187, 18612, 1.11742e+008, 3.26063e+007, 1.44348e+008, 5619, 5802.86, 1327, 795
188, 18712, 1.12714e+008, 3.29165e+007, 1.4563e+008, 5666, 5809.47, 1326, 796
189, 18812, 1.12824e+008, 3.29792e+007, 1.45804e+008, 5669, 5817.46, 1325, 797
190, 18911, 1.13809e+008, 3.31921e+007, 1.47001e+008, 5726, 5796.74, 1324, 798
191, 19011, 1.1335e+008, 3.31149e+007, 1.46465e+008, 5705, 5804.54, 1323, 798
192, 19111, 1.13493e+008, 3.32608e+007, 1.46754e+008, 5727, 5807.72, 1322, 797
193, 19211, 1.1413e+008, 3.3375e+007, 1.47505e+008, 5759, 5795.28, 1322, 797
194, 19311, 1.14185e+008, 3.33021e+007, 1.47487e+008, 5747, 5794.68, 1321, 799
195, 19411, 1.14877e+008, 3.35559e+007, 1.48433e+008, 5776, 5809.54, 1319, 800
196, 19511, 1.15026e+008, 3.37275e+007, 1.48754e+008, 5791, 5824.12, 1318, 801
197, 19611, 1.14922e+008, 3.35303e+007, 1.48453e+008, 5768, 5813.16, 1317, 802
198, 19711, 1.15613e+008, 3.3735e+007, 1.49348e+008, 5808, 5808.38, 1316, 803
199, 19811, 1.15835e+008, 3.38376e+007, 1.49673e+008, 5840, 5794.1, 1316, 803
200, 19911, 1.16009e+008, 3.39138e+007, 1.49922e+008, 5843, 5804.18, 1315, 802
201, 20011, 1.15852e+008, 3.37045e+007, 1.49556e+008, 5830, 5781.22, 1314, 803
202, 20111, 1.16104e+008, 3.40068e+007, 1.50111e+008, 5855, 5808.16, 1313, 804
203, 20211, 1.16134e+008, 3.40021e+007, 1.50136e+008, 5851, 5811.32, 1312, 805
204, 20311, 1.16437e+008, 3.41495e+007, 1.50586e+008, 5869, 5818.62, 1311, 806
205, 20411, 1.15989e+008, 3.38275e+007, 1.49816e+008, 5830, 5802.31, 1310, 807
206, 20511, 1.16216e+008, 3.42007e+007, 1.50417e+008, 5876, 5820.41, 1309, 807
207, 20611, 1.1662e+008, 3.42446e+007, 1.50864e+008, 5894, 5810.09, 1308, 807
208, 20711, 1.1631e+008, 3.41606e+007, 1.5047e+008, 5867, 5822.5, 1308, 808
209, 20811, 1.16662e+008, 3.4097e+007, 1.50759e+008, 5881, 5797.82, 1307, 809
210, 20911, 1.16821e+008, 3.43675e+007, 1.51189e+008, 5907, 5818.1, 1306, 808
211, 21011, 1.16401e+008, 3.40426e+007, 1.50443e+008, 5875, 5794.49, 1305, 809
212, 21111, 1.17435e+008, 3.45225e+007, 1.51958e+008, 5952, 5800.15, 1304, 809
213, 21211, 1.1787e+008, 3.44987e+007, 1.52369e+008, 5950, 5798.1, 1304, 811
214, 21311, 1.18092e+008, 3.46412e+007, 1.52734e+008, 5971, 5801.58, 1303, 812
215, 21411, 1.17733e+008, 3.4639e+007, 1.52372e+008, 5968, 5804.12, 1302, 812
216, 21511, 1.17853e+008, 3.46926e+007, 1.52546e+008, 5977, 5804.34, 1301, 811
217, 21611, 1.17606e+008, 3.4578e+007, 1.52185e+008, 5966, 5795.85, 1300, 812
218, 21711, 1.17844e+008, 3.47012e+007, 1.52545e+008, 5986, 5797.05, 1299, 812
219, 21811, 1.18224e+008, 3.46669e+007, 1.52891e+008, 5993, 5784.56, 1298, 814
220, 21911, 1.18081e+008, 3.48562e+007, 1.52938e+008, 6001, 5808.4, 1298, 815
221, 22011, 1.17992e+008, 3.48193e+007, 1.52811e+008, 5993, 5809.99, 1297, 815
222, 22111, 1.1768e+008, 3.47672e+007, 1.52448e+008, 5981, 5812.94, 1296, 816
223, 22211, 1.18009e+008, 3.49313e+007, 1.52941e+008, 6009, 5813.16, 1295, 816
224, 22311, 1.17741e+008, 3.48477e+007, 1.52589e+008, 6002, 5806.02, 1294, 816
225, 22411, 1.17851e+008, 3.49769e+007, 1.52827e+008, 6008, 5821.72, 1293, 816
226, 22511, 1.18219e+008, 3.51515e+007, 1.53371e+008, 6041, 5818.83, 1293, 817
227, 22611, 1.1823e+008, 3.49937e+007, 1.53223e+008, 6026, 5807.11, 1292, 819
228, 22711, 1.17703e+008, 3.51053e+007, 1.52808e+008, 6019, 5832.41, 1291, 818
229, 22811, 1.18181e+008, 3.53644e+007, 1.53546e+008, 6064, 5831.86, 1290, 818
230, 22911, 1.18114e+008, 3.52805e+007, 1.53394e+008, 6058, 5823.78, 1290, 819
231, 23011, 1.17622e+008, 3.51505e+007, 1.52773e+008, 6030, 5829.27, 1289, 819
232, 23111, 1.17747e+008, 3.52331e+007, 1.52981e+008, 6043, 5830.4, 1288, 821
233, 23211, 1.17531e+008, 3.5156e+007, 1.52687e+008, 6028, 5832.11, 1287, 821
234, 23311, 1.17052e+008, 3.52316e+007, 1.52284e+008, 6040, 5833.04, 1287, 820
235, 23411, 1.17187e+008, 3.51374e+007, 1.52324e+008, 6027, 5830, 1286, 821
236, 23511, 1.16923e+008, 3.49745e+007, 1.51897e+008, 6008, 5821.32, 1285, 822
237, 23611, 1.16893e+008, 3.51978e+007, 1.52091e+008, 6028, 5839.06, 1284, 824
238, 23711, 1.16715e+008, 3.52982e+007, 1.52014e+008, 6027, 5856.67, 1283, 824
239, 23811, 1.16562e+008, 3.51703e+007, 1.51733e+008, 6033, 5829.66, 1283, 823
240, 23911, 1.1694e+008, 3.51755e+007, 1.52116e+008, 6040, 5823.75, 1282, 824
241, 24011, 1.1662e+008, 3.5125e+007, 1.51745e+008, 6019, 5835.69, 1281, 824
242, 24111, 1.17293e+008, 3.53676e+007, 1.52661e+008, 6062, 5834.31, 1280, 825
243, 24211, 1.16892e+008, 3.54295e+007, 1.52322e+008, 6051, 5855.15, 1279, 826
244, 24311, 1.16875e+008, 3.54652e+007, 1.5234e+008, 6058, 5854.28, 1279, 827
245, 24411, 1.16389e+008, 3.55238e+007, 1.51913e+008, 6062, 5860.07, 1278, 826
246, 24511, 1.16374e+008, 3.51833e+007, 1.51557e+008, 6041, 5824.09, 1277, 827
247, 24611, 1.16475e+008, 3.52985e+007, 1.51773e+008, 6050, 5834.46, 1276, 827
248, 24711, 1.17069e+008, 3.53822e+007, 1.52451e+008, 6082, 5817.52, 1275, 829
249, 24811, 1.16808e+008, 3.54897e+007, 1.52297e+008, 6070, 5846.74, 1275, 830
250, 24911, 1.16535e+008, 3.54987e+007, 1.52033e+008, 6076, 5842.44, 1274, 830
251, 25011, 1.15597e+008, 3.52064e+007, 1.50803e+008, 6028, 5840.47, 1273, 829
252, 25111, 1.16382e+008, 3.53075e+007, 1.51689e+008, 6063, 5823.43, 1272, 830
253, 25211, 1.16269e+008, 3.53945e+007, 1.51664e+008, 6085, 5816.68, 1272, 830
254, 25311, 1.16453e+008, 3.52528e+007, 1.51706e+008, 6076, 5801.98, 1271, 831
255, 25411, 1.16563e+008, 3.54871e+007, 1.5205e+008, 6103, 5814.7, 1270, 831
256, 25511, 1.16432e+008, 3.53031e+007, 1.51736e+008, 6073, 5813.13, 1270, 833
257, 25611, 1.15829e+008, 3.53435e+007, 1.51172e+008, 6056, 5836.11, 1269, 834
258, 25711, 1.15708e+008, 3.53131e+007, 1.51021e+008, 6069, 5818.6, 1268, 833
259, 25811, 1.1531e+008, 3.52348e+007, 1.50545e+008, 6063, 5811.45, 1267, 833
260, 25911, 1.15441e+008, 3.50179e+007, 1.50459e+008, 6054, 5784.25, 1266, 834
261, 26011, 1.15846e+008, 3.51817e+007, 1.51027e+008, 6075, 5791.22, 1266, 834
262, 26111, 1.15397e+008, 3.48952e+007, 1.50292e+008, 6049, 5768.75, 1265, 835
263, 26211, 1.15478e+008, 3.5065e+007, 1.50543e+008, 6065, 5781.54, 1264, 835
264, 26311, 1.15628e+008, 3.499e+007, 1.50618e+008, 6067, 5767.26, 1263, 836
265, 26411, 1.15257e+008, 3.4983e+007, 1.5024e+008, 6045, 5787.09, 1263, 837
266, 26511, 1.15423e+008, 3.51247e+007, 1.50547e+008, 6063, 5793.28, 1262, 839
267, 26611, 1.15094e+008, 3.5029e+007, 1.50123e+008, 6048, 5791.84, 1262, 838
268, 26711, 1.14692e+008, 3.48489e+007, 1.49541e+008, 6036, 5773.51, 1260, 838
269, 26811, 1.14803e+008, 3.46857e+007, 1.49488e+008, 6027, 5755.05, 1260, 839
270, 26911, 1.15344e+008, 3.48628e+007, 1.50207e+008, 6064, 5749.14, 1259, 839
271, 27011, 1.15431e+008, 3.49501e+007, 1.50381e+008, 6065, 5762.59, 1259, 841
272, 27111, 1.15147e+008, 3.4957e+007, 1.50104e+008, 6055, 5773.24, 1258, 842
273, 27211, 1.14654e+008, 3.4888e+007, 1.49542e+008, 6051, 5765.66, 1257, 841
274, 27311, 1.15e+008, 3.48851e+007, 1.49886e+008, 6071, 5746.19, 1256, 841
275, 27411, 1.14467e+008, 3.44764e+007, 1.48943e+008, 6017, 5729.83, 1256, 842
276, 27511, 1.14502e+008, 3.46103e+007, 1.49113e+008, 6027, 5742.54, 1255, 842
277, 27611, 1.14458e+008, 3.45211e+007, 1.48979e+008, 6029, 5725.84, 1254, 843
278, 27711, 1.14497e+008, 3.44766e+007, 1.48973e+008, 6033, 5714.66, 1254, 844
279, 27811, 1.14618e+008, 3.48228e+007, 1.49441e+008, 6052, 5753.93, 1253, 845
280, 27911, 1.13988e+008, 3.44508e+007, 1.48439e+008, 6016, 5726.53, 1253, 846
281, 28011, 1.13406e+008, 3.42887e+007, 1.47695e+008, 5994, 5720.51, 1252, 845
282, 28111, 1.13918e+008, 3.44678e+007, 1.48386e+008, 6029, 5717, 1251, 845
283, 28211, 1.14007e+008, 3.43071e+007, 1.48314e+008, 6023, 5696.02, 1250, 846
284, 28311, 1.14202e+008, 3.45947e+007, 1.48796e+008, 6051, 5717.19, 1249, 846
285, 28411, 1.13977e+008, 3.42898e+007, 1.48267e+008, 6012, 5703.57, 1249, 846
286, 28511, 1.13562e+008, 3.41522e+007, 1.47714e+008, 5994, 5697.73, 1248, 847
287, 28611, 1.1395e+008, 3.43954e+007, 1.48346e+008, 6025, 5708.78, 1247, 848
288, 28711, 1.1346e+008, 3.41172e+007, 1.47577e+008, 5995, 5690.94, 1248, 850
289, 28811, 1.13733e+008, 3.43443e+007, 1.48077e+008, 6021, 5704.08, 1247, 850
290, 28912, 1.12866e+008, 3.39749e+007, 1.4684e+008, 5961, 5699.53, 1246, 849
291, 29011, 1.13344e+008, 3.41715e+007, 1.47515e+008, 5998, 5697.14, 1245, 849
292, 29110, 1.13726e+008, 3.4324e+007, 1.4805e+008, 6028, 5694.09, 1244, 850
293, 29210, 1.13241e+008, 3.38318e+007, 1.47072e+008, 5967, 5669.81, 1244, 851
294, 29310, 1.13052e+008, 3.39087e+007, 1.46961e+008, 5973, 5677, 1243, 851
295, 29410, 1.12663e+008, 3.36758e+007, 1.46339e+008, 5941, 5668.37, 1242, 852
296, 29510, 1.13148e+008, 3.38452e+007, 1.46993e+008, 5993, 5647.45, 1242, 853
297, 29610, 1.12799e+008, 3.38702e+007, 1.4667e+008, 5977, 5666.75, 1241, 853
298, 29710, 1.12406e+008, 3.35651e+007, 1.45971e+008, 5933, 5657.36, 1241, 853
299, 29810, 1.12425e+008, 3.36139e+007, 1.46039e+008, 5939, 5659.87, 1240, 854
300, 29910, 1.12875e+008, 3.39733e+007, 1.46848e+008, 5971, 5689.71, 1240, 855
301, 30010, 1.12785e+008, 3.42639e+007, 1.47049e+008, 5999, 5711.6, 1240, 856
302, 30110, 1.12437e+008, 3.39346e+007, 1.46372e+008, 5964, 5689.91, 1239, 856
303, 30210, 1.12894e+008, 3.42296e+007, 1.47124e+008, 6002, 5703.03, 1238, 855
304, 30310, 1.12681e+008, 3.40827e+007, 1.46764e+008, 5982, 5697.55, 1238, 856
305, 30410, 1.12553e+008, 3.40703e+007, 1.46623e+008, 5967, 5709.78, 1237, 856
306, 30510, 1.12492e+008, 3.41416e+007, 1.46633e+008, 5981, 5708.35, 1238, 858
307, 30610, 1.12309e+008, 3.44659e+007, 1.46775e+008, 5990, 5753.91, 1238, 858
308, 30710, 1.11083e+008, 3.42707e+007, 1.45354e+008, 5943, 5766.57, 1238, 859
309, 30810, 1.10552e+008, 3.40459e+007, 1.44598e+008, 5916, 5754.88, 1238, 859
310, 30910, 1.09735e+008, 3.4024e+007, 1.4376e+008, 5890, 5776.57, 1238, 859
311, 31010, 1.09409e+008, 3.4153e+007, 1.43562e+008, 5901, 5787.67, 1237, 859
312, 31110, 1.09339e+008, 3.42497e+007, 1.43589e+008, 5908, 5797.17, 1238, 859
313, 31210, 1.09078e+008, 3.43233e+007, 1.43401e+008, 5907, 5810.61, 1238, 859
314, 31310, 1.08418e+008, 3.43336e+007, 1.42751e+008, 5882, 5837.07, 1238, 859
315, 31410, 1.08274e+008, 3.44204e+007, 1.42694e+008, 5882, 5851.82, 1238, 859
316, 31510, 1.08399e+008, 3.4428e+007, 1.42827e+008, 5890, 5845.16, 1238, 860
317, 31610, 1.07661e+008, 3.43493e+007, 1.42011e+008, 5862, 5859.66, 1238, 860
318, 31710, 1.06879e+008, 3.42586e+007, 1.41137e+008, 5837, 5869.21, 1238, 860
319, 31810, 1.06729e+008, 3.4321e+007, 1.4105e+008, 5830, 5886.96, 1238, 860
320, 31910, 1.06528e+008, 3.43867e+007, 1.40915e+008, 5826, 5902.28, 1238, 860
321, 32010, 1.06869e+008, 3.4686e+007, 1.41555e+008, 5860, 5919.11, 1238, 860
322, 32110, 1.06398e+008, 3.45921e+007, 1.4099e+008, 5832, 5931.43, 1238, 860
323, 32210, 1.06743e+008, 3.48713e+007, 1.41614e+008, 5873, 5937.56, 1238, 860
324, 32310, 1.06483e+008, 3.48323e+007, 1.41315e+008, 5850, 5954.24, 1238, 860
325, 32410, 1.05729e+008, 3.4688e+007, 1.40417e+008, 5825, 5955.02, 1238, 860
326, 32510, 1.05508e+008, 3.46144e+007, 1.40123e+008, 5806, 5961.84, 1238, 860
327, 32610, 1.0573e+008, 3.48242e+007, 1.40555e+008, 5831, 5972.25, 1238, 860
328, 32710, 1.05736e+008, 3.49543e+007, 1.4069e+008, 5843, 5982.26, 1238, 860
329, 32810, 1.0605e+008, 3.501e+007, 1.4106e+008, 5854, 5980.52, 1238, 860
330, 32910, 1.05633e+008, 3.48622e+007, 1.40496e+008, 5828, 5981.85, 1238, 860
331, 33010, 1.05128e+008, 3.47312e+007, 1.39859e+008, 5796, 5992.26, 1238, 860
332, 33110, 1.05244e+008, 3.4964e+007, 1.40208e+008, 5816, 6011.7, 1239, 860
333, 33210, 1.05519e+008, 3.50943e+007, 1.40614e+008, 5843, 6006.21, 1239, 860
334, 33310, 1.0564e+008, 3.5267e+007, 1.40907e+008, 5852, 6026.49, 1239, 860
335, 33410, 1.05385e+008, 3.51669e+007, 1.40552e+008, 5826, 6036.2, 1239, 860
336, 33510, 1.05985e+008, 3.55984e+007, 1.41584e+008, 5874, 6060.33, 1239, 860
337, 33610, 1.05609e+008, 3.5669e+007, 1.41278e+008, 5860, 6086.87, 1239, 860
338, 33710, 1.05841e+008, 3.60321e+007, 1.41873e+008, 5882, 6125.83, 1239, 860
339, 33810, 1.05606e+008, 3.52564e+007, 1.40862e+008, 5837, 6040.16, 1239, 860
340, 33910, 1.04922e+008, 3.46273e+007, 1.3955e+008, 5799, 5971.25, 1240, 860
341, 34010, 1.05103e+008, 3.47148e+007, 1.39817e+008, 5816, 5968.85, 1240, 860
342, 34110, 1.04226e+008, 3.42238e+007, 1.3845e+008, 5744, 5958.18, 1240, 860
343, 34210, 1.04651e+008, 3.43452e+007, 1.38996e+008, 5768, 5954.44, 1240, 860
344, 34310, 1.04426e+008, 3.424e+007, 1.38666e+008, 5757, 5947.54, 1240, 860
345, 34410, 1.04495e+008, 3.42327e+007, 1.38728e+008, 5757, 5946.27, 1241, 860
346, 34510, 1.04561e+008, 3.43752e+007, 1.38936e+008, 5759, 5968.95, 1240, 859
347, 34610, 1.04542e+008, 3.4194e+007, 1.38736e+008, 5769, 5927.2, 1241, 860
348, 34710, 1.03684e+008, 3.39417e+007, 1.37625e+008, 5710, 5944.26, 1241, 859
349, 34810, 1.03884e+008, 3.4026e+007, 1.3791e+008, 5724, 5944.45, 1241, 859
350, 34910, 1.0466e+008, 3.43921e+007, 1.39052e+008, 5778, 5952.24, 1241, 859
351, 35010, 1.03821e+008, 3.40758e+007, 1.37897e+008, 5722, 5955.22, 1241, 859
352, 35110, 1.04262e+008, 3.40784e+007, 1.38341e+008, 5744, 5932.87, 1241, 859
353, 35210, 1.04248e+008, 3.40769e+007, 1.38325e+008, 5748, 5928.48, 1242, 859
354, 35310, 1.0393e+008, 3.38357e+007, 1.37766e+008, 5712, 5923.62, 1242, 859
355, 35410, 1.03616e+008, 3.38665e+007, 1.37483e+008, 5705, 5936.28, 1242, 859
356, 35510, 1.04025e+008, 3.40641e+007, 1.38089e+008, 5747, 5927.29, 1242, 859
357, 35610, 1.04045e+008, 3.39868e+007, 1.38032e+008, 5737, 5924.14, 1242, 859
358, 35710, 1.03266e+008, 3.35968e+007, 1.36863e+008, 5687, 5907.65, 1243, 859
359, 35810, 1.03407e+008, 3.36254e+007, 1.37032e+008, 5690, 5909.56, 1243, 859
360, 35910, 1.03847e+008, 3.36755e+007, 1.37522e+008, 5703, 5904.87, 1243, 859
361, 36010, 1.03194e+008, 3.3568e+007, 1.36762e+008, 5673, 5917.15, 1243, 858
362, 36110, 1.03601e+008, 3.3468e+007, 1.37069e+008, 5686, 5886.04, 1243, 859
363, 36210, 1.03051e+008, 3.33342e+007, 1.36385e+008, 5648, 5901.95, 1243, 858
364, 36310, 1.03398e+008, 3.34969e+007, 1.36895e+008, 5681, 5896.31, 1244, 858
365, 36410, 1.03608e+008, 3.34509e+007, 1.37059e+008, 5684, 5885.1, 1244, 858
366, 36510, 1.03471e+008, 3.34036e+007, 1.36874e+008, 5686, 5874.71, 1244, 858
367, 36610, 1.03362e+008, 3.32744e+007, 1.36637e+008, 5671, 5867.47, 1244, 858
368, 36710, 1.02962e+008, 3.30795e+007, 1.36042e+008, 5643, 5862.04, 1244, 858
369, 36810, 1.03155e+008, 3.29331e+007, 1.36088e+008, 5640, 5839.21, 1245, 858
370, 36910, 1.02971e+008, 3.26213e+007, 1.35592e+008, 5627, 5797.29, 1245, 858
371, 37010, 1.02998e+008, 3.32825e+007, 1.3628e+008, 5656, 5884.47, 1245, 858
372, 37110, 1.03278e+008, 3.35019e+007, 1.3678e+008, 5670, 5908.63, 1245, 858
373, 37210, 1.03617e+008, 3.35887e+007, 1.37206e+008, 5690, 5903.11, 1245, 858
374, 37310, 1.0297e+008, 3.33388e+007, 1.36309e+008, 5653, 5897.54, 1246, 858
375, 37410, 1.03175e+008, 3.32391e+007, 1.36414e+008, 5645, 5888.24, 1246, 858
376, 37510, 1.0293e+008, 3.34692e+007, 1.364e+008, 5653, 5920.61, 1246, 857
377, 37610, 1.02743e+008, 3.32094e+007, 1.35952e+008, 5628, 5900.75, 1246, 858
378, 37710, 1.02991e+008, 3.34688e+007, 1.3646e+008, 5654, 5919.49, 1246, 857
379, 37810, 1.02718e+008, 3.32488e+007, 1.35966e+008, 5635, 5900.4, 1247, 857
380, 37910, 1.03236e+008, 3.34852e+007, 1.36722e+008, 5676, 5899.44, 1247, 857
381, 38010, 1.02982e+008, 3.33605e+007, 1.36342e+008, 5659, 5895.12, 1247, 857
382, 38110, 1.0235e+008, 3.31436e+007, 1.35493e+008, 5614, 5903.74, 1247, 857
383, 38210, 1.02618e+008, 3.31706e+007, 1.35789e+008, 5634, 5887.58, 1247, 857
384, 38310, 1.02191e+008, 3.29521e+007, 1.35143e+008, 5598, 5886.4, 1247, 857
385, 38410, 1.02294e+008, 3.29479e+007, 1.35242e+008, 5615, 5867.83, 1248, 857
386, 38510, 1.02488e+008, 3.28587e+007, 1.35347e+008, 5600, 5867.63, 1248, 857
387, 38610, 1.02448e+008, 3.29062e+007, 1.35354e+008, 5612, 5863.54, 1248, 857
388, 38710, 1.02363e+008, 3.2942e+007, 1.35305e+008, 5616, 5865.74, 1248, 857
389, 38810, 1.02492e+008, 3.2861e+007, 1.35353e+008, 5612, 5855.5, 1248, 857
390, 38910, 1.02323e+008, 3.28568e+007, 1.35179e+008, 5613, 5853.69, 1248, 857
391, 39010, 1.01728e+008, 3.27268e+007, 1.34454e+008, 5585, 5859.77, 1249, 856
392, 39110, 1.01629e+008, 3.26353e+007, 1.34265e+008, 5580, 5848.62, 1249, 857
393, 39210, 1.01214e+008, 3.2497e+007, 1.33711e+008, 5547, 5858.49, 1249, 856
394, 39310, 1.01595e+008, 3.25203e+007, 1.34115e+008, 5562, 5846.88, 1249, 856
395, 39410, 1.01703e+008, 3.25454e+007, 1.34249e+008, 5579, 5833.56, 1249, 856
396, 39510, 1.01242e+008, 3.23436e+007, 1.33586e+008, 5547, 5830.83, 1249, 856
397, 39610, 1.00852e+008, 3.21396e+007, 1.32991e+008, 5517, 5825.55, 1249, 856
398, 39710, 1.00897e+008, 3.20882e+007, 1.32985e+008, 5512, 5821.52, 1250, 856
399, 39810, 1.0099e+008, 3.22035e+007, 1.33193e+008, 5533, 5820.25, 1250, 856
400, 39910, 1.00268e+008, 3.18757e+007, 1.32143e+008, 5488, 5808.25, 1250, 856
401, 40010, 1.00826e+008, 3.21231e+007, 1.32949e+008, 5525, 5814.13, 1250, 856
402, 40110, 1.00711e+008, 3.18906e+007, 1.32602e+008, 5503, 5795.14, 1250, 856
403, 40210, 1.00492e+008, 3.18884e+007, 1.3238e+008, 5491, 5807.39, 1250, 856
404, 40310, 1.00396e+008, 3.18895e+007, 1.32286e+008, 5498, 5800.19, 1251, 856
405, 40410, 1.00625e+008, 3.18347e+007, 1.3246e+008, 5495, 5793.39, 1251, 856
406, 40510, 1.00031e+008, 3.16545e+007, 1.31685e+008, 5468, 5789.04, 1251, 856
407, 40610, 1.00004e+008, 3.17195e+007, 1.31724e+008, 5466, 5803.05, 1252, 855
408, 40710, 9.97457e+007, 3.17173e+007, 1.31463e+008, 5467, 5801.6, 1252, 855
409, 40810, 9.96295e+007, 3.14468e+007, 1.31076e+008, 5456, 5763.71, 1252, 855
410, 40910, 9.92618e+007, 3.08063e+007, 1.30068e+008, 5402, 5702.76, 1252, 855
411, 41010, 9.92098e+007, 3.09442e+007, 1.30154e+008, 5417, 5712.42, 1252, 855
412, 41110, 9.99429e+007, 3.18214e+007, 1.31764e+008, 5473, 5814.26, 1252, 855
413, 41210, 9.99958e+007, 3.18769e+007, 1.31873e+008, 5481, 5815.89, 1252, 855
414, 41310, 1.00056e+008, 3.19483e+007, 1.32004e+008, 5487, 5822.55, 1252, 855
415, 41410, 9.96265e+007, 3.18328e+007, 1.31459e+008, 5476, 5813.15, 1253, 855
416, 41510, 9.97493e+007, 3.1762e+007, 1.31511e+008, 5461, 5816.15, 1253, 855
417, 41610, 9.92398e+007, 3.15705e+007, 1.3081e+008, 5432, 5811.94, 1253, 855
418, 41710, 9.94152e+007, 3.15616e+007, 1.30977e+008, 5437, 5804.96, 1253, 855
419, 41810, 9.94626e+007, 3.16042e+007, 1.31067e+008, 5445, 5804.26, 1253, 855
420, 41910, 9.94965e+007, 3.16087e+007, 1.31105e+008, 5454, 5795.5, 1253, 855
421, 42010, 9.86969e+007, 3.13852e+007, 1.30082e+008, 5407, 5804.56, 1253, 854
422, 42110, 9.92769e+007, 3.14116e+007, 1.30689e+008, 5429, 5785.89, 1254, 855
423, 42210, 9.87007e+007, 3.14923e+007, 1.30193e+008, 5422, 5808.25, 1254, 854
424, 42310, 9.84461e+007, 3.13436e+007, 1.2979e+008, 5407, 5796.85, 1254, 854
425, 42410, 9.84535e+007, 3.12918e+007, 1.29745e+008, 5406, 5788.34, 1254, 854
426, 42510, 9.85398e+007, 3.12224e+007, 1.29762e+008, 5399, 5782.99, 1254, 854
427, 42610, 9.84953e+007, 3.12008e+007, 1.29696e+008, 5402, 5775.79, 1254, 854
428, 42710, 9.84761e+007, 3.12242e+007, 1.297e+008, 5402, 5780.11, 1254, 854
429, 42810, 9.85627e+007, 3.11735e+007, 1.29736e+008, 5402, 5770.74, 1255, 854
430, 42910, 9.81518e+007, 3.10526e+007, 1.29204e+008, 5381, 5770.78, 1255, 854
431, 43010, 9.76952e+007, 3.0787e+007, 1.28482e+008, 5350, 5754.58, 1255, 854
432, 43110, 9.83356e+007, 3.1106e+007, 1.29442e+008, 5399, 5761.44, 1255, 854
433, 43210, 9.75902e+007, 3.07123e+007, 1.28302e+008, 5334, 5757.84, 1255, 854
434, 43310, 9.77368e+007, 3.07927e+007, 1.28529e+008, 5351, 5754.56, 1255, 854
435, 43410, 9.78004e+007, 3.07859e+007, 1.28586e+008, 5356, 5747.92, 1255, 854
436, 43510, 9.77221e+007, 3.08924e+007, 1.28614e+008, 5363, 5760.28, 1256, 853
437, 43610, 9.71604e+007, 3.06283e+007, 1.27789e+008, 5323, 5753.95, 1256, 853
438, 43710, 9.76572e+007, 3.07314e+007, 1.28389e+008, 5340, 5754.95, 1256, 853
439, 43810, 9.72232e+007, 3.06824e+007, 1.27906e+008, 5331, 5755.47, 1256, 853
440, 43910, 9.69974e+007, 3.05268e+007, 1.27524e+008, 5316, 5742.44, 1256, 853
441, 44010, 9.66728e+007, 3.0468e+007, 1.27141e+008, 5298, 5750.85, 1256, 853
442, 44110, 9.66439e+007, 3.04644e+007, 1.27108e+008, 5304, 5743.66, 1256, 853
443, 44210, 9.6598e+007, 3.03462e+007, 1.26944e+008, 5285, 5741.95, 1257, 853
444, 44310, 9.69502e+007, 3.04005e+007, 1.27351e+008, 5301, 5734.86, 1257, 853
445, 44410, 9.67778e+007, 3.03364e+007, 1.27114e+008, 5291, 5733.58, 1257, 853
446, 44510, 9.67402e+007, 3.03136e+007, 1.27054e+008, 5298, 5721.7, 1257, 853
447, 44610, 9.64823e+007, 3.02003e+007, 1.26683e+008, 5278, 5721.92, 1257, 853
448, 44710, 9.65388e+007, 3.03117e+007, 1.26851e+008, 5299, 5720.27, 1257, 853
449, 44810, 9.64126e+007, 3.0238e+007, 1.26651e+008, 5282, 5724.73, 1257, 852
450, 44910, 9.61727e+007, 3.01578e+007, 1.2633e+008, 5270, 5722.54, 1258, 852
451, 45010, 9.62563e+007, 3.01741e+007, 1.2643e+008, 5278, 5716.96, 1258, 852
452, 45110, 9.61467e+007, 3.01282e+007, 1.26275e+008, 5270, 5716.94, 1258, 852
453, 45210, 9.55889e+007, 2.97789e+007, 1.25368e+008, 5227, 5697.13, 1258, 852
454, 45310, 9.5755e+007, 3.00526e+007, 1.25808e+008, 5260, 5713.43, 1258, 852
455, 45410, 9.58111e+007, 2.97986e+007, 1.2561e+008, 5232, 5695.44, 1258, 852
456, 45510, 9.57054e+007, 2.98429e+007, 1.25548e+008, 5232, 5703.92, 1258, 852
457, 45610, 9.56578e+007, 2.99382e+007, 1.25596e+008, 5245, 5707.96, 1258, 852
458, 45710, 9.51363e+007, 2.96371e+007, 1.24773e+008, 5198, 5701.63, 1258, 852
459, 45810, 9.53841e+007, 2.97481e+007, 1.25132e+008, 5229, 5689.06, 1259, 852
460, 45910, 9.50733e+007, 2.96097e+007, 1.24683e+008, 5198, 5696.36, 1259, 852
461, 46010, 9.53291e+007, 2.9651e+007, 1.2498e+008, 5216, 5684.62, 1259, 852
462, 46110, 9.51866e+007, 2.95971e+007, 1.24784e+008, 5212, 5678.65, 1259, 852
463, 46210, 9.4891e+007, 2.95194e+007, 1.2441e+008, 5195, 5682.27, 1259, 852
464, 46310, 9.49431e+007, 2.95578e+007, 1.24501e+008, 5201, 5683.09, 1259, 852
465, 46410, 9.48823e+007, 2.95318e+007, 1.24414e+008, 5196, 5683.56, 1259, 851
466, 46510, 9.42145e+007, 2.91348e+007, 1.23349e+008, 5146, 5661.65, 1259, 852
467, 46610, 9.44545e+007, 2.93663e+007, 1.23821e+008, 5172, 5677.94, 1259, 851
468, 46710, 9.40514e+007, 2.91727e+007, 1.23224e+008, 5153, 5661.3, 1260, 851
469, 46810, 9.39632e+007, 2.91769e+007, 1.2314e+008, 5145, 5670.92, 1260, 851
470, 46910, 9.36395e+007, 2.90137e+007, 1.22653e+008, 5129, 5656.79, 1260, 851
471, 47010, 9.34646e+007, 2.89586e+007, 1.22423e+008, 5116, 5660.39, 1260, 851
472, 47110, 9.3615e+007, 2.897e+007, 1.22585e+008, 5127, 5650.48, 1260, 851
473, 47210, 9.36917e+007, 2.90113e+007, 1.22703e+008, 5143, 5640.93, 1260, 851
474, 47310, 9.33396e+007, 2.87426e+007, 1.22082e+008, 5109, 5625.87, 1261, 851
475, 47410, 9.33558e+007, 2.88497e+007, 1.22206e+008, 5120, 5634.72, 1261, 851
476, 47510, 9.28302e+007, 2.86068e+007, 1.21437e+008, 5089, 5621.3, 1261, 851
477, 47610, 9.3133e+007, 2.86362e+007, 1.21769e+008, 5091, 5624.87, 1261, 851
478, 47710, 9.32875e+007, 2.86851e+007, 1.21973e+008, 5102, 5622.32, 1261, 851
479, 47810, 9.29326e+007, 2.84468e+007, 1.21379e+008, 5067, 5614.13, 1261, 851
480, 47910, 9.28749e+007, 2.86592e+007, 1.21534e+008, 5092, 5628.28, 1261, 851
481, 48010, 9.26904e+007, 2.84807e+007, 1.21171e+008, 5075, 5611.97, 1261, 851
482, 48110, 9.27654e+007, 2.85753e+007, 1.21341e+008, 5083, 5621.74, 1261, 851
483, 48210, 9.26095e+007, 2.84152e+007, 1.21025e+008, 5065, 5610.11, 1261, 851
484, 48310, 9.25933e+007, 2.85147e+007, 1.21108e+008, 5072, 5621.99, 1261, 850
485, 48410, 9.26288e+007, 2.85615e+007, 1.2119e+008, 5080, 5622.34, 1261, 850
486, 48510, 9.22843e+007, 2.83951e+007, 1.20679e+008, 5061, 5610.57, 1262, 850
487, 48610, 9.19885e+007, 2.82974e+007, 1.20286e+008, 5049, 5604.56, 1262, 850
488, 48710, 9.21047e+007, 2.82706e+007, 1.20375e+008, 5044, 5604.8, 1262, 850
489, 48810, 9.19795e+007, 2.83597e+007, 1.20339e+008, 5048, 5618.01, 1262, 850
490, 48910, 9.16339e+007, 2.81126e+007, 1.19747e+008, 5021, 5599, 1262, 850
491, 49010, 9.16253e+007, 2.80937e+007, 1.19719e+008, 5023, 5593, 1262, 850
492, 49111, 9.18507e+007, 2.81466e+007, 1.19997e+008, 5035, 5590.18, 1262, 850
493, 49211, 9.13073e+007, 2.79158e+007, 1.19223e+008, 4998, 5585.4, 1262, 850
494, 49311, 9.16537e+007, 2.7994e+007, 1.19648e+008, 5012, 5585.39, 1263, 850
495, 49411, 9.11411e+007, 2.78254e+007, 1.18967e+008, 4985, 5581.83, 1263, 850
496, 49511, 9.12507e+007, 2.79691e+007, 1.1922e+008, 5003, 5590.47, 1263, 850
497, 49611, 9.12809e+007, 2.79154e+007, 1.19196e+008, 4997, 5586.44, 1263, 849
498, 49711, 9.10882e+007, 2.78898e+007, 1.18978e+008, 4994, 5584.66, 1263, 849
499, 49811, 9.13035e+007, 2.79248e+007, 1.19228e+008, 5009, 5574.92, 1263, 850
500, 49911, 9.09148e+007, 2.78164e+007, 1.18731e+008, 4979, 5586.75, 1263, 849
501, 50011, 9.06149e+007, 2.76745e+007, 1.18289e+008, 4961, 5578.42, 1263, 849
502, 50111, 9.03857e+007, 2.76126e+007, 1.17998e+008, 4941, 5588.47, 1263, 849
503, 50211, 9.05413e+007, 2.76647e+007, 1.18206e+008, 4963, 5574.2, 1264, 849
504, 50311, 9.00998e+007, 2.7481e+007, 1.17581e+008, 4932, 5571.97, 1264, 849
505, 50411, 8.99085e+007, 2.7454e+007, 1.17362e+008, 4928, 5571.02, 1264, 849
506, 50511, 8.98255e+007, 2.73664e+007, 1.17192e+008, 4916, 5566.8, 1264, 849
507, 50611, 8.97191e+007, 2.7361e+007, 1.1708e+008, 4909, 5573.64, 1264, 849
508, 50711, 8.99972e+007, 2.74982e+007, 1.17495e+008, 4935, 5572.08, 1264, 849
509, 50811, 8.95777e+007, 2.73849e+007, 1.16963e+008, 4913, 5573.96, 1264, 849
510, 50911, 8.96781e+007, 2.73076e+007, 1.16986e+008, 4913, 5558.24, 1264, 849
511, 51011, 8.98137e+007, 2.72681e+007, 1.17082e+008, 4915, 5547.93, 1264, 849
512, 51111, 8.95839e+007, 2.7265e+007, 1.16849e+008, 4912, 5550.69, 1265, 849
513, 51211, 8.95888e+007, 2.74445e+007, 1.17033e+008, 4923, 5574.75, 1264, 848
514, 51311, 8.92006e+007, 2.72797e+007, 1.1648e+008, 4897, 5570.69, 1265, 848
515, 51411, 8.91471e+007, 2.71853e+007, 1.16332e+008, 4889, 5560.49, 1265, 848
516, 51511, 8.926e+007, 2.72046e+007, 1.16465e+008, 4891, 5562.18, 1265, 848
517, 51611, 8.93086e+007, 2.72495e+007, 1.16558e+008, 4899, 5562.26, 1265, 848
518, 51711, 8.92375e+007, 2.72462e+007, 1.16484e+008, 4907, 5552.51, 1265, 848
519, 51811, 8.88023e+007, 2.69885e+007, 1.15791e+008, 4868, 5544.06, 1265, 848
520, 51911, 8.87648e+007, 2.7144e+007, 1.15909e+008, 4885, 5556.61, 1265, 848
521, 52011, 8.86352e+007, 2.69394e+007, 1.15575e+008, 4863, 5539.66, 1265, 848
522, 52111, 8.85266e+007, 2.70251e+007, 1.15552e+008, 4871, 5548.16, 1265, 848
523, 52211, 8.84404e+007, 2.7016e+007, 1.15456e+008, 4870, 5547.43, 1266, 848
524, 52311, 8.83753e+007, 2.68948e+007, 1.1527e+008, 4855, 5539.6, 1265, 848
525, 52411, 8.82344e+007, 2.68137e+007, 1.15048e+008, 4847, 5532.02, 1265, 848
526, 52511, 8.7985e+007, 2.67897e+007, 1.14775e+008, 4837, 5538.5, 1266, 848
527, 52611, 8.81811e+007, 2.68286e+007, 1.1501e+008, 4845, 5537.37, 1266, 848
528, 52711, 8.82826e+007, 2.69852e+007, 1.15268e+008, 4869, 5542.24, 1266, 848
529, 52811, 8.8067e+007, 2.68359e+007, 1.14903e+008, 4847, 5536.6, 1266, 848
530, 52911, 8.75942e+007, 2.66012e+007, 1.14195e+008, 4817, 5522.36, 1266, 848
531, 53011, 8.78947e+007, 2.67044e+007, 1.14599e+008, 4838, 5519.72, 1266, 848
532, 53111, 8.76025e+007, 2.66372e+007, 1.1424e+008, 4817, 5529.83, 1266, 848
533, 53211, 8.6973e+007, 2.64994e+007, 1.13472e+008, 4781, 5542.65, 1266, 847
534, 53311, 8.72912e+007, 2.65858e+007, 1.13877e+008, 4809, 5528.34, 1266, 847
535, 53411, 8.75838e+007, 2.66457e+007, 1.14229e+008, 4814, 5535.04, 1266, 847
536, 53511, 8.74849e+007, 2.669e+007, 1.14175e+008, 4820, 5537.35, 1267, 847
537, 53611, 8.73112e+007, 2.66085e+007, 1.1392e+008, 4809, 5533.07, 1267, 847
538, 53711, 8.70029e+007, 2.65313e+007, 1.13534e+008, 4790, 5538.89, 1267, 847
539, 53811, 8.74473e+007, 2.66292e+007, 1.14076e+008, 4817, 5528.16, 1267, 847
540, 53911, 8.73045e+007, 2.65864e+007, 1.13891e+008, 4800, 5538.83, 1267, 847
541, 54011, 8.72923e+007, 2.66076e+007, 1.139e+008, 4808, 5534.03, 1267, 847
542, 54111, 8.66302e+007, 2.63797e+007, 1.1301e+008, 4770, 5530.33, 1267, 847
543, 54211, 8.66986e+007, 2.63771e+007, 1.13076e+008, 4774, 5525.16, 1267, 847
544, 54311, 8.6591e+007, 2.64265e+007, 1.13018e+008, 4775, 5534.35, 1267, 847
545, 54411, 8.68284e+007, 2.65089e+007, 1.13337e+008, 4786, 5538.84, 1268, 847
546, 54511, 8.6324e+007, 2.64024e+007, 1.12726e+008, 4767, 5538.57, 1268, 847
547, 54611, 8.64292e+007, 2.63302e+007, 1.12759e+008, 4758, 5533.87, 1268, 847
548, 54711, 8.63923e+007, 2.64331e+007, 1.12825e+008, 4763, 5549.67, 1268, 847
549, 54811, 8.64573e+007, 2.6405e+007, 1.12862e+008, 4766, 5540.29, 1268, 847
550, 54911, 8.62212e+007, 2.65563e+007, 1.12777e+008, 4773, 5563.85, 1268, 846
551, 55011, 8.62678e+007, 2.6558e+007, 1.12826e+008, 4769, 5568.88, 1268, 846
552, 55111, 8.60485e+007, 2.65048e+007, 1.12553e+008, 4753, 5576.43, 1268, 846
553, 55211, 8.63659e+007, 2.66531e+007, 1.13019e+008, 4773, 5584.13, 1268, 846
554, 55311, 8.6628e+007, 2.6814e+007, 1.13442e+008, 4790, 5597.91, 1268, 846
555, 55411, 8.65443e+007, 2.69715e+007, 1.13516e+008, 4795, 5624.93, 1268, 846
556, 55511, 8.62486e+007, 2.70111e+007, 1.1326e+008, 4777, 5654.41, 1268, 846
557, 55611, 8.5326e+007, 2.57544e+007, 1.1108e+008, 4705, 5473.84, 1268, 846
558, 55711, 8.49965e+007, 2.55763e+007, 1.10573e+008, 4681, 5463.86, 1269, 846
559, 55811, 8.49788e+007, 2.55557e+007, 1.10534e+008, 4678, 5462.96, 1269, 846
560, 55911, 8.51294e+007, 2.56535e+007, 1.10783e+008, 4693, 5466.34, 1269, 846
561, 56011, 8.5121e+007, 2.56917e+007, 1.10813e+008, 4702, 5463.99, 1269, 846
562, 56111, 8.50283e+007, 2.56469e+007, 1.10675e+008, 4687, 5471.93, 1269, 846
563, 56211, 8.5091e+007, 2.56624e+007, 1.10753e+008, 4690, 5471.72, 1269, 846
564, 56311, 8.48203e+007, 2.56416e+007, 1.10462e+008, 4671, 5489.54, 1269, 846
565, 56411, 8.4377e+007, 2.54698e+007, 1.09847e+008, 4643, 5485.64, 1269, 846
566, 56511, 8.45421e+007, 2.57046e+007, 1.10247e+008, 4669, 5505.39, 1269, 845
567, 56611, 8.46548e+007, 2.56745e+007, 1.10329e+008, 4656, 5514.29, 1269, 845
568, 56711, 8.45973e+007, 2.56883e+007, 1.10286e+008, 4660, 5512.51, 1269, 845
569, 56811, 8.4541e+007, 2.56277e+007, 1.10169e+008, 4653, 5507.79, 1269, 845
570, 56911, 8.4487e+007, 2.56776e+007, 1.10165e+008, 4658, 5512.57, 1270, 845
571, 57011, 8.4139e+007, 2.56255e+007, 1.09764e+008, 4635, 5528.7, 1270, 845
572, 57111, 8.41455e+007, 2.56276e+007, 1.09773e+008, 4641, 5522, 1270, 845
573, 57211, 8.38241e+007, 2.57099e+007, 1.09534e+008, 4637, 5544.51, 1270, 845
574, 57311, 8.43798e+007, 2.58151e+007, 1.10195e+008, 4660, 5539.71, 1270, 845
575, 57411, 8.35634e+007, 2.5504e+007, 1.09067e+008, 4602, 5541.95, 1270, 845
576, 57511, 8.39708e+007, 2.57093e+007, 1.0968e+008, 4639, 5541.98, 1270, 845
577, 57611, 8.43436e+007, 2.59316e+007, 1.10275e+008, 4661, 5563.52, 1270, 845
578, 57711, 8.36695e+007, 2.56702e+007, 1.0934e+008, 4616, 5561.13, 1270, 845
579, 57811, 8.39124e+007, 2.59143e+007, 1.09827e+008, 4640, 5584.97, 1270, 845
580, 57911, 8.39302e+007, 2.60342e+007, 1.09964e+008, 4647, 5602.36, 1270, 845
581, 58011, 8.34893e+007, 2.60712e+007, 1.09561e+008, 4629, 5632.15, 1270, 844
582, 58111, 8.40917e+007, 2.63462e+007, 1.10438e+008, 4667, 5645.21, 1271, 844
583, 58211, 8.38474e+007, 2.65603e+007, 1.10408e+008, 4659, 5700.85, 1270, 844
584, 58311, 8.45721e+007, 2.73849e+007, 1.11957e+008, 4714, 5809.27, 1271, 844
585, 58411, 8.28978e+007, 2.53044e+007, 1.08202e+008, 4577, 5528.61, 1271, 844
586, 58511, 8.22475e+007, 2.46013e+007, 1.06849e+008, 4543, 5415.2, 1271, 844
587, 58611, 8.2428e+007, 2.46187e+007, 1.07047e+008, 4547, 5414.27, 1271, 844
588, 58711, 8.21002e+007, 2.45611e+007, 1.06661e+008, 4530, 5421.87, 1271, 844
589, 58811, 8.20864e+007, 2.44702e+007, 1.06557e+008, 4524, 5408.97, 1271, 844
590, 58911, 8.16281e+007, 2.43088e+007, 1.05937e+008, 4494, 5409.17, 1271, 844
591, 59011, 8.20343e+007, 2.44165e+007, 1.06451e+008, 4524, 5397.1, 1271, 844
592, 59111, 8.15912e+007, 2.42624e+007, 1.05854e+008, 4497, 5395.24, 1272, 844
593, 59211, 8.15478e+007, 2.42176e+007, 1.05765e+008, 4493, 5390.08, 1271, 844
594, 59311, 8.14268e+007, 2.41118e+007, 1.05539e+008, 4487, 5373.69, 1272, 844
595, 59411, 8.16027e+007, 2.41494e+007, 1.05752e+008, 4490, 5378.48, 1272, 844
596, 59511, 8.12796e+007, 2.40426e+007, 1.05322e+008, 4468, 5381.06, 1272, 844
597, 59611, 8.12215e+007, 2.39521e+007, 1.05174e+008, 4469, 5359.62, 1272, 844
598, 59711, 8.13897e+007, 2.43258e+007, 1.05716e+008, 4479, 5431.09, 1272, 844
599, 59811, 8.1194e+007, 2.41892e+007, 1.05383e+008, 4473, 5407.83, 1272, 844
600, 59911, 8.12095e+007, 2.40467e+007, 1.05256e+008, 4467, 5383.19, 1272, 844