stim_jnl,frame,time_s,fluor,dff
csuEx72_NaAc_2.5M_JNL_10off_20on_20off,2,0.1,43431300.00000001,-0.2798875857571718
csuEx72_NaAc_2.5M_JNL_10off_20on_20off,3,0.2,42377800,-2.6987684027809666
csuEx72_NaAc_2.5M_JNL_10off_20on_20off,4,0.3,42285500,-2.9106931293223
csuEx72_NaAc_2.5M_JNL_10off_20on_20off,5,0.4,42329100.00000001,-2.8105856745313607
csuEx72_NaAc_2.5M_JNL_10off_20on_20off,6,0.5,42428900,-2.581440628931973
csuEx72_NaAc_2.5M_JNL_10off_20on_20off,7,0.6,41604100,-4.475216516811623
csuEx72_NaAc_2.5M_JNL_10off_20on_20off,8,0.7,42971400,-1.335837550398134
csuEx72_NaAc_2.5M_JNL_10off_20on_20off,9,0.8,41561600,-4.572798324807362
csuEx72_NaAc_2.5M_JNL_10off_20on_20off,10,0.9,42839100,-1.6396039785825152
csuEx72_NaAc_2.5M_JNL_10off_20on_20off,11,1,41897900,-3.800639218243436
csuEx72_NaAc_2.5M_JNL_10off_20on_20off,12,1.1,41521400,-4.665099234958625
csuEx72_NaAc_2.5M_JNL_10off_20on_20off,13,1.2,41803800.00000001,-4.016696821358689
csuEx72_NaAc_2.5M_JNL_10off_20on_20off,14,1.3,42198200,-3.1111376431582523
csuEx72_NaAc_2.5M_JNL_10off_20on_20off,15,1.4,43081400,-1.0832728708797517
csuEx72_NaAc_2.5M_JNL_10off_20on_20off,16,1.5,42589200,-2.213385009597458
csuEx72_NaAc_2.5M_JNL_10off_20on_20off,17,1.6,43505600,-0.10929162495522717
csuEx72_NaAc_2.5M_JNL_10off_20on_20off,18,1.7,43066000.00000001,-1.118631926012308
csuEx72_NaAc_2.5M_JNL_10off_20on_20off,19,1.8,42936500.00000001,-1.415969435081676
csuEx72_NaAc_2.5M_JNL_10off_20on_20off,20,1.9,42695100,-1.970234104497488
csuEx72_NaAc_2.5M_JNL_10off_20on_20off,21,2,43058800,-1.135163432308074
csuEx72_NaAc_2.5M_JNL_10off_20on_20off,22,2.1,43774000,0.5069661930696252
csuEx72_NaAc_2.5M_JNL_10off_20on_20off,23,2.2,43202600,-0.8049925149013161
csuEx72_NaAc_2.5M_JNL_10off_20on_20off,24,2.3,43143800,-0.9399998163165967
csuEx72_NaAc_2.5M_JNL_10off_20on_20off,25,2.4,43907200,0.8127990595409751
csuEx72_NaAc_2.5M_JNL_10off_20on_20off,26,2.5,44266700,1.6382263530578693
csuEx72_NaAc_2.5M_JNL_10off_20on_20off,27,2.6,43877200,0.7439177833086891
csuEx72_NaAc_2.5M_JNL_10off_20on_20off,28,2.7,44015000.00000001,1.0603124454690067
csuEx72_NaAc_2.5M_JNL_10off_20on_20off,29,2.8,44463000,2.088939503871128
csuEx72_NaAc_2.5M_JNL_10off_20on_20off,30,2.9,44699200,2.6312647520733266
csuEx72_NaAc_2.5M_JNL_10off_20on_20off,31,3,44095500,1.2451438700256239
csuEx72_NaAc_2.5M_JNL_10off_20on_20off,32,3.1,44322400,1.766115922595814
csuEx72_NaAc_2.5M_JNL_10off_20on_20off,33,3.2,44055700,1.153761376890791
csuEx72_NaAc_2.5M_JNL_10off_20on_20off,34,3.3,43754099.99999999,0.4612749465021917
csuEx72_NaAc_2.5M_JNL_10off_20on_20off,35,3.4,44030400,1.0956715006015632
csuEx72_NaAc_2.5M_JNL_10off_20on_20off,36,3.5,43964600,0.944591901398749
csuEx72_NaAc_2.5M_JNL_10off_20on_20off,37,3.6,44109600,1.2775180698547983
csuEx72_NaAc_2.5M_JNL_10off_20on_20off,38,3.7,44793400,2.8475519594427046
csuEx72_NaAc_2.5M_JNL_10off_20on_20off,39,3.8,44418000,1.9856175895226986
csuEx72_NaAc_2.5M_JNL_10off_20on_20off,40,3.9,44306800,1.730297658955025
csuEx72_NaAc_2.5M_JNL_10off_20on_20off,41,4,44596100,2.39454276608837
csuEx72_NaAc_2.5M_JNL_10off_20on_20off,42,4.1,44693100,2.6172588925727616
csuEx72_NaAc_2.5M_JNL_10off_20on_20off,43,4.2,44962799.99999999,3.2365015659009964
csuEx72_NaAc_2.5M_JNL_10off_20on_20off,44,4.3,45058000,3.4550848158114675
csuEx72_NaAc_2.5M_JNL_10off_20on_20off,45,4.4,44908900,3.112744872937006
csuEx72_NaAc_2.5M_JNL_10off_20on_20off,46,4.5,45145200,3.655299725393312
csuEx72_NaAc_2.5M_JNL_10off_20on_20off,47,4.6,45330500,4.080756408254732
csuEx72_NaAc_2.5M_JNL_10off_20on_20off,48,4.7,45134999.99999999,3.6318800914743177
csuEx72_NaAc_2.5M_JNL_10off_20on_20off,49,4.8,46228300.00000001,6.142143401632963
csuEx72_NaAc_2.5M_JNL_10off_20on_20off,50,4.9,45440500,4.333321087773114
csuEx72_NaAc_2.5M_JNL_10off_20on_20off,51,5,46295800,6.297126273155588
csuEx72_NaAc_2.5M_JNL_10off_20on_20off,52,5.1,45669700.00000001,4.859574038187796
csuEx72_NaAc_2.5M_JNL_10off_20on_20off,53,5.2,45684200,4.892866655033385
csuEx72_NaAc_2.5M_JNL_10off_20on_20off,54,5.3,46101000,5.849857186153945
csuEx72_NaAc_2.5M_JNL_10off_20on_20off,55,5.4,46471500,6.700540947622678
csuEx72_NaAc_2.5M_JNL_10off_20on_20off,56,5.5,46185700,6.044331989383099
csuEx72_NaAc_2.5M_JNL_10off_20on_20off,57,5.6,45908900,5.408787414013207
csuEx72_NaAc_2.5M_JNL_10off_20on_20off,58,5.7,46356200,6.435807242636591
csuEx72_NaAc_2.5M_JNL_10off_20on_20off,59,5.8,46594400,6.982724575920943
csuEx72_NaAc_2.5M_JNL_10off_20on_20off,60,5.9,46489500,6.741869713362049
csuEx72_NaAc_2.5M_JNL_10off_20on_20off,61,6,46414600,6.569896127035442
csuEx72_NaAc_2.5M_JNL_10off_20on_20off,62,6.1,47101100,8.146129331484254
csuEx72_NaAc_2.5M_JNL_10off_20on_20off,63,6.2,46675600,7.16916323025633
csuEx72_NaAc_2.5M_JNL_10off_20on_20off,64,6.3,46760500,7.3640972419937
csuEx72_NaAc_2.5M_JNL_10off_20on_20off,65,6.4,47149400,8.257028186218236
csuEx72_NaAc_2.5M_JNL_10off_20on_20off,66,6.5,47606100,9.305630814727735
csuEx72_NaAc_2.5M_JNL_10off_20on_20off,67,6.6,46966500,7.837082005455397
csuEx72_NaAc_2.5M_JNL_10off_20on_20off,68,6.7,46853200,7.576940385551463
csuEx72_NaAc_2.5M_JNL_10off_20on_20off,69,6.8,47239000.00000001,8.46275359789868
csuEx72_NaAc_2.5M_JNL_10off_20on_20off,70,6.9,47106600,8.1587575654601725
csuEx72_NaAc_2.5M_JNL_10off_20on_20off,71,7,47599700,9.290936142464847
csuEx72_NaAc_2.5M_JNL_10off_20on_20off,72,7.1,48166700,10.592792263255053
csuEx72_NaAc_2.5M_JNL_10off_20on_20off,73,7.2,47767099.99999999,9.675293663840986
csuEx72_NaAc_2.5M_JNL_10off_20on_20off,74,7.3,47943500,10.080315568086846
csuEx72_NaAc_2.5M_JNL_10off_20on_20off,75,7.41,47886500,9.949441143245503
csuEx72_NaAc_2.5M_JNL_10off_20on_20off,76,7.5,48694400,11.804413912180966
csuEx72_NaAc_2.5M_JNL_10off_20on_20off,77,7.6,48021600,10.259636490544896
csuEx72_NaAc_2.5M_JNL_10off_20on_20off,78,7.7,48042000,10.30647575838285
csuEx72_NaAc_2.5M_JNL_10off_20on_20off,79,7.8,47924500,10.036690759806397
csuEx72_NaAc_2.5M_JNL_10off_20on_20off,80,7.9,48139400,10.530110301883672
csuEx72_NaAc_2.5M_JNL_10off_20on_20off,81,8,48309400,10.920437533866627
csuEx72_NaAc_2.5M_JNL_10off_20on_20off,82,8.1,48368200,11.055444835281907
csuEx72_NaAc_2.5M_JNL_10off_20on_20off,83,8.209,48027300.00000001,10.272723933029049
csuEx72_NaAc_2.5M_JNL_10off_20on_20off,84,8.309,47972400.00000001,10.146671197523965
csuEx72_NaAc_2.5M_JNL_10off_20on_20off,85,8.409,48702700,11.823471065271898
csuEx72_NaAc_2.5M_JNL_10off_20on_20off,86,8.509,48384400,11.092640724447342
csuEx72_NaAc_2.5M_JNL_10off_20on_20off,87,8.609,48102300,10.444927123609746
csuEx72_NaAc_2.5M_JNL_10off_20on_20off,88,8.709,48612399.99999999,11.6161384238127
csuEx72_NaAc_2.5M_JNL_10off_20on_20off,89,8.809,48164700,10.588200178172901
csuEx72_NaAc_2.5M_JNL_10off_20on_20off,90,8.909,48285200,10.864873304372583
csuEx72_NaAc_2.5M_JNL_10off_20on_20off,91,9.009,48175500,10.612997437616524
csuEx72_NaAc_2.5M_JNL_10off_20on_20off,92,9.109,48192500,10.65203016081482
csuEx72_NaAc_2.5M_JNL_10off_20on_20off,93,9.209,48680899.99999999,11.773417337876419
csuEx72_NaAc_2.5M_JNL_10off_20on_20off,94,9.309,48200600,10.670628105397537
csuEx72_NaAc_2.5M_JNL_10off_20on_20off,95,9.409,48624000,11.6427725172892
csuEx72_NaAc_2.5M_JNL_10off_20on_20off,96,9.509,48341400,10.993910895181067
csuEx72_NaAc_2.5M_JNL_10off_20on_20off,97,9.609,48636600,11.671702653306761
csuEx72_NaAc_2.5M_JNL_10off_20on_20off,98,9.709,48645900,11.69305584893877
csuEx72_NaAc_2.5M_JNL_10off_20on_20off,99,9.809,47500900,9.064087139406519
csuEx72_NaAc_2.5M_JNL_10off_20on_20off,100,9.909,47305000,8.614292405609692
csuEx72_NaAc_2.5M_JNL_10off_20on_20off,101,10.009,46865600,7.6054113130608085
csuEx72_NaAc_2.5M_JNL_10off_20on_20off,102,10.109,46405600,6.549231744165756
csuEx72_NaAc_2.5M_JNL_10off_20on_20off,103,10.209,46540000,6.857819861686397
csuEx72_NaAc_2.5M_JNL_10off_20on_20off,104,10.309,46078800,5.798885041742054
csuEx72_NaAc_2.5M_JNL_10off_20on_20off,105,10.409,46164900,5.996574304528714
csuEx72_NaAc_2.5M_JNL_10off_20on_20off,106,10.509,46506200,6.780213623798022
csuEx72_NaAc_2.5M_JNL_10off_20on_20off,107,10.609,47164000,8.290550407317946
csuEx72_NaAc_2.5M_JNL_10off_20on_20off,108,10.709,47029700,7.982191894051413
csuEx72_NaAc_2.5M_JNL_10off_20on_20off,109,10.809,47118700,8.186539680207193
csuEx72_NaAc_2.5M_JNL_10off_20on_20off,110,10.909,47486499.99999999,9.031024126815005
csuEx72_NaAc_2.5M_JNL_10off_20on_20off,111,11.009,46916300,7.721820669893371
csuEx72_NaAc_2.5M_JNL_10off_20on_20off,112,11.109,46950300,7.799886116289962
csuEx72_NaAc_2.5M_JNL_10off_20on_20off,113,11.209,47157700,8.276085339309166
csuEx72_NaAc_2.5M_JNL_10off_20on_20off,114,11.309,47066200,8.065997446800695
csuEx72_NaAc_2.5M_JNL_10off_20on_20off,115,11.409,47359000,8.738278702827806
csuEx72_NaAc_2.5M_JNL_10off_20on_20off,116,11.509,47374800,8.774556174976809
csuEx72_NaAc_2.5M_JNL_10off_20on_20off,117,11.609,47282800,8.5633202611978
csuEx72_NaAc_2.5M_JNL_10off_20on_20off,118,11.709,47461399.99999999,8.973393459033991
csuEx72_NaAc_2.5M_JNL_10off_20on_20off,119,11.809,47294700,8.590643167436607
csuEx72_NaAc_2.5M_JNL_10off_20on_20off,120,11.909,47353900,8.726568885868318
csuEx72_NaAc_2.5M_JNL_10off_20on_20off,121,12.009,47231800,8.446222091602912
csuEx72_NaAc_2.5M_JNL_10off_20on_20off,122,12.109,47851300,9.86862044579962
csuEx72_NaAc_2.5M_JNL_10off_20on_20off,123,12.209,47165500,8.29399447112956
csuEx72_NaAc_2.5M_JNL_10off_20on_20off,124,12.309,47629000,9.35821018891838
csuEx72_NaAc_2.5M_JNL_10off_20on_20off,125,12.409,47948900,10.092714197808657
csuEx72_NaAc_2.5M_JNL_10off_20on_20off,126,12.509,47614000,9.323769550802236
csuEx72_NaAc_2.5M_JNL_10off_20on_20off,127,12.609,48060700,10.349411753900977
csuEx72_NaAc_2.5M_JNL_10off_20on_20off,128,12.709,48084900,10.40497598339502
csuEx72_NaAc_2.5M_JNL_10off_20on_20off,129,12.809,48429100,11.195273826033448
csuEx72_NaAc_2.5M_JNL_10off_20on_20off,130,12.909,48434100.00000001,11.206754038738847
csuEx72_NaAc_2.5M_JNL_10off_20on_20off,131,13.009,48526100,11.417989952517841
csuEx72_NaAc_2.5M_JNL_10off_20on_20off,132,13.109,48662400,11.730940550866526
csuEx72_NaAc_2.5M_JNL_10off_20on_20off,133,13.209,48936200,12.35959699861319
csuEx72_NaAc_2.5M_JNL_10off_20on_20off,134,13.309,48684700,11.782142299532525
csuEx72_NaAc_2.5M_JNL_10off_20on_20off,135,13.409,48388300,11.10159529035754
csuEx72_NaAc_2.5M_JNL_10off_20on_20off,136,13.509,49366400,13.347354499784172
csuEx72_NaAc_2.5M_JNL_10off_20on_20off,137,13.609,49042800,12.604355133491913
csuEx72_NaAc_2.5M_JNL_10off_20on_20off,138,13.709,49207900,12.983431757023595
csuEx72_NaAc_2.5M_JNL_10off_20on_20off,139,13.809,48978300,12.456260389592497
csuEx72_NaAc_2.5M_JNL_10off_20on_20off,140,13.909,49374900.00000001,13.366870861383337
csuEx72_NaAc_2.5M_JNL_10off_20on_20off,141,14.009,50080700,14.9874176868749
csuEx72_NaAc_2.5M_JNL_10off_20on_20off,142,14.109,49176200,12.91064720847148
csuEx72_NaAc_2.5M_JNL_10off_20on_20off,143,14.209,49529200,13.721150225471376
csuEx72_NaAc_2.5M_JNL_10off_20on_20off,144,14.309,49646200,13.989787202777293
csuEx72_NaAc_2.5M_JNL_10off_20on_20off,145,14.409,49676400,14.059127687517794
csuEx72_NaAc_2.5M_JNL_10off_20on_20off,146,14.509,49618600,13.92641642864359
csuEx72_NaAc_2.5M_JNL_10off_20on_20off,147,14.609,49573200,13.82217609727873
csuEx72_NaAc_2.5M_JNL_10off_20on_20off,148,14.709,49613100,13.91378819466767
csuEx72_NaAc_2.5M_JNL_10off_20on_20off,149,14.809,49951000,14.689620969297318
csuEx72_NaAc_2.5M_JNL_10off_20on_20off,150,14.909,49621400,13.932845347758605
csuEx72_NaAc_2.5M_JNL_10off_20on_20off,151,15.009,49643600,13.983817492170495
csuEx72_NaAc_2.5M_JNL_10off_20on_20off,152,15.11,49886799.99999999,14.542215038160212
csuEx72_NaAc_2.5M_JNL_10off_20on_20off,153,15.209,50002700.00000001,14.808326368670976
csuEx72_NaAc_2.5M_JNL_10off_20on_20off,154,15.309,50081400,14.989024916653657
csuEx72_NaAc_2.5M_JNL_10off_20on_20off,155,15.409,49921900,14.622806131352
csuEx72_NaAc_2.5M_JNL_10off_20on_20off,156,15.509,50000500,14.803275075080592
csuEx72_NaAc_2.5M_JNL_10off_20on_20off,157,15.61,50423300,15.77404186144761
csuEx72_NaAc_2.5M_JNL_10off_20on_20off,158,15.71,50241300.00000001,15.356162118971758
csuEx72_NaAc_2.5M_JNL_10off_20on_20off,159,15.81,50308600,15.510685781986169
csuEx72_NaAc_2.5M_JNL_10off_20on_20off,160,15.91,50334899.99999999,15.571071700816455
csuEx72_NaAc_2.5M_JNL_10off_20on_20off,161,16.01,50528400,16.01535593251472
csuEx72_NaAc_2.5M_JNL_10off_20on_20off,162,16.11,50624100,16.235087203695713
csuEx72_NaAc_2.5M_JNL_10off_20on_20off,163,16.21,50374700,15.662454193951305
csuEx72_NaAc_2.5M_JNL_10off_20on_20off,164,16.31,50595400,16.169190782766822
csuEx72_NaAc_2.5M_JNL_10off_20on_20off,165,16.41,50417200,15.760036001947045
csuEx72_NaAc_2.5M_JNL_10off_20on_20off,166,16.51,50673400,16.348282100970767
csuEx72_NaAc_2.5M_JNL_10off_20on_20off,167,16.61,50635500,16.261262088663976
csuEx72_NaAc_2.5M_JNL_10off_20on_20off,168,16.71,50468400.00000001,15.877593380050161
csuEx72_NaAc_2.5M_JNL_10off_20on_20off,169,16.81,50237299.99999999,15.34697794880742
csuEx72_NaAc_2.5M_JNL_10off_20on_20off,170,16.91,50278600.00000001,15.4418045057539
csuEx72_NaAc_2.5M_JNL_10off_20on_20off,171,17.01,50389799.99999999,15.697124436321538
csuEx72_NaAc_2.5M_JNL_10off_20on_20off,172,17.11,50796800,16.63161375053957
csuEx72_NaAc_2.5M_JNL_10off_20on_20off,173,17.21,50937500,16.95466693606899
csuEx72_NaAc_2.5M_JNL_10off_20on_20off,174,17.31,50479300,15.902620243747876
csuEx72_NaAc_2.5M_JNL_10off_20on_20off,175,17.41,50269899.99999999,15.421828935646504
csuEx72_NaAc_2.5M_JNL_10off_20on_20off,176,17.51,50352300,15.6110228410312
csuEx72_NaAc_2.5M_JNL_10off_20on_20off,177,17.61,50114400,15.06479432050917
csuEx72_NaAc_2.5M_JNL_10off_20on_20off,178,17.71,50738899.99999999,16.498672887411242
csuEx72_NaAc_2.5M_JNL_10off_20on_20off,179,17.81,50508700,15.970123894455515
csuEx72_NaAc_2.5M_JNL_10off_20on_20off,180,17.91,50827800,16.702791069312934
csuEx72_NaAc_2.5M_JNL_10off_20on_20off,181,18.01,50495100,15.93889771589688
csuEx72_NaAc_2.5M_JNL_10off_20on_20off,182,18.11,50839500,16.729654767043524
csuEx72_NaAc_2.5M_JNL_10off_20on_20off,183,18.21,50682300,16.368716879586344
csuEx72_NaAc_2.5M_JNL_10off_20on_20off,184,18.31,50575000,16.122351514928866
csuEx72_NaAc_2.5M_JNL_10off_20on_20off,185,18.41,51048700,17.209986866636665
csuEx72_NaAc_2.5M_JNL_10off_20on_20off,186,18.51,50778400,16.589366567783767
csuEx72_NaAc_2.5M_JNL_10off_20on_20off,187,18.61,51092900,17.311471946952235
csuEx72_NaAc_2.5M_JNL_10off_20on_20off,188,18.71,50802100,16.643782776007274
csuEx72_NaAc_2.5M_JNL_10off_20on_20off,189,18.81,51314800,17.820963786817043
csuEx72_NaAc_2.5M_JNL_10off_20on_20off,190,18.91,51678200,18.655345646244132
csuEx72_NaAc_2.5M_JNL_10off_20on_20off,191,19.01,51783600,18.897348530073565
csuEx72_NaAc_2.5M_JNL_10off_20on_20off,192,19.11,51806500,18.94992790426421
csuEx72_NaAc_2.5M_JNL_10off_20on_20off,193,19.21,51597900,18.470973430195713
csuEx72_NaAc_2.5M_JNL_10off_20on_20off,194,19.31,51800900,18.937070066034185
csuEx72_NaAc_2.5M_JNL_10off_20on_20off,195,19.41,51866600,19.087920060982892
csuEx72_NaAc_2.5M_JNL_10off_20on_20off,196,19.51,52037600,19.48054333550692
csuEx72_NaAc_2.5M_JNL_10off_20on_20off,197,19.61,51767200.00000001,18.859693432399933
csuEx72_NaAc_2.5M_JNL_10off_20on_20off,198,19.71,51973300,19.33290780011572
csuEx72_NaAc_2.5M_JNL_10off_20on_20off,199,19.81,51953800,19.288134970564734
csuEx72_NaAc_2.5M_JNL_10off_20on_20off,200,19.91,51725500,18.76394845843704
csuEx72_NaAc_2.5M_JNL_10off_20on_20off,201,20.01,51933500,19.24152530698089
csuEx72_NaAc_2.5M_JNL_10off_20on_20off,202,20.11,51806700,18.950387112772425
csuEx72_NaAc_2.5M_JNL_10off_20on_20off,203,20.21,51959900,19.3021408300653
csuEx72_NaAc_2.5M_JNL_10off_20on_20off,204,20.31,52051999.99999999,19.5136063480984
csuEx72_NaAc_2.5M_JNL_10off_20on_20off,205,20.41,52177300.00000001,19.801300478495282
csuEx72_NaAc_2.5M_JNL_10off_20on_20off,206,20.51,52183400.00000001,19.815306337995846
csuEx72_NaAc_2.5M_JNL_10off_20on_20off,207,20.61,52130700,19.694304896081114
csuEx72_NaAc_2.5M_JNL_10off_20on_20off,208,20.71,52449600,20.426512862430314
csuEx72_NaAc_2.5M_JNL_10off_20on_20off,209,20.81,52429800,20.381051220117005
csuEx72_NaAc_2.5M_JNL_10off_20on_20off,210,20.91,52541600,20.637748776209325
csuEx72_NaAc_2.5M_JNL_10off_20on_20off,211,21.01,52709000,21.022106297585484
csuEx72_NaAc_2.5M_JNL_10off_20on_20off,212,21.11,52530200,20.611573891241054
csuEx72_NaAc_2.5M_JNL_10off_20on_20off,213,21.21,52681400,20.95873552345178
csuEx72_NaAc_2.5M_JNL_10off_20on_20off,214,21.31,52588800.00000001,20.74612198414814
csuEx72_NaAc_2.5M_JNL_10off_20on_20off,215,21.41,52623500,20.825794660323467
csuEx72_NaAc_2.5M_JNL_10off_20on_20off,216,21.51,52604400,20.78194024778891
csuEx72_NaAc_2.5M_JNL_10off_20on_20off,217,21.61,52647400,20.88067007705519
csuEx72_NaAc_2.5M_JNL_10off_20on_20off,218,21.71,52845200,21.33482729168006
csuEx72_NaAc_2.5M_JNL_10off_20on_20off,219,21.81,52844800,21.333908874663628
csuEx72_NaAc_2.5M_JNL_10off_20on_20off,220,21.91,52982900,21.650992349586254
csuEx72_NaAc_2.5M_JNL_10off_20on_20off,221,22.01,52918400,21.502897605686837
csuEx72_NaAc_2.5M_JNL_10off_20on_20off,222,22.11,52948900,21.572926903189664
csuEx72_NaAc_2.5M_JNL_10off_20on_20off,223,22.21,52925800,21.5198883204908
csuEx72_NaAc_2.5M_JNL_10off_20on_20off,224,22.31,52795000,21.219565956118036
csuEx72_NaAc_2.5M_JNL_10off_20on_20off,225,22.41,52898900,21.458124776135854
csuEx72_NaAc_2.5M_JNL_10off_20on_20off,226,22.51,53042800,21.788525297796717
csuEx72_NaAc_2.5M_JNL_10off_20on_20off,227,22.61,52850400.00000001,21.346766712893672
csuEx72_NaAc_2.5M_JNL_10off_20on_20off,228,22.71,52828500,21.296483381244087
csuEx72_NaAc_2.5M_JNL_10off_20on_20off,229,22.81,52834000,21.309111615220004
csuEx72_NaAc_2.5M_JNL_10off_20on_20off,230,22.91,52972100,21.62619509014263
csuEx72_NaAc_2.5M_JNL_10off_20on_20off,231,23.01,52991100,21.66981989842308
csuEx72_NaAc_2.5M_JNL_10off_20on_20off,232,23.11,52821400,21.280181479202447
csuEx72_NaAc_2.5M_JNL_10off_20on_20off,233,23.21,52806300.00000001,21.24551123683221
csuEx72_NaAc_2.5M_JNL_10off_20on_20off,234,23.31,52755500,21.128872275745525
csuEx72_NaAc_2.5M_JNL_10off_20on_20off,235,23.41,52997700,21.68497377919418
csuEx72_NaAc_2.5M_JNL_10off_20on_20off,236,23.51,52721100,21.049888412332503
csuEx72_NaAc_2.5M_JNL_10off_20on_20off,237,23.61,52959699.99999999,21.59772416263327
csuEx72_NaAc_2.5M_JNL_10off_20on_20off,238,23.71,53209200,22.170586776631797
csuEx72_NaAc_2.5M_JNL_10off_20on_20off,239,23.81,53245500,22.253933120872862
csuEx72_NaAc_2.5M_JNL_10off_20on_20off,240,23.91,53350500,22.495017587685865
csuEx72_NaAc_2.5M_JNL_10off_20on_20off,241,24.01,53130900,21.990806645665533
csuEx72_NaAc_2.5M_JNL_10off_20on_20off,242,24.11,53496000,22.82909177741245
csuEx72_NaAc_2.5M_JNL_10off_20on_20off,243,24.21,53448500,22.720029756711334
csuEx72_NaAc_2.5M_JNL_10off_20on_20off,244,24.31,53626100,23.127806912006466
csuEx72_NaAc_2.5M_JNL_10off_20on_20off,245,24.41,53668699.99999999,23.225618324256295
csuEx72_NaAc_2.5M_JNL_10off_20on_20off,246,24.51,53817199.99999999,23.566580641606112
csuEx72_NaAc_2.5M_JNL_10off_20on_20off,247,24.61,53674600,23.23916497524866
csuEx72_NaAc_2.5M_JNL_10off_20on_20off,248,24.71,53556700,22.96846155965578
csuEx72_NaAc_2.5M_JNL_10off_20on_20off,249,24.81,53699300,23.295877226013243
csuEx72_NaAc_2.5M_JNL_10off_20on_20off,250,24.91,53868700,23.684826832471554
csuEx72_NaAc_2.5M_JNL_10off_20on_20off,251,25.01,53654400.00000001,23.192784915918942
csuEx72_NaAc_2.5M_JNL_10off_20on_20off,252,25.11,53878600,23.707557653628207
csuEx72_NaAc_2.5M_JNL_10off_20on_20off,253,25.21,54290700,24.653756784805708
csuEx72_NaAc_2.5M_JNL_10off_20on_20off,254,25.31,53910400,23.78057180643443
csuEx72_NaAc_2.5M_JNL_10off_20on_20off,255,25.41,54032700,24.061377809208047
csuEx72_NaAc_2.5M_JNL_10off_20on_20off,256,25.51,54188800,24.419790049870045
csuEx72_NaAc_2.5M_JNL_10off_20on_20off,257,25.61,54282000,24.633781214698345
csuEx72_NaAc_2.5M_JNL_10off_20on_20off,258,25.71,54185000,24.411065088213952
csuEx72_NaAc_2.5M_JNL_10off_20on_20off,259,25.81,53983400,23.948182911932992
csuEx72_NaAc_2.5M_JNL_10off_20on_20off,260,25.91,54187000,24.415657173296108
csuEx72_NaAc_2.5M_JNL_10off_20on_20off,261,26.01,54097700,24.210620574378
csuEx72_NaAc_2.5M_JNL_10off_20on_20off,262,26.11,54406100.00000001,24.91872009404592
csuEx72_NaAc_2.5M_JNL_10off_20on_20off,263,26.21,54323200,24.728378167390687
csuEx72_NaAc_2.5M_JNL_10off_20on_20off,264,26.31,54441200,24.999311187237677
csuEx72_NaAc_2.5M_JNL_10off_20on_20off,265,26.41,54446400,25.011250608451274
csuEx72_NaAc_2.5M_JNL_10off_20on_20off,266,26.51,54376200,24.850068422067725
csuEx72_NaAc_2.5M_JNL_10off_20on_20off,267,26.61,54511700,25.161182186383552
csuEx72_NaAc_2.5M_JNL_10off_20on_20off,268,26.71,54806000,25.836907506222275
csuEx72_NaAc_2.5M_JNL_10off_20on_20off,269,26.81,54571200,25.29779671757758
csuEx72_NaAc_2.5M_JNL_10off_20on_20off,270,26.91,54915800,26.08901297723244
csuEx72_NaAc_2.5M_JNL_10off_20on_20off,271,27.01,54782600,25.783180110761094
csuEx72_NaAc_2.5M_JNL_10off_20on_20off,272,27.11,54737600.00000001,25.67985819641268
csuEx72_NaAc_2.5M_JNL_10off_20on_20off,273,27.21,54420000,24.950635085366862
csuEx72_NaAc_2.5M_JNL_10off_20on_20off,274,27.31,55135800,26.594142336269204
csuEx72_NaAc_2.5M_JNL_10off_20on_20off,275,27.41,54765900,25.74483620032512
csuEx72_NaAc_2.5M_JNL_10off_20on_20off,276,27.51,54679500,25.546458124776134
csuEx72_NaAc_2.5M_JNL_10off_20on_20off,277,27.61,54740800,25.687205532544105
csuEx72_NaAc_2.5M_JNL_10off_20on_20off,278,27.71,54880500,26.007962675532454
csuEx72_NaAc_2.5M_JNL_10off_20on_20off,279,27.81,54455100,25.031226178558637
csuEx72_NaAc_2.5M_JNL_10off_20on_20off,280,27.91,54827500,25.886272420855416
csuEx72_NaAc_2.5M_JNL_10off_20on_20off,281,28.01,55018800,26.32550535896329
csuEx72_NaAc_2.5M_JNL_10off_20on_20off,282,28.11,54864000,25.970077973604695
csuEx72_NaAc_2.5M_JNL_10off_20on_20off,283,28.21,54819699.99999999,25.868363289035003
csuEx72_NaAc_2.5M_JNL_10off_20on_20off,284,28.31,54915700,26.088783372978337
csuEx72_NaAc_2.5M_JNL_10off_20on_20off,285,28.41,54716500,25.631411698795954
csuEx72_NaAc_2.5M_JNL_10off_20on_20off,286,28.51,54859400,25.95951617791574
csuEx72_NaAc_2.5M_JNL_10off_20on_20off,287,28.61,54893900,26.038729645582876
csuEx72_NaAc_2.5M_JNL_10off_20on_20off,288,28.71,55004099.99999999,26.29175353360945
csuEx72_NaAc_2.5M_JNL_10off_20on_20off,289,28.81,55369900,27.131645895135144
csuEx72_NaAc_2.5M_JNL_10off_20on_20off,290,28.91,54846199.99999999,25.929208416373523
csuEx72_NaAc_2.5M_JNL_10off_20on_20off,291,29.01,54886100.00000001,26.020820513762494
csuEx72_NaAc_2.5M_JNL_10off_20on_20off,292,29.11,55000900,26.284406197478027
csuEx72_NaAc_2.5M_JNL_10off_20on_20off,293,29.21,54644800,25.466785448600792
csuEx72_NaAc_2.5M_JNL_10off_20on_20off,294,29.31,55006700.00000001,26.297723244216286
csuEx72_NaAc_2.5M_JNL_10off_20on_20off,295,29.41,54947000,26.160649504514023
csuEx72_NaAc_2.5M_JNL_10off_20on_20off,296,29.51,55156900,26.642588833885917
csuEx72_NaAc_2.5M_JNL_10off_20on_20off,297,29.61,55244600,26.8439517647383
csuEx72_NaAc_2.5M_JNL_10off_20on_20off,298,29.71,54907899.99999999,26.07087424115792
csuEx72_NaAc_2.5M_JNL_10off_20on_20off,299,29.81,55530500,27.500390327231983
csuEx72_NaAc_2.5M_JNL_10off_20on_20off,300,29.91,55333900,27.048988363656402
csuEx72_NaAc_2.5M_JNL_10off_20on_20off,301,30.01,55679800.00000001,27.843189478614676
csuEx72_NaAc_2.5M_JNL_10off_20on_20off,302,30.11,55452700,27.321758217536257
csuEx72_NaAc_2.5M_JNL_10off_20on_20off,303,30.21,55286099.99999999,26.939237530192944
csuEx72_NaAc_2.5M_JNL_10off_20on_20off,304,30.31,54952100,26.17235932147351
csuEx72_NaAc_2.5M_JNL_10off_20on_20off,305,30.41,55061300,26.423087166959032
csuEx72_NaAc_2.5M_JNL_10off_20on_20off,306,30.51,55048899.99999999,26.394616239449668
csuEx72_NaAc_2.5M_JNL_10off_20on_20off,307,30.61,54732100,25.667229962436743
csuEx72_NaAc_2.5M_JNL_10off_20on_20off,308,30.71,54820500,25.87020012306788
csuEx72_NaAc_2.5M_JNL_10off_20on_20off,309,30.81,54660399.99999999,25.502603712241562
csuEx72_NaAc_2.5M_JNL_10off_20on_20off,310,30.91,54374900.00000001,24.84708356676434
csuEx72_NaAc_2.5M_JNL_10off_20on_20off,311,31.01,54299099.99999999,24.673043542150733
csuEx72_NaAc_2.5M_JNL_10off_20on_20off,312,31.11,53977200,23.93394744817832
csuEx72_NaAc_2.5M_JNL_10off_20on_20off,313,31.21,53921000,23.80490985736984
csuEx72_NaAc_2.5M_JNL_10off_20on_20off,314,31.31,53603500.00000001,23.07591635057816
csuEx72_NaAc_2.5M_JNL_10off_20on_20off,315,31.41,53740200,23.38978536594326
csuEx72_NaAc_2.5M_JNL_10off_20on_20off,316,31.51,53153000,22.041549185823314
csuEx72_NaAc_2.5M_JNL_10off_20on_20off,317,31.61,53104500,21.930191122581117
csuEx72_NaAc_2.5M_JNL_10off_20on_20off,318,31.71,52850800,21.347685129910086
csuEx72_NaAc_2.5M_JNL_10off_20on_20off,319,31.81,52516999.99999999,20.581266129698832
csuEx72_NaAc_2.5M_JNL_10off_20on_20off,320,31.91,52388100,20.28530624615413
csuEx72_NaAc_2.5M_JNL_10off_20on_20off,321,32.01,52541200,20.636830359192896
csuEx72_NaAc_2.5M_JNL_10off_20on_20off,322,32.11,51926100,19.224534592176923
csuEx72_NaAc_2.5M_JNL_10off_20on_20off,323,32.21,51681600,18.663152190883793
csuEx72_NaAc_2.5M_JNL_10off_20on_20off,324,32.31,51195600,17.54727551592076
csuEx72_NaAc_2.5M_JNL_10off_20on_20off,325,32.41,51454000.00000001,18.140572908534867
csuEx72_NaAc_2.5M_JNL_10off_20on_20off,326,32.51,51244600,17.659781600433494
csuEx72_NaAc_2.5M_JNL_10off_20on_20off,327,32.61,50942600,16.96637675302848
csuEx72_NaAc_2.5M_JNL_10off_20on_20off,328,32.71,51016199.99999999,17.135365484051672
csuEx72_NaAc_2.5M_JNL_10off_20on_20off,329,32.81,50878900,16.82011884316193
csuEx72_NaAc_2.5M_JNL_10off_20on_20off,330,32.91,50318500.00000001,15.533416603142841
csuEx72_NaAc_2.5M_JNL_10off_20on_20off,331,33.01,50413600,15.751770248799168
csuEx72_NaAc_2.5M_JNL_10off_20on_20off,332,33.11,50301000,15.49323585867399
csuEx72_NaAc_2.5M_JNL_10off_20on_20off,333,33.21,50106200,15.045966771672346
csuEx72_NaAc_2.5M_JNL_10off_20on_20off,334,33.31,49946500,14.679288777862476
csuEx72_NaAc_2.5M_JNL_10off_20on_20off,335,33.41,49974100,14.742659551996178
csuEx72_NaAc_2.5M_JNL_10off_20on_20off,336,33.51,49912900,14.602141748482317
csuEx72_NaAc_2.5M_JNL_10off_20on_20off,337,33.61,49671300,14.047417870558307
csuEx72_NaAc_2.5M_JNL_10off_20on_20off,338,33.71,49681900,14.071755921493715
csuEx72_NaAc_2.5M_JNL_10off_20on_20off,339,33.81,49610800,13.908507296823194
csuEx72_NaAc_2.5M_JNL_10off_20on_20off,340,33.91,49544200,13.755590863587521
csuEx72_NaAc_2.5M_JNL_10off_20on_20off,341,34.01,49292700,13.178136164506856
csuEx72_NaAc_2.5M_JNL_10off_20on_20off,342,34.11,49662900,14.028131113213266
csuEx72_NaAc_2.5M_JNL_10off_20on_20off,343,34.21,49463600,13.570529834776778
csuEx72_NaAc_2.5M_JNL_10off_20on_20off,344,34.31,49311400,13.22107216002498
csuEx72_NaAc_2.5M_JNL_10off_20on_20off,345,34.41,49295600.00000001,13.184794687875995
csuEx72_NaAc_2.5M_JNL_10off_20on_20off,346,34.51,49317900,13.235996436541978
csuEx72_NaAc_2.5M_JNL_10off_20on_20off,347,34.61,49195500,12.95496082951425
csuEx72_NaAc_2.5M_JNL_10off_20on_20off,348,34.71,49265000,13.114535786119044
csuEx72_NaAc_2.5M_JNL_10off_20on_20off,349,34.81,49254800,13.091116152200069
csuEx72_NaAc_2.5M_JNL_10off_20on_20off,350,34.91,49356300,13.324164470119301
csuEx72_NaAc_2.5M_JNL_10off_20on_20off,351,35.01,49249200,13.078258313970043
csuEx72_NaAc_2.5M_JNL_10off_20on_20off,352,35.11,49176399.99999999,12.911106416979676
csuEx72_NaAc_2.5M_JNL_10off_20on_20off,353,35.21,49165400,12.885849949027856
csuEx72_NaAc_2.5M_JNL_10off_20on_20off,354,35.31,49359400.00000001,13.331282201996656
csuEx72_NaAc_2.5M_JNL_10off_20on_20off,355,35.41,48840899.99999999,12.140784144448611
csuEx72_NaAc_2.5M_JNL_10off_20on_20off,356,35.51,49153200,12.857838230026724
csuEx72_NaAc_2.5M_JNL_10off_20on_20off,357,35.61,49325200,13.252757547091832
csuEx72_NaAc_2.5M_JNL_10off_20on_20off,358,35.71,49059100.00000001,12.641780626911473
csuEx72_NaAc_2.5M_JNL_10off_20on_20off,359,35.81,49072699.99999999,12.673006805470074
csuEx72_NaAc_2.5M_JNL_10off_20on_20off,360,35.91,48993600,12.491389840470964
csuEx72_NaAc_2.5M_JNL_10off_20on_20off,361,36.01,48907100,12.292782160667873
csuEx72_NaAc_2.5M_JNL_10off_20on_20off,362,36.11,49127700,12.799289145229285
csuEx72_NaAc_2.5M_JNL_10off_20on_20off,363,36.21,48965100,12.425952628050291
csuEx72_NaAc_2.5M_JNL_10off_20on_20off,364,36.31,49198800,12.962537769899802
csuEx72_NaAc_2.5M_JNL_10off_20on_20off,365,36.41,49120200,12.782068826171212
csuEx72_NaAc_2.5M_JNL_10off_20on_20off,366,36.51,49298900,13.19237162826153
csuEx72_NaAc_2.5M_JNL_10off_20on_20off,367,36.61,49022300,12.557286261399852
csuEx72_NaAc_2.5M_JNL_10off_20on_20off,368,36.71,48843400,12.146524250801319
csuEx72_NaAc_2.5M_JNL_10off_20on_20off,369,36.81,49068699.99999999,12.663822635305769
csuEx72_NaAc_2.5M_JNL_10off_20on_20off,370,36.91,48939800,12.367862751761065
csuEx72_NaAc_2.5M_JNL_10off_20on_20off,371,37.01,48883900,12.239513973714905
csuEx72_NaAc_2.5M_JNL_10off_20on_20off,372,37.11,48685500,11.783979133565387
csuEx72_NaAc_2.5M_JNL_10off_20on_20off,373,37.21,48828900,12.113231633955714
csuEx72_NaAc_2.5M_JNL_10off_20on_20off,374,37.31,48773099.99999999,11.985112460163645
csuEx72_NaAc_2.5M_JNL_10off_20on_20off,375,37.41,48804999.99999999,12.058356217223976
csuEx72_NaAc_2.5M_JNL_10off_20on_20off,376,37.51,48886800,12.246172497084027
csuEx72_NaAc_2.5M_JNL_10off_20on_20off,377,37.61,48573600,11.52705197321896
csuEx72_NaAc_2.5M_JNL_10off_20on_20off,378,37.71,48913800,12.308165645693084
csuEx72_NaAc_2.5M_JNL_10off_20on_20off,379,37.81,48403300,11.136035928473682
csuEx72_NaAc_2.5M_JNL_10off_20on_20off,380,37.91,48606000,11.601443751549828
csuEx72_NaAc_2.5M_JNL_10off_20on_20off,381,38.01,48889200,12.25168299918261
csuEx72_NaAc_2.5M_JNL_10off_20on_20off,382,38.11,48604500,11.597999687738215
csuEx72_NaAc_2.5M_JNL_10off_20on_20off,383,38.21,48371200,11.062332962905137
csuEx72_NaAc_2.5M_JNL_10off_20on_20off,384,38.31,48790900,12.025982017394817
csuEx72_NaAc_2.5M_JNL_10off_20on_20off,385,38.41,48708700,11.837247320518355
csuEx72_NaAc_2.5M_JNL_10off_20on_20off,386,38.51,48557600,11.490315292561741
csuEx72_NaAc_2.5M_JNL_10off_20on_20off,387,38.61,48831100,12.118282927546081
csuEx72_NaAc_2.5M_JNL_10off_20on_20off,388,38.71,48886700,12.245942892829918
csuEx72_NaAc_2.5M_JNL_10off_20on_20off,389,38.81,48756800,11.94768696674412
csuEx72_NaAc_2.5M_JNL_10off_20on_20off,390,38.91,48680199.99999999,11.771810108097666
csuEx72_NaAc_2.5M_JNL_10off_20on_20off,391,39.01,48614499.99999999,11.620960113148959
csuEx72_NaAc_2.5M_JNL_10off_20on_20off,392,39.11,48522500,11.409724199369965
csuEx72_NaAc_2.5M_JNL_10off_20on_20off,393,39.21,48613300,11.618204862099685
csuEx72_NaAc_2.5M_JNL_10off_20on_20off,394,39.31,48658000,11.720837963685792
csuEx72_NaAc_2.5M_JNL_10off_20on_20off,395,39.41,48392200,11.110549856267738
csuEx72_NaAc_2.5M_JNL_10off_20on_20off,396,39.51,48221900,10.71953381152246
csuEx72_NaAc_2.5M_JNL_10off_20on_20off,397,39.61,48555400.00000001,11.48526399897139
csuEx72_NaAc_2.5M_JNL_10off_20on_20off,398,39.71,48407099.99999999,11.144760890129755
csuEx72_NaAc_2.5M_JNL_10off_20on_20off,399,39.81,48534499.99999999,11.437276709862862
csuEx72_NaAc_2.5M_JNL_10off_20on_20off,400,39.91,48374000,11.068761882020151
csuEx72_NaAc_2.5M_JNL_10off_20on_20off,401,40.01,48431800,11.201473140894354
csuEx72_NaAc_2.5M_JNL_10off_20on_20off,402,40.11,48419000,11.172083796368579
csuEx72_NaAc_2.5M_JNL_10off_20on_20off,403,40.21,48680100,11.771580503843575
csuEx72_NaAc_2.5M_JNL_10off_20on_20off,404,40.31,48752300,11.937354775309277
csuEx72_NaAc_2.5M_JNL_10off_20on_20off,405,40.41,48407900,11.146597724162634
csuEx72_NaAc_2.5M_JNL_10off_20on_20off,406,40.51,48808900,12.06731078313419
csuEx72_NaAc_2.5M_JNL_10off_20on_20off,407,40.61,48771500,11.98143879209794
csuEx72_NaAc_2.5M_JNL_10off_20on_20off,408,40.71,48871900,12.211961463221991
csuEx72_NaAc_2.5M_JNL_10off_20on_20off,409,40.81,48586100,11.555752504982413
csuEx72_NaAc_2.5M_JNL_10off_20on_20off,410,40.91,48547500,11.467125262896872
csuEx72_NaAc_2.5M_JNL_10off_20on_20off,411,41.01,48640600,11.680886823471065
csuEx72_NaAc_2.5M_JNL_10off_20on_20off,412,41.11,48603100,11.594785228180708
csuEx72_NaAc_2.5M_JNL_10off_20on_20off,413,41.21,48488800,11.332347565735699
csuEx72_NaAc_2.5M_JNL_10off_20on_20off,414,41.31,48797800,12.041824710928244
csuEx72_NaAc_2.5M_JNL_10off_20on_20off,415,41.41,48501300,11.36104809749915
csuEx72_NaAc_2.5M_JNL_10off_20on_20off,416,41.51,48525900,11.417530744009625
csuEx72_NaAc_2.5M_JNL_10off_20on_20off,417,41.61,48767699.99999999,11.972713830441833
csuEx72_NaAc_2.5M_JNL_10off_20on_20off,418,41.71,48437300,11.214101374870273
csuEx72_NaAc_2.5M_JNL_10off_20on_20off,419,41.81,48256500.00000001,10.798976883443713
csuEx72_NaAc_2.5M_JNL_10off_20on_20off,420,41.91,48481400,11.315356850931733
csuEx72_NaAc_2.5M_JNL_10off_20on_20off,421,42.01,48585400,11.554145275203659
csuEx72_NaAc_2.5M_JNL_10off_20on_20off,422,42.11,48662300,11.730710946612419
csuEx72_NaAc_2.5M_JNL_10off_20on_20off,423,42.21,48781300,12.003940009000488
csuEx72_NaAc_2.5M_JNL_10off_20on_20off,424,42.31,48394199.99999999,11.115141941349872
csuEx72_NaAc_2.5M_JNL_10off_20on_20off,425,42.41,48356199.99999999,11.027892324788976
csuEx72_NaAc_2.5M_JNL_10off_20on_20off,426,42.51,48362900,11.043275809814205
csuEx72_NaAc_2.5M_JNL_10off_20on_20off,427,42.61,48383400,11.090344681906267
csuEx72_NaAc_2.5M_JNL_10off_20on_20off,428,42.71,48356700,11.029040346059531
csuEx72_NaAc_2.5M_JNL_10off_20on_20off,429,42.81,48742400,11.914623954152622
csuEx72_NaAc_2.5M_JNL_10off_20on_20off,430,42.91,48515900,11.394570318598864
csuEx72_NaAc_2.5M_JNL_10off_20on_20off,431,43.01,48458700,11.263236685249305
csuEx72_NaAc_2.5M_JNL_10off_20on_20off,432,43.11,48647400,11.696499912750385
csuEx72_NaAc_2.5M_JNL_10off_20on_20off,433,43.21,48616600,11.625781802485237
csuEx72_NaAc_2.5M_JNL_10off_20on_20off,434,43.31,48446900,11.236143383264604
csuEx72_NaAc_2.5M_JNL_10off_20on_20off,435,43.41,48433000,11.204228391943646
csuEx72_NaAc_2.5M_JNL_10off_20on_20off,436,43.51,48383700,11.09103349466859
csuEx72_NaAc_2.5M_JNL_10off_20on_20off,437,43.61,48454400,11.253363702322677
csuEx72_NaAc_2.5M_JNL_10off_20on_20off,438,43.71,48503800,11.36678820385184
csuEx72_NaAc_2.5M_JNL_10off_20on_20off,439,43.81,48362100,11.041438975781343
csuEx72_NaAc_2.5M_JNL_10off_20on_20off,440,43.91,48394800,11.116519566874535
csuEx72_NaAc_2.5M_JNL_10off_20on_20off,441,44.01,48883500,12.238595556698474
csuEx72_NaAc_2.5M_JNL_10off_20on_20off,442,44.11,48434300,11.207213247247045
csuEx72_NaAc_2.5M_JNL_10off_20on_20off,443,44.21,48760199.99999999,11.955493511383763
csuEx72_NaAc_2.5M_JNL_10off_20on_20off,444,44.31,48881400,12.233773867362215
csuEx72_NaAc_2.5M_JNL_10off_20on_20off,445,44.41,48574000,11.52797039023539
csuEx72_NaAc_2.5M_JNL_10off_20on_20off,446,44.51,48667100,11.741731950809585
csuEx72_NaAc_2.5M_JNL_10off_20on_20off,447,44.61,48841200,12.14147295721095
csuEx72_NaAc_2.5M_JNL_10off_20on_20off,448,44.71,48642300,11.684790095790895
csuEx72_NaAc_2.5M_JNL_10off_20on_20off,449,44.81,48623800,11.642313308780986
csuEx72_NaAc_2.5M_JNL_10off_20on_20off,450,44.91,48383700,11.09103349466859
csuEx72_NaAc_2.5M_JNL_10off_20on_20off,451,45.01,48503400,11.36586978683541
csuEx72_NaAc_2.5M_JNL_10off_20on_20off,452,45.11,48752800,11.938502796579815
csuEx72_NaAc_2.5M_JNL_10off_20on_20off,453,45.21,48342500,10.99643654197625
csuEx72_NaAc_2.5M_JNL_10off_20on_20off,454,45.31,48729600,11.885234609626847
csuEx72_NaAc_2.5M_JNL_10off_20on_20off,455,45.41,48675700,11.76147791666284
csuEx72_NaAc_2.5M_JNL_10off_20on_20off,456,45.51,48647000,11.695581495733954
csuEx72_NaAc_2.5M_JNL_10off_20on_20off,457,45.61,48589600,11.563788653876179
csuEx72_NaAc_2.5M_JNL_10off_20on_20off,458,45.71,48682800.00000001,11.777779818704499
csuEx72_NaAc_2.5M_JNL_10off_20on_20off,459,45.81,48684600,11.781912695278418
csuEx72_NaAc_2.5M_JNL_10off_20on_20off,460,45.91,48509399.99999999,11.37964604208185
csuEx72_NaAc_2.5M_JNL_10off_20on_20off,461,46.01,48437700,11.215019791886704
csuEx72_NaAc_2.5M_JNL_10off_20on_20off,462,46.11,48431800,11.201473140894354
csuEx72_NaAc_2.5M_JNL_10off_20on_20off,463,46.21,48542400,11.455415445937382
csuEx72_NaAc_2.5M_JNL_10off_20on_20off,464,46.31,48718700,11.860207745929117
csuEx72_NaAc_2.5M_JNL_10off_20on_20off,465,46.41,48580100,11.541976249735955
csuEx72_NaAc_2.5M_JNL_10off_20on_20off,466,46.51,48632000,11.661140857617811
csuEx72_NaAc_2.5M_JNL_10off_20on_20off,467,46.61,48285000,10.864414095864367
csuEx72_NaAc_2.5M_JNL_10off_20on_20off,468,46.71,48448000,11.23866903005979
csuEx72_NaAc_2.5M_JNL_10off_20on_20off,469,46.81,48119700,10.484878263824472
csuEx72_NaAc_2.5M_JNL_10off_20on_20off,470,46.91,48358300,11.032714014125254
csuEx72_NaAc_2.5M_JNL_10off_20on_20off,471,47.01,48390000.00000001,11.105498562677386
csuEx72_NaAc_2.5M_JNL_10off_20on_20off,472,47.11,48201200,10.672005730922182
csuEx72_NaAc_2.5M_JNL_10off_20on_20off,473,47.21,48472500,11.294922072316156
csuEx72_NaAc_2.5M_JNL_10off_20on_20off,474,47.31,48244700,10.771883581458997
csuEx72_NaAc_2.5M_JNL_10off_20on_20off,475,47.41,48517800,11.398932799426907
csuEx72_NaAc_2.5M_JNL_10off_20on_20off,476,47.51,48356500,11.028581137551315
csuEx72_NaAc_2.5M_JNL_10off_20on_20off,477,47.61,48206700,10.684633964898103
csuEx72_NaAc_2.5M_JNL_10off_20on_20off,478,47.71,48349600,11.01273844401789
csuEx72_NaAc_2.5M_JNL_10off_20on_20off,479,47.81,48286900,10.868776576692413
csuEx72_NaAc_2.5M_JNL_10off_20on_20off,480,47.91,48129600,10.507609084981127
csuEx72_NaAc_2.5M_JNL_10off_20on_20off,481,48.01,48293500,10.883930457463515
csuEx72_NaAc_2.5M_JNL_10off_20on_20off,482,48.11,48352000.00000001,11.01824894611649
csuEx72_NaAc_2.5M_JNL_10off_20on_20off,483,48.21,48456200,11.257496578896614
csuEx72_NaAc_2.5M_JNL_10off_20on_20off,484,48.31,48374100,11.068991486274257
csuEx72_NaAc_2.5M_JNL_10off_20on_20off,485,48.41,48127500,10.502787395644866
csuEx72_NaAc_2.5M_JNL_10off_20on_20off,486,48.51,48139900.00000001,10.531258323154228
csuEx72_NaAc_2.5M_JNL_10off_20on_20off,487,48.61,48536300,11.441409586436817
csuEx72_NaAc_2.5M_JNL_10off_20on_20off,488,48.71,47977800.00000001,10.159069827245776
csuEx72_NaAc_2.5M_JNL_10off_20on_20off,489,48.81,48437200,11.213871770616166
csuEx72_NaAc_2.5M_JNL_10off_20on_20off,490,48.91,48037300,10.295684358439793
csuEx72_NaAc_2.5M_JNL_10off_20on_20off,491,49.01,48396600,11.120652443448472
csuEx72_NaAc_2.5M_JNL_10off_20on_20off,492,49.11,48276600,10.845127338519328
csuEx72_NaAc_2.5M_JNL_10off_20on_20off,493,49.21,48601300,11.59065235160677
csuEx72_NaAc_2.5M_JNL_10off_20on_20off,494,49.31,48630800,11.658385606568517
csuEx72_NaAc_2.5M_JNL_10off_20on_20off,495,49.41,48112899.99999999,10.469265174545136
csuEx72_NaAc_2.5M_JNL_10off_20on_20off,496,49.51,48282600,10.858903593765785
csuEx72_NaAc_2.5M_JNL_10off_20on_20off,497,49.61,48800100.00000001,12.047105608772736
csuEx72_NaAc_2.5M_JNL_10off_20on_20off,498,49.71,48684900.00000001,11.782601508040758
csuEx72_NaAc_2.5M_JNL_10off_20on_20off,499,49.81,48291400,10.879108768127256
csuEx72_NaAc_2.5M_JNL_10off_20on_20off,500,49.91,48569000.00000001,11.516490177530027
csuEx72_NaAc_2.5M_JNL_10off_20on_20off,501,50.01,48484000,11.321326561538532
csuEx72_NaAc_2.5M_JNL_10off_20on_20off,502,50.11,48557000,11.488937667037096
csuEx72_NaAc_2.5M_JNL_10off_20on_20off,503,50.21,48717700,11.85791170338804
csuEx72_NaAc_2.5M_JNL_10off_20on_20off,504,50.31,49099500,12.734540745570936
csuEx72_NaAc_2.5M_JNL_10off_20on_20off,505,50.41,49265500,13.115683807389583
csuEx72_NaAc_2.5M_JNL_10off_20on_20off,506,50.51,49556800,13.78452099960508
csuEx72_NaAc_2.5M_JNL_10off_20on_20off,507,50.61,49704000,14.122498461651498
csuEx72_NaAc_2.5M_JNL_10off_20on_20off,508,50.71,50036600,14.886162210813442
csuEx72_NaAc_2.5M_JNL_10off_20on_20off,509,50.81,50127400,15.09464287354316
csuEx72_NaAc_2.5M_JNL_10off_20on_20off,510,50.91,50085400,14.99820908681796
csuEx72_NaAc_2.5M_JNL_10off_20on_20off,511,51.01,50354100,15.615155717605136
csuEx72_NaAc_2.5M_JNL_10off_20on_20off,512,51.11,50205600,15.27419340025532
csuEx72_NaAc_2.5M_JNL_10off_20on_20off,513,51.21,50390400,15.6985020618462
csuEx72_NaAc_2.5M_JNL_10off_20on_20off,514,51.31,50336600,15.574974973136301
csuEx72_NaAc_2.5M_JNL_10off_20on_20off,515,51.41,50208700.00000001,15.281311132132675
csuEx72_NaAc_2.5M_JNL_10off_20on_20off,516,51.51,50217700,15.301975515002342
csuEx72_NaAc_2.5M_JNL_10off_20on_20off,517,51.61,50253200,15.383485025210547
csuEx72_NaAc_2.5M_JNL_10off_20on_20off,518,51.71,50198100,15.256973081197248
csuEx72_NaAc_2.5M_JNL_10off_20on_20off,519,51.81,50350700,15.607349172965476
csuEx72_NaAc_2.5M_JNL_10off_20on_20off,520,51.91,50151199.99999999,15.149288686020757
csuEx72_NaAc_2.5M_JNL_10off_20on_20off,521,52.01,49999700,14.801438241047729
csuEx72_NaAc_2.5M_JNL_10off_20on_20off,522,52.11,50248700,15.373152833775706
csuEx72_NaAc_2.5M_JNL_10off_20on_20off,523,52.21,50100100,15.03196091217178
csuEx72_NaAc_2.5M_JNL_10off_20on_20off,524,52.31,50085800,14.999127503834393
csuEx72_NaAc_2.5M_JNL_10off_20on_20off,525,52.41,49831800,14.415932698401035
csuEx72_NaAc_2.5M_JNL_10off_20on_20off,526,52.51,49984400.00000001,14.76630879016928
csuEx72_NaAc_2.5M_JNL_10off_20on_20off,527,52.61,50120900,15.079718597026165
csuEx72_NaAc_2.5M_JNL_10off_20on_20off,528,52.71,49928900,14.638878429139535
csuEx72_NaAc_2.5M_JNL_10off_20on_20off,529,52.81,49959600,14.709366935150575
csuEx72_NaAc_2.5M_JNL_10off_20on_20off,530,52.91,50205900,15.274882213017642
csuEx72_NaAc_2.5M_JNL_10off_20on_20off,531,53.01,50027000,14.864120202419109
csuEx72_NaAc_2.5M_JNL_10off_20on_20off,532,53.11,50228900,15.327691191462394
csuEx72_NaAc_2.5M_JNL_10off_20on_20off,533,53.21,50334300,15.569694075291826
csuEx72_NaAc_2.5M_JNL_10off_20on_20off,534,53.31,50035900,14.88455498103469
csuEx72_NaAc_2.5M_JNL_10off_20on_20off,535,53.41,49798300,14.339015273274983
csuEx72_NaAc_2.5M_JNL_10off_20on_20off,536,53.51,49891700,14.5534656466115
csuEx72_NaAc_2.5M_JNL_10off_20on_20off,537,53.61,49757000,14.244188716328537
csuEx72_NaAc_2.5M_JNL_10off_20on_20off,538,53.71,49907500,14.589743118760504
csuEx72_NaAc_2.5M_JNL_10off_20on_20off,539,53.81,49662499.99999999,14.027212696196816
csuEx72_NaAc_2.5M_JNL_10off_20on_20off,540,53.91,49682100,14.072215130001927
csuEx72_NaAc_2.5M_JNL_10off_20on_20off,541,54.01,50180900,15.21748114949074
csuEx72_NaAc_2.5M_JNL_10off_20on_20off,542,54.11,50056400,14.931623853126752
csuEx72_NaAc_2.5M_JNL_10off_20on_20off,543,54.21,49913700,14.603978582515175
csuEx72_NaAc_2.5M_JNL_10off_20on_20off,544,54.31,50131300,15.10359743945336
csuEx72_NaAc_2.5M_JNL_10off_20on_20off,545,54.41,49989500,14.778018607128754
csuEx72_NaAc_2.5M_JNL_10off_20on_20off,546,54.51,49680500,14.068541461936206
csuEx72_NaAc_2.5M_JNL_10off_20on_20off,547,54.61,49698200,14.109181414913255
csuEx72_NaAc_2.5M_JNL_10off_20on_20off,548,54.71,49909100.00000001,14.593416786826245
csuEx72_NaAc_2.5M_JNL_10off_20on_20off,549,54.81,49833500,14.419835970720865
csuEx72_NaAc_2.5M_JNL_10off_20on_20off,550,54.91,49842100,14.43958193657412
csuEx72_NaAc_2.5M_JNL_10off_20on_20off,551,55.01,49590500.00000001,13.861897633239364
csuEx72_NaAc_2.5M_JNL_10off_20on_20off,552,55.11,49895400,14.561961004013483
csuEx72_NaAc_2.5M_JNL_10off_20on_20off,553,55.21,49832700,14.417999136688003
csuEx72_NaAc_2.5M_JNL_10off_20on_20off,554,55.31,49760200,14.25153605245998
csuEx72_NaAc_2.5M_JNL_10off_20on_20off,555,55.41,49772299.99999999,14.279318167206984
csuEx72_NaAc_2.5M_JNL_10off_20on_20off,556,55.51,49757000,14.244188716328537
csuEx72_NaAc_2.5M_JNL_10off_20on_20off,557,55.61,49379099.99999999,13.376514240055823
csuEx72_NaAc_2.5M_JNL_10off_20on_20off,558,55.71,49651800,14.00264504100732
csuEx72_NaAc_2.5M_JNL_10off_20on_20off,559,55.81,50063400,14.947696150914282
csuEx72_NaAc_2.5M_JNL_10off_20on_20off,560,55.91,49859900,14.480451493805276
csuEx72_NaAc_2.5M_JNL_10off_20on_20off,561,56.01,50579300,16.132224497855496
csuEx72_NaAc_2.5M_JNL_10off_20on_20off,562,56.11,49553100,13.776025642203098
csuEx72_NaAc_2.5M_JNL_10off_20on_20off,563,56.21,49777100,14.290339171404169
csuEx72_NaAc_2.5M_JNL_10off_20on_20off,564,56.31,50215800,15.297613034174299
csuEx72_NaAc_2.5M_JNL_10off_20on_20off,565,56.41,50085700,14.998897899580282
csuEx72_NaAc_2.5M_JNL_10off_20on_20off,566,56.51,49808899.99999999,14.363353324210374
csuEx72_NaAc_2.5M_JNL_10off_20on_20off,567,56.61,49649000,13.996216121892308
csuEx72_NaAc_2.5M_JNL_10off_20on_20off,568,56.71,49592400,13.866260114067394
csuEx72_NaAc_2.5M_JNL_10off_20on_20off,569,56.81,49853200,14.465068008780065
csuEx72_NaAc_2.5M_JNL_10off_20on_20off,570,56.91,49719300.00000001,14.15762791252998
csuEx72_NaAc_2.5M_JNL_10off_20on_20off,571,57.01,49999399.99999999,14.800749428285389
csuEx72_NaAc_2.5M_JNL_10off_20on_20off,572,57.11,49243499.99999999,13.06517087148589
csuEx72_NaAc_2.5M_JNL_10off_20on_20off,573,57.21,49445499.99999999,13.528971464783282
csuEx72_NaAc_2.5M_JNL_10off_20on_20off,574,57.31,49605499.99999999,13.896338271355473
csuEx72_NaAc_2.5M_JNL_10off_20on_20off,575,57.41,49600500,13.88485805865011
csuEx72_NaAc_2.5M_JNL_10off_20on_20off,576,57.51,49649800,13.998052955925166
csuEx72_NaAc_2.5M_JNL_10off_20on_20off,577,57.61,49441000,13.518639273348457
csuEx72_NaAc_2.5M_JNL_10off_20on_20off,578,57.71,49546100,13.759953344415566
csuEx72_NaAc_2.5M_JNL_10off_20on_20off,579,57.81,49474700,13.596015906982725
csuEx72_NaAc_2.5M_JNL_10off_20on_20off,580,57.91,49303500,13.20293342395048
csuEx72_NaAc_2.5M_JNL_10off_20on_20off,581,58.01,49229000,13.031878254640302
csuEx72_NaAc_2.5M_JNL_10off_20on_20off,582,58.11,48956200,12.405517849434714
csuEx72_NaAc_2.5M_JNL_10off_20on_20off,583,58.21,49395500,13.41416933772949
csuEx72_NaAc_2.5M_JNL_10off_20on_20off,584,58.31,49501300,13.657090638575351
csuEx72_NaAc_2.5M_JNL_10off_20on_20off,585,58.41,48998300,12.502181240414023
csuEx72_NaAc_2.5M_JNL_10off_20on_20off,586,58.51,48805600,12.059733842748638
csuEx72_NaAc_2.5M_JNL_10off_20on_20off,587,58.61,48716100.00000001,11.854238035322336
csuEx72_NaAc_2.5M_JNL_10off_20on_20off,588,58.72,49128999.99999999,12.802274000532666
csuEx72_NaAc_2.5M_JNL_10off_20on_20off,589,58.81,48977300,12.453964347051421
csuEx72_NaAc_2.5M_JNL_10off_20on_20off,590,58.91,49114200,12.768292570924755
csuEx72_NaAc_2.5M_JNL_10off_20on_20off,591,59.01,49022800,12.558434282670389
csuEx72_NaAc_2.5M_JNL_10off_20on_20off,592,59.11,48880700,12.232166637583461
csuEx72_NaAc_2.5M_JNL_10off_20on_20off,593,59.21,48671800,11.752523350752643
csuEx72_NaAc_2.5M_JNL_10off_20on_20off,594,59.31,49118900,12.779083970867813
csuEx72_NaAc_2.5M_JNL_10off_20on_20off,595,59.41,49139700,12.826841655722196
csuEx72_NaAc_2.5M_JNL_10off_20on_20off,596,59.51,49169100,12.89434530642984
csuEx72_NaAc_2.5M_JNL_10off_20on_20off,597,59.61,49012399.99999999,12.534555440243182
csuEx72_NaAc_2.5M_JNL_10off_20on_20off,598,59.71,48900300,12.277169071388554
csuEx72_NaAc_2.5M_JNL_10off_20on_20off,599,59.81,48828600,12.11254282119339
csuEx72_NaAc_2.5M_JNL_10off_20on_20off,600,59.91,48613500,11.6186640706079
