stim_jnl,frame,time_s,fluor,dff
csuEx72_NaAc_2.5M_JNL_10off_20on_20off,2,0.1,94395300,-0.47739829306703535
csuEx72_NaAc_2.5M_JNL_10off_20on_20off,3,0.2,91603700,-3.4206305824402783
csuEx72_NaAc_2.5M_JNL_10off_20on_20off,4,0.3,88766300,-6.412150606035221
csuEx72_NaAc_2.5M_JNL_10off_20on_20off,5,0.4,88108500,-7.105680553001018
csuEx72_NaAc_2.5M_JNL_10off_20on_20off,6,0.5,88023000,-7.195824685663796
csuEx72_NaAc_2.5M_JNL_10off_20on_20off,7,0.6,91366900,-3.6702929288092365
csuEx72_NaAc_2.5M_JNL_10off_20on_20off,8,0.7,92278400,-2.7092826724101426
csuEx72_NaAc_2.5M_JNL_10off_20on_20off,9,0.8,93340099.99999999,-1.589913951380078
csuEx72_NaAc_2.5M_JNL_10off_20on_20off,10,0.9,92805300,-2.153762865392389
csuEx72_NaAc_2.5M_JNL_10off_20on_20off,11,1,91970300,-3.0341178451984705
csuEx72_NaAc_2.5M_JNL_10off_20on_20off,12,1.1,93852600,-1.0495763140739343
csuEx72_NaAc_2.5M_JNL_10off_20on_20off,13,1.2,94327300,-0.549091872260824
csuEx72_NaAc_2.5M_JNL_10off_20on_20off,14,1.3,94121000,-0.766597539726686
csuEx72_NaAc_2.5M_JNL_10off_20on_20off,15,1.4,94334900.00000001,-0.5410790604685615
csuEx72_NaAc_2.5M_JNL_10off_20on_20off,16,1.5,95160400,0.32925990459719584
csuEx72_NaAc_2.5M_JNL_10off_20on_20off,17,1.6,95469500,0.6551493947266088
csuEx72_NaAc_2.5M_JNL_10off_20on_20off,18,1.7,94973500.00000001,0.1322079935484012
csuEx72_NaAc_2.5M_JNL_10off_20on_20off,19,1.8,95624500,0.8185685825948037
csuEx72_NaAc_2.5M_JNL_10off_20on_20off,20,1.9,96001300,1.2158353567156799
csuEx72_NaAc_2.5M_JNL_10off_20on_20off,21,2,96447900,1.6866934812442977
csuEx72_NaAc_2.5M_JNL_10off_20on_20off,22,2.1,97241800,2.523716018331781
csuEx72_NaAc_2.5M_JNL_10off_20on_20off,23,2.2,97122100,2.3975142326038914
csuEx72_NaAc_2.5M_JNL_10off_20on_20off,24,2.31,94250900.00000001,-0.6296417171197122
csuEx72_NaAc_2.5M_JNL_10off_20on_20off,25,2.4,92442200,-2.5365854919403983
csuEx72_NaAc_2.5M_JNL_10off_20on_20off,26,2.5,91511400,-3.517944073022435
csuEx72_NaAc_2.5M_JNL_10off_20on_20off,27,2.6,91931600,-3.074919926298465
csuEx72_NaAc_2.5M_JNL_10off_20on_20off,28,2.7,91969100.00000001,-3.035383026007757
csuEx72_NaAc_2.5M_JNL_10off_20on_20off,29,2.8,92445000,-2.5336334033853602
csuEx72_NaAc_2.5M_JNL_10off_20on_20off,30,2.9,92526200,-2.448022835289248
csuEx72_NaAc_2.5M_JNL_10off_20on_20off,31,3,92115200,-2.881347262475235
csuEx72_NaAc_2.5M_JNL_10off_20on_20off,32,3.1,92520500,-2.454032444133433
csuEx72_NaAc_2.5M_JNL_10off_20on_20off,33,3.2,94237600,-0.64366413775616
csuEx72_NaAc_2.5M_JNL_10off_20on_20off,34,3.3,95901400,1.1105090543412754
csuEx72_NaAc_2.5M_JNL_10off_20on_20off,35,3.4,96823400,2.0825896428217634
csuEx72_NaAc_2.5M_JNL_10off_20on_20off,36,3.51,97578600.00000001,2.878810098809268
csuEx72_NaAc_2.5M_JNL_10off_20on_20off,37,3.6,97307900,2.593406394577508
csuEx72_NaAc_2.5M_JNL_10off_20on_20off,38,3.71,97331800.00000001,2.618604579029458
csuEx72_NaAc_2.5M_JNL_10off_20on_20off,39,3.8,99124600,4.50878470812686
csuEx72_NaAc_2.5M_JNL_10off_20on_20off,40,3.9,97480800,2.7756978628511266
csuEx72_NaAc_2.5M_JNL_10off_20on_20off,41,4,96145900,1.3682896442365893
csuEx72_NaAc_2.5M_JNL_10off_20on_20off,42,4.1,95522600,0.7111336455382292
csuEx72_NaAc_2.5M_JNL_10off_20on_20off,43,4.2,95617200,0.8108720660048823
csuEx72_NaAc_2.5M_JNL_10off_20on_20off,44,4.3,96013300.00000001,1.2284871648087172
csuEx72_NaAc_2.5M_JNL_10off_20on_20off,45,4.4,96385800,1.6212203743629114
csuEx72_NaAc_2.5M_JNL_10off_20on_20off,46,4.5,95828900.00000001,1.0340710471126195
csuEx72_NaAc_2.5M_JNL_10off_20on_20off,47,4.6,96096100,1.31578464065055
csuEx72_NaAc_2.5M_JNL_10off_20on_20off,48,4.7,96604300,1.8515887133900117
csuEx72_NaAc_2.5M_JNL_10off_20on_20off,49,4.8,96742700,1.9975062333961937
csuEx72_NaAc_2.5M_JNL_10off_20on_20off,50,4.907,96630500,1.8792118277264422
csuEx72_NaAc_2.5M_JNL_10off_20on_20off,51,5.007,97033400,2.3039962844496404
csuEx72_NaAc_2.5M_JNL_10off_20on_20off,52,5.107,97748800,3.0582549102619407
csuEx72_NaAc_2.5M_JNL_10off_20on_20off,53,5.207,99535900,4.942425430515172
csuEx72_NaAc_2.5M_JNL_10off_20on_20off,54,5.307,100996000,6.481834180233567
csuEx72_NaAc_2.5M_JNL_10off_20on_20off,55,5.407,101220000,6.718001264636636
csuEx72_NaAc_2.5M_JNL_10off_20on_20off,56,5.507,101981000.00000001,7.520336761202434
csuEx72_NaAc_2.5M_JNL_10off_20on_20off,57,5.607,101516000,7.030079197597834
csuEx72_NaAc_2.5M_JNL_10off_20on_20off,58,5.707,101084000,6.574614106249059
csuEx72_NaAc_2.5M_JNL_10off_20on_20off,59,5.807,101902000,7.437045691256694
csuEx72_NaAc_2.5M_JNL_10off_20on_20off,60,5.907,102628999.99999999,8.203534398225566
csuEx72_NaAc_2.5M_JNL_10off_20on_20off,61,6.007,103163000,8.76653985836504
csuEx72_NaAc_2.5M_JNL_10off_20on_20off,62,6.107,104316000.00000001,9.982167752636208
csuEx72_NaAc_2.5M_JNL_10off_20on_20off,63,6.207,104744000,10.433415574620627
csuEx72_NaAc_2.5M_JNL_10off_20on_20off,64,6.307,104505000,10.181433730101281
csuEx72_NaAc_2.5M_JNL_10off_20on_20off,65,6.407,103848999.99999999,9.489801554349421
csuEx72_NaAc_2.5M_JNL_10off_20on_20off,66,6.507,101981000.00000001,7.520336761202434
csuEx72_NaAc_2.5M_JNL_10off_20on_20off,67,6.607,100255999.99999999,5.701639347830557
csuEx72_NaAc_2.5M_JNL_10off_20on_20off,68,6.707,100304000,5.75224658020266
csuEx72_NaAc_2.5M_JNL_10off_20on_20off,69,6.807,100469000.00000001,5.926208941481721
csuEx72_NaAc_2.5M_JNL_10off_20on_20off,70,6.907,100128000,5.5666867281716765
csuEx72_NaAc_2.5M_JNL_10off_20on_20off,71,7.007,100413000,5.867167170380938
csuEx72_NaAc_2.5M_JNL_10off_20on_20off,72,7.107,100973000,6.45758488138861
csuEx72_NaAc_2.5M_JNL_10off_20on_20off,73,7.207,100867000,6.345827243233586
csuEx72_NaAc_2.5M_JNL_10off_20on_20off,74,7.307,101265000,6.765445544985467
csuEx72_NaAc_2.5M_JNL_10off_20on_20off,75,7.407,103535000,9.158745909248706
csuEx72_NaAc_2.5M_JNL_10off_20on_20off,76,7.507,106484000,12.267927748108749
csuEx72_NaAc_2.5M_JNL_10off_20on_20off,77,7.607,107343000.00000001,13.17358634410089
csuEx72_NaAc_2.5M_JNL_10off_20on_20off,78,7.707,107603000,13.447708852783007
csuEx72_NaAc_2.5M_JNL_10off_20on_20off,79,7.807,106258000.00000001,12.029652029023525
csuEx72_NaAc_2.5M_JNL_10off_20on_20off,80,7.907,106356999.99999999,12.134029445790922
csuEx72_NaAc_2.5M_JNL_10off_20on_20off,81,8.007,107246000,13.071317562015617
csuEx72_NaAc_2.5M_JNL_10off_20on_20off,82,8.107,107161000,12.981700588023381
csuEx72_NaAc_2.5M_JNL_10off_20on_20off,83,8.207,105487000,11.216773359046876
csuEx72_NaAc_2.5M_JNL_10off_20on_20off,84,8.307,103792000,9.429705465907585
csuEx72_NaAc_2.5M_JNL_10off_20on_20off,85,8.407,103099000,8.699063548535593
csuEx72_NaAc_2.5M_JNL_10off_20on_20off,86,8.507,102809000,8.393311519620903
csuEx72_NaAc_2.5M_JNL_10off_20on_20off,87,8.607,103279000.00000001,8.88884066993093
csuEx72_NaAc_2.5M_JNL_10off_20on_20off,88,8.707,103214000,8.820310042760381
csuEx72_NaAc_2.5M_JNL_10off_20on_20off,89,8.807,103116999.99999999,8.718041260675108
csuEx72_NaAc_2.5M_JNL_10off_20on_20off,90,8.907,103325000,8.93733926762083
csuEx72_NaAc_2.5M_JNL_10off_20on_20off,91,9.007,103315000,8.92679609420998
csuEx72_NaAc_2.5M_JNL_10off_20on_20off,92,9.107,104106000.00000001,9.760761111008332
csuEx72_NaAc_2.5M_JNL_10off_20on_20off,93,9.207,107759000,13.612182357992285
csuEx72_NaAc_2.5M_JNL_10off_20on_20off,94,9.307,109236000,15.16940907077502
csuEx72_NaAc_2.5M_JNL_10off_20on_20off,95,9.407,109921000,15.891616449418333
csuEx72_NaAc_2.5M_JNL_10off_20on_20off,96,9.507,109667000,15.62381984478271
csuEx72_NaAc_2.5M_JNL_10off_20on_20off,97,9.607,109342000,15.281166708930044
csuEx72_NaAc_2.5M_JNL_10off_20on_20off,98,9.707,109627000.00000001,15.581647151139322
csuEx72_NaAc_2.5M_JNL_10off_20on_20off,99,9.807,108575000,14.472505308317752
csuEx72_NaAc_2.5M_JNL_10off_20on_20off,100,9.907,107854000,13.712342505395375
csuEx72_NaAc_2.5M_JNL_10off_20on_20off,101,10.007,107241000.00000001,13.066045975310207
csuEx72_NaAc_2.5M_JNL_10off_20on_20off,102,10.107,107417000,13.251605827341173
csuEx72_NaAc_2.5M_JNL_10off_20on_20off,103,10.207,108085000.00000001,13.955889811186054
csuEx72_NaAc_2.5M_JNL_10off_20on_20off,104,10.307,103958000,9.604722144527717
csuEx72_NaAc_2.5M_JNL_10off_20on_20off,105,10.407,102747000.00000001,8.327943844473642
csuEx72_NaAc_2.5M_JNL_10off_20on_20off,106,10.507,102143999.99999999,7.692190487799279
csuEx72_NaAc_2.5M_JNL_10off_20on_20off,107,10.607,102084000,7.628931447334186
csuEx72_NaAc_2.5M_JNL_10off_20on_20off,108,10.707,102121000,7.667941188954336
csuEx72_NaAc_2.5M_JNL_10off_20on_20off,109,10.807,105918000,11.671184133054567
csuEx72_NaAc_2.5M_JNL_10off_20on_20off,110,10.907,107840000,13.697582062620182
csuEx72_NaAc_2.5M_JNL_10off_20on_20off,111,11.007,108476000,14.368127891550323
csuEx72_NaAc_2.5M_JNL_10off_20on_20off,112,11.107,108644999.99999999,14.546307522193693
csuEx72_NaAc_2.5M_JNL_10off_20on_20off,113,11.207,108475000.00000001,14.367073574209254
csuEx72_NaAc_2.5M_JNL_10off_20on_20off,114,11.307,107368000,13.199944277628001
csuEx72_NaAc_2.5M_JNL_10off_20on_20off,115,11.407,106464000,12.246841401287046
csuEx72_NaAc_2.5M_JNL_10off_20on_20off,116,11.507,104073000,9.725968638752507
csuEx72_NaAc_2.5M_JNL_10off_20on_20off,117,11.607,103672000.00000001,9.303187384977385
csuEx72_NaAc_2.5M_JNL_10off_20on_20off,118,11.707,103392000,9.007978529473535
csuEx72_NaAc_2.5M_JNL_10off_20on_20off,119,11.807,103155000,8.758105319636359
csuEx72_NaAc_2.5M_JNL_10off_20on_20off,120,11.907,103721000,9.35484893469054
csuEx72_NaAc_2.5M_JNL_10off_20on_20off,121,12.007,103392000,9.007978529473535
csuEx72_NaAc_2.5M_JNL_10off_20on_20off,122,12.107,103670000,9.3010787502952
csuEx72_NaAc_2.5M_JNL_10off_20on_20off,123,12.207,103573000,9.198809968209943
csuEx72_NaAc_2.5M_JNL_10off_20on_20off,124,12.307,103238000.00000001,8.84561365894644
csuEx72_NaAc_2.5M_JNL_10off_20on_20off,125,12.407,103542000,9.166126130636302
csuEx72_NaAc_2.5M_JNL_10off_20on_20off,126,12.507,103719999.99999999,9.35379461734944
csuEx72_NaAc_2.5M_JNL_10off_20on_20off,127,12.607,104136999.99999999,9.793444948581937
csuEx72_NaAc_2.5M_JNL_10off_20on_20off,128,12.707,104019000,9.669035502333909
csuEx72_NaAc_2.5M_JNL_10off_20on_20off,129,12.807,104196000,9.855649671705976
csuEx72_NaAc_2.5M_JNL_10off_20on_20off,130,12.907,104672000.00000001,10.357504726062514
csuEx72_NaAc_2.5M_JNL_10off_20on_20off,131,13.007,104336000,10.003254099457894
csuEx72_NaAc_2.5M_JNL_10off_20on_20off,132,13.107,105424000,11.150351366558514
csuEx72_NaAc_2.5M_JNL_10off_20on_20off,133,13.207,105048000.00000001,10.75392804631052
csuEx72_NaAc_2.5M_JNL_10off_20on_20off,134,13.307,105326000.00000001,11.047028267132186
csuEx72_NaAc_2.5M_JNL_10off_20on_20off,135,13.407,106256000,12.02754339434134
csuEx72_NaAc_2.5M_JNL_10off_20on_20off,136,13.507,107387000.00000001,13.219976307108636
csuEx72_NaAc_2.5M_JNL_10off_20on_20off,137,13.607,109141000,15.069248923371934
csuEx72_NaAc_2.5M_JNL_10off_20on_20off,138,13.707,109373000.00000001,15.3138505465037
csuEx72_NaAc_2.5M_JNL_10off_20on_20off,139,13.807,109468000.00000001,15.414010693906786
csuEx72_NaAc_2.5M_JNL_10off_20on_20off,140,13.907,109366000.00000001,15.306470325116104
csuEx72_NaAc_2.5M_JNL_10off_20on_20off,141,14.007,109940000,15.911648478898952
csuEx72_NaAc_2.5M_JNL_10off_20on_20off,142,14.107,109287000,15.223179255170363
csuEx72_NaAc_2.5M_JNL_10off_20on_20off,143,14.207,109166000.00000001,15.095606856899076
csuEx72_NaAc_2.5M_JNL_10off_20on_20off,144,14.307,109480000,15.426662501999791
csuEx72_NaAc_2.5M_JNL_10off_20on_20off,145,14.407,109542000,15.49203017714707
csuEx72_NaAc_2.5M_JNL_10off_20on_20off,146,14.507,109599000,15.552126265588923
csuEx72_NaAc_2.5M_JNL_10off_20on_20off,147,14.607,109620999.99999999,15.57532124709278
csuEx72_NaAc_2.5M_JNL_10off_20on_20off,148,14.707,109437999.99999999,15.3823811736742
csuEx72_NaAc_2.5M_JNL_10off_20on_20off,149,14.807,110169999.99999999,16.154141467348516
csuEx72_NaAc_2.5M_JNL_10off_20on_20off,150,14.911,109859000,15.826248774271058
csuEx72_NaAc_2.5M_JNL_10off_20on_20off,151,15.011,109557000,15.507844937263346
csuEx72_NaAc_2.5M_JNL_10off_20on_20off,152,15.111,109447999.99999999,15.392924347085051
csuEx72_NaAc_2.5M_JNL_10off_20on_20off,153,15.211,110068000.00000001,16.046601098557865
csuEx72_NaAc_2.5M_JNL_10off_20on_20off,154,15.311,109717000,15.676535711836967
csuEx72_NaAc_2.5M_JNL_10off_20on_20off,155,15.411,109556000.00000001,15.506790619922278
csuEx72_NaAc_2.5M_JNL_10off_20on_20off,156,15.511,110123000,16.104588552317527
csuEx72_NaAc_2.5M_JNL_10off_20on_20off,157,15.611,109722000.00000001,15.681807298542408
csuEx72_NaAc_2.5M_JNL_10off_20on_20off,158,15.711,108966999.99999999,14.885797706023105
csuEx72_NaAc_2.5M_JNL_10off_20on_20off,159,15.811,108046000,13.914771434883718
csuEx72_NaAc_2.5M_JNL_10off_20on_20off,160,15.911,107878000,13.737646121581419
csuEx72_NaAc_2.5M_JNL_10off_20on_20off,161,16.011,107697000,13.54681468284501
csuEx72_NaAc_2.5M_JNL_10off_20on_20off,162,16.111,107406000,13.240008336589238
csuEx72_NaAc_2.5M_JNL_10off_20on_20off,163,16.211,108556000.00000001,14.45247327883715
csuEx72_NaAc_2.5M_JNL_10off_20on_20off,164,16.311,109786000,15.749283608371842
csuEx72_NaAc_2.5M_JNL_10off_20on_20off,165,16.411,108866000,14.779311654573524
csuEx72_NaAc_2.5M_JNL_10off_20on_20off,166,16.511,107172000,12.993298078775318
csuEx72_NaAc_2.5M_JNL_10off_20on_20off,167,16.611,104918000,10.61686679196944
csuEx72_NaAc_2.5M_JNL_10off_20on_20off,168,16.711,106209000,11.977990479310339
csuEx72_NaAc_2.5M_JNL_10off_20on_20off,169,16.811,106453000,12.23524391053511
csuEx72_NaAc_2.5M_JNL_10off_20on_20off,170,16.911,106919000.00000001,12.726555791480795
csuEx72_NaAc_2.5M_JNL_10off_20on_20off,171,17.011,105212000,10.926836090248466
csuEx72_NaAc_2.5M_JNL_10off_20on_20off,172,17.111,105359000,11.08182073938798
csuEx72_NaAc_2.5M_JNL_10off_20on_20off,173,17.211,105934000,11.688053210511928
csuEx72_NaAc_2.5M_JNL_10off_20on_20off,174,17.311,106691000,12.486171437713372
csuEx72_NaAc_2.5M_JNL_10off_20on_20off,175,17.411,106880000,12.68543741517846
csuEx72_NaAc_2.5M_JNL_10off_20on_20off,176,17.511,106328000,12.10345424289947
csuEx72_NaAc_2.5M_JNL_10off_20on_20off,177,17.611,105995000,11.752366568318122
csuEx72_NaAc_2.5M_JNL_10off_20on_20off,178,17.711,105092999.99999999,10.80137232665932
csuEx72_NaAc_2.5M_JNL_10off_20on_20off,179,17.811,107275000.00000001,13.1018927649071
csuEx72_NaAc_2.5M_JNL_10off_20on_20off,180,17.911,106972000,12.78243461055829
csuEx72_NaAc_2.5M_JNL_10off_20on_20off,181,18.011,105932000,11.685944575829758
csuEx72_NaAc_2.5M_JNL_10off_20on_20off,182,18.111,105707000,11.448723174085606
csuEx72_NaAc_2.5M_JNL_10off_20on_20off,183,18.211,105822000,11.569969668310394
csuEx72_NaAc_2.5M_JNL_10off_20on_20off,184,18.311,106868999.99999999,12.673839924426508
csuEx72_NaAc_2.5M_JNL_10off_20on_20off,185,18.411,105600999.99999999,11.336965535930565
csuEx72_NaAc_2.5M_JNL_10off_20on_20off,186,18.511,105368000,11.091309595457746
csuEx72_NaAc_2.5M_JNL_10off_20on_20off,187,18.611,106805000,12.606363614597074
csuEx72_NaAc_2.5M_JNL_10off_20on_20off,188,18.711,107389000,13.22208494179079
csuEx72_NaAc_2.5M_JNL_10off_20on_20off,189,18.811,106173000,11.940035055031274
csuEx72_NaAc_2.5M_JNL_10off_20on_20off,190,18.911,106158000,11.924220294914997
csuEx72_NaAc_2.5M_JNL_10off_20on_20off,191,19.011,107891000,13.751352247015525
csuEx72_NaAc_2.5M_JNL_10off_20on_20off,192,19.111,107620000,13.465632247581455
csuEx72_NaAc_2.5M_JNL_10off_20on_20off,193,19.211,106874000,12.67911151113195
csuEx72_NaAc_2.5M_JNL_10off_20on_20off,194,19.311,106532000,12.318534980480836
csuEx72_NaAc_2.5M_JNL_10off_20on_20off,195,19.411,108181000,14.057104275930211
csuEx72_NaAc_2.5M_JNL_10off_20on_20off,196,19.511,107651999.99999999,13.499370402496163
csuEx72_NaAc_2.5M_JNL_10off_20on_20off,197,19.611,109274000,15.209473129736256
csuEx72_NaAc_2.5M_JNL_10off_20on_20off,198,19.711,111629000,17.692390467991732
csuEx72_NaAc_2.5M_JNL_10off_20on_20off,199,19.811,112059000,18.145746924658336
csuEx72_NaAc_2.5M_JNL_10off_20on_20off,200,19.911,111039000,17.070343236751505
csuEx72_NaAc_2.5M_JNL_10off_20on_20off,201,20.011,110774000,16.79094914136395
csuEx72_NaAc_2.5M_JNL_10off_20on_20off,202,20.111,111210000.00000001,17.25063150207708
csuEx72_NaAc_2.5M_JNL_10off_20on_20off,203,20.211,112267000,18.365044931604043
csuEx72_NaAc_2.5M_JNL_10off_20on_20off,204,20.311,111996999.99999999,18.08037924951104
csuEx72_NaAc_2.5M_JNL_10off_20on_20off,205,20.411,110470000,16.47043666967407
csuEx72_NaAc_2.5M_JNL_10off_20on_20off,206,20.511,110640000,16.64967061765854
csuEx72_NaAc_2.5M_JNL_10off_20on_20off,207,20.611,112032000,18.11728035644904
csuEx72_NaAc_2.5M_JNL_10off_20on_20off,208,20.711,111486000,17.54162308821656
csuEx72_NaAc_2.5M_JNL_10off_20on_20off,209,20.811,110991000,17.01973600437942
csuEx72_NaAc_2.5M_JNL_10off_20on_20off,210,20.911,108704000,14.608512245317733
csuEx72_NaAc_2.5M_JNL_10off_20on_20off,211,21.011,107379000,13.21154176837994
csuEx72_NaAc_2.5M_JNL_10off_20on_20off,212,21.111,107197000.00000001,13.01965601230246
csuEx72_NaAc_2.5M_JNL_10off_20on_20off,213,21.211,107263000,13.089240956814063
csuEx72_NaAc_2.5M_JNL_10off_20on_20off,214,21.311,106450000,12.232080958511855
csuEx72_NaAc_2.5M_JNL_10off_20on_20off,215,21.411,106224999.99999999,11.994859556767686
csuEx72_NaAc_2.5M_JNL_10off_20on_20off,216,21.511,106205000,11.973773209945998
csuEx72_NaAc_2.5M_JNL_10off_20on_20off,217,21.611,105939999.99999999,11.694379114558425
csuEx72_NaAc_2.5M_JNL_10off_20on_20off,218,21.711,105700000,11.44134295269801
csuEx72_NaAc_2.5M_JNL_10off_20on_20off,219,21.811,105501000,11.231533801822069
csuEx72_NaAc_2.5M_JNL_10off_20on_20off,220,21.911,105606000,11.342237122636007
csuEx72_NaAc_2.5M_JNL_10off_20on_20off,221,22.011,105268999.99999999,10.986932178690303
csuEx72_NaAc_2.5M_JNL_10off_20on_20off,222,22.111,105621000.00000001,11.3580518827523
csuEx72_NaAc_2.5M_JNL_10off_20on_20off,223,22.211,105427000,11.153514318581768
csuEx72_NaAc_2.5M_JNL_10off_20on_20off,224,22.311,105767000.00000001,11.511982214550729
csuEx72_NaAc_2.5M_JNL_10off_20on_20off,225,22.411,105312999.99999999,11.033322141698049
csuEx72_NaAc_2.5M_JNL_10off_20on_20off,226,22.511,104834000,10.528304135318288
csuEx72_NaAc_2.5M_JNL_10off_20on_20off,227,22.611,104905000,10.603160666535333
csuEx72_NaAc_2.5M_JNL_10off_20on_20off,228,22.711,104990999.99999999,10.693831957868639
csuEx72_NaAc_2.5M_JNL_10off_20on_20off,229,22.811,105460000,11.188306790837578
csuEx72_NaAc_2.5M_JNL_10off_20on_20off,230,22.911,105258999.99999999,10.976389005279453
csuEx72_NaAc_2.5M_JNL_10off_20on_20off,231,23.011,105894000,11.645880516868523
csuEx72_NaAc_2.5M_JNL_10off_20on_20off,232,23.111,105465000.00000001,11.19357837754302
csuEx72_NaAc_2.5M_JNL_10off_20on_20off,233,23.211,105797000.00000001,11.543611734783282
csuEx72_NaAc_2.5M_JNL_10off_20on_20off,234,23.311,106092000.00000001,11.854635350403395
csuEx72_NaAc_2.5M_JNL_10off_20on_20off,235,23.411,106805000,12.606363614597074
csuEx72_NaAc_2.5M_JNL_10off_20on_20off,236,23.511,107210000,13.033362137736551
csuEx72_NaAc_2.5M_JNL_10off_20on_20off,237,23.611,106424999.99999999,12.20572302498471
csuEx72_NaAc_2.5M_JNL_10off_20on_20off,238,23.711,106973000,12.783488927899377
csuEx72_NaAc_2.5M_JNL_10off_20on_20off,239,23.811,106693000,12.488280072395542
csuEx72_NaAc_2.5M_JNL_10off_20on_20off,240,23.911,106587000.00000001,12.376522434240533
csuEx72_NaAc_2.5M_JNL_10off_20on_20off,241,24.011,106538000,12.324860884527347
csuEx72_NaAc_2.5M_JNL_10off_20on_20off,242,24.111,106556000,12.343838596666878
csuEx72_NaAc_2.5M_JNL_10off_20on_20off,243,24.211,106619000,12.410260589155243
csuEx72_NaAc_2.5M_JNL_10off_20on_20off,244,24.311,107242000,13.067100292651276
csuEx72_NaAc_2.5M_JNL_10off_20on_20off,245,24.411,106846000,12.649590625581567
csuEx72_NaAc_2.5M_JNL_10off_20on_20off,246,24.511,108439000,14.329118149930173
csuEx72_NaAc_2.5M_JNL_10off_20on_20off,247,24.611,110518999.99999999,16.522098219387225
csuEx72_NaAc_2.5M_JNL_10off_20on_20off,248,24.711,111584000,17.6449461876429
csuEx72_NaAc_2.5M_JNL_10off_20on_20off,249,24.811,111581000,17.641783235619645
csuEx72_NaAc_2.5M_JNL_10off_20on_20off,250,24.908,111622000,17.685010246604136
csuEx72_NaAc_2.5M_JNL_10off_20on_20off,251,25.008,112158000,18.250124341425764
csuEx72_NaAc_2.5M_JNL_10off_20on_20off,252,25.108,111344000,17.39191002578247
csuEx72_NaAc_2.5M_JNL_10off_20on_20off,253,25.208,111498000.00000001,17.554274896309597
csuEx72_NaAc_2.5M_JNL_10off_20on_20off,254,25.308,111788000,17.86002692522427
csuEx72_NaAc_2.5M_JNL_10off_20on_20off,255,25.408,112166000.00000001,18.25855888015446
csuEx72_NaAc_2.5M_JNL_10off_20on_20off,256,25.508,111774000,17.845266482449077
csuEx72_NaAc_2.5M_JNL_10off_20on_20off,257,25.608,111828000,17.902199618867673
csuEx72_NaAc_2.5M_JNL_10off_20on_20off,258,25.708,111745000,17.814691279557607
csuEx72_NaAc_2.5M_JNL_10off_20on_20off,259,25.808,112142000.00000001,18.233255263968417
csuEx72_NaAc_2.5M_JNL_10off_20on_20off,260,25.908,112561000,18.67501422988307
csuEx72_NaAc_2.5M_JNL_10off_20on_20off,261,26.008,112540000,18.65287356572028
csuEx72_NaAc_2.5M_JNL_10off_20on_20off,262,26.108,112531000,18.64338470965052
csuEx72_NaAc_2.5M_JNL_10off_20on_20off,263,26.208,112821000,18.949136738565205
csuEx72_NaAc_2.5M_JNL_10off_20on_20off,264,26.308,112311999.99999999,18.41248921195286
csuEx72_NaAc_2.5M_JNL_10off_20on_20off,265,26.408,112550000,18.663416739131133
csuEx72_NaAc_2.5M_JNL_10off_20on_20off,266,26.508,112545999.99999999,18.659199469766776
csuEx72_NaAc_2.5M_JNL_10off_20on_20off,267,26.608,112866000,18.996581018914036
csuEx72_NaAc_2.5M_JNL_10off_20on_20off,268,26.708,112467000,18.57590839982107
csuEx72_NaAc_2.5M_JNL_10off_20on_20off,269,26.808,113233000,19.383515483092275
csuEx72_NaAc_2.5M_JNL_10off_20on_20off,270,26.908,112799000,18.92594175706133
csuEx72_NaAc_2.5M_JNL_10off_20on_20off,271,27.008,113540000,19.707190906805412
csuEx72_NaAc_2.5M_JNL_10off_20on_20off,272,27.108,113433000,19.594378951309302
csuEx72_NaAc_2.5M_JNL_10off_20on_20off,273,27.208,113188000,19.336071202743447
csuEx72_NaAc_2.5M_JNL_10off_20on_20off,274,27.308,113184000,19.331853933379108
csuEx72_NaAc_2.5M_JNL_10off_20on_20off,275,27.408,113396999.99999999,19.556423527030223
csuEx72_NaAc_2.5M_JNL_10off_20on_20off,276,27.508,113820000.00000001,20.00239976230926
csuEx72_NaAc_2.5M_JNL_10off_20on_20off,277,27.608,113723000,19.90013098022399
csuEx72_NaAc_2.5M_JNL_10off_20on_20off,278,27.708,112755000,18.879551794053587
csuEx72_NaAc_2.5M_JNL_10off_20on_20off,279,27.808,112972999.99999999,19.109392974410127
csuEx72_NaAc_2.5M_JNL_10off_20on_20off,280,27.908,113165000,19.311821903898487
csuEx72_NaAc_2.5M_JNL_10off_20on_20off,281,28.008,113369000.00000001,19.52690264147987
csuEx72_NaAc_2.5M_JNL_10off_20on_20off,282,28.108,112788000,18.914344266309392
csuEx72_NaAc_2.5M_JNL_10off_20on_20off,283,28.208,113126000,19.27070352759617
csuEx72_NaAc_2.5M_JNL_10off_20on_20off,284,28.308,113045000,19.185303822968272
csuEx72_NaAc_2.5M_JNL_10off_20on_20off,285,28.408,113446000,19.608085076743407
csuEx72_NaAc_2.5M_JNL_10off_20on_20off,286,28.508,113347000,19.50370765997598
csuEx72_NaAc_2.5M_JNL_10off_20on_20off,287,28.608,111308000,17.353954601503403
csuEx72_NaAc_2.5M_JNL_10off_20on_20off,288,28.708,110590000.00000001,16.5969547506043
csuEx72_NaAc_2.5M_JNL_10off_20on_20off,289,28.808,110138000,16.120403312433808
csuEx72_NaAc_2.5M_JNL_10off_20on_20off,290,28.908,110315000.00000001,16.30701748180589
csuEx72_NaAc_2.5M_JNL_10off_20on_20off,291,29.008,110240999.99999999,16.228997998565557
csuEx72_NaAc_2.5M_JNL_10off_20on_20off,292,29.108,109490000,15.437205675410642
csuEx72_NaAc_2.5M_JNL_10off_20on_20off,293,29.208,109969000,15.942223681790418
csuEx72_NaAc_2.5M_JNL_10off_20on_20off,294,29.308,110314000,16.30596316446479
csuEx72_NaAc_2.5M_JNL_10off_20on_20off,295,29.408,109885000.00000001,15.853661025139285
csuEx72_NaAc_2.5M_JNL_10off_20on_20off,296,29.508,110650000,16.660213791069392
csuEx72_NaAc_2.5M_JNL_10off_20on_20off,297,29.608,110155000,16.138326707232252
csuEx72_NaAc_2.5M_JNL_10off_20on_20off,298,29.708,109779000,15.741903386984246
csuEx72_NaAc_2.5M_JNL_10off_20on_20off,299,29.808,110230000,16.217400507813636
csuEx72_NaAc_2.5M_JNL_10off_20on_20off,300,29.908,110718999.99999999,16.73296168760425
csuEx72_NaAc_2.5M_JNL_10off_20on_20off,301,30.008,111270000,17.313890542542172
csuEx72_NaAc_2.5M_JNL_10off_20on_20off,302,30.108,111972000,18.05402131598393
csuEx72_NaAc_2.5M_JNL_10off_20on_20off,303,30.208,112145999.99999999,18.237472533332728
csuEx72_NaAc_2.5M_JNL_10off_20on_20off,304,30.308,113042000,19.182140870945016
csuEx72_NaAc_2.5M_JNL_10off_20on_20off,305,30.408,112717000,18.83948773509235
csuEx72_NaAc_2.5M_JNL_10off_20on_20off,306,30.508,113147000,19.292844191758956
csuEx72_NaAc_2.5M_JNL_10off_20on_20off,307,30.608,113015000,19.15367430273572
csuEx72_NaAc_2.5M_JNL_10off_20on_20off,308,30.708,113286000,19.439394302169788
csuEx72_NaAc_2.5M_JNL_10off_20on_20off,309,30.808,113401000,19.56064079639458
csuEx72_NaAc_2.5M_JNL_10off_20on_20off,310,30.908,113104000,19.247508546092295
csuEx72_NaAc_2.5M_JNL_10off_20on_20off,311,31.008,113423000,19.58383577789845
csuEx72_NaAc_2.5M_JNL_10off_20on_20off,312,31.108,113286000,19.439394302169788
csuEx72_NaAc_2.5M_JNL_10off_20on_20off,313,31.208,113453000,19.615465298131003
csuEx72_NaAc_2.5M_JNL_10off_20on_20off,314,31.308,113431000,19.59227031662713
csuEx72_NaAc_2.5M_JNL_10off_20on_20off,315,31.408,113355000,19.512142198704662
csuEx72_NaAc_2.5M_JNL_10off_20on_20off,316,31.508,113672000,19.846360795828648
csuEx72_NaAc_2.5M_JNL_10off_20on_20off,317,31.608,113500000,19.665018213162007
csuEx72_NaAc_2.5M_JNL_10off_20on_20off,318,31.708,113216000,19.36559208829383
csuEx72_NaAc_2.5M_JNL_10off_20on_20off,319,31.808,113118999.99999999,19.26332330620856
csuEx72_NaAc_2.5M_JNL_10off_20on_20off,320,31.908,113276000,19.428851128758936
csuEx72_NaAc_2.5M_JNL_10off_20on_20off,321,32.008,113454000.00000001,19.616519615472107
csuEx72_NaAc_2.5M_JNL_10off_20on_20off,322,32.108,112910000,19.04297098192178
csuEx72_NaAc_2.5M_JNL_10off_20on_20off,323,32.208,112984000,19.12099046516208
csuEx72_NaAc_2.5M_JNL_10off_20on_20off,324,32.308,112747000,18.871117255324904
csuEx72_NaAc_2.5M_JNL_10off_20on_20off,325,32.408,112960000,19.095686848976037
csuEx72_NaAc_2.5M_JNL_10off_20on_20off,326,32.508,112743000,18.866899985960565
csuEx72_NaAc_2.5M_JNL_10off_20on_20off,327,32.608,112633000,18.7509250784412
csuEx72_NaAc_2.5M_JNL_10off_20on_20off,328,32.708,113283000,19.43623135014653
csuEx72_NaAc_2.5M_JNL_10off_20on_20off,329,32.808,112516000,18.62756994953424
csuEx72_NaAc_2.5M_JNL_10off_20on_20off,330,32.908,112860000,18.990255114867523
csuEx72_NaAc_2.5M_JNL_10off_20on_20off,331,33.008,112118000,18.20795164778236
csuEx72_NaAc_2.5M_JNL_10off_20on_20off,332,33.108,111983000.00000001,18.065618806735884
csuEx72_NaAc_2.5M_JNL_10off_20on_20off,333,33.208,112303000,18.40300035588311
csuEx72_NaAc_2.5M_JNL_10off_20on_20off,334,33.308,112110000,18.19951710905368
csuEx72_NaAc_2.5M_JNL_10off_20on_20off,335,33.408,111857000,17.93277482175914
csuEx72_NaAc_2.5M_JNL_10off_20on_20off,336,33.508,112108000.00000001,18.197408474371525
csuEx72_NaAc_2.5M_JNL_10off_20on_20off,337,33.608,112412000,18.517920946061388
csuEx72_NaAc_2.5M_JNL_10off_20on_20off,338,33.708,111890000,17.96756729401495
csuEx72_NaAc_2.5M_JNL_10off_20on_20off,339,33.808,111750000,17.81996286626303
csuEx72_NaAc_2.5M_JNL_10off_20on_20off,340,33.908,111723000,17.791496298053733
csuEx72_NaAc_2.5M_JNL_10off_20on_20off,341,34.008,111556000.00000001,17.615425302092532
csuEx72_NaAc_2.5M_JNL_10off_20on_20off,342,34.108,111456000,17.509993567984004
csuEx72_NaAc_2.5M_JNL_10off_20on_20off,343,34.208,111194000,17.2337624246197
csuEx72_NaAc_2.5M_JNL_10off_20on_20off,344,34.308,111308999.99999999,17.355008918844476
csuEx72_NaAc_2.5M_JNL_10off_20on_20off,345,34.408,111766000.00000001,17.836831943720412
csuEx72_NaAc_2.5M_JNL_10off_20on_20off,346,34.508,111761000,17.83156035701497
csuEx72_NaAc_2.5M_JNL_10off_20on_20off,347,34.608,111324000,17.370823678960768
csuEx72_NaAc_2.5M_JNL_10off_20on_20off,348,34.708,111718000,17.786224711348307
csuEx72_NaAc_2.5M_JNL_10off_20on_20off,349,34.808,111333000,17.380312535030534
csuEx72_NaAc_2.5M_JNL_10off_20on_20off,350,34.908,111045000,17.076669140798018
csuEx72_NaAc_2.5M_JNL_10off_20on_20off,351,35.008,111330000,17.377149583007277
csuEx72_NaAc_2.5M_JNL_10off_20on_20off,352,35.108,110903000,16.92695607836393
csuEx72_NaAc_2.5M_JNL_10off_20on_20off,353,35.208,110886000,16.90903268356548
csuEx72_NaAc_2.5M_JNL_10off_20on_20off,354,35.308,111280000,17.32443371595302
csuEx72_NaAc_2.5M_JNL_10off_20on_20off,355,35.408,110837999.99999999,16.85842545119338
csuEx72_NaAc_2.5M_JNL_10off_20on_20off,356,35.508,110994000,17.022898956402678
csuEx72_NaAc_2.5M_JNL_10off_20on_20off,357,35.608,111013999.99999999,17.043985303224364
csuEx72_NaAc_2.5M_JNL_10off_20on_20off,358,35.708,110846000,16.866859989922077
csuEx72_NaAc_2.5M_JNL_10off_20on_20off,359,35.808,111213000,17.25379445410032
csuEx72_NaAc_2.5M_JNL_10off_20on_20off,360,35.908,110677000,16.688680359278692
csuEx72_NaAc_2.5M_JNL_10off_20on_20off,361,36.008,110215000,16.20158574769736
csuEx72_NaAc_2.5M_JNL_10off_20on_20off,362,36.108,110284000,16.274333644232232
csuEx72_NaAc_2.5M_JNL_10off_20on_20off,363,36.208,111032000,17.06296301536391
csuEx72_NaAc_2.5M_JNL_10off_20on_20off,364,36.308,110725999.99999999,16.740341908991844
csuEx72_NaAc_2.5M_JNL_10off_20on_20off,365,36.408,110172000,16.1562501020307
csuEx72_NaAc_2.5M_JNL_10off_20on_20off,366,36.508,111074999.99999999,17.108298661030556
csuEx72_NaAc_2.5M_JNL_10off_20on_20off,367,36.608,110562999.99999999,16.56848818239497
csuEx72_NaAc_2.5M_JNL_10off_20on_20off,368,36.708,110843000,16.86369703789882
csuEx72_NaAc_2.5M_JNL_10off_20on_20off,369,36.808,110625000,16.63385585754226
csuEx72_NaAc_2.5M_JNL_10off_20on_20off,370,36.908,110715999.99999999,16.729798735580996
csuEx72_NaAc_2.5M_JNL_10off_20on_20off,371,37.008,110540000,16.544238883550026
csuEx72_NaAc_2.5M_JNL_10off_20on_20off,372,37.108,111310000,17.356063236185577
csuEx72_NaAc_2.5M_JNL_10off_20on_20off,373,37.208,110877000,16.899543827495716
csuEx72_NaAc_2.5M_JNL_10off_20on_20off,374,37.308,110942000,16.968074454666247
csuEx72_NaAc_2.5M_JNL_10off_20on_20off,375,37.408,111108999.99999999,17.144145450627448
csuEx72_NaAc_2.5M_JNL_10off_20on_20off,376,37.508,111697000,17.76408404718552
csuEx72_NaAc_2.5M_JNL_10off_20on_20off,377,37.608,111633000,17.69660773735607
csuEx72_NaAc_2.5M_JNL_10off_20on_20off,378,37.708,111059000,17.09142958357321
csuEx72_NaAc_2.5M_JNL_10off_20on_20off,379,37.808,111040000,17.07139755409259
csuEx72_NaAc_2.5M_JNL_10off_20on_20off,380,37.908,111667999.99999999,17.733508844294036
csuEx72_NaAc_2.5M_JNL_10off_20on_20off,381,38.008,111986000.00000001,18.06878175875914
csuEx72_NaAc_2.5M_JNL_10off_20on_20off,382,38.108,112638000,18.756196665146625
csuEx72_NaAc_2.5M_JNL_10off_20on_20off,383,38.208,113054000.00000001,19.194792679038056
csuEx72_NaAc_2.5M_JNL_10off_20on_20off,384,38.308,113008000,19.146294081348124
csuEx72_NaAc_2.5M_JNL_10off_20on_20off,385,38.408,113313000,19.467860870379088
csuEx72_NaAc_2.5M_JNL_10off_20on_20off,386,38.508,113189000,19.33712552008453
csuEx72_NaAc_2.5M_JNL_10off_20on_20off,387,38.608,112322000.00000001,18.42303238536374
csuEx72_NaAc_2.5M_JNL_10off_20on_20off,388,38.708,113055000,19.195846996379125
csuEx72_NaAc_2.5M_JNL_10off_20on_20off,389,38.808,112594000,18.709806702138877
csuEx72_NaAc_2.5M_JNL_10off_20on_20off,390,38.908,113050999.99999999,19.191629727014767
csuEx72_NaAc_2.5M_JNL_10off_20on_20off,391,39.008,112206000,18.30073157379785
csuEx72_NaAc_2.5M_JNL_10off_20on_20off,392,39.108,111978000,18.06034722003044
csuEx72_NaAc_2.5M_JNL_10off_20on_20off,393,39.208,111640000,17.70398795874367
csuEx72_NaAc_2.5M_JNL_10off_20on_20off,394,39.308,111795000,17.867407146611864
csuEx72_NaAc_2.5M_JNL_10off_20on_20off,395,39.408,112047999.99999999,18.134149433906384
csuEx72_NaAc_2.5M_JNL_10off_20on_20off,396,39.508,111735999.99999999,17.805202423487827
csuEx72_NaAc_2.5M_JNL_10off_20on_20off,397,39.608,112145999.99999999,18.237472533332728
csuEx72_NaAc_2.5M_JNL_10off_20on_20off,398,39.708,111374000,17.423539546015025
csuEx72_NaAc_2.5M_JNL_10off_20on_20off,399,39.808,111559999.99999999,17.619642571456843
csuEx72_NaAc_2.5M_JNL_10off_20on_20off,400,39.908,111977000,18.059292902689357
csuEx72_NaAc_2.5M_JNL_10off_20on_20off,401,40.008,111164000,17.202132904387145
csuEx72_NaAc_2.5M_JNL_10off_20on_20off,402,40.108,111993000.00000001,18.076161980146736
csuEx72_NaAc_2.5M_JNL_10off_20on_20off,403,40.208,111735000,17.804148106146755
csuEx72_NaAc_2.5M_JNL_10off_20on_20off,404,40.308,111894999.99999999,17.97283888072036
csuEx72_NaAc_2.5M_JNL_10off_20on_20off,405,40.408,112299000,18.398783086518765
csuEx72_NaAc_2.5M_JNL_10off_20on_20off,406,40.508,111996999.99999999,18.08037924951104
csuEx72_NaAc_2.5M_JNL_10off_20on_20off,407,40.608,112308000.00000001,18.40827194258855
csuEx72_NaAc_2.5M_JNL_10off_20on_20off,408,40.708,111745000,17.814691279557607
csuEx72_NaAc_2.5M_JNL_10off_20on_20off,409,40.808,111907000,17.985490688813396
csuEx72_NaAc_2.5M_JNL_10off_20on_20off,410,40.908,111594000,17.655489361053753
csuEx72_NaAc_2.5M_JNL_10off_20on_20off,411,41.008,111842000,17.916960061642865
csuEx72_NaAc_2.5M_JNL_10off_20on_20off,412,41.108,111646000,17.710313862790176
csuEx72_NaAc_2.5M_JNL_10off_20on_20off,413,41.208,110921000,16.94593379050346
csuEx72_NaAc_2.5M_JNL_10off_20on_20off,414,41.308,111233000,17.27488080092202
csuEx72_NaAc_2.5M_JNL_10off_20on_20off,415,41.408,111369999.99999999,17.419322276650668
csuEx72_NaAc_2.5M_JNL_10off_20on_20off,416,41.508,111506000,17.562709435038258
csuEx72_NaAc_2.5M_JNL_10off_20on_20off,417,41.608,110991000,17.01973600437942
csuEx72_NaAc_2.5M_JNL_10off_20on_20off,418,41.708,111257999.99999999,17.301238734449136
csuEx72_NaAc_2.5M_JNL_10off_20on_20off,419,41.808,111167000,17.2052958564104
csuEx72_NaAc_2.5M_JNL_10off_20on_20off,420,41.908,110727000,16.741396226332945
csuEx72_NaAc_2.5M_JNL_10off_20on_20off,421,42.008,110754000,16.769862794542245
csuEx72_NaAc_2.5M_JNL_10off_20on_20off,422,42.108,111394000,17.444625892836726
csuEx72_NaAc_2.5M_JNL_10off_20on_20off,423,42.208,109660000,15.616439623395115
csuEx72_NaAc_2.5M_JNL_10off_20on_20off,424,42.308,108870000,14.783528923937864
csuEx72_NaAc_2.5M_JNL_10off_20on_20off,425,42.408,108215000,14.092951065527103
csuEx72_NaAc_2.5M_JNL_10off_20on_20off,426,42.508,108203999.99999999,14.081353574775154
csuEx72_NaAc_2.5M_JNL_10off_20on_20off,427,42.608,108762000,14.669662651100671
csuEx72_NaAc_2.5M_JNL_10off_20on_20off,428,42.708,108154000,14.028637707720911
csuEx72_NaAc_2.5M_JNL_10off_20on_20off,429,42.808,107459000,13.29588715566675
csuEx72_NaAc_2.5M_JNL_10off_20on_20off,430,42.908,108524000,14.41873512392241
csuEx72_NaAc_2.5M_JNL_10off_20on_20off,431,43.008,107867000,13.726048630829482
csuEx72_NaAc_2.5M_JNL_10off_20on_20off,432,43.108,107373000,13.205215864333427
csuEx72_NaAc_2.5M_JNL_10off_20on_20off,433,43.208,107486000,13.324353723876047
csuEx72_NaAc_2.5M_JNL_10off_20on_20off,434,43.308,108042000,13.910554165519379
csuEx72_NaAc_2.5M_JNL_10off_20on_20off,435,43.408,107151000,12.97115741461253
csuEx72_NaAc_2.5M_JNL_10off_20on_20off,436,43.508,107605000,13.449817487465177
csuEx72_NaAc_2.5M_JNL_10off_20on_20off,437,43.608,107834000.00000001,13.691256158573687
csuEx72_NaAc_2.5M_JNL_10off_20on_20off,438,43.708,107536000.00000001,13.377069590930319
csuEx72_NaAc_2.5M_JNL_10off_20on_20off,439,43.808,107805000,13.660680955682203
csuEx72_NaAc_2.5M_JNL_10off_20on_20off,440,43.908,107739000,13.591096011170583
csuEx72_NaAc_2.5M_JNL_10off_20on_20off,441,44.008,107649000,13.496207450472921
csuEx72_NaAc_2.5M_JNL_10off_20on_20off,442,44.108,107545000,13.386558447000068
csuEx72_NaAc_2.5M_JNL_10off_20on_20off,443,44.208,107590000.00000001,13.434002727348915
csuEx72_NaAc_2.5M_JNL_10off_20on_20off,444,44.308,107251999.99999999,13.077643466062112
csuEx72_NaAc_2.5M_JNL_10off_20on_20off,445,44.408,107871999.99999999,13.73132021753489
csuEx72_NaAc_2.5M_JNL_10off_20on_20off,446,44.508,107422000,13.2568774140466
csuEx72_NaAc_2.5M_JNL_10off_20on_20off,447,44.608,107649000,13.496207450472921
csuEx72_NaAc_2.5M_JNL_10off_20on_20off,448,44.708,107770000.00000001,13.623779848744238
csuEx72_NaAc_2.5M_JNL_10off_20on_20off,449,44.808,107695999.99999999,13.54576036550391
csuEx72_NaAc_2.5M_JNL_10off_20on_20off,450,44.914,107826000,13.68282161984499
csuEx72_NaAc_2.5M_JNL_10off_20on_20off,451,45.014,108048000.00000001,13.916880069565904
csuEx72_NaAc_2.5M_JNL_10off_20on_20off,452,45.114,108612000,14.5115150499379
csuEx72_NaAc_2.5M_JNL_10off_20on_20off,453,45.214,108356999.99999999,14.242664127961177
csuEx72_NaAc_2.5M_JNL_10off_20on_20off,454,45.314,108535000,14.430332614674345
csuEx72_NaAc_2.5M_JNL_10off_20on_20off,455,45.414,108382000,14.26902206148832
csuEx72_NaAc_2.5M_JNL_10off_20on_20off,456,45.514,108512000.00000001,14.406083315829404
csuEx72_NaAc_2.5M_JNL_10off_20on_20off,457,45.614,108913000,14.828864569604525
csuEx72_NaAc_2.5M_JNL_10off_20on_20off,458,45.714,110551000,16.555836374301965
csuEx72_NaAc_2.5M_JNL_10off_20on_20off,459,45.814,111125000,17.161014528084827
csuEx72_NaAc_2.5M_JNL_10off_20on_20off,460,45.914,111444000.00000001,17.497341759891
csuEx72_NaAc_2.5M_JNL_10off_20on_20off,461,46.014,111327000,17.373986630984025
csuEx72_NaAc_2.5M_JNL_10off_20on_20off,462,46.114,111418000,17.46992950902277
csuEx72_NaAc_2.5M_JNL_10off_20on_20off,463,46.214,111254000.00000001,17.297021465084825
csuEx72_NaAc_2.5M_JNL_10off_20on_20off,464,46.314,111232000,17.273826483580937
csuEx72_NaAc_2.5M_JNL_10off_20on_20off,465,46.414,111009000,17.038713716518952
csuEx72_NaAc_2.5M_JNL_10off_20on_20off,466,46.514,111105000.00000001,17.13992818126314
csuEx72_NaAc_2.5M_JNL_10off_20on_20off,467,46.614,110759000,16.775134381247668
csuEx72_NaAc_2.5M_JNL_10off_20on_20off,468,46.714,110464999.99999999,16.46516508296863
csuEx72_NaAc_2.5M_JNL_10off_20on_20off,469,46.814,109986999.99999999,15.961201393929937
csuEx72_NaAc_2.5M_JNL_10off_20on_20off,470,46.914,110440000,16.438807149441516
csuEx72_NaAc_2.5M_JNL_10off_20on_20off,471,47.014,110279000,16.26906205752681
csuEx72_NaAc_2.5M_JNL_10off_20on_20off,472,47.114,110223000,16.21002028642604
csuEx72_NaAc_2.5M_JNL_10off_20on_20off,473,47.214,110362000,16.356570396836876
csuEx72_NaAc_2.5M_JNL_10off_20on_20off,474,47.314,110488000.00000001,16.489414381813617
csuEx72_NaAc_2.5M_JNL_10off_20on_20off,475,47.414,110179000,16.163630323418296
csuEx72_NaAc_2.5M_JNL_10off_20on_20off,476,47.514,110525999.99999999,16.52947844077482
csuEx72_NaAc_2.5M_JNL_10off_20on_20off,477,47.614,110779000,16.796220728069372
csuEx72_NaAc_2.5M_JNL_10off_20on_20off,478,47.714,111067999.99999999,17.10091843964296
csuEx72_NaAc_2.5M_JNL_10off_20on_20off,479,47.814,110349000.00000001,16.342864271402785
csuEx72_NaAc_2.5M_JNL_10off_20on_20off,480,47.914,110532999.99999999,16.536858662162416
csuEx72_NaAc_2.5M_JNL_10off_20on_20off,481,48.014,110253000,16.241649806658597
csuEx72_NaAc_2.5M_JNL_10off_20on_20off,482,48.114,110586999.99999999,16.593791798581012
csuEx72_NaAc_2.5M_JNL_10off_20on_20off,483,48.214,110654999.99999999,16.665485377774804
csuEx72_NaAc_2.5M_JNL_10off_20on_20off,484,48.314,110605000,16.61276951072056
csuEx72_NaAc_2.5M_JNL_10off_20on_20off,485,48.414,110579000,16.585357259852348
csuEx72_NaAc_2.5M_JNL_10off_20on_20off,486,48.514,110778000,16.79516641072829
csuEx72_NaAc_2.5M_JNL_10off_20on_20off,487,48.614,110104000,16.084556522836913
csuEx72_NaAc_2.5M_JNL_10off_20on_20off,488,48.714,110071999.99999999,16.050818367922172
csuEx72_NaAc_2.5M_JNL_10off_20on_20off,489,48.814,110178000,16.162576006077213
csuEx72_NaAc_2.5M_JNL_10off_20on_20off,490,48.914,110246000,16.234269585271
csuEx72_NaAc_2.5M_JNL_10off_20on_20off,491,49.014,109839000,15.805162427449353
csuEx72_NaAc_2.5M_JNL_10off_20on_20off,492,49.114,109721000,15.680752981201307
csuEx72_NaAc_2.5M_JNL_10off_20on_20off,493,49.214,109388000,15.32966530661996
csuEx72_NaAc_2.5M_JNL_10off_20on_20off,494,49.314,109719000.00000001,15.678644346519151
csuEx72_NaAc_2.5M_JNL_10off_20on_20off,495,49.414,109390000.00000001,15.331773941302146
csuEx72_NaAc_2.5M_JNL_10off_20on_20off,496,49.514,109712000.00000001,15.671264125131557
csuEx72_NaAc_2.5M_JNL_10off_20on_20off,497,49.614,109868000.00000001,15.835737630340837
csuEx72_NaAc_2.5M_JNL_10off_20on_20off,498,49.714,107094000,12.911061326170678
csuEx72_NaAc_2.5M_JNL_10off_20on_20off,499,49.814,106389000,12.167767600705663
csuEx72_NaAc_2.5M_JNL_10off_20on_20off,500,49.914,106704000,12.499877563147477
csuEx72_NaAc_2.5M_JNL_10off_20on_20off,501,50.014,106266000,12.038086567752192
csuEx72_NaAc_2.5M_JNL_10off_20on_20off,502,50.114,106866000,12.67067697240327
csuEx72_NaAc_2.5M_JNL_10off_20on_20off,503,50.214,107019000,12.831987525589291
csuEx72_NaAc_2.5M_JNL_10off_20on_20off,504,50.314,106594000.00000001,12.383902655628129
csuEx72_NaAc_2.5M_JNL_10off_20on_20off,505,50.414,106085999.99999999,11.848309446356852
csuEx72_NaAc_2.5M_JNL_10off_20on_20off,506,50.514,106630000,12.421858079907178
csuEx72_NaAc_2.5M_JNL_10off_20on_20off,507,50.614,106813000,12.614798153325758
csuEx72_NaAc_2.5M_JNL_10off_20on_20off,508,50.714,106536000.00000001,12.322752249845191
csuEx72_NaAc_2.5M_JNL_10off_20on_20off,509,50.814,106521000,12.306937489728899
csuEx72_NaAc_2.5M_JNL_10off_20on_20off,510,50.914,106389000,12.167767600705663
csuEx72_NaAc_2.5M_JNL_10off_20on_20off,511,51.014,106521000,12.306937489728899
csuEx72_NaAc_2.5M_JNL_10off_20on_20off,512,51.114,106268000,12.040195202434361
csuEx72_NaAc_2.5M_JNL_10off_20on_20off,513,51.214,106139000,11.90418826543438
csuEx72_NaAc_2.5M_JNL_10off_20on_20off,514,51.314,106793999.99999999,12.594766123845123
csuEx72_NaAc_2.5M_JNL_10off_20on_20off,515,51.414,106707000,12.503040515170733
csuEx72_NaAc_2.5M_JNL_10off_20on_20off,516,51.514,106692000.00000001,12.487225755054471
csuEx72_NaAc_2.5M_JNL_10off_20on_20off,517,51.614,106897000,12.703360809976907
csuEx72_NaAc_2.5M_JNL_10off_20on_20off,518,51.714,106493000,12.277416604178516
csuEx72_NaAc_2.5M_JNL_10off_20on_20off,519,51.814,106561000,12.349110183372304
csuEx72_NaAc_2.5M_JNL_10off_20on_20off,520,51.914,106449000,12.23102664117077
csuEx72_NaAc_2.5M_JNL_10off_20on_20off,521,52.014,106352000,12.128757859085512
csuEx72_NaAc_2.5M_JNL_10off_20on_20off,522,52.114,107066000,12.881540440620293
csuEx72_NaAc_2.5M_JNL_10off_20on_20off,523,52.214,106349999.99999999,12.126649224403327
csuEx72_NaAc_2.5M_JNL_10off_20on_20off,524,52.314,106122000,11.886264870635934
csuEx72_NaAc_2.5M_JNL_10off_20on_20off,525,52.414,106253000,12.024380442318085
csuEx72_NaAc_2.5M_JNL_10off_20on_20off,526,52.514,105732000,11.475081107612734
csuEx72_NaAc_2.5M_JNL_10off_20on_20off,527,52.614,106108000,11.87150442786074
csuEx72_NaAc_2.5M_JNL_10off_20on_20off,528,52.714,105874000,11.62479417004682
csuEx72_NaAc_2.5M_JNL_10off_20on_20off,529,52.814,105848000.00000001,11.597381919178623
csuEx72_NaAc_2.5M_JNL_10off_20on_20off,530,52.914,105532000,11.264217639395707
csuEx72_NaAc_2.5M_JNL_10off_20on_20off,531,53.014,105607999.99999999,11.34434575731816
csuEx72_NaAc_2.5M_JNL_10off_20on_20off,532,53.114,105590999.99999999,11.326422362519715
csuEx72_NaAc_2.5M_JNL_10off_20on_20off,533,53.214,105772000,11.517253801256139
csuEx72_NaAc_2.5M_JNL_10off_20on_20off,534,53.314,105796000,11.54255741744218
csuEx72_NaAc_2.5M_JNL_10off_20on_20off,535,53.414,105710000,11.45188612610886
csuEx72_NaAc_2.5M_JNL_10off_20on_20off,536,53.514,105372000,11.095526864822087
csuEx72_NaAc_2.5M_JNL_10off_20on_20off,537,53.614,105200000,10.914184282155444
csuEx72_NaAc_2.5M_JNL_10off_20on_20off,538,53.714,104839000,10.533575722023713
csuEx72_NaAc_2.5M_JNL_10off_20on_20off,539,53.814,105339000,11.060734392566278
csuEx72_NaAc_2.5M_JNL_10off_20on_20off,540,53.914,105499000.00000001,11.229425167139913
csuEx72_NaAc_2.5M_JNL_10off_20on_20off,541,54.014,105050000,10.756036680992676
csuEx72_NaAc_2.5M_JNL_10off_20on_20off,542,54.114,105308000,11.028050554992639
csuEx72_NaAc_2.5M_JNL_10off_20on_20off,543,54.214,105359000,11.08182073938798
csuEx72_NaAc_2.5M_JNL_10off_20on_20off,544,54.314,105429000,11.15562295326394
csuEx72_NaAc_2.5M_JNL_10off_20on_20off,545,54.414,105422000,11.148242731876342
csuEx72_NaAc_2.5M_JNL_10off_20on_20off,546,54.514,105753999.99999999,11.49827608911659
csuEx72_NaAc_2.5M_JNL_10off_20on_20off,547,54.614,105917000,11.670129815713482
csuEx72_NaAc_2.5M_JNL_10off_20on_20off,548,54.714,105517000,11.24840287927943
csuEx72_NaAc_2.5M_JNL_10off_20on_20off,549,54.814,105145000,10.856196828395763
csuEx72_NaAc_2.5M_JNL_10off_20on_20off,550,54.911,105563000,11.296901476969348
csuEx72_NaAc_2.5M_JNL_10off_20on_20off,551,55.021,105050000,10.756036680992676
csuEx72_NaAc_2.5M_JNL_10off_20on_20off,552,55.111,105511000,11.242076975232921
csuEx72_NaAc_2.5M_JNL_10off_20on_20off,553,55.211,105522000,11.253674465984856
csuEx72_NaAc_2.5M_JNL_10off_20on_20off,554,55.311,105522000,11.253674465984856
csuEx72_NaAc_2.5M_JNL_10off_20on_20off,555,55.411,105190999.99999999,10.904695426085663
csuEx72_NaAc_2.5M_JNL_10off_20on_20off,556,55.511,105924000,11.677510037101078
csuEx72_NaAc_2.5M_JNL_10off_20on_20off,557,55.611,105301000,11.020670333605043
csuEx72_NaAc_2.5M_JNL_10off_20on_20off,558,55.711,105722000,11.464537934201882
csuEx72_NaAc_2.5M_JNL_10off_20on_20off,559,55.811,105891000,11.642717564845269
csuEx72_NaAc_2.5M_JNL_10off_20on_20off,560,55.911,106549999.99999999,12.337512692620352
csuEx72_NaAc_2.5M_JNL_10off_20on_20off,561,56.011,108652000,14.553687743581307
csuEx72_NaAc_2.5M_JNL_10off_20on_20off,562,56.111,109637999.99999999,15.593244641891227
csuEx72_NaAc_2.5M_JNL_10off_20on_20off,563,56.211,109442000,15.386598443038558
csuEx72_NaAc_2.5M_JNL_10off_20on_20off,564,56.311,109586999.99999999,15.539474457495887
csuEx72_NaAc_2.5M_JNL_10off_20on_20off,565,56.411,109432000,15.376055269627706
csuEx72_NaAc_2.5M_JNL_10off_20on_20off,566,56.511,109342999.99999999,15.282221026271115
csuEx72_NaAc_2.5M_JNL_10off_20on_20off,567,56.611,108949000,14.86681999388359
csuEx72_NaAc_2.5M_JNL_10off_20on_20off,568,56.711,109208000,15.139888185224637
csuEx72_NaAc_2.5M_JNL_10off_20on_20off,569,56.811,108935000,14.852059551108399
csuEx72_NaAc_2.5M_JNL_10off_20on_20off,570,56.911,108868000.00000001,14.78142028925571
csuEx72_NaAc_2.5M_JNL_10off_20on_20off,571,57.011,109268000.00000001,15.203147225689762
csuEx72_NaAc_2.5M_JNL_10off_20on_20off,572,57.111,108969000,14.887906340705293
csuEx72_NaAc_2.5M_JNL_10off_20on_20off,573,57.211,109242000,15.17573497482153
csuEx72_NaAc_2.5M_JNL_10off_20on_20off,574,57.311,109380000.00000001,15.321230767891295
csuEx72_NaAc_2.5M_JNL_10off_20on_20off,575,57.421,109413000,15.356023240147088
csuEx72_NaAc_2.5M_JNL_10off_20on_20off,576,57.511,108667000,14.569502503697581
csuEx72_NaAc_2.5M_JNL_10off_20on_20off,577,57.611,109146000.00000001,15.074520510077374
csuEx72_NaAc_2.5M_JNL_10off_20on_20off,578,57.711,108242000,14.121417633736405
csuEx72_NaAc_2.5M_JNL_10off_20on_20off,579,57.811,108941000,14.858385455154908
csuEx72_NaAc_2.5M_JNL_10off_20on_20off,580,57.921,108751000,14.658065160348736
csuEx72_NaAc_2.5M_JNL_10off_20on_20off,581,58.011,109393999.99999999,15.335991210666455
csuEx72_NaAc_2.5M_JNL_10off_20on_20off,582,58.111,109164000,15.093498222216892
csuEx72_NaAc_2.5M_JNL_10off_20on_20off,583,58.211,109132999.99999999,15.060814384643237
csuEx72_NaAc_2.5M_JNL_10off_20on_20off,584,58.311,108894000,14.808832540123905
csuEx72_NaAc_2.5M_JNL_10off_20on_20off,585,58.411,109094000,15.019696008340933
csuEx72_NaAc_2.5M_JNL_10off_20on_20off,586,58.511,108355000,14.240555493279022
csuEx72_NaAc_2.5M_JNL_10off_20on_20off,587,58.611,109007000.00000001,14.927970399666544
csuEx72_NaAc_2.5M_JNL_10off_20on_20off,588,58.711,108416000,14.304868851085217
csuEx72_NaAc_2.5M_JNL_10off_20on_20off,589,58.811,108269000,14.149884201945703
csuEx72_NaAc_2.5M_JNL_10off_20on_20off,590,58.911,108227999.99999999,14.106657190961197
csuEx72_NaAc_2.5M_JNL_10off_20on_20off,591,59.011,108307000,14.189948260906938
csuEx72_NaAc_2.5M_JNL_10off_20on_20off,592,59.111,107823000,13.679658667821734
csuEx72_NaAc_2.5M_JNL_10off_20on_20off,593,59.211,108088999.99999999,13.960107080550364
csuEx72_NaAc_2.5M_JNL_10off_20on_20off,594,59.311,108051999.99999999,13.921097338930213
csuEx72_NaAc_2.5M_JNL_10off_20on_20off,595,59.411,107615000,13.460360660876027
csuEx72_NaAc_2.5M_JNL_10off_20on_20off,596,59.511,107595000,13.439274314054325
csuEx72_NaAc_2.5M_JNL_10off_20on_20off,597,59.611,107360000.00000001,13.191509738899338
csuEx72_NaAc_2.5M_JNL_10off_20on_20off,598,59.711,107364000,13.195727008263662
csuEx72_NaAc_2.5M_JNL_10off_20on_20off,599,59.811,106737000,12.534670035403286
csuEx72_NaAc_2.5M_JNL_10off_20on_20off,600,59.911,107678000,13.526782653364391
