stim_jnl,frame,time_s,fluor,dff
csuEx72_NaAc_2.5M_JNL_10off_20on_20off,2,0.1,35380800,-0.6721355315896737
csuEx72_NaAc_2.5M_JNL_10off_20on_20off,3,0.2,34741700,-2.466341377182793
csuEx72_NaAc_2.5M_JNL_10off_20on_20off,4,0.3,34073300,-4.342803882572311
csuEx72_NaAc_2.5M_JNL_10off_20on_20off,5,0.4,34332800,-3.6142850014403844
csuEx72_NaAc_2.5M_JNL_10off_20on_20off,6,0.5,33965400,-4.645721752607513
csuEx72_NaAc_2.5M_JNL_10off_20on_20off,7,0.6,33821100,-5.050828783618446
csuEx72_NaAc_2.5M_JNL_10off_20on_20off,8,0.7,34046800,-4.417199837678269
csuEx72_NaAc_2.5M_JNL_10off_20on_20off,9,0.8,34349800,-3.566559294391279
csuEx72_NaAc_2.5M_JNL_10off_20on_20off,10,0.9,33974300,-4.62073594127004
csuEx72_NaAc_2.5M_JNL_10off_20on_20off,11,1,34349200,-3.56824373111066
csuEx72_NaAc_2.5M_JNL_10off_20on_20off,12,1.1,34674900,-2.653875331940453
csuEx72_NaAc_2.5M_JNL_10off_20on_20off,13,1.2,34614800,-2.8225997433317005
csuEx72_NaAc_2.5M_JNL_10off_20on_20off,14,1.3,34606800,-2.845058899590103
csuEx72_NaAc_2.5M_JNL_10off_20on_20off,15,1.4,34753700,-2.4326526427951896
csuEx72_NaAc_2.5M_JNL_10off_20on_20off,16,1.5,34747300,-2.4506199678019116
csuEx72_NaAc_2.5M_JNL_10off_20on_20off,17,1.6,34997900,-1.747086898007457
csuEx72_NaAc_2.5M_JNL_10off_20on_20off,18,1.7,34758000,-2.420580846306298
csuEx72_NaAc_2.5M_JNL_10off_20on_20off,19,1.8,35082100,-1.5107042783877722
csuEx72_NaAc_2.5M_JNL_10off_20on_20off,20,1.9,35064700,-1.5595529432497974
csuEx72_NaAc_2.5M_JNL_10off_20on_20off,21,2,35122400,-1.3975662787360703
csuEx72_NaAc_2.5M_JNL_10off_20on_20off,22,2.1,35228200,-1.100543937218699
csuEx72_NaAc_2.5M_JNL_10off_20on_20off,23,2.2,35382400,-0.6676437003379933
csuEx72_NaAc_2.5M_JNL_10off_20on_20off,24,2.3,35341700,-0.7819046578026153
csuEx72_NaAc_2.5M_JNL_10off_20on_20off,25,2.4,35610900,-0.026154049707375466
csuEx72_NaAc_2.5M_JNL_10off_20on_20off,26,2.5,35367200,-0.7103160972289577
csuEx72_NaAc_2.5M_JNL_10off_20on_20off,27,2.6,35506100,-0.32036899669244656
csuEx72_NaAc_2.5M_JNL_10off_20on_20off,28,2.7,36093500,1.3286945515807476
csuEx72_NaAc_2.5M_JNL_10off_20on_20off,29,2.8,35866800,0.6922582111082703
csuEx72_NaAc_2.5M_JNL_10off_20on_20off,30,2.9,36162400,1.522124034856238
csuEx72_NaAc_2.5M_JNL_10off_20on_20off,31,3,36773900,3.2388457913578694
csuEx72_NaAc_2.5M_JNL_10off_20on_20off,32,3.1,36791900,3.289378892939274
csuEx72_NaAc_2.5M_JNL_10off_20on_20off,33,3.2,36644800,2.876411157237901
csuEx72_NaAc_2.5M_JNL_10off_20on_20off,34,3.3,36415900,2.233798548794363
csuEx72_NaAc_2.5M_JNL_10off_20on_20off,35,3.4,35948700,0.9221838233036647
csuEx72_NaAc_2.5M_JNL_10off_20on_20off,36,3.5,36537000,2.5737740266559292
csuEx72_NaAc_2.5M_JNL_10off_20on_20off,37,3.6,36327600,1.9859056115922469
csuEx72_NaAc_2.5M_JNL_10off_20on_20off,38,3.7,36183000,1.579956362221624
csuEx72_NaAc_2.5M_JNL_10off_20on_20off,39,3.8,36497600,2.4631626820832975
csuEx72_NaAc_2.5M_JNL_10off_20on_20off,40,3.9,36339400,2.01903286707339
csuEx72_NaAc_2.5M_JNL_10off_20on_20off,41,4,36435900,2.289946439440369
csuEx72_NaAc_2.5M_JNL_10off_20on_20off,42,4.1,36582700,2.7020719567820524
csuEx72_NaAc_2.5M_JNL_10off_20on_20off,43,4.2,36184300,1.5836059751136147
csuEx72_NaAc_2.5M_JNL_10off_20on_20off,44,4.3,36624500,2.819421048232205
csuEx72_NaAc_2.5M_JNL_10off_20on_20off,45,4.4,36273100,1.832902609581881
csuEx72_NaAc_2.5M_JNL_10off_20on_20off,46,4.5,36548000,2.604655366511232
csuEx72_NaAc_2.5M_JNL_10off_20on_20off,47,4.6,36652900,2.8991510529495335
csuEx72_NaAc_2.5M_JNL_10off_20on_20off,48,4.7,36441200,2.304825630461561
csuEx72_NaAc_2.5M_JNL_10off_20on_20off,49,4.8,36671200,2.9505263728906286
csuEx72_NaAc_2.5M_JNL_10off_20on_20off,50,4.9,36973400,3.798921000551778
csuEx72_NaAc_2.5M_JNL_10off_20on_20off,51,5,37259900,4.603239534055813
csuEx72_NaAc_2.5M_JNL_10off_20on_20off,52,5.1,37285100,4.673985876269781
csuEx72_NaAc_2.5M_JNL_10off_20on_20off,53,5.2,37462800,5.172859884659544
csuEx72_NaAc_2.5M_JNL_10off_20on_20off,54,5.31,37300100,4.716096794254286
csuEx72_NaAc_2.5M_JNL_10off_20on_20off,55,5.4,37560400,5.446861591012053
csuEx72_NaAc_2.5M_JNL_10off_20on_20off,56,5.5,37350400,4.857308739228991
csuEx72_NaAc_2.5M_JNL_10off_20on_20off,57,5.6,37826300,6.193347797150701
csuEx72_NaAc_2.5M_JNL_10off_20on_20off,58,5.7,37311200,4.747258873562819
csuEx72_NaAc_2.5M_JNL_10off_20on_20off,59,5.8,37661200,5.729846959867922
csuEx72_NaAc_2.5M_JNL_10off_20on_20off,60,5.9,37943200,6.521532217976605
csuEx72_NaAc_2.5M_JNL_10off_20on_20off,61,6,37613200,5.595092022317508
csuEx72_NaAc_2.5M_JNL_10off_20on_20off,62,6.1,37785700,6.0793675791393085
csuEx72_NaAc_2.5M_JNL_10off_20on_20off,63,6.2,37688300,5.80592735169326
csuEx72_NaAc_2.5M_JNL_10off_20on_20off,64,6.3,37948100,6.5352884511848774
csuEx72_NaAc_2.5M_JNL_10off_20on_20off,65,6.4,37938700,6.508898942581254
csuEx72_NaAc_2.5M_JNL_10off_20on_20off,66,6.5,38112300,6.996262633388587
csuEx72_NaAc_2.5M_JNL_10off_20on_20off,67,6.61,38006800,6.700082510230905
csuEx72_NaAc_2.5M_JNL_10off_20on_20off,68,6.7,38035400,6.780373993854694
csuEx72_NaAc_2.5M_JNL_10off_20on_20off,69,6.8,37974900,6.610526624650525
csuEx72_NaAc_2.5M_JNL_10off_20on_20off,70,6.9,38187200,7.206536483857878
csuEx72_NaAc_2.5M_JNL_10off_20on_20off,71,7.01,38456500,7.962567831406347
csuEx72_NaAc_2.5M_JNL_10off_20on_20off,72,7.1,38030600,6.766898500099653
csuEx72_NaAc_2.5M_JNL_10off_20on_20off,73,7.2,38462000,7.978008501333999
csuEx72_NaAc_2.5M_JNL_10off_20on_20off,74,7.3,38633600,8.45975740307673
csuEx72_NaAc_2.5M_JNL_10off_20on_20off,75,7.4,38745600,8.774185590694364
csuEx72_NaAc_2.5M_JNL_10off_20on_20off,76,7.5,38360500,7.69305795630552
csuEx72_NaAc_2.5M_JNL_10off_20on_20off,77,7.604,38561200,8.256502038938189
csuEx72_NaAc_2.5M_JNL_10off_20on_20off,78,7.702,38312500,7.5583030187551055
csuEx72_NaAc_2.5M_JNL_10off_20on_20off,79,7.802,38825300,8.997934934918698
csuEx72_NaAc_2.5M_JNL_10off_20on_20off,80,7.902,39009000,9.513653310502262
csuEx72_NaAc_2.5M_JNL_10off_20on_20off,81,8.002,38822800,8.990916448587946
csuEx72_NaAc_2.5M_JNL_10off_20on_20off,82,8.102,39198300,10.045093095466708
csuEx72_NaAc_2.5M_JNL_10off_20on_20off,83,8.202,38793400,8.908379049338318
csuEx72_NaAc_2.5M_JNL_10off_20on_20off,84,8.302,39174800,9.97911932395765
csuEx72_NaAc_2.5M_JNL_10off_20on_20off,85,8.402,38836600,9.029658493133692
csuEx72_NaAc_2.5M_JNL_10off_20on_20off,86,8.502,38999800,9.4878252808051
csuEx72_NaAc_2.5M_JNL_10off_20on_20off,87,8.602,38978500,9.428027777267102
csuEx72_NaAc_2.5M_JNL_10off_20on_20off,88,8.702,38931800,9.296922452608678
csuEx72_NaAc_2.5M_JNL_10off_20on_20off,89,8.802,39040200,9.60124401991003
csuEx72_NaAc_2.5M_JNL_10off_20on_20off,90,8.902,39384300,10.567268478474563
csuEx72_NaAc_2.5M_JNL_10off_20on_20off,91,9.002,39273400,10.25592842484246
csuEx72_NaAc_2.5M_JNL_10off_20on_20off,92,9.102,39297100,10.322463675257977
csuEx72_NaAc_2.5M_JNL_10off_20on_20off,93,9.202,39629200,11.254799399434907
csuEx72_NaAc_2.5M_JNL_10off_20on_20off,94,9.302,39291100,10.305619308064175
csuEx72_NaAc_2.5M_JNL_10off_20on_20off,95,9.402,39358500,10.494837699541215
csuEx72_NaAc_2.5M_JNL_10off_20on_20off,96,9.502,39602600,11.180122704875718
csuEx72_NaAc_2.5M_JNL_10off_20on_20off,97,9.602,39826900,11.809821298470673
csuEx72_NaAc_2.5M_JNL_10off_20on_20off,98,9.702,39587900,11.138854005250904
csuEx72_NaAc_2.5M_JNL_10off_20on_20off,99,9.802,39744500,11.578491989009128
csuEx72_NaAc_2.5M_JNL_10off_20on_20off,100,9.902,38405600,7.8196714497122635
csuEx72_NaAc_2.5M_JNL_10off_20on_20off,101,10.002,38457400,7.965094486485418
csuEx72_NaAc_2.5M_JNL_10off_20on_20off,102,10.102,38230600,7.328377406559711
csuEx72_NaAc_2.5M_JNL_10off_20on_20off,103,10.202,38312800,7.5591452371147945
csuEx72_NaAc_2.5M_JNL_10off_20on_20off,104,10.302,37984000,6.6360739148944585
csuEx72_NaAc_2.5M_JNL_10off_20on_20off,105,10.402,38390900,7.778402750087449
csuEx72_NaAc_2.5M_JNL_10off_20on_20off,106,10.502,38096000,6.9505021025120906
csuEx72_NaAc_2.5M_JNL_10off_20on_20off,107,10.602,38332700,7.615012388307571
csuEx72_NaAc_2.5M_JNL_10off_20on_20off,108,10.702,38144100,7.085537779515735
csuEx72_NaAc_2.5M_JNL_10off_20on_20off,109,10.802,38203900,7.2534199725472925
csuEx72_NaAc_2.5M_JNL_10off_20on_20off,110,10.903,38253900,7.3937896991623075
csuEx72_NaAc_2.5M_JNL_10off_20on_20off,111,11.002,38133600,7.0560601369265825
csuEx72_NaAc_2.5M_JNL_10off_20on_20off,112,11.102,38320800,7.581604393373198
csuEx72_NaAc_2.5M_JNL_10off_20on_20off,113,11.202,38096100,6.950782841965321
csuEx72_NaAc_2.5M_JNL_10off_20on_20off,114,11.302,38244400,7.367119451105456
csuEx72_NaAc_2.5M_JNL_10off_20on_20off,115,11.402,38112500,6.996824112295045
csuEx72_NaAc_2.5M_JNL_10off_20on_20off,117,11.602,38404100,7.815460357913813
csuEx72_NaAc_2.5M_JNL_10off_20on_20off,118,11.702,38165200,7.144773804147271
csuEx72_NaAc_2.5M_JNL_10off_20on_20off,119,11.802,38294500,7.507769917173699
csuEx72_NaAc_2.5M_JNL_10off_20on_20off,120,11.902,38290400,7.496259599591269
csuEx72_NaAc_2.5M_JNL_10off_20on_20off,121,12.002,38365100,7.7059719711541
csuEx72_NaAc_2.5M_JNL_10off_20on_20off,122,12.102,38561600,8.257624996751108
csuEx72_NaAc_2.5M_JNL_10off_20on_20off,123,12.202,38629400,8.447966346041069
csuEx72_NaAc_2.5M_JNL_10off_20on_20off,124,12.302,38405600,7.8196714497122635
csuEx72_NaAc_2.5M_JNL_10off_20on_20off,125,12.402,38664200,8.54566367576512
csuEx72_NaAc_2.5M_JNL_10off_20on_20off,126,12.502,38768800,8.839317143843731
csuEx72_NaAc_2.5M_JNL_10off_20on_20off,127,12.602,38829100,9.008603034141437
csuEx72_NaAc_2.5M_JNL_10off_20on_20off,128,12.702,38632900,8.45779222690412
csuEx72_NaAc_2.5M_JNL_10off_20on_20off,129,12.8,38765200,8.829210523527449
csuEx72_NaAc_2.5M_JNL_10off_20on_20off,130,12.9,38923800,9.274463296350277
csuEx72_NaAc_2.5M_JNL_10off_20on_20off,131,13,38828200,9.006076379062367
csuEx72_NaAc_2.5M_JNL_10off_20on_20off,132,13.1,38836400,9.029097014227231
csuEx72_NaAc_2.5M_JNL_10off_20on_20off,133,13.2,39115900,9.813763786005163
csuEx72_NaAc_2.5M_JNL_10off_20on_20off,134,13.3,38965700,9.39209312725366
csuEx72_NaAc_2.5M_JNL_10off_20on_20off,135,13.4,38956700,9.366826576462957
csuEx72_NaAc_2.5M_JNL_10off_20on_20off,136,13.51,39196900,10.041162743121488
csuEx72_NaAc_2.5M_JNL_10off_20on_20off,137,13.6,39445600,10.73936176330457
csuEx72_NaAc_2.5M_JNL_10off_20on_20off,138,13.7,39458900,10.776700110584166
csuEx72_NaAc_2.5M_JNL_10off_20on_20off,139,13.811,39220500,10.107417254083774
csuEx72_NaAc_2.5M_JNL_10off_20on_20off,140,13.911,39375000,10.54115970932417
csuEx72_NaAc_2.5M_JNL_10off_20on_20off,141,14.011,39089000,9.738244873086286
csuEx72_NaAc_2.5M_JNL_10off_20on_20off,142,14.111,39847200,11.86681140747637
csuEx72_NaAc_2.5M_JNL_10off_20on_20off,143,14.201,39481700,10.840708705920612
csuEx72_NaAc_2.5M_JNL_10off_20on_20off,144,14.311,39454100,10.763224616829124
csuEx72_NaAc_2.5M_JNL_10off_20on_20off,145,14.401,39244600,10.175075462312211
csuEx72_NaAc_2.5M_JNL_10off_20on_20off,146,14.501,38785100,8.885077674720225
csuEx72_NaAc_2.5M_JNL_10off_20on_20off,147,14.601,38914200,9.247512308840193
csuEx72_NaAc_2.5M_JNL_10off_20on_20off,148,14.711,39856900,11.894043134439682
csuEx72_NaAc_2.5M_JNL_10off_20on_20off,149,14.811,39951100,12.15849969938237
csuEx72_NaAc_2.5M_JNL_10off_20on_20off,150,14.911,40257600,13.01896612353241
csuEx72_NaAc_2.5M_JNL_10off_20on_20off,151,15.011,39824200,11.802241333233464
csuEx72_NaAc_2.5M_JNL_10off_20on_20off,152,15.111,39860800,11.904991973115655
csuEx72_NaAc_2.5M_JNL_10off_20on_20off,153,15.211,39905200,12.029640290349787
csuEx72_NaAc_2.5M_JNL_10off_20on_20off,154,15.311,40511600,13.732044334736687
csuEx72_NaAc_2.5M_JNL_10off_20on_20off,155,15.411,40298100,13.132665602090574
csuEx72_NaAc_2.5M_JNL_10off_20on_20off,156,15.511,40207700,12.878877136370626
csuEx72_NaAc_2.5M_JNL_10off_20on_20off,157,15.611,40404600.00000001,13.431653119780576
csuEx72_NaAc_2.5M_JNL_10off_20on_20off,158,15.711,40035900,12.396566755721436
csuEx72_NaAc_2.5M_JNL_10off_20on_20off,159,15.811,40717299.99999999,14.309525390030837
csuEx72_NaAc_2.5M_JNL_10off_20on_20off,160,15.911,40663900,14.159610522006021
csuEx72_NaAc_2.5M_JNL_10off_20on_20off,161,16.011,40007400.00000001,12.3165560115509
csuEx72_NaAc_2.5M_JNL_10off_20on_20off,162,16.111,40566900,13.887293252372892
csuEx72_NaAc_2.5M_JNL_10off_20on_20off,163,16.211,40706300.00000001,14.278644050175576
csuEx72_NaAc_2.5M_JNL_10off_20on_20off,164,16.311,40321200,13.197516415786712
csuEx72_NaAc_2.5M_JNL_10off_20on_20off,165,16.411,40413400,13.456358191664798
csuEx72_NaAc_2.5M_JNL_10off_20on_20off,166,16.511,40434800,13.516436434656024
csuEx72_NaAc_2.5M_JNL_10off_20on_20off,167,16.611,40520699.99999999,13.7575916249806
csuEx72_NaAc_2.5M_JNL_10off_20on_20off,168,16.711,40690500,14.23428721656521
csuEx72_NaAc_2.5M_JNL_10off_20on_20off,169,16.811,40714900,14.302787643153337
csuEx72_NaAc_2.5M_JNL_10off_20on_20off,170,16.911,40357100,13.298301879496291
csuEx72_NaAc_2.5M_JNL_10off_20on_20off,171,17.011,40428499.99999999,13.498749849102513
csuEx72_NaAc_2.5M_JNL_10off_20on_20off,172,17.111,40919200,14.876338346102289
csuEx72_NaAc_2.5M_JNL_10off_20on_20off,173,17.211,40329600,13.221098529858033
csuEx72_NaAc_2.5M_JNL_10off_20on_20off,174,17.311,40750700,14.403292367409687
csuEx72_NaAc_2.5M_JNL_10off_20on_20off,175,17.411,40436100,13.520086047548013
csuEx72_NaAc_2.5M_JNL_10off_20on_20off,176,17.511,40451700,13.563881402251898
csuEx72_NaAc_2.5M_JNL_10off_20on_20off,177,17.611,40654000,14.13181731613625
csuEx72_NaAc_2.5M_JNL_10off_20on_20off,178,17.711,40729200,14.342933384965232
csuEx72_NaAc_2.5M_JNL_10off_20on_20off,179,17.811,40809800,14.569209384268635
csuEx72_NaAc_2.5M_JNL_10off_20on_20off,180,17.911,40752400,14.408064938114599
csuEx72_NaAc_2.5M_JNL_10off_20on_20off,181,18.011,41174300,15.592504691292094
csuEx72_NaAc_2.5M_JNL_10off_20on_20off,182,18.111,40753700.00000001,14.411714551006611
csuEx72_NaAc_2.5M_JNL_10off_20on_20off,183,18.211,40973200,15.027937650846503
csuEx72_NaAc_2.5M_JNL_10off_20on_20off,184,18.311,41110800,15.414235138491025
csuEx72_NaAc_2.5M_JNL_10off_20on_20off,185,18.411,40973499.99999999,15.028779869206174
csuEx72_NaAc_2.5M_JNL_10off_20on_20off,186,18.511,40882500.00000001,14.773306966766889
csuEx72_NaAc_2.5M_JNL_10off_20on_20off,187,18.611,41074600,15.312607456421754
csuEx72_NaAc_2.5M_JNL_10off_20on_20off,188,18.711,40752700,14.408907156474287
csuEx72_NaAc_2.5M_JNL_10off_20on_20off,189,18.811,41050800,15.245791466553008
csuEx72_NaAc_2.5M_JNL_10off_20on_20off,190,18.911,41007200,15.123389064944714
csuEx72_NaAc_2.5M_JNL_10off_20on_20off,191,19.011,41166200,15.56976479558046
csuEx72_NaAc_2.5M_JNL_10off_20on_20off,192,19.111,41119700,15.439220949828497
csuEx72_NaAc_2.5M_JNL_10off_20on_20off,193,19.211,41134400,15.480489649453311
csuEx72_NaAc_2.5M_JNL_10off_20on_20off,194,19.311,40961000,14.993687437552442
csuEx72_NaAc_2.5M_JNL_10off_20on_20off,195,19.411,41141900,15.501545108445564
csuEx72_NaAc_2.5M_JNL_10off_20on_20off,196,19.511,41091700,15.360613902924088
csuEx72_NaAc_2.5M_JNL_10off_20on_20off,197,19.611,41208800,15.689359802656453
csuEx72_NaAc_2.5M_JNL_10off_20on_20off,198,19.711,41312900,15.981609573468914
csuEx72_NaAc_2.5M_JNL_10off_20on_20off,199,19.811,41405200.00000001,16.240732088800254
csuEx72_NaAc_2.5M_JNL_10off_20on_20off,200,19.911,41116500,15.430237287325136
csuEx72_NaAc_2.5M_JNL_10off_20on_20off,201,20.011,40986500,15.065275998126099
csuEx72_NaAc_2.5M_JNL_10off_20on_20off,202,20.111,41120300,15.440905386547875
csuEx72_NaAc_2.5M_JNL_10off_20on_20off,203,20.211,41197700,15.65819772334792
csuEx72_NaAc_2.5M_JNL_10off_20on_20off,204,20.311,41297000,15.936972000405339
csuEx72_NaAc_2.5M_JNL_10off_20on_20off,205,20.411,41332500,16.036634506302
csuEx72_NaAc_2.5M_JNL_10off_20on_20off,206,20.511,40977400,15.039728707882166
csuEx72_NaAc_2.5M_JNL_10off_20on_20off,207,20.611,41286800,15.908336576175877
csuEx72_NaAc_2.5M_JNL_10off_20on_20off,208,20.711,41282300,15.895703300780525
csuEx72_NaAc_2.5M_JNL_10off_20on_20off,209,20.811,41003200,15.112159486815512
csuEx72_NaAc_2.5M_JNL_10off_20on_20off,210,20.911,41034200,15.199188717316822
csuEx72_NaAc_2.5M_JNL_10off_20on_20off,211,21.011,41047500,15.236527064596416
csuEx72_NaAc_2.5M_JNL_10off_20on_20off,212,21.111,41573500,16.71321658858637
csuEx72_NaAc_2.5M_JNL_10off_20on_20off,213,21.211,41368400,16.13741997001158
csuEx72_NaAc_2.5M_JNL_10off_20on_20off,214,21.311,41404600,16.239047652080853
csuEx72_NaAc_2.5M_JNL_10off_20on_20off,215,21.411,41406700,16.244943180598682
csuEx72_NaAc_2.5M_JNL_10off_20on_20off,216,21.511,41366600,16.13236665985344
csuEx72_NaAc_2.5M_JNL_10off_20on_20off,217,21.611,41332900,16.03775746411492
csuEx72_NaAc_2.5M_JNL_10off_20on_20off,218,21.711,41500300,16.50771530882199
csuEx72_NaAc_2.5M_JNL_10off_20on_20off,219,21.811,41222400,15.727540368295736
csuEx72_NaAc_2.5M_JNL_10off_20on_20off,220,21.911,41748500,17.204510631738923
csuEx72_NaAc_2.5M_JNL_10off_20on_20off,221,22.011,41350500,16.08716760788341
csuEx72_NaAc_2.5M_JNL_10off_20on_20off,222,22.111,41066200.00000001,15.28902534235045
csuEx72_NaAc_2.5M_JNL_10off_20on_20off,223,22.211,41005700,15.119177973146265
csuEx72_NaAc_2.5M_JNL_10off_20on_20off,224,22.311,41551600.00000001,16.65173464832902
csuEx72_NaAc_2.5M_JNL_10off_20on_20off,225,22.411,41210000.00000001,15.692728676095236
csuEx72_NaAc_2.5M_JNL_10off_20on_20off,226,22.511,41401500,16.230344729030723
csuEx72_NaAc_2.5M_JNL_10off_20on_20off,227,22.611,41826299.99999999,17.422925926351866
csuEx72_NaAc_2.5M_JNL_10off_20on_20off,228,22.711,41459700,16.393735090810598
csuEx72_NaAc_2.5M_JNL_10off_20on_20off,229,22.81,41585000,16.745501625707824
csuEx72_NaAc_2.5M_JNL_10off_20on_20off,230,22.91,42092800,18.171096569209915
csuEx72_NaAc_2.5M_JNL_10off_20on_20off,231,23.01,42013700,17.94903166170496
csuEx72_NaAc_2.5M_JNL_10off_20on_20off,232,23.11,42084900,18.148918152404743
csuEx72_NaAc_2.5M_JNL_10off_20on_20off,233,23.21,41856200,17.506867022867663
csuEx72_NaAc_2.5M_JNL_10off_20on_20off,234,23.31,41877600,17.56694526585889
csuEx72_NaAc_2.5M_JNL_10off_20on_20off,235,23.41,41922700,17.693558759265635
csuEx72_NaAc_2.5M_JNL_10off_20on_20off,236,23.51,41714399.99999999,17.10877847818746
csuEx72_NaAc_2.5M_JNL_10off_20on_20off,237,23.61,42230100.00000001,18.556551838494766
csuEx72_NaAc_2.5M_JNL_10off_20on_20off,238,23.71,41636900,16.89120540193421
csuEx72_NaAc_2.5M_JNL_10off_20on_20off,239,23.81,41814200,17.388956452511053
csuEx72_NaAc_2.5M_JNL_10off_20on_20off,240,23.91,41894300,17.613828754548308
csuEx72_NaAc_2.5M_JNL_10off_20on_20off,241,24.01,41558100,16.669982712788947
csuEx72_NaAc_2.5M_JNL_10off_20on_20off,242,24.11,41425400,16.297441458352697
csuEx72_NaAc_2.5M_JNL_10off_20on_20off,243,24.21,40905500,14.837877041009772
csuEx72_NaAc_2.5M_JNL_10off_20on_20off,244,24.31,41544900,16.632925104962585
csuEx72_NaAc_2.5M_JNL_10off_20on_20off,245,24.41,41462600,16.40187653495427
csuEx72_NaAc_2.5M_JNL_10off_20on_20off,246,24.51,41648900,16.924894136321814
csuEx72_NaAc_2.5M_JNL_10off_20on_20off,247,24.61,41464000,16.40580688729949
csuEx72_NaAc_2.5M_JNL_10off_20on_20off,248,24.71,41869400,17.54392463069403
csuEx72_NaAc_2.5M_JNL_10off_20on_20off,249,24.81,41379300,16.168020570413656
csuEx72_NaAc_2.5M_JNL_10off_20on_20off,250,24.91,41753800,17.219389822760114
csuEx72_NaAc_2.5M_JNL_10off_20on_20off,251,25.01,41784500,17.305576834901736
csuEx72_NaAc_2.5M_JNL_10off_20on_20off,252,25.11,41684900,17.025960339484627
csuEx72_NaAc_2.5M_JNL_10off_20on_20off,253,25.21,41769200,17.26262369855754
csuEx72_NaAc_2.5M_JNL_10off_20on_20off,254,25.31,41480700,16.452690375988904
csuEx72_NaAc_2.5M_JNL_10off_20on_20off,255,25.41,41573600,16.7134973280396
csuEx72_NaAc_2.5M_JNL_10off_20on_20off,256,25.51,41791400,17.324947857174607
csuEx72_NaAc_2.5M_JNL_10off_20on_20off,257,25.61,41594500,16.772171873764677
csuEx72_NaAc_2.5M_JNL_10off_20on_20off,258,25.71,41426800,16.30137181069792
csuEx72_NaAc_2.5M_JNL_10off_20on_20off,259,25.81,41256000.00000001,15.821868824581047
csuEx72_NaAc_2.5M_JNL_10off_20on_20off,260,25.91,41715300,17.111305133266555
csuEx72_NaAc_2.5M_JNL_10off_20on_20off,261,26.01,41644700,16.913103079286156
csuEx72_NaAc_2.5M_JNL_10off_20on_20off,262,26.11,41246400,15.794917837070946
csuEx72_NaAc_2.5M_JNL_10off_20on_20off,263,26.21,41400499.99999999,16.2275373344984
csuEx72_NaAc_2.5M_JNL_10off_20on_20off,264,26.31,41369300.00000001,16.139946625090673
csuEx72_NaAc_2.5M_JNL_10off_20on_20off,265,26.41,41187600,15.629843038571686
csuEx72_NaAc_2.5M_JNL_10off_20on_20off,266,26.51,41223900,15.731751460094188
csuEx72_NaAc_2.5M_JNL_10off_20on_20off,267,26.61,41583300,16.740729055002916
csuEx72_NaAc_2.5M_JNL_10off_20on_20off,268,26.71,41782600,17.300242785290365
csuEx72_NaAc_2.5M_JNL_10off_20on_20off,269,26.81,41576900,16.722761729996193
csuEx72_NaAc_2.5M_JNL_10off_20on_20off,270,26.91,41605900,16.804176171432903
csuEx72_NaAc_2.5M_JNL_10off_20on_20off,271,27.01,41482000,16.456339988880895
csuEx72_NaAc_2.5M_JNL_10off_20on_20off,272,27.11,41499800,16.50631161155584
csuEx72_NaAc_2.5M_JNL_10off_20on_20off,273,27.21,41392000,16.203674480973866
csuEx72_NaAc_2.5M_JNL_10off_20on_20off,274,27.31,41266999.99999999,15.85275016443631
csuEx72_NaAc_2.5M_JNL_10off_20on_20off,275,27.41,41318500,15.997330982849798
csuEx72_NaAc_2.5M_JNL_10off_20on_20off,276,27.51,41486300,16.468411785369785
csuEx72_NaAc_2.5M_JNL_10off_20on_20off,277,27.61,41136799.99999999,15.48722739633081
csuEx72_NaAc_2.5M_JNL_10off_20on_20off,278,27.71,41342100.00000001,16.063585493812106
csuEx72_NaAc_2.5M_JNL_10off_20on_20off,279,27.81,41712200,17.10260221021642
csuEx72_NaAc_2.5M_JNL_10off_20on_20off,280,27.91,41348900.00000001,16.082675776631746
csuEx72_NaAc_2.5M_JNL_10off_20on_20off,281,28.01,41563100.00000001,16.68401968545047
csuEx72_NaAc_2.5M_JNL_10off_20on_20off,282,28.11,41407400,16.246908356771293
csuEx72_NaAc_2.5M_JNL_10off_20on_20off,283,28.21,41557300,16.66773679716311
csuEx72_NaAc_2.5M_JNL_10off_20on_20off,284,28.31,41580400,16.73258761085924
csuEx72_NaAc_2.5M_JNL_10off_20on_20off,285,28.41,41369200,16.13966588563742
csuEx72_NaAc_2.5M_JNL_10off_20on_20off,286,28.51,41130400,15.46926007132411
csuEx72_NaAc_2.5M_JNL_10off_20on_20off,287,28.61,41485700,16.466727348650405
csuEx72_NaAc_2.5M_JNL_10off_20on_20off,288,28.71,41394200,16.20985074894493
csuEx72_NaAc_2.5M_JNL_10off_20on_20off,289,28.81,41462600,16.40187653495427
csuEx72_NaAc_2.5M_JNL_10off_20on_20off,290,28.91,41321100,16.004630208633777
csuEx72_NaAc_2.5M_JNL_10off_20on_20off,291,29.01,41443400,16.3479745599341
csuEx72_NaAc_2.5M_JNL_10off_20on_20off,292,29.11,41551900,16.652576866688683
csuEx72_NaAc_2.5M_JNL_10off_20on_20off,293,29.21,41359400,16.112153419220878
csuEx72_NaAc_2.5M_JNL_10off_20on_20off,294,29.31,41461499.99999999,16.398788400968716
csuEx72_NaAc_2.5M_JNL_10off_20on_20off,295,29.41,41387800,16.191883423938204
csuEx72_NaAc_2.5M_JNL_10off_20on_20off,296,29.51,41179800,15.607945361219745
csuEx72_NaAc_2.5M_JNL_10off_20on_20off,297,29.61,41323299.99999999,16.010806476604817
csuEx72_NaAc_2.5M_JNL_10off_20on_20off,298,29.71,41533400,16.60064006784113
csuEx72_NaAc_2.5M_JNL_10off_20on_20off,299,29.81,41241300,15.780600124956212
csuEx72_NaAc_2.5M_JNL_10off_20on_20off,300,29.91,41554399.99999999,16.659595353019416
csuEx72_NaAc_2.5M_JNL_10off_20on_20off,301,30.01,41713699.99999999,17.106813302014853
csuEx72_NaAc_2.5M_JNL_10off_20on_20off,302,30.11,42123100.00000001,18.256160623538637
csuEx72_NaAc_2.5M_JNL_10off_20on_20off,303,30.21,42430199.99999999,19.118311484408014
csuEx72_NaAc_2.5M_JNL_10off_20on_20off,304,30.31,42493500,19.296019558302643
csuEx72_NaAc_2.5M_JNL_10off_20on_20off,305,30.41,42462700,19.209551806707793
csuEx72_NaAc_2.5M_JNL_10off_20on_20off,306,30.51,42481200,19.261488605555353
csuEx72_NaAc_2.5M_JNL_10off_20on_20off,307,30.61,42682100,19.82549416709448
csuEx72_NaAc_2.5M_JNL_10off_20on_20off,308,30.71,42785300,20.11521728282787
csuEx72_NaAc_2.5M_JNL_10off_20on_20off,309,30.81,42540699.99999999,19.428528580227198
csuEx72_NaAc_2.5M_JNL_10off_20on_20off,310,30.91,42723900,19.94284325854463
csuEx72_NaAc_2.5M_JNL_10off_20on_20off,311,31.01,42504500,19.326900898157948
csuEx72_NaAc_2.5M_JNL_10off_20on_20off,312,31.11,42672500,19.798543179584396
csuEx72_NaAc_2.5M_JNL_10off_20on_20off,313,31.21,42803000.00000001,20.164908166049607
csuEx72_NaAc_2.5M_JNL_10off_20on_20off,314,31.31,42758600,20.040259848815452
csuEx72_NaAc_2.5M_JNL_10off_20on_20off,315,31.41,42304400,18.765141252244657
csuEx72_NaAc_2.5M_JNL_10off_20on_20off,316,31.51,42501700,19.319040193467508
csuEx72_NaAc_2.5M_JNL_10off_20on_20off,317,31.61,42718200,19.926841109710523
csuEx72_NaAc_2.5M_JNL_10off_20on_20off,318,31.71,42733400,19.969513506601487
csuEx72_NaAc_2.5M_JNL_10off_20on_20off,319,31.81,42448100,19.16856384653621
csuEx72_NaAc_2.5M_JNL_10off_20on_20off,320,31.91,42450700,19.175863072320194
csuEx72_NaAc_2.5M_JNL_10off_20on_20off,321,32.01,42374800,18.9627818273186
csuEx72_NaAc_2.5M_JNL_10off_20on_20off,322,32.11,42394299.99999999,19.017526020698433
csuEx72_NaAc_2.5M_JNL_10off_20on_20off,323,32.21,42421700,19.094448630883484
csuEx72_NaAc_2.5M_JNL_10off_20on_20off,324,32.31,42454300,19.185969692636473
csuEx72_NaAc_2.5M_JNL_10off_20on_20off,325,32.411,42572400,19.517522986901138
csuEx72_NaAc_2.5M_JNL_10off_20on_20off,326,32.511,42573800.00000001,19.521453339246378
csuEx72_NaAc_2.5M_JNL_10off_20on_20off,327,32.611,42472700,19.237625752030798
csuEx72_NaAc_2.5M_JNL_10off_20on_20off,328,32.711,42577900,19.532963656828787
csuEx72_NaAc_2.5M_JNL_10off_20on_20off,329,32.81,42464100,19.213482159053015
csuEx72_NaAc_2.5M_JNL_10off_20on_20off,330,32.91,42331000,18.839817946803848
csuEx72_NaAc_2.5M_JNL_10off_20on_20off,331,33.01,42173299.99999999,18.39709182906007
csuEx72_NaAc_2.5M_JNL_10off_20on_20off,332,33.11,42254600,18.625333004536103
csuEx72_NaAc_2.5M_JNL_10off_20on_20off,333,33.21,42144700.00000001,18.31680034543632
csuEx72_NaAc_2.5M_JNL_10off_20on_20off,334,33.31,42128100,18.270197596200116
csuEx72_NaAc_2.5M_JNL_10off_20on_20off,335,33.41,41979100,17.85189581088737
csuEx72_NaAc_2.5M_JNL_10off_20on_20off,336,33.51,42470100.00000001,19.230326526246838
csuEx72_NaAc_2.5M_JNL_10off_20on_20off,337,33.61,42145000,18.317642563795992
csuEx72_NaAc_2.5M_JNL_10off_20on_20off,338,33.71,42051900,18.056274132838833
csuEx72_NaAc_2.5M_JNL_10off_20on_20off,339,33.81,42264600,18.653406949859104
csuEx72_NaAc_2.5M_JNL_10off_20on_20off,340,33.91,42288700,18.721065158087544
csuEx72_NaAc_2.5M_JNL_10off_20on_20off,341,34.01,42679500,19.818194941310498
csuEx72_NaAc_2.5M_JNL_10off_20on_20off,342,34.11,42196300.00000001,18.461661903303018
csuEx72_NaAc_2.5M_JNL_10off_20on_20off,343,34.21,42227900,18.550375570523688
csuEx72_NaAc_2.5M_JNL_10off_20on_20off,344,34.31,42237400,18.57704581858054
csuEx72_NaAc_2.5M_JNL_10off_20on_20off,345,34.41,42515900,19.35890519582617
csuEx72_NaAc_2.5M_JNL_10off_20on_20off,346,34.51,42334900,18.850766785479816
csuEx72_NaAc_2.5M_JNL_10off_20on_20off,347,34.61,42367300,18.941726368326346
csuEx72_NaAc_2.5M_JNL_10off_20on_20off,348,34.71,42527500,19.391470972400853
csuEx72_NaAc_2.5M_JNL_10off_20on_20off,349,34.81,42245700,18.60034719319863
csuEx72_NaAc_2.5M_JNL_10off_20on_20off,350,34.91,42305400.00000001,18.76794864677698
csuEx72_NaAc_2.5M_JNL_10off_20on_20off,351,35.01,42597200,19.587146371302186
csuEx72_NaAc_2.5M_JNL_10off_20on_20off,352,35.11,42230299.99999999,18.557113317401186
csuEx72_NaAc_2.5M_JNL_10off_20on_20off,353,35.21,42493100,19.294896600489725
csuEx72_NaAc_2.5M_JNL_10off_20on_20off,354,35.31,42448100,19.16856384653621
csuEx72_NaAc_2.5M_JNL_10off_20on_20off,355,35.41,42497000,19.305845439165694
csuEx72_NaAc_2.5M_JNL_10off_20on_20off,356,35.51,42692600,19.854971809683633
csuEx72_NaAc_2.5M_JNL_10off_20on_20off,357,35.61,42096900,18.182606886792346
csuEx72_NaAc_2.5M_JNL_10off_20on_20off,358,35.71,42276600,18.68709568424671
csuEx72_NaAc_2.5M_JNL_10off_20on_20off,359,35.81,42595400,19.582093061144047
csuEx72_NaAc_2.5M_JNL_10off_20on_20off,360,35.91,42116200,18.236789601265745
csuEx72_NaAc_2.5M_JNL_10off_20on_20off,361,36.01,42295200,18.739313222547498
csuEx72_NaAc_2.5M_JNL_10off_20on_20off,362,36.11,42569200,19.508539324397777
csuEx72_NaAc_2.5M_JNL_10off_20on_20off,363,36.21,42402700,19.041108134769775
csuEx72_NaAc_2.5M_JNL_10off_20on_20off,364,36.31,42091900.00000001,18.168569914130867
csuEx72_NaAc_2.5M_JNL_10off_20on_20off,365,36.41,42320300,18.809778825308232
csuEx72_NaAc_2.5M_JNL_10off_20on_20off,366,36.51,42530599.99999999,19.400173895450965
csuEx72_NaAc_2.5M_JNL_10off_20on_20off,367,36.61,42637300,19.69972289204743
csuEx72_NaAc_2.5M_JNL_10off_20on_20off,368,36.71,42468199.99999999,19.224992476635425
csuEx72_NaAc_2.5M_JNL_10off_20on_20off,369,36.81,42379900,18.977099539433333
csuEx72_NaAc_2.5M_JNL_10off_20on_20off,370,36.91,42805799.99999999,20.172768870740008
csuEx72_NaAc_2.5M_JNL_10off_20on_20off,371,37.01,42775000,20.086301119145176
csuEx72_NaAc_2.5M_JNL_10off_20on_20off,372,37.11,42171800,18.39288073726164
csuEx72_NaAc_2.5M_JNL_10off_20on_20off,373,37.21,42473400,19.23959092820341
csuEx72_NaAc_2.5M_JNL_10off_20on_20off,374,37.31,42346199.99999999,18.88249034369479
csuEx72_NaAc_2.5M_JNL_10off_20on_20off,375,37.41,41959799.99999999,17.797713096413954
csuEx72_NaAc_2.5M_JNL_10off_20on_20off,376,37.51,42370500,18.950710030829708
csuEx72_NaAc_2.5M_JNL_10off_20on_20off,377,37.61,42510300,19.34318378644529
csuEx72_NaAc_2.5M_JNL_10off_20on_20off,378,37.71,42218000,18.522582364653914
csuEx72_NaAc_2.5M_JNL_10off_20on_20off,379,37.81,42378400,18.97288844763488
csuEx72_NaAc_2.5M_JNL_10off_20on_20off,380,37.91,42436200,19.135155851601837
csuEx72_NaAc_2.5M_JNL_10off_20on_20off,381,38.01,42175000,18.401864399765
csuEx72_NaAc_2.5M_JNL_10off_20on_20off,382,38.11,42152400,18.338417283335012
csuEx72_NaAc_2.5M_JNL_10off_20on_20off,383,38.21,42196500,18.462223382209455
csuEx72_NaAc_2.5M_JNL_10off_20on_20off,384,38.31,42222400,18.534934900596035
csuEx72_NaAc_2.5M_JNL_10off_20on_20off,385,38.41,42262100,18.646388463528357
csuEx72_NaAc_2.5M_JNL_10off_20on_20off,386,38.51,42206700,18.49085880643892
csuEx72_NaAc_2.5M_JNL_10off_20on_20off,387,38.61,42362200,18.927408656211618
csuEx72_NaAc_2.5M_JNL_10off_20on_20off,388,38.71,42124400,18.259810236430603
csuEx72_NaAc_2.5M_JNL_10off_20on_20off,389,38.81,42324500,18.821569882343894
csuEx72_NaAc_2.5M_JNL_10off_20on_20off,390,38.91,42034300,18.00686398907035
csuEx72_NaAc_2.5M_JNL_10off_20on_20off,391,39.01,41981400.00000001,17.858352818311683
csuEx72_NaAc_2.5M_JNL_10off_20on_20off,392,39.11,41840900,17.46391388652347
csuEx72_NaAc_2.5M_JNL_10off_20on_20off,393,39.21,41820400,17.406362298611313
csuEx72_NaAc_2.5M_JNL_10off_20on_20off,394,39.31,41552100,16.653138345595146
csuEx72_NaAc_2.5M_JNL_10off_20on_20off,395,39.41,41556700,16.666052360443725
csuEx72_NaAc_2.5M_JNL_10off_20on_20off,396,39.51,42349500.00000001,18.891754745651422
csuEx72_NaAc_2.5M_JNL_10off_20on_20off,397,39.61,41929200,17.71180682372559
csuEx72_NaAc_2.5M_JNL_10off_20on_20off,398,39.71,41987100,17.874354967145774
csuEx72_NaAc_2.5M_JNL_10off_20on_20off,399,39.81,42324700,18.822131361250356
csuEx72_NaAc_2.5M_JNL_10off_20on_20off,400,39.91,42440400,19.1469469086375
csuEx72_NaAc_2.5M_JNL_10off_20on_20off,401,40.01,42264500,18.653126210405876
csuEx72_NaAc_2.5M_JNL_10off_20on_20off,402,40.11,42362300,18.927689395664846
csuEx72_NaAc_2.5M_JNL_10off_20on_20off,403,40.21,42533800,19.409157557954344
csuEx72_NaAc_2.5M_JNL_10off_20on_20off,404,40.31,42188900,18.440887183763973
csuEx72_NaAc_2.5M_JNL_10off_20on_20off,405,40.41,42214500,18.512756483790863
csuEx72_NaAc_2.5M_JNL_10off_20on_20off,406,40.51,42201200,18.47541813651127
csuEx72_NaAc_2.5M_JNL_10off_20on_20off,407,40.61,42032800,18.002652897271897
csuEx72_NaAc_2.5M_JNL_10off_20on_20off,408,40.71,42308199.99999999,18.77580935146738
csuEx72_NaAc_2.5M_JNL_10off_20on_20off,409,40.81,42186000,18.432745739620305
csuEx72_NaAc_2.5M_JNL_10off_20on_20off,410,40.91,42526100,19.387540620055635
csuEx72_NaAc_2.5M_JNL_10off_20on_20off,411,41.01,44156700.00000001,23.965278144424516
csuEx72_NaAc_2.5M_JNL_10off_20on_20off,412,41.11,49459200,38.85148765194682
csuEx72_NaAc_2.5M_JNL_10off_20on_20off,413,41.21,49831600,39.89696137577545
csuEx72_NaAc_2.5M_JNL_10off_20on_20off,414,41.31,49607599.99999999,39.26810500054016
csuEx72_NaAc_2.5M_JNL_10off_20on_20off,415,41.41,49912599.99999999,40.124360332891754
csuEx72_NaAc_2.5M_JNL_10off_20on_20off,416,41.51,49961800,40.26248414388095
csuEx72_NaAc_2.5M_JNL_10off_20on_20off,417,41.61,49803300,39.81751211051135
csuEx72_NaAc_2.5M_JNL_10off_20on_20off,418,41.71,49377200,38.62128130029819
csuEx72_NaAc_2.5M_JNL_10off_20on_20off,419,41.81,49697200,39.51964755063429
csuEx72_NaAc_2.5M_JNL_10off_20on_20off,420,41.91,49581400,39.19455126379391
csuEx72_NaAc_2.5M_JNL_10off_20on_20off,421,42.01,49835200.00000001,39.90706799609175
csuEx72_NaAc_2.5M_JNL_10off_20on_20off,422,42.11,50118500,40.7024028670924
csuEx72_NaAc_2.5M_JNL_10off_20on_20off,423,42.211,50078400,40.58982634634717
csuEx72_NaAc_2.5M_JNL_10off_20on_20off,424,42.311,49989100.00000001,40.339126014612766
csuEx72_NaAc_2.5M_JNL_10off_20on_20off,425,42.411,49705500,39.54294892525238
csuEx72_NaAc_2.5M_JNL_10off_20on_20off,426,42.511,49892200.00000001,40.06708948443286
csuEx72_NaAc_2.5M_JNL_10off_20on_20off,427,42.611,49948499.99999999,40.22514579660133
csuEx72_NaAc_2.5M_JNL_10off_20on_20off,428,42.711,50117600,40.699876212013336
csuEx72_NaAc_2.5M_JNL_10off_20on_20off,429,42.813,50094800,40.63586761667688
csuEx72_NaAc_2.5M_JNL_10off_20on_20off,430,42.913,50131500.00000001,40.73889899601233
csuEx72_NaAc_2.5M_JNL_10off_20on_20off,431,43.013,50206700,40.95001506484129
csuEx72_NaAc_2.5M_JNL_10off_20on_20off,432,43.113,50009000,40.39499316580552
csuEx72_NaAc_2.5M_JNL_10off_20on_20off,433,43.213,49984600,40.32649273921739
csuEx72_NaAc_2.5M_JNL_10off_20on_20off,434,43.313,49779600.00000001,39.750976860095854
csuEx72_NaAc_2.5M_JNL_10off_20on_20off,435,43.413,50368800,41.40509371852717
csuEx72_NaAc_2.5M_JNL_10off_20on_20off,436,43.513,50179400,40.87337319410949
csuEx72_NaAc_2.5M_JNL_10off_20on_20off,437,43.613,50408300,41.51598580255303
csuEx72_NaAc_2.5M_JNL_10off_20on_20off,438,43.713,49958400,40.25293900247113
csuEx72_NaAc_2.5M_JNL_10off_20on_20off,439,43.813,50080700,40.59628335377145
csuEx72_NaAc_2.5M_JNL_10off_20on_20off,440,43.913,50018600,40.4219441533156
csuEx72_NaAc_2.5M_JNL_10off_20on_20off,441,44.013,50075600,40.58196564165672
csuEx72_NaAc_2.5M_JNL_10off_20on_20off,442,44.113,49729200,39.609484175667895
csuEx72_NaAc_2.5M_JNL_10off_20on_20off,443,44.213,49637300,39.3514846181495
csuEx72_NaAc_2.5M_JNL_10off_20on_20off,444,44.313,49503700.00000001,38.976416708634204
csuEx72_NaAc_2.5M_JNL_10off_20on_20off,445,44.413,49463300,38.86299796952925
csuEx72_NaAc_2.5M_JNL_10off_20on_20off,446,44.513,49424400.00000001,38.75379032222279
csuEx72_NaAc_2.5M_JNL_10off_20on_20off,447,44.613,49720300,39.58449836433043
csuEx72_NaAc_2.5M_JNL_10off_20on_20off,448,44.713,49963200,40.26641449622617
csuEx72_NaAc_2.5M_JNL_10off_20on_20off,449,44.813,49791400,39.78410411557698
csuEx72_NaAc_2.5M_JNL_10off_20on_20off,450,44.913,49551100,39.109487209465215
csuEx72_NaAc_2.5M_JNL_10off_20on_20off,451,45.013,49625000,39.31695366540221
csuEx72_NaAc_2.5M_JNL_10off_20on_20off,452,45.113,49758100,39.69061787765138
csuEx72_NaAc_2.5M_JNL_10off_20on_20off,453,45.213,49936200,40.190614843854064
csuEx72_NaAc_2.5M_JNL_10off_20on_20off,454,45.313,50165800,40.83519262847021
csuEx72_NaAc_2.5M_JNL_10off_20on_20off,455,45.413,49841600,39.92503532109845
csuEx72_NaAc_2.5M_JNL_10off_20on_20off,456,45.513,49439000,38.794778282394354
csuEx72_NaAc_2.5M_JNL_10off_20on_20off,457,45.613,49610400,39.275965705230625
csuEx72_NaAc_2.5M_JNL_10off_20on_20off,458,45.713,48965400,37.46519623189693
csuEx72_NaAc_2.5M_JNL_10off_20on_20off,459,45.813,49438700.00000001,38.79393606403468
csuEx72_NaAc_2.5M_JNL_10off_20on_20off,460,45.913,49557100,39.12633157665902
csuEx72_NaAc_2.5M_JNL_10off_20on_20off,461,46.013,49066900,37.75014677692541
csuEx72_NaAc_2.5M_JNL_10off_20on_20off,462,46.113,50117900.00000001,40.700718430373044
csuEx72_NaAc_2.5M_JNL_10off_20on_20off,463,46.213,49563900,39.14542185947866
csuEx72_NaAc_2.5M_JNL_10off_20on_20off,464,46.313,49928100.00000001,40.167874948142455
csuEx72_NaAc_2.5M_JNL_10off_20on_20off,465,46.413,49451800,38.8307129324078
csuEx72_NaAc_2.5M_JNL_10off_20on_20off,466,46.513,49529400,39.0485667481143
csuEx72_NaAc_2.5M_JNL_10off_20on_20off,467,46.613,49364600,38.58590812919121
csuEx72_NaAc_2.5M_JNL_10off_20on_20off,468,46.713,49416399.99999999,38.73133116596434
csuEx72_NaAc_2.5M_JNL_10off_20on_20off,469,46.813,49578500,39.186409819650244
csuEx72_NaAc_2.5M_JNL_10off_20on_20off,470,46.913,49482799.99999999,38.917742162909086
csuEx72_NaAc_2.5M_JNL_10off_20on_20off,471,47.013,49823700.00000001,39.8747829589703
csuEx72_NaAc_2.5M_JNL_10off_20on_20off,472,47.113,49901400,40.09291751413001
csuEx72_NaAc_2.5M_JNL_10off_20on_20off,473,47.213,49270200,38.320890085342064
csuEx72_NaAc_2.5M_JNL_10off_20on_20off,475,47.413,49616900,39.29421376969058
csuEx72_NaAc_2.5M_JNL_10off_20on_20off,476,47.513,49729800,39.61116861238728
csuEx72_NaAc_2.5M_JNL_10off_20on_20off,477,47.613,49464800,38.8672090613277
csuEx72_NaAc_2.5M_JNL_10off_20on_20off,478,47.713,49892400,40.067650963339304
csuEx72_NaAc_2.5M_JNL_10off_20on_20off,479,47.813,49936500,40.19145706221375
csuEx72_NaAc_2.5M_JNL_10off_20on_20off,480,47.913,49740300,39.64064625497643
csuEx72_NaAc_2.5M_JNL_10off_20on_20off,481,48.013,49690500,39.50083800726788
csuEx72_NaAc_2.5M_JNL_10off_20on_20off,482,48.113,49845800,39.936826378134114
csuEx72_NaAc_2.5M_JNL_10off_20on_20off,483,48.213,49422400,38.74817553315817
csuEx72_NaAc_2.5M_JNL_10off_20on_20off,484,48.313,50053900,40.521045180305805
csuEx72_NaAc_2.5M_JNL_10off_20on_20off,485,48.413,49272400,38.32706635331312
csuEx72_NaAc_2.5M_JNL_10off_20on_20off,486,48.513,49079700,37.78608142693886
csuEx72_NaAc_2.5M_JNL_10off_20on_20off,487,48.613,49652300,39.39359553613401
csuEx72_NaAc_2.5M_JNL_10off_20on_20off,488,48.713,49451800,38.8307129324078
csuEx72_NaAc_2.5M_JNL_10off_20on_20off,489,48.813,49622000,39.30853148180531
csuEx72_NaAc_2.5M_JNL_10off_20on_20off,490,48.913,49577400,39.183321685664716
csuEx72_NaAc_2.5M_JNL_10off_20on_20off,491,49.013,49285700,38.36440470059272
csuEx72_NaAc_2.5M_JNL_10off_20on_20off,492,49.113,49340100,38.517126963149856
csuEx72_NaAc_2.5M_JNL_10off_20on_20off,493,49.213,49204100.00000001,38.135321306757035
csuEx72_NaAc_2.5M_JNL_10off_20on_20off,494,49.313,49204900,38.13756722238285
csuEx72_NaAc_2.5M_JNL_10off_20on_20off,495,49.413,49207300,38.144304969260375
csuEx72_NaAc_2.5M_JNL_10off_20on_20off,496,49.513,49267300,38.31274864119839
csuEx72_NaAc_2.5M_JNL_10off_20on_20off,497,49.613,49087900,37.80910206210372
csuEx72_NaAc_2.5M_JNL_10off_20on_20off,498,49.713,48985500,37.521624861996166
csuEx72_NaAc_2.5M_JNL_10off_20on_20off,499,49.813,49559300.00000001,39.1325078446301
csuEx72_NaAc_2.5M_JNL_10off_20on_20off,500,49.913,49178600,38.063732746183355
csuEx72_NaAc_2.5M_JNL_10off_20on_20off,501,50.013,48919600,37.33661756231758
csuEx72_NaAc_2.5M_JNL_10off_20on_20off,502,50.113,49441900,38.80291972653803
csuEx72_NaAc_2.5M_JNL_10off_20on_20off,503,50.213,49172600,38.04688837898955
csuEx72_NaAc_2.5M_JNL_10off_20on_20off,504,50.313,48899800.00000001,37.28103115057805
csuEx72_NaAc_2.5M_JNL_10off_20on_20off,505,50.413,48984400,37.51853672801064
csuEx72_NaAc_2.5M_JNL_10off_20on_20off,506,50.513,48942000,37.39950319984111
csuEx72_NaAc_2.5M_JNL_10off_20on_20off,507,50.613,49247300,38.25660075055239
csuEx72_NaAc_2.5M_JNL_10off_20on_20off,508,50.713,49099199.99999999,37.84082562031869
csuEx72_NaAc_2.5M_JNL_10off_20on_20off,509,50.813,49153000,37.99186344615647
csuEx72_NaAc_2.5M_JNL_10off_20on_20off,510,50.913,48807100,37.0207856774338
csuEx72_NaAc_2.5M_JNL_10off_20on_20off,511,51.013,49065400,37.745935685126966
csuEx72_NaAc_2.5M_JNL_10off_20on_20off,512,51.113,48853200,37.15020656537284
csuEx72_NaAc_2.5M_JNL_10off_20on_20off,513,51.213,48778200,36.93965197545032
csuEx72_NaAc_2.5M_JNL_10off_20on_20off,514,51.313,49052200,37.708878077300604
csuEx72_NaAc_2.5M_JNL_10off_20on_20off,515,51.413,48955700,37.43796450493362
csuEx72_NaAc_2.5M_JNL_10off_20on_20off,516,51.513,49009100,37.587879372958454
csuEx72_NaAc_2.5M_JNL_10off_20on_20off,517,51.613,49008700,37.58675641514554
csuEx72_NaAc_2.5M_JNL_10off_20on_20off,518,51.713,48911700,37.31443914551241
csuEx72_NaAc_2.5M_JNL_10off_20on_20off,519,51.813,48867200.00000001,37.18951008882506
csuEx72_NaAc_2.5M_JNL_10off_20on_20off,520,51.913,48953800,37.43263045532225
csuEx72_NaAc_2.5M_JNL_10off_20on_20off,521,52.013,48398199.99999999,35.872842053176186
csuEx72_NaAc_2.5M_JNL_10off_20on_20off,522,52.113,48182200,35.26644483419934
csuEx72_NaAc_2.5M_JNL_10off_20on_20off,523,52.213,48612700,36.47502818035462
csuEx72_NaAc_2.5M_JNL_10off_20on_20off,524,52.313,48744400,36.844762040258566
csuEx72_NaAc_2.5M_JNL_10off_20on_20off,525,52.413,48143500,35.15779866579932
csuEx72_NaAc_2.5M_JNL_10off_20on_20off,526,52.513,48318300,35.64853123004541
csuEx72_NaAc_2.5M_JNL_10off_20on_20off,527,52.613,48557499.99999999,36.32006000217162
csuEx72_NaAc_2.5M_JNL_10off_20on_20off,528,52.713,48719599.99999999,36.775138655857496
csuEx72_NaAc_2.5M_JNL_10off_20on_20off,529,52.812,48220200,35.37312582642676
csuEx72_NaAc_2.5M_JNL_10off_20on_20off,530,52.912,48213400,35.35403554360711
csuEx72_NaAc_2.5M_JNL_10off_20on_20off,531,53.012,48041600.00000001,34.87172516295794
csuEx72_NaAc_2.5M_JNL_10off_20on_20off,532,53.112,48731300,36.807985171885434
csuEx72_NaAc_2.5M_JNL_10off_20on_20off,533,53.212,48469100,36.071886325516296
csuEx72_NaAc_2.5M_JNL_10off_20on_20off,534,53.312,48605100,36.45369198190914
csuEx72_NaAc_2.5M_JNL_10off_20on_20off,535,53.412,48419299.99999999,35.932078077807724
csuEx72_NaAc_2.5M_JNL_10off_20on_20off,536,53.512,48082800,34.987389817688694
csuEx72_NaAc_2.5M_JNL_10off_20on_20off,537,53.612,48370200,35.7942350062718
csuEx72_NaAc_2.5M_JNL_10off_20on_20off,538,53.712,48050100,34.89558801648247
csuEx72_NaAc_2.5M_JNL_10off_20on_20off,539,53.812,48141299.99999999,35.151622397828234
csuEx72_NaAc_2.5M_JNL_10off_20on_20off,540,53.912,48273100,35.52163699718543
csuEx72_NaAc_2.5M_JNL_10off_20on_20off,541,54.012,47791200,34.168753572069924
csuEx72_NaAc_2.5M_JNL_10off_20on_20off,542,54.112,48200600,35.318100893593666
csuEx72_NaAc_2.5M_JNL_10off_20on_20off,543,54.212,47967800,34.66453944647416
csuEx72_NaAc_2.5M_JNL_10off_20on_20off,544,54.312,48175500,35.24763529083293
csuEx72_NaAc_2.5M_JNL_10off_20on_20off,545,54.412,48156600,35.19457553417245
csuEx72_NaAc_2.5M_JNL_10off_20on_20off,546,54.512,47921300,34.53399560072219
csuEx72_NaAc_2.5M_JNL_10off_20on_20off,547,54.612,48049099.99999999,34.892780621950145
csuEx72_NaAc_2.5M_JNL_10off_20on_20off,548,54.712,48110099.99999999,35.064031688420464
csuEx72_NaAc_2.5M_JNL_10off_20on_20off,549,54.812,47644300,33.75634731527501
csuEx72_NaAc_2.5M_JNL_10off_20on_20off,550,54.912,48069800,34.95089368876879
csuEx72_NaAc_2.5M_JNL_10off_20on_20off,551,55.012,47923099.99999999,34.53904891088031
csuEx72_NaAc_2.5M_JNL_10off_20on_20off,552,55.112,48002200.00000001,34.76111381838531
csuEx72_NaAc_2.5M_JNL_10off_20on_20off,553,55.212,48366300.00000001,35.78328616759585
csuEx72_NaAc_2.5M_JNL_10off_20on_20off,554,55.312,48007700,34.77655448831294
csuEx72_NaAc_2.5M_JNL_10off_20on_20off,555,55.412,47969700,34.66987349608553
csuEx72_NaAc_2.5M_JNL_10off_20on_20off,556,55.512,47858000,34.356287526827586
csuEx72_NaAc_2.5M_JNL_10off_20on_20off,557,55.612,47961300,34.646291382014205
csuEx72_NaAc_2.5M_JNL_10off_20on_20off,558,55.712,48086700,34.998338656364666
csuEx72_NaAc_2.5M_JNL_10off_20on_20off,559,55.812,47695700,33.90064739423524
csuEx72_NaAc_2.5M_JNL_10off_20on_20off,560,55.912,48114200,35.07554200600292
csuEx72_NaAc_2.5M_JNL_10off_20on_20off,561,56.012,47981000,34.70159705430052
csuEx72_NaAc_2.5M_JNL_10off_20on_20off,562,56.112,47572500,33.55477638785585
csuEx72_NaAc_2.5M_JNL_10off_20on_20off,563,56.212,47817100,34.2414650904565
csuEx72_NaAc_2.5M_JNL_10off_20on_20off,564,56.312,47757100,34.073021418518486
csuEx72_NaAc_2.5M_JNL_10off_20on_20off,565,56.412,47837200,34.29789372055574
csuEx72_NaAc_2.5M_JNL_10off_20on_20off,566,56.512,48280100,35.541288758911534
csuEx72_NaAc_2.5M_JNL_10off_20on_20off,567,56.612,47610000,33.66005368281711
csuEx72_NaAc_2.5M_JNL_10off_20on_20off,568,56.712,47568100,33.542423851913725
csuEx72_NaAc_2.5M_JNL_10off_20on_20off,569,56.812,47812400.00000001,34.22827033615471
csuEx72_NaAc_2.5M_JNL_10off_20on_20off,570,56.912,47423500,33.1364746025431
csuEx72_NaAc_2.5M_JNL_10off_20on_20off,571,57.012,47248100,32.644057601577636
csuEx72_NaAc_2.5M_JNL_10off_20on_20off,572,57.112,47906900,34.49356911945707
csuEx72_NaAc_2.5M_JNL_10off_20on_20off,573,57.212,47640500,33.745679216052274
csuEx72_NaAc_2.5M_JNL_10off_20on_20off,574,57.312,47586500,33.59407991130806
csuEx72_NaAc_2.5M_JNL_10off_20on_20off,575,57.412,48100300,35.036519222003946
csuEx72_NaAc_2.5M_JNL_10off_20on_20off,576,57.512,47775200,34.12383525955312
csuEx72_NaAc_2.5M_JNL_10off_20on_20off,577,57.612,48035400,34.854319316857655
csuEx72_NaAc_2.5M_JNL_10off_20on_20off,578,57.712,47483200,33.30407605612143
csuEx72_NaAc_2.5M_JNL_10off_20on_20off,579,57.812,47776200,34.12664265408542
csuEx72_NaAc_2.5M_JNL_10off_20on_20off,580,57.912,47214800,32.55057136365203
csuEx72_NaAc_2.5M_JNL_10off_20on_20off,581,58.012,47498800,33.34787141082532
csuEx72_NaAc_2.5M_JNL_10off_20on_20off,582,58.112,47069800,32.143499156468494
csuEx72_NaAc_2.5M_JNL_10off_20on_20off,583,58.212,47568900,33.54466976753957
csuEx72_NaAc_2.5M_JNL_10off_20on_20off,584,58.312,47488600,33.31923598659586
csuEx72_NaAc_2.5M_JNL_10off_20on_20off,585,58.412,47545900,33.48009969329666
csuEx72_NaAc_2.5M_JNL_10off_20on_20off,586,58.512,47317300,32.83832930321282
csuEx72_NaAc_2.5M_JNL_10off_20on_20off,587,58.612,47378500,33.01014184858959
csuEx72_NaAc_2.5M_JNL_10off_20on_20off,588,58.712,47492400,33.3299040858186
csuEx72_NaAc_2.5M_JNL_10off_20on_20off,589,58.812,47209199.99999999,32.53484995427113
csuEx72_NaAc_2.5M_JNL_10off_20on_20off,590,58.912,47677400,33.84927207429415
csuEx72_NaAc_2.5M_JNL_10off_20on_20off,591,59.012,47689500,33.88324154813498
csuEx72_NaAc_2.5M_JNL_10off_20on_20off,592,59.112,47414800,33.11205027011209
csuEx72_NaAc_2.5M_JNL_10off_20on_20off,593,59.212,47153400,32.378197339368796
csuEx72_NaAc_2.5M_JNL_10off_20on_20off,594,59.312,47427200,33.14686196231262
csuEx72_NaAc_2.5M_JNL_10off_20on_20off,595,59.412,47051200,32.091281618167706
csuEx72_NaAc_2.5M_JNL_10off_20on_20off,596,59.512,47128200,32.30745099715483
csuEx72_NaAc_2.5M_JNL_10off_20on_20off,597,59.612,47456300,33.22855714320255
csuEx72_NaAc_2.5M_JNL_10off_20on_20off,598,59.712,47217200,32.55730911052955
csuEx72_NaAc_2.5M_JNL_10off_20on_20off,599,59.812,47208700,32.533446257005
csuEx72_NaAc_2.5M_JNL_10off_20on_20off,600,59.912,47430700,33.15668784317567
