stim_jnl,frame,time_s,fluor,dff
csuEx93_greenlightbasal500ms_JNL_10off_20on_20off,2,0.5,6101730,55.66092492004169
csuEx93_greenlightbasal500ms_JNL_10off_20on_20off,3,1,5709130,45.645326208920686
csuEx93_greenlightbasal500ms_JNL_10off_20on_20off,4,1.5,5401160,37.78871914049497
csuEx93_greenlightbasal500ms_JNL_10off_20on_20off,5,2,5207110,32.838319420950825
csuEx93_greenlightbasal500ms_JNL_10off_20on_20off,6,2.5,5123000,30.692593471912648
csuEx93_greenlightbasal500ms_JNL_10off_20on_20off,7,3,5053930,28.930552200957155
csuEx93_greenlightbasal500ms_JNL_10off_20on_20off,8,3.5,4910840,25.280190459810175
csuEx93_greenlightbasal500ms_JNL_10off_20on_20off,9,3.998,4813620,22.800015964916685
csuEx93_greenlightbasal500ms_JNL_10off_20on_20off,10,4.498,4652390,18.686885602731152
csuEx93_greenlightbasal500ms_JNL_10off_20on_20off,11,4.998,4790410,22.20790683072127
csuEx93_greenlightbasal500ms_JNL_10off_20on_20off,12,5.498,4654800,18.74836699064201
csuEx93_greenlightbasal500ms_JNL_10off_20on_20off,13,5.998,4556040,16.228905633763986
csuEx93_greenlightbasal500ms_JNL_10off_20on_20off,14,6.498,4544950,15.945989205576694
csuEx93_greenlightbasal500ms_JNL_10off_20on_20off,15,6.998,4416700,12.674209952644272
csuEx93_greenlightbasal500ms_JNL_10off_20on_20off,16,7.498,4484210,14.396454142628427
csuEx93_greenlightbasal500ms_JNL_10off_20on_20off,17,7.998,4506530,14.9658585319107
csuEx93_greenlightbasal500ms_JNL_10off_20on_20off,18,8.498,4363770,11.323915404046119
csuEx93_greenlightbasal500ms_JNL_10off_20on_20off,19,8.998,4362740,11.297639126225297
csuEx93_greenlightbasal500ms_JNL_10off_20on_20off,20,9.498,4356930,11.14942051055639
csuEx93_greenlightbasal500ms_JNL_10off_20on_20off,21,9.998,4284300,9.296560259948345
csuEx93_greenlightbasal500ms_JNL_10off_20on_20off,22,10.498,4064820,3.6974170986726485
csuEx93_greenlightbasal500ms_JNL_10off_20on_20off,23,10.998,3943710,0.6077860240321368
csuEx93_greenlightbasal500ms_JNL_10off_20on_20off,24,11.498,4020159.9999999995,2.5580981011212764
csuEx93_greenlightbasal500ms_JNL_10off_20on_20off,25,11.998,4057400.0000000005,3.5081258545653813
csuEx93_greenlightbasal500ms_JNL_10off_20on_20off,26,12.498,3946740,0.685084200534166
csuEx93_greenlightbasal500ms_JNL_10off_20on_20off,27,12.998,3911310,-0.21876873460342242
csuEx93_greenlightbasal500ms_JNL_10off_20on_20off,28,13.498,3613270,-7.822052076076943
csuEx93_greenlightbasal500ms_JNL_10off_20on_20off,29,13.998,3720140,-5.0956969200466284
csuEx93_greenlightbasal500ms_JNL_10off_20on_20off,30,14.498,3639910,-7.142440385643262
csuEx93_greenlightbasal500ms_JNL_10off_20on_20off,31,14.998,3525000,-10.07390357437203
csuEx93_greenlightbasal500ms_JNL_10off_20on_20off,32,15.498,3544580,-9.57439918628301
csuEx93_greenlightbasal500ms_JNL_10off_20on_20off,33,15.998,3665270,-6.495482710365552
csuEx93_greenlightbasal500ms_JNL_10off_20on_20off,34,16.498,3384500,-13.658191956726847
csuEx93_greenlightbasal500ms_JNL_10off_20on_20off,35,16.998,3341480,-14.755672997359618
csuEx93_greenlightbasal500ms_JNL_10off_20on_20off,36,17.498,3262530,-16.769762447800275
csuEx93_greenlightbasal500ms_JNL_10off_20on_20off,37,17.998,3421750,-12.707909093789361
csuEx93_greenlightbasal500ms_JNL_10off_20on_20off,38,18.498,3393470,-13.42935874114163
csuEx93_greenlightbasal500ms_JNL_10off_20on_20off,39,18.998,3433320,-12.412747409918575
csuEx93_greenlightbasal500ms_JNL_10off_20on_20off,40,19.498,3216530,-17.943266117468045
csuEx93_greenlightbasal500ms_JNL_10off_20on_20off,41,19.998,3089180,-21.192085515993924
csuEx93_greenlightbasal500ms_JNL_10off_20on_20off,42,20.498,3343720,-14.698528470836663
csuEx93_greenlightbasal500ms_JNL_10off_20on_20off,43,20.998,3399640,-13.271956183710106
csuEx93_greenlightbasal500ms_JNL_10off_20on_20off,44,21.498,3327410,-15.114612054581912
csuEx93_greenlightbasal500ms_JNL_10off_20on_20off,45,21.998,3266770,-16.661596022596118
csuEx93_greenlightbasal500ms_JNL_10off_20on_20off,46,22.498,3176280,-18.970081828427347
csuEx93_greenlightbasal500ms_JNL_10off_20on_20off,47,22.998,3088650,-21.205606319144447
csuEx93_greenlightbasal500ms_JNL_10off_20on_20off,48,23.498,3001250,-23.435263291513206
csuEx93_greenlightbasal500ms_JNL_10off_20on_20off,49,23.998,3172580,-19.064472340987578
csuEx93_greenlightbasal500ms_JNL_10off_20on_20off,50,24.498,3018170,-23.003618028670193
csuEx93_greenlightbasal500ms_JNL_10off_20on_20off,51,24.998,2889250,-26.29248961766082
csuEx93_greenlightbasal500ms_JNL_10off_20on_20off,52,25.498,2907420,-25.82895566814205
csuEx93_greenlightbasal500ms_JNL_10off_20on_20off,53,25.998,2827110,-27.87774000968593
csuEx93_greenlightbasal500ms_JNL_10off_20on_20off,54,26.498,2819530,-28.07111300568771
csuEx93_greenlightbasal500ms_JNL_10off_20on_20off,55,26.998,2795750,-28.677763381007264
csuEx93_greenlightbasal500ms_JNL_10off_20on_20off,56,27.498,2690840,-31.354117076329995
csuEx93_greenlightbasal500ms_JNL_10off_20on_20off,57,27.998,2601760,-33.62663244359097
csuEx93_greenlightbasal500ms_JNL_10off_20on_20off,58,28.498,2463710,-37.14841900006131
csuEx93_greenlightbasal500ms_JNL_10off_20on_20off,59,28.998,2453470,-37.40965112130909
csuEx93_greenlightbasal500ms_JNL_10off_20on_20off,60,29.498,2560250,-34.68559195071943
csuEx93_greenlightbasal500ms_JNL_10off_20on_20off,61,29.998,2536980,-35.27923174187528
csuEx93_greenlightbasal500ms_JNL_10off_20on_20off,62,30.498,2586680,-34.011337559647274
csuEx93_greenlightbasal500ms_JNL_10off_20on_20off,63,30.998,2512950,-35.89225985452998
csuEx93_greenlightbasal500ms_JNL_10off_20on_20off,64,31.498,2438800,-37.783896748135746
csuEx93_greenlightbasal500ms_JNL_10off_20on_20off,65,31.998,2399990,-38.77397669204458
csuEx93_greenlightbasal500ms_JNL_10off_20on_20off,66,32.498,2164010,-44.79405051744023
csuEx93_greenlightbasal500ms_JNL_10off_20on_20off,67,32.998,2604820,-33.548568938608724
csuEx93_greenlightbasal500ms_JNL_10off_20on_20off,68,33.498,2278710,-41.86794462807299
csuEx93_greenlightbasal500ms_JNL_10off_20on_20off,69,33.999,2291540,-41.540639148033044
csuEx93_greenlightbasal500ms_JNL_10off_20on_20off,70,34.499,2066630,-47.27830676422822
csuEx93_greenlightbasal500ms_JNL_10off_20on_20off,71,34.999,2034900,-48.08776918680557
csuEx93_greenlightbasal500ms_JNL_10off_20on_20off,72,35.499,2071790,-47.1466702656307
csuEx93_greenlightbasal500ms_JNL_10off_20on_20off,73,35.999,2042460.0000000002,-47.89490640979061
csuEx93_greenlightbasal500ms_JNL_10off_20on_20off,74,36.499,2146530,-45.239981911913986
csuEx93_greenlightbasal500ms_JNL_10off_20on_20off,75,36.999,1993010,-49.15642285468346
csuEx93_greenlightbasal500ms_JNL_10off_20on_20off,76,37.499,1838410,-53.10041562274079
csuEx93_greenlightbasal500ms_JNL_10off_20on_20off,77,37.999,1995320,-49.097492561706666
csuEx93_greenlightbasal500ms_JNL_10off_20on_20off,78,38.499,1990570,-49.218669571074535
csuEx93_greenlightbasal500ms_JNL_10off_20on_20off,79,38.999,1894470,-51.670271802706544
csuEx93_greenlightbasal500ms_JNL_10off_20on_20off,80,39.499,1881090,-52.01160830488383
csuEx93_greenlightbasal500ms_JNL_10off_20on_20off,81,39.999,2009270,-48.741614818405246
csuEx93_greenlightbasal500ms_JNL_10off_20on_20off,82,40.499,1987590,-49.29469220010953
csuEx93_greenlightbasal500ms_JNL_10off_20on_20off,83,40.999,1945390,-50.371254262283
csuEx93_greenlightbasal500ms_JNL_10off_20on_20off,84,41.499,1753530,-55.26578500277123
csuEx93_greenlightbasal500ms_JNL_10off_20on_20off,85,41.999,1848470,-52.84377547237432
csuEx93_greenlightbasal500ms_JNL_10off_20on_20off,86,42.499,1697600,-56.692612399391194
csuEx93_greenlightbasal500ms_JNL_10off_20on_20off,87,42.999,1634990,-58.28985293760639
csuEx93_greenlightbasal500ms_JNL_10off_20on_20off,88,43.499,1558390,-60.24399165709663
csuEx93_greenlightbasal500ms_JNL_10off_20on_20off,89,44.002,1442840,-63.191781853403384
csuEx93_greenlightbasal500ms_JNL_10off_20on_20off,90,44.502,1534770,-60.846560280521686
csuEx93_greenlightbasal500ms_JNL_10off_20on_20off,91,45.002,1602310,-59.12355076205732
csuEx93_greenlightbasal500ms_JNL_10off_20on_20off,92,45.502,1527700,-61.02692269235976
csuEx93_greenlightbasal500ms_JNL_10off_20on_20off,93,46.002,1445310,-63.12876980853209
csuEx93_greenlightbasal500ms_JNL_10off_20on_20off,94,46.502,1456660,-62.83922053351625
csuEx93_greenlightbasal500ms_JNL_10off_20on_20off,95,47.002,1362800,-65.2336782386253
csuEx93_greenlightbasal500ms_JNL_10off_20on_20off,96,47.502,1367960,-65.1020417400278
csuEx93_greenlightbasal500ms_JNL_10off_20on_20off,97,48.002,1330610,-66.05487569789933
csuEx93_greenlightbasal500ms_JNL_10off_20on_20off,98,48.502,1302090,-66.78244797309335
csuEx93_greenlightbasal500ms_JNL_10off_20on_20off,99,49.002,1015069.9999999999,-74.10460065283343
csuEx93_greenlightbasal500ms_JNL_10off_20on_20off,100,49.502,1096230,-72.03413200435003
csuEx93_greenlightbasal500ms_JNL_10off_20on_20off,101,50.002,1139550,-70.92899767891507
