2, 100, 3.75068e+008, 1.11188e+008, 4.86256e+008, 14855, 7484.88, 1195, 880
3, 200, 3.73854e+008, 1.10002e+008, 4.83855e+008, 14756, 7454.7, 1195, 880
4, 300, 3.72741e+008, 1.09088e+008, 4.81829e+008, 14704, 7418.96, 1195, 880
5, 400, 3.72252e+008, 1.08508e+008, 4.8076e+008, 14684, 7389.57, 1195, 880
6, 500, 3.69769e+008, 1.07252e+008, 4.77021e+008, 14570, 7361.17, 1195, 880
7, 600, 3.68855e+008, 1.06815e+008, 4.7567e+008, 14538, 7347.29, 1196, 879
8, 700, 3.669e+008, 1.05647e+008, 4.72547e+008, 14442, 7315.23, 1197, 877
9, 800, 3.66024e+008, 1.05251e+008, 4.71275e+008, 14406, 7306.05, 1198, 878
10, 900, 3.64403e+008, 1.04562e+008, 4.68965e+008, 14345, 7289.09, 1199, 877
11, 1000, 3.63372e+008, 1.03889e+008, 4.6726e+008, 14315, 7257.32, 1199, 877
12, 1100, 3.62476e+008, 1.03468e+008, 4.65944e+008, 14281, 7245.18, 1199, 877
13, 1200, 3.60285e+008, 1.02444e+008, 4.62728e+008, 14177, 7226.05, 1199, 877
14, 1300, 3.59647e+008, 1.01784e+008, 4.61431e+008, 14132, 7202.4, 1198, 878
15, 1400, 3.59706e+008, 1.01532e+008, 4.61238e+008, 14135, 7183.04, 1198, 878
16, 1500, 3.58301e+008, 1.00486e+008, 4.58787e+008, 14053, 7150.51, 1197, 878
17, 1600, 3.57942e+008, 1.00464e+008, 4.58406e+008, 14072, 7139.31, 1197, 878
18, 1700, 3.56941e+008, 9.99367e+007, 4.56878e+008, 14032, 7122.06, 1197, 878
19, 1800, 3.55007e+008, 9.91315e+007, 4.54138e+008, 13936, 7113.34, 1198, 878
20, 1900, 3.53626e+008, 9.837e+007, 4.51996e+008, 13867, 7093.82, 1199, 877
21, 2000, 3.5304e+008, 9.79948e+007, 4.51035e+008, 13859, 7070.84, 1199, 877
22, 2100, 3.51888e+008, 9.75898e+007, 4.49477e+008, 13828, 7057.41, 1200, 876
23, 2200, 3.51115e+008, 9.72605e+007, 4.48376e+008, 13802, 7046.84, 1201, 875
24, 2300, 3.50015e+008, 9.66844e+007, 4.467e+008, 13755, 7029.03, 1200, 876
25, 2400, 3.50478e+008, 9.63561e+007, 4.46834e+008, 13755, 7005.17, 1199, 877
26, 2500, 3.49228e+008, 9.55289e+007, 4.44757e+008, 13680, 6983.11, 1198, 878
27, 2600, 3.48734e+008, 9.52399e+007, 4.43974e+008, 13665, 6969.63, 1197, 878
28, 2700, 3.49204e+008, 9.47883e+007, 4.43993e+008, 13663, 6937.59, 1196, 879
29, 2800, 3.4788e+008, 9.45316e+007, 4.42412e+008, 13633, 6934.03, 1197, 879
30, 2900, 3.46391e+008, 9.36357e+007, 4.40026e+008, 13546, 6912.42, 1197, 878
31, 3000, 3.45686e+008, 9.30686e+007, 4.38755e+008, 13504, 6891.93, 1197, 878
32, 3100, 3.44848e+008, 9.30656e+007, 4.37914e+008, 13512, 6887.62, 1198, 878
33, 3200, 3.43736e+008, 9.25093e+007, 4.36245e+008, 13473, 6866.28, 1198, 877
34, 3300, 3.42653e+008, 9.21571e+007, 4.3481e+008, 13444, 6854.89, 1199, 877
35, 3400, 3.4188e+008, 9.14456e+007, 4.33325e+008, 13387, 6830.92, 1198, 877
36, 3500, 3.41403e+008, 9.13509e+007, 4.32754e+008, 13392, 6821.3, 1199, 877
37, 3600, 3.39891e+008, 9.06627e+007, 4.30554e+008, 13320, 6806.51, 1198, 877
38, 3700, 3.38448e+008, 9.00145e+007, 4.28463e+008, 13248, 6794.57, 1198, 877
39, 3800, 3.38784e+008, 9.0158e+007, 4.28942e+008, 13311, 6773.19, 1198, 876
40, 3900, 3.38123e+008, 8.9752e+007, 4.27875e+008, 13265, 6766.08, 1197, 878
41, 4000, 3.37334e+008, 8.91965e+007, 4.26531e+008, 13223, 6745.55, 1197, 878
42, 4100, 3.36292e+008, 8.88615e+007, 4.25153e+008, 13192, 6736.02, 1196, 879
43, 4200, 3.35444e+008, 8.80941e+007, 4.23538e+008, 13140, 6704.27, 1196, 879
44, 4300, 3.35048e+008, 8.8027e+007, 4.23075e+008, 13136, 6701.21, 1196, 879
45, 4400, 3.34184e+008, 8.76402e+007, 4.21824e+008, 13110, 6684.99, 1196, 879
46, 4500, 3.33046e+008, 8.70514e+007, 4.20098e+008, 13059, 6666, 1196, 879
47, 4600, 3.32304e+008, 8.68e+007, 4.19104e+008, 13035, 6658.99, 1196, 879
48, 4700, 3.31731e+008, 8.67114e+007, 4.18442e+008, 13038, 6650.67, 1197, 879
49, 4800, 3.30964e+008, 8.61533e+007, 4.17117e+008, 13018, 6618.01, 1197, 878
50, 4900, 3.29626e+008, 8.55634e+007, 4.15189e+008, 12924, 6620.51, 1198, 878
51, 5000, 3.28731e+008, 8.55084e+007, 4.14239e+008, 12938, 6609.09, 1198, 877
52, 5100, 3.28503e+008, 8.52073e+007, 4.1371e+008, 12924, 6592.95, 1198, 877
53, 5200, 3.26492e+008, 8.44819e+007, 4.10973e+008, 12849, 6574.98, 1198, 877
54, 5300, 3.26189e+008, 8.41571e+007, 4.10346e+008, 12833, 6557.87, 1197, 878
55, 5400, 3.26213e+008, 8.41847e+007, 4.10398e+008, 12856, 6548.28, 1197, 878
56, 5500, 3.25834e+008, 8.39808e+007, 4.09814e+008, 12832, 6544.63, 1196, 879
57, 5600, 3.25285e+008, 8.35139e+007, 4.08799e+008, 12811, 6518.92, 1195, 880
58, 5700, 3.24545e+008, 8.29633e+007, 4.07509e+008, 12752, 6505.9, 1195, 880
59, 5800, 3.23642e+008, 8.23406e+007, 4.05982e+008, 12693, 6487.09, 1195, 880
60, 5900, 3.23365e+008, 8.21893e+007, 4.05554e+008, 12687, 6478.23, 1195, 880
61, 6000, 3.2216e+008, 8.20111e+007, 4.04171e+008, 12664, 6475.92, 1195, 880
62, 6100, 3.21098e+008, 8.15796e+007, 4.02678e+008, 12622, 6463.29, 1196, 879
63, 6200, 3.21641e+008, 8.1648e+007, 4.03289e+008, 12661, 6448.78, 1196, 879
64, 6300, 3.20236e+008, 8.09804e+007, 4.01217e+008, 12592, 6431.1, 1197, 878
65, 6410, 3.19333e+008, 8.04837e+007, 3.99817e+008, 12546, 6415.09, 1197, 878
66, 6500, 3.18997e+008, 8.06063e+007, 3.99604e+008, 12566, 6414.63, 1197, 878
67, 6600, 3.17555e+008, 7.95983e+007, 3.97154e+008, 12457, 6389.85, 1197, 878
68, 6700, 3.17226e+008, 7.98039e+007, 3.9703e+008, 12493, 6387.89, 1197, 878
69, 6800, 3.16874e+008, 7.9623e+007, 3.96497e+008, 12487, 6376.47, 1197, 879
70, 6900, 3.16134e+008, 7.88779e+007, 3.95011e+008, 12418, 6351.9, 1196, 879
71, 7000, 3.15696e+008, 7.86397e+007, 3.94336e+008, 12412, 6335.78, 1196, 879
72, 7100, 3.14753e+008, 7.8322e+007, 3.93075e+008, 12365, 6334.17, 1196, 879
73, 7210, 3.15183e+008, 7.82634e+007, 3.93447e+008, 12397, 6313.09, 1196, 879
74, 7310, 3.1439e+008, 7.79177e+007, 3.92308e+008, 12354, 6307.08, 1196, 879
75, 7410, 3.13398e+008, 7.7485e+007, 3.90883e+008, 12315, 6291.92, 1196, 877
76, 7510, 3.13479e+008, 7.72472e+007, 3.90726e+008, 12309, 6275.66, 1196, 878
77, 7610, 3.13167e+008, 7.74792e+007, 3.90646e+008, 12338, 6279.72, 1196, 879
78, 7710, 3.12643e+008, 7.70629e+007, 3.89706e+008, 12298, 6266.29, 1196, 879
79, 7810, 3.12227e+008, 7.68343e+007, 3.89061e+008, 12284, 6254.83, 1195, 879
80, 7910, 3.11549e+008, 7.64044e+007, 3.87953e+008, 12250, 6237.09, 1195, 880
81, 8010, 3.10639e+008, 7.60555e+007, 3.86694e+008, 12203, 6232.53, 1195, 880
82, 8110, 3.10021e+008, 7.57519e+007, 3.85773e+008, 12184, 6217.33, 1194, 880
83, 8210, 3.09987e+008, 7.55924e+007, 3.8558e+008, 12180, 6206.27, 1194, 880
84, 8310, 3.0944e+008, 7.52485e+007, 3.84689e+008, 12155, 6190.74, 1193, 881
85, 8410, 3.097e+008, 7.52584e+007, 3.84958e+008, 12172, 6182.91, 1193, 881
86, 8510, 3.0883e+008, 7.48396e+007, 3.8367e+008, 12115, 6177.44, 1194, 881
87, 8610, 3.07856e+008, 7.46223e+007, 3.82479e+008, 12092, 6171.21, 1194, 880
88, 8710, 3.0679e+008, 7.4144e+007, 3.80934e+008, 12040, 6158.14, 1195, 879
89, 8810, 3.07676e+008, 7.43624e+007, 3.82038e+008, 12108, 6141.59, 1195, 879
90, 8910, 3.06373e+008, 7.40862e+007, 3.80459e+008, 12053, 6146.7, 1196, 879
91, 9010, 3.06058e+008, 7.39341e+007, 3.79992e+008, 12054, 6133.58, 1196, 878
92, 9110, 3.05381e+008, 7.35083e+007, 3.78889e+008, 12026, 6112.45, 1195, 879
93, 9210, 3.03991e+008, 7.29125e+007, 3.76903e+008, 11948, 6102.48, 1195, 879
94, 9310, 3.04658e+008, 7.31359e+007, 3.77794e+008, 12019, 6085.03, 1194, 880
95, 9410, 3.03301e+008, 7.2569e+007, 3.7587e+008, 11927, 6084.43, 1195, 879
96, 9510, 3.03312e+008, 7.24755e+007, 3.75788e+008, 11931, 6074.56, 1195, 879
97, 9610, 3.02468e+008, 7.23142e+007, 3.74783e+008, 11922, 6065.61, 1195, 879
98, 9710, 3.01699e+008, 7.1793e+007, 3.73492e+008, 11862, 6052.36, 1195, 879
99, 9810, 3.00545e+008, 6.9484e+007, 3.70029e+008, 11775, 5900.98, 1195, 879
100, 9910, 2.9904e+008, 6.80217e+007, 3.67061e+008, 11681, 5823.28, 1195, 879
101, 10010, 2.98474e+008, 6.8006e+007, 3.6648e+008, 11677, 5823.93, 1195, 879
102, 10110, 2.97218e+008, 6.73292e+007, 3.64547e+008, 11627, 5790.77, 1195, 878
103, 10210, 2.95852e+008, 6.66878e+007, 3.62539e+008, 11574, 5761.87, 1195, 878
104, 10310, 2.95427e+008, 6.64311e+007, 3.61858e+008, 11543, 5755.09, 1195, 878
105, 10410, 2.95994e+008, 6.63549e+007, 3.62349e+008, 11562, 5739.05, 1195, 879
106, 10510, 2.96378e+008, 6.62314e+007, 3.62609e+008, 11580, 5719.47, 1194, 879
107, 10610, 2.95765e+008, 6.60362e+007, 3.61801e+008, 11549, 5717.91, 1194, 880
108, 10710, 2.97e+008, 6.60271e+007, 3.63027e+008, 11582, 5700.84, 1193, 880
109, 10810, 2.98585e+008, 6.62333e+007, 3.64818e+008, 11625, 5697.49, 1192, 881
110, 10910, 2.99814e+008, 6.6353e+007, 3.66167e+008, 11664, 5688.7, 1192, 882
111, 11010, 3.01557e+008, 6.64939e+007, 3.6805e+008, 11705, 5680.81, 1191, 882
112, 11110, 3.03028e+008, 6.69688e+007, 3.69997e+008, 11783, 5683.51, 1191, 882
113, 11210, 3.04169e+008, 6.69575e+007, 3.71127e+008, 11784, 5682.06, 1191, 883
114, 11310, 3.05269e+008, 6.69411e+007, 3.72211e+008, 11809, 5668.65, 1191, 883
115, 11410, 3.07021e+008, 6.72904e+007, 3.74311e+008, 11877, 5665.6, 1191, 883
116, 11510, 3.08102e+008, 6.72561e+007, 3.75358e+008, 11891, 5656.05, 1191, 883
117, 11610, 3.08775e+008, 6.74406e+007, 3.76215e+008, 11903, 5665.85, 1191, 882
118, 11710, 3.09979e+008, 6.75039e+007, 3.77482e+008, 11916, 5664.98, 1191, 882
119, 11810, 3.11581e+008, 6.78407e+007, 3.79422e+008, 11971, 5667.09, 1191, 883
120, 11910, 3.14754e+008, 6.84617e+007, 3.83216e+008, 12094, 5660.8, 1191, 883
121, 12010, 3.15914e+008, 6.83746e+007, 3.84289e+008, 12068, 5665.78, 1191, 883
122, 12110, 3.19085e+008, 6.88783e+007, 3.87964e+008, 12180, 5655.03, 1190, 884
123, 12210, 3.21194e+008, 6.90745e+007, 3.90269e+008, 12226, 5649.8, 1190, 884
124, 12310, 3.23252e+008, 6.90107e+007, 3.92262e+008, 12263, 5627.56, 1190, 884
125, 12410, 3.24693e+008, 6.94088e+007, 3.94102e+008, 12306, 5640.24, 1190, 884
126, 12510, 3.27479e+008, 6.98843e+007, 3.97363e+008, 12369, 5649.95, 1190, 884
127, 12610, 3.30535e+008, 7.04562e+007, 4.00991e+008, 12426, 5670.06, 1190, 883
128, 12710, 3.33394e+008, 7.06223e+007, 4.04016e+008, 12517, 5642.11, 1189, 884
129, 12810, 3.37604e+008, 7.11022e+007, 4.08706e+008, 12606, 5640.34, 1189, 884
130, 12910, 3.38605e+008, 7.09187e+007, 4.09523e+008, 12622, 5618.66, 1187, 887
131, 13010, 3.40263e+008, 7.104e+007, 4.11303e+008, 12624, 5627.38, 1187, 886
132, 13110, 3.42191e+008, 7.09246e+007, 4.13115e+008, 12653, 5605.36, 1186, 887
133, 13210, 3.44203e+008, 7.16327e+007, 4.15835e+008, 12753, 5616.93, 1186, 888
134, 13310, 3.458e+008, 7.14601e+007, 4.1726e+008, 12756, 5602.08, 1186, 888
135, 13410, 3.47282e+008, 7.14948e+007, 4.18777e+008, 12776, 5596.02, 1184, 889
136, 13510, 3.48618e+008, 7.15648e+007, 4.20183e+008, 12814, 5584.89, 1184, 890
137, 13610, 3.48719e+008, 7.14659e+007, 4.20185e+008, 12802, 5582.4, 1185, 888
138, 13710, 3.49221e+008, 7.12305e+007, 4.20451e+008, 12779, 5574.03, 1184, 890
139, 13810, 3.48435e+008, 7.13201e+007, 4.19755e+008, 12777, 5581.91, 1185, 889
140, 13910, 3.49486e+008, 7.10514e+007, 4.20537e+008, 12782, 5558.71, 1183, 890
141, 14010, 3.49865e+008, 7.12985e+007, 4.21163e+008, 12787, 5575.86, 1183, 891
142, 14110, 3.50233e+008, 7.11272e+007, 4.2136e+008, 12792, 5560.29, 1183, 890
143, 14210, 3.5119e+008, 7.10915e+007, 4.22282e+008, 12794, 5556.63, 1181, 892
144, 14310, 3.50841e+008, 7.1239e+007, 4.2208e+008, 12812, 5560.33, 1183, 891
145, 14410, 3.51079e+008, 7.07815e+007, 4.21861e+008, 12789, 5534.56, 1181, 893
146, 14510, 3.49714e+008, 7.0851e+007, 4.20565e+008, 12752, 5556.07, 1183, 891
147, 14610, 3.50203e+008, 7.05535e+007, 4.20756e+008, 12740, 5537.95, 1182, 892
148, 14710, 3.50909e+008, 7.07161e+007, 4.21625e+008, 12760, 5542.01, 1182, 892
149, 14810, 3.49957e+008, 7.0567e+007, 4.20524e+008, 12742, 5538.14, 1183, 890
150, 14910, 3.50381e+008, 7.02975e+007, 4.20678e+008, 12739, 5518.29, 1181, 892
151, 15010, 3.48794e+008, 7.01311e+007, 4.18926e+008, 12678, 5531.72, 1183, 891
152, 15110, 3.49698e+008, 7.0058e+007, 4.19756e+008, 12731, 5502.95, 1181, 892
153, 15210, 3.49681e+008, 7.00266e+007, 4.19707e+008, 12710, 5509.57, 1182, 892
154, 15310, 3.48781e+008, 6.97112e+007, 4.18492e+008, 12676, 5499.46, 1182, 891
155, 15410, 3.48843e+008, 6.96289e+007, 4.18472e+008, 12652, 5503.39, 1180, 893
156, 15510, 3.48046e+008, 6.9655e+007, 4.17701e+008, 12662, 5501.1, 1182, 892
157, 15610, 3.48821e+008, 6.94591e+007, 4.1828e+008, 12672, 5481.31, 1180, 893
158, 15710, 3.48971e+008, 6.93552e+007, 4.18327e+008, 12657, 5479.59, 1179, 894
159, 15810, 3.47062e+008, 6.89394e+007, 4.16001e+008, 12587, 5477.03, 1182, 891
160, 15910, 3.49066e+008, 6.91321e+007, 4.18198e+008, 12657, 5461.97, 1179, 894
161, 16010, 3.47129e+008, 6.8657e+007, 4.15786e+008, 12575, 5459.8, 1181, 892
162, 16110, 3.48902e+008, 6.89307e+007, 4.17833e+008, 12653, 5447.78, 1178, 895
163, 16210, 3.48235e+008, 6.86353e+007, 4.1687e+008, 12595, 5449.41, 1178, 895
164, 16310, 3.4628e+008, 6.82983e+007, 4.14579e+008, 12545, 5444.26, 1179, 894
165, 16410, 3.47555e+008, 6.82459e+007, 4.15801e+008, 12552, 5437.06, 1177, 896
166, 16510, 3.44457e+008, 6.76231e+007, 4.1208e+008, 12458, 5428.09, 1180, 892
167, 16610, 3.4633e+008, 6.78691e+007, 4.14199e+008, 12514, 5423.46, 1177, 896
168, 16710, 3.43896e+008, 6.74038e+007, 4.11299e+008, 12441, 5417.87, 1179, 894
169, 16810, 3.44298e+008, 6.75103e+007, 4.11808e+008, 12464, 5416.43, 1178, 894
170, 16910, 3.44735e+008, 6.75918e+007, 4.12326e+008, 12498, 5408.21, 1178, 895
171, 17010, 3.41883e+008, 6.69815e+007, 4.08865e+008, 12398, 5402.61, 1180, 893
172, 17110, 3.43612e+008, 6.70748e+007, 4.10687e+008, 12438, 5392.73, 1177, 896
173, 17210, 3.412e+008, 6.66736e+007, 4.07874e+008, 12385, 5383.42, 1180, 893
174, 17310, 3.41415e+008, 6.6686e+007, 4.08101e+008, 12389, 5382.68, 1179, 894
175, 17410, 3.42314e+008, 6.6842e+007, 4.09156e+008, 12421, 5381.37, 1178, 895
176, 17510, 3.39794e+008, 6.6202e+007, 4.05996e+008, 12314, 5376.16, 1180, 893
177, 17610, 3.41081e+008, 6.64768e+007, 4.07557e+008, 12377, 5371, 1178, 895
178, 17710, 3.38868e+008, 6.60287e+007, 4.04896e+008, 12319, 5359.9, 1180, 893
179, 17810, 3.39767e+008, 6.62347e+007, 4.06002e+008, 12351, 5362.7, 1177, 896
180, 17910, 3.39202e+008, 6.59965e+007, 4.05199e+008, 12316, 5358.6, 1178, 895
181, 18010, 3.36814e+008, 6.55795e+007, 4.02393e+008, 12237, 5359.12, 1180, 894
182, 18110, 3.38573e+008, 6.58737e+007, 4.04447e+008, 12295, 5357.76, 1177, 896
183, 18210, 3.36492e+008, 6.53303e+007, 4.01822e+008, 12221, 5345.74, 1178, 894
184, 18310, 3.36472e+008, 6.53571e+007, 4.01829e+008, 12225, 5346.19, 1176, 896
185, 18410, 3.36013e+008, 6.51512e+007, 4.01165e+008, 12204, 5338.51, 1178, 895
186, 18510, 3.37059e+008, 6.5668e+007, 4.02727e+008, 12290, 5343.21, 1176, 897
187, 18610, 3.37368e+008, 6.54706e+007, 4.02838e+008, 12264, 5338.44, 1175, 898
188, 18710, 3.36655e+008, 6.54431e+007, 4.02098e+008, 12242, 5345.79, 1176, 898
189, 18810, 3.36094e+008, 6.51365e+007, 4.01231e+008, 12240, 5321.61, 1175, 898
190, 18910, 3.35563e+008, 6.4902e+007, 4.00465e+008, 12200, 5319.84, 1175, 898
191, 19010, 3.34796e+008, 6.4627e+007, 3.99423e+008, 12154, 5317.35, 1175, 898
192, 19110, 3.34093e+008, 6.46135e+007, 3.98707e+008, 12168, 5310.12, 1175, 898
193, 19210, 3.33484e+008, 6.42445e+007, 3.97729e+008, 12124, 5298.95, 1174, 898
194, 19310, 3.32114e+008, 6.39325e+007, 3.96047e+008, 12061, 5300.76, 1174, 898
195, 19410, 3.32683e+008, 6.39537e+007, 3.96636e+008, 12091, 5289.36, 1173, 899
196, 19510, 3.32082e+008, 6.40025e+007, 3.96084e+008, 12097, 5290.78, 1173, 899
197, 19610, 3.30772e+008, 6.36584e+007, 3.9443e+008, 12039, 5287.68, 1173, 899
198, 19710, 3.29603e+008, 6.32658e+007, 3.92868e+008, 11981, 5280.51, 1172, 900
199, 19810, 3.30015e+008, 6.34556e+007, 3.9347e+008, 12019, 5279.61, 1172, 900
200, 19910, 3.29817e+008, 6.32399e+007, 3.93056e+008, 12000, 5269.99, 1172, 900
201, 20010, 3.29286e+008, 6.31958e+007, 3.92482e+008, 11980, 5275.11, 1172, 899
202, 20110, 3.28439e+008, 6.28872e+007, 3.91327e+008, 11957, 5259.45, 1171, 900
203, 20210, 3.28223e+008, 6.28735e+007, 3.91096e+008, 11948, 5262.26, 1171, 900
204, 20310, 3.27085e+008, 6.25779e+007, 3.89663e+008, 11910, 5254.23, 1171, 900
205, 20410, 3.26505e+008, 6.23252e+007, 3.88831e+008, 11884, 5244.46, 1171, 900
206, 20510, 3.25378e+008, 6.21188e+007, 3.87496e+008, 11851, 5241.65, 1171, 900
207, 20610, 3.24706e+008, 6.2074e+007, 3.8678e+008, 11838, 5243.62, 1172, 899
208, 20710, 3.24254e+008, 6.19974e+007, 3.86251e+008, 11821, 5244.68, 1172, 899
209, 20810, 3.23499e+008, 6.17493e+007, 3.85248e+008, 11793, 5236.1, 1172, 899
210, 20910, 3.23015e+008, 6.17589e+007, 3.84774e+008, 11805, 5231.59, 1172, 899
211, 21010, 3.22512e+008, 6.15841e+007, 3.84096e+008, 11775, 5230.07, 1171, 900
212, 21110, 3.22644e+008, 6.15432e+007, 3.84187e+008, 11776, 5226.15, 1171, 900
213, 21210, 3.21666e+008, 6.11094e+007, 3.82776e+008, 11719, 5214.56, 1170, 900
214, 21310, 3.21217e+008, 6.11266e+007, 3.82343e+008, 11713, 5218.7, 1170, 900
215, 21410, 3.20343e+008, 6.10381e+007, 3.81381e+008, 11701, 5216.48, 1170, 900
216, 21510, 3.2025e+008, 6.10793e+007, 3.81329e+008, 11720, 5211.55, 1170, 900
217, 21610, 3.19168e+008, 6.05542e+007, 3.79723e+008, 11645, 5200.02, 1169, 901
218, 21710, 3.1874e+008, 6.07684e+007, 3.79509e+008, 11669, 5207.68, 1169, 901
219, 21810, 3.18405e+008, 6.06065e+007, 3.79011e+008, 11646, 5204.06, 1169, 901
220, 21910, 3.17219e+008, 6.03745e+007, 3.77594e+008, 11604, 5202.9, 1169, 901
221, 22010, 3.17364e+008, 6.03242e+007, 3.77689e+008, 11616, 5193.2, 1169, 901
222, 22110, 3.16387e+008, 6.02197e+007, 3.76606e+008, 11587, 5197.18, 1169, 901
223, 22210, 3.15333e+008, 6.01468e+007, 3.75479e+008, 11562, 5202.11, 1169, 901
224, 22310, 3.15568e+008, 5.99413e+007, 3.7551e+008, 11544, 5192.42, 1169, 900
225, 22410, 3.14712e+008, 5.98143e+007, 3.74526e+008, 11524, 5190.41, 1169, 900
226, 22510, 3.1417e+008, 5.97457e+007, 3.73916e+008, 11503, 5193.92, 1169, 900
227, 22610, 3.14212e+008, 5.97884e+007, 3.74001e+008, 11518, 5190.86, 1169, 900
228, 22710, 3.13319e+008, 5.96276e+007, 3.72947e+008, 11488, 5190.42, 1168, 900
229, 22810, 3.12692e+008, 5.95087e+007, 3.72201e+008, 11477, 5185.04, 1168, 900
230, 22910, 3.12282e+008, 5.9604e+007, 3.71886e+008, 11492, 5186.57, 1168, 900
231, 23010, 3.11636e+008, 5.93296e+007, 3.70966e+008, 11449, 5182.08, 1168, 900
232, 23110, 3.10569e+008, 5.92291e+007, 3.69798e+008, 11411, 5190.52, 1168, 901
233, 23210, 3.10905e+008, 5.91103e+007, 3.70015e+008, 11420, 5176.04, 1167, 901
234, 23310, 3.10569e+008, 5.91106e+007, 3.69679e+008, 11396, 5186.96, 1167, 901
235, 23410, 3.10272e+008, 5.92582e+007, 3.6953e+008, 11409, 5193.98, 1167, 901
236, 23510, 3.09778e+008, 5.9081e+007, 3.68859e+008, 11394, 5185.27, 1167, 901
237, 23610, 3.08772e+008, 5.90388e+007, 3.67811e+008, 11374, 5190.68, 1167, 901
238, 23710, 3.07894e+008, 5.87418e+007, 3.66636e+008, 11336, 5181.88, 1166, 901
239, 23810, 3.07433e+008, 5.87318e+007, 3.66165e+008, 11330, 5183.74, 1166, 901
240, 23910, 3.07477e+008, 5.876e+007, 3.66237e+008, 11327, 5187.6, 1166, 902
241, 24010, 3.06759e+008, 5.87039e+007, 3.65463e+008, 11321, 5185.4, 1166, 902
242, 24110, 3.06334e+008, 5.84647e+007, 3.64798e+008, 11294, 5176.62, 1165, 902
243, 24210, 3.05814e+008, 5.85754e+007, 3.64389e+008, 11298, 5184.58, 1165, 902
244, 24310, 3.04342e+008, 5.81157e+007, 3.62458e+008, 11202, 5187.98, 1165, 902
245, 24410, 3.04224e+008, 5.82089e+007, 3.62433e+008, 11223, 5186.57, 1165, 902
246, 24510, 3.04264e+008, 5.81776e+007, 3.62441e+008, 11229, 5181.01, 1165, 902
247, 24610, 3.03186e+008, 5.79242e+007, 3.6111e+008, 11187, 5177.82, 1164, 902
248, 24710, 3.02647e+008, 5.78772e+007, 3.60525e+008, 11194, 5170.38, 1164, 902
249, 24810, 3.02605e+008, 5.77894e+007, 3.60395e+008, 11179, 5169.46, 1164, 902
250, 24910, 3.01882e+008, 5.76994e+007, 3.59581e+008, 11165, 5167.88, 1164, 903
251, 25010, 3.01509e+008, 5.76808e+007, 3.59189e+008, 11148, 5174.1, 1164, 903
252, 25110, 3.01417e+008, 5.77351e+007, 3.59152e+008, 11156, 5175.25, 1163, 903
253, 25210, 3.01406e+008, 5.75809e+007, 3.58987e+008, 11146, 5166.06, 1163, 903
254, 25310, 3.00406e+008, 5.73506e+007, 3.57756e+008, 11111, 5161.6, 1163, 903
255, 25410, 3.0027e+008, 5.73727e+007, 3.57643e+008, 11120, 5159.42, 1163, 903
256, 25510, 2.99925e+008, 5.73158e+007, 3.5724e+008, 11120, 5154.3, 1162, 903
257, 25610, 2.99581e+008, 5.73104e+007, 3.56891e+008, 11115, 5156.14, 1162, 903
258, 25710, 2.98908e+008, 5.70865e+007, 3.55994e+008, 11070, 5156.86, 1162, 903
259, 25810, 2.98405e+008, 5.70737e+007, 3.55478e+008, 11078, 5151.99, 1162, 903
260, 25910, 2.97977e+008, 5.69137e+007, 3.54891e+008, 11044, 5153.36, 1161, 904
261, 26010, 2.97319e+008, 5.67036e+007, 3.54023e+008, 11027, 5142.25, 1161, 903
262, 26110, 2.95861e+008, 5.64531e+007, 3.52314e+008, 10939, 5160.72, 1161, 903
263, 26210, 2.95138e+008, 5.61519e+007, 3.51289e+008, 10921, 5141.64, 1161, 903
264, 26310, 2.94476e+008, 5.62999e+007, 3.50776e+008, 10954, 5139.67, 1160, 903
265, 26410, 2.95317e+008, 5.65985e+007, 3.51915e+008, 11009, 5141.11, 1160, 904
266, 26510, 2.94438e+008, 5.63547e+007, 3.50793e+008, 10970, 5137.16, 1160, 904
267, 26610, 2.93707e+008, 5.62899e+007, 3.49997e+008, 10955, 5138.29, 1160, 904
268, 26710, 2.93031e+008, 5.61397e+007, 3.4917e+008, 10921, 5140.53, 1160, 904
269, 26810, 2.93436e+008, 5.6172e+007, 3.49608e+008, 10932, 5138.31, 1160, 904
270, 26910, 2.92741e+008, 5.60896e+007, 3.48831e+008, 10899, 5146.3, 1160, 904
271, 27010, 2.93792e+008, 5.61168e+007, 3.49908e+008, 10939, 5129.97, 1160, 904
272, 27110, 2.92735e+008, 5.59405e+007, 3.48676e+008, 10907, 5128.86, 1159, 904
273, 27210, 2.92397e+008, 5.59131e+007, 3.4831e+008, 10890, 5134.35, 1159, 905
274, 27310, 2.92405e+008, 5.59209e+007, 3.48326e+008, 10885, 5137.43, 1159, 905
275, 27410, 2.91952e+008, 5.58808e+007, 3.47833e+008, 10878, 5137.05, 1159, 905
276, 27510, 2.9155e+008, 5.58882e+007, 3.47438e+008, 10873, 5140.09, 1159, 905
277, 27610, 2.91258e+008, 5.58441e+007, 3.47102e+008, 10872, 5136.5, 1158, 905
278, 27710, 2.91275e+008, 5.56099e+007, 3.46885e+008, 10854, 5123.45, 1158, 905
279, 27810, 2.913e+008, 5.56937e+007, 3.46993e+008, 10864, 5126.45, 1158, 905
280, 27910, 2.91057e+008, 5.57075e+007, 3.46764e+008, 10863, 5128.19, 1158, 905
281, 28010, 2.90464e+008, 5.55438e+007, 3.46008e+008, 10837, 5125.38, 1158, 905
282, 28110, 2.91036e+008, 5.5824e+007, 3.46861e+008, 10872, 5134.66, 1158, 905
283, 28210, 2.89567e+008, 5.54585e+007, 3.45026e+008, 10818, 5126.5, 1158, 904
284, 28310, 2.89662e+008, 5.53975e+007, 3.4506e+008, 10794, 5132.25, 1158, 905
285, 28410, 2.90337e+008, 5.54009e+007, 3.45738e+008, 10826, 5117.4, 1157, 905
286, 28510, 2.90315e+008, 5.55702e+007, 3.45885e+008, 10834, 5129.24, 1157, 906
287, 28610, 2.90578e+008, 5.5499e+007, 3.46077e+008, 10828, 5125.51, 1157, 906
288, 28710, 2.89394e+008, 5.52291e+007, 3.44623e+008, 10781, 5122.82, 1157, 906
289, 28810, 2.89651e+008, 5.55011e+007, 3.45152e+008, 10834, 5122.86, 1157, 906
290, 28910, 2.88467e+008, 5.52101e+007, 3.43677e+008, 10772, 5125.34, 1157, 906
291, 29010, 2.88993e+008, 5.52834e+007, 3.44276e+008, 10782, 5127.38, 1157, 906
292, 29110, 2.89138e+008, 5.51519e+007, 3.4429e+008, 10789, 5111.87, 1156, 906
293, 29210, 2.89428e+008, 5.51857e+007, 3.44614e+008, 10788, 5115.47, 1156, 906
294, 29310, 2.88984e+008, 5.50357e+007, 3.4402e+008, 10767, 5111.52, 1156, 906
295, 29410, 2.88496e+008, 5.50962e+007, 3.43592e+008, 10777, 5112.39, 1156, 906
296, 29510, 2.87304e+008, 5.49776e+007, 3.42282e+008, 10747, 5115.62, 1156, 906
297, 29610, 2.87236e+008, 5.50686e+007, 3.42305e+008, 10765, 5115.53, 1156, 906
298, 29710, 2.86569e+008, 5.47867e+007, 3.41356e+008, 10733, 5104.51, 1155, 906
299, 29810, 2.87331e+008, 5.50427e+007, 3.42374e+008, 10753, 5118.83, 1156, 906
300, 29910, 2.87438e+008, 5.50122e+007, 3.4245e+008, 10749, 5117.89, 1156, 906
301, 30010, 2.86791e+008, 5.47041e+007, 3.41495e+008, 10687, 5118.75, 1156, 906
302, 30110, 2.88127e+008, 5.52812e+007, 3.43408e+008, 10772, 5131.93, 1156, 906
303, 30210, 2.8897e+008, 5.56227e+007, 3.44593e+008, 10823, 5139.31, 1156, 906
304, 30310, 2.88418e+008, 5.55122e+007, 3.4393e+008, 10791, 5144.3, 1156, 906
305, 30410, 2.87723e+008, 5.52507e+007, 3.42974e+008, 10729, 5149.66, 1156, 906
306, 30510, 2.87132e+008, 5.51208e+007, 3.42253e+008, 10731, 5136.6, 1156, 906
307, 30610, 2.85533e+008, 5.4918e+007, 3.40451e+008, 10707, 5129.17, 1156, 906
308, 30710, 2.83826e+008, 5.44286e+007, 3.38255e+008, 10630, 5120.28, 1156, 906
309, 30810, 2.82396e+008, 5.42607e+007, 3.36657e+008, 10594, 5121.83, 1156, 905
310, 30910, 2.81585e+008, 5.40911e+007, 3.35676e+008, 10562, 5121.29, 1157, 905
311, 31010, 2.80133e+008, 5.38101e+007, 3.33943e+008, 10535, 5107.75, 1157, 905
312, 31110, 2.78476e+008, 5.35764e+007, 3.32052e+008, 10500, 5102.52, 1157, 905
313, 31210, 2.76522e+008, 5.32521e+007, 3.29774e+008, 10435, 5103.22, 1157, 904
314, 31310, 2.76173e+008, 5.32133e+007, 3.29387e+008, 10450, 5092.18, 1157, 904
315, 31410, 2.74313e+008, 5.28681e+007, 3.27181e+008, 10381, 5092.78, 1157, 904
316, 31510, 2.72567e+008, 5.2394e+007, 3.24961e+008, 10300, 5086.79, 1158, 904
317, 31610, 2.71174e+008, 5.21732e+007, 3.23348e+008, 10249, 5090.57, 1158, 903
318, 31710, 2.69619e+008, 5.2035e+007, 3.21654e+008, 10222, 5090.49, 1158, 903
319, 31810, 2.69099e+008, 5.1996e+007, 3.21095e+008, 10226, 5084.69, 1158, 903
320, 31910, 2.68711e+008, 5.19133e+007, 3.20624e+008, 10236, 5071.64, 1158, 903
321, 32010, 2.67458e+008, 5.19155e+007, 3.19374e+008, 10216, 5081.78, 1159, 903
322, 32110, 2.66436e+008, 5.17677e+007, 3.18203e+008, 10187, 5081.74, 1159, 903
323, 32210, 2.64882e+008, 5.14412e+007, 3.16323e+008, 10130, 5078.11, 1159, 902
324, 32310, 2.64339e+008, 5.14466e+007, 3.15786e+008, 10118, 5084.66, 1160, 902
325, 32410, 2.6345e+008, 5.13428e+007, 3.14793e+008, 10110, 5078.42, 1160, 902
326, 32510, 2.62855e+008, 5.11128e+007, 3.13968e+008, 10074, 5073.74, 1160, 902
327, 32610, 2.6316e+008, 5.12196e+007, 3.1438e+008, 10086, 5078.29, 1161, 901
328, 32710, 2.61492e+008, 5.07519e+007, 3.12244e+008, 9980, 5085.37, 1161, 900
329, 32810, 2.59513e+008, 5.04479e+007, 3.09961e+008, 9906, 5092.66, 1162, 900
330, 32910, 2.56679e+008, 4.98754e+007, 3.06554e+008, 9818, 5079.99, 1161, 899
331, 33010, 2.55011e+008, 4.98538e+007, 3.04865e+008, 9818, 5077.8, 1161, 899
332, 33110, 2.56048e+008, 5.04384e+007, 3.06486e+008, 9905, 5092.21, 1161, 900
333, 33210, 2.55834e+008, 5.0459e+007, 3.06293e+008, 9902, 5095.84, 1162, 900
334, 33310, 2.56075e+008, 5.07165e+007, 3.06792e+008, 9945, 5099.7, 1162, 900
335, 33410, 2.55934e+008, 5.07548e+007, 3.06689e+008, 9951, 5100.47, 1162, 900
336, 33510, 2.55046e+008, 5.0402e+007, 3.05448e+008, 9886, 5098.32, 1162, 900
337, 33610, 2.53969e+008, 5.02175e+007, 3.04186e+008, 9840, 5103.4, 1162, 900
338, 33710, 2.53556e+008, 5.01352e+007, 3.03692e+008, 9824, 5103.34, 1162, 900
339, 33810, 2.53752e+008, 5.03261e+007, 3.04078e+008, 9863, 5102.51, 1162, 900
340, 33910, 2.52828e+008, 5.0296e+007, 3.03124e+008, 9829, 5117.1, 1162, 900
341, 34010, 2.53679e+008, 5.05061e+007, 3.04185e+008, 9871, 5116.61, 1162, 900
342, 34110, 2.52203e+008, 5.00981e+007, 3.02301e+008, 9774, 5125.65, 1162, 900
343, 34210, 2.51601e+008, 4.99978e+007, 3.01599e+008, 9754, 5125.88, 1162, 900
344, 34310, 2.52101e+008, 5.01552e+007, 3.02257e+008, 9786, 5125.2, 1162, 900
345, 34410, 2.52668e+008, 5.06342e+007, 3.03302e+008, 9884, 5122.84, 1162, 900
346, 34510, 2.53888e+008, 5.11103e+007, 3.04998e+008, 9993, 5114.61, 1162, 901
347, 34610, 2.52192e+008, 5.06618e+007, 3.02854e+008, 9873, 5131.35, 1162, 902
348, 34710, 2.52258e+008, 5.05655e+007, 3.02824e+008, 9860, 5128.34, 1161, 902
349, 34810, 2.51986e+008, 5.04898e+007, 3.02476e+008, 9868, 5116.52, 1161, 902
350, 34910, 2.51933e+008, 5.04708e+007, 3.02404e+008, 9842, 5128.1, 1161, 902
351, 35010, 2.52005e+008, 5.05518e+007, 3.02556e+008, 9855, 5129.55, 1161, 902
352, 35110, 2.51459e+008, 5.02812e+007, 3.0174e+008, 9815, 5122.89, 1161, 902
353, 35210, 2.50925e+008, 5.03635e+007, 3.01288e+008, 9818, 5129.72, 1161, 902
354, 35310, 2.50294e+008, 5.01914e+007, 3.00485e+008, 9785, 5129.43, 1161, 902
355, 35410, 2.49796e+008, 5.01485e+007, 2.99945e+008, 9784, 5125.56, 1162, 901
356, 35510, 2.49755e+008, 5.03708e+007, 3.00126e+008, 9814, 5132.54, 1162, 901
357, 35610, 2.50006e+008, 5.00703e+007, 3.00077e+008, 9792, 5113.39, 1161, 901
358, 35710, 2.49545e+008, 5.00122e+007, 2.99557e+008, 9753, 5127.88, 1161, 901
359, 35810, 2.49739e+008, 5.00198e+007, 2.99758e+008, 9764, 5122.88, 1161, 901
360, 35910, 2.49775e+008, 5.01922e+007, 2.99968e+008, 9792, 5125.84, 1161, 901
361, 36010, 2.49393e+008, 5.02226e+007, 2.99615e+008, 9781, 5134.71, 1162, 900
362, 36110, 2.50517e+008, 5.0786e+007, 3.01303e+008, 9879, 5140.8, 1163, 900
363, 36210, 2.5048e+008, 5.06341e+007, 3.01114e+008, 9869, 5130.62, 1163, 900
364, 36310, 2.4909e+008, 5.03327e+007, 2.99423e+008, 9804, 5133.89, 1162, 900
365, 36410, 2.48875e+008, 5.02127e+007, 2.99088e+008, 9785, 5131.6, 1162, 900
366, 36510, 2.47625e+008, 4.99683e+007, 2.97593e+008, 9708, 5147.13, 1162, 900
367, 36610, 2.4623e+008, 4.95156e+007, 2.95746e+008, 9620, 5147.15, 1162, 899
368, 36710, 2.45876e+008, 4.95671e+007, 2.95443e+008, 9640, 5141.82, 1162, 899
369, 36810, 2.45583e+008, 4.94548e+007, 2.95038e+008, 9620, 5140.84, 1163, 899
370, 36910, 2.45969e+008, 4.97272e+007, 2.95696e+008, 9642, 5157.35, 1163, 899
371, 37010, 2.46792e+008, 4.982e+007, 2.96612e+008, 9695, 5138.73, 1163, 899
372, 37110, 2.45815e+008, 4.96121e+007, 2.95427e+008, 9645, 5143.81, 1164, 898
373, 37210, 2.44656e+008, 4.90739e+007, 2.9373e+008, 9549, 5139.17, 1164, 898
374, 37310, 2.43209e+008, 4.84027e+007, 2.91612e+008, 9412, 5142.66, 1164, 897
375, 37410, 2.41201e+008, 4.78706e+007, 2.89071e+008, 9289, 5153.47, 1164, 896
376, 37510, 2.41556e+008, 4.81202e+007, 2.89676e+008, 9344, 5149.85, 1164, 896
377, 37610, 2.4258e+008, 4.90421e+007, 2.91622e+008, 9528, 5147.16, 1165, 896
378, 37710, 2.43896e+008, 4.98306e+007, 2.93727e+008, 9694, 5140.36, 1165, 896
379, 37810, 2.43971e+008, 5.02117e+007, 2.94183e+008, 9776, 5136.22, 1165, 896
380, 37910, 2.43425e+008, 5.00176e+007, 2.93443e+008, 9727, 5142.14, 1165, 896
381, 38010, 2.42537e+008, 4.97197e+007, 2.92257e+008, 9670, 5141.64, 1165, 896
382, 38110, 2.42659e+008, 4.96195e+007, 2.92279e+008, 9652, 5140.85, 1165, 896
383, 38210, 2.4249e+008, 4.95496e+007, 2.9204e+008, 9634, 5143.2, 1165, 896
384, 38310, 2.43201e+008, 4.94438e+007, 2.92644e+008, 9635, 5131.68, 1165, 897
385, 38410, 2.42992e+008, 4.9228e+007, 2.9222e+008, 9585, 5135.95, 1165, 898
386, 38510, 2.43505e+008, 4.9125e+007, 2.9263e+008, 9588, 5123.59, 1164, 898
387, 38610, 2.43493e+008, 4.90696e+007, 2.92562e+008, 9573, 5125.83, 1164, 898
388, 38710, 2.44599e+008, 4.92082e+007, 2.93807e+008, 9592, 5130.13, 1165, 897
389, 38810, 2.43261e+008, 4.89707e+007, 2.92231e+008, 9532, 5137.5, 1166, 896
390, 38910, 2.40721e+008, 4.86416e+007, 2.89362e+008, 9479, 5131.51, 1167, 894
391, 39010, 2.38976e+008, 4.85043e+007, 2.8748e+008, 9469, 5122.43, 1168, 893
392, 39110, 2.38905e+008, 4.84628e+007, 2.87367e+008, 9462, 5121.84, 1168, 893
393, 39210, 2.39994e+008, 4.86285e+007, 2.88622e+008, 9488, 5125.26, 1168, 894
394, 39310, 2.4045e+008, 4.85487e+007, 2.88999e+008, 9488, 5116.86, 1168, 895
395, 39410, 2.39909e+008, 4.84236e+007, 2.88333e+008, 9476, 5110.13, 1168, 894
396, 39510, 2.40651e+008, 4.87365e+007, 2.89387e+008, 9527, 5115.61, 1169, 894
397, 39610, 2.39516e+008, 4.84412e+007, 2.87958e+008, 9468, 5116.31, 1169, 894
398, 39710, 2.3763e+008, 4.78879e+007, 2.85517e+008, 9371, 5110.22, 1169, 892
399, 39810, 2.35167e+008, 4.73941e+007, 2.82561e+008, 9278, 5108.22, 1169, 891
400, 39910, 2.34608e+008, 4.73741e+007, 2.81983e+008, 9279, 5105.52, 1170, 891
401, 40010, 2.36144e+008, 4.76129e+007, 2.83757e+008, 9344, 5095.56, 1170, 891
402, 40110, 2.38435e+008, 4.80853e+007, 2.86521e+008, 9445, 5091.09, 1169, 893
403, 40210, 2.38424e+008, 4.79984e+007, 2.86422e+008, 9435, 5087.27, 1169, 893
404, 40310, 2.381e+008, 4.80444e+007, 2.86145e+008, 9432, 5093.76, 1169, 893
405, 40410, 2.39042e+008, 4.82882e+007, 2.8733e+008, 9484, 5091.54, 1170, 893
406, 40510, 2.38047e+008, 4.8248e+007, 2.86295e+008, 9491, 5083.55, 1170, 893
407, 40610, 2.38119e+008, 4.81982e+007, 2.86317e+008, 9505, 5070.82, 1170, 892
408, 40710, 2.36778e+008, 4.80213e+007, 2.84799e+008, 9457, 5077.86, 1171, 892
409, 40810, 2.37617e+008, 4.83439e+007, 2.85961e+008, 9526, 5074.94, 1172, 891
410, 40910, 2.38193e+008, 4.85334e+007, 2.86727e+008, 9569, 5071.94, 1172, 891
411, 41010, 2.39477e+008, 4.88812e+007, 2.88358e+008, 9634, 5073.82, 1172, 892
412, 41110, 2.38963e+008, 4.84387e+007, 2.87402e+008, 9568, 5062.58, 1171, 893
413, 41210, 2.37935e+008, 4.7824e+007, 2.85759e+008, 9459, 5055.93, 1171, 893
414, 41310, 2.37672e+008, 4.80657e+007, 2.85738e+008, 9506, 5056.35, 1172, 892
415, 41410, 2.36674e+008, 4.77029e+007, 2.84377e+008, 9460, 5042.59, 1171, 892
416, 41510, 2.36672e+008, 4.75299e+007, 2.84202e+008, 9437, 5036.55, 1171, 891
417, 41610, 2.35977e+008, 4.7624e+007, 2.83601e+008, 9435, 5047.58, 1172, 891
418, 41710, 2.36055e+008, 4.7611e+007, 2.83666e+008, 9441, 5043.01, 1172, 891
419, 41810, 2.36482e+008, 4.76255e+007, 2.84107e+008, 9458, 5035.47, 1172, 891
420, 41910, 2.36059e+008, 4.74549e+007, 2.83514e+008, 9422, 5036.6, 1171, 891
421, 42010, 2.35304e+008, 4.72923e+007, 2.82596e+008, 9396, 5033.24, 1172, 891
422, 42110, 2.33619e+008, 4.69479e+007, 2.80567e+008, 9331, 5031.39, 1173, 890
423, 42210, 2.3409e+008, 4.72752e+007, 2.81365e+008, 9391, 5034.1, 1173, 889
424, 42310, 2.34891e+008, 4.74948e+007, 2.82386e+008, 9437, 5032.83, 1174, 890
425, 42410, 2.35239e+008, 4.73317e+007, 2.8257e+008, 9406, 5032.08, 1173, 891
426, 42510, 2.34285e+008, 4.69488e+007, 2.81234e+008, 9336, 5028.79, 1173, 890
427, 42610, 2.33145e+008, 4.66588e+007, 2.79804e+008, 9277, 5029.51, 1173, 890
428, 42710, 2.3351e+008, 4.6986e+007, 2.80496e+008, 9333, 5034.39, 1174, 890
429, 42810, 2.32942e+008, 4.67187e+007, 2.79661e+008, 9310, 5018.12, 1173, 890
430, 42910, 2.33079e+008, 4.66864e+007, 2.79766e+008, 9311, 5014.12, 1173, 890
431, 43010, 2.33443e+008, 4.68671e+007, 2.8031e+008, 9337, 5019.5, 1173, 890
432, 43110, 2.33935e+008, 4.7179e+007, 2.81114e+008, 9414, 5011.58, 1173, 890
433, 43210, 2.3421e+008, 4.73424e+007, 2.81552e+008, 9461, 5003.95, 1172, 890
434, 43310, 2.33983e+008, 4.71784e+007, 2.81161e+008, 9428, 5004.07, 1172, 891
435, 43410, 2.34543e+008, 4.70739e+007, 2.81617e+008, 9414, 5000.42, 1171, 892
436, 43510, 2.34294e+008, 4.69929e+007, 2.81286e+008, 9395, 5001.9, 1171, 892
437, 43610, 2.33399e+008, 4.67966e+007, 2.80195e+008, 9367, 4995.9, 1171, 892
438, 43710, 2.33292e+008, 4.67346e+007, 2.80026e+008, 9363, 4991.41, 1171, 893
439, 43810, 2.33342e+008, 4.66223e+007, 2.79965e+008, 9352, 4985.27, 1170, 892
440, 43910, 2.34275e+008, 4.68052e+007, 2.8108e+008, 9386, 4986.71, 1170, 893
441, 44010, 2.34881e+008, 4.69821e+007, 2.81863e+008, 9418, 4988.54, 1170, 893
442, 44110, 2.34019e+008, 4.6741e+007, 2.8076e+008, 9377, 4984.65, 1170, 893
443, 44210, 2.33753e+008, 4.67514e+007, 2.80504e+008, 9368, 4990.54, 1171, 892
444, 44310, 2.33911e+008, 4.66519e+007, 2.80563e+008, 9350, 4989.51, 1170, 893
445, 44410, 2.33597e+008, 4.64551e+007, 2.80053e+008, 9338, 4974.84, 1170, 893
446, 44510, 2.33603e+008, 4.67099e+007, 2.80313e+008, 9374, 4982.93, 1171, 893
447, 44610, 2.3397e+008, 4.65887e+007, 2.80558e+008, 9384, 4964.69, 1170, 893
448, 44710, 2.34868e+008, 4.67765e+007, 2.81644e+008, 9430, 4960.39, 1170, 893
449, 44810, 2.3442e+008, 4.64644e+007, 2.80884e+008, 9351, 4968.92, 1170, 894
450, 44910, 2.34977e+008, 4.64324e+007, 2.8141e+008, 9369, 4955.96, 1170, 894
451, 45010, 2.33662e+008, 4.63392e+007, 2.80001e+008, 9330, 4966.69, 1170, 893
452, 45110, 2.32534e+008, 4.61505e+007, 2.78685e+008, 9318, 4952.84, 1170, 892
453, 45210, 2.31762e+008, 4.59834e+007, 2.77745e+008, 9279, 4955.64, 1170, 892
454, 45310, 2.30657e+008, 4.59629e+007, 2.7662e+008, 9262, 4962.53, 1171, 891
455, 45410, 2.31025e+008, 4.59773e+007, 2.77003e+008, 9275, 4957.12, 1171, 892
456, 45510, 2.33007e+008, 4.63369e+007, 2.79344e+008, 9359, 4951.05, 1171, 893
457, 45610, 2.33362e+008, 4.64234e+007, 2.79785e+008, 9367, 4956.05, 1171, 893
458, 45710, 2.33028e+008, 4.61955e+007, 2.79224e+008, 9347, 4942.28, 1171, 893
459, 45810, 2.32535e+008, 4.61654e+007, 2.78701e+008, 9327, 4949.65, 1171, 893
460, 45910, 2.31782e+008, 4.57981e+007, 2.7758e+008, 9291, 4929.29, 1171, 892
461, 46010, 2.30063e+008, 4.54785e+007, 2.75541e+008, 9227, 4928.85, 1171, 891
462, 46111, 2.30765e+008, 4.55233e+007, 2.76288e+008, 9246, 4923.56, 1171, 892
463, 46211, 2.31266e+008, 4.57077e+007, 2.76973e+008, 9278, 4926.46, 1172, 891
464, 46311, 2.29641e+008, 4.52286e+007, 2.7487e+008, 9184, 4924.72, 1172, 891
465, 46411, 2.30392e+008, 4.52446e+007, 2.75637e+008, 9198, 4918.96, 1172, 891
466, 46511, 2.30544e+008, 4.51545e+007, 2.75699e+008, 9185, 4916.11, 1172, 892
467, 46611, 2.30876e+008, 4.53504e+007, 2.76226e+008, 9223, 4917.1, 1172, 892
468, 46711, 2.31283e+008, 4.55913e+007, 2.76875e+008, 9256, 4925.59, 1173, 892
469, 46811, 2.31056e+008, 4.55855e+007, 2.76641e+008, 9267, 4919.12, 1173, 891
470, 46911, 2.31265e+008, 4.56969e+007, 2.76962e+008, 9301, 4913.12, 1173, 891
471, 47011, 2.30743e+008, 4.56443e+007, 2.76387e+008, 9291, 4912.74, 1174, 891
472, 47111, 2.29511e+008, 4.52394e+007, 2.7475e+008, 9206, 4914.12, 1174, 890
473, 47211, 2.284e+008, 4.50935e+007, 2.73493e+008, 9190, 4906.8, 1174, 890
474, 47311, 2.28892e+008, 4.50455e+007, 2.73938e+008, 9191, 4901.04, 1174, 889
475, 47411, 2.29388e+008, 4.51716e+007, 2.7456e+008, 9204, 4907.83, 1174, 890
476, 47511, 2.29932e+008, 4.51529e+007, 2.75084e+008, 9193, 4911.66, 1174, 890
477, 47611, 2.30493e+008, 4.52396e+007, 2.75733e+008, 9232, 4900.3, 1174, 891
478, 47711, 2.30316e+008, 4.50556e+007, 2.75372e+008, 9214, 4889.9, 1173, 891
479, 47811, 2.29871e+008, 4.48416e+007, 2.74713e+008, 9181, 4884.17, 1173, 891
480, 47911, 2.28606e+008, 4.45849e+007, 2.73191e+008, 9109, 4894.59, 1173, 891
481, 48011, 2.28012e+008, 4.46395e+007, 2.72651e+008, 9126, 4891.47, 1174, 890
482, 48111, 2.28765e+008, 4.47979e+007, 2.73563e+008, 9187, 4876.23, 1173, 890
483, 48211, 2.2956e+008, 4.50965e+007, 2.74656e+008, 9242, 4879.51, 1173, 891
484, 48311, 2.30567e+008, 4.53303e+007, 2.75897e+008, 9304, 4872.13, 1173, 892
485, 48411, 2.29843e+008, 4.5254e+007, 2.75097e+008, 9280, 4876.51, 1173, 892
486, 48511, 2.29224e+008, 4.51697e+007, 2.74394e+008, 9269, 4873.2, 1174, 891
487, 48611, 2.28021e+008, 4.45774e+007, 2.72598e+008, 9156, 4868.66, 1173, 890
488, 48711, 2.27437e+008, 4.4529e+007, 2.71966e+008, 9124, 4880.43, 1174, 890
489, 48811, 2.26756e+008, 4.44723e+007, 2.71229e+008, 9122, 4875.28, 1174, 889
490, 48911, 2.27178e+008, 4.46146e+007, 2.71793e+008, 9152, 4874.84, 1174, 889
491, 49011, 2.25823e+008, 4.42605e+007, 2.70084e+008, 9085, 4871.83, 1174, 889
492, 49111, 2.25451e+008, 4.42268e+007, 2.69678e+008, 9077, 4872.4, 1174, 889
493, 49211, 2.25614e+008, 4.42824e+007, 2.69897e+008, 9108, 4861.93, 1174, 890
494, 49311, 2.27152e+008, 4.47831e+007, 2.71935e+008, 9212, 4861.39, 1174, 891
495, 49411, 2.27546e+008, 4.46356e+007, 2.72182e+008, 9209, 4846.95, 1173, 891
496, 49511, 2.27117e+008, 4.45495e+007, 2.71666e+008, 9189, 4848.13, 1173, 891
497, 49611, 2.27526e+008, 4.46676e+007, 2.72194e+008, 9216, 4846.75, 1173, 891
498, 49711, 2.26734e+008, 4.46557e+007, 2.7139e+008, 9219, 4843.88, 1173, 890
499, 49811, 2.27514e+008, 4.48206e+007, 2.72335e+008, 9256, 4842.33, 1174, 889
500, 49911, 2.29054e+008, 4.54619e+007, 2.74516e+008, 9390, 4841.52, 1174, 890
501, 50011, 2.28366e+008, 4.54478e+007, 2.73813e+008, 9388, 4841.05, 1174, 889
502, 50111, 2.27798e+008, 4.52141e+007, 2.73012e+008, 9362, 4829.53, 1174, 890
503, 50211, 2.26515e+008, 4.45708e+007, 2.71086e+008, 9229, 4829.43, 1173, 890
504, 50311, 2.25995e+008, 4.42251e+007, 2.7022e+008, 9148, 4834.41, 1173, 891
505, 50411, 2.26991e+008, 4.42159e+007, 2.71207e+008, 9164, 4824.96, 1173, 891
506, 50511, 2.27362e+008, 4.42814e+007, 2.71643e+008, 9178, 4824.73, 1173, 891
507, 50611, 2.26671e+008, 4.41455e+007, 2.70817e+008, 9143, 4828.34, 1173, 890
508, 50711, 2.24867e+008, 4.38163e+007, 2.68683e+008, 9081, 4825.05, 1174, 889
509, 50811, 2.2262e+008, 4.32468e+007, 2.65867e+008, 8978, 4816.98, 1175, 887
510, 50911, 2.21847e+008, 4.29984e+007, 2.64845e+008, 8938, 4810.75, 1175, 886
511, 51011, 2.20954e+008, 4.27145e+007, 2.63668e+008, 8879, 4810.73, 1175, 886
512, 51111, 2.21753e+008, 4.31869e+007, 2.6494e+008, 8982, 4808.16, 1176, 886
513, 51211, 2.23035e+008, 4.3489e+007, 2.66524e+008, 9048, 4806.48, 1176, 888
514, 51311, 2.24609e+008, 4.37119e+007, 2.68321e+008, 9123, 4791.4, 1176, 889
515, 51411, 2.24715e+008, 4.37747e+007, 2.6849e+008, 9136, 4791.45, 1176, 889
516, 51511, 2.25027e+008, 4.40378e+007, 2.69064e+008, 9170, 4802.38, 1176, 889
517, 51611, 2.25142e+008, 4.4056e+007, 2.69199e+008, 9197, 4790.26, 1176, 888
518, 51711, 2.24727e+008, 4.37253e+007, 2.68452e+008, 9153, 4777.16, 1176, 888
519, 51811, 2.22533e+008, 4.30986e+007, 2.65631e+008, 9018, 4779.17, 1177, 887
520, 51911, 2.22083e+008, 4.29149e+007, 2.64998e+008, 8985, 4776.28, 1177, 887
521, 52011, 2.2172e+008, 4.25861e+007, 2.64306e+008, 8940, 4763.54, 1177, 887
522, 52111, 2.22402e+008, 4.28975e+007, 2.653e+008, 9000, 4766.39, 1177, 887
523, 52211, 2.23266e+008, 4.31242e+007, 2.66391e+008, 9043, 4768.79, 1177, 888
524, 52311, 2.239e+008, 4.32159e+007, 2.67116e+008, 9079, 4759.98, 1177, 888
525, 52411, 2.24464e+008, 4.36089e+007, 2.68073e+008, 9148, 4767.04, 1177, 888
526, 52511, 2.24057e+008, 4.34214e+007, 2.67479e+008, 9115, 4763.73, 1176, 888
527, 52611, 2.24452e+008, 4.34453e+007, 2.67897e+008, 9131, 4758, 1176, 889
528, 52711, 2.23979e+008, 4.32334e+007, 2.67212e+008, 9082, 4760.34, 1176, 889
529, 52811, 2.22934e+008, 4.28912e+007, 2.65825e+008, 9005, 4763.04, 1176, 888
530, 52911, 2.22919e+008, 4.25852e+007, 2.65505e+008, 8957, 4754.41, 1176, 888
531, 53011, 2.21258e+008, 4.22717e+007, 2.63529e+008, 8903, 4748.03, 1176, 887
532, 53111, 2.18759e+008, 4.18778e+007, 2.60637e+008, 8833, 4741.06, 1177, 886
533, 53211, 2.19363e+008, 4.20703e+007, 2.61434e+008, 8887, 4733.92, 1177, 886
534, 53311, 2.20765e+008, 4.2539e+007, 2.63304e+008, 8980, 4737.08, 1177, 887
535, 53411, 2.21357e+008, 4.25608e+007, 2.63917e+008, 9007, 4725.3, 1176, 888
536, 53511, 2.21045e+008, 4.25481e+007, 2.63593e+008, 9003, 4725.99, 1176, 888
537, 53611, 2.21091e+008, 4.24597e+007, 2.63551e+008, 8986, 4725.09, 1177, 888
538, 53711, 2.19725e+008, 4.19918e+007, 2.61717e+008, 8890, 4723.49, 1177, 887
539, 53811, 2.19301e+008, 4.18907e+007, 2.61192e+008, 8879, 4717.96, 1177, 887
540, 53911, 2.19901e+008, 4.21263e+007, 2.62028e+008, 8929, 4717.92, 1177, 887
541, 54011, 2.18603e+008, 4.17639e+007, 2.60367e+008, 8866, 4710.57, 1177, 887
542, 54111, 2.19637e+008, 4.18619e+007, 2.61499e+008, 8894, 4706.76, 1177, 887
543, 54211, 2.19451e+008, 4.1884e+007, 2.61335e+008, 8879, 4717.2, 1177, 887
544, 54311, 2.19642e+008, 4.18003e+007, 2.61442e+008, 8887, 4703.53, 1177, 887
545, 54411, 2.19797e+008, 4.1907e+007, 2.61704e+008, 8913, 4701.78, 1177, 887
546, 54511, 2.18806e+008, 4.16781e+007, 2.60484e+008, 8874, 4696.65, 1177, 887
547, 54611, 2.18005e+008, 4.1613e+007, 2.59618e+008, 8843, 4705.76, 1178, 886
548, 54711, 2.16945e+008, 4.11334e+007, 2.58078e+008, 8763, 4693.98, 1178, 886
549, 54811, 2.17498e+008, 4.12171e+007, 2.58715e+008, 8788, 4690.16, 1178, 886
550, 54911, 2.1731e+008, 4.11924e+007, 2.58503e+008, 8784, 4689.48, 1177, 885
551, 55011, 2.18135e+008, 4.15625e+007, 2.59697e+008, 8858, 4692.09, 1177, 886
552, 55111, 2.19614e+008, 4.18124e+007, 2.61427e+008, 8936, 4679.09, 1177, 887
553, 55211, 2.19182e+008, 4.18661e+007, 2.61049e+008, 8944, 4680.91, 1177, 887
554, 55311, 2.19786e+008, 4.21317e+007, 2.61918e+008, 9002, 4680.26, 1176, 888
555, 55411, 2.203e+008, 4.21562e+007, 2.62457e+008, 9007, 4680.39, 1176, 888
556, 55511, 2.20889e+008, 4.22941e+007, 2.63184e+008, 9047, 4674.93, 1176, 889
557, 55611, 2.2033e+008, 4.20557e+007, 2.62385e+008, 9005, 4670.26, 1176, 889
558, 55711, 2.19639e+008, 4.18321e+007, 2.61471e+008, 8963, 4667.2, 1176, 889
559, 55811, 2.196e+008, 4.18034e+007, 2.61403e+008, 8948, 4671.82, 1176, 889
560, 55911, 2.18368e+008, 4.14073e+007, 2.59775e+008, 8881, 4662.46, 1176, 889
561, 56011, 2.17615e+008, 4.12855e+007, 2.58901e+008, 8843, 4668.72, 1176, 888
562, 56111, 2.17816e+008, 4.13144e+007, 2.59131e+008, 8846, 4670.4, 1176, 888
563, 56211, 2.18267e+008, 4.12871e+007, 2.59554e+008, 8849, 4665.73, 1175, 889
564, 56311, 2.18916e+008, 4.13406e+007, 2.60257e+008, 8886, 4652.32, 1175, 889
565, 56411, 2.19056e+008, 4.16481e+007, 2.60704e+008, 8937, 4660.19, 1176, 889
566, 56511, 2.18713e+008, 4.17613e+007, 2.60475e+008, 8963, 4659.3, 1176, 888
567, 56611, 2.17642e+008, 4.14042e+007, 2.59046e+008, 8907, 4648.5, 1175, 888
568, 56711, 2.18351e+008, 4.16129e+007, 2.59964e+008, 8951, 4648.97, 1175, 888
569, 56811, 2.18751e+008, 4.17548e+007, 2.60505e+008, 8980, 4649.75, 1175, 888
570, 56911, 2.19194e+008, 4.18265e+007, 2.6102e+008, 9008, 4643.27, 1175, 889
571, 57011, 2.1963e+008, 4.18863e+007, 2.61517e+008, 9000, 4654.03, 1175, 890
572, 57111, 2.18106e+008, 4.12925e+007, 2.59399e+008, 8894, 4642.73, 1174, 890
573, 57211, 2.17012e+008, 4.09051e+007, 2.57917e+008, 8808, 4644.09, 1175, 889
574, 57311, 2.16278e+008, 4.0815e+007, 2.57093e+008, 8799, 4638.59, 1175, 888
575, 57411, 2.16355e+008, 4.08344e+007, 2.5719e+008, 8813, 4633.43, 1175, 889
576, 57511, 2.16779e+008, 4.08125e+007, 2.57591e+008, 8817, 4628.84, 1175, 889
577, 57611, 2.16991e+008, 4.10014e+007, 2.57993e+008, 8855, 4630.31, 1175, 889
578, 57711, 2.16585e+008, 4.08803e+007, 2.57465e+008, 8833, 4628.13, 1176, 888
579, 57811, 2.17233e+008, 4.09097e+007, 2.58142e+008, 8857, 4618.91, 1175, 889
580, 57911, 2.17557e+008, 4.1057e+007, 2.58614e+008, 8891, 4617.82, 1175, 889
581, 58011, 2.17844e+008, 4.11873e+007, 2.59032e+008, 8923, 4615.86, 1175, 889
582, 58111, 2.17435e+008, 4.09592e+007, 2.58394e+008, 8865, 4620.33, 1175, 889
583, 58211, 2.16207e+008, 4.05307e+007, 2.56738e+008, 8778, 4617.3, 1175, 889
584, 58311, 2.15261e+008, 4.0263e+007, 2.55524e+008, 8731, 4611.5, 1175, 889
585, 58411, 2.16243e+008, 4.05708e+007, 2.56814e+008, 8812, 4604.04, 1175, 889
586, 58511, 2.16273e+008, 4.08491e+007, 2.57122e+008, 8863, 4608.95, 1175, 889
587, 58611, 2.16576e+008, 4.09691e+007, 2.57545e+008, 8896, 4605.34, 1175, 889
588, 58711, 2.16133e+008, 4.0748e+007, 2.56881e+008, 8853, 4602.74, 1175, 889
589, 58811, 2.16343e+008, 4.09119e+007, 2.57255e+008, 8884, 4605.12, 1176, 888
590, 58911, 2.15918e+008, 4.06312e+007, 2.56549e+008, 8834, 4599.41, 1176, 887
591, 59011, 2.14985e+008, 4.04884e+007, 2.55473e+008, 8769, 4617.22, 1176, 887
592, 59111, 2.14461e+008, 4.00282e+007, 2.54489e+008, 8675, 4614.2, 1176, 887
593, 59211, 2.14417e+008, 3.9788e+007, 2.54205e+008, 8649, 4600.3, 1176, 887
594, 59311, 2.14013e+008, 3.99303e+007, 2.53943e+008, 8664, 4608.75, 1176, 887
595, 59411, 2.13786e+008, 3.99302e+007, 2.53716e+008, 8674, 4603.44, 1176, 887
596, 59511, 2.13894e+008, 4.00092e+007, 2.53904e+008, 8701, 4598.23, 1176, 887
597, 59611, 2.14521e+008, 4.03091e+007, 2.5483e+008, 8769, 4596.78, 1176, 887
598, 59711, 2.14553e+008, 4.03018e+007, 2.54855e+008, 8775, 4592.79, 1177, 887
599, 59811, 2.14929e+008, 4.04715e+007, 2.554e+008, 8830, 4583.41, 1177, 887
600, 59911, 2.15911e+008, 4.07182e+007, 2.56629e+008, 8880, 4585.38, 1177, 887