2, 100, 9.4107e+007, 3.21154e+007, 1.26222e+008, 4126, 7783.66, 1021, 1338
3, 200, 9.32529e+007, 3.18045e+007, 1.25057e+008, 4109, 7740.2, 1021, 1338
4, 300, 9.25817e+007, 3.14969e+007, 1.24079e+008, 4097, 7687.79, 1021, 1338
5, 400, 9.14663e+007, 3.08991e+007, 1.22365e+008, 4043, 7642.61, 1021, 1338
6, 500, 9.08164e+007, 3.04968e+007, 1.21313e+008, 4012, 7601.39, 1021, 1338
7, 600, 9.07883e+007, 3.04608e+007, 1.21249e+008, 4019, 7579.2, 1021, 1338
8, 700, 9.04692e+007, 3.02494e+007, 1.20719e+008, 4001, 7560.45, 1021, 1338
9, 801, 9.04288e+007, 2.99787e+007, 1.20407e+008, 3991, 7511.57, 1021, 1338
10, 900, 9.08718e+007, 2.99295e+007, 1.20801e+008, 4003, 7476.77, 1021, 1338
11, 1000, 9.05163e+007, 2.98822e+007, 1.20399e+008, 3994, 7481.78, 1021, 1338
12, 1100, 9.05209e+007, 2.97488e+007, 1.2027e+008, 3988, 7459.59, 1021, 1338
13, 1200, 9.06438e+007, 2.96142e+007, 1.20258e+008, 3984, 7433.28, 1021, 1338
14, 1310, 9.02164e+007, 2.94317e+007, 1.19648e+008, 3962, 7428.49, 1021, 1338
15, 1400, 9.08373e+007, 2.94056e+007, 1.20243e+008, 3983, 7382.76, 1021, 1338
16, 1500, 9.05582e+007, 2.92834e+007, 1.19842e+008, 3971, 7374.31, 1021, 1338
17, 1600, 9.11298e+007, 2.94447e+007, 1.20574e+008, 4000, 7361.17, 1021, 1338
18, 1700, 9.02252e+007, 2.89834e+007, 1.19209e+008, 3946, 7345.01, 1021, 1337
19, 1800, 9.1316e+007, 2.92067e+007, 1.20523e+008, 3996, 7308.99, 1021, 1337
20, 1900, 9.12069e+007, 2.91374e+007, 1.20344e+008, 3988, 7306.27, 1021, 1337
21, 2000, 9.03074e+007, 2.86962e+007, 1.19004e+008, 3945, 7274.06, 1021, 1337
22, 2100, 9.09597e+007, 2.87383e+007, 1.19698e+008, 3976, 7227.95, 1020, 1320
23, 2200, 9.0994e+007, 2.87506e+007, 1.19745e+008, 3965, 7251.09, 1021, 1337
24, 2300, 9.11398e+007, 2.88365e+007, 1.19976e+008, 3975, 7254.47, 1021, 1337
25, 2400, 9.09429e+007, 2.86168e+007, 1.1956e+008, 3956, 7233.78, 1021, 1337
26, 2500, 9.10949e+007, 2.86748e+007, 1.1977e+008, 3964, 7233.81, 1021, 1337
27, 2600, 9.12853e+007, 2.8599e+007, 1.19884e+008, 3969, 7205.6, 1021, 1337
28, 2700, 9.09588e+007, 2.84239e+007, 1.19383e+008, 3950, 7195.91, 1021, 1337
29, 2800, 9.13431e+007, 2.85393e+007, 1.19882e+008, 3971, 7186.92, 1021, 1337
30, 2900, 9.12862e+007, 2.8496e+007, 1.19782e+008, 3963, 7190.5, 1021, 1337
31, 3000, 9.17026e+007, 2.8491e+007, 1.20194e+008, 3979, 7160.35, 1021, 1337
32, 3100, 9.1252e+007, 2.8321e+007, 1.19573e+008, 3954, 7162.62, 1021, 1337
33, 3200, 9.15151e+007, 2.82821e+007, 1.19797e+008, 3960, 7141.94, 1021, 1337
34, 3300, 9.17354e+007, 2.83739e+007, 1.20109e+008, 3974, 7139.89, 1021, 1337
35, 3400, 9.18665e+007, 2.82674e+007, 1.20134e+008, 3972, 7116.68, 1021, 1337
36, 3500, 9.15898e+007, 2.81289e+007, 1.19719e+008, 3955, 7112.25, 1021, 1337
37, 3600, 9.16813e+007, 2.80886e+007, 1.1977e+008, 3956, 7100.26, 1021, 1337
38, 3700, 9.15501e+007, 2.79933e+007, 1.19543e+008, 3944, 7097.69, 1021, 1337
39, 3800, 9.20964e+007, 2.81505e+007, 1.20247e+008, 3970, 7090.8, 1021, 1337
40, 3900, 9.21998e+007, 2.82271e+007, 1.20427e+008, 3964, 7120.88, 1020, 1337
41, 4000, 9.35433e+007, 2.83558e+007, 1.21899e+008, 3988, 7110.28, 1020, 1338
42, 4100, 9.57915e+007, 2.84745e+007, 1.24266e+008, 4013, 7095.56, 1020, 1339
43, 4200, 9.48407e+007, 2.81851e+007, 1.23026e+008, 3978, 7085.24, 1020, 1339
44, 4300, 8.88218e+007, 2.70707e+007, 1.15893e+008, 3818, 7090.28, 1020, 1339
45, 4400, 9.14593e+007, 2.79672e+007, 1.19427e+008, 3938, 7101.89, 1019, 1337
46, 4500, 9.31834e+007, 2.83327e+007, 1.21516e+008, 3994, 7093.82, 1019, 1337
47, 4600, 9.33967e+007, 2.83167e+007, 1.21713e+008, 3992, 7093.35, 1019, 1337
48, 4710, 9.31536e+007, 2.80865e+007, 1.2124e+008, 3990, 7039.22, 1020, 1337
49, 4800, 9.26915e+007, 2.78802e+007, 1.20572e+008, 3976, 7012.12, 1021, 1337
50, 4900, 9.27524e+007, 2.78283e+007, 1.20581e+008, 3971, 7007.88, 1021, 1337
51, 5000, 9.29251e+007, 2.78637e+007, 1.20789e+008, 3978, 7004.45, 1021, 1337
52, 5100, 9.29324e+007, 2.77974e+007, 1.2073e+008, 3980, 6984.27, 1021, 1337
53, 5200, 9.33657e+007, 2.78903e+007, 1.21256e+008, 3997, 6977.81, 1021, 1337
54, 5300, 9.30304e+007, 2.76246e+007, 1.20655e+008, 3967, 6963.6, 1021, 1337
55, 5410, 9.31137e+007, 2.76661e+007, 1.2078e+008, 3973, 6963.53, 1021, 1337
56, 5510, 9.32522e+007, 2.77158e+007, 1.20968e+008, 3982, 6960.27, 1021, 1337
57, 5610, 9.34783e+007, 2.76913e+007, 1.2117e+008, 3986, 6947.13, 1021, 1337
58, 5710, 9.35466e+007, 2.77092e+007, 1.21256e+008, 3986, 6951.64, 1021, 1337
59, 5810, 9.3413e+007, 2.74763e+007, 1.20889e+008, 3971, 6919.23, 1021, 1337
60, 5910, 9.34611e+007, 2.74555e+007, 1.20917e+008, 3971, 6914.01, 1021, 1337
61, 6010, 9.40777e+007, 2.75809e+007, 1.21659e+008, 3995, 6903.85, 1021, 1337
62, 6110, 9.43111e+007, 2.7782e+007, 1.22093e+008, 4019, 6912.68, 1021, 1337
63, 6210, 9.39977e+007, 2.7567e+007, 1.21565e+008, 3990, 6909.03, 1021, 1337
64, 6310, 9.40654e+007, 2.7452e+007, 1.21517e+008, 3985, 6888.84, 1021, 1336
65, 6410, 9.43466e+007, 2.7571e+007, 1.21918e+008, 4006, 6882.43, 1021, 1336
66, 6510, 9.4341e+007, 2.75012e+007, 1.21842e+008, 3999, 6877.02, 1021, 1336
67, 6610, 9.40876e+007, 2.73734e+007, 1.21461e+008, 3981, 6876.01, 1021, 1336
68, 6710, 9.43943e+007, 2.73163e+007, 1.21711e+008, 3990, 6846.19, 1021, 1336
69, 6810, 9.4503e+007, 2.74398e+007, 1.21943e+008, 4003, 6854.82, 1021, 1335
70, 6910, 9.44392e+007, 2.72877e+007, 1.21727e+008, 3990, 6839.03, 1021, 1335
71, 7010, 9.42873e+007, 2.71295e+007, 1.21417e+008, 3975, 6825.03, 1021, 1336
72, 7110, 9.49807e+007, 2.7399e+007, 1.2238e+008, 4009, 6834.38, 1021, 1335
73, 7210, 9.45701e+007, 2.72341e+007, 1.21804e+008, 3988, 6829.01, 1021, 1335
74, 7310, 9.47395e+007, 2.72172e+007, 1.21957e+008, 3994, 6814.53, 1021, 1335
75, 7410, 9.469e+007, 2.71055e+007, 1.21796e+008, 3984, 6803.59, 1021, 1335
76, 7510, 9.51343e+007, 2.72147e+007, 1.22349e+008, 4005, 6795.18, 1021, 1335
77, 7610, 9.4856e+007, 2.70593e+007, 1.21915e+008, 3992, 6778.39, 1021, 1335
78, 7710, 9.56015e+007, 2.73535e+007, 1.22955e+008, 4023, 6799.27, 1021, 1335
79, 7810, 9.53943e+007, 2.71773e+007, 1.22572e+008, 4014, 6770.64, 1021, 1335
80, 7910, 9.52136e+007, 2.70928e+007, 1.22306e+008, 3992, 6786.78, 1021, 1335
81, 8010, 9.52289e+007, 2.71097e+007, 1.22339e+008, 4002, 6774.04, 1021, 1335
82, 8110, 9.55143e+007, 2.71208e+007, 1.22635e+008, 4011, 6761.61, 1021, 1335
83, 8210, 9.55622e+007, 2.71136e+007, 1.22676e+008, 4010, 6761.5, 1021, 1335
84, 8310, 9.55584e+007, 2.69717e+007, 1.2253e+008, 4000, 6742.93, 1021, 1335
85, 8410, 9.56859e+007, 2.69873e+007, 1.22673e+008, 4006, 6736.72, 1021, 1335
86, 8510, 9.57978e+007, 2.6929e+007, 1.22727e+008, 4006, 6722.17, 1021, 1335
87, 8610, 9.56046e+007, 2.69169e+007, 1.22522e+008, 4008, 6715.8, 1021, 1335
88, 8710, 9.59341e+007, 2.70133e+007, 1.22947e+008, 4018, 6723.07, 1021, 1335
89, 8810, 9.62274e+007, 2.70578e+007, 1.23285e+008, 4028, 6717.43, 1021, 1335
90, 8910, 9.60491e+007, 2.69331e+007, 1.22982e+008, 4018, 6703.12, 1021, 1335
91, 9010, 9.66223e+007, 2.70523e+007, 1.23675e+008, 4032, 6709.4, 1021, 1335
92, 9110, 9.6216e+007, 2.69479e+007, 1.23164e+008, 4013, 6715.15, 1021, 1335
93, 9210, 9.61594e+007, 2.69524e+007, 1.23112e+008, 4017, 6709.58, 1021, 1335
94, 9310, 9.63343e+007, 2.69986e+007, 1.23333e+008, 4025, 6707.73, 1021, 1335
95, 9410, 9.58373e+007, 2.67661e+007, 1.22603e+008, 3999, 6693.19, 1021, 1335
96, 9510, 9.67141e+007, 2.70483e+007, 1.23762e+008, 4043, 6690.16, 1021, 1334
97, 9610, 9.64115e+007, 2.68832e+007, 1.23295e+008, 4025, 6679.05, 1021, 1334
98, 9710, 9.58305e+007, 2.6689e+007, 1.22519e+008, 4002, 6668.9, 1021, 1334
99, 9810, 9.55901e+007, 2.65609e+007, 1.22151e+008, 3984, 6666.9, 1021, 1334
100, 9910, 9.61329e+007, 2.65978e+007, 1.22731e+008, 4002, 6646.12, 1021, 1334
101, 10010, 9.27127e+007, 2.38116e+007, 1.16524e+008, 3853, 6180.01, 1021, 1335
102, 10110, 9.22307e+007, 2.33365e+007, 1.15567e+008, 3816, 6115.44, 1021, 1335
103, 10210, 9.23399e+007, 2.32423e+007, 1.15582e+008, 3830, 6068.48, 1021, 1335
104, 10310, 9.14935e+007, 2.27789e+007, 1.14272e+008, 3779, 6027.77, 1021, 1335
105, 10410, 9.20963e+007, 2.27712e+007, 1.14868e+008, 3806, 5982.98, 1021, 1335
106, 10510, 9.16042e+007, 2.24809e+007, 1.14085e+008, 3781, 5945.77, 1021, 1335
107, 10610, 9.1348e+007, 2.22562e+007, 1.13604e+008, 3768, 5906.64, 1021, 1335
108, 10710, 9.13739e+007, 2.2105e+007, 1.13479e+008, 3760, 5879, 1021, 1335
109, 10810, 9.13686e+007, 2.19245e+007, 1.13293e+008, 3755, 5838.74, 1021, 1334
110, 10910, 9.18654e+007, 2.2009e+007, 1.13874e+008, 3778, 5825.58, 1021, 1334
111, 11010, 9.13761e+007, 2.17426e+007, 1.13119e+008, 3750, 5798.01, 1021, 1334
112, 11110, 9.116e+007, 2.15217e+007, 1.12682e+008, 3730, 5769.88, 1021, 1334
113, 11210, 9.14246e+007, 2.15748e+007, 1.12999e+008, 3747, 5757.87, 1021, 1334
114, 11310, 9.12569e+007, 2.13858e+007, 1.12643e+008, 3729, 5735, 1021, 1334
115, 11410, 9.12298e+007, 2.13568e+007, 1.12587e+008, 3739, 5711.9, 1021, 1334
116, 11510, 9.09841e+007, 2.11984e+007, 1.12183e+008, 3723, 5693.92, 1021, 1334
117, 11610, 9.10124e+007, 2.11785e+007, 1.12191e+008, 3729, 5679.41, 1021, 1334
118, 11710, 9.08285e+007, 2.11615e+007, 1.1199e+008, 3720, 5688.59, 1023, 1351
119, 11810, 9.03073e+007, 2.08561e+007, 1.11163e+008, 3692, 5649.01, 1021, 1334
120, 11910, 9.05505e+007, 2.0828e+007, 1.11379e+008, 3700, 5629.2, 1021, 1335
121, 12010, 9.04253e+007, 2.07245e+007, 1.1115e+008, 3688, 5619.45, 1021, 1334
122, 12110, 9.02209e+007, 2.05657e+007, 1.10787e+008, 3681, 5586.98, 1021, 1333
123, 12210, 9.06003e+007, 2.07103e+007, 1.11311e+008, 3705, 5589.82, 1021, 1333
124, 12310, 9.02459e+007, 2.04477e+007, 1.10694e+008, 3681, 5554.93, 1021, 1333
125, 12410, 9.04257e+007, 2.04701e+007, 1.10896e+008, 3689, 5548.94, 1021, 1333
126, 12510, 9.00767e+007, 2.03317e+007, 1.10408e+008, 3672, 5536.95, 1021, 1333
127, 12610, 8.97522e+007, 2.01738e+007, 1.09926e+008, 3656, 5518, 1021, 1333
128, 12710, 8.98778e+007, 2.00454e+007, 1.09923e+008, 3656, 5482.88, 1021, 1333
129, 12810, 9.03431e+007, 2.00971e+007, 1.1044e+008, 3668, 5479.05, 1021, 1333
130, 12910, 9.06764e+007, 1.97752e+007, 1.10452e+008, 3630, 5447.71, 1022, 1334
131, 13010, 8.84807e+007, 1.91939e+007, 1.07675e+008, 3523, 5448.17, 1021, 1337
132, 13110, 8.56051e+007, 1.89795e+007, 1.04585e+008, 3478, 5457.02, 1021, 1337
133, 13210, 8.89848e+007, 1.96156e+007, 1.086e+008, 3591, 5462.45, 1021, 1335
134, 13310, 9.12441e+007, 2.0002e+007, 1.11246e+008, 3676, 5441.24, 1021, 1333
135, 13410, 9.11833e+007, 1.99524e+007, 1.11136e+008, 3674, 5430.7, 1021, 1331
136, 13510, 9.05727e+007, 1.98089e+007, 1.10382e+008, 3654, 5421.14, 1021, 1331
137, 13610, 8.97179e+007, 1.94788e+007, 1.09197e+008, 3621, 5379.39, 1022, 1332
138, 13710, 8.93124e+007, 1.95759e+007, 1.08888e+008, 3622, 5404.73, 1021, 1333
139, 13810, 8.97578e+007, 1.9516e+007, 1.09274e+008, 3629, 5377.79, 1022, 1332
140, 13910, 8.99744e+007, 1.94589e+007, 1.09433e+008, 3634, 5354.68, 1022, 1331
141, 14010, 8.97762e+007, 1.93925e+007, 1.09169e+008, 3628, 5345.23, 1022, 1332
142, 14110, 8.90185e+007, 1.93131e+007, 1.08332e+008, 3607, 5354.34, 1022, 1333
143, 14210, 8.98227e+007, 1.94749e+007, 1.09298e+008, 3639, 5351.73, 1022, 1331
144, 14310, 8.98366e+007, 1.93572e+007, 1.09194e+008, 3629, 5334.02, 1022, 1331
145, 14410, 8.86616e+007, 1.9067e+007, 1.07729e+008, 3574, 5334.91, 1022, 1332
146, 14510, 8.96625e+007, 1.93126e+007, 1.08975e+008, 3624, 5329.08, 1022, 1331
147, 14610, 9.06799e+007, 1.94995e+007, 1.10179e+008, 3670, 5313.2, 1022, 1329
148, 14710, 8.93246e+007, 1.91854e+007, 1.0851e+008, 3608, 5317.46, 1022, 1330
149, 14810, 8.92756e+007, 1.90801e+007, 1.08356e+008, 3602, 5297.08, 1022, 1330
150, 14910, 8.97754e+007, 1.91711e+007, 1.08946e+008, 3621, 5294.41, 1022, 1329
151, 15010, 8.88318e+007, 1.89882e+007, 1.0782e+008, 3587, 5293.63, 1022, 1331
152, 15110, 8.88997e+007, 1.90452e+007, 1.07945e+008, 3595, 5297.68, 1022, 1331
153, 15210, 8.88842e+007, 1.89876e+007, 1.07872e+008, 3595, 5281.66, 1022, 1331
154, 15310, 8.94261e+007, 1.91313e+007, 1.08557e+008, 3617, 5289.28, 1022, 1329
155, 15410, 8.86004e+007, 1.88337e+007, 1.07434e+008, 3573, 5271.13, 1022, 1330
156, 15510, 8.82531e+007, 1.88231e+007, 1.07076e+008, 3569, 5274.05, 1022, 1331
157, 15610, 9.00632e+007, 1.92265e+007, 1.0929e+008, 3647, 5271.87, 1022, 1328
158, 15710, 8.90058e+007, 1.88122e+007, 1.07818e+008, 3589, 5241.63, 1022, 1329
159, 15810, 8.82511e+007, 1.86874e+007, 1.06939e+008, 3566, 5240.45, 1022, 1331
160, 15910, 8.94452e+007, 1.89323e+007, 1.08377e+008, 3617, 5234.25, 1022, 1328
161, 16010, 8.91311e+007, 1.88292e+007, 1.0796e+008, 3596, 5236.15, 1022, 1329
162, 16110, 8.77845e+007, 1.84668e+007, 1.06251e+008, 3532, 5228.42, 1022, 1330
163, 16210, 8.89917e+007, 1.87546e+007, 1.07746e+008, 3589, 5225.58, 1022, 1328
164, 16310, 8.93964e+007, 1.88185e+007, 1.08215e+008, 3608, 5215.77, 1022, 1328
165, 16410, 8.83805e+007, 1.85608e+007, 1.06941e+008, 3561, 5212.23, 1022, 1329
166, 16510, 8.90032e+007, 1.86345e+007, 1.07638e+008, 3588, 5193.56, 1022, 1326
167, 16610, 8.9979e+007, 1.87852e+007, 1.08764e+008, 3630, 5174.97, 1022, 1325
168, 16710, 8.85886e+007, 1.85034e+007, 1.07092e+008, 3565, 5190.28, 1022, 1327
169, 16810, 8.82854e+007, 1.83801e+007, 1.06665e+008, 3550, 5177.49, 1022, 1327
170, 16910, 8.95344e+007, 1.86522e+007, 1.08187e+008, 3602, 5178.3, 1022, 1325
171, 17010, 8.89471e+007, 1.8417e+007, 1.07364e+008, 3569, 5160.27, 1022, 1326
172, 17110, 8.83393e+007, 1.82154e+007, 1.06555e+008, 3536, 5151.41, 1022, 1327
173, 17210, 8.91036e+007, 1.84232e+007, 1.07527e+008, 3581, 5144.71, 1022, 1325
174, 17310, 8.9261e+007, 1.84585e+007, 1.0772e+008, 3585, 5148.83, 1022, 1324
175, 17410, 8.87416e+007, 1.83141e+007, 1.07056e+008, 3561, 5142.97, 1022, 1326
176, 17510, 8.8479e+007, 1.82927e+007, 1.06772e+008, 3556, 5144.18, 1022, 1325
177, 17610, 8.90129e+007, 1.82747e+007, 1.07288e+008, 3573, 5114.66, 1022, 1324
178, 17710, 8.86624e+007, 1.82329e+007, 1.06895e+008, 3558, 5124.48, 1022, 1325
179, 17810, 8.80364e+007, 1.80249e+007, 1.06061e+008, 3524, 5114.88, 1022, 1325
180, 17910, 8.84065e+007, 1.81356e+007, 1.06542e+008, 3540, 5123.06, 1022, 1325
181, 18010, 8.8795e+007, 1.81016e+007, 1.06897e+008, 3557, 5089, 1022, 1323
182, 18110, 8.81097e+007, 1.78523e+007, 1.05962e+008, 3525, 5064.49, 1023, 1324
183, 18210, 8.80048e+007, 1.79344e+007, 1.05939e+008, 3522, 5092.12, 1022, 1324
184, 18310, 8.82611e+007, 1.79139e+007, 1.06175e+008, 3536, 5066.16, 1023, 1323
185, 18410, 8.87832e+007, 1.79288e+007, 1.06712e+008, 3552, 5047.53, 1023, 1322
186, 18510, 8.83631e+007, 1.77276e+007, 1.06091e+008, 3531, 5020.57, 1023, 1323
187, 18610, 8.83812e+007, 1.78174e+007, 1.06199e+008, 3534, 5041.72, 1023, 1323
188, 18710, 8.91203e+007, 1.79418e+007, 1.07062e+008, 3563, 5035.6, 1023, 1322
189, 18810, 8.83071e+007, 1.76461e+007, 1.05953e+008, 3519, 5014.52, 1023, 1322
190, 18910, 8.87736e+007, 1.78269e+007, 1.06601e+008, 3542, 5033.01, 1023, 1322
191, 19010, 8.8096e+007, 1.76206e+007, 1.05717e+008, 3516, 5011.54, 1023, 1322
192, 19110, 8.85446e+007, 1.76905e+007, 1.06235e+008, 3529, 5012.89, 1023, 1322
193, 19210, 8.8019e+007, 1.75413e+007, 1.0556e+008, 3503, 5007.49, 1023, 1322
194, 19310, 8.89284e+007, 1.77114e+007, 1.0664e+008, 3546, 4994.75, 1023, 1321
195, 19410, 8.85154e+007, 1.75784e+007, 1.06094e+008, 3528, 4982.55, 1023, 1321
196, 19510, 8.89427e+007, 1.76731e+007, 1.06616e+008, 3546, 4983.95, 1023, 1321
197, 19610, 8.83314e+007, 1.75154e+007, 1.05847e+008, 3521, 4974.57, 1023, 1321
198, 19710, 8.85838e+007, 1.75637e+007, 1.06147e+008, 3534, 4969.92, 1023, 1320
199, 19810, 8.85934e+007, 1.75025e+007, 1.06096e+008, 3530, 4958.21, 1023, 1320
200, 19910, 8.82115e+007, 1.73659e+007, 1.05577e+008, 3509, 4948.96, 1023, 1320
201, 20010, 8.87662e+007, 1.74621e+007, 1.06228e+008, 3535, 4939.77, 1023, 1320
202, 20110, 8.84077e+007, 1.73852e+007, 1.05793e+008, 3518, 4941.8, 1023, 1319
203, 20209, 8.8695e+007, 1.74208e+007, 1.06116e+008, 3527, 4939.28, 1023, 1319
204, 20309, 8.82461e+007, 1.72442e+007, 1.0549e+008, 3502, 4924.11, 1023, 1319
205, 20409, 8.82464e+007, 1.72359e+007, 1.05482e+008, 3501, 4923.14, 1023, 1319
206, 20509, 8.85148e+007, 1.72193e+007, 1.05734e+008, 3515, 4898.82, 1023, 1318
207, 20609, 8.83776e+007, 1.71751e+007, 1.05553e+008, 3507, 4897.37, 1023, 1318
208, 20709, 8.82519e+007, 1.71493e+007, 1.05401e+008, 3499, 4901.2, 1023, 1318
209, 20809, 8.89669e+007, 1.72704e+007, 1.06237e+008, 3539, 4880.01, 1023, 1317
210, 20909, 8.81035e+007, 1.70472e+007, 1.05151e+008, 3492, 4881.78, 1023, 1317
211, 21009, 8.83975e+007, 1.71164e+007, 1.05514e+008, 3507, 4880.64, 1026, 1333
212, 21109, 8.83614e+007, 1.70282e+007, 1.0539e+008, 3500, 4865.21, 1023, 1317
213, 21209, 8.8568e+007, 1.70542e+007, 1.05622e+008, 3511, 4857.37, 1023, 1316
214, 21309, 8.88111e+007, 1.70778e+007, 1.05889e+008, 3521, 4850.28, 1023, 1316
215, 21409, 8.79144e+007, 1.67748e+007, 1.04689e+008, 3476, 4825.88, 1024, 1316
216, 21509, 8.85837e+007, 1.69668e+007, 1.05551e+008, 3511, 4832.48, 1023, 1315
217, 21609, 8.79551e+007, 1.67842e+007, 1.04739e+008, 3478, 4825.82, 1023, 1315
218, 21709, 8.88331e+007, 1.69852e+007, 1.05818e+008, 3521, 4823.97, 1023, 1315
219, 21809, 8.84207e+007, 1.68904e+007, 1.05311e+008, 3505, 4818.95, 1023, 1315
220, 21909, 8.80304e+007, 1.67685e+007, 1.04799e+008, 3483, 4814.39, 1023, 1314
221, 22009, 8.84082e+007, 1.68576e+007, 1.05266e+008, 3513, 4798.64, 1023, 1314
222, 22109, 8.80931e+007, 1.67744e+007, 1.04868e+008, 3494, 4800.93, 1023, 1314
223, 22209, 8.81769e+007, 1.6677e+007, 1.04854e+008, 3495, 4771.66, 1024, 1313
224, 22309, 8.83943e+007, 1.67202e+007, 1.05114e+008, 3509, 4764.94, 1024, 1312
225, 22409, 8.82845e+007, 1.65835e+007, 1.04868e+008, 3499, 4739.5, 1024, 1312
226, 22509, 8.82845e+007, 1.66626e+007, 1.04947e+008, 3501, 4759.38, 1023, 1311
227, 22609, 8.83483e+007, 1.64585e+007, 1.04807e+008, 3497, 4706.48, 1024, 1311
228, 22709, 8.79246e+007, 1.64208e+007, 1.04345e+008, 3478, 4721.34, 1024, 1311
229, 22809, 8.82704e+007, 1.65109e+007, 1.04781e+008, 3500, 4717.41, 1024, 1310
230, 22909, 8.82812e+007, 1.64839e+007, 1.04765e+008, 3500, 4709.69, 1024, 1310
231, 23009, 8.84831e+007, 1.65603e+007, 1.05043e+008, 3509, 4719.38, 1024, 1310
232, 23109, 8.85514e+007, 1.65232e+007, 1.05075e+008, 3514, 4702.12, 1024, 1309
233, 23209, 8.78509e+007, 1.63622e+007, 1.04213e+008, 3482, 4699.08, 1024, 1309
234, 23309, 8.79846e+007, 1.63831e+007, 1.04368e+008, 3488, 4696.99, 1024, 1309
235, 23409, 8.79171e+007, 1.6273e+007, 1.0419e+008, 3474, 4684.23, 1024, 1309
236, 23509, 8.78525e+007, 1.62696e+007, 1.04122e+008, 3477, 4679.21, 1024, 1308
237, 23609, 8.79452e+007, 1.6245e+007, 1.0419e+008, 3484, 4662.73, 1024, 1308
238, 23709, 8.81698e+007, 1.62763e+007, 1.04446e+008, 3488, 4666.37, 1024, 1308
239, 23809, 8.78012e+007, 1.61995e+007, 1.04001e+008, 3477, 4659.05, 1024, 1308
240, 23909, 8.8131e+007, 1.62165e+007, 1.04348e+008, 3486, 4651.9, 1024, 1307
241, 24009, 8.76958e+007, 1.61574e+007, 1.03853e+008, 3472, 4653.62, 1024, 1307
242, 24109, 8.77513e+007, 1.61798e+007, 1.03931e+008, 3476, 4654.72, 1024, 1307
243, 24209, 8.7893e+007, 1.61531e+007, 1.04046e+008, 3482, 4639.02, 1024, 1307
244, 24309, 8.73725e+007, 1.60733e+007, 1.03446e+008, 3461, 4644.12, 1024, 1307
245, 24409, 8.7807e+007, 1.61991e+007, 1.04006e+008, 3488, 4644.24, 1024, 1306
246, 24509, 8.76341e+007, 1.60813e+007, 1.03715e+008, 3474, 4629.05, 1024, 1306
247, 24604, 8.7593e+007, 1.60516e+007, 1.03645e+008, 3475, 4619.15, 1024, 1306
248, 24704, 8.69442e+007, 1.59082e+007, 1.02852e+008, 3440, 4624.47, 1024, 1306
249, 24804, 8.71485e+007, 1.59518e+007, 1.031e+008, 3456, 4615.69, 1024, 1306
250, 24904, 8.72264e+007, 1.59922e+007, 1.03219e+008, 3462, 4619.36, 1024, 1305
251, 25004, 8.72282e+007, 1.5956e+007, 1.03184e+008, 3462, 4608.89, 1024, 1305
252, 25104, 8.76797e+007, 1.60231e+007, 1.03703e+008, 3483, 4600.36, 1024, 1305
253, 25204, 8.65334e+007, 1.58205e+007, 1.02354e+008, 3438, 4601.66, 1024, 1304
254, 25304, 8.69352e+007, 1.58195e+007, 1.02755e+008, 3445, 4592.01, 1024, 1304
255, 25404, 8.69171e+007, 1.5807e+007, 1.02724e+008, 3444, 4589.73, 1024, 1304
256, 25514, 8.72602e+007, 1.58682e+007, 1.03128e+008, 3463, 4582.21, 1024, 1304
257, 25614, 8.70372e+007, 1.58104e+007, 1.02848e+008, 3450, 4582.73, 1024, 1303
258, 25714, 8.67e+007, 1.5661e+007, 1.02361e+008, 3432, 4563.24, 1024, 1303
259, 25804, 8.6726e+007, 1.56719e+007, 1.02398e+008, 3436, 4561.09, 1024, 1303
260, 25904, 8.67249e+007, 1.56447e+007, 1.0237e+008, 3436, 4553.18, 1024, 1302
261, 26004, 8.70098e+007, 1.57323e+007, 1.02742e+008, 3457, 4550.86, 1024, 1302
262, 26104, 8.64323e+007, 1.55516e+007, 1.01984e+008, 3418, 4549.92, 1024, 1302
263, 26204, 8.63312e+007, 1.55687e+007, 1.019e+008, 3424, 4546.92, 1024, 1302
264, 26304, 8.66878e+007, 1.56517e+007, 1.02339e+008, 3435, 4556.53, 1027, 1319
265, 26404, 8.63993e+007, 1.55202e+007, 1.0192e+008, 3428, 4527.49, 1024, 1301
266, 26514, 8.6194e+007, 1.54736e+007, 1.01668e+008, 3418, 4527.08, 1024, 1301
267, 26604, 8.6239e+007, 1.54813e+007, 1.0172e+008, 3421, 4525.36, 1024, 1301
268, 26714, 8.61709e+007, 1.53953e+007, 1.01566e+008, 3420, 4501.55, 1024, 1300
269, 26814, 8.622e+007, 1.54657e+007, 1.01686e+008, 3427, 4512.9, 1024, 1300
270, 26914, 8.57098e+007, 1.53123e+007, 1.01022e+008, 3405, 4497, 1027, 1315
271, 27014, 8.57803e+007, 1.53175e+007, 1.01098e+008, 3404, 4499.84, 1024, 1299
272, 27114, 8.61302e+007, 1.53664e+007, 1.01497e+008, 3421, 4491.8, 1024, 1299
273, 27214, 8.55181e+007, 1.52925e+007, 1.00811e+008, 3396, 4503.09, 1024, 1299
274, 27314, 8.60053e+007, 1.53828e+007, 1.01388e+008, 3421, 4496.58, 1024, 1299
275, 27414, 8.57661e+007, 1.52382e+007, 1.01004e+008, 3402, 4479.19, 1024, 1299
276, 27514, 8.58727e+007, 1.52318e+007, 1.01105e+008, 3410, 4466.82, 1024, 1298
277, 27614, 8.56186e+007, 1.52749e+007, 1.00893e+008, 3407, 4483.37, 1027, 1315
278, 27714, 8.53579e+007, 1.51216e+007, 1.0048e+008, 3390, 4460.66, 1024, 1298
279, 27814, 8.55184e+007, 1.51302e+007, 1.00649e+008, 3398, 4452.69, 1028, 1313
280, 27914, 8.51691e+007, 1.50497e+007, 1.00219e+008, 3382, 4449.93, 1024, 1297
281, 28014, 8.48694e+007, 1.50244e+007, 9.98938e+007, 3369, 4459.6, 1027, 1313
282, 28114, 8.50603e+007, 1.49833e+007, 1.00044e+008, 3372, 4443.44, 1024, 1296
283, 28214, 8.49941e+007, 1.49915e+007, 9.99855e+007, 3377, 4439.28, 1024, 1296
284, 28314, 8.51253e+007, 1.50546e+007, 1.0018e+008, 3390, 4440.89, 1024, 1296
285, 28414, 8.48763e+007, 1.49714e+007, 9.98477e+007, 3376, 4434.65, 1024, 1296
286, 28514, 8.5338e+007, 1.5058e+007, 1.00396e+008, 3403, 4424.92, 1024, 1295
287, 28614, 8.4518e+007, 1.48767e+007, 9.93947e+007, 3361, 4426.27, 1024, 1295
288, 28714, 8.44982e+007, 1.48528e+007, 9.93511e+007, 3359, 4421.8, 1024, 1294
289, 28814, 8.45166e+007, 1.4869e+007, 9.93855e+007, 3368, 4414.78, 1024, 1294
290, 28914, 8.46701e+007, 1.49168e+007, 9.9587e+007, 3372, 4423.74, 1024, 1294
291, 29014, 8.42103e+007, 1.47678e+007, 9.89781e+007, 3348, 4410.94, 1024, 1294
292, 29114, 8.44431e+007, 1.47893e+007, 9.92324e+007, 3361, 4400.26, 1024, 1293
293, 29214, 8.45305e+007, 1.48471e+007, 9.93776e+007, 3373, 4401.74, 1024, 1293
294, 29314, 8.41371e+007, 1.47253e+007, 9.88624e+007, 3348, 4398.25, 1024, 1293
295, 29414, 8.44014e+007, 1.47589e+007, 9.91603e+007, 3360, 4392.52, 1024, 1293
296, 29514, 8.46126e+007, 1.47845e+007, 9.93972e+007, 3374, 4381.9, 1024, 1292
297, 29614, 8.4765e+007, 1.47884e+007, 9.95534e+007, 3378, 4377.85, 1024, 1292
298, 29714, 8.42611e+007, 1.47575e+007, 9.90186e+007, 3359, 4393.41, 1024, 1291
299, 29814, 8.4526e+007, 1.47351e+007, 9.92611e+007, 3362, 4382.84, 1024, 1291
300, 29914, 8.54373e+007, 1.56405e+007, 1.01078e+008, 3420, 4573.24, 1024, 1291
301, 30014, 8.65952e+007, 1.67749e+007, 1.0337e+008, 3482, 4817.6, 1024, 1290
302, 30114, 8.79538e+007, 1.75569e+007, 1.05511e+008, 3545, 4952.59, 1024, 1288
303, 30214, 8.89877e+007, 1.80156e+007, 1.07003e+008, 3588, 5021.08, 1024, 1286
304, 30314, 8.93585e+007, 1.83305e+007, 1.07689e+008, 3602, 5088.98, 1024, 1286
305, 30414, 9.02746e+007, 1.8606e+007, 1.08881e+008, 3642, 5108.74, 1024, 1285
306, 30514, 9.04772e+007, 1.88059e+007, 1.09283e+008, 3652, 5149.48, 1024, 1285
307, 30614, 9.07844e+007, 1.89195e+007, 1.09704e+008, 3665, 5162.22, 1024, 1284
308, 30714, 9.08239e+007, 1.90112e+007, 1.09835e+008, 3667, 5184.4, 1024, 1284
309, 30814, 9.06261e+007, 1.89792e+007, 1.09605e+008, 3652, 5196.93, 1024, 1284
310, 30914, 9.09529e+007, 1.92713e+007, 1.10224e+008, 3679, 5238.18, 1028, 1303
311, 31014, 9.1397e+007, 1.92494e+007, 1.10646e+008, 3692, 5213.81, 1024, 1283
312, 31114, 9.14499e+007, 1.92345e+007, 1.10684e+008, 3690, 5212.6, 1024, 1283
313, 31214, 9.17559e+007, 1.93516e+007, 1.11107e+008, 3713, 5211.84, 1024, 1283
314, 31314, 9.11059e+007, 1.91699e+007, 1.10276e+008, 3677, 5213.47, 1024, 1283
315, 31414, 9.16653e+007, 1.92765e+007, 1.10942e+008, 3696, 5215.5, 1024, 1283
316, 31514, 9.18056e+007, 1.92575e+007, 1.11063e+008, 3704, 5199.11, 1024, 1282
317, 31614, 9.14136e+007, 1.91441e+007, 1.10558e+008, 3686, 5193.73, 1024, 1282
318, 31714, 9.16664e+007, 1.92118e+007, 1.10878e+008, 3701, 5190.97, 1024, 1282
319, 31814, 9.19012e+007, 1.92709e+007, 1.11172e+008, 3712, 5191.5, 1024, 1281
320, 31914, 9.19991e+007, 1.92165e+007, 1.11216e+008, 3710, 5179.65, 1024, 1281
321, 32014, 9.14222e+007, 1.91517e+007, 1.10574e+008, 3693, 5185.94, 1024, 1281
322, 32114, 9.20821e+007, 1.9188e+007, 1.1127e+008, 3714, 5166.4, 1024, 1280
323, 32214, 9.16996e+007, 1.91248e+007, 1.10824e+008, 3699, 5170.26, 1024, 1280
324, 32314, 9.15645e+007, 1.91079e+007, 1.10672e+008, 3698, 5167.09, 1024, 1280
325, 32414, 9.1862e+007, 1.91336e+007, 1.10996e+008, 3701, 5169.83, 1024, 1280
326, 32514, 9.17162e+007, 1.90314e+007, 1.10748e+008, 3698, 5146.41, 1024, 1280
327, 32614, 9.15158e+007, 1.91946e+007, 1.1071e+008, 3695, 5194.76, 1027, 1298
328, 32714, 9.189e+007, 1.90609e+007, 1.10951e+008, 3705, 5144.63, 1024, 1279
329, 32814, 9.17688e+007, 1.90111e+007, 1.1078e+008, 3695, 5145.08, 1024, 1279
330, 32914, 9.17115e+007, 1.90531e+007, 1.10765e+008, 3694, 5157.84, 1023, 1279
331, 33014, 9.15156e+007, 1.8955e+007, 1.10471e+008, 3684, 5145.22, 1024, 1278
332, 33114, 9.19669e+007, 1.90463e+007, 1.11013e+008, 3708, 5136.54, 1023, 1278
333, 33214, 9.16786e+007, 1.89951e+007, 1.10674e+008, 3696, 5139.37, 1023, 1278
334, 33314, 9.1579e+007, 1.8859e+007, 1.10438e+008, 3681, 5123.35, 1024, 1278
335, 33414, 9.15672e+007, 1.89124e+007, 1.1048e+008, 3681, 5137.85, 1023, 1277
336, 33514, 9.21028e+007, 1.89412e+007, 1.11044e+008, 3699, 5120.64, 1023, 1277
337, 33614, 9.15388e+007, 1.88927e+007, 1.10432e+008, 3683, 5129.7, 1023, 1277
338, 33714, 9.18493e+007, 1.89279e+007, 1.10777e+008, 3695, 5122.57, 1023, 1277
339, 33814, 9.22214e+007, 1.90397e+007, 1.11261e+008, 3714, 5126.47, 1023, 1277
340, 33914, 9.12834e+007, 1.87886e+007, 1.10072e+008, 3668, 5122.29, 1023, 1277
341, 34014, 9.17071e+007, 1.87963e+007, 1.10503e+008, 3681, 5106.3, 1023, 1276
342, 34114, 9.16601e+007, 1.88359e+007, 1.10496e+008, 3688, 5107.36, 1023, 1276
343, 34214, 9.19757e+007, 1.88994e+007, 1.10875e+008, 3705, 5101.04, 1023, 1276
344, 34314, 9.14776e+007, 1.86567e+007, 1.10134e+008, 3665, 5090.5, 1023, 1276
345, 34414, 9.15239e+007, 1.86734e+007, 1.10197e+008, 3670, 5088.11, 1023, 1276
346, 34514, 9.20495e+007, 1.88098e+007, 1.10859e+008, 3701, 5082.37, 1023, 1276
347, 34614, 9.21123e+007, 1.88082e+007, 1.1092e+008, 3699, 5084.66, 1023, 1275
348, 34714, 9.21e+007, 1.87541e+007, 1.10854e+008, 3694, 5076.9, 1023, 1275
349, 34814, 9.15785e+007, 1.86305e+007, 1.10209e+008, 3669, 5077.81, 1023, 1275
350, 34914, 9.19756e+007, 1.86688e+007, 1.10644e+008, 3691, 5057.93, 1023, 1275
351, 35014, 9.12301e+007, 1.85318e+007, 1.09762e+008, 3657, 5067.49, 1023, 1275
352, 35114, 9.20114e+007, 1.8653e+007, 1.10664e+008, 3690, 5055.01, 1023, 1274
353, 35214, 9.21599e+007, 1.86538e+007, 1.10814e+008, 3693, 5051.14, 1023, 1274
354, 35314, 9.21604e+007, 1.86549e+007, 1.10815e+008, 3693, 5051.42, 1023, 1274
355, 35414, 9.19636e+007, 1.85461e+007, 1.1051e+008, 3677, 5043.8, 1023, 1274
356, 35514, 9.20312e+007, 1.8595e+007, 1.10626e+008, 3687, 5043.39, 1023, 1274
357, 35614, 9.19161e+007, 1.85301e+007, 1.10446e+008, 3680, 5035.35, 1023, 1273
358, 35714, 9.22737e+007, 1.85797e+007, 1.10853e+008, 3691, 5033.77, 1023, 1273
359, 35814, 9.2183e+007, 1.85909e+007, 1.10774e+008, 3692, 5035.45, 1023, 1273
360, 35914, 9.24149e+007, 1.85703e+007, 1.10985e+008, 3697, 5023.07, 1023, 1273
361, 36014, 9.26784e+007, 1.86387e+007, 1.11317e+008, 3710, 5023.9, 1023, 1273
362, 36114, 9.23659e+007, 1.8508e+007, 1.10874e+008, 3693, 5011.65, 1023, 1273
363, 36214, 9.24558e+007, 1.85336e+007, 1.10989e+008, 3700, 5009.08, 1023, 1272
364, 36314, 9.26203e+007, 1.85692e+007, 1.11189e+008, 3705, 5011.93, 1023, 1272
365, 36414, 9.23605e+007, 1.8446e+007, 1.10807e+008, 3690, 4998.91, 1023, 1272
366, 36514, 9.23075e+007, 1.84755e+007, 1.10783e+008, 3687, 5010.97, 1023, 1272
367, 36614, 9.24322e+007, 1.84214e+007, 1.10854e+008, 3691, 4990.9, 1023, 1272
368, 36714, 9.21342e+007, 1.83147e+007, 1.10449e+008, 3671, 4989.03, 1023, 1272
369, 36814, 9.23704e+007, 1.83574e+007, 1.10728e+008, 3681, 4987.06, 1023, 1271
370, 36914, 9.24097e+007, 1.84016e+007, 1.10811e+008, 3690, 4986.89, 1023, 1271
371, 37014, 9.22481e+007, 1.83563e+007, 1.10604e+008, 3680, 4988.12, 1023, 1271
372, 37114, 9.26997e+007, 1.84218e+007, 1.11121e+008, 3700, 4978.86, 1023, 1271
373, 37214, 9.30485e+007, 1.84553e+007, 1.11504e+008, 3712, 4971.79, 1023, 1271
374, 37314, 9.28958e+007, 1.84311e+007, 1.11327e+008, 3703, 4977.33, 1023, 1271
375, 37414, 9.30372e+007, 1.844e+007, 1.11477e+008, 3713, 4966.34, 1023, 1270
376, 37514, 9.23742e+007, 1.83049e+007, 1.10679e+008, 3680, 4974.15, 1022, 1270
377, 37614, 9.28239e+007, 1.83423e+007, 1.11166e+008, 3700, 4957.39, 1023, 1270
378, 37714, 9.29162e+007, 1.83575e+007, 1.11274e+008, 3705, 4954.79, 1023, 1270
379, 37814, 9.26582e+007, 1.8364e+007, 1.11022e+008, 3695, 4969.96, 1022, 1270
380, 37914, 9.28624e+007, 1.82682e+007, 1.11131e+008, 3694, 4945.38, 1023, 1269
381, 38014, 9.3075e+007, 1.83496e+007, 1.11425e+008, 3704, 4954, 1023, 1269
382, 38114, 9.29093e+007, 1.8306e+007, 1.11215e+008, 3700, 4947.56, 1022, 1269
383, 38214, 9.32617e+007, 1.83537e+007, 1.11615e+008, 3718, 4936.45, 1022, 1269
384, 38314, 9.28406e+007, 1.81876e+007, 1.11028e+008, 3692, 4926.22, 1023, 1269
385, 38414, 9.33673e+007, 1.83453e+007, 1.11713e+008, 3718, 4934.17, 1022, 1268
386, 38514, 9.28725e+007, 1.8274e+007, 1.11146e+008, 3697, 4942.93, 1022, 1268
387, 38614, 9.28229e+007, 1.80753e+007, 1.10898e+008, 3684, 4906.42, 1023, 1268
388, 38714, 9.31141e+007, 1.82772e+007, 1.11391e+008, 3709, 4927.79, 1022, 1268
389, 38814, 9.33688e+007, 1.83186e+007, 1.11687e+008, 3717, 4928.34, 1022, 1268
390, 38914, 9.29941e+007, 1.81314e+007, 1.11126e+008, 3688, 4916.32, 1022, 1268
391, 39014, 9.35219e+007, 1.83009e+007, 1.11823e+008, 3721, 4918.27, 1022, 1268
392, 39114, 9.29351e+007, 1.81044e+007, 1.11039e+008, 3691, 4905.01, 1022, 1267
393, 39214, 9.35222e+007, 1.82962e+007, 1.11818e+008, 3720, 4918.34, 1022, 1267
394, 39314, 9.38374e+007, 1.83232e+007, 1.12161e+008, 3733, 4908.44, 1022, 1267
395, 39414, 9.35343e+007, 1.82609e+007, 1.11795e+008, 3720, 4908.85, 1022, 1267
396, 39514, 9.35256e+007, 1.81629e+007, 1.11688e+008, 3711, 4894.33, 1022, 1267
397, 39614, 9.36646e+007, 1.82253e+007, 1.1189e+008, 3719, 4900.58, 1022, 1267
398, 39714, 9.34429e+007, 1.81384e+007, 1.11581e+008, 3708, 4891.69, 1022, 1266
399, 39814, 9.34973e+007, 1.81649e+007, 1.11662e+008, 3712, 4893.56, 1022, 1266
400, 39914, 9.33627e+007, 1.8082e+007, 1.11445e+008, 3698, 4889.66, 1022, 1266
401, 40014, 9.3514e+007, 1.80791e+007, 1.11593e+008, 3705, 4879.66, 1022, 1266
402, 40114, 9.40899e+007, 1.81355e+007, 1.12225e+008, 3725, 4868.59, 1022, 1266
403, 40214, 9.41948e+007, 1.81602e+007, 1.12355e+008, 3727, 4872.6, 1022, 1265
404, 40314, 9.41799e+007, 1.81721e+007, 1.12352e+008, 3724, 4879.73, 1022, 1265
405, 40414, 9.42829e+007, 1.82294e+007, 1.12512e+008, 3733, 4883.32, 1022, 1265
406, 40514, 9.44943e+007, 1.82169e+007, 1.12711e+008, 3740, 4870.82, 1022, 1265
407, 40614, 9.46118e+007, 1.82568e+007, 1.12869e+008, 3748, 4871.07, 1022, 1265
408, 40714, 9.4681e+007, 1.81931e+007, 1.12874e+008, 3747, 4855.37, 1022, 1264
409, 40814, 9.45484e+007, 1.81152e+007, 1.12664e+008, 3742, 4841.04, 1022, 1264
410, 40914, 9.46186e+007, 1.80801e+007, 1.12699e+008, 3732, 4844.61, 1022, 1264
411, 41014, 9.49271e+007, 1.81226e+007, 1.1305e+008, 3748, 4835.28, 1022, 1264
412, 41114, 9.46765e+007, 1.80559e+007, 1.12732e+008, 3738, 4830.36, 1022, 1264
413, 41214, 9.47113e+007, 1.81165e+007, 1.12828e+008, 3742, 4841.41, 1022, 1264
414, 41314, 9.46504e+007, 1.79657e+007, 1.12616e+008, 3729, 4817.85, 1022, 1263
415, 41414, 9.49081e+007, 1.80905e+007, 1.12999e+008, 3747, 4828, 1022, 1263
416, 41514, 9.48063e+007, 1.80588e+007, 1.12865e+008, 3743, 4824.69, 1022, 1263
417, 41614, 9.47784e+007, 1.79993e+007, 1.12778e+008, 3740, 4812.65, 1022, 1263
418, 41714, 9.45196e+007, 1.7892e+007, 1.12412e+008, 3721, 4808.38, 1022, 1263
419, 41814, 9.46912e+007, 1.79564e+007, 1.12648e+008, 3730, 4814.04, 1022, 1263
420, 41914, 9.4924e+007, 1.79652e+007, 1.12889e+008, 3739, 4804.81, 1022, 1263
421, 42014, 9.51934e+007, 1.80189e+007, 1.13212e+008, 3747, 4808.89, 1022, 1263
422, 42114, 9.52997e+007, 1.80358e+007, 1.13335e+008, 3755, 4803.14, 1022, 1263
423, 42214, 9.43979e+007, 1.77348e+007, 1.12133e+008, 3702, 4790.59, 1022, 1262
424, 42314, 9.4795e+007, 1.78775e+007, 1.12672e+008, 3725, 4799.32, 1022, 1262
425, 42414, 9.48595e+007, 1.78804e+007, 1.1274e+008, 3731, 4792.4, 1022, 1262
426, 42514, 9.52598e+007, 1.79661e+007, 1.13226e+008, 3748, 4793.52, 1022, 1262
427, 42614, 9.52528e+007, 1.78956e+007, 1.13148e+008, 3747, 4775.98, 1022, 1262
428, 42714, 9.51522e+007, 1.78849e+007, 1.13037e+008, 3743, 4778.23, 1022, 1262
429, 42814, 9.51243e+007, 1.77835e+007, 1.12908e+008, 3736, 4760.05, 1022, 1261
430, 42914, 9.52875e+007, 1.79007e+007, 1.13188e+008, 3750, 4773.51, 1022, 1261
431, 43014, 9.53717e+007, 1.78758e+007, 1.13247e+008, 3749, 4768.14, 1022, 1261
432, 43114, 9.52005e+007, 1.7802e+007, 1.13003e+008, 3739, 4761.15, 1022, 1261
433, 43214, 9.49575e+007, 1.77476e+007, 1.12705e+008, 3726, 4763.19, 1022, 1261
434, 43314, 9.48446e+007, 1.77109e+007, 1.12556e+008, 3720, 4761.01, 1022, 1261
435, 43414, 9.48356e+007, 1.77616e+007, 1.12597e+008, 3727, 4765.67, 1021, 1261
436, 43514, 9.5221e+007, 1.78042e+007, 1.13025e+008, 3746, 4752.86, 1022, 1261
437, 43614, 9.53951e+007, 1.7806e+007, 1.13201e+008, 3749, 4749.54, 1021, 1260
438, 43714, 9.57974e+007, 1.78518e+007, 1.13649e+008, 3761, 4746.55, 1022, 1260
439, 43814, 9.72392e+007, 1.81347e+007, 1.15374e+008, 3797, 4776.06, 1022, 1260
440, 43914, 9.7361e+007, 1.81213e+007, 1.15482e+008, 3789, 4782.61, 1021, 1260
441, 44014, 9.74475e+007, 1.80782e+007, 1.15526e+008, 3794, 4764.95, 1021, 1260
442, 44114, 9.74953e+007, 1.81804e+007, 1.15676e+008, 3803, 4780.54, 1021, 1260
443, 44214, 9.74863e+007, 1.81676e+007, 1.15654e+008, 3801, 4779.7, 1021, 1260
444, 44314, 9.74619e+007, 1.80669e+007, 1.15529e+008, 3793, 4763.23, 1021, 1259
445, 44414, 9.75827e+007, 1.80645e+007, 1.15647e+008, 3796, 4758.82, 1021, 1259
446, 44514, 9.73927e+007, 1.80438e+007, 1.15436e+008, 3792, 4758.39, 1021, 1259
447, 44614, 9.75045e+007, 1.80473e+007, 1.15552e+008, 3794, 4756.79, 1021, 1259
448, 44714, 9.78604e+007, 1.81343e+007, 1.15995e+008, 3810, 4759.65, 1021, 1259
449, 44814, 9.82819e+007, 1.82147e+007, 1.16497e+008, 3832, 4753.31, 1021, 1259
450, 44914, 9.79311e+007, 1.79834e+007, 1.15915e+008, 3803, 4728.75, 1021, 1258
451, 45014, 9.76559e+007, 1.80358e+007, 1.15692e+008, 3799, 4747.51, 1021, 1258
452, 45114, 9.76372e+007, 1.79476e+007, 1.15585e+008, 3792, 4733.02, 1021, 1258
453, 45214, 9.72796e+007, 1.79479e+007, 1.15228e+008, 3784, 4743.11, 1021, 1258
454, 45314, 9.77116e+007, 1.79814e+007, 1.15693e+008, 3804, 4726.98, 1021, 1258
455, 45414, 9.77852e+007, 1.80017e+007, 1.15787e+008, 3803, 4733.54, 1021, 1257
456, 45514, 9.7642e+007, 1.79107e+007, 1.15553e+008, 3795, 4719.55, 1021, 1257
457, 45614, 9.74971e+007, 1.78496e+007, 1.15347e+008, 3784, 4717.14, 1021, 1257
458, 45714, 9.82788e+007, 1.80471e+007, 1.16326e+008, 3820, 4724.38, 1021, 1257
459, 45814, 9.76199e+007, 1.78219e+007, 1.15442e+008, 3787, 4706.07, 1021, 1257
460, 45914, 9.79038e+007, 1.7897e+007, 1.15801e+008, 3799, 4710.98, 1021, 1257
461, 46014, 9.82057e+007, 1.7857e+007, 1.16063e+008, 3810, 4686.87, 1021, 1257
462, 46114, 9.83849e+007, 1.79024e+007, 1.16287e+008, 3813, 4695.09, 1021, 1257
463, 46214, 9.85237e+007, 1.79462e+007, 1.1647e+008, 3820, 4697.97, 1021, 1256
464, 46314, 9.88517e+007, 1.8023e+007, 1.16875e+008, 3840, 4693.48, 1021, 1256
465, 46415, 9.84847e+007, 1.79247e+007, 1.16409e+008, 3817, 4696.02, 1021, 1256
466, 46514, 9.88097e+007, 1.79516e+007, 1.16761e+008, 3830, 4687.1, 1021, 1256
467, 46614, 9.82419e+007, 1.7853e+007, 1.16095e+008, 3805, 4691.99, 1021, 1256
468, 46714, 9.82002e+007, 1.78093e+007, 1.16009e+008, 3803, 4682.97, 1021, 1256
469, 46814, 9.89571e+007, 1.79687e+007, 1.16926e+008, 3835, 4685.46, 1021, 1256
470, 46914, 9.86835e+007, 1.78633e+007, 1.16547e+008, 3819, 4677.49, 1021, 1255
471, 47014, 9.89832e+007, 1.7959e+007, 1.16942e+008, 3839, 4678.04, 1021, 1255
472, 47114, 9.89936e+007, 1.79475e+007, 1.16941e+008, 3842, 4671.39, 1021, 1255
473, 47214, 9.89609e+007, 1.79055e+007, 1.16866e+008, 3835, 4668.97, 1021, 1255
474, 47314, 9.91224e+007, 1.78939e+007, 1.17016e+008, 3838, 4662.29, 1021, 1255
475, 47414, 9.92498e+007, 1.79294e+007, 1.17179e+008, 3840, 4669.11, 1021, 1255
476, 47515, 9.93541e+007, 1.78939e+007, 1.17248e+008, 3839, 4661.07, 1021, 1254
477, 47614, 9.9316e+007, 1.79113e+007, 1.17227e+008, 3838, 4666.82, 1021, 1254
478, 47714, 9.93309e+007, 1.78324e+007, 1.17163e+008, 3832, 4653.54, 1021, 1254
479, 47814, 9.91111e+007, 1.77736e+007, 1.16885e+008, 3822, 4650.35, 1021, 1254
480, 47914, 9.93301e+007, 1.78554e+007, 1.17186e+008, 3836, 4654.7, 1021, 1254
481, 48015, 9.90368e+007, 1.77781e+007, 1.16815e+008, 3826, 4646.67, 1021, 1254
482, 48114, 9.90467e+007, 1.76703e+007, 1.16717e+008, 3819, 4626.93, 1021, 1253
483, 48214, 9.94519e+007, 1.77263e+007, 1.17178e+008, 3829, 4629.47, 1021, 1253
484, 48314, 9.97627e+007, 1.78092e+007, 1.17572e+008, 3848, 4628.17, 1021, 1253
485, 48414, 9.977e+007, 1.77774e+007, 1.17547e+008, 3843, 4625.91, 1021, 1253
486, 48514, 1.00374e+008, 1.79521e+007, 1.18326e+008, 3877, 4630.41, 1021, 1253
487, 48614, 9.93745e+007, 1.77135e+007, 1.17088e+008, 3827, 4628.57, 1021, 1253
488, 48714, 1.00367e+008, 1.78746e+007, 1.18241e+008, 3870, 4618.76, 1021, 1253
489, 48814, 1.00069e+008, 1.7815e+007, 1.17884e+008, 3851, 4626.06, 1021, 1253
490, 48914, 1.0051e+008, 1.78688e+007, 1.18378e+008, 3869, 4618.46, 1021, 1252
491, 49014, 1.00309e+008, 1.77641e+007, 1.18073e+008, 3858, 4604.48, 1021, 1252
492, 49115, 1.0019e+008, 1.78784e+007, 1.18069e+008, 3863, 4628.11, 1021, 1252
493, 49214, 1.00247e+008, 1.77487e+007, 1.17996e+008, 3851, 4608.86, 1021, 1252
494, 49314, 1.00245e+008, 1.77204e+007, 1.17965e+008, 3847, 4606.29, 1021, 1252
495, 49414, 1.00527e+008, 1.7765e+007, 1.18292e+008, 3860, 4602.33, 1021, 1252
496, 49514, 1.00534e+008, 1.78223e+007, 1.18356e+008, 3861, 4615.99, 1020, 1252
497, 49615, 1.00449e+008, 1.78187e+007, 1.18267e+008, 3865, 4610.26, 1021, 1251
498, 49714, 1.00988e+008, 1.79468e+007, 1.18935e+008, 3887, 4617.12, 1020, 1251
499, 49814, 1.01012e+008, 1.78273e+007, 1.18839e+008, 3886, 4587.56, 1021, 1251
500, 49914, 1.00574e+008, 1.77271e+007, 1.18301e+008, 3863, 4588.96, 1021, 1251
501, 50014, 1.00674e+008, 1.77358e+007, 1.1841e+008, 3869, 4584.09, 1021, 1251
502, 50114, 1.00505e+008, 1.77746e+007, 1.1828e+008, 3860, 4604.82, 1020, 1251
503, 50214, 1.00666e+008, 1.765e+007, 1.18316e+008, 3859, 4573.74, 1021, 1250
504, 50314, 1.00241e+008, 1.76423e+007, 1.17883e+008, 3850, 4582.42, 1020, 1250
505, 50414, 1.00204e+008, 1.7653e+007, 1.17857e+008, 3842, 4594.75, 1020, 1250
506, 50514, 1.00073e+008, 1.75676e+007, 1.17641e+008, 3834, 4582.04, 1020, 1250
507, 50614, 1.00529e+008, 1.76882e+007, 1.18217e+008, 3860, 4582.44, 1020, 1250
508, 50714, 1.00738e+008, 1.76982e+007, 1.18436e+008, 3867, 4576.73, 1020, 1250
509, 50814, 1.00202e+008, 1.75688e+007, 1.17771e+008, 3846, 4568.07, 1020, 1250
510, 50914, 1.00008e+008, 1.75392e+007, 1.17548e+008, 3836, 4572.26, 1020, 1250
511, 51014, 1.00484e+008, 1.76114e+007, 1.18095e+008, 3858, 4564.9, 1020, 1249
512, 51114, 1.00121e+008, 1.75609e+007, 1.17681e+008, 3847, 4564.82, 1020, 1249
513, 51214, 9.99826e+007, 1.75232e+007, 1.17506e+008, 3836, 4568.1, 1020, 1249
514, 51314, 9.98602e+007, 1.75077e+007, 1.17368e+008, 3835, 4565.23, 1020, 1249
515, 51414, 9.97532e+007, 1.74531e+007, 1.17206e+008, 3827, 4560.51, 1020, 1249
516, 51514, 9.97903e+007, 1.74733e+007, 1.17264e+008, 3837, 4553.9, 1020, 1249
517, 51614, 9.98094e+007, 1.74166e+007, 1.17226e+008, 3835, 4541.49, 1020, 1248
518, 51714, 9.97419e+007, 1.74449e+007, 1.17187e+008, 3830, 4554.82, 1020, 1248
519, 51814, 9.93253e+007, 1.7357e+007, 1.16682e+008, 3810, 4555.64, 1020, 1248
520, 51914, 9.9713e+007, 1.74363e+007, 1.17149e+008, 3836, 4545.44, 1020, 1248
521, 52014, 9.98329e+007, 1.74259e+007, 1.17259e+008, 3842, 4535.63, 1020, 1248
522, 52114, 9.97353e+007, 1.73948e+007, 1.1713e+008, 3835, 4535.79, 1020, 1248
523, 52214, 9.95813e+007, 1.7382e+007, 1.16963e+008, 3825, 4544.32, 1020, 1248
524, 52314, 9.96128e+007, 1.73803e+007, 1.16993e+008, 3827, 4541.49, 1020, 1248
525, 52414, 9.946e+007, 1.73052e+007, 1.16765e+008, 3827, 4521.86, 1020, 1247
526, 52514, 9.99251e+007, 1.73815e+007, 1.17307e+008, 3843, 4522.9, 1020, 1247
527, 52614, 9.94986e+007, 1.73604e+007, 1.16859e+008, 3833, 4529.2, 1020, 1247
528, 52714, 9.93337e+007, 1.72938e+007, 1.16627e+008, 3817, 4530.72, 1020, 1247
529, 52814, 9.90303e+007, 1.71997e+007, 1.1623e+008, 3802, 4523.87, 1020, 1247
530, 52914, 9.88612e+007, 1.71463e+007, 1.16007e+008, 3796, 4516.94, 1020, 1247
531, 53014, 9.90012e+007, 1.71667e+007, 1.16168e+008, 3806, 4510.42, 1020, 1247
532, 53114, 9.87625e+007, 1.70979e+007, 1.1586e+008, 3796, 4504.19, 1020, 1246
533, 53214, 9.91262e+007, 1.71411e+007, 1.16267e+008, 3810, 4498.97, 1020, 1246
534, 53314, 9.85359e+007, 1.71186e+007, 1.15655e+008, 3796, 4509.65, 1020, 1246
535, 53414, 9.87346e+007, 1.70363e+007, 1.15771e+008, 3791, 4493.89, 1020, 1246
536, 53514, 9.92585e+007, 1.7207e+007, 1.16466e+008, 3820, 4504.46, 1020, 1246
537, 53614, 9.88528e+007, 1.71223e+007, 1.15975e+008, 3803, 4502.31, 1020, 1246
538, 53714, 9.85762e+007, 1.70964e+007, 1.15673e+008, 3789, 4512.11, 1020, 1246
539, 53814, 9.85842e+007, 1.70691e+007, 1.15653e+008, 3786, 4508.48, 1020, 1245
540, 53914, 9.85932e+007, 1.70363e+007, 1.1563e+008, 3786, 4499.82, 1020, 1245
541, 54014, 9.84951e+007, 1.69812e+007, 1.15476e+008, 3779, 4493.57, 1020, 1245
542, 54114, 9.85203e+007, 1.70123e+007, 1.15533e+008, 3787, 4492.28, 1020, 1245
543, 54214, 9.88294e+007, 1.70457e+007, 1.15875e+008, 3798, 4488.08, 1020, 1245
544, 54314, 9.83783e+007, 1.7016e+007, 1.15394e+008, 3788, 4492.07, 1020, 1245
545, 54414, 9.87373e+007, 1.70537e+007, 1.15791e+008, 3802, 4485.45, 1020, 1245
546, 54514, 9.81445e+007, 1.69341e+007, 1.15079e+008, 3772, 4489.41, 1020, 1244
547, 54614, 9.80994e+007, 1.70062e+007, 1.15106e+008, 3777, 4502.57, 1020, 1244
548, 54714, 9.81864e+007, 1.69549e+007, 1.15141e+008, 3782, 4483.06, 1020, 1244
549, 54814, 9.81737e+007, 1.69609e+007, 1.15135e+008, 3783, 4483.46, 1020, 1244
550, 54914, 9.79546e+007, 1.6937e+007, 1.14892e+008, 3778, 4483.05, 1020, 1244
551, 55014, 9.79045e+007, 1.69519e+007, 1.14856e+008, 3773, 4492.96, 1020, 1244
552, 55114, 9.78538e+007, 1.68541e+007, 1.14708e+008, 3763, 4478.89, 1020, 1244
553, 55214, 9.82189e+007, 1.69892e+007, 1.15208e+008, 3789, 4483.83, 1020, 1244
554, 55314, 9.77923e+007, 1.68974e+007, 1.1469e+008, 3765, 4488.02, 1020, 1243
555, 55414, 9.8446e+007, 1.7013e+007, 1.15459e+008, 3797, 4480.64, 1020, 1243
556, 55514, 9.7968e+007, 1.69093e+007, 1.14877e+008, 3773, 4481.66, 1020, 1243
557, 55614, 9.76036e+007, 1.68088e+007, 1.14412e+008, 3753, 4478.76, 1020, 1243
558, 55714, 9.77296e+007, 1.68112e+007, 1.14541e+008, 3761, 4469.88, 1020, 1243
559, 55814, 9.73582e+007, 1.67938e+007, 1.14152e+008, 3754, 4473.57, 1020, 1243
560, 55914, 9.76378e+007, 1.68771e+007, 1.14515e+008, 3772, 4474.32, 1020, 1243
561, 56014, 9.71894e+007, 1.67049e+007, 1.13894e+008, 3743, 4462.97, 1020, 1243
562, 56114, 9.72146e+007, 1.67011e+007, 1.13916e+008, 3752, 4451.26, 1020, 1243
563, 56214, 9.70084e+007, 1.65882e+007, 1.13597e+008, 3739, 4436.53, 1020, 1242
564, 56314, 9.71174e+007, 1.66347e+007, 1.13752e+008, 3746, 4440.66, 1020, 1242
565, 56414, 9.68017e+007, 1.65017e+007, 1.13303e+008, 3730, 4424.04, 1020, 1242
566, 56514, 9.70483e+007, 1.65012e+007, 1.13549e+008, 3737, 4415.61, 1020, 1242
567, 56614, 9.69988e+007, 1.65248e+007, 1.13524e+008, 3733, 4426.68, 1020, 1242
568, 56714, 9.66554e+007, 1.65143e+007, 1.1317e+008, 3718, 4441.72, 1020, 1242
569, 56814, 9.70106e+007, 1.65685e+007, 1.13579e+008, 3736, 4434.83, 1020, 1242
570, 56914, 9.70257e+007, 1.64942e+007, 1.1352e+008, 3735, 4416.11, 1020, 1241
571, 57014, 9.70896e+007, 1.64816e+007, 1.13571e+008, 3738, 4409.21, 1020, 1241
572, 57114, 9.67141e+007, 1.63803e+007, 1.13094e+008, 3716, 4408.05, 1020, 1241
573, 57214, 9.62224e+007, 1.63128e+007, 1.12535e+008, 3702, 4406.48, 1020, 1241
574, 57314, 9.67433e+007, 1.64261e+007, 1.13169e+008, 3727, 4407.32, 1020, 1241
575, 57414, 9.63332e+007, 1.63476e+007, 1.12681e+008, 3707, 4409.93, 1020, 1241
576, 57514, 9.6464e+007, 1.64098e+007, 1.12874e+008, 3716, 4415.98, 1020, 1241
577, 57614, 9.68109e+007, 1.64188e+007, 1.1323e+008, 3726, 4406.55, 1020, 1241
578, 57714, 9.62458e+007, 1.63155e+007, 1.12561e+008, 3704, 4404.82, 1020, 1240
579, 57814, 9.63691e+007, 1.62471e+007, 1.12616e+008, 3704, 4386.36, 1020, 1240
580, 57914, 9.61322e+007, 1.61816e+007, 1.12314e+008, 3696, 4378.13, 1020, 1240
581, 58015, 9.65245e+007, 1.62332e+007, 1.12758e+008, 3712, 4373.15, 1020, 1240
582, 58115, 9.65195e+007, 1.6218e+007, 1.12737e+008, 3713, 4367.89, 1020, 1240
583, 58215, 9.63116e+007, 1.62435e+007, 1.12555e+008, 3714, 4373.58, 1020, 1240
584, 58314, 9.60903e+007, 1.62425e+007, 1.12333e+008, 3700, 4389.85, 1020, 1240
585, 58415, 9.63112e+007, 1.61561e+007, 1.12467e+008, 3702, 4364.14, 1020, 1240
586, 58514, 9.60045e+007, 1.59258e+007, 1.1193e+008, 3687, 4319.46, 1020, 1239
587, 58614, 9.58078e+007, 1.59056e+007, 1.11713e+008, 3688, 4312.79, 1020, 1239
588, 58714, 9.54348e+007, 1.5716e+007, 1.11151e+008, 3659, 4295.16, 1020, 1239
589, 58814, 9.52603e+007, 1.58251e+007, 1.11085e+008, 3663, 4320.25, 1020, 1239
590, 58914, 9.57294e+007, 1.58384e+007, 1.11568e+008, 3675, 4309.76, 1020, 1239
591, 59014, 9.58137e+007, 1.58795e+007, 1.11693e+008, 3685, 4309.24, 1020, 1239
592, 59114, 9.54823e+007, 1.57604e+007, 1.11243e+008, 3664, 4301.42, 1020, 1238
593, 59214, 9.5641e+007, 1.57857e+007, 1.11427e+008, 3673, 4297.77, 1020, 1238
594, 59314, 9.55005e+007, 1.57564e+007, 1.11257e+008, 3671, 4292.14, 1020, 1238
595, 59414, 9.49132e+007, 1.57051e+007, 1.10618e+008, 3649, 4303.94, 1019, 1238
596, 59514, 9.49379e+007, 1.566e+007, 1.10598e+008, 3646, 4295.11, 1020, 1238
597, 59614, 9.49393e+007, 1.56178e+007, 1.10557e+008, 3645, 4284.71, 1020, 1238
598, 59714, 9.54595e+007, 1.57409e+007, 1.112e+008, 3672, 4286.73, 1020, 1237
599, 59814, 9.51777e+007, 1.57393e+007, 1.10917e+008, 3657, 4303.88, 1019, 1238
600, 59914, 9.51144e+007, 1.56215e+007, 1.10736e+008, 3650, 4279.85, 1020, 1237