2, 100, 3.53808e+007, 1.00829e+007, 4.54638e+007, 1482, 6803.6, 1006, 1423
3, 200, 3.47417e+007, 9.76863e+006, 4.45104e+007, 1450, 6736.98, 1006, 1423
4, 300, 3.40733e+007, 9.48399e+006, 4.35573e+007, 1416, 6697.73, 1006, 1423
5, 400, 3.43328e+007, 9.54996e+006, 4.38827e+007, 1433, 6664.31, 1006, 1423
6, 500, 3.39654e+007, 9.36375e+006, 4.33292e+007, 1413, 6626.86, 1006, 1423
7, 600, 3.38211e+007, 9.27405e+006, 4.30952e+007, 1403, 6610.15, 1006, 1423
8, 700, 3.40468e+007, 9.32932e+006, 4.33761e+007, 1415, 6593.16, 1006, 1423
9, 800, 3.43498e+007, 9.39584e+006, 4.37456e+007, 1427, 6584.33, 1006, 1423
10, 900, 3.39743e+007, 9.25091e+006, 4.32252e+007, 1408, 6570.25, 1006, 1423
11, 1000, 3.43492e+007, 9.34899e+006, 4.36982e+007, 1426, 6556.09, 1006, 1423
12, 1100, 3.46749e+007, 9.40427e+006, 4.40792e+007, 1439, 6535.28, 1006, 1423
13, 1200, 3.46148e+007, 9.33948e+006, 4.39543e+007, 1431, 6526.54, 1006, 1423
14, 1300, 3.46068e+007, 9.30648e+006, 4.39133e+007, 1430, 6508.02, 1006, 1423
15, 1400, 3.47537e+007, 9.34167e+006, 4.40954e+007, 1437, 6500.81, 1006, 1423
16, 1500, 3.47473e+007, 9.29921e+006, 4.40465e+007, 1429, 6507.5, 1006, 1423
17, 1600, 3.49979e+007, 9.38762e+006, 4.43855e+007, 1445, 6496.63, 1006, 1423
18, 1700, 3.4758e+007, 9.2928e+006, 4.40508e+007, 1432, 6489.39, 1006, 1423
19, 1800, 3.50821e+007, 9.35606e+006, 4.44382e+007, 1446, 6470.3, 1006, 1423
20, 1900, 3.50647e+007, 9.31328e+006, 4.4378e+007, 1440, 6467.55, 1006, 1423
21, 2000, 3.51224e+007, 9.35173e+006, 4.44741e+007, 1446, 6467.31, 1005, 1423
22, 2100, 3.52282e+007, 9.30344e+006, 4.45317e+007, 1442, 6451.76, 1006, 1423
23, 2200, 3.53824e+007, 9.35547e+006, 4.47379e+007, 1453, 6438.73, 1006, 1423
24, 2300, 3.53417e+007, 9.29888e+006, 4.46406e+007, 1447, 6426.32, 1006, 1423
25, 2400, 3.56109e+007, 9.37678e+006, 4.49877e+007, 1460, 6422.45, 1006, 1423
26, 2500, 3.53672e+007, 9.23788e+006, 4.46051e+007, 1440, 6415.2, 1006, 1423
27, 2600, 3.55061e+007, 9.25226e+006, 4.47584e+007, 1444, 6407.38, 1005, 1423
28, 2700, 3.60935e+007, 9.45856e+006, 4.5552e+007, 1476, 6408.24, 1005, 1423
29, 2800, 3.58668e+007, 9.33608e+006, 4.52029e+007, 1459, 6398.96, 1005, 1423
30, 2900, 3.61624e+007, 9.38418e+006, 4.55466e+007, 1471, 6379.46, 1005, 1423
31, 3000, 3.67739e+007, 9.55399e+006, 4.63279e+007, 1498, 6377.83, 1005, 1423
32, 3100, 3.67919e+007, 9.52707e+006, 4.6319e+007, 1493, 6381.16, 1004, 1423
33, 3200, 3.66448e+007, 9.41283e+006, 4.60576e+007, 1481, 6355.72, 1005, 1422
34, 3300, 3.64159e+007, 9.40472e+006, 4.58206e+007, 1480, 6354.54, 1005, 1423
35, 3400, 3.59487e+007, 9.2837e+006, 4.52324e+007, 1462, 6350, 1005, 1423
36, 3500, 3.6537e+007, 9.45655e+006, 4.59935e+007, 1492, 6338.17, 1005, 1423
37, 3600, 3.63276e+007, 9.38821e+006, 4.57159e+007, 1482, 6334.82, 1005, 1423
38, 3700, 3.6183e+007, 9.29847e+006, 4.54815e+007, 1470, 6325.49, 1005, 1423
39, 3800, 3.64976e+007, 9.41221e+006, 4.59099e+007, 1489, 6321.16, 1005, 1423
40, 3900, 3.63394e+007, 9.34202e+006, 4.56815e+007, 1478, 6320.71, 1005, 1423
41, 4000, 3.64359e+007, 9.3333e+006, 4.57692e+007, 1479, 6310.55, 1005, 1423
42, 4100, 3.65827e+007, 9.34142e+006, 4.59241e+007, 1484, 6294.76, 1006, 1423
43, 4200, 3.61843e+007, 9.18919e+006, 4.53735e+007, 1458, 6302.6, 1006, 1423
44, 4300, 3.66245e+007, 9.28799e+006, 4.59125e+007, 1481, 6271.43, 1006, 1423
45, 4400, 3.62731e+007, 9.12809e+006, 4.54012e+007, 1458, 6260.69, 1006, 1423
46, 4500, 3.6548e+007, 9.25877e+006, 4.58068e+007, 1477, 6268.63, 1005, 1423
47, 4600, 3.66529e+007, 9.26012e+006, 4.5913e+007, 1479, 6261.07, 1006, 1423
48, 4700, 3.64412e+007, 9.15444e+006, 4.55957e+007, 1463, 6257.31, 1006, 1423
49, 4800, 3.66712e+007, 9.19568e+006, 4.58668e+007, 1472, 6247.07, 1005, 1423
50, 4900, 3.69734e+007, 9.30851e+006, 4.62819e+007, 1488, 6255.72, 1005, 1423
51, 5000, 3.72599e+007, 9.38477e+006, 4.66447e+007, 1504, 6239.87, 1005, 1423
52, 5100, 3.72851e+007, 9.35425e+006, 4.66393e+007, 1501, 6232.01, 1005, 1423
53, 5200, 3.74628e+007, 9.4243e+006, 4.68871e+007, 1516, 6216.56, 1006, 1423
54, 5310, 3.73001e+007, 9.38844e+006, 4.66885e+007, 1509, 6221.63, 1006, 1423
55, 5400, 3.75604e+007, 9.3944e+006, 4.69548e+007, 1510, 6221.45, 1005, 1423
56, 5500, 3.73504e+007, 9.30368e+006, 4.66541e+007, 1496, 6219.04, 1006, 1423
57, 5600, 3.78263e+007, 9.45361e+006, 4.72799e+007, 1524, 6203.15, 1005, 1423
58, 5700, 3.73112e+007, 9.25156e+006, 4.65628e+007, 1492, 6200.78, 1005, 1423
59, 5800, 3.76612e+007, 9.34349e+006, 4.70047e+007, 1508, 6195.95, 1005, 1423
60, 5900, 3.79432e+007, 9.43984e+006, 4.73831e+007, 1524, 6194.12, 1005, 1423
61, 6000, 3.76132e+007, 9.30707e+006, 4.69203e+007, 1504, 6188.21, 1005, 1422
62, 6100, 3.77857e+007, 9.3594e+006, 4.71451e+007, 1514, 6181.9, 1005, 1423
63, 6200, 3.76883e+007, 9.32374e+006, 4.7012e+007, 1509, 6178.75, 1005, 1422
64, 6300, 3.79481e+007, 9.36208e+006, 4.73102e+007, 1521, 6155.21, 1005, 1422
65, 6400, 3.79387e+007, 9.3366e+006, 4.72753e+007, 1516, 6158.71, 1005, 1423
66, 6500, 3.81123e+007, 9.33587e+006, 4.74482e+007, 1519, 6146.06, 1005, 1422
67, 6610, 3.80068e+007, 9.31466e+006, 4.73214e+007, 1517, 6140.18, 1005, 1422
68, 6700, 3.80354e+007, 9.31975e+006, 4.73552e+007, 1517, 6143.54, 1005, 1423
69, 6800, 3.79749e+007, 9.26295e+006, 4.72378e+007, 1510, 6134.41, 1005, 1423
70, 6900, 3.81872e+007, 9.36768e+006, 4.75549e+007, 1527, 6134.7, 1005, 1422
71, 7010, 3.84565e+007, 9.41269e+006, 4.78692e+007, 1535, 6132.05, 1005, 1423
72, 7100, 3.80306e+007, 9.26392e+006, 4.72945e+007, 1512, 6126.93, 1005, 1423
73, 7200, 3.8462e+007, 9.35596e+006, 4.78179e+007, 1531, 6111.01, 1005, 1422
74, 7300, 3.86336e+007, 9.40549e+006, 4.80391e+007, 1537, 6119.38, 1005, 1422
75, 7400, 3.87456e+007, 9.4361e+006, 4.81817e+007, 1547, 6099.61, 1005, 1422
76, 7500, 3.83605e+007, 9.29375e+006, 4.76542e+007, 1523, 6102.27, 1005, 1422
77, 7604, 3.85612e+007, 9.32201e+006, 4.78832e+007, 1532, 6084.86, 1005, 1422
78, 7702, 3.83125e+007, 9.21516e+006, 4.75276e+007, 1517, 6074.59, 1006, 1422
79, 7802, 3.88253e+007, 9.39371e+006, 4.8219e+007, 1542, 6091.9, 1005, 1422
80, 7902, 3.9009e+007, 9.45058e+006, 4.84596e+007, 1554, 6081.45, 1005, 1422
81, 8002, 3.88228e+007, 9.32171e+006, 4.81445e+007, 1538, 6060.93, 1005, 1422
82, 8102, 3.91983e+007, 9.46575e+006, 4.86641e+007, 1560, 6067.79, 1005, 1422
83, 8202, 3.87934e+007, 9.3603e+006, 4.81537e+007, 1540, 6078.12, 1005, 1422
84, 8302, 3.91748e+007, 9.45782e+006, 4.86326e+007, 1561, 6058.82, 1005, 1422
85, 8402, 3.88366e+007, 9.27614e+006, 4.81127e+007, 1536, 6039.16, 1006, 1423
86, 8502, 3.89998e+007, 9.3781e+006, 4.83779e+007, 1550, 6050.39, 1005, 1422
87, 8602, 3.89785e+007, 9.28268e+006, 4.82612e+007, 1539, 6031.63, 1005, 1422
88, 8702, 3.89318e+007, 9.29981e+006, 4.82316e+007, 1541, 6034.92, 1005, 1422
89, 8802, 3.90402e+007, 9.3332e+006, 4.83734e+007, 1545, 6040.9, 1005, 1422
90, 8902, 3.93843e+007, 9.37842e+006, 4.87627e+007, 1559, 6015.66, 1005, 1422
91, 9002, 3.92734e+007, 9.33031e+006, 4.86037e+007, 1549, 6023.44, 1006, 1422
92, 9102, 3.92971e+007, 9.29156e+006, 4.85886e+007, 1546, 6010.06, 1005, 1422
93, 9202, 3.96292e+007, 9.39255e+006, 4.90218e+007, 1560, 6020.87, 1005, 1422
94, 9302, 3.92911e+007, 9.29585e+006, 4.85869e+007, 1549, 6001.2, 1005, 1422
95, 9402, 3.93585e+007, 9.2948e+006, 4.86533e+007, 1549, 6000.52, 1006, 1422
96, 9502, 3.96026e+007, 9.38226e+006, 4.89849e+007, 1561, 6010.42, 1005, 1422
97, 9602, 3.98269e+007, 9.46386e+006, 4.92908e+007, 1577, 6001.18, 1005, 1422
98, 9702, 3.95879e+007, 9.3411e+006, 4.8929e+007, 1558, 5995.57, 1005, 1422
99, 9802, 3.97445e+007, 9.37634e+006, 4.91208e+007, 1567, 5983.63, 1005, 1422
100, 9902, 3.84056e+007, 8.38874e+006, 4.67944e+007, 1486, 5645.18, 1006, 1423
101, 10002, 3.84574e+007, 8.22619e+006, 4.66836e+007, 1482, 5550.74, 1006, 1423
102, 10102, 3.82306e+007, 8.10051e+006, 4.63311e+007, 1470, 5510.55, 1006, 1423
103, 10202, 3.83128e+007, 8.08398e+006, 4.63968e+007, 1475, 5480.66, 1006, 1423
104, 10302, 3.7984e+007, 7.88922e+006, 4.58732e+007, 1451, 5437.09, 1006, 1423
105, 10402, 3.83909e+007, 7.98736e+006, 4.63782e+007, 1471, 5429.88, 1005, 1423
106, 10502, 3.8096e+007, 7.84314e+006, 4.59391e+007, 1456, 5386.77, 1006, 1423
107, 10602, 3.83327e+007, 7.86472e+006, 4.61974e+007, 1466, 5364.75, 1006, 1423
108, 10702, 3.81441e+007, 7.76412e+006, 4.59083e+007, 1453, 5343.51, 1006, 1423
109, 10802, 3.82039e+007, 7.77806e+006, 4.59819e+007, 1460, 5327.44, 1006, 1423
110, 10903, 3.82539e+007, 7.79693e+006, 4.60508e+007, 1465, 5322.14, 1006, 1423
111, 11002, 3.81336e+007, 7.6976e+006, 4.58312e+007, 1455, 5290.45, 1006, 1423
112, 11102, 3.83208e+007, 7.75542e+006, 4.60763e+007, 1464, 5297.42, 1006, 1423
113, 11202, 3.80961e+007, 7.68005e+006, 4.57761e+007, 1455, 5278.39, 1006, 1423
114, 11302, 3.82444e+007, 7.68898e+006, 4.59333e+007, 1460, 5266.43, 1006, 1423
115, 11402, 3.81125e+007, 7.60135e+006, 4.57139e+007, 1449, 5245.93, 1007, 1423
116, 11502, 3.82e+007, 7.57995e+006, 4.578e+007, 1449, 5231.16, 1007, 1423
117, 11602, 3.84041e+007, 7.65023e+006, 4.60543e+007, 1463, 5229.14, 1007, 1423
118, 11702, 3.81652e+007, 7.55299e+006, 4.57182e+007, 1448, 5216.15, 1007, 1422
119, 11802, 3.82945e+007, 7.5813e+006, 4.58758e+007, 1456, 5206.94, 1007, 1422
120, 11902, 3.82904e+007, 7.54306e+006, 4.58334e+007, 1452, 5194.95, 1007, 1422
121, 12002, 3.83651e+007, 7.54854e+006, 4.59136e+007, 1453, 5195.14, 1007, 1422
122, 12102, 3.85616e+007, 7.59675e+006, 4.61583e+007, 1463, 5192.58, 1007, 1422
123, 12202, 3.86294e+007, 7.58357e+006, 4.62129e+007, 1464, 5180.04, 1008, 1422
124, 12302, 3.84056e+007, 7.53429e+006, 4.59399e+007, 1453, 5185.34, 1008, 1422
125, 12402, 3.86642e+007, 7.58922e+006, 4.62534e+007, 1468, 5169.77, 1008, 1421
126, 12502, 3.87688e+007, 7.57062e+006, 4.63395e+007, 1466, 5164.14, 1008, 1421
127, 12602, 3.88291e+007, 7.61692e+006, 4.64461e+007, 1476, 5160.52, 1008, 1421
128, 12702, 3.86329e+007, 7.55076e+006, 4.61836e+007, 1464, 5157.62, 1008, 1421
129, 12800, 3.87652e+007, 7.54986e+006, 4.63151e+007, 1465, 5153.49, 1008, 1421
130, 12900, 3.89238e+007, 7.62234e+006, 4.65461e+007, 1479, 5153.71, 1008, 1421
131, 13000, 3.88282e+007, 7.54526e+006, 4.63735e+007, 1467, 5143.33, 1008, 1420
132, 13100, 3.88364e+007, 7.5307e+006, 4.63671e+007, 1465, 5140.41, 1008, 1420
133, 13200, 3.91159e+007, 7.61227e+006, 4.67282e+007, 1481, 5139.95, 1008, 1420
134, 13300, 3.89657e+007, 7.54533e+006, 4.6511e+007, 1473, 5122.42, 1009, 1420
135, 13400, 3.89567e+007, 7.53814e+006, 4.64948e+007, 1473, 5117.54, 1009, 1420
136, 13510, 3.91969e+007, 7.6099e+006, 4.68068e+007, 1488, 5114.18, 1009, 1420
137, 13600, 3.94456e+007, 7.67345e+006, 4.7119e+007, 1497, 5125.88, 1009, 1420
138, 13700, 3.94589e+007, 7.66192e+006, 4.71209e+007, 1498, 5114.77, 1009, 1420
139, 13811, 3.92205e+007, 7.58649e+006, 4.68069e+007, 1486, 5105.31, 1009, 1420
140, 13911, 3.9375e+007, 7.61924e+006, 4.69942e+007, 1493, 5103.31, 1009, 1419
141, 14011, 3.9089e+007, 7.54047e+006, 4.66295e+007, 1477, 5105.26, 1009, 1419
142, 14111, 3.98472e+007, 7.71254e+006, 4.75597e+007, 1515, 5090.78, 1009, 1418
143, 14201, 3.94817e+007, 7.59613e+006, 4.70779e+007, 1492, 5091.24, 1009, 1418
144, 14311, 3.94541e+007, 7.5794e+006, 4.70335e+007, 1492, 5080.03, 1010, 1418
145, 14401, 3.92446e+007, 7.54493e+006, 4.67895e+007, 1486, 5077.34, 1010, 1418
146, 14501, 3.87851e+007, 7.40543e+006, 4.61906e+007, 1460, 5072.21, 1010, 1418
147, 14601, 3.89142e+007, 7.44364e+006, 4.63578e+007, 1468, 5070.6, 1010, 1417
148, 14711, 3.98569e+007, 7.64596e+006, 4.75029e+007, 1509, 5066.91, 1010, 1417
149, 14811, 3.99511e+007, 7.64932e+006, 4.76005e+007, 1509, 5069.13, 1010, 1417
150, 14911, 4.02576e+007, 7.68263e+006, 4.79403e+007, 1519, 5057.69, 1010, 1417
151, 15011, 3.98242e+007, 7.53988e+006, 4.7364e+007, 1491, 5056.93, 1010, 1417
152, 15111, 3.98608e+007, 7.58484e+006, 4.74456e+007, 1498, 5063.31, 1010, 1416
153, 15211, 3.99052e+007, 7.58839e+006, 4.74936e+007, 1500, 5058.93, 1010, 1416
154, 15311, 4.05116e+007, 7.73487e+006, 4.82465e+007, 1530, 5055.47, 1010, 1416
155, 15411, 4.02981e+007, 7.62246e+006, 4.79206e+007, 1513, 5037.98, 1010, 1416
156, 15511, 4.02077e+007, 7.61832e+006, 4.78261e+007, 1510, 5045.25, 1010, 1416
157, 15611, 4.04046e+007, 7.65103e+006, 4.80556e+007, 1517, 5043.53, 1010, 1415
158, 15711, 4.00359e+007, 7.55133e+006, 4.75872e+007, 1499, 5037.58, 1010, 1415
159, 15811, 4.07173e+007, 7.7194e+006, 4.84367e+007, 1535, 5028.93, 1010, 1415
160, 15911, 4.06639e+007, 7.70613e+006, 4.837e+007, 1532, 5030.11, 1010, 1415
161, 16011, 4.00074e+007, 7.53445e+006, 4.75418e+007, 1497, 5033.03, 1010, 1415
162, 16111, 4.05669e+007, 7.63919e+006, 4.82061e+007, 1521, 5022.48, 1011, 1415
163, 16211, 4.07063e+007, 7.65684e+006, 4.83632e+007, 1528, 5011.02, 1011, 1414
164, 16311, 4.03212e+007, 7.55555e+006, 4.78768e+007, 1508, 5010.31, 1011, 1414
165, 16411, 4.04134e+007, 7.56518e+006, 4.79786e+007, 1510, 5010.06, 1011, 1414
166, 16511, 4.04348e+007, 7.55544e+006, 4.79902e+007, 1510, 5003.6, 1011, 1414
167, 16611, 4.05207e+007, 7.59973e+006, 4.81204e+007, 1515, 5016.33, 1011, 1414
168, 16711, 4.06905e+007, 7.59676e+006, 4.82872e+007, 1521, 4994.58, 1011, 1414
169, 16811, 4.07149e+007, 7.62462e+006, 4.83395e+007, 1525, 4999.75, 1011, 1414
170, 16911, 4.03571e+007, 7.53841e+006, 4.78955e+007, 1509, 4995.63, 1011, 1414
171, 17011, 4.04285e+007, 7.54411e+006, 4.79726e+007, 1510, 4996.1, 1011, 1413
172, 17111, 4.09192e+007, 7.65942e+006, 4.85786e+007, 1535, 4989.85, 1011, 1413
173, 17211, 4.03296e+007, 7.45309e+006, 4.77827e+007, 1493, 4992.02, 1011, 1413
174, 17311, 4.07507e+007, 7.57797e+006, 4.83286e+007, 1522, 4978.95, 1011, 1413
175, 17411, 4.04361e+007, 7.51583e+006, 4.79519e+007, 1508, 4983.97, 1011, 1413
176, 17511, 4.04517e+007, 7.49946e+006, 4.79511e+007, 1505, 4983.03, 1011, 1413
177, 17611, 4.0654e+007, 7.56199e+006, 4.8216e+007, 1518, 4981.55, 1011, 1413
178, 17711, 4.07292e+007, 7.57005e+006, 4.82993e+007, 1521, 4977.02, 1011, 1412
179, 17811, 4.08098e+007, 7.60178e+006, 4.84116e+007, 1527, 4978.24, 1011, 1412
180, 17911, 4.07524e+007, 7.57249e+006, 4.83249e+007, 1523, 4972.09, 1011, 1412
181, 18011, 4.11743e+007, 7.6819e+006, 4.88562e+007, 1544, 4975.32, 1011, 1412
182, 18111, 4.07537e+007, 7.54455e+006, 4.82982e+007, 1519, 4966.78, 1011, 1412
183, 18211, 4.09732e+007, 7.60055e+006, 4.85737e+007, 1529, 4970.93, 1011, 1411
184, 18311, 4.11108e+007, 7.62027e+006, 4.8731e+007, 1536, 4961.11, 1011, 1411
185, 18411, 4.09735e+007, 7.60614e+006, 4.85796e+007, 1531, 4968.09, 1011, 1411
186, 18511, 4.08825e+007, 7.52861e+006, 4.84111e+007, 1516, 4966.1, 1011, 1411
187, 18611, 4.10746e+007, 7.5715e+006, 4.86461e+007, 1526, 4961.66, 1011, 1411
188, 18711, 4.07527e+007, 7.51878e+006, 4.82715e+007, 1514, 4966.17, 1011, 1411
189, 18811, 4.10508e+007, 7.56967e+006, 4.86205e+007, 1528, 4953.97, 1011, 1411
190, 18911, 4.10072e+007, 7.57255e+006, 4.85797e+007, 1526, 4962.35, 1011, 1410
191, 19011, 4.11662e+007, 7.61606e+006, 4.87823e+007, 1535, 4961.6, 1011, 1410
192, 19111, 4.11197e+007, 7.55861e+006, 4.86783e+007, 1528, 4946.73, 1012, 1410
193, 19211, 4.11344e+007, 7.57764e+006, 4.8712e+007, 1535, 4936.57, 1011, 1410
194, 19311, 4.0961e+007, 7.55267e+006, 4.85136e+007, 1526, 4949.32, 1011, 1410
195, 19411, 4.11419e+007, 7.58155e+006, 4.87234e+007, 1534, 4942.34, 1011, 1410
196, 19511, 4.10917e+007, 7.58845e+006, 4.86802e+007, 1532, 4953.29, 1011, 1409
197, 19611, 4.12088e+007, 7.6023e+006, 4.88111e+007, 1535, 4952.64, 1011, 1409
198, 19711, 4.13129e+007, 7.59762e+006, 4.89105e+007, 1540, 4933.52, 1011, 1409
199, 19811, 4.14052e+007, 7.6342e+006, 4.90394e+007, 1546, 4938.03, 1011, 1409
200, 19911, 4.11165e+007, 7.55277e+006, 4.86693e+007, 1531, 4933.23, 1011, 1409
201, 20011, 4.09865e+007, 7.53732e+006, 4.85238e+007, 1526, 4939.27, 1011, 1409
202, 20111, 4.11203e+007, 7.54182e+006, 4.86621e+007, 1530, 4929.3, 1011, 1409
203, 20211, 4.11977e+007, 7.5739e+006, 4.87716e+007, 1535, 4934.14, 1011, 1409
204, 20311, 4.1297e+007, 7.60619e+006, 4.89032e+007, 1541, 4935.88, 1011, 1409
205, 20411, 4.13325e+007, 7.607e+006, 4.89395e+007, 1543, 4930.01, 1011, 1408
206, 20511, 4.09774e+007, 7.51799e+006, 4.84954e+007, 1526, 4926.6, 1011, 1408
207, 20611, 4.12868e+007, 7.59269e+006, 4.88795e+007, 1539, 4933.52, 1011, 1408
208, 20711, 4.12823e+007, 7.56641e+006, 4.88487e+007, 1538, 4919.64, 1011, 1408
209, 20811, 4.10032e+007, 7.51588e+006, 4.85191e+007, 1527, 4921.99, 1012, 1408
210, 20911, 4.10342e+007, 7.50148e+006, 4.85357e+007, 1523, 4925.46, 1012, 1408
211, 21011, 4.10475e+007, 7.48217e+006, 4.85297e+007, 1522, 4916.01, 1012, 1408
212, 21111, 4.15735e+007, 7.66412e+006, 4.92376e+007, 1558, 4919.2, 1011, 1407
213, 21211, 4.13684e+007, 7.55784e+006, 4.89263e+007, 1539, 4910.88, 1012, 1407
214, 21311, 4.14046e+007, 7.57117e+006, 4.89757e+007, 1543, 4906.78, 1012, 1407
215, 21411, 4.14067e+007, 7.58203e+006, 4.89887e+007, 1544, 4910.64, 1012, 1407
216, 21511, 4.13666e+007, 7.55781e+006, 4.89244e+007, 1540, 4907.67, 1012, 1407
217, 21611, 4.13329e+007, 7.57038e+006, 4.89033e+007, 1541, 4912.64, 1012, 1407
218, 21711, 4.15003e+007, 7.60793e+006, 4.91082e+007, 1550, 4908.34, 1012, 1407
219, 21811, 4.12224e+007, 7.51044e+006, 4.87328e+007, 1530, 4908.78, 1012, 1407
220, 21911, 4.17485e+007, 7.65157e+006, 4.94e+007, 1561, 4901.71, 1012, 1406
221, 22011, 4.13505e+007, 7.59343e+006, 4.89439e+007, 1551, 4895.83, 1012, 1406
222, 22111, 4.10662e+007, 7.53596e+006, 4.86021e+007, 1537, 4903.03, 1012, 1406
223, 22211, 4.10057e+007, 7.49484e+006, 4.85006e+007, 1529, 4901.79, 1012, 1406
224, 22311, 4.15516e+007, 7.59903e+006, 4.91506e+007, 1549, 4905.77, 1012, 1406
225, 22411, 4.121e+007, 7.47596e+006, 4.8686e+007, 1526, 4899.05, 1012, 1406
226, 22511, 4.14015e+007, 7.532e+006, 4.89335e+007, 1539, 4894.08, 1012, 1406
227, 22611, 4.18263e+007, 7.61768e+006, 4.9444e+007, 1558, 4889.4, 1012, 1406
228, 22711, 4.14597e+007, 7.50674e+006, 4.89665e+007, 1537, 4884.02, 1012, 1406
229, 22810, 4.1585e+007, 7.56008e+006, 4.9145e+007, 1549, 4880.62, 1012, 1406
230, 22910, 4.20928e+007, 7.64398e+006, 4.97367e+007, 1568, 4874.99, 1012, 1405
231, 23010, 4.20137e+007, 7.63109e+006, 4.96448e+007, 1564, 4879.22, 1012, 1405
232, 23110, 4.20849e+007, 7.68116e+006, 4.97661e+007, 1572, 4886.23, 1012, 1405
233, 23210, 4.18562e+007, 7.56014e+006, 4.94164e+007, 1552, 4871.23, 1013, 1405
234, 23310, 4.18776e+007, 7.62082e+006, 4.94984e+007, 1561, 4882.01, 1012, 1405
235, 23410, 4.19227e+007, 7.61671e+006, 4.95394e+007, 1562, 4876.25, 1012, 1405
236, 23510, 4.17144e+007, 7.55956e+006, 4.92739e+007, 1552, 4870.85, 1012, 1405
237, 23610, 4.22301e+007, 7.70046e+006, 4.99306e+007, 1577, 4882.98, 1012, 1404
238, 23710, 4.16369e+007, 7.57398e+006, 4.92109e+007, 1551, 4883.29, 1012, 1404
239, 23810, 4.18142e+007, 7.59396e+006, 4.94082e+007, 1558, 4874.17, 1012, 1404
240, 23910, 4.18943e+007, 7.62294e+006, 4.95172e+007, 1565, 4870.89, 1012, 1404
241, 24010, 4.15581e+007, 7.57515e+006, 4.91333e+007, 1551, 4884.04, 1012, 1404
242, 24110, 4.14254e+007, 7.56527e+006, 4.89907e+007, 1546, 4893.45, 1012, 1404
243, 24210, 4.09055e+007, 7.45713e+006, 4.83626e+007, 1519, 4909.24, 1011, 1405
244, 24310, 4.15449e+007, 7.60716e+006, 4.9152e+007, 1550, 4907.85, 1012, 1404
245, 24410, 4.14626e+007, 7.5572e+006, 4.90198e+007, 1544, 4894.56, 1012, 1404
246, 24510, 4.16489e+007, 7.60552e+006, 4.92544e+007, 1554, 4894.15, 1012, 1403
247, 24610, 4.1464e+007, 7.56681e+006, 4.90308e+007, 1549, 4884.96, 1012, 1403
248, 24710, 4.18694e+007, 7.64677e+006, 4.95161e+007, 1567, 4879.88, 1012, 1403
249, 24810, 4.13793e+007, 7.46651e+006, 4.88458e+007, 1533, 4870.52, 1012, 1403
250, 24910, 4.17538e+007, 7.5588e+006, 4.93126e+007, 1556, 4857.84, 1012, 1403
251, 25010, 4.17845e+007, 7.55045e+006, 4.93349e+007, 1556, 4852.47, 1012, 1403
252, 25110, 4.16849e+007, 7.53162e+006, 4.92165e+007, 1554, 4846.6, 1012, 1403
253, 25210, 4.17692e+007, 7.56512e+006, 4.93343e+007, 1559, 4852.55, 1012, 1403
254, 25310, 4.14807e+007, 7.47628e+006, 4.8957e+007, 1542, 4848.43, 1012, 1403
255, 25410, 4.15736e+007, 7.50051e+006, 4.90741e+007, 1547, 4848.42, 1012, 1403
256, 25510, 4.17914e+007, 7.5753e+006, 4.93667e+007, 1564, 4843.54, 1012, 1403
257, 25610, 4.15945e+007, 7.5134e+006, 4.91079e+007, 1551, 4844.23, 1012, 1403
258, 25710, 4.14268e+007, 7.43403e+006, 4.88608e+007, 1538, 4833.57, 1012, 1403
259, 25810, 4.1256e+007, 7.42621e+006, 4.86822e+007, 1532, 4847.4, 1012, 1403
260, 25910, 4.17153e+007, 7.56564e+006, 4.9281e+007, 1560, 4849.77, 1012, 1402
261, 26010, 4.16447e+007, 7.52442e+006, 4.91691e+007, 1554, 4841.97, 1012, 1402
262, 26110, 4.12464e+007, 7.43797e+006, 4.86844e+007, 1534, 4848.74, 1012, 1403
263, 26210, 4.14005e+007, 7.48012e+006, 4.88806e+007, 1539, 4860.38, 1012, 1402
264, 26310, 4.13693e+007, 7.45522e+006, 4.88245e+007, 1539, 4844.2, 1012, 1402
265, 26410, 4.11876e+007, 7.4013e+006, 4.85889e+007, 1528, 4843.78, 1012, 1402
266, 26510, 4.12239e+007, 7.38223e+006, 4.86062e+007, 1530, 4824.99, 1013, 1402
267, 26610, 4.15833e+007, 7.49042e+006, 4.90737e+007, 1546, 4845.03, 1012, 1402
268, 26710, 4.17826e+007, 7.53668e+006, 4.93193e+007, 1559, 4834.3, 1012, 1401
269, 26810, 4.15769e+007, 7.4801e+006, 4.9057e+007, 1549, 4828.99, 1012, 1401
270, 26910, 4.16059e+007, 7.42523e+006, 4.90311e+007, 1540, 4821.58, 1013, 1401
271, 27010, 4.1482e+007, 7.39697e+006, 4.8879e+007, 1538, 4809.48, 1013, 1401
272, 27110, 4.14998e+007, 7.45767e+006, 4.89575e+007, 1544, 4830.09, 1012, 1401
273, 27210, 4.1392e+007, 7.37988e+006, 4.87719e+007, 1533, 4814.01, 1013, 1401
274, 27310, 4.1267e+007, 7.37103e+006, 4.8638e+007, 1530, 4817.67, 1013, 1401
275, 27410, 4.13185e+007, 7.36998e+006, 4.86885e+007, 1532, 4810.69, 1012, 1401
276, 27510, 4.14863e+007, 7.392e+006, 4.88783e+007, 1537, 4809.37, 1013, 1401
277, 27610, 4.11368e+007, 7.29327e+006, 4.84301e+007, 1516, 4810.87, 1013, 1401
278, 27710, 4.13421e+007, 7.36153e+006, 4.87036e+007, 1532, 4805.18, 1013, 1401
279, 27810, 4.17122e+007, 7.46741e+006, 4.91796e+007, 1557, 4796.03, 1013, 1400
280, 27910, 4.13489e+007, 7.34383e+006, 4.86927e+007, 1533, 4790.49, 1013, 1400
281, 28010, 4.15631e+007, 7.42341e+006, 4.89865e+007, 1548, 4795.48, 1013, 1400
282, 28110, 4.14074e+007, 7.30536e+006, 4.87128e+007, 1527, 4784.13, 1013, 1400
283, 28210, 4.15573e+007, 7.37204e+006, 4.89294e+007, 1543, 4777.73, 1013, 1400
284, 28310, 4.15804e+007, 7.40303e+006, 4.89834e+007, 1547, 4785.41, 1013, 1400
285, 28410, 4.13692e+007, 7.33508e+006, 4.87043e+007, 1534, 4781.67, 1013, 1400
286, 28510, 4.11304e+007, 7.2532e+006, 4.83836e+007, 1520, 4771.84, 1013, 1400
287, 28610, 4.14857e+007, 7.37714e+006, 4.88629e+007, 1545, 4774.85, 1013, 1399
288, 28710, 4.13942e+007, 7.34183e+006, 4.8736e+007, 1532, 4792.32, 1012, 1400
289, 28810, 4.14626e+007, 7.3335e+006, 4.87961e+007, 1535, 4777.52, 1013, 1399
290, 28910, 4.13211e+007, 7.30379e+006, 4.86249e+007, 1530, 4773.72, 1013, 1399
291, 29010, 4.14434e+007, 7.36778e+006, 4.88112e+007, 1542, 4778.06, 1013, 1399
292, 29110, 4.15519e+007, 7.37191e+006, 4.89238e+007, 1545, 4771.46, 1013, 1399
293, 29210, 4.13594e+007, 7.32189e+006, 4.86813e+007, 1532, 4779.3, 1013, 1399
294, 29310, 4.14615e+007, 7.35197e+006, 4.88135e+007, 1539, 4777.11, 1013, 1399
295, 29410, 4.13878e+007, 7.30059e+006, 4.86884e+007, 1531, 4768.51, 1013, 1399
296, 29510, 4.11798e+007, 7.28444e+006, 4.84642e+007, 1525, 4776.68, 1013, 1399
297, 29610, 4.13233e+007, 7.29528e+006, 4.86186e+007, 1533, 4758.83, 1014, 1399
298, 29710, 4.15334e+007, 7.32366e+006, 4.88571e+007, 1539, 4758.72, 1013, 1399
299, 29810, 4.12413e+007, 7.25447e+006, 4.84958e+007, 1523, 4763.28, 1013, 1399
300, 29910, 4.15544e+007, 7.40924e+006, 4.89637e+007, 1544, 4798.73, 1014, 1399
301, 30010, 4.17137e+007, 7.70381e+006, 4.94175e+007, 1554, 4957.41, 1013, 1399
302, 30110, 4.21231e+007, 7.99131e+006, 5.01144e+007, 1576, 5070.63, 1014, 1399
303, 30210, 4.24302e+007, 8.25043e+006, 5.06806e+007, 1598, 5162.97, 1014, 1399
304, 30310, 4.24935e+007, 8.31789e+006, 5.08114e+007, 1592, 5224.81, 1013, 1399
305, 30410, 4.24627e+007, 8.4327e+006, 5.08954e+007, 1600, 5270.44, 1013, 1400
306, 30510, 4.24812e+007, 8.47631e+006, 5.09575e+007, 1598, 5304.32, 1013, 1400
307, 30610, 4.26821e+007, 8.59546e+006, 5.12775e+007, 1609, 5342.12, 1013, 1400
308, 30710, 4.27853e+007, 8.63097e+006, 5.14163e+007, 1616, 5340.95, 1013, 1400
309, 30810, 4.25407e+007, 8.56521e+006, 5.1106e+007, 1601, 5349.91, 1013, 1401
310, 30910, 4.27239e+007, 8.62331e+006, 5.13472e+007, 1609, 5359.42, 1013, 1401
311, 31010, 4.25045e+007, 8.5879e+006, 5.10924e+007, 1603, 5357.39, 1013, 1401
312, 31110, 4.26725e+007, 8.63108e+006, 5.13035e+007, 1611, 5357.59, 1013, 1401
313, 31210, 4.2803e+007, 8.66557e+006, 5.14686e+007, 1616, 5362.36, 1013, 1401
314, 31310, 4.27586e+007, 8.6601e+006, 5.14187e+007, 1615, 5362.29, 1013, 1401
315, 31410, 4.23044e+007, 8.54807e+006, 5.08525e+007, 1592, 5369.39, 1013, 1402
316, 31510, 4.25017e+007, 8.5919e+006, 5.10936e+007, 1602, 5363.24, 1013, 1402
317, 31610, 4.27182e+007, 8.65592e+006, 5.13741e+007, 1613, 5366.35, 1013, 1402
318, 31710, 4.27334e+007, 8.6755e+006, 5.14089e+007, 1619, 5358.55, 1013, 1402
319, 31810, 4.24481e+007, 8.60122e+006, 5.10493e+007, 1599, 5379.13, 1013, 1402
320, 31910, 4.24507e+007, 8.64083e+006, 5.10916e+007, 1603, 5390.41, 1013, 1403
321, 32010, 4.23748e+007, 8.60318e+006, 5.0978e+007, 1595, 5393.84, 1013, 1403
322, 32110, 4.23943e+007, 8.61592e+006, 5.10102e+007, 1598, 5391.69, 1013, 1403
323, 32210, 4.24217e+007, 8.65095e+006, 5.10726e+007, 1603, 5396.73, 1013, 1403
324, 32310, 4.24543e+007, 8.63135e+006, 5.10856e+007, 1600, 5394.59, 1013, 1403
325, 32411, 4.25724e+007, 8.63767e+006, 5.121e+007, 1604, 5385.08, 1013, 1403
326, 32511, 4.25738e+007, 8.68087e+006, 5.12547e+007, 1610, 5391.84, 1013, 1404
327, 32611, 4.24727e+007, 8.65098e+006, 5.11236e+007, 1609, 5376.62, 1013, 1404
328, 32711, 4.25779e+007, 8.69033e+006, 5.12682e+007, 1614, 5384.34, 1013, 1404
329, 32810, 4.24641e+007, 8.63889e+006, 5.1103e+007, 1606, 5379.14, 1013, 1404
330, 32910, 4.2331e+007, 8.5923e+006, 5.09233e+007, 1598, 5376.91, 1013, 1404
331, 33010, 4.21733e+007, 8.52763e+006, 5.07009e+007, 1588, 5370.04, 1013, 1404
332, 33110, 4.22546e+007, 8.58646e+006, 5.0841e+007, 1598, 5373.26, 1013, 1404
333, 33210, 4.21447e+007, 8.55286e+006, 5.06976e+007, 1594, 5365.66, 1013, 1404
334, 33310, 4.21281e+007, 8.53929e+006, 5.06674e+007, 1592, 5363.88, 1013, 1405
335, 33410, 4.19791e+007, 8.47008e+006, 5.04492e+007, 1581, 5357.42, 1013, 1405
336, 33510, 4.24701e+007, 8.63597e+006, 5.11061e+007, 1614, 5350.66, 1013, 1405
337, 33610, 4.2145e+007, 8.56119e+006, 5.07062e+007, 1597, 5360.79, 1013, 1405
338, 33710, 4.20519e+007, 8.50783e+006, 5.05597e+007, 1590, 5350.84, 1013, 1405
339, 33810, 4.22646e+007, 8.55444e+006, 5.0819e+007, 1598, 5353.22, 1013, 1405
340, 33910, 4.22887e+007, 8.59427e+006, 5.0883e+007, 1602, 5364.72, 1013, 1405
341, 34010, 4.26795e+007, 8.65255e+006, 5.1332e+007, 1617, 5350.99, 1013, 1405
342, 34110, 4.21963e+007, 8.56125e+006, 5.07575e+007, 1598, 5357.48, 1013, 1406
343, 34210, 4.22279e+007, 8.52002e+006, 5.07479e+007, 1595, 5341.71, 1013, 1406
344, 34310, 4.22374e+007, 8.54019e+006, 5.07776e+007, 1599, 5340.96, 1013, 1406
345, 34410, 4.25159e+007, 8.60612e+006, 5.1122e+007, 1613, 5335.47, 1013, 1406
346, 34510, 4.23349e+007, 8.55144e+006, 5.08863e+007, 1602, 5337.98, 1013, 1406
347, 34610, 4.23673e+007, 8.57236e+006, 5.09396e+007, 1607, 5334.39, 1013, 1406
348, 34710, 4.25275e+007, 8.6296e+006, 5.11571e+007, 1617, 5336.8, 1013, 1406
349, 34810, 4.22457e+007, 8.52352e+006, 5.07692e+007, 1600, 5327.2, 1013, 1406
350, 34910, 4.23054e+007, 8.53974e+006, 5.08451e+007, 1603, 5327.35, 1013, 1407
351, 35010, 4.25972e+007, 8.62074e+006, 5.1218e+007, 1620, 5321.44, 1013, 1407
352, 35110, 4.22303e+007, 8.46949e+006, 5.06998e+007, 1595, 5310.03, 1013, 1407
353, 35210, 4.24931e+007, 8.57123e+006, 5.10643e+007, 1610, 5323.74, 1012, 1407
354, 35310, 4.24481e+007, 8.55954e+006, 5.10077e+007, 1610, 5316.48, 1013, 1407
355, 35410, 4.2497e+007, 8.52836e+006, 5.10254e+007, 1609, 5300.41, 1013, 1407
356, 35510, 4.26926e+007, 8.63823e+006, 5.13308e+007, 1623, 5322.38, 1012, 1407
357, 35610, 4.20969e+007, 8.44648e+006, 5.05434e+007, 1592, 5305.58, 1012, 1407
358, 35710, 4.22766e+007, 8.51295e+006, 5.07895e+007, 1603, 5310.64, 1012, 1407
359, 35810, 4.25954e+007, 8.58453e+006, 5.118e+007, 1617, 5308.92, 1012, 1407
360, 35910, 4.21162e+007, 8.45531e+006, 5.05715e+007, 1593, 5307.79, 1012, 1408
361, 36010, 4.22952e+007, 8.48329e+006, 5.07785e+007, 1600, 5302.06, 1012, 1408
362, 36110, 4.25692e+007, 8.53089e+006, 5.11001e+007, 1613, 5288.83, 1012, 1408
363, 36210, 4.24027e+007, 8.49385e+006, 5.08965e+007, 1605, 5292.12, 1012, 1408
364, 36310, 4.20919e+007, 8.44414e+006, 5.0536e+007, 1593, 5300.78, 1012, 1408
365, 36410, 4.23203e+007, 8.44013e+006, 5.07605e+007, 1596, 5288.3, 1012, 1408
366, 36510, 4.25306e+007, 8.53918e+006, 5.10698e+007, 1614, 5290.7, 1012, 1408
367, 36610, 4.26373e+007, 8.58542e+006, 5.12227e+007, 1621, 5296.37, 1012, 1408
368, 36710, 4.24682e+007, 8.49711e+006, 5.09653e+007, 1607, 5287.56, 1012, 1408
369, 36810, 4.23799e+007, 8.45617e+006, 5.08361e+007, 1602, 5278.51, 1012, 1408
370, 36910, 4.28058e+007, 8.55128e+006, 5.13571e+007, 1624, 5265.57, 1012, 1408
371, 37010, 4.2775e+007, 8.55345e+006, 5.13284e+007, 1622, 5273.4, 1012, 1408
372, 37110, 4.21718e+007, 8.42222e+006, 5.05941e+007, 1594, 5283.7, 1012, 1409
373, 37210, 4.24734e+007, 8.44728e+006, 5.09207e+007, 1606, 5259.82, 1012, 1408
374, 37310, 4.23462e+007, 8.44777e+006, 5.0794e+007, 1604, 5266.69, 1012, 1409
375, 37410, 4.19598e+007, 8.29412e+006, 5.02539e+007, 1577, 5259.43, 1012, 1409
376, 37510, 4.23705e+007, 8.41131e+006, 5.07818e+007, 1601, 5253.79, 1012, 1409
377, 37610, 4.25103e+007, 8.44993e+006, 5.09602e+007, 1610, 5248.4, 1012, 1409
378, 37710, 4.2218e+007, 8.38828e+006, 5.06062e+007, 1595, 5259.11, 1012, 1409
379, 37810, 4.23784e+007, 8.37809e+006, 5.07565e+007, 1597, 5246.14, 1012, 1409
380, 37910, 4.24362e+007, 8.42701e+006, 5.08632e+007, 1607, 5243.94, 1012, 1409
381, 38010, 4.2175e+007, 8.31909e+006, 5.04941e+007, 1585, 5248.64, 1012, 1409
382, 38110, 4.21524e+007, 8.32824e+006, 5.04807e+007, 1586, 5251.1, 1012, 1409
383, 38210, 4.21965e+007, 8.32304e+006, 5.05196e+007, 1589, 5237.91, 1012, 1409
384, 38310, 4.22224e+007, 8.31831e+006, 5.05407e+007, 1589, 5234.94, 1012, 1409
385, 38410, 4.22621e+007, 8.332e+006, 5.05941e+007, 1592, 5233.67, 1012, 1409
386, 38510, 4.22067e+007, 8.30907e+006, 5.05157e+007, 1589, 5229.12, 1012, 1409
387, 38610, 4.23622e+007, 8.32984e+006, 5.0692e+007, 1593, 5229.03, 1012, 1409
388, 38710, 4.21244e+007, 8.27584e+006, 5.04002e+007, 1585, 5221.35, 1012, 1410
389, 38810, 4.23245e+007, 8.30557e+006, 5.06301e+007, 1591, 5220.35, 1012, 1410
390, 38910, 4.20343e+007, 8.22849e+006, 5.02628e+007, 1576, 5221.12, 1012, 1410
391, 39010, 4.19814e+007, 8.2276e+006, 5.0209e+007, 1576, 5220.56, 1012, 1410
392, 39110, 4.18409e+007, 8.21317e+006, 5.00541e+007, 1576, 5211.4, 1012, 1410
393, 39210, 4.18204e+007, 8.22459e+006, 5.0045e+007, 1577, 5215.34, 1012, 1409
394, 39310, 4.15521e+007, 8.18188e+006, 4.9734e+007, 1567, 5221.37, 1012, 1409
395, 39410, 4.15567e+007, 8.13647e+006, 4.96932e+007, 1562, 5209.01, 1012, 1409
396, 39510, 4.23495e+007, 8.33162e+006, 5.06811e+007, 1601, 5204.01, 1012, 1410
397, 39610, 4.19292e+007, 8.19638e+006, 5.01256e+007, 1573, 5210.67, 1012, 1410
398, 39710, 4.19871e+007, 8.1697e+006, 5.01568e+007, 1571, 5200.32, 1012, 1410
399, 39810, 4.23247e+007, 8.28794e+006, 5.06127e+007, 1595, 5196.2, 1012, 1410
400, 39910, 4.24404e+007, 8.25428e+006, 5.06947e+007, 1592, 5184.85, 1012, 1410
401, 40010, 4.22645e+007, 8.23386e+006, 5.04984e+007, 1589, 5181.79, 1012, 1410
402, 40110, 4.23623e+007, 8.22683e+006, 5.05891e+007, 1590, 5174.11, 1012, 1410
403, 40210, 4.25338e+007, 8.30219e+006, 5.0836e+007, 1602, 5182.39, 1012, 1410
404, 40310, 4.21889e+007, 8.18685e+006, 5.03757e+007, 1583, 5171.73, 1012, 1410
405, 40410, 4.22145e+007, 8.15747e+006, 5.0372e+007, 1579, 5166.23, 1012, 1410
406, 40510, 4.22012e+007, 8.18354e+006, 5.03847e+007, 1582, 5172.91, 1012, 1410
407, 40610, 4.20328e+007, 8.15579e+006, 5.01886e+007, 1576, 5174.99, 1012, 1411
408, 40710, 4.23082e+007, 8.20571e+006, 5.05139e+007, 1588, 5167.32, 1012, 1411
409, 40810, 4.2186e+007, 8.14839e+006, 5.03344e+007, 1579, 5160.48, 1012, 1411
410, 40910, 4.25261e+007, 8.22957e+006, 5.07557e+007, 1590, 5175.83, 1012, 1411
411, 41010, 4.41567e+007, 8.60046e+006, 5.27572e+007, 1641, 5240.99, 1012, 1411
412, 41110, 4.94592e+007, 9.96278e+006, 5.9422e+007, 1827, 5453.08, 1011, 1410
413, 41210, 4.98316e+007, 1.00699e+007, 5.99015e+007, 1842, 5466.81, 1010, 1410
414, 41310, 4.96076e+007, 9.97721e+006, 5.95848e+007, 1828, 5457.99, 1010, 1410
415, 41410, 4.99126e+007, 1.00688e+007, 5.99814e+007, 1844, 5460.32, 1010, 1410
416, 41510, 4.99618e+007, 1.00746e+007, 6.00365e+007, 1847, 5454.6, 1010, 1410
417, 41610, 4.98033e+007, 1.00483e+007, 5.98516e+007, 1842, 5455.11, 1010, 1410
418, 41710, 4.93772e+007, 9.92738e+006, 5.93046e+007, 1820, 5454.6, 1010, 1410
419, 41810, 4.96972e+007, 9.9877e+006, 5.96849e+007, 1832, 5451.8, 1010, 1410
420, 41910, 4.95814e+007, 9.96869e+006, 5.95501e+007, 1830, 5447.37, 1010, 1410
421, 42010, 4.98352e+007, 1.00035e+007, 5.98386e+007, 1837, 5445.56, 1010, 1410
422, 42110, 5.01185e+007, 1.00919e+007, 6.02104e+007, 1855, 5440.35, 1010, 1410
423, 42211, 5.00784e+007, 1.0066e+007, 6.01445e+007, 1852, 5435.23, 1010, 1410
424, 42311, 4.99891e+007, 1.00601e+007, 6.00492e+007, 1850, 5437.87, 1010, 1410
425, 42411, 4.97055e+007, 9.98216e+006, 5.96877e+007, 1837, 5433.95, 1010, 1410
426, 42511, 4.98922e+007, 9.98344e+006, 5.98757e+007, 1838, 5431.69, 1010, 1410
427, 42611, 4.99485e+007, 1.00224e+007, 5.99709e+007, 1848, 5423.37, 1010, 1410
428, 42711, 5.01176e+007, 1.00363e+007, 6.01539e+007, 1850, 5425, 1010, 1410
429, 42813, 5.00948e+007, 1.0032e+007, 6.01268e+007, 1852, 5416.86, 1010, 1410
430, 42913, 5.01315e+007, 1.00909e+007, 6.02224e+007, 1858, 5431.04, 1010, 1410
431, 43013, 5.02067e+007, 1.00682e+007, 6.02749e+007, 1858, 5418.82, 1010, 1410
432, 43113, 5.0009e+007, 9.99112e+006, 6.00002e+007, 1847, 5409.38, 1010, 1410
433, 43213, 4.99846e+007, 1.00004e+007, 5.9985e+007, 1849, 5408.54, 1010, 1410
434, 43313, 4.97796e+007, 9.88275e+006, 5.96623e+007, 1830, 5400.41, 1010, 1410
435, 43413, 5.03688e+007, 1.00794e+007, 6.04482e+007, 1864, 5407.41, 1010, 1410
436, 43513, 5.01794e+007, 1.001e+007, 6.01894e+007, 1854, 5399.14, 1010, 1410
437, 43613, 5.04083e+007, 1.00789e+007, 6.04872e+007, 1869, 5392.7, 1010, 1410
438, 43713, 4.99584e+007, 9.92413e+006, 5.98825e+007, 1841, 5390.62, 1010, 1411
439, 43813, 5.00807e+007, 9.96011e+006, 6.00408e+007, 1846, 5395.51, 1010, 1411
440, 43913, 5.00186e+007, 9.95039e+006, 5.9969e+007, 1846, 5390.25, 1010, 1411
441, 44013, 5.00756e+007, 9.95537e+006, 6.0031e+007, 1846, 5392.94, 1010, 1411
442, 44113, 4.97292e+007, 9.82783e+006, 5.95571e+007, 1828, 5376.28, 1010, 1411
443, 44213, 4.96373e+007, 9.80653e+006, 5.94438e+007, 1828, 5364.62, 1010, 1411
444, 44313, 4.95037e+007, 9.79804e+006, 5.93017e+007, 1825, 5368.79, 1010, 1411
445, 44413, 4.94633e+007, 9.71391e+006, 5.91772e+007, 1820, 5337.32, 1010, 1411
446, 44513, 4.94244e+007, 9.73862e+006, 5.9163e+007, 1819, 5353.83, 1010, 1411
447, 44613, 4.97203e+007, 9.83321e+006, 5.95535e+007, 1833, 5364.54, 1009, 1411
448, 44713, 4.99632e+007, 9.92263e+006, 5.98859e+007, 1853, 5354.9, 1009, 1411
449, 44813, 4.97914e+007, 9.84138e+006, 5.96328e+007, 1838, 5354.4, 1010, 1411
450, 44913, 4.95511e+007, 9.78034e+006, 5.93314e+007, 1825, 5359.09, 1009, 1411
451, 45013, 4.9625e+007, 9.77484e+006, 5.93999e+007, 1828, 5347.29, 1009, 1411
452, 45113, 4.97581e+007, 9.82106e+006, 5.95791e+007, 1835, 5352.08, 1009, 1411
453, 45213, 4.99362e+007, 9.82238e+006, 5.97586e+007, 1838, 5344.06, 1009, 1411
454, 45313, 5.01658e+007, 9.92114e+006, 6.00869e+007, 1857, 5342.56, 1009, 1411
455, 45413, 4.98416e+007, 9.82096e+006, 5.96626e+007, 1840, 5337.48, 1009, 1411
456, 45513, 4.9439e+007, 9.70466e+006, 5.91437e+007, 1819, 5335.16, 1010, 1411
457, 45613, 4.96104e+007, 9.75949e+006, 5.93699e+007, 1832, 5327.23, 1010, 1411
458, 45713, 4.89654e+007, 9.62852e+006, 5.8594e+007, 1806, 5331.41, 1010, 1412
459, 45813, 4.94387e+007, 9.68377e+006, 5.91225e+007, 1821, 5317.83, 1010, 1411
460, 45913, 4.95571e+007, 9.73606e+006, 5.92931e+007, 1831, 5317.35, 1010, 1411
461, 46013, 4.90669e+007, 9.54036e+006, 5.86073e+007, 1793, 5320.89, 1010, 1412
462, 46113, 5.01179e+007, 9.84387e+006, 5.99618e+007, 1850, 5321.01, 1009, 1411
463, 46213, 4.95639e+007, 9.72186e+006, 5.92858e+007, 1827, 5321.21, 1009, 1411
464, 46313, 4.99281e+007, 9.79492e+006, 5.9723e+007, 1842, 5317.55, 1009, 1411
465, 46413, 4.94518e+007, 9.62996e+006, 5.90817e+007, 1813, 5311.61, 1010, 1412
466, 46513, 4.95294e+007, 9.63051e+006, 5.91599e+007, 1813, 5311.92, 1009, 1412
467, 46613, 4.93646e+007, 9.6053e+006, 5.89699e+007, 1807, 5315.6, 1009, 1412
468, 46713, 4.94164e+007, 9.59981e+006, 5.90163e+007, 1810, 5303.76, 1009, 1412
469, 46813, 4.95785e+007, 9.64858e+006, 5.92271e+007, 1819, 5304.33, 1009, 1412
470, 46913, 4.94828e+007, 9.62969e+006, 5.91125e+007, 1815, 5305.61, 1009, 1412
471, 47013, 4.98237e+007, 9.72506e+006, 5.95488e+007, 1833, 5305.54, 1009, 1412
472, 47113, 4.99014e+007, 9.75254e+006, 5.9654e+007, 1837, 5308.95, 1009, 1412
473, 47213, 4.92702e+007, 9.53681e+006, 5.8807e+007, 1799, 5301.17, 1009, 1412
474, 47313, 4.95e+007, 9.62023e+006, 5.91203e+007, 1815, 5300.4, 1009, 1412
475, 47413, 4.96169e+007, 9.67838e+006, 5.92953e+007, 1825, 5303.22, 1009, 1412
476, 47513, 4.97298e+007, 9.68215e+006, 5.94119e+007, 1827, 5299.48, 1009, 1412
477, 47613, 4.94648e+007, 9.62181e+006, 5.90866e+007, 1813, 5307.12, 1009, 1412
478, 47713, 4.98924e+007, 9.73261e+006, 5.9625e+007, 1838, 5295.22, 1009, 1412
479, 47813, 4.99365e+007, 9.72466e+006, 5.96612e+007, 1837, 5293.77, 1009, 1412
480, 47913, 4.97403e+007, 9.62996e+006, 5.93702e+007, 1822, 5285.38, 1009, 1412
481, 48013, 4.96905e+007, 9.59981e+006, 5.92903e+007, 1819, 5277.52, 1009, 1412
482, 48113, 4.98458e+007, 9.64499e+006, 5.94908e+007, 1828, 5276.25, 1009, 1412
483, 48213, 4.94224e+007, 9.51589e+006, 5.89383e+007, 1803, 5277.81, 1009, 1412
484, 48313, 5.00539e+007, 9.67967e+006, 5.97335e+007, 1839, 5263.55, 1009, 1412
485, 48413, 4.92724e+007, 9.49082e+006, 5.87632e+007, 1799, 5275.61, 1009, 1412
486, 48513, 4.90797e+007, 9.42412e+006, 5.85038e+007, 1790, 5264.87, 1009, 1412
487, 48613, 4.96523e+007, 9.56737e+006, 5.92197e+007, 1818, 5262.58, 1009, 1412
488, 48713, 4.94518e+007, 9.55169e+006, 5.90035e+007, 1813, 5268.44, 1009, 1412
489, 48813, 4.9622e+007, 9.54403e+006, 5.91661e+007, 1817, 5252.63, 1009, 1412
490, 48913, 4.95774e+007, 9.57009e+006, 5.91475e+007, 1818, 5264.08, 1009, 1412
491, 49013, 4.92857e+007, 9.47844e+006, 5.87641e+007, 1801, 5262.88, 1009, 1412
492, 49113, 4.93401e+007, 9.48013e+006, 5.88202e+007, 1803, 5257.97, 1009, 1412
493, 49213, 4.92041e+007, 9.42185e+006, 5.86259e+007, 1793, 5254.8, 1009, 1412
494, 49313, 4.92049e+007, 9.44415e+006, 5.86491e+007, 1798, 5252.59, 1009, 1412
495, 49413, 4.92073e+007, 9.41985e+006, 5.86271e+007, 1795, 5247.83, 1009, 1412
496, 49513, 4.92673e+007, 9.45709e+006, 5.87244e+007, 1801, 5251.02, 1009, 1412
497, 49613, 4.90879e+007, 9.38839e+006, 5.84763e+007, 1787, 5253.72, 1009, 1413
498, 49713, 4.89855e+007, 9.33198e+006, 5.83175e+007, 1783, 5233.86, 1009, 1413
499, 49813, 4.95593e+007, 9.49782e+006, 5.90571e+007, 1813, 5238.73, 1009, 1412
500, 49913, 4.91786e+007, 9.36698e+006, 5.85456e+007, 1791, 5230.03, 1009, 1413
501, 50013, 4.89196e+007, 9.29899e+006, 5.82186e+007, 1777, 5232.97, 1009, 1413
502, 50113, 4.94419e+007, 9.43489e+006, 5.88768e+007, 1803, 5232.88, 1009, 1412
503, 50213, 4.91726e+007, 9.38023e+006, 5.85528e+007, 1791, 5237.43, 1008, 1412
504, 50313, 4.88998e+007, 9.28269e+006, 5.81825e+007, 1779, 5217.92, 1009, 1413
505, 50413, 4.89844e+007, 9.29285e+006, 5.82772e+007, 1780, 5220.7, 1009, 1413
506, 50513, 4.8942e+007, 9.26216e+006, 5.82042e+007, 1775, 5218.12, 1009, 1413
507, 50613, 4.92473e+007, 9.33918e+006, 5.85865e+007, 1792, 5211.6, 1009, 1412
508, 50713, 4.90992e+007, 9.30683e+006, 5.84061e+007, 1785, 5213.91, 1009, 1413
509, 50813, 4.9153e+007, 9.30618e+006, 5.84592e+007, 1787, 5207.71, 1009, 1413
510, 50913, 4.88071e+007, 9.25312e+006, 5.80602e+007, 1774, 5215.96, 1009, 1413
511, 51013, 4.90654e+007, 9.31894e+006, 5.83844e+007, 1785, 5220.7, 1009, 1413
512, 51113, 4.88532e+007, 9.25682e+006, 5.81101e+007, 1774, 5218.05, 1009, 1413
513, 51213, 4.87782e+007, 9.18838e+006, 5.79666e+007, 1765, 5205.88, 1009, 1413
514, 51313, 4.90522e+007, 9.31305e+006, 5.83653e+007, 1787, 5211.55, 1009, 1413
515, 51413, 4.89557e+007, 9.27186e+006, 5.82276e+007, 1781, 5205.98, 1009, 1413
516, 51513, 4.90091e+007, 9.2639e+006, 5.8273e+007, 1782, 5198.6, 1009, 1413
517, 51613, 4.90087e+007, 9.27469e+006, 5.82834e+007, 1783, 5201.73, 1009, 1413
518, 51713, 4.89117e+007, 9.17903e+006, 5.80907e+007, 1769, 5188.82, 1009, 1413
519, 51813, 4.88672e+007, 9.24926e+006, 5.81165e+007, 1778, 5202.06, 1008, 1413
520, 51913, 4.89538e+007, 9.18744e+006, 5.81412e+007, 1770, 5190.65, 1008, 1413
521, 52013, 4.83982e+007, 9.10884e+006, 5.7507e+007, 1758, 5181.37, 1008, 1413
522, 52113, 4.81822e+007, 8.98117e+006, 5.71634e+007, 1738, 5167.53, 1009, 1413
523, 52213, 4.86127e+007, 9.15231e+006, 5.7765e+007, 1770, 5170.79, 1009, 1413
524, 52313, 4.87444e+007, 9.15262e+006, 5.7897e+007, 1776, 5153.5, 1009, 1413
525, 52413, 4.81435e+007, 9.00328e+006, 5.71468e+007, 1743, 5165.39, 1009, 1413
526, 52513, 4.83183e+007, 9.03885e+006, 5.73571e+007, 1753, 5156.22, 1009, 1413
527, 52613, 4.85575e+007, 9.11098e+006, 5.76685e+007, 1768, 5153.27, 1009, 1413
528, 52713, 4.87196e+007, 9.16339e+006, 5.7883e+007, 1777, 5156.66, 1009, 1413
529, 52812, 4.82202e+007, 9.02069e+006, 5.72409e+007, 1750, 5154.68, 1009, 1413
530, 52912, 4.82134e+007, 9.00878e+006, 5.72222e+007, 1751, 5144.94, 1009, 1413
531, 53012, 4.80416e+007, 8.97525e+006, 5.70168e+007, 1741, 5155.23, 1009, 1413
532, 53112, 4.87313e+007, 9.17477e+006, 5.79061e+007, 1782, 5148.58, 1009, 1413
533, 53212, 4.84691e+007, 9.1114e+006, 5.75805e+007, 1768, 5153.51, 1008, 1413
534, 53312, 4.86051e+007, 9.15262e+006, 5.77577e+007, 1776, 5153.5, 1008, 1413
535, 53412, 4.84193e+007, 9.03308e+006, 5.74524e+007, 1757, 5141.19, 1008, 1413
536, 53512, 4.80828e+007, 8.96662e+006, 5.70495e+007, 1744, 5141.41, 1008, 1413
537, 53612, 4.83702e+007, 9.01442e+006, 5.73846e+007, 1754, 5139.35, 1008, 1413
538, 53712, 4.80501e+007, 8.98078e+006, 5.70309e+007, 1741, 5158.41, 1008, 1413
539, 53812, 4.81413e+007, 8.98616e+006, 5.71275e+007, 1748, 5140.82, 1008, 1413
540, 53912, 4.82731e+007, 9.02856e+006, 5.73017e+007, 1757, 5138.62, 1008, 1413
541, 54012, 4.77912e+007, 8.90205e+006, 5.66932e+007, 1731, 5142.72, 1008, 1413
542, 54112, 4.82006e+007, 9.02678e+006, 5.72274e+007, 1757, 5137.61, 1008, 1413
543, 54212, 4.79678e+007, 8.90862e+006, 5.68765e+007, 1737, 5128.74, 1008, 1413
544, 54312, 4.81755e+007, 9.00477e+006, 5.71803e+007, 1753, 5136.78, 1008, 1413
545, 54412, 4.81566e+007, 9.01751e+006, 5.71742e+007, 1752, 5146.98, 1008, 1413
546, 54512, 4.79213e+007, 8.91353e+006, 5.68348e+007, 1738, 5128.62, 1008, 1413
547, 54612, 4.80491e+007, 8.95534e+006, 5.70045e+007, 1743, 5137.89, 1008, 1413
548, 54712, 4.81101e+007, 8.93767e+006, 5.70478e+007, 1743, 5127.75, 1008, 1413
549, 54812, 4.76443e+007, 8.82734e+006, 5.64716e+007, 1720, 5132.18, 1008, 1414
550, 54912, 4.80698e+007, 8.94574e+006, 5.70156e+007, 1746, 5123.56, 1008, 1413
551, 55012, 4.79231e+007, 8.90645e+006, 5.68295e+007, 1736, 5130.45, 1008, 1414
552, 55112, 4.80022e+007, 8.90342e+006, 5.69056e+007, 1740, 5116.91, 1008, 1413
553, 55212, 4.83663e+007, 9.01177e+006, 5.7378e+007, 1758, 5126.15, 1008, 1413
554, 55312, 4.80077e+007, 8.89656e+006, 5.69043e+007, 1740, 5112.97, 1008, 1413
555, 55412, 4.79697e+007, 8.84921e+006, 5.68189e+007, 1733, 5106.29, 1008, 1413
556, 55512, 4.7858e+007, 8.87924e+006, 5.67372e+007, 1734, 5120.67, 1008, 1413
557, 55612, 4.79613e+007, 8.89113e+006, 5.68524e+007, 1737, 5118.67, 1008, 1413
558, 55712, 4.80867e+007, 8.90245e+006, 5.69891e+007, 1744, 5104.62, 1008, 1413
559, 55812, 4.76957e+007, 8.82623e+006, 5.6522e+007, 1728, 5107.77, 1008, 1414
560, 55912, 4.81142e+007, 8.92263e+006, 5.70368e+007, 1746, 5110.33, 1008, 1413
561, 56012, 4.7981e+007, 8.86896e+006, 5.685e+007, 1737, 5105.91, 1008, 1413
562, 56112, 4.75725e+007, 8.75387e+006, 5.63263e+007, 1715, 5104.3, 1008, 1414
563, 56212, 4.78171e+007, 8.82556e+006, 5.66427e+007, 1727, 5110.34, 1008, 1414
564, 56312, 4.77571e+007, 8.77306e+006, 5.65302e+007, 1723, 5091.74, 1008, 1414
565, 56412, 4.78372e+007, 8.84387e+006, 5.6681e+007, 1735, 5097.33, 1008, 1413
566, 56512, 4.82801e+007, 8.95463e+006, 5.72347e+007, 1757, 5096.54, 1008, 1413
567, 56612, 4.761e+007, 8.77042e+006, 5.63804e+007, 1723, 5090.2, 1008, 1413
568, 56712, 4.75681e+007, 8.74739e+006, 5.63155e+007, 1716, 5097.55, 1008, 1413
569, 56812, 4.78124e+007, 8.83594e+006, 5.66483e+007, 1735, 5092.76, 1008, 1414
570, 56912, 4.74235e+007, 8.72081e+006, 5.61443e+007, 1714, 5087.99, 1008, 1414
571, 57012, 4.72481e+007, 8.66426e+006, 5.59124e+007, 1705, 5081.68, 1008, 1414
572, 57112, 4.79069e+007, 8.84053e+006, 5.67474e+007, 1737, 5089.54, 1008, 1413
573, 57212, 4.76405e+007, 8.76372e+006, 5.64043e+007, 1724, 5083.37, 1008, 1413
574, 57312, 4.75865e+007, 8.74428e+006, 5.63308e+007, 1719, 5086.84, 1008, 1413
575, 57412, 4.81003e+007, 8.87374e+006, 5.69741e+007, 1747, 5079.42, 1008, 1413
576, 57512, 4.77752e+007, 8.79086e+006, 5.6566e+007, 1731, 5078.49, 1008, 1413
577, 57612, 4.80354e+007, 8.84372e+006, 5.68791e+007, 1742, 5076.76, 1008, 1413
578, 57712, 4.74832e+007, 8.68506e+006, 5.61683e+007, 1714, 5067.13, 1008, 1414
579, 57812, 4.77762e+007, 8.80079e+006, 5.6577e+007, 1734, 5075.43, 1008, 1413
580, 57912, 4.72148e+007, 8.62998e+006, 5.58448e+007, 1700, 5076.46, 1008, 1414
581, 58012, 4.74988e+007, 8.69352e+006, 5.61923e+007, 1717, 5063.2, 1008, 1413
582, 58112, 4.70698e+007, 8.57589e+006, 5.56457e+007, 1693, 5065.5, 1008, 1414
583, 58212, 4.75689e+007, 8.72494e+006, 5.62938e+007, 1722, 5066.75, 1008, 1414
584, 58312, 4.74886e+007, 8.72863e+006, 5.62172e+007, 1721, 5071.83, 1008, 1414
585, 58412, 4.75459e+007, 8.73636e+006, 5.62822e+007, 1723, 5070.43, 1007, 1414
586, 58512, 4.73173e+007, 8.67752e+006, 5.59948e+007, 1711, 5071.6, 1007, 1414
587, 58612, 4.73785e+007, 8.67026e+006, 5.60487e+007, 1711, 5067.37, 1008, 1414
588, 58712, 4.74924e+007, 8.71205e+006, 5.62045e+007, 1715, 5079.91, 1007, 1414
589, 58812, 4.72092e+007, 8.59973e+006, 5.5809e+007, 1701, 5055.69, 1008, 1414
590, 58912, 4.76774e+007, 8.74781e+006, 5.64252e+007, 1727, 5065.32, 1007, 1413
591, 59012, 4.76895e+007, 8.70839e+006, 5.63979e+007, 1723, 5054.2, 1007, 1414
592, 59112, 4.74148e+007, 8.66517e+006, 5.608e+007, 1714, 5055.53, 1007, 1414
593, 59212, 4.71534e+007, 8.56851e+006, 5.5722e+007, 1696, 5052.19, 1007, 1414
594, 59312, 4.74272e+007, 8.65323e+006, 5.60804e+007, 1713, 5051.51, 1007, 1414
595, 59412, 4.70512e+007, 8.57644e+006, 5.56276e+007, 1697, 5053.88, 1007, 1414
596, 59512, 4.71282e+007, 8.55482e+006, 5.5683e+007, 1691, 5059.03, 1007, 1414
597, 59612, 4.74563e+007, 8.6783e+006, 5.61346e+007, 1717, 5054.34, 1007, 1414
598, 59712, 4.72172e+007, 8.59178e+006, 5.5809e+007, 1702, 5048.05, 1007, 1414
599, 59812, 4.72087e+007, 8.6132e+006, 5.58219e+007, 1706, 5048.77, 1007, 1414
600, 59912, 4.74307e+007, 8.63923e+006, 5.60699e+007, 1711, 5049.23, 1007, 1414