2, 100, 9.43953e+007, 3.82884e+007, 1.32684e+008, 4425, 8652.74, 1123, 849
3, 200, 9.16037e+007, 3.69863e+007, 1.2859e+008, 4317, 8567.6, 1124, 849
4, 300, 8.87663e+007, 3.55248e+007, 1.24291e+008, 4183, 8492.66, 1124, 849
5, 400, 8.81085e+007, 3.50836e+007, 1.23192e+008, 4157, 8439.65, 1124, 849
6, 500, 8.8023e+007, 3.47058e+007, 1.22729e+008, 4138, 8387.1, 1124, 849
7, 600, 9.13669e+007, 3.62331e+007, 1.276e+008, 4267, 8491.47, 1124, 849
8, 700, 9.22784e+007, 3.6473e+007, 1.28751e+008, 4298, 8486.05, 1124, 849
9, 800, 9.33401e+007, 3.70079e+007, 1.30348e+008, 4354, 8499.75, 1123, 850
10, 900, 9.28053e+007, 3.64783e+007, 1.29284e+008, 4319, 8446.01, 1123, 850
11, 1000, 9.19703e+007, 3.5904e+007, 1.27874e+008, 4286, 8377.05, 1123, 850
12, 1100, 9.38526e+007, 3.68256e+007, 1.30678e+008, 4358, 8450.1, 1123, 850
13, 1200, 9.43273e+007, 3.68123e+007, 1.3114e+008, 4368, 8427.73, 1123, 850
14, 1300, 9.4121e+007, 3.64914e+007, 1.30612e+008, 4360, 8369.6, 1123, 850
15, 1400, 9.43349e+007, 3.66665e+007, 1.31001e+008, 4368, 8394.35, 1123, 850
16, 1500, 9.51604e+007, 3.65473e+007, 1.31708e+008, 4387, 8330.81, 1123, 849
17, 1600, 9.54695e+007, 3.67325e+007, 1.32202e+008, 4400, 8348.31, 1123, 850
18, 1700, 9.49735e+007, 3.62886e+007, 1.31262e+008, 4365, 8313.54, 1123, 849
19, 1800, 9.56245e+007, 3.66645e+007, 1.32289e+008, 4397, 8338.53, 1123, 850
20, 1900, 9.60013e+007, 3.64649e+007, 1.32466e+008, 4406, 8276.19, 1123, 849
21, 2000, 9.64479e+007, 3.65569e+007, 1.33005e+008, 4414, 8282.04, 1123, 849
22, 2100, 9.72418e+007, 3.67372e+007, 1.33979e+008, 4443, 8268.55, 1123, 849
23, 2200, 9.71221e+007, 3.67649e+007, 1.33887e+008, 4436, 8287.84, 1123, 850
24, 2310, 9.42509e+007, 3.52885e+007, 1.29539e+008, 4313, 8181.88, 1123, 849
25, 2400, 9.24422e+007, 3.42583e+007, 1.267e+008, 4237, 8085.5, 1124, 849
26, 2500, 9.15114e+007, 3.36798e+007, 1.25191e+008, 4187, 8043.9, 1123, 849
27, 2600, 9.19316e+007, 3.37895e+007, 1.25721e+008, 4205, 8035.54, 1124, 849
28, 2700, 9.19691e+007, 3.36475e+007, 1.25617e+008, 4200, 8011.32, 1124, 849
29, 2800, 9.2445e+007, 3.37829e+007, 1.26228e+008, 4222, 8001.63, 1123, 849
30, 2900, 9.25262e+007, 3.37517e+007, 1.26278e+008, 4222, 7994.23, 1124, 849
31, 3000, 9.21152e+007, 3.34448e+007, 1.2556e+008, 4193, 7976.33, 1124, 849
32, 3100, 9.25205e+007, 3.35713e+007, 1.26092e+008, 4208, 7977.98, 1124, 849
33, 3200, 9.42376e+007, 3.42369e+007, 1.28475e+008, 4277, 8004.89, 1124, 849
34, 3300, 9.59014e+007, 3.47414e+007, 1.30643e+008, 4331, 8021.57, 1124, 849
35, 3400, 9.68234e+007, 3.51122e+007, 1.31936e+008, 4379, 8018.32, 1123, 849
36, 3510, 9.75786e+007, 3.53442e+007, 1.32923e+008, 4406, 8021.83, 1123, 849
37, 3600, 9.73079e+007, 3.51339e+007, 1.32442e+008, 4384, 8014.12, 1123, 849
38, 3710, 9.73318e+007, 3.49459e+007, 1.32278e+008, 4376, 7985.82, 1123, 849
39, 3800, 9.91246e+007, 3.56964e+007, 1.34821e+008, 4462, 8000.09, 1123, 849
40, 3900, 9.74808e+007, 3.48018e+007, 1.32283e+008, 4383, 7940.19, 1123, 849
41, 4000, 9.61459e+007, 3.4192e+007, 1.30338e+008, 4338, 7881.97, 1123, 849
42, 4100, 9.55226e+007, 3.37562e+007, 1.29279e+008, 4298, 7853.94, 1123, 849
43, 4200, 9.56172e+007, 3.37805e+007, 1.29398e+008, 4300, 7855.94, 1124, 849
44, 4300, 9.60133e+007, 3.37071e+007, 1.2972e+008, 4303, 7833.4, 1123, 849
45, 4400, 9.63858e+007, 3.37231e+007, 1.30109e+008, 4320, 7806.28, 1123, 849
46, 4500, 9.58289e+007, 3.34866e+007, 1.29315e+008, 4294, 7798.46, 1123, 849
47, 4600, 9.60961e+007, 3.34781e+007, 1.29574e+008, 4296, 7792.85, 1123, 849
48, 4700, 9.66043e+007, 3.36786e+007, 1.30283e+008, 4319, 7797.77, 1123, 849
49, 4800, 9.67427e+007, 3.36173e+007, 1.3036e+008, 4325, 7772.79, 1123, 849
50, 4907, 9.66305e+007, 3.34453e+007, 1.30076e+008, 4303, 7772.55, 1123, 849
51, 5007, 9.70334e+007, 3.35317e+007, 1.30565e+008, 4329, 7745.83, 1123, 849
52, 5107, 9.77488e+007, 3.4016e+007, 1.31765e+008, 4364, 7794.69, 1123, 849
53, 5207, 9.95359e+007, 3.45744e+007, 1.3411e+008, 4417, 7827.57, 1123, 849
54, 5307, 1.00996e+008, 3.52237e+007, 1.3622e+008, 4479, 7864.18, 1123, 849
55, 5407, 1.0122e+008, 3.50689e+007, 1.36289e+008, 4471, 7843.63, 1123, 849
56, 5507, 1.01981e+008, 3.54262e+007, 1.37408e+008, 4517, 7842.86, 1123, 849
57, 5607, 1.01516e+008, 3.51149e+007, 1.36631e+008, 4485, 7829.42, 1123, 849
58, 5707, 1.01084e+008, 3.4818e+007, 1.35901e+008, 4451, 7822.5, 1123, 849
59, 5807, 1.01902e+008, 3.51067e+007, 1.37009e+008, 4490, 7818.86, 1123, 849
60, 5907, 1.02629e+008, 3.52921e+007, 1.37921e+008, 4524, 7801.08, 1123, 849
61, 6007, 1.03163e+008, 3.53297e+007, 1.38492e+008, 4538, 7785.3, 1123, 849
62, 6107, 1.04316e+008, 3.56787e+007, 1.39995e+008, 4571, 7805.45, 1123, 849
63, 6207, 1.04744e+008, 3.58845e+007, 1.40628e+008, 4598, 7804.37, 1123, 849
64, 6307, 1.04505e+008, 3.57701e+007, 1.40275e+008, 4586, 7799.84, 1123, 849
65, 6407, 1.03849e+008, 3.53677e+007, 1.39217e+008, 4543, 7785.09, 1123, 849
66, 6507, 1.01981e+008, 3.42823e+007, 1.36263e+008, 4470, 7669.41, 1123, 849
67, 6607, 1.00256e+008, 3.38468e+007, 1.34103e+008, 4412, 7671.52, 1123, 849
68, 6707, 1.00304e+008, 3.36815e+007, 1.33985e+008, 4412, 7634.06, 1123, 849
69, 6807, 1.00469e+008, 3.35405e+007, 1.34009e+008, 4405, 7614.19, 1123, 849
70, 6907, 1.00128e+008, 3.34733e+007, 1.33601e+008, 4390, 7624.9, 1123, 849
71, 7007, 1.00413e+008, 3.34454e+007, 1.33858e+008, 4399, 7602.96, 1123, 849
72, 7107, 1.00973e+008, 3.35504e+007, 1.34524e+008, 4423, 7585.44, 1123, 849
73, 7207, 1.00867e+008, 3.34918e+007, 1.34359e+008, 4412, 7591.07, 1123, 849
74, 7307, 1.01265e+008, 3.35643e+007, 1.34829e+008, 4430, 7576.59, 1123, 849
75, 7407, 1.03535e+008, 3.44844e+007, 1.38019e+008, 4513, 7641.13, 1123, 849
76, 7507, 1.06484e+008, 3.56329e+007, 1.42117e+008, 4618, 7716.09, 1123, 849
77, 7607, 1.07343e+008, 3.57519e+007, 1.43095e+008, 4636, 7711.8, 1123, 849
78, 7707, 1.07603e+008, 3.58406e+007, 1.43443e+008, 4652, 7704.35, 1123, 849
79, 7807, 1.06258e+008, 3.53704e+007, 1.41628e+008, 4604, 7682.55, 1123, 849
80, 7907, 1.06357e+008, 3.51554e+007, 1.41513e+008, 4595, 7650.8, 1123, 849
81, 8007, 1.07246e+008, 3.55414e+007, 1.42787e+008, 4641, 7658.14, 1123, 849
82, 8107, 1.07161e+008, 3.52708e+007, 1.42432e+008, 4619, 7636.02, 1123, 849
83, 8207, 1.05487e+008, 3.46437e+007, 1.40131e+008, 4552, 7610.65, 1123, 849
84, 8307, 1.03792e+008, 3.38614e+007, 1.37654e+008, 4496, 7531.46, 1123, 849
85, 8407, 1.03099e+008, 3.35779e+007, 1.36677e+008, 4476, 7501.78, 1123, 849
86, 8507, 1.02809e+008, 3.34889e+007, 1.36298e+008, 4462, 7505.35, 1123, 849
87, 8607, 1.03279e+008, 3.34848e+007, 1.36764e+008, 4477, 7479.3, 1123, 849
88, 8707, 1.03214e+008, 3.34148e+007, 1.36629e+008, 4468, 7478.7, 1123, 849
89, 8807, 1.03117e+008, 3.32582e+007, 1.36375e+008, 4459, 7458.68, 1123, 849
90, 8907, 1.03325e+008, 3.32567e+007, 1.36582e+008, 4462, 7453.31, 1123, 849
91, 9007, 1.03315e+008, 3.32809e+007, 1.36596e+008, 4469, 7447.07, 1123, 849
92, 9107, 1.04106e+008, 3.36024e+007, 1.37709e+008, 4502, 7463.89, 1123, 849
93, 9207, 1.07759e+008, 3.48909e+007, 1.4265e+008, 4622, 7548.87, 1123, 849
94, 9307, 1.09236e+008, 3.52798e+007, 1.44516e+008, 4674, 7548.09, 1123, 849
95, 9407, 1.09921e+008, 3.54742e+007, 1.45395e+008, 4696, 7554.13, 1123, 849
96, 9507, 1.09667e+008, 3.52538e+007, 1.44921e+008, 4677, 7537.7, 1123, 849
97, 9607, 1.09342e+008, 3.51243e+007, 1.44467e+008, 4674, 7514.84, 1123, 849
98, 9707, 1.09627e+008, 3.50929e+007, 1.4472e+008, 4680, 7498.48, 1123, 849
99, 9807, 1.08575e+008, 3.3889e+007, 1.42464e+008, 4614, 7344.81, 1123, 849
100, 9907, 1.07854e+008, 3.27972e+007, 1.40651e+008, 4556, 7198.69, 1123, 849
101, 10007, 1.07241e+008, 3.26163e+007, 1.39857e+008, 4529, 7201.65, 1123, 849
102, 10107, 1.07417e+008, 3.24448e+007, 1.39862e+008, 4525, 7170.12, 1123, 849
103, 10207, 1.08085e+008, 3.25939e+007, 1.40679e+008, 4555, 7155.64, 1123, 849
104, 10307, 1.03958e+008, 3.09247e+007, 1.34883e+008, 4391, 7042.74, 1123, 849
105, 10407, 1.02747e+008, 3.04085e+007, 1.33155e+008, 4349, 6992.08, 1123, 849
106, 10507, 1.02144e+008, 3.02492e+007, 1.32393e+008, 4323, 6997.28, 1124, 849
107, 10607, 1.02084e+008, 3.02058e+007, 1.3229e+008, 4334, 6969.5, 1124, 848
108, 10707, 1.02121e+008, 3.0212e+007, 1.32333e+008, 4342, 6958.08, 1124, 848
109, 10807, 1.05918e+008, 3.14463e+007, 1.37364e+008, 4459, 7052.33, 1124, 849
110, 10907, 1.0784e+008, 3.20048e+007, 1.39845e+008, 4528, 7068.2, 1123, 849
111, 11007, 1.08476e+008, 3.20921e+007, 1.40568e+008, 4547, 7057.86, 1123, 849
112, 11107, 1.08645e+008, 3.20191e+007, 1.40664e+008, 4546, 7043.35, 1123, 849
113, 11207, 1.08475e+008, 3.20167e+007, 1.40492e+008, 4549, 7038.19, 1123, 850
114, 11307, 1.07368e+008, 3.15389e+007, 1.38907e+008, 4498, 7011.76, 1123, 850
115, 11407, 1.06464e+008, 3.11311e+007, 1.37595e+008, 4465, 6972.26, 1123, 850
116, 11507, 1.04073e+008, 3.02159e+007, 1.34289e+008, 4381, 6897.02, 1123, 850
117, 11607, 1.03672e+008, 3.00349e+007, 1.33707e+008, 4367, 6877.71, 1122, 850
118, 11707, 1.03392e+008, 2.98382e+007, 1.3323e+008, 4349, 6860.93, 1122, 850
119, 11807, 1.03155e+008, 2.98522e+007, 1.33007e+008, 4339, 6879.98, 1122, 850
120, 11907, 1.03721e+008, 2.99357e+007, 1.33657e+008, 4361, 6864.41, 1122, 851
121, 12007, 1.03392e+008, 2.98472e+007, 1.33239e+008, 4344, 6870.91, 1122, 851
122, 12107, 1.0367e+008, 2.98284e+007, 1.33499e+008, 4353, 6852.37, 1122, 851
123, 12207, 1.03573e+008, 2.97528e+007, 1.33326e+008, 4341, 6853.91, 1122, 851
124, 12307, 1.03238e+008, 2.96021e+007, 1.3284e+008, 4322, 6849.17, 1122, 851
125, 12407, 1.03542e+008, 2.96109e+007, 1.33153e+008, 4332, 6835.39, 1121, 852
126, 12507, 1.0372e+008, 2.96347e+007, 1.33355e+008, 4336, 6834.57, 1122, 852
127, 12607, 1.04137e+008, 2.98661e+007, 1.34003e+008, 4362, 6846.87, 1121, 852
128, 12707, 1.04019e+008, 2.97135e+007, 1.33733e+008, 4353, 6825.98, 1121, 852
129, 12807, 1.04196e+008, 2.9661e+007, 1.33857e+008, 4346, 6824.89, 1121, 852
130, 12907, 1.04672e+008, 2.97857e+007, 1.34457e+008, 4372, 6812.82, 1121, 852
131, 13007, 1.04336e+008, 2.96936e+007, 1.3403e+008, 4352, 6822.97, 1121, 852
132, 13107, 1.05424e+008, 2.98161e+007, 1.3524e+008, 4397, 6781.01, 1121, 852
133, 13207, 1.05048e+008, 2.96478e+007, 1.34696e+008, 4369, 6785.95, 1120, 853
134, 13307, 1.05326e+008, 2.97796e+007, 1.35105e+008, 4378, 6802.1, 1120, 853
135, 13407, 1.06256e+008, 2.99618e+007, 1.36217e+008, 4408, 6797.13, 1120, 853
136, 13507, 1.07387e+008, 3.0176e+007, 1.37563e+008, 4415, 6834.89, 1120, 853
137, 13607, 1.09141e+008, 3.08196e+007, 1.39961e+008, 4483, 6874.76, 1120, 853
138, 13707, 1.09373e+008, 3.07301e+007, 1.40103e+008, 4485, 6851.74, 1120, 853
139, 13807, 1.09468e+008, 3.06936e+007, 1.40162e+008, 4485, 6843.61, 1119, 854
140, 13907, 1.09366e+008, 3.06251e+007, 1.39992e+008, 4485, 6828.33, 1119, 854
141, 14007, 1.0994e+008, 3.07337e+007, 1.40673e+008, 4498, 6832.74, 1119, 854
142, 14107, 1.09287e+008, 3.04795e+007, 1.39767e+008, 4465, 6826.31, 1119, 854
143, 14207, 1.09166e+008, 3.04177e+007, 1.39584e+008, 4457, 6824.71, 1119, 855
144, 14307, 1.0948e+008, 3.04376e+007, 1.39918e+008, 4463, 6820, 1119, 855
145, 14407, 1.09542e+008, 3.03435e+007, 1.39886e+008, 4460, 6803.47, 1118, 855
146, 14507, 1.09599e+008, 3.0318e+007, 1.39917e+008, 4459, 6799.29, 1118, 855
147, 14607, 1.09621e+008, 3.02036e+007, 1.39825e+008, 4451, 6785.8, 1118, 855
148, 14707, 1.09438e+008, 3.00827e+007, 1.3952e+008, 4440, 6775.37, 1118, 855
149, 14807, 1.1017e+008, 3.01956e+007, 1.40365e+008, 4470, 6755.18, 1118, 855
150, 14911, 1.09859e+008, 3.02208e+007, 1.4008e+008, 4469, 6762.32, 1118, 855
151, 15011, 1.09557e+008, 2.98294e+007, 1.39386e+008, 4427, 6738.07, 1118, 855
152, 15111, 1.09448e+008, 2.99877e+007, 1.39436e+008, 4430, 6769.24, 1118, 856
153, 15211, 1.10068e+008, 3.01485e+007, 1.40216e+008, 4455, 6767.33, 1118, 856
154, 15311, 1.09717e+008, 2.99525e+007, 1.3967e+008, 4439, 6747.58, 1117, 856
155, 15411, 1.09556e+008, 2.97109e+007, 1.39267e+008, 4413, 6732.58, 1117, 856
156, 15511, 1.10123e+008, 2.9922e+007, 1.40045e+008, 4451, 6722.53, 1117, 856
157, 15611, 1.09722e+008, 2.97942e+007, 1.39516e+008, 4424, 6734.68, 1117, 856
158, 15711, 1.08967e+008, 3.00138e+007, 1.38981e+008, 4432, 6772.08, 1118, 855
159, 15811, 1.08046e+008, 3.02496e+007, 1.38296e+008, 4427, 6832.99, 1118, 855
160, 15911, 1.07878e+008, 3.03614e+007, 1.38239e+008, 4426, 6859.79, 1119, 855
161, 16011, 1.07697e+008, 3.05362e+007, 1.38234e+008, 4428, 6896.17, 1119, 854
162, 16111, 1.07406e+008, 3.0538e+007, 1.37944e+008, 4418, 6912.18, 1118, 855
163, 16211, 1.08556e+008, 3.07353e+007, 1.39291e+008, 4419, 6955.27, 1116, 857
164, 16311, 1.09786e+008, 3.08672e+007, 1.40653e+008, 4460, 6920.91, 1116, 857
165, 16411, 1.08866e+008, 3.04674e+007, 1.39334e+008, 4420, 6893.07, 1117, 857
166, 16511, 1.07172e+008, 3.01695e+007, 1.37341e+008, 4394, 6866.07, 1118, 856
167, 16611, 1.04918e+008, 2.95288e+007, 1.34446e+008, 4313, 6846.46, 1118, 856
168, 16711, 1.06209e+008, 2.98599e+007, 1.36069e+008, 4346, 6870.66, 1116, 858
169, 16811, 1.06453e+008, 2.95937e+007, 1.36046e+008, 4326, 6840.9, 1116, 858
170, 16911, 1.06919e+008, 2.93577e+007, 1.36277e+008, 4341, 6762.89, 1115, 858
171, 17011, 1.05212e+008, 2.90185e+007, 1.34231e+008, 4296, 6754.77, 1117, 857
172, 17111, 1.05359e+008, 2.92034e+007, 1.34563e+008, 4315, 6767.89, 1118, 856
173, 17211, 1.05934e+008, 2.94096e+007, 1.35344e+008, 4334, 6785.8, 1116, 857
174, 17311, 1.06691e+008, 2.93599e+007, 1.36051e+008, 4321, 6794.7, 1115, 859
175, 17411, 1.0688e+008, 2.91022e+007, 1.35983e+008, 4305, 6760.09, 1115, 859
176, 17511, 1.06328e+008, 2.89514e+007, 1.35279e+008, 4304, 6726.62, 1115, 859
177, 17611, 1.05995e+008, 2.89841e+007, 1.34979e+008, 4321, 6707.73, 1117, 857
178, 17711, 1.05093e+008, 2.89224e+007, 1.34016e+008, 4287, 6746.53, 1117, 857
179, 17811, 1.07275e+008, 2.94798e+007, 1.36755e+008, 4346, 6783.21, 1114, 860
180, 17911, 1.06972e+008, 2.90839e+007, 1.36056e+008, 4314, 6741.75, 1114, 860
181, 18011, 1.05932e+008, 2.88525e+007, 1.34785e+008, 4310, 6694.31, 1116, 858
182, 18111, 1.05707e+008, 2.87894e+007, 1.34497e+008, 4288, 6713.96, 1117, 857
183, 18211, 1.05822e+008, 2.89954e+007, 1.34817e+008, 4299, 6744.69, 1115, 859
184, 18311, 1.06869e+008, 2.89308e+007, 1.35799e+008, 4311, 6710.93, 1114, 860
185, 18411, 1.05601e+008, 2.8647e+007, 1.34247e+008, 4286, 6683.85, 1115, 859
186, 18511, 1.05368e+008, 2.85695e+007, 1.33937e+008, 4279, 6676.68, 1116, 858
187, 18611, 1.06805e+008, 2.89808e+007, 1.35785e+008, 4317, 6713.19, 1114, 860
188, 18711, 1.07389e+008, 2.87219e+007, 1.36111e+008, 4311, 6662.47, 1113, 860
189, 18811, 1.06173e+008, 2.84053e+007, 1.34578e+008, 4285, 6629, 1115, 859
190, 18911, 1.06158e+008, 2.84729e+007, 1.34631e+008, 4290, 6637.04, 1114, 859
191, 19011, 1.07891e+008, 2.87908e+007, 1.36682e+008, 4323, 6659.91, 1113, 861
192, 19111, 1.0762e+008, 2.83831e+007, 1.36003e+008, 4286, 6622.29, 1113, 861
193, 19211, 1.06874e+008, 2.83811e+007, 1.35255e+008, 4294, 6609.47, 1114, 860
194, 19311, 1.06532e+008, 2.84032e+007, 1.34935e+008, 4278, 6639.36, 1114, 860
195, 19411, 1.08181e+008, 2.84343e+007, 1.36616e+008, 4307, 6601.88, 1112, 862
196, 19511, 1.07652e+008, 2.85699e+007, 1.36222e+008, 4303, 6639.53, 1114, 861
197, 19611, 1.09274e+008, 2.91271e+007, 1.38401e+008, 4367, 6669.82, 1113, 860
198, 19711, 1.11629e+008, 2.96523e+007, 1.41282e+008, 4431, 6692.02, 1112, 861
199, 19811, 1.12059e+008, 2.92531e+007, 1.41312e+008, 4406, 6639.38, 1112, 862
200, 19911, 1.11039e+008, 2.9316e+007, 1.40355e+008, 4398, 6665.76, 1113, 861
201, 20011, 1.10774e+008, 2.94869e+007, 1.40261e+008, 4421, 6669.74, 1113, 860
202, 20111, 1.1121e+008, 2.94294e+007, 1.4064e+008, 4420, 6658.23, 1113, 861
203, 20211, 1.12267e+008, 2.93226e+007, 1.41589e+008, 4421, 6632.57, 1112, 862
204, 20311, 1.11997e+008, 2.92069e+007, 1.41204e+008, 4410, 6622.88, 1112, 862
205, 20411, 1.1047e+008, 2.91491e+007, 1.39619e+008, 4380, 6655.05, 1113, 861
206, 20511, 1.1064e+008, 2.93025e+007, 1.39942e+008, 4399, 6661.17, 1113, 861
207, 20611, 1.12032e+008, 2.91153e+007, 1.41148e+008, 4403, 6612.6, 1111, 863
208, 20711, 1.11486e+008, 2.89831e+007, 1.40469e+008, 4387, 6606.59, 1112, 862
209, 20811, 1.10991e+008, 2.89914e+007, 1.39982e+008, 4383, 6614.51, 1112, 862
210, 20911, 1.08704e+008, 2.81999e+007, 1.36904e+008, 4296, 6564.21, 1112, 862
211, 21011, 1.07379e+008, 2.78578e+007, 1.35237e+008, 4261, 6537.85, 1112, 862
212, 21111, 1.07197e+008, 2.77857e+007, 1.34983e+008, 4261, 6520.93, 1112, 862
213, 21211, 1.07263e+008, 2.77893e+007, 1.35052e+008, 4266, 6514.14, 1112, 862
214, 21311, 1.0645e+008, 2.75646e+007, 1.34015e+008, 4230, 6516.45, 1112, 861
215, 21411, 1.06225e+008, 2.73592e+007, 1.33584e+008, 4214, 6492.46, 1112, 861
216, 21511, 1.06205e+008, 2.75779e+007, 1.33783e+008, 4235, 6511.9, 1113, 861
217, 21611, 1.0594e+008, 2.75094e+007, 1.33449e+008, 4228, 6506.49, 1112, 861
218, 21711, 1.057e+008, 2.7416e+007, 1.33116e+008, 4214, 6505.93, 1112, 861
219, 21811, 1.05501e+008, 2.72731e+007, 1.32774e+008, 4195, 6501.34, 1113, 861
220, 21911, 1.05606e+008, 2.73313e+007, 1.32937e+008, 4211, 6490.44, 1113, 861
221, 22011, 1.05269e+008, 2.72251e+007, 1.32494e+008, 4192, 6494.54, 1113, 861
222, 22111, 1.05621e+008, 2.73328e+007, 1.32954e+008, 4205, 6500.07, 1113, 861
223, 22211, 1.05427e+008, 2.73322e+007, 1.32759e+008, 4207, 6496.83, 1113, 861
224, 22311, 1.05767e+008, 2.72961e+007, 1.33063e+008, 4215, 6475.95, 1113, 861
225, 22411, 1.05313e+008, 2.71751e+007, 1.32488e+008, 4193, 6481.07, 1113, 862
226, 22511, 1.04834e+008, 2.7075e+007, 1.31909e+008, 4173, 6488.15, 1113, 862
227, 22611, 1.04905e+008, 2.69547e+007, 1.3186e+008, 4167, 6468.62, 1113, 861
228, 22711, 1.04991e+008, 2.70368e+007, 1.32028e+008, 4181, 6466.59, 1113, 862
229, 22811, 1.0546e+008, 2.71122e+007, 1.32572e+008, 4201, 6453.76, 1113, 862
230, 22911, 1.05259e+008, 2.71516e+007, 1.32411e+008, 4191, 6478.54, 1113, 862
231, 23011, 1.05894e+008, 2.71603e+007, 1.33054e+008, 4217, 6440.66, 1112, 862
232, 23111, 1.05465e+008, 2.69676e+007, 1.32432e+008, 4190, 6436.18, 1113, 862
233, 23211, 1.05797e+008, 2.69441e+007, 1.32741e+008, 4200, 6415.26, 1112, 862
234, 23311, 1.06092e+008, 2.69643e+007, 1.33056e+008, 4212, 6401.77, 1112, 862
235, 23411, 1.06805e+008, 2.7118e+007, 1.33923e+008, 4220, 6426.06, 1111, 864
236, 23511, 1.0721e+008, 2.68003e+007, 1.34011e+008, 4199, 6382.54, 1111, 865
237, 23611, 1.06425e+008, 2.68768e+007, 1.33301e+008, 4193, 6409.93, 1112, 864
238, 23711, 1.06973e+008, 2.69172e+007, 1.3389e+008, 4228, 6366.42, 1112, 863
239, 23811, 1.06693e+008, 2.68245e+007, 1.33518e+008, 4212, 6368.58, 1112, 863
240, 23911, 1.06587e+008, 2.67626e+007, 1.3335e+008, 4207, 6361.44, 1112, 863
241, 24011, 1.06538e+008, 2.67309e+007, 1.33269e+008, 4214, 6343.35, 1112, 863
242, 24111, 1.06556e+008, 2.66837e+007, 1.33239e+008, 4207, 6342.68, 1112, 863
243, 24211, 1.06619e+008, 2.66453e+007, 1.33264e+008, 4200, 6344.13, 1112, 864
244, 24311, 1.07242e+008, 2.68396e+007, 1.34082e+008, 4227, 6349.57, 1112, 864
245, 24411, 1.06846e+008, 2.66312e+007, 1.33478e+008, 4196, 6346.8, 1112, 864
246, 24511, 1.08439e+008, 2.71113e+007, 1.3555e+008, 4254, 6373.13, 1112, 864
247, 24611, 1.10519e+008, 2.7699e+007, 1.38218e+008, 4326, 6402.91, 1112, 864
248, 24711, 1.11584e+008, 2.80008e+007, 1.39585e+008, 4363, 6417.8, 1112, 864
249, 24811, 1.11581e+008, 2.78662e+007, 1.39447e+008, 4356, 6397.2, 1111, 864
250, 24908, 1.11622e+008, 2.79073e+007, 1.39529e+008, 4357, 6405.17, 1111, 864
251, 25008, 1.12158e+008, 2.78829e+007, 1.40041e+008, 4374, 6374.69, 1111, 864
252, 25108, 1.11344e+008, 2.77373e+007, 1.39081e+008, 4337, 6395.51, 1111, 865
253, 25208, 1.11498e+008, 2.77085e+007, 1.39206e+008, 4332, 6396.24, 1111, 865
254, 25308, 1.11788e+008, 2.79151e+007, 1.39703e+008, 4362, 6399.61, 1111, 865
255, 25408, 1.12166e+008, 2.79302e+007, 1.40097e+008, 4372, 6388.42, 1111, 865
256, 25508, 1.11774e+008, 2.76668e+007, 1.39441e+008, 4343, 6370.44, 1111, 865
257, 25608, 1.11828e+008, 2.7559e+007, 1.39387e+008, 4334, 6358.78, 1111, 865
258, 25708, 1.11745e+008, 2.75586e+007, 1.39304e+008, 4330, 6364.56, 1111, 865
259, 25808, 1.12142e+008, 2.76384e+007, 1.3978e+008, 4347, 6358.04, 1111, 865
260, 25908, 1.12561e+008, 2.78376e+007, 1.40398e+008, 4369, 6371.63, 1111, 865
261, 26008, 1.1254e+008, 2.76445e+007, 1.40184e+008, 4364, 6334.67, 1110, 866
262, 26108, 1.12531e+008, 2.76358e+007, 1.40167e+008, 4356, 6344.31, 1111, 866
263, 26208, 1.12821e+008, 2.76797e+007, 1.40501e+008, 4372, 6331.13, 1111, 866
264, 26308, 1.12312e+008, 2.74726e+007, 1.39785e+008, 4347, 6319.9, 1110, 866
265, 26408, 1.1255e+008, 2.73279e+007, 1.39878e+008, 4338, 6299.66, 1110, 866
266, 26508, 1.12546e+008, 2.74134e+007, 1.39959e+008, 4349, 6303.37, 1110, 866
267, 26608, 1.12866e+008, 2.75126e+007, 1.40378e+008, 4365, 6302.99, 1110, 866
268, 26708, 1.12467e+008, 2.73957e+007, 1.39863e+008, 4341, 6310.93, 1110, 866
269, 26808, 1.13233e+008, 2.76556e+007, 1.40889e+008, 4385, 6306.87, 1110, 866
270, 26908, 1.12799e+008, 2.73479e+007, 1.40147e+008, 4349, 6288.33, 1110, 867
271, 27008, 1.1354e+008, 2.74465e+007, 1.40987e+008, 4376, 6272.04, 1109, 867
272, 27108, 1.13433e+008, 2.76343e+007, 1.41067e+008, 4365, 6330.89, 1108, 869
273, 27208, 1.13188e+008, 2.73779e+007, 1.40566e+008, 4352, 6290.89, 1107, 869
274, 27308, 1.13184e+008, 2.74059e+007, 1.4059e+008, 4370, 6271.38, 1108, 868
275, 27408, 1.13397e+008, 2.73074e+007, 1.40704e+008, 4363, 6258.85, 1109, 867
276, 27508, 1.1382e+008, 2.76399e+007, 1.4146e+008, 4385, 6303.28, 1107, 869
277, 27608, 1.13723e+008, 2.76335e+007, 1.41356e+008, 4381, 6307.58, 1107, 869
278, 27708, 1.12755e+008, 2.72205e+007, 1.39975e+008, 4349, 6259.02, 1108, 868
279, 27808, 1.12973e+008, 2.72559e+007, 1.40229e+008, 4346, 6271.49, 1108, 868
280, 27908, 1.13165e+008, 2.73749e+007, 1.4054e+008, 4341, 6306.13, 1107, 870
281, 28008, 1.13369e+008, 2.75038e+007, 1.40872e+008, 4371, 6292.33, 1108, 869
282, 28108, 1.12788e+008, 2.72593e+007, 1.40048e+008, 4343, 6276.61, 1108, 868
283, 28208, 1.13126e+008, 2.73816e+007, 1.40508e+008, 4344, 6303.31, 1107, 870
284, 28308, 1.13045e+008, 2.7252e+007, 1.40297e+008, 4347, 6269.15, 1107, 869
285, 28408, 1.13446e+008, 2.73505e+007, 1.40797e+008, 4371, 6257.27, 1108, 869
286, 28508, 1.13347e+008, 2.74564e+007, 1.40804e+008, 4358, 6300.23, 1107, 870
287, 28608, 1.11308e+008, 2.67277e+007, 1.38035e+008, 4286, 6236.05, 1106, 870
288, 28708, 1.1059e+008, 2.64436e+007, 1.37033e+008, 4282, 6175.53, 1107, 869
289, 28808, 1.10138e+008, 2.61556e+007, 1.36293e+008, 4246, 6160.05, 1107, 869
290, 28908, 1.10315e+008, 2.63859e+007, 1.36701e+008, 4248, 6211.37, 1106, 871
291, 29008, 1.10241e+008, 2.63151e+007, 1.36556e+008, 4258, 6180.15, 1107, 870
292, 29108, 1.0949e+008, 2.59704e+007, 1.3546e+008, 4230, 6139.57, 1107, 870
293, 29208, 1.09969e+008, 2.61755e+007, 1.36145e+008, 4241, 6172, 1107, 870
294, 29308, 1.10314e+008, 2.62747e+007, 1.36589e+008, 4250, 6182.28, 1106, 871
295, 29408, 1.09885e+008, 2.61431e+007, 1.36028e+008, 4249, 6152.77, 1107, 870
296, 29508, 1.1065e+008, 2.62682e+007, 1.36918e+008, 4287, 6127.41, 1107, 870
297, 29608, 1.10155e+008, 2.61671e+007, 1.36322e+008, 4252, 6154.08, 1106, 871
298, 29708, 1.09779e+008, 2.61285e+007, 1.35907e+008, 4249, 6149.34, 1106, 871
299, 29808, 1.1023e+008, 2.61105e+007, 1.3634e+008, 4263, 6124.92, 1107, 870
300, 29908, 1.10719e+008, 2.63094e+007, 1.37028e+008, 4270, 6161.46, 1106, 870
301, 30008, 1.1127e+008, 2.66258e+007, 1.37895e+008, 4281, 6219.53, 1105, 872
302, 30108, 1.11972e+008, 2.68226e+007, 1.38794e+008, 4310, 6223.33, 1105, 872
303, 30208, 1.12146e+008, 2.6793e+007, 1.38939e+008, 4306, 6222.25, 1105, 872
304, 30308, 1.13042e+008, 2.70733e+007, 1.40115e+008, 4344, 6232.34, 1105, 872
305, 30408, 1.12717e+008, 2.70423e+007, 1.39759e+008, 4331, 6243.89, 1105, 872
306, 30508, 1.13147e+008, 2.70878e+007, 1.40235e+008, 4337, 6245.75, 1105, 872
307, 30608, 1.13015e+008, 2.69116e+007, 1.39927e+008, 4320, 6229.54, 1105, 872
308, 30708, 1.13286e+008, 2.71407e+007, 1.40427e+008, 4343, 6249.29, 1105, 872
309, 30808, 1.13401e+008, 2.71938e+007, 1.40595e+008, 4352, 6248.58, 1105, 872
310, 30908, 1.13104e+008, 2.70146e+007, 1.40119e+008, 4329, 6240.38, 1105, 872
311, 31008, 1.13423e+008, 2.70681e+007, 1.40491e+008, 4352, 6219.68, 1105, 871
312, 31108, 1.13286e+008, 2.69433e+007, 1.40229e+008, 4338, 6210.98, 1105, 871
313, 31208, 1.13453e+008, 2.69944e+007, 1.40448e+008, 4346, 6211.32, 1105, 871
314, 31308, 1.13431e+008, 2.70392e+007, 1.4047e+008, 4353, 6211.62, 1105, 871
315, 31408, 1.13355e+008, 2.69942e+007, 1.40349e+008, 4339, 6221.29, 1106, 871
316, 31508, 1.13672e+008, 2.71088e+007, 1.4078e+008, 4360, 6217.61, 1106, 871
317, 31608, 1.135e+008, 2.69837e+007, 1.40484e+008, 4351, 6201.72, 1106, 871
318, 31708, 1.13216e+008, 2.6921e+007, 1.40137e+008, 4342, 6200.15, 1106, 871
319, 31808, 1.13119e+008, 2.69576e+007, 1.40077e+008, 4339, 6212.86, 1106, 871
320, 31908, 1.13276e+008, 2.69708e+007, 1.40247e+008, 4351, 6198.75, 1106, 871
321, 32008, 1.13454e+008, 2.67579e+007, 1.40212e+008, 4343, 6161.16, 1106, 870
322, 32108, 1.1291e+008, 2.677e+007, 1.3968e+008, 4324, 6191.03, 1106, 870
323, 32208, 1.12984e+008, 2.66701e+007, 1.39654e+008, 4323, 6169.35, 1106, 870
324, 32308, 1.12747e+008, 2.66184e+007, 1.39365e+008, 4319, 6163.1, 1106, 870
325, 32408, 1.1296e+008, 2.66911e+007, 1.39652e+008, 4330, 6164.22, 1106, 870
326, 32508, 1.12743e+008, 2.66278e+007, 1.39371e+008, 4316, 6169.56, 1106, 870
327, 32608, 1.12633e+008, 2.64951e+007, 1.39128e+008, 4302, 6158.78, 1106, 870
328, 32708, 1.13283e+008, 2.66813e+007, 1.39964e+008, 4328, 6164.81, 1106, 870
329, 32808, 1.12516e+008, 2.66155e+007, 1.39131e+008, 4305, 6182.45, 1107, 870
330, 32908, 1.1286e+008, 2.65657e+007, 1.39425e+008, 4320, 6149.46, 1107, 870
331, 33008, 1.12118e+008, 2.64465e+007, 1.38565e+008, 4296, 6156.08, 1107, 869
332, 33108, 1.11983e+008, 2.64525e+007, 1.38436e+008, 4294, 6160.35, 1107, 869
333, 33208, 1.12303e+008, 2.64359e+007, 1.38739e+008, 4303, 6143.59, 1107, 869
334, 33308, 1.1211e+008, 2.63438e+007, 1.38454e+008, 4296, 6132.18, 1107, 869
335, 33408, 1.11857e+008, 2.62608e+007, 1.38118e+008, 4276, 6141.44, 1107, 869
336, 33508, 1.12108e+008, 2.62624e+007, 1.38371e+008, 4286, 6127.49, 1107, 869
337, 33608, 1.12412e+008, 2.62762e+007, 1.38689e+008, 4296, 6116.44, 1107, 869
338, 33708, 1.1189e+008, 2.62813e+007, 1.38171e+008, 4284, 6134.75, 1107, 869
339, 33808, 1.1175e+008, 2.61652e+007, 1.37915e+008, 4283, 6109.09, 1107, 869
340, 33908, 1.11723e+008, 2.61299e+007, 1.37853e+008, 4278, 6107.97, 1107, 869
341, 34008, 1.11556e+008, 2.60388e+007, 1.37595e+008, 4269, 6099.51, 1107, 869
342, 34108, 1.11456e+008, 2.59957e+007, 1.37452e+008, 4263, 6097.99, 1107, 869
343, 34208, 1.11194e+008, 2.58864e+007, 1.3708e+008, 4248, 6093.78, 1108, 869
344, 34308, 1.11309e+008, 2.58692e+007, 1.37178e+008, 4250, 6086.86, 1108, 868
345, 34408, 1.11766e+008, 2.59932e+007, 1.37759e+008, 4274, 6081.7, 1108, 868
346, 34508, 1.11761e+008, 2.60814e+007, 1.37842e+008, 4275, 6100.92, 1108, 868
347, 34608, 1.11324e+008, 2.5884e+007, 1.37208e+008, 4255, 6083.2, 1108, 868
348, 34708, 1.11718e+008, 2.59759e+007, 1.37694e+008, 4276, 6074.82, 1108, 868
349, 34808, 1.11333e+008, 2.58196e+007, 1.37153e+008, 4263, 6056.68, 1108, 868
350, 34908, 1.11045e+008, 2.57303e+007, 1.36775e+008, 4247, 6058.47, 1108, 868
351, 35008, 1.1133e+008, 2.56743e+007, 1.37005e+008, 4250, 6041.02, 1108, 868
352, 35108, 1.10903e+008, 2.56663e+007, 1.36569e+008, 4239, 6054.79, 1108, 868
353, 35208, 1.10886e+008, 2.55694e+007, 1.36456e+008, 4231, 6043.34, 1108, 868
354, 35308, 1.1128e+008, 2.57552e+007, 1.37036e+008, 4258, 6048.65, 1108, 868
355, 35408, 1.10838e+008, 2.55749e+007, 1.36413e+008, 4237, 6036.09, 1108, 868
356, 35508, 1.10994e+008, 2.56278e+007, 1.36622e+008, 4245, 6037.18, 1108, 868
357, 35608, 1.11014e+008, 2.55585e+007, 1.36573e+008, 4243, 6023.69, 1108, 867
358, 35708, 1.10846e+008, 2.55501e+007, 1.36396e+008, 4232, 6037.36, 1108, 867
359, 35808, 1.11213e+008, 2.55762e+007, 1.36789e+008, 4251, 6016.51, 1108, 867
360, 35908, 1.10677e+008, 2.54954e+007, 1.36172e+008, 4225, 6034.41, 1109, 867
361, 36008, 1.10215e+008, 2.5421e+007, 1.35636e+008, 4216, 6029.65, 1109, 867
362, 36108, 1.10284e+008, 2.52972e+007, 1.35581e+008, 4206, 6014.54, 1109, 867
363, 36208, 1.11032e+008, 2.56596e+007, 1.36692e+008, 4255, 6030.46, 1109, 867
364, 36308, 1.10726e+008, 2.5397e+007, 1.36123e+008, 4233, 5999.76, 1109, 867
365, 36408, 1.10172e+008, 2.52733e+007, 1.35445e+008, 4207, 6007.44, 1109, 867
366, 36508, 1.11075e+008, 2.55048e+007, 1.3658e+008, 4250, 6001.13, 1109, 867
367, 36608, 1.10563e+008, 2.53323e+007, 1.35896e+008, 4223, 5998.64, 1109, 867
368, 36708, 1.10843e+008, 2.54284e+007, 1.36271e+008, 4239, 5998.67, 1109, 867
369, 36808, 1.10625e+008, 2.52225e+007, 1.35848e+008, 4210, 5991.1, 1109, 867
370, 36908, 1.10716e+008, 2.52982e+007, 1.36014e+008, 4223, 5990.58, 1109, 867
371, 37008, 1.1054e+008, 2.52644e+007, 1.35804e+008, 4210, 6001.06, 1109, 867
372, 37108, 1.1131e+008, 2.54639e+007, 1.36774e+008, 4253, 5987.29, 1109, 867
373, 37208, 1.10877e+008, 2.53108e+007, 1.36188e+008, 4228, 5986.46, 1109, 867
374, 37308, 1.10942e+008, 2.5258e+007, 1.362e+008, 4221, 5983.88, 1109, 867
375, 37408, 1.11109e+008, 2.54447e+007, 1.36554e+008, 4237, 6005.35, 1109, 866
376, 37508, 1.11697e+008, 2.5456e+007, 1.37153e+008, 4255, 5982.62, 1109, 866
377, 37608, 1.11633e+008, 2.54188e+007, 1.37052e+008, 4243, 5990.75, 1109, 866
378, 37708, 1.11059e+008, 2.52449e+007, 1.36304e+008, 4222, 5979.37, 1109, 866
379, 37808, 1.1104e+008, 2.51867e+007, 1.36227e+008, 4212, 5979.74, 1109, 866
380, 37908, 1.11668e+008, 2.54547e+007, 1.37123e+008, 4250, 5989.34, 1109, 866
381, 38008, 1.11986e+008, 2.55886e+007, 1.37575e+008, 4255, 6013.78, 1110, 866
382, 38108, 1.12638e+008, 2.58296e+007, 1.38467e+008, 4281, 6033.55, 1110, 866
383, 38208, 1.13054e+008, 2.59248e+007, 1.38979e+008, 4301, 6027.62, 1110, 866
384, 38308, 1.13008e+008, 2.5894e+007, 1.38902e+008, 4289, 6037.31, 1110, 866
385, 38408, 1.13313e+008, 2.59782e+007, 1.39291e+008, 4314, 6021.84, 1110, 866
386, 38508, 1.13189e+008, 2.59293e+007, 1.39118e+008, 4308, 6018.87, 1110, 866
387, 38608, 1.12322e+008, 2.57252e+007, 1.38047e+008, 4261, 6037.37, 1110, 865
388, 38708, 1.13055e+008, 2.58757e+007, 1.3893e+008, 4298, 6020.41, 1110, 866
389, 38808, 1.12594e+008, 2.57961e+007, 1.3839e+008, 4282, 6024.3, 1110, 865
390, 38908, 1.13051e+008, 2.5788e+007, 1.38839e+008, 4302, 5994.43, 1110, 865
391, 39008, 1.12206e+008, 2.55997e+007, 1.37806e+008, 4262, 6006.5, 1110, 865
392, 39108, 1.11978e+008, 2.55468e+007, 1.37524e+008, 4253, 6006.78, 1110, 865
393, 39208, 1.1164e+008, 2.55104e+007, 1.37151e+008, 4250, 6002.44, 1110, 865
394, 39308, 1.11795e+008, 2.53701e+007, 1.37165e+008, 4249, 5970.84, 1110, 865
395, 39408, 1.12048e+008, 2.5461e+007, 1.37509e+008, 4261, 5975.36, 1110, 865
396, 39508, 1.11736e+008, 2.53707e+007, 1.37106e+008, 4253, 5965.37, 1110, 865
397, 39608, 1.12146e+008, 2.54911e+007, 1.37637e+008, 4270, 5969.81, 1110, 865
398, 39708, 1.11374e+008, 2.51612e+007, 1.36535e+008, 4225, 5955.32, 1110, 865
399, 39808, 1.1156e+008, 2.53601e+007, 1.36921e+008, 4251, 5965.69, 1110, 865
400, 39908, 1.11977e+008, 2.52904e+007, 1.37267e+008, 4252, 5947.89, 1110, 865
401, 40008, 1.11164e+008, 2.52418e+007, 1.36406e+008, 4228, 5970.14, 1110, 865
402, 40108, 1.11993e+008, 2.5359e+007, 1.37352e+008, 4260, 5952.82, 1110, 865
403, 40208, 1.11735e+008, 2.52473e+007, 1.36983e+008, 4252, 5937.74, 1110, 865
404, 40308, 1.11895e+008, 2.53514e+007, 1.37247e+008, 4255, 5958.01, 1110, 865
405, 40408, 1.12299e+008, 2.5356e+007, 1.37655e+008, 4265, 5945.14, 1110, 865
406, 40508, 1.11997e+008, 2.52504e+007, 1.37247e+008, 4250, 5941.27, 1110, 865
407, 40608, 1.12308e+008, 2.53425e+007, 1.3765e+008, 4266, 5940.57, 1110, 865
408, 40708, 1.11745e+008, 2.52372e+007, 1.36982e+008, 4236, 5957.78, 1110, 864
409, 40808, 1.11907e+008, 2.52709e+007, 1.37178e+008, 4254, 5940.5, 1110, 865
410, 40908, 1.11594e+008, 2.51453e+007, 1.36739e+008, 4245, 5923.51, 1110, 864
411, 41008, 1.11842e+008, 2.53416e+007, 1.37184e+008, 4265, 5941.77, 1111, 864
412, 41108, 1.11646e+008, 2.51413e+007, 1.36787e+008, 4240, 5929.55, 1110, 864
413, 41208, 1.10921e+008, 2.50019e+007, 1.35923e+008, 4220, 5924.62, 1111, 864
414, 41308, 1.11233e+008, 2.50902e+007, 1.36323e+008, 4239, 5918.9, 1111, 864
415, 41408, 1.1137e+008, 2.51173e+007, 1.36487e+008, 4248, 5912.75, 1110, 864
416, 41508, 1.11506e+008, 2.51751e+007, 1.36681e+008, 4248, 5926.33, 1111, 864
417, 41608, 1.10991e+008, 2.48639e+007, 1.35855e+008, 4216, 5897.5, 1111, 864
418, 41708, 1.11258e+008, 2.49974e+007, 1.36255e+008, 4233, 5905.37, 1111, 864
419, 41808, 1.11167e+008, 2.49304e+007, 1.36098e+008, 4233, 5889.53, 1111, 864
420, 41908, 1.10727e+008, 2.47812e+007, 1.35508e+008, 4212, 5883.47, 1111, 864
421, 42008, 1.10754e+008, 2.47946e+007, 1.35549e+008, 4227, 5865.76, 1111, 864
422, 42108, 1.11394e+008, 2.50871e+007, 1.36481e+008, 4249, 5904.24, 1111, 864
423, 42208, 1.0966e+008, 2.44562e+007, 1.34116e+008, 4186, 5842.39, 1111, 864
424, 42308, 1.0887e+008, 2.42606e+007, 1.3313e+008, 4160, 5831.87, 1111, 864
425, 42408, 1.08215e+008, 2.40891e+007, 1.32304e+008, 4128, 5835.55, 1111, 864
426, 42508, 1.08204e+008, 2.40042e+007, 1.32208e+008, 4126, 5817.8, 1111, 864
427, 42608, 1.08762e+008, 2.42432e+007, 1.33005e+008, 4169, 5815.12, 1111, 864
428, 42708, 1.08154e+008, 2.40113e+007, 1.32166e+008, 4134, 5808.24, 1111, 864
429, 42808, 1.07459e+008, 2.39036e+007, 1.31363e+008, 4106, 5821.62, 1111, 864
430, 42908, 1.08524e+008, 2.4074e+007, 1.32598e+008, 4150, 5800.97, 1111, 864
431, 43008, 1.07867e+008, 2.39816e+007, 1.31848e+008, 4132, 5803.87, 1111, 864
432, 43108, 1.07373e+008, 2.38189e+007, 1.31192e+008, 4103, 5805.24, 1111, 864
433, 43208, 1.07486e+008, 2.37641e+007, 1.3125e+008, 4102, 5793.29, 1111, 864
434, 43308, 1.08042e+008, 2.39499e+007, 1.31992e+008, 4135, 5791.99, 1111, 864
435, 43408, 1.07151e+008, 2.377e+007, 1.30921e+008, 4093, 5807.47, 1111, 864
436, 43508, 1.07605e+008, 2.39097e+007, 1.31515e+008, 4120, 5803.32, 1111, 864
437, 43608, 1.07834e+008, 2.38425e+007, 1.31677e+008, 4124, 5781.39, 1111, 864
438, 43708, 1.07536e+008, 2.37056e+007, 1.31242e+008, 4104, 5776.21, 1111, 864
439, 43808, 1.07805e+008, 2.38211e+007, 1.31626e+008, 4128, 5770.61, 1111, 864
440, 43908, 1.07739e+008, 2.38277e+007, 1.31567e+008, 4126, 5775.01, 1111, 863
441, 44008, 1.07649e+008, 2.37227e+007, 1.31372e+008, 4117, 5762.14, 1111, 864
442, 44108, 1.07545e+008, 2.36982e+007, 1.31243e+008, 4108, 5768.79, 1111, 863
443, 44208, 1.0759e+008, 2.38375e+007, 1.31427e+008, 4124, 5780.18, 1111, 863
444, 44308, 1.07252e+008, 2.36712e+007, 1.30923e+008, 4097, 5777.7, 1111, 863
445, 44408, 1.07872e+008, 2.36518e+007, 1.31523e+008, 4127, 5730.99, 1111, 863
446, 44508, 1.07422e+008, 2.36651e+007, 1.31087e+008, 4114, 5752.33, 1111, 863
447, 44608, 1.07649e+008, 2.37025e+007, 1.31351e+008, 4117, 5757.24, 1111, 863
448, 44708, 1.0777e+008, 2.36757e+007, 1.31446e+008, 4118, 5749.32, 1111, 863
449, 44808, 1.07696e+008, 2.37335e+007, 1.3143e+008, 4122, 5757.77, 1111, 863
450, 44914, 1.07826e+008, 2.36984e+007, 1.31524e+008, 4126, 5743.68, 1111, 863
451, 45014, 1.08048e+008, 2.36263e+007, 1.31675e+008, 4124, 5728.97, 1111, 863
452, 45114, 1.08612e+008, 2.38891e+007, 1.32501e+008, 4154, 5750.87, 1111, 863
453, 45214, 1.08357e+008, 2.37935e+007, 1.3215e+008, 4141, 5745.83, 1111, 863
454, 45314, 1.08535e+008, 2.38096e+007, 1.32344e+008, 4149, 5738.64, 1111, 863
455, 45414, 1.08382e+008, 2.3822e+007, 1.32204e+008, 4141, 5752.72, 1111, 863
456, 45514, 1.08512e+008, 2.38044e+007, 1.32316e+008, 4144, 5744.31, 1111, 863
457, 45614, 1.08913e+008, 2.38924e+007, 1.32805e+008, 4154, 5751.66, 1111, 863
458, 45714, 1.10551e+008, 2.43103e+007, 1.34861e+008, 4205, 5781.28, 1111, 863
459, 45814, 1.11125e+008, 2.43841e+007, 1.35509e+008, 4216, 5783.7, 1111, 863
460, 45914, 1.11444e+008, 2.44838e+007, 1.35928e+008, 4224, 5796.36, 1111, 863
461, 46014, 1.11327e+008, 2.44065e+007, 1.35733e+008, 4225, 5776.69, 1111, 863
462, 46114, 1.11418e+008, 2.44462e+007, 1.35864e+008, 4232, 5776.51, 1111, 863
463, 46214, 1.11254e+008, 2.45116e+007, 1.35765e+008, 4240, 5781.04, 1111, 863
464, 46314, 1.11232e+008, 2.43685e+007, 1.356e+008, 4224, 5769.06, 1111, 863
465, 46414, 1.11009e+008, 2.43685e+007, 1.35377e+008, 4218, 5777.27, 1111, 863
466, 46514, 1.11105e+008, 2.43711e+007, 1.35476e+008, 4222, 5772.42, 1111, 863
467, 46614, 1.10759e+008, 2.4275e+007, 1.35034e+008, 4210, 5766.03, 1111, 863
468, 46714, 1.10465e+008, 2.42087e+007, 1.34673e+008, 4203, 5759.85, 1111, 863
469, 46814, 1.09987e+008, 2.40621e+007, 1.34049e+008, 4185, 5749.6, 1111, 863
470, 46914, 1.1044e+008, 2.4216e+007, 1.34656e+008, 4207, 5756.13, 1111, 863
471, 47014, 1.10279e+008, 2.40621e+007, 1.34341e+008, 4190, 5742.75, 1111, 863
472, 47114, 1.10223e+008, 2.40929e+007, 1.34316e+008, 4197, 5740.5, 1111, 863
473, 47214, 1.10362e+008, 2.40742e+007, 1.34436e+008, 4199, 5733.31, 1111, 863
474, 47314, 1.10488e+008, 2.40501e+007, 1.34538e+008, 4199, 5727.58, 1111, 863
475, 47414, 1.10179e+008, 2.38762e+007, 1.34055e+008, 4179, 5713.38, 1111, 863
476, 47514, 1.10526e+008, 2.40261e+007, 1.34553e+008, 4194, 5728.69, 1111, 863
477, 47614, 1.10779e+008, 2.40598e+007, 1.34839e+008, 4202, 5725.79, 1111, 863
478, 47714, 1.11068e+008, 2.42207e+007, 1.35289e+008, 4221, 5738.15, 1111, 863
479, 47814, 1.10349e+008, 2.38907e+007, 1.3424e+008, 4182, 5712.75, 1111, 863
480, 47914, 1.10533e+008, 2.39072e+007, 1.3444e+008, 4198, 5694.89, 1111, 863
481, 48014, 1.10253e+008, 2.39486e+007, 1.34202e+008, 4182, 5726.58, 1111, 863
482, 48114, 1.10587e+008, 2.40831e+007, 1.3467e+008, 4215, 5713.67, 1111, 863
483, 48214, 1.10655e+008, 2.3964e+007, 1.34619e+008, 4199, 5707.08, 1111, 863
484, 48314, 1.10605e+008, 2.39243e+007, 1.34529e+008, 4202, 5693.56, 1111, 863
485, 48414, 1.10579e+008, 2.38401e+007, 1.34419e+008, 4198, 5678.91, 1111, 863
486, 48514, 1.10778e+008, 2.39727e+007, 1.3475e+008, 4212, 5691.52, 1111, 863
487, 48614, 1.10104e+008, 2.3808e+007, 1.33912e+008, 4178, 5698.42, 1111, 863
488, 48714, 1.10072e+008, 2.38178e+007, 1.3389e+008, 4176, 5703.49, 1111, 863
489, 48814, 1.10178e+008, 2.38274e+007, 1.34005e+008, 4189, 5688.1, 1111, 863
490, 48914, 1.10246e+008, 2.37714e+007, 1.34017e+008, 4189, 5674.73, 1111, 863
491, 49014, 1.09839e+008, 2.36124e+007, 1.33451e+008, 4174, 5657.02, 1111, 863
492, 49114, 1.09721e+008, 2.36605e+007, 1.33381e+008, 4171, 5672.61, 1111, 862
493, 49214, 1.09388e+008, 2.3491e+007, 1.32879e+008, 4147, 5664.57, 1111, 862
494, 49314, 1.09719e+008, 2.35868e+007, 1.33306e+008, 4173, 5652.23, 1111, 862
495, 49414, 1.0939e+008, 2.34978e+007, 1.32887e+008, 4156, 5653.95, 1111, 862
496, 49514, 1.09712e+008, 2.35356e+007, 1.33248e+008, 4167, 5648.1, 1111, 862
497, 49614, 1.09868e+008, 2.36195e+007, 1.33488e+008, 4178, 5653.31, 1111, 862
498, 49714, 1.07094e+008, 2.28814e+007, 1.29976e+008, 4081, 5606.81, 1111, 862
499, 49814, 1.06389e+008, 2.27524e+007, 1.29142e+008, 4066, 5595.78, 1111, 862
500, 49914, 1.06704e+008, 2.27255e+007, 1.29429e+008, 4071, 5582.28, 1111, 862
501, 50014, 1.06266e+008, 2.25409e+007, 1.28806e+008, 4046, 5571.15, 1111, 862
502, 50114, 1.06866e+008, 2.27694e+007, 1.29635e+008, 4080, 5580.73, 1111, 862
503, 50214, 1.07019e+008, 2.27632e+007, 1.29782e+008, 4085, 5572.39, 1111, 862
504, 50314, 1.06594e+008, 2.26955e+007, 1.29289e+008, 4063, 5585.89, 1111, 862
505, 50414, 1.06086e+008, 2.25328e+007, 1.28618e+008, 4042, 5574.68, 1111, 862
506, 50514, 1.0663e+008, 2.25878e+007, 1.29217e+008, 4061, 5562.12, 1111, 862
507, 50614, 1.06813e+008, 2.27236e+007, 1.29536e+008, 4079, 5570.86, 1111, 862
508, 50714, 1.06536e+008, 2.26681e+007, 1.29204e+008, 4069, 5570.92, 1111, 862
509, 50814, 1.06521e+008, 2.26399e+007, 1.29161e+008, 4065, 5569.47, 1111, 862
510, 50914, 1.06389e+008, 2.26252e+007, 1.29014e+008, 4068, 5561.74, 1111, 862
511, 51014, 1.06521e+008, 2.26104e+007, 1.29132e+008, 4072, 5552.64, 1111, 862
512, 51114, 1.06268e+008, 2.25656e+007, 1.28834e+008, 4059, 5559.4, 1111, 862
513, 51214, 1.06139e+008, 2.25208e+007, 1.2866e+008, 4050, 5560.7, 1111, 862
514, 51314, 1.06794e+008, 2.27052e+007, 1.29499e+008, 4077, 5569.08, 1111, 862
515, 51414, 1.06707e+008, 2.25782e+007, 1.29285e+008, 4067, 5551.56, 1111, 862
516, 51514, 1.06692e+008, 2.25798e+007, 1.29272e+008, 4064, 5556.04, 1111, 862
517, 51614, 1.06897e+008, 2.27686e+007, 1.29665e+008, 4083, 5576.44, 1111, 862
518, 51714, 1.06493e+008, 2.25417e+007, 1.29035e+008, 4063, 5548.05, 1111, 862
519, 51814, 1.06561e+008, 2.24386e+007, 1.29e+008, 4057, 5530.83, 1111, 862
520, 51914, 1.06449e+008, 2.24514e+007, 1.28901e+008, 4058, 5532.61, 1111, 862
521, 52014, 1.06352e+008, 2.25183e+007, 1.2887e+008, 4058, 5549.12, 1111, 862
522, 52114, 1.07066e+008, 2.26052e+007, 1.29671e+008, 4090, 5526.94, 1111, 862
523, 52214, 1.0635e+008, 2.24478e+007, 1.28798e+008, 4062, 5526.3, 1111, 862
524, 52314, 1.06122e+008, 2.23249e+007, 1.28446e+008, 4043, 5521.86, 1111, 862
525, 52414, 1.06253e+008, 2.23815e+007, 1.28635e+008, 4053, 5522.21, 1111, 862
526, 52514, 1.05732e+008, 2.22867e+007, 1.28019e+008, 4032, 5527.45, 1112, 862
527, 52614, 1.06108e+008, 2.23987e+007, 1.28506e+008, 4046, 5536.02, 1111, 862
528, 52714, 1.05874e+008, 2.22317e+007, 1.28106e+008, 4035, 5509.71, 1111, 862
529, 52814, 1.05848e+008, 2.21416e+007, 1.2799e+008, 4027, 5498.29, 1111, 862
530, 52914, 1.05532e+008, 2.21534e+007, 1.27686e+008, 4020, 5510.79, 1112, 862
531, 53014, 1.05608e+008, 2.22112e+007, 1.2782e+008, 4028, 5514.21, 1112, 862
532, 53114, 1.05591e+008, 2.21329e+007, 1.27724e+008, 4022, 5502.95, 1111, 862
533, 53214, 1.05772e+008, 2.21846e+007, 1.27956e+008, 4036, 5496.67, 1111, 862
534, 53314, 1.05796e+008, 2.22292e+007, 1.28025e+008, 4037, 5506.37, 1111, 862
535, 53414, 1.0571e+008, 2.2225e+007, 1.27935e+008, 4043, 5497.16, 1111, 862
536, 53514, 1.05372e+008, 2.21145e+007, 1.27487e+008, 4020, 5501.11, 1112, 862
537, 53614, 1.052e+008, 2.2047e+007, 1.27247e+008, 4013, 5493.88, 1112, 862
538, 53714, 1.04839e+008, 2.19379e+007, 1.26777e+008, 4004, 5478.99, 1112, 861
539, 53814, 1.05339e+008, 2.20775e+007, 1.27417e+008, 4031, 5476.92, 1112, 862
540, 53914, 1.05499e+008, 2.21636e+007, 1.27663e+008, 4046, 5477.91, 1112, 862
541, 54014, 1.0505e+008, 2.20236e+007, 1.27074e+008, 4014, 5486.69, 1112, 862
542, 54114, 1.05308e+008, 2.19566e+007, 1.27265e+008, 4021, 5460.49, 1112, 862
543, 54214, 1.05359e+008, 2.20287e+007, 1.27387e+008, 4021, 5478.4, 1112, 862
544, 54314, 1.05429e+008, 2.20429e+007, 1.27472e+008, 4026, 5475.13, 1112, 862
545, 54414, 1.05422e+008, 2.18883e+007, 1.2731e+008, 4017, 5448.91, 1112, 862
546, 54514, 1.05754e+008, 2.21056e+007, 1.2786e+008, 4040, 5471.69, 1111, 862
547, 54614, 1.05917e+008, 2.21278e+007, 1.28044e+008, 4053, 5459.6, 1112, 862
548, 54714, 1.05517e+008, 2.19317e+007, 1.27449e+008, 4027, 5446.15, 1111, 862
549, 54814, 1.05145e+008, 2.19215e+007, 1.27066e+008, 4012, 5463.98, 1112, 862
550, 54911, 1.05563e+008, 2.20132e+007, 1.27577e+008, 4037, 5452.87, 1112, 862
551, 55021, 1.0505e+008, 2.17623e+007, 1.26813e+008, 4003, 5436.49, 1112, 862
552, 55111, 1.05511e+008, 2.20227e+007, 1.27533e+008, 4038, 5453.87, 1112, 862
553, 55211, 1.05522e+008, 2.20598e+007, 1.27582e+008, 4040, 5460.35, 1112, 862
554, 55311, 1.05522e+008, 2.19176e+007, 1.2744e+008, 4030, 5438.61, 1111, 862
555, 55411, 1.05191e+008, 2.18455e+007, 1.27037e+008, 4013, 5443.69, 1112, 862
556, 55511, 1.05924e+008, 2.21562e+007, 1.2808e+008, 4061, 5455.85, 1112, 862
557, 55611, 1.05301e+008, 2.18966e+007, 1.27197e+008, 4017, 5450.99, 1112, 862
558, 55711, 1.05722e+008, 2.19554e+007, 1.27677e+008, 4033, 5443.93, 1112, 862
559, 55811, 1.05891e+008, 2.20158e+007, 1.27907e+008, 4043, 5445.41, 1112, 862
560, 55911, 1.0655e+008, 2.20623e+007, 1.28613e+008, 4043, 5456.91, 1111, 862
561, 56011, 1.08652e+008, 2.24702e+007, 1.31122e+008, 4111, 5465.86, 1111, 862
562, 56111, 1.09638e+008, 2.26573e+007, 1.32296e+008, 4138, 5475.42, 1111, 862
563, 56211, 1.09442e+008, 2.27329e+007, 1.32175e+008, 4137, 5495.01, 1111, 862
564, 56311, 1.09587e+008, 2.26407e+007, 1.32228e+008, 4139, 5470.09, 1111, 862
565, 56411, 1.09432e+008, 2.26996e+007, 1.32132e+008, 4140, 5482.99, 1111, 862
566, 56511, 1.09343e+008, 2.27254e+007, 1.32069e+008, 4145, 5482.6, 1111, 862
567, 56611, 1.08949e+008, 2.25534e+007, 1.31503e+008, 4121, 5472.79, 1111, 862
568, 56711, 1.09208e+008, 2.26833e+007, 1.31891e+008, 4135, 5485.69, 1111, 862
569, 56811, 1.08935e+008, 2.25589e+007, 1.31494e+008, 4128, 5464.86, 1111, 862
570, 56911, 1.08868e+008, 2.25928e+007, 1.31461e+008, 4124, 5478.36, 1111, 862
571, 57011, 1.09268e+008, 2.2668e+007, 1.31936e+008, 4141, 5474.04, 1111, 862
572, 57111, 1.08969e+008, 2.25548e+007, 1.31524e+008, 4127, 5465.17, 1111, 862
573, 57211, 1.09242e+008, 2.26864e+007, 1.31929e+008, 4147, 5470.56, 1111, 862
574, 57311, 1.0938e+008, 2.27026e+007, 1.32083e+008, 4154, 5465.23, 1111, 862
575, 57421, 1.09413e+008, 2.26138e+007, 1.32026e+008, 4151, 5447.8, 1111, 861
576, 57511, 1.08667e+008, 2.248e+007, 1.31147e+008, 4119, 5457.63, 1111, 861
577, 57611, 1.09146e+008, 2.27009e+007, 1.31847e+008, 4147, 5474.06, 1112, 861
578, 57711, 1.08242e+008, 2.23959e+007, 1.30638e+008, 4102, 5459.76, 1112, 861
579, 57811, 1.08941e+008, 2.2561e+007, 1.31501e+008, 4135, 5456.1, 1112, 861
580, 57921, 1.08751e+008, 2.25599e+007, 1.31311e+008, 4130, 5462.43, 1112, 861
581, 58011, 1.09394e+008, 2.2602e+007, 1.31996e+008, 4152, 5443.64, 1111, 862
582, 58111, 1.09164e+008, 2.25451e+007, 1.3171e+008, 4137, 5449.62, 1111, 861
583, 58211, 1.09133e+008, 2.25406e+007, 1.31674e+008, 4141, 5443.28, 1111, 862
584, 58311, 1.08894e+008, 2.24575e+007, 1.31352e+008, 4128, 5440.29, 1111, 862
585, 58411, 1.09094e+008, 2.25489e+007, 1.31643e+008, 4142, 5443.96, 1111, 862
586, 58511, 1.08355e+008, 2.22184e+007, 1.30573e+008, 4105, 5412.53, 1111, 862
587, 58611, 1.09007e+008, 2.24801e+007, 1.31487e+008, 4143, 5426.04, 1111, 862
588, 58711, 1.08416e+008, 2.23331e+007, 1.30749e+008, 4112, 5431.2, 1111, 861
589, 58811, 1.08269e+008, 2.21825e+007, 1.30452e+008, 4101, 5409.06, 1111, 862
590, 58911, 1.08228e+008, 2.22806e+007, 1.30509e+008, 4103, 5430.33, 1111, 862
591, 59011, 1.08307e+008, 2.22657e+007, 1.30572e+008, 4115, 5410.86, 1111, 861
592, 59111, 1.07823e+008, 2.21864e+007, 1.3001e+008, 4096, 5416.6, 1111, 861
593, 59211, 1.08089e+008, 2.22767e+007, 1.30366e+008, 4111, 5418.81, 1112, 861
594, 59311, 1.08052e+008, 2.22365e+007, 1.30288e+008, 4109, 5411.66, 1111, 862
595, 59411, 1.07615e+008, 2.21566e+007, 1.29771e+008, 4093, 5413.29, 1112, 861
596, 59511, 1.07595e+008, 2.20932e+007, 1.29688e+008, 4092, 5399.11, 1111, 861
597, 59611, 1.0736e+008, 2.20161e+007, 1.29376e+008, 4080, 5396.1, 1112, 861
598, 59711, 1.07364e+008, 2.20452e+007, 1.29409e+008, 4087, 5393.98, 1112, 861
599, 59811, 1.06737e+008, 2.19264e+007, 1.28664e+008, 4065, 5393.95, 1112, 861
600, 59911, 1.07678e+008, 2.21159e+007, 1.29793e+008, 4109, 5382.3, 1112, 861