2, 100, 4.34313e+007, 2.19155e+007, 6.53468e+007, 3454, 6344.97, 961, 1437
3, 200, 4.23778e+007, 2.12305e+007, 6.36083e+007, 3368, 6303.59, 961, 1438
4, 300, 4.22855e+007, 2.11376e+007, 6.34231e+007, 3369, 6274.14, 961, 1438
5, 400, 4.23291e+007, 2.00654e+007, 6.23945e+007, 3307, 6067.55, 968, 1453
6, 500, 4.24289e+007, 2.00524e+007, 6.24813e+007, 3319, 6041.69, 968, 1453
7, 600, 4.16041e+007, 2.07433e+007, 6.23473e+007, 3314, 6259.29, 961, 1439
8, 700, 4.29714e+007, 1.99829e+007, 6.29543e+007, 3349, 5966.83, 969, 1456
9, 800, 4.15616e+007, 2.04994e+007, 6.20611e+007, 3295, 6221.37, 961, 1440
10, 900, 4.28391e+007, 1.98873e+007, 6.27264e+007, 3332, 5968.58, 969, 1456
11, 1000, 4.18979e+007, 2.05852e+007, 6.2483e+007, 3321, 6198.48, 961, 1440
12, 1100, 4.15214e+007, 2.05763e+007, 6.20976e+007, 3299, 6237.12, 960, 1440
13, 1200, 4.18038e+007, 2.04263e+007, 6.22301e+007, 3309, 6172.95, 961, 1439
14, 1300, 4.21982e+007, 2.05541e+007, 6.27523e+007, 3336, 6161.29, 961, 1439
15, 1400, 4.30814e+007, 1.96571e+007, 6.27386e+007, 3328, 5906.59, 969, 1455
16, 1500, 4.25892e+007, 2.04702e+007, 6.30594e+007, 3345, 6119.65, 961, 1437
17, 1600, 4.35056e+007, 1.98139e+007, 6.33195e+007, 3361, 5895.23, 968, 1450
18, 1700, 4.3066e+007, 2.05199e+007, 6.35859e+007, 3373, 6083.58, 961, 1436
19, 1800, 4.29365e+007, 2.0171e+007, 6.31075e+007, 3346, 6028.38, 962, 1437
20, 1900, 4.26951e+007, 2.02247e+007, 6.29198e+007, 3332, 6069.84, 961, 1436
21, 2000, 4.30588e+007, 2.01197e+007, 6.31785e+007, 3341, 6022.06, 962, 1436
22, 2100, 4.3774e+007, 1.92999e+007, 6.30739e+007, 3336, 5785.35, 970, 1453
23, 2200, 4.32026e+007, 2.0121e+007, 6.33236e+007, 3352, 6002.69, 962, 1436
24, 2300, 4.31438e+007, 2.00174e+007, 6.31612e+007, 3342, 5989.65, 962, 1436
25, 2400, 4.39072e+007, 1.9458e+007, 6.33652e+007, 3353, 5803.15, 969, 1450
26, 2500, 4.42667e+007, 1.94629e+007, 6.37296e+007, 3369, 5777.07, 970, 1453
27, 2600, 4.38772e+007, 2.02635e+007, 6.41408e+007, 3391, 5975.68, 962, 1436
28, 2700, 4.4015e+007, 2.02044e+007, 6.42194e+007, 3400, 5942.47, 962, 1436
29, 2800, 4.4463e+007, 1.9336e+007, 6.3799e+007, 3373, 5732.58, 971, 1452
30, 2900, 4.46992e+007, 1.94652e+007, 6.41644e+007, 3387, 5747.04, 969, 1447
31, 3000, 4.40955e+007, 2.01865e+007, 6.4282e+007, 3393, 5949.45, 962, 1435
32, 3100, 4.43224e+007, 2.03053e+007, 6.46277e+007, 3422, 5933.74, 962, 1435
33, 3200, 4.40557e+007, 2.01891e+007, 6.42448e+007, 3394, 5948.46, 962, 1436
34, 3300, 4.37541e+007, 1.99808e+007, 6.37349e+007, 3360, 5946.67, 962, 1436
35, 3400, 4.40304e+007, 1.9937e+007, 6.39674e+007, 3371, 5914.26, 962, 1435
36, 3500, 4.39646e+007, 1.99298e+007, 6.38944e+007, 3365, 5922.67, 962, 1436
37, 3600, 4.41096e+007, 1.98671e+007, 6.39767e+007, 3369, 5897.04, 962, 1436
38, 3700, 4.47934e+007, 1.96619e+007, 6.44554e+007, 3398, 5786.33, 961, 1419
39, 3800, 4.4418e+007, 2.00067e+007, 6.44247e+007, 3394, 5894.74, 962, 1435
40, 3900, 4.43068e+007, 1.98166e+007, 6.41234e+007, 3378, 5866.37, 962, 1435
41, 4000, 4.45961e+007, 2.00022e+007, 6.45983e+007, 3401, 5881.27, 962, 1436
42, 4100, 4.46931e+007, 2.00184e+007, 6.47114e+007, 3414, 5863.61, 962, 1435
43, 4200, 4.49628e+007, 2.00446e+007, 6.50074e+007, 3433, 5838.81, 962, 1435
44, 4300, 4.5058e+007, 2.00006e+007, 6.50586e+007, 3427, 5836.18, 962, 1435
45, 4400, 4.49089e+007, 1.98388e+007, 6.47477e+007, 3404, 5828.07, 962, 1435
46, 4500, 4.51452e+007, 2.00334e+007, 6.51786e+007, 3435, 5832.15, 962, 1435
47, 4600, 4.53305e+007, 1.99215e+007, 6.5252e+007, 3430, 5808.01, 958, 1417
48, 4700, 4.5135e+007, 1.98753e+007, 6.50103e+007, 3413, 5823.41, 962, 1435
49, 4800, 4.62283e+007, 1.93612e+007, 6.55896e+007, 3445, 5620.09, 970, 1451
50, 4900, 4.54405e+007, 1.99361e+007, 6.53766e+007, 3436, 5802.12, 962, 1435
51, 5000, 4.62958e+007, 1.94701e+007, 6.57658e+007, 3458, 5630.44, 969, 1449
52, 5100, 4.56697e+007, 1.99434e+007, 6.56131e+007, 3441, 5795.81, 962, 1435
53, 5200, 4.56842e+007, 1.99287e+007, 6.56129e+007, 3445, 5784.81, 962, 1435
54, 5300, 4.6101e+007, 2.00258e+007, 6.61268e+007, 3472, 5767.81, 962, 1434
55, 5400, 4.64715e+007, 1.93488e+007, 6.58202e+007, 3454, 5601.85, 969, 1449
56, 5500, 4.61857e+007, 2.00522e+007, 6.62379e+007, 3476, 5768.74, 962, 1435
57, 5600, 4.59089e+007, 1.98619e+007, 6.57708e+007, 3452, 5753.74, 962, 1434
58, 5700, 4.63562e+007, 2.01063e+007, 6.64625e+007, 3485, 5769.39, 962, 1435
59, 5800, 4.65944e+007, 2.00897e+007, 6.66841e+007, 3499, 5741.55, 962, 1434
60, 5900, 4.64895e+007, 2.0214e+007, 6.67035e+007, 3498, 5778.74, 961, 1434
61, 6000, 4.64146e+007, 1.98768e+007, 6.62914e+007, 3471, 5726.53, 962, 1434
62, 6100, 4.71011e+007, 1.93088e+007, 6.64099e+007, 3471, 5562.9, 969, 1449
63, 6200, 4.66756e+007, 1.99229e+007, 6.65985e+007, 3484, 5718.41, 962, 1434
64, 6300, 4.67605e+007, 1.99742e+007, 6.67347e+007, 3496, 5713.43, 962, 1435
65, 6400, 4.71494e+007, 2.00195e+007, 6.71689e+007, 3516, 5693.82, 962, 1434
66, 6500, 4.76061e+007, 1.95189e+007, 6.71251e+007, 3521, 5543.57, 969, 1449
67, 6600, 4.69665e+007, 2.01797e+007, 6.71463e+007, 3515, 5741.03, 961, 1435
68, 6700, 4.68532e+007, 1.99722e+007, 6.68253e+007, 3488, 5725.97, 961, 1435
69, 6800, 4.7239e+007, 2.01703e+007, 6.74093e+007, 3532, 5710.74, 961, 1435
70, 6900, 4.71066e+007, 2.01516e+007, 6.72582e+007, 3522, 5721.65, 961, 1436
71, 7000, 4.75997e+007, 2.02544e+007, 6.78541e+007, 3549, 5707.07, 961, 1436
72, 7100, 4.81667e+007, 2.04574e+007, 6.8624e+007, 3590, 5698.43, 961, 1435
73, 7200, 4.77671e+007, 2.01772e+007, 6.79443e+007, 3546, 5690.13, 961, 1435
74, 7300, 4.79435e+007, 2.00285e+007, 6.7972e+007, 3544, 5651.38, 962, 1435
75, 7410, 4.78865e+007, 2.01412e+007, 6.80278e+007, 3551, 5671.98, 961, 1435
76, 7500, 4.86944e+007, 1.95516e+007, 6.8246e+007, 3562, 5488.95, 969, 1449
77, 7600, 4.80216e+007, 2.02299e+007, 6.82515e+007, 3569, 5668.23, 961, 1434
78, 7700, 4.8042e+007, 2.01094e+007, 6.81514e+007, 3557, 5653.48, 961, 1434
79, 7800, 4.79245e+007, 2.01088e+007, 6.80332e+007, 3555, 5656.48, 961, 1434
80, 7900, 4.81394e+007, 1.99472e+007, 6.80866e+007, 3551, 5617.34, 962, 1434
81, 8000, 4.83094e+007, 2.00945e+007, 6.84039e+007, 3564, 5638.19, 961, 1433
82, 8100, 4.83682e+007, 2.01507e+007, 6.8519e+007, 3580, 5628.69, 961, 1433
83, 8209, 4.80273e+007, 2.00336e+007, 6.80609e+007, 3552, 5640.08, 961, 1433
84, 8309, 4.79724e+007, 1.98477e+007, 6.78201e+007, 3537, 5611.46, 961, 1433
85, 8409, 4.87027e+007, 1.9257e+007, 6.79598e+007, 3547, 5429.1, 969, 1448
86, 8509, 4.83844e+007, 1.98483e+007, 6.82327e+007, 3555, 5583.21, 962, 1433
87, 8609, 4.81023e+007, 1.98908e+007, 6.79931e+007, 3541, 5617.29, 961, 1433
88, 8709, 4.86124e+007, 1.91784e+007, 6.77908e+007, 3535, 5425.29, 969, 1448
89, 8809, 4.81647e+007, 1.96893e+007, 6.7854e+007, 3532, 5574.55, 962, 1433
90, 8909, 4.82852e+007, 1.97282e+007, 6.80133e+007, 3548, 5560.36, 962, 1433
91, 9009, 4.81755e+007, 1.96141e+007, 6.77896e+007, 3530, 5556.4, 962, 1433
92, 9109, 4.81925e+007, 1.97242e+007, 6.79168e+007, 3536, 5578.12, 961, 1433
93, 9209, 4.86809e+007, 1.90462e+007, 6.77271e+007, 3529, 5397.04, 969, 1448
94, 9309, 4.82006e+007, 1.95672e+007, 6.77678e+007, 3531, 5541.54, 962, 1433
95, 9409, 4.8624e+007, 1.97201e+007, 6.83441e+007, 3566, 5530.04, 962, 1433
96, 9509, 4.83414e+007, 1.95231e+007, 6.78644e+007, 3532, 5527.48, 962, 1433
97, 9609, 4.86366e+007, 1.95855e+007, 6.82221e+007, 3555, 5509.28, 962, 1433
98, 9709, 4.86459e+007, 1.9669e+007, 6.83149e+007, 3560, 5525, 962, 1433
99, 9809, 4.75009e+007, 1.65832e+007, 6.40841e+007, 3351, 4948.73, 970, 1448
100, 9909, 4.7305e+007, 1.59438e+007, 6.32488e+007, 3305, 4824.15, 971, 1449
101, 10009, 4.68656e+007, 1.55993e+007, 6.24649e+007, 3260, 4785.05, 971, 1451
102, 10109, 4.64056e+007, 1.60997e+007, 6.25053e+007, 3270, 4923.46, 963, 1435
103, 10209, 4.654e+007, 1.51957e+007, 6.17357e+007, 3220, 4719.15, 971, 1452
104, 10309, 4.60788e+007, 1.57523e+007, 6.18311e+007, 3232, 4873.86, 963, 1436
105, 10409, 4.61649e+007, 1.4873e+007, 6.10379e+007, 3191, 4660.91, 971, 1451
106, 10509, 4.65062e+007, 1.49454e+007, 6.14516e+007, 3209, 4657.32, 970, 1450
107, 10609, 4.7164e+007, 1.51394e+007, 6.23034e+007, 3261, 4642.56, 970, 1450
108, 10709, 4.70297e+007, 1.49397e+007, 6.19694e+007, 3229, 4626.73, 970, 1450
109, 10809, 4.71187e+007, 1.57047e+007, 6.28235e+007, 3282, 4785.11, 962, 1433
110, 10909, 4.74865e+007, 1.5145e+007, 6.26315e+007, 3273, 4627.26, 969, 1447
111, 11009, 4.69163e+007, 1.55067e+007, 6.2423e+007, 3255, 4763.96, 962, 1433
112, 11109, 4.69503e+007, 1.54599e+007, 6.24102e+007, 3255, 4749.58, 962, 1433
113, 11209, 4.71577e+007, 1.55371e+007, 6.26949e+007, 3272, 4748.51, 962, 1432
114, 11309, 4.70662e+007, 1.56259e+007, 6.26921e+007, 3276, 4769.8, 961, 1432
115, 11409, 4.7359e+007, 1.56643e+007, 6.30232e+007, 3285, 4768.43, 961, 1432
116, 11509, 4.73748e+007, 1.56874e+007, 6.30622e+007, 3291, 4766.77, 961, 1431
117, 11609, 4.72828e+007, 1.56264e+007, 6.29093e+007, 3276, 4769.98, 961, 1431
118, 11709, 4.74614e+007, 1.57023e+007, 6.31637e+007, 3287, 4777.09, 961, 1431
119, 11809, 4.72947e+007, 1.56664e+007, 6.29611e+007, 3286, 4767.62, 961, 1430
120, 11909, 4.73539e+007, 1.5815e+007, 6.3169e+007, 3291, 4805.54, 960, 1430
121, 12009, 4.72318e+007, 1.56791e+007, 6.29109e+007, 3262, 4806.58, 960, 1430
122, 12109, 4.78513e+007, 1.59497e+007, 6.3801e+007, 3321, 4802.68, 960, 1429
123, 12209, 4.71655e+007, 1.56886e+007, 6.28541e+007, 3264, 4806.57, 960, 1429
124, 12309, 4.7629e+007, 1.53581e+007, 6.29871e+007, 3265, 4703.85, 965, 1440
125, 12409, 4.79489e+007, 1.61777e+007, 6.41265e+007, 3333, 4853.78, 959, 1428
126, 12509, 4.7614e+007, 1.6063e+007, 6.3677e+007, 3297, 4872.01, 959, 1428
127, 12609, 4.80607e+007, 1.63132e+007, 6.43739e+007, 3343, 4879.8, 959, 1427
128, 12709, 4.80849e+007, 1.62452e+007, 6.43301e+007, 3336, 4869.67, 959, 1427
129, 12809, 4.84291e+007, 1.57723e+007, 6.42014e+007, 3323, 4746.39, 965, 1439
130, 12909, 4.84341e+007, 1.65191e+007, 6.49533e+007, 3374, 4896, 959, 1426
131, 13009, 4.85261e+007, 1.67034e+007, 6.52295e+007, 3378, 4944.76, 958, 1425
132, 13109, 4.86624e+007, 1.66953e+007, 6.53576e+007, 3385, 4932.13, 958, 1425
133, 13209, 4.89362e+007, 1.60853e+007, 6.50215e+007, 3366, 4778.75, 964, 1437
134, 13309, 4.86847e+007, 1.66802e+007, 6.53649e+007, 3379, 4936.43, 958, 1424
135, 13409, 4.83883e+007, 1.65959e+007, 6.49841e+007, 3355, 4946.61, 958, 1424
136, 13509, 4.93664e+007, 1.69518e+007, 6.63181e+007, 3431, 4940.77, 958, 1423
137, 13609, 4.90428e+007, 1.69534e+007, 6.59963e+007, 3408, 4974.6, 957, 1422
138, 13709, 4.92079e+007, 1.69866e+007, 6.61944e+007, 3420, 4966.83, 957, 1422
139, 13809, 4.89783e+007, 1.69023e+007, 6.58806e+007, 3393, 4981.52, 957, 1422
140, 13909, 4.93749e+007, 1.70229e+007, 6.63979e+007, 3424, 4971.65, 957, 1421
141, 14009, 5.00807e+007, 1.67402e+007, 6.68209e+007, 3443, 4862.09, 962, 1433
142, 14109, 4.91762e+007, 1.70176e+007, 6.61939e+007, 3398, 5008.13, 956, 1420
143, 14209, 4.95292e+007, 1.71332e+007, 6.66624e+007, 3427, 4999.49, 956, 1419
144, 14309, 4.96462e+007, 1.71494e+007, 6.67956e+007, 3436, 4991.1, 956, 1419
145, 14409, 4.96764e+007, 1.71926e+007, 6.6869e+007, 3438, 5000.76, 956, 1418
146, 14509, 4.96186e+007, 1.70018e+007, 6.66204e+007, 3418, 4974.18, 956, 1417
147, 14609, 4.95732e+007, 1.72207e+007, 6.67939e+007, 3430, 5020.62, 955, 1417
148, 14709, 4.96131e+007, 1.71348e+007, 6.67478e+007, 3418, 5013.09, 955, 1416
149, 14809, 4.9951e+007, 1.72652e+007, 6.72162e+007, 3446, 5010.22, 955, 1415
150, 14909, 4.96214e+007, 1.72165e+007, 6.68379e+007, 3416, 5039.96, 954, 1415
151, 15009, 4.96436e+007, 1.72054e+007, 6.6849e+007, 3415, 5038.17, 954, 1414
152, 15110, 4.98868e+007, 1.73156e+007, 6.72024e+007, 3431, 5046.81, 954, 1414
153, 15209, 5.00027e+007, 1.73326e+007, 6.73354e+007, 3442, 5035.63, 954, 1414
154, 15309, 5.00814e+007, 1.74814e+007, 6.75628e+007, 3448, 5070, 953, 1413
155, 15409, 4.99219e+007, 1.74298e+007, 6.73518e+007, 3438, 5069.75, 953, 1412
156, 15509, 5.00005e+007, 1.74279e+007, 6.74284e+007, 3442, 5063.3, 953, 1412
157, 15610, 5.04233e+007, 1.75944e+007, 6.80177e+007, 3474, 5064.59, 953, 1411
158, 15710, 5.02413e+007, 1.76651e+007, 6.79064e+007, 3459, 5107.01, 952, 1411
159, 15810, 5.03086e+007, 1.75706e+007, 6.78792e+007, 3456, 5084.09, 952, 1410
160, 15910, 5.03349e+007, 1.72697e+007, 6.76046e+007, 3440, 5020.28, 956, 1421
161, 16010, 5.05284e+007, 1.75704e+007, 6.80988e+007, 3468, 5066.43, 952, 1409
162, 16110, 5.06241e+007, 1.75856e+007, 6.82097e+007, 3462, 5079.61, 952, 1409
163, 16210, 5.03747e+007, 1.73721e+007, 6.77469e+007, 3443, 5045.64, 952, 1408
164, 16310, 5.05954e+007, 1.7354e+007, 6.79494e+007, 3446, 5035.99, 952, 1408
165, 16410, 5.04172e+007, 1.75843e+007, 6.80015e+007, 3458, 5085.11, 951, 1408
166, 16510, 5.06734e+007, 1.74985e+007, 6.81718e+007, 3456, 5063.21, 951, 1407
167, 16610, 5.06355e+007, 1.74677e+007, 6.81032e+007, 3455, 5055.79, 951, 1406
168, 16710, 5.04684e+007, 1.73734e+007, 6.78418e+007, 3437, 5054.83, 951, 1406
169, 16810, 5.02373e+007, 1.73212e+007, 6.75585e+007, 3425, 5057.29, 951, 1406
170, 16910, 5.02786e+007, 1.74511e+007, 6.77296e+007, 3432, 5084.82, 950, 1405
171, 17010, 5.03898e+007, 1.74851e+007, 6.78749e+007, 3442, 5079.93, 950, 1405
172, 17110, 5.07968e+007, 1.74178e+007, 6.82146e+007, 3457, 5038.41, 954, 1417
173, 17210, 5.09375e+007, 1.76183e+007, 6.85559e+007, 3479, 5064.19, 950, 1403
174, 17310, 5.04793e+007, 1.73954e+007, 6.78748e+007, 3441, 5055.34, 950, 1403
175, 17410, 5.02699e+007, 1.73244e+007, 6.75943e+007, 3416, 5071.54, 950, 1403
176, 17510, 5.03523e+007, 1.73836e+007, 6.77359e+007, 3419, 5084.41, 949, 1402
177, 17610, 5.01144e+007, 1.73778e+007, 6.74922e+007, 3409, 5097.62, 949, 1402
178, 17710, 5.07389e+007, 1.76519e+007, 6.83908e+007, 3464, 5095.82, 949, 1402
179, 17810, 5.05087e+007, 1.74599e+007, 6.79686e+007, 3434, 5084.43, 949, 1401
180, 17910, 5.08278e+007, 1.75567e+007, 6.83845e+007, 3456, 5080.07, 949, 1401
181, 18010, 5.04951e+007, 1.76143e+007, 6.81095e+007, 3445, 5113.02, 948, 1400
182, 18110, 5.08395e+007, 1.75939e+007, 6.84334e+007, 3456, 5090.84, 948, 1400
183, 18210, 5.06823e+007, 1.75907e+007, 6.82731e+007, 3448, 5101.72, 948, 1399
184, 18310, 5.0575e+007, 1.75144e+007, 6.80894e+007, 3440, 5091.4, 948, 1399
185, 18410, 5.10487e+007, 1.75793e+007, 6.8628e+007, 3460, 5080.72, 948, 1398
186, 18510, 5.07784e+007, 1.77343e+007, 6.85127e+007, 3453, 5135.91, 947, 1398
187, 18610, 5.10929e+007, 1.77142e+007, 6.8807e+007, 3471, 5103.47, 947, 1397
188, 18710, 5.08021e+007, 1.7633e+007, 6.84351e+007, 3447, 5115.45, 947, 1397
189, 18810, 5.13148e+007, 1.78227e+007, 6.91375e+007, 3490, 5106.78, 947, 1397
190, 18910, 5.16782e+007, 1.78659e+007, 6.95442e+007, 3506, 5095.81, 947, 1396
191, 19010, 5.17836e+007, 1.79213e+007, 6.97049e+007, 3507, 5110.14, 947, 1396
192, 19110, 5.18065e+007, 1.77698e+007, 6.95762e+007, 3491, 5090.16, 947, 1395
193, 19210, 5.15979e+007, 1.79325e+007, 6.95304e+007, 3500, 5123.56, 946, 1395
194, 19310, 5.18009e+007, 1.78683e+007, 6.96693e+007, 3499, 5106.7, 946, 1394
195, 19410, 5.18666e+007, 1.79141e+007, 6.97807e+007, 3504, 5112.47, 946, 1394
196, 19510, 5.20376e+007, 1.79838e+007, 7.00214e+007, 3519, 5110.48, 946, 1394
197, 19610, 5.17672e+007, 1.78038e+007, 6.9571e+007, 3490, 5101.37, 946, 1393
198, 19710, 5.19733e+007, 1.78953e+007, 6.98686e+007, 3511, 5096.94, 946, 1393
199, 19810, 5.19538e+007, 1.77774e+007, 6.97312e+007, 3499, 5080.71, 946, 1392
200, 19910, 5.17255e+007, 1.79181e+007, 6.96436e+007, 3491, 5132.65, 945, 1392
201, 20010, 5.19335e+007, 1.79925e+007, 6.9926e+007, 3501, 5139.24, 945, 1392
202, 20110, 5.18067e+007, 1.80222e+007, 6.9829e+007, 3493, 5159.53, 944, 1391
203, 20210, 5.19599e+007, 1.81291e+007, 7.0089e+007, 3519, 5151.76, 944, 1391
204, 20310, 5.2052e+007, 1.82028e+007, 7.02548e+007, 3531, 5155.15, 944, 1391
205, 20410, 5.21773e+007, 1.81751e+007, 7.03524e+007, 3521, 5161.91, 944, 1390
206, 20510, 5.21834e+007, 1.8371e+007, 7.05544e+007, 3539, 5191.01, 943, 1390
207, 20610, 5.21307e+007, 1.82629e+007, 7.03936e+007, 3523, 5183.9, 943, 1390
208, 20710, 5.24496e+007, 1.82747e+007, 7.07244e+007, 3534, 5171.11, 943, 1389
209, 20810, 5.24298e+007, 1.83015e+007, 7.07313e+007, 3534, 5178.68, 943, 1389
210, 20910, 5.25416e+007, 1.85649e+007, 7.11065e+007, 3562, 5211.93, 942, 1389
211, 21010, 5.2709e+007, 1.84941e+007, 7.12031e+007, 3561, 5193.52, 942, 1388
212, 21110, 5.25302e+007, 1.84079e+007, 7.09382e+007, 3544, 5194.12, 942, 1388
213, 21210, 5.26814e+007, 1.85518e+007, 7.12332e+007, 3563, 5206.8, 942, 1388
214, 21310, 5.25888e+007, 1.83393e+007, 7.09281e+007, 3540, 5180.6, 942, 1387
215, 21410, 5.26235e+007, 1.84327e+007, 7.10562e+007, 3545, 5199.64, 942, 1387
216, 21510, 5.26044e+007, 1.84936e+007, 7.1098e+007, 3548, 5212.4, 941, 1387
217, 21610, 5.26474e+007, 1.84403e+007, 7.10877e+007, 3540, 5209.11, 941, 1386
218, 21710, 5.28452e+007, 1.85652e+007, 7.14104e+007, 3563, 5210.55, 941, 1386
219, 21810, 5.28448e+007, 1.85979e+007, 7.14427e+007, 3564, 5218.26, 941, 1386
220, 21910, 5.29829e+007, 1.85757e+007, 7.15587e+007, 3570, 5203.29, 941, 1386
221, 22010, 5.29184e+007, 1.86751e+007, 7.15935e+007, 3569, 5232.58, 940, 1385
222, 22110, 5.29489e+007, 1.87355e+007, 7.16845e+007, 3577, 5237.78, 940, 1385
223, 22210, 5.29258e+007, 1.87598e+007, 7.16856e+007, 3580, 5240.17, 940, 1385
224, 22310, 5.2795e+007, 1.85076e+007, 7.13026e+007, 3551, 5211.93, 940, 1384
225, 22410, 5.28989e+007, 1.85831e+007, 7.1482e+007, 3564, 5214.12, 940, 1384
226, 22510, 5.30428e+007, 1.86189e+007, 7.16618e+007, 3580, 5200.82, 940, 1384
227, 22610, 5.28504e+007, 1.87526e+007, 7.1603e+007, 3571, 5251.36, 939, 1384
228, 22710, 5.28285e+007, 1.86983e+007, 7.15268e+007, 3569, 5239.08, 939, 1383
229, 22810, 5.2834e+007, 1.86401e+007, 7.14742e+007, 3568, 5224.25, 939, 1383
230, 22910, 5.29721e+007, 1.87144e+007, 7.16864e+007, 3578, 5230.4, 939, 1383
231, 23010, 5.29911e+007, 1.86636e+007, 7.16547e+007, 3576, 5219.12, 939, 1383
232, 23110, 5.28214e+007, 1.86768e+007, 7.14982e+007, 3570, 5231.6, 939, 1383
233, 23210, 5.28063e+007, 1.85022e+007, 7.13085e+007, 3552, 5208.94, 939, 1382
234, 23310, 5.27555e+007, 1.87279e+007, 7.14834e+007, 3563, 5256.23, 938, 1382
235, 23410, 5.29977e+007, 1.87982e+007, 7.17959e+007, 3583, 5246.5, 938, 1382
236, 23510, 5.27211e+007, 1.86431e+007, 7.13642e+007, 3554, 5245.66, 938, 1382
237, 23610, 5.29597e+007, 1.87264e+007, 7.16861e+007, 3574, 5239.61, 938, 1382
238, 23710, 5.32092e+007, 1.8803e+007, 7.20122e+007, 3597, 5227.41, 938, 1381
239, 23810, 5.32455e+007, 1.86974e+007, 7.19428e+007, 3586, 5213.99, 938, 1381
240, 23910, 5.33505e+007, 1.87417e+007, 7.20923e+007, 3590, 5220.53, 938, 1381
241, 24010, 5.31309e+007, 1.88503e+007, 7.19812e+007, 3586, 5256.63, 937, 1381
242, 24110, 5.3496e+007, 1.88005e+007, 7.22964e+007, 3592, 5233.98, 937, 1380
243, 24210, 5.34485e+007, 1.88316e+007, 7.22801e+007, 3596, 5236.83, 937, 1380
244, 24310, 5.36261e+007, 1.88926e+007, 7.25187e+007, 3617, 5223.28, 937, 1380
245, 24410, 5.36687e+007, 1.88683e+007, 7.2537e+007, 3615, 5219.43, 937, 1380
246, 24510, 5.38172e+007, 1.88758e+007, 7.26929e+007, 3618, 5217.18, 937, 1380
247, 24610, 5.36746e+007, 1.88005e+007, 7.24751e+007, 3614, 5202.13, 937, 1379
248, 24710, 5.35567e+007, 1.86874e+007, 7.22441e+007, 3599, 5192.38, 937, 1379
249, 24810, 5.36993e+007, 1.90276e+007, 7.27268e+007, 3625, 5248.98, 936, 1379
250, 24910, 5.38687e+007, 1.89583e+007, 7.2827e+007, 3621, 5235.66, 936, 1379
251, 25010, 5.36544e+007, 1.88257e+007, 7.24802e+007, 3603, 5225.01, 936, 1379
252, 25110, 5.38786e+007, 1.89744e+007, 7.28531e+007, 3627, 5231.44, 936, 1379
253, 25210, 5.42907e+007, 1.89583e+007, 7.3249e+007, 3641, 5206.89, 936, 1378
254, 25310, 5.39104e+007, 1.87626e+007, 7.2673e+007, 3609, 5198.84, 936, 1378
255, 25410, 5.40327e+007, 1.87415e+007, 7.27743e+007, 3614, 5185.82, 936, 1378
256, 25510, 5.41888e+007, 1.88376e+007, 7.30264e+007, 3625, 5196.59, 936, 1378
257, 25610, 5.4282e+007, 1.90837e+007, 7.33657e+007, 3644, 5237.02, 935, 1378
258, 25710, 5.4185e+007, 1.89201e+007, 7.3105e+007, 3633, 5207.84, 935, 1377
259, 25810, 5.39834e+007, 1.89091e+007, 7.28925e+007, 3630, 5209.12, 935, 1377
260, 25910, 5.4187e+007, 1.88978e+007, 7.30848e+007, 3634, 5200.27, 935, 1377
261, 26010, 5.40977e+007, 1.87922e+007, 7.28899e+007, 3618, 5194.1, 935, 1377
262, 26110, 5.44061e+007, 1.89113e+007, 7.33173e+007, 3642, 5192.55, 935, 1377
263, 26210, 5.43232e+007, 1.87473e+007, 7.30705e+007, 3628, 5167.4, 935, 1376
264, 26310, 5.44412e+007, 1.87126e+007, 7.31537e+007, 3628, 5157.82, 935, 1376
265, 26410, 5.44464e+007, 1.87228e+007, 7.31692e+007, 3638, 5146.45, 935, 1376
266, 26510, 5.43762e+007, 1.86321e+007, 7.30083e+007, 3621, 5145.56, 935, 1376
267, 26610, 5.45117e+007, 1.88063e+007, 7.3318e+007, 3636, 5172.26, 934, 1376
268, 26710, 5.4806e+007, 1.86665e+007, 7.34725e+007, 3646, 5119.71, 935, 1376
269, 26810, 5.45712e+007, 1.86574e+007, 7.32286e+007, 3636, 5131.3, 934, 1375
270, 26910, 5.49158e+007, 1.87601e+007, 7.36759e+007, 3654, 5134.12, 934, 1375
271, 27010, 5.47826e+007, 1.86707e+007, 7.34533e+007, 3643, 5125.1, 934, 1375
272, 27110, 5.47376e+007, 1.85487e+007, 7.32864e+007, 3629, 5111.25, 934, 1375
273, 27210, 5.442e+007, 1.84414e+007, 7.28614e+007, 3609, 5109.82, 934, 1375
274, 27310, 5.51358e+007, 1.86279e+007, 7.37638e+007, 3660, 5089.59, 934, 1375
275, 27410, 5.47659e+007, 1.83843e+007, 7.31502e+007, 3618, 5081.34, 934, 1374
276, 27510, 5.46795e+007, 1.84595e+007, 7.3139e+007, 3613, 5109.18, 933, 1374
277, 27610, 5.47408e+007, 1.84983e+007, 7.32391e+007, 3626, 5101.58, 933, 1374
278, 27710, 5.48805e+007, 1.85414e+007, 7.34219e+007, 3636, 5099.4, 933, 1374
279, 27810, 5.44551e+007, 1.83646e+007, 7.28198e+007, 3604, 5095.62, 933, 1374
280, 27910, 5.48275e+007, 1.85084e+007, 7.33359e+007, 3636, 5090.32, 933, 1374
281, 28010, 5.50188e+007, 1.83784e+007, 7.33971e+007, 3634, 5057.34, 933, 1373
282, 28110, 5.4864e+007, 1.83383e+007, 7.32023e+007, 3625, 5058.84, 933, 1373
283, 28210, 5.48197e+007, 1.82762e+007, 7.30959e+007, 3618, 5051.46, 933, 1373
284, 28310, 5.49157e+007, 1.81823e+007, 7.3098e+007, 3612, 5033.86, 933, 1373
285, 28410, 5.47165e+007, 1.81022e+007, 7.28187e+007, 3599, 5029.78, 933, 1373
286, 28510, 5.48594e+007, 1.81023e+007, 7.29617e+007, 3601, 5027.01, 933, 1373
287, 28610, 5.48939e+007, 1.80086e+007, 7.29025e+007, 3605, 4995.46, 933, 1372
288, 28710, 5.50041e+007, 1.80226e+007, 7.30267e+007, 3607, 4996.56, 933, 1372
289, 28810, 5.53699e+007, 1.81945e+007, 7.35643e+007, 3648, 4987.52, 933, 1372
290, 28910, 5.48462e+007, 1.79512e+007, 7.27974e+007, 3601, 4985.06, 933, 1372
291, 29010, 5.48861e+007, 1.81804e+007, 7.30665e+007, 3618, 5024.99, 932, 1372
292, 29110, 5.50009e+007, 1.79644e+007, 7.29653e+007, 3609, 4977.67, 933, 1372
293, 29210, 5.46448e+007, 1.77986e+007, 7.24434e+007, 3585, 4964.75, 933, 1372
294, 29310, 5.50067e+007, 1.80143e+007, 7.3021e+007, 3615, 4983.2, 932, 1371
295, 29410, 5.4947e+007, 1.80218e+007, 7.29688e+007, 3617, 4982.54, 932, 1371
296, 29510, 5.51569e+007, 1.81581e+007, 7.3315e+007, 3641, 4987.13, 932, 1371
297, 29610, 5.52446e+007, 1.80806e+007, 7.33253e+007, 3635, 4974.04, 932, 1371
298, 29710, 5.49079e+007, 1.80942e+007, 7.30021e+007, 3622, 4995.65, 932, 1371
299, 29810, 5.55305e+007, 1.94052e+007, 7.49357e+007, 3699, 5246.06, 932, 1371
300, 29910, 5.53339e+007, 2.05229e+007, 7.58567e+007, 3728, 5505.06, 932, 1372
301, 30010, 5.56798e+007, 2.17567e+007, 7.74365e+007, 3816, 5701.44, 932, 1373
302, 30110, 5.54527e+007, 2.24046e+007, 7.78574e+007, 3834, 5843.67, 933, 1375
303, 30210, 5.52861e+007, 2.28782e+007, 7.81643e+007, 3854, 5936.23, 933, 1376
304, 30310, 5.49521e+007, 2.29688e+007, 7.79209e+007, 3839, 5983.01, 934, 1377
305, 30410, 5.50613e+007, 2.3082e+007, 7.81433e+007, 3850, 5995.31, 934, 1377
306, 30510, 5.50489e+007, 2.33734e+007, 7.84223e+007, 3874, 6033.4, 934, 1378
307, 30610, 5.47321e+007, 2.32103e+007, 7.79425e+007, 3850, 6028.66, 935, 1379
308, 30710, 5.48205e+007, 2.33189e+007, 7.81394e+007, 3856, 6047.43, 935, 1380
309, 30810, 5.46604e+007, 2.32663e+007, 7.79266e+007, 3855, 6035.35, 936, 1381
310, 30910, 5.43749e+007, 2.31242e+007, 7.74991e+007, 3833, 6032.93, 936, 1382
311, 31010, 5.42991e+007, 2.29705e+007, 7.72696e+007, 3823, 6008.5, 937, 1383
312, 31110, 5.39772e+007, 2.29269e+007, 7.69041e+007, 3809, 6019.13, 937, 1383
313, 31210, 5.3921e+007, 2.28087e+007, 7.67297e+007, 3803, 5997.56, 938, 1384
314, 31310, 5.36035e+007, 2.26796e+007, 7.62831e+007, 3788, 5987.22, 938, 1385
315, 31410, 5.37402e+007, 2.27507e+007, 7.64909e+007, 3805, 5979.17, 939, 1386
316, 31510, 5.3153e+007, 2.25037e+007, 7.56567e+007, 3770, 5969.15, 939, 1387
317, 31610, 5.31045e+007, 2.24077e+007, 7.55123e+007, 3771, 5942.12, 940, 1388
318, 31710, 5.28508e+007, 2.22442e+007, 7.5095e+007, 3750, 5931.8, 940, 1388
319, 31810, 5.2517e+007, 2.20903e+007, 7.46073e+007, 3730, 5922.34, 941, 1389
320, 31910, 5.23881e+007, 2.209e+007, 7.4478e+007, 3736, 5912.73, 941, 1390
321, 32010, 5.25412e+007, 2.19872e+007, 7.45284e+007, 3746, 5869.51, 942, 1391
322, 32110, 5.19261e+007, 2.18958e+007, 7.38219e+007, 3723, 5881.23, 942, 1392
323, 32210, 5.16816e+007, 2.16314e+007, 7.3313e+007, 3695, 5854.23, 943, 1392
324, 32310, 5.11956e+007, 2.14315e+007, 7.26271e+007, 3667, 5844.42, 943, 1393
325, 32410, 5.1454e+007, 2.13134e+007, 7.27673e+007, 3674, 5801.13, 944, 1394
326, 32510, 5.12446e+007, 2.13879e+007, 7.26325e+007, 3675, 5819.84, 944, 1395
327, 32610, 5.09426e+007, 2.13264e+007, 7.2269e+007, 3668, 5814.17, 944, 1395
328, 32710, 5.10162e+007, 2.13905e+007, 7.24067e+007, 3677, 5817.38, 944, 1396
329, 32810, 5.08789e+007, 2.11733e+007, 7.20522e+007, 3664, 5778.75, 945, 1397
330, 32910, 5.03185e+007, 2.08697e+007, 7.11882e+007, 3618, 5768.28, 945, 1397
331, 33010, 5.04136e+007, 2.09966e+007, 7.14103e+007, 3635, 5776.24, 945, 1398
332, 33110, 5.0301e+007, 2.0989e+007, 7.129e+007, 3632, 5778.9, 945, 1398
333, 33210, 5.01062e+007, 2.0739e+007, 7.08452e+007, 3613, 5740.1, 946, 1399
334, 33310, 4.99465e+007, 2.07004e+007, 7.0647e+007, 3603, 5745.33, 946, 1400
335, 33410, 4.99741e+007, 2.06898e+007, 7.06639e+007, 3610, 5731.25, 946, 1400
336, 33510, 4.99129e+007, 2.07098e+007, 7.06228e+007, 3607, 5741.57, 946, 1400
337, 33610, 4.96713e+007, 2.05837e+007, 7.0255e+007, 3591, 5732.03, 946, 1401
338, 33710, 4.96819e+007, 2.04285e+007, 7.01104e+007, 3587, 5695.14, 947, 1401
339, 33810, 4.96108e+007, 2.0375e+007, 6.99858e+007, 3582, 5688.17, 947, 1402
340, 33910, 4.95442e+007, 2.03485e+007, 6.98926e+007, 3584, 5677.58, 947, 1402
341, 34010, 4.92927e+007, 2.03085e+007, 6.96012e+007, 3580, 5672.78, 947, 1402
342, 34110, 4.96629e+007, 2.05457e+007, 7.02086e+007, 3619, 5677.17, 947, 1403
343, 34210, 4.94636e+007, 2.01991e+007, 6.96627e+007, 3586, 5632.77, 948, 1403
344, 34310, 4.93114e+007, 2.01679e+007, 6.94794e+007, 3584, 5627.22, 948, 1403
345, 34410, 4.92956e+007, 2.00821e+007, 6.93776e+007, 3580, 5609.51, 948, 1403
346, 34510, 4.93179e+007, 2.01671e+007, 6.9485e+007, 3588, 5620.71, 948, 1403
347, 34610, 4.91955e+007, 2.00697e+007, 6.92652e+007, 3578, 5609.21, 948, 1403
348, 34710, 4.9265e+007, 2.01369e+007, 6.94019e+007, 3589, 5610.74, 948, 1404
349, 34810, 4.92548e+007, 2.01489e+007, 6.94037e+007, 3591, 5610.94, 948, 1404
350, 34910, 4.93563e+007, 2.00103e+007, 6.93666e+007, 3591, 5572.35, 949, 1404
351, 35010, 4.92492e+007, 1.9935e+007, 6.91842e+007, 3576, 5574.67, 949, 1404
352, 35110, 4.91764e+007, 1.98113e+007, 6.89877e+007, 3572, 5546.27, 949, 1404
353, 35210, 4.91654e+007, 1.99373e+007, 6.91027e+007, 3580, 5569.08, 949, 1404
354, 35310, 4.93594e+007, 1.99971e+007, 6.93565e+007, 3599, 5556.29, 949, 1404
355, 35410, 4.88409e+007, 1.97247e+007, 6.85656e+007, 3559, 5542.22, 949, 1404
356, 35510, 4.91532e+007, 1.98024e+007, 6.89555e+007, 3576, 5537.58, 949, 1404
357, 35610, 4.93252e+007, 1.98168e+007, 6.9142e+007, 3592, 5516.92, 949, 1404
358, 35710, 4.90591e+007, 1.96651e+007, 6.87242e+007, 3564, 5517.72, 949, 1404
359, 35810, 4.90727e+007, 1.97263e+007, 6.8799e+007, 3573, 5520.93, 949, 1404
360, 35910, 4.89936e+007, 1.96414e+007, 6.8635e+007, 3567, 5506.42, 949, 1404
361, 36010, 4.89071e+007, 1.95147e+007, 6.84219e+007, 3552, 5494.01, 949, 1404
362, 36110, 4.91277e+007, 1.96352e+007, 6.87629e+007, 3572, 5496.99, 949, 1404
363, 36210, 4.89651e+007, 1.95054e+007, 6.84704e+007, 3565, 5471.35, 950, 1404
364, 36310, 4.91988e+007, 1.94606e+007, 6.86593e+007, 3575, 5443.52, 950, 1403
365, 36410, 4.91202e+007, 1.94495e+007, 6.85696e+007, 3564, 5457.2, 950, 1403
366, 36510, 4.92989e+007, 1.95448e+007, 6.88437e+007, 3587, 5448.78, 950, 1403
367, 36610, 4.90223e+007, 1.94461e+007, 6.84684e+007, 3567, 5451.66, 950, 1403
368, 36710, 4.88434e+007, 1.9362e+007, 6.82053e+007, 3555, 5446.41, 950, 1403
369, 36810, 4.90687e+007, 1.93393e+007, 6.8408e+007, 3568, 5420.21, 950, 1403
370, 36910, 4.89398e+007, 1.92823e+007, 6.82221e+007, 3556, 5422.47, 950, 1403
371, 37010, 4.88839e+007, 1.9304e+007, 6.8188e+007, 3562, 5419.44, 950, 1403
372, 37110, 4.86855e+007, 1.92044e+007, 6.78899e+007, 3544, 5418.86, 950, 1403
373, 37210, 4.88289e+007, 1.92252e+007, 6.80541e+007, 3547, 5420.12, 950, 1403
374, 37310, 4.87731e+007, 1.91397e+007, 6.79128e+007, 3548, 5394.51, 950, 1402
375, 37410, 4.8805e+007, 1.91553e+007, 6.79603e+007, 3547, 5400.43, 950, 1402
376, 37510, 4.88868e+007, 1.91237e+007, 6.80105e+007, 3550, 5386.95, 950, 1402
377, 37610, 4.85736e+007, 1.90304e+007, 6.7604e+007, 3531, 5389.51, 950, 1402
378, 37710, 4.89138e+007, 1.91847e+007, 6.80985e+007, 3567, 5378.39, 950, 1402
379, 37810, 4.84033e+007, 1.89388e+007, 6.73421e+007, 3519, 5381.86, 950, 1402
380, 37910, 4.8606e+007, 1.89536e+007, 6.75596e+007, 3534, 5363.22, 950, 1401
381, 38010, 4.88892e+007, 1.90617e+007, 6.79509e+007, 3558, 5357.43, 950, 1402
382, 38110, 4.86045e+007, 1.89177e+007, 6.75222e+007, 3534, 5353.05, 950, 1401
383, 38210, 4.83712e+007, 1.86834e+007, 6.70546e+007, 3502, 5335.05, 951, 1401
384, 38310, 4.87909e+007, 1.88192e+007, 6.76101e+007, 3540, 5316.16, 951, 1401
385, 38410, 4.87087e+007, 1.88206e+007, 6.75293e+007, 3540, 5316.54, 951, 1401
386, 38510, 4.85576e+007, 1.87665e+007, 6.73241e+007, 3524, 5325.33, 951, 1401
387, 38610, 4.88311e+007, 1.88608e+007, 6.76919e+007, 3552, 5309.91, 951, 1401
388, 38710, 4.88867e+007, 1.87508e+007, 6.76376e+007, 3543, 5292.36, 951, 1400
389, 38810, 4.87568e+007, 1.8715e+007, 6.74718e+007, 3542, 5283.75, 951, 1400
390, 38910, 4.86802e+007, 1.86686e+007, 6.73488e+007, 3534, 5282.57, 951, 1400
391, 39010, 4.86145e+007, 1.87173e+007, 6.73318e+007, 3540, 5287.36, 951, 1400
392, 39110, 4.85225e+007, 1.85801e+007, 6.71025e+007, 3521, 5276.93, 951, 1400
393, 39210, 4.86133e+007, 1.8624e+007, 6.72373e+007, 3534, 5269.94, 951, 1400
394, 39310, 4.8658e+007, 1.86897e+007, 6.73477e+007, 3541, 5278.08, 951, 1400
395, 39410, 4.83922e+007, 1.85136e+007, 6.69058e+007, 3514, 5268.53, 951, 1400
396, 39510, 4.82219e+007, 1.84909e+007, 6.67129e+007, 3511, 5266.57, 951, 1400
397, 39610, 4.85554e+007, 1.85594e+007, 6.71148e+007, 3528, 5260.6, 951, 1400
398, 39710, 4.84071e+007, 1.83597e+007, 6.67668e+007, 3504, 5239.65, 951, 1399
399, 39810, 4.85345e+007, 1.84983e+007, 6.70327e+007, 3524, 5249.22, 951, 1400
400, 39910, 4.8374e+007, 1.83798e+007, 6.67538e+007, 3511, 5234.92, 951, 1399
401, 40010, 4.84318e+007, 1.83907e+007, 6.68225e+007, 3510, 5239.51, 951, 1399
402, 40110, 4.8419e+007, 1.83342e+007, 6.67531e+007, 3503, 5233.84, 951, 1399
403, 40210, 4.86801e+007, 1.84374e+007, 6.71175e+007, 3527, 5227.51, 951, 1399
404, 40310, 4.87523e+007, 1.83653e+007, 6.71176e+007, 3540, 5187.94, 952, 1399
405, 40410, 4.84079e+007, 1.81906e+007, 6.65985e+007, 3505, 5189.9, 952, 1399
406, 40510, 4.88089e+007, 1.82738e+007, 6.70828e+007, 3528, 5179.66, 952, 1398
407, 40610, 4.87715e+007, 1.83031e+007, 6.70745e+007, 3533, 5180.6, 952, 1398
408, 40710, 4.88719e+007, 1.8328e+007, 6.71999e+007, 3543, 5173.02, 952, 1398
409, 40810, 4.85861e+007, 1.82039e+007, 6.679e+007, 3518, 5174.49, 952, 1398
410, 40910, 4.85475e+007, 1.8185e+007, 6.67324e+007, 3514, 5175, 952, 1398
411, 41010, 4.86406e+007, 1.82214e+007, 6.68619e+007, 3520, 5176.52, 952, 1398
412, 41110, 4.86031e+007, 1.82244e+007, 6.68275e+007, 3521, 5175.91, 952, 1398
413, 41210, 4.84888e+007, 1.81499e+007, 6.66387e+007, 3513, 5166.5, 952, 1398
414, 41310, 4.87978e+007, 1.82639e+007, 6.70617e+007, 3538, 5162.21, 952, 1398
415, 41410, 4.85013e+007, 1.81791e+007, 6.66805e+007, 3517, 5168.94, 952, 1398
416, 41510, 4.85259e+007, 1.80634e+007, 6.65893e+007, 3508, 5149.2, 952, 1398
417, 41610, 4.87677e+007, 1.80598e+007, 6.68274e+007, 3522, 5127.7, 953, 1398
418, 41710, 4.84373e+007, 1.78479e+007, 6.62852e+007, 3491, 5112.54, 953, 1397
419, 41810, 4.82565e+007, 1.78821e+007, 6.61386e+007, 3489, 5125.27, 953, 1397
420, 41910, 4.84814e+007, 1.79025e+007, 6.6384e+007, 3503, 5110.63, 953, 1397
421, 42010, 4.85854e+007, 1.79638e+007, 6.65492e+007, 3515, 5110.6, 953, 1397
422, 42110, 4.86623e+007, 1.78934e+007, 6.65556e+007, 3514, 5092.02, 953, 1397
423, 42210, 4.87813e+007, 1.81182e+007, 6.68996e+007, 3550, 5103.72, 953, 1397
424, 42310, 4.83942e+007, 1.78695e+007, 6.62636e+007, 3507, 5095.37, 953, 1397
425, 42410, 4.83562e+007, 1.78762e+007, 6.62324e+007, 3511, 5091.49, 953, 1397
426, 42510, 4.83629e+007, 1.79107e+007, 6.62736e+007, 3512, 5099.86, 953, 1397
427, 42610, 4.83834e+007, 1.77491e+007, 6.61325e+007, 3498, 5074.07, 953, 1397
428, 42710, 4.83567e+007, 1.77309e+007, 6.60876e+007, 3500, 5065.97, 953, 1397
429, 42810, 4.87424e+007, 1.7728e+007, 6.64703e+007, 3523, 5032.07, 954, 1397
430, 42910, 4.85159e+007, 1.76681e+007, 6.61839e+007, 3507, 5037.95, 954, 1397
431, 43010, 4.84587e+007, 1.76275e+007, 6.60862e+007, 3502, 5033.55, 954, 1396
432, 43110, 4.86474e+007, 1.76463e+007, 6.62937e+007, 3518, 5016.01, 954, 1397
433, 43210, 4.86166e+007, 1.76713e+007, 6.62879e+007, 3520, 5020.26, 954, 1396
434, 43310, 4.84469e+007, 1.75286e+007, 6.59755e+007, 3497, 5012.47, 954, 1396
435, 43410, 4.8433e+007, 1.75153e+007, 6.59483e+007, 3500, 5004.36, 954, 1396
436, 43510, 4.83837e+007, 1.74143e+007, 6.57979e+007, 3489, 4991.19, 954, 1396
437, 43610, 4.84544e+007, 1.74775e+007, 6.59319e+007, 3504, 4987.87, 954, 1396
438, 43710, 4.85038e+007, 1.74712e+007, 6.59751e+007, 3508, 4980.4, 954, 1396
439, 43810, 4.83621e+007, 1.73598e+007, 6.57219e+007, 3490, 4974.15, 954, 1396
440, 43910, 4.83948e+007, 1.7378e+007, 6.57728e+007, 3491, 4977.94, 954, 1396
441, 44010, 4.88835e+007, 1.75089e+007, 6.63925e+007, 3523, 4969.9, 954, 1396
442, 44110, 4.84343e+007, 1.74155e+007, 6.58498e+007, 3503, 4971.59, 954, 1396
443, 44210, 4.87602e+007, 1.753e+007, 6.62902e+007, 3526, 4971.64, 954, 1396
444, 44310, 4.88814e+007, 1.75208e+007, 6.64023e+007, 3531, 4962, 954, 1396
445, 44410, 4.8574e+007, 1.72614e+007, 6.58354e+007, 3494, 4940.31, 955, 1396
446, 44510, 4.86671e+007, 1.72256e+007, 6.58928e+007, 3500, 4921.61, 955, 1396
447, 44610, 4.88412e+007, 1.73974e+007, 6.62386e+007, 3526, 4934.04, 955, 1396
448, 44710, 4.86423e+007, 1.72072e+007, 6.58494e+007, 3502, 4913.52, 955, 1396
449, 44810, 4.86238e+007, 1.72345e+007, 6.58582e+007, 3503, 4919.92, 955, 1396
450, 44910, 4.83837e+007, 1.71943e+007, 6.5578e+007, 3488, 4929.56, 955, 1396
451, 45010, 4.85034e+007, 1.71148e+007, 6.56182e+007, 3488, 4906.77, 955, 1396
452, 45110, 4.87528e+007, 1.72679e+007, 6.60207e+007, 3512, 4916.84, 955, 1395
453, 45210, 4.83425e+007, 1.71215e+007, 6.54641e+007, 3481, 4918.57, 955, 1395
454, 45310, 4.87296e+007, 1.71938e+007, 6.59234e+007, 3497, 4916.73, 955, 1396
455, 45410, 4.86757e+007, 1.72322e+007, 6.59079e+007, 3508, 4912.26, 955, 1395
456, 45510, 4.8647e+007, 1.72021e+007, 6.58491e+007, 3498, 4917.69, 955, 1395
457, 45610, 4.85896e+007, 1.71558e+007, 6.57454e+007, 3493, 4911.49, 955, 1395
458, 45710, 4.86828e+007, 1.73188e+007, 6.60016e+007, 3506, 4939.76, 955, 1395
459, 45810, 4.86846e+007, 1.74258e+007, 6.61103e+007, 3522, 4947.69, 955, 1395
460, 45910, 4.85094e+007, 1.73873e+007, 6.58967e+007, 3509, 4955.07, 955, 1395
461, 46010, 4.84377e+007, 1.73762e+007, 6.5814e+007, 3498, 4967.47, 955, 1395
462, 46110, 4.84318e+007, 1.73227e+007, 6.57545e+007, 3497, 4953.58, 956, 1395
463, 46210, 4.85424e+007, 1.74226e+007, 6.5965e+007, 3511, 4962.28, 956, 1395
464, 46310, 4.87187e+007, 1.74992e+007, 6.62179e+007, 3523, 4967.13, 956, 1396
465, 46410, 4.85801e+007, 1.74761e+007, 6.60562e+007, 3520, 4964.79, 956, 1395
466, 46510, 4.8632e+007, 1.7475e+007, 6.6107e+007, 3516, 4970.13, 956, 1395
467, 46610, 4.8285e+007, 1.72729e+007, 6.55579e+007, 3477, 4967.77, 956, 1395
468, 46710, 4.8448e+007, 1.74658e+007, 6.59138e+007, 3505, 4983.11, 956, 1395
469, 46810, 4.81197e+007, 1.7352e+007, 6.54717e+007, 3485, 4979.05, 956, 1395
470, 46910, 4.83583e+007, 1.74618e+007, 6.58201e+007, 3504, 4983.4, 956, 1395
471, 47010, 4.839e+007, 1.73674e+007, 6.57574e+007, 3492, 4973.48, 956, 1395
472, 47110, 4.82012e+007, 1.74115e+007, 6.56126e+007, 3488, 4991.82, 956, 1395
473, 47210, 4.84725e+007, 1.75476e+007, 6.60201e+007, 3522, 4982.28, 956, 1395
474, 47310, 4.82447e+007, 1.74152e+007, 6.56598e+007, 3501, 4974.34, 956, 1395
475, 47410, 4.85178e+007, 1.76045e+007, 6.61223e+007, 3520, 5001.27, 956, 1396
476, 47510, 4.83565e+007, 1.74012e+007, 6.57577e+007, 3497, 4976.04, 956, 1395
477, 47610, 4.82067e+007, 1.74287e+007, 6.56355e+007, 3491, 4992.48, 956, 1395
478, 47710, 4.83496e+007, 1.75755e+007, 6.59252e+007, 3515, 5000.15, 956, 1396
479, 47810, 4.82869e+007, 1.74581e+007, 6.57449e+007, 3501, 4986.6, 956, 1396
480, 47910, 4.81296e+007, 1.73847e+007, 6.55143e+007, 3493, 4977.02, 957, 1396
481, 48010, 4.82935e+007, 1.74663e+007, 6.57597e+007, 3511, 4974.72, 957, 1396
482, 48110, 4.8352e+007, 1.74845e+007, 6.58365e+007, 3513, 4977.09, 957, 1396
483, 48210, 4.84562e+007, 1.75262e+007, 6.59823e+007, 3521, 4977.61, 957, 1396
484, 48310, 4.83741e+007, 1.73727e+007, 6.57468e+007, 3506, 4955.12, 957, 1396
485, 48410, 4.81275e+007, 1.73117e+007, 6.54393e+007, 3492, 4957.54, 957, 1396
486, 48510, 4.81399e+007, 1.73762e+007, 6.55161e+007, 3501, 4963.22, 957, 1396
487, 48610, 4.85363e+007, 1.7397e+007, 6.59333e+007, 3525, 4935.32, 957, 1396
488, 48710, 4.79778e+007, 1.71748e+007, 6.51527e+007, 3471, 4948.09, 957, 1396
489, 48810, 4.84372e+007, 1.73686e+007, 6.58058e+007, 3522, 4931.46, 957, 1396
490, 48910, 4.80373e+007, 1.71836e+007, 6.52209e+007, 3484, 4932.14, 957, 1396
491, 49010, 4.83966e+007, 1.73006e+007, 6.56973e+007, 3512, 4926.15, 957, 1396
492, 49110, 4.82766e+007, 1.72774e+007, 6.5554e+007, 3505, 4929.35, 957, 1396
493, 49210, 4.86013e+007, 1.72548e+007, 6.58562e+007, 3527, 4892.21, 958, 1396
494, 49310, 4.86308e+007, 1.7247e+007, 6.58779e+007, 3526, 4891.39, 958, 1396
495, 49410, 4.81129e+007, 1.71473e+007, 6.52602e+007, 3491, 4911.87, 957, 1396
496, 49510, 4.82826e+007, 1.71555e+007, 6.54381e+007, 3502, 4898.77, 958, 1396
497, 49610, 4.88001e+007, 1.7182e+007, 6.59822e+007, 3525, 4874.34, 958, 1396
498, 49710, 4.86849e+007, 1.71074e+007, 6.57923e+007, 3515, 4866.97, 958, 1396
499, 49810, 4.82914e+007, 1.70099e+007, 6.53013e+007, 3492, 4871.11, 958, 1396
500, 49910, 4.8569e+007, 1.70237e+007, 6.55927e+007, 3514, 4844.53, 958, 1396
501, 50010, 4.8484e+007, 1.70552e+007, 6.55391e+007, 3510, 4859.02, 958, 1396
502, 50110, 4.8557e+007, 1.71007e+007, 6.56577e+007, 3513, 4867.84, 958, 1396
503, 50210, 4.87177e+007, 1.71452e+007, 6.58629e+007, 3522, 4868.02, 958, 1396
504, 50310, 4.90995e+007, 1.72181e+007, 6.63176e+007, 3540, 4863.86, 958, 1396
505, 50410, 4.92655e+007, 1.72271e+007, 6.64926e+007, 3549, 4854.08, 958, 1395
506, 50510, 4.95568e+007, 1.7407e+007, 6.69638e+007, 3577, 4866.36, 958, 1395
507, 50610, 4.9704e+007, 1.74551e+007, 6.71591e+007, 3586, 4867.58, 958, 1394
508, 50710, 5.00366e+007, 1.75665e+007, 6.76031e+007, 3601, 4878.24, 958, 1394
509, 50810, 5.01274e+007, 1.75322e+007, 6.76595e+007, 3601, 4868.7, 958, 1394
510, 50910, 5.00854e+007, 1.74821e+007, 6.75675e+007, 3592, 4866.96, 958, 1394
511, 51010, 5.03541e+007, 1.75425e+007, 6.78965e+007, 3611, 4858.06, 958, 1394
512, 51110, 5.02056e+007, 1.72931e+007, 6.74987e+007, 3587, 4821.04, 959, 1394
513, 51210, 5.03904e+007, 1.74648e+007, 6.78552e+007, 3614, 4832.55, 959, 1394
514, 51310, 5.03366e+007, 1.74151e+007, 6.77516e+007, 3608, 4826.8, 959, 1394
515, 51410, 5.02087e+007, 1.73891e+007, 6.75978e+007, 3597, 4834.32, 959, 1394
516, 51510, 5.02177e+007, 1.73613e+007, 6.75789e+007, 3597, 4826.59, 959, 1394
517, 51610, 5.02532e+007, 1.73794e+007, 6.76326e+007, 3603, 4823.6, 959, 1394
518, 51710, 5.01981e+007, 1.72816e+007, 6.74797e+007, 3593, 4809.79, 959, 1394
519, 51810, 5.03507e+007, 1.7343e+007, 6.76937e+007, 3610, 4804.16, 959, 1394
520, 51910, 5.01512e+007, 1.72622e+007, 6.74134e+007, 3593, 4804.41, 959, 1394
521, 52010, 4.99997e+007, 1.71949e+007, 6.71947e+007, 3583, 4799.04, 959, 1394
522, 52110, 5.02487e+007, 1.7199e+007, 6.74477e+007, 3598, 4780.16, 959, 1394
523, 52210, 5.01001e+007, 1.71707e+007, 6.72708e+007, 3585, 4789.6, 959, 1394
524, 52310, 5.00858e+007, 1.71916e+007, 6.72774e+007, 3591, 4787.41, 959, 1394
525, 52410, 4.98318e+007, 1.70653e+007, 6.68971e+007, 3563, 4789.59, 959, 1395
526, 52510, 4.99844e+007, 1.71312e+007, 6.71155e+007, 3582, 4782.57, 959, 1394
527, 52610, 5.01209e+007, 1.70328e+007, 6.71537e+007, 3583, 4753.77, 960, 1395
528, 52710, 4.99289e+007, 1.69347e+007, 6.68636e+007, 3568, 4746.29, 960, 1395
529, 52810, 4.99596e+007, 1.69689e+007, 6.69285e+007, 3572, 4750.52, 960, 1395
530, 52910, 5.02059e+007, 1.69721e+007, 6.7178e+007, 3585, 4734.19, 960, 1395
531, 53010, 5.0027e+007, 1.69156e+007, 6.69426e+007, 3573, 4734.28, 960, 1395
532, 53110, 5.02289e+007, 1.69941e+007, 6.7223e+007, 3595, 4727.15, 960, 1395
533, 53210, 5.03343e+007, 1.70101e+007, 6.73445e+007, 3602, 4722.42, 960, 1395
534, 53310, 5.00359e+007, 1.68474e+007, 6.68833e+007, 3575, 4712.55, 960, 1395
535, 53410, 4.97983e+007, 1.6781e+007, 6.65793e+007, 3557, 4717.75, 960, 1395
536, 53510, 4.98917e+007, 1.66947e+007, 6.65865e+007, 3552, 4700.1, 960, 1395
537, 53610, 4.9757e+007, 1.67046e+007, 6.64616e+007, 3549, 4706.86, 960, 1396
538, 53710, 4.99075e+007, 1.67684e+007, 6.66759e+007, 3563, 4706.25, 960, 1396
539, 53810, 4.96625e+007, 1.66838e+007, 6.63463e+007, 3540, 4712.94, 960, 1396
540, 53910, 4.96821e+007, 1.66809e+007, 6.6363e+007, 3548, 4701.5, 960, 1396
541, 54010, 5.01809e+007, 1.59097e+007, 6.60907e+007, 3536, 4499.36, 971, 1416
542, 54110, 5.00564e+007, 1.67273e+007, 6.67836e+007, 3573, 4681.58, 960, 1396
543, 54210, 4.99137e+007, 1.66387e+007, 6.65524e+007, 3559, 4675.1, 960, 1396
544, 54310, 5.01313e+007, 1.68069e+007, 6.69382e+007, 3585, 4688.12, 960, 1396
545, 54410, 4.99895e+007, 1.67473e+007, 6.67368e+007, 3578, 4680.62, 960, 1396
546, 54510, 4.96805e+007, 1.65419e+007, 6.62224e+007, 3547, 4663.64, 960, 1396
547, 54610, 4.96982e+007, 1.6621e+007, 6.63192e+007, 3553, 4678.02, 960, 1397
548, 54710, 4.99091e+007, 1.66863e+007, 6.65954e+007, 3574, 4668.8, 960, 1396
549, 54810, 4.98335e+007, 1.65725e+007, 6.64061e+007, 3554, 4663.07, 960, 1397
550, 54910, 4.98421e+007, 1.64546e+007, 6.62967e+007, 3553, 4631.2, 961, 1397
551, 55010, 4.95905e+007, 1.64051e+007, 6.59956e+007, 3531, 4646.03, 961, 1397
552, 55110, 4.98954e+007, 1.66288e+007, 6.65243e+007, 3565, 4664.47, 960, 1397
553, 55210, 4.98327e+007, 1.6579e+007, 6.64117e+007, 3561, 4655.72, 960, 1397
554, 55310, 4.97602e+007, 1.65415e+007, 6.63017e+007, 3560, 4646.48, 960, 1397
555, 55410, 4.97723e+007, 1.63721e+007, 6.61444e+007, 3546, 4617.07, 961, 1397
556, 55510, 4.9757e+007, 1.64185e+007, 6.61754e+007, 3552, 4622.32, 961, 1397
557, 55610, 4.93791e+007, 1.63356e+007, 6.57146e+007, 3525, 4634.2, 960, 1397
558, 55710, 4.96518e+007, 1.63301e+007, 6.5982e+007, 3542, 4610.43, 961, 1397
559, 55810, 5.00634e+007, 1.64152e+007, 6.64786e+007, 3569, 4599.37, 961, 1398
560, 55910, 4.98599e+007, 1.63128e+007, 6.61727e+007, 3548, 4597.74, 961, 1399
561, 56010, 5.05793e+007, 1.55908e+007, 6.61701e+007, 3545, 4397.98, 973, 1422
562, 56110, 4.95531e+007, 1.62551e+007, 6.58082e+007, 3526, 4610.06, 961, 1400
563, 56210, 4.97771e+007, 1.62636e+007, 6.60407e+007, 3541, 4592.94, 961, 1400
564, 56310, 5.02158e+007, 1.63982e+007, 6.66139e+007, 3573, 4589.46, 961, 1400
565, 56410, 5.00857e+007, 1.63867e+007, 6.64725e+007, 3566, 4595.27, 961, 1401
566, 56510, 4.98089e+007, 1.62386e+007, 6.60475e+007, 3542, 4584.59, 961, 1401
567, 56610, 4.9649e+007, 1.61565e+007, 6.58055e+007, 3529, 4578.2, 961, 1399
568, 56710, 4.95924e+007, 1.62136e+007, 6.5806e+007, 3534, 4587.88, 961, 1399
569, 56810, 4.98532e+007, 1.6275e+007, 6.61282e+007, 3558, 4574.19, 961, 1399
570, 56910, 4.97193e+007, 1.62631e+007, 6.59823e+007, 3547, 4585.03, 961, 1399
571, 57010, 4.99994e+007, 1.63315e+007, 6.6331e+007, 3564, 4582.36, 961, 1399
572, 57110, 4.92435e+007, 1.60728e+007, 6.53163e+007, 3510, 4579.14, 961, 1399
573, 57210, 4.94455e+007, 1.61798e+007, 6.56252e+007, 3530, 4583.5, 961, 1399
574, 57310, 4.96055e+007, 1.62099e+007, 6.58154e+007, 3541, 4577.78, 961, 1398
575, 57410, 4.96005e+007, 1.61836e+007, 6.57841e+007, 3542, 4569.06, 961, 1398
576, 57510, 4.96498e+007, 1.6205e+007, 6.58547e+007, 3542, 4575.09, 961, 1398
577, 57610, 4.9441e+007, 1.61863e+007, 6.56273e+007, 3542, 4569.83, 961, 1398
578, 57710, 4.95461e+007, 1.60997e+007, 6.56457e+007, 3536, 4553.07, 961, 1398
579, 57810, 4.94747e+007, 1.60964e+007, 6.55712e+007, 3526, 4565.07, 961, 1398
580, 57910, 4.93035e+007, 1.60932e+007, 6.53967e+007, 3524, 4566.74, 961, 1398
581, 58010, 4.9229e+007, 1.60584e+007, 6.52874e+007, 3520, 4562.04, 961, 1398
582, 58110, 4.89562e+007, 1.59091e+007, 6.48653e+007, 3495, 4551.95, 961, 1398
583, 58210, 4.93955e+007, 1.61231e+007, 6.55186e+007, 3538, 4557.14, 961, 1398
584, 58310, 4.95013e+007, 1.61309e+007, 6.56322e+007, 3545, 4550.31, 961, 1398
585, 58410, 4.89983e+007, 1.59031e+007, 6.49014e+007, 3501, 4542.45, 961, 1398
586, 58510, 4.88056e+007, 1.58831e+007, 6.46887e+007, 3488, 4553.65, 961, 1399
587, 58610, 4.87161e+007, 1.58503e+007, 6.45664e+007, 3479, 4555.99, 961, 1398
588, 58720, 4.9129e+007, 1.58908e+007, 6.50197e+007, 3512, 4524.7, 962, 1399
589, 58810, 4.89773e+007, 1.6069e+007, 6.50462e+007, 3520, 4565.05, 961, 1399
590, 58910, 4.91142e+007, 1.58869e+007, 6.50011e+007, 3511, 4524.89, 962, 1399
591, 59010, 4.90228e+007, 1.59502e+007, 6.4973e+007, 3513, 4540.33, 961, 1399
592, 59110, 4.88807e+007, 1.5914e+007, 6.47947e+007, 3501, 4545.56, 961, 1399
593, 59210, 4.86718e+007, 1.57064e+007, 6.43782e+007, 3479, 4514.62, 962, 1399
594, 59310, 4.91189e+007, 1.59369e+007, 6.50558e+007, 3522, 4524.97, 962, 1399
595, 59410, 4.91397e+007, 1.58055e+007, 6.49452e+007, 3512, 4500.43, 962, 1399
596, 59510, 4.91691e+007, 1.60834e+007, 6.52525e+007, 3540, 4543.32, 961, 1399
597, 59610, 4.90124e+007, 1.58796e+007, 6.4892e+007, 3516, 4516.38, 962, 1399
598, 59710, 4.89003e+007, 1.57871e+007, 6.46874e+007, 3504, 4505.45, 962, 1399
599, 59810, 4.88286e+007, 1.57874e+007, 6.46159e+007, 3502, 4508.11, 962, 1399
600, 59910, 4.86135e+007, 1.56843e+007, 6.42978e+007, 3480, 4506.97, 962, 1399