2, 500, 1.19826e+007, 1.21761e+007, 2.41587e+007, 2030, 5998.1, 1044, 1591
3, 1000, 1.18469e+007, 1.19776e+007, 2.38244e+007, 2005, 5973.84, 1044, 1591
4, 1501, 1.18283e+007, 1.18112e+007, 2.36395e+007, 1994, 5923.36, 1044, 1591
5, 2001, 1.16908e+007, 1.15757e+007, 2.32665e+007, 1950, 5936.27, 1044, 1591
6, 2501, 1.15956e+007, 1.1274e+007, 2.28696e+007, 1920, 5871.86, 1044, 1591
7, 3001, 1.16073e+007, 1.12323e+007, 2.28396e+007, 1911, 5877.69, 1043, 1592
8, 3501, 1.15168e+007, 1.08911e+007, 2.24079e+007, 1865, 5839.75, 1043, 1592
9, 4001, 1.14297e+007, 1.08395e+007, 2.22692e+007, 1868, 5802.74, 1044, 1591
10, 4501, 1.12233e+007, 1.0575e+007, 2.17983e+007, 1831, 5775.52, 1044, 1591
11, 5001, 1.10265e+007, 1.04006e+007, 2.14271e+007, 1803, 5768.51, 1044, 1591
12, 5501, 1.10921e+007, 1.04091e+007, 2.15012e+007, 1807, 5760.41, 1044, 1592
13, 6001, 1.11515e+007, 1.03132e+007, 2.14646e+007, 1801, 5726.35, 1044, 1591
14, 6501, 1.09019e+007, 1.01115e+007, 2.10134e+007, 1766, 5725.66, 1043, 1592
15, 7001, 1.07897e+007, 9.88681e+006, 2.06765e+007, 1739, 5685.34, 1043, 1592
16, 7501, 1.06626e+007, 9.75783e+006, 2.04204e+007, 1727, 5650.16, 1044, 1592
17, 8001, 1.04824e+007, 9.63438e+006, 2.01168e+007, 1706, 5647.35, 1044, 1592
18, 8501, 1.05176e+007, 9.61573e+006, 2.01334e+007, 1707, 5633.12, 1043, 1591
19, 9001, 1.06718e+007, 9.53582e+006, 2.02077e+007, 1705, 5592.86, 1044, 1591
20, 9501, 1.03225e+007, 9.23577e+006, 1.95583e+007, 1647, 5607.63, 1043, 1591
21, 10001, 1.05105e+007, 9.35975e+006, 1.98702e+007, 1680, 5571.28, 1043, 1591
22, 10501, 1.03442e+007, 9.13592e+006, 1.94801e+007, 1646, 5550.38, 1043, 1592
23, 11001, 1.05175e+007, 9.11266e+006, 1.96302e+007, 1642, 5549.73, 1044, 1592
24, 11500, 1.152e+007, 9.62077e+006, 2.11407e+007, 1744, 5516.5, 1044, 1591
25, 12000, 1.18227e+007, 9.48203e+006, 2.13048e+007, 1736, 5462, 1044, 1588
26, 12500, 1.18321e+007, 9.20887e+006, 2.1041e+007, 1704, 5404.26, 1046, 1586
27, 13000, 1.13372e+007, 8.9149e+006, 2.02521e+007, 1663, 5360.74, 1047, 1583
28, 13500, 1.06083e+007, 8.40023e+006, 1.90085e+007, 1582, 5309.88, 1047, 1580
29, 14000, 9.86699e+006, 7.92371e+006, 1.77907e+007, 1509, 5250.96, 1048, 1577
30, 14500, 9.34484e+006, 7.49352e+006, 1.68384e+007, 1442, 5196.62, 1048, 1574
31, 15000, 8.72534e+006, 7.04775e+006, 1.57731e+007, 1366, 5159.41, 1050, 1571
32, 15500, 8.21088e+006, 6.69211e+006, 1.4903e+007, 1309, 5112.39, 1051, 1569
33, 16000, 7.5132e+006, 6.24838e+006, 1.37616e+007, 1233, 5067.62, 1052, 1566
34, 16500, 7.28981e+006, 6.07709e+006, 1.33669e+007, 1206, 5039.05, 1052, 1564
35, 17000, 6.60166e+006, 5.65567e+006, 1.22573e+007, 1128, 5013.89, 1053, 1561
36, 17500, 6.24162e+006, 5.41321e+006, 1.16548e+007, 1088, 4975.37, 1054, 1558
37, 18000, 5.91782e+006, 5.0775e+006, 1.09953e+007, 1033, 4915.29, 1055, 1556
38, 18500, 5.6112e+006, 4.97335e+006, 1.05846e+007, 1014, 4904.69, 1055, 1554
39, 19000, 5.25307e+006, 4.63626e+006, 9.88933e+006, 951, 4875.14, 1056, 1551
40, 19500, 5.09663e+006, 4.50983e+006, 9.60646e+006, 932, 4838.87, 1056, 1549
41, 20000, 4.89884e+006, 4.31729e+006, 9.21614e+006, 897, 4813.04, 1057, 1546
42, 20500, 4.76686e+006, 4.22315e+006, 8.99001e+006, 879, 4804.49, 1057, 1543
43, 21001, 4.28455e+006, 3.79162e+006, 8.07617e+006, 793, 4781.36, 1058, 1542
44, 21500, 4.5249e+006, 4.00835e+006, 8.53325e+006, 840, 4771.85, 1058, 1539
45, 22001, 4.80397e+006, 4.18631e+006, 8.99028e+006, 883, 4741, 1058, 1537
46, 22501, 5.13305e+006, 4.3661e+006, 9.49915e+006, 922, 4735.46, 1059, 1535
47, 23001, 5.44529e+006, 4.53327e+006, 9.97856e+006, 959, 4727.08, 1059, 1533
48, 23501, 5.94436e+006, 4.83778e+006, 1.07821e+007, 1029, 4701.44, 1060, 1532
49, 24001, 6.19635e+006, 5.0663e+006, 1.12627e+007, 1074, 4717.23, 1060, 1530
50, 24501, 6.26926e+006, 5.04683e+006, 1.13161e+007, 1074, 4699.09, 1061, 1528
51, 25001, 6.28348e+006, 5.08711e+006, 1.13706e+007, 1086, 4684.26, 1061, 1527
52, 25501, 6.10633e+006, 4.94813e+006, 1.10545e+007, 1054, 4694.62, 1061, 1526
53, 26001, 5.98217e+006, 4.88011e+006, 1.08623e+007, 1043, 4678.92, 1062, 1524
54, 26501, 5.76314e+006, 4.75573e+006, 1.05189e+007, 1017, 4676.23, 1062, 1523
55, 27001, 5.29353e+006, 4.41286e+006, 9.70639e+006, 945, 4669.69, 1063, 1522
56, 27501, 5.18433e+006, 4.37183e+006, 9.55616e+006, 938, 4660.8, 1063, 1521
57, 28001, 4.87045e+006, 4.16658e+006, 9.03703e+006, 896, 4650.2, 1063, 1519
58, 28501, 4.517e+006, 3.82402e+006, 8.34102e+006, 830, 4607.26, 1066, 1523
59, 29001, 4.33947e+006, 3.76266e+006, 8.10214e+006, 808, 4656.76, 1064, 1516
60, 29501, 4.032e+006, 3.49138e+006, 7.52337e+006, 753, 4636.62, 1065, 1516
61, 30001, 4.05532e+006, 3.50361e+006, 7.55893e+006, 756, 4634.4, 1065, 1514
62, 30501, 3.97175e+006, 3.44127e+006, 7.41302e+006, 740, 4650.37, 1065, 1512
63, 31001, 4.02636e+006, 3.53244e+006, 7.5588e+006, 756, 4672.54, 1065, 1514
64, 31501, 3.8408e+006, 3.43682e+006, 7.27761e+006, 735, 4675.94, 1065, 1516
65, 32001, 3.51967e+006, 3.18366e+006, 6.70332e+006, 678, 4695.66, 1064, 1518
66, 32501, 3.3962e+006, 3.04571e+006, 6.44192e+006, 650, 4685.71, 1064, 1519
67, 33001, 3.12976e+006, 2.82463e+006, 5.95439e+006, 601, 4699.88, 1063, 1521
68, 33501, 3.08285e+006, 2.79352e+006, 5.87636e+006, 595, 4694.99, 1063, 1523
69, 34001, 3.00482e+006, 2.74955e+006, 5.75438e+006, 584, 4708.14, 1063, 1526
70, 34501, 3.00154e+006, 2.72314e+006, 5.72468e+006, 581, 4686.99, 1064, 1528
71, 35001, 2.81277e+006, 2.56136e+006, 5.37413e+006, 546, 4691.14, 1063, 1531
72, 35501, 2.62732e+006, 2.40156e+006, 5.02888e+006, 512, 4690.54, 1062, 1533
73, 36001, 2.5814e+006, 2.35306e+006, 4.93446e+006, 501, 4696.72, 1062, 1534
74, 36501, 2.40801e+006, 2.20432e+006, 4.61232e+006, 470, 4690.03, 1062, 1538
75, 37001, 2.40783e+006, 2.18862e+006, 4.59645e+006, 466, 4696.6, 1061, 1538
76, 37502, 2.34969e+006, 2.13402e+006, 4.48371e+006, 454, 4700.5, 1060, 1539
77, 38001, 2.2549e+006, 2.06208e+006, 4.31698e+006, 439, 4697.21, 1060, 1541
78, 38501, 2.18e+006, 1.98869e+006, 4.16869e+006, 425, 4679.27, 1060, 1544
79, 39001, 2.08478e+006, 1.89776e+006, 3.98255e+006, 406, 4674.3, 1060, 1546
80, 39502, 1.97333e+006, 1.78225e+006, 3.75557e+006, 382, 4665.57, 1060, 1547
81, 40001, 2.1642e+006, 1.99011e+006, 4.15431e+006, 425, 4682.62, 1059, 1549
82, 40501, 2.11736e+006, 1.92936e+006, 4.04671e+006, 413, 4671.57, 1058, 1550
83, 41001, 2.09626e+006, 1.91743e+006, 4.0137e+006, 410, 4676.67, 1058, 1552
84, 41501, 1.99167e+006, 1.8159e+006, 3.80757e+006, 389, 4668.13, 1058, 1553
85, 42001, 1.92095e+006, 1.75629e+006, 3.67723e+006, 377, 4658.58, 1058, 1556
86, 42501, 1.92785e+006, 1.77625e+006, 3.70411e+006, 380, 4674.35, 1058, 1557
87, 43001, 1.80086e+006, 1.64932e+006, 3.45018e+006, 354, 4659.09, 1057, 1559
88, 43501, 1.93391e+006, 1.77334e+006, 3.70725e+006, 380, 4666.68, 1057, 1560
89, 44001, 1.86347e+006, 1.71653e+006, 3.58e+006, 367, 4677.18, 1057, 1561
90, 44501, 1.79632e+006, 1.65696e+006, 3.45328e+006, 356, 4654.38, 1057, 1563
91, 45002, 1.63043e+006, 1.49659e+006, 3.12702e+006, 322, 4647.8, 1059, 1566
92, 45501, 1.61373e+006, 1.49193e+006, 3.10566e+006, 320, 4662.27, 1057, 1566
93, 46001, 1.67956e+006, 1.54924e+006, 3.2288e+006, 332, 4666.38, 1056, 1567
94, 46502, 1.54487e+006, 1.42127e+006, 2.96614e+006, 306, 4644.66, 1058, 1570
95, 47001, 1.57456e+006, 1.45917e+006, 3.03373e+006, 314, 4647.02, 1056, 1569
96, 47501, 1.54844e+006, 1.42984e+006, 2.97828e+006, 307, 4657.44, 1056, 1570
97, 48001, 1.42305e+006, 1.31559e+006, 2.73864e+006, 282, 4665.22, 1055, 1570
98, 48501, 1.48158e+006, 1.37647e+006, 2.85805e+006, 294, 4681.87, 1055, 1572
99, 49002, 1.58373e+006, 1.46081e+006, 3.04454e+006, 313, 4667.13, 1054, 1573
100, 49501, 1.59141e+006, 1.48238e+006, 3.07378e+006, 317, 4676.26, 1053, 1573
101, 50002, 1.50207e+006, 1.39706e+006, 2.89914e+006, 298, 4688.13, 1054, 1574
102, 50501, 1.41317e+006, 1.31787e+006, 2.73104e+006, 282, 4673.3, 1054, 1575
103, 51001, 1.47813e+006, 1.36396e+006, 2.84209e+006, 291, 4687.15, 1053, 1577
104, 51503, 1.55985e+006, 1.43566e+006, 2.99551e+006, 307, 4676.41, 1055, 1577
105, 52003, 1.60673e+006, 1.48551e+006, 3.09224e+006, 318, 4671.4, 1054, 1577
106, 52503, 1.7381e+006, 1.58554e+006, 3.32363e+006, 341, 4649.66, 1054, 1579
107, 53003, 1.7494e+006, 1.62519e+006, 3.37459e+006, 347, 4683.54, 1052, 1578
108, 53503, 1.73356e+006, 1.6119e+006, 3.34546e+006, 346, 4658.67, 1053, 1580
109, 54003, 1.60913e+006, 1.49145e+006, 3.10058e+006, 320, 4660.78, 1053, 1580
110, 54503, 1.61522e+006, 1.49367e+006, 3.10889e+006, 320, 4667.71, 1053, 1582
111, 55003, 1.6172e+006, 1.50017e+006, 3.11737e+006, 321, 4673.41, 1051, 1581
112, 55503, 1.56469e+006, 1.44858e+006, 3.01328e+006, 311, 4657.83, 1053, 1584
113, 56003, 1.52893e+006, 1.41853e+006, 2.94746e+006, 304, 4666.23, 1052, 1584
114, 56503, 1.46158e+006, 1.33338e+006, 2.79496e+006, 286, 4662.18, 1053, 1584
115, 57003, 1.42339e+006, 1.31866e+006, 2.74205e+006, 283, 4659.59, 1052, 1584
116, 57503, 1.37695e+006, 1.27537e+006, 2.65232e+006, 273, 4671.69, 1050, 1583
117, 58003, 1.31698e+006, 1.23565e+006, 2.55263e+006, 264, 4680.5, 1051, 1585
118, 58503, 1.33846e+006, 1.24097e+006, 2.57943e+006, 267, 4647.84, 1052, 1587
119, 59003, 1.30066e+006, 1.20458e+006, 2.50524e+006, 259, 4650.9, 1052, 1587
120, 59503, 1.37642e+006, 1.2729e+006, 2.64932e+006, 274, 4645.62, 1050, 1588