stim_jnl,frame,time_s,fluor,dff
csuEx72_NaAc_0.25M_JNL_10off_20on_20off,2,0.1,115764000,0.5723234448591449
csuEx72_NaAc_0.25M_JNL_10off_20on_20off,3,0.2,115962000.00000001,0.7443399615835463
csuEx72_NaAc_0.25M_JNL_10off_20on_20off,4,0.3,116165000,0.920700329740356
csuEx72_NaAc_0.25M_JNL_10off_20on_20off,5,0.4,116039000,0.8112352736430178
csuEx72_NaAc_0.25M_JNL_10off_20on_20off,6,0.5,115651000,0.4741524024861353
csuEx72_NaAc_0.25M_JNL_10off_20on_20off,7,0.6,116074000.00000001,0.8416422336700692
csuEx72_NaAc_0.25M_JNL_10off_20on_20off,8,0.7,115643000,0.4672022401942408
csuEx72_NaAc_0.25M_JNL_10off_20on_20off,9,0.8,115308000.00000001,0.1761641942211722
csuEx72_NaAc_0.25M_JNL_10off_20on_20off,10,0.9,115801000,0.6044679454591569
csuEx72_NaAc_0.25M_JNL_10off_20on_20off,11,1,115801000,0.6044679454591569
csuEx72_NaAc_0.25M_JNL_10off_20on_20off,12,1.1,115832000,0.631399824340248
csuEx72_NaAc_0.25M_JNL_10off_20on_20off,13,1.2,115772000.00000001,0.57927360715105225
csuEx72_NaAc_0.25M_JNL_10off_20on_20off,14,1.3,115042000,-0.05492870198433239
csuEx72_NaAc_0.25M_JNL_10off_20on_20off,15,1.4,115113000,0.006753988356231162
csuEx72_NaAc_0.25M_JNL_10off_20on_20off,16,1.5,115504999.99999999,0.34731194065904797
csuEx72_NaAc_0.25M_JNL_10off_20on_20off,17,1.6,115636000,0.4611208481888331
csuEx72_NaAc_0.25M_JNL_10off_20on_20off,18,1.7,114863000,-0.2104385832654715
csuEx72_NaAc_0.25M_JNL_10off_20on_20off,19,1.8,114875000,-0.20001333982762975
csuEx72_NaAc_0.25M_JNL_10off_20on_20off,21,2,115172999.99999999,0.05888020554542685
csuEx72_NaAc_0.25M_JNL_10off_20on_20off,22,2.1,115123000,0.01544169122109927
csuEx72_NaAc_0.25M_JNL_10off_20on_20off,23,2.2,115387000,0.24479704685361728
csuEx72_NaAc_0.25M_JNL_10off_20on_20off,24,2.3,115215000,0.09536855757788584
csuEx72_NaAc_0.25M_JNL_10off_20on_20off,25,2.4,114689000,-0.3616046131141765
csuEx72_NaAc_0.25M_JNL_10off_20on_20off,26,2.5,115655000,0.4776274836320826
csuEx72_NaAc_0.25M_JNL_10off_20on_20off,27,2.6,115264000.00000001,0.13793830161575252
csuEx72_NaAc_0.25M_JNL_10off_20on_20off,28,2.7,115304999.99999999,0.17355788336168584
csuEx72_NaAc_0.25M_JNL_10off_20on_20off,29,2.8,115140000,0.030210786091375046
csuEx72_NaAc_0.25M_JNL_10off_20on_20off,30,2.9,114816999.99999999,-0.2504020164438777
csuEx72_NaAc_0.25M_JNL_10off_20on_20off,31,3,115089000,-0.014096498519452293
csuEx72_NaAc_0.25M_JNL_10off_20on_20off,32,3.1,115035000,-0.06101009398974007
csuEx72_NaAc_0.25M_JNL_10off_20on_20off,33,3.2,115350000,0.21265254625360527
csuEx72_NaAc_0.25M_JNL_10off_20on_20off,34,3.3,115602000,0.43158265844828153
csuEx72_NaAc_0.25M_JNL_10off_20on_20off,35,3.4,114955999.99999999,-0.12964294662221107
csuEx72_NaAc_0.25M_JNL_10off_20on_20off,36,3.5,114870000,-0.20435719126006385
csuEx72_NaAc_0.25M_JNL_10off_20on_20off,37,3.6,114735000.00000001,-0.3216411799357703
csuEx72_NaAc_0.25M_JNL_10off_20on_20off,38,3.7,114967000,-0.1200864734708432
csuEx72_NaAc_0.25M_JNL_10off_20on_20off,39,3.8,114487999.99999999,-0.5362274406980384
csuEx72_NaAc_0.25M_JNL_10off_20on_20off,40,3.9,114058000,-0.909798663887354
csuEx72_NaAc_0.25M_JNL_10off_20on_20off,41,4,114422000,-0.5935662796061549
csuEx72_NaAc_0.25M_JNL_10off_20on_20off,42,4.1,114483000,-0.5405712921304595
csuEx72_NaAc_0.25M_JNL_10off_20on_20off,43,4.2,114487999.99999999,-0.5362274406980384
csuEx72_NaAc_0.25M_JNL_10off_20on_20off,44,4.3,114113000,-0.8620162981305795
csuEx72_NaAc_0.25M_JNL_10off_20on_20off,45,4.4,114412000,-0.6022539824710231
csuEx72_NaAc_0.25M_JNL_10off_20on_20off,46,4.5,113823000.00000001,-1.1139596812117416
csuEx72_NaAc_0.25M_JNL_10off_20on_20off,47,4.6,114348000,-0.6578552808061789
csuEx72_NaAc_0.25M_JNL_10off_20on_20off,48,4.7,114452000,-0.5675031710115507
csuEx72_NaAc_0.25M_JNL_10off_20on_20off,49,4.8,114036000,-0.9289116101900639
csuEx72_NaAc_0.25M_JNL_10off_20on_20off,50,4.9,114203000.00000001,-0.7838269723467536
csuEx72_NaAc_0.25M_JNL_10off_20on_20off,51,5,114533000,-0.49713277780611903
csuEx72_NaAc_0.25M_JNL_10off_20on_20off,52,5.1,113813000.00000001,-1.1226473840766096
csuEx72_NaAc_0.25M_JNL_10off_20on_20off,53,5.2,114297000,-0.7021625654170063
csuEx72_NaAc_0.25M_JNL_10off_20on_20off,54,5.3,114828000,-0.2408455432925099
csuEx72_NaAc_0.25M_JNL_10off_20on_20off,55,5.4,114074000.00000001,-0.8958983393035521
csuEx72_NaAc_0.25M_JNL_10off_20on_20off,56,5.5,114168000,-0.8142339323738048
csuEx72_NaAc_0.25M_JNL_10off_20on_20off,57,5.6,114134000,-0.8437721221143564
csuEx72_NaAc_0.25M_JNL_10off_20on_20off,58,5.7,114168000,-0.8142339323738048
csuEx72_NaAc_0.25M_JNL_10off_20on_20off,59,5.8,114016999.99999999,-0.9454182456333263
csuEx72_NaAc_0.25M_JNL_10off_20on_20off,60,5.9,113821000,-1.115697221784728
csuEx72_NaAc_0.25M_JNL_10off_20on_20off,61,6,114028000,-0.9358617724819585
csuEx72_NaAc_0.25M_JNL_10off_20on_20off,62,6.1,113772999.99999999,-1.1573981955361081
csuEx72_NaAc_0.25M_JNL_10off_20on_20off,63,6.2,114296000,-0.7030313357034931
csuEx72_NaAc_0.25M_JNL_10off_20on_20off,64,6.3,113826000,-1.1113533703522942
csuEx72_NaAc_0.25M_JNL_10off_20on_20off,65,6.4,113891000.00000001,-1.0548833017306385
csuEx72_NaAc_0.25M_JNL_10off_20on_20off,66,6.5,114428000,-0.5883536578872341
csuEx72_NaAc_0.25M_JNL_10off_20on_20off,67,6.6,113706000,-1.2156058047307114
csuEx72_NaAc_0.25M_JNL_10off_20on_20off,68,6.7,114382000,-0.6283170910656274
csuEx72_NaAc_0.25M_JNL_10off_20on_20off,69,6.8,114067000,-0.9019797313089727
csuEx72_NaAc_0.25M_JNL_10off_20on_20off,70,6.9,114187000,-0.7977272969305554
csuEx72_NaAc_0.25M_JNL_10off_20on_20off,71,7,114467999.99999999,-0.5536028464277747
csuEx72_NaAc_0.25M_JNL_10off_20on_20off,72,7.1,113473000,-1.4180292814821382
csuEx72_NaAc_0.25M_JNL_10off_20on_20off,73,7.2,113988000,-0.9706125839414308
csuEx72_NaAc_0.25M_JNL_10off_20on_20off,74,7.3,113718999.99999999,-1.2043117910063956
csuEx72_NaAc_0.25M_JNL_10off_20on_20off,75,7.4,114250000,-0.7429947688818864
csuEx72_NaAc_0.25M_JNL_10off_20on_20off,76,7.5,113875000,-1.0687836263144406
csuEx72_NaAc_0.25M_JNL_10off_20on_20off,77,7.6,114202000,-0.7846957426332534
csuEx72_NaAc_0.25M_JNL_10off_20on_20off,78,7.7,114253000,-0.7403884580224259
csuEx72_NaAc_0.25M_JNL_10off_20on_20off,79,7.8,113603000.00000001,-1.30508914423884
csuEx72_NaAc_0.25M_JNL_10off_20on_20off,80,7.9,114087000,-0.8846043255792366
csuEx72_NaAc_0.25M_JNL_10off_20on_20off,81,8,113826000,-1.1113533703522942
csuEx72_NaAc_0.25M_JNL_10off_20on_20off,82,8.1,113660000,-1.2555692379091048
csuEx72_NaAc_0.25M_JNL_10off_20on_20off,83,8.207,113928999.99999999,-1.0218700308441655
csuEx72_NaAc_0.25M_JNL_10off_20on_20off,84,8.307,113750000,-1.1773799121252917
csuEx72_NaAc_0.25M_JNL_10off_20on_20off,85,8.407,113894000,-1.0522769908711909
csuEx72_NaAc_0.25M_JNL_10off_20on_20off,86,8.507,114008000,-0.9532371782116945
csuEx72_NaAc_0.25M_JNL_10off_20on_20off,87,8.607,113852000,-1.088765342903637
csuEx72_NaAc_0.25M_JNL_10off_20on_20off,88,8.707,113426000,-1.4588614849470183
csuEx72_NaAc_0.25M_JNL_10off_20on_20off,89,8.807,113667000,-1.249487845903697
csuEx72_NaAc_0.25M_JNL_10off_20on_20off,90,8.907,113995000,-0.9645311919360231
csuEx72_NaAc_0.25M_JNL_10off_20on_20off,91,9.007,113904000,-1.043589288006323
csuEx72_NaAc_0.25M_JNL_10off_20on_20off,92,9.107,113981000,-0.9766939759468385
csuEx72_NaAc_0.25M_JNL_10off_20on_20off,93,9.207,113730000,-1.194755317855028
csuEx72_NaAc_0.25M_JNL_10off_20on_20off,94,9.307,113769000.00000001,-1.1608732766820293
csuEx72_NaAc_0.25M_JNL_10off_20on_20off,95,9.407,113605000,-1.3033516036658792
csuEx72_NaAc_0.25M_JNL_10off_20on_20off,96,9.507,113696000,-1.2242935075955796
csuEx72_NaAc_0.25M_JNL_10off_20on_20off,97,9.607,113562999.99999999,-1.3398399556983382
csuEx72_NaAc_0.25M_JNL_10off_20on_20off,98,9.707,113201000,-1.6543347994065507
csuEx72_NaAc_0.25M_JNL_10off_20on_20off,99,9.807,113187000,-1.6664975834173659
csuEx72_NaAc_0.25M_JNL_10off_20on_20off,100,9.907,113632000,-1.2798948059307353
csuEx72_NaAc_0.25M_JNL_10off_20on_20off,101,10.007,112877999.99999999,-1.9349476019418035
csuEx72_NaAc_0.25M_JNL_10off_20on_20off,102,10.107,111230999.99999999,-3.365812263785581
csuEx72_NaAc_0.25M_JNL_10off_20on_20off,103,10.207,111155000,-3.431838805558565
csuEx72_NaAc_0.25M_JNL_10off_20on_20off,104,10.307,111074999.99999999,-3.5013404284775227
csuEx72_NaAc_0.25M_JNL_10off_20on_20off,105,10.407,110629000,-3.888811976250628
csuEx72_NaAc_0.25M_JNL_10off_20on_20off,106,10.507,110003999.99999999,-4.431793405304897
csuEx72_NaAc_0.25M_JNL_10off_20on_20off,107,10.607,110307000,-4.1685560084993805
csuEx72_NaAc_0.25M_JNL_10off_20on_20off,108,10.707,110503000,-3.998277032347966
csuEx72_NaAc_0.25M_JNL_10off_20on_20off,109,10.807,110313000,-4.1633433867804595
csuEx72_NaAc_0.25M_JNL_10off_20on_20off,110,10.907,110378000,-4.106873318158817
csuEx72_NaAc_0.25M_JNL_10off_20on_20off,111,11.007,111044000.00000001,-3.528272307358588
csuEx72_NaAc_0.25M_JNL_10off_20on_20off,112,11.107,110525999.99999999,-3.978295315758782
csuEx72_NaAc_0.25M_JNL_10off_20on_20off,113,11.207,110684000,-3.8410296104938535
csuEx72_NaAc_0.25M_JNL_10off_20on_20off,114,11.307,110493000,-4.006964735212834
csuEx72_NaAc_0.25M_JNL_10off_20on_20off,115,11.407,110586999.99999999,-3.9253003282830865
csuEx72_NaAc_0.25M_JNL_10off_20on_20off,116,11.507,110569000,-3.9409381934398366
csuEx72_NaAc_0.25M_JNL_10off_20on_20off,117,11.607,110144000,-4.310165565196731
csuEx72_NaAc_0.25M_JNL_10off_20on_20off,118,11.707,110196000,-4.264989510299417
csuEx72_NaAc_0.25M_JNL_10off_20on_20off,119,11.807,110537000,-3.9687388426074146
csuEx72_NaAc_0.25M_JNL_10off_20on_20off,120,11.907,109861000.00000001,-4.556027556272485
csuEx72_NaAc_0.25M_JNL_10off_20on_20off,121,12.007,110390000.00000001,-4.096448074720962
csuEx72_NaAc_0.25M_JNL_10off_20on_20off,122,12.107,110196000,-4.264989510299417
csuEx72_NaAc_0.25M_JNL_10off_20on_20off,123,12.207,110653000,-3.8679614893749443
csuEx72_NaAc_0.25M_JNL_10off_20on_20off,124,12.307,110551000,-3.9565760585965988
csuEx72_NaAc_0.25M_JNL_10off_20on_20off,125,12.407,110376000,-4.10861085873179
csuEx72_NaAc_0.25M_JNL_10off_20on_20off,126,12.507,110637000.00000001,-3.88186181395872
csuEx72_NaAc_0.25M_JNL_10off_20on_20off,127,12.607,110799000,-3.7411210275478695
csuEx72_NaAc_0.25M_JNL_10off_20on_20off,128,12.707,110837999.99999999,-3.707238986374897
csuEx72_NaAc_0.25M_JNL_10off_20on_20off,129,12.807,110666000,-3.8566674756506156
csuEx72_NaAc_0.25M_JNL_10off_20on_20off,130,12.907,110930000,-3.6273121200180976
csuEx72_NaAc_0.25M_JNL_10off_20on_20off,131,13.007,110403999.99999999,-4.084285290710174
csuEx72_NaAc_0.25M_JNL_10off_20on_20off,132,13.107,110915999.99999999,-3.6394749040289263
csuEx72_NaAc_0.25M_JNL_10off_20on_20off,133,13.207,110737000,-3.7949847853100525
csuEx72_NaAc_0.25M_JNL_10off_20on_20off,134,13.307,111193000.00000001,-3.3988255346720537
csuEx72_NaAc_0.25M_JNL_10off_20on_20off,135,13.407,111087000,-3.4909151850396682
csuEx72_NaAc_0.25M_JNL_10off_20on_20off,136,13.507,110842000,-3.703763905228937
csuEx72_NaAc_0.25M_JNL_10off_20on_20off,137,13.607,111156000.00000001,-3.4309700352720656
csuEx72_NaAc_0.25M_JNL_10off_20on_20off,138,13.707,111155000,-3.431838805558565
csuEx72_NaAc_0.25M_JNL_10off_20on_20off,139,13.807,110487000,-4.012177356931755
csuEx72_NaAc_0.25M_JNL_10off_20on_20off,140,13.907,110836000,-3.708976526947858
csuEx72_NaAc_0.25M_JNL_10off_20on_20off,141,14.007,110049000,-4.392698742412978
csuEx72_NaAc_0.25M_JNL_10off_20on_20off,142,14.107,111005000,-3.5621543485315867
csuEx72_NaAc_0.25M_JNL_10off_20on_20off,143,14.207,111108999.99999999,-3.4718022387369714
csuEx72_NaAc_0.25M_JNL_10off_20on_20off,144,14.307,111077000,-3.4996028879045364
csuEx72_NaAc_0.25M_JNL_10off_20on_20off,145,14.407,111035000,-3.536091239936982
csuEx72_NaAc_0.25M_JNL_10off_20on_20off,146,14.507,110257999.99999999,-4.211125752537248
csuEx72_NaAc_0.25M_JNL_10off_20on_20off,147,14.607,110445000,-4.048665708964201
csuEx72_NaAc_0.25M_JNL_10off_20on_20off,148,14.707,109398000,-4.958268198915892
csuEx72_NaAc_0.25M_JNL_10off_20on_20off,149,14.807,109334000,-5.013869497251047
csuEx72_NaAc_0.25M_JNL_10off_20on_20off,150,14.907,108406000,-5.820088323110808
csuEx72_NaAc_0.25M_JNL_10off_20on_20off,151,15.007,108968000,-5.3318394221052205
csuEx72_NaAc_0.25M_JNL_10off_20on_20off,152,15.107,108193999.99999999,-6.004267623846025
csuEx72_NaAc_0.25M_JNL_10off_20on_20off,153,15.207,108015000,-6.159777505127151
csuEx72_NaAc_0.25M_JNL_10off_20on_20off,154,15.307,107961000,-6.206691100597438
csuEx72_NaAc_0.25M_JNL_10off_20on_20off,155,15.407,107991000,-6.180627992002834
csuEx72_NaAc_0.25M_JNL_10off_20on_20off,156,15.507,107515000,-6.594162648370556
csuEx72_NaAc_0.25M_JNL_10off_20on_20off,157,15.607,107284000,-6.79484858454901
csuEx72_NaAc_0.25M_JNL_10off_20on_20off,158,15.707,107698000,-6.435177685943469
csuEx72_NaAc_0.25M_JNL_10off_20on_20off,159,15.807,107058000.00000001,-6.991190669295015
csuEx72_NaAc_0.25M_JNL_10off_20on_20off,160,15.907,106833000,-7.186663983754562
csuEx72_NaAc_0.25M_JNL_10off_20on_20off,161,16.007,106963000.00000001,-7.073723846511262
csuEx72_NaAc_0.25M_JNL_10off_20on_20off,162,16.107,106453000,-7.516796692619549
csuEx72_NaAc_0.25M_JNL_10off_20on_20off,163,16.207,106410999.99999999,-7.553285044652008
csuEx72_NaAc_0.25M_JNL_10off_20on_20off,164,16.307,106440000,-7.528090706343877
csuEx72_NaAc_0.25M_JNL_10off_20on_20off,165,16.407,106115000,-7.810441049452091
csuEx72_NaAc_0.25M_JNL_10off_20on_20off,166,16.507,105797000.00000001,-8.086710000554884
csuEx72_NaAc_0.25M_JNL_10off_20on_20off,167,16.607,106501000,-7.4750957188681815
csuEx72_NaAc_0.25M_JNL_10off_20on_20off,168,16.707,106406000,-7.557628896084428
csuEx72_NaAc_0.25M_JNL_10off_20on_20off,169,16.807,106378000,-7.58195446410606
csuEx72_NaAc_0.25M_JNL_10off_20on_20off,170,16.907,105606000,-8.252645125273878
csuEx72_NaAc_0.25M_JNL_10off_20on_20off,171,17.007,105763000,-8.116248190295448
csuEx72_NaAc_0.25M_JNL_10off_20on_20off,172,17.107,105799000,-8.084972459981923
csuEx72_NaAc_0.25M_JNL_10off_20on_20off,173,17.207,105790000,-8.092791392560304
csuEx72_NaAc_0.25M_JNL_10off_20on_20off,174,17.307,105695999.99999999,-8.174455799490076
csuEx72_NaAc_0.25M_JNL_10off_20on_20off,175,17.407,106021000.00000001,-7.892105456381839
csuEx72_NaAc_0.25M_JNL_10off_20on_20off,176,17.507,105549000,-8.302165031603625
csuEx72_NaAc_0.25M_JNL_10off_20on_20off,177,17.607,105352000,-8.473312778041528
csuEx72_NaAc_0.25M_JNL_10off_20on_20off,178,17.707,105353000.00000001,-8.472444007755026
csuEx72_NaAc_0.25M_JNL_10off_20on_20off,179,17.807,105734000,-8.141442528603566
csuEx72_NaAc_0.25M_JNL_10off_20on_20off,180,17.907,105002000,-8.777382378311911
csuEx72_NaAc_0.25M_JNL_10off_20on_20off,181,18.007,105579000,-8.276101923009021
csuEx72_NaAc_0.25M_JNL_10off_20on_20off,182,18.107,105150000.00000001,-8.648804375911851
csuEx72_NaAc_0.25M_JNL_10off_20on_20off,183,18.208,105106000.00000001,-8.687030268517269
csuEx72_NaAc_0.25M_JNL_10off_20on_20off,184,18.308,105146000,-8.65227945705781
csuEx72_NaAc_0.25M_JNL_10off_20on_20off,185,18.408,104918000,-8.850359082376803
csuEx72_NaAc_0.25M_JNL_10off_20on_20off,186,18.508,105003000,-8.776513608025423
csuEx72_NaAc_0.25M_JNL_10off_20on_20off,187,18.608,104872000.00000001,-8.890322515555184
csuEx72_NaAc_0.25M_JNL_10off_20on_20off,188,18.708,104559000,-9.162247615225567
csuEx72_NaAc_0.25M_JNL_10off_20on_20off,189,18.808,104646000,-9.086664600301216
csuEx72_NaAc_0.25M_JNL_10off_20on_20off,190,18.908,104738000,-9.00673773394443
csuEx72_NaAc_0.25M_JNL_10off_20on_20off,191,19.008,104895999.99999999,-8.869472028679526
csuEx72_NaAc_0.25M_JNL_10off_20on_20off,192,19.108,104170000,-9.500199256668937
csuEx72_NaAc_0.25M_JNL_10off_20on_20off,193,19.208,104325000,-9.365539862263482
csuEx72_NaAc_0.25M_JNL_10off_20on_20off,194,19.308,104885000,-8.879028501830868
csuEx72_NaAc_0.25M_JNL_10off_20on_20off,195,19.408,104760000.00000001,-8.987624787641705
csuEx72_NaAc_0.25M_JNL_10off_20on_20off,196,19.508,104678000,-9.058863951133638
csuEx72_NaAc_0.25M_JNL_10off_20on_20off,197,19.608,104725000,-9.018031747668758
csuEx72_NaAc_0.25M_JNL_10off_20on_20off,198,19.708,104891000,-8.873815880111948
csuEx72_NaAc_0.25M_JNL_10off_20on_20off,199,19.808,104024999.99999999,-9.626170948209538
csuEx72_NaAc_0.25M_JNL_10off_20on_20off,200,19.908,104075999.99999999,-9.58186366359871
csuEx72_NaAc_0.25M_JNL_10off_20on_20off,201,20.008,104404000.00000001,-9.296907009631012
csuEx72_NaAc_0.25M_JNL_10off_20on_20off,202,20.108,104485999.99999999,-9.2256678461391175
csuEx72_NaAc_0.25M_JNL_10off_20on_20off,203,20.208,103953999.99999999,-9.687853638550102
csuEx72_NaAc_0.25M_JNL_10off_20on_20off,204,20.309,104440000,-9.2656312793175
csuEx72_NaAc_0.25M_JNL_10off_20on_20off,205,20.408,103881000,-9.751273869463626
csuEx72_NaAc_0.25M_JNL_10off_20on_20off,206,20.508,103852000.00000001,-9.77646820777173
csuEx72_NaAc_0.25M_JNL_10off_20on_20off,207,20.608,103491000,-10.090094281193482
csuEx72_NaAc_0.25M_JNL_10off_20on_20off,208,20.708,103655000.00000001,-9.947615954209631
csuEx72_NaAc_0.25M_JNL_10off_20on_20off,209,20.808,103506000.00000001,-10.077062726896168
csuEx72_NaAc_0.25M_JNL_10off_20on_20off,210,20.908,103292000,-10.262979568204358
csuEx72_NaAc_0.25M_JNL_10off_20on_20off,211,21.008,103824999.99999999,-9.7999250055069
csuEx72_NaAc_0.25M_JNL_10off_20on_20off,212,21.108,103343000,-10.21867228359353
csuEx72_NaAc_0.25M_JNL_10off_20on_20off,213,21.208,103516000.00000001,-10.068375024031297
csuEx72_NaAc_0.25M_JNL_10off_20on_20off,214,21.308,103072999.99999999,-10.453240260944982
csuEx72_NaAc_0.25M_JNL_10off_20on_20off,215,21.408,104078000,-9.580126123025725
csuEx72_NaAc_0.25M_JNL_10off_20on_20off,216,21.508,103316000.00000001,-10.24212908132866
csuEx72_NaAc_0.25M_JNL_10off_20on_20off,217,21.608,103614999.99999999,-9.98236676566913
csuEx72_NaAc_0.25M_JNL_10off_20on_20off,218,21.708,103124000,-10.40893297633414
csuEx72_NaAc_0.25M_JNL_10off_20on_20off,219,21.808,102818000.00000001,-10.674776683999093
csuEx72_NaAc_0.25M_JNL_10off_20on_20off,220,21.908,102726999.99999999,-10.753834780069418
csuEx72_NaAc_0.25M_JNL_10off_20on_20off,221,22.008,103055000.00000001,-10.46887812610172
csuEx72_NaAc_0.25M_JNL_10off_20on_20off,222,22.108,102872999.99999999,-10.626994318242344
csuEx72_NaAc_0.25M_JNL_10off_20on_20off,223,22.208,102594999.99999999,-10.868512457885677
csuEx72_NaAc_0.25M_JNL_10off_20on_20off,224,22.308,102269000.00000001,-11.15173157128035
csuEx72_NaAc_0.25M_JNL_10off_20on_20off,225,22.408,101986000,-11.397593562356132
csuEx72_NaAc_0.25M_JNL_10off_20on_20off,226,22.508,102468000,-10.978846284269489
csuEx72_NaAc_0.25M_JNL_10off_20on_20off,227,22.608,102301000,-11.123930922112786
csuEx72_NaAc_0.25M_JNL_10off_20on_20off,228,22.708,102352000,-11.079623637501959
csuEx72_NaAc_0.25M_JNL_10off_20on_20off,229,22.808,102167999.99999999,-11.239477370215544
csuEx72_NaAc_0.25M_JNL_10off_20on_20off,230,22.908,102211000,-11.2021202478966
csuEx72_NaAc_0.25M_JNL_10off_20on_20off,231,23.008,102655999.99999999,-10.815517470409981
csuEx72_NaAc_0.25M_JNL_10off_20on_20off,232,23.108,101922000,-11.453194860691287
csuEx72_NaAc_0.25M_JNL_10off_20on_20off,233,23.208,101780000,-11.576560241372414
csuEx72_NaAc_0.25M_JNL_10off_20on_20off,234,23.308,101732000,-11.618261215123782
csuEx72_NaAc_0.25M_JNL_10off_20on_20off,235,23.408,101681000,-11.66256849973461
csuEx72_NaAc_0.25M_JNL_10off_20on_20off,236,23.508,101894000,-11.47752042871292
csuEx72_NaAc_0.25M_JNL_10off_20on_20off,237,23.608,102340000.00000001,-11.090048880939788
csuEx72_NaAc_0.25M_JNL_10off_20on_20off,238,23.708,101352000,-11.948393923988771
csuEx72_NaAc_0.25M_JNL_10off_20on_20off,239,23.808,101872000,-11.496633375015628
csuEx72_NaAc_0.25M_JNL_10off_20on_20off,240,23.908,101650000,-11.6895003786157
csuEx72_NaAc_0.25M_JNL_10off_20on_20off,241,24.008,102002000,-11.383693237772343
csuEx72_NaAc_0.25M_JNL_10off_20on_20off,242,24.108,101472000,-11.844141489610353
csuEx72_NaAc_0.25M_JNL_10off_20on_20off,243,24.208,101749000,-11.603492120253506
csuEx72_NaAc_0.25M_JNL_10off_20on_20off,244,24.308,101274000,-12.016158006334742
csuEx72_NaAc_0.25M_JNL_10off_20on_20off,245,24.408,100740999.99999999,-12.479212569032223
csuEx72_NaAc_0.25M_JNL_10off_20on_20off,246,24.508,101520000.00000001,-11.802440515858972
csuEx72_NaAc_0.25M_JNL_10off_20on_20off,247,24.608,101962000,-11.418444049231816
csuEx72_NaAc_0.25M_JNL_10off_20on_20off,248,24.708,101250000,-12.037008493210424
csuEx72_NaAc_0.25M_JNL_10off_20on_20off,249,24.808,101769000,-11.58611671452377
csuEx72_NaAc_0.25M_JNL_10off_20on_20off,250,24.908,100610000,-12.593021476561983
csuEx72_NaAc_0.25M_JNL_10off_20on_20off,251,25.008,100963000,-12.28634556543214
csuEx72_NaAc_0.25M_JNL_10off_20on_20off,252,25.108,101282000,-12.009207844042846
csuEx72_NaAc_0.25M_JNL_10off_20on_20off,253,25.208,100903000.00000001,-12.338471782621335
csuEx72_NaAc_0.25M_JNL_10off_20on_20off,254,25.308,100709000,-12.50701321819979
csuEx72_NaAc_0.25M_JNL_10off_20on_20off,255,25.408,101610000,-11.724251190075172
csuEx72_NaAc_0.25M_JNL_10off_20on_20off,256,25.508,100878000,-12.360191039783517
csuEx72_NaAc_0.25M_JNL_10off_20on_20off,257,25.608,100570000,-12.627772288021454
csuEx72_NaAc_0.25M_JNL_10off_20on_20off,258,25.708,100850000,-12.384516607805148
csuEx72_NaAc_0.25M_JNL_10off_20on_20off,259,25.808,100847000,-12.387122918664609
csuEx72_NaAc_0.25M_JNL_10off_20on_20off,260,25.908,101404999.99999999,-11.902349098804981
csuEx72_NaAc_0.25M_JNL_10off_20on_20off,261,26.008,100983000,-12.268970159702402
csuEx72_NaAc_0.25M_JNL_10off_20on_20off,262,26.108,100447000,-12.734631033259333
csuEx72_NaAc_0.25M_JNL_10off_20on_20off,263,26.208,100682999.99999999,-12.529601245648458
csuEx72_NaAc_0.25M_JNL_10off_20on_20off,264,26.308,100781000.00000001,-12.444461757572725
csuEx72_NaAc_0.25M_JNL_10off_20on_20off,265,26.408,100594999.99999999,-12.606053030859298
csuEx72_NaAc_0.25M_JNL_10off_20on_20off,266,26.508,100990000,-12.262888767696996
csuEx72_NaAc_0.25M_JNL_10off_20on_20off,267,26.608,100845000,-12.388860459237582
csuEx72_NaAc_0.25M_JNL_10off_20on_20off,268,26.708,100283000.00000001,-12.877109360243159
csuEx72_NaAc_0.25M_JNL_10off_20on_20off,269,26.808,100488000,-12.699011451513373
csuEx72_NaAc_0.25M_JNL_10off_20on_20off,270,26.908,100111000,-13.0265378495189
csuEx72_NaAc_0.25M_JNL_10off_20on_20off,271,27.008,100118000,-13.020456457513493
csuEx72_NaAc_0.25M_JNL_10off_20on_20off,272,27.108,100220000,-12.931841888291839
csuEx72_NaAc_0.25M_JNL_10off_20on_20off,273,27.208,99898900.00000001,-13.210804027282741
csuEx72_NaAc_0.25M_JNL_10off_20on_20off,274,27.308,100312000,-12.851915021935053
csuEx72_NaAc_0.25M_JNL_10off_20on_20off,275,27.408,100126000,-13.0135062952216
csuEx72_NaAc_0.25M_JNL_10off_20on_20off,276,27.508,99764199.99999999,-13.32782738487254
csuEx72_NaAc_0.25M_JNL_10off_20on_20off,277,27.608,99667100.00000001,-13.412184979690384
csuEx72_NaAc_0.25M_JNL_10off_20on_20off,278,27.708,99732600,-13.355280525925512
csuEx72_NaAc_0.25M_JNL_10off_20on_20off,279,27.808,99514099.99999999,-13.54510683352289
csuEx72_NaAc_0.25M_JNL_10off_20on_20off,280,27.908,99572700,-13.494196894734753
csuEx72_NaAc_0.25M_JNL_10off_20on_20off,281,28.008,99004500,-13.987832171516557
csuEx72_NaAc_0.25M_JNL_10off_20on_20off,282,28.108,99146100,-13.864814298950026
csuEx72_NaAc_0.25M_JNL_10off_20on_20off,283,28.208,99281000,-13.747617187302955
csuEx72_NaAc_0.25M_JNL_10off_20on_20off,284,28.308,99170700,-13.843442549902448
csuEx72_NaAc_0.25M_JNL_10off_20on_20off,285,28.408,99011800,-13.981490148425205
csuEx72_NaAc_0.25M_JNL_10off_20on_20off,286,28.508,98671600,-14.277045799888016
csuEx72_NaAc_0.25M_JNL_10off_20on_20off,287,28.607,99128100,-13.880452164106789
csuEx72_NaAc_0.25M_JNL_10off_20on_20off,288,28.711,98870900,-14.103899881791197
csuEx72_NaAc_0.25M_JNL_10off_20on_20off,289,28.811,99153800.00000001,-13.858124767744066
csuEx72_NaAc_0.25M_JNL_10off_20on_20off,290,28.911,98739899.99999999,-14.217708789320982
csuEx72_NaAc_0.25M_JNL_10off_20on_20off,291,29.011,98414400,-14.500493517572425
csuEx72_NaAc_0.25M_JNL_10off_20on_20off,292,29.111,99010500,-13.982619549797636
csuEx72_NaAc_0.25M_JNL_10off_20on_20off,293,29.211,98507500,-14.419611003900505
csuEx72_NaAc_0.25M_JNL_10off_20on_20off,294,29.311,99242000.00000001,-13.781499228475926
csuEx72_NaAc_0.25M_JNL_10off_20on_20off,295,29.411,98551300.00000001,-14.381558865352368
csuEx72_NaAc_0.25M_JNL_10off_20on_20off,296,29.511,98690800,-14.260365410387472
csuEx72_NaAc_0.25M_JNL_10off_20on_20off,297,29.611,98211300,-14.676940762757894
csuEx72_NaAc_0.25M_JNL_10off_20on_20off,298,29.711,98741100,-14.216666264977185
csuEx72_NaAc_0.25M_JNL_10off_20on_20off,299,29.811,97614699.99999999,-15.19524911567594
csuEx72_NaAc_0.25M_JNL_10off_20on_20off,300,29.911,97946800,-14.906730503533657
csuEx72_NaAc_0.25M_JNL_10off_20on_20off,301,30.011,97920700,-14.929405408010963
csuEx72_NaAc_0.25M_JNL_10off_20on_20off,302,30.111,98715900,-14.238559276196652
csuEx72_NaAc_0.25M_JNL_10off_20on_20off,303,30.211,99464500,-13.588197839732624
csuEx72_NaAc_0.25M_JNL_10off_20on_20off,304,30.311,99201300,-13.816858179135954
csuEx72_NaAc_0.25M_JNL_10off_20on_20off,305,30.411,100220000,-12.931841888291839
csuEx72_NaAc_0.25M_JNL_10off_20on_20off,306,30.511,100426000,-12.752875209275558
csuEx72_NaAc_0.25M_JNL_10off_20on_20off,307,30.611,100333000,-12.83367084591883
csuEx72_NaAc_0.25M_JNL_10off_20on_20off,308,30.711,100643000,-12.56435205710792
csuEx72_NaAc_0.25M_JNL_10off_20on_20off,309,30.811,101187999.99999999,-12.09087225097262
csuEx72_NaAc_0.25M_JNL_10off_20on_20off,310,30.911,100843000,-12.390597999810558
csuEx72_NaAc_0.25M_JNL_10off_20on_20off,311,31.011,101155000,-12.119541670426672
csuEx72_NaAc_0.25M_JNL_10off_20on_20off,312,31.111,101350000,-11.950131464561743
csuEx72_NaAc_0.25M_JNL_10off_20on_20off,313,31.211,101417000,-11.891923855367127
csuEx72_NaAc_0.25M_JNL_10off_20on_20off,314,31.311,101633000,-11.704269473485976
csuEx72_NaAc_0.25M_JNL_10off_20on_20off,315,31.411,101577000,-11.752920609529237
csuEx72_NaAc_0.25M_JNL_10off_20on_20off,316,31.511,101675000,-11.66778112145353
csuEx72_NaAc_0.25M_JNL_10off_20on_20off,317,31.611,102119000,-11.282047114253386
csuEx72_NaAc_0.25M_JNL_10off_20on_20off,318,31.711,102245000.00000001,-11.172582058156035
csuEx72_NaAc_0.25M_JNL_10off_20on_20off,319,31.811,101651000,-11.688631608329214
csuEx72_NaAc_0.25M_JNL_10off_20on_20off,320,31.911,102258000,-11.16128804443172
csuEx72_NaAc_0.25M_JNL_10off_20on_20off,321,32.011,101953999.99999999,-11.425394211523724
csuEx72_NaAc_0.25M_JNL_10off_20on_20off,322,32.111,102207000,-11.205595329042547
csuEx72_NaAc_0.25M_JNL_10off_20on_20off,323,32.211,101905000,-11.467963955561563
csuEx72_NaAc_0.25M_JNL_10off_20on_20off,324,32.311,102036000,-11.354155048031792
csuEx72_NaAc_0.25M_JNL_10off_20on_20off,325,32.411,101826000,-11.536596808194021
csuEx72_NaAc_0.25M_JNL_10off_20on_20off,326,32.511,102048999.99999999,-11.342861034307477
csuEx72_NaAc_0.25M_JNL_10off_20on_20off,327,32.611,101076000.00000001,-12.188174523059118
csuEx72_NaAc_0.25M_JNL_10off_20on_20off,328,32.711,101499999.99999999,-11.819815921588734
csuEx72_NaAc_0.25M_JNL_10off_20on_20off,329,32.811,101106000,-12.162111414464526
csuEx72_NaAc_0.25M_JNL_10off_20on_20off,330,32.911,101357999.99999999,-11.943181302269862
csuEx72_NaAc_0.25M_JNL_10off_20on_20off,331,33.011,102021000,-11.367186602329094
csuEx72_NaAc_0.25M_JNL_10off_20on_20off,332,33.111,100577000,-12.621690896016046
csuEx72_NaAc_0.25M_JNL_10off_20on_20off,333,33.211,100475000,-12.710305465237703
csuEx72_NaAc_0.25M_JNL_10off_20on_20off,334,33.311,101540999.99999999,-11.784196339842776
csuEx72_NaAc_0.25M_JNL_10off_20on_20off,335,33.411,100633000,-12.573039759972787
csuEx72_NaAc_0.25M_JNL_10off_20on_20off,336,33.511,100750000,-12.47139363645383
csuEx72_NaAc_0.25M_JNL_10off_20on_20off,337,33.611,100225000.00000001,-12.927498036859392
csuEx72_NaAc_0.25M_JNL_10off_20on_20off,338,33.711,100609000,-12.59389024684847
csuEx72_NaAc_0.25M_JNL_10off_20on_20off,339,33.811,100431000,-12.748531357843124
csuEx72_NaAc_0.25M_JNL_10off_20on_20off,340,33.911,100521000,-12.67034203205931
csuEx72_NaAc_0.25M_JNL_10off_20on_20off,341,34.011,99961300.00000001,-13.156592761405964
csuEx72_NaAc_0.25M_JNL_10off_20on_20off,342,34.111,99973500.00000001,-13.145993763910827
csuEx72_NaAc_0.25M_JNL_10off_20on_20off,343,34.211,99945700,-13.170145577875173
csuEx72_NaAc_0.25M_JNL_10off_20on_20off,344,34.311,99639000,-13.436597424740675
csuEx72_NaAc_0.25M_JNL_10off_20on_20off,345,34.411,99465600,-13.58724219241749
csuEx72_NaAc_0.25M_JNL_10off_20on_20off,346,34.511,99691300,-13.391160738757415
csuEx72_NaAc_0.25M_JNL_10off_20on_20off,347,34.611,100316000,-12.848439940789106
csuEx72_NaAc_0.25M_JNL_10off_20on_20off,348,34.711,100145000,-12.99699965977835
csuEx72_NaAc_0.25M_JNL_10off_20on_20off,349,34.811,99930700,-13.183177132172474
csuEx72_NaAc_0.25M_JNL_10off_20on_20off,350,34.911,100010000,-13.11428364845407
csuEx72_NaAc_0.25M_JNL_10off_20on_20off,351,35.011,99867700,-13.237909660221142
csuEx72_NaAc_0.25M_JNL_10off_20on_20off,352,35.111,99139500,-13.870548182840839
csuEx72_NaAc_0.25M_JNL_10off_20on_20off,353,35.211,99406100,-13.638934024463452
csuEx72_NaAc_0.25M_JNL_10off_20on_20off,354,35.311,99309500,-13.72285723413808
csuEx72_NaAc_0.25M_JNL_10off_20on_20off,355,35.411,99788800,-13.306455635824952
csuEx72_NaAc_0.25M_JNL_10off_20on_20off,356,35.511,99972999.99999999,-13.146428149054096
csuEx72_NaAc_0.25M_JNL_10off_20on_20off,357,35.611,99625299.99999999,-13.44849957766556
csuEx72_NaAc_0.25M_JNL_10off_20on_20off,358,35.711,99626600,-13.447370176293113
csuEx72_NaAc_0.25M_JNL_10off_20on_20off,359,35.811,99642700.00000001,-13.433382974680663
csuEx72_NaAc_0.25M_JNL_10off_20on_20off,360,35.911,99509100,-13.549450684955314
csuEx72_NaAc_0.25M_JNL_10off_20on_20off,361,36.011,99480799.99999999,-13.574036884062904
csuEx72_NaAc_0.25M_JNL_10off_20on_20off,362,36.111,98882000,-14.094256531611194
csuEx72_NaAc_0.25M_JNL_10off_20on_20off,363,36.211,99783300,-13.31123387240063
csuEx72_NaAc_0.25M_JNL_10off_20on_20off,364,36.311,98557000,-14.376606874719405
csuEx72_NaAc_0.25M_JNL_10off_20on_20off,365,36.411,99359100,-13.679766227928337
csuEx72_NaAc_0.25M_JNL_10off_20on_20off,366,36.511,99479399.99999999,-13.575253162463985
csuEx72_NaAc_0.25M_JNL_10off_20on_20off,367,36.611,98730900,-14.22552772189935
csuEx72_NaAc_0.25M_JNL_10off_20on_20off,368,36.711,98706500,-14.246725716889626
csuEx72_NaAc_0.25M_JNL_10off_20on_20off,369,36.811,98375600,-14.534201804688113
csuEx72_NaAc_0.25M_JNL_10off_20on_20off,370,36.911,98734900,-14.222052640753402
csuEx72_NaAc_0.25M_JNL_10off_20on_20off,371,37.011,98847500,-14.124229106494987
csuEx72_NaAc_0.25M_JNL_10off_20on_20off,372,37.111,98214800,-14.673900066755191
csuEx72_NaAc_0.25M_JNL_10off_20on_20off,373,37.211,98762300,-14.198248334903663
csuEx72_NaAc_0.25M_JNL_10off_20on_20off,374,37.311,98587900.00000001,-14.349761872866951
csuEx72_NaAc_0.25M_JNL_10off_20on_20off,375,37.411,98594000.00000001,-14.344462374119379
csuEx72_NaAc_0.25M_JNL_10off_20on_20off,376,37.511,98545600,-14.386510855985355
csuEx72_NaAc_0.25M_JNL_10off_20on_20off,377,37.611,98278000,-14.618993784649225
csuEx72_NaAc_0.25M_JNL_10off_20on_20off,378,37.711,98075600,-14.794832890634158
csuEx72_NaAc_0.25M_JNL_10off_20on_20off,379,37.811,98568300,-14.366789770482105
csuEx72_NaAc_0.25M_JNL_10off_20on_20off,380,37.911,98436800.00000001,-14.481033063155108
csuEx72_NaAc_0.25M_JNL_10off_20on_20off,381,38.011,97674900,-15.142949144429421
csuEx72_NaAc_0.25M_JNL_10off_20on_20off,382,38.111,97721600,-15.102377572050488
csuEx72_NaAc_0.25M_JNL_10off_20on_20off,383,38.211,98077500,-14.793182227089833
csuEx72_NaAc_0.25M_JNL_10off_20on_20off,384,38.311,98431900,-14.485290037558906
csuEx72_NaAc_0.25M_JNL_10off_20on_20off,385,38.411,97708000,-15.11419284794671
csuEx72_NaAc_0.25M_JNL_10off_20on_20off,386,38.511,97557700,-15.244769022005675
csuEx72_NaAc_0.25M_JNL_10off_20on_20off,387,38.611,98294900,-14.6043115668076
csuEx72_NaAc_0.25M_JNL_10off_20on_20off,388,38.709,97552100,-15.249634135610002
csuEx72_NaAc_0.25M_JNL_10off_20on_20off,389,38.809,97392500,-15.388289873333298
csuEx72_NaAc_0.25M_JNL_10off_20on_20off,390,38.909,97733600,-15.091952328612646
csuEx72_NaAc_0.25M_JNL_10off_20on_20off,391,39.009,97825000,-15.01254672442775
csuEx72_NaAc_0.25M_JNL_10off_20on_20off,392,39.109,98627300.00000001,-14.315532323579369
csuEx72_NaAc_0.25M_JNL_10off_20on_20off,393,39.209,97974800,-14.882404935512028
csuEx72_NaAc_0.25M_JNL_10off_20on_20off,394,39.309,97594000,-15.213232660606204
csuEx72_NaAc_0.25M_JNL_10off_20on_20off,395,39.409,98117300,-14.758605169687655
csuEx72_NaAc_0.25M_JNL_10off_20on_20off,396,39.509,97732600,-15.092821098899131
csuEx72_NaAc_0.25M_JNL_10off_20on_20off,397,39.609,97339500,-15.434334698517096
csuEx72_NaAc_0.25M_JNL_10off_20on_20off,398,39.709,98195900,-14.690319825169793
csuEx72_NaAc_0.25M_JNL_10off_20on_20off,399,39.809,96905300.00000001,-15.811554756909658
csuEx72_NaAc_0.25M_JNL_10off_20on_20off,400,39.909,97817900.00000001,-15.018714993461794
csuEx72_NaAc_0.25M_JNL_10off_20on_20off,401,40.009,97842800.00000001,-14.997082613328272
csuEx72_NaAc_0.25M_JNL_10off_20on_20off,402,40.109,97226800,-15.53224510980416
csuEx72_NaAc_0.25M_JNL_10off_20on_20off,403,40.209,97176100,-15.576291763329042
csuEx72_NaAc_0.25M_JNL_10off_20on_20off,404,40.309,97840000,-14.999515170130447
csuEx72_NaAc_0.25M_JNL_10off_20on_20off,405,40.409,97820300,-15.016629944774241
csuEx72_NaAc_0.25M_JNL_10off_20on_20off,406,40.509,97365400,-15.41183354809709
csuEx72_NaAc_0.25M_JNL_10off_20on_20off,407,40.61,97188700.00000001,-15.565345257719295
csuEx72_NaAc_0.25M_JNL_10off_20on_20off,408,40.709,97766300.00000001,-15.063543540244515
csuEx72_NaAc_0.25M_JNL_10off_20on_20off,409,40.81,96985700,-15.741705625876131
csuEx72_NaAc_0.25M_JNL_10off_20on_20off,410,40.91,97112400,-15.631632430578252
csuEx72_NaAc_0.25M_JNL_10off_20on_20off,411,41.01,97403200,-15.378994031267887
csuEx72_NaAc_0.25M_JNL_10off_20on_20off,412,41.11,97036200.00000001,-15.697832726408533
csuEx72_NaAc_0.25M_JNL_10off_20on_20off,413,41.21,97503100,-15.292203879647856
csuEx72_NaAc_0.25M_JNL_10off_20on_20off,414,41.31,96607100,-16.070622056340035
csuEx72_NaAc_0.25M_JNL_10off_20on_20off,415,41.41,97091400,-15.649876606594477
csuEx72_NaAc_0.25M_JNL_10off_20on_20off,416,41.51,96935300.00000001,-15.785491648315054
csuEx72_NaAc_0.25M_JNL_10off_20on_20off,417,41.61,97041000,-15.693662629033412
csuEx72_NaAc_0.25M_JNL_10off_20on_20off,418,41.71,96735600,-15.958985074526483
csuEx72_NaAc_0.25M_JNL_10off_20on_20off,419,41.81,96440699.99999999,-16.215185432011456
csuEx72_NaAc_0.25M_JNL_10off_20on_20off,420,41.91,96534600.00000001,-16.13360790211032
csuEx72_NaAc_0.25M_JNL_10off_20on_20off,421,42.01,96838700,-15.86941485798969
csuEx72_NaAc_0.25M_JNL_10off_20on_20off,422,42.11,96739500,-15.955596870409183
csuEx72_NaAc_0.25M_JNL_10off_20on_20off,423,42.21,96341200,-16.30162807551688
csuEx72_NaAc_0.25M_JNL_10off_20on_20off,424,42.31,97022300,-15.709908633390715
csuEx72_NaAc_0.25M_JNL_10off_20on_20off,425,42.41,96505400,-16.158975994475746
csuEx72_NaAc_0.25M_JNL_10off_20on_20off,426,42.51,96800800,-15.902341251847544
csuEx72_NaAc_0.25M_JNL_10off_20on_20off,427,42.61,96315800,-16.323694840793646
csuEx72_NaAc_0.25M_JNL_10off_20on_20off,428,42.71,96948300,-15.774197634590736
csuEx72_NaAc_0.25M_JNL_10off_20on_20off,429,42.81,96410200,-16.24168292574929
csuEx72_NaAc_0.25M_JNL_10off_20on_20off,430,42.91,96279200,-16.35549183327906
csuEx72_NaAc_0.25M_JNL_10off_20on_20off,431,43.01,96244300,-16.38581191627745
csuEx72_NaAc_0.25M_JNL_10off_20on_20off,432,43.11,96531600,-16.13621421296979
csuEx72_NaAc_0.25M_JNL_10off_20on_20off,433,43.21,95846300,-16.731582490299203
csuEx72_NaAc_0.25M_JNL_10off_20on_20off,434,43.31,95954500,-16.63758154530133
csuEx72_NaAc_0.25M_JNL_10off_20on_20off,435,43.41,96299700,-16.337682042406083
csuEx72_NaAc_0.25M_JNL_10off_20on_20off,436,43.51,96432200,-16.22256997944658
csuEx72_NaAc_0.25M_JNL_10off_20on_20off,437,43.61,96452800,-16.204673311544955
csuEx72_NaAc_0.25M_JNL_10off_20on_20off,438,43.71,95945900,-16.645052969765118
csuEx72_NaAc_0.25M_JNL_10off_20on_20off,439,43.81,96285200,-16.350279211560142
csuEx72_NaAc_0.25M_JNL_10off_20on_20off,440,43.91,95592200,-16.952337020095502
csuEx72_NaAc_0.25M_JNL_10off_20on_20off,441,44.01,95786300,-16.78370870748841
csuEx72_NaAc_0.25M_JNL_10off_20on_20off,442,44.11,95154800,-17.332337143404832
csuEx72_NaAc_0.25M_JNL_10off_20on_20off,443,44.21,95486600,-17.044079162348506
csuEx72_NaAc_0.25M_JNL_10off_20on_20off,444,44.31,95667800,-16.886657986437097
csuEx72_NaAc_0.25M_JNL_10off_20on_20off,445,44.41,95919500,-16.667988505328367
csuEx72_NaAc_0.25M_JNL_10off_20on_20off,446,44.51,95195800,-17.296717561658873
csuEx72_NaAc_0.25M_JNL_10off_20on_20off,447,44.61,95498400,-17.033827672967963
csuEx72_NaAc_0.25M_JNL_10off_20on_20off,448,44.71,95868200,-16.712556421025145
csuEx72_NaAc_0.25M_JNL_10off_20on_20off,449,44.81,95762800,-16.804124809220852
csuEx72_NaAc_0.25M_JNL_10off_20on_20off,450,44.91,94929000,-17.528505474093553
csuEx72_NaAc_0.25M_JNL_10off_20on_20off,451,45.01,95303300,-17.20332475586154
csuEx72_NaAc_0.25M_JNL_10off_20on_20off,452,45.11,95956700,-16.63567025067106
csuEx72_NaAc_0.25M_JNL_10off_20on_20off,453,45.21,95674499.99999999,-16.88083722551765
csuEx72_NaAc_0.25M_JNL_10off_20on_20off,454,45.31,95578900,-16.963891664905777
csuEx72_NaAc_0.25M_JNL_10off_20on_20off,455,45.41,94497600,-17.903292975683964
csuEx72_NaAc_0.25M_JNL_10off_20on_20off,456,45.51,95032200,-17.438848380528114
csuEx72_NaAc_0.25M_JNL_10off_20on_20off,457,45.61,95129200,-17.354577662738897
csuEx72_NaAc_0.25M_JNL_10off_20on_20off,458,45.71,94813100,-17.629195950297376
csuEx72_NaAc_0.25M_JNL_10off_20on_20off,459,45.81,94803900,-17.637188636933054
csuEx72_NaAc_0.25M_JNL_10off_20on_20off,460,45.91,94940600,-17.518427738770306
csuEx72_NaAc_0.25M_JNL_10off_20on_20off,461,46.01,94680300,-17.744568644342824
csuEx72_NaAc_0.25M_JNL_10off_20on_20off,462,46.11,95048999.99999999,-17.42425303971515
csuEx72_NaAc_0.25M_JNL_10off_20on_20off,463,46.21,94675200,-17.748999372803905
csuEx72_NaAc_0.25M_JNL_10off_20on_20off,464,46.31,94426500,-17.965062543053175
csuEx72_NaAc_0.25M_JNL_10off_20on_20off,465,46.41,94854600,-17.593141983408174
csuEx72_NaAc_0.25M_JNL_10off_20on_20off,466,46.51,94672300,-17.75151880663472
csuEx72_NaAc_0.25M_JNL_10off_20on_20off,467,46.61,94736200,-17.696004385328212
csuEx72_NaAc_0.25M_JNL_10off_20on_20off,468,46.71,94956600.00000001,-17.504527414186505
csuEx72_NaAc_0.25M_JNL_10off_20on_20off,469,46.81,95272700,-17.229909126628037
csuEx72_NaAc_0.25M_JNL_10off_20on_20off,470,46.91,94820400,-17.622853927206023
csuEx72_NaAc_0.25M_JNL_10off_20on_20off,471,47.01,94242600,-18.1248293987381
csuEx72_NaAc_0.25M_JNL_10off_20on_20off,472,47.11,94418800,-17.971752074259125
csuEx72_NaAc_0.25M_JNL_10off_20on_20off,473,47.21,94745400,-17.68801169869253
csuEx72_NaAc_0.25M_JNL_10off_20on_20off,474,47.31,94621000,-17.79608672233149
csuEx72_NaAc_0.25M_JNL_10off_20on_20off,475,47.41,95002800,-17.464390226950826
csuEx72_NaAc_0.25M_JNL_10off_20on_20off,476,47.51,94150400,-18.204930019152187
csuEx72_NaAc_0.25M_JNL_10off_20on_20off,477,47.61,94062400,-18.281381804363026
csuEx72_NaAc_0.25M_JNL_10off_20on_20off,478,47.71,93989499.99999999,-18.344715158247926
csuEx72_NaAc_0.25M_JNL_10off_20on_20off,479,47.81,94360199.99999999,-18.022662013047267
csuEx72_NaAc_0.25M_JNL_10off_20on_20off,480,47.91,93840900,-18.473814422819853
csuEx72_NaAc_0.25M_JNL_10off_20on_20off,481,48.01,94179900,-18.179301295700824
csuEx72_NaAc_0.25M_JNL_10off_20on_20off,482,48.11,94572299.99999999,-17.838395835283414
csuEx72_NaAc_0.25M_JNL_10off_20on_20off,483,48.21,94169600,-18.188249629651636
csuEx72_NaAc_0.25M_JNL_10off_20on_20off,484,48.31,94246000,-18.121875579764048
csuEx72_NaAc_0.25M_JNL_10off_20on_20off,485,48.41,94007700,-18.328903539033853
csuEx72_NaAc_0.25M_JNL_10off_20on_20off,486,48.51,94316300,-18.060801028624024
csuEx72_NaAc_0.25M_JNL_10off_20on_20off,487,48.611,94292900,-18.081130253327814
csuEx72_NaAc_0.25M_JNL_10off_20on_20off,488,48.709,93834900,-18.479027044538775
csuEx72_NaAc_0.25M_JNL_10off_20on_20off,489,48.809,93794000,-18.514559749256083
csuEx72_NaAc_0.25M_JNL_10off_20on_20off,490,48.909,93415600,-18.843302425662696
csuEx72_NaAc_0.25M_JNL_10off_20on_20off,491,49.01,93950200,-18.378857830506846
csuEx72_NaAc_0.25M_JNL_10off_20on_20off,492,49.109,92906300,-19.285767132570424
csuEx72_NaAc_0.25M_JNL_10off_20on_20off,493,49.209,92662200,-19.497833959501857
csuEx72_NaAc_0.25M_JNL_10off_20on_20off,494,49.309,93450399.99999999,-18.813069219692967
csuEx72_NaAc_0.25M_JNL_10off_20on_20off,495,49.409,93519800,-18.75277656181077
csuEx72_NaAc_0.25M_JNL_10off_20on_20off,496,49.509,93513900,-18.75790230650104
csuEx72_NaAc_0.25M_JNL_10off_20on_20off,497,49.609,92777500,-19.39766474546993
csuEx72_NaAc_0.25M_JNL_10off_20on_20off,498,49.709,93086400,-19.129301603974152
csuEx72_NaAc_0.25M_JNL_10off_20on_20off,499,49.809,92648200,-19.509996743512673
csuEx72_NaAc_0.25M_JNL_10off_20on_20off,500,49.909,92991400,-19.211834781190397
csuEx72_NaAc_0.25M_JNL_10off_20on_20off,501,50.009,92892400,-19.297843039552593
csuEx72_NaAc_0.25M_JNL_10off_20on_20off,502,50.109,93012200,-19.193764359231473
csuEx72_NaAc_0.25M_JNL_10off_20on_20off,503,50.209,93334600,-18.913672818868125
csuEx72_NaAc_0.25M_JNL_10off_20on_20off,504,50.309,93217100,-19.015753327530323
csuEx72_NaAc_0.25M_JNL_10off_20on_20off,505,50.409,93129500,-19.09185760462657
csuEx72_NaAc_0.25M_JNL_10off_20on_20off,506,50.509,93339800,-18.909155213378394
csuEx72_NaAc_0.25M_JNL_10off_20on_20off,507,50.609,92905700,-19.286288394742318
csuEx72_NaAc_0.25M_JNL_10off_20on_20off,508,50.709,92769900,-19.404267399647228
csuEx72_NaAc_0.25M_JNL_10off_20on_20off,509,50.809,92813300,-19.3665627692137
csuEx72_NaAc_0.25M_JNL_10off_20on_20off,510,50.909,93034900,-19.174043273728223
csuEx72_NaAc_0.25M_JNL_10off_20on_20off,511,51.009,93092300,-19.12417585928388
csuEx72_NaAc_0.25M_JNL_10off_20on_20off,512,51.109,92434800,-19.695392322648956
csuEx72_NaAc_0.25M_JNL_10off_20on_20off,513,51.209,92829500,-19.352488690572613
csuEx72_NaAc_0.25M_JNL_10off_20on_20off,514,51.309,92663600,-19.496617681100776
csuEx72_NaAc_0.25M_JNL_10off_20on_20off,515,51.409,92533600,-19.60955781834406
csuEx72_NaAc_0.25M_JNL_10off_20on_20off,516,51.509,92827100,-19.354573739260182
csuEx72_NaAc_0.25M_JNL_10off_20on_20off,517,51.609,92138200,-19.953069589620945
csuEx72_NaAc_0.25M_JNL_10off_20on_20off,518,51.709,92666500,-19.494098247269964
csuEx72_NaAc_0.25M_JNL_10off_20on_20off,519,51.809,92434000,-19.696087338878147
csuEx72_NaAc_0.25M_JNL_10off_20on_20off,520,51.909,92121800,-19.96731742231933
csuEx72_NaAc_0.25M_JNL_10off_20on_20off,521,52.009,92208900,-19.891647530366328
csuEx72_NaAc_0.25M_JNL_10off_20on_20off,522,52.109,92268000.00000001,-19.840303206434946
csuEx72_NaAc_0.25M_JNL_10off_20on_20off,523,52.209,91894200,-20.16504953952373
csuEx72_NaAc_0.25M_JNL_10off_20on_20off,524,52.309,92269000,-19.83943443614847
csuEx72_NaAc_0.25M_JNL_10off_20on_20off,525,52.409,92203600,-19.89625201288471
csuEx72_NaAc_0.25M_JNL_10off_20on_20off,526,52.509,91985900,-20.085383304252886
csuEx72_NaAc_0.25M_JNL_10off_20on_20off,527,52.609,92302100,-19.810678139665757
csuEx72_NaAc_0.25M_JNL_10off_20on_20off,528,52.709,91759400,-20.28215977414215
csuEx72_NaAc_0.25M_JNL_10off_20on_20off,529,52.809,91775700,-20.267998818472414
csuEx72_NaAc_0.25M_JNL_10off_20on_20off,530,52.909,91403000,-20.59178950424605
csuEx72_NaAc_0.25M_JNL_10off_20on_20off,531,53.009,91875199.99999999,-20.18155617496699
csuEx72_NaAc_0.25M_JNL_10off_20on_20off,532,53.109,91292500.00000001,-20.68778862090283
csuEx72_NaAc_0.25M_JNL_10off_20on_20off,533,53.209,91833800,-20.21752326482753
csuEx72_NaAc_0.25M_JNL_10off_20on_20off,534,53.309,91195799.99999999,-20.77179870760613
csuEx72_NaAc_0.25M_JNL_10off_20on_20off,535,53.409,91476100,-20.52828239630386
csuEx72_NaAc_0.25M_JNL_10off_20on_20off,536,53.509,91332500,-20.65303780944337
csuEx72_NaAc_0.25M_JNL_10off_20on_20off,537,53.609,90984700,-20.95519611508348
csuEx72_NaAc_0.25M_JNL_10off_20on_20off,538,53.709,91180299.99999999,-20.785264647046674
csuEx72_NaAc_0.25M_JNL_10off_20on_20off,539,53.809,91529300,-20.482063817062766
csuEx72_NaAc_0.25M_JNL_10off_20on_20off,540,53.909,91814300,-20.23446428541402
csuEx72_NaAc_0.25M_JNL_10off_20on_20off,541,54.009,91048600,-20.899681693776976
csuEx72_NaAc_0.25M_JNL_10off_20on_20off,542,54.109,91448300,-20.552434210268196
csuEx72_NaAc_0.25M_JNL_10off_20on_20off,543,54.209,90801800,-21.11409420048192
csuEx72_NaAc_0.25M_JNL_10off_20on_20off,544,54.309,91071700,-20.879613100159126
csuEx72_NaAc_0.25M_JNL_10off_20on_20off,545,54.409,90939900,-20.99411702391809
csuEx72_NaAc_0.25M_JNL_10off_20on_20off,546,54.509,91747500,-20.292498140551345
csuEx72_NaAc_0.25M_JNL_10off_20on_20off,547,54.609,91553500,-20.46103957612978
csuEx72_NaAc_0.25M_JNL_10off_20on_20off,548,54.709,90909600.00000001,-21.02044076359863
csuEx72_NaAc_0.25M_JNL_10off_20on_20off,549,54.809,91311400,-20.67136886248824
csuEx72_NaAc_0.25M_JNL_10off_20on_20off,550,54.909,90793700.00000001,-21.121131239802448
csuEx72_NaAc_0.25M_JNL_10off_20on_20off,551,55.009,91277800,-20.700559544114196
csuEx72_NaAc_0.25M_JNL_10off_20on_20off,552,55.109,90965399.99999999,-20.97196338161269
csuEx72_NaAc_0.25M_JNL_10off_20on_20off,553,55.209,91239600,-20.733746569057992
csuEx72_NaAc_0.25M_JNL_10off_20on_20off,554,55.309,91254000.00000001,-20.72123627693257
csuEx72_NaAc_0.25M_JNL_10off_20on_20off,555,55.409,91382000,-20.610033680262273
csuEx72_NaAc_0.25M_JNL_10off_20on_20off,556,55.509,91197000,-20.770756183262332
csuEx72_NaAc_0.25M_JNL_10off_20on_20off,557,55.609,90658100.00000001,-21.23893649065006
csuEx72_NaAc_0.25M_JNL_10off_20on_20off,558,55.709,90724200,-21.181510774713296
csuEx72_NaAc_0.25M_JNL_10off_20on_20off,559,55.809,90904600,-21.024784615031074
csuEx72_NaAc_0.25M_JNL_10off_20on_20off,560,55.909,90890900,-21.036686767955945
csuEx72_NaAc_0.25M_JNL_10off_20on_20off,561,56.009,90790400.00000001,-21.123998181747854
csuEx72_NaAc_0.25M_JNL_10off_20on_20off,562,56.109,90999800,-20.94207768375753
csuEx72_NaAc_0.25M_JNL_10off_20on_20off,563,56.209,90114300,-21.711373772441604
csuEx72_NaAc_0.25M_JNL_10off_20on_20off,564,56.309,90574600,-21.311478809571724
csuEx72_NaAc_0.25M_JNL_10off_20on_20off,565,56.409,90143200,-21.686266311162132
csuEx72_NaAc_0.25M_JNL_10off_20on_20off,566,56.509,90178400,-21.6556855970778
csuEx72_NaAc_0.25M_JNL_10off_20on_20off,567,56.609,90342700,-21.512946639008014
csuEx72_NaAc_0.25M_JNL_10off_20on_20off,568,56.709,89867800,-21.9255256480606
csuEx72_NaAc_0.25M_JNL_10off_20on_20off,569,56.809,89451000,-22.287629103468305
csuEx72_NaAc_0.25M_JNL_10off_20on_20off,570,56.909,90174100,-21.65942130930969
csuEx72_NaAc_0.25M_JNL_10off_20on_20off,571,57.009,89724000,-22.050454815257403
csuEx72_NaAc_0.25M_JNL_10off_20on_20off,572,57.109,89181100,-22.522110203791094
csuEx72_NaAc_0.25M_JNL_10off_20on_20off,573,57.209,89865700,-21.927350065662225
csuEx72_NaAc_0.25M_JNL_10off_20on_20off,574,57.309,89308200,-22.41168950037862
csuEx72_NaAc_0.25M_JNL_10off_20on_20off,575,57.409,90128100,-21.699384742488085
csuEx72_NaAc_0.25M_JNL_10off_20on_20off,576,57.509,90064900,-21.75429102459405
csuEx72_NaAc_0.25M_JNL_10off_20on_20off,577,57.609,89694400,-22.076170415737415
csuEx72_NaAc_0.25M_JNL_10off_20on_20off,578,57.709,89653500.00000001,-22.111703120454713
csuEx72_NaAc_0.25M_JNL_10off_20on_20off,579,57.809,89766200,-22.01379270916766
csuEx72_NaAc_0.25M_JNL_10off_20on_20off,580,57.909,89691300,-22.078863603625525
csuEx72_NaAc_0.25M_JNL_10off_20on_20off,581,58.009,89057600.00000001,-22.629403334172203
csuEx72_NaAc_0.25M_JNL_10off_20on_20off,582,58.109,89496000,-22.248534440576396
csuEx72_NaAc_0.25M_JNL_10off_20on_20off,583,58.209,89225400,-22.483623680099726
csuEx72_NaAc_0.25M_JNL_10off_20on_20off,584,58.309,88565300,-23.05709894620967
csuEx72_NaAc_0.25M_JNL_10off_20on_20off,585,58.409,89513000,-22.23376534570612
csuEx72_NaAc_0.25M_JNL_10off_20on_20off,586,58.509,88881100,-22.782741289737135
csuEx72_NaAc_0.25M_JNL_10off_20on_20off,587,58.612,89405100,-22.327505659618048
csuEx72_NaAc_0.25M_JNL_10off_20on_20off,588,58.71,88829800,-22.82730920543391
csuEx72_NaAc_0.25M_JNL_10off_20on_20off,589,58.81,88916900,-22.751639313480908
csuEx72_NaAc_0.25M_JNL_10off_20on_20off,590,58.91,88860400,-22.800724834667413
csuEx72_NaAc_0.25M_JNL_10off_20on_20off,591,59.01,88858700,-22.80220174415444
csuEx72_NaAc_0.25M_JNL_10off_20on_20off,592,59.11,88454200,-23.153619325038356
csuEx72_NaAc_0.25M_JNL_10off_20on_20off,593,59.21,88392800,-23.206961820628646
csuEx72_NaAc_0.25M_JNL_10off_20on_20off,594,59.31,88614200,-23.01461607920047
csuEx72_NaAc_0.25M_JNL_10off_20on_20off,595,59.41,88596600,-23.029906436242634
csuEx72_NaAc_0.25M_JNL_10off_20on_20off,596,59.51,88472500,-23.137720828795647
csuEx72_NaAc_0.25M_JNL_10off_20on_20off,597,59.61,88551300.00000001,-23.06926173022047
csuEx72_NaAc_0.25M_JNL_10off_20on_20off,598,59.71,88576900,-23.047021210886424
csuEx72_NaAc_0.25M_JNL_10off_20on_20off,599,59.81,89020400,-22.661721588829522
csuEx72_NaAc_0.25M_JNL_10off_20on_20off,600,59.91,88255300,-23.326417735020584
