stim_jnl,frame,time_s,fluor,dff
csuEx72_NaAc_0.25M_JNL_10off_20on_20off,2,0.1,53898300,-2.8874530107553675
csuEx72_NaAc_0.25M_JNL_10off_20on_20off,3,0.2,54408200.00000001,-1.9687285294671528
csuEx72_NaAc_0.25M_JNL_10off_20on_20off,4,0.3,54042400,-2.627817400334442
csuEx72_NaAc_0.25M_JNL_10off_20on_20off,5,0.4,54338000,-2.095213053072641
csuEx72_NaAc_0.25M_JNL_10off_20on_20off,6,0.5,54435600,-1.9193599262365393
csuEx72_NaAc_0.25M_JNL_10off_20on_20off,7,0.6,55009000,-0.88622280607444
csuEx72_NaAc_0.25M_JNL_10off_20on_20off,8,0.7,54587400,-1.6458506572435034
csuEx72_NaAc_0.25M_JNL_10off_20on_20off,9,0.8,54629300,-1.570356333325136
csuEx72_NaAc_0.25M_JNL_10off_20on_20off,10,0.9,54752900,-1.3476570866351545
csuEx72_NaAc_0.25M_JNL_10off_20on_20off,11,1,54549700,-1.713777531031629
csuEx72_NaAc_0.25M_JNL_10off_20on_20off,12,1.1,54588599.99999999,-1.6436885286348766
csuEx72_NaAc_0.25M_JNL_10off_20on_20off,13,1.2,54684500,-1.4708984173276687
csuEx72_NaAc_0.25M_JNL_10off_20on_20off,14,1.3,54718700,-1.4092777519814115
csuEx72_NaAc_0.25M_JNL_10off_20on_20off,15,1.4,54825400,-1.2170284831964517
csuEx72_NaAc_0.25M_JNL_10off_20on_20off,16,1.5,54803100,-1.2572080398403562
csuEx72_NaAc_0.25M_JNL_10off_20on_20off,17,1.6,55269199.99999999,-0.4174012527675504
csuEx72_NaAc_0.25M_JNL_10off_20on_20off,18,1.7,54989900,-0.9206366864286362
csuEx72_NaAc_0.25M_JNL_10off_20on_20off,19,1.8,55323800,-0.3190244010743898
csuEx72_NaAc_0.25M_JNL_10off_20on_20off,20,1.9,55226900,-0.49361628622211806
csuEx72_NaAc_0.25M_JNL_10off_20on_20off,21,2,55110800,-0.702802229108096
csuEx72_NaAc_0.25M_JNL_10off_20on_20off,22,2.1,55408400,-0.1665943341652276
csuEx72_NaAc_0.25M_JNL_10off_20on_20off,23,2.2,55315800,-0.3334385917986604
csuEx72_NaAc_0.25M_JNL_10off_20on_20off,24,2.3,55486000.00000001,-0.02677668413978881
csuEx72_NaAc_0.25M_JNL_10off_20on_20off,25,2.4,55279500,-0.3988429822100385
csuEx72_NaAc_0.25M_JNL_10off_20on_20off,26,2.5,55680300,0.3233079730759213
csuEx72_NaAc_0.25M_JNL_10off_20on_20off,27,2.6,55958800,0.8251019876645935
csuEx72_NaAc_0.25M_JNL_10off_20on_20off,28,2.7,55784200.00000001,0.5105122751073998
csuEx72_NaAc_0.25M_JNL_10off_20on_20off,29,2.8,55753300,0.454837463434891
csuEx72_NaAc_0.25M_JNL_10off_20on_20off,30,2.9,55777200,0.4978998582236496
csuEx72_NaAc_0.25M_JNL_10off_20on_20off,31,3,55748400,0.4460087716162753
csuEx72_NaAc_0.25M_JNL_10off_20on_20off,32,3.1,55830500,0.5939344039241029
csuEx72_NaAc_0.25M_JNL_10off_20on_20off,33,3.2,56033600,0.9598746709365242
csuEx72_NaAc_0.25M_JNL_10off_20on_20off,34,3.3,55766500,0.4786208781299376
csuEx72_NaAc_0.25M_JNL_10off_20on_20off,35,3.4,56091800,1.0647379084555932
csuEx72_NaAc_0.25M_JNL_10off_20on_20off,36,3.5,56003999.99999999,0.9065421652567093
csuEx72_NaAc_0.25M_JNL_10off_20on_20off,37,3.6,55935700,0.7834810119482619
csuEx72_NaAc_0.25M_JNL_10off_20on_20off,38,3.7,55870300.00000001,0.6656450027773627
csuEx72_NaAc_0.25M_JNL_10off_20on_20off,39,3.8,55992200,0.8852812339384234
csuEx72_NaAc_0.25M_JNL_10off_20on_20off,40,3.9,56614300,2.0061647401345204
csuEx72_NaAc_0.25M_JNL_10off_20on_20off,41,4,56105300,1.0890618553027998
csuEx72_NaAc_0.25M_JNL_10off_20on_20off,42,4.101,56228600,1.3112205698406214
csuEx72_NaAc_0.25M_JNL_10off_20on_20off,43,4.2,56256300,1.3611297052234084
csuEx72_NaAc_0.25M_JNL_10off_20on_20off,44,4.301,56816500,2.3704834106904613
csuEx72_NaAc_0.25M_JNL_10off_20on_20off,45,4.4,56320900,1.477524295321894
csuEx72_NaAc_0.25M_JNL_10off_20on_20off,46,4.5,56079300,1.0422157354489203
csuEx72_NaAc_0.25M_JNL_10off_20on_20off,47,4.601,56338900,1.509956224451503
csuEx72_NaAc_0.25M_JNL_10off_20on_20off,48,4.7,56684700,2.133009618508102
csuEx72_NaAc_0.25M_JNL_10off_20on_20off,49,4.8,57065600,2.8193052743674385
csuEx72_NaAc_0.25M_JNL_10off_20on_20off,50,4.9,56366800,1.5602257146023968
csuEx72_NaAc_0.25M_JNL_10off_20on_20off,51,5,56521600,1.8391403051170339
csuEx72_NaAc_0.25M_JNL_10off_20on_20off,52,5.1,56390500,1.6029277546230487
csuEx72_NaAc_0.25M_JNL_10off_20on_20off,53,5.2,56801500,2.3434568030824536
csuEx72_NaAc_0.25M_JNL_10off_20on_20off,54,5.3,56971900,2.6504790655094186
csuEx72_NaAc_0.25M_JNL_10off_20on_20off,55,5.4,56757099.99999999,2.263458044562738
csuEx72_NaAc_0.25M_JNL_10off_20on_20off,56,5.5,56807100,2.353546736589443
csuEx72_NaAc_0.25M_JNL_10off_20on_20off,57,5.601,57462300,3.5340689569072095
csuEx72_NaAc_0.25M_JNL_10off_20on_20off,58,5.7,56770100,2.2868811044896913
csuEx72_NaAc_0.25M_JNL_10off_20on_20off,59,5.8,57009400,2.7180455845294373
csuEx72_NaAc_0.25M_JNL_10off_20on_20off,60,5.9,57304600,3.249929222255025
csuEx72_NaAc_0.25M_JNL_10off_20on_20off,61,6,56863600,2.4553469585796046
csuEx72_NaAc_0.25M_JNL_10off_20on_20off,62,6.1,56759100,2.2670615922438193
csuEx72_NaAc_0.25M_JNL_10off_20on_20off,63,6.2,57531100.00000001,3.6580309971359504
csuEx72_NaAc_0.25M_JNL_10off_20on_20off,64,6.3,57129500,2.9344386227775505
csuEx72_NaAc_0.25M_JNL_10off_20on_20off,65,6.4,57150800.00000001,2.9728164055809345
csuEx72_NaAc_0.25M_JNL_10off_20on_20off,66,6.5,56960300,2.629578488959226
csuEx72_NaAc_0.25M_JNL_10off_20on_20off,67,6.6,57370100,3.3679454088099905
csuEx72_NaAc_0.25M_JNL_10off_20on_20off,68,6.7,57553000,3.697489844243628
csuEx72_NaAc_0.25M_JNL_10off_20on_20off,69,6.797,57485000,3.574969223087328
csuEx72_NaAc_0.25M_JNL_10off_20on_20off,70,6.893,57603600,3.7886596005746407
csuEx72_NaAc_0.25M_JNL_10off_20on_20off,71,6.993,57291900,3.227046694480245
csuEx72_NaAc_0.25M_JNL_10off_20on_20off,72,7.093,57245100.00000001,3.1427236787432746
csuEx72_NaAc_0.25M_JNL_10off_20on_20off,73,7.193,57275000,3.1965967165752227
csuEx72_NaAc_0.25M_JNL_10off_20on_20off,74,7.293,57497800,3.5980319282461606
csuEx72_NaAc_0.25M_JNL_10off_20on_20off,75,7.393,57715800,3.990818625482536
csuEx72_NaAc_0.25M_JNL_10off_20on_20off,76,7.493,57784700.00000001,4.11496084309533
csuEx72_NaAc_0.25M_JNL_10off_20on_20off,77,7.593,57245300,3.1430840335113683
csuEx72_NaAc_0.25M_JNL_10off_20on_20off,78,7.693,57213900.00000001,3.0865083349186193
csuEx72_NaAc_0.25M_JNL_10off_20on_20off,79,7.793,57338500,3.3110093554491216
csuEx72_NaAc_0.25M_JNL_10off_20on_20off,80,7.893,57464300,3.5376725045882775
csuEx72_NaAc_0.25M_JNL_10off_20on_20off,81,7.993,57680900,3.9279367184479055
csuEx72_NaAc_0.25M_JNL_10off_20on_20off,82,8.093,57726600,4.010277782960301
csuEx72_NaAc_0.25M_JNL_10off_20on_20off,83,8.203,57448700,3.5095648326759497
csuEx72_NaAc_0.25M_JNL_10off_20on_20off,84,8.293,57830400,4.197301907607713
csuEx72_NaAc_0.25M_JNL_10off_20on_20off,85,8.393,57648200,3.8690187138624497
csuEx72_NaAc_0.25M_JNL_10off_20on_20off,86,8.493,57853400,4.238742705939991
csuEx72_NaAc_0.25M_JNL_10off_20on_20off,87,8.593,58105200,4.69242935898641
csuEx72_NaAc_0.25M_JNL_10off_20on_20off,88,8.693,57686700,3.9383870067230013
csuEx72_NaAc_0.25M_JNL_10off_20on_20off,89,8.793,57975100,4.458018582332959
csuEx72_NaAc_0.25M_JNL_10off_20on_20off,90,8.893,57928100,4.373335211827869
csuEx72_NaAc_0.25M_JNL_10off_20on_20off,91,8.993,57584200,3.753705188068284
csuEx72_NaAc_0.25M_JNL_10off_20on_20off,92,9.093,57890400,4.305408338039744
csuEx72_NaAc_0.25M_JNL_10off_20on_20off,93,9.193,58100200,4.6834204897837415
csuEx72_NaAc_0.25M_JNL_10off_20on_20off,94,9.293,57860500,4.251535300207782
csuEx72_NaAc_0.25M_JNL_10off_20on_20off,95,9.393,57997200,4.497837784208756
csuEx72_NaAc_0.25M_JNL_10off_20on_20off,96,9.503,58688300,5.7430436854016875
csuEx72_NaAc_0.25M_JNL_10off_20on_20off,97,9.593,58372500,5.1740435065611035
csuEx72_NaAc_0.25M_JNL_10off_20on_20off,98,9.693,58045500,4.584863460706541
csuEx72_NaAc_0.25M_JNL_10off_20on_20off,99,9.803,57992500,4.489369447158247
csuEx72_NaAc_0.25M_JNL_10off_20on_20off,100,9.903,57977700,4.462703194318347
csuEx72_NaAc_0.25M_JNL_10off_20on_20off,101,10.003,58101400,4.685582618392382
csuEx72_NaAc_0.25M_JNL_10off_20on_20off,102,10.103,56929900,2.574804564206998
csuEx72_NaAc_0.25M_JNL_10off_20on_20off,103,10.203,56759900,2.2685030113162465
csuEx72_NaAc_0.25M_JNL_10off_20on_20off,104,10.303,56945800,2.6034527682714854
csuEx72_NaAc_0.25M_JNL_10off_20on_20off,105,10.403,56335400,1.5036500160096344
csuEx72_NaAc_0.25M_JNL_10off_20on_20off,106,10.503,56228400,1.3108602150725146
csuEx72_NaAc_0.25M_JNL_10off_20on_20off,107,10.603,56266900,1.3802285079330672
csuEx72_NaAc_0.25M_JNL_10off_20on_20off,108,10.703,56290900,1.4234710801058792
csuEx72_NaAc_0.25M_JNL_10off_20on_20off,109,10.803,54487600,-1.82566768652878
csuEx72_NaAc_0.25M_JNL_10off_20on_20off,110,10.903,55524600,0.04277178610480368
csuEx72_NaAc_0.25M_JNL_10off_20on_20off,111,11.003,57749400,4.0513582265244725
csuEx72_NaAc_0.25M_JNL_10off_20on_20off,112,11.103,58705100,5.773313485922657
csuEx72_NaAc_0.25M_JNL_10off_20on_20off,113,11.203,57766300,4.081808204429495
csuEx72_NaAc_0.25M_JNL_10off_20on_20off,114,11.303,56419900,1.6558999055347432
csuEx72_NaAc_0.25M_JNL_10off_20on_20off,115,11.403,55955700.00000001,0.8195164887589521
csuEx72_NaAc_0.25M_JNL_10off_20on_20off,116,11.503,55827900,0.5892497919387149
csuEx72_NaAc_0.25M_JNL_10off_20on_20off,117,11.603,55752400,0.45321586697841065
csuEx72_NaAc_0.25M_JNL_10off_20on_20off,118,11.703,55895200,0.7105091714066418
csuEx72_NaAc_0.25M_JNL_10off_20on_20off,119,11.803,55768100,0.48150371627479177
csuEx72_NaAc_0.25M_JNL_10off_20on_20off,120,11.903,55913300,0.7431212779203041
csuEx72_NaAc_0.25M_JNL_10off_20on_20off,121,12.003,56124100,1.1229352035048359
csuEx72_NaAc_0.25M_JNL_10off_20on_20off,122,12.103,56249300,1.3485172883396717
csuEx72_NaAc_0.25M_JNL_10off_20on_20off,123,12.203,55916800,0.7494274863621726
csuEx72_NaAc_0.25M_JNL_10off_20on_20off,124,12.303,56721899.99999999,2.2000356053759473
csuEx72_NaAc_0.25M_JNL_10off_20on_20off,125,12.403,55616100,0.20763409251364928
csuEx72_NaAc_0.25M_JNL_10off_20on_20off,126,12.503,56159200,1.1861774653075734
csuEx72_NaAc_0.25M_JNL_10off_20on_20off,127,12.603,56142500,1.1560878421706584
csuEx72_NaAc_0.25M_JNL_10off_20on_20off,128,12.703,56063300,1.013387354000379
csuEx72_NaAc_0.25M_JNL_10off_20on_20off,129,12.803,56382899.99999999,1.5892342734349783
csuEx72_NaAc_0.25M_JNL_10off_20on_20off,130,12.903,56078700,1.0411346711446
csuEx72_NaAc_0.25M_JNL_10off_20on_20off,131,13.003,55784000,0.5101519203392797
csuEx72_NaAc_0.25M_JNL_10off_20on_20off,132,13.103,56189800,1.2413117448279087
csuEx72_NaAc_0.25M_JNL_10off_20on_20off,133,13.203,56388200,1.598783674789821
csuEx72_NaAc_0.25M_JNL_10off_20on_20off,134,13.303,56178700,1.221312055197983
csuEx72_NaAc_0.25M_JNL_10off_20on_20off,135,13.403,56235400,1.3234726319562513
csuEx72_NaAc_0.25M_JNL_10off_20on_20off,136,13.503,56399200,1.6186031870356932
csuEx72_NaAc_0.25M_JNL_10off_20on_20off,137,13.603,56016700,0.9294246930315023
csuEx72_NaAc_0.25M_JNL_10off_20on_20off,138,13.703,56282900,1.4090568893816084
csuEx72_NaAc_0.25M_JNL_10off_20on_20off,139,13.803,55788200,0.5177193704695218
csuEx72_NaAc_0.25M_JNL_10off_20on_20off,140,13.903,56260899.99999999,1.3694178648898507
csuEx72_NaAc_0.25M_JNL_10off_20on_20off,141,14.003,56269700,1.3852734746865618
csuEx72_NaAc_0.25M_JNL_10off_20on_20off,142,14.103,56176100,1.2166274432125952
csuEx72_NaAc_0.25M_JNL_10off_20on_20off,143,14.203,56201700,1.2627528535302612
csuEx72_NaAc_0.25M_JNL_10off_20on_20off,144,14.303,56498400,1.797339152016649
csuEx72_NaAc_0.25M_JNL_10off_20on_20off,145,14.403,56144999.99999999,1.1605922767719794
csuEx72_NaAc_0.25M_JNL_10off_20on_20off,146,14.503,56753600.00000001,2.2571518361208964
csuEx72_NaAc_0.25M_JNL_10off_20on_20off,147,14.603,56339700,1.51139764352393
csuEx72_NaAc_0.25M_JNL_10off_20on_20off,148,14.703,56557900,1.9045446955284122
csuEx72_NaAc_0.25M_JNL_10off_20on_20off,149,14.803,56808600,2.356249397350244
csuEx72_NaAc_0.25M_JNL_10off_20on_20off,150,14.903,56223500,1.3020315232538988
csuEx72_NaAc_0.25M_JNL_10off_20on_20off,151,15.003,56535500,1.8641849615004542
csuEx72_NaAc_0.25M_JNL_10off_20on_20off,152,15.103,56156900,1.1820333854743454
csuEx72_NaAc_0.25M_JNL_10off_20on_20off,153,15.203,56485100,1.7733755599375494
csuEx72_NaAc_0.25M_JNL_10off_20on_20off,154,15.303,56249600,1.3490578204918318
csuEx72_NaAc_0.25M_JNL_10off_20on_20off,155,15.403,56633900,2.0414795074089835
csuEx72_NaAc_0.25M_JNL_10off_20on_20off,156,15.503,56299300,1.4386059803663631
csuEx72_NaAc_0.25M_JNL_10off_20on_20off,157,15.603,56234800,1.322391567651931
csuEx72_NaAc_0.25M_JNL_10off_20on_20off,158,15.703,56847600,2.426518577131063
csuEx72_NaAc_0.25M_JNL_10off_20on_20off,159,15.803,55997400,0.8946504579091994
csuEx72_NaAc_0.25M_JNL_10off_20on_20off,160,15.903,56033400,0.9595143161684173
csuEx72_NaAc_0.25M_JNL_10off_20on_20off,161,16.003,56363500,1.5542798609286352
csuEx72_NaAc_0.25M_JNL_10off_20on_20off,162,16.103,56646300,2.063821503031603
csuEx72_NaAc_0.25M_JNL_10off_20on_20off,163,16.203,56237899.99999999,1.3279770665575725
csuEx72_NaAc_0.25M_JNL_10off_20on_20off,164,16.303,56407600,1.633738087296177
csuEx72_NaAc_0.25M_JNL_10off_20on_20off,165,16.403,56709900,2.1784143192895544
csuEx72_NaAc_0.25M_JNL_10off_20on_20off,166,16.503,56505200,1.8095912141322792
csuEx72_NaAc_0.25M_JNL_10off_20on_20off,167,16.603,56781600,2.3076015036558304
csuEx72_NaAc_0.25M_JNL_10off_20on_20off,168,16.703,56355900,1.540586379740578
csuEx72_NaAc_0.25M_JNL_10off_20on_20off,169,16.803,56699500,2.159675871348003
csuEx72_NaAc_0.25M_JNL_10off_20on_20off,170,16.903,56604800,1.989047888649449
csuEx72_NaAc_0.25M_JNL_10off_20on_20off,171,17.003,56763600,2.2751695745262217
csuEx72_NaAc_0.25M_JNL_10off_20on_20off,172,17.103,56202500.00000001,1.2641942726027018
csuEx72_NaAc_0.25M_JNL_10off_20on_20off,173,17.203,56693900,2.1495859378410134
csuEx72_NaAc_0.25M_JNL_10off_20on_20off,174,17.303,57084200,2.852818267801368
csuEx72_NaAc_0.25M_JNL_10off_20on_20off,175,17.404,56652100,2.0742717913066993
csuEx72_NaAc_0.25M_JNL_10off_20on_20off,176,17.504,56277900,1.4000480201789394
csuEx72_NaAc_0.25M_JNL_10off_20on_20off,177,17.603,56723800.00000001,2.2034589756729885
csuEx72_NaAc_0.25M_JNL_10off_20on_20off,178,17.703,57098000.00000001,2.877682746800748
csuEx72_NaAc_0.25M_JNL_10off_20on_20off,179,17.803,56837000,2.4074197744214048
csuEx72_NaAc_0.25M_JNL_10off_20on_20off,180,17.903,56694300,2.150306647377227
csuEx72_NaAc_0.25M_JNL_10off_20on_20off,181,18.003,57055600,2.8012875359621003
csuEx72_NaAc_0.25M_JNL_10off_20on_20off,182,18.103,56715000,2.1876033658762775
csuEx72_NaAc_0.25M_JNL_10off_20on_20off,183,18.203,56610400,1.9991378221564382
csuEx72_NaAc_0.25M_JNL_10off_20on_20off,184,18.303,56436300,1.6854489965194983
csuEx72_NaAc_0.25M_JNL_10off_20on_20off,185,18.403,56700400,2.1612974678044834
csuEx72_NaAc_0.25M_JNL_10off_20on_20off,186,18.503,56857400,2.444175960768295
csuEx72_NaAc_0.25M_JNL_10off_20on_20off,187,18.603,56700900,2.16219835472475
csuEx72_NaAc_0.25M_JNL_10off_20on_20off,188,18.703,56588500,1.9596789750487473
csuEx72_NaAc_0.25M_JNL_10off_20on_20off,189,18.804,57040400,2.773900573585986
csuEx72_NaAc_0.25M_JNL_10off_20on_20off,190,18.903,57009800.00000001,2.7187662940656643
csuEx72_NaAc_0.25M_JNL_10off_20on_20off,191,19.003,56971800,2.650298888125365
csuEx72_NaAc_0.25M_JNL_10off_20on_20off,192,19.103,56414200,1.6456297946437006
csuEx72_NaAc_0.25M_JNL_10off_20on_20off,193,19.203,57016700,2.731198533565334
csuEx72_NaAc_0.25M_JNL_10off_20on_20off,194,19.303,57024100.00000001,2.7445316599852982
csuEx72_NaAc_0.25M_JNL_10off_20on_20off,195,19.403,56945200,2.602371703967165
csuEx72_NaAc_0.25M_JNL_10off_20on_20off,196,19.503,56774100,2.294088199851827
csuEx72_NaAc_0.25M_JNL_10off_20on_20off,197,19.603,57126800,2.929573833408109
csuEx72_NaAc_0.25M_JNL_10off_20on_20off,198,19.703,56171800,1.2088798156982998
csuEx72_NaAc_0.25M_JNL_10off_20on_20off,199,19.803,56869200,2.4654368920865943
csuEx72_NaAc_0.25M_JNL_10off_20on_20off,200,19.903,56776799.99999999,2.2989529892212546
csuEx72_NaAc_0.25M_JNL_10off_20on_20off,201,20.003,56484800,1.772835027785389
csuEx72_NaAc_0.25M_JNL_10off_20on_20off,202,20.103,56697200,2.155531791514775
csuEx72_NaAc_0.25M_JNL_10off_20on_20off,203,20.204,56876300.00000001,2.4782294863543974
csuEx72_NaAc_0.25M_JNL_10off_20on_20off,204,20.303,57134500,2.94344749198022
csuEx72_NaAc_0.25M_JNL_10off_20on_20off,205,20.403,56707400,2.17390988468822
csuEx72_NaAc_0.25M_JNL_10off_20on_20off,206,20.503,56767100,2.28147578296809
csuEx72_NaAc_0.25M_JNL_10off_20on_20off,207,20.603,57423500,3.464160131894497
csuEx72_NaAc_0.25M_JNL_10off_20on_20off,208,20.703,56245900.00000001,1.34239125728187
csuEx72_NaAc_0.25M_JNL_10off_20on_20off,209,20.804,56075600,1.035549172238945
csuEx72_NaAc_0.25M_JNL_10off_20on_20off,210,20.904,56490100,1.7823844291402184
csuEx72_NaAc_0.25M_JNL_10off_20on_20off,211,21.004,56645400,2.0621999065751226
csuEx72_NaAc_0.25M_JNL_10off_20on_20off,212,21.103,56727400,2.209945361498897
csuEx72_NaAc_0.25M_JNL_10off_20on_20off,213,21.203,56529500,1.8533743184572515
csuEx72_NaAc_0.25M_JNL_10off_20on_20off,214,21.303,56742100.00000001,2.2364314369547578
csuEx72_NaAc_0.25M_JNL_10off_20on_20off,215,21.403,56602400,1.9847236314321677
csuEx72_NaAc_0.25M_JNL_10off_20on_20off,216,21.503,56686500.00000001,2.1362528114210764
csuEx72_NaAc_0.25M_JNL_10off_20on_20off,217,21.603,56759000.00000001,2.266881414859779
csuEx72_NaAc_0.25M_JNL_10off_20on_20off,218,21.703,56635600,2.0445425229378906
csuEx72_NaAc_0.25M_JNL_10off_20on_20off,219,21.803,56570600.00000001,1.9274272233032055
csuEx72_NaAc_0.25M_JNL_10off_20on_20off,220,21.903,56714200,2.1861619468038502
csuEx72_NaAc_0.25M_JNL_10off_20on_20off,221,22.003,56759900,2.2685030113162465
csuEx72_NaAc_0.25M_JNL_10off_20on_20off,222,22.103,56599300,1.9791381325265127
csuEx72_NaAc_0.25M_JNL_10off_20on_20off,223,22.203,56669100,2.104901946595774
csuEx72_NaAc_0.25M_JNL_10off_20on_20off,224,22.303,56926700,2.5690388879172894
csuEx72_NaAc_0.25M_JNL_10off_20on_20off,225,22.403,56410500,1.6389632314337255
csuEx72_NaAc_0.25M_JNL_10off_20on_20off,226,22.503,56635600,2.0445425229378906
csuEx72_NaAc_0.25M_JNL_10off_20on_20off,227,22.603,56920900,2.558588599642193
csuEx72_NaAc_0.25M_JNL_10off_20on_20off,228,22.703,56538400,1.8694101056380024
csuEx72_NaAc_0.25M_JNL_10off_20on_20off,229,22.803,56293300.00000001,1.4277953373231738
csuEx72_NaAc_0.25M_JNL_10off_20on_20off,230,22.903,56644700,2.060938664886749
csuEx72_NaAc_0.25M_JNL_10off_20on_20off,231,23.003,56693000,2.147964341384533
csuEx72_NaAc_0.25M_JNL_10off_20on_20off,232,23.103,56655000,2.079496935444247
csuEx72_NaAc_0.25M_JNL_10off_20on_20off,233,23.203,56327700,1.4897763574375242
csuEx72_NaAc_0.25M_JNL_10off_20on_20off,234,23.303,56709600,2.1778737871373943
csuEx72_NaAc_0.25M_JNL_10off_20on_20off,235,23.403,56479200,1.7627450942783995
csuEx72_NaAc_0.25M_JNL_10off_20on_20off,236,23.503,56398500,1.6173419453473195
csuEx72_NaAc_0.25M_JNL_10off_20on_20off,237,23.603,55959899.99999999,0.8270839388891673
csuEx72_NaAc_0.25M_JNL_10off_20on_20off,238,23.703,56732200,2.218593875933459
csuEx72_NaAc_0.25M_JNL_10off_20on_20off,239,23.803,56866700,2.4609324574852596
csuEx72_NaAc_0.25M_JNL_10off_20on_20off,240,23.903,56924500,2.5650749854681147
csuEx72_NaAc_0.25M_JNL_10off_20on_20off,241,24.004,56623000,2.0218401725471646
csuEx72_NaAc_0.25M_JNL_10off_20on_20off,242,24.103,56852800,2.4358878011018392
csuEx72_NaAc_0.25M_JNL_10off_20on_20off,243,24.203,56700900,2.16219835472475
csuEx72_NaAc_0.25M_JNL_10off_20on_20off,244,24.303,56058800,1.0052793717179767
csuEx72_NaAc_0.25M_JNL_10off_20on_20off,245,24.403,56439800,1.6917552049613667
csuEx72_NaAc_0.25M_JNL_10off_20on_20off,246,24.503,56626700,2.02850673575714
csuEx72_NaAc_0.25M_JNL_10off_20on_20off,247,24.603,56986100.00000001,2.6760642540450124
csuEx72_NaAc_0.25M_JNL_10off_20on_20off,248,24.703,56652400,2.0748123234588594
csuEx72_NaAc_0.25M_JNL_10off_20on_20off,249,24.803,56731700,2.2176929890131922
csuEx72_NaAc_0.25M_JNL_10off_20on_20off,250,24.903,56530900,1.8558968018339987
csuEx72_NaAc_0.25M_JNL_10off_20on_20off,251,25.003,56437300,1.6872507703600321
csuEx72_NaAc_0.25M_JNL_10off_20on_20off,252,25.103,56190800,1.2431135186684423
csuEx72_NaAc_0.25M_JNL_10off_20on_20off,253,25.203,56674900,2.1153522348708704
csuEx72_NaAc_0.25M_JNL_10off_20on_20off,254,25.303,56622700,2.0212996403950045
csuEx72_NaAc_0.25M_JNL_10off_20on_20off,255,25.403,56568400,1.9234633208540175
csuEx72_NaAc_0.25M_JNL_10off_20on_20off,256,25.503,56868800.00000001,2.464716182550394
csuEx72_NaAc_0.25M_JNL_10off_20on_20off,257,25.603,57020700,2.7384056289274694
csuEx72_NaAc_0.25M_JNL_10off_20on_20off,258,25.704,56802800,2.3457991090751475
csuEx72_NaAc_0.25M_JNL_10off_20on_20off,259,25.804,56375100,1.5751804374788279
csuEx72_NaAc_0.25M_JNL_10off_20on_20off,260,25.904,56893000,2.5083191094912993
csuEx72_NaAc_0.25M_JNL_10off_20on_20off,261,26.003,56674200,2.1140909931824967
csuEx72_NaAc_0.25M_JNL_10off_20on_20off,262,26.103,56037200,0.9663610567624459
csuEx72_NaAc_0.25M_JNL_10off_20on_20off,263,26.203,56489200.00000001,1.7807628326837515
csuEx72_NaAc_0.25M_JNL_10off_20on_20off,264,26.304,56704200,2.168144208398512
csuEx72_NaAc_0.25M_JNL_10off_20on_20off,265,26.404,56124400,1.123475735656996
csuEx72_NaAc_0.25M_JNL_10off_20on_20off,266,26.504,56494200,1.789771701886407
csuEx72_NaAc_0.25M_JNL_10off_20on_20off,267,26.604,56513900,1.8252666465449234
csuEx72_NaAc_0.25M_JNL_10off_20on_20off,268,26.704,56143200,1.1573490838590321
csuEx72_NaAc_0.25M_JNL_10off_20on_20off,269,26.798,56496900,1.7946364912558483
csuEx72_NaAc_0.25M_JNL_10off_20on_20off,270,26.898,56173300,1.2115824764591003
csuEx72_NaAc_0.25M_JNL_10off_20on_20off,271,26.998,56225800,1.3061756030871265
csuEx72_NaAc_0.25M_JNL_10off_20on_20off,272,27.098,55998400.00000001,0.8964522317497466
csuEx72_NaAc_0.25M_JNL_10off_20on_20off,273,27.198,56299800,1.4395068672866302
csuEx72_NaAc_0.25M_JNL_10off_20on_20off,274,27.298,56645000,2.061479197038909
csuEx72_NaAc_0.25M_JNL_10off_20on_20off,275,27.398,56131500,1.1362683299247862
csuEx72_NaAc_0.25M_JNL_10off_20on_20off,276,27.498,56271100,1.3877959580633092
csuEx72_NaAc_0.25M_JNL_10off_20on_20off,277,27.598,55970700.00000001,0.8465430963669595
csuEx72_NaAc_0.25M_JNL_10off_20on_20off,278,27.698,56372900,1.5712165350296532
csuEx72_NaAc_0.25M_JNL_10off_20on_20off,279,27.798,56349200,1.5285144950090015
csuEx72_NaAc_0.25M_JNL_10off_20on_20off,280,27.898,56597400,1.9757147622294986
csuEx72_NaAc_0.25M_JNL_10off_20on_20off,281,27.998,56022299.99999999,0.9395146265384784
csuEx72_NaAc_0.25M_JNL_10off_20on_20off,282,28.098,56287300,1.4169846942799573
csuEx72_NaAc_0.25M_JNL_10off_20on_20off,283,28.198,56474600,1.754456934611944
csuEx72_NaAc_0.25M_JNL_10off_20on_20off,284,28.298,56048200,0.9861805690083181
csuEx72_NaAc_0.25M_JNL_10off_20on_20off,285,28.398,56111300,1.0998724983460029
csuEx72_NaAc_0.25M_JNL_10off_20on_20off,286,28.498,55742400,0.4351981285730723
csuEx72_NaAc_0.25M_JNL_10off_20on_20off,287,28.598,55913199.99999999,0.7429411005362373
csuEx72_NaAc_0.25M_JNL_10off_20on_20off,288,28.698,56083800,1.0503237177313225
csuEx72_NaAc_0.25M_JNL_10off_20on_20off,289,28.798,55932800,0.7782558678107139
csuEx72_NaAc_0.25M_JNL_10off_20on_20off,290,28.898,55936000,0.7840215441004222
csuEx72_NaAc_0.25M_JNL_10off_20on_20off,291,28.998,56228600,1.3112205698406214
csuEx72_NaAc_0.25M_JNL_10off_20on_20off,292,29.098,55865500,0.656996488342787
csuEx72_NaAc_0.25M_JNL_10off_20on_20off,293,29.198,56041400,0.9739285068926881
csuEx72_NaAc_0.25M_JNL_10off_20on_20off,294,29.298,55594800,0.16925630971027866
csuEx72_NaAc_0.25M_JNL_10off_20on_20off,295,29.398,56184700,1.2321226982411861
csuEx72_NaAc_0.25M_JNL_10off_20on_20off,296,29.498,56282900,1.4090568893816084
csuEx72_NaAc_0.25M_JNL_10off_20on_20off,297,29.598,56356900,1.542388153581112
csuEx72_NaAc_0.25M_JNL_10off_20on_20off,298,29.698,55933700,0.7798774642671943
csuEx72_NaAc_0.25M_JNL_10off_20on_20off,299,29.798,56319500,1.4750018119451467
csuEx72_NaAc_0.25M_JNL_10off_20on_20off,300,29.898,55908800,0.7350132956379019
csuEx72_NaAc_0.25M_JNL_10off_20on_20off,301,29.998,55887800,0.6971760449866914
csuEx72_NaAc_0.25M_JNL_10off_20on_20off,302,30.098,55530799.99999999,0.05394278391610001
csuEx72_NaAc_0.25M_JNL_10off_20on_20off,303,30.198,57040499.99999999,2.7740807509700263
csuEx72_NaAc_0.25M_JNL_10off_20on_20off,304,30.298,56906100.00000001,2.5319223468023058
csuEx72_NaAc_0.25M_JNL_10off_20on_20off,305,30.398,57212400,3.083805674157805
csuEx72_NaAc_0.25M_JNL_10off_20on_20off,306,30.498,57432200,3.479835564307141
csuEx72_NaAc_0.25M_JNL_10off_20on_20off,307,30.598,58035900,4.567566431837416
csuEx72_NaAc_0.25M_JNL_10off_20on_20off,308,30.698,57297100,3.236415918451021
csuEx72_NaAc_0.25M_JNL_10off_20on_20off,309,30.798,57640300,3.8547847005222318
csuEx72_NaAc_0.25M_JNL_10off_20on_20off,310,30.898,57817800,4.174599557216987
csuEx72_NaAc_0.25M_JNL_10off_20on_20off,311,30.998,57729600,4.015683104481902
csuEx72_NaAc_0.25M_JNL_10off_20on_20off,312,31.098,57634500,3.844334412247136
csuEx72_NaAc_0.25M_JNL_10off_20on_20off,313,31.198,58308400,5.058549803382885
csuEx72_NaAc_0.25M_JNL_10off_20on_20off,314,31.298,58064500,4.619097163676683
csuEx72_NaAc_0.25M_JNL_10off_20on_20off,315,31.398,57931000,4.378560355965417
csuEx72_NaAc_0.25M_JNL_10off_20on_20off,316,31.498,58332400,5.101792375555697
csuEx72_NaAc_0.25M_JNL_10off_20on_20off,317,31.598,58279500.00000001,5.006478539391471
csuEx72_NaAc_0.25M_JNL_10off_20on_20off,318,31.698,57968000,4.445225988065168
csuEx72_NaAc_0.25M_JNL_10off_20on_20off,319,31.798,58181000,4.829003816098875
csuEx72_NaAc_0.25M_JNL_10off_20on_20off,320,31.898,57853000,4.238021996403778
csuEx72_NaAc_0.25M_JNL_10off_20on_20off,321,31.998,57782300,4.110636585878035
csuEx72_NaAc_0.25M_JNL_10off_20on_20off,322,32.098,57848200,4.2293734819692155
csuEx72_NaAc_0.25M_JNL_10off_20on_20off,323,32.198,57887700.00000001,4.300543548670315
csuEx72_NaAc_0.25M_JNL_10off_20on_20off,324,32.298,58449300,5.3124197375141025
csuEx72_NaAc_0.25M_JNL_10off_20on_20off,325,32.398,57900900,4.3243269633653485
csuEx72_NaAc_0.25M_JNL_10off_20on_20off,326,32.498,57877800,4.282705987649018
csuEx72_NaAc_0.25M_JNL_10off_20on_20off,327,32.598,58001100,4.504864702186839
csuEx72_NaAc_0.25M_JNL_10off_20on_20off,328,32.698,57952800,4.417839025689054
csuEx72_NaAc_0.25M_JNL_10off_20on_20off,329,32.798,57927400,4.372073970139495
csuEx72_NaAc_0.25M_JNL_10off_20on_20off,330,32.898,58395100,5.2147635953571685
csuEx72_NaAc_0.25M_JNL_10off_20on_20off,331,32.998,58315400.00000001,5.071162220266635
csuEx72_NaAc_0.25M_JNL_10off_20on_20off,332,33.098,57981500,4.469549934912375
csuEx72_NaAc_0.25M_JNL_10off_20on_20off,333,33.198,57998500,4.500180090201451
csuEx72_NaAc_0.25M_JNL_10off_20on_20off,334,33.298,58126600,4.730987319173834
csuEx72_NaAc_0.25M_JNL_10off_20on_20off,335,33.398,57522600,3.6427159194913994
csuEx72_NaAc_0.25M_JNL_10off_20on_20off,336,33.498,58155400.00000001,4.782878405781222
csuEx72_NaAc_0.25M_JNL_10off_20on_20off,337,33.598,57822600,4.183248071651549
csuEx72_NaAc_0.25M_JNL_10off_20on_20off,338,33.698,57463900,3.536951795052064
csuEx72_NaAc_0.25M_JNL_10off_20on_20off,339,33.798,57944400,4.40270412542857
csuEx72_NaAc_0.25M_JNL_10off_20on_20off,340,33.898,57965099.99999999,4.440000843927607
csuEx72_NaAc_0.25M_JNL_10off_20on_20off,341,33.998,57439700,3.493348868111145
csuEx72_NaAc_0.25M_JNL_10off_20on_20off,342,34.098,57830899.99999999,4.198202794527966
csuEx72_NaAc_0.25M_JNL_10off_20on_20off,343,34.198,57633800,3.8430731705587617
csuEx72_NaAc_0.25M_JNL_10off_20on_20off,344,34.298,57603700,3.7888397779586933
csuEx72_NaAc_0.25M_JNL_10off_20on_20off,345,34.398,56750200,2.251025805063068
csuEx72_NaAc_0.25M_JNL_10off_20on_20off,346,34.498,57747800,4.048475388379619
csuEx72_NaAc_0.25M_JNL_10off_20on_20off,347,34.598,57615800,3.810641241429153
csuEx72_NaAc_0.25M_JNL_10off_20on_20off,348,34.708,57619000,3.816406917718861
csuEx72_NaAc_0.25M_JNL_10off_20on_20off,349,34.808,57443099.99999999,3.4994748991689466
csuEx72_NaAc_0.25M_JNL_10off_20on_20off,350,34.908,57418800,3.4556917948439883
csuEx72_NaAc_0.25M_JNL_10off_20on_20off,351,34.998,57967100,4.443604391608688
csuEx72_NaAc_0.25M_JNL_10off_20on_20off,352,35.098,57757200,4.065412062480637
csuEx72_NaAc_0.25M_JNL_10off_20on_20off,353,35.198,57343800,3.3205587568039507
csuEx72_NaAc_0.25M_JNL_10off_20on_20off,354,35.298,57673400,3.914423414643901
csuEx72_NaAc_0.25M_JNL_10off_20on_20off,355,35.408,57377600,3.381458712613994
csuEx72_NaAc_0.25M_JNL_10off_20on_20off,356,35.508,57572400,3.7324442567499845
csuEx72_NaAc_0.25M_JNL_10off_20on_20off,357,35.598,57753400,4.058565321886609
csuEx72_NaAc_0.25M_JNL_10off_20on_20off,358,35.708,57333999.99999999,3.302901373166706
csuEx72_NaAc_0.25M_JNL_10off_20on_20off,359,35.809,57106800,2.8935383565974324
csuEx72_NaAc_0.25M_JNL_10off_20on_20off,360,35.908,57332900,3.300919421942132
csuEx72_NaAc_0.25M_JNL_10off_20on_20off,361,36.008,57386200,3.3969539676425855
csuEx72_NaAc_0.25M_JNL_10off_20on_20off,362,36.108,56966100,2.6400287772343227
csuEx72_NaAc_0.25M_JNL_10off_20on_20off,363,36.208,57040700,2.774441105738146
csuEx72_NaAc_0.25M_JNL_10off_20on_20off,364,36.308,57345200,3.323081240180698
csuEx72_NaAc_0.25M_JNL_10off_20on_20off,365,36.408,57083199.99999999,2.8510164939608207
csuEx72_NaAc_0.25M_JNL_10off_20on_20off,366,36.508,57640600,3.855325232674392
csuEx72_NaAc_0.25M_JNL_10off_20on_20off,367,36.608,57284900,3.2144342775965082
csuEx72_NaAc_0.25M_JNL_10off_20on_20off,368,36.708,57454100,3.519294411414833
csuEx72_NaAc_0.25M_JNL_10off_20on_20off,369,36.807,57557400,3.7054176491419772
csuEx72_NaAc_0.25M_JNL_10off_20on_20off,370,36.907,57114400,2.9072318377854898
csuEx72_NaAc_0.25M_JNL_10off_20on_20off,371,37.007,56971000,2.6488574690529383
csuEx72_NaAc_0.25M_JNL_10off_20on_20off,372,37.107,57043500,2.779486072491641
csuEx72_NaAc_0.25M_JNL_10off_20on_20off,373,37.207,57042000,2.77678341173084
csuEx72_NaAc_0.25M_JNL_10off_20on_20off,374,37.307,56850100,2.431023011732398
csuEx72_NaAc_0.25M_JNL_10off_20on_20off,375,37.407,56813300,2.364717734400753
csuEx72_NaAc_0.25M_JNL_10off_20on_20off,376,37.507,56666500,2.1002173346103863
csuEx72_NaAc_0.25M_JNL_10off_20on_20off,377,37.607,57202500,3.06596811313652
csuEx72_NaAc_0.25M_JNL_10off_20on_20off,378,37.707,57139600,2.952636538566942
csuEx72_NaAc_0.25M_JNL_10off_20on_20off,379,37.807,56939300,2.5917412383080154
csuEx72_NaAc_0.25M_JNL_10off_20on_20off,380,37.907,57266400,3.1811014615466324
csuEx72_NaAc_0.25M_JNL_10off_20on_20off,381,38.007,56901100,2.5229134775996234
csuEx72_NaAc_0.25M_JNL_10off_20on_20off,382,38.107,57119900,2.9171415939084255
csuEx72_NaAc_0.25M_JNL_10off_20on_20off,383,38.207,56937900,2.5892187549312684
csuEx72_NaAc_0.25M_JNL_10off_20on_20off,384,38.307,56819100,2.375168022675849
csuEx72_NaAc_0.25M_JNL_10off_20on_20off,385,38.407,56437200,1.6870705929759786
csuEx72_NaAc_0.25M_JNL_10off_20on_20off,386,38.507,56350300.00000001,1.5304964462336021
csuEx72_NaAc_0.25M_JNL_10off_20on_20off,387,38.607,56880000,2.4848960495643597
csuEx72_NaAc_0.25M_JNL_10off_20on_20off,388,38.707,56692700,2.147423809232373
csuEx72_NaAc_0.25M_JNL_10off_20on_20off,389,38.807,56484900,1.7730152051694426
csuEx72_NaAc_0.25M_JNL_10off_20on_20off,390,38.907,56473300,1.7521146286192502
csuEx72_NaAc_0.25M_JNL_10off_20on_20off,391,39.007,56540200,1.8726532985509632
csuEx72_NaAc_0.25M_JNL_10off_20on_20off,392,39.107,56204300,1.2674374655156493
csuEx72_NaAc_0.25M_JNL_10off_20on_20off,393,39.207,56809600,2.3580511711907777
csuEx72_NaAc_0.25M_JNL_10off_20on_20off,394,39.307,56649900.00000001,2.0703078888575384
csuEx72_NaAc_0.25M_JNL_10off_20on_20off,395,39.407,56273500,1.3921202152805905
csuEx72_NaAc_0.25M_JNL_10off_20on_20off,396,39.507,56714900,2.1874231884922235
csuEx72_NaAc_0.25M_JNL_10off_20on_20off,397,39.607,56272399.99999999,1.3901382640559896
csuEx72_NaAc_0.25M_JNL_10off_20on_20off,398,39.707,56160600,1.1886999486843208
csuEx72_NaAc_0.25M_JNL_10off_20on_20off,399,39.807,56804300,2.3485017698359485
csuEx72_NaAc_0.25M_JNL_10off_20on_20off,400,39.907,56676200,2.1176945408635643
csuEx72_NaAc_0.25M_JNL_10off_20on_20off,401,40.007,56378400,1.5811262911525892
csuEx72_NaAc_0.25M_JNL_10off_20on_20off,402,40.107,56459800,1.7277906817720432
csuEx72_NaAc_0.25M_JNL_10off_20on_20off,403,40.207,56337800,1.507974273226916
csuEx72_NaAc_0.25M_JNL_10off_20on_20off,404,40.307,56271500,1.3885166675995229
csuEx72_NaAc_0.25M_JNL_10off_20on_20off,405,40.407,56134100,1.1409529419101743
csuEx72_NaAc_0.25M_JNL_10off_20on_20off,406,40.507,56102000,1.0831160016290382
csuEx72_NaAc_0.25M_JNL_10off_20on_20off,407,40.607,56705800,2.171027046543366
csuEx72_NaAc_0.25M_JNL_10off_20on_20off,408,40.707,56311099.99999999,1.459866911684649
csuEx72_NaAc_0.25M_JNL_10off_20on_20off,409,40.807,56673200,2.1122892193419633
csuEx72_NaAc_0.25M_JNL_10off_20on_20off,410,40.907,56488500,1.7795015909953642
csuEx72_NaAc_0.25M_JNL_10off_20on_20off,411,41.007,56004900,0.9081637617132031
csuEx72_NaAc_0.25M_JNL_10off_20on_20off,412,41.107,56350300.00000001,1.5304964462336021
csuEx72_NaAc_0.25M_JNL_10off_20on_20off,413,41.207,56420000,1.656080082918797
csuEx72_NaAc_0.25M_JNL_10off_20on_20off,414,41.307,56346600,1.5238298830236137
csuEx72_NaAc_0.25M_JNL_10off_20on_20off,415,41.407,56048700,0.9870814559285851
csuEx72_NaAc_0.25M_JNL_10off_20on_20off,416,41.507,56194000,1.2488791949581508
csuEx72_NaAc_0.25M_JNL_10off_20on_20off,417,41.607,55847300.00000001,0.6242042044450846
csuEx72_NaAc_0.25M_JNL_10off_20on_20off,418,41.707,55909700.00000001,0.7366348920943957
csuEx72_NaAc_0.25M_JNL_10off_20on_20off,419,41.807,56436900,1.6865300608238185
csuEx72_NaAc_0.25M_JNL_10off_20on_20off,420,41.907,56038100,0.9679826532189264
csuEx72_NaAc_0.25M_JNL_10off_20on_20off,421,42.007,56079300,1.0422157354489203
csuEx72_NaAc_0.25M_JNL_10off_20on_20off,422,42.107,55753100,0.45447710866678426
csuEx72_NaAc_0.25M_JNL_10off_20on_20off,423,42.207,55820100,0.575195955982551
csuEx72_NaAc_0.25M_JNL_10off_20on_20off,424,42.307,56070700,1.0267204804203294
csuEx72_NaAc_0.25M_JNL_10off_20on_20off,425,42.407,55848800,0.6269068652058719
csuEx72_NaAc_0.25M_JNL_10off_20on_20off,426,42.507,56087800,1.0575308130934578
csuEx72_NaAc_0.25M_JNL_10off_20on_20off,427,42.607,55845500,0.6209610115321104
csuEx72_NaAc_0.25M_JNL_10off_20on_20off,428,42.707,56125700,1.1258180416496901
csuEx72_NaAc_0.25M_JNL_10off_20on_20off,429,42.807,56128700,1.1312233631712916
csuEx72_NaAc_0.25M_JNL_10off_20on_20off,430,42.907,55903400,0.7252837168990193
csuEx72_NaAc_0.25M_JNL_10off_20on_20off,431,43.007,55808799.99999999,0.5548359115845053
csuEx72_NaAc_0.25M_JNL_10off_20on_20off,432,43.107,55652200,0.27267812815692066
csuEx72_NaAc_0.25M_JNL_10off_20on_20off,433,43.207,56035500,0.9632980412335383
csuEx72_NaAc_0.25M_JNL_10off_20on_20off,434,43.307,56202400,1.264014095218635
csuEx72_NaAc_0.25M_JNL_10off_20on_20off,435,43.407,55904600,0.7274458455076598
csuEx72_NaAc_0.25M_JNL_10off_20on_20off,436,43.507,55663900,0.29375888209116646
csuEx72_NaAc_0.25M_JNL_10off_20on_20off,437,43.607,55778900,0.5009628737525571
csuEx72_NaAc_0.25M_JNL_10off_20on_20off,438,43.707,55715199.99999999,0.3861898801105386
csuEx72_NaAc_0.25M_JNL_10off_20on_20off,439,43.807,55851700,0.6321320093434202
csuEx72_NaAc_0.25M_JNL_10off_20on_20off,440,43.907,55967100,0.8400567105410243
csuEx72_NaAc_0.25M_JNL_10off_20on_20off,441,44.007,55777700,0.49880074514391654
csuEx72_NaAc_0.25M_JNL_10off_20on_20off,442,44.107,55680300,0.3233079730759213
csuEx72_NaAc_0.25M_JNL_10off_20on_20off,443,44.207,56017500,0.9308661121039294
csuEx72_NaAc_0.25M_JNL_10off_20on_20off,444,44.307,56078800,1.0413148485286534
csuEx72_NaAc_0.25M_JNL_10off_20on_20off,445,44.407,55108200,-0.7074868410934839
csuEx72_NaAc_0.25M_JNL_10off_20on_20off,446,44.507,56013400.00000001,0.9234788393577541
csuEx72_NaAc_0.25M_JNL_10off_20on_20off,447,44.607,55659000,0.2849301902725507
csuEx72_NaAc_0.25M_JNL_10off_20on_20off,448,44.707,55560400,0.10727528959591487
csuEx72_NaAc_0.25M_JNL_10off_20on_20off,449,44.807,55723500,0.4011446029869828
csuEx72_NaAc_0.25M_JNL_10off_20on_20off,450,44.907,55745800,0.4413241596308873
csuEx72_NaAc_0.25M_JNL_10off_20on_20off,451,45.007,56030300.00000001,0.9539288172627759
csuEx72_NaAc_0.25M_JNL_10off_20on_20off,452,45.107,56063400,1.0135675313844321
csuEx72_NaAc_0.25M_JNL_10off_20on_20off,453,45.207,55836600,0.6049252243513593
csuEx72_NaAc_0.25M_JNL_10off_20on_20off,454,45.307,55855000,0.6380778630171817
csuEx72_NaAc_0.25M_JNL_10off_20on_20off,455,45.407,55468000,-0.05920861326941121
csuEx72_NaAc_0.25M_JNL_10off_20on_20off,456,45.507,55865000,0.6560956014225201
csuEx72_NaAc_0.25M_JNL_10off_20on_20off,457,45.607,55766900,0.47934158766615115
csuEx72_NaAc_0.25M_JNL_10off_20on_20off,458,45.707,55396900,-0.18731473333136664
csuEx72_NaAc_0.25M_JNL_10off_20on_20off,459,45.807,55542900,0.0757442473865728
csuEx72_NaAc_0.25M_JNL_10off_20on_20off,460,45.907,56151600.00000001,1.1724839841195296
csuEx72_NaAc_0.25M_JNL_10off_20on_20off,461,46.007,55363900,-0.2467732700689831
csuEx72_NaAc_0.25M_JNL_10off_20on_20off,462,46.107,55378700,-0.22010701722908238
csuEx72_NaAc_0.25M_JNL_10off_20on_20off,463,46.207,55190800,-0.5586603218653894
csuEx72_NaAc_0.25M_JNL_10off_20on_20off,464,46.307,55252300,-0.4478512306725587
csuEx72_NaAc_0.25M_JNL_10off_20on_20off,465,46.407,55923299.99999999,0.7611390163256291
csuEx72_NaAc_0.25M_JNL_10off_20on_20off,466,46.507,55448300,-0.09470355792792769
csuEx72_NaAc_0.25M_JNL_10off_20on_20off,467,46.607,55361900.00000001,-0.25037681775003734
csuEx72_NaAc_0.25M_JNL_10off_20on_20off,468,46.707,55067199.99999999,-0.7813595685553845
csuEx72_NaAc_0.25M_JNL_10off_20on_20off,469,46.807,55699700,0.35826238558227763
csuEx72_NaAc_0.25M_JNL_10off_20on_20off,470,46.907,55329499.99999999,-0.30875429018336037
csuEx72_NaAc_0.25M_JNL_10off_20on_20off,471,47.007,55152900,-0.6269475504216216
csuEx72_NaAc_0.25M_JNL_10off_20on_20off,472,47.107,55145600,-0.6401004994575186
csuEx72_NaAc_0.25M_JNL_10off_20on_20off,473,47.207,55747099.99999999,0.4436664656235679
csuEx72_NaAc_0.25M_JNL_10off_20on_20off,474,47.307,55612800,0.20168823883988768
csuEx72_NaAc_0.25M_JNL_10off_20on_20off,475,47.407,55303900,-0.35487970050101303
csuEx72_NaAc_0.25M_JNL_10off_20on_20off,476,47.507,55298500,-0.3646092792398957
csuEx72_NaAc_0.25M_JNL_10off_20on_20off,477,47.607,55435400,-0.11794644047081412
csuEx72_NaAc_0.25M_JNL_10off_20on_20off,478,47.707,55029700,-0.8489260875753897
csuEx72_NaAc_0.25M_JNL_10off_20on_20off,479,47.807,55130000,-0.6682081713698464
csuEx72_NaAc_0.25M_JNL_10off_20on_20off,480,47.907,55360100,-0.25362001066301165
csuEx72_NaAc_0.25M_JNL_10off_20on_20off,481,48.007,55532500,0.05700579944502095
csuEx72_NaAc_0.25M_JNL_10off_20on_20off,482,48.107,55083000,-0.7528915418749365
csuEx72_NaAc_0.25M_JNL_10off_20on_20off,483,48.207,55453200,-0.08587486610931191
csuEx72_NaAc_0.25M_JNL_10off_20on_20off,484,48.307,55073299.99999999,-0.7703687481281282
csuEx72_NaAc_0.25M_JNL_10off_20on_20off,485,48.407,55278700,-0.40028440128246556
csuEx72_NaAc_0.25M_JNL_10off_20on_20off,486,48.507,54844200,-1.1831551349944156
csuEx72_NaAc_0.25M_JNL_10off_20on_20off,487,48.607,54726800.00000001,-1.394683383873074
csuEx72_NaAc_0.25M_JNL_10off_20on_20off,488,48.707,54667800,-1.5009880404645837
csuEx72_NaAc_0.25M_JNL_10off_20on_20off,489,48.807,55363700,-0.24713362483708987
csuEx72_NaAc_0.25M_JNL_10off_20on_20off,490,48.907,54773600,-1.310360368136104
csuEx72_NaAc_0.25M_JNL_10off_20on_20off,491,49.007,55334000,-0.3006463079009447
csuEx72_NaAc_0.25M_JNL_10off_20on_20off,492,49.107,55162100,-0.6103712310887104
csuEx72_NaAc_0.25M_JNL_10off_20on_20off,493,49.207,54842400,-1.1863983279073764
csuEx72_NaAc_0.25M_JNL_10off_20on_20off,494,49.307,54707400,-1.4296377963794438
csuEx72_NaAc_0.25M_JNL_10off_20on_20off,495,49.407,54962600,-0.9698251122752098
csuEx72_NaAc_0.25M_JNL_10off_20on_20off,496,49.507,54933500.00000001,-1.0222567310347308
csuEx72_NaAc_0.25M_JNL_10off_20on_20off,497,49.607,54714700,-1.416484847343547
csuEx72_NaAc_0.25M_JNL_10off_20on_20off,498,49.707,54940300.00000001,-1.010004668919101
csuEx72_NaAc_0.25M_JNL_10off_20on_20off,499,49.807,54535000,-1.7402636064874764
csuEx72_NaAc_0.25M_JNL_10off_20on_20off,500,49.907,54793200.00000001,-1.2750456008616275
csuEx72_NaAc_0.25M_JNL_10off_20on_20off,501,50.007,54788200,-1.2840544700643102
csuEx72_NaAc_0.25M_JNL_10off_20on_20off,502,50.107,55077500,-0.7628012979978726
csuEx72_NaAc_0.25M_JNL_10off_20on_20off,503,50.207,54593700,-1.6344994820481402
csuEx72_NaAc_0.25M_JNL_10off_20on_20off,504,50.307,55091300,-0.7379368189985057
csuEx72_NaAc_0.25M_JNL_10off_20on_20off,505,50.407,54789500,-1.281712164071616
csuEx72_NaAc_0.25M_JNL_10off_20on_20off,506,50.507,54751500,-1.3501795700119017
csuEx72_NaAc_0.25M_JNL_10off_20on_20off,507,50.607,55278100,-0.4013654655867859
csuEx72_NaAc_0.25M_JNL_10off_20on_20off,508,50.707,54707300,-1.429817973763497
csuEx72_NaAc_0.25M_JNL_10off_20on_20off,509,50.807,55258200.00000001,-0.43722076501339574
csuEx72_NaAc_0.25M_JNL_10off_20on_20off,510,50.907,55367100,-0.24100759377927486
csuEx72_NaAc_0.25M_JNL_10off_20on_20off,511,51.007,54972500,-0.951987551253925
csuEx72_NaAc_0.25M_JNL_10off_20on_20off,512,51.107,54597100,-1.6283734509903254
csuEx72_NaAc_0.25M_JNL_10off_20on_20off,513,51.207,54806000,-1.2519828957028079
csuEx72_NaAc_0.25M_JNL_10off_20on_20off,514,51.307,54767500,-1.3213511885633604
csuEx72_NaAc_0.25M_JNL_10off_20on_20off,515,51.407,55089300,-0.7415403666795733
csuEx72_NaAc_0.25M_JNL_10off_20on_20off,516,51.507,54676500,-1.485312608051939
csuEx72_NaAc_0.25M_JNL_10off_20on_20off,517,51.607,54971500.00000001,-0.9537893250944454
csuEx72_NaAc_0.25M_JNL_10off_20on_20off,518,51.707,54616000,-1.5943199254042362
csuEx72_NaAc_0.25M_JNL_10off_20on_20off,519,51.807,54860300.00000001,-1.1541465761618075
csuEx72_NaAc_0.25M_JNL_10off_20on_20off,520,51.907,54897800,-1.0865800571418023
csuEx72_NaAc_0.25M_JNL_10off_20on_20off,521,52.007,54468700,-1.8597212121148694
csuEx72_NaAc_0.25M_JNL_10off_20on_20off,522,52.107,54570999.99999999,-1.675399748228272
csuEx72_NaAc_0.25M_JNL_10off_20on_20off,523,52.207,54327000,-2.1150325653185136
csuEx72_NaAc_0.25M_JNL_10off_20on_20off,524,52.307,54489800,-1.8217037840796055
csuEx72_NaAc_0.25M_JNL_10off_20on_20off,525,52.407,54499700.00000001,-1.8038662230583073
csuEx72_NaAc_0.25M_JNL_10off_20on_20off,526,52.507,54650299.99999999,-1.532519082673939
csuEx72_NaAc_0.25M_JNL_10off_20on_20off,527,52.607,54346100,-2.080618684964317
csuEx72_NaAc_0.25M_JNL_10off_20on_20off,528,52.707,54744900,-1.362071277359425
csuEx72_NaAc_0.25M_JNL_10off_20on_20off,529,52.807,54446899.99999999,-1.8989998818385205
csuEx72_NaAc_0.25M_JNL_10off_20on_20off,530,52.907,54270500.00000001,-2.2168327873086615
csuEx72_NaAc_0.25M_JNL_10off_20on_20off,531,53.007,54141899.99999999,-2.448540903201339
csuEx72_NaAc_0.25M_JNL_10off_20on_20off,532,53.107,54190900,-2.3602539850151683
csuEx72_NaAc_0.25M_JNL_10off_20on_20off,533,53.207,54549100,-1.7148585953359492
csuEx72_NaAc_0.25M_JNL_10off_20on_20off,534,53.307,54080800,-2.558629284857943
csuEx72_NaAc_0.25M_JNL_10off_20on_20off,535,53.407,54141600,-2.4490814353534858
csuEx72_NaAc_0.25M_JNL_10off_20on_20off,536,53.507,54508500,-1.7880106132616231
csuEx72_NaAc_0.25M_JNL_10off_20on_20off,537,53.607,54147400,-2.4386311470783895
csuEx72_NaAc_0.25M_JNL_10off_20on_20off,538,53.707,54310600.00000001,-2.144581656303255
csuEx72_NaAc_0.25M_JNL_10off_20on_20off,539,53.807,54026800,-2.6559250722467698
csuEx72_NaAc_0.25M_JNL_10off_20on_20off,540,53.907,54420600,-1.9463865338445467
csuEx72_NaAc_0.25M_JNL_10off_20on_20off,541,54.007,54265200,-2.2263821886635045
csuEx72_NaAc_0.25M_JNL_10off_20on_20off,542,54.107,54559500,-1.6961201473943976
csuEx72_NaAc_0.25M_JNL_10off_20on_20off,543,54.207,54870400,-1.1359486603724291
csuEx72_NaAc_0.25M_JNL_10off_20on_20off,544,54.307,54774800,-1.3081982395274634
csuEx72_NaAc_0.25M_JNL_10off_20on_20off,545,54.407,54268500,-2.2204363349897425
csuEx72_NaAc_0.25M_JNL_10off_20on_20off,546,54.507,54314500,-2.137554738325186
csuEx72_NaAc_0.25M_JNL_10off_20on_20off,547,54.607,54225899.99999999,-2.297191900596497
csuEx72_NaAc_0.25M_JNL_10off_20on_20off,548,54.707,54251699.99999999,-2.2507061355107245
csuEx72_NaAc_0.25M_JNL_10off_20on_20off,549,54.807,54073200,-2.572322766046
csuEx72_NaAc_0.25M_JNL_10off_20on_20off,550,54.907,54309100,-2.147284317064069
csuEx72_NaAc_0.25M_JNL_10off_20on_20off,551,55.007,54431300,-1.9271075537508349
csuEx72_NaAc_0.25M_JNL_10off_20on_20off,552,55.107,54104800,-2.515386712685131
csuEx72_NaAc_0.25M_JNL_10off_20on_20off,553,55.207,54393200.00000001,-1.9957551370751603
csuEx72_NaAc_0.25M_JNL_10off_20on_20off,554,55.307,54754699.99999999,-1.3444138937222068
csuEx72_NaAc_0.25M_JNL_10off_20on_20off,555,55.407,54147200,-2.4389915018464965
csuEx72_NaAc_0.25M_JNL_10off_20on_20off,556,55.507,54154400,-2.4260187301946528
csuEx72_NaAc_0.25M_JNL_10off_20on_20off,557,55.607,54266400,-2.2242200600548636
csuEx72_NaAc_0.25M_JNL_10off_20on_20off,558,55.707,54108300,-2.5090805042432622
csuEx72_NaAc_0.25M_JNL_10off_20on_20off,559,55.807,53915499.99999999,-2.856462500698199
csuEx72_NaAc_0.25M_JNL_10off_20on_20off,560,55.907,53497100,-3.6103246755775404
csuEx72_NaAc_0.25M_JNL_10off_20on_20off,561,56.007,53572100,-3.475191637537503
csuEx72_NaAc_0.25M_JNL_10off_20on_20off,562,56.107,54118300,-2.491062765837924
csuEx72_NaAc_0.25M_JNL_10off_20on_20off,563,56.207,54146599.99999999,-2.44007256615083
csuEx72_NaAc_0.25M_JNL_10off_20on_20off,564,56.307,54388400,-2.0044036515097363
csuEx72_NaAc_0.25M_JNL_10off_20on_20off,565,56.407,54213900,-2.3188131866828896
csuEx72_NaAc_0.25M_JNL_10off_20on_20off,566,56.507,53813200,-3.0407839645847963
csuEx72_NaAc_0.25M_JNL_10off_20on_20off,567,56.607,53937799.99999999,-2.8162829440542945
csuEx72_NaAc_0.25M_JNL_10off_20on_20off,568,56.707,54162700,-2.411064007318222
csuEx72_NaAc_0.25M_JNL_10off_20on_20off,569,56.807,53829200,-3.0119555831362552
csuEx72_NaAc_0.25M_JNL_10off_20on_20off,570,56.907,54236800,-2.277552565734665
csuEx72_NaAc_0.25M_JNL_10off_20on_20off,571,57.007,54472300,-1.8532348262889478
csuEx72_NaAc_0.25M_JNL_10off_20on_20off,572,57.107,54227600,-2.2941288850675763
csuEx72_NaAc_0.25M_JNL_10off_20on_20off,573,57.207,54203000,-2.3384525215447085
csuEx72_NaAc_0.25M_JNL_10off_20on_20off,574,57.307,53929200,-2.831778199082872
csuEx72_NaAc_0.25M_JNL_10off_20on_20off,575,57.407,54102300,-2.5198911472864656
csuEx72_NaAc_0.25M_JNL_10off_20on_20off,576,57.507,54016600,-2.674303165420215
csuEx72_NaAc_0.25M_JNL_10off_20on_20off,577,57.607,53956400,-2.7827699506203514
csuEx72_NaAc_0.25M_JNL_10off_20on_20off,578,57.707,54061600,-2.5932233425961924
csuEx72_NaAc_0.25M_JNL_10off_20on_20off,579,57.807,53976800,-2.7460137642734614
csuEx72_NaAc_0.25M_JNL_10off_20on_20off,580,57.907,53730500,-3.189790661196944
csuEx72_NaAc_0.25M_JNL_10off_20on_20off,581,58.007,53649699.99999999,-3.3353739875120914
csuEx72_NaAc_0.25M_JNL_10off_20on_20off,582,58.107,53986400,-2.7287167354043365
csuEx72_NaAc_0.25M_JNL_10off_20on_20off,583,58.207,53968700,-2.7606081323817855
csuEx72_NaAc_0.25M_JNL_10off_20on_20off,584,58.307,53605600.00000001,-3.4148322138796066
csuEx72_NaAc_0.25M_JNL_10off_20on_20off,585,58.407,53634000.00000001,-3.363661836808445
csuEx72_NaAc_0.25M_JNL_10off_20on_20off,586,58.507,53589700,-3.443480417944108
csuEx72_NaAc_0.25M_JNL_10off_20on_20off,587,58.607,53216599.99999999,-4.115722237847294
csuEx72_NaAc_0.25M_JNL_10off_20on_20off,588,58.707,53901400,-2.8818675118497126
csuEx72_NaAc_0.25M_JNL_10off_20on_20off,589,58.807,53324200,-3.9218513726058397
csuEx72_NaAc_0.25M_JNL_10off_20on_20off,590,58.907,53819000,-3.0303336763097
csuEx72_NaAc_0.25M_JNL_10off_20on_20off,591,59.007,53600300,-3.4243816152344486
csuEx72_NaAc_0.25M_JNL_10off_20on_20off,592,59.107,53301700,-3.9623912840178512
csuEx72_NaAc_0.25M_JNL_10off_20on_20off,593,59.207,53279800,-4.0018501311255426
csuEx72_NaAc_0.25M_JNL_10off_20on_20off,594,59.307,53608700,-3.4092467149739645
csuEx72_NaAc_0.25M_JNL_10off_20on_20off,595,59.407,53385800,-3.810862104028956
csuEx72_NaAc_0.25M_JNL_10off_20on_20off,596,59.507,53477400,-3.645819620236057
csuEx72_NaAc_0.25M_JNL_10off_20on_20off,597,59.607,53535500,-3.5411365601010414
csuEx72_NaAc_0.25M_JNL_10off_20on_20off,598,59.707,53283900,-3.9944628583793538
csuEx72_NaAc_0.25M_JNL_10off_20on_20off,599,59.807,53752500,-3.1501516367052
csuEx72_NaAc_0.25M_JNL_10off_20on_20off,600,59.907,53071600,-4.376979444724686
