stim_jnl,frame,time_s,fluor,dff
csuEx72_NaAc_0.25M_JNL_10off_20on_20off,2,0.1,36349400,0.2657662812100627
csuEx72_NaAc_0.25M_JNL_10off_20on_20off,3,0.2,36022100,-0.6370542688909033
csuEx72_NaAc_0.25M_JNL_10off_20on_20off,4,0.3,36560600,0.8483379285712727
csuEx72_NaAc_0.25M_JNL_10off_20on_20off,5,0.4,36573800,0.8847486565313484
csuEx72_NaAc_0.25M_JNL_10off_20on_20off,6,0.5,36837800,1.6129632157328606
csuEx72_NaAc_0.25M_JNL_10off_20on_20off,7,0.6,36655600,1.1103848343445442
csuEx72_NaAc_0.25M_JNL_10off_20on_20off,8,0.7,36123700,-0.3568019991375939
csuEx72_NaAc_0.25M_JNL_10off_20on_20off,9,0.8,36100100,-0.4218999673086382
csuEx72_NaAc_0.25M_JNL_10off_20on_20off,10,0.9,35945000,-0.8497260208395268
csuEx72_NaAc_0.25M_JNL_10off_20on_20off,11,1,36417200,0.4527850202777238
csuEx72_NaAc_0.25M_JNL_10off_20on_20off,12,1.1,36401300,0.4089266434167237
csuEx72_NaAc_0.25M_JNL_10off_20on_20off,13,1.2,36249800,-0.00896921157959879
csuEx72_NaAc_0.25M_JNL_10off_20on_20off,14,1.3,36549400,0.8174439775748449
csuEx72_NaAc_0.25M_JNL_10off_20on_20off,15,1.4,36032100,-0.6094703840726642
csuEx72_NaAc_0.25M_JNL_10off_20on_20off,16,1.5,35415700,-2.3097410442689226
csuEx72_NaAc_0.25M_JNL_10off_20on_20off,17,1.6,36100200,-0.4216241284604559
csuEx72_NaAc_0.25M_JNL_10off_20on_20off,18,1.7,36355800,0.28341996749373577
csuEx72_NaAc_0.25M_JNL_10off_20on_20off,19,1.8,36333000,0.2205287101081506
csuEx72_NaAc_0.25M_JNL_10off_20on_20off,20,1.9,36243000,-0.027726253256001386
csuEx72_NaAc_0.25M_JNL_10off_20on_20off,21,2,36126200,-0.34990602793303416
csuEx72_NaAc_0.25M_JNL_10off_20on_20off,22,2.1,36314900,0.1706018785871378
csuEx72_NaAc_0.25M_JNL_10off_20on_20off,23,2.2,36382600,0.3573447788066166
csuEx72_NaAc_0.25M_JNL_10off_20on_20off,24,2.3,36503600,0.6911097851073098
csuEx72_NaAc_0.25M_JNL_10off_20on_20off,25,2.4,36609100,0.9821197699397324
csuEx72_NaAc_0.25M_JNL_10off_20on_20off,26,2.5,36377800,0.3441045140938618
csuEx72_NaAc_0.25M_JNL_10off_20on_20off,27,2.6,36658100,1.117280805549104
csuEx72_NaAc_0.25M_JNL_10off_20on_20off,28,2.7,36318000,0.17915288288079192
csuEx72_NaAc_0.25M_JNL_10off_20on_20off,29,2.8,36491500,0.6577332844772404
csuEx72_NaAc_0.25M_JNL_10off_20on_20off,30,2.9,36550600,0.8207540437530336
csuEx72_NaAc_0.25M_JNL_10off_20on_20off,31,3,37038800,2.1673993005794667
csuEx72_NaAc_0.25M_JNL_10off_20on_20off,32,3.1,36579900,0.90157482627047425
csuEx72_NaAc_0.25M_JNL_10off_20on_20off,33,3.2,36728200,1.31064383812496
csuEx72_NaAc_0.25M_JNL_10off_20on_20off,34,3.3,36031500,-0.6111254171617585
csuEx72_NaAc_0.25M_JNL_10off_20on_20off,35,3.4,36030300,-0.6144354833399472
csuEx72_NaAc_0.25M_JNL_10off_20on_20off,36,3.5,35841800,-1.1343917121637543
csuEx72_NaAc_0.25M_JNL_10off_20on_20off,37,3.6,35750800,-1.3854050640097304
csuEx72_NaAc_0.25M_JNL_10off_20on_20off,38,3.7,36191200,-0.17061077661447996
csuEx72_NaAc_0.25M_JNL_10off_20on_20off,39,3.8,35828700,-1.1705266012756477
csuEx72_NaAc_0.25M_JNL_10off_20on_20off,40,3.9,35632300,-1.7122740991058636
csuEx72_NaAc_0.25M_JNL_10off_20on_20off,41,4,35761200,-1.3567178237987616
csuEx72_NaAc_0.25M_JNL_10off_20on_20off,42,4.1,35981400,-0.7493206801011365
csuEx72_NaAc_0.25M_JNL_10off_20on_20off,43,4.2,35924200,-0.9071005012614642
csuEx72_NaAc_0.25M_JNL_10off_20on_20off,44,4.3,35598700,-1.8049559520951473
csuEx72_NaAc_0.25M_JNL_10off_20on_20off,45,4.4,35777900,-1.3106527361523024
csuEx72_NaAc_0.25M_JNL_10off_20on_20off,46,4.5,36013500,-0.660776409834589
csuEx72_NaAc_0.25M_JNL_10off_20on_20off,47,4.6,35395200,-2.366288008146313
csuEx72_NaAc_0.25M_JNL_10off_20on_20off,48,4.7,35937900,-0.8693105790604765
csuEx72_NaAc_0.25M_JNL_10off_20on_20off,49,4.8,35458300,-2.192233694943224
csuEx72_NaAc_0.25M_JNL_10off_20on_20off,50,4.9,35432500,-2.2634001177742813
csuEx72_NaAc_0.25M_JNL_10off_20on_20off,51,5,35783700,-1.2946540829577236
csuEx72_NaAc_0.25M_JNL_10off_20on_20off,52,5.1,35777400,-1.3120319303932142
csuEx72_NaAc_0.25M_JNL_10off_20on_20off,53,5.2,35812100,-1.2163158500739246
csuEx72_NaAc_0.25M_JNL_10off_20on_20off,54,5.3,35527600,-2.0010773731528273
csuEx72_NaAc_0.25M_JNL_10off_20on_20off,55,5.4,35562000,-1.9061888093780848
csuEx72_NaAc_0.25M_JNL_10off_20on_20off,56,5.5,35643100,-1.6824835035021655
csuEx72_NaAc_0.25M_JNL_10off_20on_20off,57,5.6,35621100,-1.7431680501022915
csuEx72_NaAc_0.25M_JNL_10off_20on_20off,58,5.7,35668200,-1.6132479526083852
csuEx72_NaAc_0.25M_JNL_10off_20on_20off,59,5.8,35340400,-2.517447696950263
csuEx72_NaAc_0.25M_JNL_10off_20on_20off,60,5.9,36005900,-0.6817401622964506
csuEx72_NaAc_0.25M_JNL_10off_20on_20off,61,6,35800100,-1.2494165118558114
csuEx72_NaAc_0.25M_JNL_10off_20on_20off,62,6.1,36215500,-0.10358193650615893
csuEx72_NaAc_0.25M_JNL_10off_20on_20off,63,6.2,35982200,-0.7471139693156773
csuEx72_NaAc_0.25M_JNL_10off_20on_20off,64,6.3,35526800,-2.003284083938286
csuEx72_NaAc_0.25M_JNL_10off_20on_20off,65,6.4,35473300,-2.1508578677158656
csuEx72_NaAc_0.25M_JNL_10off_20on_20off,66,6.5,36266700,0.0376475537632253
csuEx72_NaAc_0.25M_JNL_10off_20on_20off,67,6.6,35898900,-0.9768877298516091
csuEx72_NaAc_0.25M_JNL_10off_20on_20off,68,6.7,36037400,-0.5948509251189974
csuEx72_NaAc_0.25M_JNL_10off_20on_20off,69,6.8,36200400,-0.14523360258169998
csuEx72_NaAc_0.25M_JNL_10off_20on_20off,70,6.9,35822800,-1.1868010933184088
csuEx72_NaAc_0.25M_JNL_10off_20on_20off,71,7,36269500,0.045371041512332254
csuEx72_NaAc_0.25M_JNL_10off_20on_20off,72,7.1,35254300,-2.754944945235302
csuEx72_NaAc_0.25M_JNL_10off_20on_20off,73,7.2,35255100,-2.752738234449843
csuEx72_NaAc_0.25M_JNL_10off_20on_20off,74,7.3,35622600,-1.7390304673795556
csuEx72_NaAc_0.25M_JNL_10off_20on_20off,75,7.4,36450000,0.5432601624815482
csuEx72_NaAc_0.25M_JNL_10off_20on_20off,76,7.5,36243200,-0.0271745755596366
csuEx72_NaAc_0.25M_JNL_10off_20on_20off,77,7.6,36007600,-0.6770509018773501
csuEx72_NaAc_0.25M_JNL_10off_20on_20off,78,7.7,35604800,-1.7881297823560214
csuEx72_NaAc_0.25M_JNL_10off_20on_20off,79,7.8,35303800,-2.6184047153850183
csuEx72_NaAc_0.25M_JNL_10off_20on_20off,80,7.9,35649300,-1.665381494914857
csuEx72_NaAc_0.25M_JNL_10off_20on_20off,81,8,35291200,-2.6531604102559996
csuEx72_NaAc_0.25M_JNL_10off_20on_20off,82,8.1,35403300,-2.3439450614435393
csuEx72_NaAc_0.25M_JNL_10off_20on_20off,83,8.207,35366000,-2.446832951815571
csuEx72_NaAc_0.25M_JNL_10off_20on_20off,84,8.307,35238200,-2.799354999792667
csuEx72_NaAc_0.25M_JNL_10off_20on_20off,85,8.407,35089400,-3.209803205888065
csuEx72_NaAc_0.25M_JNL_10off_20on_20off,86,8.507,35016000,-3.41226892045394
csuEx72_NaAc_0.25M_JNL_10off_20on_20off,87,8.607,35382500,-2.4013195418654765
csuEx72_NaAc_0.25M_JNL_10off_20on_20off,88,8.707,35429000,-2.273054477460665
csuEx72_NaAc_0.25M_JNL_10off_20on_20off,89,8.807,35322100,-2.5679262061676407
csuEx72_NaAc_0.25M_JNL_10off_20on_20off,90,8.907,35009700,-3.4296467678894307
csuEx72_NaAc_0.25M_JNL_10off_20on_20off,91,9.007,35569400,-1.8857767346125875
csuEx72_NaAc_0.25M_JNL_10off_20on_20off,92,9.107,35320500,-2.572339627738559
csuEx72_NaAc_0.25M_JNL_10off_20on_20off,93,9.207,35313700,-2.5910966694149615
csuEx72_NaAc_0.25M_JNL_10off_20on_20off,94,9.307,35438600,-2.2465739480351554
csuEx72_NaAc_0.25M_JNL_10off_20on_20off,95,9.407,35498200,-2.0821739945184503
csuEx72_NaAc_0.25M_JNL_10off_20on_20off,96,9.507,35559300,-1.9136364582790093
csuEx72_NaAc_0.25M_JNL_10off_20on_20off,97,9.607,35093700,-3.197942135416222
csuEx72_NaAc_0.25M_JNL_10off_20on_20off,98,9.707,35169300,-2.9894079661903343
csuEx72_NaAc_0.25M_JNL_10off_20on_20off,99,9.807,35385800,-2.392216859875458
csuEx72_NaAc_0.25M_JNL_10off_20on_20off,100,9.907,35689300,-1.5550459556419007
csuEx72_NaAc_0.25M_JNL_10off_20on_20off,101,10.007,34992800,-3.4762635332322542
csuEx72_NaAc_0.25M_JNL_10off_20on_20off,102,10.107,33895100,-6.504146569730361
csuEx72_NaAc_0.25M_JNL_10off_20on_20off,103,10.207,34099400,-5.940607802893736
csuEx72_NaAc_0.25M_JNL_10off_20on_20off,104,10.307,33953800,-6.342229165847297
csuEx72_NaAc_0.25M_JNL_10off_20on_20off,105,10.407,33518300,-7.543507349681611
csuEx72_NaAc_0.25M_JNL_10off_20on_20off,106,10.507,33754900,-6.890872634882074
csuEx72_NaAc_0.25M_JNL_10off_20on_20off,107,10.607,34104500,-5.926540021636435
csuEx72_NaAc_0.25M_JNL_10off_20on_20off,108,10.707,33336700,-8.044430697980834
csuEx72_NaAc_0.25M_JNL_10off_20on_20off,109,10.807,34020000,-6.159623848350555
csuEx72_NaAc_0.25M_JNL_10off_20on_20off,110,10.907,33726700,-6.968659190069508
csuEx72_NaAc_0.25M_JNL_10off_20on_20off,111,11.007,32980100,-9.028072030599239
csuEx72_NaAc_0.25M_JNL_10off_20on_20off,112,11.107,33802000,-6.760952537388168
csuEx72_NaAc_0.25M_JNL_10off_20on_20off,113,11.207,33570600,-7.3992436320822215
csuEx72_NaAc_0.25M_JNL_10off_20on_20off,114,11.307,33209399.999999996,-8.395573551717026
csuEx72_NaAc_0.25M_JNL_10off_20on_20off,115,11.407,32985300,-9.013728410493755
csuEx72_NaAc_0.25M_JNL_10off_20on_20off,116,11.507,32811400,-9.493412167482933
csuEx72_NaAc_0.25M_JNL_10off_20on_20off,117,11.607,33594000,-7.334697341607541
csuEx72_NaAc_0.25M_JNL_10off_20on_20off,118,11.707,33168100,-8.509494996016345
csuEx72_NaAc_0.25M_JNL_10off_20on_20off,119,11.807,32996700,-8.982282781800963
csuEx72_NaAc_0.25M_JNL_10off_20on_20off,120,11.907,33144400,-8.57486880303557
csuEx72_NaAc_0.25M_JNL_10off_20on_20off,121,12.007,33355500,-7.992572994522544
csuEx72_NaAc_0.25M_JNL_10off_20on_20off,122,12.107,32813800,-9.486792035126557
csuEx72_NaAc_0.25M_JNL_10off_20on_20off,123,12.207,33389400,-7.899063624988713
csuEx72_NaAc_0.25M_JNL_10off_20on_20off,124,12.307,33011800,-8.940631115725422
csuEx72_NaAc_0.25M_JNL_10off_20on_20off,125,12.407,32926300,-9.176473330921366
csuEx72_NaAc_0.25M_JNL_10off_20on_20off,126,12.507,33465200,-7.689977778066461
csuEx72_NaAc_0.25M_JNL_10off_20on_20off,127,12.607,33149200,-8.561628538322816
csuEx72_NaAc_0.25M_JNL_10off_20on_20off,128,12.707,33057800,-8.813745245561522
csuEx72_NaAc_0.25M_JNL_10off_20on_20off,129,12.807,32557900,-10.192663647625295
csuEx72_NaAc_0.25M_JNL_10off_20on_20off,130,12.907,33312200,-8.11201121578552
csuEx72_NaAc_0.25M_JNL_10off_20on_20off,131,13.007,33271500,-8.224277626995752
csuEx72_NaAc_0.25M_JNL_10off_20on_20off,132,13.107,33202900,-8.413503076848873
csuEx72_NaAc_0.25M_JNL_10off_20on_20off,133,13.207,33198500.000000004,-8.425639986168887
csuEx72_NaAc_0.25M_JNL_10off_20on_20off,134,13.307,32405300,-10.613593729951624
csuEx72_NaAc_0.25M_JNL_10off_20on_20off,135,13.407,32726400,-9.727875188437967
csuEx72_NaAc_0.25M_JNL_10off_20on_20off,136,13.507,32647000,-9.946891233894785
csuEx72_NaAc_0.25M_JNL_10off_20on_20off,137,13.607,33253100,-8.275031975061312
csuEx72_NaAc_0.25M_JNL_10off_20on_20off,138,13.707,33146900,-8.56797283183101
csuEx72_NaAc_0.25M_JNL_10off_20on_20off,139,13.807,33505200,-7.579642238793505
csuEx72_NaAc_0.25M_JNL_10off_20on_20off,140,13.907,33093400,-8.715546615608591
csuEx72_NaAc_0.25M_JNL_10off_20on_20off,141,14.007,32877800,-9.310255172289827
csuEx72_NaAc_0.25M_JNL_10off_20on_20off,142,14.107,33710900,-7.012241728082326
csuEx72_NaAc_0.25M_JNL_10off_20on_20off,143,14.207,33570800,-7.398691954385855
csuEx72_NaAc_0.25M_JNL_10off_20on_20off,144,14.307,33730400,-6.95845315268676
csuEx72_NaAc_0.25M_JNL_10off_20on_20off,145,14.407,33585100,-7.359246999095774
csuEx72_NaAc_0.25M_JNL_10off_20on_20off,146,14.507,33378100,-7.930233414833324
csuEx72_NaAc_0.25M_JNL_10off_20on_20off,147,14.607,33527999.999999996,-7.51675098140793
csuEx72_NaAc_0.25M_JNL_10off_20on_20off,148,14.707,32194000,-11.196441216161016
csuEx72_NaAc_0.25M_JNL_10off_20on_20off,149,14.807,32449300,-10.492224636751372
csuEx72_NaAc_0.25M_JNL_10off_20on_20off,150,14.907,32932000,-9.16075051657497
csuEx72_NaAc_0.25M_JNL_10off_20on_20off,151,15.007,32652500,-9.931720097244753
csuEx72_NaAc_0.25M_JNL_10off_20on_20off,152,15.107,32563800,-10.176389155582534
csuEx72_NaAc_0.25M_JNL_10off_20on_20off,153,15.207,31492200,-13.132278252705037
csuEx72_NaAc_0.25M_JNL_10off_20on_20off,154,15.307,31740800,-12.446542876123612
csuEx72_NaAc_0.25M_JNL_10off_20on_20off,155,15.407,31469700,-13.194341993546074
csuEx72_NaAc_0.25M_JNL_10off_20on_20off,156,15.507,31103700,-14.203912177893626
csuEx72_NaAc_0.25M_JNL_10off_20on_20off,157,15.607,30707600,-15.296509855544077
csuEx72_NaAc_0.25M_JNL_10off_20on_20off,158,15.707,31040000,-14.37962152418581
csuEx72_NaAc_0.25M_JNL_10off_20on_20off,159,15.807,31020600,-14.433134260733194
csuEx72_NaAc_0.25M_JNL_10off_20on_20off,160,15.907,30833100,-14.950332101075176
csuEx72_NaAc_0.25M_JNL_10off_20on_20off,161,16.007,30802700,-15.034187110922623
csuEx72_NaAc_0.25M_JNL_10off_20on_20off,162,16.107,31152400,-14.069578658828801
csuEx72_NaAc_0.25M_JNL_10off_20on_20off,163,16.207,30484000,-15.913285520079903
csuEx72_NaAc_0.25M_JNL_10off_20on_20off,164,16.307,31018600,-14.43865103769684
csuEx72_NaAc_0.25M_JNL_10off_20on_20off,165,16.407,30626900,-15.519111806027267
csuEx72_NaAc_0.25M_JNL_10off_20on_20off,166,16.507,31272500,-13.73829620216175
csuEx72_NaAc_0.25M_JNL_10off_20on_20off,167,16.607,31265900.000000004,-13.756501566141777
csuEx72_NaAc_0.25M_JNL_10off_20on_20off,168,16.707,30899000,-14.768554300122979
csuEx72_NaAc_0.25M_JNL_10off_20on_20off,169,16.807,30624600,-15.525456099535461
csuEx72_NaAc_0.25M_JNL_10off_20on_20off,170,16.907,30159200,-16.80921009897631
csuEx72_NaAc_0.25M_JNL_10off_20on_20off,171,17.007,30111900,-16.93968187416658
csuEx72_NaAc_0.25M_JNL_10off_20on_20off,172,17.107,30009900,-17.22103749931262
csuEx72_NaAc_0.25M_JNL_10off_20on_20off,173,17.207,29573700,-18.42424655508421
csuEx72_NaAc_0.25M_JNL_10off_20on_20off,174,17.307,30056400,-17.092772434907808
csuEx72_NaAc_0.25M_JNL_10off_20on_20off,175,17.407,29628400,-18.27336270512844
csuEx72_NaAc_0.25M_JNL_10off_20on_20off,176,17.507,29299100,-19.181700032193056
csuEx72_NaAc_0.25M_JNL_10off_20on_20off,177,17.607,29930200,-17.440881061313984
csuEx72_NaAc_0.25M_JNL_10off_20on_20off,178,17.707,29710500,-18.046899010770698
csuEx72_NaAc_0.25M_JNL_10off_20on_20off,179,17.807,29455600,-18.750012234787615
csuEx72_NaAc_0.25M_JNL_10off_20on_20off,180,17.907,29887500,-17.558664249487865
csuEx72_NaAc_0.25M_JNL_10off_20on_20off,181,18.007,29739900,-17.965802389405074
csuEx72_NaAc_0.25M_JNL_10off_20on_20off,182,18.107,29931199.999999996,-17.438122672832172
csuEx72_NaAc_0.25M_JNL_10off_20on_20off,183,18.208,30259900,-16.531440378856644
csuEx72_NaAc_0.25M_JNL_10off_20on_20off,184,18.308,30060800,-17.080635525587784
csuEx72_NaAc_0.25M_JNL_10off_20on_20off,185,18.408,30044200,-17.12642477438606
csuEx72_NaAc_0.25M_JNL_10off_20on_20off,186,18.508,29940699.999999996,-17.411917982254845
csuEx72_NaAc_0.25M_JNL_10off_20on_20off,187,18.608,29775900,-17.866500404059416
csuEx72_NaAc_0.25M_JNL_10off_20on_20off,188,18.708,29806000,-17.783472910756515
csuEx72_NaAc_0.25M_JNL_10off_20on_20off,189,18.808,29829800,-17.717823264889105
csuEx72_NaAc_0.25M_JNL_10off_20on_20off,190,18.908,29344400,-19.056745033966433
csuEx72_NaAc_0.25M_JNL_10off_20on_20off,191,19.008,29260799.999999996,-19.28734631104692
csuEx72_NaAc_0.25M_JNL_10off_20on_20off,192,19.108,29806300,-17.78264539421197
csuEx72_NaAc_0.25M_JNL_10off_20on_20off,193,19.208,28896900,-20.29112387958263
csuEx72_NaAc_0.25M_JNL_10off_20on_20off,194,19.308,29042700,-19.888950838932708
csuEx72_NaAc_0.25M_JNL_10off_20on_20off,195,19.408,29055800,-19.852815949820812
csuEx72_NaAc_0.25M_JNL_10off_20on_20off,196,19.508,29426400,-18.83055717845687
csuEx72_NaAc_0.25M_JNL_10off_20on_20off,197,19.608,29175399.999999996,-19.522912687394683
csuEx72_NaAc_0.25M_JNL_10off_20on_20off,198,19.708,29182100.000000004,-19.504431484566442
csuEx72_NaAc_0.25M_JNL_10off_20on_20off,199,19.808,28721199.999999996,-20.775772735839105
csuEx72_NaAc_0.25M_JNL_10off_20on_20off,200,19.908,28438300,-21.556120837347077
csuEx72_NaAc_0.25M_JNL_10off_20on_20off,201,20.008,28866000,-20.376358083670993
csuEx72_NaAc_0.25M_JNL_10off_20on_20off,202,20.108,29005400,-19.991838729304735
csuEx72_NaAc_0.25M_JNL_10off_20on_20off,203,20.208,28787000,-20.59427077373508
csuEx72_NaAc_0.25M_JNL_10off_20on_20off,204,20.309,28834800,-20.462419804303895
csuEx72_NaAc_0.25M_JNL_10off_20on_20off,205,20.408,28395100.000000004,-21.67528321976186
csuEx72_NaAc_0.25M_JNL_10off_20on_20off,206,20.508,28974300,-20.077624611089462
csuEx72_NaAc_0.25M_JNL_10off_20on_20off,207,20.608,28450500,-21.522468497868825
csuEx72_NaAc_0.25M_JNL_10off_20on_20off,208,20.708,28571900,-21.1876001361754
csuEx72_NaAc_0.25M_JNL_10off_20on_20off,209,20.808,28130300,-22.405704489748842
csuEx72_NaAc_0.25M_JNL_10off_20on_20off,210,20.908,28872900,-20.357325203146406
csuEx72_NaAc_0.25M_JNL_10off_20on_20off,211,21.008,28506700,-21.367447065190323
csuEx72_NaAc_0.25M_JNL_10off_20on_20off,212,21.108,28719100,-20.781565351650926
csuEx72_NaAc_0.25M_JNL_10off_20on_20off,213,21.208,29037099.999999996,-19.90439781443093
csuEx72_NaAc_0.25M_JNL_10off_20on_20off,214,21.308,28693200,-20.853007613330163
csuEx72_NaAc_0.25M_JNL_10off_20on_20off,215,21.408,28464400,-21.48412689797147
csuEx72_NaAc_0.25M_JNL_10off_20on_20off,216,21.508,28506700,-21.367447065190323
csuEx72_NaAc_0.25M_JNL_10off_20on_20off,217,21.608,27934000,-22.94717614873088
csuEx72_NaAc_0.25M_JNL_10off_20on_20off,218,21.708,27898900.000000004,-23.043995584442886
csuEx72_NaAc_0.25M_JNL_10off_20on_20off,219,21.808,27938900.000000004,-22.93366004516993
csuEx72_NaAc_0.25M_JNL_10off_20on_20off,220,21.908,27665600,-23.687527617252414
csuEx72_NaAc_0.25M_JNL_10off_20on_20off,221,22.008,28455400,-21.50895239430789
csuEx72_NaAc_0.25M_JNL_10off_20on_20off,222,22.108,28670700,-20.9150713541712
csuEx72_NaAc_0.25M_JNL_10off_20on_20off,223,22.208,28488200,-21.418477252104065
csuEx72_NaAc_0.25M_JNL_10off_20on_20off,224,22.308,27513600,-24.10680266648965
csuEx72_NaAc_0.25M_JNL_10off_20on_20off,225,22.408,28399000,-21.664525504682757
csuEx72_NaAc_0.25M_JNL_10off_20on_20off,226,22.508,28527600,-21.309796745920202
csuEx72_NaAc_0.25M_JNL_10off_20on_20off,227,22.608,28035600,-22.666923878977567
csuEx72_NaAc_0.25M_JNL_10off_20on_20off,228,22.708,28361300,-21.76851675044752
csuEx72_NaAc_0.25M_JNL_10off_20on_20off,229,22.808,28000200,-22.76457083123413
csuEx72_NaAc_0.25M_JNL_10off_20on_20off,230,22.908,28262500,-22.041045532451722
csuEx72_NaAc_0.25M_JNL_10off_20on_20off,231,23.008,28278300,-21.997462994438905
csuEx72_NaAc_0.25M_JNL_10off_20on_20off,232,23.108,27464200,-24.24306705749175
csuEx72_NaAc_0.25M_JNL_10off_20on_20off,233,23.208,27776300,-23.382174012314508
csuEx72_NaAc_0.25M_JNL_10off_20on_20off,234,23.308,27517600,-24.09576911256235
csuEx72_NaAc_0.25M_JNL_10off_20on_20off,235,23.408,27442000.000000004,-24.30430328178823
csuEx72_NaAc_0.25M_JNL_10off_20on_20off,236,23.508,27539200,-24.03618792135496
csuEx72_NaAc_0.25M_JNL_10off_20on_20off,237,23.608,27883100,-23.087578122455714
csuEx72_NaAc_0.25M_JNL_10off_20on_20off,238,23.708,27047600,-25.39221169901959
csuEx72_NaAc_0.25M_JNL_10off_20on_20off,239,23.808,27086900,-25.283807031683914
csuEx72_NaAc_0.25M_JNL_10off_20on_20off,240,23.908,27401000,-24.417397209543022
csuEx72_NaAc_0.25M_JNL_10off_20on_20off,241,24.008,27895700,-23.052822427584733
csuEx72_NaAc_0.25M_JNL_10off_20on_20off,242,24.108,26777600,-26.13697658911205
csuEx72_NaAc_0.25M_JNL_10off_20on_20off,243,24.208,27225900,-24.900391032710388
csuEx72_NaAc_0.25M_JNL_10off_20on_20off,244,24.308,27422200,-24.358919373728355
csuEx72_NaAc_0.25M_JNL_10off_20on_20off,245,24.408,27028700,-25.44434524132606
csuEx72_NaAc_0.25M_JNL_10off_20on_20off,246,24.508,26816500,-26.029675277169094
csuEx72_NaAc_0.25M_JNL_10off_20on_20off,247,24.608,27248000,-24.839430647262077
csuEx72_NaAc_0.25M_JNL_10off_20on_20off,248,24.708,26475200,-26.971113266015596
csuEx72_NaAc_0.25M_JNL_10off_20on_20off,249,24.808,27060399.999999996,-25.356904326452256
csuEx72_NaAc_0.25M_JNL_10off_20on_20off,250,24.908,26408999.999999996,-27.153718583512347
csuEx72_NaAc_0.25M_JNL_10off_20on_20off,251,25.008,26329200,-27.373837984361888
csuEx72_NaAc_0.25M_JNL_10off_20on_20off,252,25.108,26779400,-26.132011489844764
csuEx72_NaAc_0.25M_JNL_10off_20on_20off,253,25.208,27062300,-25.35166338833678
csuEx72_NaAc_0.25M_JNL_10off_20on_20off,254,25.308,26686200.000000004,-26.38909329635074
csuEx72_NaAc_0.25M_JNL_10off_20on_20off,255,25.408,26520400,-26.846434106637158
csuEx72_NaAc_0.25M_JNL_10off_20on_20off,256,25.508,26775600,-26.14249336607569
csuEx72_NaAc_0.25M_JNL_10off_20on_20off,257,25.608,26359800,-27.28943129681808
csuEx72_NaAc_0.25M_JNL_10off_20on_20off,258,25.708,26821100.000000004,-26.016986690152695
csuEx72_NaAc_0.25M_JNL_10off_20on_20off,259,25.808,27205600,-24.956386318891415
csuEx72_NaAc_0.25M_JNL_10off_20on_20off,260,25.908,27028400,-25.44517275787061
csuEx72_NaAc_0.25M_JNL_10off_20on_20off,261,26.008,26528000,-26.825470354175295
csuEx72_NaAc_0.25M_JNL_10off_20on_20off,262,26.108,26224200,-27.663468774953397
csuEx72_NaAc_0.25M_JNL_10off_20on_20off,263,26.208,25974400.000000004,-28.352514217713004
csuEx72_NaAc_0.25M_JNL_10off_20on_20off,264,26.308,26248000,-27.597819129085988
csuEx72_NaAc_0.25M_JNL_10off_20on_20off,265,26.408,26030200,-28.19859614042724
csuEx72_NaAc_0.25M_JNL_10off_20on_20off,266,26.508,25844100,-28.711932236894665
csuEx72_NaAc_0.25M_JNL_10off_20on_20off,267,26.608,26629800,-26.54466640672562
csuEx72_NaAc_0.25M_JNL_10off_20on_20off,268,26.708,26113400.000000004,-27.96909821873948
csuEx72_NaAc_0.25M_JNL_10off_20on_20off,269,26.808,26304400,-27.44224601871112
csuEx72_NaAc_0.25M_JNL_10off_20on_20off,270,26.908,25407300,-29.916796325755353
csuEx72_NaAc_0.25M_JNL_10off_20on_20off,271,27.008,26132700,-27.915861321040286
csuEx72_NaAc_0.25M_JNL_10off_20on_20off,272,27.108,25650600,-29.245680408127594
csuEx72_NaAc_0.25M_JNL_10off_20on_20off,273,27.208,25983600,-28.327137043680235
csuEx72_NaAc_0.25M_JNL_10off_20on_20off,274,27.308,25428500,-29.858318489940682
csuEx72_NaAc_0.25M_JNL_10off_20on_20off,275,27.408,25533400,-29.56896353819736
csuEx72_NaAc_0.25M_JNL_10off_20on_20off,276,27.508,25705400,-29.09452071932364
csuEx72_NaAc_0.25M_JNL_10off_20on_20off,277,27.608,25344400,-30.090298961262075
csuEx72_NaAc_0.25M_JNL_10off_20on_20off,278,27.708,25787700,-28.867505347269535
csuEx72_NaAc_0.25M_JNL_10off_20on_20off,279,27.808,25483900,-29.70550376804764
csuEx72_NaAc_0.25M_JNL_10off_20on_20off,280,27.908,25771099.999999996,-28.913294596067825
csuEx72_NaAc_0.25M_JNL_10off_20on_20off,281,28.008,25284000,-30.25690562556424
csuEx72_NaAc_0.25M_JNL_10off_20on_20off,282,28.108,25992200,-28.303414902736545
csuEx72_NaAc_0.25M_JNL_10off_20on_20off,283,28.208,25061900,-30.86954370737733
csuEx72_NaAc_0.25M_JNL_10off_20on_20off,284,28.308,25147400.000000004,-30.633701492181377
csuEx72_NaAc_0.25M_JNL_10off_20on_20off,285,28.408,24817100,-31.544797207727825
csuEx72_NaAc_0.25M_JNL_10off_20on_20off,286,28.508,24753000,-31.721609909412734
csuEx72_NaAc_0.25M_JNL_10off_20on_20off,287,28.607,24773000,-31.666442139776258
csuEx72_NaAc_0.25M_JNL_10off_20on_20off,288,28.711,24713500,-31.830566254444783
csuEx72_NaAc_0.25M_JNL_10off_20on_20off,289,28.811,24542400,-32.302526523684854
csuEx72_NaAc_0.25M_JNL_10off_20on_20off,290,28.911,24646200,-32.01620579927153
csuEx72_NaAc_0.25M_JNL_10off_20on_20off,291,29.011,24722500,-31.805740758108364
csuEx72_NaAc_0.25M_JNL_10off_20on_20off,292,29.111,24917500,-31.2678550041527
csuEx72_NaAc_0.25M_JNL_10off_20on_20off,293,29.211,24156600,-33.36671279997251
csuEx72_NaAc_0.25M_JNL_10off_20on_20off,294,29.311,25056900,-30.883335649786446
csuEx72_NaAc_0.25M_JNL_10off_20on_20off,295,29.411,23894700.000000004,-34.08913474336219
csuEx72_NaAc_0.25M_JNL_10off_20on_20off,296,29.511,24368900,-32.7811069252813
csuEx72_NaAc_0.25M_JNL_10off_20on_20off,297,29.611,24186300,-33.28478866206235
csuEx72_NaAc_0.25M_JNL_10off_20on_20off,298,29.711,24238000,-33.14217997755205
csuEx72_NaAc_0.25M_JNL_10off_20on_20off,299,29.811,24831300,-31.505628091285924
csuEx72_NaAc_0.25M_JNL_10off_20on_20off,300,29.911,24188800,-33.27789269085778
csuEx72_NaAc_0.25M_JNL_10off_20on_20off,301,30.011,24354000,-32.82220691366048
csuEx72_NaAc_0.25M_JNL_10off_20on_20off,302,30.111,24734000,-31.77401929056739
csuEx72_NaAc_0.25M_JNL_10off_20on_20off,303,30.211,25396100,-29.947690276751782
csuEx72_NaAc_0.25M_JNL_10off_20on_20off,304,30.311,25927300,-28.482434315206916
csuEx72_NaAc_0.25M_JNL_10off_20on_20off,305,30.411,26095600,-28.018197533715956
csuEx72_NaAc_0.25M_JNL_10off_20on_20off,306,30.511,26140700,-27.893794213185696
csuEx72_NaAc_0.25M_JNL_10off_20on_20off,307,30.611,26560500,-26.735822728516016
csuEx72_NaAc_0.25M_JNL_10off_20on_20off,308,30.711,26962500,-25.626950558822802
csuEx72_NaAc_0.25M_JNL_10off_20on_20off,309,30.811,26472699.999999996,-26.978009237220167
csuEx72_NaAc_0.25M_JNL_10off_20on_20off,310,30.911,27067700,-25.336768090534928
csuEx72_NaAc_0.25M_JNL_10off_20on_20off,311,31.011,27062900,-25.350008355247684
csuEx72_NaAc_0.25M_JNL_10off_20on_20off,312,31.111,26747600,-26.219728243566763
csuEx72_NaAc_0.25M_JNL_10off_20on_20off,313,31.211,26583400,-26.67265563228225
csuEx72_NaAc_0.25M_JNL_10off_20on_20off,314,31.311,26635000,-26.530322786620136
csuEx72_NaAc_0.25M_JNL_10off_20on_20off,315,31.411,26372800,-27.253572246554363
csuEx72_NaAc_0.25M_JNL_10off_20on_20off,316,31.511,27113299.999999996,-25.21098557576377
csuEx72_NaAc_0.25M_JNL_10off_20on_20off,317,31.611,26986600,-25.56047339641085
csuEx72_NaAc_0.25M_JNL_10off_20on_20off,318,31.711,27143300,-25.12823392130904
csuEx72_NaAc_0.25M_JNL_10off_20on_20off,319,31.811,26473600,-26.975526687586516
csuEx72_NaAc_0.25M_JNL_10off_20on_20off,320,31.911,26529900,-26.820229416059828
csuEx72_NaAc_0.25M_JNL_10off_20on_20off,321,32.011,27169400,-25.056239981933437
csuEx72_NaAc_0.25M_JNL_10off_20on_20off,322,32.111,27079600,-25.303943267601227
csuEx72_NaAc_0.25M_JNL_10off_20on_20off,323,32.211,26880400,-25.853414253180553
csuEx72_NaAc_0.25M_JNL_10off_20on_20off,324,32.311,26694100,-26.36730202734434
csuEx72_NaAc_0.25M_JNL_10off_20on_20off,325,32.411,27017200,-25.47606670886704
csuEx72_NaAc_0.25M_JNL_10off_20on_20off,326,32.511,26397700,-27.18488837335695
csuEx72_NaAc_0.25M_JNL_10off_20on_20off,327,32.611,26663900,-26.450605359495427
csuEx72_NaAc_0.25M_JNL_10off_20on_20off,328,32.711,26882900,-25.84651828197599
csuEx72_NaAc_0.25M_JNL_10off_20on_20off,329,32.811,26441700,-27.0635192801567
csuEx72_NaAc_0.25M_JNL_10off_20on_20off,330,32.911,26242700,-27.612438588039655
csuEx72_NaAc_0.25M_JNL_10off_20on_20off,331,33.011,26765200,-26.171180606286665
csuEx72_NaAc_0.25M_JNL_10off_20on_20off,332,33.111,26197700,-27.73656606972173
csuEx72_NaAc_0.25M_JNL_10off_20on_20off,333,33.211,27045400,-25.398280153679604
csuEx72_NaAc_0.25M_JNL_10off_20on_20off,334,33.311,26422900,-27.115376983614986
csuEx72_NaAc_0.25M_JNL_10off_20on_20off,335,33.411,26025600,-28.211284727443626
csuEx72_NaAc_0.25M_JNL_10off_20on_20off,336,33.511,26284100,-27.498241304892147
csuEx72_NaAc_0.25M_JNL_10off_20on_20off,337,33.611,26093200,-28.024817666072334
csuEx72_NaAc_0.25M_JNL_10off_20on_20off,338,33.711,26211800,-27.697672792128014
csuEx72_NaAc_0.25M_JNL_10off_20on_20off,339,33.811,25984300,-28.325206171742956
csuEx72_NaAc_0.25M_JNL_10off_20on_20off,340,33.911,25834100.000000004,-28.739516121712892
csuEx72_NaAc_0.25M_JNL_10off_20on_20off,341,34.011,25643200,-29.266092482893093
csuEx72_NaAc_0.25M_JNL_10off_20on_20off,342,34.111,25903700,-28.54753228337796
csuEx72_NaAc_0.25M_JNL_10off_20on_20off,343,34.211,26279800,-27.51010237536399
csuEx72_NaAc_0.25M_JNL_10off_20on_20off,344,34.311,25574499.999999996,-29.4555937715944
csuEx72_NaAc_0.25M_JNL_10off_20on_20off,345,34.411,25283800,-30.257457303260605
csuEx72_NaAc_0.25M_JNL_10off_20on_20off,346,34.511,25832300,-28.74448122098019
csuEx72_NaAc_0.25M_JNL_10off_20on_20off,347,34.611,25992300,-28.303139063888366
csuEx72_NaAc_0.25M_JNL_10off_20on_20off,348,34.711,25942300,-28.44105848797956
csuEx72_NaAc_0.25M_JNL_10off_20on_20off,349,34.811,26170800,-27.810766719882796
csuEx72_NaAc_0.25M_JNL_10off_20on_20off,350,34.911,25695500,-29.1218287652937
csuEx72_NaAc_0.25M_JNL_10off_20on_20off,351,35.011,25716100,-29.06500596256813
csuEx72_NaAc_0.25M_JNL_10off_20on_20off,352,35.111,25531900,-29.573101120920093
csuEx72_NaAc_0.25M_JNL_10off_20on_20off,353,35.211,25282200,-30.261870724831525
csuEx72_NaAc_0.25M_JNL_10off_20on_20off,354,35.311,25515700,-29.617787014325643
csuEx72_NaAc_0.25M_JNL_10off_20on_20off,355,35.411,25024200,-30.97353495314209
csuEx72_NaAc_0.25M_JNL_10off_20on_20off,356,35.511,25128100,-30.686938389880584
csuEx72_NaAc_0.25M_JNL_10off_20on_20off,357,35.611,25366399.999999996,-30.02961441466196
csuEx72_NaAc_0.25M_JNL_10off_20on_20off,358,35.711,25175600,-30.55591493699395
csuEx72_NaAc_0.25M_JNL_10off_20on_20off,359,35.811,25388500,-29.968654029213642
csuEx72_NaAc_0.25M_JNL_10off_20on_20off,360,35.911,25093300,-30.782930309048062
csuEx72_NaAc_0.25M_JNL_10off_20on_20off,361,36.011,25857199.999999996,-28.675797347782783
csuEx72_NaAc_0.25M_JNL_10off_20on_20off,362,36.111,25381300.000000004,-29.988514426282762
csuEx72_NaAc_0.25M_JNL_10off_20on_20off,363,36.211,25152300,-30.620185388620445
csuEx72_NaAc_0.25M_JNL_10off_20on_20off,364,36.311,25056600.000000004,-30.884163166330985
csuEx72_NaAc_0.25M_JNL_10off_20on_20off,365,36.411,25192600,-30.509022332802942
csuEx72_NaAc_0.25M_JNL_10off_20on_20off,366,36.511,24855900.000000004,-31.437771734633046
csuEx72_NaAc_0.25M_JNL_10off_20on_20off,367,36.611,25260100,-30.32283111027983
csuEx72_NaAc_0.25M_JNL_10off_20on_20off,368,36.711,24988800.000000004,-31.07118190539865
csuEx72_NaAc_0.25M_JNL_10off_20on_20off,369,36.811,24532900,-32.32873121426218
csuEx72_NaAc_0.25M_JNL_10off_20on_20off,370,36.911,24644800,-32.020067543146084
csuEx72_NaAc_0.25M_JNL_10off_20on_20off,371,37.011,23686100,-34.66453458067067
csuEx72_NaAc_0.25M_JNL_10off_20on_20off,372,37.111,24510200.000000004,-32.391346632799575
csuEx72_NaAc_0.25M_JNL_10off_20on_20off,373,37.211,24553800,-32.27108089499206
csuEx72_NaAc_0.25M_JNL_10off_20on_20off,374,37.311,23648600,-34.767974148739064
csuEx72_NaAc_0.25M_JNL_10off_20on_20off,375,37.411,23659100,-34.73901106967992
csuEx72_NaAc_0.25M_JNL_10off_20on_20off,376,37.511,24044400,-33.67620398763316
csuEx72_NaAc_0.25M_JNL_10off_20on_20off,377,37.611,24110000,-33.49525370322551
csuEx72_NaAc_0.25M_JNL_10off_20on_20off,378,37.711,23856799.999999996,-34.193677666823334
csuEx72_NaAc_0.25M_JNL_10off_20on_20off,379,37.811,23729000,-34.546199714800416
csuEx72_NaAc_0.25M_JNL_10off_20on_20off,380,37.911,24397500,-32.702217014701134
csuEx72_NaAc_0.25M_JNL_10off_20on_20off,381,38.011,24262200,-33.07542697629191
csuEx72_NaAc_0.25M_JNL_10off_20on_20off,382,38.111,24446800,-32.56622846254722
csuEx72_NaAc_0.25M_JNL_10off_20on_20off,383,38.211,24401700,-32.69063178307748
csuEx72_NaAc_0.25M_JNL_10off_20on_20off,384,38.311,23468700,-35.26420823661918
csuEx72_NaAc_0.25M_JNL_10off_20on_20off,385,38.411,24238900,-33.139697427918406
csuEx72_NaAc_0.25M_JNL_10off_20on_20off,386,38.511,24444800,-32.57174523951086
csuEx72_NaAc_0.25M_JNL_10off_20on_20off,387,38.611,24207800,-33.22548330970313
csuEx72_NaAc_0.25M_JNL_10off_20on_20off,388,38.709,24135200,-33.425742313483546
csuEx72_NaAc_0.25M_JNL_10off_20on_20off,389,38.809,24085300,-33.56338589872656
csuEx72_NaAc_0.25M_JNL_10off_20on_20off,390,38.909,24330900,-32.885925687590614
csuEx72_NaAc_0.25M_JNL_10off_20on_20off,391,39.009,24049999.999999996,-33.66075701213496
csuEx72_NaAc_0.25M_JNL_10off_20on_20off,392,39.109,24031699.999999996,-33.711235521352336
csuEx72_NaAc_0.25M_JNL_10off_20on_20off,393,39.209,23928200,-33.9967287292211
csuEx72_NaAc_0.25M_JNL_10off_20on_20off,394,39.309,23893700,-34.091893131844024
csuEx72_NaAc_0.25M_JNL_10off_20on_20off,395,39.409,23708700,-34.602195000981446
csuEx72_NaAc_0.25M_JNL_10off_20on_20off,396,39.509,23793700.000000004,-34.367731980026406
csuEx72_NaAc_0.25M_JNL_10off_20on_20off,397,39.609,23589300,-34.93154658571122
csuEx72_NaAc_0.25M_JNL_10off_20on_20off,398,39.709,23249300,-35.86939866953135
csuEx72_NaAc_0.25M_JNL_10off_20on_20off,399,39.809,22971600,-36.63540315093385
csuEx72_NaAc_0.25M_JNL_10off_20on_20off,400,39.909,23511900,-35.14504585420439
csuEx72_NaAc_0.25M_JNL_10off_20on_20off,401,40.009,23376900,-35.51742829925062
csuEx72_NaAc_0.25M_JNL_10off_20on_20off,402,40.109,22957400,-36.67457226737575
csuEx72_NaAc_0.25M_JNL_10off_20on_20off,403,40.209,22920500,-36.77635680235505
csuEx72_NaAc_0.25M_JNL_10off_20on_20off,404,40.309,23085600,-36.320946864005926
csuEx72_NaAc_0.25M_JNL_10off_20on_20off,405,40.409,23115000,-36.2398502426403
csuEx72_NaAc_0.25M_JNL_10off_20on_20off,406,40.509,22798300,-37.113431874833935
csuEx72_NaAc_0.25M_JNL_10off_20on_20off,407,40.61,23161700,-36.11103350053912
csuEx72_NaAc_0.25M_JNL_10off_20on_20off,408,40.709,23512900,-35.14228746572257
csuEx72_NaAc_0.25M_JNL_10off_20on_20off,409,40.81,22914600,-36.792631294397815
csuEx72_NaAc_0.25M_JNL_10off_20on_20off,410,40.91,22806000,-37.092192283523886
csuEx72_NaAc_0.25M_JNL_10off_20on_20off,411,41.01,22774899.999999996,-37.17797816530862
csuEx72_NaAc_0.25M_JNL_10off_20on_20off,412,41.11,23585500,-34.94202846194215
csuEx72_NaAc_0.25M_JNL_10off_20on_20off,413,41.21,23656799.999999996,-34.74535536318812
csuEx72_NaAc_0.25M_JNL_10off_20on_20off,414,41.31,22839200,-37.00061378592734
csuEx72_NaAc_0.25M_JNL_10off_20on_20off,415,41.41,23227000.000000004,-35.93091073267601
csuEx72_NaAc_0.25M_JNL_10off_20on_20off,416,41.51,23275600,-35.79685305245938
csuEx72_NaAc_0.25M_JNL_10off_20on_20off,417,41.61,23480300,-35.23221093023003
csuEx72_NaAc_0.25M_JNL_10off_20on_20off,418,41.71,23122100,-36.22026568441935
csuEx72_NaAc_0.25M_JNL_10off_20on_20off,419,41.81,22562200,-37.764687395392556
csuEx72_NaAc_0.25M_JNL_10off_20on_20off,420,41.91,23198599.999999996,-36.009248965559834
csuEx72_NaAc_0.25M_JNL_10off_20on_20off,421,42.01,22689800,-37.41271702511183
csuEx72_NaAc_0.25M_JNL_10off_20on_20off,422,42.11,23155100,-36.129238864519166
csuEx72_NaAc_0.25M_JNL_10off_20on_20off,423,42.21,23072900,-36.35597839772509
csuEx72_NaAc_0.25M_JNL_10off_20on_20off,424,42.31,22862900,-36.93523997890811
csuEx72_NaAc_0.25M_JNL_10off_20on_20off,425,42.41,23215499.999999996,-35.96263220021701
csuEx72_NaAc_0.25M_JNL_10off_20on_20off,426,42.51,22465500,-38.03142356158493
csuEx72_NaAc_0.25M_JNL_10off_20on_20off,427,42.61,22636900,-37.55863577580031
csuEx72_NaAc_0.25M_JNL_10off_20on_20off,428,42.71,22877000,-36.89634670131439
csuEx72_NaAc_0.25M_JNL_10off_20on_20off,429,42.81,23008000,-36.53499781019546
csuEx72_NaAc_0.25M_JNL_10off_20on_20off,430,42.91,22238100,-38.658681102351686
csuEx72_NaAc_0.25M_JNL_10off_20on_20off,431,43.01,22392300,-38.23333759845444
csuEx72_NaAc_0.25M_JNL_10off_20on_20off,432,43.11,22308800,-38.46366303668674
csuEx72_NaAc_0.25M_JNL_10off_20on_20off,433,43.21,22110200,-39.011478989176965
csuEx72_NaAc_0.25M_JNL_10off_20on_20off,434,43.31,21890100,-39.618600294026415
csuEx72_NaAc_0.25M_JNL_10off_20on_20off,435,43.41,21724700,-40.07483774892008
csuEx72_NaAc_0.25M_JNL_10off_20on_20off,436,43.51,22644900,-37.53656866794572
csuEx72_NaAc_0.25M_JNL_10off_20on_20off,437,43.61,22359600,-38.32353690181009
csuEx72_NaAc_0.25M_JNL_10off_20on_20off,438,43.71,22128300,-38.96155215765595
csuEx72_NaAc_0.25M_JNL_10off_20on_20off,439,43.81,21886600,-39.628254653712794
csuEx72_NaAc_0.25M_JNL_10off_20on_20off,440,43.91,22077600,-39.10140245368442
csuEx72_NaAc_0.25M_JNL_10off_20on_20off,441,44.01,21592500,-40.439496706217206
csuEx72_NaAc_0.25M_JNL_10off_20on_20off,442,44.11,21419900,-40.91559455818001
csuEx72_NaAc_0.25M_JNL_10off_20on_20off,443,44.21,21876699.999999996,-39.65556269968286
csuEx72_NaAc_0.25M_JNL_10off_20on_20off,444,44.31,22571000,-37.74041357675251
csuEx72_NaAc_0.25M_JNL_10off_20on_20off,445,44.41,22562500,-37.76385987884801
csuEx72_NaAc_0.25M_JNL_10off_20on_20off,446,44.51,21645700,-40.29275043898418
csuEx72_NaAc_0.25M_JNL_10off_20on_20off,447,44.61,21789600,-39.895818336449715
csuEx72_NaAc_0.25M_JNL_10off_20on_20off,448,44.71,22389500,-38.24106108620355
csuEx72_NaAc_0.25M_JNL_10off_20on_20off,449,44.81,21639300,-40.310404125267844
csuEx72_NaAc_0.25M_JNL_10off_20on_20off,450,44.91,21245300,-41.39720918710647
csuEx72_NaAc_0.25M_JNL_10off_20on_20off,451,45.01,21999100,-39.31793594950761
csuEx72_NaAc_0.25M_JNL_10off_20on_20off,452,45.11,21557300,-40.53659198077741
csuEx72_NaAc_0.25M_JNL_10off_20on_20off,453,45.21,21520900,-40.6369973215158
csuEx72_NaAc_0.25M_JNL_10off_20on_20off,454,45.31,20905700,-42.33395791553387
csuEx72_NaAc_0.25M_JNL_10off_20on_20off,455,45.41,21121500.000000004,-41.73869768115625
csuEx72_NaAc_0.25M_JNL_10off_20on_20off,456,45.51,21682800.000000004,-40.1904142263085
csuEx72_NaAc_0.25M_JNL_10off_20on_20off,457,45.61,21797600,-39.873751228595125
csuEx72_NaAc_0.25M_JNL_10off_20on_20off,458,45.71,21945199.999999996,-39.466613088677924
csuEx72_NaAc_0.25M_JNL_10off_20on_20off,459,45.81,21780700,-39.920367993937944
csuEx72_NaAc_0.25M_JNL_10off_20on_20off,460,45.91,22111000,-39.009272278391514
csuEx72_NaAc_0.25M_JNL_10off_20on_20off,461,46.01,21234099.999999996,-41.428103138102905
csuEx72_NaAc_0.25M_JNL_10off_20on_20off,462,46.11,21887100,-39.62687545947188
csuEx72_NaAc_0.25M_JNL_10off_20on_20off,463,46.21,21923600,-39.52619427988531
csuEx72_NaAc_0.25M_JNL_10off_20on_20off,464,46.31,21322899.999999996,-41.183158240916946
csuEx72_NaAc_0.25M_JNL_10off_20on_20off,465,46.41,21730600,-40.05856325687732
csuEx72_NaAc_0.25M_JNL_10off_20on_20off,466,46.51,21447000,-40.84084223032258
csuEx72_NaAc_0.25M_JNL_10off_20on_20off,467,46.61,21711800,-40.11042096033562
csuEx72_NaAc_0.25M_JNL_10off_20on_20off,468,46.71,21180300,-41.57650443842502
csuEx72_NaAc_0.25M_JNL_10off_20on_20off,469,46.81,21380600,-41.023999225515695
csuEx72_NaAc_0.25M_JNL_10off_20on_20off,470,46.91,21572400,-40.494940314701864
csuEx72_NaAc_0.25M_JNL_10off_20on_20off,471,47.01,21218100,-41.47223735381208
csuEx72_NaAc_0.25M_JNL_10off_20on_20off,472,47.11,21188699.999999996,-41.553333975177715
csuEx72_NaAc_0.25M_JNL_10off_20on_20off,473,47.21,21574399.999999996,-40.489423537738226
csuEx72_NaAc_0.25M_JNL_10off_20on_20off,474,47.31,21466200,-40.78788117147157
csuEx72_NaAc_0.25M_JNL_10off_20on_20off,475,47.41,21662200,-40.247237029034075
csuEx72_NaAc_0.25M_JNL_10off_20on_20off,476,47.51,21374700,-41.040273717558456
csuEx72_NaAc_0.25M_JNL_10off_20on_20off,477,47.61,20860500,-42.45863707491231
csuEx72_NaAc_0.25M_JNL_10off_20on_20off,478,47.71,21047400,-41.94309426765942
csuEx72_NaAc_0.25M_JNL_10off_20on_20off,479,47.81,20653000,-43.031002684890765
csuEx72_NaAc_0.25M_JNL_10off_20on_20off,480,47.91,20348799.999999996,-43.870104461061615
csuEx72_NaAc_0.25M_JNL_10off_20on_20off,481,48.01,19978400,-44.89181155472918
csuEx72_NaAc_0.25M_JNL_10off_20on_20off,482,48.11,20517599.999999996,-43.404488485329736
csuEx72_NaAc_0.25M_JNL_10off_20on_20off,483,48.21,20198000,-44.28606944412065
csuEx72_NaAc_0.25M_JNL_10off_20on_20off,484,48.31,20734900,-42.80509066822939
csuEx72_NaAc_0.25M_JNL_10off_20on_20off,485,48.41,20621299.999999996,-43.1184435997646
csuEx72_NaAc_0.25M_JNL_10off_20on_20off,486,48.51,20027700,-44.75582300257526
csuEx72_NaAc_0.25M_JNL_10off_20on_20off,487,48.611,20669300,-42.98604095263704
csuEx72_NaAc_0.25M_JNL_10off_20on_20off,489,48.809,20234200.000000004,-44.186215781078616
csuEx72_NaAc_0.25M_JNL_10off_20on_20off,490,48.909,20047799.999999996,-44.70037939409061
csuEx72_NaAc_0.25M_JNL_10off_20on_20off,491,49.01,20141000,-44.44329758758461
csuEx72_NaAc_0.25M_JNL_10off_20on_20off,492,49.109,19951800,-44.965184688345694
csuEx72_NaAc_0.25M_JNL_10off_20on_20off,493,49.209,20104900,-44.542875411778454
csuEx72_NaAc_0.25M_JNL_10off_20on_20off,494,49.309,19951000,-44.96739139913116
csuEx72_NaAc_0.25M_JNL_10off_20on_20off,495,49.409,20052400,-44.68769080707421
csuEx72_NaAc_0.25M_JNL_10off_20on_20off,496,49.509,20597800,-43.18326572908745
csuEx72_NaAc_0.25M_JNL_10off_20on_20off,497,49.609,20560400,-43.286429458307666
csuEx72_NaAc_0.25M_JNL_10off_20on_20off,498,49.709,19709300,-45.634093895187995
csuEx72_NaAc_0.25M_JNL_10off_20on_20off,499,49.809,19593900,-45.952411925990475
csuEx72_NaAc_0.25M_JNL_10off_20on_20off,500,49.909,19350200,-46.62463119901096
csuEx72_NaAc_0.25M_JNL_10off_20on_20off,501,50.009,19145500,-47.189273321240314
csuEx72_NaAc_0.25M_JNL_10off_20on_20off,502,50.109,19138200,-47.209409557157635
csuEx72_NaAc_0.25M_JNL_10off_20on_20off,503,50.209,18970900,-47.670887950166765
csuEx72_NaAc_0.25M_JNL_10off_20on_20off,504,50.309,19871800,-45.185855766891606
csuEx72_NaAc_0.25M_JNL_10off_20on_20off,505,50.409,19877900,-45.16902959715248
csuEx72_NaAc_0.25M_JNL_10off_20on_20off,506,50.509,19757500,-45.50113957036409
csuEx72_NaAc_0.25M_JNL_10off_20on_20off,507,50.609,19235700,-46.940466680179796
csuEx72_NaAc_0.25M_JNL_10off_20on_20off,508,50.709,19043200,-47.4714564629309
csuEx72_NaAc_0.25M_JNL_10off_20on_20off,509,50.809,18897200,-47.874181181277194
csuEx72_NaAc_0.25M_JNL_10off_20on_20off,510,50.909,19719200,-45.60678584921794
csuEx72_NaAc_0.25M_JNL_10off_20on_20off,511,51.009,19109800,-47.28774779004143
csuEx72_NaAc_0.25M_JNL_10off_20on_20off,512,51.109,18958200,-47.705919483885936
csuEx72_NaAc_0.25M_JNL_10off_20on_20off,513,51.209,18715900,-48.37427701303187
csuEx72_NaAc_0.25M_JNL_10off_20on_20off,514,51.309,19150100,-47.17658473422392
csuEx72_NaAc_0.25M_JNL_10off_20on_20off,515,51.409,18772600,-48.21787638611245
csuEx72_NaAc_0.25M_JNL_10off_20on_20off,516,51.509,19802800,-45.376184572137454
csuEx72_NaAc_0.25M_JNL_10off_20on_20off,517,51.609,19936000,-45.008767226358515
csuEx72_NaAc_0.25M_JNL_10off_20on_20off,518,51.709,19340600,-46.651111728436476
csuEx72_NaAc_0.25M_JNL_10off_20on_20off,519,51.809,19132800,-47.224304854959485
csuEx72_NaAc_0.25M_JNL_10off_20on_20off,520,51.909,18857600,-47.98341336515742
csuEx72_NaAc_0.25M_JNL_10off_20on_20off,521,52.009,18423100,-49.181933160509914
csuEx72_NaAc_0.25M_JNL_10off_20on_20off,522,52.109,18207700,-49.77609003949478
csuEx72_NaAc_0.25M_JNL_10off_20on_20off,523,52.209,18750400,-48.279112610408944
csuEx72_NaAc_0.25M_JNL_10off_20on_20off,524,52.309,18701500,-48.413997807170134
csuEx72_NaAc_0.25M_JNL_10off_20on_20off,525,52.409,18567100,-48.78472521912727
csuEx72_NaAc_0.25M_JNL_10off_20on_20off,526,52.509,18471400,-49.04870299683781
csuEx72_NaAc_0.25M_JNL_10off_20on_20off,527,52.609,18560300,-48.80348226080367
csuEx72_NaAc_0.25M_JNL_10off_20on_20off,528,52.709,18080800,-50.12612953783824
csuEx72_NaAc_0.25M_JNL_10off_20on_20off,529,52.809,18273000,-49.59596727163168
csuEx72_NaAc_0.25M_JNL_10off_20on_20off,530,52.909,18719300,-48.36489849219367
csuEx72_NaAc_0.25M_JNL_10off_20on_20off,531,53.009,18729700,-48.3362112519827
csuEx72_NaAc_0.25M_JNL_10off_20on_20off,532,53.109,17964000,-50.44830931251527
csuEx72_NaAc_0.25M_JNL_10off_20on_20off,533,53.209,18704100,-48.406825997117394
csuEx72_NaAc_0.25M_JNL_10off_20on_20off,534,53.309,18649900,-48.556330652832244
csuEx72_NaAc_0.25M_JNL_10off_20on_20off,535,53.409,18409100,-49.22055059925544
csuEx72_NaAc_0.25M_JNL_10off_20on_20off,536,53.509,18332600,-49.43156731811497
csuEx72_NaAc_0.25M_JNL_10off_20on_20off,537,53.609,19502100,-46.20563198862191
csuEx72_NaAc_0.25M_JNL_10off_20on_20off,538,53.709,19367100,-46.57801443366814
csuEx72_NaAc_0.25M_JNL_10off_20on_20off,539,53.809,19504200,-46.19983937281008
csuEx72_NaAc_0.25M_JNL_10off_20on_20off,540,53.909,19864600,-45.205716163960744
csuEx72_NaAc_0.25M_JNL_10off_20on_20off,541,54.009,19834300,-45.28929533496001
csuEx72_NaAc_0.25M_JNL_10off_20on_20off,542,54.109,19891100,-45.132618869192406
csuEx72_NaAc_0.25M_JNL_10off_20on_20off,543,54.209,19940900,-44.995251122797576
csuEx72_NaAc_0.25M_JNL_10off_20on_20off,544,54.309,19419800,-46.432647360676015
csuEx72_NaAc_0.25M_JNL_10off_20on_20off,545,54.409,19592600,-45.955997831016845
csuEx72_NaAc_0.25M_JNL_10off_20on_20off,546,54.509,20073000,-44.63086800434864
csuEx72_NaAc_0.25M_JNL_10off_20on_20off,547,54.609,19283800,-46.80778819420407
csuEx72_NaAc_0.25M_JNL_10off_20on_20off,548,54.709,19356900,-46.60614999618274
csuEx72_NaAc_0.25M_JNL_10off_20on_20off,549,54.809,19400800,-46.48505674183067
csuEx72_NaAc_0.25M_JNL_10off_20on_20off,550,54.909,19356200,-46.60808086812002
csuEx72_NaAc_0.25M_JNL_10off_20on_20off,551,55.009,18689100,-48.44820182434475
csuEx72_NaAc_0.25M_JNL_10off_20on_20off,552,55.109,18310200,-49.49335522010783
csuEx72_NaAc_0.25M_JNL_10off_20on_20off,553,55.209,18275300,-49.58962297812348
csuEx72_NaAc_0.25M_JNL_10off_20on_20off,554,55.309,18663000,-48.52019576372035
csuEx72_NaAc_0.25M_JNL_10off_20on_20off,555,55.409,18231300,-49.71099207132374
csuEx72_NaAc_0.25M_JNL_10off_20on_20off,556,55.509,17973200,-50.42293213848249
csuEx72_NaAc_0.25M_JNL_10off_20on_20off,557,55.609,17686300,-51.21431379391777
csuEx72_NaAc_0.25M_JNL_10off_20on_20off,558,55.709,17966700,-50.44086166361434
csuEx72_NaAc_0.25M_JNL_10off_20on_20off,559,55.809,17680400,-51.23058828596053
csuEx72_NaAc_0.25M_JNL_10off_20on_20off,560,55.909,17316700,-52.23381417679989
csuEx72_NaAc_0.25M_JNL_10off_20on_20off,561,56.009,17514900,-51.687101579702386
csuEx72_NaAc_0.25M_JNL_10off_20on_20off,562,56.109,16668600,-54.02152575186996
csuEx72_NaAc_0.25M_JNL_10off_20on_20off,563,56.209,16894600,-53.398129954977755
csuEx72_NaAc_0.25M_JNL_10off_20on_20off,564,56.309,16870300,-53.465158795086076
csuEx72_NaAc_0.25M_JNL_10off_20on_20off,565,56.409,16643500,-54.090761302763745
csuEx72_NaAc_0.25M_JNL_10off_20on_20off,566,56.509,16663400,-54.035869371975444
csuEx72_NaAc_0.25M_JNL_10off_20on_20off,567,56.609,16355300,-54.88572886322539
csuEx72_NaAc_0.25M_JNL_10off_20on_20off,568,56.709,16298200,-55.04323284553754
csuEx72_NaAc_0.25M_JNL_10off_20on_20off,569,56.809,16553000,-54.3403954603688
csuEx72_NaAc_0.25M_JNL_10off_20on_20off,570,56.909,16036900,-55.76399975583812
csuEx72_NaAc_0.25M_JNL_10off_20on_20off,571,57.009,16050300,-55.72703735018168
csuEx72_NaAc_0.25M_JNL_10off_20on_20off,572,57.109,16559900,-54.32136257984423
csuEx72_NaAc_0.25M_JNL_10off_20on_20off,573,57.209,16285400.000000002,-55.07854021810489
csuEx72_NaAc_0.25M_JNL_10off_20on_20off,574,57.309,16322300,-54.976755683125575
csuEx72_NaAc_0.25M_JNL_10off_20on_20off,575,57.409,16479900,-54.54203365839013
csuEx72_NaAc_0.25M_JNL_10off_20on_20off,576,57.509,16249200,-55.17839388114692
csuEx72_NaAc_0.25M_JNL_10off_20on_20off,577,57.609,15930800,-56.05666477375964
csuEx72_NaAc_0.25M_JNL_10off_20on_20off,578,57.709,15937100,-56.03928692632415
csuEx72_NaAc_0.25M_JNL_10off_20on_20off,579,57.809,15283900,-57.84106628265153
csuEx72_NaAc_0.25M_JNL_10off_20on_20off,580,57.909,15729500,-56.6119283751508
csuEx72_NaAc_0.25M_JNL_10off_20on_20off,581,58.009,15812900,-56.38187877576668
csuEx72_NaAc_0.25M_JNL_10off_20on_20off,582,58.109,15340100.000000002,-57.68604484997303
csuEx72_NaAc_0.25M_JNL_10off_20on_20off,583,58.209,15055200,-58.47190972844466
csuEx72_NaAc_0.25M_JNL_10off_20on_20off,584,58.309,14766100,-59.26935983853995
csuEx72_NaAc_0.25M_JNL_10off_20on_20off,585,58.409,15590200,-56.99617189066887
csuEx72_NaAc_0.25M_JNL_10off_20on_20off,586,58.509,15809100,-56.392360651997606
csuEx72_NaAc_0.25M_JNL_10off_20on_20off,587,58.612,15116400.000000002,-58.303096353357034
csuEx72_NaAc_0.25M_JNL_10off_20on_20off,588,58.71,15989400,-55.89502320872476
csuEx72_NaAc_0.25M_JNL_10off_20on_20off,589,58.81,15147400,-58.21758631042049
csuEx72_NaAc_0.25M_JNL_10off_20on_20off,590,58.91,15539800,-57.13519467015279
csuEx72_NaAc_0.25M_JNL_10off_20on_20off,591,59.01,15497100,-57.25297785832667
csuEx72_NaAc_0.25M_JNL_10off_20on_20off,592,59.11,15920300,-56.085627852818796
csuEx72_NaAc_0.25M_JNL_10off_20on_20off,593,59.21,15462300,-57.34896977749414
csuEx72_NaAc_0.25M_JNL_10off_20on_20off,594,59.31,15167800,-58.16131518539128
csuEx72_NaAc_0.25M_JNL_10off_20on_20off,595,59.41,16117500,-55.541673644203115
csuEx72_NaAc_0.25M_JNL_10off_20on_20off,596,59.51,15285800,-57.83582534453606
csuEx72_NaAc_0.25M_JNL_10off_20on_20off,597,59.61,15733600,-56.600618982375316
csuEx72_NaAc_0.25M_JNL_10off_20on_20off,598,59.71,15285800,-57.83582534453606
csuEx72_NaAc_0.25M_JNL_10off_20on_20off,599,59.81,15986499.999999998,-55.90302253532206
csuEx72_NaAc_0.25M_JNL_10off_20on_20off,600,59.91,15437399.999999998,-57.417653650691555
