2, 100, 5.73907e+007, 2.9549e+007, 8.69397e+007, 3961, 7459.98, 1039, 1515
3, 204, 5.66905e+007, 2.9042e+007, 8.57325e+007, 3902, 7442.85, 1039, 1515
4, 304, 5.67302e+007, 2.90886e+007, 8.58189e+007, 3928, 7405.46, 1039, 1515
5, 401, 5.65072e+007, 2.89455e+007, 8.54527e+007, 3914, 7395.39, 1039, 1515
6, 501, 5.6078e+007, 2.8592e+007, 8.467e+007, 3868, 7391.92, 1039, 1515
7, 601, 5.568e+007, 2.80967e+007, 8.37767e+007, 3824, 7347.45, 1039, 1514
8, 701, 5.58071e+007, 2.80857e+007, 8.38928e+007, 3837, 7319.71, 1039, 1515
9, 801, 5.5805e+007, 2.81236e+007, 8.39287e+007, 3842, 7320.05, 1039, 1515
10, 901, 5.58317e+007, 2.80382e+007, 8.38699e+007, 3840, 7301.62, 1039, 1515
11, 1001, 5.56759e+007, 2.8069e+007, 8.37449e+007, 3836, 7317.26, 1039, 1515
12, 1101, 5.5526e+007, 2.78718e+007, 8.33979e+007, 3817, 7302.02, 1039, 1515
13, 1201, 5.60784e+007, 2.80851e+007, 8.41635e+007, 3859, 7277.82, 1039, 1515
14, 1301, 5.57161e+007, 2.78327e+007, 8.35488e+007, 3824, 7278.43, 1039, 1515
15, 1401, 5.56647e+007, 2.78524e+007, 8.35171e+007, 3824, 7283.56, 1039, 1515
16, 1501, 5.55722e+007, 2.75464e+007, 8.31185e+007, 3808, 7233.81, 1039, 1515
17, 1601, 5.51828e+007, 2.73863e+007, 8.25691e+007, 3781, 7243.13, 1039, 1515
18, 1701, 5.57026e+007, 2.76632e+007, 8.33657e+007, 3812, 7256.87, 1039, 1515
19, 1801, 5.58086e+007, 2.78381e+007, 8.36467e+007, 3831, 7266.53, 1039, 1515
20, 1901, 5.59407e+007, 2.77681e+007, 8.37087e+007, 3833, 7244.48, 1039, 1515
21, 2001, 5.56644e+007, 2.76248e+007, 8.32892e+007, 3818, 7235.4, 1039, 1515
22, 2101, 5.53906e+007, 2.73236e+007, 8.27142e+007, 3784, 7220.83, 1039, 1515
23, 2201, 5.55167e+007, 2.73501e+007, 8.28668e+007, 3789, 7218.29, 1039, 1515
24, 2301, 5.546e+007, 2.7338e+007, 8.2798e+007, 3795, 7203.69, 1039, 1515
25, 2401, 5.53294e+007, 2.71353e+007, 8.24647e+007, 3773, 7191.97, 1039, 1515
26, 2501, 5.56731e+007, 2.74344e+007, 8.31075e+007, 3808, 7204.41, 1039, 1514
27, 2601, 5.52458e+007, 2.71913e+007, 8.24371e+007, 3770, 7212.55, 1039, 1514
28, 2701, 5.57546e+007, 2.72188e+007, 8.29734e+007, 3804, 7155.32, 1039, 1515
29, 2801, 5.58002e+007, 2.8989e+007, 8.47891e+007, 3879, 7473.31, 1039, 1514
30, 2901, 5.52342e+007, 2.95275e+007, 8.47617e+007, 3873, 7623.95, 1039, 1514
31, 3001, 5.53084e+007, 2.69128e+007, 8.22212e+007, 3766, 7146.26, 1039, 1515
32, 3101, 5.55757e+007, 2.7029e+007, 8.26047e+007, 3788, 7135.43, 1039, 1515
33, 3201, 5.56354e+007, 2.73917e+007, 8.30271e+007, 3804, 7200.77, 1039, 1515
34, 3301, 5.56416e+007, 2.70709e+007, 8.27125e+007, 3785, 7152.15, 1039, 1515
35, 3401, 5.53546e+007, 2.70104e+007, 8.2365e+007, 3763, 7177.9, 1039, 1515
36, 3501, 5.55188e+007, 2.69447e+007, 8.24635e+007, 3779, 7130.12, 1039, 1514
37, 3601, 5.53186e+007, 2.65909e+007, 8.19095e+007, 3753, 7085.24, 1039, 1515
38, 3701, 5.55219e+007, 2.68659e+007, 8.23878e+007, 3773, 7120.58, 1039, 1515
39, 3801, 5.54936e+007, 2.6891e+007, 8.23846e+007, 3776, 7121.54, 1039, 1514
40, 3901, 5.56131e+007, 2.67447e+007, 8.23578e+007, 3770, 7094.07, 1039, 1515
41, 4001, 5.53073e+007, 2.67433e+007, 8.20506e+007, 3755, 7122.05, 1039, 1515
42, 4101, 5.5198e+007, 2.64605e+007, 8.16586e+007, 3733, 7088.28, 1039, 1515
43, 4211, 5.50138e+007, 2.62886e+007, 8.13023e+007, 3719, 7068.72, 1039, 1515
44, 4301, 5.54558e+007, 2.66346e+007, 8.20903e+007, 3761, 7081.78, 1039, 1515
45, 4401, 5.55704e+007, 2.67557e+007, 8.23261e+007, 3768, 7100.77, 1039, 1514
46, 4501, 5.52749e+007, 2.64105e+007, 8.16854e+007, 3733, 7074.87, 1039, 1515
47, 4601, 5.55472e+007, 2.65753e+007, 8.21224e+007, 3764, 7060.38, 1039, 1515
48, 4701, 5.51121e+007, 2.62586e+007, 8.13707e+007, 3720, 7058.76, 1039, 1515
49, 4801, 5.53974e+007, 2.66416e+007, 8.2039e+007, 3763, 7079.89, 1039, 1515
50, 4900, 5.53462e+007, 2.61804e+007, 8.15267e+007, 3732, 7015.11, 1039, 1515
51, 5000, 5.54835e+007, 2.63698e+007, 8.18534e+007, 3751, 7030.09, 1039, 1515
52, 5100, 5.56101e+007, 2.78091e+007, 8.34191e+007, 3816, 7287.49, 1039, 1515
53, 5200, 5.51828e+007, 2.7805e+007, 8.29878e+007, 3786, 7344.17, 1039, 1515
54, 5300, 5.51383e+007, 2.59495e+007, 8.10877e+007, 3707, 7000.13, 1039, 1515
55, 5400, 5.55627e+007, 2.70423e+007, 8.2605e+007, 3776, 7161.63, 1039, 1515
56, 5500, 5.4986e+007, 2.821e+007, 8.31959e+007, 3797, 7429.54, 1039, 1515
57, 5600, 5.53833e+007, 2.59961e+007, 8.13794e+007, 3719, 6990.08, 1039, 1515
58, 5700, 5.51043e+007, 2.58346e+007, 8.09389e+007, 3701, 6980.44, 1039, 1515
59, 5800, 5.53316e+007, 2.61e+007, 8.14316e+007, 3728, 7001.08, 1039, 1515
60, 5900, 5.56147e+007, 2.62165e+007, 8.18312e+007, 3745, 7000.4, 1039, 1515
61, 6000, 5.50435e+007, 2.5992e+007, 8.10355e+007, 3712, 7002.16, 1039, 1515
62, 6100, 5.48885e+007, 2.57596e+007, 8.06481e+007, 3697, 6967.71, 1039, 1515
63, 6200, 5.51942e+007, 2.59519e+007, 8.11461e+007, 3720, 6976.32, 1039, 1515
64, 6300, 5.53796e+007, 2.84966e+007, 8.38762e+007, 3825, 7450.09, 1039, 1515
65, 6400, 5.4882e+007, 2.62511e+007, 8.11331e+007, 3713, 7070.05, 1039, 1515
66, 6500, 5.5234e+007, 2.57062e+007, 8.09403e+007, 3709, 6930.77, 1039, 1515
67, 6600, 5.52491e+007, 2.5851e+007, 8.11001e+007, 3715, 6958.55, 1039, 1515
68, 6700, 5.52803e+007, 2.58905e+007, 8.11708e+007, 3720, 6959.81, 1039, 1515
69, 6800, 5.50638e+007, 2.57883e+007, 8.08521e+007, 3698, 6973.59, 1039, 1515
70, 6900, 5.47637e+007, 2.53281e+007, 8.00918e+007, 3658, 6924.03, 1039, 1515
71, 7000, 5.53602e+007, 2.56781e+007, 8.10382e+007, 3714, 6913.86, 1039, 1515
72, 7100, 5.50492e+007, 2.56488e+007, 8.0698e+007, 3692, 6947.13, 1039, 1515
73, 7210, 5.49757e+007, 2.55681e+007, 8.05438e+007, 3688, 6932.78, 1039, 1515
74, 7300, 5.53083e+007, 2.57299e+007, 8.10383e+007, 3709, 6937.16, 1039, 1515
75, 7400, 5.54704e+007, 2.56285e+007, 8.10989e+007, 3715, 6898.65, 1039, 1515
76, 7500, 5.52447e+007, 2.5303e+007, 8.05477e+007, 3682, 6872.08, 1039, 1515
77, 7600, 5.53065e+007, 2.55327e+007, 8.08392e+007, 3696, 6908.19, 1039, 1515
78, 7700, 5.52986e+007, 2.56992e+007, 8.09978e+007, 3713, 6921.42, 1039, 1515
79, 7800, 5.53569e+007, 2.55418e+007, 8.08987e+007, 3697, 6908.8, 1039, 1515
80, 7900, 5.51957e+007, 2.53819e+007, 8.05776e+007, 3683, 6891.64, 1039, 1515
81, 8010, 5.5276e+007, 2.53176e+007, 8.05936e+007, 3688, 6864.87, 1039, 1515
82, 8100, 5.51102e+007, 2.54034e+007, 8.05136e+007, 3684, 6895.6, 1039, 1515
83, 8200, 5.50963e+007, 2.50256e+007, 8.0122e+007, 3665, 6828.28, 1039, 1515
84, 8300, 5.56002e+007, 2.54363e+007, 8.10364e+007, 3711, 6854.29, 1039, 1515
85, 8400, 5.53627e+007, 2.7386e+007, 8.27487e+007, 3760, 7283.52, 1039, 1514
86, 8500, 5.47094e+007, 2.58855e+007, 8.05949e+007, 3689, 7016.95, 1039, 1515
87, 8600, 5.51371e+007, 2.5001e+007, 8.01381e+007, 3673, 6806.69, 1039, 1515
88, 8710, 5.55358e+007, 2.52994e+007, 8.08351e+007, 3704, 6830.28, 1039, 1515
89, 8800, 5.50956e+007, 2.50994e+007, 8.0195e+007, 3672, 6835.34, 1039, 1514
90, 8900, 5.51482e+007, 2.51635e+007, 8.03117e+007, 3675, 6847.22, 1039, 1514
91, 9000, 5.5076e+007, 2.47842e+007, 7.98602e+007, 3652, 6786.47, 1039, 1515
92, 9100, 5.507e+007, 2.48793e+007, 7.99493e+007, 3658, 6801.33, 1039, 1515
93, 9210, 5.55924e+007, 2.52595e+007, 8.08519e+007, 3704, 6819.52, 1039, 1515
94, 9310, 5.53147e+007, 2.50653e+007, 8.038e+007, 3680, 6811.22, 1039, 1515
95, 9400, 5.53543e+007, 2.49276e+007, 8.02819e+007, 3677, 6779.32, 1039, 1515
96, 9500, 5.5304e+007, 2.4965e+007, 8.02691e+007, 3668, 6806.17, 1039, 1515
97, 9600, 5.5132e+007, 2.47853e+007, 7.99173e+007, 3662, 6768.24, 1039, 1514
98, 9700, 5.51932e+007, 2.46893e+007, 7.98825e+007, 3661, 6743.87, 1039, 1515
99, 9810, 5.55021e+007, 2.65804e+007, 8.20824e+007, 3738, 7110.85, 1039, 1514
100, 9900, 5.44626e+007, 2.56355e+007, 8.00981e+007, 3653, 7017.66, 1039, 1515
101, 10000, 5.48786e+007, 2.4435e+007, 7.93135e+007, 3626, 6738.82, 1039, 1515
102, 10100, 5.49814e+007, 2.45062e+007, 7.94877e+007, 3637, 6738.03, 1039, 1515
103, 10210, 5.51478e+007, 2.47778e+007, 7.99257e+007, 3662, 6766.2, 1039, 1515
104, 10310, 5.50785e+007, 2.474e+007, 7.98184e+007, 3654, 6770.66, 1039, 1515
105, 10410, 5.49487e+007, 2.4347e+007, 7.92956e+007, 3633, 6701.61, 1039, 1515
106, 10510, 5.51932e+007, 2.44189e+007, 7.96121e+007, 3644, 6701.13, 1039, 1515
107, 10610, 5.48895e+007, 2.43873e+007, 7.92768e+007, 3625, 6727.53, 1039, 1515
108, 10710, 5.48818e+007, 2.43327e+007, 7.92146e+007, 3623, 6716.18, 1039, 1514
109, 10810, 5.5219e+007, 2.4487e+007, 7.9706e+007, 3649, 6710.6, 1039, 1515
110, 10910, 5.51187e+007, 2.44041e+007, 7.95228e+007, 3638, 6708.1, 1039, 1515
111, 11010, 5.44893e+007, 2.39954e+007, 7.84847e+007, 3592, 6680.23, 1039, 1515
112, 11110, 5.50638e+007, 2.4353e+007, 7.94168e+007, 3641, 6688.55, 1039, 1515
113, 11210, 5.49912e+007, 2.4276e+007, 7.92672e+007, 3628, 6691.29, 1039, 1515
114, 11310, 5.46548e+007, 2.41328e+007, 7.87876e+007, 3608, 6688.69, 1039, 1515
115, 11410, 5.50383e+007, 2.42847e+007, 7.9323e+007, 3637, 6677.13, 1039, 1514
116, 11510, 5.47446e+007, 2.40843e+007, 7.88289e+007, 3606, 6678.95, 1039, 1515
117, 11610, 5.49865e+007, 2.4313e+007, 7.92995e+007, 3635, 6688.58, 1039, 1515
118, 11710, 5.47292e+007, 2.39294e+007, 7.86586e+007, 3603, 6641.51, 1039, 1515
119, 11810, 5.48202e+007, 2.40993e+007, 7.89195e+007, 3621, 6655.42, 1039, 1514
120, 11910, 5.49142e+007, 2.46708e+007, 7.9585e+007, 3637, 6783.29, 1039, 1515
121, 12010, 5.47307e+007, 2.60849e+007, 8.08156e+007, 3690, 7069.07, 1039, 1514
122, 12110, 5.45509e+007, 2.4049e+007, 7.85999e+007, 3600, 6680.28, 1039, 1515
123, 12210, 5.48999e+007, 2.40247e+007, 7.89246e+007, 3620, 6636.66, 1039, 1515
124, 12310, 5.5349e+007, 2.67712e+007, 8.21202e+007, 3750, 7139, 1039, 1514
125, 12410, 5.44692e+007, 2.42122e+007, 7.86814e+007, 3609, 6708.83, 1039, 1515
126, 12510, 5.45157e+007, 2.3535e+007, 7.80506e+007, 3575, 6583.21, 1039, 1515
127, 12610, 5.46132e+007, 2.35376e+007, 7.81507e+007, 3581, 6572.9, 1038, 1515
128, 12710, 5.48334e+007, 2.38276e+007, 7.8661e+007, 3605, 6609.6, 1038, 1515
129, 12810, 5.46589e+007, 2.36927e+007, 7.83517e+007, 3593, 6594.14, 1039, 1515
130, 12910, 5.47895e+007, 2.37039e+007, 7.84935e+007, 3599, 6586.25, 1039, 1514
131, 13010, 5.46752e+007, 2.36902e+007, 7.83654e+007, 3599, 6582.44, 1039, 1515
132, 13110, 5.49103e+007, 2.38397e+007, 7.875e+007, 3609, 6605.62, 1039, 1515
133, 13210, 5.48031e+007, 2.3746e+007, 7.85491e+007, 3598, 6599.78, 1039, 1515
134, 13310, 5.47218e+007, 2.36031e+007, 7.83249e+007, 3594, 6567.37, 1039, 1515
135, 13410, 5.44132e+007, 2.34324e+007, 7.78456e+007, 3571, 6561.87, 1039, 1515
136, 13510, 5.43657e+007, 2.33883e+007, 7.77541e+007, 3561, 6567.91, 1039, 1515
137, 13610, 5.43556e+007, 2.33695e+007, 7.7725e+007, 3559, 6566.3, 1039, 1515
138, 13710, 5.45178e+007, 2.34418e+007, 7.79596e+007, 3570, 6566.33, 1039, 1515
139, 13811, 5.44269e+007, 2.32174e+007, 7.76443e+007, 3558, 6525.41, 1038, 1515
140, 13911, 5.43325e+007, 2.33728e+007, 7.77053e+007, 3564, 6558.03, 1039, 1515
141, 14010, 5.44588e+007, 2.33896e+007, 7.78483e+007, 3573, 6546.2, 1038, 1515
142, 14110, 5.4491e+007, 2.33072e+007, 7.77983e+007, 3571, 6526.81, 1039, 1515
143, 14211, 5.42251e+007, 2.31593e+007, 7.73844e+007, 3543, 6536.63, 1039, 1515
144, 14310, 5.44166e+007, 2.33925e+007, 7.78091e+007, 3574, 6545.18, 1039, 1515
145, 14410, 5.4739e+007, 2.35336e+007, 7.82726e+007, 3596, 6544.39, 1039, 1515
146, 14510, 5.45463e+007, 2.32809e+007, 7.78272e+007, 3574, 6513.95, 1038, 1515
147, 14610, 5.45686e+007, 2.33944e+007, 7.7963e+007, 3580, 6534.75, 1039, 1515
148, 14710, 5.451e+007, 2.34133e+007, 7.79233e+007, 3578, 6543.69, 1039, 1515
149, 14810, 5.43331e+007, 2.32411e+007, 7.75742e+007, 3562, 6524.73, 1039, 1515
150, 14911, 5.46623e+007, 2.32939e+007, 7.79562e+007, 3580, 6506.68, 1039, 1515
151, 15011, 5.43891e+007, 2.29831e+007, 7.73721e+007, 3548, 6477.75, 1038, 1515
152, 15111, 5.46408e+007, 2.33794e+007, 7.80202e+007, 3580, 6530.55, 1039, 1515
153, 15211, 5.42784e+007, 2.28084e+007, 7.70868e+007, 3539, 6444.87, 1038, 1515
154, 15311, 5.44535e+007, 2.30526e+007, 7.75061e+007, 3560, 6475.46, 1039, 1515
155, 15411, 5.47772e+007, 2.34071e+007, 7.81843e+007, 3585, 6529.17, 1038, 1515
156, 15511, 5.49087e+007, 2.48918e+007, 7.98005e+007, 3655, 6810.34, 1039, 1515
157, 15611, 5.39975e+007, 2.36513e+007, 7.76488e+007, 3568, 6628.73, 1038, 1515
158, 15711, 5.38906e+007, 2.25404e+007, 7.6431e+007, 3518, 6407.16, 1038, 1515
159, 15811, 5.42113e+007, 2.40889e+007, 7.83002e+007, 3600, 6691.35, 1038, 1515
160, 15911, 5.36004e+007, 2.39331e+007, 7.75335e+007, 3553, 6736.04, 1038, 1515
161, 16011, 5.36124e+007, 2.25113e+007, 7.61237e+007, 3501, 6429.97, 1039, 1515
162, 16111, 5.37271e+007, 2.24759e+007, 7.6203e+007, 3515, 6394.28, 1038, 1515
163, 16211, 5.37352e+007, 2.26273e+007, 7.63625e+007, 3516, 6435.54, 1039, 1515
164, 16311, 5.40352e+007, 2.26917e+007, 7.67269e+007, 3539, 6411.91, 1039, 1521
165, 16411, 5.32044e+007, 2.22902e+007, 7.54946e+007, 3473, 6418.15, 1039, 1515
166, 16511, 5.30855e+007, 2.21374e+007, 7.52228e+007, 3459, 6399.93, 1039, 1515
167, 16611, 5.31942e+007, 2.22314e+007, 7.54256e+007, 3470, 6406.75, 1039, 1515
168, 16711, 5.39019e+007, 2.25381e+007, 7.64401e+007, 3525, 6393.8, 1038, 1515
169, 16811, 5.34189e+007, 2.22792e+007, 7.5698e+007, 3480, 6402.06, 1038, 1515
170, 16911, 5.33964e+007, 2.23585e+007, 7.57549e+007, 3484, 6417.49, 1039, 1515
171, 17011, 5.32816e+007, 2.21606e+007, 7.54421e+007, 3469, 6388.18, 1038, 1515
172, 17111, 5.31989e+007, 2.20157e+007, 7.52146e+007, 3468, 6348.24, 1038, 1515
173, 17211, 5.32271e+007, 2.20638e+007, 7.52909e+007, 3466, 6365.8, 1038, 1515
174, 17311, 5.30119e+007, 2.20658e+007, 7.50777e+007, 3458, 6381.08, 1038, 1516
175, 17411, 5.28925e+007, 2.19758e+007, 7.48683e+007, 3446, 6377.2, 1038, 1516
176, 17511, 5.3213e+007, 2.20857e+007, 7.52987e+007, 3472, 6361.08, 1038, 1516
177, 17611, 5.3299e+007, 2.20827e+007, 7.53818e+007, 3473, 6358.4, 1038, 1516
178, 17711, 5.32895e+007, 2.21971e+007, 7.54866e+007, 3478, 6382.13, 1038, 1515
179, 17811, 5.32738e+007, 2.19023e+007, 7.51761e+007, 3461, 6328.32, 1038, 1516
180, 17911, 5.31721e+007, 2.20039e+007, 7.5176e+007, 3464, 6352.15, 1039, 1515
181, 18011, 5.28099e+007, 2.1733e+007, 7.45429e+007, 3431, 6334.3, 1038, 1515
182, 18111, 5.30236e+007, 2.18431e+007, 7.48667e+007, 3448, 6335, 1038, 1515
183, 18211, 5.28639e+007, 2.19349e+007, 7.47987e+007, 3440, 6376.42, 1039, 1515
184, 18311, 5.2931e+007, 2.17471e+007, 7.46781e+007, 3434, 6332.88, 1038, 1515
185, 18411, 5.27968e+007, 2.17416e+007, 7.45383e+007, 3430, 6338.65, 1038, 1515
186, 18511, 5.30556e+007, 2.18495e+007, 7.49051e+007, 3455, 6324.02, 1038, 1515
187, 18611, 5.29595e+007, 2.17665e+007, 7.47261e+007, 3442, 6323.8, 1038, 1515
188, 18711, 5.3071e+007, 2.18094e+007, 7.48804e+007, 3452, 6317.9, 1038, 1515
189, 18811, 5.34686e+007, 2.19646e+007, 7.54332e+007, 3487, 6298.99, 1038, 1515
190, 18911, 5.30452e+007, 2.16842e+007, 7.47294e+007, 3441, 6301.71, 1038, 1515
191, 19011, 5.30214e+007, 2.17976e+007, 7.4819e+007, 3451, 6316.3, 1038, 1515
192, 19111, 5.29126e+007, 2.17333e+007, 7.4646e+007, 3442, 6314.16, 1039, 1515
193, 19211, 5.29717e+007, 2.1599e+007, 7.45706e+007, 3431, 6295.24, 1038, 1515
194, 19311, 5.28703e+007, 2.16272e+007, 7.44975e+007, 3429, 6307.16, 1038, 1515
195, 19411, 5.29544e+007, 2.16385e+007, 7.45928e+007, 3439, 6292.09, 1038, 1515
196, 19511, 5.30122e+007, 2.16364e+007, 7.46486e+007, 3436, 6296.97, 1038, 1515
197, 19611, 5.30702e+007, 2.16934e+007, 7.47636e+007, 3448, 6291.58, 1038, 1515
198, 19711, 5.29232e+007, 2.15569e+007, 7.44801e+007, 3432, 6281.16, 1038, 1515
199, 19811, 5.28063e+007, 2.14021e+007, 7.42084e+007, 3422, 6254.27, 1038, 1515
200, 19911, 5.25239e+007, 2.1333e+007, 7.38569e+007, 3401, 6272.57, 1038, 1515
201, 20011, 5.28561e+007, 2.15685e+007, 7.44245e+007, 3439, 6271.73, 1038, 1515
202, 20111, 5.25888e+007, 2.13899e+007, 7.39786e+007, 3406, 6280.06, 1038, 1515
203, 20211, 5.2962e+007, 2.14069e+007, 7.43689e+007, 3430, 6241.06, 1038, 1515
204, 20311, 5.24856e+007, 2.12087e+007, 7.36942e+007, 3398, 6241.51, 1038, 1515
205, 20411, 5.22719e+007, 2.1233e+007, 7.35049e+007, 3388, 6267.13, 1038, 1515
206, 20511, 5.2274e+007, 2.13875e+007, 7.36615e+007, 3397, 6296.01, 1039, 1515
207, 20611, 5.24449e+007, 2.13081e+007, 7.37529e+007, 3401, 6265.24, 1038, 1515
208, 20711, 5.25094e+007, 2.13668e+007, 7.38762e+007, 3410, 6265.93, 1038, 1515
209, 20811, 5.27276e+007, 2.15048e+007, 7.42324e+007, 3435, 6260.48, 1038, 1515
210, 20911, 5.25504e+007, 2.12756e+007, 7.3826e+007, 3407, 6244.68, 1038, 1515
211, 21011, 5.25804e+007, 2.13788e+007, 7.39592e+007, 3413, 6263.94, 1039, 1515
212, 21111, 5.22255e+007, 2.12291e+007, 7.34545e+007, 3393, 6256.72, 1038, 1515
213, 21211, 5.23751e+007, 2.12127e+007, 7.35878e+007, 3397, 6244.54, 1038, 1515
214, 21311, 5.26669e+007, 2.14118e+007, 7.40787e+007, 3424, 6253.44, 1038, 1515
215, 21411, 5.20601e+007, 2.09698e+007, 7.30299e+007, 3366, 6229.89, 1038, 1515
216, 21511, 5.2258e+007, 2.12415e+007, 7.34995e+007, 3398, 6251.17, 1038, 1515
217, 21611, 5.22892e+007, 2.10996e+007, 7.33888e+007, 3385, 6233.28, 1038, 1515
218, 21711, 5.2553e+007, 2.13164e+007, 7.38694e+007, 3418, 6236.52, 1038, 1515
219, 21811, 5.20953e+007, 2.09952e+007, 7.30904e+007, 3376, 6218.94, 1038, 1515
220, 21911, 5.22896e+007, 2.11334e+007, 7.3423e+007, 3391, 6232.2, 1038, 1515
221, 22011, 5.21425e+007, 2.09572e+007, 7.30997e+007, 3376, 6207.69, 1038, 1515
222, 22111, 5.19669e+007, 2.08989e+007, 7.28658e+007, 3362, 6216.22, 1038, 1515
223, 22211, 5.20987e+007, 2.09101e+007, 7.30088e+007, 3365, 6213.98, 1038, 1515
224, 22311, 5.20936e+007, 2.09583e+007, 7.30519e+007, 3369, 6220.92, 1038, 1515
225, 22411, 5.21585e+007, 2.0978e+007, 7.31365e+007, 3374, 6217.54, 1038, 1515
226, 22511, 5.21616e+007, 2.11078e+007, 7.32694e+007, 3389, 6228.32, 1039, 1515
227, 22611, 5.18505e+007, 2.08237e+007, 7.26742e+007, 3354, 6208.63, 1038, 1515
228, 22711, 5.22058e+007, 2.1041e+007, 7.32468e+007, 3390, 6206.78, 1038, 1515
229, 22811, 5.18415e+007, 2.08487e+007, 7.26902e+007, 3353, 6217.92, 1038, 1515
230, 22911, 5.19145e+007, 2.07981e+007, 7.27126e+007, 3354, 6201, 1038, 1515
231, 23011, 5.19918e+007, 2.09165e+007, 7.29083e+007, 3373, 6201.15, 1038, 1515
232, 23111, 5.18541e+007, 2.08651e+007, 7.27191e+007, 3361, 6208, 1038, 1515
233, 23211, 5.20236e+007, 2.09098e+007, 7.29335e+007, 3374, 6197.34, 1038, 1515
234, 23311, 5.1655e+007, 2.07503e+007, 7.24053e+007, 3349, 6195.96, 1038, 1515
235, 23411, 5.18512e+007, 2.07989e+007, 7.26501e+007, 3358, 6193.85, 1038, 1515
236, 23511, 5.21463e+007, 2.09891e+007, 7.31354e+007, 3387, 6196.97, 1038, 1515
237, 23611, 5.1727e+007, 2.07741e+007, 7.2501e+007, 3351, 6199.36, 1038, 1515
238, 23711, 5.16911e+007, 2.07038e+007, 7.23949e+007, 3349, 6182.07, 1038, 1515
239, 23811, 5.19506e+007, 2.08216e+007, 7.27722e+007, 3365, 6187.68, 1038, 1515
240, 23911, 5.21311e+007, 2.09656e+007, 7.30967e+007, 3386, 6191.84, 1038, 1515
241, 24011, 5.17893e+007, 2.07297e+007, 7.2519e+007, 3356, 6176.91, 1038, 1515
242, 24111, 5.1766e+007, 2.06717e+007, 7.24377e+007, 3349, 6172.5, 1038, 1515
243, 24211, 5.14866e+007, 2.06073e+007, 7.20939e+007, 3334, 6180.97, 1038, 1515
244, 24311, 5.17968e+007, 2.07017e+007, 7.24985e+007, 3357, 6166.73, 1038, 1515
245, 24411, 5.15511e+007, 2.0576e+007, 7.21271e+007, 3336, 6167.87, 1038, 1515
246, 24511, 4.99611e+007, 1.99147e+007, 6.98759e+007, 3258, 6112.56, 1038, 1515
247, 24611, 5.06508e+007, 2.01305e+007, 7.07813e+007, 3286, 6126.15, 1038, 1515
248, 24711, 5.1395e+007, 2.04967e+007, 7.18917e+007, 3340, 6136.75, 1038, 1515
249, 24811, 5.14502e+007, 2.04077e+007, 7.18579e+007, 3326, 6135.81, 1038, 1515
250, 24905, 5.13501e+007, 2.04145e+007, 7.17646e+007, 3322, 6145.24, 1038, 1515
251, 25005, 5.16349e+007, 2.05307e+007, 7.21656e+007, 3340, 6146.9, 1038, 1515
252, 25105, 5.14952e+007, 2.04328e+007, 7.1928e+007, 3329, 6137.83, 1038, 1515
253, 25205, 5.1527e+007, 2.04493e+007, 7.19763e+007, 3329, 6142.79, 1038, 1515
254, 25305, 5.16914e+007, 2.0538e+007, 7.22294e+007, 3348, 6134.41, 1038, 1515
255, 25405, 5.16161e+007, 2.04895e+007, 7.21056e+007, 3349, 6118.1, 1038, 1515
256, 25505, 5.13565e+007, 2.03805e+007, 7.1737e+007, 3320, 6138.71, 1038, 1515
257, 25605, 5.1159e+007, 2.02983e+007, 7.14573e+007, 3308, 6136.11, 1038, 1515
258, 25705, 5.14776e+007, 2.03196e+007, 7.17972e+007, 3321, 6118.51, 1038, 1515
259, 25805, 5.16795e+007, 2.04452e+007, 7.21247e+007, 3342, 6117.64, 1038, 1515
260, 25905, 5.15664e+007, 2.03525e+007, 7.19189e+007, 3329, 6113.7, 1038, 1515
261, 26005, 5.14177e+007, 2.03244e+007, 7.17421e+007, 3315, 6131.05, 1038, 1515
262, 26105, 5.15521e+007, 2.02935e+007, 7.18457e+007, 3322, 6108.83, 1038, 1515
263, 26205, 5.14419e+007, 2.03168e+007, 7.17586e+007, 3322, 6115.82, 1038, 1515
264, 26305, 5.14907e+007, 2.0353e+007, 7.18437e+007, 3324, 6123.05, 1038, 1515
265, 26405, 5.15492e+007, 2.03057e+007, 7.18549e+007, 3331, 6095.99, 1038, 1515
266, 26505, 5.14314e+007, 2.02721e+007, 7.17034e+007, 3318, 6109.72, 1038, 1515
267, 26605, 5.13499e+007, 2.01415e+007, 7.14914e+007, 3306, 6092.42, 1038, 1515
268, 26705, 5.13414e+007, 2.02251e+007, 7.15665e+007, 3315, 6101.09, 1038, 1515
269, 26805, 5.15459e+007, 2.02989e+007, 7.18448e+007, 3333, 6090.28, 1038, 1515
270, 26905, 5.15278e+007, 2.02107e+007, 7.17385e+007, 3325, 6078.4, 1038, 1515
271, 27005, 5.16292e+007, 2.02369e+007, 7.18661e+007, 3329, 6078.96, 1038, 1515
272, 27105, 5.12496e+007, 2.00416e+007, 7.12912e+007, 3301, 6071.36, 1038, 1515
273, 27206, 5.16281e+007, 2.0272e+007, 7.19001e+007, 3338, 6073.1, 1038, 1515
274, 27306, 5.09385e+007, 1.99175e+007, 7.08559e+007, 3279, 6074.25, 1038, 1515
275, 27406, 5.16385e+007, 2.01371e+007, 7.17755e+007, 3327, 6052.62, 1038, 1515
276, 27506, 5.16238e+007, 2.01568e+007, 7.17806e+007, 3332, 6049.47, 1038, 1515
277, 27606, 5.12353e+007, 2.00138e+007, 7.12491e+007, 3302, 6061.1, 1038, 1515
278, 27705, 5.11685e+007, 1.99566e+007, 7.11251e+007, 3294, 6058.47, 1038, 1515
279, 27805, 5.11449e+007, 2.00138e+007, 7.11587e+007, 3301, 6062.94, 1038, 1515
280, 27905, 5.11658e+007, 1.99357e+007, 7.11015e+007, 3291, 6057.66, 1038, 1515
281, 28005, 5.11161e+007, 1.99937e+007, 7.11098e+007, 3298, 6062.36, 1038, 1515
282, 28105, 5.12454e+007, 1.99461e+007, 7.11915e+007, 3301, 6042.44, 1038, 1515
283, 28206, 5.12254e+007, 1.99283e+007, 7.11537e+007, 3301, 6037.06, 1038, 1515
284, 28305, 5.10009e+007, 1.97849e+007, 7.07858e+007, 3280, 6031.99, 1038, 1515
285, 28406, 5.094e+007, 1.97981e+007, 7.07381e+007, 3278, 6039.68, 1038, 1515
286, 28506, 5.11742e+007, 1.98008e+007, 7.0975e+007, 3298, 6003.9, 1038, 1515
287, 28605, 5.10591e+007, 1.98229e+007, 7.08821e+007, 3296, 6014.24, 1038, 1515
288, 28715, 5.08138e+007, 1.97079e+007, 7.05217e+007, 3269, 6028.73, 1038, 1515
289, 28805, 5.13832e+007, 1.9968e+007, 7.13513e+007, 3320, 6014.47, 1038, 1515
290, 28905, 5.0741e+007, 1.95866e+007, 7.03276e+007, 3257, 6013.69, 1038, 1515
291, 29006, 5.07016e+007, 1.95765e+007, 7.02781e+007, 3255, 6014.28, 1038, 1515
292, 29106, 5.0707e+007, 1.95582e+007, 7.02652e+007, 3261, 5997.61, 1038, 1515
293, 29205, 5.10997e+007, 1.96705e+007, 7.07702e+007, 3280, 5997.09, 1038, 1515
294, 29306, 5.10587e+007, 1.97043e+007, 7.0763e+007, 3286, 5996.44, 1038, 1515
295, 29406, 5.11584e+007, 1.97117e+007, 7.08701e+007, 3286, 5998.69, 1038, 1515
296, 29505, 5.03984e+007, 1.94612e+007, 6.98596e+007, 3243, 6000.99, 1038, 1515
297, 29605, 5.08856e+007, 1.95469e+007, 7.04326e+007, 3264, 5988.64, 1038, 1515
298, 29705, 5.05375e+007, 1.94131e+007, 6.99506e+007, 3242, 5988, 1038, 1515
299, 29805, 5.08993e+007, 1.94946e+007, 7.03939e+007, 3259, 5981.79, 1038, 1515
300, 29905, 5.05814e+007, 1.93986e+007, 6.998e+007, 3247, 5974.32, 1038, 1515
301, 30006, 5.02086e+007, 1.92367e+007, 6.94453e+007, 3226, 5963.01, 1038, 1515
302, 30105, 5.03963e+007, 1.93003e+007, 6.96966e+007, 3239, 5958.72, 1038, 1515
303, 30206, 5.00793e+007, 1.91122e+007, 6.91916e+007, 3211, 5952.11, 1038, 1515
304, 30306, 5.03873e+007, 1.92535e+007, 6.96408e+007, 3237, 5947.94, 1038, 1515
305, 30406, 5.02255e+007, 1.9071e+007, 6.92965e+007, 3217, 5928.19, 1038, 1515
306, 30506, 5.04392e+007, 1.92707e+007, 6.97099e+007, 3249, 5931.28, 1038, 1515
307, 30606, 5.00722e+007, 1.90607e+007, 6.91329e+007, 3214, 5930.52, 1038, 1515
308, 30706, 4.98299e+007, 1.90192e+007, 6.88492e+007, 3199, 5945.37, 1038, 1515
309, 30805, 5.01605e+007, 1.91336e+007, 6.92941e+007, 3224, 5934.75, 1038, 1515
310, 30905, 5.01918e+007, 1.91319e+007, 6.93237e+007, 3223, 5936.04, 1038, 1515
311, 31005, 4.99691e+007, 1.90779e+007, 6.9047e+007, 3210, 5943.27, 1038, 1515
312, 31106, 5.04758e+007, 1.92924e+007, 6.97682e+007, 3249, 5937.93, 1038, 1515
313, 31206, 5.00475e+007, 1.90551e+007, 6.91026e+007, 3211, 5934.33, 1038, 1515
314, 31306, 5.01144e+007, 1.90783e+007, 6.91927e+007, 3222, 5921.27, 1038, 1515
315, 31406, 5.01153e+007, 1.8967e+007, 6.90823e+007, 3209, 5910.57, 1038, 1515
316, 31506, 5.00203e+007, 1.89266e+007, 6.89469e+007, 3209, 5897.97, 1038, 1515
317, 31606, 4.99265e+007, 1.88826e+007, 6.8809e+007, 3198, 5904.49, 1038, 1516
318, 31705, 4.98095e+007, 1.87888e+007, 6.85984e+007, 3189, 5891.76, 1038, 1515
319, 31806, 4.97876e+007, 1.88116e+007, 6.85993e+007, 3193, 5891.52, 1038, 1515
320, 31906, 4.99326e+007, 1.88245e+007, 6.8757e+007, 3200, 5882.65, 1038, 1515
321, 32006, 5.00186e+007, 1.88449e+007, 6.88635e+007, 3200, 5889.04, 1038, 1515
322, 32106, 4.98152e+007, 1.87452e+007, 6.85604e+007, 3189, 5878.07, 1038, 1515
323, 32216, 4.95896e+007, 1.86744e+007, 6.82639e+007, 3180, 5872.45, 1038, 1516
324, 32306, 5.00445e+007, 1.87862e+007, 6.88306e+007, 3205, 5861.51, 1038, 1516
325, 32406, 4.96494e+007, 1.86685e+007, 6.8318e+007, 3177, 5876.14, 1038, 1515
326, 32506, 4.95356e+007, 1.86017e+007, 6.81373e+007, 3161, 5884.74, 1038, 1515
327, 32606, 4.9576e+007, 1.8581e+007, 6.8157e+007, 3171, 5859.66, 1038, 1515
328, 32706, 4.94902e+007, 1.86502e+007, 6.81404e+007, 3174, 5875.94, 1038, 1515
329, 32806, 4.99065e+007, 1.87347e+007, 6.86412e+007, 3196, 5861.93, 1038, 1515
330, 32906, 4.96616e+007, 1.86321e+007, 6.82937e+007, 3177, 5864.68, 1038, 1515
331, 33006, 4.95906e+007, 1.85452e+007, 6.81359e+007, 3167, 5855.77, 1038, 1515
332, 33106, 4.98221e+007, 1.86545e+007, 6.84766e+007, 3182, 5862.51, 1038, 1515
333, 33206, 4.95893e+007, 1.86052e+007, 6.81945e+007, 3178, 5854.37, 1038, 1515
334, 33306, 4.95469e+007, 1.85444e+007, 6.80913e+007, 3175, 5840.76, 1038, 1515
335, 33406, 4.92809e+007, 1.84201e+007, 6.7701e+007, 3151, 5845.81, 1038, 1515
336, 33506, 4.96433e+007, 1.84587e+007, 6.8102e+007, 3167, 5828.45, 1038, 1515
337, 33606, 4.93613e+007, 1.84034e+007, 6.77647e+007, 3157, 5829.38, 1038, 1515
338, 33706, 4.94186e+007, 1.83754e+007, 6.7794e+007, 3152, 5829.75, 1038, 1515
339, 33806, 4.97669e+007, 1.85382e+007, 6.83051e+007, 3179, 5831.44, 1038, 1515
340, 33906, 4.93595e+007, 1.83842e+007, 6.77437e+007, 3149, 5838.1, 1038, 1515
341, 34006, 4.92925e+007, 1.83183e+007, 6.76108e+007, 3151, 5813.5, 1038, 1515
342, 34106, 4.97095e+007, 1.85619e+007, 6.82714e+007, 3189, 5820.59, 1038, 1515
343, 34206, 4.95388e+007, 1.84465e+007, 6.79853e+007, 3168, 5822.76, 1038, 1515
344, 34306, 4.94433e+007, 1.82965e+007, 6.77399e+007, 3154, 5801.06, 1038, 1515
345, 34406, 4.95091e+007, 1.8382e+007, 6.78911e+007, 3162, 5813.42, 1038, 1515
346, 34506, 4.96389e+007, 1.8476e+007, 6.81149e+007, 3180, 5810.06, 1038, 1515
347, 34606, 4.95617e+007, 1.8342e+007, 6.79037e+007, 3161, 5802.6, 1038, 1515
348, 34706, 4.91002e+007, 1.81231e+007, 6.72234e+007, 3127, 5795.7, 1038, 1515
349, 34806, 4.9048e+007, 1.81129e+007, 6.71609e+007, 3125, 5796.12, 1038, 1515
350, 34914, 4.95428e+007, 1.83781e+007, 6.79208e+007, 3170, 5797.49, 1038, 1515
351, 35014, 4.92431e+007, 1.81981e+007, 6.74412e+007, 3144, 5788.19, 1038, 1515
352, 35115, 4.93071e+007, 1.8203e+007, 6.75101e+007, 3153, 5773.23, 1038, 1515
353, 35214, 4.91345e+007, 1.81067e+007, 6.72413e+007, 3135, 5775.67, 1038, 1515
354, 35314, 4.90676e+007, 1.81461e+007, 6.72137e+007, 3135, 5788.23, 1038, 1515
355, 35414, 4.90414e+007, 1.80833e+007, 6.71247e+007, 3132, 5773.72, 1038, 1515
356, 35514, 4.90863e+007, 1.79759e+007, 6.70622e+007, 3122, 5757.83, 1038, 1515
357, 35614, 4.89268e+007, 1.7907e+007, 6.68338e+007, 3114, 5750.48, 1038, 1515
358, 35714, 4.8822e+007, 1.78687e+007, 6.66907e+007, 3104, 5756.67, 1038, 1515
359, 35815, 4.92065e+007, 1.80172e+007, 6.72236e+007, 3131, 5754.44, 1038, 1515
360, 35914, 4.88377e+007, 1.79726e+007, 6.68104e+007, 3119, 5762.31, 1038, 1515
361, 36014, 4.91019e+007, 1.80064e+007, 6.71083e+007, 3127, 5758.37, 1038, 1515
362, 36114, 4.91044e+007, 1.80209e+007, 6.71254e+007, 3134, 5750.14, 1038, 1515
363, 36215, 4.90629e+007, 1.7926e+007, 6.69889e+007, 3118, 5749.2, 1038, 1515
364, 36315, 4.91685e+007, 1.79989e+007, 6.71674e+007, 3137, 5737.63, 1038, 1515
365, 36414, 4.87207e+007, 1.78237e+007, 6.65444e+007, 3103, 5744.02, 1038, 1515
366, 36514, 4.90093e+007, 1.79612e+007, 6.69705e+007, 3129, 5740.25, 1038, 1515
367, 36614, 4.90231e+007, 1.79833e+007, 6.70064e+007, 3130, 5745.46, 1038, 1515
368, 36714, 4.91406e+007, 1.79512e+007, 6.70918e+007, 3131, 5733.36, 1038, 1515
369, 36814, 4.93006e+007, 1.80164e+007, 6.7317e+007, 3144, 5730.41, 1038, 1515
370, 36914, 4.8867e+007, 1.78448e+007, 6.67118e+007, 3112, 5734.19, 1038, 1515
371, 37014, 4.88838e+007, 1.79006e+007, 6.67844e+007, 3120, 5737.37, 1038, 1515
372, 37114, 4.90633e+007, 1.79166e+007, 6.69799e+007, 3122, 5738.82, 1038, 1515
373, 37214, 4.84595e+007, 1.76436e+007, 6.61031e+007, 3079, 5730.29, 1038, 1515
374, 37314, 4.86596e+007, 1.78349e+007, 6.64945e+007, 3106, 5742.09, 1038, 1515
375, 37415, 4.8926e+007, 1.78753e+007, 6.68013e+007, 3120, 5729.26, 1038, 1515
376, 37514, 4.86797e+007, 1.77147e+007, 6.63944e+007, 3097, 5719.96, 1038, 1515
377, 37614, 4.91127e+007, 1.79811e+007, 6.70938e+007, 3139, 5728.3, 1038, 1515
378, 37714, 4.87078e+007, 1.76882e+007, 6.6396e+007, 3097, 5711.39, 1038, 1515
379, 37815, 4.87111e+007, 1.76731e+007, 6.63841e+007, 3099, 5702.83, 1038, 1515
380, 37915, 4.86919e+007, 1.76372e+007, 6.6329e+007, 3096, 5696.76, 1038, 1515
381, 38015, 4.86916e+007, 1.7633e+007, 6.63247e+007, 3092, 5702.79, 1038, 1515
382, 38114, 4.87232e+007, 1.76809e+007, 6.64041e+007, 3100, 5703.52, 1038, 1515
383, 38214, 4.8942e+007, 1.77495e+007, 6.66915e+007, 3113, 5701.73, 1038, 1515
384, 38315, 4.87544e+007, 1.7696e+007, 6.64504e+007, 3107, 5695.52, 1038, 1515
385, 38415, 4.87441e+007, 1.76281e+007, 6.63722e+007, 3099, 5688.32, 1038, 1515
386, 38514, 4.8658e+007, 1.76589e+007, 6.63169e+007, 3096, 5703.78, 1038, 1515
387, 38614, 4.87868e+007, 1.76481e+007, 6.64349e+007, 3106, 5681.93, 1038, 1515
388, 38714, 4.86189e+007, 1.7548e+007, 6.61669e+007, 3090, 5678.95, 1038, 1515
389, 38814, 4.87155e+007, 1.75893e+007, 6.63048e+007, 3097, 5679.46, 1038, 1515
390, 38914, 4.88164e+007, 1.7674e+007, 6.64904e+007, 3108, 5686.62, 1038, 1515
391, 39014, 4.85689e+007, 1.75501e+007, 6.6119e+007, 3096, 5668.65, 1038, 1515
392, 39114, 4.86634e+007, 1.75738e+007, 6.62372e+007, 3099, 5670.79, 1038, 1515
393, 39214, 4.81353e+007, 1.74124e+007, 6.55477e+007, 3066, 5679.21, 1038, 1515
394, 39314, 4.82461e+007, 1.73897e+007, 6.56358e+007, 3068, 5668.09, 1038, 1515
395, 39414, 4.82818e+007, 1.73409e+007, 6.56227e+007, 3064, 5659.57, 1038, 1515
396, 39514, 4.83537e+007, 1.7385e+007, 6.57386e+007, 3071, 5661.01, 1038, 1515
397, 39614, 4.87609e+007, 1.75554e+007, 6.63163e+007, 3108, 5648.45, 1038, 1515
398, 39714, 4.83508e+007, 1.73802e+007, 6.57311e+007, 3072, 5657.63, 1038, 1515
399, 39814, 4.84497e+007, 1.73504e+007, 6.58e+007, 3077, 5638.73, 1038, 1515
400, 39914, 4.81373e+007, 1.72634e+007, 6.54007e+007, 3057, 5647.16, 1038, 1515
401, 40014, 4.83013e+007, 1.73037e+007, 6.5605e+007, 3067, 5641.9, 1038, 1515
402, 40114, 4.81209e+007, 1.71662e+007, 6.52871e+007, 3047, 5633.8, 1038, 1515
403, 40214, 4.83463e+007, 1.72356e+007, 6.55819e+007, 3055, 5641.76, 1038, 1515
404, 40314, 4.8128e+007, 1.73228e+007, 6.54508e+007, 3064, 5653.66, 1038, 1515
405, 40414, 4.8307e+007, 1.72992e+007, 6.56062e+007, 3066, 5642.27, 1038, 1515
406, 40514, 4.82066e+007, 1.7345e+007, 6.55517e+007, 3068, 5653.53, 1038, 1515
407, 40614, 4.84568e+007, 1.73541e+007, 6.58108e+007, 3082, 5630.78, 1038, 1515
408, 40714, 4.85876e+007, 1.7309e+007, 6.58966e+007, 3076, 5627.1, 1038, 1515
409, 40814, 4.81554e+007, 1.7235e+007, 6.53904e+007, 3061, 5630.5, 1038, 1515
410, 40914, 4.80958e+007, 1.7208e+007, 6.53038e+007, 3056, 5630.88, 1038, 1515
411, 41014, 4.84603e+007, 1.74163e+007, 6.58766e+007, 3091, 5634.52, 1038, 1515
412, 41115, 4.76438e+007, 1.69826e+007, 6.46264e+007, 3021, 5621.52, 1038, 1515
413, 41214, 4.80146e+007, 1.71631e+007, 6.51777e+007, 3044, 5638.32, 1038, 1515
414, 41314, 4.81153e+007, 1.71868e+007, 6.53021e+007, 3057, 5622.11, 1038, 1515
415, 41414, 4.83737e+007, 1.72291e+007, 6.56028e+007, 3070, 5612.1, 1038, 1515
416, 41514, 4.77369e+007, 1.70607e+007, 6.47976e+007, 3031, 5628.74, 1038, 1515
417, 41614, 4.76954e+007, 1.69172e+007, 6.46126e+007, 3016, 5609.15, 1038, 1515
418, 41714, 4.75819e+007, 1.69129e+007, 6.44949e+007, 3014, 5611.46, 1038, 1515
419, 41814, 4.81985e+007, 1.71774e+007, 6.53759e+007, 3058, 5617.21, 1038, 1515
420, 41914, 4.81031e+007, 1.70915e+007, 6.51946e+007, 3048, 5607.45, 1038, 1515
421, 42014, 4.80009e+007, 1.70768e+007, 6.50777e+007, 3040, 5617.37, 1038, 1515
422, 42114, 4.82375e+007, 1.71505e+007, 6.5388e+007, 3059, 5606.56, 1038, 1515
423, 42214, 4.83492e+007, 1.72935e+007, 6.56428e+007, 3072, 5629.4, 1038, 1515
424, 42314, 4.77401e+007, 1.70235e+007, 6.47636e+007, 3029, 5620.19, 1038, 1515
425, 42414, 4.78521e+007, 1.70988e+007, 6.4951e+007, 3039, 5626.47, 1038, 1515
426, 42515, 4.81201e+007, 1.72458e+007, 6.53658e+007, 3063, 5630.35, 1038, 1515
427, 42615, 4.77926e+007, 1.80115e+007, 6.58041e+007, 3069, 5868.85, 1038, 1515
428, 42714, 4.78773e+007, 1.74161e+007, 6.52933e+007, 3055, 5700.84, 1038, 1515
429, 42814, 4.75779e+007, 1.71965e+007, 6.47744e+007, 3029, 5677.29, 1038, 1515
430, 42914, 4.75354e+007, 1.68079e+007, 6.43433e+007, 3003, 5597.03, 1038, 1515
431, 43014, 4.77558e+007, 1.91741e+007, 6.69299e+007, 3118, 6149.48, 1038, 1515
432, 43114, 4.77868e+007, 1.74275e+007, 6.52143e+007, 3052, 5710.2, 1038, 1515
433, 43214, 4.78078e+007, 1.67381e+007, 6.45459e+007, 3023, 5536.93, 1038, 1515
434, 43314, 4.78697e+007, 1.78487e+007, 6.57184e+007, 3068, 5817.69, 1038, 1515
435, 43414, 4.73936e+007, 1.80268e+007, 6.54204e+007, 3057, 5896.88, 1038, 1515
436, 43514, 4.75951e+007, 1.66885e+007, 6.42836e+007, 3013, 5538.82, 1038, 1515
437, 43614, 4.76006e+007, 1.68177e+007, 6.44184e+007, 3023, 5563.26, 1038, 1515
438, 43715, 4.77128e+007, 1.68257e+007, 6.45385e+007, 3025, 5562.22, 1038, 1515
439, 43815, 4.70382e+007, 1.65626e+007, 6.36008e+007, 2981, 5556.06, 1038, 1515
440, 43915, 4.71133e+007, 1.66506e+007, 6.37639e+007, 2982, 5583.71, 1038, 1515
441, 44014, 4.75519e+007, 1.66605e+007, 6.42124e+007, 3016, 5524.03, 1038, 1515
442, 44114, 4.75753e+007, 1.65968e+007, 6.41721e+007, 3003, 5526.74, 1038, 1515
443, 44214, 4.74456e+007, 1.67046e+007, 6.41502e+007, 3008, 5553.38, 1038, 1515
444, 44314, 4.76202e+007, 1.68358e+007, 6.4456e+007, 3026, 5563.72, 1038, 1515
445, 44414, 4.75749e+007, 1.67005e+007, 6.42754e+007, 3012, 5544.64, 1038, 1515
446, 44514, 4.73151e+007, 1.65957e+007, 6.39108e+007, 2995, 5541.15, 1038, 1515
447, 44614, 4.71926e+007, 1.64829e+007, 6.36755e+007, 2979, 5533.03, 1038, 1515
448, 44714, 4.73663e+007, 1.66362e+007, 6.40025e+007, 3006, 5534.33, 1038, 1515
449, 44814, 4.76565e+007, 1.66474e+007, 6.4304e+007, 3013, 5525.2, 1038, 1516
450, 44914, 4.72967e+007, 1.65566e+007, 6.38533e+007, 2990, 5537.32, 1038, 1515
451, 45014, 4.73418e+007, 1.6706e+007, 6.40478e+007, 3009, 5552, 1038, 1515
452, 45114, 4.71733e+007, 1.64125e+007, 6.35858e+007, 2984, 5500.17, 1038, 1515
453, 45215, 4.73451e+007, 1.64306e+007, 6.37757e+007, 2988, 5498.85, 1038, 1515
454, 45315, 4.76701e+007, 1.67207e+007, 6.43908e+007, 3021, 5534.82, 1038, 1515
455, 45415, 4.75862e+007, 1.68939e+007, 6.44801e+007, 3022, 5590.3, 1038, 1515
456, 45515, 4.75111e+007, 1.7484e+007, 6.49951e+007, 3034, 5762.7, 1038, 1515
457, 45615, 4.73547e+007, 1.75019e+007, 6.48565e+007, 3034, 5768.57, 1038, 1515
458, 45715, 4.69127e+007, 1.6347e+007, 6.32598e+007, 2965, 5513.34, 1038, 1515
459, 45815, 4.72425e+007, 1.81802e+007, 6.54227e+007, 3059, 5943.18, 1038, 1515
460, 45915, 4.70031e+007, 1.75192e+007, 6.45223e+007, 3021, 5799.13, 1038, 1515
461, 46015, 4.72865e+007, 1.63404e+007, 6.36269e+007, 2990, 5465, 1038, 1515
462, 46114, 4.70939e+007, 1.63918e+007, 6.34856e+007, 2979, 5502.43, 1038, 1515
463, 46214, 4.71914e+007, 1.65244e+007, 6.37158e+007, 2987, 5532.12, 1038, 1515
464, 46314, 4.713e+007, 1.64908e+007, 6.36208e+007, 2986, 5522.71, 1038, 1515
465, 46414, 4.74518e+007, 1.65584e+007, 6.40103e+007, 3005, 5510.3, 1038, 1515
466, 46514, 4.7123e+007, 1.6298e+007, 6.34211e+007, 2979, 5470.97, 1038, 1515
467, 46614, 4.70952e+007, 1.64126e+007, 6.35078e+007, 2982, 5503.9, 1038, 1515
468, 46714, 4.73973e+007, 1.64927e+007, 6.38901e+007, 2998, 5501.24, 1038, 1515
469, 49104, 4.68525e+007, 1.62838e+007, 6.31363e+007, 2963, 5495.71, 1038, 1515
470, 49124, 4.70955e+007, 1.63901e+007, 6.34856e+007, 2979, 5501.88, 1038, 1515
471, 49144, 4.7291e+007, 1.64671e+007, 6.37582e+007, 2993, 5501.88, 1038, 1515
472, 49164, 4.69313e+007, 1.62492e+007, 6.31805e+007, 2964, 5482.19, 1038, 1515
473, 49194, 4.66258e+007, 1.60636e+007, 6.26894e+007, 2942, 5460.1, 1038, 1515
474, 49214, 4.69797e+007, 1.62994e+007, 6.32791e+007, 2968, 5491.7, 1038, 1515
475, 49234, 4.70046e+007, 1.63588e+007, 6.33634e+007, 2970, 5508.03, 1038, 1515
476, 49254, 4.70758e+007, 1.63942e+007, 6.347e+007, 2982, 5497.73, 1038, 1515
477, 49274, 4.71238e+007, 1.64162e+007, 6.354e+007, 2992, 5486.7, 1038, 1515
478, 49304, 4.69002e+007, 1.62506e+007, 6.31507e+007, 2966, 5478.95, 1038, 1515
479, 49324, 4.70043e+007, 1.63121e+007, 6.33164e+007, 2982, 5470.18, 1038, 1515
480, 49344, 4.70002e+007, 1.63026e+007, 6.33028e+007, 2976, 5478.02, 1038, 1515
481, 49364, 4.65817e+007, 1.60334e+007, 6.26151e+007, 2943, 5447.99, 1038, 1515
482, 49385, 4.70236e+007, 1.69026e+007, 6.39263e+007, 3002, 5630.46, 1038, 1515
483, 49415, 4.67188e+007, 1.86199e+007, 6.53387e+007, 3067, 6071.06, 1038, 1515
484, 49435, 4.66025e+007, 1.60534e+007, 6.26559e+007, 2941, 5458.48, 1038, 1515
485, 49455, 4.70068e+007, 1.6934e+007, 6.39408e+007, 3001, 5642.8, 1038, 1515
486, 49475, 4.67235e+007, 1.59398e+007, 6.26633e+007, 2948, 5407, 1038, 1515
487, 49495, 4.63058e+007, 1.59857e+007, 6.22914e+007, 2929, 5457.72, 1038, 1515
488, 49524, 4.6347e+007, 1.59845e+007, 6.23315e+007, 2929, 5457.33, 1038, 1515
489, 49614, 4.6531e+007, 1.60506e+007, 6.25816e+007, 2937, 5464.95, 1038, 1515
490, 49715, 4.64438e+007, 1.59697e+007, 6.24134e+007, 2936, 5439.26, 1038, 1515
491, 49815, 4.65896e+007, 1.58154e+007, 6.2405e+007, 2929, 5399.6, 1038, 1515
492, 49915, 4.67058e+007, 1.67373e+007, 6.34432e+007, 2980, 5616.56, 1038, 1515
493, 50015, 4.67378e+007, 1.77431e+007, 6.44809e+007, 3026, 5863.55, 1038, 1515
494, 50115, 4.61569e+007, 1.56862e+007, 6.18431e+007, 2905, 5399.71, 1038, 1515
495, 50215, 4.64498e+007, 1.58917e+007, 6.23415e+007, 2935, 5414.55, 1038, 1515
496, 50315, 4.64928e+007, 1.68153e+007, 6.33081e+007, 2963, 5675.09, 1038, 1515
497, 50415, 4.58542e+007, 1.67648e+007, 6.2619e+007, 2938, 5706.19, 1038, 1515
498, 50515, 4.65706e+007, 1.57843e+007, 6.23549e+007, 2933, 5381.62, 1038, 1515
499, 50615, 4.64449e+007, 1.59629e+007, 6.24078e+007, 2940, 5429.55, 1038, 1515
500, 50715, 4.61504e+007, 1.57289e+007, 6.18793e+007, 2909, 5406.97, 1037, 1515
501, 50815, 4.63691e+007, 1.58297e+007, 6.21988e+007, 2928, 5406.32, 1037, 1515
502, 50915, 4.62577e+007, 1.56175e+007, 6.18752e+007, 2913, 5361.3, 1037, 1515
503, 51015, 4.66184e+007, 1.68201e+007, 6.34386e+007, 2981, 5642.45, 1038, 1515
504, 51115, 4.61168e+007, 1.70603e+007, 6.31771e+007, 2969, 5746.15, 1038, 1515
505, 51215, 4.62186e+007, 1.56022e+007, 6.18208e+007, 2910, 5361.57, 1038, 1515
506, 51315, 4.63313e+007, 1.57759e+007, 6.21072e+007, 2925, 5393.47, 1038, 1515
507, 51415, 4.61155e+007, 1.5889e+007, 6.20045e+007, 2919, 5443.31, 1038, 1515
508, 51515, 4.5973e+007, 1.56747e+007, 6.16477e+007, 2897, 5410.65, 1038, 1515
509, 51615, 4.61972e+007, 1.55913e+007, 6.17885e+007, 2907, 5363.35, 1038, 1515
510, 51715, 4.616e+007, 1.55999e+007, 6.176e+007, 2901, 5377.43, 1037, 1515
511, 51815, 4.64571e+007, 1.59389e+007, 6.2396e+007, 2937, 5426.92, 1038, 1515
512, 51915, 4.61711e+007, 1.58327e+007, 6.20038e+007, 2919, 5424.01, 1038, 1515
513, 52015, 4.62894e+007, 1.58043e+007, 6.20937e+007, 2923, 5406.88, 1038, 1515
514, 52115, 4.5791e+007, 1.54588e+007, 6.12498e+007, 2886, 5356.48, 1038, 1515
515, 52215, 4.68506e+007, 1.66322e+007, 6.34827e+007, 2989, 5564.46, 1038, 1515
516, 52315, 4.60158e+007, 1.73811e+007, 6.33969e+007, 2981, 5830.62, 1038, 1515
517, 52415, 4.57803e+007, 1.53505e+007, 6.11308e+007, 2875, 5339.3, 1037, 1515
518, 52515, 4.58666e+007, 1.54385e+007, 6.1305e+007, 2884, 5353.15, 1038, 1515
519, 52615, 4.6121e+007, 1.56557e+007, 6.17767e+007, 2909, 5381.83, 1038, 1515
520, 52715, 4.6004e+007, 1.56243e+007, 6.16283e+007, 2906, 5376.55, 1037, 1515
521, 52815, 4.57458e+007, 1.53084e+007, 6.10542e+007, 2869, 5335.81, 1038, 1515
522, 52915, 4.61047e+007, 1.55362e+007, 6.16409e+007, 2896, 5364.72, 1038, 1515
523, 53015, 4.63175e+007, 1.56657e+007, 6.19832e+007, 2920, 5364.97, 1037, 1515
524, 53115, 4.59447e+007, 1.55002e+007, 6.14449e+007, 2892, 5359.68, 1037, 1515
525, 53215, 4.58712e+007, 1.54575e+007, 6.13287e+007, 2883, 5361.59, 1038, 1515
526, 53315, 4.58291e+007, 1.53707e+007, 6.11998e+007, 2887, 5324.11, 1038, 1515
527, 53415, 4.59666e+007, 1.59285e+007, 6.18951e+007, 2910, 5473.72, 1038, 1515
528, 53515, 4.59787e+007, 1.74927e+007, 6.34714e+007, 2980, 5870.02, 1038, 1515
529, 53615, 4.55747e+007, 1.52775e+007, 6.08522e+007, 2861, 5339.92, 1038, 1515
530, 53715, 4.57582e+007, 1.53484e+007, 6.11066e+007, 2882, 5325.61, 1037, 1515
531, 53815, 4.58832e+007, 1.56698e+007, 6.15531e+007, 2894, 5414.6, 1038, 1515
532, 53915, 4.59693e+007, 1.5699e+007, 6.16683e+007, 2908, 5398.56, 1038, 1515
533, 54015, 4.54435e+007, 1.54121e+007, 6.08556e+007, 2868, 5373.81, 1038, 1515
534, 54115, 4.5865e+007, 1.53281e+007, 6.11932e+007, 2885, 5313.04, 1038, 1515
535, 54215, 4.64735e+007, 1.66159e+007, 6.30894e+007, 2969, 5596.47, 1038, 1515
536, 54315, 4.56527e+007, 1.67349e+007, 6.23876e+007, 2935, 5701.82, 1038, 1515
537, 54415, 4.59544e+007, 1.53824e+007, 6.13368e+007, 2892, 5318.95, 1038, 1515
538, 54515, 4.56005e+007, 1.53903e+007, 6.09907e+007, 2875, 5353.14, 1038, 1515
539, 54615, 4.55483e+007, 1.54182e+007, 6.09665e+007, 2873, 5366.57, 1038, 1515
540, 54715, 4.56425e+007, 1.53438e+007, 6.09863e+007, 2870, 5346.27, 1037, 1515
541, 54815, 4.53883e+007, 1.50965e+007, 6.04848e+007, 2851, 5295.17, 1038, 1515
542, 54919, 4.52241e+007, 1.51426e+007, 6.03667e+007, 2846, 5320.67, 1037, 1515
543, 55019, 4.55457e+007, 1.54218e+007, 6.09675e+007, 2878, 5358.5, 1038, 1515
544, 55109, 4.54924e+007, 1.53036e+007, 6.0796e+007, 2867, 5337.86, 1037, 1515
545, 55219, 4.527e+007, 1.51711e+007, 6.04411e+007, 2852, 5319.46, 1037, 1515
546, 55319, 4.50958e+007, 1.5048e+007, 6.01438e+007, 2835, 5307.93, 1037, 1515
547, 55419, 4.54852e+007, 1.55341e+007, 6.10193e+007, 2873, 5406.91, 1037, 1515
548, 55519, 4.53449e+007, 1.72406e+007, 6.25855e+007, 2952, 5840.32, 1038, 1515
549, 55619, 4.53996e+007, 1.52452e+007, 6.06448e+007, 2860, 5330.49, 1037, 1515
550, 55719, 4.56401e+007, 1.68453e+007, 6.24855e+007, 2947, 5716.09, 1038, 1515
551, 55819, 4.50154e+007, 1.6323e+007, 6.13384e+007, 2888, 5652.01, 1037, 1514
552, 55919, 4.48435e+007, 1.49602e+007, 5.98037e+007, 2827, 5291.9, 1037, 1515
553, 56019, 4.5128e+007, 1.5054e+007, 6.0182e+007, 2842, 5296.98, 1037, 1515
554, 56119, 4.54186e+007, 1.52177e+007, 6.06363e+007, 2858, 5324.61, 1037, 1515
555, 56219, 4.52778e+007, 1.49742e+007, 6.0252e+007, 2844, 5265.18, 1037, 1515
556, 56319, 4.50365e+007, 1.49558e+007, 5.99924e+007, 2825, 5294.1, 1037, 1515
557, 56419, 4.5491e+007, 1.52613e+007, 6.07524e+007, 2871, 5315.69, 1038, 1515
558, 56519, 4.51715e+007, 1.50903e+007, 6.02617e+007, 2838, 5317.22, 1037, 1515
559, 56619, 4.49928e+007, 1.49655e+007, 5.99583e+007, 2829, 5290.03, 1037, 1515
560, 56719, 4.52349e+007, 1.50062e+007, 6.02412e+007, 2844, 5276.46, 1037, 1515
561, 56819, 4.49899e+007, 1.49723e+007, 5.99622e+007, 2824, 5301.8, 1037, 1515
562, 56919, 4.50704e+007, 1.51317e+007, 6.02021e+007, 2838, 5331.83, 1038, 1515
563, 57019, 4.54249e+007, 1.52234e+007, 6.06483e+007, 2867, 5309.87, 1037, 1514
564, 57119, 4.53358e+007, 1.5256e+007, 6.05918e+007, 2866, 5323.1, 1037, 1514
565, 57219, 4.47747e+007, 1.4849e+007, 5.96237e+007, 2810, 5284.35, 1037, 1515
566, 57319, 4.5341e+007, 1.5151e+007, 6.04921e+007, 2864, 5290.17, 1037, 1515
567, 57419, 4.51767e+007, 1.78497e+007, 6.30264e+007, 2964, 6022.17, 1038, 1514
568, 57519, 4.4751e+007, 1.50582e+007, 5.98092e+007, 2824, 5332.22, 1037, 1515
569, 57619, 4.527e+007, 1.60361e+007, 6.13061e+007, 2890, 5548.83, 1037, 1514
570, 57719, 4.48895e+007, 1.67771e+007, 6.16666e+007, 2910, 5765.33, 1037, 1514
571, 57819, 4.43586e+007, 1.4533e+007, 5.88916e+007, 2770, 5246.55, 1037, 1515
572, 57919, 4.48051e+007, 1.48747e+007, 5.96798e+007, 2821, 5272.84, 1037, 1515
573, 58019, 4.48193e+007, 1.49627e+007, 5.97821e+007, 2825, 5296.55, 1037, 1515
574, 58119, 4.50401e+007, 1.50512e+007, 6.00913e+007, 2843, 5294.12, 1037, 1515
575, 58219, 4.50313e+007, 1.48975e+007, 5.99287e+007, 2836, 5252.99, 1037, 1515
576, 58319, 4.54904e+007, 1.70664e+007, 6.25568e+007, 2946, 5793.06, 1037, 1515
577, 58419, 4.41491e+007, 1.5647e+007, 5.97961e+007, 2826, 5536.81, 1037, 1515
578, 58519, 4.46857e+007, 1.46451e+007, 5.93308e+007, 2802, 5226.67, 1037, 1515
579, 58619, 4.48648e+007, 1.49551e+007, 5.98199e+007, 2830, 5284.48, 1037, 1515
580, 58719, 4.4913e+007, 1.50402e+007, 5.99532e+007, 2834, 5307.06, 1037, 1514
581, 58819, 4.47886e+007, 1.47816e+007, 5.95702e+007, 2815, 5251.01, 1037, 1515
582, 58919, 4.51397e+007, 1.4961e+007, 6.01007e+007, 2842, 5264.25, 1037, 1515
583, 59019, 4.51907e+007, 1.78066e+007, 6.29973e+007, 2968, 5999.51, 1037, 1514
584, 59119, 4.43205e+007, 1.45701e+007, 5.88905e+007, 2780, 5241.03, 1037, 1515
585, 59219, 4.44737e+007, 1.46317e+007, 5.91054e+007, 2796, 5233.08, 1037, 1515
586, 59319, 4.46917e+007, 1.48159e+007, 5.95075e+007, 2808, 5276.3, 1037, 1515
587, 59419, 4.45749e+007, 1.47402e+007, 5.93151e+007, 2804, 5256.84, 1037, 1515
588, 59519, 4.43311e+007, 1.45016e+007, 5.88327e+007, 2781, 5214.52, 1037, 1515
589, 59619, 4.50796e+007, 1.57419e+007, 6.08216e+007, 2872, 5481.18, 1037, 1515
590, 59719, 4.44527e+007, 1.61926e+007, 6.06453e+007, 2859, 5663.72, 1037, 1515
591, 59819, 4.43271e+007, 1.45438e+007, 5.88709e+007, 2785, 5222.18, 1037, 1515
592, 59919, 4.49981e+007, 1.64123e+007, 6.14104e+007, 2898, 5663.32, 1037, 1514
593, 60019, 4.4405e+007, 1.56896e+007, 6.00947e+007, 2838, 5528.4, 1037, 1515
594, 60119, 4.43617e+007, 1.44838e+007, 5.88455e+007, 2785, 5200.63, 1037, 1515
595, 60219, 4.45336e+007, 1.48006e+007, 5.93341e+007, 2806, 5274.61, 1037, 1515
596, 60319, 4.42594e+007, 1.46939e+007, 5.89532e+007, 2788, 5270.4, 1037, 1515
597, 60419, 4.43569e+007, 1.46381e+007, 5.8995e+007, 2790, 5246.63, 1037, 1515
598, 60519, 4.43501e+007, 1.4599e+007, 5.89492e+007, 2793, 5227, 1037, 1515
599, 60619, 4.37148e+007, 1.74783e+007, 6.11931e+007, 2885, 6058.34, 1038, 1514
600, 60719, 4.40213e+007, 1.43857e+007, 5.8407e+007, 2764, 5204.66, 1037, 1515