stim_jnl,frame,time_s,fluor,dff
csuEx72_1oct_10percent_JNL_10off_20on_20off,2,0.1,122116000,3.053805217322185
csuEx72_1oct_10percent_JNL_10off_20on_20off,3,0.2,122290000.00000001,3.2006439780727467
csuEx72_1oct_10percent_JNL_10off_20on_20off,4,0.3,121866999.99999999,2.843673887282593
csuEx72_1oct_10percent_JNL_10off_20on_20off,5,0.4,121387000,2.4386014438328147
csuEx72_1oct_10percent_JNL_10off_20on_20off,6,0.5,120753000,1.9035682581095497
csuEx72_1oct_10percent_JNL_10off_20on_20off,7,0.6,121201000,2.2816358719960212
csuEx72_1oct_10percent_JNL_10off_20on_20off,8,0.7,120734999.99999999,1.8883780414801699
csuEx72_1oct_10percent_JNL_10off_20on_20off,9,0.8,120680000.00000001,1.84196349066824
csuEx72_1oct_10percent_JNL_10off_20on_20off,10,0.9,120438000,1.6377394670956245
csuEx72_1oct_10percent_JNL_10off_20on_20off,11,1,120127999.99999999,1.3761301807009554
csuEx72_1oct_10percent_JNL_10off_20on_20off,12,1.1,120315000,1.5339396534616154
csuEx72_1oct_10percent_JNL_10off_20on_20off,13,1.2,119858000,1.1482769312604606
csuEx72_1oct_10percent_JNL_10off_20on_20off,14,1.3,119764000,1.06895024441821
csuEx72_1oct_10percent_JNL_10off_20on_20off,15,1.4,120371999.99999999,1.5820420061212659
csuEx72_1oct_10percent_JNL_10off_20on_20off,16,1.5,119843000.00000001,1.1356184174026673
csuEx72_1oct_10percent_JNL_10off_20on_20off,17,1.6,119687000.00000001,1.0039698732814852
csuEx72_1oct_10percent_JNL_10off_20on_20off,18,1.7,120018000,1.2833010790770576
csuEx72_1oct_10percent_JNL_10off_20on_20off,19,1.8,118931000.00000001,0.3659807748480648
csuEx72_1oct_10percent_JNL_10off_20on_20off,20,1.9,119174000,0.5710486993445089
csuEx72_1oct_10percent_JNL_10off_20on_20off,21,2,118839000,0.288341889853509
csuEx72_1oct_10percent_JNL_10off_20on_20off,22,2.1,119140000,0.5423560679334819
csuEx72_1oct_10percent_JNL_10off_20on_20off,23,2.2,118686000,0.1592250485038882
csuEx72_1oct_10percent_JNL_10off_20on_20off,24,2.3,119100000,0.5086000309793327
csuEx72_1oct_10percent_JNL_10off_20on_20off,25,2.4,118188000,-0.2610376115752697
csuEx72_1oct_10percent_JNL_10off_20on_20off,26,2.5,118317999.99999999,-0.1513304914742973
csuEx72_1oct_10percent_JNL_10off_20on_20off,27,2.6,118538000.00000001,0.03432771177354862
csuEx72_1oct_10percent_JNL_10off_20on_20off,28,2.7,118183000,-0.26525711619453834
csuEx72_1oct_10percent_JNL_10off_20on_20off,29,2.8,117904000.00000001,-0.5007054739497167
csuEx72_1oct_10percent_JNL_10off_20on_20off,30,2.9,117879000,-0.5218029970460726
csuEx72_1oct_10percent_JNL_10off_20on_20off,31,3,118019000,-0.40365686770655024
csuEx72_1oct_10percent_JNL_10off_20on_20off,32,3.1,117612000,-0.7471245437150187
csuEx72_1oct_10percent_JNL_10off_20on_20off,33,3.2,117656000,-0.7099929030654545
csuEx72_1oct_10percent_JNL_10off_20on_20off,34,3.3,117780000,-0.6053491885075919
csuEx72_1oct_10percent_JNL_10off_20on_20off,35,3.4,117792000.00000001,-0.5952223774213344
csuEx72_1oct_10percent_JNL_10off_20on_20off,36,3.5,117368999.99999999,-0.9521924682114877
csuEx72_1oct_10percent_JNL_10off_20on_20off,37,3.6,116955000.00000001,-1.3015674506869073
csuEx72_1oct_10percent_JNL_10off_20on_20off,38,3.7,117102000,-1.1775140148804213
csuEx72_1oct_10percent_JNL_10off_20on_20off,39,3.8,116817000,-1.4180257781787347
csuEx72_1oct_10percent_JNL_10off_20on_20off,40,3.9,116596000.00000001,-1.6045278823503966
csuEx72_1oct_10percent_JNL_10off_20on_20off,41,4,116853999.99999999,-1.3868014439961591
csuEx72_1oct_10percent_JNL_10off_20on_20off,42,4.1,116138000.00000001,-1.991034505475405
csuEx72_1oct_10percent_JNL_10off_20on_20off,43,4.2,115624000,-2.424799580336235
csuEx72_1oct_10percent_JNL_10off_20on_20off,44,4.3,116022000,-2.0889270126424506
csuEx72_1oct_10percent_JNL_10off_20on_20off,45,4.4,116039000,-2.074580696936937
csuEx72_1oct_10percent_JNL_10off_20on_20off,46,4.5,117312000,-1.000294820871138
csuEx72_1oct_10percent_JNL_10off_20on_20off,47,4.6,120885000,2.014963180058242
csuEx72_1oct_10percent_JNL_10off_20on_20off,48,4.7,120800000,1.943231601530675
csuEx72_1oct_10percent_JNL_10off_20on_20off,49,4.8,121076999.99999999,2.176992157438146
csuEx72_1oct_10percent_JNL_10off_20on_20off,50,4.9,120971999.99999999,2.0883825604335042
csuEx72_1oct_10percent_JNL_10off_20on_20off,51,5,120673000.00000001,1.8360561842012637
csuEx72_1oct_10percent_JNL_10off_20on_20off,52,5.1,120034000,1.2968034938587174
csuEx72_1oct_10percent_JNL_10off_20on_20off,53,5.2,120495000,1.685841819755287
csuEx72_1oct_10percent_JNL_10off_20on_20off,54,5.3,120049000,1.309462007716523
csuEx72_1oct_10percent_JNL_10off_20on_20off,55,5.4,119930000,1.2090377977779292
csuEx72_1oct_10percent_JNL_10off_20on_20off,56,5.5,119994000,1.263047456904568
csuEx72_1oct_10percent_JNL_10off_20on_20off,57,5.6,119456000,0.8090287598712609
csuEx72_1oct_10percent_JNL_10off_20on_20off,58,5.7,119744000,1.0520722259411353
csuEx72_1oct_10percent_JNL_10off_20on_20off,59,5.8,119195000,0.5887706187454372
csuEx72_1oct_10percent_JNL_10off_20on_20off,60,5.9,118788999.99999999,0.24614684366080988
csuEx72_1oct_10percent_JNL_10off_20on_20off,61,6,118838000,0.2874979889296553
csuEx72_1oct_10percent_JNL_10off_20on_20off,62,6.1,118937000,0.37104418039117465
csuEx72_1oct_10percent_JNL_10off_20on_20off,63,6.2,118446999.99999999,-0.04246727229716603
csuEx72_1oct_10percent_JNL_10off_20on_20off,64,6.3,118468000,-0.024745352896225106
csuEx72_1oct_10percent_JNL_10off_20on_20off,65,6.4,118380000,-0.09900863419535341
csuEx72_1oct_10percent_JNL_10off_20on_20off,66,6.5,118694000.00000001,0.1659762558947306
csuEx72_1oct_10percent_JNL_10off_20on_20off,67,6.6,118351999.99999999,-0.12263786006327046
csuEx72_1oct_10percent_JNL_10off_20on_20off,68,6.7,117994000,-0.42475439080289346
csuEx72_1oct_10percent_JNL_10off_20on_20off,69,6.8,117835000,-0.5589346376956367
csuEx72_1oct_10percent_JNL_10off_20on_20off,70,6.9,117612999.99999999,-0.7462806427911775
csuEx72_1oct_10percent_JNL_10off_20on_20off,71,7,117600000,-0.7572513548012634
csuEx72_1oct_10percent_JNL_10off_20on_20off,72,7.1,117078000,-1.197767637052911
csuEx72_1oct_10percent_JNL_10off_20on_20off,73,7.2,116720000,-1.4998841677925465
csuEx72_1oct_10percent_JNL_10off_20on_20off,74,7.3,116958999.99999999,-1.2981918469915175
csuEx72_1oct_10percent_JNL_10off_20on_20off,75,7.4,116408000,-1.7631812560349105
csuEx72_1oct_10percent_JNL_10off_20on_20off,76,7.5,116967000,-1.291440639600675
csuEx72_1oct_10percent_JNL_10off_20on_20off,77,7.6,116363000,-1.8011567976083283
csuEx72_1oct_10percent_JNL_10off_20on_20off,78,7.7,116602000,-1.5994644768072868
csuEx72_1oct_10percent_JNL_10off_20on_20off,79,7.8,116361000,-1.8028445994560358
csuEx72_1oct_10percent_JNL_10off_20on_20off,80,7.9,115765000,-2.3058095500728593
csuEx72_1oct_10percent_JNL_10off_20on_20off,81,8,115753000,-2.315936361159104
csuEx72_1oct_10percent_JNL_10off_20on_20off,82,8.1,115503000,-2.526911592122537
csuEx72_1oct_10percent_JNL_10off_20on_20off,83,8.2,116138999.99999999,-1.9901906045515765
csuEx72_1oct_10percent_JNL_10off_20on_20off,84,8.3,115596000.00000001,-2.4484288062041273
csuEx72_1oct_10percent_JNL_10off_20on_20off,85,8.4,115154000,-2.821433014547489
csuEx72_1oct_10percent_JNL_10off_20on_20off,86,8.5,114666000,-3.2332566653881094
csuEx72_1oct_10percent_JNL_10off_20on_20off,87,8.6,114660000,-3.238320070931232
csuEx72_1oct_10percent_JNL_10off_20on_20off,88,8.71,114188000,-3.6366413069901924
csuEx72_1oct_10percent_JNL_10off_20on_20off,89,8.8,113839000,-3.9311627294151448
csuEx72_1oct_10percent_JNL_10off_20on_20off,90,8.9,114118000.00000001,-3.6957143716599417
csuEx72_1oct_10percent_JNL_10off_20on_20off,91,9,113772000,-3.987704091313345
csuEx72_1oct_10percent_JNL_10off_20on_20off,92,9.1,113582999.99999999,-4.147201365921712
csuEx72_1oct_10percent_JNL_10off_20on_20off,93,9.2,113223000,-4.451005698509043
csuEx72_1oct_10percent_JNL_10off_20on_20off,94,9.31,113306000,-4.380961921829183
csuEx72_1oct_10percent_JNL_10off_20on_20off,95,9.4,112742000.00000001,-4.856922042882675
csuEx72_1oct_10percent_JNL_10off_20on_20off,96,9.5,112987000,-4.650166316538523
csuEx72_1oct_10percent_JNL_10off_20on_20off,97,9.6,112284000,-5.243428666007696
csuEx72_1oct_10percent_JNL_10off_20on_20off,98,9.7,112152000,-5.354823587956389
csuEx72_1oct_10percent_JNL_10off_20on_20off,99,9.8,109612000,-7.498331934544865
csuEx72_1oct_10percent_JNL_10off_20on_20off,100,9.9,109030000,-7.989482272227735
csuEx72_1oct_10percent_JNL_10off_20on_20off,101,10,108478999.99999999,-8.454471681271155
csuEx72_1oct_10percent_JNL_10off_20on_20off,102,10.1,107617999.99999999,-9.181070376709217
csuEx72_1oct_10percent_JNL_10off_20on_20off,103,10.2,108042000,-8.823256384995222
csuEx72_1oct_10percent_JNL_10off_20on_20off,104,10.3,107122999.99999999,-9.598801334016812
csuEx72_1oct_10percent_JNL_10off_20on_20off,105,10.4,107199000,-9.534664863803917
csuEx72_1oct_10percent_JNL_10off_20on_20off,106,10.51,106742000,-9.920327586005072
csuEx72_1oct_10percent_JNL_10off_20on_20off,107,10.61,106258000.00000001,-10.328775633150265
csuEx72_1oct_10percent_JNL_10off_20on_20off,108,10.71,106236000,-10.347341453475059
csuEx72_1oct_10percent_JNL_10off_20on_20off,109,10.81,106490000,-10.132990618816212
csuEx72_1oct_10percent_JNL_10off_20on_20off,110,10.91,106002000,-10.544814269656833
csuEx72_1oct_10percent_JNL_10off_20on_20off,111,11.01,105403000,-11.050310923045217
csuEx72_1oct_10percent_JNL_10off_20on_20off,112,11.11,105247000,-11.181959467166399
csuEx72_1oct_10percent_JNL_10off_20on_20off,113,11.21,105515000,-10.955794019573599
csuEx72_1oct_10percent_JNL_10off_20on_20off,114,11.31,104819000,-11.543149062575795
csuEx72_1oct_10percent_JNL_10off_20on_20off,115,11.41,104650000,-11.685768318707076
csuEx72_1oct_10percent_JNL_10off_20on_20off,116,11.51,104566000,-11.75665599631079
csuEx72_1oct_10percent_JNL_10off_20on_20off,117,11.61,104736000,-11.613192839255655
csuEx72_1oct_10percent_JNL_10off_20on_20off,118,11.71,104068999.99999999,-12.176074755466107
csuEx72_1oct_10percent_JNL_10off_20on_20off,119,11.81,103558000,-12.60730812755535
csuEx72_1oct_10percent_JNL_10off_20on_20off,120,11.91,103657000,-12.52376193609383
csuEx72_1oct_10percent_JNL_10off_20on_20off,121,12.01,103241999.99999999,-12.873980819493141
csuEx72_1oct_10percent_JNL_10off_20on_20off,122,12.11,103452000.00000001,-12.696761625483832
csuEx72_1oct_10percent_JNL_10off_20on_20off,123,12.21,102853000,-13.20225827887223
csuEx72_1oct_10percent_JNL_10off_20on_20off,124,12.31,103192000,-12.916175865685817
csuEx72_1oct_10percent_JNL_10off_20on_20off,125,12.41,102193000,-13.759232888615694
csuEx72_1oct_10percent_JNL_10off_20on_20off,126,12.51,102560000,-13.449521249561375
csuEx72_1oct_10percent_JNL_10off_20on_20off,127,12.61,102070000,-13.863032702249702
csuEx72_1oct_10percent_JNL_10off_20on_20off,128,12.71,101870000,-14.031812887020449
csuEx72_1oct_10percent_JNL_10off_20on_20off,129,12.81,101642000.00000001,-14.224222297659086
csuEx72_1oct_10percent_JNL_10off_20on_20off,130,12.91,101645999.99999999,-14.220846693963695
csuEx72_1oct_10percent_JNL_10off_20on_20off,131,13.01,101474000,-14.365997652866525
csuEx72_1oct_10percent_JNL_10off_20on_20off,132,13.11,100749000,-14.977825822660481
csuEx72_1oct_10percent_JNL_10off_20on_20off,133,13.21,100969000,-14.79216761941266
csuEx72_1oct_10percent_JNL_10off_20on_20off,134,13.31,100828999.99999999,-14.910313748752193
csuEx72_1oct_10percent_JNL_10off_20on_20off,135,13.41,99930600,-15.668474338742374
csuEx72_1oct_10percent_JNL_10off_20on_20off,136,13.51,100404000,-15.268971641390017
csuEx72_1oct_10percent_JNL_10off_20on_20off,137,13.61,99750900,-15.82012333475889
csuEx72_1oct_10percent_JNL_10off_20on_20off,138,13.71,99553500,-15.986709377127614
csuEx72_1oct_10percent_JNL_10off_20on_20off,139,13.81,99431800,-16.089412119560613
csuEx72_1oct_10percent_JNL_10off_20on_20off,140,13.91,99392400,-16.122661815960452
csuEx72_1oct_10percent_JNL_10off_20on_20off,141,14.01,98861700,-16.570520036249626
csuEx72_1oct_10percent_JNL_10off_20on_20off,142,14.11,99349500,-16.158865165593777
csuEx72_1oct_10percent_JNL_10off_20on_20off,143,14.21,98448499.99999999,-16.919219897986
csuEx72_1oct_10percent_JNL_10off_20on_20off,144,14.31,99011000,-16.444525628318267
csuEx72_1oct_10percent_JNL_10off_20on_20off,145,14.41,98554400,-16.829850790149877
csuEx72_1oct_10percent_JNL_10off_20on_20off,146,14.51,98104800,-17.209268645514513
csuEx72_1oct_10percent_JNL_10off_20on_20off,147,14.61,97925300,-17.36074886134626
csuEx72_1oct_10percent_JNL_10off_20on_20off,148,14.71,98035500,-17.26775097953758
csuEx72_1oct_10percent_JNL_10off_20on_20off,149,14.81,97406800,-17.79831149036442
csuEx72_1oct_10percent_JNL_10off_20on_20off,150,14.91,97329600,-17.863460641685926
csuEx72_1oct_10percent_JNL_10off_20on_20off,151,15.01,97010900,-18.13241186611811
csuEx72_1oct_10percent_JNL_10off_20on_20off,152,15.11,96117899.99999999,-18.886015391119507
csuEx72_1oct_10percent_JNL_10off_20on_20off,153,15.21,96486200,-18.575206680864163
csuEx72_1oct_10percent_JNL_10off_20on_20off,154,15.31,96427700,-18.624574884909606
csuEx72_1oct_10percent_JNL_10off_20on_20off,155,15.41,96198100,-18.818334537026423
csuEx72_1oct_10percent_JNL_10off_20on_20off,156,15.51,95715100,-19.225938683247776
csuEx72_1oct_10percent_JNL_10off_20on_20off,157,15.61,95587300,-19.333789221316284
csuEx72_1oct_10percent_JNL_10off_20on_20off,158,15.71,95681400,-19.254378144381647
csuEx72_1oct_10percent_JNL_10off_20on_20off,159,15.81,95063099.99999999,-19.776162085600422
csuEx72_1oct_10percent_JNL_10off_20on_20off,160,15.91,95262400,-19.607972631476358
csuEx72_1oct_10percent_JNL_10off_20on_20off,161,16.01,94744800,-20.044775749663053
csuEx72_1oct_10percent_JNL_10off_20on_20off,162,16.11,94343700,-20.383264410220782
csuEx72_1oct_10percent_JNL_10off_20on_20off,163,16.21,94608000.00000001,-20.16022139604623
csuEx72_1oct_10percent_JNL_10off_20on_20off,164,16.31,94529700,-20.22629883838399
csuEx72_1oct_10percent_JNL_10off_20on_20off,165,16.41,93978700,-20.691288247427394
csuEx72_1oct_10percent_JNL_10off_20on_20off,166,16.51,94212100,-20.494321771799935
csuEx72_1oct_10percent_JNL_10off_20on_20off,167,16.61,94168900,-20.530778291710412
csuEx72_1oct_10percent_JNL_10off_20on_20off,168,16.71,93849300,-20.800489026974066
csuEx72_1oct_10percent_JNL_10off_20on_20off,169,16.81,93682900,-20.940914140703327
csuEx72_1oct_10percent_JNL_10off_20on_20off,170,16.91,93444600,-21.142015730857672
csuEx72_1oct_10percent_JNL_10off_20on_20off,171,17.01,93100100,-21.43273959912528
csuEx72_1oct_10percent_JNL_10off_20on_20off,172,17.11,92317100,-22.093514022502752
csuEx72_1oct_10percent_JNL_10off_20on_20off,173,17.21,92323000,-22.088535007052016
csuEx72_1oct_10percent_JNL_10off_20on_20off,174,17.31,91750800,-22.57141511568112
csuEx72_1oct_10percent_JNL_10off_20on_20off,175,17.41,91724500,-22.593609709978473
csuEx72_1oct_10percent_JNL_10off_20on_20off,176,17.51,91164200,-23.066447397613718
csuEx72_1oct_10percent_JNL_10off_20on_20off,177,17.61,91229099.99999999,-23.011678227655626
csuEx72_1oct_10percent_JNL_10off_20on_20off,178,17.71,91414700,-22.85505021618836
csuEx72_1oct_10percent_JNL_10off_20on_20off,179,17.81,90783600,-23.38763608923245
csuEx72_1oct_10percent_JNL_10off_20on_20off,180,17.91,89736700,-24.271115966414918
csuEx72_1oct_10percent_JNL_10off_20on_20off,181,18.01,89379700,-24.572388596230702
csuEx72_1oct_10percent_JNL_10off_20on_20off,182,18.11,89051800,-24.84910370916234
csuEx72_1oct_10percent_JNL_10off_20on_20off,183,18.21,88335200,-25.453843111195923
csuEx72_1oct_10percent_JNL_10off_20on_20off,184,18.31,87846800,-25.866004322406084
csuEx72_1oct_10percent_JNL_10off_20on_20off,185,18.41,87756600,-25.94212418573769
csuEx72_1oct_10percent_JNL_10off_20on_20off,186,18.51,87436800,-26.212003701186116
csuEx72_1oct_10percent_JNL_10off_20on_20off,187,18.61,87284400.00000001,-26.34061420198141
csuEx72_1oct_10percent_JNL_10off_20on_20off,188,18.71,87171500,-26.435890616284507
csuEx72_1oct_10percent_JNL_10off_20on_20off,189,18.81,86684300.00000001,-26.847039146386038
csuEx72_1oct_10percent_JNL_10off_20on_20off,190,18.91,86625100,-26.896998081078188
csuEx72_1oct_10percent_JNL_10off_20on_20off,191,19.01,85880400,-27.52545109907206
csuEx72_1oct_10percent_JNL_10off_20on_20off,192,19.11,85531600,-27.819803741312242
csuEx72_1oct_10percent_JNL_10off_20on_20off,193,19.21,85558300,-27.79727158664535
csuEx72_1oct_10percent_JNL_10off_20on_20off,194,19.31,85105700,-28.179221144781547
csuEx72_1oct_10percent_JNL_10off_20on_20off,195,19.41,85157200,-28.13576024720308
csuEx72_1oct_10percent_JNL_10off_20on_20off,196,19.51,84607100,-28.599990145415017
csuEx72_1oct_10percent_JNL_10off_20on_20off,197,19.61,84306699.99999999,-28.85349798294069
csuEx72_1oct_10percent_JNL_10off_20on_20off,198,19.71,84169900,-28.968943629323867
csuEx72_1oct_10percent_JNL_10off_20on_20off,199,19.81,83768800,-29.307432289881604
csuEx72_1oct_10percent_JNL_10off_20on_20off,200,19.91,83470900,-29.558830375097628
csuEx72_1oct_10percent_JNL_10off_20on_20off,201,20.01,83857100,-29.232915838305313
csuEx72_1oct_10percent_JNL_10off_20on_20off,202,20.11,82850100,-30.08272406862602
csuEx72_1oct_10percent_JNL_10off_20on_20off,203,20.21,82835100,-30.095382582483825
csuEx72_1oct_10percent_JNL_10off_20on_20off,204,20.31,82745500,-30.17099610526112
csuEx72_1oct_10percent_JNL_10off_20on_20off,205,20.41,82979299.99999999,-29.97369206926413
csuEx72_1oct_10percent_JNL_10off_20on_20off,206,20.51,84084200,-29.041265938498135
csuEx72_1oct_10percent_JNL_10off_20on_20off,207,20.61,83850200.00000001,-29.238738754679893
csuEx72_1oct_10percent_JNL_10off_20on_20off,208,20.71,83611900,-29.439840344834252
csuEx72_1oct_10percent_JNL_10off_20on_20off,209,20.81,83031600,-29.92955605094657
csuEx72_1oct_10percent_JNL_10off_20on_20off,210,20.91,83118100,-29.856558621033223
csuEx72_1oct_10percent_JNL_10off_20on_20off,211,21.01,82617000,-30.279437373976325
csuEx72_1oct_10percent_JNL_10off_20on_20off,212,21.11,82326200,-30.52484376263299
csuEx72_1oct_10percent_JNL_10off_20on_20off,213,21.21,81570000,-31.16300164125118
csuEx72_1oct_10percent_JNL_10off_20on_20off,214,21.31,81273300,-31.413387045358583
csuEx72_1oct_10percent_JNL_10off_20on_20off,215,21.41,81246800,-31.43575041984071
csuEx72_1oct_10percent_JNL_10off_20on_20off,216,21.51,80536800,-32.03492007577686
csuEx72_1oct_10percent_JNL_10off_20on_20off,217,21.61,80660300,-31.93069831168092
csuEx72_1oct_10percent_JNL_10off_20on_20off,218,21.71,80130700.00000001,-32.37762824095384
csuEx72_1oct_10percent_JNL_10off_20on_20off,219,21.81,79933800,-32.543792332860654
csuEx72_1oct_10percent_JNL_10off_20on_20off,220,21.91,79665400,-32.770295340823
csuEx72_1oct_10percent_JNL_10off_20on_20off,221,22.01,79228900,-33.13865809408515
csuEx72_1oct_10percent_JNL_10off_20on_20off,222,22.11,78678200,-33.6033943328514
csuEx72_1oct_10percent_JNL_10off_20on_20off,223,22.21,78538000,-33.72170924237569
csuEx72_1oct_10percent_JNL_10off_20on_20off,224,22.31,78045200,-34.13758361765081
csuEx72_1oct_10percent_JNL_10off_20on_20off,225,22.41,77532900,-34.56991406094108
csuEx72_1oct_10percent_JNL_10off_20on_20off,226,22.51,77348400,-34.72561378139209
csuEx72_1oct_10percent_JNL_10off_20on_20off,227,22.61,77029700,-34.99456500582427
csuEx72_1oct_10percent_JNL_10off_20on_20off,228,22.71,77249500,-34.80907558276123
csuEx72_1oct_10percent_JNL_10off_20on_20off,229,22.81,76609800,-35.34891900375045
csuEx72_1oct_10percent_JNL_10off_20on_20off,230,22.91,76461900,-35.47373195038843
csuEx72_1oct_10percent_JNL_10off_20on_20off,231,23.01,76675400,-35.293559103145654
csuEx72_1oct_10percent_JNL_10off_20on_20off,232,23.11,76096200,-35.78234651824173
csuEx72_1oct_10percent_JNL_10off_20on_20off,233,23.21,76091800,-35.78605968230669
csuEx72_1oct_10percent_JNL_10off_20on_20off,234,23.31,75503000,-36.28294854627177
csuEx72_1oct_10percent_JNL_10off_20on_20off,235,23.41,75634100,-36.172313135154546
csuEx72_1oct_10percent_JNL_10off_20on_20off,236,23.51,75266900,-36.48219355439363
csuEx72_1oct_10percent_JNL_10off_20on_20off,237,23.61,74799600,-36.876548456110484
csuEx72_1oct_10percent_JNL_10off_20on_20off,238,23.71,74659000,-36.995200926004316
csuEx72_1oct_10percent_JNL_10off_20on_20off,239,23.81,74591100,-37.052501798733985
csuEx72_1oct_10percent_JNL_10off_20on_20off,240,23.91,74587700,-37.055371061875086
csuEx72_1oct_10percent_JNL_10off_20on_20off,241,24.01,73675900,-37.82483992424492
csuEx72_1oct_10percent_JNL_10off_20on_20off,242,24.11,73923500,-37.61589005549874
csuEx72_1oct_10percent_JNL_10off_20on_20off,243,24.21,73298000,-38.14375008336924
csuEx72_1oct_10percent_JNL_10off_20on_20off,244,24.31,73498500,-37.974547948136575
csuEx72_1oct_10percent_JNL_10off_20on_20off,245,24.41,73326800,-38.11944573676226
csuEx72_1oct_10percent_JNL_10off_20on_20off,246,24.51,72977400,-38.414304719556746
csuEx72_1oct_10percent_JNL_10off_20on_20off,247,24.61,72516200,-38.80351182563809
csuEx72_1oct_10percent_JNL_10off_20on_20off,248,24.71,72679300,-38.66587158495754
csuEx72_1oct_10percent_JNL_10off_20on_20off,249,24.81,72297000,-38.988494908146826
csuEx72_1oct_10percent_JNL_10off_20on_20off,250,24.91,71716900,-39.47804183407438
csuEx72_1oct_10percent_JNL_10off_20on_20off,251,25.01,71984900,-39.25187638648158
csuEx72_1oct_10percent_JNL_10off_20on_20off,252,25.11,71817800,-39.392892230857534
csuEx72_1oct_10percent_JNL_10off_20on_20off,253,25.21,71078700,-40.01661940367783
csuEx72_1oct_10percent_JNL_10off_20on_20off,254,25.31,70858100,-40.20278394747996
csuEx72_1oct_10percent_JNL_10off_20on_20off,255,25.41,70735700,-40.30607742055965
csuEx72_1oct_10percent_JNL_10off_20on_20off,256,25.51,70775600,-40.2724057736979
csuEx72_1oct_10percent_JNL_10off_20on_20off,257,25.61,70519200,-40.48878197057399
csuEx72_1oct_10percent_JNL_10off_20on_20off,258,25.71,70522300,-40.48616587771004
csuEx72_1oct_10percent_JNL_10off_20on_20off,259,25.81,69985400,-40.93925628372711
csuEx72_1oct_10percent_JNL_10off_20on_20off,260,25.91,69373300,-41.45580803921798
csuEx72_1oct_10percent_JNL_10off_20on_20off,261,26.01,69341700,-41.48247530841176
csuEx72_1oct_10percent_JNL_10off_20on_20off,262,26.11,69019500,-41.75438018607743
csuEx72_1oct_10percent_JNL_10off_20on_20off,263,26.21,69415300,-41.420364200416124
csuEx72_1oct_10percent_JNL_10off_20on_20off,264,26.31,69777100,-41.11504084616585
csuEx72_1oct_10percent_JNL_10off_20on_20off,265,26.41,69901200,-41.0103127415156
csuEx72_1oct_10percent_JNL_10off_20on_20off,266,26.51,69979000,-40.944657249639775
csuEx72_1oct_10percent_JNL_10off_20on_20off,267,26.61,71057100,-40.034847663633066
csuEx72_1oct_10percent_JNL_10off_20on_20off,268,26.71,71492900,-39.66707564101761
csuEx72_1oct_10percent_JNL_10off_20on_20off,269,26.81,71287500,-39.84041289077717
csuEx72_1oct_10percent_JNL_10off_20on_20off,270,26.91,71357900,-39.78100226573786
csuEx72_1oct_10percent_JNL_10off_20on_20off,271,27.01,70196500,-40.76110879870159
csuEx72_1oct_10percent_JNL_10off_20on_20off,272,27.11,70064400,-40.87258811074267
csuEx72_1oct_10percent_JNL_10off_20on_20off,273,27.21,70298700,-40.67486212428374
csuEx72_1oct_10percent_JNL_10off_20on_20off,274,27.31,70059000,-40.87714517573148
csuEx72_1oct_10percent_JNL_10off_20on_20off,275,27.41,70033600,-40.89858025919737
csuEx72_1oct_10percent_JNL_10off_20on_20off,276,27.51,69637200,-41.23310258541298
csuEx72_1oct_10percent_JNL_10off_20on_20off,277,27.61,69702200,-41.17824902536249
csuEx72_1oct_10percent_JNL_10off_20on_20off,278,27.71,69158300,-41.63724673784653
csuEx72_1oct_10percent_JNL_10off_20on_20off,279,27.81,69269700,-41.54323617492923
csuEx72_1oct_10percent_JNL_10off_20on_20off,280,27.91,68588300,-42.11827026444316
csuEx72_1oct_10percent_JNL_10off_20on_20off,281,28.01,68678500,-42.04215040111155
csuEx72_1oct_10percent_JNL_10off_20on_20off,282,28.11,68363600,-42.30789480203309
csuEx72_1oct_10percent_JNL_10off_20on_20off,283,28.21,68159800,-42.47988181031449
csuEx72_1oct_10percent_JNL_10off_20on_20off,284,28.31,67876200,-42.7192121123194
csuEx72_1oct_10percent_JNL_10off_20on_20off,285,28.41,67892400,-42.70554091735297
csuEx72_1oct_10percent_JNL_10off_20on_20off,286,28.51,67554600,-42.990610649430764
csuEx72_1oct_10percent_JNL_10off_20on_20off,287,28.61,67752100,-42.823940216969646
csuEx72_1oct_10percent_JNL_10off_20on_20off,288,28.71,67355300,-43.1588001035548
csuEx72_1oct_10percent_JNL_10off_20on_20off,289,28.81,67573000,-42.975082872431855
csuEx72_1oct_10percent_JNL_10off_20on_20off,290,28.91,66640700,-43.76185170374068
csuEx72_1oct_10percent_JNL_10off_20on_20off,291,29.01,66658300,-43.74699904748086
csuEx72_1oct_10percent_JNL_10off_20on_20off,292,29.11,66720900,-43.69417084964762
csuEx72_1oct_10percent_JNL_10off_20on_20off,293,29.21,66120300,-44.20101774451417
csuEx72_1oct_10percent_JNL_10off_20on_20off,294,29.31,66290900,-44.05704824690472
csuEx72_1oct_10percent_JNL_10off_20on_20off,295,29.41,65977300,-44.321695576625245
csuEx72_1oct_10percent_JNL_10off_20on_20off,296,29.51,66113700,-44.2065874906116
csuEx72_1oct_10percent_JNL_10off_20on_20off,297,29.61,65851400,-44.42794270293843
csuEx72_1oct_10percent_JNL_10off_20on_20off,298,29.71,65655700,-44.59309411373661
csuEx72_1oct_10percent_JNL_10off_20on_20off,299,29.81,66749100,-43.67037284359494
csuEx72_1oct_10percent_JNL_10off_20on_20off,300,29.91,67053800,-43.41323623209671
csuEx72_1oct_10percent_JNL_10off_20on_20off,301,30.01,66928400,-43.519061407947966
csuEx72_1oct_10percent_JNL_10off_20on_20off,302,30.11,67231500,-43.2632750379279
csuEx72_1oct_10percent_JNL_10off_20on_20off,303,30.21,67345900,-43.16673277223904
csuEx72_1oct_10percent_JNL_10off_20on_20off,304,30.31,66842000,-43.591974447768926
csuEx72_1oct_10percent_JNL_10off_20on_20off,305,30.41,66573800,-43.818308675546504
csuEx72_1oct_10percent_JNL_10off_20on_20off,306,30.51,67163500,-43.32066030074995
csuEx72_1oct_10percent_JNL_10off_20on_20off,307,30.61,66538500,-43.84809837815853
csuEx72_1oct_10percent_JNL_10off_20on_20off,308,30.71,66366100,-43.99358689743092
csuEx72_1oct_10percent_JNL_10off_20on_20off,309,30.81,66299300,-44.04995947914435
csuEx72_1oct_10percent_JNL_10off_20on_20off,310,30.91,66235799.99999999,-44.10354718780907
csuEx72_1oct_10percent_JNL_10off_20on_20off,311,31.01,65821100,-44.4535129009312
csuEx72_1oct_10percent_JNL_10off_20on_20off,312,31.11,65640100,-44.60625896814873
csuEx72_1oct_10percent_JNL_10off_20on_20off,313,31.21,65361000,-44.8417917159963
csuEx72_1oct_10percent_JNL_10off_20on_20off,314,31.31,65583000,-44.654445710900774
csuEx72_1oct_10percent_JNL_10off_20on_20off,315,31.41,65739500,-44.52237521631767
csuEx72_1oct_10percent_JNL_10off_20on_20off,316,31.51,65774300,-44.493007464167555
csuEx72_1oct_10percent_JNL_10off_20on_20off,317,31.61,65739900,-44.522037655948125
csuEx72_1oct_10percent_JNL_10off_20on_20off,318,31.71,66015200,-44.28971173161119
csuEx72_1oct_10percent_JNL_10off_20on_20off,319,31.81,65383400,-44.82288833530198
csuEx72_1oct_10percent_JNL_10off_20on_20off,320,31.91,64265300,-45.76645395826284
csuEx72_1oct_10percent_JNL_10off_20on_20off,321,32.01,64007100,-45.98434917680187
csuEx72_1oct_10percent_JNL_10off_20on_20off,322,32.11,64052700,-45.945867294674144
csuEx72_1oct_10percent_JNL_10off_20on_20off,323,32.21,63526000,-46.3903499112679
csuEx72_1oct_10percent_JNL_10off_20on_20off,324,32.31,63343400,-46.54444621996359
csuEx72_1oct_10percent_JNL_10off_20on_20off,325,32.41,63298600,-46.58225298135224
csuEx72_1oct_10percent_JNL_10off_20on_20off,326,32.51,62683400,-47.10142082970705
csuEx72_1oct_10percent_JNL_10off_20on_20off,327,32.61,62635900,-47.141506123590105
csuEx72_1oct_10percent_JNL_10off_20on_20off,328,32.71,62479900,-47.27315466771129
csuEx72_1oct_10percent_JNL_10off_20on_20off,329,32.81,62549300,-47.21458794359584
csuEx72_1oct_10percent_JNL_10off_20on_20off,330,32.91,62381600,-47.356110128526105
csuEx72_1oct_10percent_JNL_10off_20on_20off,331,33.01,62404000,-47.337206747831786
csuEx72_1oct_10percent_JNL_10off_20on_20off,332,33.11,62269800,-47.450458251812954
csuEx72_1oct_10percent_JNL_10off_20on_20off,333,33.21,61904700,-47.758566479111956
csuEx72_1oct_10percent_JNL_10off_20on_20off,334,33.31,61786899.99999999,-47.85797800794193
csuEx72_1oct_10percent_JNL_10off_20on_20off,335,33.41,62542799.99999999,-47.2200732996009
csuEx72_1oct_10percent_JNL_10off_20on_20off,336,33.51,62965200,-46.86360954936507
csuEx72_1oct_10percent_JNL_10off_20on_20off,337,33.61,63193600,-46.67086257835688
csuEx72_1oct_10percent_JNL_10off_20on_20off,338,33.71,63179200,-46.68301475166037
csuEx72_1oct_10percent_JNL_10off_20on_20off,339,33.81,63145800,-46.71120104251709
csuEx72_1oct_10percent_JNL_10off_20on_20off,340,33.91,63242200.00000001,-46.629848993457585
csuEx72_1oct_10percent_JNL_10off_20on_20off,341,34.01,63422200,-46.47794682716392
csuEx72_1oct_10percent_JNL_10off_20on_20off,342,34.11,64240300,-45.78755148135918
csuEx72_1oct_10percent_JNL_10off_20on_20off,343,34.21,63721300,-46.22553606083927
csuEx72_1oct_10percent_JNL_10off_20on_20off,344,34.31,63832400,-46.13177866819912
csuEx72_1oct_10percent_JNL_10off_20on_20off,345,34.41,64218900,-45.80561096112965
csuEx72_1oct_10percent_JNL_10off_20on_20off,346,34.51,64280099.99999999,-45.75396422458981
csuEx72_1oct_10percent_JNL_10off_20on_20off,347,34.61,63850500,-46.116504061477364
csuEx72_1oct_10percent_JNL_10off_20on_20off,348,34.71,63873100,-46.097431900598266
csuEx72_1oct_10percent_JNL_10off_20on_20off,349,34.81,63276700,-46.60073441158464
csuEx72_1oct_10percent_JNL_10off_20on_20off,350,34.91,63878800,-46.09262166533231
csuEx72_1oct_10percent_JNL_10off_20on_20off,351,35.01,63793300.00000001,-46.16477519432179
csuEx72_1oct_10percent_JNL_10off_20on_20off,352,35.11,63286600,-46.59237979243848
csuEx72_1oct_10percent_JNL_10off_20on_20off,353,35.21,63206200,-46.66022942671632
csuEx72_1oct_10percent_JNL_10off_20on_20off,354,35.31,63659400,-46.27777352802581
csuEx72_1oct_10percent_JNL_10off_20on_20off,355,35.41,63224500,-46.6447860398098
csuEx72_1oct_10percent_JNL_10off_20on_20off,356,35.51,63066100,-46.77845994614823
csuEx72_1oct_10percent_JNL_10off_20on_20off,357,35.61,63336300,-46.55043791652295
csuEx72_1oct_10percent_JNL_10off_20on_20off,358,35.71,63166800,-46.69347912311616
csuEx72_1oct_10percent_JNL_10off_20on_20off,359,35.811,62966500,-46.862512478164064
csuEx72_1oct_10percent_JNL_10off_20on_20off,360,35.911,62964300,-46.864369060196545
csuEx72_1oct_10percent_JNL_10off_20on_20off,361,36.011,63009800,-46.825971568161194
csuEx72_1oct_10percent_JNL_10off_20on_20off,362,36.111,62840700,-46.96867521438487
csuEx72_1oct_10percent_JNL_10off_20on_20off,363,36.211,62213100,-47.49830743419546
csuEx72_1oct_10percent_JNL_10off_20on_20off,364,36.311,62566800,-47.1998196774284
csuEx72_1oct_10percent_JNL_10off_20on_20off,365,36.411,62682399.99999999,-47.102264730630914
csuEx72_1oct_10percent_JNL_10off_20on_20off,366,36.511,62369400,-47.36640571979713
csuEx72_1oct_10percent_JNL_10off_20on_20off,367,36.611,62796300,-47.006144415403966
csuEx72_1oct_10percent_JNL_10off_20on_20off,368,36.711,62335200.00000001,-47.39526713139291
csuEx72_1oct_10percent_JNL_10off_20on_20off,369,36.811,62956200.00000001,-46.87120465767975
csuEx72_1oct_10percent_JNL_10off_20on_20off,370,36.911,62236900.00000001,-47.478222592207736
csuEx72_1oct_10percent_JNL_10off_20on_20off,371,37.011,61627400,-47.99258020529659
csuEx72_1oct_10percent_JNL_10off_20on_20off,372,37.111,62145000,-47.5557770871099
csuEx72_1oct_10percent_JNL_10off_20on_20off,373,37.211,62013999.99999999,-47.66632810813475
csuEx72_1oct_10percent_JNL_10off_20on_20off,374,37.311,61709500.00000001,-47.923295939448195
csuEx72_1oct_10percent_JNL_10off_20on_20off,375,37.411,61975000,-47.69924024416504
csuEx72_1oct_10percent_JNL_10off_20on_20off,376,37.511,61567000,-48.04355182109736
csuEx72_1oct_10percent_JNL_10off_20on_20off,377,37.611,61713400,-47.920004725845175
csuEx72_1oct_10percent_JNL_10off_20on_20off,378,37.711,61786000,-47.858737518773395
csuEx72_1oct_10percent_JNL_10off_20on_20off,379,37.811,61256600,-48.305498667861556
csuEx72_1oct_10percent_JNL_10off_20on_20off,380,37.91,61603600,-48.012665047284315
csuEx72_1oct_10percent_JNL_10off_20on_20off,381,38.01,61112500,-48.42710479098888
csuEx72_1oct_10percent_JNL_10off_20on_20off,382,38.11,60444000.00000001,-48.99125255858509
csuEx72_1oct_10percent_JNL_10off_20on_20off,383,38.21,59991100,-49.37345528699845
csuEx72_1oct_10percent_JNL_10off_20on_20off,384,38.31,60671099.99999999,-48.79960265877792
csuEx72_1oct_10percent_JNL_10off_20on_20off,385,38.41,60645700,-48.8210377422438
csuEx72_1oct_10percent_JNL_10off_20on_20off,386,38.51,59970100.00000001,-49.39117720639937
csuEx72_1oct_10percent_JNL_10off_20on_20off,387,38.61,60072599.99999999,-49.30467736170438
csuEx72_1oct_10percent_JNL_10off_20on_20off,388,38.71,59459300,-49.82224179830387
csuEx72_1oct_10percent_JNL_10off_20on_20off,389,38.81,60240300,-49.163155176774104
csuEx72_1oct_10percent_JNL_10off_20on_20off,390,38.91,60003600,-49.362906525450285
csuEx72_1oct_10percent_JNL_10off_20on_20off,391,39.01,59977600.00000001,-49.384847949470476
csuEx72_1oct_10percent_JNL_10off_20on_20off,392,39.11,59739800,-49.5855275891629
csuEx72_1oct_10percent_JNL_10off_20on_20off,393,39.21,59929500.00000001,-49.42543958390784
csuEx72_1oct_10percent_JNL_10off_20on_20off,394,39.31,59743500,-49.58240515574464
csuEx72_1oct_10percent_JNL_10off_20on_20off,395,39.41,60041700,-49.33075390025146
csuEx72_1oct_10percent_JNL_10off_20on_20off,396,39.51,59829500,-49.509829676293215
csuEx72_1oct_10percent_JNL_10off_20on_20off,397,39.61,60068700,-49.307968575307406
csuEx72_1oct_10percent_JNL_10off_20on_20off,398,39.71,60646400,-48.8204470115971
csuEx72_1oct_10percent_JNL_10off_20on_20off,399,39.81,61137600,-48.40592287780015
csuEx72_1oct_10percent_JNL_10off_20on_20off,400,39.91,60899700,-48.60668690758495
csuEx72_1oct_10percent_JNL_10off_20on_20off,401,40.01,61423300,-48.16482038385514
csuEx72_1oct_10percent_JNL_10off_20on_20off,402,40.11,61329300,-48.24414707069739
csuEx72_1oct_10percent_JNL_10off_20on_20off,403,40.21,61349300,-48.227269052220315
csuEx72_1oct_10percent_JNL_10off_20on_20off,404,40.31,61712800,-47.920511066399484
csuEx72_1oct_10percent_JNL_10off_20on_20off,405,40.41,61654099.99999999,-47.97004805062971
csuEx72_1oct_10percent_JNL_10off_20on_20off,406,40.51,61874600,-47.78396789691995
csuEx72_1oct_10percent_JNL_10off_20on_20off,407,40.61,60943600,-48.56963965702777
csuEx72_1oct_10percent_JNL_10off_20on_20off,408,40.71,60797500,-48.69293358200281
csuEx72_1oct_10percent_JNL_10off_20on_20off,409,40.81,61109600.00000001,-48.42955210366805
csuEx72_1oct_10percent_JNL_10off_20on_20off,410,40.91,60894500,-48.611075192388995
csuEx72_1oct_10percent_JNL_10off_20on_20off,411,41.01,60610799.99999999,-48.8504898844863
csuEx72_1oct_10percent_JNL_10off_20on_20off,412,41.11,60812099.99999999,-48.680612628514545
csuEx72_1oct_10percent_JNL_10off_20on_20off,413,41.21,60353500,-49.067625592193856
csuEx72_1oct_10percent_JNL_10off_20on_20off,414,41.31,59415800,-49.858951488491506
csuEx72_1oct_10percent_JNL_10off_20on_20off,415,41.41,59890700,-49.45818293975337
csuEx72_1oct_10percent_JNL_10off_20on_20off,416,41.51,59470800,-49.812536937679546
csuEx72_1oct_10percent_JNL_10off_20on_20off,417,41.61,60025400,-49.344509485310276
csuEx72_1oct_10percent_JNL_10off_20on_20off,418,41.71,59780200,-49.551433991839204
csuEx72_1oct_10percent_JNL_10off_20on_20off,419,41.81,59504700,-49.78392869636091
csuEx72_1oct_10percent_JNL_10off_20on_20off,420,41.91,58966400,-50.23820056367138
csuEx72_1oct_10percent_JNL_10off_20on_20off,421,42.01,58580100,-50.56419949055607
csuEx72_1oct_10percent_JNL_10off_20on_20off,422,42.11,59304300,-49.9530464415012
csuEx72_1oct_10percent_JNL_10off_20on_20off,423,42.21,59113500,-50.11406273777249
csuEx72_1oct_10percent_JNL_10off_20on_20off,424,42.31,59195700,-50.04469408183171
csuEx72_1oct_10percent_JNL_10off_20on_20off,425,42.41,58603100,-50.54478976930743
csuEx72_1oct_10percent_JNL_10off_20on_20off,426,42.51,58893200,-50.299974111297466
csuEx72_1oct_10percent_JNL_10off_20on_20off,427,42.61,58179200,-50.90251937092902
csuEx72_1oct_10percent_JNL_10off_20on_20off,428,42.71,58341800,-50.765301080710415
csuEx72_1oct_10percent_JNL_10off_20on_20off,429,42.81,58500600,-50.63128961400244
csuEx72_1oct_10percent_JNL_10off_20on_20off,430,42.91,58070400,-50.994335791444314
csuEx72_1oct_10percent_JNL_10off_20on_20off,431,43.01,58175700,-50.90547302416252
csuEx72_1oct_10percent_JNL_10off_20on_20off,432,43.11,59270600,-49.981485902635065
csuEx72_1oct_10percent_JNL_10off_20on_20off,433,43.21,59360700,-49.90545042939584
csuEx72_1oct_10percent_JNL_10off_20on_20off,434,43.31,59629500,-49.67860986106396
csuEx72_1oct_10percent_JNL_10off_20on_20off,435,43.41,59826900,-49.51202381869523
csuEx72_1oct_10percent_JNL_10off_20on_20off,436,43.51,59640100,-49.66966451127111
csuEx72_1oct_10percent_JNL_10off_20on_20off,437,43.61,60062900,-49.31286320066576
csuEx72_1oct_10percent_JNL_10off_20on_20off,438,43.71,59953400,-49.40527035182774
csuEx72_1oct_10percent_JNL_10off_20on_20off,439,43.81,59560100,-49.73717658517941
csuEx72_1oct_10percent_JNL_10off_20on_20off,440,43.91,59463700,-49.81852863423891
csuEx72_1oct_10percent_JNL_10off_20on_20off,441,44.01,59120600,-50.10807104121312
csuEx72_1oct_10percent_JNL_10off_20on_20off,442,44.11,59026500.00000001,-50.187482118147756
csuEx72_1oct_10percent_JNL_10off_20on_20off,443,44.21,58581600,-50.56293363917028
csuEx72_1oct_10percent_JNL_10off_20on_20off,444,44.31,58609500,-50.53938880339477
csuEx72_1oct_10percent_JNL_10off_20on_20off,445,44.41,58380300,-50.732810895142045
csuEx72_1oct_10percent_JNL_10off_20on_20off,446,44.51,58294300,-50.80538637459347
csuEx72_1oct_10percent_JNL_10off_20on_20off,447,44.61,58307600,-50.79416249230621
csuEx72_1oct_10percent_JNL_10off_20on_20off,448,44.71,58163600.00000001,-50.91568422534114
csuEx72_1oct_10percent_JNL_10off_20on_20off,449,44.81,57983900.00000001,-51.06733322135766
csuEx72_1oct_10percent_JNL_10off_20on_20off,450,44.91,58269000,-50.82673706796697
csuEx72_1oct_10percent_JNL_10off_20on_20off,451,45.01,58085900,-50.981255327124586
csuEx72_1oct_10percent_JNL_10off_20on_20off,452,45.11,57673200,-51.329533238399016
csuEx72_1oct_10percent_JNL_10off_20on_20off,453,45.21,57878400,-51.156364768824226
csuEx72_1oct_10percent_JNL_10off_20on_20off,454,45.31,57337100,-51.613168338906256
csuEx72_1oct_10percent_JNL_10off_20on_20off,455,45.41,56968100,-51.924567779808285
csuEx72_1oct_10percent_JNL_10off_20on_20off,456,45.51,56847100,-52.02667979159459
csuEx72_1oct_10percent_JNL_10off_20on_20off,457,45.61,56401600,-52.402637653171425
csuEx72_1oct_10percent_JNL_10off_20on_20off,458,45.71,56047200,-52.701716140585184
csuEx72_1oct_10percent_JNL_10off_20on_20off,459,45.81,56368700,-52.430401993566214
csuEx72_1oct_10percent_JNL_10off_20on_20off,460,45.91,55768400,-52.9369957181556
csuEx72_1oct_10percent_JNL_10off_20on_20off,461,46.01,56497600,-52.32162316448146
csuEx72_1oct_10percent_JNL_10off_20on_20off,462,46.11,56671800,-52.17461562354614
csuEx72_1oct_10percent_JNL_10off_20on_20off,463,46.21,56396300,-52.407110328067844
csuEx72_1oct_10percent_JNL_10off_20on_20off,464,46.31,55989100,-52.75074678426108
csuEx72_1oct_10percent_JNL_10off_20on_20off,465,46.41,56321600,-52.470149727079715
csuEx72_1oct_10percent_JNL_10off_20on_20off,466,46.51,56149699.99999999,-52.61521629589018
csuEx72_1oct_10percent_JNL_10off_20on_20off,467,46.61,55962300,-52.77336332902036
csuEx72_1oct_10percent_JNL_10off_20on_20off,468,46.71,55964500,-52.77150674698788
csuEx72_1oct_10percent_JNL_10off_20on_20off,469,46.81,55899800,-52.82610713676122
csuEx72_1oct_10percent_JNL_10off_20on_20off,470,46.91,56216000,-52.55926566463868
csuEx72_1oct_10percent_JNL_10off_20on_20off,471,47.01,55868399.99999999,-52.85260562577023
csuEx72_1oct_10percent_JNL_10off_20on_20off,472,47.11,56038000,-52.70948002908463
csuEx72_1oct_10percent_JNL_10off_20on_20off,473,47.21,55909700.00000001,-52.81775251761507
csuEx72_1oct_10percent_JNL_10off_20on_20off,474,47.31,55267000,-53.36012764137587
csuEx72_1oct_10percent_JNL_10off_20on_20off,475,47.41,55157800,-53.45228162226069
csuEx72_1oct_10percent_JNL_10off_20on_20off,476,47.51,55878600,-52.84399783634692
csuEx72_1oct_10percent_JNL_10off_20on_20off,477,47.61,55411000,-53.23860590834093
csuEx72_1oct_10percent_JNL_10off_20on_20off,478,47.71,55643000,-53.04282089400686
csuEx72_1oct_10percent_JNL_10off_20on_20off,479,47.81,55778100.00000001,-52.92880987919422
csuEx72_1oct_10percent_JNL_10off_20on_20off,480,47.913,55570700.00000001,-53.103834930801476
csuEx72_1oct_10percent_JNL_10off_20on_20off,481,48.013,55379200,-53.265441957719474
csuEx72_1oct_10percent_JNL_10off_20on_20off,482,48.113,55512900,-53.15261240420023
csuEx72_1oct_10percent_JNL_10off_20on_20off,483,48.213,55488700,-53.173034806557496
csuEx72_1oct_10percent_JNL_10off_20on_20off,484,48.313,55176299.99999999,-53.43666945516941
csuEx72_1oct_10percent_JNL_10off_20on_20off,485,48.413,55402100,-53.24611662656322
csuEx72_1oct_10percent_JNL_10off_20on_20off,486,48.513,55102200,-53.499202513626955
csuEx72_1oct_10percent_JNL_10off_20on_20off,487,48.613,55005000,-53.58122968342553
csuEx72_1oct_10percent_JNL_10off_20on_20off,488,48.713,54878200,-53.68823632057019
csuEx72_1oct_10percent_JNL_10off_20on_20off,489,48.813,55055900,-53.53827512640138
csuEx72_1oct_10percent_JNL_10off_20on_20off,490,48.913,55224399.99999999,-53.39607782073203
csuEx72_1oct_10percent_JNL_10off_20on_20off,491,49.013,55226600,-53.39422123869956
csuEx72_1oct_10percent_JNL_10off_20on_20off,492,49.113,54954000,-53.62426863054208
csuEx72_1oct_10percent_JNL_10off_20on_20off,493,49.213,54717900.00000001,-53.82351363866395
csuEx72_1oct_10percent_JNL_10off_20on_20off,494,49.313,54570700,-53.94773585465521
csuEx72_1oct_10percent_JNL_10off_20on_20off,495,49.413,54277700,-54.194998825344356
csuEx72_1oct_10percent_JNL_10off_20on_20off,496,49.513,54498700,-54.00849672117268
csuEx72_1oct_10percent_JNL_10off_20on_20off,497,49.613,54454100,-54.046134702376555
csuEx72_1oct_10percent_JNL_10off_20on_20off,498,49.713,54273400,-54.19862759931693
csuEx72_1oct_10percent_JNL_10off_20on_20off,499,49.813,54073900,-54.36698583362575
csuEx72_1oct_10percent_JNL_10off_20on_20off,500,49.913,54153399.99999999,-54.29989571017938
csuEx72_1oct_10percent_JNL_10off_20on_20off,501,50.013,53991200,-54.43677644002845
csuEx72_1oct_10percent_JNL_10off_20on_20off,502,50.113,54195700,-54.26419870110036
csuEx72_1oct_10percent_JNL_10off_20on_20off,503,50.213,54266800,-54.204197345414364
csuEx72_1oct_10percent_JNL_10off_20on_20off,504,50.313,54175900,-54.28090793939266
csuEx72_1oct_10percent_JNL_10off_20on_20off,505,50.413,53717600,-54.66766773279483
csuEx72_1oct_10percent_JNL_10off_20on_20off,506,50.513,54196799.99999999,-54.26327041008413
csuEx72_1oct_10percent_JNL_10off_20on_20off,507,50.613,53763800,-54.62867951011279
csuEx72_1oct_10percent_JNL_10off_20on_20off,508,50.713,53732500,-54.655093609029414
csuEx72_1oct_10percent_JNL_10off_20on_20off,509,50.813,53511900,-54.84125815283154
csuEx72_1oct_10percent_JNL_10off_20on_20off,510,50.913,53985900.00000001,-54.44124911492487
csuEx72_1oct_10percent_JNL_10off_20on_20off,511,51.013,53779600,-54.6153458755159
csuEx72_1oct_10percent_JNL_10off_20on_20off,512,51.113,53502800,-54.848937651238614
csuEx72_1oct_10percent_JNL_10off_20on_20off,513,51.213,53573400,-54.789358246014544
csuEx72_1oct_10percent_JNL_10off_20on_20off,514,51.313,53281200,-55.035946095964604
csuEx72_1oct_10percent_JNL_10off_20on_20off,515,51.413,53392400,-54.942104313232065
csuEx72_1oct_10percent_JNL_10off_20on_20off,516,51.513,53154700,-55.1426995628321
csuEx72_1oct_10percent_JNL_10off_20on_20off,517,51.613,53229000,-55.07999772418977
csuEx72_1oct_10percent_JNL_10off_20on_20off,518,51.713,53592400,-54.77332412846132
csuEx72_1oct_10percent_JNL_10off_20on_20off,519,51.813,53232900,-55.07670651058674
csuEx72_1oct_10percent_JNL_10off_20on_20off,520,51.913,53236300,-55.07383724744563
csuEx72_1oct_10percent_JNL_10off_20on_20off,521,52.013,53573100,-54.78961141629169
csuEx72_1oct_10percent_JNL_10off_20on_20off,522,52.113,52965099.99999999,-55.30270317799477
csuEx72_1oct_10percent_JNL_10off_20on_20off,523,52.213,52825800,-55.42025857668759
csuEx72_1oct_10percent_JNL_10off_20on_20off,524,52.313,53253899.99999999,-55.05898459118581
csuEx72_1oct_10percent_JNL_10off_20on_20off,525,52.413,53040100,-55.23941060870573
csuEx72_1oct_10percent_JNL_10off_20on_20off,526,52.513,53389900,-54.94421406554169
csuEx72_1oct_10percent_JNL_10off_20on_20off,527,52.613,52638999.99999999,-55.577899269263476
csuEx72_1oct_10percent_JNL_10off_20on_20off,528,52.713,52929100,-55.3330836112535
csuEx72_1oct_10percent_JNL_10off_20on_20off,529,52.813,52788500,-55.45173608114733
csuEx72_1oct_10percent_JNL_10off_20on_20off,530,52.913,52606200,-55.60557921956587
csuEx72_1oct_10percent_JNL_10off_20on_20off,531,53.013,52610200,-55.60220361587045
csuEx72_1oct_10percent_JNL_10off_20on_20off,532,53.113,52705200,-55.522033028104346
csuEx72_1oct_10percent_JNL_10off_20on_20off,533,53.213,52609700,-55.602625566332385
csuEx72_1oct_10percent_JNL_10off_20on_20off,534,53.313,52223200,-55.928793273401844
csuEx72_1oct_10percent_JNL_10off_20on_20off,535,53.413,52228400,-55.92440498859781
csuEx72_1oct_10percent_JNL_10off_20on_20off,536,53.513,52348100.00000001,-55.82339004801251
csuEx72_1oct_10percent_JNL_10off_20on_20off,537,53.613,52492599.99999999,-55.70144636451566
csuEx72_1oct_10percent_JNL_10off_20on_20off,538,53.713,52007199.99999999,-56.11107587295427
csuEx72_1oct_10percent_JNL_10off_20on_20off,539,53.813,52481700,-55.71064488458566
csuEx72_1oct_10percent_JNL_10off_20on_20off,540,53.913,52060000.00000001,-56.06651790417477
csuEx72_1oct_10percent_JNL_10off_20on_20off,541,54.013,51699200,-56.37099735750121
csuEx72_1oct_10percent_JNL_10off_20on_20off,542,54.113,51650100,-56.41243289286242
csuEx72_1oct_10percent_JNL_10off_20on_20off,543,54.213,51960300,-56.150654826282995
csuEx72_1oct_10percent_JNL_10off_20on_20off,544,54.313,51994900,-56.12145585431766
csuEx72_1oct_10percent_JNL_10off_20on_20off,545,54.413,51814800,-56.27344241070371
csuEx72_1oct_10percent_JNL_10off_20on_20off,546,54.513,52035300,-56.08736225699397
csuEx72_1oct_10percent_JNL_10off_20on_20off,547,54.613,51631900,-56.42779188967656
csuEx72_1oct_10percent_JNL_10off_20on_20off,548,54.713,51224000,-56.7720190765165
csuEx72_1oct_10percent_JNL_10off_20on_20off,549,54.813,51308600,-56.70062505835847
csuEx72_1oct_10percent_JNL_10off_20on_20off,550,54.913,51329900.00000001,-56.68264996868038
csuEx72_1oct_10percent_JNL_10off_20on_20off,551,55.013,51272300,-56.73125866189436
csuEx72_1oct_10percent_JNL_10off_20on_20off,552,55.113,51276600,-56.72762988792179
csuEx72_1oct_10percent_JNL_10off_20on_20off,553,55.213,51550800,-56.4962322546011
csuEx72_1oct_10percent_JNL_10off_20on_20off,554,55.313,51178800.00000001,-56.81016339827467
csuEx72_1oct_10percent_JNL_10off_20on_20off,555,55.413,51254200,-56.74653326861612
csuEx72_1oct_10percent_JNL_10off_20on_20off,556,55.513,51515100,-56.52635951758267
csuEx72_1oct_10percent_JNL_10off_20on_20off,557,55.613,51154900,-56.83033263035478
csuEx72_1oct_10percent_JNL_10off_20on_20off,558,55.713,50887900,-57.05565417702374
csuEx72_1oct_10percent_JNL_10off_20on_20off,559,55.813,50714400,-57.20207098731236
csuEx72_1oct_10percent_JNL_10off_20on_20off,560,55.913,50766200,-57.15835691945673
csuEx72_1oct_10percent_JNL_10off_20on_20off,561,56.013,50614900,-57.2860391292358
csuEx72_1oct_10percent_JNL_10off_20on_20off,562,56.113,49951600,-57.84579861202799
csuEx72_1oct_10percent_JNL_10off_20on_20off,563,56.213,50264400,-57.581826403046534
csuEx72_1oct_10percent_JNL_10off_20on_20off,564,56.313,49562600,-58.174076071407086
csuEx72_1oct_10percent_JNL_10off_20on_20off,565,56.413,49380400,-58.32783481973324
csuEx72_1oct_10percent_JNL_10off_20on_20off,566,56.513,49279500,-58.412984422950075
csuEx72_1oct_10percent_JNL_10off_20on_20off,567,56.613,50480600.00000001,-57.399375023309354
csuEx72_1oct_10percent_JNL_10off_20on_20off,568,56.713,51148600,-56.83564920617506
csuEx72_1oct_10percent_JNL_10off_20on_20off,569,56.813,51932800,-56.173862101688975
csuEx72_1oct_10percent_JNL_10off_20on_20off,570,56.913,51685200,-56.38281197043516
csuEx72_1oct_10percent_JNL_10off_20on_20off,571,57.013,51319200,-56.69167970856562
csuEx72_1oct_10percent_JNL_10off_20on_20off,572,57.113,51803500,-56.282978491143254
csuEx72_1oct_10percent_JNL_10off_20on_20off,573,57.213,51994300.00000001,-56.12196219487197
csuEx72_1oct_10percent_JNL_10off_20on_20off,574,57.313,52171700,-55.97225417098032
csuEx72_1oct_10percent_JNL_10off_20on_20off,575,57.413,52888000,-55.36776793922389
csuEx72_1oct_10percent_JNL_10off_20on_20off,576,57.513,53403300,-54.93290579316206
csuEx72_1oct_10percent_JNL_10off_20on_20off,577,57.613,53480000,-54.86817859230248
csuEx72_1oct_10percent_JNL_10off_20on_20off,578,57.713,53431600,-54.909023397016995
csuEx72_1oct_10percent_JNL_10off_20on_20off,579,57.813,53441500,-54.90066877787084
csuEx72_1oct_10percent_JNL_10off_20on_20off,580,57.913,53348500,-54.979151563789245
csuEx72_1oct_10percent_JNL_10off_20on_20off,581,58.013,53091600,-55.19594971112727
csuEx72_1oct_10percent_JNL_10off_20on_20off,582,58.113,53843400,-54.56150499657403
csuEx72_1oct_10percent_JNL_10off_20on_20off,583,58.213,53750900,-54.6395658320305
csuEx72_1oct_10percent_JNL_10off_20on_20off,584,58.313,53842100.00000001,-54.56260206777503
csuEx72_1oct_10percent_JNL_10off_20on_20off,585,58.413,53329600,-54.99510129125008
csuEx72_1oct_10percent_JNL_10off_20on_20off,586,58.513,53693099.99999999,-54.68834330542926
csuEx72_1oct_10percent_JNL_10off_20on_20off,587,58.613,53426100,-54.9136648520982
csuEx72_1oct_10percent_JNL_10off_20on_20off,588,58.713,53239900,-55.07079920411976
csuEx72_1oct_10percent_JNL_10off_20on_20off,589,58.813,53715700,-54.66927114455016
csuEx72_1oct_10percent_JNL_10off_20on_20off,590,58.913,53107300.00000001,-55.182700466622755
csuEx72_1oct_10percent_JNL_10off_20on_20off,591,59.013,53371000.00000001,-54.96016379300252
csuEx72_1oct_10percent_JNL_10off_20on_20off,592,59.113,52952500,-55.31333632963532
csuEx72_1oct_10percent_JNL_10off_20on_20off,593,59.213,52709500,-55.51840425413178
csuEx72_1oct_10percent_JNL_10off_20on_20off,594,59.313,52615800,-55.59747777069687
csuEx72_1oct_10percent_JNL_10off_20on_20off,595,59.413,52492800,-55.701277584330875
csuEx72_1oct_10percent_JNL_10off_20on_20off,596,59.513,52177800,-55.96710637534481
csuEx72_1oct_10percent_JNL_10off_20on_20off,597,59.613,52477900,-55.71385170809631
csuEx72_1oct_10percent_JNL_10off_20on_20off,598,59.713,52109500.00000001,-56.02474480844401
csuEx72_1oct_10percent_JNL_10off_20on_20off,599,59.813,52290000,-55.87242069168842
csuEx72_1oct_10percent_JNL_10off_20on_20off,600,59.913,52255300,-55.90170405374615
