2, 100, 2.97264e+008, 1.02177e+008, 3.99441e+008, 11785, 8670.07, 1667, 769
3, 200, 2.97381e+008, 1.01665e+008, 3.99046e+008, 11776, 8633.22, 1667, 769
4, 300, 2.95124e+008, 1.00618e+008, 3.95742e+008, 11689, 8607.91, 1667, 769
5, 400, 2.93066e+008, 9.99027e+007, 3.92969e+008, 11620, 8597.47, 1668, 769
6, 500, 2.92137e+008, 9.90212e+007, 3.91158e+008, 11577, 8553.27, 1668, 768
7, 600, 2.90514e+008, 9.82329e+007, 3.88747e+008, 11517, 8529.39, 1668, 768
8, 700, 2.88569e+008, 9.74577e+007, 3.86027e+008, 11459, 8504.91, 1668, 768
9, 800, 2.87169e+008, 9.67505e+007, 3.83919e+008, 11403, 8484.66, 1668, 768
10, 900, 2.8604e+008, 9.62305e+007, 3.82271e+008, 11357, 8473.23, 1668, 768
11, 1000, 2.83854e+008, 9.52215e+007, 3.79075e+008, 11256, 8459.62, 1668, 768
12, 1100, 2.82116e+008, 9.46217e+007, 3.76738e+008, 11203, 8446.11, 1668, 768
13, 1200, 2.81612e+008, 9.41907e+007, 3.75802e+008, 11183, 8422.67, 1668, 768
14, 1300, 2.79482e+008, 9.3427e+007, 3.72909e+008, 11109, 8410.02, 1668, 769
15, 1400, 2.77667e+008, 9.26404e+007, 3.70308e+008, 11041, 8390.58, 1669, 768
16, 1500, 2.7681e+008, 9.20627e+007, 3.68872e+008, 11000, 8369.33, 1668, 768
17, 1600, 2.76213e+008, 9.14035e+007, 3.67617e+008, 10976, 8327.58, 1670, 765
18, 1700, 2.75002e+008, 9.11397e+007, 3.66142e+008, 10935, 8334.68, 1669, 768
19, 1800, 2.72499e+008, 8.9709e+007, 3.62208e+008, 10812, 8297.17, 1668, 768
20, 1900, 2.72327e+008, 8.97427e+007, 3.6207e+008, 10821, 8293.38, 1668, 768
21, 2000, 2.70119e+008, 8.8833e+007, 3.58952e+008, 10717, 8288.98, 1668, 769
22, 2100, 2.68684e+008, 8.831e+007, 3.56994e+008, 10674, 8273.37, 1668, 769
23, 2200, 2.68543e+008, 8.75776e+007, 3.56121e+008, 10653, 8220.94, 1670, 765
24, 2300, 2.67517e+008, 8.71954e+007, 3.54712e+008, 10623, 8208.17, 1668, 768
25, 2400, 2.64108e+008, 8.6071e+007, 3.50179e+008, 10473, 8218.37, 1668, 769
26, 2500, 2.638e+008, 8.60228e+007, 3.49822e+008, 10474, 8212.98, 1668, 769
27, 2600, 2.64044e+008, 8.53171e+007, 3.49361e+008, 10453, 8161.98, 1667, 769
28, 2700, 2.60811e+008, 8.4487e+007, 3.45298e+008, 10335, 8174.85, 1668, 769
29, 2800, 2.606e+008, 8.42329e+007, 3.44833e+008, 10322, 8160.52, 1668, 769
30, 2900, 2.60772e+008, 8.33546e+007, 3.44127e+008, 10319, 8077.78, 1669, 765
31, 3000, 2.58458e+008, 8.30806e+007, 3.41539e+008, 10235, 8117.3, 1668, 769
32, 3100, 2.57878e+008, 8.28522e+007, 3.40731e+008, 10236, 8094.19, 1668, 769
33, 3200, 2.55765e+008, 8.2015e+007, 3.3778e+008, 10133, 8093.85, 1668, 769
34, 3300, 2.55389e+008, 8.14362e+007, 3.36825e+008, 10131, 8038.32, 1668, 767
35, 3400, 2.54302e+008, 8.13883e+007, 3.3569e+008, 10096, 8061.44, 1668, 769
36, 3500, 2.52833e+008, 8.06139e+007, 3.33447e+008, 10030, 8037.28, 1668, 768
37, 3600, 2.5267e+008, 8.04794e+007, 3.33149e+008, 10025, 8027.87, 1668, 769
38, 3700, 2.52233e+008, 8.03752e+007, 3.32608e+008, 10026, 8016.67, 1668, 769
39, 3800, 2.50636e+008, 7.93082e+007, 3.29944e+008, 9938, 7980.29, 1667, 769
40, 3900, 2.48045e+008, 7.85144e+007, 3.26559e+008, 9829, 7988.04, 1668, 769
41, 4000, 2.47889e+008, 7.84075e+007, 3.26296e+008, 9848, 7961.77, 1668, 769
42, 4100, 2.46448e+008, 7.77185e+007, 3.24167e+008, 9777, 7949.11, 1668, 769
43, 4200, 2.45744e+008, 7.74338e+007, 3.23178e+008, 9758, 7935.42, 1668, 769
44, 4300, 2.46024e+008, 7.7262e+007, 3.23286e+008, 9765, 7912.13, 1668, 769
45, 4400, 2.44259e+008, 7.65703e+007, 3.20829e+008, 9701, 7893.03, 1668, 769
46, 4500, 2.42833e+008, 7.61418e+007, 3.18975e+008, 9652, 7888.71, 1668, 769
47, 4600, 2.42488e+008, 7.57338e+007, 3.18222e+008, 9643, 7853.76, 1668, 768
48, 4700, 2.40386e+008, 7.50741e+007, 3.1546e+008, 9548, 7862.81, 1668, 769
49, 4800, 2.3884e+008, 7.44408e+007, 3.13281e+008, 9493, 7841.65, 1668, 769
50, 4900, 2.38817e+008, 7.43372e+007, 3.13154e+008, 9491, 7832.39, 1668, 769
51, 5000, 2.37447e+008, 7.37673e+007, 3.11214e+008, 9451, 7805.24, 1668, 769
52, 5100, 2.36584e+008, 7.32643e+007, 3.09848e+008, 9405, 7789.93, 1668, 769
53, 5200, 2.35947e+008, 7.29869e+007, 3.08933e+008, 9378, 7782.77, 1668, 769
54, 5300, 2.3446e+008, 7.25072e+007, 3.06967e+008, 9330, 7771.4, 1668, 769
55, 5400, 2.33701e+008, 7.20574e+007, 3.05758e+008, 9300, 7748.11, 1668, 769
56, 5500, 2.32528e+008, 7.15923e+007, 3.04121e+008, 9255, 7735.53, 1668, 769
57, 5600, 2.31292e+008, 7.10563e+007, 3.02349e+008, 9195, 7727.72, 1668, 769
58, 5700, 2.31774e+008, 7.10068e+007, 3.02781e+008, 9216, 7704.73, 1668, 769
59, 5800, 2.29339e+008, 7.03258e+007, 2.99665e+008, 9135, 7698.51, 1668, 769
60, 5900, 2.2956e+008, 7.01242e+007, 2.99684e+008, 9151, 7663.01, 1668, 769
61, 6000, 2.28027e+008, 6.94424e+007, 2.9747e+008, 9075, 7652.06, 1668, 769
62, 6110, 2.27554e+008, 6.91578e+007, 2.96712e+008, 9050, 7641.74, 1668, 769
63, 6200, 2.264e+008, 6.90248e+007, 2.95425e+008, 9029, 7644.79, 1668, 769
64, 6310, 2.25333e+008, 6.86521e+007, 2.93985e+008, 8992, 7634.8, 1668, 769
65, 6400, 2.24631e+008, 6.81259e+007, 2.92757e+008, 8956, 7606.73, 1668, 769
66, 6500, 2.23119e+008, 6.749e+007, 2.90609e+008, 8893, 7589.12, 1668, 769
67, 6600, 2.22481e+008, 6.72767e+007, 2.89758e+008, 8872, 7583.04, 1668, 769
68, 6710, 2.21818e+008, 6.69634e+007, 2.88782e+008, 8852, 7564.78, 1668, 769
69, 6800, 2.22106e+008, 6.75824e+007, 2.89688e+008, 8870, 7619.21, 1668, 769
70, 6900, 2.21301e+008, 6.71736e+007, 2.88474e+008, 8842, 7597.1, 1668, 769
71, 7000, 2.20311e+008, 6.67542e+007, 2.87065e+008, 8800, 7585.7, 1668, 769
72, 7110, 2.20051e+008, 6.65851e+007, 2.86636e+008, 8796, 7569.93, 1669, 769
73, 7210, 2.21128e+008, 6.67118e+007, 2.87839e+008, 8846, 7541.47, 1670, 768
74, 7310, 2.22721e+008, 6.67677e+007, 2.89489e+008, 8894, 7507.05, 1673, 766
75, 7410, 2.2173e+008, 6.65643e+007, 2.88294e+008, 8907, 7473.26, 1675, 764
76, 7510, 2.16054e+008, 6.51964e+007, 2.81251e+008, 8684, 7507.65, 1672, 767
77, 7610, 2.1563e+008, 6.51404e+007, 2.8077e+008, 8662, 7520.25, 1670, 768
78, 7710, 2.14148e+008, 6.45081e+007, 2.78656e+008, 8597, 7503.55, 1670, 768
79, 7810, 2.1445e+008, 6.44345e+007, 2.78885e+008, 8608, 7485.42, 1670, 768
80, 7910, 2.14677e+008, 6.44126e+007, 2.7909e+008, 8619, 7473.32, 1670, 768
81, 8010, 2.13338e+008, 6.37912e+007, 2.77129e+008, 8563, 7449.63, 1670, 768
82, 8110, 2.12328e+008, 6.3469e+007, 2.75797e+008, 8514, 7454.66, 1670, 768
83, 8210, 2.11028e+008, 6.31224e+007, 2.74151e+008, 8473, 7449.83, 1670, 768
84, 8310, 2.11229e+008, 6.3072e+007, 2.74301e+008, 8482, 7435.98, 1670, 768
85, 8410, 2.1067e+008, 6.28148e+007, 2.73485e+008, 8465, 7420.53, 1670, 768
86, 8510, 2.0955e+008, 6.23423e+007, 2.71892e+008, 8422, 7402.31, 1670, 768
87, 8610, 2.09379e+008, 6.21592e+007, 2.71538e+008, 8416, 7385.84, 1669, 769
88, 8710, 2.08967e+008, 6.20098e+007, 2.70977e+008, 8395, 7386.51, 1669, 769
89, 8810, 2.08469e+008, 6.17058e+007, 2.70175e+008, 8362, 7379.31, 1669, 769
90, 8910, 2.07493e+008, 6.11892e+007, 2.68683e+008, 8317, 7357.12, 1669, 769
91, 9010, 2.06528e+008, 6.09732e+007, 2.67501e+008, 8288, 7356.8, 1669, 769
92, 9110, 2.06261e+008, 6.06139e+007, 2.66875e+008, 8257, 7340.91, 1669, 769
93, 9210, 2.06071e+008, 6.05393e+007, 2.66611e+008, 8259, 7330.1, 1669, 769
94, 9310, 2.05542e+008, 6.03446e+007, 2.65887e+008, 8247, 7317.16, 1669, 769
95, 9410, 2.04934e+008, 5.98729e+007, 2.64807e+008, 8215, 7288.24, 1669, 769
96, 9510, 2.04543e+008, 5.98498e+007, 2.64393e+008, 8211, 7288.98, 1669, 769
97, 9610, 2.03834e+008, 5.9464e+007, 2.63298e+008, 8182, 7267.66, 1669, 769
98, 9710, 2.02457e+008, 5.90092e+007, 2.61466e+008, 8127, 7260.88, 1669, 769
99, 9810, 1.97281e+008, 5.37041e+007, 2.50985e+008, 7830, 6858.77, 1669, 769
100, 9910, 1.93797e+008, 5.06507e+007, 2.44448e+008, 7634, 6634.89, 1669, 769
101, 10010, 1.95127e+008, 5.05732e+007, 2.45701e+008, 7690, 6576.48, 1668, 769
102, 10110, 1.97444e+008, 5.10899e+007, 2.48534e+008, 7765, 6579.5, 1668, 770
103, 10210, 1.97974e+008, 5.04203e+007, 2.48394e+008, 7730, 6522.68, 1667, 770
104, 10310, 1.99608e+008, 5.08377e+007, 2.50446e+008, 7797, 6520.16, 1666, 771
105, 10410, 1.9878e+008, 5.01389e+007, 2.48919e+008, 7721, 6493.83, 1666, 771
106, 10510, 2.00546e+008, 5.05329e+007, 2.51079e+008, 7784, 6491.89, 1665, 772
107, 10610, 2.00841e+008, 5.01173e+007, 2.50959e+008, 7772, 6448.44, 1664, 772
108, 10710, 2.01767e+008, 5.00771e+007, 2.51844e+008, 7793, 6425.91, 1662, 773
109, 10810, 2.02034e+008, 4.97091e+007, 2.51743e+008, 7766, 6400.86, 1661, 774
110, 10910, 2.02237e+008, 4.94947e+007, 2.51732e+008, 7745, 6390.53, 1660, 775
111, 11010, 2.02792e+008, 4.93107e+007, 2.52103e+008, 7748, 6364.31, 1659, 776
112, 11110, 2.0277e+008, 4.89281e+007, 2.51698e+008, 7712, 6344.41, 1658, 776
113, 11210, 2.03496e+008, 4.89207e+007, 2.52417e+008, 7723, 6334.42, 1657, 777
114, 11310, 2.04896e+008, 4.88673e+007, 2.53763e+008, 7759, 6298.15, 1655, 778
115, 11410, 2.05763e+008, 4.8813e+007, 2.54576e+008, 7759, 6291.14, 1654, 779
116, 11510, 2.06595e+008, 4.87932e+007, 2.55388e+008, 7761, 6286.98, 1653, 780
117, 11610, 2.07533e+008, 4.86148e+007, 2.56148e+008, 7763, 6262.37, 1652, 780
118, 11710, 2.09582e+008, 4.87295e+007, 2.58312e+008, 7809, 6240.17, 1650, 781
119, 11810, 2.10737e+008, 4.8898e+007, 2.59635e+008, 7841, 6236.19, 1649, 782
120, 11910, 2.12819e+008, 4.9061e+007, 2.6188e+008, 7876, 6229.18, 1648, 783
121, 12010, 2.1369e+008, 4.90811e+007, 2.62771e+008, 7881, 6227.78, 1647, 784
122, 12110, 2.15794e+008, 4.92628e+007, 2.65057e+008, 7930, 6212.21, 1645, 785
123, 12210, 2.16844e+008, 4.9153e+007, 2.65997e+008, 7938, 6192.12, 1644, 785
124, 12310, 2.19367e+008, 4.95612e+007, 2.68929e+008, 8002, 6193.6, 1644, 786
125, 12410, 2.20404e+008, 4.94066e+007, 2.69811e+008, 8014, 6165.03, 1645, 785
126, 12510, 2.21349e+008, 4.92566e+007, 2.70606e+008, 8018, 6143.25, 1645, 785
127, 12610, 2.21809e+008, 4.93072e+007, 2.71116e+008, 8021, 6147.27, 1640, 788
128, 12710, 2.24459e+008, 4.96835e+007, 2.74142e+008, 8074, 6153.51, 1638, 789
129, 12810, 2.26444e+008, 4.99507e+007, 2.76395e+008, 8120, 6151.57, 1637, 790
130, 12910, 2.27506e+008, 4.96919e+007, 2.77198e+008, 8109, 6127.99, 1635, 791
131, 13010, 2.29096e+008, 4.98561e+007, 2.78952e+008, 8133, 6130.11, 1634, 792
132, 13110, 2.31358e+008, 5.03447e+007, 2.81703e+008, 8207, 6134.36, 1633, 793
133, 13210, 2.32568e+008, 5.02781e+007, 2.82846e+008, 8207, 6126.24, 1632, 794
134, 13310, 2.33826e+008, 5.02178e+007, 2.84044e+008, 8201, 6123.38, 1631, 795
135, 13410, 2.366e+008, 5.084e+007, 2.8744e+008, 8287, 6134.91, 1630, 796
136, 13510, 2.38388e+008, 5.07623e+007, 2.8915e+008, 8292, 6121.84, 1628, 797
137, 13610, 2.39791e+008, 5.06976e+007, 2.90488e+008, 8297, 6110.35, 1627, 797
138, 13710, 2.43845e+008, 5.033e+007, 2.94175e+008, 8382, 6004.53, 1631, 787
139, 13810, 2.46269e+008, 5.05477e+007, 2.96817e+008, 8427, 5998.3, 1629, 789
140, 13910, 2.46595e+008, 5.15221e+007, 2.98117e+008, 8439, 6105.23, 1624, 800
141, 14010, 2.47506e+008, 5.12428e+007, 2.98748e+008, 8424, 6082.95, 1622, 801
142, 14110, 2.51154e+008, 5.16526e+007, 3.02806e+008, 8492, 6082.5, 1623, 801
143, 14210, 2.5369e+008, 5.18279e+007, 3.05518e+008, 8552, 6060.32, 1625, 800
144, 14310, 2.5417e+008, 5.1766e+007, 3.05936e+008, 8569, 6041.08, 1623, 801
145, 14410, 2.54347e+008, 5.16255e+007, 3.05972e+008, 8541, 6044.44, 1619, 803
146, 14510, 2.55358e+008, 5.17032e+007, 3.07061e+008, 8548, 6048.58, 1618, 804
147, 14610, 2.57415e+008, 5.1872e+007, 3.09287e+008, 8572, 6051.33, 1617, 805
148, 14710, 2.59235e+008, 5.21011e+007, 3.11336e+008, 8617, 6046.31, 1616, 805
149, 14810, 2.61698e+008, 5.23649e+007, 3.14063e+008, 8666, 6042.57, 1615, 806
150, 14910, 2.62763e+008, 5.23987e+007, 3.15162e+008, 8667, 6045.78, 1614, 807
151, 15010, 2.64087e+008, 5.24177e+007, 3.16504e+008, 8695, 6028.49, 1612, 808
152, 15110, 2.6429e+008, 5.23344e+007, 3.16625e+008, 8678, 6030.7, 1611, 809
153, 15210, 2.65796e+008, 5.23135e+007, 3.18109e+008, 8683, 6024.82, 1610, 810
154, 15310, 2.66973e+008, 5.21722e+007, 3.19145e+008, 8702, 5995.42, 1609, 810
155, 15410, 2.6735e+008, 5.22409e+007, 3.19591e+008, 8705, 6001.25, 1610, 811
156, 15510, 2.67859e+008, 5.19235e+007, 3.19783e+008, 8677, 5984.04, 1612, 810
157, 15610, 2.66791e+008, 5.19757e+007, 3.18767e+008, 8668, 5996.27, 1609, 812
158, 15710, 2.68073e+008, 5.20243e+007, 3.20097e+008, 8696, 5982.56, 1605, 813
159, 15810, 2.6838e+008, 5.20229e+007, 3.20403e+008, 8691, 5985.83, 1604, 814
160, 15910, 2.68531e+008, 5.20141e+007, 3.20545e+008, 8683, 5990.34, 1603, 815
161, 16010, 2.70203e+008, 5.17495e+007, 3.21952e+008, 8690, 5955.06, 1603, 815
162, 16110, 2.70372e+008, 5.1562e+007, 3.21934e+008, 8665, 5950.6, 1605, 815
163, 16210, 2.7002e+008, 5.11673e+007, 3.21188e+008, 8631, 5928.32, 1604, 815
164, 16310, 2.69331e+008, 5.14407e+007, 3.20772e+008, 8641, 5953.1, 1600, 817
165, 16410, 2.70978e+008, 5.17793e+007, 3.22757e+008, 8686, 5961.23, 1599, 818
166, 16511, 2.70731e+008, 5.15108e+007, 3.22242e+008, 8648, 5956.38, 1597, 819
167, 16611, 2.71328e+008, 5.14037e+007, 3.22732e+008, 8645, 5946.07, 1596, 819
168, 16711, 2.71371e+008, 5.14188e+007, 3.2279e+008, 8638, 5952.63, 1596, 820
169, 16811, 2.72963e+008, 5.14064e+007, 3.2437e+008, 8663, 5934.02, 1595, 820
170, 16911, 2.73617e+008, 5.14818e+007, 3.25099e+008, 8664, 5942.03, 1594, 821
171, 17011, 2.74705e+008, 5.14194e+007, 3.26124e+008, 8679, 5924.58, 1593, 821
172, 17111, 2.74933e+008, 5.13528e+007, 3.26286e+008, 8682, 5914.86, 1592, 822
173, 17211, 2.76611e+008, 5.15421e+007, 3.28154e+008, 8719, 5911.47, 1591, 822
174, 17311, 2.77351e+008, 5.16358e+007, 3.28987e+008, 8723, 5919.5, 1591, 823
175, 17411, 2.78731e+008, 5.14033e+007, 3.30135e+008, 8737, 5883.4, 1590, 823
176, 17511, 2.79311e+008, 5.14221e+007, 3.30733e+008, 8715, 5900.41, 1592, 823
177, 17611, 2.81445e+008, 5.13921e+007, 3.32838e+008, 8740, 5880.11, 1592, 824
178, 17711, 2.81562e+008, 5.16051e+007, 3.33168e+008, 8770, 5884.28, 1589, 825
179, 17811, 2.81675e+008, 5.1762e+007, 3.33437e+008, 8784, 5892.76, 1587, 826
180, 17911, 2.8202e+008, 5.15349e+007, 3.33554e+008, 8772, 5874.93, 1585, 826
181, 18011, 2.82373e+008, 5.14413e+007, 3.33814e+008, 8765, 5868.95, 1584, 827
182, 18111, 2.82341e+008, 5.12274e+007, 3.33569e+008, 8732, 5866.63, 1583, 828
183, 18211, 2.83042e+008, 5.12434e+007, 3.34286e+008, 8761, 5849.03, 1583, 828
184, 18311, 2.82968e+008, 5.13397e+007, 3.34307e+008, 8762, 5859.36, 1582, 829
185, 18411, 2.82599e+008, 5.05514e+007, 3.33151e+008, 8668, 5831.96, 1583, 829
186, 18511, 2.84913e+008, 5.06622e+007, 3.35575e+008, 8718, 5811.21, 1583, 829
187, 18611, 2.83282e+008, 5.07754e+007, 3.34058e+008, 8711, 5828.89, 1580, 830
188, 18711, 2.83928e+008, 5.07596e+007, 3.34688e+008, 8717, 5823.05, 1579, 831
189, 18811, 2.84373e+008, 5.06459e+007, 3.35019e+008, 8705, 5818.02, 1578, 831
190, 18911, 2.8555e+008, 5.095e+007, 3.365e+008, 8745, 5826.18, 1577, 832
191, 19011, 2.85573e+008, 5.05235e+007, 3.36096e+008, 8712, 5799.3, 1576, 832
192, 19111, 2.86158e+008, 5.06296e+007, 3.36788e+008, 8720, 5806.15, 1575, 833
193, 19211, 2.86318e+008, 5.05506e+007, 3.36869e+008, 8715, 5800.42, 1575, 834
194, 19311, 2.86714e+008, 5.02063e+007, 3.36921e+008, 8670, 5790.8, 1576, 834
195, 19411, 2.86021e+008, 4.98321e+007, 3.35853e+008, 8650, 5760.93, 1576, 834
196, 19511, 2.84679e+008, 4.99207e+007, 3.34599e+008, 8649, 5771.84, 1573, 835
197, 19611, 2.83421e+008, 4.96973e+007, 3.33119e+008, 8588, 5786.83, 1572, 836
198, 19711, 2.83242e+008, 4.95195e+007, 3.32761e+008, 8591, 5764.12, 1571, 836
199, 19811, 2.82445e+008, 4.90633e+007, 3.31508e+008, 8535, 5748.48, 1572, 836
200, 19911, 2.83132e+008, 4.90378e+007, 3.3217e+008, 8545, 5738.77, 1573, 837
201, 20011, 2.81225e+008, 4.89106e+007, 3.30136e+008, 8533, 5731.93, 1569, 838
202, 20111, 2.81666e+008, 4.91034e+007, 3.30769e+008, 8546, 5745.77, 1568, 838
203, 20211, 2.81815e+008, 4.87817e+007, 3.30597e+008, 8534, 5716.16, 1567, 838
204, 20311, 2.80948e+008, 4.85433e+007, 3.29491e+008, 8487, 5719.73, 1569, 839
205, 20411, 2.8083e+008, 4.84717e+007, 3.29302e+008, 8507, 5697.86, 1567, 839
206, 20511, 2.78424e+008, 4.83266e+007, 3.26751e+008, 8453, 5717.1, 1564, 840
207, 20611, 2.78368e+008, 4.79848e+007, 3.26353e+008, 8423, 5696.87, 1563, 840
208, 20711, 2.78661e+008, 4.78807e+007, 3.26542e+008, 8408, 5694.66, 1565, 841
209, 20811, 2.78868e+008, 4.78019e+007, 3.2667e+008, 8416, 5679.88, 1564, 841
210, 20911, 2.77104e+008, 4.76426e+007, 3.24747e+008, 8405, 5668.37, 1560, 842
211, 21011, 2.7676e+008, 4.74095e+007, 3.24169e+008, 8362, 5669.64, 1559, 842
212, 21111, 2.76982e+008, 4.75764e+007, 3.24559e+008, 8382, 5676.02, 1559, 843
213, 21211, 2.77334e+008, 4.72053e+007, 3.24539e+008, 8340, 5660.1, 1560, 843
214, 21311, 2.76175e+008, 4.71048e+007, 3.2328e+008, 8346, 5644, 1558, 844
215, 21411, 2.76049e+008, 4.71516e+007, 3.23201e+008, 8341, 5652.99, 1556, 844
216, 21511, 2.75652e+008, 4.70291e+007, 3.22681e+008, 8322, 5651.17, 1555, 844
217, 21611, 2.75108e+008, 4.67109e+007, 3.21819e+008, 8286, 5637.33, 1555, 845
218, 21711, 2.73447e+008, 4.61272e+007, 3.19575e+008, 8218, 5612.95, 1556, 844
219, 21811, 2.73691e+008, 4.63843e+007, 3.20076e+008, 8258, 5616.89, 1555, 845
220, 21911, 2.7192e+008, 4.61617e+007, 3.18082e+008, 8228, 5610.32, 1552, 845
221, 22011, 2.72009e+008, 4.63034e+007, 3.18313e+008, 8228, 5627.54, 1551, 845
222, 22111, 2.7165e+008, 4.62066e+007, 3.17856e+008, 8229, 5615.1, 1550, 846
223, 22211, 2.71868e+008, 4.60563e+007, 3.17924e+008, 8203, 5614.57, 1552, 846
224, 22311, 2.70519e+008, 4.56762e+007, 3.16195e+008, 8156, 5600.32, 1551, 847
225, 22411, 2.69588e+008, 4.5724e+007, 3.15312e+008, 8165, 5600, 1549, 847
226, 22511, 2.69832e+008, 4.58261e+007, 3.15658e+008, 8171, 5608.38, 1547, 847
227, 22611, 2.69856e+008, 4.57597e+007, 3.15616e+008, 8154, 5611.94, 1547, 847
228, 22711, 2.7109e+008, 4.56584e+007, 3.16748e+008, 8168, 5589.91, 1548, 848
229, 22811, 2.70298e+008, 4.5515e+007, 3.15813e+008, 8141, 5590.84, 1549, 848
230, 22911, 2.69189e+008, 4.54475e+007, 3.14637e+008, 8137, 5585.29, 1547, 848
231, 23011, 2.68702e+008, 4.54899e+007, 3.14192e+008, 8124, 5599.45, 1545, 849
232, 23111, 2.69359e+008, 4.56574e+007, 3.15017e+008, 8146, 5604.89, 1544, 849
233, 23211, 2.68833e+008, 4.55689e+007, 3.14402e+008, 8123, 5609.86, 1545, 850
234, 23311, 2.67949e+008, 4.51895e+007, 3.13139e+008, 8085, 5589.3, 1545, 850
235, 23411, 2.67623e+008, 4.52465e+007, 3.1287e+008, 8103, 5583.92, 1545, 851
236, 23511, 2.66499e+008, 4.50928e+007, 3.11591e+008, 8089, 5574.59, 1542, 851
237, 23611, 2.66272e+008, 4.52226e+007, 3.11495e+008, 8095, 5586.48, 1541, 851
238, 23711, 2.66186e+008, 4.54371e+007, 3.11623e+008, 8099, 5610.21, 1541, 852
239, 23811, 2.66772e+008, 4.51646e+007, 3.11937e+008, 8100, 5575.87, 1542, 852
240, 23911, 2.6638e+008, 4.52512e+007, 3.11631e+008, 8101, 5585.87, 1542, 853
241, 24011, 2.64379e+008, 4.52014e+007, 3.09581e+008, 8076, 5597.01, 1540, 853
242, 24111, 2.64514e+008, 4.53131e+007, 3.09827e+008, 8088, 5602.51, 1539, 854
243, 24211, 2.64283e+008, 4.50636e+007, 3.09347e+008, 8067, 5586.17, 1540, 854
244, 24311, 2.64242e+008, 4.50671e+007, 3.09309e+008, 8060, 5591.46, 1541, 854
245, 24411, 2.64119e+008, 4.49797e+007, 3.09099e+008, 8056, 5583.38, 1540, 855
246, 24511, 2.64223e+008, 4.50965e+007, 3.0932e+008, 8081, 5580.56, 1540, 856
247, 24611, 2.64252e+008, 4.53403e+007, 3.09592e+008, 8116, 5586.53, 1539, 856
248, 24711, 2.63415e+008, 4.52538e+007, 3.08669e+008, 8086, 5596.56, 1536, 857
249, 24811, 2.64061e+008, 4.54472e+007, 3.09508e+008, 8104, 5608, 1536, 857
250, 24911, 2.64841e+008, 4.51764e+007, 3.10018e+008, 8096, 5580.09, 1537, 857
251, 25011, 2.64066e+008, 4.52508e+007, 3.09317e+008, 8100, 5586.52, 1537, 858
252, 25111, 2.63493e+008, 4.53593e+007, 3.08852e+008, 8102, 5598.53, 1536, 859
253, 25211, 2.6316e+008, 4.51513e+007, 3.08311e+008, 8090, 5581.12, 1536, 859
254, 25311, 2.63511e+008, 4.52829e+007, 3.08794e+008, 8113, 5581.52, 1535, 860
255, 25411, 2.63212e+008, 4.53288e+007, 3.0854e+008, 8112, 5587.87, 1534, 861
256, 25511, 2.63516e+008, 4.52432e+007, 3.0876e+008, 8102, 5584.2, 1534, 861
257, 25611, 2.63703e+008, 4.54084e+007, 3.09111e+008, 8118, 5593.55, 1534, 862
258, 25711, 2.63758e+008, 4.53814e+007, 3.0914e+008, 8121, 5588.15, 1533, 862
259, 25811, 2.63924e+008, 4.54772e+007, 3.09401e+008, 8124, 5597.88, 1533, 863
260, 25911, 2.6386e+008, 4.53607e+007, 3.0922e+008, 8129, 5580.11, 1532, 863
261, 26011, 2.62988e+008, 4.51306e+007, 3.08118e+008, 8089, 5579.25, 1531, 864
262, 26111, 2.62844e+008, 4.5117e+007, 3.07961e+008, 8083, 5581.72, 1531, 864
263, 26211, 2.63406e+008, 4.52876e+007, 3.08694e+008, 8104, 5588.3, 1530, 865
264, 26311, 2.63087e+008, 4.53096e+007, 3.08396e+008, 8102, 5592.4, 1529, 865
265, 26411, 2.62416e+008, 4.50639e+007, 3.0748e+008, 8076, 5579.98, 1529, 866
266, 26511, 2.6227e+008, 4.50489e+007, 3.07319e+008, 8063, 5587.11, 1529, 866
267, 26611, 2.62866e+008, 4.51453e+007, 3.08011e+008, 8076, 5590.06, 1528, 867
268, 26711, 2.6299e+008, 4.52006e+007, 3.08191e+008, 8087, 5589.29, 1527, 867
269, 26811, 2.63415e+008, 4.53202e+007, 3.08735e+008, 8097, 5597.16, 1527, 868
270, 26911, 2.63645e+008, 4.52176e+007, 3.08863e+008, 8092, 5587.94, 1526, 868
271, 27011, 2.63536e+008, 4.51665e+007, 3.08703e+008, 8073, 5594.76, 1526, 868
272, 27111, 2.63197e+008, 4.50675e+007, 3.08264e+008, 8067, 5586.65, 1525, 869
273, 27211, 2.62969e+008, 4.51956e+007, 3.08165e+008, 8070, 5600.45, 1525, 870
274, 27311, 2.62306e+008, 4.49258e+007, 3.07232e+008, 8027, 5596.83, 1524, 870
275, 27411, 2.61306e+008, 4.46979e+007, 3.06004e+008, 8000, 5587.23, 1523, 871
276, 27511, 2.61899e+008, 4.49373e+007, 3.06837e+008, 8029, 5596.88, 1523, 871
277, 27611, 2.61094e+008, 4.46835e+007, 3.05777e+008, 8001, 5584.74, 1522, 872
278, 27711, 2.62024e+008, 4.49015e+007, 3.06925e+008, 8039, 5585.46, 1521, 872
279, 27811, 2.6086e+008, 4.46698e+007, 3.0553e+008, 7995, 5587.22, 1521, 873
280, 27911, 2.6137e+008, 4.46655e+007, 3.06036e+008, 8001, 5582.49, 1520, 873
281, 28011, 2.60966e+008, 4.46804e+007, 3.05647e+008, 7991, 5591.34, 1520, 874
282, 28111, 2.5976e+008, 4.42553e+007, 3.04015e+008, 7934, 5577.93, 1519, 874
283, 28211, 2.60503e+008, 4.45556e+007, 3.05058e+008, 7977, 5585.5, 1519, 875
284, 28311, 2.59937e+008, 4.44766e+007, 3.04414e+008, 7968, 5581.91, 1518, 875
285, 28411, 2.592e+008, 4.42507e+007, 3.03451e+008, 7929, 5580.86, 1517, 876
286, 28511, 2.59049e+008, 4.4267e+007, 3.03316e+008, 7941, 5574.48, 1517, 876
287, 28611, 2.58289e+008, 4.41271e+007, 3.02416e+008, 7920, 5571.6, 1516, 877
288, 28711, 2.57938e+008, 4.38971e+007, 3.01835e+008, 7897, 5558.71, 1515, 877
289, 28811, 2.56373e+008, 4.37991e+007, 3.00172e+008, 7862, 5570.99, 1515, 878
290, 28911, 2.56198e+008, 4.36453e+007, 2.99843e+008, 7852, 5558.5, 1514, 878
291, 29011, 2.5553e+008, 4.3795e+007, 2.99325e+008, 7843, 5583.96, 1513, 879
292, 29111, 2.55151e+008, 4.3577e+007, 2.98728e+008, 7829, 5566.1, 1513, 879
293, 29211, 2.55373e+008, 4.37601e+007, 2.99133e+008, 7842, 5580.22, 1512, 880
294, 29311, 2.54944e+008, 4.3485e+007, 2.98429e+008, 7819, 5561.45, 1511, 880
295, 29411, 2.54829e+008, 4.34317e+007, 2.98261e+008, 7812, 5559.62, 1510, 880
296, 29511, 2.5398e+008, 4.33367e+007, 2.97317e+008, 7778, 5571.71, 1510, 881
297, 29611, 2.54497e+008, 4.33636e+007, 2.9786e+008, 7799, 5560.14, 1509, 881
298, 29711, 2.55761e+008, 4.37194e+007, 2.9948e+008, 7821, 5590, 1509, 881
299, 29811, 2.5541e+008, 4.35804e+007, 2.9899e+008, 7810, 5580.08, 1508, 881
300, 29911, 2.54465e+008, 4.35608e+007, 2.98026e+008, 7777, 5601.24, 1508, 882
301, 30011, 2.55643e+008, 4.36849e+007, 2.99328e+008, 7814, 5590.6, 1507, 882
302, 30111, 2.55718e+008, 4.3758e+007, 2.99476e+008, 7814, 5599.95, 1507, 882
303, 30212, 2.55621e+008, 4.39394e+007, 2.9956e+008, 7814, 5623.16, 1507, 882
304, 30312, 2.56303e+008, 4.43719e+007, 3.00675e+008, 7840, 5659.68, 1506, 883
305, 30412, 2.55975e+008, 4.45181e+007, 3.00493e+008, 7841, 5677.6, 1506, 883
306, 30512, 2.53955e+008, 4.42167e+007, 2.98172e+008, 7769, 5691.43, 1505, 883
307, 30612, 2.53079e+008, 4.42244e+007, 2.97303e+008, 7740, 5713.75, 1504, 882
308, 30712, 2.5098e+008, 4.39725e+007, 2.94952e+008, 7672, 5731.56, 1504, 882
309, 30812, 2.49949e+008, 4.39109e+007, 2.9386e+008, 7641, 5746.74, 1504, 882
310, 30912, 2.49113e+008, 4.41423e+007, 2.93256e+008, 7648, 5771.75, 1504, 882
311, 31012, 2.46402e+008, 4.37915e+007, 2.90193e+008, 7576, 5780.3, 1503, 882
312, 31112, 2.44205e+008, 4.3661e+007, 2.87866e+008, 7524, 5802.9, 1504, 882
313, 31212, 2.43488e+008, 4.35008e+007, 2.86988e+008, 7514, 5789.29, 1503, 882
314, 31312, 2.41468e+008, 4.33062e+007, 2.84775e+008, 7451, 5812.13, 1504, 881
315, 31412, 2.4062e+008, 4.33519e+007, 2.83972e+008, 7443, 5824.52, 1504, 881
316, 31512, 2.38301e+008, 4.32056e+007, 2.81507e+008, 7391, 5845.71, 1504, 881
317, 31612, 2.36428e+008, 4.28813e+007, 2.79309e+008, 7340, 5842.14, 1503, 881
318, 31712, 2.35155e+008, 4.28542e+007, 2.78009e+008, 7315, 5858.41, 1504, 881
319, 31812, 2.33648e+008, 4.28346e+007, 2.76483e+008, 7290, 5875.81, 1504, 881
320, 31912, 2.3184e+008, 4.24812e+007, 2.74321e+008, 7233, 5873.25, 1504, 881
321, 32012, 2.30806e+008, 4.25296e+007, 2.73335e+008, 7222, 5888.9, 1504, 881
322, 32112, 2.2906e+008, 4.22362e+007, 2.71296e+008, 7176, 5885.76, 1504, 880
323, 32212, 2.27216e+008, 4.21168e+007, 2.69333e+008, 7125, 5911.13, 1505, 880
324, 32312, 2.27609e+008, 4.23636e+007, 2.69972e+008, 7161, 5915.88, 1505, 880
325, 32412, 2.25788e+008, 4.21199e+007, 2.67908e+008, 7106, 5927.37, 1505, 880
326, 32512, 2.24706e+008, 4.19637e+007, 2.6667e+008, 7080, 5927.07, 1505, 880
327, 32612, 2.23306e+008, 4.17643e+007, 2.6507e+008, 7040, 5932.42, 1505, 879
328, 32712, 2.22557e+008, 4.16214e+007, 2.64179e+008, 7022, 5927.29, 1505, 879
329, 32812, 2.2145e+008, 4.17978e+007, 2.63248e+008, 7020, 5954.1, 1506, 879
330, 32912, 2.20513e+008, 4.17075e+007, 2.62221e+008, 6992, 5965.02, 1506, 879
331, 33012, 2.19831e+008, 4.16587e+007, 2.6149e+008, 6975, 5972.57, 1506, 879
332, 33112, 2.19256e+008, 4.1542e+007, 2.60798e+008, 6971, 5959.26, 1506, 878
333, 33212, 2.18542e+008, 4.16499e+007, 2.60192e+008, 6964, 5980.75, 1507, 878
334, 33312, 2.18008e+008, 4.15017e+007, 2.59509e+008, 6944, 5976.63, 1507, 878
335, 33412, 2.16804e+008, 4.14157e+007, 2.5822e+008, 6923, 5982.33, 1507, 877
336, 33512, 2.16769e+008, 4.13752e+007, 2.58145e+008, 6926, 5973.9, 1507, 877
337, 33612, 2.16303e+008, 4.14648e+007, 2.57767e+008, 6914, 5997.22, 1508, 877
338, 33712, 2.1466e+008, 4.13608e+007, 2.5602e+008, 6872, 6018.74, 1508, 877
339, 33812, 2.14556e+008, 4.13129e+007, 2.55869e+008, 6887, 5998.67, 1508, 876
340, 33912, 2.14028e+008, 4.13764e+007, 2.55405e+008, 6881, 6013.14, 1509, 876
341, 34012, 2.13094e+008, 4.11447e+007, 2.54239e+008, 6860, 5997.77, 1509, 876
342, 34112, 2.12969e+008, 4.11652e+007, 2.54134e+008, 6856, 6004.26, 1509, 875
343, 34212, 2.1202e+008, 4.09712e+007, 2.52991e+008, 6821, 6006.63, 1509, 875
344, 34312, 2.11904e+008, 4.10459e+007, 2.5295e+008, 6824, 6014.93, 1510, 875
345, 34412, 2.11236e+008, 4.10181e+007, 2.52254e+008, 6813, 6020.56, 1510, 875
346, 34512, 2.11031e+008, 4.09387e+007, 2.5197e+008, 6806, 6015.09, 1510, 874
347, 34612, 2.10621e+008, 4.09517e+007, 2.51573e+008, 6812, 6011.7, 1510, 874
348, 34712, 2.09477e+008, 4.07703e+007, 2.50247e+008, 6775, 6017.76, 1511, 874
349, 34812, 2.0925e+008, 4.08834e+007, 2.50133e+008, 6786, 6024.66, 1511, 874
350, 34912, 2.08504e+008, 4.07502e+007, 2.49254e+008, 6777, 6013.02, 1511, 874
351, 35012, 2.07658e+008, 4.06037e+007, 2.48262e+008, 6744, 6020.72, 1511, 873
352, 35112, 2.07217e+008, 4.06329e+007, 2.4785e+008, 6751, 6018.8, 1512, 873
353, 35212, 2.07244e+008, 4.06061e+007, 2.4785e+008, 6748, 6017.49, 1512, 873
354, 35312, 2.0619e+008, 4.04248e+007, 2.46615e+008, 6718, 6017.39, 1512, 873
355, 35412, 2.06184e+008, 4.03775e+007, 2.46561e+008, 6729, 6000.52, 1512, 872
356, 35512, 2.05103e+008, 4.03046e+007, 2.45408e+008, 6699, 6016.52, 1513, 872
357, 35612, 2.04837e+008, 4.01984e+007, 2.45035e+008, 6684, 6014.12, 1513, 872
358, 35712, 2.0475e+008, 4.03682e+007, 2.45118e+008, 6706, 6019.71, 1513, 872
359, 35812, 2.04398e+008, 4.02256e+007, 2.44624e+008, 6696, 6007.41, 1513, 871
360, 35912, 2.03377e+008, 4.01723e+007, 2.4355e+008, 6672, 6021.03, 1514, 871
361, 36012, 2.02131e+008, 3.98004e+007, 2.41931e+008, 6626, 6006.7, 1514, 871
362, 36112, 2.02773e+008, 3.99954e+007, 2.42769e+008, 6657, 6008.03, 1514, 871
363, 36212, 2.02674e+008, 3.98784e+007, 2.42553e+008, 6656, 5991.35, 1514, 870
364, 36312, 2.01623e+008, 3.98747e+007, 2.41497e+008, 6626, 6017.91, 1515, 870
365, 36412, 2.00696e+008, 3.95866e+007, 2.40283e+008, 6598, 5999.79, 1515, 870
366, 36511, 2.01256e+008, 3.97785e+007, 2.41035e+008, 6635, 5995.25, 1515, 870
367, 36611, 2.00186e+008, 3.94821e+007, 2.39668e+008, 6593, 5988.49, 1515, 869
368, 36711, 2.00371e+008, 3.96176e+007, 2.39989e+008, 6610, 5993.59, 1516, 869
369, 36811, 1.99283e+008, 3.94788e+007, 2.38762e+008, 6578, 6001.65, 1516, 869
370, 36911, 1.99356e+008, 3.94433e+007, 2.38799e+008, 6580, 5994.43, 1516, 869
371, 37011, 1.98281e+008, 3.94061e+007, 2.37687e+008, 6566, 6001.53, 1516, 869
372, 37111, 1.98581e+008, 3.94386e+007, 2.3802e+008, 6584, 5990.07, 1516, 869
373, 37211, 1.96985e+008, 3.91156e+007, 2.361e+008, 6538, 5982.8, 1517, 868
374, 37311, 1.97028e+008, 3.90406e+007, 2.36068e+008, 6528, 5980.49, 1517, 868
375, 37411, 1.96845e+008, 3.9023e+007, 2.35868e+008, 6538, 5968.64, 1517, 868
376, 37511, 1.95607e+008, 3.87366e+007, 2.34343e+008, 6481, 5976.95, 1517, 868
377, 37611, 1.9577e+008, 3.88448e+007, 2.34614e+008, 6520, 5957.78, 1517, 867
378, 37711, 1.94949e+008, 3.8632e+007, 2.33581e+008, 6474, 5967.26, 1518, 867
379, 37811, 1.95286e+008, 3.88379e+007, 2.34124e+008, 6511, 5964.97, 1518, 867
380, 37911, 1.94085e+008, 3.85543e+007, 2.32639e+008, 6463, 5965.39, 1518, 867
381, 38011, 1.9459e+008, 3.85457e+007, 2.33135e+008, 6488, 5941.08, 1518, 866
382, 38111, 1.9346e+008, 3.83701e+007, 2.31831e+008, 6453, 5946.09, 1519, 866
383, 38211, 1.93163e+008, 3.83227e+007, 2.31486e+008, 6447, 5944.26, 1519, 866
384, 38311, 1.92787e+008, 3.82381e+007, 2.31025e+008, 6440, 5937.6, 1519, 866
385, 38411, 1.91567e+008, 3.80941e+007, 2.29661e+008, 6404, 5948.49, 1519, 866
386, 38511, 1.91211e+008, 3.7916e+007, 2.29127e+008, 6395, 5929.01, 1519, 865
387, 38611, 1.90598e+008, 3.78238e+007, 2.28422e+008, 6386, 5922.93, 1520, 865
388, 38711, 1.90727e+008, 3.78369e+007, 2.28564e+008, 6386, 5924.98, 1520, 865
389, 38811, 1.91063e+008, 3.7933e+007, 2.28996e+008, 6407, 5920.55, 1520, 865
390, 38911, 1.89786e+008, 3.75983e+007, 2.27385e+008, 6368, 5904.26, 1520, 864
391, 39011, 1.90006e+008, 3.76406e+007, 2.27647e+008, 6377, 5902.55, 1520, 864
392, 39111, 1.89478e+008, 3.76273e+007, 2.27106e+008, 6361, 5915.32, 1521, 864
393, 39211, 1.89029e+008, 3.75332e+007, 2.26563e+008, 6347, 5913.54, 1521, 864
394, 39311, 1.88767e+008, 3.74311e+007, 2.26199e+008, 6340, 5903.96, 1521, 864
395, 39411, 1.88202e+008, 3.72828e+007, 2.25484e+008, 6320, 5899.17, 1521, 863
396, 39511, 1.88587e+008, 3.7478e+007, 2.26065e+008, 6344, 5907.63, 1522, 863
397, 39611, 1.88512e+008, 3.75154e+007, 2.26028e+008, 6345, 5912.59, 1522, 863
398, 39711, 1.88106e+008, 3.74746e+007, 2.25581e+008, 6339, 5911.75, 1522, 863
399, 39811, 1.87785e+008, 3.74756e+007, 2.25261e+008, 6326, 5924.06, 1522, 863
400, 39911, 1.87761e+008, 3.75327e+007, 2.25293e+008, 6338, 5921.84, 1523, 863
401, 40011, 1.8739e+008, 3.76214e+007, 2.25011e+008, 6338, 5935.85, 1523, 862
402, 40111, 1.87514e+008, 3.75709e+007, 2.25085e+008, 6337, 5928.81, 1523, 862
403, 40211, 1.86425e+008, 3.7371e+007, 2.23796e+008, 6302, 5930.01, 1523, 862
404, 40311, 1.86209e+008, 3.74657e+007, 2.23674e+008, 6311, 5936.57, 1523, 862
405, 40411, 1.85746e+008, 3.73566e+007, 2.23103e+008, 6293, 5936.22, 1524, 861
406, 40511, 1.85979e+008, 3.7501e+007, 2.2348e+008, 6308, 5944.99, 1524, 861
407, 40611, 1.85835e+008, 3.74324e+007, 2.23267e+008, 6310, 5932.23, 1524, 861
408, 40711, 1.85164e+008, 3.73907e+007, 2.22555e+008, 6280, 5953.94, 1524, 861
409, 40811, 1.84883e+008, 3.73913e+007, 2.22274e+008, 6294, 5940.78, 1524, 861
410, 40911, 1.85307e+008, 3.7521e+007, 2.22828e+008, 6312, 5944.4, 1525, 861
411, 41011, 1.84611e+008, 3.73141e+007, 2.21925e+008, 6275, 5946.47, 1525, 861
412, 41111, 1.8398e+008, 3.73031e+007, 2.21283e+008, 6266, 5953.25, 1525, 860
413, 41211, 1.84128e+008, 3.73903e+007, 2.21519e+008, 6286, 5948.19, 1525, 860
414, 41311, 1.83613e+008, 3.72835e+007, 2.20896e+008, 6267, 5949.17, 1525, 860
415, 41411, 1.83375e+008, 3.7196e+007, 2.20571e+008, 6257, 5944.71, 1526, 860
416, 41511, 1.83817e+008, 3.73741e+007, 2.21191e+008, 6276, 5955.08, 1526, 860
417, 41611, 1.8298e+008, 3.71469e+007, 2.20127e+008, 6247, 5946.35, 1526, 860
418, 41711, 1.83049e+008, 3.71743e+007, 2.20223e+008, 6255, 5943.14, 1526, 859
419, 41811, 1.82939e+008, 3.71617e+007, 2.20101e+008, 6241, 5954.45, 1527, 859
420, 41911, 1.82378e+008, 3.72188e+007, 2.19597e+008, 6239, 5965.5, 1527, 859
421, 42011, 1.82369e+008, 3.71105e+007, 2.1948e+008, 6232, 5954.84, 1527, 859
422, 42111, 1.82446e+008, 3.71193e+007, 2.19565e+008, 6246, 5942.89, 1527, 859
423, 42211, 1.82185e+008, 3.71038e+007, 2.19288e+008, 6234, 5951.84, 1527, 859
424, 42311, 1.82277e+008, 3.70325e+007, 2.1931e+008, 6239, 5935.65, 1527, 858
425, 42411, 1.82089e+008, 3.72964e+007, 2.19385e+008, 6247, 5970.3, 1528, 858
426, 42511, 1.81562e+008, 3.71924e+007, 2.18754e+008, 6225, 5974.69, 1528, 858
427, 42611, 1.82159e+008, 3.76277e+007, 2.19787e+008, 6257, 6013.69, 1528, 858
428, 42711, 1.81799e+008, 3.80675e+007, 2.19867e+008, 6253, 6087.87, 1528, 858
429, 42811, 1.79629e+008, 3.5713e+007, 2.15342e+008, 6144, 5812.66, 1528, 858
430, 42911, 1.79812e+008, 3.56454e+007, 2.15458e+008, 6167, 5780.02, 1528, 858
431, 43011, 1.79482e+008, 3.54004e+007, 2.14882e+008, 6154, 5752.42, 1529, 857
432, 43111, 1.78574e+008, 3.51124e+007, 2.13686e+008, 6118, 5739.19, 1529, 857
433, 43211, 1.78935e+008, 3.51071e+007, 2.14042e+008, 6129, 5728.02, 1529, 857
434, 43311, 1.78454e+008, 3.47966e+007, 2.13251e+008, 6114, 5691.3, 1529, 857
435, 43411, 1.78659e+008, 3.49105e+007, 2.13569e+008, 6125, 5699.67, 1530, 857
436, 43511, 1.77421e+008, 3.45382e+007, 2.11959e+008, 6082, 5678.75, 1530, 857
437, 43611, 1.76883e+008, 3.37252e+007, 2.10608e+008, 6052, 5572.58, 1530, 856
438, 43711, 1.7665e+008, 3.35212e+007, 2.10171e+008, 6045, 5545.27, 1530, 857
439, 43811, 1.75688e+008, 3.3188e+007, 2.08876e+008, 6014, 5518.45, 1530, 856
440, 43911, 1.76113e+008, 3.32062e+007, 2.09319e+008, 6031, 5505.92, 1530, 856
441, 44011, 1.75761e+008, 3.3126e+007, 2.08887e+008, 6022, 5500.83, 1531, 856
442, 44111, 1.75402e+008, 3.30762e+007, 2.08478e+008, 6010, 5503.52, 1531, 856
443, 44211, 1.7484e+008, 3.28403e+007, 2.0768e+008, 5983, 5488.93, 1531, 855
444, 44311, 1.75161e+008, 3.28726e+007, 2.08034e+008, 6005, 5474.21, 1531, 855
445, 44411, 1.74646e+008, 3.27231e+007, 2.07369e+008, 5979, 5473, 1532, 855
446, 44511, 1.74798e+008, 3.2816e+007, 2.07614e+008, 5989, 5479.37, 1532, 855
447, 44611, 1.73968e+008, 3.27536e+007, 2.06721e+008, 5976, 5480.86, 1532, 855
448, 44711, 1.73802e+008, 3.26233e+007, 2.06425e+008, 5966, 5468.21, 1532, 855
449, 44811, 1.73258e+008, 3.24392e+007, 2.05697e+008, 5948, 5453.8, 1532, 855
450, 44911, 1.73726e+008, 3.27223e+007, 2.06448e+008, 5969, 5482.04, 1532, 855
451, 45011, 1.73725e+008, 3.26406e+007, 2.06366e+008, 5973, 5464.69, 1532, 855
452, 45111, 1.73497e+008, 3.25557e+007, 2.06052e+008, 5971, 5452.3, 1533, 854
453, 45211, 1.71577e+008, 3.20706e+007, 2.03648e+008, 5909, 5427.42, 1533, 854
454, 45311, 1.71752e+008, 3.1921e+007, 2.03673e+008, 5908, 5403.02, 1533, 854
455, 45411, 1.71551e+008, 3.19299e+007, 2.03481e+008, 5911, 5401.77, 1533, 854
456, 45511, 1.71579e+008, 3.23469e+007, 2.03926e+008, 5924, 5460.31, 1533, 854
457, 45611, 1.71232e+008, 3.26181e+007, 2.0385e+008, 5919, 5510.74, 1534, 854
458, 45711, 1.71033e+008, 3.25389e+007, 2.03572e+008, 5907, 5508.53, 1534, 854
459, 45811, 1.71789e+008, 3.2717e+007, 2.04506e+008, 5944, 5504.21, 1534, 854
460, 45911, 1.70984e+008, 3.24651e+007, 2.03449e+008, 5913, 5490.47, 1534, 853
461, 46011, 1.71211e+008, 3.25179e+007, 2.03729e+008, 5921, 5491.96, 1534, 853
462, 46111, 1.7074e+008, 3.23493e+007, 2.03089e+008, 5904, 5479.21, 1534, 853
463, 46211, 1.69628e+008, 3.21882e+007, 2.01816e+008, 5869, 5484.44, 1535, 853
464, 46311, 1.69923e+008, 3.23588e+007, 2.02282e+008, 5895, 5489.19, 1535, 853
465, 46411, 1.69572e+008, 3.21497e+007, 2.01722e+008, 5875, 5472.28, 1535, 853
466, 46511, 1.69645e+008, 3.22457e+007, 2.0189e+008, 5885, 5479.3, 1535, 852
467, 46611, 1.69506e+008, 3.21406e+007, 2.01647e+008, 5881, 5465.16, 1535, 852
468, 46711, 1.69019e+008, 3.20377e+007, 2.01057e+008, 5863, 5464.39, 1536, 852
469, 46811, 1.6858e+008, 3.2072e+007, 2.00652e+008, 5866, 5467.45, 1536, 852
470, 46911, 1.67942e+008, 3.1907e+007, 1.99849e+008, 5837, 5466.33, 1536, 852
471, 47011, 1.67891e+008, 3.18488e+007, 1.9974e+008, 5837, 5456.36, 1536, 852
472, 47111, 1.67797e+008, 3.18165e+007, 1.99613e+008, 5833, 5454.57, 1536, 852
473, 47211, 1.6755e+008, 3.1777e+007, 1.99327e+008, 5833, 5447.8, 1536, 852
474, 47311, 1.66928e+008, 3.16636e+007, 1.98592e+008, 5814, 5446.09, 1536, 852
475, 47411, 1.66847e+008, 3.1769e+007, 1.98616e+008, 5824, 5454.84, 1537, 851
476, 47511, 1.67104e+008, 3.17789e+007, 1.98883e+008, 5838, 5443.46, 1537, 851
477, 47611, 1.66178e+008, 3.14711e+007, 1.9765e+008, 5795, 5430.74, 1537, 851
478, 47711, 1.66584e+008, 3.157e+007, 1.98154e+008, 5814, 5430, 1537, 851
479, 47811, 1.65746e+008, 3.13362e+007, 1.97082e+008, 5784, 5417.74, 1537, 851
480, 47911, 1.65612e+008, 3.12981e+007, 1.9691e+008, 5787, 5408.35, 1537, 851
481, 48011, 1.64898e+008, 3.12827e+007, 1.96181e+008, 5772, 5419.73, 1538, 851
482, 48111, 1.64635e+008, 3.12367e+007, 1.95872e+008, 5757, 5425.87, 1538, 851
483, 48211, 1.64557e+008, 3.12141e+007, 1.95771e+008, 5764, 5415.35, 1538, 850
484, 48311, 1.64504e+008, 3.10804e+007, 1.95585e+008, 5755, 5400.58, 1538, 850
485, 48411, 1.64397e+008, 3.11257e+007, 1.95523e+008, 5758, 5405.64, 1539, 850
486, 48511, 1.64401e+008, 3.11195e+007, 1.95521e+008, 5760, 5402.68, 1539, 850
487, 48611, 1.64152e+008, 3.11361e+007, 1.95288e+008, 5758, 5407.45, 1539, 850
488, 48711, 1.63806e+008, 3.1028e+007, 1.94834e+008, 5747, 5398.99, 1539, 850
489, 48811, 1.63033e+008, 3.08111e+007, 1.93844e+008, 5715, 5391.28, 1539, 850
490, 48911, 1.63398e+008, 3.08456e+007, 1.94243e+008, 5733, 5380.36, 1539, 849
491, 49011, 1.63121e+008, 3.10167e+007, 1.94138e+008, 5738, 5405.49, 1540, 849
492, 49111, 1.62251e+008, 3.07913e+007, 1.93042e+008, 5710, 5392.52, 1540, 849
493, 49211, 1.62256e+008, 3.07241e+007, 1.9298e+008, 5707, 5383.57, 1540, 849
494, 49311, 1.61629e+008, 3.06618e+007, 1.9229e+008, 5699, 5380.2, 1540, 849
495, 49411, 1.62199e+008, 3.0702e+007, 1.92901e+008, 5707, 5379.71, 1540, 849
496, 49511, 1.60945e+008, 3.04806e+007, 1.91425e+008, 5670, 5375.76, 1540, 849
497, 49611, 1.6144e+008, 3.05189e+007, 1.91959e+008, 5686, 5367.38, 1540, 849
498, 49711, 1.60997e+008, 3.04449e+007, 1.91442e+008, 5669, 5370.42, 1541, 849
499, 49811, 1.61001e+008, 3.04991e+007, 1.915e+008, 5677, 5372.4, 1541, 849
500, 49911, 1.59823e+008, 3.01979e+007, 1.90021e+008, 5632, 5361.84, 1541, 849
501, 50011, 1.60363e+008, 3.03893e+007, 1.90752e+008, 5660, 5369.13, 1541, 848
502, 50111, 1.61264e+008, 3.04872e+007, 1.91751e+008, 5689, 5358.97, 1541, 848
503, 50211, 1.6043e+008, 3.03397e+007, 1.9077e+008, 5666, 5354.7, 1541, 848
504, 50311, 1.61051e+008, 3.05478e+007, 1.91599e+008, 5689, 5369.62, 1542, 848
505, 50411, 1.60401e+008, 3.03693e+007, 1.9077e+008, 5670, 5356.14, 1542, 848
506, 50511, 1.60345e+008, 3.03807e+007, 1.90726e+008, 5678, 5350.6, 1542, 848
507, 50611, 1.60166e+008, 3.03461e+007, 1.90512e+008, 5663, 5358.66, 1542, 848
508, 50711, 1.59891e+008, 3.01938e+007, 1.90085e+008, 5648, 5345.93, 1542, 848
509, 50811, 1.60094e+008, 3.02866e+007, 1.9038e+008, 5665, 5346.27, 1542, 848
510, 50911, 1.59556e+008, 3.00892e+007, 1.89646e+008, 5649, 5326.46, 1542, 847
511, 51011, 1.59279e+008, 3.01394e+007, 1.89419e+008, 5640, 5343.87, 1543, 848
512, 51111, 1.59419e+008, 3.00159e+007, 1.89435e+008, 5639, 5322.92, 1543, 847
513, 51211, 1.59181e+008, 2.99634e+007, 1.89144e+008, 5634, 5318.32, 1543, 847
514, 51311, 1.5906e+008, 3.00491e+007, 1.89109e+008, 5645, 5323.13, 1543, 847
515, 51411, 1.58693e+008, 2.99104e+007, 1.88604e+008, 5621, 5321.18, 1543, 847
516, 51511, 1.58788e+008, 3.00008e+007, 1.88789e+008, 5637, 5322.13, 1544, 847
517, 51611, 1.58139e+008, 2.98305e+007, 1.87969e+008, 5612, 5315.48, 1544, 847
518, 51711, 1.5742e+008, 2.98138e+007, 1.87233e+008, 5597, 5326.74, 1544, 847
519, 51811, 1.58155e+008, 2.97816e+007, 1.87936e+008, 5612, 5306.78, 1544, 846
520, 51911, 1.57842e+008, 2.97444e+007, 1.87587e+008, 5609, 5302.97, 1544, 846
521, 52011, 1.57621e+008, 2.96582e+007, 1.87279e+008, 5600, 5296.12, 1544, 846
522, 52111, 1.57818e+008, 2.98345e+007, 1.87653e+008, 5623, 5305.8, 1545, 846
523, 52211, 1.57289e+008, 2.96691e+007, 1.86959e+008, 5603, 5295.21, 1545, 846
524, 52311, 1.5738e+008, 2.97039e+007, 1.87084e+008, 5604, 5300.48, 1545, 846
525, 52411, 1.56334e+008, 2.94443e+007, 1.85778e+008, 5570, 5286.23, 1545, 846
526, 52511, 1.56235e+008, 2.93557e+007, 1.8559e+008, 5570, 5270.33, 1545, 845
527, 52611, 1.56615e+008, 2.93386e+007, 1.85954e+008, 5581, 5256.87, 1545, 845
528, 52711, 1.56408e+008, 2.93565e+007, 1.85764e+008, 5570, 5270.47, 1545, 846
529, 52811, 1.56335e+008, 2.94256e+007, 1.85761e+008, 5584, 5269.63, 1546, 845
530, 52911, 1.55099e+008, 2.91374e+007, 1.84237e+008, 5531, 5268.02, 1546, 845
531, 53011, 1.55121e+008, 2.90883e+007, 1.8421e+008, 5532, 5258.19, 1546, 845
532, 53111, 1.55139e+008, 2.90701e+007, 1.84209e+008, 5531, 5255.84, 1546, 845
533, 53211, 1.54843e+008, 2.90911e+007, 1.83934e+008, 5534, 5256.8, 1546, 845
534, 53311, 1.55703e+008, 2.92375e+007, 1.8494e+008, 5568, 5251, 1546, 845
535, 53411, 1.54746e+008, 2.89324e+007, 1.83679e+008, 5517, 5244.23, 1546, 845
536, 53511, 1.5403e+008, 2.88873e+007, 1.82917e+008, 5505, 5247.47, 1547, 845
537, 53611, 1.5429e+008, 2.89858e+007, 1.83276e+008, 5522, 5249.15, 1547, 845
538, 53711, 1.54411e+008, 2.89318e+007, 1.83343e+008, 5519, 5242.21, 1547, 844
539, 53811, 1.53514e+008, 2.8774e+007, 1.82288e+008, 5488, 5243.07, 1547, 844
540, 53911, 1.53265e+008, 2.87042e+007, 1.81969e+008, 5485, 5233.22, 1547, 844
541, 54011, 1.53471e+008, 2.86475e+007, 1.82119e+008, 5490, 5218.13, 1547, 844
542, 54111, 1.53106e+008, 2.86383e+007, 1.81744e+008, 5483, 5223.11, 1548, 844
543, 54211, 1.5253e+008, 2.85215e+007, 1.81052e+008, 5459, 5224.68, 1548, 844
544, 54311, 1.52434e+008, 2.85436e+007, 1.80978e+008, 5469, 5219.17, 1548, 844
545, 54411, 1.53203e+008, 2.86105e+007, 1.81814e+008, 5482, 5218.99, 1548, 844
546, 54511, 1.52453e+008, 2.85341e+007, 1.80987e+008, 5464, 5222.2, 1548, 844
547, 54611, 1.52762e+008, 2.85391e+007, 1.81302e+008, 5481, 5206.92, 1548, 844
548, 54711, 1.51573e+008, 2.84261e+007, 1.79999e+008, 5439, 5226.34, 1549, 844
549, 54811, 1.51802e+008, 2.84716e+007, 1.80273e+008, 5456, 5218.4, 1549, 844
550, 54911, 1.5153e+008, 2.84009e+007, 1.79931e+008, 5452, 5209.27, 1549, 843
551, 55011, 1.51631e+008, 2.83415e+007, 1.79973e+008, 5447, 5203.15, 1549, 843
552, 55111, 1.50613e+008, 2.81393e+007, 1.78753e+008, 5409, 5202.31, 1549, 843
553, 55211, 1.5064e+008, 2.81647e+007, 1.78805e+008, 5420, 5196.44, 1549, 843
554, 55311, 1.5081e+008, 2.81144e+007, 1.78925e+008, 5423, 5184.29, 1549, 843
555, 55411, 1.49537e+008, 2.78375e+007, 1.77374e+008, 5370, 5183.9, 1550, 843
556, 55511, 1.50179e+008, 2.8013e+007, 1.78192e+008, 5401, 5186.62, 1550, 843
557, 55611, 1.49606e+008, 2.79729e+007, 1.77579e+008, 5388, 5191.7, 1550, 843
558, 55711, 1.49623e+008, 2.80694e+007, 1.77692e+008, 5400, 5198.03, 1550, 843
559, 55811, 1.496e+008, 2.79385e+007, 1.77539e+008, 5396, 5177.63, 1550, 843
560, 55911, 1.4935e+008, 2.78241e+007, 1.77174e+008, 5380, 5171.76, 1550, 842
561, 56011, 1.49138e+008, 2.79276e+007, 1.77065e+008, 5380, 5190.99, 1551, 842
562, 56111, 1.48907e+008, 2.77632e+007, 1.7667e+008, 5363, 5176.81, 1551, 842
563, 56211, 1.48304e+008, 2.7694e+007, 1.75998e+008, 5348, 5178.38, 1551, 842
564, 56311, 1.49576e+008, 2.79411e+007, 1.77517e+008, 5408, 5166.63, 1551, 842
565, 56411, 1.48429e+008, 2.76308e+007, 1.7606e+008, 5352, 5162.71, 1551, 842
566, 56511, 1.48137e+008, 2.75407e+007, 1.75677e+008, 5346, 5151.65, 1551, 842
567, 56611, 1.47863e+008, 2.75248e+007, 1.75388e+008, 5341, 5153.49, 1551, 842
568, 56711, 1.4787e+008, 2.76023e+007, 1.75472e+008, 5338, 5170.9, 1552, 842
569, 56811, 1.47361e+008, 2.7413e+007, 1.74774e+008, 5313, 5159.62, 1552, 842
570, 56911, 1.47269e+008, 2.74428e+007, 1.74711e+008, 5324, 5154.54, 1552, 842
571, 57011, 1.47351e+008, 2.752e+007, 1.74871e+008, 5337, 5156.45, 1552, 841
572, 57111, 1.46954e+008, 2.73258e+007, 1.7428e+008, 5318, 5138.36, 1552, 841
573, 57211, 1.47397e+008, 2.74899e+007, 1.74887e+008, 5342, 5146, 1552, 841
574, 57311, 1.46858e+008, 2.73778e+007, 1.74236e+008, 5318, 5148.13, 1553, 841
575, 57411, 1.46835e+008, 2.73641e+007, 1.74199e+008, 5321, 5142.67, 1553, 841
576, 57511, 1.46742e+008, 2.74269e+007, 1.74169e+008, 5327, 5148.66, 1553, 841
577, 57611, 1.4616e+008, 2.7207e+007, 1.73367e+008, 5300, 5133.39, 1553, 841
578, 57711, 1.45712e+008, 2.71818e+007, 1.72894e+008, 5284, 5144.16, 1553, 841
579, 57811, 1.44909e+008, 2.69927e+007, 1.71902e+008, 5265, 5126.82, 1553, 841
580, 57911, 1.45078e+008, 2.7082e+007, 1.7216e+008, 5268, 5140.85, 1554, 841
581, 58011, 1.44738e+008, 2.70809e+007, 1.71819e+008, 5261, 5147.48, 1554, 841
582, 58111, 1.44836e+008, 2.70385e+007, 1.71875e+008, 5271, 5129.67, 1554, 841
583, 58211, 1.44167e+008, 2.68407e+007, 1.71007e+008, 5236, 5126.18, 1554, 840
584, 58311, 1.44152e+008, 2.69029e+007, 1.71055e+008, 5251, 5123.38, 1554, 840
585, 58411, 1.44135e+008, 2.69235e+007, 1.71058e+008, 5247, 5131.21, 1555, 840
586, 58511, 1.44356e+008, 2.69802e+007, 1.71337e+008, 5266, 5123.47, 1555, 840
587, 58611, 1.44202e+008, 2.69147e+007, 1.71117e+008, 5254, 5122.7, 1555, 840
588, 58711, 1.43505e+008, 2.67465e+007, 1.70252e+008, 5225, 5118.94, 1555, 840
589, 58811, 1.43429e+008, 2.67676e+007, 1.70197e+008, 5228, 5120.04, 1555, 840
590, 58911, 1.43487e+008, 2.68398e+007, 1.70327e+008, 5239, 5123.08, 1555, 840
591, 59011, 1.43171e+008, 2.66843e+007, 1.69855e+008, 5216, 5115.85, 1555, 840
592, 59111, 1.42807e+008, 2.65985e+007, 1.69405e+008, 5198, 5117.06, 1556, 839
593, 59211, 1.42069e+008, 2.64488e+007, 1.68518e+008, 5178, 5107.91, 1556, 839
594, 59311, 1.42668e+008, 2.65561e+007, 1.69224e+008, 5207, 5100.08, 1556, 839
595, 59411, 1.42115e+008, 2.65158e+007, 1.68631e+008, 5194, 5105.08, 1556, 839
596, 59511, 1.42214e+008, 2.64324e+007, 1.68646e+008, 5190, 5092.94, 1556, 839
597, 59611, 1.41895e+008, 2.63564e+007, 1.68252e+008, 5170, 5097.95, 1557, 839
598, 59711, 1.41586e+008, 2.64124e+007, 1.67998e+008, 5173, 5105.81, 1557, 839
599, 59811, 1.41366e+008, 2.62985e+007, 1.67665e+008, 5156, 5100.57, 1557, 839
600, 59911, 1.4176e+008, 2.64729e+007, 1.68233e+008, 5191, 5099.78, 1557, 839