2, 500, 1.61101e+007, 6.40107e+006, 2.25112e+007, 1238, 5170.49, 1280, 874
3, 1000, 1.58317e+007, 6.27e+006, 2.21017e+007, 1220, 5139.35, 1280, 874
4, 1500, 1.5519e+007, 6.13151e+006, 2.16505e+007, 1200, 5109.59, 1280, 873
5, 2000, 1.54627e+007, 6.08671e+006, 2.15494e+007, 1200, 5072.26, 1282, 871
6, 2500, 1.56475e+007, 6.12053e+006, 2.17681e+007, 1213, 5045.78, 1281, 873
7, 3001, 1.56461e+007, 6.04921e+006, 2.16953e+007, 1200, 5041.01, 1281, 873
8, 3500, 1.52998e+007, 5.96106e+006, 2.12608e+007, 1185, 5030.43, 1281, 873
9, 4000, 1.51315e+007, 5.87111e+006, 2.10026e+007, 1171, 5013.75, 1281, 874
10, 4500, 1.51973e+007, 5.89157e+006, 2.10889e+007, 1176, 5009.84, 1281, 874
11, 5000, 1.54282e+007, 5.84939e+006, 2.12776e+007, 1179, 4961.31, 1280, 873
12, 5500, 1.53648e+007, 5.82347e+006, 2.11883e+007, 1177, 4947.72, 1280, 873
13, 6000, 1.53049e+007, 5.78473e+006, 2.10896e+007, 1173, 4931.57, 1281, 873
14, 6500, 1.49207e+007, 5.70992e+006, 2.06306e+007, 1157, 4935.11, 1281, 873
15, 7000, 1.4993e+007, 5.75184e+006, 2.07449e+007, 1167, 4928.74, 1281, 873
16, 7500, 1.44658e+007, 5.54558e+006, 2.00113e+007, 1133, 4894.59, 1281, 873
17, 8000, 1.4302e+007, 5.46675e+006, 1.97687e+007, 1122, 4872.33, 1281, 873
18, 8500, 1.4269e+007, 5.47816e+006, 1.97472e+007, 1126, 4865.15, 1281, 873
19, 9000, 1.42016e+007, 5.47125e+006, 1.96729e+007, 1124, 4867.66, 1281, 873
20, 9500, 1.36371e+007, 5.24664e+006, 1.88837e+007, 1078, 4867.01, 1282, 873
21, 10000, 1.38612e+007, 5.26636e+006, 1.91275e+007, 1091, 4827.1, 1282, 873
22, 10500, 1.4448e+007, 5.44067e+006, 1.98886e+007, 1125, 4836.15, 1281, 872
23, 11000, 1.3747e+007, 5.2923e+006, 1.90393e+007, 1089, 4859.78, 1280, 873
24, 11500, 1.26456e+007, 4.96176e+006, 1.76073e+007, 1019, 4869.25, 1279, 873
25, 12000, 1.1759e+007, 4.71395e+006, 1.64729e+007, 965, 4884.93, 1277, 875
26, 12500, 1.09658e+007, 4.55427e+006, 1.552e+007, 930, 4897.07, 1276, 875
27, 13000, 1.00044e+007, 4.24324e+006, 1.42477e+007, 866, 4899.82, 1275, 876
28, 13500, 9.4115e+006, 4.13114e+006, 1.35426e+007, 838, 4929.76, 1274, 877
29, 14000, 8.77194e+006, 3.89281e+006, 1.26648e+007, 790, 4927.61, 1273, 878
30, 14500, 7.95592e+006, 3.58854e+006, 1.15445e+007, 726, 4942.9, 1273, 878
31, 15000, 7.23141e+006, 3.30267e+006, 1.05341e+007, 671, 4922.01, 1272, 879
32, 15500, 6.84873e+006, 3.20337e+006, 1.00521e+007, 647, 4951.12, 1271, 880
33, 16000, 6.50886e+006, 3.10212e+006, 9.61097e+006, 625, 4963.39, 1271, 881
34, 16500, 6.02617e+006, 2.90806e+006, 8.93423e+006, 587, 4954.1, 1270, 881
35, 17000, 5.79645e+006, 2.8239e+006, 8.62036e+006, 568, 4971.65, 1269, 882
36, 17500, 5.30578e+006, 2.62834e+006, 7.93412e+006, 526, 4996.85, 1269, 883
37, 18000, 5.29013e+006, 2.64547e+006, 7.93561e+006, 531, 4982.06, 1268, 883
38, 18500, 5.05494e+006, 2.51719e+006, 7.57213e+006, 506, 4974.68, 1268, 884
39, 19000, 5.07768e+006, 2.5033e+006, 7.58098e+006, 504, 4966.87, 1267, 884
40, 19500, 4.82187e+006, 2.4505e+006, 7.27237e+006, 490, 5001.01, 1267, 886
41, 20000, 4.79742e+006, 2.40367e+006, 7.20109e+006, 481, 4997.23, 1266, 886
42, 20500, 4.90873e+006, 2.47597e+006, 7.3847e+006, 495, 5001.96, 1266, 886
43, 21000, 4.83815e+006, 2.44598e+006, 7.28413e+006, 488, 5012.26, 1266, 886
44, 21500, 4.93796e+006, 2.48371e+006, 7.42167e+006, 495, 5017.59, 1266, 887
45, 22000, 4.95402e+006, 2.49612e+006, 7.45014e+006, 498, 5012.28, 1266, 887
46, 22500, 5.18877e+006, 2.57352e+006, 7.76228e+006, 514, 5006.84, 1266, 888
47, 23000, 5.12576e+006, 2.5238e+006, 7.64955e+006, 507, 4977.9, 1266, 888
48, 23500, 5.40574e+006, 2.65129e+006, 8.05703e+006, 531, 4993.01, 1266, 888
49, 24000, 5.31681e+006, 2.59328e+006, 7.91009e+006, 521, 4977.5, 1266, 889
50, 24500, 5.34286e+006, 2.60923e+006, 7.95209e+006, 525, 4969.96, 1266, 889
51, 25000, 5.65915e+006, 2.74333e+006, 8.40249e+006, 552, 4969.8, 1267, 889
52, 25500, 5.85577e+006, 2.81299e+006, 8.66876e+006, 568, 4952.45, 1267, 889
53, 26000, 5.9837e+006, 2.86732e+006, 8.85103e+006, 577, 4969.36, 1267, 889
54, 26500, 6.09264e+006, 2.89549e+006, 8.98812e+006, 582, 4975.06, 1268, 889
55, 27000, 6.41985e+006, 3.03091e+006, 9.45076e+006, 610, 4968.7, 1268, 889
56, 27500, 6.53792e+006, 3.06016e+006, 9.59809e+006, 615, 4975.88, 1268, 889
57, 28000, 6.93058e+006, 3.20519e+006, 1.01358e+007, 644, 4977, 1269, 889
58, 28500, 7.10977e+006, 3.22535e+006, 1.03351e+007, 652, 4946.86, 1269, 890
59, 29000, 7.42452e+006, 3.38729e+006, 1.08118e+007, 684, 4952.18, 1270, 889
60, 29500, 7.91957e+006, 3.57192e+006, 1.14915e+007, 723, 4940.42, 1270, 889
61, 30000, 7.18233e+006, 3.14937e+006, 1.03317e+007, 655, 4808.19, 1272, 889
62, 30500, 6.91591e+006, 2.96685e+006, 9.88275e+006, 623, 4762.19, 1273, 889
63, 31000, 7.30714e+006, 3.14405e+006, 1.04512e+007, 667, 4713.72, 1274, 887
64, 31500, 7.25947e+006, 3.05748e+006, 1.03169e+007, 651, 4696.59, 1276, 887
65, 32000, 7.62572e+006, 3.151e+006, 1.07767e+007, 678, 4647.5, 1278, 885
66, 32500, 7.69423e+006, 3.15675e+006, 1.0851e+007, 677, 4662.85, 1281, 885
67, 33000, 7.91661e+006, 3.21027e+006, 1.11269e+007, 689, 4659.32, 1283, 885
68, 33500, 1.01766e+007, 3.85165e+006, 1.40283e+007, 827, 4657.38, 1284, 883
69, 34000, 1.17266e+007, 4.22176e+006, 1.59484e+007, 910, 4639.3, 1286, 883
70, 34500, 1.19277e+007, 4.24771e+006, 1.61754e+007, 916, 4637.24, 1288, 882
71, 35000, 1.2211e+007, 4.29435e+006, 1.65054e+007, 930, 4617.59, 1289, 881
72, 35500, 1.20792e+007, 4.2376e+006, 1.63168e+007, 916, 4626.2, 1291, 881
73, 36000, 1.16888e+007, 4.07223e+006, 1.5761e+007, 882, 4617.05, 1292, 880
74, 36500, 1.19178e+007, 4.08709e+006, 1.60049e+007, 891, 4587.09, 1293, 879
75, 37000, 1.19164e+007, 4.11701e+006, 1.60334e+007, 896, 4594.87, 1294, 879
76, 37500, 1.18622e+007, 4.11016e+006, 1.59723e+007, 897, 4582.12, 1295, 879
77, 38000, 1.17524e+007, 4.03421e+006, 1.57866e+007, 883, 4568.75, 1296, 878
78, 38500, 1.12976e+007, 3.92122e+006, 1.52188e+007, 860, 4559.56, 1297, 878
79, 39000, 1.07658e+007, 3.77889e+006, 1.45447e+007, 833, 4536.48, 1298, 877
80, 39500, 1.05601e+007, 3.77273e+006, 1.43328e+007, 831, 4539.99, 1299, 877
81, 40000, 9.87078e+006, 3.5679e+006, 1.34387e+007, 789, 4522.06, 1301, 876
82, 40500, 9.54423e+006, 3.48065e+006, 1.30249e+007, 771, 4514.46, 1301, 876
83, 41000, 9.31746e+006, 3.4107e+006, 1.27282e+007, 756, 4511.51, 1302, 876
84, 41500, 9.38504e+006, 3.444e+006, 1.2829e+007, 765, 4501.97, 1302, 876
85, 42000, 9.25547e+006, 3.36864e+006, 1.26241e+007, 750, 4491.52, 1303, 875
86, 42500, 9.19787e+006, 3.35541e+006, 1.25533e+007, 751, 4467.92, 1304, 875
87, 43000, 9.06471e+006, 3.30677e+006, 1.23715e+007, 742, 4456.56, 1304, 875
88, 43500, 8.7432e+006, 3.20831e+006, 1.19515e+007, 722, 4443.64, 1305, 875
89, 44000, 8.56453e+006, 3.15632e+006, 1.17209e+007, 712, 4433.04, 1306, 874
90, 44500, 8.78452e+006, 3.23702e+006, 1.20215e+007, 728, 4446.46, 1306, 874
91, 45000, 9.23189e+006, 3.32298e+006, 1.25549e+007, 751, 4424.75, 1306, 874
92, 45500, 9.48703e+006, 3.40182e+006, 1.28888e+007, 772, 4406.5, 1306, 873
93, 46000, 9.10005e+006, 3.28905e+006, 1.23891e+007, 749, 4391.25, 1306, 873
94, 46500, 8.9452e+006, 3.22332e+006, 1.21685e+007, 737, 4373.56, 1306, 872
95, 47000, 8.99019e+006, 3.22442e+006, 1.22146e+007, 735, 4386.97, 1307, 873
96, 47500, 9.20766e+006, 3.31996e+006, 1.25276e+007, 757, 4385.67, 1307, 872
97, 48000, 9.12581e+006, 3.30956e+006, 1.24354e+007, 757, 4371.95, 1307, 872
98, 48500, 8.51645e+006, 3.09045e+006, 1.16069e+007, 707, 4371.22, 1308, 872
99, 49000, 8.25938e+006, 3.02598e+006, 1.12854e+007, 692, 4372.8, 1308, 871
100, 49501, 8.24325e+006, 3.04163e+006, 1.12849e+007, 700, 4345.19, 1308, 871
101, 50000, 8.15696e+006, 2.99403e+006, 1.1151e+007, 692, 4326.63, 1308, 870
102, 50500, 8.29535e+006, 3.07649e+006, 1.13718e+007, 711, 4326.99, 1308, 870
103, 51000, 8.35902e+006, 3.06319e+006, 1.14222e+007, 709, 4320.43, 1308, 870
104, 51500, 8.15032e+006, 2.9907e+006, 1.1141e+007, 695, 4303.17, 1308, 870
105, 52000, 8.21092e+006, 3.01124e+006, 1.12222e+007, 699, 4307.92, 1308, 870
106, 52500, 8.28034e+006, 2.97889e+006, 1.12592e+007, 695, 4286.17, 1308, 870
107, 53000, 7.89544e+006, 2.89995e+006, 1.07954e+007, 675, 4296.22, 1308, 870
108, 53501, 7.77436e+006, 2.83407e+006, 1.06084e+007, 664, 4268.18, 1308, 869
109, 54000, 7.43364e+006, 2.74136e+006, 1.0175e+007, 641, 4276.7, 1309, 868
110, 54500, 7.29521e+006, 2.6805e+006, 9.97571e+006, 630, 4254.76, 1309, 868
111, 55001, 7.31323e+006, 2.70758e+006, 1.00208e+007, 637, 4250.51, 1308, 868
112, 55500, 7.22492e+006, 2.71893e+006, 9.94385e+006, 640, 4248.33, 1309, 868
113, 56001, 7.13245e+006, 2.65691e+006, 9.78936e+006, 626, 4244.27, 1308, 868
114, 56501, 6.98595e+006, 2.60735e+006, 9.5933e+006, 618, 4219.01, 1308, 867
115, 57000, 6.70703e+006, 2.52944e+006, 9.23648e+006, 596, 4244.03, 1308, 867
116, 57500, 6.73061e+006, 2.546e+006, 9.27661e+006, 602, 4229.24, 1308, 867
117, 58000, 6.83116e+006, 2.57665e+006, 9.40781e+006, 612, 4210.22, 1308, 867
118, 58500, 6.57329e+006, 2.50396e+006, 9.07725e+006, 592, 4229.66, 1308, 867
119, 59000, 6.64367e+006, 2.50313e+006, 9.14679e+006, 596, 4199.88, 1308, 866
120, 59500, 6.44202e+006, 2.44153e+006, 8.88355e+006, 581, 4202.29, 1308, 867