2, 500, 8.41191e+006, 6.33017e+006, 1.47421e+007, 1770, 3576.37, 1172, 674
3, 1000, 8.2546e+006, 6.15595e+006, 1.44105e+007, 1723, 3572.81, 1173, 674
4, 1500, 8.33981e+006, 6.16106e+006, 1.45009e+007, 1737, 3546.96, 1174, 668
5, 2000, 8.10191e+006, 5.94726e+006, 1.40492e+007, 1685, 3529.53, 1173, 674
6, 2500, 8.16928e+006, 6.03053e+006, 1.41998e+007, 1709, 3528.69, 1172, 674
7, 3000, 8.01287e+006, 5.81424e+006, 1.38271e+007, 1656, 3511.01, 1172, 674
8, 3501, 8.04173e+006, 5.82453e+006, 1.38663e+007, 1664, 3500.32, 1173, 668
9, 4000, 8.05911e+006, 5.8245e+006, 1.38836e+007, 1670, 3487.72, 1172, 675
10, 4500, 8.05869e+006, 5.73704e+006, 1.37957e+007, 1655, 3466.49, 1172, 674
11, 5000, 7.92291e+006, 5.64361e+006, 1.35665e+007, 1632, 3458.09, 1172, 675
12, 5500, 8.0216e+006, 5.71274e+006, 1.37343e+007, 1653, 3455.98, 1172, 675
13, 6000, 7.71541e+006, 5.53376e+006, 1.32492e+007, 1600, 3458.6, 1172, 675
14, 6500, 7.84372e+006, 5.51597e+006, 1.33597e+007, 1600, 3447.48, 1172, 675
15, 7000, 7.75008e+006, 5.41582e+006, 1.31659e+007, 1576, 3436.43, 1172, 675
16, 7500, 7.67106e+006, 5.40298e+006, 1.3074e+007, 1574, 3432.64, 1172, 675
17, 8000, 7.57659e+006, 5.32394e+006, 1.29005e+007, 1558, 3417.16, 1172, 675
18, 8500, 7.66141e+006, 5.27254e+006, 1.2934e+007, 1550, 3401.64, 1173, 675
19, 9000, 7.53628e+006, 5.23756e+006, 1.27738e+007, 1545, 3390.01, 1172, 675
20, 9501, 7.45114e+006, 5.10006e+006, 1.25512e+007, 1504, 3390.99, 1173, 674
21, 10001, 7.2614e+006, 4.96502e+006, 1.22264e+007, 1468, 3382.17, 1172, 675
22, 10501, 7.17314e+006, 4.94053e+006, 1.21137e+007, 1463, 3376.99, 1170, 677
23, 11001, 7.0053e+006, 4.78548e+006, 1.17908e+007, 1420, 3370.06, 1168, 680
24, 11501, 7.312e+006, 4.96325e+006, 1.22753e+007, 1476, 3362.63, 1166, 684
25, 12001, 7.46871e+006, 5.10296e+006, 1.25717e+007, 1515, 3368.29, 1162, 689
26, 12501, 7.59987e+006, 5.32229e+006, 1.29222e+007, 1565, 3400.82, 1157, 696
27, 13001, 7.86039e+006, 5.52538e+006, 1.33858e+007, 1622, 3406.52, 1154, 702
28, 13501, 7.88465e+006, 5.61751e+006, 1.35022e+007, 1639, 3427.4, 1151, 709
29, 14001, 8.03454e+006, 5.70478e+006, 1.37393e+007, 1660, 3436.62, 1150, 714
30, 14501, 8.18776e+006, 5.78022e+006, 1.3968e+007, 1691, 3418.22, 1147, 722
31, 15001, 8.13537e+006, 5.65517e+006, 1.37905e+007, 1672, 3382.28, 1145, 730
32, 15501, 7.93386e+006, 5.4776e+006, 1.34115e+007, 1626, 3368.76, 1145, 734
33, 16001, 7.86622e+006, 5.37398e+006, 1.32402e+007, 1607, 3344.1, 1146, 736
34, 16501, 8.17377e+006, 5.51229e+006, 1.36861e+007, 1656, 3328.67, 1150, 737
35, 17001, 7.86186e+006, 5.20945e+006, 1.30713e+007, 1577, 3303.39, 1153, 736
36, 17501, 7.79614e+006, 5.14643e+006, 1.29426e+007, 1559, 3301.11, 1155, 735
37, 18001, 7.82433e+006, 5.2453e+006, 1.30696e+007, 1573, 3334.58, 1157, 733
38, 18501, 8.18638e+006, 5.49593e+006, 1.36823e+007, 1644, 3343.02, 1159, 731
39, 19001, 8.25016e+006, 5.49811e+006, 1.37483e+007, 1653, 3326.14, 1160, 731
40, 19501, 8.43358e+006, 5.57936e+006, 1.40129e+007, 1686, 3309.23, 1162, 730
41, 20001, 8.5247e+006, 5.6908e+006, 1.42155e+007, 1697, 3353.45, 1163, 728
42, 20500, 8.46701e+006, 5.6491e+006, 1.41161e+007, 1683, 3356.56, 1165, 726
43, 21001, 8.50948e+006, 5.82925e+006, 1.43387e+007, 1718, 3393.04, 1165, 725
44, 21501, 8.35547e+006, 5.79582e+006, 1.41513e+007, 1695, 3419.36, 1167, 723
45, 22000, 8.43132e+006, 5.90385e+006, 1.43352e+007, 1716, 3440.47, 1167, 722
46, 22501, 8.37041e+006, 5.90138e+006, 1.42718e+007, 1719, 3433.03, 1167, 722
47, 23001, 8.11554e+006, 5.86286e+006, 1.39784e+007, 1691, 3467.09, 1167, 721
48, 23500, 8.19787e+006, 5.99687e+006, 1.41947e+007, 1710, 3506.94, 1167, 719
49, 24001, 8.46551e+006, 6.08686e+006, 1.45524e+007, 1742, 3494.18, 1168, 718
50, 24501, 8.31155e+006, 6.09059e+006, 1.44021e+007, 1720, 3541.04, 1169, 716
51, 25001, 8.51491e+006, 6.26432e+006, 1.47792e+007, 1768, 3543.17, 1170, 716
52, 25501, 8.87423e+006, 6.48835e+006, 1.53626e+007, 1831, 3543.61, 1170, 716
53, 26001, 9.06344e+006, 6.54043e+006, 1.56039e+007, 1845, 3544.95, 1171, 715
54, 26501, 8.88951e+006, 6.46721e+006, 1.53567e+007, 1815, 3563.2, 1173, 713
55, 27001, 8.79889e+006, 6.37104e+006, 1.51699e+007, 1791, 3557.25, 1173, 713
56, 27500, 8.85771e+006, 6.38692e+006, 1.52446e+007, 1789, 3570.11, 1174, 712
57, 28000, 8.85831e+006, 6.47011e+006, 1.53284e+007, 1803, 3588.53, 1174, 712
58, 28501, 8.75348e+006, 6.35743e+006, 1.51109e+007, 1771, 3589.74, 1174, 712
59, 29001, 8.90437e+006, 6.43758e+006, 1.5342e+007, 1794, 3588.4, 1176, 710
60, 29501, 8.98e+006, 6.50735e+006, 1.54874e+007, 1811, 3593.23, 1175, 711
61, 30000, 8.79512e+006, 6.27238e+006, 1.50675e+007, 1753, 3578.08, 1176, 711
62, 30500, 9.00514e+006, 6.35892e+006, 1.53641e+007, 1775, 3582.49, 1177, 709
63, 31000, 9.12147e+006, 6.4356e+006, 1.55571e+007, 1797, 3581.3, 1177, 709
64, 31500, 9.23968e+006, 6.45366e+006, 1.56933e+007, 1796, 3593.35, 1177, 709
65, 32000, 9.47246e+006, 6.64181e+006, 1.61143e+007, 1845, 3599.9, 1177, 709
66, 32500, 9.25469e+006, 6.49503e+006, 1.57497e+007, 1807, 3594.37, 1177, 709
67, 33000, 9.57814e+006, 6.52268e+006, 1.61008e+007, 1832, 3560.41, 1177, 709
68, 33500, 9.55453e+006, 6.45125e+006, 1.60058e+007, 1813, 3558.33, 1178, 708
69, 34000, 9.61601e+006, 6.47571e+006, 1.60917e+007, 1827, 3544.45, 1178, 708
70, 34500, 9.38627e+006, 6.16822e+006, 1.55545e+007, 1761, 3502.68, 1178, 708
71, 35000, 9.49235e+006, 6.23163e+006, 1.5724e+007, 1779, 3502.88, 1178, 708
72, 35501, 9.46406e+006, 6.22969e+006, 1.56938e+007, 1786, 3488.07, 1178, 708
73, 36001, 9.26944e+006, 6.07673e+006, 1.53462e+007, 1748, 3476.39, 1179, 708
74, 36501, 8.9719e+006, 5.93808e+006, 1.491e+007, 1704, 3484.79, 1178, 707
75, 37001, 9.06226e+006, 5.94449e+006, 1.50068e+007, 1718, 3460.12, 1178, 708
76, 37500, 9.00155e+006, 5.86673e+006, 1.48683e+007, 1703, 3444.94, 1178, 708
77, 38001, 8.84075e+006, 5.78061e+006, 1.46214e+007, 1680, 3440.84, 1178, 707
78, 38501, 8.67717e+006, 5.71722e+006, 1.43944e+007, 1666, 3431.7, 1178, 707
79, 39000, 1.08578e+007, 7.23468e+006, 1.80925e+007, 1992, 3631.87, 1178, 707
80, 39510, 1.13102e+007, 7.58301e+006, 1.88932e+007, 2075, 3654.46, 1178, 707
81, 40000, 1.12118e+007, 7.53006e+006, 1.87419e+007, 2064, 3648.28, 1178, 707
82, 40500, 1.11918e+007, 7.54889e+006, 1.87407e+007, 2081, 3627.53, 1178, 707
83, 41010, 1.09565e+007, 7.44351e+006, 1.84e+007, 2052, 3627.44, 1178, 707
84, 41510, 1.07535e+007, 7.25898e+006, 1.80124e+007, 2017, 3598.9, 1178, 706
85, 42000, 1.06129e+007, 7.16036e+006, 1.77732e+007, 1994, 3590.95, 1178, 706
86, 42500, 1.0466e+007, 7.00956e+006, 1.74756e+007, 1963, 3570.84, 1178, 706
87, 43000, 1.04403e+007, 6.95743e+006, 1.73977e+007, 1960, 3549.71, 1177, 707
88, 43510, 1.02166e+007, 6.81151e+006, 1.70282e+007, 1916, 3555.07, 1177, 706
89, 44000, 1.00652e+007, 6.63514e+006, 1.67003e+007, 1880, 3529.33, 1177, 706
90, 44510, 1.00054e+007, 6.62017e+006, 1.66255e+007, 1878, 3525.12, 1177, 706
91, 45010, 1.0088e+007, 6.6261e+006, 1.67141e+007, 1887, 3511.45, 1177, 705
92, 45500, 9.73193e+006, 6.49034e+006, 1.62223e+007, 1854, 3500.72, 1177, 705
93, 46010, 9.74313e+006, 6.50655e+006, 1.62497e+007, 1866, 3486.9, 1177, 705
94, 46510, 9.83458e+006, 6.48974e+006, 1.63243e+007, 1865, 3479.75, 1177, 705
95, 47000, 9.81917e+006, 6.40086e+006, 1.622e+007, 1852, 3456.19, 1177, 705
96, 47500, 9.55445e+006, 6.265e+006, 1.58195e+007, 1808, 3465.16, 1176, 705
97, 48010, 9.37675e+006, 6.11759e+006, 1.54943e+007, 1774, 3448.47, 1177, 705
98, 48500, 9.27139e+006, 6.03984e+006, 1.53112e+007, 1749, 3453.31, 1176, 705
99, 49000, 9.49145e+006, 6.15762e+006, 1.56491e+007, 1795, 3430.43, 1176, 705
100, 49500, 9.57762e+006, 6.23787e+006, 1.58155e+007, 1817, 3433.06, 1176, 704
101, 50000, 9.25328e+006, 5.9738e+006, 1.52271e+007, 1754, 3405.81, 1176, 704
102, 50500, 9.14759e+006, 5.9159e+006, 1.50635e+007, 1734, 3411.71, 1175, 704
103, 51000, 9.09209e+006, 5.87134e+006, 1.49634e+007, 1725, 3403.67, 1175, 704
104, 51500, 9.08023e+006, 5.90515e+006, 1.49854e+007, 1737, 3399.62, 1175, 704
105, 52000, 9.26719e+006, 5.93593e+006, 1.52031e+007, 1764, 3365.04, 1175, 704
106, 52500, 9.01126e+006, 5.73176e+006, 1.4743e+007, 1701, 3369.64, 1175, 703
107, 53000, 8.96657e+006, 5.74308e+006, 1.47097e+007, 1704, 3370.35, 1175, 703
108, 53500, 8.97173e+006, 5.8393e+006, 1.4811e+007, 1725, 3385.1, 1175, 703
109, 54000, 9.19463e+006, 5.83542e+006, 1.503e+007, 1742, 3349.84, 1174, 704
110, 54501, 8.85061e+006, 5.66429e+006, 1.45149e+007, 1694, 3343.74, 1175, 703
111, 55001, 8.85687e+006, 5.70516e+006, 1.4562e+007, 1707, 3342.22, 1173, 703
112, 55500, 8.68878e+006, 5.54817e+006, 1.42369e+007, 1661, 3340.26, 1174, 703
113, 56000, 8.58152e+006, 5.47982e+006, 1.40613e+007, 1645, 3331.2, 1173, 703
114, 56500, 8.57801e+006, 5.55111e+006, 1.41291e+007, 1660, 3344.04, 1173, 703
115, 57010, 8.81685e+006, 5.6022e+006, 1.44191e+007, 1689, 3316.88, 1174, 703
116, 57510, 8.74428e+006, 5.62541e+006, 1.43697e+007, 1696, 3316.87, 1173, 703
117, 58000, 8.67314e+006, 5.61305e+006, 1.42862e+007, 1693, 3315.45, 1172, 703
118, 58500, 8.62247e+006, 5.53632e+006, 1.41588e+007, 1671, 3313.18, 1173, 703
119, 59000, 8.77872e+006, 5.65945e+006, 1.44382e+007, 1704, 3321.28, 1173, 702
120, 59500, 8.66432e+006, 5.54329e+006, 1.42076e+007, 1680, 3299.58, 1171, 703