stim_jnl,frame,time_s,fluor,dff
csuEx72_NaAc_0.25M_JNL_10off_20on_20off,2,0.1,42810300,-0.86176030528545855
csuEx72_NaAc_0.25M_JNL_10off_20on_20off,3,0.2,42844700,-0.7820982742906235
csuEx72_NaAc_0.25M_JNL_10off_20on_20off,4,0.3,42996200,-0.4312611319732549
csuEx72_NaAc_0.25M_JNL_10off_20on_20off,5,0.4,42885099.99999999,-0.6885417030060093
csuEx72_NaAc_0.25M_JNL_10off_20on_20off,7,0.6,42645099.99999999,-1.2443233145978805
csuEx72_NaAc_0.25M_JNL_10off_20on_20off,8,0.7,42759900,-0.9784744437197516
csuEx72_NaAc_0.25M_JNL_10off_20on_20off,9,0.8,42661800,-1.205650177457929
csuEx72_NaAc_0.25M_JNL_10off_20on_20off,10,0.9,42640300,-1.2554389468297007
csuEx72_NaAc_0.25M_JNL_10off_20on_20off,11,1,42671300,-1.1836504886657506
csuEx72_NaAc_0.25M_JNL_10off_20on_20off,12,1.1,42790500,-0.9076122882417879
csuEx72_NaAc_0.25M_JNL_10off_20on_20off,13,1.2,42757900,-0.9831059571496837
csuEx72_NaAc_0.25M_JNL_10off_20on_20off,14,1.3,42864900,-0.7353199886483077
csuEx72_NaAc_0.25M_JNL_10off_20on_20off,15,1.4,42609100,-1.3276905563366441
csuEx72_NaAc_0.25M_JNL_10off_20on_20off,16,1.5,43152300,-0.06977150876704183
csuEx72_NaAc_0.25M_JNL_10off_20on_20off,17,1.6,42904500,-0.643616022735649
csuEx72_NaAc_0.25M_JNL_10off_20on_20off,18,1.7,42917200,-0.6142059124555791
csuEx72_NaAc_0.25M_JNL_10off_20on_20off,19,1.8,42817100,-0.8460131596236888
csuEx72_NaAc_0.25M_JNL_10off_20on_20off,20,1.9,43386400,0.47234713820652935
csuEx72_NaAc_0.25M_JNL_10off_20on_20off,21,2,42981200,-0.4659974826977468
csuEx72_NaAc_0.25M_JNL_10off_20on_20off,22,2.1,42992300,-0.44029258316162273
csuEx72_NaAc_0.25M_JNL_10off_20on_20off,23,2.2,43350300,0.38874832079625204
csuEx72_NaAc_0.25M_JNL_10off_20on_20off,24,2.3,43098400,-0.1945907957037163
csuEx72_NaAc_0.25M_JNL_10off_20on_20off,25,2.4,43255100.00000001,0.16828828153149364
csuEx72_NaAc_0.25M_JNL_10off_20on_20off,26,2.5,43313300,0.30306532234250516
csuEx72_NaAc_0.25M_JNL_10off_20on_20off,27,2.6,43037200,-0.3363151066596434
csuEx72_NaAc_0.25M_JNL_10off_20on_20off,28,2.7,43190099.99999999,0.017764095058660646
csuEx72_NaAc_0.25M_JNL_10off_20on_20off,29,2.8,43444400,0.6066610276745649
csuEx72_NaAc_0.25M_JNL_10off_20on_20off,30,2.9,42892300,-0.6718682546582357
csuEx72_NaAc_0.25M_JNL_10off_20on_20off,31,3,43603100,0.9741716183396898
csuEx72_NaAc_0.25M_JNL_10off_20on_20off,32,3.1,43141800,-0.0940869542741862
csuEx72_NaAc_0.25M_JNL_10off_20on_20off,33,3.2,43117000,-0.15151772080534623
csuEx72_NaAc_0.25M_JNL_10off_20on_20off,34,3.3,43491099.99999999,0.7148068662634659
csuEx72_NaAc_0.25M_JNL_10off_20on_20off,35,3.4,43338599.99999999,0.3616539672311311
csuEx72_NaAc_0.25M_JNL_10off_20on_20off,36,3.5,43059700,-0.28421058057290555
csuEx72_NaAc_0.25M_JNL_10off_20on_20off,37,3.6,43461200,0.6455657404859959
csuEx72_NaAc_0.25M_JNL_10off_20on_20off,38,3.7,43510600,0.7599641222053227
csuEx72_NaAc_0.25M_JNL_10off_20on_20off,39,3.8,43720600,1.2462730323482103
csuEx72_NaAc_0.25M_JNL_10off_20on_20off,40,3.9,43652200,1.087875273044527
csuEx72_NaAc_0.25M_JNL_10off_20on_20off,41,4,43385000,0.4691050788055768
csuEx72_NaAc_0.25M_JNL_10off_20on_20off,42,4.1,43419900,0.5499249881578947
csuEx72_NaAc_0.25M_JNL_10off_20on_20off,43,4.2,43694499.99999999,1.1858317820875768
csuEx72_NaAc_0.25M_JNL_10off_20on_20off,44,4.3,43738200,1.287030350531614
csuEx72_NaAc_0.25M_JNL_10off_20on_20off,45,4.4,43503000,0.7423643711715802
csuEx72_NaAc_0.25M_JNL_10off_20on_20off,46,4.506,43824200,1.4861854280187012
csuEx72_NaAc_0.25M_JNL_10off_20on_20off,47,4.604,43599800,0.9665296211803016
csuEx72_NaAc_0.25M_JNL_10off_20on_20off,48,4.704,43550800,0.8530575421469612
csuEx72_NaAc_0.25M_JNL_10off_20on_20off,49,4.804,43818500,1.4729856147433944
csuEx72_NaAc_0.25M_JNL_10off_20on_20off,50,4.904,43723700,1.2534518781646051
csuEx72_NaAc_0.25M_JNL_10off_20on_20off,51,5.004,43851500,1.5494055863372767
csuEx72_NaAc_0.25M_JNL_10off_20on_20off,52,5.105,43916000.00000001,1.6987718944526096
csuEx72_NaAc_0.25M_JNL_10off_20on_20off,53,5.205,43461700,0.646723618843479
csuEx72_NaAc_0.25M_JNL_10off_20on_20off,54,5.304,43494900,0.7236067417803544
csuEx72_NaAc_0.25M_JNL_10off_20on_20off,55,5.405,43662000,1.110569688851195
csuEx72_NaAc_0.25M_JNL_10off_20on_20off,56,5.505,43199300,0.0390690568363663
csuEx72_NaAc_0.25M_JNL_10off_20on_20off,57,5.605,43598200,0.9628244104363559
csuEx72_NaAc_0.25M_JNL_10off_20on_20off,58,5.704,43465800,0.6562182213748402
csuEx72_NaAc_0.25M_JNL_10off_20on_20off,59,5.804,43811200,1.4560805907241416
csuEx72_NaAc_0.25M_JNL_10off_20on_20off,60,5.904,43606100,0.9811188884845883
csuEx72_NaAc_0.25M_JNL_10off_20on_20off,61,6.004,43898200,1.6575514249261951
csuEx72_NaAc_0.25M_JNL_10off_20on_20off,62,6.104,43759900,1.337282271246379
csuEx72_NaAc_0.25M_JNL_10off_20on_20off,63,6.204,43730500,1.2691990238263748
csuEx72_NaAc_0.25M_JNL_10off_20on_20off,64,6.304,43428699.99999999,0.5703036472495794
csuEx72_NaAc_0.25M_JNL_10off_20on_20off,65,6.404,43750000,1.3143562797682145
csuEx72_NaAc_0.25M_JNL_10off_20on_20off,66,6.504,43585000,0.9322564217988029
csuEx72_NaAc_0.25M_JNL_10off_20on_20off,67,6.604,44075000,2.066977212132207
csuEx72_NaAc_0.25M_JNL_10off_20on_20off,68,6.704,43842000,1.5274058975450984
csuEx72_NaAc_0.25M_JNL_10off_20on_20off,69,6.804,43615300,1.0024238502622767
csuEx72_NaAc_0.25M_JNL_10off_20on_20off,70,6.905,43625400,1.0258129930834345
csuEx72_NaAc_0.25M_JNL_10off_20on_20off,71,7.005,43685600.00000001,1.1652215473244127
csuEx72_NaAc_0.25M_JNL_10off_20on_20off,72,7.104,43371200,0.43714763613904417
csuEx72_NaAc_0.25M_JNL_10off_20on_20off,73,7.204,43429800,0.5728509796360595
csuEx72_NaAc_0.25M_JNL_10off_20on_20off,74,7.304,43686400,1.1670741526963684
csuEx72_NaAc_0.25M_JNL_10off_20on_20off,75,7.404,43610100,0.9903819153444527
csuEx72_NaAc_0.25M_JNL_10off_20on_20off,76,7.504,43749600,1.313429977082228
csuEx72_NaAc_0.25M_JNL_10off_20on_20off,77,7.604,43798700.00000001,1.4271336317870822
csuEx72_NaAc_0.25M_JNL_10off_20on_20off,78,7.704,43768000,1.3560399006376047
csuEx72_NaAc_0.25M_JNL_10off_20on_20off,80,7.905,43774400,1.370860743613388
csuEx72_NaAc_0.25M_JNL_10off_20on_20off,81,8.005,43782800,1.3903131000191036
csuEx72_NaAc_0.25M_JNL_10off_20on_20off,82,8.105,43609200,0.9882977343009832
csuEx72_NaAc_0.25M_JNL_10off_20on_20off,83,8.205,43590300,0.9445299323881233
csuEx72_NaAc_0.25M_JNL_10off_20on_20off,84,8.304,43823500,1.4845643983182248
csuEx72_NaAc_0.25M_JNL_10off_20on_20off,85,8.404,43807800,1.448207017893257
csuEx72_NaAc_0.25M_JNL_10off_20on_20off,86,8.504,43620000,1.0133079068226174
csuEx72_NaAc_0.25M_JNL_10off_20on_20off,87,8.604,43523100,0.7889110811423994
csuEx72_NaAc_0.25M_JNL_10off_20on_20off,88,8.704,43502400,0.7409749171426004
csuEx72_NaAc_0.25M_JNL_10off_20on_20off,89,8.804,43602500,0.9727821643107102
csuEx72_NaAc_0.25M_JNL_10off_20on_20off,90,8.904,43808900,1.4507543502797196
csuEx72_NaAc_0.25M_JNL_10off_20on_20off,91,9.004,43500800,0.7372697063986547
csuEx72_NaAc_0.25M_JNL_10off_20on_20off,92,9.104,43741300,1.294209196348009
csuEx72_NaAc_0.25M_JNL_10off_20on_20off,93,9.204,43682600,1.1582742771794972
csuEx72_NaAc_0.25M_JNL_10off_20on_20off,94,9.304,44070000,2.0553984285573765
csuEx72_NaAc_0.25M_JNL_10off_20on_20off,95,9.404,43661000,1.1082539321362288
csuEx72_NaAc_0.25M_JNL_10off_20on_20off,96,9.505,43930300.00000001,1.7318872154766252
csuEx72_NaAc_0.25M_JNL_10off_20on_20off,97,9.605,43678300,1.1483165233051429
csuEx72_NaAc_0.25M_JNL_10off_20on_20off,98,9.705,43991000,1.872453648075052
csuEx72_NaAc_0.25M_JNL_10off_20on_20off,99,9.804,43816200,1.4676593742989723
csuEx72_NaAc_0.25M_JNL_10off_20on_20off,100,9.904,42719100,-1.0729573176903695
csuEx72_NaAc_0.25M_JNL_10off_20on_20off,101,10.004,42429100,-1.7445267650305476
csuEx72_NaAc_0.25M_JNL_10off_20on_20off,102,10.104,42315200,-2.00829145486519
csuEx72_NaAc_0.25M_JNL_10off_20on_20off,103,10.204,42264000,-2.1268581986714556
csuEx72_NaAc_0.25M_JNL_10off_20on_20off,104,10.304,42033400,-2.6608716971426456
csuEx72_NaAc_0.25M_JNL_10off_20on_20off,105,10.404,41780799.99999999,-3.2458318433431077
csuEx72_NaAc_0.25M_JNL_10off_20on_20off,106,10.505,41965899.99999999,-2.8171852754028763
csuEx72_NaAc_0.25M_JNL_10off_20on_20off,107,10.605,41869900,-3.039497920039608
csuEx72_NaAc_0.25M_JNL_10off_20on_20off,108,10.704,41475500,-3.9528323684222495
csuEx72_NaAc_0.25M_JNL_10off_20on_20off,109,10.804,41382400,-4.168429318585597
csuEx72_NaAc_0.25M_JNL_10off_20on_20off,110,10.905,41862600,-3.0564029440588603
csuEx72_NaAc_0.25M_JNL_10off_20on_20off,111,11.004,41525999.99999999,-3.8358866543164774
csuEx72_NaAc_0.25M_JNL_10off_20on_20off,112,11.105,41785300,-3.2354109381257428
csuEx72_NaAc_0.25M_JNL_10off_20on_20off,113,11.204,41888500.00000001,-2.9964248451412203
csuEx72_NaAc_0.25M_JNL_10off_20on_20off,114,11.305,41538300,-3.807402846722377
csuEx72_NaAc_0.25M_JNL_10off_20on_20off,115,11.405,41853900,-3.076550027479066
csuEx72_NaAc_0.25M_JNL_10off_20on_20off,116,11.505,41806500,-3.1863168957684604
csuEx72_NaAc_0.25M_JNL_10off_20on_20off,117,11.605,42100099.99999999,-2.5064107242544216
csuEx72_NaAc_0.25M_JNL_10off_20on_20off,118,11.705,42052100,-2.6175670465727787
csuEx72_NaAc_0.25M_JNL_10off_20on_20off,119,11.805,41655000,-3.537154038085829
csuEx72_NaAc_0.25M_JNL_10off_20on_20off,120,11.905,41824199.99999999,-3.145328001913577
csuEx72_NaAc_0.25M_JNL_10off_20on_20off,121,12.005,41748900.00000001,-3.319704482550492
csuEx72_NaAc_0.25M_JNL_10off_20on_20off,122,12.105,41399100.00000001,-4.129756181445645
csuEx72_NaAc_0.25M_JNL_10off_20on_20off,123,12.205,41779200,-3.249537054087036
csuEx72_NaAc_0.25M_JNL_10off_20on_20off,124,12.305,41807900,-3.1830748363675077
csuEx72_NaAc_0.25M_JNL_10off_20on_20off,125,12.405,41669800,-3.50288083870433
csuEx72_NaAc_0.25M_JNL_10off_20on_20off,126,12.505,41761500,-3.2905259479419366
csuEx72_NaAc_0.25M_JNL_10off_20on_20off,127,12.605,41984700,-2.773649049161496
csuEx72_NaAc_0.25M_JNL_10off_20on_20off,128,12.705,41919500,-2.9246363869772876
csuEx72_NaAc_0.25M_JNL_10off_20on_20off,129,12.805,41697100,-3.4396606803857552
csuEx72_NaAc_0.25M_JNL_10off_20on_20off,130,12.905,41923000,-2.916531238474906
csuEx72_NaAc_0.25M_JNL_10off_20on_20off,131,13.005,41862100,-3.0575608224163435
csuEx72_NaAc_0.25M_JNL_10off_20on_20off,132,13.105,41791500,-3.2210532464929527
csuEx72_NaAc_0.25M_JNL_10off_20on_20off,133,13.205,41721800,-3.382461489526092
csuEx72_NaAc_0.25M_JNL_10off_20on_20off,134,13.305,41794100,-3.2150322790340407
csuEx72_NaAc_0.25M_JNL_10off_20on_20off,135,13.405,41780400,-3.2467581460290766
csuEx72_NaAc_0.25M_JNL_10off_20on_20off,136,13.505,41604300,-3.654562903534612
csuEx72_NaAc_0.25M_JNL_10off_20on_20off,137,13.605,41627599.99999999,-3.600605772075918
csuEx72_NaAc_0.25M_JNL_10off_20on_20off,138,13.705,41847000,-3.0925287488123323
csuEx72_NaAc_0.25M_JNL_10off_20on_20off,139,13.805,41807200,-3.184695866067984
csuEx72_NaAc_0.25M_JNL_10off_20on_20off,140,13.905,42165800.00000001,-2.3542655080811126
csuEx72_NaAc_0.25M_JNL_10off_20on_20off,141,14.005,41748900.00000001,-3.319704482550492
csuEx72_NaAc_0.25M_JNL_10off_20on_20off,142,14.105,41441900,-4.030641794045112
csuEx72_NaAc_0.25M_JNL_10off_20on_20off,143,14.205,41506999.99999999,-3.879886031900834
csuEx72_NaAc_0.25M_JNL_10off_20on_20off,144,14.305,41762200,-3.2889049182414603
csuEx72_NaAc_0.25M_JNL_10off_20on_20off,145,14.405,41283100,-4.398383960381733
csuEx72_NaAc_0.25M_JNL_10off_20on_20off,146,14.506,41400400,-4.126745697716206
csuEx72_NaAc_0.25M_JNL_10off_20on_20off,147,14.604,41450300,-4.011189437639396
csuEx72_NaAc_0.25M_JNL_10off_20on_20off,148,14.704,41547500,-3.7860978849446885
csuEx72_NaAc_0.25M_JNL_10off_20on_20off,149,14.804,41282300,-4.400236565753706
csuEx72_NaAc_0.25M_JNL_10off_20on_20off,150,14.904,41377400,-4.180008102160427
csuEx72_NaAc_0.25M_JNL_10off_20on_20off,151,15.004,41527300,-3.832876170587004
csuEx72_NaAc_0.25M_JNL_10off_20on_20off,152,15.104,41807400,-3.184232714724991
csuEx72_NaAc_0.25M_JNL_10off_20on_20off,153,15.204,41863000,-3.055476641372874
csuEx72_NaAc_0.25M_JNL_10off_20on_20off,154,15.304,41435900,-4.044536334334908
csuEx72_NaAc_0.25M_JNL_10off_20on_20off,155,15.404,41224800,-4.533392576864259
csuEx72_NaAc_0.25M_JNL_10off_20on_20off,156,15.504,41528000,-3.8312551408865274
csuEx72_NaAc_0.25M_JNL_10off_20on_20off,157,15.604,41553800,-3.771508617640402
csuEx72_NaAc_0.25M_JNL_10off_20on_20off,158,15.704,41805800,-3.187937925468937
csuEx72_NaAc_0.25M_JNL_10off_20on_20off,159,15.804,41642200,-3.5667957240373958
csuEx72_NaAc_0.25M_JNL_10off_20on_20off,160,15.904,41880700,-3.0144877475179737
csuEx72_NaAc_0.25M_JNL_10off_20on_20off,161,16.004,41660899.99999999,-3.523491073467546
csuEx72_NaAc_0.25M_JNL_10off_20on_20off,162,16.104,41982100.00000001,-2.7796700166203907
csuEx72_NaAc_0.25M_JNL_10off_20on_20off,163,16.204,41636100,-3.580921839998689
csuEx72_NaAc_0.25M_JNL_10off_20on_20off,164,16.304,41484100,-3.932916860673541
csuEx72_NaAc_0.25M_JNL_10off_20on_20off,165,16.404,41872600,-3.033245376909199
csuEx72_NaAc_0.25M_JNL_10off_20on_20off,166,16.504,41507400,-3.87895972921483
csuEx72_NaAc_0.25M_JNL_10off_20on_20off,167,16.604,41681700,-3.4753233337962333
csuEx72_NaAc_0.25M_JNL_10off_20on_20off,168,16.704,41271400,-4.4254783139468366
csuEx72_NaAc_0.25M_JNL_10off_20on_20off,169,16.804,41740100,-3.3400831416422117
csuEx72_NaAc_0.25M_JNL_10off_20on_20off,170,16.904,41592100,-3.6828151354571985
csuEx72_NaAc_0.25M_JNL_10off_20on_20off,171,17.004,41586400,-3.696014948732506
csuEx72_NaAc_0.25M_JNL_10off_20on_20off,172,17.104,41386400,-4.159166291725732
csuEx72_NaAc_0.25M_JNL_10off_20on_20off,173,17.204,41650200,-3.5482696703176666
csuEx72_NaAc_0.25M_JNL_10off_20on_20off,174,17.304,41403299.99999999,-4.120030003242822
csuEx72_NaAc_0.25M_JNL_10off_20on_20off,175,17.404,41207500,-4.573455168033172
csuEx72_NaAc_0.25M_JNL_10off_20on_20off,176,17.504,41363500,-4.212197120498456
csuEx72_NaAc_0.25M_JNL_10off_20on_20off,177,17.604,41350300.00000001,-4.242765109135991
csuEx72_NaAc_0.25M_JNL_10off_20on_20off,178,17.704,41585000,-3.699257008133458
csuEx72_NaAc_0.25M_JNL_10off_20on_20off,179,17.804,41214800,-4.5565501440139196
csuEx72_NaAc_0.25M_JNL_10off_20on_20off,180,17.904,41485800,-3.9289800742580985
csuEx72_NaAc_0.25M_JNL_10off_20on_20off,181,18.004,41498799.99999999,-3.8988752369635558
csuEx72_NaAc_0.25M_JNL_10off_20on_20off,182,18.104,41749100,-3.319241331207516
csuEx72_NaAc_0.25M_JNL_10off_20on_20off,183,18.204,41280900,-4.4034786251546585
csuEx72_NaAc_0.25M_JNL_10off_20on_20off,184,18.304,41431900,-4.053799361194773
csuEx72_NaAc_0.25M_JNL_10off_20on_20off,185,18.404,41689900,-3.456334128733511
csuEx72_NaAc_0.25M_JNL_10off_20on_20off,186,18.504,41521800.00000001,-3.8456128325193
csuEx72_NaAc_0.25M_JNL_10off_20on_20off,187,18.604,41251200,-4.472256599589153
csuEx72_NaAc_0.25M_JNL_10off_20on_20off,188,18.704,41814000,-3.1689487204062146
csuEx72_NaAc_0.25M_JNL_10off_20on_20off,189,18.804,41262900,-4.445162246024049
csuEx72_NaAc_0.25M_JNL_10off_20on_20off,190,18.904,41646200,-3.557532697177531
csuEx72_NaAc_0.25M_JNL_10off_20on_20off,191,19.004,41798500,-3.2048429494881896
csuEx72_NaAc_0.25M_JNL_10off_20on_20off,192,19.104,41619900,-3.6184370987811403
csuEx72_NaAc_0.25M_JNL_10off_20on_20off,193,19.204,41475300,-3.953295519765243
csuEx72_NaAc_0.25M_JNL_10off_20on_20off,194,19.304,41451000,-4.00956840793892
csuEx72_NaAc_0.25M_JNL_10off_20on_20off,195,19.404,41491800,-3.9150855339683015
csuEx72_NaAc_0.25M_JNL_10off_20on_20off,196,19.504,41336300,-4.275185703145535
csuEx72_NaAc_0.25M_JNL_10off_20on_20off,197,19.604,41486599.99999999,-3.927127468886143
csuEx72_NaAc_0.25M_JNL_10off_20on_20off,198,19.704,41293700,-4.373836939203092
csuEx72_NaAc_0.25M_JNL_10off_20on_20off,199,19.804,41151600.00000001,-4.702905968399762
csuEx72_NaAc_0.25M_JNL_10off_20on_20off,200,19.904,41220800.00000001,-4.542655603724106
csuEx72_NaAc_0.25M_JNL_10off_20on_20off,201,20.004,41600900,-3.6624364763654973
csuEx72_NaAc_0.25M_JNL_10off_20on_20off,202,20.104,41359400,-4.221691723029817
csuEx72_NaAc_0.25M_JNL_10off_20on_20off,203,20.204,41351100,-4.2409125037640365
csuEx72_NaAc_0.25M_JNL_10off_20on_20off,204,20.304,41381800,-4.169818772614576
csuEx72_NaAc_0.25M_JNL_10off_20on_20off,205,20.404,41406000,-4.113777460112396
csuEx72_NaAc_0.25M_JNL_10off_20on_20off,206,20.504,41195700.00000001,-4.600781097269755
csuEx72_NaAc_0.25M_JNL_10off_20on_20off,207,20.604,41051000,-4.935871093925372
csuEx72_NaAc_0.25M_JNL_10off_20on_20off,208,20.704,41095100,-4.833746222795366
csuEx72_NaAc_0.25M_JNL_10off_20on_20off,209,20.804,41554600,-3.769656012268429
csuEx72_NaAc_0.25M_JNL_10off_20on_20off,210,20.904,40970900,-5.121363206794159
csuEx72_NaAc_0.25M_JNL_10off_20on_20off,211,21.004,41022200,-5.002564887316396
csuEx72_NaAc_0.25M_JNL_10off_20on_20off,212,21.104,41411800,-4.100346071165592
csuEx72_NaAc_0.25M_JNL_10off_20on_20off,213,21.204,41173000,-4.653348774699504
csuEx72_NaAc_0.25M_JNL_10off_20on_20off,214,21.304,41076700,-4.8763561463507425
csuEx72_NaAc_0.25M_JNL_10off_20on_20off,215,21.404,41526500.00000001,-3.83472877595896
csuEx72_NaAc_0.25M_JNL_10off_20on_20off,216,21.504,41224999.99999999,-4.532929425521283
csuEx72_NaAc_0.25M_JNL_10off_20on_20off,217,21.604,41332800,-4.283290851647917
csuEx72_NaAc_0.25M_JNL_10off_20on_20off,218,21.704,41374800,-4.186029069619339
csuEx72_NaAc_0.25M_JNL_10off_20on_20off,219,21.804,41370100,-4.19691312617968
csuEx72_NaAc_0.25M_JNL_10off_20on_20off,220,21.904,41837200,-3.1152231646190005
csuEx72_NaAc_0.25M_JNL_10off_20on_20off,221,22.004,41799500,-3.202527192773223
csuEx72_NaAc_0.25M_JNL_10off_20on_20off,222,22.104,41530800,-3.8247710220846227
csuEx72_NaAc_0.25M_JNL_10off_20on_20off,223,22.204,42267100,-2.119679352855061
csuEx72_NaAc_0.25M_JNL_10off_20on_20off,224,22.304,41405000,-4.1160932168273625
csuEx72_NaAc_0.25M_JNL_10off_20on_20off,225,22.404,41617100,-3.624921217583046
csuEx72_NaAc_0.25M_JNL_10off_20on_20off,226,22.504,42121200,-2.4575482575686194
csuEx72_NaAc_0.25M_JNL_10off_20on_20off,227,22.604,41898000,-2.9744251563490596
csuEx72_NaAc_0.25M_JNL_10off_20on_20off,228,22.704,41698800,-3.4357238939703127
csuEx72_NaAc_0.25M_JNL_10off_20on_20off,229,22.804,41846500.00000001,-3.0936866271697983
csuEx72_NaAc_0.25M_JNL_10off_20on_20off,230,22.904,41653600,-3.5403960974867816
csuEx72_NaAc_0.25M_JNL_10off_20on_20off,231,23.004,41278100,-4.409962743956564
csuEx72_NaAc_0.25M_JNL_10off_20on_20off,232,23.104,41763199.99999999,-3.286589161526511
csuEx72_NaAc_0.25M_JNL_10off_20on_20off,233,23.204,41858800,-3.065202819575732
csuEx72_NaAc_0.25M_JNL_10off_20on_20off,234,23.304,41742800.00000001,-3.3338305985117853
csuEx72_NaAc_0.25M_JNL_10off_20on_20off,235,23.404,41412500,-4.098725041465116
csuEx72_NaAc_0.25M_JNL_10off_20on_20off,236,23.504,42010600,-2.713670950243873
csuEx72_NaAc_0.25M_JNL_10off_20on_20off,237,23.604,41837700,-3.1140652862615172
csuEx72_NaAc_0.25M_JNL_10off_20on_20off,238,23.704,41783000,-3.2407371785701646
csuEx72_NaAc_0.25M_JNL_10off_20on_20off,239,23.804,41783700,-3.2391161488696882
csuEx72_NaAc_0.25M_JNL_10off_20on_20off,240,23.904,41679100,-3.4813443012551453
csuEx72_NaAc_0.25M_JNL_10off_20on_20off,241,24.004,41784600,-3.2370319678262183
csuEx72_NaAc_0.25M_JNL_10off_20on_20off,242,24.104,41646800,-3.5561432431485516
csuEx72_NaAc_0.25M_JNL_10off_20on_20off,243,24.204,41683199.99999999,-3.4718496987238017
csuEx72_NaAc_0.25M_JNL_10off_20on_20off,244,24.304,41493300,-3.9116118988958526
csuEx72_NaAc_0.25M_JNL_10off_20on_20off,245,24.404,41067700,-4.897197956785438
csuEx72_NaAc_0.25M_JNL_10off_20on_20off,246,24.507,41641300,-3.568879905080865
csuEx72_NaAc_0.25M_JNL_10off_20on_20off,247,24.605,41332500,-4.283985578662406
csuEx72_NaAc_0.25M_JNL_10off_20on_20off,248,24.705,41349200,-4.245312441522472
csuEx72_NaAc_0.25M_JNL_10off_20on_20off,249,24.805,41304900,-4.3479004639954715
csuEx72_NaAc_0.25M_JNL_10off_20on_20off,250,24.905,41692900,-3.4493868585886127
csuEx72_NaAc_0.25M_JNL_10off_20on_20off,251,25.005,41218700,-4.547518692825552
csuEx72_NaAc_0.25M_JNL_10off_20on_20off,252,25.105,41392300.00000001,-4.145503327107415
csuEx72_NaAc_0.25M_JNL_10off_20on_20off,253,25.205,41509300,-3.8745597914563943
csuEx72_NaAc_0.25M_JNL_10off_20on_20off,254,25.305,41510000,-3.8729387617559183
csuEx72_NaAc_0.25M_JNL_10off_20on_20off,255,25.405,41267699.99999999,-4.434046613792229
csuEx72_NaAc_0.25M_JNL_10off_20on_20off,256,25.505,41508300,-3.876875548171361
csuEx72_NaAc_0.25M_JNL_10off_20on_20off,257,25.605,41530800,-3.8247710220846227
csuEx72_NaAc_0.25M_JNL_10off_20on_20off,258,25.705,41356500,-4.228407417503219
csuEx72_NaAc_0.25M_JNL_10off_20on_20off,259,25.805,41524300,-3.839823440731902
csuEx72_NaAc_0.25M_JNL_10off_20on_20off,260,25.905,41285600,-4.392594568594318
csuEx72_NaAc_0.25M_JNL_10off_20on_20off,261,26.005,41342299.99999999,-4.2612911628557555
csuEx72_NaAc_0.25M_JNL_10off_20on_20off,262,26.105,41304700,-4.348363615338465
csuEx72_NaAc_0.25M_JNL_10off_20on_20off,263,26.205,41190400,-4.613054607859094
csuEx72_NaAc_0.25M_JNL_10off_20on_20off,264,26.305,41387300,-4.157082110682262
csuEx72_NaAc_0.25M_JNL_10off_20on_20off,265,26.405,41426800,-4.065609720441101
csuEx72_NaAc_0.25M_JNL_10off_20on_20off,266,26.505,41434000,-4.048936272093344
csuEx72_NaAc_0.25M_JNL_10off_20on_20off,267,26.605,41205200,-4.578781408477594
csuEx72_NaAc_0.25M_JNL_10off_20on_20off,268,26.705,41289900,-4.382636814719963
csuEx72_NaAc_0.25M_JNL_10off_20on_20off,269,26.805,41069600,-4.892798019027002
csuEx72_NaAc_0.25M_JNL_10off_20on_20off,270,26.905,41242100,-4.493329985695345
csuEx72_NaAc_0.25M_JNL_10off_20on_20off,271,27.005,41389200,-4.152682172923827
csuEx72_NaAc_0.25M_JNL_10off_20on_20off,272,27.105,41211300,-4.564655292516302
csuEx72_NaAc_0.25M_JNL_10off_20on_20off,273,27.205,41132300,-4.747600072998626
csuEx72_NaAc_0.25M_JNL_10off_20on_20off,274,27.305,40907200,-5.268876909537502
csuEx72_NaAc_0.25M_JNL_10off_20on_20off,275,27.405,41158100,-4.687853549752499
csuEx72_NaAc_0.25M_JNL_10off_20on_20off,276,27.505,40885400,-5.319360405923764
csuEx72_NaAc_0.25M_JNL_10off_20on_20off,277,27.605,41117900,-4.780946969694138
csuEx72_NaAc_0.25M_JNL_10off_20on_20off,278,27.705,41023500.00000001,-4.999554403586924
csuEx72_NaAc_0.25M_JNL_10off_20on_20off,279,27.805,41301900,-4.35484773414037
csuEx72_NaAc_0.25M_JNL_10off_20on_20off,280,27.905,41178200,-4.64130683978168
csuEx72_NaAc_0.25M_JNL_10off_20on_20off,281,28.005,40836000,-5.43375878764309
csuEx72_NaAc_0.25M_JNL_10off_20on_20off,282,28.105,41041400,-4.958102358389048
csuEx72_NaAc_0.25M_JNL_10off_20on_20off,283,28.205,40897000,-5.292497628030157
csuEx72_NaAc_0.25M_JNL_10off_20on_20off,284,28.305,40893200,-5.301297503547028
csuEx72_NaAc_0.25M_JNL_10off_20on_20off,285,28.405,40727200,-5.685713118231405
csuEx72_NaAc_0.25M_JNL_10off_20on_20off,286,28.505,41109600.00000001,-4.80016775042834
csuEx72_NaAc_0.25M_JNL_10off_20on_20off,287,28.605,41024700,-4.996775495528982
csuEx72_NaAc_0.25M_JNL_10off_20on_20off,288,28.705,40939400,-5.194309543315592
csuEx72_NaAc_0.25M_JNL_10off_20on_20off,289,28.805,40861700,-5.374243840068461
csuEx72_NaAc_0.25M_JNL_10off_20on_20off,290,28.905,41081800,-4.864545787104415
csuEx72_NaAc_0.25M_JNL_10off_20on_20off,291,29.005,40801600,-5.5134208186379245
csuEx72_NaAc_0.25M_JNL_10off_20on_20off,292,29.105,41006100,-5.039848570427352
csuEx72_NaAc_0.25M_JNL_10off_20on_20off,293,29.205,40704800,-5.737586068646647
csuEx72_NaAc_0.25M_JNL_10off_20on_20off,294,29.305,41126800,-4.76033673493094
csuEx72_NaAc_0.25M_JNL_10off_20on_20off,295,29.405,40524500,-6.1551170043550405
csuEx72_NaAc_0.25M_JNL_10off_20on_20off,296,29.505,41065699.99999999,-4.901829470215388
csuEx72_NaAc_0.25M_JNL_10off_20on_20off,297,29.605,40437200.00000001,-6.357282565571566
csuEx72_NaAc_0.25M_JNL_10off_20on_20off,298,29.705,40457900,-6.309346401571784
csuEx72_NaAc_0.25M_JNL_10off_20on_20off,299,29.805,40602400,-5.974719556259178
csuEx72_NaAc_0.25M_JNL_10off_20on_20off,300,29.905,40875800,-5.341591670387438
csuEx72_NaAc_0.25M_JNL_10off_20on_20off,301,30.005,40957100.00000001,-5.1533206494606745
csuEx72_NaAc_0.25M_JNL_10off_20on_20off,302,30.105,41381000,-4.171671377986549
csuEx72_NaAc_0.25M_JNL_10off_20on_20off,303,30.205,41589600.00000001,-3.6886045272445966
csuEx72_NaAc_0.25M_JNL_10off_20on_20off,304,30.305,42247400,-2.1652997601398933
csuEx72_NaAc_0.25M_JNL_10off_20on_20off,305,30.405,42523300,-1.526382482480738
csuEx72_NaAc_0.25M_JNL_10off_20on_20off,306,30.505,42582100,-1.3902159876407294
csuEx72_NaAc_0.25M_JNL_10off_20on_20off,307,30.605,42929400,-0.5859536805329923
csuEx72_NaAc_0.25M_JNL_10off_20on_20off,308,30.705,42764400,-0.9680535385024039
csuEx72_NaAc_0.25M_JNL_10off_20on_20off,309,30.805,43256400,0.17129876526093235
csuEx72_NaAc_0.25M_JNL_10off_20on_20off,310,30.905,43138100,-0.10265525411956089
csuEx72_NaAc_0.25M_JNL_10off_20on_20off,311,31.005,43240400,0.13424665782147427
csuEx72_NaAc_0.25M_JNL_10off_20on_20off,312,31.105,43190900,0.019616700430650804
csuEx72_NaAc_0.25M_JNL_10off_20on_20off,313,31.205,42975100,-0.48012359865904014
csuEx72_NaAc_0.25M_JNL_10off_20on_20off,314,31.305,43467200,0.6594602807757927
csuEx72_NaAc_0.25M_JNL_10off_20on_20off,315,31.405,43129500,-0.12257076186826961
csuEx72_NaAc_0.25M_JNL_10off_20on_20off,316,31.505,43092600,-0.20802218465051986
csuEx72_NaAc_0.25M_JNL_10off_20on_20off,317,31.605,43378500.00000001,0.45405266015831414
csuEx72_NaAc_0.25M_JNL_10off_20on_20off,318,31.705,43100900,-0.18880140391630096
csuEx72_NaAc_0.25M_JNL_10off_20on_20off,319,31.805,43255700,0.16967773556045607
csuEx72_NaAc_0.25M_JNL_10off_20on_20off,320,31.905,43262100,0.1844985785362393
csuEx72_NaAc_0.25M_JNL_10off_20on_20off,321,32.005,43164900,-0.040592974158468596
csuEx72_NaAc_0.25M_JNL_10off_20on_20off,322,32.105,43204500,0.05111099175419018
csuEx72_NaAc_0.25M_JNL_10off_20on_20off,323,32.205,42751599.99999999,-0.9976952244539877
csuEx72_NaAc_0.25M_JNL_10off_20on_20off,324,32.305,43050400,-0.30574711802209054
csuEx72_NaAc_0.25M_JNL_10off_20on_20off,325,32.405,42823600,-0.8309607409764089
csuEx72_NaAc_0.25M_JNL_10off_20on_20off,326,32.505,42820400,-0.8383711624643007
csuEx72_NaAc_0.25M_JNL_10off_20on_20off,327,32.605,42658100,-1.2142184773033036
csuEx72_NaAc_0.25M_JNL_10off_20on_20off,328,32.705,43062699.99999999,-0.2772633104280244
csuEx72_NaAc_0.25M_JNL_10off_20on_20off,329,32.805,43114100.00000001,-0.15823341527873078
csuEx72_NaAc_0.25M_JNL_10off_20on_20off,330,32.905,42938900,-0.5639539917408142
csuEx72_NaAc_0.25M_JNL_10off_20on_20off,331,33.005,42822400,-0.8337396490343683
csuEx72_NaAc_0.25M_JNL_10off_20on_20off,332,33.105,42543300.00000001,-1.4800673481813982
csuEx72_NaAc_0.25M_JNL_10off_20on_20off,333,33.205,42977400,-0.4747973582146181
csuEx72_NaAc_0.25M_JNL_10off_20on_20off,334,33.305,43137299.99999999,-0.10450785949155106
csuEx72_NaAc_0.25M_JNL_10off_20on_20off,335,33.405,42853000,-0.7628774935564048
csuEx72_NaAc_0.25M_JNL_10off_20on_20off,336,33.505,42574700,-1.407352587331479
csuEx72_NaAc_0.25M_JNL_10off_20on_20off,337,33.605,43073000,-0.253411016263856
csuEx72_NaAc_0.25M_JNL_10off_20on_20off,338,33.705,43024800,-0.36503048992522347
csuEx72_NaAc_0.25M_JNL_10off_20on_20off,339,33.805,42921200,-0.6049428855957146
csuEx72_NaAc_0.25M_JNL_10off_20on_20off,340,33.905,42392800,-1.8285887337838183
csuEx72_NaAc_0.25M_JNL_10off_20on_20off,341,34.005,42286200,-2.0754483995992072
csuEx72_NaAc_0.25M_JNL_10off_20on_20off,342,34.105,42793300,-0.9011281694398828
csuEx72_NaAc_0.25M_JNL_10off_20on_20off,343,34.205,42347000,-1.9346503913292667
csuEx72_NaAc_0.25M_JNL_10off_20on_20off,344,34.305,42984000,-0.45951336389584163
csuEx72_NaAc_0.25M_JNL_10off_20on_20off,345,34.405,42421700,-1.7616633647212971
csuEx72_NaAc_0.25M_JNL_10off_20on_20off,346,34.513,42493600,-1.595160456915232
csuEx72_NaAc_0.25M_JNL_10off_20on_20off,347,34.604,42848900,-0.7723720960877658
csuEx72_NaAc_0.25M_JNL_10off_20on_20off,348,34.704,42552600,-1.4585308107322303
csuEx72_NaAc_0.25M_JNL_10off_20on_20off,349,34.804,42541399.99999999,-1.4844672859398682
csuEx72_NaAc_0.25M_JNL_10off_20on_20off,350,34.914,42437699.99999999,-1.7246112572818562
csuEx72_NaAc_0.25M_JNL_10off_20on_20off,351,35.014,42292100,-2.0617854349809077
csuEx72_NaAc_0.25M_JNL_10off_20on_20off,352,35.114,42686200,-1.1491457136127554
csuEx72_NaAc_0.25M_JNL_10off_20on_20off,353,35.214,42324600,-1.986523341744508
csuEx72_NaAc_0.25M_JNL_10off_20on_20off,354,35.314,42101300,-2.503631816196445
csuEx72_NaAc_0.25M_JNL_10off_20on_20off,355,35.414,42128000,-2.4418011119068495
csuEx72_NaAc_0.25M_JNL_10off_20on_20off,356,35.514,42137300,-2.4202645744576645
csuEx72_NaAc_0.25M_JNL_10off_20on_20off,357,35.614,42032600,-2.662724302514618
csuEx72_NaAc_0.25M_JNL_10off_20on_20off,358,35.714,42007300,-2.7213129474032614
csuEx72_NaAc_0.25M_JNL_10off_20on_20off,359,35.814,42366700,-1.8890299840444342
csuEx72_NaAc_0.25M_JNL_10off_20on_20off,360,35.914,42114200.00000001,-2.4737585545733647
csuEx72_NaAc_0.25M_JNL_10off_20on_20off,361,36.014,42107200,-2.489968851578145
csuEx72_NaAc_0.25M_JNL_10off_20on_20off,362,36.114,42235800,-2.1921625380335006
csuEx72_NaAc_0.25M_JNL_10off_20on_20off,363,36.214,41893900.00000001,-2.9839197588804036
csuEx72_NaAc_0.25M_JNL_10off_20on_20off,364,36.314,41962400.00000001,-2.8252904239052237
csuEx72_NaAc_0.25M_JNL_10off_20on_20off,365,36.414,41811000,-3.175895990551113
csuEx72_NaAc_0.25M_JNL_10off_20on_20off,366,36.514,41897200,-2.9762777617210325
csuEx72_NaAc_0.25M_JNL_10off_20on_20off,367,36.614,41698000.00000001,-3.437576499342268
csuEx72_NaAc_0.25M_JNL_10off_20on_20off,368,36.714,41753900,-3.3081256989756787
csuEx72_NaAc_0.25M_JNL_10off_20on_20off,369,36.814,42139000,-2.416327788042222
csuEx72_NaAc_0.25M_JNL_10off_20on_20off,370,36.914,41834600,-3.121244132077912
csuEx72_NaAc_0.25M_JNL_10off_20on_20off,371,37.014,41697300.00000001,-3.4391975290427443
csuEx72_NaAc_0.25M_JNL_10off_20on_20off,372,37.114,42137900,-2.4188751204286847
csuEx72_NaAc_0.25M_JNL_10off_20on_20off,373,37.214,41939500,-2.878321252677965
csuEx72_NaAc_0.25M_JNL_10off_20on_20off,374,37.314,41603300,-3.656878660249578
csuEx72_NaAc_0.25M_JNL_10off_20on_20off,375,37.414,41933000,-2.8933736713252447
csuEx72_NaAc_0.25M_JNL_10off_20on_20off,376,37.514,41890100,-2.9927196343972917
csuEx72_NaAc_0.25M_JNL_10off_20on_20off,377,37.614,41660199.99999999,-3.5251121031680226
csuEx72_NaAc_0.25M_JNL_10off_20on_20off,378,37.714,41736800,-3.347725138801599
csuEx72_NaAc_0.25M_JNL_10off_20on_20off,379,37.814,41876000,-3.0253718040783144
csuEx72_NaAc_0.25M_JNL_10off_20on_20off,380,37.914,41784400,-3.237495119169212
csuEx72_NaAc_0.25M_JNL_10off_20on_20off,381,38.014,41997600.00000001,-2.7437757875384157
csuEx72_NaAc_0.25M_JNL_10off_20on_20off,382,38.114,41429900,-4.058430874624705
csuEx72_NaAc_0.25M_JNL_10off_20on_20off,383,38.214,41712400,-3.404229602646773
csuEx72_NaAc_0.25M_JNL_10off_20on_20off,384,38.314,41332200,-4.284680305676896
csuEx72_NaAc_0.25M_JNL_10off_20on_20off,385,38.414,41910900,-2.9445518947259965
csuEx72_NaAc_0.25M_JNL_10off_20on_20off,386,38.514,41723100.00000001,-3.3794510057966187
csuEx72_NaAc_0.25M_JNL_10off_20on_20off,387,38.614,41581600,-3.7071305809643436
csuEx72_NaAc_0.25M_JNL_10off_20on_20off,388,38.714,41611100,-3.6388157578728424
csuEx72_NaAc_0.25M_JNL_10off_20on_20off,389,38.814,41518600,-3.8530232540072094
csuEx72_NaAc_0.25M_JNL_10off_20on_20off,390,38.914,40966600,-5.131320960668514
csuEx72_NaAc_0.25M_JNL_10off_20on_20off,391,39.014,41652600,-3.542711854201748
csuEx72_NaAc_0.25M_JNL_10off_20on_20off,392,39.114,41658600,-3.528817313911951
csuEx72_NaAc_0.25M_JNL_10off_20on_20off,393,39.214,41254900,-4.463688299743778
csuEx72_NaAc_0.25M_JNL_10off_20on_20off,394,39.314,41171000,-4.657980288129437
csuEx72_NaAc_0.25M_JNL_10off_20on_20off,395,39.414,41613100,-3.63418424444291
csuEx72_NaAc_0.25M_JNL_10off_20on_20off,396,39.514,41246500,-4.4831406561494935
csuEx72_NaAc_0.25M_JNL_10off_20on_20off,397,39.614,41274400,-4.418531043801939
csuEx72_NaAc_0.25M_JNL_10off_20on_20off,398,39.714,41170800,-4.658443439472429
csuEx72_NaAc_0.25M_JNL_10off_20on_20off,399,39.814,41138500,-4.7332423813658355
csuEx72_NaAc_0.25M_JNL_10off_20on_20off,400,39.914,41179000,-4.639454234409707
csuEx72_NaAc_0.25M_JNL_10off_20on_20off,401,40.014,41277799.99999999,-4.410657470971071
csuEx72_NaAc_0.25M_JNL_10off_20on_20off,402,40.114,41069200,-4.893724321712988
csuEx72_NaAc_0.25M_JNL_10off_20on_20off,403,40.214,41006900,-5.037995965055378
csuEx72_NaAc_0.25M_JNL_10off_20on_20off,404,40.314,41144800,-4.718653114061548
csuEx72_NaAc_0.25M_JNL_10off_20on_20off,405,40.414,41148600,-4.709853238544678
csuEx72_NaAc_0.25M_JNL_10off_20on_20off,406,40.514,41413800,-4.09571455773566
csuEx72_NaAc_0.25M_JNL_10off_20on_20off,407,40.614,41245800,-4.48476168584997
csuEx72_NaAc_0.25M_JNL_10off_20on_20off,408,40.714,41342400,-4.261059587184242
csuEx72_NaAc_0.25M_JNL_10off_20on_20off,409,40.814,40878100,-5.336265429943016
csuEx72_NaAc_0.25M_JNL_10off_20on_20off,410,40.914,40815900,-5.48030549761391
csuEx72_NaAc_0.25M_JNL_10off_20on_20off,411,41.014,41152400,-4.701053363027807
csuEx72_NaAc_0.25M_JNL_10off_20on_20off,412,41.114,40963500,-5.138499806484909
csuEx72_NaAc_0.25M_JNL_10off_20on_20off,413,41.214,41081400,-4.865472089790402
csuEx72_NaAc_0.25M_JNL_10off_20on_20off,414,41.314,40731900,-5.674829061671064
csuEx72_NaAc_0.25M_JNL_10off_20on_20off,415,41.414,41060900,-4.912945102447208
csuEx72_NaAc_0.25M_JNL_10off_20on_20off,416,41.514,41142400,-4.724210930177468
csuEx72_NaAc_0.25M_JNL_10off_20on_20off,417,41.614,41053600,-4.9298501264664605
csuEx72_NaAc_0.25M_JNL_10off_20on_20off,418,41.714,40624800,-5.9228466058439375
csuEx72_NaAc_0.25M_JNL_10off_20on_20off,419,41.814,40858100.00000001,-5.382580564242321
csuEx72_NaAc_0.25M_JNL_10off_20on_20off,420,41.914,40777000,-5.570388433826092
csuEx72_NaAc_0.25M_JNL_10off_20on_20off,421,42.014,40831900,-5.443253390174451
csuEx72_NaAc_0.25M_JNL_10off_20on_20off,422,42.114,40726400,-5.687565723603378
csuEx72_NaAc_0.25M_JNL_10off_20on_20off,423,42.214,40638100,-5.892047041534887
csuEx72_NaAc_0.25M_JNL_10off_20on_20off,424,42.314,40671200,-5.8153954942695085
csuEx72_NaAc_0.25M_JNL_10off_20on_20off,425,42.414,40714200,-5.7158179555259645
csuEx72_NaAc_0.25M_JNL_10off_20on_20off,426,42.514,40851400,-5.398096134232612
csuEx72_NaAc_0.25M_JNL_10off_20on_20off,427,42.614,40773600,-5.578262006656977
csuEx72_NaAc_0.25M_JNL_10off_20on_20off,428,42.714,40763500,-5.601651149478134
csuEx72_NaAc_0.25M_JNL_10off_20on_20off,429,42.814,40401500,-6.439955080295874
csuEx72_NaAc_0.25M_JNL_10off_20on_20off,430,42.914,40443200,-6.3433880252817865
csuEx72_NaAc_0.25M_JNL_10off_20on_20off,431,43.014,40516800,-6.172948331060279
csuEx72_NaAc_0.25M_JNL_10off_20on_20off,432,43.114,40554600,-6.0854127272345595
csuEx72_NaAc_0.25M_JNL_10off_20on_20off,433,43.214,40669300,-5.819795432027944
csuEx72_NaAc_0.25M_JNL_10off_20on_20off,434,43.314,40197300,-6.912832601491958
csuEx72_NaAc_0.25M_JNL_10off_20on_20off,435,43.414,40306200,-6.660646695232146
csuEx72_NaAc_0.25M_JNL_10off_20on_20off,436,43.514,40558000,-6.0775391544036745
csuEx72_NaAc_0.25M_JNL_10off_20on_20off,437,43.614,40621200,-5.931183330017815
csuEx72_NaAc_0.25M_JNL_10off_20on_20off,438,43.714,40530200,-6.141917191079733
csuEx72_NaAc_0.25M_JNL_10off_20on_20off,439,43.814,40459100,-6.306567493513825
csuEx72_NaAc_0.25M_JNL_10off_20on_20off,440,43.914,40379900,-6.489975425339142
csuEx72_NaAc_0.25M_JNL_10off_20on_20off,441,44.014,40531400,-6.139138283021774
csuEx72_NaAc_0.25M_JNL_10off_20on_20off,442,44.114,40437500,-6.356587838557093
csuEx72_NaAc_0.25M_JNL_10off_20on_20off,443,44.214,40575800,-6.036318684877277
csuEx72_NaAc_0.25M_JNL_10off_20on_20off,444,44.314,40450000,-6.3276408796200165
csuEx72_NaAc_0.25M_JNL_10off_20on_20off,445,44.414,40174100,-6.966558157279172
csuEx72_NaAc_0.25M_JNL_10off_20on_20off,446,44.51,40057200,-7.237270117258713
csuEx72_NaAc_0.25M_JNL_10off_20on_20off,447,44.608,40176600,-6.960768765491757
csuEx72_NaAc_0.25M_JNL_10off_20on_20off,448,44.708,40807600,-5.499526278348128
csuEx72_NaAc_0.25M_JNL_10off_20on_20off,449,44.808,40533100,-6.135201496606331
csuEx72_NaAc_0.25M_JNL_10off_20on_20off,450,44.908,40103000,-7.131208459713263
csuEx72_NaAc_0.25M_JNL_10off_20on_20off,451,45.008,40101000.00000001,-7.135839973143179
csuEx72_NaAc_0.25M_JNL_10off_20on_20off,452,45.108,40308300,-6.655783606130718
csuEx72_NaAc_0.25M_JNL_10off_20on_20off,453,45.209,40182200,-6.947800527887947
csuEx72_NaAc_0.25M_JNL_10off_20on_20off,454,45.309,39999000,-7.3720471580697415
csuEx72_NaAc_0.25M_JNL_10off_20on_20off,455,45.408,40112100,-7.110135073607073
csuEx72_NaAc_0.25M_JNL_10off_20on_20off,456,45.509,40185400,-6.940390106400055
csuEx72_NaAc_0.25M_JNL_10off_20on_20off,457,45.609,39822700,-7.78031506691827
csuEx72_NaAc_0.25M_JNL_10off_20on_20off,458,45.708,40008300,-7.350510620620557
csuEx72_NaAc_0.25M_JNL_10off_20on_20off,459,45.808,40321000,-6.626373495850648
csuEx72_NaAc_0.25M_JNL_10off_20on_20off,460,45.909,39898100,-7.605707010609825
csuEx72_NaAc_0.25M_JNL_10off_20on_20off,461,46.008,39747600,-7.954228396212226
csuEx72_NaAc_0.25M_JNL_10off_20on_20off,462,46.108,39913300,-7.570507508542339
csuEx72_NaAc_0.25M_JNL_10off_20on_20off,463,46.209,40004700,-7.358847344794435
csuEx72_NaAc_0.25M_JNL_10off_20on_20off,464,46.309,40097900,-7.143018818959591
csuEx72_NaAc_0.25M_JNL_10off_20on_20off,465,46.409,39933400,-7.523960798571519
csuEx72_NaAc_0.25M_JNL_10off_20on_20off,466,46.509,39949100,-7.487603418146552
csuEx72_NaAc_0.25M_JNL_10off_20on_20off,467,46.608,39980900,-7.413962354610629
csuEx72_NaAc_0.25M_JNL_10off_20on_20off,468,46.708,39779400,-7.880587332676303
csuEx72_NaAc_0.25M_JNL_10off_20on_20off,469,46.808,39648500,-8.18371988666537
csuEx72_NaAc_0.25M_JNL_10off_20on_20off,470,46.908,39905600,-7.588338835247578
csuEx72_NaAc_0.25M_JNL_10off_20on_20off,471,47.008,39741300,-7.968817663516512
csuEx72_NaAc_0.25M_JNL_10off_20on_20off,472,47.108,39903700,-7.592738773006014
csuEx72_NaAc_0.25M_JNL_10off_20on_20off,473,47.208,39711100,-8.0387535163084909
csuEx72_NaAc_0.25M_JNL_10off_20on_20off,474,47.308,39698100,-8.068858353603051
csuEx72_NaAc_0.25M_JNL_10off_20on_20off,475,47.408,39649300,-8.181867281293398
csuEx72_NaAc_0.25M_JNL_10off_20on_20off,476,47.508,39641400,-8.200161759341631
csuEx72_NaAc_0.25M_JNL_10off_20on_20off,477,47.608,39720600,-8.016753827516313
csuEx72_NaAc_0.25M_JNL_10off_20on_20off,478,47.708,39849400,-7.718484362628675
csuEx72_NaAc_0.25M_JNL_10off_20on_20off,479,47.808,39892600,-7.6184436725421385
csuEx72_NaAc_0.25M_JNL_10off_20on_20off,480,47.908,39881700,-7.6436854207352685
csuEx72_NaAc_0.25M_JNL_10off_20on_20off,481,48.008,39896100,-7.610338524039756
csuEx72_NaAc_0.25M_JNL_10off_20on_20off,482,48.108,39742700,-7.9655756041155605
csuEx72_NaAc_0.25M_JNL_10off_20on_20off,483,48.208,39840000,-7.740252475749357
csuEx72_NaAc_0.25M_JNL_10off_20on_20off,484,48.309,39750600,-7.9472811260673275
csuEx72_NaAc_0.25M_JNL_10off_20on_20off,485,48.408,39827300,-7.769662586029426
csuEx72_NaAc_0.25M_JNL_10off_20on_20off,486,48.509,39769600,-7.903281748482972
csuEx72_NaAc_0.25M_JNL_10off_20on_20off,487,48.609,39574900,-8.354159580886877
csuEx72_NaAc_0.25M_JNL_10off_20on_20off,488,48.708,39656400,-8.16542540861714
csuEx72_NaAc_0.25M_JNL_10off_20on_20off,489,48.808,39586200,-8.32799153000776
csuEx72_NaAc_0.25M_JNL_10off_20on_20off,490,48.909,39459700,-8.620934754450976
csuEx72_NaAc_0.25M_JNL_10off_20on_20off,491,49.008,39439200,-8.668407767107782
csuEx72_NaAc_0.25M_JNL_10off_20on_20off,492,49.108,39381300,-8.80249008090432
csuEx72_NaAc_0.25M_JNL_10off_20on_20off,493,49.208,39402600,-8.753164462875542
csuEx72_NaAc_0.25M_JNL_10off_20on_20off,494,49.308,39156300,-9.323535341771699
csuEx72_NaAc_0.25M_JNL_10off_20on_20off,495,49.408,39413800,-8.727227987667922
csuEx72_NaAc_0.25M_JNL_10off_20on_20off,496,49.508,39539500,-8.436137368596679
csuEx72_NaAc_0.25M_JNL_10off_20on_20off,497,49.608,39482100,-8.569061804035734
csuEx72_NaAc_0.25M_JNL_10off_20on_20off,498,49.708,39575800,-8.352075399843407
csuEx72_NaAc_0.25M_JNL_10off_20on_20off,499,49.809,39311100,-8.965056202294942
csuEx72_NaAc_0.25M_JNL_10off_20on_20off,500,49.909,39348300,-8.878910052498203
csuEx72_NaAc_0.25M_JNL_10off_20on_20off,501,50.009,39598800,-8.298812995399187
csuEx72_NaAc_0.25M_JNL_10off_20on_20off,502,50.108,39493100,-8.543588480171108
csuEx72_NaAc_0.25M_JNL_10off_20on_20off,503,50.208,39681400,-8.107531490742986
csuEx72_NaAc_0.25M_JNL_10off_20on_20off,504,50.308,39365000,-8.840236915358268
csuEx72_NaAc_0.25M_JNL_10off_20on_20off,505,50.408,39612900,-8.266160825718165
csuEx72_NaAc_0.25M_JNL_10off_20on_20off,506,50.508,39266100,-9.06926525446842
csuEx72_NaAc_0.25M_JNL_10off_20on_20off,507,50.608,39790200,-7.85557716015467
csuEx72_NaAc_0.25M_JNL_10off_20on_20off,508,50.708,39308200,-8.971771896768345
csuEx72_NaAc_0.25M_JNL_10off_20on_20off,509,50.808,39367600,-8.834215947899358
csuEx72_NaAc_0.25M_JNL_10off_20on_20off,510,50.908,39344100,-8.88863623070106
csuEx72_NaAc_0.25M_JNL_10off_20on_20off,511,51.008,39262700,-9.077138827299304
csuEx72_NaAc_0.25M_JNL_10off_20on_20off,512,51.108,39104400,-9.443723115278441
csuEx72_NaAc_0.25M_JNL_10off_20on_20off,513,51.208,39415100,-8.724217503938466
csuEx72_NaAc_0.25M_JNL_10off_20on_20off,514,51.308,39297900,-8.995624190932496
csuEx72_NaAc_0.25M_JNL_10off_20on_20off,515,51.408,39244200,-9.119980326526177
csuEx72_NaAc_0.25M_JNL_10off_20on_20off,516,51.508,39141200,-9.358503268167688
csuEx72_NaAc_0.25M_JNL_10off_20on_20off,517,51.608,39036500,-9.600962996224641
csuEx72_NaAc_0.25M_JNL_10off_20on_20off,518,51.708,39058200,-9.550711075509877
csuEx72_NaAc_0.25M_JNL_10off_20on_20off,519,51.808,39287400,-9.01993963643964
csuEx72_NaAc_0.25M_JNL_10off_20on_20off,520,51.908,39414200,-8.726301684981935
csuEx72_NaAc_0.25M_JNL_10off_20on_20off,521,52.008,39153300,-9.330482611916597
csuEx72_NaAc_0.25M_JNL_10off_20on_20off,522,52.108,39034400,-9.60582608532607
csuEx72_NaAc_0.25M_JNL_10off_20on_20off,523,52.208,39169000,-9.29412523149163
csuEx72_NaAc_0.25M_JNL_10off_20on_20off,524,52.308,39431000,-8.687396972170504
csuEx72_NaAc_0.25M_JNL_10off_20on_20off,525,52.414,39371800,-8.824489769696498
csuEx72_NaAc_0.25M_JNL_10off_20on_20off,526,52.509,39218200,-9.180190001115296
csuEx72_NaAc_0.25M_JNL_10off_20on_20off,527,52.609,39118200,-9.411765672611908
csuEx72_NaAc_0.25M_JNL_10off_20on_20off,528,52.709,39024100,-9.629678379490223
csuEx72_NaAc_0.25M_JNL_10off_20on_20off,529,52.809,39212200,-9.194084541405093
csuEx72_NaAc_0.25M_JNL_10off_20on_20off,530,52.909,38909300,-9.895527250368334
csuEx72_NaAc_0.25M_JNL_10off_20on_20off,531,53.009,39375500,-8.815921469851123
csuEx72_NaAc_0.25M_JNL_10off_20on_20off,532,53.109,38878800,-9.9661578301748
csuEx72_NaAc_0.25M_JNL_10off_20on_20off,533,53.209,38827500,-10.084956149652562
csuEx72_NaAc_0.25M_JNL_10off_20on_20off,534,53.309,39032600,-9.60999444741301
csuEx72_NaAc_0.25M_JNL_10off_20on_20off,535,53.409,39130000,-9.384439743375308
csuEx72_NaAc_0.25M_JNL_10off_20on_20off,536,53.509,39193400,-9.237620767646456
csuEx72_NaAc_0.25M_JNL_10off_20on_20off,537,53.609,38860500,-10.008536178058682
csuEx72_NaAc_0.25M_JNL_10off_20on_20off,538,53.709,38941100,-9.821886186832412
csuEx72_NaAc_0.25M_JNL_10off_20on_20off,539,53.809,39030700,-9.614394385171446
csuEx72_NaAc_0.25M_JNL_10off_20on_20off,540,53.909,39038400,-9.596563058466206
csuEx72_NaAc_0.25M_JNL_10off_20on_20off,541,54.009,38872800,-9.980052370464598
csuEx72_NaAc_0.25M_JNL_10off_20on_20off,542,54.109,39125900,-9.39393434590667
csuEx72_NaAc_0.25M_JNL_10off_20on_20off,543,54.209,39164200,-9.305240863723467
csuEx72_NaAc_0.25M_JNL_10off_20on_20off,544,54.309,38887200,-9.946705473769086
csuEx72_NaAc_0.25M_JNL_10off_20on_20off,545,54.409,38939300,-9.82605454891935
csuEx72_NaAc_0.25M_JNL_10off_20on_20off,546,54.509,38878600,-9.966620981517794
csuEx72_NaAc_0.25M_JNL_10off_20on_20off,547,54.609,38726600,-10.318616002192647
csuEx72_NaAc_0.25M_JNL_10off_20on_20off,548,54.709,38743200,-10.280174440724208
csuEx72_NaAc_0.25M_JNL_10off_20on_20off,549,54.809,38826700,-10.086808755024537
csuEx72_NaAc_0.25M_JNL_10off_20on_20off,550,54.909,39136100,-9.370313627414015
csuEx72_NaAc_0.25M_JNL_10off_20on_20off,551,55.009,39186700,-9.253136337636729
csuEx72_NaAc_0.25M_JNL_10off_20on_20off,552,55.109,38931100,-9.845043753982072
csuEx72_NaAc_0.25M_JNL_10off_20on_20off,553,55.209,38854100,-10.023357021034464
csuEx72_NaAc_0.25M_JNL_10off_20on_20off,554,55.309,39057100,-9.55325840789634
csuEx72_NaAc_0.25M_JNL_10off_20on_20off,555,55.409,38507200,-10.826693025456215
csuEx72_NaAc_0.25M_JNL_10off_20on_20off,556,55.509,38981600,-9.728098039876283
csuEx72_NaAc_0.25M_JNL_10off_20on_20off,557,55.609,38578200,-10.66227429869362
csuEx72_NaAc_0.25M_JNL_10off_20on_20off,558,55.709,39006400,-9.670667273345122
csuEx72_NaAc_0.25M_JNL_10off_20on_20off,559,55.809,38755600,-10.251459057458629
csuEx72_NaAc_0.25M_JNL_10off_20on_20off,560,55.909,38750600,-10.263037841033459
csuEx72_NaAc_0.25M_JNL_10off_20on_20off,561,56.009,38431500,-11.001995808779151
csuEx72_NaAc_0.25M_JNL_10off_20on_20off,562,56.109,38622400,-10.559917851892116
csuEx72_NaAc_0.25M_JNL_10off_20on_20off,563,56.209,38977600,-9.737361066736147
csuEx72_NaAc_0.25M_JNL_10off_20on_20off,564,56.309,38492400,-10.860966224837714
csuEx72_NaAc_0.25M_JNL_10off_20on_20off,565,56.409,38413000,-11.044837308006025
csuEx72_NaAc_0.25M_JNL_10off_20on_20off,566,56.509,38382100,-11.116394190498479
csuEx72_NaAc_0.25M_JNL_10off_20on_20off,567,56.609,38595800,-10.621516980510217
csuEx72_NaAc_0.25M_JNL_10off_20on_20off,568,56.709,38595900,-10.62128540483872
csuEx72_NaAc_0.25M_JNL_10off_20on_20off,569,56.809,38745500,-10.274848200279786
csuEx72_NaAc_0.25M_JNL_10off_20on_20off,570,56.909,38514400,-10.81001957710846
csuEx72_NaAc_0.25M_JNL_10off_20on_20off,571,57.009,39053200,-9.562289859084707
csuEx72_NaAc_0.25M_JNL_10off_20on_20off,572,57.109,38680300,-10.425835538095578
csuEx72_NaAc_0.25M_JNL_10off_20on_20off,573,57.209,38566100,-10.69029495494471
csuEx72_NaAc_0.25M_JNL_10off_20on_20off,574,57.309,38652300,-10.49067672611463
csuEx72_NaAc_0.25M_JNL_10off_20on_20off,575,57.409,38772200,-10.213017495990192
csuEx72_NaAc_0.25M_JNL_10off_20on_20off,576,57.509,38914500,-9.88348531545051
csuEx72_NaAc_0.25M_JNL_10off_20on_20off,577,57.609,38487200,-10.873008159755537
csuEx72_NaAc_0.25M_JNL_10off_20on_20off,578,57.709,38454400,-10.948964980006428
csuEx72_NaAc_0.25M_JNL_10off_20on_20off,579,57.809,38526300,-10.782462072200362
csuEx72_NaAc_0.25M_JNL_10off_20on_20off,580,57.909,38133900,-11.691165007153073
csuEx72_NaAc_0.25M_JNL_10off_20on_20off,581,58.009,38729400,-10.312131883390741
csuEx72_NaAc_0.25M_JNL_10off_20on_20off,582,58.109,38462800,-10.929512623600711
csuEx72_NaAc_0.25M_JNL_10off_20on_20off,583,58.209,38528500,-10.777367407427436
csuEx72_NaAc_0.25M_JNL_10off_20on_20off,584,58.309,38418300,-11.032563797416705
csuEx72_NaAc_0.25M_JNL_10off_20on_20off,585,58.409,38689500,-10.40453057631789
csuEx72_NaAc_0.25M_JNL_10off_20on_20off,586,58.509,38278100,-11.357232888854956
csuEx72_NaAc_0.25M_JNL_10off_20on_20off,587,58.609,38598600,-10.615032861708311
csuEx72_NaAc_0.25M_JNL_10off_20on_20off,588,58.709,38519700,-10.797746066519139
csuEx72_NaAc_0.25M_JNL_10off_20on_20off,589,58.809,38218900,-11.49432568638095
csuEx72_NaAc_0.25M_JNL_10off_20on_20off,590,58.909,38222600,-11.485757386535576
csuEx72_NaAc_0.25M_JNL_10off_20on_20off,591,59.009,38136500,-11.685144039694158
csuEx72_NaAc_0.25M_JNL_10off_20on_20off,592,59.109,38773400,-10.210238587932231
csuEx72_NaAc_0.25M_JNL_10off_20on_20off,593,59.209,38626000,-10.551581127718238
csuEx72_NaAc_0.25M_JNL_10off_20on_20off,594,59.309,38443700,-10.973743576856565
csuEx72_NaAc_0.25M_JNL_10off_20on_20off,595,59.409,38292900,-11.322959689473457
csuEx72_NaAc_0.25M_JNL_10off_20on_20off,596,59.509,38511900,-10.815808968895874
csuEx72_NaAc_0.25M_JNL_10off_20on_20off,597,59.609,38230300,-11.467926059830337
csuEx72_NaAc_0.25M_JNL_10off_20on_20off,598,59.709,38287200,-11.336159502748764
csuEx72_NaAc_0.25M_JNL_10off_20on_20off,599,59.809,38094100,-11.783332124408725
csuEx72_NaAc_0.25M_JNL_10off_20on_20off,600,59.909,38567000,-10.688210773901242
