stim_jnl,frame,time_s,fluor,dff
csuEx93_NH4I_0.25M_500ms_JNL_10off_20on_20off,2,0.5,2972130,42.91983502239056
csuEx93_NH4I_0.25M_500ms_JNL_10off_20on_20off,3,1,2891160,39.02625733845245
csuEx93_NH4I_0.25M_500ms_JNL_10off_20on_20off,4,1.5,2757780,32.61245727072781
csuEx93_NH4I_0.25M_500ms_JNL_10off_20on_20off,5,2,2821110,35.65778609280759
csuEx93_NH4I_0.25M_500ms_JNL_10off_20on_20off,6,2.5,2828880,36.03141952005471
csuEx93_NH4I_0.25M_500ms_JNL_10off_20on_20off,7,3,2858390,37.45045715687098
csuEx93_NH4I_0.25M_500ms_JNL_10off_20on_20off,8,3.5,2831950,36.17904559748697
csuEx93_NH4I_0.25M_500ms_JNL_10off_20on_20off,9,4,2767680,33.08851530544421
csuEx93_NH4I_0.25M_500ms_JNL_10off_20on_20off,10,4.505,2751360,32.303740848214744
csuEx93_NH4I_0.25M_500ms_JNL_10off_20on_20off,11,5.005,2699180,29.794578398568078
csuEx93_NH4I_0.25M_500ms_JNL_10off_20on_20off,12,5.505,2585490,24.32760486655717
csuEx93_NH4I_0.25M_500ms_JNL_10off_20on_20off,13,6.005,2439630,17.313683155068816
csuEx93_NH4I_0.25M_500ms_JNL_10off_20on_20off,14,6.505,2307530,10.961434025166088
csuEx93_NH4I_0.25M_500ms_JNL_10off_20on_20off,15,7.005,2180130,4.835192245078219
csuEx93_NH4I_0.25M_500ms_JNL_10off_20on_20off,16,7.505,2238500,7.64201118309807
csuEx93_NH4I_0.25M_500ms_JNL_10off_20on_20off,17,8.005,2163730,4.046570854234883
csuEx93_NH4I_0.25M_500ms_JNL_10off_20on_20off,18,8.505,2079349.9999999998,-0.01098237499444019
csuEx93_NH4I_0.25M_500ms_JNL_10off_20on_20off,19,9.005,2006959.9999999998,-3.4919764288449957
csuEx93_NH4I_0.25M_500ms_JNL_10off_20on_20off,20,9.506,1960300,-5.735700459134623
csuEx93_NH4I_0.25M_500ms_JNL_10off_20on_20off,21,10.006,1928130,-7.28264863861207
csuEx93_NH4I_0.25M_500ms_JNL_10off_20on_20off,22,10.506,2248700,8.132495218866485
csuEx93_NH4I_0.25M_500ms_JNL_10off_20on_20off,23,11.006,2397020,15.264710138981341
csuEx93_NH4I_0.25M_500ms_JNL_10off_20on_20off,24,11.506,2495810,20.015192285408975
csuEx93_NH4I_0.25M_500ms_JNL_10off_20on_20off,25,12.006,2602420,25.141712192592397
csuEx93_NH4I_0.25M_500ms_JNL_10off_20on_20off,26,12.506,2552830,22.75709421869477
csuEx93_NH4I_0.25M_500ms_JNL_10off_20on_20off,27,13.006,2538620,22.073782635531124
csuEx93_NH4I_0.25M_500ms_JNL_10off_20on_20off,28,13.506,2374000,14.157754991590268
csuEx93_NH4I_0.25M_500ms_JNL_10off_20on_20off,29,14.006,2178620,4.762581373116424
csuEx93_NH4I_0.25M_500ms_JNL_10off_20on_20off,30,14.504,1963620,-5.576052714159021
csuEx93_NH4I_0.25M_500ms_JNL_10off_20on_20off,31,15.004,1663730,-19.9967642324522
csuEx93_NH4I_0.25M_500ms_JNL_10off_20on_20off,32,15.504,1803590,-13.27136254200409
csuEx93_NH4I_0.25M_500ms_JNL_10off_20on_20off,33,16.004,1860610,-10.529460608718294
csuEx93_NH4I_0.25M_500ms_JNL_10off_20on_20off,34,16.504,1928270,-7.275916504787798
csuEx93_NH4I_0.25M_500ms_JNL_10off_20on_20off,35,17.004,1722640,-17.163978492538728
csuEx93_NH4I_0.25M_500ms_JNL_10off_20on_20off,36,17.504,1680690,-19.181214306311777
csuEx93_NH4I_0.25M_500ms_JNL_10off_20on_20off,37,18.004,1587590,-23.658083299452908
csuEx93_NH4I_0.25M_500ms_JNL_10off_20on_20off,38,18.504,1501850,-27.78103440011801
csuEx93_NH4I_0.25M_500ms_JNL_10off_20on_20off,39,19.004,1554160,-25.265620683348804
csuEx93_NH4I_0.25M_500ms_JNL_10off_20on_20off,40,19.504,1573420,-24.339471415809623
csuEx93_NH4I_0.25M_500ms_JNL_10off_20on_20off,41,20.004,1649810,-20.666130681265567
csuEx93_NH4I_0.25M_500ms_JNL_10off_20on_20off,42,20.504,1442990,-30.611415806522814
csuEx93_NH4I_0.25M_500ms_JNL_10off_20on_20off,43,21.004,1358380,-34.680028969892
csuEx93_NH4I_0.25M_500ms_JNL_10off_20on_20off,44,21.504,1272690,-38.80057573704843
csuEx93_NH4I_0.25M_500ms_JNL_10off_20on_20off,45,22.004,1372950,-33.97940618546594
csuEx93_NH4I_0.25M_500ms_JNL_10off_20on_20off,46,22.504,1343230,-35.40854202301862
csuEx93_NH4I_0.25M_500ms_JNL_10off_20on_20off,47,23.005,1299310,-37.52050857703321
csuEx93_NH4I_0.25M_500ms_JNL_10off_20on_20off,48,23.505,1285600,-38.179776825110174
csuEx93_NH4I_0.25M_500ms_JNL_10off_20on_20off,49,24.005,1231550,-40.77886134798105
csuEx93_NH4I_0.25M_500ms_JNL_10off_20on_20off,50,24.505,1148750,-44.76043763833643
csuEx93_NH4I_0.25M_500ms_JNL_10off_20on_20off,51,25.005,1070400,-48.52802824642029
csuEx93_NH4I_0.25M_500ms_JNL_10off_20on_20off,52,25.505,1163070,-44.07183652145371
csuEx93_NH4I_0.25M_500ms_JNL_10off_20on_20off,53,26.005,1073740,-48.367418768041226
csuEx93_NH4I_0.25M_500ms_JNL_10off_20on_20off,54,26.505,1080260,-48.053893678510825
csuEx93_NH4I_0.25M_500ms_JNL_10off_20on_20off,55,27.005,1034620.0000000001,-50.24856930522361
csuEx93_NH4I_0.25M_500ms_JNL_10off_20on_20off,63,31.005,1008240,-51.517095664397225
csuEx93_NH4I_0.25M_500ms_JNL_10off_20on_20off,64,31.505,1108940,-46.67476797793845
csuEx93_NH4I_0.25M_500ms_JNL_10off_20on_20off,65,32.005,1002180.0000000001,-51.80850088564787
