stim_jnl,frame,time_s,fluor,dff
csuEx72_bluelightbasal_JNL_10off_20on_20off,2,0.1,19958800,-4.74682633262932
csuEx72_bluelightbasal_JNL_10off_20on_20off,3,0.2,20568600,-1.8365619228269952
csuEx72_bluelightbasal_JNL_10off_20on_20off,4,0.3,20492800,-2.198316665796848
csuEx72_bluelightbasal_JNL_10off_20on_20off,5,0.4,20500200,-2.163000239702166
csuEx72_bluelightbasal_JNL_10off_20on_20off,6,0.5,20411500,-2.5863201038370724
csuEx72_bluelightbasal_JNL_10off_20on_20off,7,0.6,20495500,-2.1854309427623018
csuEx72_bluelightbasal_JNL_10off_20on_20off,8,0.71,20401700,-2.6330905059624627
csuEx72_bluelightbasal_JNL_10off_20on_20off,9,0.8,20359600.000000004,-2.83401233550111
csuEx72_bluelightbasal_JNL_10off_20on_20off,10,0.9,20384400,-2.7156545831838144
csuEx72_bluelightbasal_JNL_10off_20on_20off,11,1,20360000,-2.8321033394960096
csuEx72_bluelightbasal_JNL_10off_20on_20off,12,1.1,20723900,-1.0953942238399486
csuEx72_bluelightbasal_JNL_10off_20on_20off,13,1.2,20829600,-0.5909420294875286
csuEx72_bluelightbasal_JNL_10off_20on_20off,14,1.3,20805300,-0.7069135367984445
csuEx72_bluelightbasal_JNL_10off_20on_20off,15,1.4,20928100,-0.12085176322723179
csuEx72_bluelightbasal_JNL_10off_20on_20off,16,1.51,20870500,-0.3957471879642176
csuEx72_bluelightbasal_JNL_10off_20on_20off,17,1.6,20830200,-0.5880785354798517
csuEx72_bluelightbasal_JNL_10off_20on_20off,18,1.7,20750900,-0.9665369934944866
csuEx72_bluelightbasal_JNL_10off_20on_20off,19,1.8,20738800,-1.0242841226493047
csuEx72_bluelightbasal_JNL_10off_20on_20off,20,1.9,20975799.999999996,0.10679601038306676
csuEx72_bluelightbasal_JNL_10off_20on_20off,21,2,20914900,-0.18384863139612437
csuEx72_bluelightbasal_JNL_10off_20on_20off,22,2.1,20958000,0.02184568815533547
csuEx72_bluelightbasal_JNL_10off_20on_20off,23,2.2,20954600,0.005619222111832838
csuEx72_bluelightbasal_JNL_10off_20on_20off,24,2.3,20980500.000000004,0.1292267134432383
csuEx72_bluelightbasal_JNL_10off_20on_20off,25,2.4,20815300,-0.6591886366704955
csuEx72_bluelightbasal_JNL_10off_20on_20off,26,2.5,20962700,0.04427639121547146
csuEx72_bluelightbasal_JNL_10off_20on_20off,27,2.6,21004400,0.24328922474901846
csuEx72_bluelightbasal_JNL_10off_20on_20off,28,2.7,20877600,-0.3618625088733738
csuEx72_bluelightbasal_JNL_10off_20on_20off,29,2.8,21096499.999999996,0.6828355549274101
csuEx72_bluelightbasal_JNL_10off_20on_20off,30,2.9,21020200,0.3186945669511777
csuEx72_bluelightbasal_JNL_10off_20on_20off,31,3,21060500.000000004,0.5110259144668297
csuEx72_bluelightbasal_JNL_10off_20on_20off,32,3.1,20880300,-0.3489767858388276
csuEx72_bluelightbasal_JNL_10off_20on_20off,33,3.2,21030500,0.3678512140829651
csuEx72_bluelightbasal_JNL_10off_20on_20off,34,3.3,21060100,0.5091169184616938
csuEx72_bluelightbasal_JNL_10off_20on_20off,35,3.4,21142599.999999996,0.9028473445172547
csuEx72_bluelightbasal_JNL_10off_20on_20off,36,3.5,21114200,0.7673086281538976
csuEx72_bluelightbasal_JNL_10off_20on_20off,37,3.6,21198200,1.1681977892286683
csuEx72_bluelightbasal_JNL_10off_20on_20off,38,3.7,21165700,1.0130918638128343
csuEx72_bluelightbasal_JNL_10off_20on_20off,39,3.8,21190600,1.1319268651314272
csuEx72_bluelightbasal_JNL_10off_20on_20off,40,3.9,21295600,1.633038316474891
csuEx72_bluelightbasal_JNL_10off_20on_20off,41,4,21020000,0.3177400689486187
csuEx72_bluelightbasal_JNL_10off_20on_20off,42,4.1,21116500,0.7782853551833258
csuEx72_bluelightbasal_JNL_10off_20on_20off,43,4.2,21164900.000000004,1.0092738718026164
csuEx72_bluelightbasal_JNL_10off_20on_20off,44,4.3,21279400,1.5557239782676135
csuEx72_bluelightbasal_JNL_10off_20on_20off,45,4.4,21430200,2.2754154721970834
csuEx72_bluelightbasal_JNL_10off_20on_20off,46,4.5,21293600,1.6234933364493012
csuEx72_bluelightbasal_JNL_10off_20on_20off,47,4.6,21350400,1.894570769176051
csuEx72_bluelightbasal_JNL_10off_20on_20off,48,4.7,21382200,2.0463359515829285
csuEx72_bluelightbasal_JNL_10off_20on_20off,49,4.8,21298000,1.6444922925055987
csuEx72_bluelightbasal_JNL_10off_20on_20off,50,4.9,21454600,2.3918642285092786
csuEx72_bluelightbasal_JNL_10off_20on_20off,51,5,21303700,1.6716954855785295
csuEx72_bluelightbasal_JNL_10off_20on_20off,52,5.1,21350800,1.896479765181169
csuEx72_bluelightbasal_JNL_10off_20on_20off,53,5.2,21404899.999999996,2.1546714748733544
csuEx72_bluelightbasal_JNL_10off_20on_20off,54,5.3,21389999.999999996,2.083561373682711
csuEx72_bluelightbasal_JNL_10off_20on_20off,55,5.4,21470500,2.4677468197127173
csuEx72_bluelightbasal_JNL_10off_20on_20off,56,5.5,21465700,2.4448388676513018
csuEx72_bluelightbasal_JNL_10off_20on_20off,57,5.6,21437500,2.3102546492904863
csuEx72_bluelightbasal_JNL_10off_20on_20off,58,5.7,21468900,2.460110835692246
csuEx72_bluelightbasal_JNL_10off_20on_20off,59,5.8,21497700,2.5975585480607384
csuEx72_bluelightbasal_JNL_10off_20on_20off,60,5.9,21365100,1.9647263723641357
csuEx72_bluelightbasal_JNL_10off_20on_20off,61,6,21533800,2.7698454375226342
csuEx72_bluelightbasal_JNL_10off_20on_20off,62,6.1,21495700.000000004,2.588013568035166
csuEx72_bluelightbasal_JNL_10off_20on_20off,63,6.2,21377000,2.021519003516395
csuEx72_bluelightbasal_JNL_10off_20on_20off,64,6.3,21400300,2.132718020814516
csuEx72_bluelightbasal_JNL_10off_20on_20off,65,6.41,21430600.000000004,2.277324468202219
csuEx72_bluelightbasal_JNL_10off_20on_20off,66,6.5,21523200,2.719257043387008
csuEx72_bluelightbasal_JNL_10off_20on_20off,67,6.6,21349700,1.8912300261670945
csuEx72_bluelightbasal_JNL_10off_20on_20off,68,6.7,21530000,2.7517099754740135
csuEx72_bluelightbasal_JNL_10off_20on_20off,69,6.8,21815600,4.114733123128234
csuEx72_bluelightbasal_JNL_10off_20on_20off,70,6.9,21882799.999999996,4.435444451988033
csuEx72_bluelightbasal_JNL_10off_20on_20off,71,7,21731600.000000004,3.713843962053481
csuEx72_bluelightbasal_JNL_10off_20on_20off,72,7.1,21960500,4.8062669259822135
csuEx72_bluelightbasal_JNL_10off_20on_20off,73,7.2,21844100,4.2507490884928885
csuEx72_bluelightbasal_JNL_10off_20on_20off,74,7.3,21945300,4.7337250777877315
csuEx72_bluelightbasal_JNL_10off_20on_20off,75,7.4,21988500.000000004,4.939896646340489
csuEx72_bluelightbasal_JNL_10off_20on_20off,76,7.5,21849700,4.27747503256454
csuEx72_bluelightbasal_JNL_10off_20on_20off,77,7.6,21889400,4.466942886072498
csuEx72_bluelightbasal_JNL_10off_20on_20off,78,7.7,21911200,4.570983168351426
csuEx72_bluelightbasal_JNL_10off_20on_20off,79,7.8,21902499.999999996,4.529462505240093
csuEx72_bluelightbasal_JNL_10off_20on_20off,80,7.9,22036200,5.167544419950787
csuEx72_bluelightbasal_JNL_10off_20on_20off,81,8,21989899.999999996,4.946578132358366
csuEx72_bluelightbasal_JNL_10off_20on_20off,82,8.1,21960700.000000004,4.807221423984791
csuEx72_bluelightbasal_JNL_10off_20on_20off,83,8.2,21991600,4.954691365380135
csuEx72_bluelightbasal_JNL_10off_20on_20off,84,8.3,21881900,4.431149210976535
csuEx72_bluelightbasal_JNL_10off_20on_20off,85,8.4,22073900,5.347467293433155
csuEx72_bluelightbasal_JNL_10off_20on_20off,86,8.5,21932900,4.6745462016290755
csuEx72_bluelightbasal_JNL_10off_20on_20off,87,8.6,21872500,4.386287804856264
csuEx72_bluelightbasal_JNL_10off_20on_20off,88,8.7,21968600,4.844924095085853
csuEx72_bluelightbasal_JNL_10off_20on_20off,89,8.8,21828800,4.177729991297127
csuEx72_bluelightbasal_JNL_10off_20on_20off,90,8.9,21938300,4.700317647698168
csuEx72_bluelightbasal_JNL_10off_20on_20off,91,9,21989899.999999996,4.946578132358366
csuEx72_bluelightbasal_JNL_10off_20on_20off,92,9.11,22025700,5.117433274816441
csuEx72_bluelightbasal_JNL_10off_20on_20off,93,9.2,22114800,5.5426621349564655
csuEx72_bluelightbasal_JNL_10off_20on_20off,94,9.3,21992100,4.957077610386533
csuEx72_bluelightbasal_JNL_10off_20on_20off,95,9.4,22154800,5.733561735468261
csuEx72_bluelightbasal_JNL_10off_20on_20off,96,9.5,22168500,5.7989448486435515
csuEx72_bluelightbasal_JNL_10off_20on_20off,97,9.6,22413500,6.968204901778299
csuEx72_bluelightbasal_JNL_10off_20on_20off,98,9.7,23160599.999999996,10.533732190337346
csuEx72_bluelightbasal_JNL_10off_20on_20off,99,9.8,22223900,6.063340795352389
csuEx72_bluelightbasal_JNL_10off_20on_20off,100,9.9,21969300,4.848264838094809
csuEx72_bluelightbasal_JNL_10off_20on_20off,101,10,22091400,5.430985868657066
csuEx72_bluelightbasal_JNL_10off_20on_20off,102,10.1,22004600,5.016733735546469
csuEx72_bluelightbasal_JNL_10off_20on_20off,103,10.2,22092000,5.433849362664742
csuEx72_bluelightbasal_JNL_10off_20on_20off,104,10.3,22083300,5.392328699553427
csuEx72_bluelightbasal_JNL_10off_20on_20off,105,10.41,22183600,5.871009447836754
csuEx72_bluelightbasal_JNL_10off_20on_20off,106,10.5,22117600,5.556025106992292
csuEx72_bluelightbasal_JNL_10off_20on_20off,107,10.6,21958300,4.7957674479540655
csuEx72_bluelightbasal_JNL_10off_20on_20off,108,10.7,22075000,5.352717032447229
csuEx72_bluelightbasal_JNL_10off_20on_20off,109,10.8,21941300,4.714635117736552
csuEx72_bluelightbasal_JNL_10off_20on_20off,110,10.9,22018600,5.083548595725597
csuEx72_bluelightbasal_JNL_10off_20on_20off,111,11,22070200,5.329809080385814
csuEx72_bluelightbasal_JNL_10off_20on_20off,112,11.1,22020900,5.094525322755026
csuEx72_bluelightbasal_JNL_10off_20on_20off,113,11.2,21921300,4.619185317480654
csuEx72_bluelightbasal_JNL_10off_20on_20off,114,11.31,22008800,5.036778193600208
csuEx72_bluelightbasal_JNL_10off_20on_20off,115,11.41,21972000,4.861150561129356
csuEx72_bluelightbasal_JNL_10off_20on_20off,116,11.51,22198500,5.942119549027399
csuEx72_bluelightbasal_JNL_10off_20on_20off,117,11.6,22268400,6.275716600921761
csuEx72_bluelightbasal_JNL_10off_20on_20off,118,11.7,22169600,5.804194587657626
csuEx72_bluelightbasal_JNL_10off_20on_20off,119,11.809,22203900,5.96789099509649
csuEx72_bluelightbasal_JNL_10off_20on_20off,120,11.91,22249900,6.187425535685056
csuEx72_bluelightbasal_JNL_10off_20on_20off,121,12.01,22321399.999999996,6.528658571599872
csuEx72_bluelightbasal_JNL_10off_20on_20off,122,12.109,22269400,6.280489090934556
csuEx72_bluelightbasal_JNL_10off_20on_20off,123,12.21,22267800.000000004,6.272853106914102
csuEx72_bluelightbasal_JNL_10off_20on_20off,124,12.31,22119300,5.564138340014043
csuEx72_bluelightbasal_JNL_10off_20on_20off,125,12.41,22266800,6.2680806169012895
csuEx72_bluelightbasal_JNL_10off_20on_20off,126,12.51,22186400,5.88437241987258
csuEx72_bluelightbasal_JNL_10off_20on_20off,127,12.61,22175600.000000004,5.832829527734413
csuEx72_bluelightbasal_JNL_10off_20on_20off,128,12.71,22241700,6.148291117580137
csuEx72_bluelightbasal_JNL_10off_20on_20off,129,12.81,22126600,5.598977517107446
csuEx72_bluelightbasal_JNL_10off_20on_20off,130,12.91,22199399.999999996,5.946414790038896
csuEx72_bluelightbasal_JNL_10off_20on_20off,131,13.01,22036400,5.168498917953347
csuEx72_bluelightbasal_JNL_10off_20on_20off,132,13.11,22111100,5.525003921909125
csuEx72_bluelightbasal_JNL_10off_20on_20off,133,13.21,22089400,5.4214408886314756
csuEx72_bluelightbasal_JNL_10off_20on_20off,134,13.31,22249500.000000004,6.185516539679956
csuEx72_bluelightbasal_JNL_10off_20on_20off,135,13.41,22264400.000000004,6.2566266408706
csuEx72_bluelightbasal_JNL_10off_20on_20off,136,13.51,22160000.000000004,5.758378683534813
csuEx72_bluelightbasal_JNL_10off_20on_20off,137,13.61,22117300.000000004,5.554593359988471
csuEx72_bluelightbasal_JNL_10off_20on_20off,138,13.71,22254999.999999996,6.211765234750292
csuEx72_bluelightbasal_JNL_10off_20on_20off,139,13.81,22044700,5.2081105850595435
csuEx72_bluelightbasal_JNL_10off_20on_20off,140,13.91,22138800,5.657201895263543
csuEx72_bluelightbasal_JNL_10off_20on_20off,141,14.01,22402400,6.9152302626362765
csuEx72_bluelightbasal_JNL_10off_20on_20off,142,14.11,22447200,7.129037815209488
csuEx72_bluelightbasal_JNL_10off_20on_20off,143,14.21,22499200,7.377207295874823
csuEx72_bluelightbasal_JNL_10off_20on_20off,144,14.31,22399100,6.899481045594054
csuEx72_bluelightbasal_JNL_10off_20on_20off,145,14.41,22452400,7.153854763276021
csuEx72_bluelightbasal_JNL_10off_20on_20off,146,14.51,22441900,7.103743618141675
csuEx72_bluelightbasal_JNL_10off_20on_20off,147,14.61,22487600,7.321846411726401
csuEx72_bluelightbasal_JNL_10off_20on_20off,148,14.71,22511300,7.43495442502964
csuEx72_bluelightbasal_JNL_10off_20on_20off,149,14.81,22391400,6.862732872495533
csuEx72_bluelightbasal_JNL_10off_20on_20off,150,14.91,22286900,6.364007666158466
csuEx72_bluelightbasal_JNL_10off_20on_20off,151,15.01,22486500,7.316596672712327
csuEx72_bluelightbasal_JNL_10off_20on_20off,152,15.11,22479000,7.280802997616366
csuEx72_bluelightbasal_JNL_10off_20on_20off,153,15.21,22287700,6.367825658168702
csuEx72_bluelightbasal_JNL_10off_20on_20off,154,15.31,22420200,7.000180584864026
csuEx72_bluelightbasal_JNL_10off_20on_20off,155,15.41,22396500,6.887072571560787
csuEx72_bluelightbasal_JNL_10off_20on_20off,156,15.51,22197500,5.937347059014604
csuEx72_bluelightbasal_JNL_10off_20on_20off,157,15.61,22261900,6.244695415838594
csuEx72_bluelightbasal_JNL_10off_20on_20off,158,15.71,22196800,5.9340063160056475
csuEx72_bluelightbasal_JNL_10off_20on_20off,159,15.81,22275400,6.309124031011326
csuEx72_bluelightbasal_JNL_10off_20on_20off,160,15.91,22339300,6.614086142828919
csuEx72_bluelightbasal_JNL_10off_20on_20off,161,16.01,22205100,5.973617983111844
csuEx72_bluelightbasal_JNL_10off_20on_20off,162,16.11,22285600,6.357803429141834
csuEx72_bluelightbasal_JNL_10off_20on_20off,163,16.21,22110500,5.522140427901448
csuEx72_bluelightbasal_JNL_10off_20on_20off,164,16.31,22307200,6.460889213418203
csuEx72_bluelightbasal_JNL_10off_20on_20off,165,16.41,22194900,5.924938584981336
csuEx72_bluelightbasal_JNL_10off_20on_20off,166,16.51,22308800,6.468525197438675
csuEx72_bluelightbasal_JNL_10off_20on_20off,167,16.61,22262000,6.245172664839874
csuEx72_bluelightbasal_JNL_10off_20on_20off,168,16.71,22194300,5.92207509097366
csuEx72_bluelightbasal_JNL_10off_20on_20off,169,16.81,22216200,6.026592622253868
csuEx72_bluelightbasal_JNL_10off_20on_20off,170,16.91,22160000.000000004,5.758378683534813
csuEx72_bluelightbasal_JNL_10off_20on_20off,171,17.01,22111500,5.526912917914243
csuEx72_bluelightbasal_JNL_10off_20on_20off,172,17.11,22205499.999999996,5.975526979116945
csuEx72_bluelightbasal_JNL_10off_20on_20off,173,17.21,22416700,6.983476869819244
csuEx72_bluelightbasal_JNL_10off_20on_20off,174,17.31,22456200,7.171990225324641
csuEx72_bluelightbasal_JNL_10off_20on_20off,176,17.51,22491300,7.339504624773742
csuEx72_bluelightbasal_JNL_10off_20on_20off,177,17.61,22348499.999999996,6.657993050946614
csuEx72_bluelightbasal_JNL_10off_20on_20off,178,17.71,22491800,7.341890869780141
csuEx72_bluelightbasal_JNL_10off_20on_20off,179,17.81,22547500,7.607718563492815
csuEx72_bluelightbasal_JNL_10off_20on_20off,180,17.91,22401200,6.909503274620923
csuEx72_bluelightbasal_JNL_10off_20on_20off,181,18.01,22363500,6.729580401138556
csuEx72_bluelightbasal_JNL_10off_20on_20off,182,18.11,22473900.000000004,7.256463298551129
csuEx72_bluelightbasal_JNL_10off_20on_20off,183,18.21,22463900,7.208738398423163
csuEx72_bluelightbasal_JNL_10off_20on_20off,184,18.31,22293900,6.397415096248031
csuEx72_bluelightbasal_JNL_10off_20on_20off,185,18.41,22437400,7.082267413084098
csuEx72_bluelightbasal_JNL_10off_20on_20off,186,18.51,22432000,7.056495967015006
csuEx72_bluelightbasal_JNL_10off_20on_20off,187,18.61,22321200,6.527704073597332
csuEx72_bluelightbasal_JNL_10off_20on_20off,188,18.71,22235900,6.120610675505928
csuEx72_bluelightbasal_JNL_10off_20on_20off,189,18.81,22373900,6.779214297271623
csuEx72_bluelightbasal_JNL_10off_20on_20off,190,18.91,22360699.999999996,6.716217429102713
csuEx72_bluelightbasal_JNL_10off_20on_20off,191,19.01,22305400,6.452298731395172
csuEx72_bluelightbasal_JNL_10off_20on_20off,192,19.11,22110000,5.51975418289505
csuEx72_bluelightbasal_JNL_10off_20on_20off,193,19.21,22167100,5.792263362625639
csuEx72_bluelightbasal_JNL_10off_20on_20off,194,19.31,22432500.000000004,7.0588822120214205
csuEx72_bluelightbasal_JNL_10off_20on_20off,195,19.41,22361500,6.720035421112966
csuEx72_bluelightbasal_JNL_10off_20on_20off,196,19.51,22432800,7.060313959025241
csuEx72_bluelightbasal_JNL_10off_20on_20off,197,19.61,22444799.999999996,7.117583839178762
csuEx72_bluelightbasal_JNL_10off_20on_20off,198,19.71,22489200,7.329482395746874
csuEx72_bluelightbasal_JNL_10off_20on_20off,199,19.81,22586900,7.795754669996933
csuEx72_bluelightbasal_JNL_10off_20on_20off,200,19.91,22535100,7.548539687334159
csuEx72_bluelightbasal_JNL_10off_20on_20off,201,20.01,22475800,7.265531029575421
csuEx72_bluelightbasal_JNL_10off_20on_20off,202,20.11,22298900,6.421277546312005
csuEx72_bluelightbasal_JNL_10off_20on_20off,203,20.21,22291500.000000004,6.385961120217341
csuEx72_bluelightbasal_JNL_10off_20on_20off,204,20.31,22370000,6.760601586221722
csuEx72_bluelightbasal_JNL_10off_20on_20off,205,20.41,22408800.000000004,6.945774198718182
csuEx72_bluelightbasal_JNL_10off_20on_20off,206,20.51,22334700,6.592132688770063
csuEx72_bluelightbasal_JNL_10off_20on_20off,207,20.61,22149500,5.708267538400449
csuEx72_bluelightbasal_JNL_10off_20on_20off,208,20.71,22215400,6.022774630243632
csuEx72_bluelightbasal_JNL_10off_20on_20off,209,20.81,22289700,6.377370638194292
csuEx72_bluelightbasal_JNL_10off_20on_20off,210,20.91,22198300,5.941165051024839
csuEx72_bluelightbasal_JNL_10off_20on_20off,211,21.01,22165700,5.785581876607726
csuEx72_bluelightbasal_JNL_10off_20on_20off,212,21.11,22471100,7.243100326515285
csuEx72_bluelightbasal_JNL_10off_20on_20off,213,21.21,22551000,7.6244222785375975
csuEx72_bluelightbasal_JNL_10off_20on_20off,214,21.31,22484300,7.306097194684178
csuEx72_bluelightbasal_JNL_10off_20on_20off,215,21.41,22432400,7.0584049630201235
csuEx72_bluelightbasal_JNL_10off_20on_20off,216,21.51,22433100,7.06174570602908
csuEx72_bluelightbasal_JNL_10off_20on_20off,217,21.602,22355600,6.691877730037475
csuEx72_bluelightbasal_JNL_10off_20on_20off,218,21.707,22433300,7.062700204031638
csuEx72_bluelightbasal_JNL_10off_20on_20off,219,21.807,22441700,7.102789120139116
csuEx72_bluelightbasal_JNL_10off_20on_20off,220,21.907,22327600,6.558248009679218
csuEx72_bluelightbasal_JNL_10off_20on_20off,221,22.007,22206400,5.979822220128478
csuEx72_bluelightbasal_JNL_10off_20on_20off,222,22.107,22261800,6.244218166837315
csuEx72_bluelightbasal_JNL_10off_20on_20off,223,22.207,22213400,6.013229650218042
csuEx72_bluelightbasal_JNL_10off_20on_20off,224,22.307,22181200,5.859555471806047
csuEx72_bluelightbasal_JNL_10off_20on_20off,225,22.407,22429199.999999996,7.043132994979162
csuEx72_bluelightbasal_JNL_10off_20on_20off,226,22.507,22232800,6.105815956466263
csuEx72_bluelightbasal_JNL_10off_20on_20off,227,22.607,22215700,6.024206377247471
csuEx72_bluelightbasal_JNL_10off_20on_20off,228,22.707,22317200,6.508614113546152
csuEx72_bluelightbasal_JNL_10off_20on_20off,229,22.807,22476500,7.2688717725843786
csuEx72_bluelightbasal_JNL_10off_20on_20off,230,22.907,22597000,7.843956819126163
csuEx72_bluelightbasal_JNL_10off_20on_20off,231,23.007,22604500,7.879750494222123
csuEx72_bluelightbasal_JNL_10off_20on_20off,232,23.107,22480000.000000004,7.2855754876291785
csuEx72_bluelightbasal_JNL_10off_20on_20off,233,23.207,22549500,7.617263543518406
csuEx72_bluelightbasal_JNL_10off_20on_20off,234,23.307,22512400,7.440204164043715
csuEx72_bluelightbasal_JNL_10off_20on_20off,235,23.407,22446600,7.126174321201812
csuEx72_bluelightbasal_JNL_10off_20on_20off,236,23.507,22301600,6.434163269346552
csuEx72_bluelightbasal_JNL_10off_20on_20off,237,23.607,22514599.999999996,7.450703642071846
csuEx72_bluelightbasal_JNL_10off_20on_20off,238,23.707,22478400,7.277939503608688
csuEx72_bluelightbasal_JNL_10off_20on_20off,239,23.807,22347200,6.651788813929999
csuEx72_bluelightbasal_JNL_10off_20on_20off,240,23.907,22311500,6.4814109204732215
csuEx72_bluelightbasal_JNL_10off_20on_20off,241,24.007,22373300,6.776350803263945
csuEx72_bluelightbasal_JNL_10off_20on_20off,242,24.107,22371300,6.766805823238356
csuEx72_bluelightbasal_JNL_10off_20on_20off,243,24.207,22355900.000000004,6.693309477041332
csuEx72_bluelightbasal_JNL_10off_20on_20off,244,24.307,22731100,8.483947729841958
csuEx72_bluelightbasal_JNL_10off_20on_20off,245,24.407,22667500,8.180417365028203
csuEx72_bluelightbasal_JNL_10off_20on_20off,246,24.507,22581400,7.769505974926562
csuEx72_bluelightbasal_JNL_10off_20on_20off,247,24.607,22664500,8.166099894989816
csuEx72_bluelightbasal_JNL_10off_20on_20off,248,24.707,22581699.999999996,7.770937721930384
csuEx72_bluelightbasal_JNL_10off_20on_20off,249,24.807,22761100,8.627122430225805
csuEx72_bluelightbasal_JNL_10off_20on_20off,250,24.907,22627900,7.9914267605215255
csuEx72_bluelightbasal_JNL_10off_20on_20off,251,25.007,22589300,7.807208646027641
csuEx72_bluelightbasal_JNL_10off_20on_20off,252,25.107,22541600,7.579560872417325
csuEx72_bluelightbasal_JNL_10off_20on_20off,253,25.207,22569900,7.714622339779422
csuEx72_bluelightbasal_JNL_10off_20on_20off,254,25.307,22525300,7.501769285208769
csuEx72_bluelightbasal_JNL_10off_20on_20off,255,25.407,22475600,7.264576531572862
csuEx72_bluelightbasal_JNL_10off_20on_20off,256,25.507,22552500.000000004,7.631581013556808
csuEx72_bluelightbasal_JNL_10off_20on_20off,257,25.607,22382500,6.820257711381658
csuEx72_bluelightbasal_JNL_10off_20on_20off,258,25.707,22357400,6.700468212060507
csuEx72_bluelightbasal_JNL_10off_20on_20off,259,25.807,22600100,7.858751538165827
csuEx72_bluelightbasal_JNL_10off_20on_20off,260,25.907,22708300,8.375134957550234
csuEx72_bluelightbasal_JNL_10off_20on_20off,261,26.007,22569600,7.713190592775583
csuEx72_bluelightbasal_JNL_10off_20on_20off,262,26.107,22509400,7.425886694005331
csuEx72_bluelightbasal_JNL_10off_20on_20off,263,26.207,22494200.000000004,7.353344845810865
csuEx72_bluelightbasal_JNL_10off_20on_20off,264,26.307,22496800,7.365753319844115
csuEx72_bluelightbasal_JNL_10off_20on_20off,265,26.407,22440900,7.09897112812888
csuEx72_bluelightbasal_JNL_10off_20on_20off,266,26.507,22438100,7.085608156093054
csuEx72_bluelightbasal_JNL_10off_20on_20off,267,26.607,22465300,7.215419884441075
csuEx72_bluelightbasal_JNL_10off_20on_20off,268,26.707,22660999.999999996,8.149396179945018
csuEx72_bluelightbasal_JNL_10off_20on_20off,269,26.807,22495400,7.359071833826201
csuEx72_bluelightbasal_JNL_10off_20on_20off,270,26.907,22457800,7.1796262093451135
csuEx72_bluelightbasal_JNL_10off_20on_20off,271,27.007,22516000,7.457385128089776
csuEx72_bluelightbasal_JNL_10off_20on_20off,272,27.107,22746400.000000004,8.556966827037737
csuEx72_bluelightbasal_JNL_10off_20on_20off,273,27.207,22745400,8.552194337024925
csuEx72_bluelightbasal_JNL_10off_20on_20off,274,27.307,22873500,9.16355030766395
csuEx72_bluelightbasal_JNL_10off_20on_20off,275,27.407,22606300,7.888340976245154
csuEx72_bluelightbasal_JNL_10off_20on_20off,276,27.507,22830700,8.95928773511633
csuEx72_bluelightbasal_JNL_10off_20on_20off,277,27.607,22697800,8.325023812415889
csuEx72_bluelightbasal_JNL_10off_20on_20off,278,27.707,22595400,7.836320835105691
csuEx72_bluelightbasal_JNL_10off_20on_20off,279,27.807,22797500,8.800841066691538
csuEx72_bluelightbasal_JNL_10off_20on_20off,280,27.907,22581699.999999996,7.770937721930384
csuEx72_bluelightbasal_JNL_10off_20on_20off,281,28.007,22539200,7.5681068963866185
csuEx72_bluelightbasal_JNL_10off_20on_20off,282,28.107,22530400,7.526108984274023
csuEx72_bluelightbasal_JNL_10off_20on_20off,283,28.207,22595100,7.8348890881018525
csuEx72_bluelightbasal_JNL_10off_20on_20off,284,28.307,22445100,7.119015586182618
csuEx72_bluelightbasal_JNL_10off_20on_20off,285,28.407,22480500,7.287961732635558
csuEx72_bluelightbasal_JNL_10off_20on_20off,286,28.507,22358800,6.70714969807842
csuEx72_bluelightbasal_JNL_10off_20on_20off,287,28.607,22772300,8.680574318369107
csuEx72_bluelightbasal_JNL_10off_20on_20off,288,28.707,22862200,9.109621170519368
csuEx72_bluelightbasal_JNL_10off_20on_20off,289,28.807,22609200,7.9021811972822595
csuEx72_bluelightbasal_JNL_10off_20on_20off,290,28.907,22937599.999999996,9.469466917484084
csuEx72_bluelightbasal_JNL_10off_20on_20off,291,29.007,22647000,8.082581319765907
csuEx72_bluelightbasal_JNL_10off_20on_20off,292,29.107,22673400,8.208575056103692
csuEx72_bluelightbasal_JNL_10off_20on_20off,293,29.207,22670600,8.195212084067867
csuEx72_bluelightbasal_JNL_10off_20on_20off,294,29.307,22598400,7.850638305144075
csuEx72_bluelightbasal_JNL_10off_20on_20off,295,29.407,22624900,7.97710929048314
csuEx72_bluelightbasal_JNL_10off_20on_20off,296,29.507,22535800,7.551880430343115
csuEx72_bluelightbasal_JNL_10off_20on_20off,297,29.607,22438400,7.087039903096892
csuEx72_bluelightbasal_JNL_10off_20on_20off,298,29.707,22565700,7.6945778817256825
csuEx72_bluelightbasal_JNL_10off_20on_20off,299,29.807,22754100,8.59371500013624
csuEx72_bluelightbasal_JNL_10off_20on_20off,300,29.907,22794500.000000004,8.786523596653172
csuEx72_bluelightbasal_JNL_10off_20on_20off,301,30.007,22790499.999999996,8.767433636601957
csuEx72_bluelightbasal_JNL_10off_20on_20off,302,30.107,22808200,8.851906709828445
csuEx72_bluelightbasal_JNL_10off_20on_20off,303,30.207,22741500,8.533581625975025
csuEx72_bluelightbasal_JNL_10off_20on_20off,304,30.307,22673700,8.21000680310753
csuEx72_bluelightbasal_JNL_10off_20on_20off,305,30.407,22535300,7.549494185336718
csuEx72_bluelightbasal_JNL_10off_20on_20off,306,30.507,22815800,8.888177633925686
csuEx72_bluelightbasal_JNL_10off_20on_20off,307,30.607,22679600,8.238164494183021
csuEx72_bluelightbasal_JNL_10off_20on_20off,308,30.707,22661600,8.152259673952713
csuEx72_bluelightbasal_JNL_10off_20on_20off,309,30.807,22621699.999999996,7.96183732244218
csuEx72_bluelightbasal_JNL_10off_20on_20off,310,30.907,22488300,7.3251871547353575
csuEx72_bluelightbasal_JNL_10off_20on_20off,311,31.007,22525700,7.503678281213887
csuEx72_bluelightbasal_JNL_10off_20on_20off,312,31.107,22569400,7.712236094773024
csuEx72_bluelightbasal_JNL_10off_20on_20off,313,31.207,22563399.999999996,7.683601154696236
csuEx72_bluelightbasal_JNL_10off_20on_20off,314,31.307,22803200,8.82804425976447
csuEx72_bluelightbasal_JNL_10off_20on_20off,315,31.407,22840800,9.007489884245558
csuEx72_bluelightbasal_JNL_10off_20on_20off,316,31.507,22658500,8.137464954913048
csuEx72_bluelightbasal_JNL_10off_20on_20off,317,31.606,22842699.999999996,9.01655761526985
csuEx72_bluelightbasal_JNL_10off_20on_20off,318,31.704,22533000,7.53851745830729
csuEx72_bluelightbasal_JNL_10off_20on_20off,319,31.804,22403600,6.9209572506516315
csuEx72_bluelightbasal_JNL_10off_20on_20off,320,31.904,22523900,7.4950877991908555
csuEx72_bluelightbasal_JNL_10off_20on_20off,321,32.005,22455599.999999996,7.169126731316947
csuEx72_bluelightbasal_JNL_10off_20on_20off,322,32.105,22523000,7.490792558179341
csuEx72_bluelightbasal_JNL_10off_20on_20off,323,32.205,22507900,7.418727958986137
csuEx72_bluelightbasal_JNL_10off_20on_20off,324,32.304,22302800,6.439890257361905
csuEx72_bluelightbasal_JNL_10off_20on_20off,325,32.414,22464900,7.213510888435957
csuEx72_bluelightbasal_JNL_10off_20on_20off,326,32.504,22498400,7.373389303864586
csuEx72_bluelightbasal_JNL_10off_20on_20off,327,32.604,22693000,8.302115860354473
csuEx72_bluelightbasal_JNL_10off_20on_20off,328,32.704,22647200,8.083535817768466
csuEx72_bluelightbasal_JNL_10off_20on_20off,329,32.804,22679800,8.23911899218558
csuEx72_bluelightbasal_JNL_10off_20on_20off,330,32.904,22551100,7.624899527538877
csuEx72_bluelightbasal_JNL_10off_20on_20off,331,33.004,22424400.000000004,7.020225042917783
csuEx72_bluelightbasal_JNL_10off_20on_20off,332,33.105,22479200,7.281757495618925
csuEx72_bluelightbasal_JNL_10off_20on_20off,333,33.205,22559600,7.6654656926476346
csuEx72_bluelightbasal_JNL_10off_20on_20off,334,33.304,22410700,6.954841929742474
csuEx72_bluelightbasal_JNL_10off_20on_20off,335,33.404,22496800,7.365753319844115
csuEx72_bluelightbasal_JNL_10off_20on_20off,336,33.505,22612400,7.917453165323204
csuEx72_bluelightbasal_JNL_10off_20on_20off,337,33.604,22406900,6.936706467693854
csuEx72_bluelightbasal_JNL_10off_20on_20off,338,33.705,22315100,6.498591884519282
csuEx72_bluelightbasal_JNL_10off_20on_20off,339,33.805,22431000,7.05172347700221
csuEx72_bluelightbasal_JNL_10off_20on_20off,340,33.905,22705800,8.363203732518247
csuEx72_bluelightbasal_JNL_10off_20on_20off,341,34.004,22480500,7.287961732635558
csuEx72_bluelightbasal_JNL_10off_20on_20off,342,34.104,22538700,7.56572065138022
csuEx72_bluelightbasal_JNL_10off_20on_20off,343,34.204,22488200,7.324709905734078
csuEx72_bluelightbasal_JNL_10off_20on_20off,344,34.304,22539300,7.568584145387898
csuEx72_bluelightbasal_JNL_10off_20on_20off,345,34.404,22468800,7.232123599485857
csuEx72_bluelightbasal_JNL_10off_20on_20off,346,34.504,22486500,7.316596672712327
csuEx72_bluelightbasal_JNL_10off_20on_20off,347,34.604,22401800,6.9123667686286
csuEx72_bluelightbasal_JNL_10off_20on_20off,348,34.704,22344000,6.636516845889055
csuEx72_bluelightbasal_JNL_10off_20on_20off,349,34.804,22414100,6.971068395785977
csuEx72_bluelightbasal_JNL_10off_20on_20off,350,34.904,22192800,5.9149163559544675
csuEx72_bluelightbasal_JNL_10off_20on_20off,351,35.004,22654899.999999996,8.12028399086697
csuEx72_bluelightbasal_JNL_10off_20on_20off,352,35.104,22516500,7.459771373096173
csuEx72_bluelightbasal_JNL_10off_20on_20off,353,35.204,22387800.000000004,6.845551908449489
csuEx72_bluelightbasal_JNL_10off_20on_20off,354,35.314,22470600,7.240714081508888
csuEx72_bluelightbasal_JNL_10off_20on_20off,355,35.414,22510600,7.431613682020684
csuEx72_bluelightbasal_JNL_10off_20on_20off,356,35.514,22357300.000000004,6.699990963059245
csuEx72_bluelightbasal_JNL_10off_20on_20off,357,35.614,22446200,7.124265325196694
csuEx72_bluelightbasal_JNL_10off_20on_20off,358,35.714,22525000,7.50033753820493
csuEx72_bluelightbasal_JNL_10off_20on_20off,359,35.814,22262200,6.246127162842433
csuEx72_bluelightbasal_JNL_10off_20on_20off,360,35.914,22293000,6.393119855236516
csuEx72_bluelightbasal_JNL_10off_20on_20off,361,36.014,22304300,6.447048992381098
csuEx72_bluelightbasal_JNL_10off_20on_20off,362,36.114,22355700,6.692354979038755
csuEx72_bluelightbasal_JNL_10off_20on_20off,363,36.214,22615800,7.933679631366706
csuEx72_bluelightbasal_JNL_10off_20on_20off,364,36.314,22487100,7.319460166720004
csuEx72_bluelightbasal_JNL_10off_20on_20off,365,36.414,22402200,6.914275764633718
csuEx72_bluelightbasal_JNL_10off_20on_20off,366,36.514,22553100,7.634444507564467
csuEx72_bluelightbasal_JNL_10off_20on_20off,367,36.614,22592400,7.822003365067307
csuEx72_bluelightbasal_JNL_10off_20on_20off,368,36.714,22463800,7.208261149421884
csuEx72_bluelightbasal_JNL_10off_20on_20off,369,36.814,22281800,6.339667967093213
csuEx72_bluelightbasal_JNL_10off_20on_20off,370,36.905,22248400,6.180266800665864
csuEx72_bluelightbasal_JNL_10off_20on_20off,371,37.014,22255700,6.215105977759266
csuEx72_bluelightbasal_JNL_10off_20on_20off,372,37.114,22287400,6.366393911164864
csuEx72_bluelightbasal_JNL_10off_20on_20off,373,37.214,22657700,8.133646962902812
csuEx72_bluelightbasal_JNL_10off_20on_20off,374,37.314,22409200,6.947683194723282
csuEx72_bluelightbasal_JNL_10off_20on_20off,375,37.415,22507799.999999996,7.41825070998484
csuEx72_bluelightbasal_JNL_10off_20on_20off,376,37.505,22493800,7.351435849805729
csuEx72_bluelightbasal_JNL_10off_20on_20off,377,37.614,22282000,6.340622465095771
csuEx72_bluelightbasal_JNL_10off_20on_20off,378,37.714,22429600,7.045041990984298
csuEx72_bluelightbasal_JNL_10off_20on_20off,379,37.814,22241399.999999996,6.146859370576281
csuEx72_bluelightbasal_JNL_10off_20on_20off,380,37.914,22318699.999999996,6.515772848565327
csuEx72_bluelightbasal_JNL_10off_20on_20off,381,38.014,22235999.999999996,6.121087924507189
csuEx72_bluelightbasal_JNL_10off_20on_20off,382,38.114,22209500.000000004,5.99461693916816
csuEx72_bluelightbasal_JNL_10off_20on_20off,383,38.214,22150599.999999996,5.713517277414505
csuEx72_bluelightbasal_JNL_10off_20on_20off,384,38.314,22390000,6.85605138647762
csuEx72_bluelightbasal_JNL_10off_20on_20off,385,38.414,22385000,6.832188936413646
csuEx72_bluelightbasal_JNL_10off_20on_20off,386,38.514,22227600,6.08099900839973
csuEx72_bluelightbasal_JNL_10off_20on_20off,387,38.614,22337300,6.604541162803329
csuEx72_bluelightbasal_JNL_10off_20on_20off,388,38.714,22296800,6.411255317285136
csuEx72_bluelightbasal_JNL_10off_20on_20off,389,38.814,22078700.000000004,5.370375245494588
csuEx72_bluelightbasal_JNL_10off_20on_20off,390,38.914,22296900,6.411732566286416
csuEx72_bluelightbasal_JNL_10off_20on_20off,391,39.014,22219699.999999996,6.043296337298632
csuEx72_bluelightbasal_JNL_10off_20on_20off,392,39.114,22079200,5.3727614905009675
csuEx72_bluelightbasal_JNL_10off_20on_20off,393,39.215,22207800,5.986503706146391
csuEx72_bluelightbasal_JNL_10off_20on_20off,394,39.315,22227600,6.08099900839973
csuEx72_bluelightbasal_JNL_10off_20on_20off,395,39.415,22333400,6.585928451753429
csuEx72_bluelightbasal_JNL_10off_20on_20off,396,39.515,22335100,6.59404168477518
csuEx72_bluelightbasal_JNL_10off_20on_20off,397,39.614,22364400,6.733875642150071
csuEx72_bluelightbasal_JNL_10off_20on_20off,398,39.714,22307900,6.464229956427159
csuEx72_bluelightbasal_JNL_10off_20on_20off,399,39.814,22312400,6.485706161484736
csuEx72_bluelightbasal_JNL_10off_20on_20off,400,39.915,22260500,6.238013929820681
csuEx72_bluelightbasal_JNL_10off_20on_20off,401,40.015,22209200,5.993185192164304
csuEx72_bluelightbasal_JNL_10off_20on_20off,402,40.115,22394800,6.878959338539035
csuEx72_bluelightbasal_JNL_10off_20on_20off,403,40.215,22325100,6.546316784647231
csuEx72_bluelightbasal_JNL_10off_20on_20off,404,40.315,22416100,6.980613375811568
csuEx72_bluelightbasal_JNL_10off_20on_20off,405,40.415,22572500,7.727030813812688
csuEx72_bluelightbasal_JNL_10off_20on_20off,406,40.515,22515500,7.454998883083379
csuEx72_bluelightbasal_JNL_10off_20on_20off,407,40.615,22407200,6.938138214697692
csuEx72_bluelightbasal_JNL_10off_20on_20off,408,40.715,22362600,6.72528516012704
csuEx72_bluelightbasal_JNL_10off_20on_20off,409,40.815,22414700,6.973931889793654
csuEx72_bluelightbasal_JNL_10off_20on_20off,410,40.915,22350700,6.668492528974782
csuEx72_bluelightbasal_JNL_10off_20on_20off,411,41.015,22202000,5.958823264072181
csuEx72_bluelightbasal_JNL_10off_20on_20off,412,41.115,22226800,6.077181016389494
csuEx72_bluelightbasal_JNL_10off_20on_20off,413,41.215,22283500,6.347781200114964
csuEx72_bluelightbasal_JNL_10off_20on_20off,414,41.315,22215500,6.023251879244911
csuEx72_bluelightbasal_JNL_10off_20on_20off,415,41.415,22523100,7.49126980718062
csuEx72_bluelightbasal_JNL_10off_20on_20off,416,41.515,22458900,7.184875948359188
csuEx72_bluelightbasal_JNL_10off_20on_20off,417,41.614,22318100,6.512909354557668
csuEx72_bluelightbasal_JNL_10off_20on_20off,418,41.714,22422100,7.009248315888336
csuEx72_bluelightbasal_JNL_10off_20on_20off,419,41.814,22430600,7.049814480997092
csuEx72_bluelightbasal_JNL_10off_20on_20off,420,41.914,22420200,7.000180584864026
csuEx72_bluelightbasal_JNL_10off_20on_20off,421,42.014,22139500,5.6605426382725
csuEx72_bluelightbasal_JNL_10off_20on_20off,422,42.114,22339500,6.615040640831478
csuEx72_bluelightbasal_JNL_10off_20on_20off,423,42.214,22188100,5.892485652894332
csuEx72_bluelightbasal_JNL_10off_20on_20off,424,42.314,22394100,6.87561859553008
csuEx72_bluelightbasal_JNL_10off_20on_20off,425,42.414,22458400,7.18248970335279
csuEx72_bluelightbasal_JNL_10off_20on_20off,426,42.514,22460200,7.191080185375822
csuEx72_bluelightbasal_JNL_10off_20on_20off,427,42.614,22418100,6.990158355837156
csuEx72_bluelightbasal_JNL_10off_20on_20off,428,42.714,22417800,6.988726608833318
csuEx72_bluelightbasal_JNL_10off_20on_20off,429,42.814,22235200,6.117269932496971
csuEx72_bluelightbasal_JNL_10off_20on_20off,430,42.914,22294100,6.39836959425059
csuEx72_bluelightbasal_JNL_10off_20on_20off,431,43.014,22297400,6.414118811292813
csuEx72_bluelightbasal_JNL_10off_20on_20off,432,43.114,22278500,6.32391875005099
csuEx72_bluelightbasal_JNL_10off_20on_20off,433,43.214,22319399.999999996,6.519113591574283
csuEx72_bluelightbasal_JNL_10off_20on_20off,434,43.314,22380399.999999996,6.810235482354772
csuEx72_bluelightbasal_JNL_10off_20on_20off,435,43.414,22163500,5.775082398579577
csuEx72_bluelightbasal_JNL_10off_20on_20off,436,43.514,22380500,6.810712731356068
csuEx72_bluelightbasal_JNL_10off_20on_20off,437,43.614,22278100,6.322009754045872
csuEx72_bluelightbasal_JNL_10off_20on_20off,438,43.714,22418900,6.993976347847393
csuEx72_bluelightbasal_JNL_10off_20on_20off,439,43.814,22372400,6.772055562252429
csuEx72_bluelightbasal_JNL_10off_20on_20off,440,43.914,22457800,7.1796262093451135
csuEx72_bluelightbasal_JNL_10off_20on_20off,441,44.014,22384700,6.830757189409807
csuEx72_bluelightbasal_JNL_10off_20on_20off,442,44.114,22240000.000000004,6.140177884558405
csuEx72_bluelightbasal_JNL_10off_20on_20off,443,44.214,22294400,6.399801341254428
csuEx72_bluelightbasal_JNL_10off_20on_20off,444,44.314,22190100,5.902030632919921
csuEx72_bluelightbasal_JNL_10off_20on_20off,445,44.414,22224300,6.065249791357506
csuEx72_bluelightbasal_JNL_10off_20on_20off,446,44.514,22207400,5.984594710141273
csuEx72_bluelightbasal_JNL_10off_20on_20off,447,44.614,22445500,7.120924582187736
csuEx72_bluelightbasal_JNL_10off_20on_20off,448,44.714,22413500,6.968204901778299
csuEx72_bluelightbasal_JNL_10off_20on_20off,449,44.814,22367600,6.749147610191014
csuEx72_bluelightbasal_JNL_10off_20on_20off,450,44.914,22354000,6.684241746017004
csuEx72_bluelightbasal_JNL_10off_20on_20off,451,45.014,22246200,6.169767322637715
csuEx72_bluelightbasal_JNL_10off_20on_20off,452,45.114,22308900,6.469002446439955
csuEx72_bluelightbasal_JNL_10off_20on_20off,453,45.214,22364300,6.733398393148791
csuEx72_bluelightbasal_JNL_10off_20on_20off,454,45.314,22247800,6.177403306658187
csuEx72_bluelightbasal_JNL_10off_20on_20off,455,45.414,22321000,6.526749575594773
csuEx72_bluelightbasal_JNL_10off_20on_20off,456,45.514,22204300,5.969799991101609
csuEx72_bluelightbasal_JNL_10off_20on_20off,457,45.614,22322600,6.534385559615244
csuEx72_bluelightbasal_JNL_10off_20on_20off,458,45.714,22198100,5.940210553022281
csuEx72_bluelightbasal_JNL_10off_20on_20off,459,45.814,22371200,6.766328574237076
csuEx72_bluelightbasal_JNL_10off_20on_20off,460,45.914,22363800,6.731012148142394
csuEx72_bluelightbasal_JNL_10off_20on_20off,461,46.014,22374800,6.783509538283138
csuEx72_bluelightbasal_JNL_10off_20on_20off,462,46.114,22248800.000000004,6.182175796670999
csuEx72_bluelightbasal_JNL_10off_20on_20off,463,46.214,22170400,5.808012579667862
csuEx72_bluelightbasal_JNL_10off_20on_20off,464,46.314,22185100.000000004,5.878168182855965
csuEx72_bluelightbasal_JNL_10off_20on_20off,465,46.414,22124100.000000004,5.587046292075476
csuEx72_bluelightbasal_JNL_10off_20on_20off,466,46.514,22092100,5.434326611666021
csuEx72_bluelightbasal_JNL_10off_20on_20off,467,46.614,22178500,5.8466697487715
csuEx72_bluelightbasal_JNL_10off_20on_20off,468,46.714,22472000,7.247395567526802
csuEx72_bluelightbasal_JNL_10off_20on_20off,469,46.814,22203000,5.963595754084975
csuEx72_bluelightbasal_JNL_10off_20on_20off,470,46.914,22068300,5.320741349361503
csuEx72_bluelightbasal_JNL_10off_20on_20off,471,47.014,21765700,3.876585871489769
csuEx72_bluelightbasal_JNL_10off_20on_20off,472,47.114,22106000,5.500664222843871
csuEx72_bluelightbasal_JNL_10off_20on_20off,473,47.214,22431000,7.05172347700221
csuEx72_bluelightbasal_JNL_10off_20on_20off,474,47.314,22354800,6.688059738027239
csuEx72_bluelightbasal_JNL_10off_20on_20off,475,47.414,22211800,6.00559366619757
csuEx72_bluelightbasal_JNL_10off_20on_20off,476,47.514,22282200,6.341576963098331
csuEx72_bluelightbasal_JNL_10off_20on_20off,477,47.614,22056200,5.262994220206686
csuEx72_bluelightbasal_JNL_10off_20on_20off,478,47.714,22430600,7.049814480997092
csuEx72_bluelightbasal_JNL_10off_20on_20off,479,47.814,22395600,6.8827773305492705
csuEx72_bluelightbasal_JNL_10off_20on_20off,480,47.914,22310500.000000004,6.476638430460444
csuEx72_bluelightbasal_JNL_10off_20on_20off,481,48.014,22431500,7.054109722008609
csuEx72_bluelightbasal_JNL_10off_20on_20off,482,48.114,22267000,6.269035114903848
csuEx72_bluelightbasal_JNL_10off_20on_20off,483,48.214,22214000,6.016093144225719
csuEx72_bluelightbasal_JNL_10off_20on_20off,484,48.314,22230300,6.093884731434276
csuEx72_bluelightbasal_JNL_10off_20on_20off,485,48.414,22093200,5.439576350680096
csuEx72_bluelightbasal_JNL_10off_20on_20off,486,48.514,22186900,5.886758664878978
csuEx72_bluelightbasal_JNL_10off_20on_20off,487,48.614,22014000,5.061595141666741
csuEx72_bluelightbasal_JNL_10off_20on_20off,488,48.714,22139500,5.6605426382725
csuEx72_bluelightbasal_JNL_10off_20on_20off,489,48.814,22368500,6.75344285120253
csuEx72_bluelightbasal_JNL_10off_20on_20off,490,48.914,22294600,6.400755839256987
csuEx72_bluelightbasal_JNL_10off_20on_20off,491,49.014,22214600,6.018956638233396
csuEx72_bluelightbasal_JNL_10off_20on_20off,492,49.114,22237200,6.126814912522561
csuEx72_bluelightbasal_JNL_10off_20on_20off,493,49.214,22230200,6.093407482432997
csuEx72_bluelightbasal_JNL_10off_20on_20off,494,49.314,22123800,5.5856145450716195
csuEx72_bluelightbasal_JNL_10off_20on_20off,495,49.414,22158000.000000004,5.748833703509223
csuEx72_bluelightbasal_JNL_10off_20on_20off,496,49.514,22250300,6.189334531690173
csuEx72_bluelightbasal_JNL_10off_20on_20off,497,49.614,22126400,5.598023019104887
csuEx72_bluelightbasal_JNL_10off_20on_20off,498,49.714,22065800.000000004,5.3088101243295345
csuEx72_bluelightbasal_JNL_10off_20on_20off,499,49.814,22382800,6.821689458385497
csuEx72_bluelightbasal_JNL_10off_20on_20off,500,49.914,22325400.000000004,6.547748531651088
csuEx72_bluelightbasal_JNL_10off_20on_20off,501,50.014,22277200,6.317714513034356
csuEx72_bluelightbasal_JNL_10off_20on_20off,502,50.114,22253900,6.206515495736236
csuEx72_bluelightbasal_JNL_10off_20on_20off,503,50.214,22250500,6.190289029692733
csuEx72_bluelightbasal_JNL_10off_20on_20off,504,50.314,22227800.000000004,6.081953506402306
csuEx72_bluelightbasal_JNL_10off_20on_20off,505,50.414,22050700,5.236745525136313
csuEx72_bluelightbasal_JNL_10off_20on_20off,506,50.514,22281399.999999996,6.337758971088077
csuEx72_bluelightbasal_JNL_10off_20on_20off,507,50.614,22073000,5.3431720524216395
csuEx72_bluelightbasal_JNL_10off_20on_20off,508,50.714,22076600,5.360353016467701
csuEx72_bluelightbasal_JNL_10off_20on_20off,509,50.814,22279200,6.327259493059946
csuEx72_bluelightbasal_JNL_10off_20on_20off,510,50.914,22176700,5.83807926674847
csuEx72_bluelightbasal_JNL_10off_20on_20off,511,51.014,22401900,6.9128440176298795
csuEx72_bluelightbasal_JNL_10off_20on_20off,512,51.114,22214700,6.019433887234675
csuEx72_bluelightbasal_JNL_10off_20on_20off,513,51.214,22054999.999999996,5.257267232191314
csuEx72_bluelightbasal_JNL_10off_20on_20off,514,51.314,22193000,5.915870853957027
csuEx72_bluelightbasal_JNL_10off_20on_20off,515,51.414,22290300,6.380234132201969
csuEx72_bluelightbasal_JNL_10off_20on_20off,516,51.514,22174700,5.8285342867228795
csuEx72_bluelightbasal_JNL_10off_20on_20off,517,51.614,22094000,5.443394342690333
csuEx72_bluelightbasal_JNL_10off_20on_20off,518,51.714,22425099.999999996,7.023565785926703
csuEx72_bluelightbasal_JNL_10off_20on_20off,519,51.814,22429400,7.044087492981739
csuEx72_bluelightbasal_JNL_10off_20on_20off,520,51.914,22347900,6.655129556938954
csuEx72_bluelightbasal_JNL_10off_20on_20off,521,52.014,22319000,6.517204595569183
csuEx72_bluelightbasal_JNL_10off_20on_20off,522,52.114,22269800,6.282398086939674
csuEx72_bluelightbasal_JNL_10off_20on_20off,523,52.214,22257600,6.224173708783576
csuEx72_bluelightbasal_JNL_10off_20on_20off,524,52.314,22147400,5.698245309373579
csuEx72_bluelightbasal_JNL_10off_20on_20off,525,52.414,22209200,5.993185192164304
csuEx72_bluelightbasal_JNL_10off_20on_20off,526,52.514,22209200,5.993185192164304
csuEx72_bluelightbasal_JNL_10off_20on_20off,527,52.614,22173200,5.821375551703688
csuEx72_bluelightbasal_JNL_10off_20on_20off,528,52.714,22096300.000000004,5.4543710697197785
csuEx72_bluelightbasal_JNL_10off_20on_20off,529,52.814,22196500,5.932574569001808
csuEx72_bluelightbasal_JNL_10off_20on_20off,530,52.914,22208600,5.9903216981566265
csuEx72_bluelightbasal_JNL_10off_20on_20off,531,53.014,22156600,5.7421522174912925
csuEx72_bluelightbasal_JNL_10off_20on_20off,532,53.114,22245700,6.167381077631317
csuEx72_bluelightbasal_JNL_10off_20on_20off,533,53.214,22271600,6.290988568962705
csuEx72_bluelightbasal_JNL_10off_20on_20off,534,53.314,22167500.000000004,5.7941723586307745
csuEx72_bluelightbasal_JNL_10off_20on_20off,535,53.414,22152700,5.723539506441392
csuEx72_bluelightbasal_JNL_10off_20on_20off,536,53.514,22070200,5.329809080385814
csuEx72_bluelightbasal_JNL_10off_20on_20off,537,53.614,22129400,5.612340489143271
csuEx72_bluelightbasal_JNL_10off_20on_20off,538,53.714,21896800,4.50225931216718
csuEx72_bluelightbasal_JNL_10off_20on_20off,539,53.814,21910500,4.56764242534247
csuEx72_bluelightbasal_JNL_10off_20on_20off,540,53.915,21997300,4.9818945584530665
csuEx72_bluelightbasal_JNL_10off_20on_20off,541,54.014,22207300,5.984117461139993
csuEx72_bluelightbasal_JNL_10off_20on_20off,542,54.114,22123500,5.584182798067781
csuEx72_bluelightbasal_JNL_10off_20on_20off,543,54.214,21977800,4.888831003203566
csuEx72_bluelightbasal_JNL_10off_20on_20off,544,54.314,22061799.999999996,5.289720164278319
csuEx72_bluelightbasal_JNL_10off_20on_20off,545,54.414,21970900.000000004,4.855900822115299
csuEx72_bluelightbasal_JNL_10off_20on_20off,546,54.514,22008400,5.03486919759509
csuEx72_bluelightbasal_JNL_10off_20on_20off,547,54.614,21977200,4.885967509195889
csuEx72_bluelightbasal_JNL_10off_20on_20off,548,54.714,21935100,4.6850456796572235
csuEx72_bluelightbasal_JNL_10off_20on_20off,549,54.814,22186000,5.8824634238674625
csuEx72_bluelightbasal_JNL_10off_20on_20off,550,54.914,22171400,5.812785069680657
csuEx72_bluelightbasal_JNL_10off_20on_20off,551,55.014,21941300,4.714635117736552
csuEx72_bluelightbasal_JNL_10off_20on_20off,552,55.114,21801600,4.047918262949106
csuEx72_bluelightbasal_JNL_10off_20on_20off,553,55.214,21866500.000000004,4.357652864779512
csuEx72_bluelightbasal_JNL_10off_20on_20off,554,55.314,21827800,4.1729575012843325
csuEx72_bluelightbasal_JNL_10off_20on_20off,555,55.414,21990599.999999996,4.949918875367323
csuEx72_bluelightbasal_JNL_10off_20on_20off,556,55.514,21802000,4.049827258954224
csuEx72_bluelightbasal_JNL_10off_20on_20off,557,55.614,21913100,4.5800508993757365
csuEx72_bluelightbasal_JNL_10off_20on_20off,558,55.714,22126800.000000004,5.5999320151100225
csuEx72_bluelightbasal_JNL_10off_20on_20off,559,55.814,21993999.999999996,4.966145341410826
csuEx72_bluelightbasal_JNL_10off_20on_20off,560,55.914,21997399.999999996,4.982371807454328
csuEx72_bluelightbasal_JNL_10off_20on_20off,561,56.014,21859400,4.3237681856886505
csuEx72_bluelightbasal_JNL_10off_20on_20off,562,56.114,21781700,3.9529457116944875
csuEx72_bluelightbasal_JNL_10off_20on_20off,563,56.214,21686300,3.4976501644738547
csuEx72_bluelightbasal_JNL_10off_20on_20off,564,56.314,21785500,3.971081173743108
csuEx72_bluelightbasal_JNL_10off_20on_20off,565,56.414,21707500,3.5988269527451067
csuEx72_bluelightbasal_JNL_10off_20on_20off,566,56.514,22035100,5.162294680936713
csuEx72_bluelightbasal_JNL_10off_20on_20off,567,56.614,21918400,4.605345096443549
csuEx72_bluelightbasal_JNL_10off_20on_20off,568,56.714,21816500,4.11902836413975
csuEx72_bluelightbasal_JNL_10off_20on_20off,569,56.814,21891300,4.476010617096807
csuEx72_bluelightbasal_JNL_10off_20on_20off,570,56.914,21821200,4.141459067199886
csuEx72_bluelightbasal_JNL_10off_20on_20off,571,57.014,21814600,4.109960633115439
csuEx72_bluelightbasal_JNL_10off_20on_20off,572,57.114,21772200,3.907607056572936
csuEx72_bluelightbasal_JNL_10off_20on_20off,573,57.214,21722000,3.668028057930633
csuEx72_bluelightbasal_JNL_10off_20on_20off,574,57.314,21741700,3.7620461111826917
csuEx72_bluelightbasal_JNL_10off_20on_20off,575,57.414,21693200,3.53058034556214
csuEx72_bluelightbasal_JNL_10off_20on_20off,576,57.514,21949700,4.754724033844029
csuEx72_bluelightbasal_JNL_10off_20on_20off,577,57.614,22015800,5.070185623689771
csuEx72_bluelightbasal_JNL_10off_20on_20off,578,57.714,22202600,5.961686758079857
csuEx72_bluelightbasal_JNL_10off_20on_20off,579,57.814,21984600,4.921283935290571
csuEx72_bluelightbasal_JNL_10off_20on_20off,580,57.914,21953400,4.772382246891371
csuEx72_bluelightbasal_JNL_10off_20on_20off,581,58.014,22008100,5.033437450591251
csuEx72_bluelightbasal_JNL_10off_20on_20off,582,58.114,21844700,4.2536125825005655
csuEx72_bluelightbasal_JNL_10off_20on_20off,583,58.214,21894100,4.489373589132634
csuEx72_bluelightbasal_JNL_10off_20on_20off,584,58.314,21848300,4.270793546546627
csuEx72_bluelightbasal_JNL_10off_20on_20off,585,58.414,22042400,5.197133858030116
csuEx72_bluelightbasal_JNL_10off_20on_20off,586,58.514,21998200,4.986189799464581
csuEx72_bluelightbasal_JNL_10off_20on_20off,587,58.614,21908000,4.5557112003104825
csuEx72_bluelightbasal_JNL_10off_20on_20off,588,58.714,22015500,5.068753876685933
csuEx72_bluelightbasal_JNL_10off_20on_20off,589,58.814,21916100,4.594368369414121
csuEx72_bluelightbasal_JNL_10off_20on_20off,590,58.914,21885700,4.449284673025156
csuEx72_bluelightbasal_JNL_10off_20on_20off,591,59.014,21970200.000000004,4.852560079106342
csuEx72_bluelightbasal_JNL_10off_20on_20off,592,59.114,21719000,3.6537105878922476
csuEx72_bluelightbasal_JNL_10off_20on_20off,593,59.214,21794800,4.015465330862101
csuEx72_bluelightbasal_JNL_10off_20on_20off,594,59.314,21823500,4.152435794229314
csuEx72_bluelightbasal_JNL_10off_20on_20off,595,59.414,21802900,4.0541224999657395
csuEx72_bluelightbasal_JNL_10off_20on_20off,596,59.514,21991900.000000004,4.956123112383992
csuEx72_bluelightbasal_JNL_10off_20on_20off,597,59.614,22106200,5.501618720846429
csuEx72_bluelightbasal_JNL_10off_20on_20off,598,59.715,21972900.000000004,4.865445802140888
csuEx72_bluelightbasal_JNL_10off_20on_20off,599,59.815,21826500.000000004,4.166753264267716
csuEx72_bluelightbasal_JNL_10off_20on_20off,600,59.914,21874600,4.3963100338831325
