stim_jnl,frame,time_s,fluor,dff
csuEx93_NH4I_0.25M_500ms_JNL_10off_20on_20off,2,0.5,20805500,49.15182266429298
csuEx93_NH4I_0.25M_500ms_JNL_10off_20on_20off,3,1,20610400.000000004,47.75317708491239
csuEx93_NH4I_0.25M_500ms_JNL_10off_20on_20off,4,1.5,20613700,47.776834339714796
csuEx93_NH4I_0.25M_500ms_JNL_10off_20on_20off,5,2,20593000,47.62843883231767
csuEx93_NH4I_0.25M_500ms_JNL_10off_20on_20off,6,2.5,20345300,45.852710949116336
csuEx93_NH4I_0.25M_500ms_JNL_10off_20on_20off,7,3,20220600.000000004,44.958753472187794
csuEx93_NH4I_0.25M_500ms_JNL_10off_20on_20off,8,3.5,20327400,45.72438826397583
csuEx93_NH4I_0.25M_500ms_JNL_10off_20on_20off,9,4,19945500,42.986598685475265
csuEx93_NH4I_0.25M_500ms_JNL_10off_20on_20off,10,4.505,19768600,41.71842645076265
csuEx93_NH4I_0.25M_500ms_JNL_10off_20on_20off,11,5.005,19531400,40.01797165102362
csuEx93_NH4I_0.25M_500ms_JNL_10off_20on_20off,12,5.505,19534100,40.03732758677107
csuEx93_NH4I_0.25M_500ms_JNL_10off_20on_20off,13,6.005,19281500,38.22647226462066
csuEx93_NH4I_0.25M_500ms_JNL_10off_20on_20off,14,6.505,19201500,37.65296305728878
csuEx93_NH4I_0.25M_500ms_JNL_10off_20on_20off,15,7.005,19103800,36.95256493783472
csuEx93_NH4I_0.25M_500ms_JNL_10off_20on_20off,16,7.505,19035200,36.46078079254763
csuEx93_NH4I_0.25M_500ms_JNL_10off_20on_20off,17,8.005,18911300,35.57255840769238
csuEx93_NH4I_0.25M_500ms_JNL_10off_20on_20off,18,8.505,18735900,34.31513947061723
csuEx93_NH4I_0.25M_500ms_JNL_10off_20on_20off,19,9.005,18676500,33.88930888417331
csuEx93_NH4I_0.25M_500ms_JNL_10off_20on_20off,20,9.506,18634500,33.58821655032408
csuEx93_NH4I_0.25M_500ms_JNL_10off_20on_20off,21,10.006,18548400,32.970977265933136
csuEx93_NH4I_0.25M_500ms_JNL_10off_20on_20off,22,10.506,17940600,28.613741063229174
csuEx93_NH4I_0.25M_500ms_JNL_10off_20on_20off,23,11.006,17018200,22.001179902692595
csuEx93_NH4I_0.25M_500ms_JNL_10off_20on_20off,24,11.506,16134200,15.663903161675316
csuEx93_NH4I_0.25M_500ms_JNL_10off_20on_20off,25,12.006,14879200,6.666977471656442
csuEx93_NH4I_0.25M_500ms_JNL_10off_20on_20off,26,12.506,13779100,-1.2194910156660788
csuEx93_NH4I_0.25M_500ms_JNL_10off_20on_20off,27,13.006,12961100.000000002,-7.083622660634544
csuEx93_NH4I_0.25M_500ms_JNL_10off_20on_20off,28,13.506,12170500,-12.751327402091864
csuEx93_NH4I_0.25M_500ms_JNL_10off_20on_20off,29,14.006,11494899.999999998,-17.59461265800961
csuEx93_NH4I_0.25M_500ms_JNL_10off_20on_20off,30,14.504,10890899.999999998,-21.924607173365306
csuEx93_NH4I_0.25M_500ms_JNL_10off_20on_20off,31,15.004,10535500,-24.472421826937172
csuEx93_NH4I_0.25M_500ms_JNL_10off_20on_20off,32,15.504,9964470,-28.566058860221215
csuEx93_NH4I_0.25M_500ms_JNL_10off_20on_20off,33,16.004,9722630,-30.299777193985495
csuEx93_NH4I_0.25M_500ms_JNL_10off_20on_20off,34,16.504,9485570,-31.999228352611688
csuEx93_NH4I_0.25M_500ms_JNL_10off_20on_20off,35,17.004,8781100,-37.04947874372531
csuEx93_NH4I_0.25M_500ms_JNL_10off_20on_20off,36,17.504,8709370,-37.563701436749255
csuEx93_NH4I_0.25M_500ms_JNL_10off_20on_20off,37,18.004,8415600,-39.66969893472284
csuEx93_NH4I_0.25M_500ms_JNL_10off_20on_20off,38,18.504,8018800.000000001,-42.51430460308896
csuEx93_NH4I_0.25M_500ms_JNL_10off_20on_20off,39,19.004,7653530,-45.132875955115416
csuEx93_NH4I_0.25M_500ms_JNL_10off_20on_20off,40,19.504,7400320,-46.948104284971734
csuEx93_NH4I_0.25M_500ms_JNL_10off_20on_20off,41,20.004,7275800,-47.8407713661838
csuEx93_NH4I_0.25M_500ms_JNL_10off_20on_20off,42,20.504,7192460,-48.43822458292179
csuEx93_NH4I_0.25M_500ms_JNL_10off_20on_20off,43,21.004,7125930,-48.91516917746917
csuEx93_NH4I_0.25M_500ms_JNL_10off_20on_20off,44,21.504,6838640,-50.97471242964886
csuEx93_NH4I_0.25M_500ms_JNL_10off_20on_20off,45,22.004,6518200,-53.2719035596167
csuEx93_NH4I_0.25M_500ms_JNL_10off_20on_20off,46,22.504,6451310,-53.75142894559708
csuEx93_NH4I_0.25M_500ms_JNL_10off_20on_20off,47,23.005,6363360,-54.381930630407574
csuEx93_NH4I_0.25M_500ms_JNL_10off_20on_20off,48,23.505,6306480,-54.789695676820536
csuEx93_NH4I_0.25M_500ms_JNL_10off_20on_20off,49,24.005,6362130,-54.390748334470295
csuEx93_NH4I_0.25M_500ms_JNL_10off_20on_20off,50,24.505,6412870,-54.02700011972005
csuEx93_NH4I_0.25M_500ms_JNL_10off_20on_20off,51,25.005,6358020,-54.42021236999697
csuEx93_NH4I_0.25M_500ms_JNL_10off_20on_20off,52,25.505,6003870,-56.95906594220429
csuEx93_NH4I_0.25M_500ms_JNL_10off_20on_20off,53,26.005,5845220,-58.096406388994325
csuEx93_NH4I_0.25M_500ms_JNL_10off_20on_20off,54,26.505,6035950,-56.72908875006421
csuEx93_NH4I_0.25M_500ms_JNL_10off_20on_20off,55,27.005,5996770,-57.00996488435499
csuEx93_NH4I_0.25M_500ms_JNL_10off_20on_20off,56,27.505,5764900,-58.67220963315554
csuEx93_NH4I_0.25M_500ms_JNL_10off_20on_20off,57,28.005,5855560,-58.022280323946674
csuEx93_NH4I_0.25M_500ms_JNL_10off_20on_20off,58,28.505,6338610,-54.55936004142586
csuEx93_NH4I_0.25M_500ms_JNL_10off_20on_20off,59,29.005,6210960,-55.4744656703748
csuEx93_NH4I_0.25M_500ms_JNL_10off_20on_20off,60,29.505,5903870,-57.67595245136914
csuEx93_NH4I_0.25M_500ms_JNL_10off_20on_20off,61,30.005,5676120,-59.30866147599209
csuEx93_NH4I_0.25M_500ms_JNL_10off_20on_20off,62,30.505,10394699.999999998,-25.481798031841297
csuEx93_NH4I_0.25M_500ms_JNL_10off_20on_20off,63,31.005,14036200,0.6236241993967518
csuEx93_NH4I_0.25M_500ms_JNL_10off_20on_20off,64,31.505,14967400,7.299271372739841
csuEx93_NH4I_0.25M_500ms_JNL_10off_20on_20off,65,32.005,14882400,6.689917839949717
csuEx93_NH4I_0.25M_500ms_JNL_10off_20on_20off,66,32.505,14969700,7.315759762450631
csuEx93_NH4I_0.25M_500ms_JNL_10off_20on_20off,67,33.005,14653200,5.04681396094388
csuEx93_NH4I_0.25M_500ms_JNL_10off_20on_20off,68,33.505,14085100,0.9741817023783638
csuEx93_NH4I_0.25M_500ms_JNL_10off_20on_20off,69,34.005,13349700,-4.297801686019946
csuEx93_NH4I_0.25M_500ms_JNL_10off_20on_20off,70,34.505,12930900,-7.300122386402341
csuEx93_NH4I_0.25M_500ms_JNL_10off_20on_20off,71,35.005,12668600.000000002,-9.180515699941731
csuEx93_NH4I_0.25M_500ms_JNL_10off_20on_20off,72,35.505,12566400,-9.913173712308222
csuEx93_NH4I_0.25M_500ms_JNL_10off_20on_20off,73,36.005,12370900,-11.314686837725505
csuEx93_NH4I_0.25M_500ms_JNL_10off_20on_20off,74,36.505,12445900,-10.777021955851867
csuEx93_NH4I_0.25M_500ms_JNL_10off_20on_20off,75,37.005,12240800,-12.247356186148975
csuEx93_NH4I_0.25M_500ms_JNL_10off_20on_20off,76,37.505,12229200,-12.330515021212097
csuEx93_NH4I_0.25M_500ms_JNL_10off_20on_20off,77,38.005,12177100,-12.704012892486984
csuEx93_NH4I_0.25M_500ms_JNL_10off_20on_20off,78,38.505,12118500.000000002,-13.124108386857575
csuEx93_NH4I_0.25M_500ms_JNL_10off_20on_20off,79,39.005,12022800,-13.810168776128348
csuEx93_NH4I_0.25M_500ms_JNL_10off_20on_20off,80,39.505,11882400,-14.816677434995798
csuEx93_NH4I_0.25M_500ms_JNL_10off_20on_20off,81,40.005,12070000,-13.47179834380254
csuEx93_NH4I_0.25M_500ms_JNL_10off_20on_20off,82,40.505,11928399.999999998,-14.486909640779983
csuEx93_NH4I_0.25M_500ms_JNL_10off_20on_20off,83,41.005,11742000,-15.823186093863248
csuEx93_NH4I_0.25M_500ms_JNL_10off_20on_20off,84,41.505,11907900,-14.633871375158764
csuEx93_NH4I_0.25M_500ms_JNL_10off_20on_20off,85,42.005,11849600,-15.05181621000187
csuEx93_NH4I_0.25M_500ms_JNL_10off_20on_20off,86,42.505,11725100,-15.94433991391211
csuEx93_NH4I_0.25M_500ms_JNL_10off_20on_20off,87,43.005,11748000,-15.780172903313359
csuEx93_NH4I_0.25M_500ms_JNL_10off_20on_20off,88,43.505,11570800.000000002,-17.05049579755346
csuEx93_NH4I_0.25M_500ms_JNL_10off_20on_20off,89,44.005,11509100.000000002,-17.492814773708172
csuEx93_NH4I_0.25M_500ms_JNL_10off_20on_20off,90,44.505,11747900,-15.780889789822522
csuEx93_NH4I_0.25M_500ms_JNL_10off_20on_20off,91,45.005,11578500,-16.99529553634778
csuEx93_NH4I_0.25M_500ms_JNL_10off_20on_20off,92,45.505,11483000.000000002,-17.6799221526002
csuEx93_NH4I_0.25M_500ms_JNL_10off_20on_20off,93,46.005,11453199.999999998,-17.89355433233135
csuEx93_NH4I_0.25M_500ms_JNL_10off_20on_20off,94,46.505,11376300,-18.44484005787911
csuEx93_NH4I_0.25M_500ms_JNL_10off_20on_20off,95,47.005,11187200,-19.80047244670984
csuEx93_NH4I_0.25M_500ms_JNL_10off_20on_20off,96,47.505,11146600,-20.09152836943077
csuEx93_NH4I_0.25M_500ms_JNL_10off_20on_20off,97,48.005,10978900,-21.293747045300222
csuEx93_NH4I_0.25M_500ms_JNL_10off_20on_20off,98,48.505,10849400,-22.222115074668704
csuEx93_NH4I_0.25M_500ms_JNL_10off_20on_20off,99,49.005,10699800,-23.29457729237932
csuEx93_NH4I_0.25M_500ms_JNL_10off_20on_20off,100,49.505,10475300,-24.90398750545441
csuEx93_NH4I_0.25M_500ms_JNL_10off_20on_20off,101,50.005,10621300,-23.85733320207373
csuEx93_NH4I_0.25M_500ms_JNL_10off_20on_20off,102,50.505,10608300,-23.95052844826516
csuEx93_NH4I_0.25M_500ms_JNL_10off_20on_20off,103,51.005,10626000,-23.82363953614298
csuEx93_NH4I_0.25M_500ms_JNL_10off_20on_20off,104,51.505,10551800,-24.3555693259433
csuEx93_NH4I_0.25M_500ms_JNL_10off_20on_20off,105,52.005,10359600,-25.73342519655814
csuEx93_NH4I_0.25M_500ms_JNL_10off_20on_20off,106,52.505,10170500,-27.089057585388876
csuEx93_NH4I_0.25M_500ms_JNL_10off_20on_20off,107,53.005,10261300,-26.43812463506719
csuEx93_NH4I_0.25M_500ms_JNL_10off_20on_20off,108,53.505,10064000,-27.852541717649444
csuEx93_NH4I_0.25M_500ms_JNL_10off_20on_20off,109,54.005,10315500,-26.04957214709984
csuEx93_NH4I_0.25M_500ms_JNL_10off_20on_20off,110,54.505,9943000,-28.719974393738912
csuEx93_NH4I_0.25M_500ms_JNL_10off_20on_20off,111,55.005,9971270,-28.51731057759801
csuEx93_NH4I_0.25M_500ms_JNL_10off_20on_20off,112,55.505,9849970,-29.386893913214973
csuEx93_NH4I_0.25M_500ms_JNL_10off_20on_20off,113,56.005,9699650,-30.464517713791572
csuEx93_NH4I_0.25M_500ms_JNL_10off_20on_20off,114,56.505,9563330,-31.441777403085098
csuEx93_NH4I_0.25M_500ms_JNL_10off_20on_20off,115,57.005,9568060,-31.407868671201598
csuEx93_NH4I_0.25M_500ms_JNL_10off_20on_20off,116,57.505,9412420,-32.52363083406578
csuEx93_NH4I_0.25M_500ms_JNL_10off_20on_20off,117,58.005,9523360,-31.72831694079829
csuEx93_NH4I_0.25M_500ms_JNL_10off_20on_20off,118,58.505,9405100,-32.57610692653664
csuEx93_NH4I_0.25M_500ms_JNL_10off_20on_20off,119,59.005,9303760,-33.302599714924305
csuEx93_NH4I_0.25M_500ms_JNL_10off_20on_20off,120,59.505,9157620,-34.350257659417814
