stim_jnl,frame,time_s,fluor,dff
csuEx72_NaAc_0.25M_JNL_10off_20on_20off,2,0.1,44788900,0.028420932964489023
csuEx72_NaAc_0.25M_JNL_10off_20on_20off,3,0.2,45038300,0.5854135847304699
csuEx72_NaAc_0.25M_JNL_10off_20on_20off,4,0.3,44767600,-0.019149008826270377
csuEx72_NaAc_0.25M_JNL_10off_20on_20off,5,0.4,44759100,-0.038132318930564034
csuEx72_NaAc_0.25M_JNL_10off_20on_20off,6,0.5,44777200,0.0022909649385789307
csuEx72_NaAc_0.25M_JNL_10off_20on_20off,7,0.6,44908600,0.29575060584495383
csuEx72_NaAc_0.25M_JNL_10off_20on_20off,8,0.7,44780700,0.010107622040346907
csuEx72_NaAc_0.25M_JNL_10off_20on_20off,9,0.8,44760099.99999999,-0.035898988330075536
csuEx72_NaAc_0.25M_JNL_10off_20on_20off,10,0.9,44346700,-0.9591578585788821
csuEx72_NaAc_0.25M_JNL_10off_20on_20off,11,1,45156599.99999999,0.8496165947702109
csuEx72_NaAc_0.25M_JNL_10off_20on_20off,12,1.1,44653700,-0.27352536422380536
csuEx72_NaAc_0.25M_JNL_10off_20on_20off,13,1.2,44557399.99999999,-0.4885951010524667
csuEx72_NaAc_0.25M_JNL_10off_20on_20off,14,1.3,44828900,0.11775415698469446
csuEx72_NaAc_0.25M_JNL_10off_20on_20off,15,1.4,44517600,-0.5774816589525544
csuEx72_NaAc_0.25M_JNL_10off_20on_20off,16,1.5,44809200,0.07375754415474328
csuEx72_NaAc_0.25M_JNL_10off_20on_20off,17,1.6,44681600,-0.21121544046971205
csuEx72_NaAc_0.25M_JNL_10off_20on_20off,18,1.7,45140300,0.8132133059819938
csuEx72_NaAc_0.25M_JNL_10off_20on_20off,19,1.8,44864300,0.19681406024257628
csuEx72_NaAc_0.25M_JNL_10off_20on_20off,20,1.9,45031600,0.5704502697070856
csuEx72_NaAc_0.25M_JNL_10off_20on_20off,21,2,44889800,0.2537639905554573
csuEx72_NaAc_0.25M_JNL_10off_20on_20off,22,2.1,44934100,0.35270053615783475
csuEx72_NaAc_0.25M_JNL_10off_20on_20off,23,2.2,44723400,-0.11786222136859739
csuEx72_NaAc_0.25M_JNL_10off_20on_20off,24,2.3,44828300,0.11641415862439139
csuEx72_NaAc_0.25M_JNL_10off_20on_20off,25,2.4,44641400.00000001,-0.3009953306100019
csuEx72_NaAc_0.25M_JNL_10off_20on_20off,26,2.5,45232300,1.0186797212284664
csuEx72_NaAc_0.25M_JNL_10off_20on_20off,27,2.6,44626599.99999999,-0.3340486234975112
csuEx72_NaAc_0.25M_JNL_10off_20on_20off,28,2.7,45245800,1.0488296843352858
csuEx72_NaAc_0.25M_JNL_10off_20on_20off,29,2.8,44511100,-0.5919983078558377
csuEx72_NaAc_0.25M_JNL_10off_20on_20off,30,2.9,44374000,-0.8981879331850919
csuEx72_NaAc_0.25M_JNL_10off_20on_20off,31,3.001,44621500,-0.3454386095600708
csuEx72_NaAc_0.25M_JNL_10off_20on_20off,32,3.101,44822900,0.10435417338166364
csuEx72_NaAc_0.25M_JNL_10off_20on_20off,33,3.201,44855600.00000001,0.17738408401819825
csuEx72_NaAc_0.25M_JNL_10off_20on_20off,34,3.301,44915800,0.3118305861685908
csuEx72_NaAc_0.25M_JNL_10off_20on_20off,35,3.401,44447200,-0.734708133228116
csuEx72_NaAc_0.25M_JNL_10off_20on_20off,36,3.501,44607800,-0.37603523878699113
csuEx72_NaAc_0.25M_JNL_10off_20on_20off,37,3.601,44685000,-0.20362211642799463
csuEx72_NaAc_0.25M_JNL_10off_20on_20off,38,3.701,44740700,-0.07922560197985853
csuEx72_NaAc_0.25M_JNL_10off_20on_20off,39,3.801,44590700,-0.41422519205562897
csuEx72_NaAc_0.25M_JNL_10off_20on_20off,40,3.901,44757700,-0.04125898177127122
csuEx72_NaAc_0.25M_JNL_10off_20on_20off,41,4.001,44768500,-0.017139011285815752
csuEx72_NaAc_0.25M_JNL_10off_20on_20off,42,4.101,44892500,0.2597939831768211
csuEx72_NaAc_0.25M_JNL_10off_20on_20off,43,4.201,44846800,0.15773077473373642
csuEx72_NaAc_0.25M_JNL_10off_20on_20off,44,4.301,44712800,-0.14153552573395184
csuEx72_NaAc_0.25M_JNL_10off_20on_20off,45,4.401,44807900,0.07085421437408661
csuEx72_NaAc_0.25M_JNL_10off_20on_20off,46,4.501,45001600,0.5034503516919314
csuEx72_NaAc_0.25M_JNL_10off_20on_20off,47,4.601,44834600,0.13048414140757375
csuEx72_NaAc_0.25M_JNL_10off_20on_20off,48,4.701,44531200,-0.5471083627856845
csuEx72_NaAc_0.25M_JNL_10off_20on_20off,49,4.801,44604400,-0.3836285628287086
csuEx72_NaAc_0.25M_JNL_10off_20on_20off,50,4.901,44315900,-1.0279444410744405
csuEx72_NaAc_0.25M_JNL_10off_20on_20off,51,5.001,44550200,-0.504675081376087
csuEx72_NaAc_0.25M_JNL_10off_20on_20off,52,5.101,44626200,-0.33494195573769664
csuEx72_NaAc_0.25M_JNL_10off_20on_20off,53,5.201,44543400,-0.5198617294595219
csuEx72_NaAc_0.25M_JNL_10off_20on_20off,54,5.301,44412100,-0.8130980373058462
csuEx72_NaAc_0.25M_JNL_10off_20on_20off,55,5.401,44410999.99999999,-0.8155547009664186
csuEx72_NaAc_0.25M_JNL_10off_20on_20off,56,5.501,44598500,-0.3968052133716889
csuEx72_NaAc_0.25M_JNL_10off_20on_20off,57,5.601,44652100,-0.2770986931846136
csuEx72_NaAc_0.25M_JNL_10off_20on_20off,58,5.701,44433999.99999999,-0.7641880971548004
csuEx72_NaAc_0.25M_JNL_10off_20on_20off,59,5.801,44712800,-0.14153552573395184
csuEx72_NaAc_0.25M_JNL_10off_20on_20off,60,5.901,44964900,0.421487118653393
csuEx72_NaAc_0.25M_JNL_10off_20on_20off,61,6.001,44736100,-0.08949892274218216
csuEx72_NaAc_0.25M_JNL_10off_20on_20off,62,6.101,44663400,-0.25186205739890555
csuEx72_NaAc_0.25M_JNL_10off_20on_20off,63,6.201,44459700,-0.7067915007218017
csuEx72_NaAc_0.25M_JNL_10off_20on_20off,64,6.301,44694700,-0.1819588096030948
csuEx72_NaAc_0.25M_JNL_10off_20on_20off,65,6.401,44643000,-0.29742200164921034
csuEx72_NaAc_0.25M_JNL_10off_20on_20off,66,6.501,44654999.99999999,-0.27062203444316535
csuEx72_NaAc_0.25M_JNL_10off_20on_20off,67,6.601,44523100,-0.5651983406497761
csuEx72_NaAc_0.25M_JNL_10off_20on_20off,68,6.701,44525499.99999999,-0.5598383472085805
csuEx72_NaAc_0.25M_JNL_10off_20on_20off,69,6.801,44396900,-0.8470446624335243
csuEx72_NaAc_0.25M_JNL_10off_20on_20off,70,6.901,44135000,-1.4319539467058195
csuEx72_NaAc_0.25M_JNL_10off_20on_20off,71,7.001,44160700.00000001,-1.3745573502728208
csuEx72_NaAc_0.25M_JNL_10off_20on_20off,72,7.101,44125900,-1.4522772551704162
csuEx72_NaAc_0.25M_JNL_10off_20on_20off,73,7.201,44338900,-0.9765778372628222
csuEx72_NaAc_0.25M_JNL_10off_20on_20off,74,7.301,44433200,-0.7659747616351879
csuEx72_NaAc_0.25M_JNL_10off_20on_20off,75,7.401,44687400.00000001,-0.19826212298676565
csuEx72_NaAc_0.25M_JNL_10off_20on_20off,76,7.501,44616300.00000001,-0.3570519286826808
csuEx72_NaAc_0.25M_JNL_10off_20on_20off,77,7.601,44287800,-1.0907010309486347
csuEx72_NaAc_0.25M_JNL_10off_20on_20off,78,7.701,44465199.99999999,-0.6945081824190401
csuEx72_NaAc_0.25M_JNL_10off_20on_20off,79,7.801,44522300,-0.5669850051301802
csuEx72_NaAc_0.25M_JNL_10off_20on_20off,80,7.901,44487400,-0.6449282430878095
csuEx72_NaAc_0.25M_JNL_10off_20on_20off,81,8.001,44311800,-1.0371010965365115
csuEx72_NaAc_0.25M_JNL_10off_20on_20off,82,8.101,44266600,-1.1380476396793435
csuEx72_NaAc_0.25M_JNL_10off_20on_20off,83,8.201,44350600,-0.950447869236912
csuEx72_NaAc_0.25M_JNL_10off_20on_20off,84,8.301,44305700,-1.0507244131995928
csuEx72_NaAc_0.25M_JNL_10off_20on_20off,85,8.401,44568100,-0.46469846362704503
csuEx72_NaAc_0.25M_JNL_10off_20on_20off,86,8.501,44447000,-0.7351547993482169
csuEx72_NaAc_0.25M_JNL_10off_20on_20off,87,8.601,44076500,-1.56260378683537
csuEx72_NaAc_0.25M_JNL_10off_20on_20off,88,8.701,44648700,-0.2846920172263311
csuEx72_NaAc_0.25M_JNL_10off_20on_20off,89,8.801,44178700,-1.334357399463745
csuEx72_NaAc_0.25M_JNL_10off_20on_20off,90,8.901,44461100,-0.7036648378810946
csuEx72_NaAc_0.25M_JNL_10off_20on_20off,91,9.001,44403100,-0.8331980127103925
csuEx72_NaAc_0.25M_JNL_10off_20on_20off,92,9.101,44258900,-1.155244285303233
csuEx72_NaAc_0.25M_JNL_10off_20on_20off,93,9.201,44501600,-0.6132149485606366
csuEx72_NaAc_0.25M_JNL_10off_20on_20off,94,9.301,44359500,-0.9305712268924164
csuEx72_NaAc_0.25M_JNL_10off_20on_20off,95,9.401,44175300,-1.3419507235054624
csuEx72_NaAc_0.25M_JNL_10off_20on_20off,96,9.501,44708000,-0.1522555126163765
csuEx72_NaAc_0.25M_JNL_10off_20on_20off,97,9.601,44100300,-1.5094505185433478
csuEx72_NaAc_0.25M_JNL_10off_20on_20off,98,9.701,44859000,0.18497740805989907
csuEx72_NaAc_0.25M_JNL_10off_20on_20off,99,9.801,44334800,-0.9857344927248932
csuEx72_NaAc_0.25M_JNL_10off_20on_20off,100,9.901,44264599.99999999,-1.1425143008803704
csuEx72_NaAc_0.25M_JNL_10off_20on_20off,101,10.001,44597600,-0.3988152109121435
csuEx72_NaAc_0.25M_JNL_10off_20on_20off,102,10.101,44432600.00000001,-0.7673147599954743
csuEx72_NaAc_0.25M_JNL_10off_20on_20off,103,10.201,44485400.00000001,-0.6493949042888031
csuEx72_NaAc_0.25M_JNL_10off_20on_20off,104,10.301,44339200,-0.9759078380826706
csuEx72_NaAc_0.25M_JNL_10off_20on_20off,105,10.401,44352800,-0.9455345419158008
csuEx72_NaAc_0.25M_JNL_10off_20on_20off,106,10.501,44549500,-0.5062384127964406
csuEx72_NaAc_0.25M_JNL_10off_20on_20off,107,10.601,44076700.00000001,-1.5621571207152523
csuEx72_NaAc_0.25M_JNL_10off_20on_20off,108,10.701,44105100.00000001,-1.4987305316609063
csuEx72_NaAc_0.25M_JNL_10off_20on_20off,109,10.801,43741100,-2.3116628702447928
csuEx72_NaAc_0.25M_JNL_10off_20on_20off,110,10.901,43726600,-2.3440461639521173
csuEx72_NaAc_0.25M_JNL_10off_20on_20off,111,11.001,44111100,-1.4853305480578922
csuEx72_NaAc_0.25M_JNL_10off_20on_20off,112,11.101,44008900.00000001,-1.7135769354295005
csuEx72_NaAc_0.25M_JNL_10off_20on_20off,113,11.201,43483400,-2.8871921659949664
csuEx72_NaAc_0.25M_JNL_10off_20on_20off,114,11.301,43477800,-2.8996988173577947
csuEx72_NaAc_0.25M_JNL_10off_20on_20off,115,11.401,43394500,-3.0857352563798726
csuEx72_NaAc_0.25M_JNL_10off_20on_20off,116,11.501,43549400,-2.739792346361627
csuEx72_NaAc_0.25M_JNL_10off_20on_20off,117,11.601,43496800,-2.8572655359481973
csuEx72_NaAc_0.25M_JNL_10off_20on_20off,118,11.701,42991300,-3.9862141545035437
csuEx72_NaAc_0.25M_JNL_10off_20on_20off,119,11.801,43201800,-3.5160980630972123
csuEx72_NaAc_0.25M_JNL_10off_20on_20off,120,11.901,43623500,-2.5743025488641966
csuEx72_NaAc_0.25M_JNL_10off_20on_20off,121,12.001,43267100,-3.370261574884227
csuEx72_NaAc_0.25M_JNL_10off_20on_20off,122,12.101,43318400,-3.2556917150783136
csuEx72_NaAc_0.25M_JNL_10off_20on_20off,123,12.201,43542200,-2.7558723266852643
csuEx72_NaAc_0.25M_JNL_10off_20on_20off,124,12.301,43433400.00000001,-2.998858696020206
csuEx72_NaAc_0.25M_JNL_10off_20on_20off,125,12.401,43016600,-3.9297108903107634
csuEx72_NaAc_0.25M_JNL_10off_20on_20off,126,12.501,42898300,-4.1939139003505215
csuEx72_NaAc_0.25M_JNL_10off_20on_20off,127,12.601,43239599.99999999,-3.4316781663981346
csuEx72_NaAc_0.25M_JNL_10off_20on_20off,128,12.701,43090000,-3.765784424233687
csuEx72_NaAc_0.25M_JNL_10off_20on_20off,129,12.801,43270500,-3.3626682508425096
csuEx72_NaAc_0.25M_JNL_10off_20on_20off,130,12.901,43162000,-3.6049846209973166
csuEx72_NaAc_0.25M_JNL_10off_20on_20off,131,13.001,42858700,-4.282353792130525
csuEx72_NaAc_0.25M_JNL_10off_20on_20off,132,13.101,42965700,-4.043387417876475
csuEx72_NaAc_0.25M_JNL_10off_20on_20off,133,13.201,42490800,-5.103996120056364
csuEx72_NaAc_0.25M_JNL_10off_20on_20off,134,13.301,42849500,-4.302900433655172
csuEx72_NaAc_0.25M_JNL_10off_20on_20off,135,13.401,43274400,-3.353958261500539
csuEx72_NaAc_0.25M_JNL_10off_20on_20off,136,13.501,43137200,-3.660371219889844
csuEx72_NaAc_0.25M_JNL_10off_20on_20off,137,13.601,42965400,-4.044057417056627
csuEx72_NaAc_0.25M_JNL_10off_20on_20off,138,13.701,43051900,-3.8508743201129327
csuEx72_NaAc_0.25M_JNL_10off_20on_20off,139,13.801,42508200,-5.065136167607575
csuEx72_NaAc_0.25M_JNL_10off_20on_20off,140,13.901,42848100,-4.306027096495879
csuEx72_NaAc_0.25M_JNL_10off_20on_20off,141,14.001,42436700,-5.224819305543692
csuEx72_NaAc_0.25M_JNL_10off_20on_20off,142,14.101,42493100,-5.098859459675202
csuEx72_NaAc_0.25M_JNL_10off_20on_20off,143,14.201,42800100,-4.413226965320126
csuEx72_NaAc_0.25M_JNL_10off_20on_20off,144,14.301,42565500,-4.93716632419863
csuEx72_NaAc_0.25M_JNL_10off_20on_20off,145,14.401,42563200,-4.942302984579793
csuEx72_NaAc_0.25M_JNL_10off_20on_20off,146,14.501,42558400,-4.953022971462217
csuEx72_NaAc_0.25M_JNL_10off_20on_20off,147,14.601,42569800.00000001,-4.927563002616441
csuEx72_NaAc_0.25M_JNL_10off_20on_20off,148,14.701,41770200,-6.713334150780365
csuEx72_NaAc_0.25M_JNL_10off_20on_20off,149,14.801,42463300.00000001,-5.165412711570239
csuEx72_NaAc_0.25M_JNL_10off_20on_20off,150,14.901,42423800,-5.253629270290208
csuEx72_NaAc_0.25M_JNL_10off_20on_20off,151,15.001,42013900,-6.169071483437263
csuEx72_NaAc_0.25M_JNL_10off_20on_20off,152,15.101,42172300,-5.81531191631725
csuEx72_NaAc_0.25M_JNL_10off_20on_20off,153,15.201,42070900,-6.041771639208471
csuEx72_NaAc_0.25M_JNL_10off_20on_20off,154,15.301,41837700,-6.562584335246269
csuEx72_NaAc_0.25M_JNL_10off_20on_20off,155,15.401,42043500,-6.102964897662312
csuEx72_NaAc_0.25M_JNL_10off_20on_20off,156,15.501,42299400,-5.531455596993047
csuEx72_NaAc_0.25M_JNL_10off_20on_20off,157,15.601,42952000,-4.073984047103395
csuEx72_NaAc_0.25M_JNL_10off_20on_20off,158,15.701,42350899.99999999,-5.41643907106705
csuEx72_NaAc_0.25M_JNL_10off_20on_20off,159,15.801,42192500,-5.770198638187046
csuEx72_NaAc_0.25M_JNL_10off_20on_20off,160,15.901,42289500,-5.553565569938048
csuEx72_NaAc_0.25M_JNL_10off_20on_20off,161,16.001,41802400.00000001,-6.6414209054440825
csuEx72_NaAc_0.25M_JNL_10off_20on_20off,162,16.101,42136500,-5.895265151815334
csuEx72_NaAc_0.25M_JNL_10off_20on_20off,163,16.201,41694800,-6.881727278058452
csuEx72_NaAc_0.25M_JNL_10off_20on_20off,164,16.301,41719300,-6.827010678346077
csuEx72_NaAc_0.25M_JNL_10off_20on_20off,165,16.401,42095800,-5.986161707255893
csuEx72_NaAc_0.25M_JNL_10off_20on_20off,166,16.501,41613500,-7.063297055879519
csuEx72_NaAc_0.25M_JNL_10off_20on_20off,167,16.601,41717400,-6.831254006487036
csuEx72_NaAc_0.25M_JNL_10off_20on_20off,168,16.701,41605600,-7.08094036762351
csuEx72_NaAc_0.25M_JNL_10off_20on_20off,169,16.801,41910999.99999999,-6.398881202229259
csuEx72_NaAc_0.25M_JNL_10off_20on_20off,170,16.901,41675200,-6.925500557828353
csuEx72_NaAc_0.25M_JNL_10off_20on_20off,171,17.001,41880499.99999999,-6.466997785544665
csuEx72_NaAc_0.25M_JNL_10off_20on_20off,172,17.101,41295900,-7.772602854599951
csuEx72_NaAc_0.25M_JNL_10off_20on_20off,173,17.201,41855700,-6.522384384437176
csuEx72_NaAc_0.25M_JNL_10off_20on_20off,174,17.301,41651999.99999999,-6.977313827760089
csuEx72_NaAc_0.25M_JNL_10off_20on_20off,175,17.401,41822300,-6.596977626494048
csuEx72_NaAc_0.25M_JNL_10off_20on_20off,176,17.501,41929000,-6.358681251420149
csuEx72_NaAc_0.25M_JNL_10off_20on_20off,177,17.601,41938700.00000001,-6.337017944595233
csuEx72_NaAc_0.25M_JNL_10off_20on_20off,178,17.701,41745200,-6.769167415792994
csuEx72_NaAc_0.25M_JNL_10off_20on_20off,179,17.801,41544299.99999999,-7.217843533434492
csuEx72_NaAc_0.25M_JNL_10off_20on_20off,180,17.901,41974500,-6.257064709097166
csuEx72_NaAc_0.25M_JNL_10off_20on_20off,181,18.001,41943400.00000001,-6.326521290772859
csuEx72_NaAc_0.25M_JNL_10off_20on_20off,182,18.101,41484400,-7.351620036404734
csuEx72_NaAc_0.25M_JNL_10off_20on_20off,183,18.201,41541900,-7.223203526875688
csuEx72_NaAc_0.25M_JNL_10off_20on_20off,184,18.301,41194499.99999999,-7.999062577491188
csuEx72_NaAc_0.25M_JNL_10off_20on_20off,185,18.401,41649500,-6.982897154261335
csuEx72_NaAc_0.25M_JNL_10off_20on_20off,186,18.501,41496600,-7.32437340307857
csuEx72_NaAc_0.25M_JNL_10off_20on_20off,187,18.601,41760900,-6.7341041253650635
csuEx72_NaAc_0.25M_JNL_10off_20on_20off,188,18.701,41270600,-7.829106118792731
csuEx72_NaAc_0.25M_JNL_10off_20on_20off,189,18.801,41146500,-8.106262446315418
csuEx72_NaAc_0.25M_JNL_10off_20on_20off,190,18.901,41523000,-7.265413475225236
csuEx72_NaAc_0.25M_JNL_10off_20on_20off,191,19.001,41439400,-7.452119913427464
csuEx72_NaAc_0.25M_JNL_10off_20on_20off,192,19.101,41539200,-7.229233519497051
csuEx72_NaAc_0.25M_JNL_10off_20on_20off,193,19.201,41493800,-7.330626728759985
csuEx72_NaAc_0.25M_JNL_10off_20on_20off,194,19.301,41337000,-7.68081296691919
csuEx72_NaAc_0.25M_JNL_10off_20on_20off,195,19.401,41432600,-7.467306561510899
csuEx72_NaAc_0.25M_JNL_10off_20on_20off,196,19.501,41400300,-7.539443139907215
csuEx72_NaAc_0.25M_JNL_10off_20on_20off,197,19.601,41361600,-7.625873034146764
csuEx72_NaAc_0.25M_JNL_10off_20on_20off,198,19.701,41512000,-7.289980111830792
csuEx72_NaAc_0.25M_JNL_10off_20on_20off,199,19.801,41296700,-7.770816190119548
csuEx72_NaAc_0.25M_JNL_10off_20on_20off,200,19.901,41266500,-7.838262774254802
csuEx72_NaAc_0.25M_JNL_10off_20on_20off,201,20.001,41252400,-7.869752735721924
csuEx72_NaAc_0.25M_JNL_10off_20on_20off,202,20.101,41363600,-7.621406372945754
csuEx72_NaAc_0.25M_JNL_10off_20on_20off,203,20.201,41449800,-7.428893275182211
csuEx72_NaAc_0.25M_JNL_10off_20on_20off,204,20.301,41024200.00000001,-8.37939877875718
csuEx72_NaAc_0.25M_JNL_10off_20on_20off,205,20.401,41465800,-7.393159985574129
csuEx72_NaAc_0.25M_JNL_10off_20on_20off,206,20.501,41200599.99999999,-7.985439260828107
csuEx72_NaAc_0.25M_JNL_10off_20on_20off,207,20.601,41499400,-7.318120077397156
csuEx72_NaAc_0.25M_JNL_10off_20on_20off,208,20.701,41336900,-7.681036299979241
csuEx72_NaAc_0.25M_JNL_10off_20on_20off,209,20.801,41156000,-8.085045805610621
csuEx72_NaAc_0.25M_JNL_10off_20on_20off,210,20.901,41332100,-7.691756286861666
csuEx72_NaAc_0.25M_JNL_10off_20on_20off,211,21.001,40667200,-9.17669780313753
csuEx72_NaAc_0.25M_JNL_10off_20on_20off,212,21.101,41366600,-7.614706381144239
csuEx72_NaAc_0.25M_JNL_10off_20on_20off,213,21.201,40676700,-9.15548116243273
csuEx72_NaAc_0.25M_JNL_10off_20on_20off,214,21.301,41002000,-8.42897871808841
csuEx72_NaAc_0.25M_JNL_10off_20on_20off,215,21.401,40908200,-8.638465128415792
csuEx72_NaAc_0.25M_JNL_10off_20on_20off,216,21.501,41008699.99999999,-8.414015403065044
csuEx72_NaAc_0.25M_JNL_10off_20on_20off,217,21.601,40973900,-8.491735307962605
csuEx72_NaAc_0.25M_JNL_10off_20on_20off,218,21.701,40784800,-8.914058124518126
csuEx72_NaAc_0.25M_JNL_10off_20on_20off,219,21.801,40932000.00000001,-8.585311860123754
csuEx72_NaAc_0.25M_JNL_10off_20on_20off,220,21.901,40887000,-8.685811737146501
csuEx72_NaAc_0.25M_JNL_10off_20on_20off,221,22.001,41064299.99999999,-8.289842221676958
csuEx72_NaAc_0.25M_JNL_10off_20on_20off,222,22.101,40632200,-9.25486437415521
csuEx72_NaAc_0.25M_JNL_10off_20on_20off,223,22.201,40947500,-8.55069523581594
csuEx72_NaAc_0.25M_JNL_10off_20on_20off,224,22.311,40520300,-9.504774068351734
csuEx72_NaAc_0.25M_JNL_10off_20on_20off,225,22.401,40660600,-9.191437785100865
csuEx72_NaAc_0.25M_JNL_10off_20on_20off,226,22.501,40647600,-9.22047108290743
csuEx72_NaAc_0.25M_JNL_10off_20on_20off,227,22.601,40513500,-9.519960716435168
csuEx72_NaAc_0.25M_JNL_10off_20on_20off,228,22.701,40568400,-9.397350866467438
csuEx72_NaAc_0.25M_JNL_10off_20on_20off,229,22.801,40344400,-9.897616920980589
csuEx72_NaAc_0.25M_JNL_10off_20on_20off,230,22.901,40730900,-9.034434643885353
csuEx72_NaAc_0.25M_JNL_10off_20on_20off,231,23.01,40404900,-9.762500419650028
csuEx72_NaAc_0.25M_JNL_10off_20on_20off,232,23.11,40456800,-9.646590561483812
csuEx72_NaAc_0.25M_JNL_10off_20on_20off,233,23.21,40305500,-9.984493481340238
csuEx72_NaAc_0.25M_JNL_10off_20on_20off,234,23.31,40420800,-9.726990463101997
csuEx72_NaAc_0.25M_JNL_10off_20on_20off,235,23.41,40060100,-10.5325528107042
csuEx72_NaAc_0.25M_JNL_10off_20on_20off,236,23.51,40228300,-10.156906603699234
csuEx72_NaAc_0.25M_JNL_10off_20on_20off,237,23.61,40375400,-9.828383672364929
csuEx72_NaAc_0.25M_JNL_10off_20on_20off,238,23.71,39891900,-10.908199017709162
csuEx72_NaAc_0.25M_JNL_10off_20on_20off,239,23.81,40380000,-9.818110351602606
csuEx72_NaAc_0.25M_JNL_10off_20on_20off,240,23.91,40259400,-10.087450022023525
csuEx72_NaAc_0.25M_JNL_10off_20on_20off,241,24.01,39998600,-10.669902642635263
csuEx72_NaAc_0.25M_JNL_10off_20on_20off,242,24.11,40002100,-10.662085985533496
csuEx72_NaAc_0.25M_JNL_10off_20on_20off,243,24.211,39942500,-10.795192489323602
csuEx72_NaAc_0.25M_JNL_10off_20on_20off,244,24.31,40289000,-10.021343436248573
csuEx72_NaAc_0.25M_JNL_10off_20on_20off,245,24.411,39878700,-10.93767898163583
csuEx72_NaAc_0.25M_JNL_10off_20on_20off,246,24.511,39924000,-10.836509105432947
csuEx72_NaAc_0.25M_JNL_10off_20on_20off,247,24.611,39862700,-10.973412271243912
csuEx72_NaAc_0.25M_JNL_10off_20on_20off,248,24.711,40081200,-10.48542953503354
csuEx72_NaAc_0.25M_JNL_10off_20on_20off,249,24.81,40384900,-9.80716703166013
csuEx72_NaAc_0.25M_JNL_10off_20on_20off,250,24.91,40264100,-10.076953368201151
csuEx72_NaAc_0.25M_JNL_10off_20on_20off,251,25.01,40026800,-10.60692271970102
csuEx72_NaAc_0.25M_JNL_10off_20on_20off,252,25.11,40184600,-10.254503150941309
csuEx72_NaAc_0.25M_JNL_10off_20on_20off,253,25.21,39869600,-10.958002290100428
csuEx72_NaAc_0.25M_JNL_10off_20on_20off,254,25.31,39801500,-11.110092103994827
csuEx72_NaAc_0.25M_JNL_10off_20on_20off,255,25.411,39866600,-10.964702281901943
csuEx72_NaAc_0.25M_JNL_10off_20on_20off,256,25.511,39495200,-11.79416126692955
csuEx72_NaAc_0.25M_JNL_10off_20on_20off,257,25.611,39756200,-11.21126198019771
csuEx72_NaAc_0.25M_JNL_10off_20on_20off,258,25.71,39964500,-10.74605921611249
csuEx72_NaAc_0.25M_JNL_10off_20on_20off,259,25.81,39956700,-10.76347919479643
csuEx72_NaAc_0.25M_JNL_10off_20on_20off,260,25.911,39999600,-10.667669312034759
csuEx72_NaAc_0.25M_JNL_10off_20on_20off,261,26.01,40056900.00000001,-10.539699468625798
csuEx72_NaAc_0.25M_JNL_10off_20on_20off,262,26.111,39566100,-11.635818127353735
csuEx72_NaAc_0.25M_JNL_10off_20on_20off,263,26.21,40205200,-10.208496540570904
csuEx72_NaAc_0.25M_JNL_10off_20on_20off,264,26.31,39792100,-11.131085411639576
csuEx72_NaAc_0.25M_JNL_10off_20on_20off,265,26.41,39513600,-11.753067983880255
csuEx72_NaAc_0.25M_JNL_10off_20on_20off,266,26.51,39646700,-11.455811680953023
csuEx72_NaAc_0.25M_JNL_10off_20on_20off,267,26.61,39740500,-11.24632527062564
csuEx72_NaAc_0.25M_JNL_10off_20on_20off,268,26.71,39632100,-11.488418307720396
csuEx72_NaAc_0.25M_JNL_10off_20on_20off,269,26.81,39860400,-10.978548931625074
csuEx72_NaAc_0.25M_JNL_10off_20on_20off,270,26.911,39986800,-10.696255943721225
csuEx72_NaAc_0.25M_JNL_10off_20on_20off,271,27.011,39179100,-12.500117069749223
csuEx72_NaAc_0.25M_JNL_10off_20on_20off,272,27.11,39496700,-11.790811271028792
csuEx72_NaAc_0.25M_JNL_10off_20on_20off,273,27.21,39595500,-11.570158207698885
csuEx72_NaAc_0.25M_JNL_10off_20on_20off,274,27.31,39395400,-12.017047660859962
csuEx72_NaAc_0.25M_JNL_10off_20on_20off,275,27.411,39411400,-11.98131437125188
csuEx72_NaAc_0.25M_JNL_10off_20on_20off,276,27.511,39518500,-11.74212466393778
csuEx72_NaAc_0.25M_JNL_10off_20on_20off,277,27.611,39527600,-11.721801355473184
csuEx72_NaAc_0.25M_JNL_10off_20on_20off,278,27.711,39377900,-12.056130946368802
csuEx72_NaAc_0.25M_JNL_10off_20on_20off,279,27.811,39773200,-11.173295359989122
csuEx72_NaAc_0.25M_JNL_10off_20on_20off,280,27.911,39435200,-11.928161102959859
csuEx72_NaAc_0.25M_JNL_10off_20on_20off,281,28.011,39609200,-11.539561578471965
csuEx72_NaAc_0.25M_JNL_10off_20on_20off,282,28.111,39502700,-11.77741128742576
csuEx72_NaAc_0.25M_JNL_10off_20on_20off,283,28.211,39501400,-11.780314617206418
csuEx72_NaAc_0.25M_JNL_10off_20on_20off,284,28.311,39608800,-11.540454910712167
csuEx72_NaAc_0.25M_JNL_10off_20on_20off,285,28.411,39040400,-12.809880024039286
csuEx72_NaAc_0.25M_JNL_10off_20on_20off,286,28.511,39741900,-11.243198607784933
csuEx72_NaAc_0.25M_JNL_10off_20on_20off,287,28.611,39124200,-12.622726919716957
csuEx72_NaAc_0.25M_JNL_10off_20on_20off,288,28.711,39512700,-11.75507798142071
csuEx72_NaAc_0.25M_JNL_10off_20on_20off,289,28.811,39122600,-12.626300248677763
csuEx72_NaAc_0.25M_JNL_10off_20on_20off,290,28.911,39129800,-12.610220268354128
csuEx72_NaAc_0.25M_JNL_10off_20on_20off,291,29.011,39210100,-12.430883821133563
csuEx72_NaAc_0.25M_JNL_10off_20on_20off,292,29.111,39300800,-12.228320735667749
csuEx72_NaAc_0.25M_JNL_10off_20on_20off,293,29.211,38696500,-13.577922417553001
csuEx72_NaAc_0.25M_JNL_10off_20on_20off,294,29.311,39111400,-12.65131355140342
csuEx72_NaAc_0.25M_JNL_10off_20on_20off,295,29.411,39055500,-12.776156731971659
csuEx72_NaAc_0.25M_JNL_10off_20on_20off,296,29.511,39129800,-12.610220268354128
csuEx72_NaAc_0.25M_JNL_10off_20on_20off,297,29.611,39204000,-12.444507137796645
csuEx72_NaAc_0.25M_JNL_10off_20on_20off,298,29.711,39405900,-11.993597689554658
csuEx72_NaAc_0.25M_JNL_10off_20on_20off,299,29.811,39299000,-12.232340730748657
csuEx72_NaAc_0.25M_JNL_10off_20on_20off,300,29.911,38698200,-13.574125755532144
csuEx72_NaAc_0.25M_JNL_10off_20on_20off,301,30.011,39054900,-12.777496730331961
csuEx72_NaAc_0.25M_JNL_10off_20on_20off,302,30.111,39697800,-11.34168848726721
csuEx72_NaAc_0.25M_JNL_10off_20on_20off,303,30.211,39636000,-11.479708318378426
csuEx72_NaAc_0.25M_JNL_10off_20on_20off,304,30.311,39137900,-12.592130290490037
csuEx72_NaAc_0.25M_JNL_10off_20on_20off,305,30.411,39416700,-11.969477719069204
csuEx72_NaAc_0.25M_JNL_10off_20on_20off,306,30.511,39413700,-11.976177710870719
csuEx72_NaAc_0.25M_JNL_10off_20on_20off,307,30.611,38931300,-13.053536392554395
csuEx72_NaAc_0.25M_JNL_10off_20on_20off,308,30.711,39337400,-12.14658083568926
csuEx72_NaAc_0.25M_JNL_10off_20on_20off,309,30.811,39514500,-11.7510579863398
csuEx72_NaAc_0.25M_JNL_10off_20on_20off,310,30.911,39411600,-11.980867705131779
csuEx72_NaAc_0.25M_JNL_10off_20on_20off,311,31.011,39663100,-11.419185059104738
csuEx72_NaAc_0.25M_JNL_10off_20on_20off,312,31.111,39703200,-11.329628502024482
csuEx72_NaAc_0.25M_JNL_10off_20on_20off,313,31.211,39765100,-11.191385337853212
csuEx72_NaAc_0.25M_JNL_10off_20on_20off,314,31.311,39564300,-11.639838122434645
csuEx72_NaAc_0.25M_JNL_10off_20on_20off,315,31.411,39659500,-11.427225049266555
csuEx72_NaAc_0.25M_JNL_10off_20on_20off,316,31.511,39710400,-11.313548521700845
csuEx72_NaAc_0.25M_JNL_10off_20on_20off,317,31.611,39573500,-11.619291480909997
csuEx72_NaAc_0.25M_JNL_10off_20on_20off,318,31.711,39678600,-11.384568434796908
csuEx72_NaAc_0.25M_JNL_10off_20on_20off,319,31.811,39916800,-10.852589085756584
csuEx72_NaAc_0.25M_JNL_10off_20on_20off,320,31.911,39692600,-11.353301806389835
csuEx72_NaAc_0.25M_JNL_10off_20on_20off,321,32.011,39734300,-11.260171920348771
csuEx72_NaAc_0.25M_JNL_10off_20on_20off,322,32.111,39645500,-11.458491677673628
csuEx72_NaAc_0.25M_JNL_10off_20on_20off,323,32.211,39939700,-10.801445815005017
csuEx72_NaAc_0.25M_JNL_10off_20on_20off,324,32.311,39515000,-11.749941321039547
csuEx72_NaAc_0.25M_JNL_10off_20on_20off,325,32.411,39662000,-11.421641722765292
csuEx72_NaAc_0.25M_JNL_10off_20on_20off,326,32.511,39699100,-11.338785157486553
csuEx72_NaAc_0.25M_JNL_10off_20on_20off,327,32.611,39556800,-11.656588101938434
csuEx72_NaAc_0.25M_JNL_10off_20on_20off,328,32.711,39570500,-11.625991472711512
csuEx72_NaAc_0.25M_JNL_10off_20on_20off,329,32.811,39452300,-11.88997114969122
csuEx72_NaAc_0.25M_JNL_10off_20on_20off,330,32.912,39896200,-10.898595696126991
csuEx72_NaAc_0.25M_JNL_10off_20on_20off,331,33.01,39624600,-11.505168287224185
csuEx72_NaAc_0.25M_JNL_10off_20on_20off,332,33.11,39072300,-12.738636777883173
csuEx72_NaAc_0.25M_JNL_10off_20on_20off,333,33.21,39404800,-11.996054353215214
csuEx72_NaAc_0.25M_JNL_10off_20on_20off,334,33.31,39261800,-12.315420629087448
csuEx72_NaAc_0.25M_JNL_10off_20on_20off,335,33.41,39429600,-11.940667754322687
csuEx72_NaAc_0.25M_JNL_10off_20on_20off,336,33.51,39155500,-12.552823671921146
csuEx72_NaAc_0.25M_JNL_10off_20on_20off,337,33.61,39193000,-12.469073774402203
csuEx72_NaAc_0.25M_JNL_10off_20on_20off,338,33.71,39257800,-12.324353951489469
csuEx72_NaAc_0.25M_JNL_10off_20on_20off,339,33.81,39246400,-12.349813920335228
csuEx72_NaAc_0.25M_JNL_10off_20on_20off,340,33.91,39151500,-12.561756994323165
csuEx72_NaAc_0.25M_JNL_10off_20on_20off,341,34.01,39161200,-12.540093687498267
csuEx72_NaAc_0.25M_JNL_10off_20on_20off,342,34.11,39192500,-12.470190439702455
csuEx72_NaAc_0.25M_JNL_10off_20on_20off,343,34.21,39211100,-12.428650490533059
csuEx72_NaAc_0.25M_JNL_10off_20on_20off,344,34.31,39248600,-12.344900593014115
csuEx72_NaAc_0.25M_JNL_10off_20on_20off,345,34.41,39551400,-11.668648087181161
csuEx72_NaAc_0.25M_JNL_10off_20on_20off,346,34.51,39806300,-11.099372117112402
csuEx72_NaAc_0.25M_JNL_10off_20on_20off,347,34.61,39392100,-12.02441765184163
csuEx72_NaAc_0.25M_JNL_10off_20on_20off,348,34.71,39506600,-11.768701298083792
csuEx72_NaAc_0.25M_JNL_10off_20on_20off,349,34.81,39211500,-12.427757158292858
csuEx72_NaAc_0.25M_JNL_10off_20on_20off,350,34.91,39364000,-12.087174241715823
csuEx72_NaAc_0.25M_JNL_10off_20on_20off,351,35.01,39314500,-12.197724106440829
csuEx72_NaAc_0.25M_JNL_10off_20on_20off,352,35.11,39556200,-11.657928100298736
csuEx72_NaAc_0.25M_JNL_10off_20on_20off,353,35.211,39367200,-12.080027583794207
csuEx72_NaAc_0.25M_JNL_10off_20on_20off,354,35.311,39387200,-12.035360971784105
csuEx72_NaAc_0.25M_JNL_10off_20on_20off,355,35.41,39531300,-11.713538032251314
csuEx72_NaAc_0.25M_JNL_10off_20on_20off,356,35.51,39392700,-12.023077653481327
csuEx72_NaAc_0.25M_JNL_10off_20on_20off,357,35.61,39230500,-12.38532387688326
csuEx72_NaAc_0.25M_JNL_10off_20on_20off,358,35.71,39246300,-12.350037253395278
csuEx72_NaAc_0.25M_JNL_10off_20on_20off,359,35.81,39435800,-11.926821104599556
csuEx72_NaAc_0.25M_JNL_10off_20on_20off,360,35.91,39546200,-11.680261406303789
csuEx72_NaAc_0.25M_JNL_10off_20on_20off,361,36.01,39000700,-12.89854324887934
csuEx72_NaAc_0.25M_JNL_10off_20on_20off,362,36.11,39054100,-12.779283394812365
csuEx72_NaAc_0.25M_JNL_10off_20on_20off,363,36.21,39284000,-12.265840689756233
csuEx72_NaAc_0.25M_JNL_10off_20on_20off,364,36.31,39253400,-12.334180606131692
csuEx72_NaAc_0.25M_JNL_10off_20on_20off,365,36.41,39179300,-12.499670403629121
csuEx72_NaAc_0.25M_JNL_10off_20on_20off,366,36.51,39276600,-12.282367336199973
csuEx72_NaAc_0.25M_JNL_10off_20on_20off,367,36.61,38787300,-13.375135999027135
csuEx72_NaAc_0.25M_JNL_10off_20on_20off,368,36.71,38890400,-13.144879614115057
csuEx72_NaAc_0.25M_JNL_10off_20on_20off,369,36.811,38768300,-13.417569280436734
csuEx72_NaAc_0.25M_JNL_10off_20on_20off,370,36.91,39296300,-12.238370723370021
csuEx72_NaAc_0.25M_JNL_10off_20on_20off,371,37.01,38727500,-13.508689168937343
csuEx72_NaAc_0.25M_JNL_10off_20on_20off,372,37.11,38373900,-14.29839486927596
csuEx72_NaAc_0.25M_JNL_10off_20on_20off,373,37.21,38838900,-13.259896140041072
csuEx72_NaAc_0.25M_JNL_10off_20on_20off,374,37.31,38418300,-14.19923499061353
csuEx72_NaAc_0.25M_JNL_10off_20on_20off,375,37.41,38895300,-13.13393629417258
csuEx72_NaAc_0.25M_JNL_10off_20on_20off,376,37.51,38555400,-13.893045365284276
csuEx72_NaAc_0.25M_JNL_10off_20on_20off,377,37.61,38666400,-13.645145668628206
csuEx72_NaAc_0.25M_JNL_10off_20on_20off,378,37.71,38996800,-12.907253238221308
csuEx72_NaAc_0.25M_JNL_10off_20on_20off,379,37.81,38730100,-13.502882509376029
csuEx72_NaAc_0.25M_JNL_10off_20on_20off,380,37.91,38950000,-13.01177311032495
csuEx72_NaAc_0.25M_JNL_10off_20on_20off,381,38.01,38855500,-13.222822852072685
csuEx72_NaAc_0.25M_JNL_10off_20on_20off,382,38.11,38855500,-13.222822852072685
csuEx72_NaAc_0.25M_JNL_10off_20on_20off,383,38.21,38544900,-13.916495336589579
csuEx72_NaAc_0.25M_JNL_10off_20on_20off,384,38.31,38355600,-14.339264819265201
csuEx72_NaAc_0.25M_JNL_10off_20on_20off,385,38.41,38688200,-13.596459061537194
csuEx72_NaAc_0.25M_JNL_10off_20on_20off,386,38.51,38692000,-13.587972405255275
csuEx72_NaAc_0.25M_JNL_10off_20on_20off,387,38.61,38651900,-13.677528962335531
csuEx72_NaAc_0.25M_JNL_10off_20on_20off,388,38.711,38603300,-13.786068829520081
csuEx72_NaAc_0.25M_JNL_10off_20on_20off,389,38.81,39090200,-12.698660160134128
csuEx72_NaAc_0.25M_JNL_10off_20on_20off,390,38.91,39109600,-12.655333546484329
csuEx72_NaAc_0.25M_JNL_10off_20on_20off,391,39.01,38724900,-13.514495828498656
csuEx72_NaAc_0.25M_JNL_10off_20on_20off,392,39.11,39014100,-12.86861661883257
csuEx72_NaAc_0.25M_JNL_10off_20on_20off,393,39.21,38524500,-13.962055280839886
csuEx72_NaAc_0.25M_JNL_10off_20on_20off,394,39.31,38741300,-13.477869206650372
csuEx72_NaAc_0.25M_JNL_10off_20on_20off,395,39.41,38745800,-13.4678192189481
csuEx72_NaAc_0.25M_JNL_10off_20on_20off,396,39.51,38656400,-13.667478974633257
csuEx72_NaAc_0.25M_JNL_10off_20on_20off,397,39.61,38813800,-13.315952738113749
csuEx72_NaAc_0.25M_JNL_10off_20on_20off,398,39.71,38713000,-13.541072462644669
csuEx72_NaAc_0.25M_JNL_10off_20on_20off,399,39.811,38576200,-13.846592088793768
csuEx72_NaAc_0.25M_JNL_10off_20on_20off,400,39.911,38639500,-13.705222261781794
csuEx72_NaAc_0.25M_JNL_10off_20on_20off,401,40.011,38613200,-13.763958856575078
csuEx72_NaAc_0.25M_JNL_10off_20on_20off,402,40.11,38506200,-14.00292523082913
csuEx72_NaAc_0.25M_JNL_10off_20on_20off,403,40.21,38859300,-13.214336195790766
csuEx72_NaAc_0.25M_JNL_10off_20on_20off,404,40.31,39096600,-12.684366844290897
csuEx72_NaAc_0.25M_JNL_10off_20on_20off,405,40.411,38728100,-13.50734917057704
csuEx72_NaAc_0.25M_JNL_10off_20on_20off,406,40.511,38839200,-13.25922614086092
csuEx72_NaAc_0.25M_JNL_10off_20on_20off,407,40.611,39143000,-12.58074030442746
csuEx72_NaAc_0.25M_JNL_10off_20on_20off,408,40.711,38783300,-13.384069321429157
csuEx72_NaAc_0.25M_JNL_10off_20on_20off,409,40.81,38908300,-13.104902996366013
csuEx72_NaAc_0.25M_JNL_10off_20on_20off,410,40.91,39121000,-12.629873577638573
csuEx72_NaAc_0.25M_JNL_10off_20on_20off,411,41.01,38947400,-13.017579769886265
csuEx72_NaAc_0.25M_JNL_10off_20on_20off,412,41.11,38375200,-14.295491539495304
csuEx72_NaAc_0.25M_JNL_10off_20on_20off,413,41.211,38252400,-14.569744537237334
csuEx72_NaAc_0.25M_JNL_10off_20on_20off,414,41.31,38786000,-13.378039328807793
csuEx72_NaAc_0.25M_JNL_10off_20on_20off,415,41.41,38841900,-13.253196148239555
csuEx72_NaAc_0.25M_JNL_10off_20on_20off,416,41.51,38660500,-13.658322319171187
csuEx72_NaAc_0.25M_JNL_10off_20on_20off,417,41.61,38170600,-14.752430980358652
csuEx72_NaAc_0.25M_JNL_10off_20on_20off,418,41.71,38285000,-14.496937959660865
csuEx72_NaAc_0.25M_JNL_10off_20on_20off,419,41.81,38716400,-13.53347913860295
csuEx72_NaAc_0.25M_JNL_10off_20on_20off,420,41.91,37944900,-15.256493696892662
csuEx72_NaAc_0.25M_JNL_10off_20on_20off,421,42.01,38538300,-13.931235318552915
csuEx72_NaAc_0.25M_JNL_10off_20on_20off,422,42.111,37767900,-15.651793213182073
csuEx72_NaAc_0.25M_JNL_10off_20on_20off,423,42.21,38514800,-13.983718587664784
csuEx72_NaAc_0.25M_JNL_10off_20on_20off,424,42.31,38707000,-13.554472446247697
csuEx72_NaAc_0.25M_JNL_10off_20on_20off,425,42.41,38430200,-14.172658356467519
csuEx72_NaAc_0.25M_JNL_10off_20on_20off,426,42.51,38753000,-13.45173923862446
csuEx72_NaAc_0.25M_JNL_10off_20on_20off,427,42.61,38562200,-13.87785871720084
csuEx72_NaAc_0.25M_JNL_10off_20on_20off,428,42.71,38443200,-14.143625058660952
csuEx72_NaAc_0.25M_JNL_10off_20on_20off,429,42.81,38125400,-14.853377523501484
csuEx72_NaAc_0.25M_JNL_10off_20on_20off,430,42.91,38161000,-14.773870954123502
csuEx72_NaAc_0.25M_JNL_10off_20on_20off,431,43.014,38497200,-14.023025206233674
csuEx72_NaAc_0.25M_JNL_10off_20on_20off,432,43.114,38372900,-14.300628199876463
csuEx72_NaAc_0.25M_JNL_10off_20on_20off,433,43.215,38341500,-14.370754780732325
csuEx72_NaAc_0.25M_JNL_10off_20on_20off,434,43.314,38515800,-13.98148525706428
csuEx72_NaAc_0.25M_JNL_10off_20on_20off,435,43.414,38452700,-14.122408417956153
csuEx72_NaAc_0.25M_JNL_10off_20on_20off,436,43.514,38192400,-14.703744373267641
csuEx72_NaAc_0.25M_JNL_10off_20on_20off,437,43.614,38399500,-14.241221605903027
csuEx72_NaAc_0.25M_JNL_10off_20on_20off,438,43.714,38216900,-14.649027773555265
csuEx72_NaAc_0.25M_JNL_10off_20on_20off,439,43.814,38767400,-13.419579277977187
csuEx72_NaAc_0.25M_JNL_10off_20on_20off,440,43.914,38372700,-14.301074865996565
csuEx72_NaAc_0.25M_JNL_10off_20on_20off,441,44.014,37952500,-15.239520384328822
csuEx72_NaAc_0.25M_JNL_10off_20on_20off,442,44.114,38027700,-15.071573923170837
csuEx72_NaAc_0.25M_JNL_10off_20on_20off,443,44.215,38312700,-14.435074702026874
csuEx72_NaAc_0.25M_JNL_10off_20on_20off,444,44.315,38035300,-15.054600610606997
csuEx72_NaAc_0.25M_JNL_10off_20on_20off,445,44.414,38230000,-14.619771142688649
csuEx72_NaAc_0.25M_JNL_10off_20on_20off,446,44.514,38241900,-14.593194508542636
csuEx72_NaAc_0.25M_JNL_10off_20on_20off,447,44.614,38377300,-14.290801545234242
csuEx72_NaAc_0.25M_JNL_10off_20on_20off,448,44.714,38341200,-14.371424779912475
csuEx72_NaAc_0.25M_JNL_10off_20on_20off,449,44.814,38468500,-14.087121794468175
csuEx72_NaAc_0.25M_JNL_10off_20on_20off,450,44.914,38205500,-14.674487742401023
csuEx72_NaAc_0.25M_JNL_10off_20on_20off,451,45.014,37694300,-15.816166345379248
csuEx72_NaAc_0.25M_JNL_10off_20on_20off,452,45.114,38631700,-13.722642240465735
csuEx72_NaAc_0.25M_JNL_10off_20on_20off,453,45.214,38639900,-13.704328929541592
csuEx72_NaAc_0.25M_JNL_10off_20on_20off,454,45.314,38414300,-14.208168313015552
csuEx72_NaAc_0.25M_JNL_10off_20on_20off,455,45.414,38285700,-14.495374628240512
csuEx72_NaAc_0.25M_JNL_10off_20on_20off,456,45.514,38297200,-14.469691326334702
csuEx72_NaAc_0.25M_JNL_10off_20on_20off,457,45.614,38101000,-14.90787079015381
csuEx72_NaAc_0.25M_JNL_10off_20on_20off,458,45.714,38132500,-14.837520876237898
csuEx72_NaAc_0.25M_JNL_10off_20on_20off,459,45.814,38143600,-14.812730906572291
csuEx72_NaAc_0.25M_JNL_10off_20on_20off,460,45.914,38071500,-14.97375404286871
csuEx72_NaAc_0.25M_JNL_10off_20on_20off,461,46.014,38275700,-14.517707934245564
csuEx72_NaAc_0.25M_JNL_10off_20on_20off,462,46.114,38140600,-14.819430898373806
csuEx72_NaAc_0.25M_JNL_10off_20on_20off,463,46.214,38569300,-13.862002069937255
csuEx72_NaAc_0.25M_JNL_10off_20on_20off,464,46.314,38579600,-13.838998764752052
csuEx72_NaAc_0.25M_JNL_10off_20on_20off,465,46.414,37914900,-15.323493614907816
csuEx72_NaAc_0.25M_JNL_10off_20on_20off,466,46.514,38598000,-13.797905481702758
csuEx72_NaAc_0.25M_JNL_10off_20on_20off,467,46.614,38352000,-14.347304809427023
csuEx72_NaAc_0.25M_JNL_10off_20on_20off,468,46.714,38307800,-14.446018021969348
csuEx72_NaAc_0.25M_JNL_10off_20on_20off,469,46.814,38171700,-14.749974316698097
csuEx72_NaAc_0.25M_JNL_10off_20on_20off,470,46.914,38453700,-14.12017508735565
csuEx72_NaAc_0.25M_JNL_10off_20on_20off,471,47.014,38939600,-13.034999748570202
csuEx72_NaAc_0.25M_JNL_10off_20on_20off,472,47.114,38257400,-14.558577884234808
csuEx72_NaAc_0.25M_JNL_10off_20on_20off,473,47.214,38332500,-14.390854756136873
csuEx72_NaAc_0.25M_JNL_10off_20on_20off,474,47.314,38161900,-14.771860956583046
csuEx72_NaAc_0.25M_JNL_10off_20on_20off,475,47.414,38087600,-14.93779742020058
csuEx72_NaAc_0.25M_JNL_10off_20on_20off,476,47.514,37915300,-15.322600282667615
csuEx72_NaAc_0.25M_JNL_10off_20on_20off,477,47.614,37711400,-15.777976392110613
csuEx72_NaAc_0.25M_JNL_10off_20on_20off,478,47.714,37604900,-16.01582610106441
csuEx72_NaAc_0.25M_JNL_10off_20on_20off,479,47.814,37741000,-15.71186980633566
csuEx72_NaAc_0.25M_JNL_10off_20on_20off,480,47.914,37726300,-15.744699766163084
csuEx72_NaAc_0.25M_JNL_10off_20on_20off,481,48.014,37911900,-15.330193606709333
csuEx72_NaAc_0.25M_JNL_10off_20on_20off,482,48.114,38141400,-14.817644233893404
csuEx72_NaAc_0.25M_JNL_10off_20on_20off,483,48.214,37868500,-15.427120154771254
csuEx72_NaAc_0.25M_JNL_10off_20on_20off,484,48.314,38070800,-14.975317374289066
csuEx72_NaAc_0.25M_JNL_10off_20on_20off,485,48.414,38404700,-14.229608286780401
csuEx72_NaAc_0.25M_JNL_10off_20on_20off,486,48.514,37891700,-15.375306884839535
csuEx72_NaAc_0.25M_JNL_10off_20on_20off,487,48.614,37846000,-15.47737009328262
csuEx72_NaAc_0.25M_JNL_10off_20on_20off,488,48.714,37801200,-15.57742330418525
csuEx72_NaAc_0.25M_JNL_10off_20on_20off,489,48.814,38012200,-15.106190547478668
csuEx72_NaAc_0.25M_JNL_10off_20on_20off,490,48.914,37608300,-16.00823277702269
csuEx72_NaAc_0.25M_JNL_10off_20on_20off,491,49.014,37690400,-15.82487633472122
csuEx72_NaAc_0.25M_JNL_10off_20on_20off,492,49.115,37440200,-16.383655650967604
csuEx72_NaAc_0.25M_JNL_10off_20on_20off,493,49.215,37839000,-15.493003407486155
csuEx72_NaAc_0.25M_JNL_10off_20on_20off,494,49.315,37929800,-15.290216988960289
csuEx72_NaAc_0.25M_JNL_10off_20on_20off,495,49.415,37991900,-15.15152715866892
csuEx72_NaAc_0.25M_JNL_10off_20on_20off,496,49.515,38049500,-15.022887316079824
csuEx72_NaAc_0.25M_JNL_10off_20on_20off,497,49.615,37847400,-15.474243430441915
csuEx72_NaAc_0.25M_JNL_10off_20on_20off,498,49.715,38090200,-14.931990760639266
csuEx72_NaAc_0.25M_JNL_10off_20on_20off,499,49.815,37991500,-15.152420490909124
csuEx72_NaAc_0.25M_JNL_10off_20on_20off,500,49.915,37994200,-15.14639049828776
csuEx72_NaAc_0.25M_JNL_10off_20on_20off,501,50.015,37568200,-16.097789334102945
csuEx72_NaAc_0.25M_JNL_10off_20on_20off,502,50.115,37934300,-15.280167001258016
csuEx72_NaAc_0.25M_JNL_10off_20on_20off,503,50.215,37806600,-15.565363318942524
csuEx72_NaAc_0.25M_JNL_10off_20on_20off,504,50.315,37791200,-15.599756610190301
csuEx72_NaAc_0.25M_JNL_10off_20on_20off,505,50.415,37632600,-15.953962843430416
csuEx72_NaAc_0.25M_JNL_10off_20on_20off,506,50.515,37681500,-15.844752977065715
csuEx72_NaAc_0.25M_JNL_10off_20on_20off,507,50.615,38084300,-14.945167411182247
csuEx72_NaAc_0.25M_JNL_10off_20on_20off,508,50.715,38234000,-14.610837820286626
csuEx72_NaAc_0.25M_JNL_10off_20on_20off,509,50.815,37753000,-15.685069839129598
csuEx72_NaAc_0.25M_JNL_10off_20on_20off,510,50.915,37765600,-15.656929873563232
csuEx72_NaAc_0.25M_JNL_10off_20on_20off,511,51.015,38203300,-14.679401069722134
csuEx72_NaAc_0.25M_JNL_10off_20on_20off,512,51.115,38218700,-14.645007778474357
csuEx72_NaAc_0.25M_JNL_10off_20on_20off,513,51.215,37955200,-15.233490391707461
csuEx72_NaAc_0.25M_JNL_10off_20on_20off,514,51.315,37863400,-15.43851014083383
csuEx72_NaAc_0.25M_JNL_10off_20on_20off,515,51.415,38150000,-14.798437590729058
csuEx72_NaAc_0.25M_JNL_10off_20on_20off,516,51.515,38047000,-15.028470642581087
csuEx72_NaAc_0.25M_JNL_10off_20on_20off,517,51.615,37766200,-15.65558987520293
csuEx72_NaAc_0.25M_JNL_10off_20on_20off,518,51.715,37625200,-15.970489489874154
csuEx72_NaAc_0.25M_JNL_10off_20on_20off,519,51.815,37668000,-15.874902940172534
csuEx72_NaAc_0.25M_JNL_10off_20on_20off,520,51.915,37973200,-15.193290440898366
csuEx72_NaAc_0.25M_JNL_10off_20on_20off,521,52.015,37404700,-16.462938887285535
csuEx72_NaAc_0.25M_JNL_10off_20on_20off,522,52.115,37311000,-16.67220196455287
csuEx72_NaAc_0.25M_JNL_10off_20on_20off,523,52.215,37310900,-16.672425297612918
csuEx72_NaAc_0.25M_JNL_10off_20on_20off,524,52.315,37197200,-16.926354986890352
csuEx72_NaAc_0.25M_JNL_10off_20on_20off,525,52.415,37181600,-16.96119494425823
csuEx72_NaAc_0.25M_JNL_10off_20on_20off,526,52.515,37626600,-15.967362827033446
csuEx72_NaAc_0.25M_JNL_10off_20on_20off,527,52.615,37502800,-16.243849155375983
csuEx72_NaAc_0.25M_JNL_10off_20on_20off,528,52.715,37389100,-16.497778844653414
csuEx72_NaAc_0.25M_JNL_10off_20on_20off,529,52.815,37178200,-16.96878826829995
csuEx72_NaAc_0.25M_JNL_10off_20on_20off,530,52.912,36977200,-17.41768771900148
csuEx72_NaAc_0.25M_JNL_10off_20on_20off,531,53.01,37336800,-16.614582035059836
csuEx72_NaAc_0.25M_JNL_10off_20on_20off,532,53.11,37278300,-16.745231875189386
csuEx72_NaAc_0.25M_JNL_10off_20on_20off,533,53.21,37205400,-16.90804167596621
csuEx72_NaAc_0.25M_JNL_10off_20on_20off,534,53.31,37033300,-17.292397872313146
csuEx72_NaAc_0.25M_JNL_10off_20on_20off,535,53.41,37024400,-17.31227451465764
csuEx72_NaAc_0.25M_JNL_10off_20on_20off,536,53.51,37244200,-16.82138844866661
csuEx72_NaAc_0.25M_JNL_10off_20on_20off,537,53.61,37066100,-17.219144628616576
csuEx72_NaAc_0.25M_JNL_10off_20on_20off,538,53.71,36641900,-18.166523469350853
csuEx72_NaAc_0.25M_JNL_10off_20on_20off,539,53.81,36876200,-17.6432541096525
csuEx72_NaAc_0.25M_JNL_10off_20on_20off,540,53.91,37530900,-16.18109256550179
csuEx72_NaAc_0.25M_JNL_10off_20on_20off,541,54.011,37406600,-16.458695559144576
csuEx72_NaAc_0.25M_JNL_10off_20on_20off,542,54.11,37208700,-16.900671684984545
csuEx72_NaAc_0.25M_JNL_10off_20on_20off,543,54.21,37771600,-15.643529889960202
csuEx72_NaAc_0.25M_JNL_10off_20on_20off,544,54.31,37228800,-16.85578173991439
csuEx72_NaAc_0.25M_JNL_10off_20on_20off,545,54.41,37008900,-17.34689113896547
csuEx72_NaAc_0.25M_JNL_10off_20on_20off,546,54.51,37049700,-17.25577125046486
csuEx72_NaAc_0.25M_JNL_10off_20on_20off,547,54.61,37014100,-17.335277819842844
csuEx72_NaAc_0.25M_JNL_10off_20on_20off,548,54.71,37183100,-16.957844948357476
csuEx72_NaAc_0.25M_JNL_10off_20on_20off,549,54.81,37476300,-16.30303241628937
csuEx72_NaAc_0.25M_JNL_10off_20on_20off,550,54.91,36942700,-17.49473762471891
csuEx72_NaAc_0.25M_JNL_10off_20on_20off,551,55.01,37370300,-16.539765459942913
csuEx72_NaAc_0.25M_JNL_10off_20on_20off,552,55.111,37528900,-16.185559226702797
csuEx72_NaAc_0.25M_JNL_10off_20on_20off,553,55.21,37359100,-16.56477876266857
csuEx72_NaAc_0.25M_JNL_10off_20on_20off,554,55.31,37620100,-15.981879475936731
csuEx72_NaAc_0.25M_JNL_10off_20on_20off,555,55.41,37234800,-16.842381756311358
csuEx72_NaAc_0.25M_JNL_10off_20on_20off,556,55.51,37795100,-15.591046620848331
csuEx72_NaAc_0.25M_JNL_10off_20on_20off,557,55.61,37362700,-16.55673877250675
csuEx72_NaAc_0.25M_JNL_10off_20on_20off,558,55.71,37441000,-16.3818689864872
csuEx72_NaAc_0.25M_JNL_10off_20on_20off,559,55.81,37344300,-16.597832055556047
csuEx72_NaAc_0.25M_JNL_10off_20on_20off,560,55.91,37897800,-15.361683568176455
csuEx72_NaAc_0.25M_JNL_10off_20on_20off,561,56.011,37516200,-16.213922525329213
csuEx72_NaAc_0.25M_JNL_10off_20on_20off,562,56.111,37316400,-16.66014197931014
csuEx72_NaAc_0.25M_JNL_10off_20on_20off,563,56.211,37358300,-16.566565427148973
csuEx72_NaAc_0.25M_JNL_10off_20on_20off,564,56.311,36877700,-17.639904113751744
csuEx72_NaAc_0.25M_JNL_10off_20on_20off,565,56.41,37662300,-15.887632924595414
csuEx72_NaAc_0.25M_JNL_10off_20on_20off,566,56.51,37497500,-16.25568580755866
csuEx72_NaAc_0.25M_JNL_10off_20on_20off,567,56.611,37178700,-16.967671602999697
csuEx72_NaAc_0.25M_JNL_10off_20on_20off,568,56.711,36961700,-17.452304343309315
csuEx72_NaAc_0.25M_JNL_10off_20on_20off,569,56.811,37117700,-17.10390476963051
csuEx72_NaAc_0.25M_JNL_10off_20on_20off,570,56.91,36828400,-17.750007312356647
csuEx72_NaAc_0.25M_JNL_10off_20on_20off,571,57.01,36596300,-18.26836334473389
csuEx72_NaAc_0.25M_JNL_10off_20on_20off,572,57.11,36670900,-18.101756881936208
csuEx72_NaAc_0.25M_JNL_10off_20on_20off,573,57.21,36690500,-18.057983602166306
csuEx72_NaAc_0.25M_JNL_10off_20on_20off,574,57.31,36700700,-18.035203630041153
csuEx72_NaAc_0.25M_JNL_10off_20on_20off,575,57.411,36976200,-17.41992104960199
csuEx72_NaAc_0.25M_JNL_10off_20on_20off,576,57.511,37314400,-16.66460864051115
csuEx72_NaAc_0.25M_JNL_10off_20on_20off,577,57.611,37102600,-17.137628061698138
csuEx72_NaAc_0.25M_JNL_10off_20on_20off,578,57.71,37425900,-16.41559227855483
csuEx72_NaAc_0.25M_JNL_10off_20on_20off,579,57.811,37388700,-16.49867217689362
csuEx72_NaAc_0.25M_JNL_10off_20on_20off,580,57.911,37595100,-16.03771274094936
csuEx72_NaAc_0.25M_JNL_10off_20on_20off,581,58.011,37340000,-16.60743537713822
csuEx72_NaAc_0.25M_JNL_10off_20on_20off,582,58.111,37340500,-16.606318711837968
csuEx72_NaAc_0.25M_JNL_10off_20on_20off,583,58.211,37417700,-16.433905589478968
csuEx72_NaAc_0.25M_JNL_10off_20on_20off,584,58.311,37491800,-16.26841579198154
csuEx72_NaAc_0.25M_JNL_10off_20on_20off,585,58.411,37473700,-16.30883907585068
csuEx72_NaAc_0.25M_JNL_10off_20on_20off,586,58.511,37378300,-16.521898815138872
csuEx72_NaAc_0.25M_JNL_10off_20on_20off,587,58.611,37675000,-15.859269625969
csuEx72_NaAc_0.25M_JNL_10off_20on_20off,588,58.711,37402400,-16.4680755476667
csuEx72_NaAc_0.25M_JNL_10off_20on_20off,589,58.811,37164200,-17.000054896707024
csuEx72_NaAc_0.25M_JNL_10off_20on_20off,590,58.911,37063900,-17.22405795593769
csuEx72_NaAc_0.25M_JNL_10off_20on_20off,591,59.011,37281500,-16.73808521726777
csuEx72_NaAc_0.25M_JNL_10off_20on_20off,592,59.111,37407000,-16.457802226904374
csuEx72_NaAc_0.25M_JNL_10off_20on_20off,593,59.211,36849200,-17.70355403586614
csuEx72_NaAc_0.25M_JNL_10off_20on_20off,594,59.311,37110900,-17.119091417713946
csuEx72_NaAc_0.25M_JNL_10off_20on_20off,595,59.411,37346300,-16.593365394355036
csuEx72_NaAc_0.25M_JNL_10off_20on_20off,596,59.511,37008300,-17.348231137325772
csuEx72_NaAc_0.25M_JNL_10off_20on_20off,597,59.611,37432900,-16.399958964351292
csuEx72_NaAc_0.25M_JNL_10off_20on_20off,598,59.711,37055600,-17.24259459992188
csuEx72_NaAc_0.25M_JNL_10off_20on_20off,599,59.811,37339900,-16.60765871019827
csuEx72_NaAc_0.25M_JNL_10off_20on_20off,600,59.911,37025800,-17.309147851816935
