stim_jnl,frame,time_s,fluor,dff
csuEx93_NaAc_2.5M_500ms_JNL_10off_20on_20off,2,0.5,20768600,51.492094300614866
csuEx93_NaAc_2.5M_500ms_JNL_10off_20on_20off,3,1,20557800,49.9544589530917
csuEx93_NaAc_2.5M_500ms_JNL_10off_20on_20off,4,1.5,20237000,47.614452219289845
csuEx93_NaAc_2.5M_500ms_JNL_10off_20on_20off,5,2,20071900,46.41016571133883
csuEx93_NaAc_2.5M_500ms_JNL_10off_20on_20off,6,2.5,19848400,44.77989294012712
csuEx93_NaAc_2.5M_500ms_JNL_10off_20on_20off,7,3,19523800,42.412167922071994
csuEx93_NaAc_2.5M_500ms_JNL_10off_20on_20off,8,3.5,19465800,41.98909937294324
csuEx93_NaAc_2.5M_500ms_JNL_10off_20on_20off,9,4,19197900,40.03496033308813
csuEx93_NaAc_2.5M_500ms_JNL_10off_20on_20off,10,4.5,18759200,36.83495735890211
csuEx93_NaAc_2.5M_500ms_JNL_10off_20on_20off,11,5,18674500,36.217131391467525
csuEx93_NaAc_2.5M_500ms_JNL_10off_20on_20off,12,5.5,18537400,35.21708487275107
csuEx93_NaAc_2.5M_500ms_JNL_10off_20on_20off,13,6,18438800,34.49786833923218
csuEx93_NaAc_2.5M_500ms_JNL_10off_20on_20off,14,6.5,18284700,33.37381896990903
csuEx93_NaAc_2.5M_500ms_JNL_10off_20on_20off,15,7,18081200,31.889431905293446
csuEx93_NaAc_2.5M_500ms_JNL_10off_20on_20off,16,7.5,17975200,31.116237660333983
csuEx93_NaAc_2.5M_500ms_JNL_10off_20on_20off,17,8,17884300,30.45318712385459
csuEx93_NaAc_2.5M_500ms_JNL_10off_20on_20off,18,8.5,17747300,29.45387003367113
csuEx93_NaAc_2.5M_500ms_JNL_10off_20on_20off,19,9,17640000,28.671193217782914
csuEx93_NaAc_2.5M_500ms_JNL_10off_20on_20off,20,9.5,17464300,27.38958728533595
csuEx93_NaAc_2.5M_500ms_JNL_10off_20on_20off,21,10,17329400,26.405588194345082
csuEx93_NaAc_2.5M_500ms_JNL_10off_20on_20off,22,10.5,17053300,24.391636014785565
csuEx93_NaAc_2.5M_500ms_JNL_10off_20on_20off,23,11,17068200,24.50032086619968
csuEx93_NaAc_2.5M_500ms_JNL_10off_20on_20off,24,11.5,16573199.999999998,20.889649627945552
csuEx93_NaAc_2.5M_500ms_JNL_10off_20on_20off,25,12,15735100,14.776309093034918
csuEx93_NaAc_2.5M_500ms_JNL_10off_20on_20off,26,12.5,14852300,8.336914003881926
csuEx93_NaAc_2.5M_500ms_JNL_10off_20on_20off,27,13,13846099.999999998,0.9974041050308262
csuEx93_NaAc_2.5M_500ms_JNL_10off_20on_20off,28,13.5,13074900,-4.627948741315769
csuEx93_NaAc_2.5M_500ms_JNL_10off_20on_20off,29,14,12157800,-11.317537817281115
csuEx93_NaAc_2.5M_500ms_JNL_10off_20on_20off,30,14.5,11462200,-16.39144269269437
csuEx93_NaAc_2.5M_500ms_JNL_10off_20on_20off,31,15,10725700,-21.7636838380967
csuEx93_NaAc_2.5M_500ms_JNL_10off_20on_20off,32,15.5,10153900,-25.934556189679935
csuEx93_NaAc_2.5M_500ms_JNL_10off_20on_20off,33,16,9798490,-28.527018138746392
csuEx93_NaAc_2.5M_500ms_JNL_10off_20on_20off,34,16.5,9386080,-31.535254351611798
csuEx93_NaAc_2.5M_500ms_JNL_10off_20on_20off,35,17,9089600,-33.697864066192764
csuEx93_NaAc_2.5M_500ms_JNL_10off_20on_20off,36,17.5,8567760,-37.50431392269888
csuEx93_NaAc_2.5M_500ms_JNL_10off_20on_20off,37,18,8180040,-40.332454230771376
csuEx93_NaAc_2.5M_500ms_JNL_10off_20on_20off,38,18.5,7727740,-43.63165948544276
csuEx93_NaAc_2.5M_500ms_JNL_10off_20on_20off,39,19,7420170,-45.87516282433128
csuEx93_NaAc_2.5M_500ms_JNL_10off_20on_20off,40,19.5,7190110,-47.55328610730651
csuEx93_NaAc_2.5M_500ms_JNL_10off_20on_20off,41,20,6870440,-49.88505029868569
csuEx93_NaAc_2.5M_500ms_JNL_10off_20on_20off,42,20.5,6680470,-51.270745682788984
csuEx93_NaAc_2.5M_500ms_JNL_10off_20on_20off,43,21,6408670,-53.25333243543034
csuEx93_NaAc_2.5M_500ms_JNL_10off_20on_20off,44,21.5,5973290,-56.4291183823214
csuEx93_NaAc_2.5M_500ms_JNL_10off_20on_20off,45,22,5593400,-59.20014443626152
csuEx93_NaAc_2.5M_500ms_JNL_10off_20on_20off,46,22.5,5260870,-61.625713136982
csuEx93_NaAc_2.5M_500ms_JNL_10off_20on_20off,47,23,5163610,-62.335155328158955
csuEx93_NaAc_2.5M_500ms_JNL_10off_20on_20off,48,23.5,5065310,-63.05218357607891
csuEx93_NaAc_2.5M_500ms_JNL_10off_20on_20off,49,24,4956730,-63.84419707718928
csuEx93_NaAc_2.5M_500ms_JNL_10off_20on_20off,50,24.5,4906210,-64.21270437205109
csuEx93_NaAc_2.5M_500ms_JNL_10off_20on_20off,51,25,4900370,-64.25530299837716
csuEx93_NaAc_2.5M_500ms_JNL_10off_20on_20off,52,25.5,4774180,-65.17576886414543
csuEx93_NaAc_2.5M_500ms_JNL_10off_20on_20off,53,26,4794170,-65.02995610040259
csuEx93_NaAc_2.5M_500ms_JNL_10off_20on_20off,54,26.5,4601010,-66.43892025470797
csuEx93_NaAc_2.5M_500ms_JNL_10off_20on_20off,55,27,4605220,-66.4082113134695
csuEx93_NaAc_2.5M_500ms_JNL_10off_20on_20off,56,27.5,4468320,-67.40679897511997
csuEx93_NaAc_2.5M_500ms_JNL_10off_20on_20off,57,28,4484000,-67.29242458114861
csuEx93_NaAc_2.5M_500ms_JNL_10off_20on_20off,58,28.5,4213910,-69.26253810587598
csuEx93_NaAc_2.5M_500ms_JNL_10off_20on_20off,59,29.001,3734290,-72.76102323575768
csuEx93_NaAc_2.5M_500ms_JNL_10off_20on_20off,60,29.501,3549070,-74.1120707645444
csuEx93_NaAc_2.5M_500ms_JNL_10off_20on_20off,61,30.001,3624390,-73.56266519350339
csuEx93_NaAc_2.5M_500ms_JNL_10off_20on_20off,62,30.501,3535930,-74.20791767377806
csuEx93_NaAc_2.5M_500ms_JNL_10off_20on_20off,63,31.001,3298490,-75.93987278248726
csuEx93_NaAc_2.5M_500ms_JNL_10off_20on_20off,64,31.501,3525930,-74.28086052707611
csuEx93_NaAc_2.5M_500ms_JNL_10off_20on_20off,65,32.001,3835080,-72.0258322173665
csuEx93_NaAc_2.5M_500ms_JNL_10off_20on_20off,66,32.501,3866640,-71.79562457235782
csuEx93_NaAc_2.5M_500ms_JNL_10off_20on_20off,67,33.001,4007030.0000000005,-70.7715798549063
csuEx93_NaAc_2.5M_500ms_JNL_10off_20on_20off,68,33.501,4064350,-70.35347141980182
csuEx93_NaAc_2.5M_500ms_JNL_10off_20on_20off,69,34.001,4409680,-67.83453586685981
csuEx93_NaAc_2.5M_500ms_JNL_10off_20on_20off,70,34.501,4787830,-65.07620186939356
csuEx93_NaAc_2.5M_500ms_JNL_10off_20on_20off,71,35.001,4941980,-63.95178778580393
csuEx93_NaAc_2.5M_500ms_JNL_10off_20on_20off,72,35.501,5265910,-61.58894993891977
csuEx93_NaAc_2.5M_500ms_JNL_10off_20on_20off,73,36.001,5519020,-59.7426933790925
csuEx93_NaAc_2.5M_500ms_JNL_10off_20on_20off,74,36.501,5918000,-56.83241941820639
csuEx93_NaAc_2.5M_500ms_JNL_10off_20on_20off,75,37.001,5761060,-57.97718455786619
csuEx93_NaAc_2.5M_500ms_JNL_10off_20on_20off,76,37.501,5926870,-56.767719107331004
csuEx93_NaAc_2.5M_500ms_JNL_10off_20on_20off,77,38.001,6135640,-55.244891159027354
csuEx93_NaAc_2.5M_500ms_JNL_10off_20on_20off,78,38.501,6429240,-53.10328898619622
csuEx93_NaAc_2.5M_500ms_JNL_10off_20on_20off,79,39,6464650,-52.84499834266778
csuEx93_NaAc_2.5M_500ms_JNL_10off_20on_20off,80,39.5,6524560,-52.40799770855909
csuEx93_NaAc_2.5M_500ms_JNL_10off_20on_20off,81,40,6555870,-52.17961363488285
csuEx93_NaAc_2.5M_500ms_JNL_10off_20on_20off,82,40.5,6506660,-52.53856541596262
csuEx93_NaAc_2.5M_500ms_JNL_10off_20on_20off,83,41,6561440,-52.138984465595826
csuEx93_NaAc_2.5M_500ms_JNL_10off_20on_20off,84,41.5,6548440,-52.23381017488331
csuEx93_NaAc_2.5M_500ms_JNL_10off_20on_20off,85,42,6398540,-53.327223545821276
csuEx93_NaAc_2.5M_500ms_JNL_10off_20on_20off,86,42.5,6144170,-55.1826709051641
csuEx93_NaAc_2.5M_500ms_JNL_10off_20on_20off,87,43,6195600,-54.807525810652166
csuEx93_NaAc_2.5M_500ms_JNL_10off_20on_20off,88,43.5,5973540,-56.42729481098895
csuEx93_NaAc_2.5M_500ms_JNL_10off_20on_20off,89,44,5853400,-57.30363025051187
csuEx93_NaAc_2.5M_500ms_JNL_10off_20on_20off,90,44.5,5773770,-57.88447419132435
csuEx93_NaAc_2.5M_500ms_JNL_10off_20on_20off,91,45,5823560,-57.5212917247533
csuEx93_NaAc_2.5M_500ms_JNL_10off_20on_20off,92,45.5,5560250,-59.441949994944586
csuEx93_NaAc_2.5M_500ms_JNL_10off_20on_20off,93,46,5624790,-58.97117681975889
csuEx93_NaAc_2.5M_500ms_JNL_10off_20on_20off,94,46.5,5556560,-59.468865907811576
csuEx93_NaAc_2.5M_500ms_JNL_10off_20on_20off,95,47,5228800,-61.85964086750888
csuEx93_NaAc_2.5M_500ms_JNL_10off_20on_20off,96,47.5,5343960,-61.019630968928396
csuEx93_NaAc_2.5M_500ms_JNL_10off_20on_20off,97,48,5111690,-62.7138746224825
csuEx93_NaAc_2.5M_500ms_JNL_10off_20on_20off,98,48.5,4872310,-64.45998064473153
csuEx93_NaAc_2.5M_500ms_JNL_10off_20on_20off,99,49,5081410,-62.93474558226904
csuEx93_NaAc_2.5M_500ms_JNL_10off_20on_20off,100,49.5,4833260,-64.74482248686047
csuEx93_NaAc_2.5M_500ms_JNL_10off_20on_20off,101,50,4581600,-66.58050233295951
csuEx93_NaAc_2.5M_500ms_JNL_10off_20on_20off,102,50.5,4521840,-67.01640882426874
csuEx93_NaAc_2.5M_500ms_JNL_10off_20on_20off,103,51,4543580,-66.85783106119875
csuEx93_NaAc_2.5M_500ms_JNL_10off_20on_20off,104,51.5,4273750,-68.82604807174037
csuEx93_NaAc_2.5M_500ms_JNL_10off_20on_20off,105,52,4439440,-67.61745793544478
csuEx93_NaAc_2.5M_500ms_JNL_10off_20on_20off,106,52.5,4059140,-70.3914746463701
csuEx93_NaAc_2.5M_500ms_JNL_10off_20on_20off,107,53,4281020,-68.7730186173927
csuEx93_NaAc_2.5M_500ms_JNL_10off_20on_20off,108,53.5,4310730,-68.55630540024414
csuEx93_NaAc_2.5M_500ms_JNL_10off_20on_20off,109,54,4184710,-69.47553123750633
csuEx93_NaAc_2.5M_500ms_JNL_10off_20on_20off,110,54.5,4353290,-68.24586061660759
csuEx93_NaAc_2.5M_500ms_JNL_10off_20on_20off,111,55,4312980,-68.53989325825208
csuEx93_NaAc_2.5M_500ms_JNL_10off_20on_20off,112,55.5,4359980,-68.19706184775119
csuEx93_NaAc_2.5M_500ms_JNL_10off_20on_20off,113,56,4111630,-70.00859760940857
csuEx93_NaAc_2.5M_500ms_JNL_10off_20on_20off,114,56.5,4116119.9999999995,-69.97584626827773
csuEx93_NaAc_2.5M_500ms_JNL_10off_20on_20off,115,57,4058760.0000000005,-70.39424647479542
csuEx93_NaAc_2.5M_500ms_JNL_10off_20on_20off,116,57.5,3442760,-74.88752623795611
csuEx93_NaAc_2.5M_500ms_JNL_10off_20on_20off,117,58,3162760,-76.92992613030187
csuEx93_NaAc_2.5M_500ms_JNL_10off_20on_20off,118,58.5,3128430,-77.18033894567412
csuEx93_NaAc_2.5M_500ms_JNL_10off_20on_20off,119,59,3082670,-77.51412544236605
csuEx93_NaAc_2.5M_500ms_JNL_10off_20on_20off,120,59.5,3059020,-77.68663529041598
