stim_jnl,frame,time_s,fluor,dff
csuEx72_bluelightbasal_JNL_10off_20on_20off,2,0.1,14030500,3.096970702569453
csuEx72_bluelightbasal_JNL_10off_20on_20off,3,0.2,13835300,1.6626291836541216
csuEx72_bluelightbasal_JNL_10off_20on_20off,4,0.3,13686300,0.5677680857115786
csuEx72_bluelightbasal_JNL_10off_20on_20off,5,0.4,13730100,0.889613160140326
csuEx72_bluelightbasal_JNL_10off_20on_20off,6,0.5,13464500,-1.0620318574002068
csuEx72_bluelightbasal_JNL_10off_20on_20off,7,0.6,13537700,-0.5241537878069575
csuEx72_bluelightbasal_JNL_10off_20on_20off,8,0.7,13552900.000000002,-0.4124632596946845
csuEx72_bluelightbasal_JNL_10off_20on_20off,9,0.8,13578100,-0.2272921209822681
csuEx72_bluelightbasal_JNL_10off_20on_20off,10,0.9,13546800.000000002,-0.45728643216078857
csuEx72_bluelightbasal_JNL_10off_20on_20off,11,1,13579699.999999998,-0.21553522328625446
csuEx72_bluelightbasal_JNL_10off_20on_20off,12,1.1,13503000,-0.7791315065895498
csuEx72_bluelightbasal_JNL_10off_20on_20off,13,1.2,13478000.000000002,-0.9628330330899628
csuEx72_bluelightbasal_JNL_10off_20on_20off,14,1.3,13582800,-0.19275623400018788
csuEx72_bluelightbasal_JNL_10off_20on_20off,15,1.399,13651800,0.31425997914098974
csuEx72_bluelightbasal_JNL_10off_20on_20off,16,1.499,13529800,-0.5822034701810924
csuEx72_bluelightbasal_JNL_10off_20on_20off,17,1.599,13526700,-0.6049824594671454
csuEx72_bluelightbasal_JNL_10off_20on_20off,18,1.699,13515600.000000002,-0.686545937233321
csuEx72_bluelightbasal_JNL_10off_20on_20off,19,1.799,13473700,-0.99442969564805
csuEx72_bluelightbasal_JNL_10off_20on_20off,20,1.899,13628800,0.1452545747605972
csuEx72_bluelightbasal_JNL_10off_20on_20off,21,1.999,13643300,0.25180146013084465
csuEx72_bluelightbasal_JNL_10off_20on_20off,22,2.099,13697200,0.6478619512657645
csuEx72_bluelightbasal_JNL_10off_20on_20off,23,2.199,13563099.999999998,-0.3375130368825378
csuEx72_bluelightbasal_JNL_10off_20on_20off,24,2.299,13602700,-0.046529818905848244
csuEx72_bluelightbasal_JNL_10off_20on_20off,25,2.399,13535000,-0.5439935526690036
csuEx72_bluelightbasal_JNL_10off_20on_20off,26,2.499,13619699.999999998,0.07838721911442821
csuEx72_bluelightbasal_JNL_10off_20on_20off,27,2.599,13627900,0.13864131980658184
csuEx72_bluelightbasal_JNL_10off_20on_20off,28,2.699,13615600.000000002,0.04826016876838561
csuEx72_bluelightbasal_JNL_10off_20on_20off,29,2.799,13635100,0.1915473594387047
csuEx72_bluelightbasal_JNL_10off_20on_20off,30,2.899,13678900,0.5133924338674523
csuEx72_bluelightbasal_JNL_10off_20on_20off,31,2.999,13650800,0.3069119180809726
csuEx72_bluelightbasal_JNL_10off_20on_20off,32,3.099,13584099.999999998,-0.18320375462217936
csuEx72_bluelightbasal_JNL_10off_20on_20off,33,3.199,13572200,-0.2706456812363688
csuEx72_bluelightbasal_JNL_10off_20on_20off,34,3.299,13699600,0.6654972978098055
csuEx72_bluelightbasal_JNL_10off_20on_20off,35,3.399,13644099.999999998,0.25767990897884463
csuEx72_bluelightbasal_JNL_10off_20on_20off,36,3.499,13626400,0.12761922821655625
csuEx72_bluelightbasal_JNL_10off_20on_20off,37,3.599,13739800,0.9608893524224915
csuEx72_bluelightbasal_JNL_10off_20on_20off,38,3.699,13719100,0.8087844884801384
csuEx72_bluelightbasal_JNL_10off_20on_20off,39,3.799,13737500,0.9439888119844524
csuEx72_bluelightbasal_JNL_10off_20on_20off,40,3.899,13583500,-0.18761259125817592
csuEx72_bluelightbasal_JNL_10off_20on_20off,41,3.999,13634500,0.18713852280269447
csuEx72_bluelightbasal_JNL_10off_20on_20off,42,4.099,13768700,1.1732483170569847
csuEx72_bluelightbasal_JNL_10off_20on_20off,43,4.199,13641300,0.23710533801081052
csuEx72_bluelightbasal_JNL_10off_20on_20off,44,4.299,13723100,0.8381767327202065
csuEx72_bluelightbasal_JNL_10off_20on_20off,45,4.399,13779900,1.255546600929176
csuEx72_bluelightbasal_JNL_10off_20on_20off,46,4.499,13812000,1.4914193609557238
csuEx72_bluelightbasal_JNL_10off_20on_20off,47,4.599,13829900,1.6229496539300292
csuEx72_bluelightbasal_JNL_10off_20on_20off,48,4.699,13835100,1.6611595714421181
csuEx72_bluelightbasal_JNL_10off_20on_20off,49,4.799,13756800,1.0858063904427817
csuEx72_bluelightbasal_JNL_10off_20on_20off,50,4.899,13814500,1.5097895136057664
csuEx72_bluelightbasal_JNL_10off_20on_20off,51,5.009,13841900,1.711126386650234
csuEx72_bluelightbasal_JNL_10off_20on_20off,52,5.109,13855599.999999998,1.811794823172454
csuEx72_bluelightbasal_JNL_10off_20on_20off,53,5.209,13746500,1.010121361524606
csuEx72_bluelightbasal_JNL_10off_20on_20off,54,5.309,13949200,2.499573338390065
csuEx72_bluelightbasal_JNL_10off_20on_20off,55,5.409,13819700,1.547999431117855
csuEx72_bluelightbasal_JNL_10off_20on_20off,56,5.509,13794100,1.3598890679814184
csuEx72_bluelightbasal_JNL_10off_20on_20off,57,5.609,13836100,1.668507632502135
csuEx72_bluelightbasal_JNL_10off_20on_20off,58,5.709,13889500,2.0608940931070463
csuEx72_bluelightbasal_JNL_10off_20on_20off,59,5.809,13909700,2.209324926519391
csuEx72_bluelightbasal_JNL_10off_20on_20off,60,5.909,13991100,2.8074570968047805
csuEx72_bluelightbasal_JNL_10off_20on_20off,61,6.009,13985000,2.7626339243386764
csuEx72_bluelightbasal_JNL_10off_20on_20off,62,6.109,13934899.999999998,2.3944960652318077
csuEx72_bluelightbasal_JNL_10off_20on_20off,63,6.209,13931800,2.371717075945768
csuEx72_bluelightbasal_JNL_10off_20on_20off,64,6.309,13988400,2.787617331942734
csuEx72_bluelightbasal_JNL_10off_20on_20off,65,6.409,13933500,2.3842087797477975
csuEx72_bluelightbasal_JNL_10off_20on_20off,66,6.509,13965200,2.617142315350338
csuEx72_bluelightbasal_JNL_10off_20on_20off,67,6.609,13945800,2.4745899307860073
csuEx72_bluelightbasal_JNL_10off_20on_20off,68,6.709,13801300,1.4127951076135412
csuEx72_bluelightbasal_JNL_10off_20on_20off,69,6.809,13957900,2.5635014696122136
csuEx72_bluelightbasal_JNL_10off_20on_20off,70,6.909,13985800,2.76851237318669
csuEx72_bluelightbasal_JNL_10off_20on_20off,71,7.009,13951200,2.5142694605100995
csuEx72_bluelightbasal_JNL_10off_20on_20off,72,7.109,14011600,2.9580923485351303
csuEx72_bluelightbasal_JNL_10off_20on_20off,73,7.209,13917300,2.265170190575521
csuEx72_bluelightbasal_JNL_10off_20on_20off,74,7.309,13943200,2.455484972029963
csuEx72_bluelightbasal_JNL_10off_20on_20off,75,7.409,14064600,3.3475395847160345
csuEx72_bluelightbasal_JNL_10off_20on_20off,76,7.509,14028200,3.0800701621314137
csuEx72_bluelightbasal_JNL_10off_20on_20off,77,7.609,14056600,3.2887550962358985
csuEx72_bluelightbasal_JNL_10off_20on_20off,78,7.709,14125600,3.7957713093770757
csuEx72_bluelightbasal_JNL_10off_20on_20off,79,7.809,14125600,3.7957713093770757
csuEx72_bluelightbasal_JNL_10off_20on_20off,80,7.909,14054199.999999998,3.2711197496918434
csuEx72_bluelightbasal_JNL_10off_20on_20off,81,8.009,14104699.999999998,3.6421968332227057
csuEx72_bluelightbasal_JNL_10off_20on_20off,82,8.109,13999100,2.866241585284917
csuEx72_bluelightbasal_JNL_10off_20on_20off,83,8.209,14002900,2.894164217312982
csuEx72_bluelightbasal_JNL_10off_20on_20off,84,8.309,14199700,4.340262633924341
csuEx72_bluelightbasal_JNL_10off_20on_20off,85,8.409,14195600,4.310135583578271
csuEx72_bluelightbasal_JNL_10off_20on_20off,86,8.509,14176800,4.17199203564995
csuEx72_bluelightbasal_JNL_10off_20on_20off,87,8.609,14143100,3.9243623779273746
csuEx72_bluelightbasal_JNL_10off_20on_20off,88,8.709,14150100.000000002,3.975798805347508
csuEx72_bluelightbasal_JNL_10off_20on_20off,89,8.809,14134199.999999998,3.858964634493209
csuEx72_bluelightbasal_JNL_10off_20on_20off,90,8.909,14212600,4.435052621598561
csuEx72_bluelightbasal_JNL_10off_20on_20off,91,9.009,14152000,3.989760121361526
csuEx72_bluelightbasal_JNL_10off_20on_20off,92,9.109,14066200,3.3592964824120624
csuEx72_bluelightbasal_JNL_10off_20on_20off,93,9.209,14233700,4.590096709964921
csuEx72_bluelightbasal_JNL_10off_20on_20off,94,9.309,14161100,4.056627477007681
csuEx72_bluelightbasal_JNL_10off_20on_20off,95,9.409,14142800,3.9221579596093696
csuEx72_bluelightbasal_JNL_10off_20on_20off,96,9.509,14174900,4.158030719635917
csuEx72_bluelightbasal_JNL_10off_20on_20off,97,9.609,14245100,4.673864606049116
csuEx72_bluelightbasal_JNL_10off_20on_20off,98,9.709,14279599.999999998,4.9273727126196905
csuEx72_bluelightbasal_JNL_10off_20on_20off,99,9.809,14382400,5.682753389589458
csuEx72_bluelightbasal_JNL_10off_20on_20off,100,9.909,14208500,4.404925571252491
csuEx72_bluelightbasal_JNL_10off_20on_20off,101,10.009,14357100,5.496847444771027
csuEx72_bluelightbasal_JNL_10off_20on_20off,102,10.109,14321000,5.23158244050441
csuEx72_bluelightbasal_JNL_10off_20on_20off,103,10.209,14191500,4.2800085332322
csuEx72_bluelightbasal_JNL_10off_20on_20off,104,10.309,14240100,4.63712430074903
csuEx72_bluelightbasal_JNL_10off_20on_20off,105,10.409,14483800,6.427846781075189
csuEx72_bluelightbasal_JNL_10off_20on_20off,106,10.509,14533700,6.794515027970041
csuEx72_bluelightbasal_JNL_10off_20on_20off,107,10.609,14551900,6.928249739262352
csuEx72_bluelightbasal_JNL_10off_20on_20off,108,10.709,14495400,6.513084289371387
csuEx72_bluelightbasal_JNL_10off_20on_20off,109,10.809,14220400,4.492367497866693
csuEx72_bluelightbasal_JNL_10off_20on_20off,110,10.909,14353600,5.471129231060967
csuEx72_bluelightbasal_JNL_10off_20on_20off,111,11.009,14315400,5.1904332985683155
csuEx72_bluelightbasal_JNL_10off_20on_20off,112,11.109,14335100,5.335190101450651
csuEx72_bluelightbasal_JNL_10off_20on_20off,113,11.209,14180800,4.201384279890018
csuEx72_bluelightbasal_JNL_10off_20on_20off,114,11.309,14167100,4.100715843367784
csuEx72_bluelightbasal_JNL_10off_20on_20off,115,11.406,14270000,4.85683132644354
csuEx72_bluelightbasal_JNL_10off_20on_20off,116,11.506,14415400,5.925239404570022
csuEx72_bluelightbasal_JNL_10off_20on_20off,117,11.606,14422800,5.979615056414148
csuEx72_bluelightbasal_JNL_10off_20on_20off,118,11.706,14389400.000000002,5.734189817009592
csuEx72_bluelightbasal_JNL_10off_20on_20off,119,11.806,14339700,5.36899118232673
csuEx72_bluelightbasal_JNL_10off_20on_20off,120,11.906,14278800,4.921494263771691
csuEx72_bluelightbasal_JNL_10off_20on_20off,121,12.006,14298900.000000002,5.069190291078047
csuEx72_bluelightbasal_JNL_10off_20on_20off,122,12.106,14259500,4.779676685313361
csuEx72_bluelightbasal_JNL_10off_20on_20off,123,12.206,14219700,4.487223855124682
csuEx72_bluelightbasal_JNL_10off_20on_20off,124,12.306,14293300,5.028041149141938
csuEx72_bluelightbasal_JNL_10off_20on_20off,125,12.406,14380800,5.6709964918934315
csuEx72_bluelightbasal_JNL_10off_20on_20off,126,12.506,14339599.999999998,5.368256376220715
csuEx72_bluelightbasal_JNL_10off_20on_20off,127,12.606,14218500,4.4784061818526615
csuEx72_bluelightbasal_JNL_10off_20on_20off,128,12.706,14343400,5.396179008248793
csuEx72_bluelightbasal_JNL_10off_20on_20off,129,12.806,14243300.000000002,4.660638096141098
csuEx72_bluelightbasal_JNL_10off_20on_20off,130,12.906,14365600,5.559305963781172
csuEx72_bluelightbasal_JNL_10off_20on_20off,131,13.006,14294300,5.035389210201955
csuEx72_bluelightbasal_JNL_10off_20on_20off,132,13.106,14411300,5.895112354223952
csuEx72_bluelightbasal_JNL_10off_20on_20off,133,13.206,14362800,5.538731392813124
csuEx72_bluelightbasal_JNL_10off_20on_20off,134,13.306,14343000,5.393239783824786
csuEx72_bluelightbasal_JNL_10off_20on_20off,135,13.406,14339599.999999998,5.368256376220715
csuEx72_bluelightbasal_JNL_10off_20on_20off,136,13.506,14580700,7.139873897790842
csuEx72_bluelightbasal_JNL_10off_20on_20off,137,13.606,14659100,7.71596188489618
csuEx72_bluelightbasal_JNL_10off_20on_20off,138,13.706,14588300,7.195719161846973
csuEx72_bluelightbasal_JNL_10off_20on_20off,139,13.806,14538300,6.828316108846119
csuEx72_bluelightbasal_JNL_10off_20on_20off,140,13.906,14490900,6.480018014601311
csuEx72_bluelightbasal_JNL_10off_20on_20off,141,14.006,14300400,5.0802123826680585
csuEx72_bluelightbasal_JNL_10off_20on_20off,142,14.106,14390099.999999998,5.739333459751577
csuEx72_bluelightbasal_JNL_10off_20on_20off,143,14.206,14416800,5.935526690054046
csuEx72_bluelightbasal_JNL_10off_20on_20off,144,14.306,14336400,5.344742580828673
csuEx72_bluelightbasal_JNL_10off_20on_20off,145,14.406,14518100,6.679885275433775
csuEx72_bluelightbasal_JNL_10off_20on_20off,146,14.506,14359900.000000002,5.517422015739088
csuEx72_bluelightbasal_JNL_10off_20on_20off,147,14.606,14458200.000000002,6.239736417938766
csuEx72_bluelightbasal_JNL_10off_20on_20off,148,14.706,14441100,6.11408457381246
csuEx72_bluelightbasal_JNL_10off_20on_20off,149,14.806,14435700,6.074405044088368
csuEx72_bluelightbasal_JNL_10off_20on_20off,150,14.906,14326300,5.270527164122501
csuEx72_bluelightbasal_JNL_10off_20on_20off,151,15.006,14441200,6.114819379918462
csuEx72_bluelightbasal_JNL_10off_20on_20off,152,15.106,14297899.999999998,5.061842230018003
csuEx72_bluelightbasal_JNL_10off_20on_20off,153,15.206,14439100,6.099388451692427
csuEx72_bluelightbasal_JNL_10off_20on_20off,154,15.311,14467100,6.305134161372903
csuEx72_bluelightbasal_JNL_10off_20on_20off,155,15.411,14462200,6.2691286621788205
csuEx72_bluelightbasal_JNL_10off_20on_20off,156,15.51,14585000,7.171470560348917
csuEx72_bluelightbasal_JNL_10off_20on_20off,157,15.61,14500100,6.547620176353468
csuEx72_bluelightbasal_JNL_10off_20on_20off,158,15.71,14357100,5.496847444771027
csuEx72_bluelightbasal_JNL_10off_20on_20off,159,15.81,14501599.999999998,6.558642267943479
csuEx72_bluelightbasal_JNL_10off_20on_20off,160,15.91,14494499.999999998,6.506471034417357
csuEx72_bluelightbasal_JNL_10off_20on_20off,161,16.01,14393100,5.761377642931642
csuEx72_bluelightbasal_JNL_10off_20on_20off,162,16.11,14540900.000000002,6.847421067602177
csuEx72_bluelightbasal_JNL_10off_20on_20off,163,16.21,14508700.000000002,6.610813501469629
csuEx72_bluelightbasal_JNL_10off_20on_20off,164,16.31,14457400,6.233857969090739
csuEx72_bluelightbasal_JNL_10off_20on_20off,165,16.41,14452600,6.198587276002657
csuEx72_bluelightbasal_JNL_10off_20on_20off,166,16.51,14449600,6.176543092822605
csuEx72_bluelightbasal_JNL_10off_20on_20off,167,16.61,14391400,5.748885939129613
csuEx72_bluelightbasal_JNL_10off_20on_20off,168,16.71,14571900,7.075210960462693
csuEx72_bluelightbasal_JNL_10off_20on_20off,169,16.81,14710399.999999998,8.092917417275043
csuEx72_bluelightbasal_JNL_10off_20on_20off,170,16.91,14685500,7.909950696880632
csuEx72_bluelightbasal_JNL_10off_20on_20off,171,17.01,14690399.999999998,7.945956196074701
csuEx72_bluelightbasal_JNL_10off_20on_20off,172,17.11,14709800,8.088508580639047
csuEx72_bluelightbasal_JNL_10off_20on_20off,173,17.21,14627900,7.486702379823648
csuEx72_bluelightbasal_JNL_10off_20on_20off,174,17.31,14646600,7.624111121645967
csuEx72_bluelightbasal_JNL_10off_20on_20off,175,17.41,14552000,6.928984545368352
csuEx72_bluelightbasal_JNL_10off_20on_20off,176,17.51,14442299.999999998,6.122902247084467
csuEx72_bluelightbasal_JNL_10off_20on_20off,177,17.61,14383000,5.687162226225468
csuEx72_bluelightbasal_JNL_10off_20on_20off,178,17.71,14565900,7.03112259410259
csuEx72_bluelightbasal_JNL_10off_20on_20off,179,17.81,14474900,6.362449037641037
csuEx72_bluelightbasal_JNL_10off_20on_20off,180,17.91,14535100,6.804802313454064
csuEx72_bluelightbasal_JNL_10off_20on_20off,181,18.01,14547000.000000002,6.892244240068282
csuEx72_bluelightbasal_JNL_10off_20on_20off,182,18.11,14521400,6.704133876931831
csuEx72_bluelightbasal_JNL_10off_20on_20off,183,18.21,14562800,7.008343604816537
csuEx72_bluelightbasal_JNL_10off_20on_20off,184,18.31,14485600,6.441073290983219
csuEx72_bluelightbasal_JNL_10off_20on_20off,185,18.41,14503800,6.57480800227553
csuEx72_bluelightbasal_JNL_10off_20on_20off,186,18.51,14438600,6.095714421162417
csuEx72_bluelightbasal_JNL_10off_20on_20off,187,18.61,14403200,5.835593059637813
csuEx72_bluelightbasal_JNL_10off_20on_20off,188,18.71,14427600,6.0148857495022305
csuEx72_bluelightbasal_JNL_10off_20on_20off,189,18.81,14487500,6.455034606997252
csuEx72_bluelightbasal_JNL_10off_20on_20off,190,18.91,14613600,7.381625106665404
csuEx72_bluelightbasal_JNL_10off_20on_20off,191,19.01,14511800,6.633592490755667
csuEx72_bluelightbasal_JNL_10off_20on_20off,192,19.11,14521599.999999998,6.7056034891438205
csuEx72_bluelightbasal_JNL_10off_20on_20off,193,19.21,14487600,6.455769413103255
csuEx72_bluelightbasal_JNL_10off_20on_20off,194,19.31,14524400,6.726178060111882
csuEx72_bluelightbasal_JNL_10off_20on_20off,195,19.41,14564500,7.020835308618567
csuEx72_bluelightbasal_JNL_10off_20on_20off,196,19.51,14638800,7.566796245377834
csuEx72_bluelightbasal_JNL_10off_20on_20off,197,19.61,14661100,7.730658007016215
csuEx72_bluelightbasal_JNL_10off_20on_20off,198,19.71,14690399.999999998,7.945956196074701
csuEx72_bluelightbasal_JNL_10off_20on_20off,199,19.81,14723000,8.18550298663127
csuEx72_bluelightbasal_JNL_10off_20on_20off,200,19.91,14473700,6.353631364369017
csuEx72_bluelightbasal_JNL_10off_20on_20off,201,20.01,14527900,6.7518962738219415
csuEx72_bluelightbasal_JNL_10off_20on_20off,202,20.11,14575700,7.103133592490758
csuEx72_bluelightbasal_JNL_10off_20on_20off,203,20.21,14644700,7.610149805631935
csuEx72_bluelightbasal_JNL_10off_20on_20off,204,20.31,14536800,6.817294017256094
csuEx72_bluelightbasal_JNL_10off_20on_20off,205,20.41,14612000,7.369868208969377
csuEx72_bluelightbasal_JNL_10off_20on_20off,206,20.51,14563800,7.015691665876554
csuEx72_bluelightbasal_JNL_10off_20on_20off,207,20.61,14537000,6.818763629468097
csuEx72_bluelightbasal_JNL_10off_20on_20off,208,20.71,14484400,6.432255617711199
csuEx72_bluelightbasal_JNL_10off_20on_20off,209,20.81,14681300,7.879088840428559
csuEx72_bluelightbasal_JNL_10off_20on_20off,210,20.91,14498899.999999998,6.538802503081433
csuEx72_bluelightbasal_JNL_10off_20on_20off,211,21.01,14556200,6.959846401820425
csuEx72_bluelightbasal_JNL_10off_20on_20off,212,21.11,14522500,6.71221674409785
csuEx72_bluelightbasal_JNL_10off_20on_20off,213,21.21,14562500,7.006139186498532
csuEx72_bluelightbasal_JNL_10off_20on_20off,214,21.31,14573300,7.085498245946717
csuEx72_bluelightbasal_JNL_10off_20on_20off,215,21.412,14620800,7.434531146297527
csuEx72_bluelightbasal_JNL_10off_20on_20off,216,21.512,14559000,6.980420972788473
csuEx72_bluelightbasal_JNL_10off_20on_20off,217,21.612,14514300,6.651962643405709
csuEx72_bluelightbasal_JNL_10off_20on_20off,218,21.712,14624500,7.4617189722195905
csuEx72_bluelightbasal_JNL_10off_20on_20off,219,21.812,14518500,6.682824499857781
csuEx72_bluelightbasal_JNL_10off_20on_20off,220,21.912,14526400,6.7408741822319165
csuEx72_bluelightbasal_JNL_10off_20on_20off,221,22.012,14588600,7.197923580164978
csuEx72_bluelightbasal_JNL_10off_20on_20off,222,22.112,14605400,7.3213710059732655
csuEx72_bluelightbasal_JNL_10off_20on_20off,223,22.212,14697900,8.001066654024843
csuEx72_bluelightbasal_JNL_10off_20on_20off,224,22.312,14772000,8.545557978572107
csuEx72_bluelightbasal_JNL_10off_20on_20off,225,22.412,14672000,7.8107518725704015
csuEx72_bluelightbasal_JNL_10off_20on_20off,226,22.512,14731100,8.245022281217409
csuEx72_bluelightbasal_JNL_10off_20on_20off,227,22.612,14715900,8.13333175310515
csuEx72_bluelightbasal_JNL_10off_20on_20off,228,22.712,14626200,7.47421067602162
csuEx72_bluelightbasal_JNL_10off_20on_20off,229,22.812,14528100,6.7533658860339445
csuEx72_bluelightbasal_JNL_10off_20on_20off,230,22.912,14402299.999999998,5.828979804683784
csuEx72_bluelightbasal_JNL_10off_20on_20off,231,23.012,14577300,7.114890490186784
csuEx72_bluelightbasal_JNL_10off_20on_20off,232,23.112,14501200,6.555703043519485
csuEx72_bluelightbasal_JNL_10off_20on_20off,233,23.212,14579100,7.128117000094815
csuEx72_bluelightbasal_JNL_10off_20on_20off,234,23.312,14589800,7.206741253436998
csuEx72_bluelightbasal_JNL_10off_20on_20off,235,23.412,14496800,6.52337157485541
csuEx72_bluelightbasal_JNL_10off_20on_20off,236,23.512,14401500,5.823101355835784
csuEx72_bluelightbasal_JNL_10off_20on_20off,237,23.612,14460200,6.254432540058787
csuEx72_bluelightbasal_JNL_10off_20on_20off,238,23.712,14461200,6.2617806011188035
csuEx72_bluelightbasal_JNL_10off_20on_20off,239,23.812,14512200,6.636531715179673
csuEx72_bluelightbasal_JNL_10off_20on_20off,240,23.912,14699700,8.014293163932875
csuEx72_bluelightbasal_JNL_10off_20on_20off,241,24.012,14553900,6.942945861382385
csuEx72_bluelightbasal_JNL_10off_20on_20off,242,24.112,14579800,7.133260642836828
csuEx72_bluelightbasal_JNL_10off_20on_20off,243,24.212,14524500,6.726912866217884
csuEx72_bluelightbasal_JNL_10off_20on_20off,244,24.312,14575100,7.0987247558547475
csuEx72_bluelightbasal_JNL_10off_20on_20off,245,24.412,14505999.999999998,6.5909737366075545
csuEx72_bluelightbasal_JNL_10off_20on_20off,246,24.512,14411200,5.894377548117951
csuEx72_bluelightbasal_JNL_10off_20on_20off,247,24.612,14442700,6.125841471508488
csuEx72_bluelightbasal_JNL_10off_20on_20off,248,24.712,14427400,6.013416137290227
csuEx72_bluelightbasal_JNL_10off_20on_20off,249,24.812,14470200,6.327913150658956
csuEx72_bluelightbasal_JNL_10off_20on_20off,250,24.912,14421100,5.967123352612119
csuEx72_bluelightbasal_JNL_10off_20on_20off,251,25.012,14507400,6.601261022091593
csuEx72_bluelightbasal_JNL_10off_20on_20off,252,25.112,14201800,4.3556935621503765
csuEx72_bluelightbasal_JNL_10off_20on_20off,253,25.212,14308300,5.138262065042194
csuEx72_bluelightbasal_JNL_10off_20on_20off,254,25.312,14334400,5.330046458708639
csuEx72_bluelightbasal_JNL_10off_20on_20off,255,25.412,14350800,5.450554660092919
csuEx72_bluelightbasal_JNL_10off_20on_20off,256,25.512,14388200,5.725372143737557
csuEx72_bluelightbasal_JNL_10off_20on_20off,257,25.612,14410099.999999998,5.886294680951917
csuEx72_bluelightbasal_JNL_10off_20on_20off,258,25.712,14396900,5.7893002749597064
csuEx72_bluelightbasal_JNL_10off_20on_20off,259,25.812,14373700,5.618825258367311
csuEx72_bluelightbasal_JNL_10off_20on_20off,260,25.912,14472700,6.346283303309
csuEx72_bluelightbasal_JNL_10off_20on_20off,261,26.012,14401400,5.822366549729783
csuEx72_bluelightbasal_JNL_10off_20on_20off,262,26.112,14445700,6.1478856546885385
csuEx72_bluelightbasal_JNL_10off_20on_20off,263,26.212,14457400,6.233857969090739
csuEx72_bluelightbasal_JNL_10off_20on_20off,264,26.312,14383100,5.68789703233147
csuEx72_bluelightbasal_JNL_10off_20on_20off,265,26.412,14736200,8.282497392623497
csuEx72_bluelightbasal_JNL_10off_20on_20off,266,26.512,14697100,7.99518820517683
csuEx72_bluelightbasal_JNL_10off_20on_20off,267,26.612,14681200,7.878354034322559
csuEx72_bluelightbasal_JNL_10off_20on_20off,268,26.712,14717100,8.142149426377172
csuEx72_bluelightbasal_JNL_10off_20on_20off,269,26.812,14497500.000000002,6.5285152175974375
csuEx72_bluelightbasal_JNL_10off_20on_20off,270,26.912,14505400,6.586564899971557
csuEx72_bluelightbasal_JNL_10off_20on_20off,271,27.012,14314800,5.1860244619323055
csuEx72_bluelightbasal_JNL_10off_20on_20off,272,27.112,14228100,4.548947568028825
csuEx72_bluelightbasal_JNL_10off_20on_20off,273,27.212,14291600,5.015549445339909
csuEx72_bluelightbasal_JNL_10off_20on_20off,274,27.312,14277100,4.909002559969662
csuEx72_bluelightbasal_JNL_10off_20on_20off,275,27.412,14218100,4.4754669574286545
csuEx72_bluelightbasal_JNL_10off_20on_20off,276,27.512,14271799.999999998,4.870057836351557
csuEx72_bluelightbasal_JNL_10off_20on_20off,277,27.612,14367600,5.574002085901205
csuEx72_bluelightbasal_JNL_10off_20on_20off,278,27.712,14280900,4.936925191997727
csuEx72_bluelightbasal_JNL_10off_20on_20off,279,27.812,14260800,4.789229164691383
csuEx72_bluelightbasal_JNL_10off_20on_20off,280,27.912,14280000,4.930311937043711
csuEx72_bluelightbasal_JNL_10off_20on_20off,281,28.012,14303400,5.10225656584811
csuEx72_bluelightbasal_JNL_10off_20on_20off,282,28.112,14322900,5.245543756518443
csuEx72_bluelightbasal_JNL_10off_20on_20off,283,28.212,14406699.999999998,5.86131127334786
csuEx72_bluelightbasal_JNL_10off_20on_20off,284,28.312,14376800,5.641604247653363
csuEx72_bluelightbasal_JNL_10off_20on_20off,285,28.412,14503200,6.570399165639521
csuEx72_bluelightbasal_JNL_10off_20on_20off,286,28.512,14514100,6.650493031193706
csuEx72_bluelightbasal_JNL_10off_20on_20off,287,28.612,14392000,5.753294775765623
csuEx72_bluelightbasal_JNL_10off_20on_20off,288,28.712,14343800,5.3991182326728
csuEx72_bluelightbasal_JNL_10off_20on_20off,289,28.812,14301299.999999998,5.086825637622061
csuEx72_bluelightbasal_JNL_10off_20on_20off,290,28.912,14214300,4.44754432540059
csuEx72_bluelightbasal_JNL_10off_20on_20off,291,29.012,14258800,4.774533042571349
csuEx72_bluelightbasal_JNL_10off_20on_20off,292,29.112,14335700,5.339598938086661
csuEx72_bluelightbasal_JNL_10off_20on_20off,293,29.212,14211500,4.426969754432542
csuEx72_bluelightbasal_JNL_10off_20on_20off,294,29.312,14272100,4.872262254669576
csuEx72_bluelightbasal_JNL_10off_20on_20off,295,29.412,14431200,6.041338769318291
csuEx72_bluelightbasal_JNL_10off_20on_20off,296,29.512,14409800,5.884090262633926
csuEx72_bluelightbasal_JNL_10off_20on_20off,297,29.612,14345900,5.414549160898836
csuEx72_bluelightbasal_JNL_10off_20on_20off,298,29.712,14400700,5.81722290698777
csuEx72_bluelightbasal_JNL_10off_20on_20off,299,29.812,14184500,4.2285721058120815
csuEx72_bluelightbasal_JNL_10off_20on_20off,300,29.912,14423900,5.987697923580167
csuEx72_bluelightbasal_JNL_10off_20on_20off,301,30.012,14416700,5.934791883948044
csuEx72_bluelightbasal_JNL_10off_20on_20off,302,30.112,14378700,5.655565563667396
csuEx72_bluelightbasal_JNL_10off_20on_20off,303,30.212,14523299.999999998,6.7180951929458494
csuEx72_bluelightbasal_JNL_10off_20on_20off,304,30.312,14324500,5.25730065421447
csuEx72_bluelightbasal_JNL_10off_20on_20off,305,30.412,14385200,5.703327960557506
csuEx72_bluelightbasal_JNL_10off_20on_20off,306,30.512,14374800,5.626908125533329
csuEx72_bluelightbasal_JNL_10off_20on_20off,307,30.612,14231799.999999998,4.576135393950874
csuEx72_bluelightbasal_JNL_10off_20on_20off,308,30.712,14318000,5.209538257324359
csuEx72_bluelightbasal_JNL_10off_20on_20off,309,30.812,14231400,4.573196169526882
csuEx72_bluelightbasal_JNL_10off_20on_20off,310,30.912,14213499.999999998,4.4416658765525625
csuEx72_bluelightbasal_JNL_10off_20on_20off,311,31.012,14290799.999999998,5.009670996491882
csuEx72_bluelightbasal_JNL_10off_20on_20off,312,31.112,14334000,5.327107234284632
csuEx72_bluelightbasal_JNL_10off_20on_20off,313,31.212,14304700,5.111809045226132
csuEx72_bluelightbasal_JNL_10off_20on_20off,314,31.312,14314300,5.182350431402297
csuEx72_bluelightbasal_JNL_10off_20on_20off,315,31.411,14219000,4.4820802123826695
csuEx72_bluelightbasal_JNL_10off_20on_20off,316,31.511,14306300,5.12356594292216
csuEx72_bluelightbasal_JNL_10off_20on_20off,317,31.611,14235800,4.6055276381909565
csuEx72_bluelightbasal_JNL_10off_20on_20off,318,31.711,14349200,5.438797762396892
csuEx72_bluelightbasal_JNL_10off_20on_20off,319,31.811,14229900,4.562174077936856
csuEx72_bluelightbasal_JNL_10off_20on_20off,320,31.911,14345699.999999998,5.413079548686818
csuEx72_bluelightbasal_JNL_10off_20on_20off,321,32.011,14207399.999999998,4.396842704086458
csuEx72_bluelightbasal_JNL_10off_20on_20off,322,32.111,14049700,3.238053474921781
csuEx72_bluelightbasal_JNL_10off_20on_20off,323,32.211,14287700.000000002,4.986892007205856
csuEx72_bluelightbasal_JNL_10off_20on_20off,324,32.311,14219800,4.487958661230683
csuEx72_bluelightbasal_JNL_10off_20on_20off,325,32.411,14136500,3.8758651749312616
csuEx72_bluelightbasal_JNL_10off_20on_20off,326,32.511,14305200,5.115483075756141
csuEx72_bluelightbasal_JNL_10off_20on_20off,327,32.611,14357600,5.500521475301035
csuEx72_bluelightbasal_JNL_10off_20on_20off,328,32.711,14122700,3.7744619323030264
csuEx72_bluelightbasal_JNL_10off_20on_20off,329,32.811,14302100,5.092704086470088
csuEx72_bluelightbasal_JNL_10off_20on_20off,330,32.911,14206000,4.386555418602448
csuEx72_bluelightbasal_JNL_10off_20on_20off,331,33.011,14193600,4.295439461458236
csuEx72_bluelightbasal_JNL_10off_20on_20off,332,33.111,14116600,3.7296387598369223
csuEx72_bluelightbasal_JNL_10off_20on_20off,333,33.211,14211400,4.42623494832654
csuEx72_bluelightbasal_JNL_10off_20on_20off,334,33.311,14280400,4.933251161467718
csuEx72_bluelightbasal_JNL_10off_20on_20off,335,33.411,14137400,3.882478429885277
csuEx72_bluelightbasal_JNL_10off_20on_20off,336,33.511,14124500,3.787688442211057
csuEx72_bluelightbasal_JNL_10off_20on_20off,337,33.611,14239900,4.635654688537027
csuEx72_bluelightbasal_JNL_10off_20on_20off,338,33.711,14148200,3.9618374893334614
csuEx72_bluelightbasal_JNL_10off_20on_20off,339,33.811,14242700,4.656229259505074
csuEx72_bluelightbasal_JNL_10off_20on_20off,340,33.911,14163300,4.07279321133972
csuEx72_bluelightbasal_JNL_10off_20on_20off,341,34.011,14238700,4.626837015265006
csuEx72_bluelightbasal_JNL_10off_20on_20off,342,34.111,14216100,4.460770835308621
csuEx72_bluelightbasal_JNL_10off_20on_20off,343,34.211,14064100,3.343865554186026
csuEx72_bluelightbasal_JNL_10off_20on_20off,344,34.311,14100800,3.6135393950886523
csuEx72_bluelightbasal_JNL_10off_20on_20off,345,34.411,14081300.000000002,3.4702522044183337
csuEx72_bluelightbasal_JNL_10off_20on_20off,346,34.511,14152200,3.99122973357353
csuEx72_bluelightbasal_JNL_10off_20on_20off,347,34.611,14221500,4.500450365032712
csuEx72_bluelightbasal_JNL_10off_20on_20off,348,34.711,14248300,4.69737840144117
csuEx72_bluelightbasal_JNL_10off_20on_20off,349,34.811,14349800,5.443206599032902
csuEx72_bluelightbasal_JNL_10off_20on_20off,350,34.911,14273800.000000002,4.884753958471618
csuEx72_bluelightbasal_JNL_10off_20on_20off,351,35.011,14013400,2.9713188584431607
csuEx72_bluelightbasal_JNL_10off_20on_20off,352,35.111,14037000,3.1447330994595637
csuEx72_bluelightbasal_JNL_10off_20on_20off,353,35.211,14206300,4.388759836920453
csuEx72_bluelightbasal_JNL_10off_20on_20off,354,35.311,14071700,3.399710818242156
csuEx72_bluelightbasal_JNL_10off_20on_20off,355,35.411,14055300,3.2792026168578765
csuEx72_bluelightbasal_JNL_10off_20on_20off,356,35.511,14237899.999999998,4.620958566416979
csuEx72_bluelightbasal_JNL_10off_20on_20off,357,35.611,14060400,3.316677728263963
csuEx72_bluelightbasal_JNL_10off_20on_20off,358,35.711,14035800,3.1359154261875433
csuEx72_bluelightbasal_JNL_10off_20on_20off,359,35.811,14033700,3.1204844979615074
csuEx72_bluelightbasal_JNL_10off_20on_20off,360,35.911,14200400,4.345406276666353
csuEx72_bluelightbasal_JNL_10off_20on_20off,361,36.011,14150799.999999998,3.9809424480894924
csuEx72_bluelightbasal_JNL_10off_20on_20off,362,36.111,14083400,3.485683132644356
csuEx72_bluelightbasal_JNL_10off_20on_20off,363,36.211,14085900,3.5040532852943986
csuEx72_bluelightbasal_JNL_10off_20on_20off,364,36.311,14178700,4.185953351663982
csuEx72_bluelightbasal_JNL_10off_20on_20off,365,36.411,14123300,3.778870768939037
csuEx72_bluelightbasal_JNL_10off_20on_20off,366,36.511,14113400,3.706124964444868
csuEx72_bluelightbasal_JNL_10off_20on_20off,367,36.611,14109600,3.678202332416803
csuEx72_bluelightbasal_JNL_10off_20on_20off,368,36.711,14078000,3.446003602920263
csuEx72_bluelightbasal_JNL_10off_20on_20off,369,36.811,14203600,4.3689200720584065
csuEx72_bluelightbasal_JNL_10off_20on_20off,370,36.911,14072100,3.402650042666163
csuEx72_bluelightbasal_JNL_10off_20on_20off,371,37.011,14087600,3.5165449890964275
csuEx72_bluelightbasal_JNL_10off_20on_20off,372,37.111,14089400,3.5297714990044584
csuEx72_bluelightbasal_JNL_10off_20on_20off,373,37.211,14148300,3.9625722954394633
csuEx72_bluelightbasal_JNL_10off_20on_20off,374,37.311,14071000,3.394567175500144
csuEx72_bluelightbasal_JNL_10off_20on_20off,375,37.411,14052800,3.2608324642078337
csuEx72_bluelightbasal_JNL_10off_20on_20off,376,37.511,14166100,4.093367782307767
csuEx72_bluelightbasal_JNL_10off_20on_20off,377,37.611,14281100,4.93839480420973
csuEx72_bluelightbasal_JNL_10off_20on_20off,378,37.711,14160600.000000002,4.052953446477687
csuEx72_bluelightbasal_JNL_10off_20on_20off,379,37.811,14016000,2.990423817199205
csuEx72_bluelightbasal_JNL_10off_20on_20off,380,37.911,14149400,3.970655162605482
csuEx72_bluelightbasal_JNL_10off_20on_20off,381,38.011,14083600,3.487152744856359
csuEx72_bluelightbasal_JNL_10off_20on_20off,382,38.111,14140200,3.9030530008533253
csuEx72_bluelightbasal_JNL_10off_20on_20off,383,38.211,14067900,3.3717881862140913
csuEx72_bluelightbasal_JNL_10off_20on_20off,384,38.311,14127400.000000002,3.8089978192851204
csuEx72_bluelightbasal_JNL_10off_20on_20off,385,38.411,14000400,2.875794064662939
csuEx72_bluelightbasal_JNL_10off_20on_20off,386,38.511,14156200.000000002,4.020621977813612
csuEx72_bluelightbasal_JNL_10off_20on_20off,387,38.611,14123300,3.778870768939037
csuEx72_bluelightbasal_JNL_10off_20on_20off,388,38.711,14200500,4.346141082772355
csuEx72_bluelightbasal_JNL_10off_20on_20off,389,38.811,14126700,3.803854176543095
csuEx72_bluelightbasal_JNL_10off_20on_20off,390,38.911,13930800.000000002,2.364369014885765
csuEx72_bluelightbasal_JNL_10off_20on_20off,391,39.011,14026500,3.0675784583293844
csuEx72_bluelightbasal_JNL_10off_20on_20off,392,39.111,13914899.999999998,2.2475348440314664
csuEx72_bluelightbasal_JNL_10off_20on_20off,393,39.211,13982100,2.741324547264627
csuEx72_bluelightbasal_JNL_10off_20on_20off,394,39.311,14042100,3.182208210865651
csuEx72_bluelightbasal_JNL_10off_20on_20off,395,39.411,13994700,2.833910116620842
csuEx72_bluelightbasal_JNL_10off_20on_20off,396,39.511,14016900.000000002,2.9970370721532342
csuEx72_bluelightbasal_JNL_10off_20on_20off,397,39.611,14046200,3.2123352612117206
csuEx72_bluelightbasal_JNL_10off_20on_20off,398,39.711,14081700,3.473191428842327
csuEx72_bluelightbasal_JNL_10off_20on_20off,399,39.811,13978000,2.711197496918557
csuEx72_bluelightbasal_JNL_10off_20on_20off,400,39.911,13990499.999999998,2.8030482601687563
csuEx72_bluelightbasal_JNL_10off_20on_20off,401,40.011,14019299.999999998,3.014672418697248
csuEx72_bluelightbasal_JNL_10off_20on_20off,402,40.111,14064600,3.3475395847160345
csuEx72_bluelightbasal_JNL_10off_20on_20off,403,40.211,13992200,2.8155399639707994
csuEx72_bluelightbasal_JNL_10off_20on_20off,404,40.311,14076800,3.437185929648243
csuEx72_bluelightbasal_JNL_10off_20on_20off,405,40.411,14056900.000000002,3.290959514553917
csuEx72_bluelightbasal_JNL_10off_20on_20off,406,40.511,13887300,2.044728358775009
csuEx72_bluelightbasal_JNL_10off_20on_20off,407,40.611,13992000,2.814070351758796
csuEx72_bluelightbasal_JNL_10off_20on_20off,408,40.711,14020000,3.0198160614392737
csuEx72_bluelightbasal_JNL_10off_20on_20off,409,40.811,13885400.000000002,2.0307670427609903
csuEx72_bluelightbasal_JNL_10off_20on_20off,410,40.911,14084200,3.4915615814923697
csuEx72_bluelightbasal_JNL_10off_20on_20off,411,41.011,14026300,3.066108846117381
csuEx72_bluelightbasal_JNL_10off_20on_20off,412,41.111,14013000,2.968379634019154
csuEx72_bluelightbasal_JNL_10off_20on_20off,413,41.211,14057300,3.29389873897791
csuEx72_bluelightbasal_JNL_10off_20on_20off,414,41.311,14028900,3.0852138048734252
csuEx72_bluelightbasal_JNL_10off_20on_20off,415,41.416,13930600,2.362899402673748
csuEx72_bluelightbasal_JNL_10off_20on_20off,416,41.516,13992000,2.814070351758796
csuEx72_bluelightbasal_JNL_10off_20on_20off,417,41.616,13887900,2.0491371954110194
csuEx72_bluelightbasal_JNL_10off_20on_20off,418,41.716,13937000,2.409926993457857
csuEx72_bluelightbasal_JNL_10off_20on_20off,419,41.816,13964300,2.610529060396323
csuEx72_bluelightbasal_JNL_10off_20on_20off,420,41.916,14165900,4.091898170095764
csuEx72_bluelightbasal_JNL_10off_20on_20off,421,42.016,14064800,3.3490091969280384
csuEx72_bluelightbasal_JNL_10off_20on_20off,422,42.116,13904800,2.173319427325308
csuEx72_bluelightbasal_JNL_10off_20on_20off,423,42.216,14005300,2.9117995638570227
csuEx72_bluelightbasal_JNL_10off_20on_20off,424,42.316,14081000,3.4680477861003145
csuEx72_bluelightbasal_JNL_10off_20on_20off,425,42.416,13938200,2.4187446667298778
csuEx72_bluelightbasal_JNL_10off_20on_20off,426,42.516,14075200.000000002,3.4254290319522296
csuEx72_bluelightbasal_JNL_10off_20on_20off,427,42.616,13987200,2.778799658670714
csuEx72_bluelightbasal_JNL_10off_20on_20off,428,42.716,14019200,3.01393761259126
csuEx72_bluelightbasal_JNL_10off_20on_20off,429,42.816,13961900,2.5928937138522823
csuEx72_bluelightbasal_JNL_10off_20on_20off,430,42.916,13946200,2.4775291552100143
csuEx72_bluelightbasal_JNL_10off_20on_20off,431,43.016,14094400,3.566511804304543
csuEx72_bluelightbasal_JNL_10off_20on_20off,432,43.116,13972800,2.672987579406468
csuEx72_bluelightbasal_JNL_10off_20on_20off,433,43.216,13867900,1.9021759742106779
csuEx72_bluelightbasal_JNL_10off_20on_20off,434,43.316,14021300.000000002,3.02936854081731
csuEx72_bluelightbasal_JNL_10off_20on_20off,435,43.416,13881100,1.999170380202903
csuEx72_bluelightbasal_JNL_10off_20on_20off,436,43.516,13896300,2.1108609083151624
csuEx72_bluelightbasal_JNL_10off_20on_20off,437,43.616,13978700,2.716341139660569
csuEx72_bluelightbasal_JNL_10off_20on_20off,438,43.716,13901200,2.146866407509246
csuEx72_bluelightbasal_JNL_10off_20on_20off,439,43.816,13956500,2.55321418412819
csuEx72_bluelightbasal_JNL_10off_20on_20off,440,43.916,13957599.999999998,2.5612970512941953
csuEx72_bluelightbasal_JNL_10off_20on_20off,441,44.016,13754200,1.0667014316867374
csuEx72_bluelightbasal_JNL_10off_20on_20off,442,44.116,13905800,2.1806674883853248
csuEx72_bluelightbasal_JNL_10off_20on_20off,443,44.216,13986900,2.7765952403527088
csuEx72_bluelightbasal_JNL_10off_20on_20off,444,44.316,13907600,2.1938939982933556
csuEx72_bluelightbasal_JNL_10off_20on_20off,445,44.416,13841400,1.7074523561202255
csuEx72_bluelightbasal_JNL_10off_20on_20off,446,44.516,13832400,1.641319806580072
csuEx72_bluelightbasal_JNL_10off_20on_20off,447,44.616,13778500,1.2452593154451521
csuEx72_bluelightbasal_JNL_10off_20on_20off,448,44.716,14057900.000000002,3.2983075756139337
csuEx72_bluelightbasal_JNL_10off_20on_20off,449,44.816,13880400,1.994026737460891
csuEx72_bluelightbasal_JNL_10off_20on_20off,450,44.916,13850200,1.7721152934483757
csuEx72_bluelightbasal_JNL_10off_20on_20off,451,45.016,13836300,1.6699772447141386
csuEx72_bluelightbasal_JNL_10off_20on_20off,452,45.116,13847400,1.751540722480328
csuEx72_bluelightbasal_JNL_10off_20on_20off,453,45.216,13799300.000000002,1.3980989854935206
csuEx72_bluelightbasal_JNL_10off_20on_20off,454,45.316,13870200,1.9190765146487172
csuEx72_bluelightbasal_JNL_10off_20on_20off,455,45.416,13795900.000000002,1.3731155778894628
csuEx72_bluelightbasal_JNL_10off_20on_20off,456,45.516,13840900,1.7037783255902172
csuEx72_bluelightbasal_JNL_10off_20on_20off,457,45.616,13743200,0.9858727600265497
csuEx72_bluelightbasal_JNL_10off_20on_20off,458,45.716,13658999.999999998,0.36716601877309896
csuEx72_bluelightbasal_JNL_10off_20on_20off,459,45.816,13756400,1.082867166018775
csuEx72_bluelightbasal_JNL_10off_20on_20off,460,45.916,13761800,1.1225466957428671
csuEx72_bluelightbasal_JNL_10off_20on_20off,461,46.016,13879400,1.9866786764008744
csuEx72_bluelightbasal_JNL_10off_20on_20off,462,46.116,13841000.000000002,1.7045131316962323
csuEx72_bluelightbasal_JNL_10off_20on_20off,463,46.216,13803399.999999998,1.4282260358395633
csuEx72_bluelightbasal_JNL_10off_20on_20off,464,46.316,13762300,1.1262207262728756
csuEx72_bluelightbasal_JNL_10off_20on_20off,465,46.416,13590500,-0.13617616383805645
csuEx72_bluelightbasal_JNL_10off_20on_20off,466,46.516,13659200,0.36863563098511604
csuEx72_bluelightbasal_JNL_10off_20on_20off,467,46.616,13788100,1.3158007016213158
csuEx72_bluelightbasal_JNL_10off_20on_20off,468,46.716,13950600,2.509860623874089
csuEx72_bluelightbasal_JNL_10off_20on_20off,469,46.816,13913400,2.2365127524414543
csuEx72_bluelightbasal_JNL_10off_20on_20off,470,46.916,13720900,0.8220109983881692
csuEx72_bluelightbasal_JNL_10off_20on_20off,471,47.016,13765200,1.147530103346925
csuEx72_bluelightbasal_JNL_10off_20on_20off,472,47.116,13866600,1.8926234948326557
csuEx72_bluelightbasal_JNL_10off_20on_20off,473,47.216,13727000,0.8668341708542731
csuEx72_bluelightbasal_JNL_10off_20on_20off,474,47.316,13737000,0.9403147814544438
csuEx72_bluelightbasal_JNL_10off_20on_20off,475,47.416,13684700,0.5560111880155513
csuEx72_bluelightbasal_JNL_10off_20on_20off,476,47.516,13723200,0.8389115388262083
csuEx72_bluelightbasal_JNL_10off_20on_20off,477,47.616,13777100,1.2349720299611282
csuEx72_bluelightbasal_JNL_10off_20on_20off,478,47.716,13761600,1.1210770835308637
csuEx72_bluelightbasal_JNL_10off_20on_20off,479,47.816,13780100,1.2570162131411795
csuEx72_bluelightbasal_JNL_10off_20on_20off,480,47.916,13787400,1.310657058879304
csuEx72_bluelightbasal_JNL_10off_20on_20off,481,48.016,13793500,1.355480231345408
csuEx72_bluelightbasal_JNL_10off_20on_20off,482,48.116,13769300,1.177657153692995
csuEx72_bluelightbasal_JNL_10off_20on_20off,483,48.216,13865800,1.8867450459846418
csuEx72_bluelightbasal_JNL_10off_20on_20off,484,48.316,13700699.999999998,0.6735801649758106
csuEx72_bluelightbasal_JNL_10off_20on_20off,485,48.416,13774300,1.2143974589930804
csuEx72_bluelightbasal_JNL_10off_20on_20off,486,48.516,13933600,2.384943585853799
csuEx72_bluelightbasal_JNL_10off_20on_20off,487,48.616,13866900,1.8948279131506607
csuEx72_bluelightbasal_JNL_10off_20on_20off,488,48.716,13914800,2.2468000379254782
csuEx72_bluelightbasal_JNL_10off_20on_20off,489,48.816,13819900,1.5494690433298586
csuEx72_bluelightbasal_JNL_10off_20on_20off,490,48.916,13761300,1.1188726652128584
csuEx72_bluelightbasal_JNL_10off_20on_20off,491,49.016,13680600,0.5258841376694813
csuEx72_bluelightbasal_JNL_10off_20on_20off,492,49.116,13673900.000000002,0.4766521285673806
csuEx72_bluelightbasal_JNL_10off_20on_20off,493,49.216,13788500,1.3187399260453228
csuEx72_bluelightbasal_JNL_10off_20on_20off,494,49.316,13708100,0.7279558168199506
csuEx72_bluelightbasal_JNL_10off_20on_20off,495,49.416,14007300,2.926495685977057
csuEx72_bluelightbasal_JNL_10off_20on_20off,496,49.516,13825800,1.5928226035839592
csuEx72_bluelightbasal_JNL_10off_20on_20off,497,49.616,13803800,1.4311652602635838
csuEx72_bluelightbasal_JNL_10off_20on_20off,498,49.716,13673000,0.4700388736133515
csuEx72_bluelightbasal_JNL_10off_20on_20off,499,49.816,13460000,-1.0950981321702837
csuEx72_bluelightbasal_JNL_10off_20on_20off,500,49.916,13785099.999999998,1.293756518441251
csuEx72_bluelightbasal_JNL_10off_20on_20off,501,50.016,13629400,0.14966341139660744
csuEx72_bluelightbasal_JNL_10off_20on_20off,502,50.116,13757900,1.0938892576088004
csuEx72_bluelightbasal_JNL_10off_20on_20off,503,50.216,13726300,0.8616905281122612
csuEx72_bluelightbasal_JNL_10off_20on_20off,504,50.316,13664200,0.40537593628520135
csuEx72_bluelightbasal_JNL_10off_20on_20off,505,50.416,13618700,0.07103915805442483
csuEx72_bluelightbasal_JNL_10off_20on_20off,506,50.516,13711900,0.7558784488480155
csuEx72_bluelightbasal_JNL_10off_20on_20off,507,50.616,13611400,0.01739831231630024
csuEx72_bluelightbasal_JNL_10off_20on_20off,508,50.716,13685900,0.5648288612875717
csuEx72_bluelightbasal_JNL_10off_20on_20off,509,50.816,13557999.999999998,-0.3749881482886248
csuEx72_bluelightbasal_JNL_10off_20on_20off,510,50.916,13688300,0.5824642078316127
csuEx72_bluelightbasal_JNL_10off_20on_20off,511,51.016,13722900,0.8367071205082032
csuEx72_bluelightbasal_JNL_10off_20on_20off,512,51.116,13718500,0.8043756518441281
csuEx72_bluelightbasal_JNL_10off_20on_20off,513,51.216,13707900,0.7264862046079471
csuEx72_bluelightbasal_JNL_10off_20on_20off,514,51.316,13733600,0.9153313738503859
csuEx72_bluelightbasal_JNL_10off_20on_20off,515,51.412,13677100,0.5001659239594215
csuEx72_bluelightbasal_JNL_10off_20on_20off,516,51.512,13600200,-0.0648999715558909
csuEx72_bluelightbasal_JNL_10off_20on_20off,517,51.612,13560700.000000002,-0.35514838342655136
csuEx72_bluelightbasal_JNL_10off_20on_20off,518,51.712,13615200,0.045320944344365094
csuEx72_bluelightbasal_JNL_10off_20on_20off,519,51.812,13782200,1.2724471413672152
csuEx72_bluelightbasal_JNL_10off_20on_20off,520,51.912,13641600,0.23930975632881565
csuEx72_bluelightbasal_JNL_10off_20on_20off,521,52.012,13635600.000000002,0.19522138996872693
csuEx72_bluelightbasal_JNL_10off_20on_20off,522,52.112,13531800,-0.5675073480610583
csuEx72_bluelightbasal_JNL_10off_20on_20off,523,52.212,13623800,0.10851426946051188
csuEx72_bluelightbasal_JNL_10off_20on_20off,524,52.312,13634700,0.1886081350146979
csuEx72_bluelightbasal_JNL_10off_20on_20off,525,52.412,13559200,-0.3661704750165906
csuEx72_bluelightbasal_JNL_10off_20on_20off,526,52.512,13608200,-0.006115483075754374
csuEx72_bluelightbasal_JNL_10off_20on_20off,527,52.612,13592300,-0.12294965393002573
csuEx72_bluelightbasal_JNL_10off_20on_20off,528,52.712,13611800,0.020337536740307065
csuEx72_bluelightbasal_JNL_10off_20on_20off,529,52.812,13599699.999999998,-0.06857400208591313
csuEx72_bluelightbasal_JNL_10off_20on_20off,530,52.912,13604500,-0.03330330899781752
csuEx72_bluelightbasal_JNL_10off_20on_20off,531,53.012,13506000,-0.7570873234094986
csuEx72_bluelightbasal_JNL_10off_20on_20off,532,53.112,13602700,-0.046529818905848244
csuEx72_bluelightbasal_JNL_10off_20on_20off,533,53.212,13615000,0.04385133213236168
csuEx72_bluelightbasal_JNL_10off_20on_20off,534,53.312,13510200.000000002,-0.7262254669574132
csuEx72_bluelightbasal_JNL_10off_20on_20off,535,53.412,13513400,-0.7027116715653723
csuEx72_bluelightbasal_JNL_10off_20on_20off,536,53.512,13482600,-0.929031952213898
csuEx72_bluelightbasal_JNL_10off_20on_20off,537,53.612,13575500,-0.24639707973831246
csuEx72_bluelightbasal_JNL_10off_20on_20off,538,53.712,13602700,-0.046529818905848244
csuEx72_bluelightbasal_JNL_10off_20on_20off,539,53.812,13540600,-0.5028444107329081
csuEx72_bluelightbasal_JNL_10off_20on_20off,540,53.912,13541700.000000002,-0.49476154356687563
csuEx72_bluelightbasal_JNL_10off_20on_20off,541,54.012,13510100,-0.7269602730634286
csuEx72_bluelightbasal_JNL_10off_20on_20off,542,54.112,13484500,-0.9150706361998655
csuEx72_bluelightbasal_JNL_10off_20on_20off,543,54.212,13541399.999999998,-0.4969659618849081
csuEx72_bluelightbasal_JNL_10off_20on_20off,544,54.312,13580200,-0.21186119275623225
csuEx72_bluelightbasal_JNL_10off_20on_20off,545,54.412,13524600,-0.6204133876931811
csuEx72_bluelightbasal_JNL_10off_20on_20off,546,54.512,13520200,-0.6527448563572563
csuEx72_bluelightbasal_JNL_10off_20on_20off,547,54.612,13509600,-0.7306343035934372
csuEx72_bluelightbasal_JNL_10off_20on_20off,548,54.712,13472400,-1.003982175026072
csuEx72_bluelightbasal_JNL_10off_20on_20off,549,54.812,13606100.000000002,-0.021546411301776525
csuEx72_bluelightbasal_JNL_10off_20on_20off,550,54.912,13506200,-0.7556177111974952
csuEx72_bluelightbasal_JNL_10off_20on_20off,551,55.012,13537300.000000002,-0.5270930122309507
csuEx72_bluelightbasal_JNL_10off_20on_20off,552,55.112,13571600,-0.275054517872379
csuEx72_bluelightbasal_JNL_10off_20on_20off,553,55.212,13479800,-0.9496065231819457
csuEx72_bluelightbasal_JNL_10off_20on_20off,554,55.312,13395400,-1.569782876647386
csuEx72_bluelightbasal_JNL_10off_20on_20off,555,55.412,13502700,-0.7813359249075549
csuEx72_bluelightbasal_JNL_10off_20on_20off,556,55.512,13467200,-1.0421920925381607
csuEx72_bluelightbasal_JNL_10off_20on_20off,557,55.612,13529400,-0.5851426946050993
csuEx72_bluelightbasal_JNL_10off_20on_20off,558,55.712,13603500,-0.04065137005783459
csuEx72_bluelightbasal_JNL_10off_20on_20off,559,55.812,13619300,0.07544799469043506
csuEx72_bluelightbasal_JNL_10off_20on_20off,560,55.912,13682100,0.5369062292595069
csuEx72_bluelightbasal_JNL_10off_20on_20off,561,56.012,13514000,-0.6983028349293621
csuEx72_bluelightbasal_JNL_10off_20on_20off,562,56.112,13392900,-1.5881530292974289
csuEx72_bluelightbasal_JNL_10off_20on_20off,563,56.212,13500500,-0.7975016592395924
csuEx72_bluelightbasal_JNL_10off_20on_20off,564,56.312,13483900,-0.9194794728358758
csuEx72_bluelightbasal_JNL_10off_20on_20off,565,56.412,13530300,-0.5785294396510838
csuEx72_bluelightbasal_JNL_10off_20on_20off,566,56.512,13534600.000000002,-0.5469327770929968
csuEx72_bluelightbasal_JNL_10off_20on_20off,567,56.612,13516800,-0.6777282639613142
csuEx72_bluelightbasal_JNL_10off_20on_20off,568,56.712,13573000,-0.26476723238835514
csuEx72_bluelightbasal_JNL_10off_20on_20off,569,56.812,13479900,-0.948871717075944
csuEx72_bluelightbasal_JNL_10off_20on_20off,570,56.912,13448900,-1.176661609936473
csuEx72_bluelightbasal_JNL_10off_20on_20off,571,57.012,13512100,-0.7122641509433945
csuEx72_bluelightbasal_JNL_10off_20on_20off,572,57.112,13563600,-0.3338390063525155
csuEx72_bluelightbasal_JNL_10off_20on_20off,573,57.212,13376400,-1.7093960367877106
csuEx72_bluelightbasal_JNL_10off_20on_20off,574,57.312,13325300,-2.0848819569545824
csuEx72_bluelightbasal_JNL_10off_20on_20off,575,57.412,13507000,-0.7497392623494815
csuEx72_bluelightbasal_JNL_10off_20on_20off,576,57.512,13467400,-1.0407224803261572
csuEx72_bluelightbasal_JNL_10off_20on_20off,577,57.612,13405100,-1.4985066843652206
csuEx72_bluelightbasal_JNL_10off_20on_20off,578,57.712,13454000,-1.1391864985303861
csuEx72_bluelightbasal_JNL_10off_20on_20off,579,57.812,13451200.000000002,-1.1597610694984202
csuEx72_bluelightbasal_JNL_10off_20on_20off,580,57.912,13458200,-1.1083246420783144
csuEx72_bluelightbasal_JNL_10off_20on_20off,581,58.012,13462700,-1.0752583673082377
csuEx72_bluelightbasal_JNL_10off_20on_20off,582,58.112,13365100,-1.7924291267659032
csuEx72_bluelightbasal_JNL_10off_20on_20off,583,58.212,13449199.999999998,-1.1744571916184816
csuEx72_bluelightbasal_JNL_10off_20on_20off,584,58.312,13370300,-1.7542192092538145
csuEx72_bluelightbasal_JNL_10off_20on_20off,585,58.412,13562700,-0.3404522613065309
csuEx72_bluelightbasal_JNL_10off_20on_20off,586,58.512,13509800,-0.7291646913814337
csuEx72_bluelightbasal_JNL_10off_20on_20off,587,58.612,13401100,-1.5278989286052889
csuEx72_bluelightbasal_JNL_10off_20on_20off,588,58.712,13324300,-2.0922300180146
csuEx72_bluelightbasal_JNL_10off_20on_20off,589,58.812,13397400,-1.5550867545273521
csuEx72_bluelightbasal_JNL_10off_20on_20off,590,58.912,13360700,-1.8247605954299786
csuEx72_bluelightbasal_JNL_10off_20on_20off,591,59.012,13435999.999999998,-1.271451597610707
csuEx72_bluelightbasal_JNL_10off_20on_20off,592,59.112,13400700.000000002,-1.5308381530292818
csuEx72_bluelightbasal_JNL_10off_20on_20off,593,59.212,13255700,-2.5963070067317706
csuEx72_bluelightbasal_JNL_10off_20on_20off,594,59.312,13228100,-2.7991134919882414
csuEx72_bluelightbasal_JNL_10off_20on_20off,595,59.412,13396900,-1.5587607850573606
csuEx72_bluelightbasal_JNL_10off_20on_20off,596,59.512,13422600,-1.369915615814922
csuEx72_bluelightbasal_JNL_10off_20on_20off,597,59.612,13411100,-1.4544183180051182
csuEx72_bluelightbasal_JNL_10off_20on_20off,598,59.712,13390200.000000002,-1.6079927941594612
csuEx72_bluelightbasal_JNL_10off_20on_20off,599,59.812,13398699.999999998,-1.5455342751493435
csuEx72_bluelightbasal_JNL_10off_20on_20off,600,59.912,13343100.000000002,-1.954086470086265
