stim_jnl,frame,time_s,fluor,dff
csuEx72_NaAc_0.025M_JNL_10off_20on_20off,2,0.1,49180400.00000001,-0.8521064512654913
csuEx72_NaAc_0.025M_JNL_10off_20on_20off,3,0.2,49212800,-0.7867879147961202
csuEx72_NaAc_0.025M_JNL_10off_20on_20off,4,0.3,49134300,-0.9450442454395404
csuEx72_NaAc_0.025M_JNL_10off_20on_20off,5,0.4,49079700,-1.055118075415728
csuEx72_NaAc_0.025M_JNL_10off_20on_20off,6,0.5,49119700,-0.9744779069350044
csuEx72_NaAc_0.025M_JNL_10off_20on_20off,7,0.6,49234500,-0.7430406233953276
csuEx72_NaAc_0.025M_JNL_10off_20on_20off,8,0.7,49291300,-0.6285315841527
csuEx72_NaAc_0.025M_JNL_10off_20on_20off,9,0.8,49189600,-0.8335592125149399
csuEx72_NaAc_0.025M_JNL_10off_20on_20off,10,0.9,49115100,-0.9837515263102876
csuEx72_NaAc_0.025M_JNL_10off_20on_20off,11,1,49334500,-0.5414402021935186
csuEx72_NaAc_0.025M_JNL_10off_20on_20off,12,1.1,49560800,-0.085218449013824707
csuEx72_NaAc_0.025M_JNL_10off_20on_20off,13,1.2,49356000,-0.4980961116351297
csuEx72_NaAc_0.025M_JNL_10off_20on_20off,14,1.3,49358500,-0.4930561011050844
csuEx72_NaAc_0.025M_JNL_10off_20on_20off,15,1.4,49441300,-0.3261309523499865
csuEx72_NaAc_0.025M_JNL_10off_20on_20off,16,1.5,49368500,-0.4728960589849035
csuEx72_NaAc_0.025M_JNL_10off_20on_20off,17,1.6,49281200,-0.6488932266940828
csuEx72_NaAc_0.025M_JNL_10off_20on_20off,18,1.7,49268800,-0.6738916789231071
csuEx72_NaAc_0.025M_JNL_10off_20on_20off,19,1.8,49553300,-0.10033848060396038
csuEx72_NaAc_0.025M_JNL_10off_20on_20off,20,1.9,49540700,-0.12574013367538833
csuEx72_NaAc_0.025M_JNL_10off_20on_20off,21,2,49556300,-0.09429046796790612
csuEx72_NaAc_0.025M_JNL_10off_20on_20off,22,2.1,49587800,-0.03078633528933626
csuEx72_NaAc_0.025M_JNL_10off_20on_20off,23,2.2,49457900,-0.2926652824304862
csuEx72_NaAc_0.025M_JNL_10off_20on_20off,24,2.3,49855700,0.5093011931103102
csuEx72_NaAc_0.025M_JNL_10off_20on_20off,25,2.4,49797399.99999999,0.39176814754964046
csuEx72_NaAc_0.025M_JNL_10off_20on_20off,26,2.5,49595800,-0.014658301593191536
csuEx72_NaAc_0.025M_JNL_10off_20on_20off,27,2.6,49368200,-0.47350086024850896
csuEx72_NaAc_0.025M_JNL_10off_20on_20off,28,2.7,49470200,-0.2678684306226637
csuEx72_NaAc_0.025M_JNL_10off_20on_20off,29,2.8,49604000,0.001872932945356804
csuEx72_NaAc_0.025M_JNL_10off_20on_20off,30,2.9,49472900,-0.26242521925021484
csuEx72_NaAc_0.025M_JNL_10off_20on_20off,31,3,49846899.99999999,0.49156035604453596
csuEx72_NaAc_0.025M_JNL_10off_20on_20off,32,3.1,49677200,0.14944444126508102
csuEx72_NaAc_0.025M_JNL_10off_20on_20off,33,3.2,49775100,0.34681125362165205
csuEx72_NaAc_0.025M_JNL_10off_20on_20off,34,3.3,49805000,0.407089779560993
csuEx72_NaAc_0.025M_JNL_10off_20on_20off,35,3.4,49767400.00000001,0.33128802118912776
csuEx72_NaAc_0.025M_JNL_10off_20on_20off,36,3.5,49961200,0.7219896374782186
csuEx72_NaAc_0.025M_JNL_10off_20on_20off,37,3.6,49838900,0.47543232234840627
csuEx72_NaAc_0.025M_JNL_10off_20on_20off,38,3.7,49521800,-0.16384261328253022
csuEx72_NaAc_0.025M_JNL_10off_20on_20off,39,3.8,50027200,0.8550459154714127
csuEx72_NaAc_0.025M_JNL_10off_20on_20off,40,3.9,49744500,0.2851215247338985
csuEx72_NaAc_0.025M_JNL_10off_20on_20off,41,4,49900200,0.5990133805451152
csuEx72_NaAc_0.025M_JNL_10off_20on_20off,42,4.1,49882900,0.5641365076772022
csuEx72_NaAc_0.025M_JNL_10off_20on_20off,43,4.2,49879400,0.5570804929351388
csuEx72_NaAc_0.025M_JNL_10off_20on_20off,44,4.3,50014900.00000001,0.8302490636636052
csuEx72_NaAc_0.025M_JNL_10off_20on_20off,45,4.4,49918900,0.6367126593098534
csuEx72_NaAc_0.025M_JNL_10off_20on_20off,46,4.5,50134000,1.0703551653149446
csuEx72_NaAc_0.025M_JNL_10off_20on_20off,47,4.6,50041000,0.8828667735972623
csuEx72_NaAc_0.025M_JNL_10off_20on_20off,48,4.7,50108100,1.018140656223676
csuEx72_NaAc_0.025M_JNL_10off_20on_20off,49,4.8,49891500.00000001,0.5814741439005728
csuEx72_NaAc_0.025M_JNL_10off_20on_20off,50,4.9,50206200,1.215910669422651
csuEx72_NaAc_0.025M_JNL_10off_20on_20off,51,5,50054999.99999999,0.9110908325655006
csuEx72_NaAc_0.025M_JNL_10off_20on_20off,52,5.1,50394100,1.5947178608608499
csuEx72_NaAc_0.025M_JNL_10off_20on_20off,53,5.2,50096299.99999999,0.9943518065218476
csuEx72_NaAc_0.025M_JNL_10off_20on_20off,54,5.3,50066200,0.9336700797401182
csuEx72_NaAc_0.025M_JNL_10off_20on_20off,55,5.4,49979699.99999999,0.7592857154005384
csuEx72_NaAc_0.025M_JNL_10off_20on_20off,56,5.5,50191200,1.1856706062423794
csuEx72_NaAc_0.025M_JNL_10off_20on_20off,57,5.6,49890900,0.5802645413733469
csuEx72_NaAc_0.025M_JNL_10off_20on_20off,58,5.7,50169900,1.142729716526394
csuEx72_NaAc_0.025M_JNL_10off_20on_20off,59,5.8,50445600,1.6985420777797817
csuEx72_NaAc_0.025M_JNL_10off_20on_20off,60,5.9,50837100,2.487807726784864
csuEx72_NaAc_0.025M_JNL_10off_20on_20off,61,6,50306400,1.4179142914668634
csuEx72_NaAc_0.025M_JNL_10off_20on_20off,62,6.1,50493100,1.7943022778506412
csuEx72_NaAc_0.025M_JNL_10off_20on_20off,63,6.2,50714499.99999999,2.2406456103914314
csuEx72_NaAc_0.025M_JNL_10off_20on_20off,64,6.3,50652900,2.116459750931132
csuEx72_NaAc_0.025M_JNL_10off_20on_20off,65,6.4,50510100,1.8285743494549485
csuEx72_NaAc_0.025M_JNL_10off_20on_20off,66,6.5,50863800,2.541635039245747
csuEx72_NaAc_0.025M_JNL_10off_20on_20off,67,6.6,50589800,1.9892498851527902
csuEx72_NaAc_0.025M_JNL_10off_20on_20off,68,6.7,50086700.00000001,0.9749981660865041
csuEx72_NaAc_0.025M_JNL_10off_20on_20off,69,6.8,50105000.00000001,1.0118910431664352
csuEx72_NaAc_0.025M_JNL_10off_20on_20off,70,6.9,50235700,1.2753827936771844
csuEx72_NaAc_0.025M_JNL_10off_20on_20off,71,7,50084700,0.9709661576624529
csuEx72_NaAc_0.025M_JNL_10off_20on_20off,72,7.102,50360600,1.527181719758244
csuEx72_NaAc_0.025M_JNL_10off_20on_20off,73,7.202,50185800,1.174784183497482
csuEx72_NaAc_0.025M_JNL_10off_20on_20off,74,7.302,49997200,0.79456578911087
csuEx72_NaAc_0.025M_JNL_10off_20on_20off,75,7.402,50323800,1.4529927647559784
csuEx72_NaAc_0.025M_JNL_10off_20on_20off,76,7.502,50227700.00000001,1.2592547599810548
csuEx72_NaAc_0.025M_JNL_10off_20on_20off,77,7.602,50233700,1.2713507852531483
csuEx72_NaAc_0.025M_JNL_10off_20on_20off,78,7.702,50247800,1.2997764446426034
csuEx72_NaAc_0.025M_JNL_10off_20on_20off,79,7.802,50091400,0.9844733858829742
csuEx72_NaAc_0.025M_JNL_10off_20on_20off,80,7.902,50256400,1.317114080865959
csuEx72_NaAc_0.025M_JNL_10off_20on_20off,81,8.002,50308000,1.4211398982060923
csuEx72_NaAc_0.025M_JNL_10off_20on_20off,82,8.102,50313100.00000001,1.4314215196873998
csuEx72_NaAc_0.025M_JNL_10off_20on_20off,83,8.202,50184000,1.1711553759158493
csuEx72_NaAc_0.025M_JNL_10off_20on_20off,84,8.302,50042099.99999999,0.8850843782304672
csuEx72_NaAc_0.025M_JNL_10off_20on_20off,85,8.402,50393900,1.5943146600184464
csuEx72_NaAc_0.025M_JNL_10off_20on_20off,86,8.502,50113600,1.0292286793897756
csuEx72_NaAc_0.025M_JNL_10off_20on_20off,87,8.602,50156300,1.1153120592429482
csuEx72_NaAc_0.025M_JNL_10off_20on_20off,88,8.702,50438599.99999999,1.68443004829564
csuEx72_NaAc_0.025M_JNL_10off_20on_20off,89,8.802,50283300.00000001,1.3713445941692608
csuEx72_NaAc_0.025M_JNL_10off_20on_20off,90,8.902,50063200,0.9276220671040639
csuEx72_NaAc_0.025M_JNL_10off_20on_20off,91,9.002,50338000,1.481620024566635
csuEx72_NaAc_0.025M_JNL_10off_20on_20off,92,9.102,50281300,1.3673125857452095
csuEx72_NaAc_0.025M_JNL_10off_20on_20off,93,9.202,50324799.99999999,1.4550087689679814
csuEx72_NaAc_0.025M_JNL_10off_20on_20off,94,9.302,49983600,0.7671481318274239
csuEx72_NaAc_0.025M_JNL_10off_20on_20off,95,9.402,50268100,1.3407013301465707
csuEx72_NaAc_0.025M_JNL_10off_20on_20off,96,9.502,49876200,0.550629279456681
csuEx72_NaAc_0.025M_JNL_10off_20on_20off,97,9.602,50108499.99999999,1.0189470579084683
csuEx72_NaAc_0.025M_JNL_10off_20on_20off,98,9.702,50256400,1.317114080865959
csuEx72_NaAc_0.025M_JNL_10off_20on_20off,99,9.802,50288400,1.381626215650538
csuEx72_NaAc_0.025M_JNL_10off_20on_20off,100,9.902,50254200.00000001,1.3126788715995341
csuEx72_NaAc_0.025M_JNL_10off_20on_20off,101,10.002,50013300,0.8270234569243612
csuEx72_NaAc_0.025M_JNL_10off_20on_20off,102,10.102,49479900,-0.2483131897660882
csuEx72_NaAc_0.025M_JNL_10off_20on_20off,103,10.202,49268300,-0.6748996810291161
csuEx72_NaAc_0.025M_JNL_10off_20on_20off,104,10.302,48931300,-1.3542931004792127
csuEx72_NaAc_0.025M_JNL_10off_20on_20off,105,10.402,49018900,-1.177691131506428
csuEx72_NaAc_0.025M_JNL_10off_20on_20off,106,10.503,49013200,-1.189182355514931
csuEx72_NaAc_0.025M_JNL_10off_20on_20off,107,10.603,48743900,-1.7320922898114026
csuEx72_NaAc_0.025M_JNL_10off_20on_20off,108,10.703,48985800,-1.2444208709242268
csuEx72_NaAc_0.025M_JNL_10off_20on_20off,109,10.803,48954200,-1.3081266040239983
csuEx72_NaAc_0.025M_JNL_10off_20on_20off,110,10.903,48948900,-1.3188114263476942
csuEx72_NaAc_0.025M_JNL_10off_20on_20off,111,11.003,48922300,-1.3724371383873755
csuEx72_NaAc_0.025M_JNL_10off_20on_20off,112,11.103,48776500,-1.666370552499613
csuEx72_NaAc_0.025M_JNL_10off_20on_20off,113,11.203,48701200,-1.8181756696645752
csuEx72_NaAc_0.025M_JNL_10off_20on_20off,114,11.303,48958400,-1.2996593863335224
csuEx72_NaAc_0.025M_JNL_10off_20on_20off,115,11.403,48779800,-1.6597177385999533
csuEx72_NaAc_0.025M_JNL_10off_20on_20off,116,11.503,48478400,-2.267341408102206
csuEx72_NaAc_0.025M_JNL_10off_20on_20off,117,11.603,48583600,-2.055257764997903
csuEx72_NaAc_0.025M_JNL_10off_20on_20off,118,11.703,48415300,-2.3945512738805474
csuEx72_NaAc_0.025M_JNL_10off_20on_20off,119,11.803,48582800,-2.056870568367517
csuEx72_NaAc_0.025M_JNL_10off_20on_20off,120,11.903,48425300,-2.3743912317603666
csuEx72_NaAc_0.025M_JNL_10off_20on_20off,121,12.003,48388099.99999999,-2.4493865884474544
csuEx72_NaAc_0.025M_JNL_10off_20on_20off,122,12.103,48342000,-2.5423243826214734
csuEx72_NaAc_0.025M_JNL_10off_20on_20off,123,12.203,48286400,-2.654414216809679
csuEx72_NaAc_0.025M_JNL_10off_20on_20off,124,12.303,48451300,-2.321975122247896
csuEx72_NaAc_0.025M_JNL_10off_20on_20off,125,12.403,48428900,-2.3671336165971013
csuEx72_NaAc_0.025M_JNL_10off_20on_20off,126,12.503,48239800,-2.748360013089722
csuEx72_NaAc_0.025M_JNL_10off_20on_20off,127,12.603,48246700,-2.7344495840267973
csuEx72_NaAc_0.025M_JNL_10off_20on_20off,128,12.703,48419200,-2.386688857453677
csuEx72_NaAc_0.025M_JNL_10off_20on_20off,129,12.803,48291000.00000001,-2.6451405974343807
csuEx72_NaAc_0.025M_JNL_10off_20on_20off,130,12.903,48291800,-2.6435277940647812
csuEx72_NaAc_0.025M_JNL_10off_20on_20off,131,13.003,48404500,-2.416324119370343
csuEx72_NaAc_0.025M_JNL_10off_20on_20off,132,13.103,48160800,-2.9076243458391513
csuEx72_NaAc_0.025M_JNL_10off_20on_20off,133,13.203,48333600,-2.559258818002425
csuEx72_NaAc_0.025M_JNL_10off_20on_20off,134,13.303,48080999.99999999,-3.06850148195821
csuEx72_NaAc_0.025M_JNL_10off_20on_20off,135,13.403,48264200,-2.6991695103164806
csuEx72_NaAc_0.025M_JNL_10off_20on_20off,136,13.503,48033400.00000001,-3.164463282450241
csuEx72_NaAc_0.025M_JNL_10off_20on_20off,137,13.603,47917700,-3.397714969780749
csuEx72_NaAc_0.025M_JNL_10off_20on_20off,138,13.703,48246700,-2.7344495840267973
csuEx72_NaAc_0.025M_JNL_10off_20on_20off,139,13.803,48496400,-2.2310533322858803
csuEx72_NaAc_0.025M_JNL_10off_20on_20off,140,13.903,48366800,-2.4923274781634244
csuEx72_NaAc_0.025M_JNL_10off_20on_20off,141,14.003,48522700,-2.1780324215098044
csuEx72_NaAc_0.025M_JNL_10off_20on_20off,142,14.103,48377600,-2.4705546326736294
csuEx72_NaAc_0.025M_JNL_10off_20on_20off,143,14.203,48125400,-2.978990894944592
csuEx72_NaAc_0.025M_JNL_10off_20on_20off,144,14.303,48305500,-2.6159085363601333
csuEx72_NaAc_0.025M_JNL_10off_20on_20off,145,14.403,48088400,-3.053583050789261
csuEx72_NaAc_0.025M_JNL_10off_20on_20off,146,14.503,47992300,-3.2473210555641994
csuEx72_NaAc_0.025M_JNL_10off_20on_20off,147,14.603,48260700,-2.706225525058544
csuEx72_NaAc_0.025M_JNL_10off_20on_20off,148,14.703,48078600,-3.0733398920670383
csuEx72_NaAc_0.025M_JNL_10off_20on_20off,149,14.803,47987200,-3.2576026770454916
csuEx72_NaAc_0.025M_JNL_10off_20on_20off,150,14.903,48365700,-2.4945450827966447
csuEx72_NaAc_0.025M_JNL_10off_20on_20off,151,15.003,47889300,-3.4549694894020626
csuEx72_NaAc_0.025M_JNL_10off_20on_20off,152,15.103,48210700,-2.8070257356594484
csuEx72_NaAc_0.025M_JNL_10off_20on_20off,153,15.203,48242800,-2.742312000453668
csuEx72_NaAc_0.025M_JNL_10off_20on_20off,154,15.303,48032899.99999999,-3.16547128455628
csuEx72_NaAc_0.025M_JNL_10off_20on_20off,155,15.403,48012800,-3.205992969217829
csuEx72_NaAc_0.025M_JNL_10off_20on_20off,156,15.503,47813300,-3.608185809515438
csuEx72_NaAc_0.025M_JNL_10off_20on_20off,157,15.603,47540699.99999999,-4.157748557711584
csuEx72_NaAc_0.025M_JNL_10off_20on_20off,158,15.703,47847000,-3.540246467570428
csuEx72_NaAc_0.025M_JNL_10off_20on_20off,159,15.803,47891500,-3.4505342801356234
csuEx72_NaAc_0.025M_JNL_10off_20on_20off,160,15.903,47575700,-4.087188410290936
csuEx72_NaAc_0.025M_JNL_10off_20on_20off,161,16.003,47888300,-3.4569854936140807
csuEx72_NaAc_0.025M_JNL_10off_20on_20off,162,16.103,47730000,-3.776118960376545
csuEx72_NaAc_0.025M_JNL_10off_20on_20off,163,16.203,47766800,-3.7019300053742787
csuEx72_NaAc_0.025M_JNL_10off_20on_20off,164,16.303,47981700,-3.2686907002115912
csuEx72_NaAc_0.025M_JNL_10off_20on_20off,165,16.403,47627700,-3.9823561912659953
csuEx72_NaAc_0.025M_JNL_10off_20on_20off,166,16.503,47827400.00000001,-3.579760150125968
csuEx72_NaAc_0.025M_JNL_10off_20on_20off,167,16.603,47692100,-3.8525255200120303
csuEx72_NaAc_0.025M_JNL_10off_20on_20off,168,16.703,47788600,-3.657981113552285
csuEx72_NaAc_0.025M_JNL_10off_20on_20off,169,16.803,47913800,-3.4055773862076193
csuEx72_NaAc_0.025M_JNL_10off_20on_20off,170,16.903,47545700,-4.147668536651479
csuEx72_NaAc_0.025M_JNL_10off_20on_20off,171,17.003,48040100,-3.1509560542297343
csuEx72_NaAc_0.025M_JNL_10off_20on_20off,172,17.103,47418400,-4.404305872841382
csuEx72_NaAc_0.025M_JNL_10off_20on_20off,173,17.203,47842500,-3.5493184865245095
csuEx72_NaAc_0.025M_JNL_10off_20on_20off,174,17.303,47628800,-3.9801385866327754
csuEx72_NaAc_0.025M_JNL_10off_20on_20off,175,17.403,47867700,-3.4985151803816534
csuEx72_NaAc_0.025M_JNL_10off_20on_20off,176,17.503,47842200,-3.549923287788115
csuEx72_NaAc_0.025M_JNL_10off_20on_20off,177,17.603,47548000,-4.143031726963837
csuEx72_NaAc_0.025M_JNL_10off_20on_20off,178,17.703,47466900,-4.306529668558504
csuEx72_NaAc_0.025M_JNL_10off_20on_20off,179,17.803,47452600,-4.335358528790363
csuEx72_NaAc_0.025M_JNL_10off_20on_20off,180,17.903,47656000,-3.925303272065883
csuEx72_NaAc_0.025M_JNL_10off_20on_20off,181,18.003,47404800,-4.431723530124828
csuEx72_NaAc_0.025M_JNL_10off_20on_20off,182,18.103,47721400,-3.7934565965999
csuEx72_NaAc_0.025M_JNL_10off_20on_20off,183,18.203,47638500,-3.9605833457762003
csuEx72_NaAc_0.025M_JNL_10off_20on_20off,184,18.303,47555100,-4.128718097058508
csuEx72_NaAc_0.025M_JNL_10off_20on_20off,185,18.403,47303800,-4.6353399555386545
csuEx72_NaAc_0.025M_JNL_10off_20on_20off,186,18.503,47369100,-4.503694880493874
csuEx72_NaAc_0.025M_JNL_10off_20on_20off,187,18.603,47595300,-4.047674727735381
csuEx72_NaAc_0.025M_JNL_10off_20on_20off,188,18.703,47732300,-3.7714821506889034
csuEx72_NaAc_0.025M_JNL_10off_20on_20off,189,18.803,47733500,-3.7690629456344813
csuEx72_NaAc_0.025M_JNL_10off_20on_20off,190,18.903,47513000,-4.21359187438447
csuEx72_NaAc_0.025M_JNL_10off_20on_20off,191,19.003,47403800,-4.433739534336846
csuEx72_NaAc_0.025M_JNL_10off_20on_20off,192,19.103,47584300,-4.0698507740675804
csuEx72_NaAc_0.025M_JNL_10off_20on_20off,193,19.203,47727300,-3.781562171748994
csuEx72_NaAc_0.025M_JNL_10off_20on_20off,194,19.303,47911300,-3.4106173967376647
csuEx72_NaAc_0.025M_JNL_10off_20on_20off,195,19.403,47243200,-4.757509810786951
csuEx72_NaAc_0.025M_JNL_10off_20on_20off,196,19.503,47632300,-3.973082571890712
csuEx72_NaAc_0.025M_JNL_10off_20on_20off,197,19.603,47272200,-4.699045688638426
csuEx72_NaAc_0.025M_JNL_10off_20on_20off,198,19.703,47733700,-3.7686597447920778
csuEx72_NaAc_0.025M_JNL_10off_20on_20off,199,19.803,47378300,-4.485147641743307
csuEx72_NaAc_0.025M_JNL_10off_20on_20off,200,19.903,47793200,-3.648707494177001
csuEx72_NaAc_0.025M_JNL_10off_20on_20off,201,20.003,47506100,-4.2275023034473955
csuEx72_NaAc_0.025M_JNL_10off_20on_20off,202,20.103,47355000,-4.532120539883328
csuEx72_NaAc_0.025M_JNL_10off_20on_20off,203,20.203,47274100,-4.695215280635592
csuEx72_NaAc_0.025M_JNL_10off_20on_20off,204,20.303,47305500,-4.631912748378224
csuEx72_NaAc_0.025M_JNL_10off_20on_20off,205,20.403,47209600,-4.825247552310759
csuEx72_NaAc_0.025M_JNL_10off_20on_20off,206,20.503,47335100,-4.572239023702489
csuEx72_NaAc_0.025M_JNL_10off_20on_20off,207,20.603,47471300,-4.2976592500256245
csuEx72_NaAc_0.025M_JNL_10off_20on_20off,208,20.703,47165900,-4.913346936375949
csuEx72_NaAc_0.025M_JNL_10off_20on_20off,209,20.803,47626600,-3.9845737958992147
csuEx72_NaAc_0.025M_JNL_10off_20on_20off,210,20.903,47490800,-4.258347167891271
csuEx72_NaAc_0.025M_JNL_10off_20on_20off,211,21.003,47473900,-4.292417639074378
csuEx72_NaAc_0.025M_JNL_10off_20on_20off,212,21.103,47302300,-4.638363961856682
csuEx72_NaAc_0.025M_JNL_10off_20on_20off,213,21.203,47061500,-5.123817776110638
csuEx72_NaAc_0.025M_JNL_10off_20on_20off,214,21.303,47360100,-4.521838918402037
csuEx72_NaAc_0.025M_JNL_10off_20on_20off,215,21.403,47223100,-4.798031495448515
csuEx72_NaAc_0.025M_JNL_10off_20on_20off,216,21.503,47158800,-4.927660566281277
csuEx72_NaAc_0.025M_JNL_10off_20on_20off,217,21.603,47226700,-4.79077388028525
csuEx72_NaAc_0.025M_JNL_10off_20on_20off,218,21.703,46952299.99999999,-5.343965436063028
csuEx72_NaAc_0.025M_JNL_10off_20on_20off,219,21.803,47150900,-4.943586999556221
csuEx72_NaAc_0.025M_JNL_10off_20on_20off,220,21.903,46871200,-5.507463377657681
csuEx72_NaAc_0.025M_JNL_10off_20on_20off,221,22.003,47142300,-4.960924635779576
csuEx72_NaAc_0.025M_JNL_10off_20on_20off,222,22.103,46757200,-5.737287857827742
csuEx72_NaAc_0.025M_JNL_10off_20on_20off,223,22.203,47334500.00000001,-4.573448626229684
csuEx72_NaAc_0.025M_JNL_10off_20on_20off,224,22.303,47057600,-5.131680192537509
csuEx72_NaAc_0.025M_JNL_10off_20on_20off,225,22.403,47083100,-5.080272085131048
csuEx72_NaAc_0.025M_JNL_10off_20on_20off,226,22.503,46587800,-6.078798971343607
csuEx72_NaAc_0.025M_JNL_10off_20on_20off,227,22.603,46770200,-5.711079803071508
csuEx72_NaAc_0.025M_JNL_10off_20on_20off,228,22.703,46790100,-5.670961319252347
csuEx72_NaAc_0.025M_JNL_10off_20on_20off,229,22.803,46815200,-5.620359613530694
csuEx72_NaAc_0.025M_JNL_10off_20on_20off,230,22.903,46522500.00000001,-6.210444046388374
csuEx72_NaAc_0.025M_JNL_10off_20on_20off,231,23.003,46797800,-5.655438086819808
csuEx72_NaAc_0.025M_JNL_10off_20on_20off,232,23.103,46496600,-6.262658555479657
csuEx72_NaAc_0.025M_JNL_10off_20on_20off,233,23.203,46769700,-5.712087805177517
csuEx72_NaAc_0.025M_JNL_10off_20on_20off,234,23.303,46636200,-5.981224367481932
csuEx72_NaAc_0.025M_JNL_10off_20on_20off,235,23.403,46821200,-5.608263588258585
csuEx72_NaAc_0.025M_JNL_10off_20on_20off,236,23.503,46779600,-5.6921293634785375
csuEx72_NaAc_0.025M_JNL_10off_20on_20off,237,23.603,46773999.99999999,-5.703418987065854
csuEx72_NaAc_0.025M_JNL_10off_20on_20off,238,23.703,46782600,-5.686081350842484
csuEx72_NaAc_0.025M_JNL_10off_20on_20off,239,23.803,46730200,-5.791719971552232
csuEx72_NaAc_0.025M_JNL_10off_20on_20off,240,23.903,46767600,-5.7163214140227545
csuEx72_NaAc_0.025M_JNL_10off_20on_20off,241,24.003,46741800,-5.768334322692822
csuEx72_NaAc_0.025M_JNL_10off_20on_20off,242,24.103,46864900,-5.520164204193394
csuEx72_NaAc_0.025M_JNL_10off_20on_20off,243,24.203,46602300,-6.049566910269346
csuEx72_NaAc_0.025M_JNL_10off_20on_20off,244,24.303,46655600,-5.942113885768781
csuEx72_NaAc_0.025M_JNL_10off_20on_20off,245,24.403,46762499.99999999,-5.726603035504063
csuEx72_NaAc_0.025M_JNL_10off_20on_20off,246,24.503,46661600,-5.9300178604966725
csuEx72_NaAc_0.025M_JNL_10off_20on_20off,247,24.603,46909500,-5.430250416337388
csuEx72_NaAc_0.025M_JNL_10off_20on_20off,248,24.703,47059700,-5.1274465836922705
csuEx72_NaAc_0.025M_JNL_10off_20on_20off,249,24.803,43798500,-11.702039519925666
csuEx72_NaAc_0.025M_JNL_10off_20on_20off,250,24.903,41373800,-16.59024493280593
csuEx72_NaAc_0.025M_JNL_10off_20on_20off,251,25.003,41658099.99999999,-16.017094935329204
csuEx72_NaAc_0.025M_JNL_10off_20on_20off,252,25.103,41298700.00000001,-16.741646849128475
csuEx72_NaAc_0.025M_JNL_10off_20on_20off,253,25.203,41411600,-16.514039973591647
csuEx72_NaAc_0.025M_JNL_10off_20on_20off,254,25.303,41668500,-15.9961284915242
csuEx72_NaAc_0.025M_JNL_10off_20on_20off,255,25.403,41734900,-15.8622658118462
csuEx72_NaAc_0.025M_JNL_10off_20on_20off,256,25.503,41665200,-16.00278130542386
csuEx72_NaAc_0.025M_JNL_10off_20on_20off,257,25.603,41696400,-15.939881974008896
csuEx72_NaAc_0.025M_JNL_10off_20on_20off,258,25.703,41841100.00000001,-15.648166164529862
csuEx72_NaAc_0.025M_JNL_10off_20on_20off,259,25.803,41830700,-15.669132608334865
csuEx72_NaAc_0.025M_JNL_10off_20on_20off,260,25.903,41449299.99999999,-16.43803661479858
csuEx72_NaAc_0.025M_JNL_10off_20on_20off,261,26.003,41578200,-16.178173671869434
csuEx72_NaAc_0.025M_JNL_10off_20on_20off,262,26.103,41734000,-15.864080215637014
csuEx72_NaAc_0.025M_JNL_10off_20on_20off,263,26.203,41571100,-16.19248730177476
csuEx72_NaAc_0.025M_JNL_10off_20on_20off,264,26.303,41391000,-16.55556966035922
csuEx72_NaAc_0.025M_JNL_10off_20on_20off,265,26.403,41795400,-15.740297557019103
csuEx72_NaAc_0.025M_JNL_10off_20on_20off,266,26.503,41540100.00000001,-16.25498343234731
csuEx72_NaAc_0.025M_JNL_10off_20on_20off,267,26.603,41312300.00000001,-16.71422919184503
csuEx72_NaAc_0.025M_JNL_10off_20on_20off,268,26.703,41354700,-16.628750613255477
csuEx72_NaAc_0.025M_JNL_10off_20on_20off,269,26.803,41471500,-16.393281321291763
csuEx72_NaAc_0.025M_JNL_10off_20on_20off,270,26.903,41162800,-17.01562182154175
csuEx72_NaAc_0.025M_JNL_10off_20on_20off,271,27.003,41538400,-16.258410639507755
csuEx72_NaAc_0.025M_JNL_10off_20on_20off,272,27.113,41402100,-16.53319201360582
csuEx72_NaAc_0.025M_JNL_10off_20on_20off,273,27.213,41504400,-16.326954782716367
csuEx72_NaAc_0.025M_JNL_10off_20on_20off,274,27.313,41561000,-16.212848944316143
csuEx72_NaAc_0.025M_JNL_10off_20on_20off,275,27.413,41381900,-16.573915298688586
csuEx72_NaAc_0.025M_JNL_10off_20on_20off,276,27.503,41556600,-16.221719362849026
csuEx72_NaAc_0.025M_JNL_10off_20on_20off,277,27.613,41937000,-15.454831360597343
csuEx72_NaAc_0.025M_JNL_10off_20on_20off,278,27.703,41485400,-16.36525886274471
csuEx72_NaAc_0.025M_JNL_10off_20on_20off,279,27.803,41571400,-16.191882500511156
csuEx72_NaAc_0.025M_JNL_10off_20on_20off,280,27.903,41500199.99999999,-16.33542200040686
csuEx72_NaAc_0.025M_JNL_10off_20on_20off,281,28.013,41556300.00000001,-16.222324164112614
csuEx72_NaAc_0.025M_JNL_10off_20on_20off,282,28.113,41299600,-16.739832445337672
csuEx72_NaAc_0.025M_JNL_10off_20on_20off,283,28.213,41198100,-16.94445687285751
csuEx72_NaAc_0.025M_JNL_10off_20on_20off,284,28.313,41400499.99999999,-16.536417620345063
csuEx72_NaAc_0.025M_JNL_10off_20on_20off,285,28.413,41495800,-16.344292418939723
csuEx72_NaAc_0.025M_JNL_10off_20on_20off,286,28.513,41439000,-16.45880145818235
csuEx72_NaAc_0.025M_JNL_10off_20on_20off,287,28.613,41298600,-16.74184844954969
csuEx72_NaAc_0.025M_JNL_10off_20on_20off,288,28.713,41586400,-16.161642437330883
csuEx72_NaAc_0.025M_JNL_10off_20on_20off,289,28.813,41318000,-16.70273796783654
csuEx72_NaAc_0.025M_JNL_10off_20on_20off,290,28.913,41234700,-16.870671118697647
csuEx72_NaAc_0.025M_JNL_10off_20on_20off,291,29.013,41265599.99999999,-16.808376588546302
csuEx72_NaAc_0.025M_JNL_10off_20on_20off,292,29.113,41543400,-16.248330618447664
csuEx72_NaAc_0.025M_JNL_10off_20on_20off,293,29.213,41285500,-16.76825810472713
csuEx72_NaAc_0.025M_JNL_10off_20on_20off,294,29.313,41437700,-16.461422263657973
csuEx72_NaAc_0.025M_JNL_10off_20on_20off,295,29.413,41476400,-16.383402900652875
csuEx72_NaAc_0.025M_JNL_10off_20on_20off,296,29.513,41515900,-16.30377073427816
csuEx72_NaAc_0.025M_JNL_10off_20on_20off,297,29.613,41253700,-16.832367038669304
csuEx72_NaAc_0.025M_JNL_10off_20on_20off,298,29.713,41347500,-16.643265843582007
csuEx72_NaAc_0.025M_JNL_10off_20on_20off,299,29.813,41046300,-17.250486312241854
csuEx72_NaAc_0.025M_JNL_10off_20on_20off,300,29.913,41413700,-16.50980636474641
csuEx72_NaAc_0.025M_JNL_10off_20on_20off,301,30.013,40917400,-17.510349255170986
csuEx72_NaAc_0.025M_JNL_10off_20on_20off,302,30.113,41213600,-16.913208807571227
csuEx72_NaAc_0.025M_JNL_10off_20on_20off,303,30.213,41628500,-16.076768660004923
csuEx72_NaAc_0.025M_JNL_10off_20on_20off,304,30.313,41668200.00000001,-15.996733292787791
csuEx72_NaAc_0.025M_JNL_10off_20on_20off,305,30.413,42170000,-14.985102379197127
csuEx72_NaAc_0.025M_JNL_10off_20on_20off,306,30.513,42297600,-14.727860241743617
csuEx72_NaAc_0.025M_JNL_10off_20on_20off,307,30.613,42432100,-14.456707675227184
csuEx72_NaAc_0.025M_JNL_10off_20on_20off,308,30.713,42776500.00000001,-13.76239582460814
csuEx72_NaAc_0.025M_JNL_10off_20on_20off,309,30.813,42777500,-13.760379820396137
csuEx72_NaAc_0.025M_JNL_10off_20on_20off,310,30.913,42608100,-14.101890933912001
csuEx72_NaAc_0.025M_JNL_10off_20on_20off,311,31.013,42873900,-13.566037014357594
csuEx72_NaAc_0.025M_JNL_10off_20on_20off,312,31.113,42820100,-13.674498040964167
csuEx72_NaAc_0.025M_JNL_10off_20on_20off,313,31.213,43048600,-13.213841078518032
csuEx72_NaAc_0.025M_JNL_10off_20on_20off,314,31.313,43036199.99999999,-13.238839530747073
csuEx72_NaAc_0.025M_JNL_10off_20on_20off,315,31.413,42929100,-13.454753581854195
csuEx72_NaAc_0.025M_JNL_10off_20on_20off,316,31.513,43114100.00000001,-13.081792802630835
csuEx72_NaAc_0.025M_JNL_10off_20on_20off,317,31.613,43046700,-13.217671486520869
csuEx72_NaAc_0.025M_JNL_10off_20on_20off,318,31.713,42956100,-13.400321468129706
csuEx72_NaAc_0.025M_JNL_10off_20on_20off,319,31.813,43111800,-13.08642961231849
csuEx72_NaAc_0.025M_JNL_10off_20on_20off,320,31.913,43127200,-13.055383147453412
csuEx72_NaAc_0.025M_JNL_10off_20on_20off,321,32.013,42688000,-13.940812197371757
csuEx72_NaAc_0.025M_JNL_10off_20on_20off,322,32.113,42904200,-13.504952086733446
csuEx72_NaAc_0.025M_JNL_10off_20on_20off,323,32.213,42963900,-13.384596635275967
csuEx72_NaAc_0.025M_JNL_10off_20on_20off,324,32.313,42890400,-13.532772944859294
csuEx72_NaAc_0.025M_JNL_10off_20on_20off,325,32.413,42680200,-13.956537030225496
csuEx72_NaAc_0.025M_JNL_10off_20on_20off,326,32.513,42279099.99999999,-14.765156319665968
csuEx72_NaAc_0.025M_JNL_10off_20on_20off,327,32.613,42344799.99999999,-14.63270484293638
csuEx72_NaAc_0.025M_JNL_10off_20on_20off,328,32.713,42433600,-14.453683668909159
csuEx72_NaAc_0.025M_JNL_10off_20on_20off,329,32.813,42710500,-13.89545210260135
csuEx72_NaAc_0.025M_JNL_10off_20on_20off,330,32.913,42051000,-15.22500688042728
csuEx72_NaAc_0.025M_JNL_10off_20on_20off,331,33.013,42323600,-14.67544413223115
csuEx72_NaAc_0.025M_JNL_10off_20on_20off,332,33.113,42257600,-14.808500410224342
csuEx72_NaAc_0.025M_JNL_10off_20on_20off,333,33.213,42155400,-15.014536040692592
csuEx72_NaAc_0.025M_JNL_10off_20on_20off,334,33.313,42320800,-14.6810889440248
csuEx72_NaAc_0.025M_JNL_10off_20on_20off,335,33.413,42118399.99999999,-15.089128196537278
csuEx72_NaAc_0.025M_JNL_10off_20on_20off,336,33.513,42237600.00000001,-14.84882049446469
csuEx72_NaAc_0.025M_JNL_10off_20on_20off,337,33.613,42198700,-14.927243058312209
csuEx72_NaAc_0.025M_JNL_10off_20on_20off,338,33.713,42608300,-14.101487733069598
csuEx72_NaAc_0.025M_JNL_10off_20on_20off,339,33.813,42083800,-15.158881942273087
csuEx72_NaAc_0.025M_JNL_10off_20on_20off,340,33.913,42195800,-14.933089470527062
csuEx72_NaAc_0.025M_JNL_10off_20on_20off,341,34.013,42128700,-15.068363353153474
csuEx72_NaAc_0.025M_JNL_10off_20on_20off,342,34.113,42280800,-14.761729112505522
csuEx72_NaAc_0.025M_JNL_10off_20on_20off,343,34.213,42232100,-14.859908517630805
csuEx72_NaAc_0.025M_JNL_10off_20on_20off,344,34.313,41994600,-15.3387095179851
csuEx72_NaAc_0.025M_JNL_10off_20on_20off,345,34.413,42213300,-14.897809396816744
csuEx72_NaAc_0.025M_JNL_10off_20on_20off,346,34.513,42261600,-14.80043639337627
csuEx72_NaAc_0.025M_JNL_10off_20on_20off,347,34.613,41956200,-15.416124079726595
csuEx72_NaAc_0.025M_JNL_10off_20on_20off,348,34.713,42010800,-15.306050249750408
csuEx72_NaAc_0.025M_JNL_10off_20on_20off,349,34.813,42076000,-15.174606775126827
csuEx72_NaAc_0.025M_JNL_10off_20on_20off,350,34.913,41802800,-15.72537912585017
csuEx72_NaAc_0.025M_JNL_10off_20on_20off,351,35.013,41742000,-15.847952181940869
csuEx72_NaAc_0.025M_JNL_10off_20on_20off,352,35.113,42004300,-15.319154277128524
csuEx72_NaAc_0.025M_JNL_10off_20on_20off,353,35.213,42017700,-15.292139820687483
csuEx72_NaAc_0.025M_JNL_10off_20on_20off,354,35.313,41623500,-16.086848681065014
csuEx72_NaAc_0.025M_JNL_10off_20on_20off,355,35.413,41701700,-15.929197151685198
csuEx72_NaAc_0.025M_JNL_10off_20on_20off,356,35.513,41768599.99999999,-15.794326469901204
csuEx72_NaAc_0.025M_JNL_10off_20on_20off,357,35.613,41710100,-15.912262716304246
csuEx72_NaAc_0.025M_JNL_10off_20on_20off,358,35.713,41897000,-15.535471529078066
csuEx72_NaAc_0.025M_JNL_10off_20on_20off,359,35.813,41712600,-15.9072227057742
csuEx72_NaAc_0.025M_JNL_10off_20on_20off,360,35.913,41671699.99999999,-15.989677278045757
csuEx72_NaAc_0.025M_JNL_10off_20on_20off,361,36.013,41685299.99999999,-15.962259620762312
csuEx72_NaAc_0.025M_JNL_10off_20on_20off,362,36.113,41772700,-15.786060852631914
csuEx72_NaAc_0.025M_JNL_10off_20on_20off,363,36.213,41768800,-15.793923269058785
csuEx72_NaAc_0.025M_JNL_10off_20on_20off,364,36.313,41801500,-15.727999931325792
csuEx72_NaAc_0.025M_JNL_10off_20on_20off,365,36.413,41669600.00000001,-15.993910886890964
csuEx72_NaAc_0.025M_JNL_10off_20on_20off,366,36.513,41781400,-15.768521615987357
csuEx72_NaAc_0.025M_JNL_10off_20on_20off,367,36.613,41799000,-15.73303994185584
csuEx72_NaAc_0.025M_JNL_10off_20on_20off,368,36.713,41562300,-16.21022813884052
csuEx72_NaAc_0.025M_JNL_10off_20on_20off,369,36.813,41554300,-16.226356172536665
csuEx72_NaAc_0.025M_JNL_10off_20on_20off,370,36.913,41418100.00000001,-16.500935946213517
csuEx72_NaAc_0.025M_JNL_10off_20on_20off,371,37.013,41829100,-15.672358215074095
csuEx72_NaAc_0.025M_JNL_10off_20on_20off,372,37.106,41726300,-15.879603448069554
csuEx72_NaAc_0.025M_JNL_10off_20on_20off,373,37.206,41547100,-16.240871402863196
csuEx72_NaAc_0.025M_JNL_10off_20on_20off,374,37.306,41125700,-17.09041557780762
csuEx72_NaAc_0.025M_JNL_10off_20on_20off,375,37.406,41584400,-16.16567444575492
csuEx72_NaAc_0.025M_JNL_10off_20on_20off,376,37.506,41493800,-16.34832442736376
csuEx72_NaAc_0.025M_JNL_10off_20on_20off,377,37.606,41263200,-16.81321499865513
csuEx72_NaAc_0.025M_JNL_10off_20on_20off,378,37.706,41359199.99999999,-16.61967859430141
csuEx72_NaAc_0.025M_JNL_10off_20on_20off,379,37.806,41387300,-16.563028875943687
csuEx72_NaAc_0.025M_JNL_10off_20on_20off,380,37.906,41196800,-16.947077678333134
csuEx72_NaAc_0.025M_JNL_10off_20on_20off,381,38.006,41251400,-16.837003848356947
csuEx72_NaAc_0.025M_JNL_10off_20on_20off,382,38.106,41526700,-16.281997888788364
csuEx72_NaAc_0.025M_JNL_10off_20on_20off,383,38.206,41345400,-16.647499452427244
csuEx72_NaAc_0.025M_JNL_10off_20on_20off,384,38.306,41174900,-16.991228170576328
csuEx72_NaAc_0.025M_JNL_10off_20on_20off,385,38.406,41440700,-16.45537425102192
csuEx72_NaAc_0.025M_JNL_10off_20on_20off,386,38.506,41317600,-16.703544369521346
csuEx72_NaAc_0.025M_JNL_10off_20on_20off,387,38.606,41607400,-16.119306348878503
csuEx72_NaAc_0.025M_JNL_10off_20on_20off,388,38.706,41206900,-16.92671603579175
csuEx72_NaAc_0.025M_JNL_10off_20on_20off,389,38.806,41164900,-17.01138821269651
csuEx72_NaAc_0.025M_JNL_10off_20on_20off,390,38.906,41424000,-16.489041521362623
csuEx72_NaAc_0.025M_JNL_10off_20on_20off,391,39.006,41486500,-16.36304125811149
csuEx72_NaAc_0.025M_JNL_10off_20on_20off,392,39.106,41317400,-16.70394757036375
csuEx72_NaAc_0.025M_JNL_10off_20on_20off,393,39.206,41353099.99999999,-16.63197621999472
csuEx72_NaAc_0.025M_JNL_10off_20on_20off,394,39.306,41271900,-16.795675762010575
csuEx72_NaAc_0.025M_JNL_10off_20on_20off,395,39.406,41423100,-16.49085592515344
csuEx72_NaAc_0.025M_JNL_10off_20on_20off,396,39.506,41233400,-16.87329192417327
csuEx72_NaAc_0.025M_JNL_10off_20on_20off,397,39.606,41308299.99999999,-16.72229320869313
csuEx72_NaAc_0.025M_JNL_10off_20on_20off,398,39.706,41313300,-16.712213187633026
csuEx72_NaAc_0.025M_JNL_10off_20on_20off,399,39.806,41448000,-16.44065742027419
csuEx72_NaAc_0.025M_JNL_10off_20on_20off,400,39.906,41624700,-16.08442947601059
csuEx72_NaAc_0.025M_JNL_10off_20on_20off,401,40.006,41582900,-16.16869845207295
csuEx72_NaAc_0.025M_JNL_10off_20on_20off,402,40.106,41143400,-17.054732303254898
csuEx72_NaAc_0.025M_JNL_10off_20on_20off,403,40.206,41259400,-16.820875814660802
csuEx72_NaAc_0.025M_JNL_10off_20on_20off,404,40.306,41409100,-16.519079984121692
csuEx72_NaAc_0.025M_JNL_10off_20on_20off,405,40.406,40975600,-17.393017810031537
csuEx72_NaAc_0.025M_JNL_10off_20on_20off,406,40.506,41177400.00000001,-16.98618816004627
csuEx72_NaAc_0.025M_JNL_10off_20on_20off,407,40.606,41245400,-16.849099873629054
csuEx72_NaAc_0.025M_JNL_10off_20on_20off,408,40.706,41171700,-16.997679384054788
csuEx72_NaAc_0.025M_JNL_10off_20on_20off,409,40.806,41368800,-16.60032495386602
csuEx72_NaAc_0.025M_JNL_10off_20on_20off,410,40.906,41237300,-16.8654295077464
csuEx72_NaAc_0.025M_JNL_10off_20on_20off,411,41.006,41331700,-16.67511871013189
csuEx72_NaAc_0.025M_JNL_10off_20on_20off,412,41.106,41059700,-17.223471855800813
csuEx72_NaAc_0.025M_JNL_10off_20on_20off,413,41.206,40972400,-17.39946902350999
csuEx72_NaAc_0.025M_JNL_10off_20on_20off,414,41.306,41188200,-16.96441531455649
csuEx72_NaAc_0.025M_JNL_10off_20on_20off,415,41.406,41286300,-16.766645301357514
csuEx72_NaAc_0.025M_JNL_10off_20on_20off,416,41.506,41075400,-17.19182058967213
csuEx72_NaAc_0.025M_JNL_10off_20on_20off,417,41.606,41220700,-16.898895177665903
csuEx72_NaAc_0.025M_JNL_10off_20on_20off,418,41.706,40978500,-17.38717139781668
csuEx72_NaAc_0.025M_JNL_10off_20on_20off,419,41.806,41063800,-17.21520623853154
csuEx72_NaAc_0.025M_JNL_10off_20on_20off,420,41.906,40955400,-17.4337410951143
csuEx72_NaAc_0.025M_JNL_10off_20on_20off,421,42.006,40612400,-18.125230539836505
csuEx72_NaAc_0.025M_JNL_10off_20on_20off,422,42.106,40826200,-17.694208839307038
csuEx72_NaAc_0.025M_JNL_10off_20on_20off,423,42.206,40771300,-17.80488747054683
csuEx72_NaAc_0.025M_JNL_10off_20on_20off,424,42.306,40531300,-18.28872848143117
csuEx72_NaAc_0.025M_JNL_10off_20on_20off,425,42.406,40329200,-18.69616293268003
csuEx72_NaAc_0.025M_JNL_10off_20on_20off,426,42.506,40824600,-17.697434446046266
csuEx72_NaAc_0.025M_JNL_10off_20on_20off,427,42.606,40699700,-17.949233372127328
csuEx72_NaAc_0.025M_JNL_10off_20on_20off,428,42.706,40697800,-17.95306378013016
csuEx72_NaAc_0.025M_JNL_10off_20on_20off,429,42.806,40657200,-18.034913551138093
csuEx72_NaAc_0.025M_JNL_10off_20on_20off,430,42.906,40704000,-17.940564554015648
csuEx72_NaAc_0.025M_JNL_10off_20on_20off,431,43.006,40765800,-17.81597549371293
csuEx72_NaAc_0.025M_JNL_10off_20on_20off,432,43.106,40667700,-18.013745506911903
csuEx72_NaAc_0.025M_JNL_10off_20on_20off,433,43.206,40435200,-18.48246648620611
csuEx72_NaAc_0.025M_JNL_10off_20on_20off,434,43.306,40755200,-17.837345138360323
csuEx72_NaAc_0.025M_JNL_10off_20on_20off,435,43.406,40682300,-17.98431184541644
csuEx72_NaAc_0.025M_JNL_10off_20on_20off,436,43.506,40735400.00000001,-17.877262021758263
csuEx72_NaAc_0.025M_JNL_10off_20on_20off,437,43.606,40757400,-17.832909929093884
csuEx72_NaAc_0.025M_JNL_10off_20on_20off,438,43.706,40652700,-18.043985570092175
csuEx72_NaAc_0.025M_JNL_10off_20on_20off,439,43.806,40607200,-18.135713761739
csuEx72_NaAc_0.025M_JNL_10off_20on_20off,440,43.906,40429600,-18.49375610979341
csuEx72_NaAc_0.025M_JNL_10off_20on_20off,441,44.006,40271900,-18.811679974028664
csuEx72_NaAc_0.025M_JNL_10off_20on_20off,442,44.106,40236200,-18.88365132439771
csuEx72_NaAc_0.025M_JNL_10off_20on_20off,443,44.206,40306499.99999999,-18.741926228292854
csuEx72_NaAc_0.025M_JNL_10off_20on_20off,444,44.306,40408400,-18.536495399088196
csuEx72_NaAc_0.025M_JNL_10off_20on_20off,445,44.406,40668200,-18.012737504805894
csuEx72_NaAc_0.025M_JNL_10off_20on_20off,446,44.506,40233900,-18.88828813408535
csuEx72_NaAc_0.025M_JNL_10off_20on_20off,447,44.606,40252600,-18.850588855320613
csuEx72_NaAc_0.025M_JNL_10off_20on_20off,448,44.706,40611200,-18.127649744890928
csuEx72_NaAc_0.025M_JNL_10off_20on_20off,449,44.806,40323900,-18.706847755003725
csuEx72_NaAc_0.025M_JNL_10off_20on_20off,450,44.906,40951000.00000001,-17.44261151364716
csuEx72_NaAc_0.025M_JNL_10off_20on_20off,451,45.006,40542999.99999999,-18.265141232150576
csuEx72_NaAc_0.025M_JNL_10off_20on_20off,452,45.106,40423500,-18.50605373548672
csuEx72_NaAc_0.025M_JNL_10off_20on_20off,453,45.206,40482500,-18.387109486977653
csuEx72_NaAc_0.025M_JNL_10off_20on_20off,454,45.306,40421900,-18.509279342225952
csuEx72_NaAc_0.025M_JNL_10off_20on_20off,455,45.406,40322800,-18.709065359636945
csuEx72_NaAc_0.025M_JNL_10off_20on_20off,456,45.506,40273899.99999999,-18.807647965604644
csuEx72_NaAc_0.025M_JNL_10off_20on_20off,457,45.606,40231899.99999999,-18.8923201425094
csuEx72_NaAc_0.025M_JNL_10off_20on_20off,458,45.706,40284700.00000001,-18.785875120114817
csuEx72_NaAc_0.025M_JNL_10off_20on_20off,459,45.806,40277100,-18.80119675212617
csuEx72_NaAc_0.025M_JNL_10off_20on_20off,460,45.906,40070499.99999999,-19.217703222329124
csuEx72_NaAc_0.025M_JNL_10off_20on_20off,461,46.006,40139400,-19.07880053212106
csuEx72_NaAc_0.025M_JNL_10off_20on_20off,462,46.106,40282000,-18.791318331487282
csuEx72_NaAc_0.025M_JNL_10off_20on_20off,463,46.206,39981500,-19.39712759719872
csuEx72_NaAc_0.025M_JNL_10off_20on_20off,464,46.306,39861300,-19.639451303483295
csuEx72_NaAc_0.025M_JNL_10off_20on_20off,465,46.406,40169300,-19.01852200618172
csuEx72_NaAc_0.025M_JNL_10off_20on_20off,466,46.506,39655600,-20.054143369895414
csuEx72_NaAc_0.025M_JNL_10off_20on_20off,467,46.606,40003000,-19.35378350664033
csuEx72_NaAc_0.025M_JNL_10off_20on_20off,468,46.716,39957300,-19.44591489912956
csuEx72_NaAc_0.025M_JNL_10off_20on_20off,469,46.806,39736200,-19.891653430406755
csuEx72_NaAc_0.025M_JNL_10off_20on_20off,470,46.916,40033300,-19.292698579016182
csuEx72_NaAc_0.025M_JNL_10off_20on_20off,471,47.006,39848500,-19.665256157397124
csuEx72_NaAc_0.025M_JNL_10off_20on_20off,472,47.109,39654800,-20.05575617326503
csuEx72_NaAc_0.025M_JNL_10off_20on_20off,473,47.209,39999400,-19.361041121803595
csuEx72_NaAc_0.025M_JNL_10off_20on_20off,474,47.309,39833400,-19.695697820998596
csuEx72_NaAc_0.025M_JNL_10off_20on_20off,475,47.409,39874500,-19.612840047884653
csuEx72_NaAc_0.025M_JNL_10off_20on_20off,476,47.509,40042900,-19.27334493858081
csuEx72_NaAc_0.025M_JNL_10off_20on_20off,477,47.609,39876400,-19.60900963988182
csuEx72_NaAc_0.025M_JNL_10off_20on_20off,478,47.709,39980900,-19.39833719972593
csuEx72_NaAc_0.025M_JNL_10off_20on_20off,479,47.809,39856500,-19.64912812370098
csuEx72_NaAc_0.025M_JNL_10off_20on_20off,480,47.909,39635400,-20.09486665497818
csuEx72_NaAc_0.025M_JNL_10off_20on_20off,481,48.009,39912100,-19.537038289512772
csuEx72_NaAc_0.025M_JNL_10off_20on_20off,482,48.109,39446300,-20.4760930514708
csuEx72_NaAc_0.025M_JNL_10off_20on_20off,483,48.209,39779000,-19.80536845013238
csuEx72_NaAc_0.025M_JNL_10off_20on_20off,484,48.309,39729800,-19.904555857363672
csuEx72_NaAc_0.025M_JNL_10off_20on_20off,485,48.409,39840300,-19.681787391935675
csuEx72_NaAc_0.025M_JNL_10off_20on_20off,486,48.509,39520400,-20.32670713936026
csuEx72_NaAc_0.025M_JNL_10off_20on_20off,487,48.609,39313300,-20.744221611669207
csuEx72_NaAc_0.025M_JNL_10off_20on_20off,488,48.709,39670400,-20.024306507557547
csuEx72_NaAc_0.025M_JNL_10off_20on_20off,489,48.809,39526800,-20.313804712403343
csuEx72_NaAc_0.025M_JNL_10off_20on_20off,490,48.909,39247200,-20.8774794900836
csuEx72_NaAc_0.025M_JNL_10off_20on_20off,491,49.009,39633600,-20.09849546255981
csuEx72_NaAc_0.025M_JNL_10off_20on_20off,492,49.109,39597900,-20.170466812928858
csuEx72_NaAc_0.025M_JNL_10off_20on_20off,493,49.209,39518200,-20.3311423486267
csuEx72_NaAc_0.025M_JNL_10off_20on_20off,494,49.309,39168900,-21.03533261988462
csuEx72_NaAc_0.025M_JNL_10off_20on_20off,495,49.409,39440600,-20.487584275479303
csuEx72_NaAc_0.025M_JNL_10off_20on_20off,496,49.509,39466100,-20.43617616807284
csuEx72_NaAc_0.025M_JNL_10off_20on_20off,497,49.609,39248200,-20.875463485871585
csuEx72_NaAc_0.025M_JNL_10off_20on_20off,498,49.709,39168800,-21.03553422030582
csuEx72_NaAc_0.025M_JNL_10off_20on_20off,499,49.809,39357000,-20.656122227604016
csuEx72_NaAc_0.025M_JNL_10off_20on_20off,500,49.909,39357400,-20.655315825919207
csuEx72_NaAc_0.025M_JNL_10off_20on_20off,501,50.009,39206400,-20.95973246193394
csuEx72_NaAc_0.025M_JNL_10off_20on_20off,502,50.109,39276200,-20.81901536793508
csuEx72_NaAc_0.025M_JNL_10off_20on_20off,503,50.209,39080800,-21.21294259096341
csuEx72_NaAc_0.025M_JNL_10off_20on_20off,504,50.309,39223400,-20.925460390329633
csuEx72_NaAc_0.025M_JNL_10off_20on_20off,505,50.409,38910100,-21.5570745099549
csuEx72_NaAc_0.025M_JNL_10off_20on_20off,506,50.509,38891200,-21.59517698956204
csuEx72_NaAc_0.025M_JNL_10off_20on_20off,507,50.609,39015400,-21.344789266429395
csuEx72_NaAc_0.025M_JNL_10off_20on_20off,508,50.709,39140200,-21.093191940769536
csuEx72_NaAc_0.025M_JNL_10off_20on_20off,509,50.809,38691500,-21.997773030702056
csuEx72_NaAc_0.025M_JNL_10off_20on_20off,510,50.909,38834200,-21.71008922964707
csuEx72_NaAc_0.025M_JNL_10off_20on_20off,511,51.009,39049000,-21.277051524905588
csuEx72_NaAc_0.025M_JNL_10off_20on_20off,512,51.109,38815900,-21.746982106727003
csuEx72_NaAc_0.025M_JNL_10off_20on_20off,513,51.209,38544700,-22.29372244902631
csuEx72_NaAc_0.025M_JNL_10off_20on_20off,514,51.309,38599400,-22.18344701862892
csuEx72_NaAc_0.025M_JNL_10off_20on_20off,515,51.409,38509200,-22.365290598552953
csuEx72_NaAc_0.025M_JNL_10off_20on_20off,516,51.509,38778000,-21.82338866636249
csuEx72_NaAc_0.025M_JNL_10off_20on_20off,517,51.609,38551300,-22.280416821226993
csuEx72_NaAc_0.025M_JNL_10off_20on_20off,518,51.709,38738300,-21.903424033579608
csuEx72_NaAc_0.025M_JNL_10off_20on_20off,519,51.809,38759200,-21.86128954554843
csuEx72_NaAc_0.025M_JNL_10off_20on_20off,520,51.909,38809800,-21.759279732420314
csuEx72_NaAc_0.025M_JNL_10off_20on_20off,521,52.009,38699300,-21.982048197848314
csuEx72_NaAc_0.025M_JNL_10off_20on_20off,522,52.109,38398900,-22.587655863138547
csuEx72_NaAc_0.025M_JNL_10off_20on_20off,523,52.209,38498600,-22.386660243200343
csuEx72_NaAc_0.025M_JNL_10off_20on_20off,524,52.309,38499900,-22.38403943772472
csuEx72_NaAc_0.025M_JNL_10off_20on_20off,525,52.409,38436700,-22.511450903924267
csuEx72_NaAc_0.025M_JNL_10off_20on_20off,526,52.509,38185800,-23.017266360719603
csuEx72_NaAc_0.025M_JNL_10off_20on_20off,527,52.609,38003300,-23.385187129412905
csuEx72_NaAc_0.025M_JNL_10off_20on_20off,528,52.709,38184600,-23.019685565774026
csuEx72_NaAc_0.025M_JNL_10off_20on_20off,529,52.809,38213100,-22.96222944573151
csuEx72_NaAc_0.025M_JNL_10off_20on_20off,530,52.909,38218900,-22.950536621301804
csuEx72_NaAc_0.025M_JNL_10off_20on_20off,531,53.009,38220800,-22.94670621329897
csuEx72_NaAc_0.025M_JNL_10off_20on_20off,532,53.109,38303000,-22.780990667071084
csuEx72_NaAc_0.025M_JNL_10off_20on_20off,533,53.209,38037700,-23.315836584519484
csuEx72_NaAc_0.025M_JNL_10off_20on_20off,534,53.309,37965400,-23.461593689048392
csuEx72_NaAc_0.025M_JNL_10off_20on_20off,535,53.409,38120000,-23.149919437870395
csuEx72_NaAc_0.025M_JNL_10off_20on_20off,536,53.509,38095300,-23.19971474190724
csuEx72_NaAc_0.025M_JNL_10off_20on_20off,537,53.609,38140700,-23.10818815068162
csuEx72_NaAc_0.025M_JNL_10off_20on_20off,538,53.709,37829600,-23.735367061040446
csuEx72_NaAc_0.025M_JNL_10off_20on_20off,539,53.809,37906200,-23.58094113839986
csuEx72_NaAc_0.025M_JNL_10off_20on_20off,540,53.909,37782900,-23.82951445774169
csuEx72_NaAc_0.025M_JNL_10off_20on_20off,541,54.009,38091000,-23.20838356001892
csuEx72_NaAc_0.025M_JNL_10off_20on_20off,542,54.109,37812800,-23.769235931802353
csuEx72_NaAc_0.025M_JNL_10off_20on_20off,543,54.209,37794200,-23.806733610145887
csuEx72_NaAc_0.025M_JNL_10off_20on_20off,544,54.309,38051300,-23.288418927236037
csuEx72_NaAc_0.025M_JNL_10off_20on_20off,545,54.409,37949400,-23.493849756440678
csuEx72_NaAc_0.025M_JNL_10off_20on_20off,546,54.509,37987000,-23.4180479980688
csuEx72_NaAc_0.025M_JNL_10off_20on_20off,547,54.609,37776100,-23.843223286383413
csuEx72_NaAc_0.025M_JNL_10off_20on_20off,548,54.709,37531200,-24.336942717906645
csuEx72_NaAc_0.025M_JNL_10off_20on_20off,549,54.809,37740500,-23.914993036331257
csuEx72_NaAc_0.025M_JNL_10off_20on_20off,550,54.909,37864000,-23.666016516147025
csuEx72_NaAc_0.025M_JNL_10off_20on_20off,551,55.009,37847900,-23.698474183960517
csuEx72_NaAc_0.025M_JNL_10off_20on_20off,552,55.109,37689600,-24.01760765072298
csuEx72_NaAc_0.025M_JNL_10off_20on_20off,553,55.209,37643600,-24.110343844475814
csuEx72_NaAc_0.025M_JNL_10off_20on_20off,554,55.309,37472800,-24.454677363888504
csuEx72_NaAc_0.025M_JNL_10off_20on_20off,555,55.409,37516000,-24.36758598192932
csuEx72_NaAc_0.025M_JNL_10off_20on_20off,556,55.509,37653400,-24.090587003198035
csuEx72_NaAc_0.025M_JNL_10off_20on_20off,557,55.609,37841700,-23.710973410075027
csuEx72_NaAc_0.025M_JNL_10off_20on_20off,558,55.709,37776600,-23.842215284277408
csuEx72_NaAc_0.025M_JNL_10off_20on_20off,559,55.809,37516200,-24.367182781086917
csuEx72_NaAc_0.025M_JNL_10off_20on_20off,560,55.909,37818300,-23.75814790863625
csuEx72_NaAc_0.025M_JNL_10off_20on_20off,561,56.009,37098200,-25.209872541710475
csuEx72_NaAc_0.025M_JNL_10off_20on_20off,562,56.109,37352400,-24.69740427101548
csuEx72_NaAc_0.025M_JNL_10off_20on_20off,563,56.209,37528000,-24.3433939313851
csuEx72_NaAc_0.025M_JNL_10off_20on_20off,564,56.309,37284100,-24.835097358696316
csuEx72_NaAc_0.025M_JNL_10off_20on_20off,565,56.409,37279900,-24.843564576386793
csuEx72_NaAc_0.025M_JNL_10off_20on_20off,566,56.509,37306900,-24.7891324626623
csuEx72_NaAc_0.025M_JNL_10off_20on_20off,567,56.609,37088500,-25.229427782567054
csuEx72_NaAc_0.025M_JNL_10off_20on_20off,568,56.709,37230100,-24.943961586145292
csuEx72_NaAc_0.025M_JNL_10off_20on_20off,569,56.809,36997800,-25.412279364597097
csuEx72_NaAc_0.025M_JNL_10off_20on_20off,570,56.909,36946000,-25.51670838277963
csuEx72_NaAc_0.025M_JNL_10off_20on_20off,571,57.009,36885700,-25.638273436764326
csuEx72_NaAc_0.025M_JNL_10off_20on_20off,572,57.116,36686700,-26.039458274955923
csuEx72_NaAc_0.025M_JNL_10off_20on_20off,573,57.216,36650700,-26.112034426588576
csuEx72_NaAc_0.025M_JNL_10off_20on_20off,574,57.316,36486400,-26.443263918623146
csuEx72_NaAc_0.025M_JNL_10off_20on_20off,575,57.416,36395400,-26.62672030191679
csuEx72_NaAc_0.025M_JNL_10off_20on_20off,576,57.516,36392700,-26.632163513289242
csuEx72_NaAc_0.025M_JNL_10off_20on_20off,577,57.616,36365000,-26.68800682996214
csuEx72_NaAc_0.025M_JNL_10off_20on_20off,578,57.716,36263700,-26.89222805663957
csuEx72_NaAc_0.025M_JNL_10off_20on_20off,579,57.816,36499800,-26.4162494621821
csuEx72_NaAc_0.025M_JNL_10off_20on_20off,580,57.916,36411300,-26.5946658349457
csuEx72_NaAc_0.025M_JNL_10off_20on_20off,581,58.016,36063100,-27.296638501570403
csuEx72_NaAc_0.025M_JNL_10off_20on_20off,582,58.116,35977300,-27.469611662961558
csuEx72_NaAc_0.025M_JNL_10off_20on_20off,583,58.216,35830300,-27.765964282128213
csuEx72_NaAc_0.025M_JNL_10off_20on_20off,584,58.316,36100500,-27.221239944040924
csuEx72_NaAc_0.025M_JNL_10off_20on_20off,585,58.416,35841000,-27.744393037059623
csuEx72_NaAc_0.025M_JNL_10off_20on_20off,586,58.516,35734500,-27.95909748563955
csuEx72_NaAc_0.025M_JNL_10off_20on_20off,587,58.616,35864300,-27.697420138919597
csuEx72_NaAc_0.025M_JNL_10off_20on_20off,588,58.716,35970800,-27.48271569033967
csuEx72_NaAc_0.025M_JNL_10off_20on_20off,589,58.816,35354900,-28.724372684521615
csuEx72_NaAc_0.025M_JNL_10off_20on_20off,590,58.916,35298100,-28.838881723764242
csuEx72_NaAc_0.025M_JNL_10off_20on_20off,591,59.016,35224400,-28.987461234189976
csuEx72_NaAc_0.025M_JNL_10off_20on_20off,592,59.116,34971600,-29.497107098988153
csuEx72_NaAc_0.025M_JNL_10off_20on_20off,593,59.216,35488900,-28.454228120111193
csuEx72_NaAc_0.025M_JNL_10off_20on_20off,594,59.316,35395100,-28.64332931519849
csuEx72_NaAc_0.025M_JNL_10off_20on_20off,595,59.416,35105100,-29.227970536683735
csuEx72_NaAc_0.025M_JNL_10off_20on_20off,596,59.516,35045000,-29.34913238982602
csuEx72_NaAc_0.025M_JNL_10off_20on_20off,597,59.616,34769900,-29.903735148552197
csuEx72_NaAc_0.025M_JNL_10off_20on_20off,598,59.716,34932600,-29.575731263256856
csuEx72_NaAc_0.025M_JNL_10off_20on_20off,599,59.816,34741800,-29.960384866909905
csuEx72_NaAc_0.025M_JNL_10off_20on_20off,600,59.916,34959300,-29.521903950795974
