stim_jnl,frame,time_s,fluor,dff
csuEx72_NaAc_2.5M_JNL_10off_20on_20off,2,0.1,34588900,0.165925612601526
csuEx72_NaAc_2.5M_JNL_10off_20on_20off,3,0.2,33989400,-1.5701652259262855
csuEx72_NaAc_2.5M_JNL_10off_20on_20off,4,0.3,33351700.000000004,-3.416879367259361
csuEx72_NaAc_2.5M_JNL_10off_20on_20off,5,0.4,32878300,-4.787797470610608
csuEx72_NaAc_2.5M_JNL_10off_20on_20off,6,0.5,33005600,-4.4191496578589975
csuEx72_NaAc_2.5M_JNL_10off_20on_20off,7,0.6,32741300,-5.184535493760416
csuEx72_NaAc_2.5M_JNL_10off_20on_20off,8,0.7,32550600,-5.736783238393032
csuEx72_NaAc_2.5M_JNL_10off_20on_20off,9,0.8,32489700,-5.91314342532605
csuEx72_NaAc_2.5M_JNL_10off_20on_20off,10,0.9,32615800,-5.547970690149475
csuEx72_NaAc_2.5M_JNL_10off_20on_20off,11,1,32979100,-4.495890954307683
csuEx72_NaAc_2.5M_JNL_10off_20on_20off,12,1.1,32929900,-4.638369134884111
csuEx72_NaAc_2.5M_JNL_10off_20on_20off,13,1.2,33093600,-4.164310635689778
csuEx72_NaAc_2.5M_JNL_10off_20on_20off,14,1.3,32892100.000000004,-4.7478340784976965
csuEx72_NaAc_2.5M_JNL_10off_20on_20off,15,1.4,33080000,-4.203694848206839
csuEx72_NaAc_2.5M_JNL_10off_20on_20off,16,1.5,32871100.000000004,-4.808647936060806
csuEx72_NaAc_2.5M_JNL_10off_20on_20off,17,1.6,33024700,-4.363838006456359
csuEx72_NaAc_2.5M_JNL_10off_20on_20off,18,1.7,33521899.999999996,-2.9239975312002775
csuEx72_NaAc_2.5M_JNL_10off_20on_20off,19,1.8,33436200,-3.1721759880173366
csuEx72_NaAc_2.5M_JNL_10off_20on_20off,20,1.9,33503599.999999996,-2.9769924642195584
csuEx72_NaAc_2.5M_JNL_10off_20on_20off,21,2,33791100,-2.144421795200789
csuEx72_NaAc_2.5M_JNL_10off_20on_20off,22,2.1,33621400,-2.635855682270296
csuEx72_NaAc_2.5M_JNL_10off_20on_20off,23,2.2,33938300,-1.7181456126631849
csuEx72_NaAc_2.5M_JNL_10off_20on_20off,24,2.3,33930900,-1.739575257709233
csuEx72_NaAc_2.5M_JNL_10off_20on_20off,25,2.4,34004100,-1.5275955256321088
csuEx72_NaAc_2.5M_JNL_10off_20on_20off,26,2.5,34216900,-0.9113484356592677
csuEx72_NaAc_2.5M_JNL_10off_20on_20off,27,2.6,34277400,-0.736146607917929
csuEx72_NaAc_2.5M_JNL_10off_20on_20off,28,2.7,34536300,0.013601378895833117
csuEx72_NaAc_2.5M_JNL_10off_20on_20off,29,2.8,35067100,1.550744026252901
csuEx72_NaAc_2.5M_JNL_10off_20on_20off,30,2.9,35290200,2.196818865411458
csuEx72_NaAc_2.5M_JNL_10off_20on_20off,31,3,35499700,2.803509492052953
csuEx72_NaAc_2.5M_JNL_10off_20on_20off,32,3.1,35242900,2.059842890995502
csuEx72_NaAc_2.5M_JNL_10off_20on_20off,33,3.2,35530800,2.8935719192059386
csuEx72_NaAc_2.5M_JNL_10off_20on_20off,34,3.3,35573000,3.0157788139279966
csuEx72_NaAc_2.5M_JNL_10off_20on_20off,35,3.4,35971600,4.170083748435395
csuEx72_NaAc_2.5M_JNL_10off_20on_20off,36,3.51,35831000,3.762920492560483
csuEx72_NaAc_2.5M_JNL_10off_20on_20off,37,3.61,36231300,4.922148453632514
csuEx72_NaAc_2.5M_JNL_10off_20on_20off,38,3.7,36306500,5.139919981668029
csuEx72_NaAc_2.5M_JNL_10off_20on_20off,39,3.8,36719900,6.337084206267525
csuEx72_NaAc_2.5M_JNL_10off_20on_20off,40,3.9,36747900,6.418169349685003
csuEx72_NaAc_2.5M_JNL_10off_20on_20off,41,4.007,36819200,6.624646875601655
csuEx72_NaAc_2.5M_JNL_10off_20on_20off,42,4.107,37360000,8.190748502750681
csuEx72_NaAc_2.5M_JNL_10off_20on_20off,43,4.207,37338600,8.128776285995892
csuEx72_NaAc_2.5M_JNL_10off_20on_20off,44,4.307,37423600,8.374927614227525
csuEx72_NaAc_2.5M_JNL_10off_20on_20off,45,4.407,37825200,9.537920242672513
csuEx72_NaAc_2.5M_JNL_10off_20on_20off,46,4.507,37847200,9.601629998214817
csuEx72_NaAc_2.5M_JNL_10off_20on_20off,47,4.607,38116400,10.381205734214294
csuEx72_NaAc_2.5M_JNL_10off_20on_20off,48,4.707,38320300,10.971679332172293
csuEx72_NaAc_2.5M_JNL_10off_20on_20off,49,4.807,38225000,10.695700254754946
csuEx72_NaAc_2.5M_JNL_10off_20on_20off,50,4.907,38549000,11.633971200014347
csuEx72_NaAc_2.5M_JNL_10off_20on_20off,51,5.007,38684000,12.024917427205764
csuEx72_NaAc_2.5M_JNL_10off_20on_20off,52,5.107,39009900,12.968690578625635
csuEx72_NaAc_2.5M_JNL_10off_20on_20off,53,5.207,39063500,13.123910710310524
csuEx72_NaAc_2.5M_JNL_10off_20on_20off,54,5.307,39131200,13.319963003502073
csuEx72_NaAc_2.5M_JNL_10off_20on_20off,55,5.407,39384500,14.053493961632338
csuEx72_NaAc_2.5M_JNL_10off_20on_20off,56,5.507,39324400,13.879450493082679
csuEx72_NaAc_2.5M_JNL_10off_20on_20off,57,5.607,39173700,13.443038667617888
csuEx72_NaAc_2.5M_JNL_10off_20on_20off,58,5.707,39487700,14.352350633085335
csuEx72_NaAc_2.5M_JNL_10off_20on_20off,59,5.807,39690900,14.940797102457894
csuEx72_NaAc_2.5M_JNL_10off_20on_20off,60,5.907,39904100,15.558202551622417
csuEx72_NaAc_2.5M_JNL_10off_20on_20off,61,6.007,39640700,14.795423023902273
csuEx72_NaAc_2.5M_JNL_10off_20on_20off,62,6.107,39520300,14.446756907207112
csuEx72_NaAc_2.5M_JNL_10off_20on_20off,63,6.207,39816300,15.303942709049034
csuEx72_NaAc_2.5M_JNL_10off_20on_20off,64,6.307,39998300,15.830996141262649
csuEx72_NaAc_2.5M_JNL_10off_20on_20off,65,6.407,40272600,16.625340956956023
csuEx72_NaAc_2.5M_JNL_10off_20on_20off,66,6.507,40278700,16.64300593462912
csuEx72_NaAc_2.5M_JNL_10off_20on_20off,67,6.607,40264900,16.603042542516217
csuEx72_NaAc_2.5M_JNL_10off_20on_20off,68,6.707,40220300,16.47388549264409
csuEx72_NaAc_2.5M_JNL_10off_20on_20off,69,6.807,40478500.00000001,17.221606350872438
csuEx72_NaAc_2.5M_JNL_10off_20on_20off,70,6.907,40361100,16.881627928114842
csuEx72_NaAc_2.5M_JNL_10off_20on_20off,71,7.008,40176500,16.347045161155318
csuEx72_NaAc_2.5M_JNL_10off_20on_20off,72,7.107,39884500,15.50144295123018
csuEx72_NaAc_2.5M_JNL_10off_20on_20off,73,7.207,40435100.00000001,17.095924378575344
csuEx72_NaAc_2.5M_JNL_10off_20on_20off,74,7.307,40551199.99999999,17.43213813395992
csuEx72_NaAc_2.5M_JNL_10off_20on_20off,75,7.407,40624600,17.644697045632903
csuEx72_NaAc_2.5M_JNL_10off_20on_20off,76,7.507,40648300,17.71332982773984
csuEx72_NaAc_2.5M_JNL_10off_20on_20off,77,7.607,40619500.00000001,17.629927965939025
csuEx72_NaAc_2.5M_JNL_10off_20on_20off,78,7.707,40234600,16.515296833746586
csuEx72_NaAc_2.5M_JNL_10off_20on_20off,79,7.807,40041700,15.956678113559741
csuEx72_NaAc_2.5M_JNL_10off_20on_20off,80,7.907,40019000,15.890941229431998
csuEx72_NaAc_2.5M_JNL_10off_20on_20off,81,8.007,40023300,15.90339359074254
csuEx72_NaAc_2.5M_JNL_10off_20on_20off,82,8.107,40035200,15.937854776694968
csuEx72_NaAc_2.5M_JNL_10off_20on_20off,83,8.208,39985800,15.794797416522702
csuEx72_NaAc_2.5M_JNL_10off_20on_20off,84,8.307,40137100,16.23294678077501
csuEx72_NaAc_2.5M_JNL_10off_20on_20off,85,8.407,40476300,17.215235375318183
csuEx72_NaAc_2.5M_JNL_10off_20on_20off,86,8.507,40492400,17.261859332783235
csuEx72_NaAc_2.5M_JNL_10off_20on_20off,87,8.607,40617100,17.622977810788935
csuEx72_NaAc_2.5M_JNL_10off_20on_20off,88,8.708,41148999.99999999,19.1633059459231
csuEx72_NaAc_2.5M_JNL_10off_20on_20off,89,8.808,41418100.00000001,19.9425920921247
csuEx72_NaAc_2.5M_JNL_10off_20on_20off,90,8.907,41644000,20.59677544562498
csuEx72_NaAc_2.5M_JNL_10off_20on_20off,91,9.007,41681100.00000001,20.704213260653166
csuEx72_NaAc_2.5M_JNL_10off_20on_20off,92,9.108,41613300.00000001,20.507871377663697
csuEx72_NaAc_2.5M_JNL_10off_20on_20off,93,9.208,41706100,20.776610710133035
csuEx72_NaAc_2.5M_JNL_10off_20on_20off,94,9.308,41333000,19.696151174095125
csuEx72_NaAc_2.5M_JNL_10off_20on_20off,95,9.408,41280500,19.544116530187353
csuEx72_NaAc_2.5M_JNL_10off_20on_20off,96,9.508,41125299.99999999,19.09467316381616
csuEx72_NaAc_2.5M_JNL_10off_20on_20off,97,9.608,41434900,19.991243178175168
csuEx72_NaAc_2.5M_JNL_10off_20on_20off,98,9.707,41610600,20.500052453119846
csuEx72_NaAc_2.5M_JNL_10off_20on_20off,99,9.807,41163999.99999999,19.206744415611034
csuEx72_NaAc_2.5M_JNL_10off_20on_20off,100,9.908,40507400,17.30529780247117
csuEx72_NaAc_2.5M_JNL_10off_20on_20off,101,10.008,40755200,18.02290132171586
csuEx72_NaAc_2.5M_JNL_10off_20on_20off,102,10.108,40316700,16.753050057838553
csuEx72_NaAc_2.5M_JNL_10off_20on_20off,103,10.208,40246700.00000001,16.550337199294876
csuEx72_NaAc_2.5M_JNL_10off_20on_20off,104,10.307,40346600,16.839637407416504
csuEx72_NaAc_2.5M_JNL_10off_20on_20off,105,10.408,40447300.00000001,17.131254333921532
csuEx72_NaAc_2.5M_JNL_10off_20on_20off,106,10.507,39904200,15.558492141420336
csuEx72_NaAc_2.5M_JNL_10off_20on_20off,107,10.607,40060300,16.010541815972783
csuEx72_NaAc_2.5M_JNL_10off_20on_20off,108,10.707,39916400,15.593822096766521
csuEx72_NaAc_2.5M_JNL_10off_20on_20off,109,10.807,39937200,15.654056774733792
csuEx72_NaAc_2.5M_JNL_10off_20on_20off,110,10.907,39310600,13.839487100969777
csuEx72_NaAc_2.5M_JNL_10off_20on_20off,111,11.007,39231400,13.610131981017478
csuEx72_NaAc_2.5M_JNL_10off_20on_20off,112,11.108,39170800,13.43464056347822
csuEx72_NaAc_2.5M_JNL_10off_20on_20off,113,11.208,39097900,13.223529600794857
csuEx72_NaAc_2.5M_JNL_10off_20on_20off,114,11.307,38896300,12.639716568189009
csuEx72_NaAc_2.5M_JNL_10off_20on_20off,115,11.407,38556100,11.654532075666637
csuEx72_NaAc_2.5M_JNL_10off_20on_20off,116,11.508,38816500,12.408623909449192
csuEx72_NaAc_2.5M_JNL_10off_20on_20off,117,11.608,38746600,12.206200640703413
csuEx72_NaAc_2.5M_JNL_10off_20on_20off,118,11.708,38557400,11.658296743039589
csuEx72_NaAc_2.5M_JNL_10off_20on_20off,119,11.807,38645700,11.914004534602569
csuEx72_NaAc_2.5M_JNL_10off_20on_20off,120,11.907,38548800,11.633392020418508
csuEx72_NaAc_2.5M_JNL_10off_20on_20off,121,12.007,38772100,12.280046039172902
csuEx72_NaAc_2.5M_JNL_10off_20on_20off,122,12.107,38601100,11.784847484730442
csuEx72_NaAc_2.5M_JNL_10off_20on_20off,123,12.207,38862600,12.542124806290111
csuEx72_NaAc_2.5M_JNL_10off_20on_20off,124,12.308,38874200,12.57571722284878
csuEx72_NaAc_2.5M_JNL_10off_20on_20off,125,12.407,38892500,12.628712155868064
csuEx72_NaAc_2.5M_JNL_10off_20on_20off,126,12.507,39225300,13.592467003344385
csuEx72_NaAc_2.5M_JNL_10off_20on_20off,127,12.607,39263800,13.70395907554342
csuEx72_NaAc_2.5M_JNL_10off_20on_20off,128,12.707,39237900,13.628955317882252
csuEx72_NaAc_2.5M_JNL_10off_20on_20off,129,12.807,39435200,14.20031598917756
csuEx72_NaAc_2.5M_JNL_10off_20on_20off,130,12.907,39634900,14.778626815622935
csuEx72_NaAc_2.5M_JNL_10off_20on_20off,131,13.007,39178500,13.456938977918028
csuEx72_NaAc_2.5M_JNL_10off_20on_20off,132,13.107,39566500,14.580547393845952
csuEx72_NaAc_2.5M_JNL_10off_20on_20off,133,13.207,39707600,14.989158598710464
csuEx72_NaAc_2.5M_JNL_10off_20on_20off,134,13.307,39572600,14.598212371519045
csuEx72_NaAc_2.5M_JNL_10off_20on_20off,135,13.407,39369500,14.010055491944403
csuEx72_NaAc_2.5M_JNL_10off_20on_20off,136,13.507,39590000,14.64860099635705
csuEx72_NaAc_2.5M_JNL_10off_20on_20off,137,13.607,39620500,14.73692588472252
csuEx72_NaAc_2.5M_JNL_10off_20on_20off,138,13.708,39540700,14.505833225982704
csuEx72_NaAc_2.5M_JNL_10off_20on_20off,139,13.807,39878300,15.483488383759166
csuEx72_NaAc_2.5M_JNL_10off_20on_20off,140,13.907,39686000,14.926607202359838
csuEx72_NaAc_2.5M_JNL_10off_20on_20off,141,14.007,39661400,14.855368112071623
csuEx72_NaAc_2.5M_JNL_10off_20on_20off,142,14.107,39634800,14.778337225825016
csuEx72_NaAc_2.5M_JNL_10off_20on_20off,143,14.207,39800700,15.258766700573581
csuEx72_NaAc_2.5M_JNL_10off_20on_20off,144,14.307,39754300,15.124397034338902
csuEx72_NaAc_2.5M_JNL_10off_20on_20off,145,14.407,39771800,15.175075248974826
csuEx72_NaAc_2.5M_JNL_10off_20on_20off,146,14.507,39959800,15.719504069063614
csuEx72_NaAc_2.5M_JNL_10off_20on_20off,147,14.607,39998100,15.83041696166681
csuEx72_NaAc_2.5M_JNL_10off_20on_20off,148,14.707,39744500,15.096017234142783
csuEx72_NaAc_2.5M_JNL_10off_20on_20off,149,14.807,40041399.99999999,15.95580934416596
csuEx72_NaAc_2.5M_JNL_10off_20on_20off,150,14.907,39840400,15.373733850347651
csuEx72_NaAc_2.5M_JNL_10off_20on_20off,151,15.007,40032200,15.929167082757381
csuEx72_NaAc_2.5M_JNL_10off_20on_20off,152,15.107,39905800,15.563125578187048
csuEx72_NaAc_2.5M_JNL_10off_20on_20off,153,15.208,39877700,15.481750844971648
csuEx72_NaAc_2.5M_JNL_10off_20on_20off,154,15.307,39896200,15.535324957586768
csuEx72_NaAc_2.5M_JNL_10off_20on_20off,155,15.408,39803700,15.267454394511168
csuEx72_NaAc_2.5M_JNL_10off_20on_20off,156,15.508,39959700,15.719214479265695
csuEx72_NaAc_2.5M_JNL_10off_20on_20off,157,15.607,40259200,16.586535924034802
csuEx72_NaAc_2.5M_JNL_10off_20on_20off,158,15.707,40174200.00000001,16.34038459580319
csuEx72_NaAc_2.5M_JNL_10off_20on_20off,159,15.807,40116900,16.174449641595256
csuEx72_NaAc_2.5M_JNL_10off_20on_20off,160,15.907,40350800,16.85180017892913
csuEx72_NaAc_2.5M_JNL_10off_20on_20off,161,16.007,40168799.99999999,16.32474674671549
csuEx72_NaAc_2.5M_JNL_10off_20on_20off,162,16.107,40271300,16.62157628958307
csuEx72_NaAc_2.5M_JNL_10off_20on_20off,163,16.207,40228100,16.496473496881816
csuEx72_NaAc_2.5M_JNL_10off_20on_20off,164,16.307,40459900,17.167742648459374
csuEx72_NaAc_2.5M_JNL_10off_20on_20off,165,16.408,40468000,17.19119942209086
csuEx72_NaAc_2.5M_JNL_10off_20on_20off,166,16.507,40462600,17.175561573003204
csuEx72_NaAc_2.5M_JNL_10off_20on_20off,167,16.608,40409499.99999999,17.02178939030789
csuEx72_NaAc_2.5M_JNL_10off_20on_20off,168,16.707,40957500,18.608741482907146
csuEx72_NaAc_2.5M_JNL_10off_20on_20off,169,16.808,40678300,17.80020676711571
csuEx72_NaAc_2.5M_JNL_10off_20on_20off,170,16.908,40433000,17.089842992819012
csuEx72_NaAc_2.5M_JNL_10off_20on_20off,171,17.008,40481299.99999999,17.22971486521414
csuEx72_NaAc_2.5M_JNL_10off_20on_20off,172,17.108,40640200,17.689873054108357
csuEx72_NaAc_2.5M_JNL_10off_20on_20off,173,17.208,40621700,17.636298941493237
csuEx72_NaAc_2.5M_JNL_10off_20on_20off,174,17.308,40605100,17.58822703503859
csuEx72_NaAc_2.5M_JNL_10off_20on_20off,175,17.408,40791600,18.128312008158584
csuEx72_NaAc_2.5M_JNL_10off_20on_20off,176,17.508,40763500,18.046937274943183
csuEx72_NaAc_2.5M_JNL_10off_20on_20off,177,17.607,40602800,17.58156646968644
csuEx72_NaAc_2.5M_JNL_10off_20on_20off,178,17.707,40852500,18.3046721950916
csuEx72_NaAc_2.5M_JNL_10off_20on_20off,179,17.807,41079200,18.96117226697526
csuEx72_NaAc_2.5M_JNL_10off_20on_20off,180,17.907,41068600,18.930475748395786
csuEx72_NaAc_2.5M_JNL_10off_20on_20off,181,18.007,40915000,18.48566581879133
csuEx72_NaAc_2.5M_JNL_10off_20on_20off,182,18.107,41043800,18.858657478511734
csuEx72_NaAc_2.5M_JNL_10off_20on_20off,183,18.208,40978700,18.670134520066096
csuEx72_NaAc_2.5M_JNL_10off_20on_20off,184,18.307,41128800,19.104808806743367
csuEx72_NaAc_2.5M_JNL_10off_20on_20off,185,18.407,40785700,18.111226210081327
csuEx72_NaAc_2.5M_JNL_10off_20on_20off,186,18.508,40910200,18.471765508491192
csuEx72_NaAc_2.5M_JNL_10off_20on_20off,187,18.608,41047800,18.870241070428516
csuEx72_NaAc_2.5M_JNL_10off_20on_20off,188,18.707,40973800,18.655944619968036
csuEx72_NaAc_2.5M_JNL_10off_20on_20off,189,18.808,40743100,17.98786095616759
csuEx72_NaAc_2.5M_JNL_10off_20on_20off,190,18.907,40987700,18.696197601878854
csuEx72_NaAc_2.5M_JNL_10off_20on_20off,191,19.007,40776400,18.084294358874807
csuEx72_NaAc_2.5M_JNL_10off_20on_20off,192,19.107,40868900,18.352164921950408
csuEx72_NaAc_2.5M_JNL_10off_20on_20off,193,19.207,41180600,19.254816322065704
csuEx72_NaAc_2.5M_JNL_10off_20on_20off,194,19.307,41047100,18.868213941843077
csuEx72_NaAc_2.5M_JNL_10off_20on_20off,195,19.407,41093600,19.002873197875676
csuEx72_NaAc_2.5M_JNL_10off_20on_20off,196,19.508,41358100,19.768838213372934
csuEx72_NaAc_2.5M_JNL_10off_20on_20off,197,19.608,41546500,20.314425392653405
csuEx72_NaAc_2.5M_JNL_10off_20on_20off,198,19.707,41308999.99999999,19.626649622594407
csuEx72_NaAc_2.5M_JNL_10off_20on_20off,199,19.807,41628299.99999999,20.55130984735159
csuEx72_NaAc_2.5M_JNL_10off_20on_20off,200,19.907,41386300,19.850502536386255
csuEx72_NaAc_2.5M_JNL_10off_20on_20off,201,20.007,41329000,19.684567582178342
csuEx72_NaAc_2.5M_JNL_10off_20on_20off,202,20.107,41690600,20.7317242914555
csuEx72_NaAc_2.5M_JNL_10off_20on_20off,203,20.207,41588200.00000001,20.435184338385884
csuEx72_NaAc_2.5M_JNL_10off_20on_20off,204,20.307,41588600,20.43634269757754
csuEx72_NaAc_2.5M_JNL_10off_20on_20off,205,20.407,41398100,19.884674132540763
csuEx72_NaAc_2.5M_JNL_10off_20on_20off,206,20.507,41510700,20.210752244998197
csuEx72_NaAc_2.5M_JNL_10off_20on_20off,207,20.607,41671900,20.67757099924454
csuEx72_NaAc_2.5M_JNL_10off_20on_20off,208,20.708,41630200.00000001,20.556812053512104
csuEx72_NaAc_2.5M_JNL_10off_20on_20off,209,20.808,41787700,21.012915985235402
csuEx72_NaAc_2.5M_JNL_10off_20on_20off,210,20.907,41580899.99999999,20.414044283137713
csuEx72_NaAc_2.5M_JNL_10off_20on_20off,211,21.007,41619000,20.52437799614509
csuEx72_NaAc_2.5M_JNL_10off_20on_20off,212,21.107,41591100,20.443582442525532
csuEx72_NaAc_2.5M_JNL_10off_20on_20off,213,21.207,41689299.99999999,20.727959624082526
csuEx72_NaAc_2.5M_JNL_10off_20on_20off,214,21.307,41732100,20.851904057592122
csuEx72_NaAc_2.5M_JNL_10off_20on_20off,215,21.407,41804700,21.062146250881728
csuEx72_NaAc_2.5M_JNL_10off_20on_20off,216,21.508,41965000,21.526358696946797
csuEx72_NaAc_2.5M_JNL_10off_20on_20off,217,21.608,41860500,21.223737358120847
csuEx72_NaAc_2.5M_JNL_10off_20on_20off,218,21.707,41919900,21.39575369808507
csuEx72_NaAc_2.5M_JNL_10off_20on_20off,219,21.807,41604800,20.48325624484051
csuEx72_NaAc_2.5M_JNL_10off_20on_20off,220,21.907,42066500,21.820292341835156
csuEx72_NaAc_2.5M_JNL_10off_20on_20off,221,22.007,41884100,21.292080550429866
csuEx72_NaAc_2.5M_JNL_10off_20on_20off,222,22.108,41913600.00000001,21.37750954081616
csuEx72_NaAc_2.5M_JNL_10off_20on_20off,223,22.208,41614200,20.510477685844954
csuEx72_NaAc_2.5M_JNL_10off_20on_20off,224,22.308,41884200,21.292370140227785
csuEx72_NaAc_2.5M_JNL_10off_20on_20off,225,22.408,42001500,21.632058973187437
csuEx72_NaAc_2.5M_JNL_10off_20on_20off,226,22.507,42032999.99999999,21.72327975953208
csuEx72_NaAc_2.5M_JNL_10off_20on_20off,227,22.607,42077000,21.850699270616715
csuEx72_NaAc_2.5M_JNL_10off_20on_20off,228,22.707,41765300,20.94804787050142
csuEx72_NaAc_2.5M_JNL_10off_20on_20off,229,22.807,42192600,22.185465077011735
csuEx72_NaAc_2.5M_JNL_10off_20on_20off,230,22.907,42079000.00000001,21.856491066575128
csuEx72_NaAc_2.5M_JNL_10off_20on_20off,231,23.008,41936200,21.44295683514596
csuEx72_NaAc_2.5M_JNL_10off_20on_20off,232,23.107,42009000,21.653778208031408
csuEx72_NaAc_2.5M_JNL_10off_20on_20off,233,23.207,42098699.99999999,21.913540256765238
csuEx72_NaAc_2.5M_JNL_10off_20on_20off,234,23.307,42136900,22.024163559570535
csuEx72_NaAc_2.5M_JNL_10off_20on_20off,235,23.408,42015600,21.672891134694098
csuEx72_NaAc_2.5M_JNL_10off_20on_20off,236,23.508,42023600,21.696058318527665
csuEx72_NaAc_2.5M_JNL_10off_20on_20off,237,23.607,42117300,21.9674039591783
csuEx72_NaAc_2.5M_JNL_10off_20on_20off,238,23.707,42137200,22.025032328964294
csuEx72_NaAc_2.5M_JNL_10off_20on_20off,239,23.807,42110400,21.947422263121847
csuEx72_NaAc_2.5M_JNL_10off_20on_20off,240,23.907,42405400,22.801712166984576
csuEx72_NaAc_2.5M_JNL_10off_20on_20off,241,24.008,42236200.00000001,22.31172622890469
csuEx72_NaAc_2.5M_JNL_10off_20on_20off,242,24.108,42090800,21.890662662729614
csuEx72_NaAc_2.5M_JNL_10off_20on_20off,243,24.208,41959500,21.510431258061217
csuEx72_NaAc_2.5M_JNL_10off_20on_20off,244,24.308,42054900,21.786699925276487
csuEx72_NaAc_2.5M_JNL_10off_20on_20off,245,24.408,42398900,22.782888830119802
csuEx72_NaAc_2.5M_JNL_10off_20on_20off,246,24.508,42073400,21.840274037891607
csuEx72_NaAc_2.5M_JNL_10off_20on_20off,247,24.608,42423300,22.853548740812176
csuEx72_NaAc_2.5M_JNL_10off_20on_20off,248,24.708,42591000,23.339190831923293
csuEx72_NaAc_2.5M_JNL_10off_20on_20off,249,24.808,42241000,22.325626539204805
csuEx72_NaAc_2.5M_JNL_10off_20on_20off,250,24.908,42623900,23.434465875438832
csuEx72_NaAc_2.5M_JNL_10off_20on_20off,251,25.008,42547400,23.21292968003036
csuEx72_NaAc_2.5M_JNL_10off_20on_20off,252,25.108,42372000,22.70498917447944
csuEx72_NaAc_2.5M_JNL_10off_20on_20off,253,25.208,42514400,23.117365046716902
csuEx72_NaAc_2.5M_JNL_10off_20on_20off,254,25.308,42472100,22.994868562196928
csuEx72_NaAc_2.5M_JNL_10off_20on_20off,255,25.408,42456300,22.949113374125634
csuEx72_NaAc_2.5M_JNL_10off_20on_20off,256,25.508,42519900,23.13329248560248
csuEx72_NaAc_2.5M_JNL_10off_20on_20off,257,25.608,42725900,23.729847469316788
csuEx72_NaAc_2.5M_JNL_10off_20on_20off,258,25.708,42555400,23.236096863863928
csuEx72_NaAc_2.5M_JNL_10off_20on_20off,259,25.808,42599000,23.36235801575686
csuEx72_NaAc_2.5M_JNL_10off_20on_20off,260,25.908,42609800,23.39363371393217
csuEx72_NaAc_2.5M_JNL_10off_20on_20off,261,26.008,42660300,23.539876561881552
csuEx72_NaAc_2.5M_JNL_10off_20on_20off,262,26.108,42792899.99999999,23.92387263392288
csuEx72_NaAc_2.5M_JNL_10off_20on_20off,263,26.208,42546500,23.210323371849086
csuEx72_NaAc_2.5M_JNL_10off_20on_20off,264,26.308,42538600.00000001,23.187445777813462
csuEx72_NaAc_2.5M_JNL_10off_20on_20off,265,26.408,42767500,23.85031682525133
csuEx72_NaAc_2.5M_JNL_10off_20on_20off,266,26.508,42609400,23.392475354740494
csuEx72_NaAc_2.5M_JNL_10off_20on_20off,267,26.608,42923099.99999999,24.300918550814156
csuEx72_NaAc_2.5M_JNL_10off_20on_20off,268,26.708,42651400,23.514103069866714
csuEx72_NaAc_2.5M_JNL_10off_20on_20off,269,26.808,42601600,23.369887350502765
csuEx72_NaAc_2.5M_JNL_10off_20on_20off,270,26.908,42826100,24.020016446832198
csuEx72_NaAc_2.5M_JNL_10off_20on_20off,271,27.008,42902699.99999999,24.241842232038564
csuEx72_NaAc_2.5M_JNL_10off_20on_20off,272,27.108,42391700,22.762038364669593
csuEx72_NaAc_2.5M_JNL_10off_20on_20off,273,27.208,42462300,22.966488762000807
csuEx72_NaAc_2.5M_JNL_10off_20on_20off,274,27.308,42601699.99999999,23.370176940300667
csuEx72_NaAc_2.5M_JNL_10off_20on_20off,275,27.408,42835700,24.047817067432476
csuEx72_NaAc_2.5M_JNL_10off_20on_20off,276,27.508,42633700,23.46284567563495
csuEx72_NaAc_2.5M_JNL_10off_20on_20off,277,27.608,42706300,23.673087868924554
csuEx72_NaAc_2.5M_JNL_10off_20on_20off,278,27.708,42625800,23.439968081599304
csuEx72_NaAc_2.5M_JNL_10off_20on_20off,279,27.808,42784000.00000001,23.89809914190808
csuEx72_NaAc_2.5M_JNL_10off_20on_20off,280,27.908,42820600.00000001,24.004089007946643
csuEx72_NaAc_2.5M_JNL_10off_20on_20off,281,28.008,42895000,24.21954381759878
csuEx72_NaAc_2.5M_JNL_10off_20on_20off,282,28.108,42759500,23.827149641417765
csuEx72_NaAc_2.5M_JNL_10off_20on_20off,283,28.208,42961500,24.412121033215293
csuEx72_NaAc_2.5M_JNL_10off_20on_20off,284,28.308,42930100,24.321189836668548
csuEx72_NaAc_2.5M_JNL_10off_20on_20off,285,28.408,42920600,24.29367880586619
csuEx72_NaAc_2.5M_JNL_10off_20on_20off,286,28.508,42539200,23.189183316600957
csuEx72_NaAc_2.5M_JNL_10off_20on_20off,287,28.608,42724200,23.724924442752158
csuEx72_NaAc_2.5M_JNL_10off_20on_20off,288,28.708,43057000,24.688679290228478
csuEx72_NaAc_2.5M_JNL_10off_20on_20off,289,28.808,43195499.99999999,25.089761160347063
csuEx72_NaAc_2.5M_JNL_10off_20on_20off,290,28.908,43087799.99999999,24.777872947987685
csuEx72_NaAc_2.5M_JNL_10off_20on_20off,291,29.008,43069100,24.723719655776748
csuEx72_NaAc_2.5M_JNL_10off_20on_20off,292,29.108,43130900,24.902686150891043
csuEx72_NaAc_2.5M_JNL_10off_20on_20off,293,29.208,43249500,25.246139651223647
csuEx72_NaAc_2.5M_JNL_10off_20on_20off,294,29.308,43208399.99999999,25.127118244278684
csuEx72_NaAc_2.5M_JNL_10off_20on_20off,295,29.408,43224900,25.174900560935438
csuEx72_NaAc_2.5M_JNL_10off_20on_20off,296,29.508,43266400,25.295080327072057
csuEx72_NaAc_2.5M_JNL_10off_20on_20off,297,29.608,45383800,31.42685470822099
csuEx72_NaAc_2.5M_JNL_10off_20on_20off,298,29.708,47811600,38.45751582211227
csuEx72_NaAc_2.5M_JNL_10off_20on_20off,299,29.808,48217200,39.632092042474035
csuEx72_NaAc_2.5M_JNL_10off_20on_20off,300,29.908,48393000,40.14119090721664
csuEx72_NaAc_2.5M_JNL_10off_20on_20off,301,30.008,48749399.99999999,41.17328894700196
csuEx72_NaAc_2.5M_JNL_10off_20on_20off,302,30.108,49009300,41.92593283179494
csuEx72_NaAc_2.5M_JNL_10off_20on_20off,303,30.208,49344700,42.89721701401717
csuEx72_NaAc_2.5M_JNL_10off_20on_20off,304,30.308,49164199.99999999,42.374507428772326
csuEx72_NaAc_2.5M_JNL_10off_20on_20off,305,30.408,49169000,42.388407739072484
csuEx72_NaAc_2.5M_JNL_10off_20on_20off,306,30.508,49500400.00000001,43.34810832937796
csuEx72_NaAc_2.5M_JNL_10off_20on_20off,307,30.608,49304800,42.78167068464726
csuEx72_NaAc_2.5M_JNL_10off_20on_20off,308,30.708,49583600,43.58904704124702
csuEx72_NaAc_2.5M_JNL_10off_20on_20off,309,30.808,49147400,42.32585634272186
csuEx72_NaAc_2.5M_JNL_10off_20on_20off,310,30.908,49198600,42.47412631925668
csuEx72_NaAc_2.5M_JNL_10off_20on_20off,311,31.008,49518300,43.39994490320554
csuEx72_NaAc_2.5M_JNL_10off_20on_20off,312,31.108,49461000.00000001,43.234009948997645
csuEx72_NaAc_2.5M_JNL_10off_20on_20off,313,31.208,49454300,43.214607432537015
csuEx72_NaAc_2.5M_JNL_10off_20on_20off,314,31.308,49628700,43.71965204010874
csuEx72_NaAc_2.5M_JNL_10off_20on_20off,315,31.408,49293800,42.749815806876114
csuEx72_NaAc_2.5M_JNL_10off_20on_20off,316,31.508,49014300.00000001,41.94041232169094
csuEx72_NaAc_2.5M_JNL_10off_20on_20off,317,31.608,49438600,43.16914183426365
csuEx72_NaAc_2.5M_JNL_10off_20on_20off,318,31.708,49198900,42.47499508865044
csuEx72_NaAc_2.5M_JNL_10off_20on_20off,319,31.808,49386400,43.017975959749634
csuEx72_NaAc_2.5M_JNL_10off_20on_20off,320,31.908,49284800.00000001,42.72375272506337
csuEx72_NaAc_2.5M_JNL_10off_20on_20off,321,32.008,49183899.99999999,42.43155661896248
csuEx72_NaAc_2.5M_JNL_10off_20on_20off,322,32.108,49276300,42.69913759224019
csuEx72_NaAc_2.5M_JNL_10off_20on_20off,323,32.208,49316800,42.81642146039761
csuEx72_NaAc_2.5M_JNL_10off_20on_20off,324,32.308,49392600,43.03593052722064
csuEx72_NaAc_2.5M_JNL_10off_20on_20off,325,32.408,49448700,43.19839040385352
csuEx72_NaAc_2.5M_JNL_10off_20on_20off,326,32.508,49128600,42.271413460712985
csuEx72_NaAc_2.5M_JNL_10off_20on_20off,327,32.608,48801800,41.32503400111184
csuEx72_NaAc_2.5M_JNL_10off_20on_20off,328,32.708,48973000.00000001,41.82081173515016
csuEx72_NaAc_2.5M_JNL_10off_20on_20off,329,32.808,49099600,42.18743241931631
csuEx72_NaAc_2.5M_JNL_10off_20on_20off,330,32.908,48592500,40.718922554066175
csuEx72_NaAc_2.5M_JNL_10off_20on_20off,331,33.008,49081200,42.13414789649911
csuEx72_NaAc_2.5M_JNL_10off_20on_20off,332,33.108,48894100,41.5923253845916
csuEx72_NaAc_2.5M_JNL_10off_20on_20off,333,33.208,48762000,41.20977726153985
csuEx72_NaAc_2.5M_JNL_10off_20on_20off,334,33.308,48946400,41.74378084890353
csuEx72_NaAc_2.5M_JNL_10off_20on_20off,335,33.408,48775200,41.24800311486523
csuEx72_NaAc_2.5M_JNL_10off_20on_20off,336,33.508,48821199.99999999,41.38121442190821
csuEx72_NaAc_2.5M_JNL_10off_20on_20off,337,33.608,48754700,41.188637206291716
csuEx72_NaAc_2.5M_JNL_10off_20on_20off,338,33.708,48737100,41.13766940185787
csuEx72_NaAc_2.5M_JNL_10off_20on_20off,339,33.808,48384500,40.116575774393475
csuEx72_NaAc_2.5M_JNL_10off_20on_20off,340,33.908,48514700,40.49362169128475
csuEx72_NaAc_2.5M_JNL_10off_20on_20off,341,34.008,48334300,39.971201695837856
csuEx72_NaAc_2.5M_JNL_10off_20on_20off,342,34.108,48259800.00000001,39.755457296387796
csuEx72_NaAc_2.5M_JNL_10off_20on_20off,343,34.208,48187900,39.547242231683605
csuEx72_NaAc_2.5M_JNL_10off_20on_20off,344,34.308,48121600.00000001,39.355244195662955
csuEx72_NaAc_2.5M_JNL_10off_20on_20off,345,34.408,48332000,39.964541130485706
csuEx72_NaAc_2.5M_JNL_10off_20on_20off,346,34.508,48209600,39.610083217832155
csuEx72_NaAc_2.5M_JNL_10off_20on_20off,347,34.608,48151300,39.44125236564505
csuEx72_NaAc_2.5M_JNL_10off_20on_20off,348,34.708,47778700,38.362240778596735
csuEx72_NaAc_2.5M_JNL_10off_20on_20off,349,34.808,47581800,37.7920384664931
csuEx72_NaAc_2.5M_JNL_10off_20on_20off,350,34.908,47844400,38.55250127582989
csuEx72_NaAc_2.5M_JNL_10off_20on_20off,351,35.008,47572700,37.76568579488242
csuEx72_NaAc_2.5M_JNL_10off_20on_20off,352,35.108,47498900,37.55196852401778
csuEx72_NaAc_2.5M_JNL_10off_20on_20off,353,35.208,47763000,38.31677518032336
csuEx72_NaAc_2.5M_JNL_10off_20on_20off,354,35.308,47278399.99999999,36.91342301960511
csuEx72_NaAc_2.5M_JNL_10off_20on_20off,355,35.408,47645700,37.97708634736371
csuEx72_NaAc_2.5M_JNL_10off_20on_20off,356,35.508,47405600,37.28178124255883
csuEx72_NaAc_2.5M_JNL_10off_20on_20off,357,35.608,47342100,37.0978917208799
csuEx72_NaAc_2.5M_JNL_10off_20on_20off,358,35.708,47281300,36.921821123744806
csuEx72_NaAc_2.5M_JNL_10off_20on_20off,359,35.808,47257100,36.85174039264826
csuEx72_NaAc_2.5M_JNL_10off_20on_20off,360,35.908,47275600.00000001,36.90531450526341
csuEx72_NaAc_2.5M_JNL_10off_20on_20off,361,36.008,47086800,36.35856896679124
csuEx72_NaAc_2.5M_JNL_10off_20on_20off,362,36.108,47345900,37.108896133200844
csuEx72_NaAc_2.5M_JNL_10off_20on_20off,363,36.208,47415600,37.31074022235078
csuEx72_NaAc_2.5M_JNL_10off_20on_20off,364,36.308,47148700,36.53782505170346
csuEx72_NaAc_2.5M_JNL_10off_20on_20off,365,36.408,47367600,37.17173711934939
csuEx72_NaAc_2.5M_JNL_10off_20on_20off,366,36.508,47409000,37.29162729568809
csuEx72_NaAc_2.5M_JNL_10off_20on_20off,367,36.608,47035700,36.21058858005434
csuEx72_NaAc_2.5M_JNL_10off_20on_20off,368,36.708,47180300,36.62933542784604
csuEx72_NaAc_2.5M_JNL_10off_20on_20off,369,36.808,47156100,36.5592546967495
csuEx72_NaAc_2.5M_JNL_10off_20on_20off,370,36.908,47075600,36.326134909424255
csuEx72_NaAc_2.5M_JNL_10off_20on_20off,371,37.008,47370500,37.18013522348906
csuEx72_NaAc_2.5M_JNL_10off_20on_20off,372,37.108,47045600,36.23925797004838
csuEx72_NaAc_2.5M_JNL_10off_20on_20off,373,37.208,47343400.00000001,37.10165638825288
csuEx72_NaAc_2.5M_JNL_10off_20on_20off,374,37.308,47065100,36.295727980642695
csuEx72_NaAc_2.5M_JNL_10off_20on_20off,375,37.408,47126200,36.47266734717155
csuEx72_NaAc_2.5M_JNL_10off_20on_20off,376,37.508,47186400,36.64700040551913
csuEx72_NaAc_2.5M_JNL_10off_20on_20off,377,37.608,47302200,36.98234539150999
csuEx72_NaAc_2.5M_JNL_10off_20on_20off,378,37.708,47001000,36.11010092017625
csuEx72_NaAc_2.5M_JNL_10off_20on_20off,379,37.808,46940900,35.93605745162659
csuEx72_NaAc_2.5M_JNL_10off_20on_20off,380,37.908,46978600,36.04523280544227
csuEx72_NaAc_2.5M_JNL_10off_20on_20off,381,38.008,47112500,36.432993544856565
csuEx72_NaAc_2.5M_JNL_10off_20on_20off,382,38.108,47020400,36.166281340972645
csuEx72_NaAc_2.5M_JNL_10off_20on_20off,383,38.208,46951800,35.967622739599825
csuEx72_NaAc_2.5M_JNL_10off_20on_20off,384,38.308,46696000,35.226852036521564
csuEx72_NaAc_2.5M_JNL_10off_20on_20off,385,38.408,46521200,34.72064906975817
csuEx72_NaAc_2.5M_JNL_10off_20on_20off,386,38.508,46379500,34.31030032610614
csuEx72_NaAc_2.5M_JNL_10off_20on_20off,387,38.608,46449200,34.512144415256074
csuEx72_NaAc_2.5M_JNL_10off_20on_20off,388,38.708,46654700,35.10725144998079
csuEx72_NaAc_2.5M_JNL_10off_20on_20off,389,38.808,46359700,34.25296154611806
csuEx72_NaAc_2.5M_JNL_10off_20on_20off,390,38.908,46494700,34.64390777330948
csuEx72_NaAc_2.5M_JNL_10off_20on_20off,391,39.008,46249700,33.93441276840654
csuEx72_NaAc_2.5M_JNL_10off_20on_20off,392,39.108,46802400.00000001,35.53497558150801
csuEx72_NaAc_2.5M_JNL_10off_20on_20off,393,39.208,46681000,35.183413566833636
csuEx72_NaAc_2.5M_JNL_10off_20on_20off,394,39.308,46508900.00000001,34.68502952461407
csuEx72_NaAc_2.5M_JNL_10off_20on_20off,395,39.408,46705900,35.25552142651561
csuEx72_NaAc_2.5M_JNL_10off_20on_20off,396,39.508,46909700,35.845705434675686
csuEx72_NaAc_2.5M_JNL_10off_20on_20off,397,39.608,46679199.99999999,35.17820095047106
csuEx72_NaAc_2.5M_JNL_10off_20on_20off,398,39.708,46766900,35.43217120324654
csuEx72_NaAc_2.5M_JNL_10off_20on_20off,399,39.808,46797900,35.5219440406016
csuEx72_NaAc_2.5M_JNL_10off_20on_20off,400,39.908,46521700,34.72209701874776
csuEx72_NaAc_2.5M_JNL_10off_20on_20off,401,40.008,46906300,35.83585938154642
csuEx72_NaAc_2.5M_JNL_10off_20on_20off,402,40.108,46536600,34.76524589863777
csuEx72_NaAc_2.5M_JNL_10off_20on_20off,403,40.208,46791400,35.50312070373683
csuEx72_NaAc_2.5M_JNL_10off_20on_20off,404,40.308,46746500,35.37309488447095
csuEx72_NaAc_2.5M_JNL_10off_20on_20off,405,40.408,46536799.99999999,34.76582507823359
csuEx72_NaAc_2.5M_JNL_10off_20on_20off,406,40.508,46610800,34.9801215286941
csuEx72_NaAc_2.5M_JNL_10off_20on_20off,407,40.608,46606400,34.96737957758563
csuEx72_NaAc_2.5M_JNL_10off_20on_20off,408,40.708,46410100,34.39891480426952
csuEx72_NaAc_2.5M_JNL_10off_20on_20off,409,40.808,46793300,35.508622909897305
csuEx72_NaAc_2.5M_JNL_10off_20on_20off,410,40.908,46931300,35.908256831026314
csuEx72_NaAc_2.5M_JNL_10off_20on_20off,411,41.008,46710600,35.26913214701782
csuEx72_NaAc_2.5M_JNL_10off_20on_20off,412,41.108,46784600,35.48342859747831
csuEx72_NaAc_2.5M_JNL_10off_20on_20off,413,41.208,46972200,36.026699058375414
csuEx72_NaAc_2.5M_JNL_10off_20on_20off,414,41.308,47094300,36.38028820163521
csuEx72_NaAc_2.5M_JNL_10off_20on_20off,415,41.408,46516700,34.70761752885178
csuEx72_NaAc_2.5M_JNL_10off_20on_20off,416,41.508,46664500,35.1356312501769
csuEx72_NaAc_2.5M_JNL_10off_20on_20off,417,41.608,46502700,34.66707495714304
csuEx72_NaAc_2.5M_JNL_10off_20on_20off,418,41.708,46631000,35.03861866787385
csuEx72_NaAc_2.5M_JNL_10off_20on_20off,419,41.808,46906500,35.83643856114226
csuEx72_NaAc_2.5M_JNL_10off_20on_20off,420,41.908,47038900,36.21985545358777
csuEx72_NaAc_2.5M_JNL_10off_20on_20off,421,42.008,46166900,33.69463241572913
csuEx72_NaAc_2.5M_JNL_10off_20on_20off,422,42.108,46571700,34.86689191770754
csuEx72_NaAc_2.5M_JNL_10off_20on_20off,423,42.208,46430999.99999999,34.45943907203469
csuEx72_NaAc_2.5M_JNL_10off_20on_20off,424,42.308,46680500,35.181965617844035
csuEx72_NaAc_2.5M_JNL_10off_20on_20off,425,42.408,46434600,34.46986430475982
csuEx72_NaAc_2.5M_JNL_10off_20on_20off,426,42.508,46342200,34.202283331482136
csuEx72_NaAc_2.5M_JNL_10off_20on_20off,427,42.608,46801400,35.53207968352879
csuEx72_NaAc_2.5M_JNL_10off_20on_20off,428,42.708,45995700,33.19885468169083
csuEx72_NaAc_2.5M_JNL_10off_20on_20off,429,42.808,46238300,33.9013995314437
csuEx72_NaAc_2.5M_JNL_10off_20on_20off,430,42.908,46308100,34.10353321039156
csuEx72_NaAc_2.5M_JNL_10off_20on_20off,431,43.008,46383000,34.32043596903332
csuEx72_NaAc_2.5M_JNL_10off_20on_20off,432,43.108,46552500,34.81129067650699
csuEx72_NaAc_2.5M_JNL_10off_20on_20off,433,43.218,46239700,33.90545378861457
csuEx72_NaAc_2.5M_JNL_10off_20on_20off,434,43.308,46354100,34.236744517434566
csuEx72_NaAc_2.5M_JNL_10off_20on_20off,435,43.408,46209100,33.81683931045119
csuEx72_NaAc_2.5M_JNL_10off_20on_20off,436,43.508,46038300,33.32221993560457
csuEx72_NaAc_2.5M_JNL_10off_20on_20off,437,43.608,46163600,33.68507595239779
csuEx72_NaAc_2.5M_JNL_10off_20on_20off,438,43.708,46241400,33.91037681517921
csuEx72_NaAc_2.5M_JNL_10off_20on_20off,439,43.808,46270600,33.99493703617173
csuEx72_NaAc_2.5M_JNL_10off_20on_20off,440,43.908,46217800,33.84203362287019
csuEx72_NaAc_2.5M_JNL_10off_20on_20off,441,44.008,46460000,34.54342011343139
csuEx72_NaAc_2.5M_JNL_10off_20on_20off,442,44.109,46234800,33.89126388851652
csuEx72_NaAc_2.5M_JNL_10off_20on_20off,443,44.209,46348900.00000001,34.221685847942766
csuEx72_NaAc_2.5M_JNL_10off_20on_20off,444,44.309,46037800.00000001,33.320771986614986
csuEx72_NaAc_2.5M_JNL_10off_20on_20off,445,44.408,46392300.00000001,34.34736782023986
csuEx72_NaAc_2.5M_JNL_10off_20on_20off,446,44.509,46409700,34.397756445077846
csuEx72_NaAc_2.5M_JNL_10off_20on_20off,447,44.609,46013100,33.24924330652884
csuEx72_NaAc_2.5M_JNL_10off_20on_20off,448,44.709,46092800,33.480046375470735
csuEx72_NaAc_2.5M_JNL_10off_20on_20off,449,44.809,46183700,33.74328350177962
csuEx72_NaAc_2.5M_JNL_10off_20on_20off,450,44.909,46506100,34.67692101027231
csuEx72_NaAc_2.5M_JNL_10off_20on_20off,451,45.009,46234700,33.890974298718604
csuEx72_NaAc_2.5M_JNL_10off_20on_20off,452,45.109,46428600,34.45248891688465
csuEx72_NaAc_2.5M_JNL_10off_20on_20off,453,45.209,46229900,33.87707398841846
csuEx72_NaAc_2.5M_JNL_10off_20on_20off,454,45.309,46116800,33.54954792697143
csuEx72_NaAc_2.5M_JNL_10off_20on_20off,455,45.409,46117200,33.550706286163106
csuEx72_NaAc_2.5M_JNL_10off_20on_20off,456,45.509,46290699.99999999,34.05314458555353
csuEx72_NaAc_2.5M_JNL_10off_20on_20off,457,45.609,46127300,33.57995485575299
csuEx72_NaAc_2.5M_JNL_10off_20on_20off,458,45.709,46451100,34.517646621416546
csuEx72_NaAc_2.5M_JNL_10off_20on_20off,459,45.809,46304800.00000001,34.09397674706024
csuEx72_NaAc_2.5M_JNL_10off_20on_20off,460,45.909,46057100,33.37666281761344
csuEx72_NaAc_2.5M_JNL_10off_20on_20off,461,46.009,46375800,34.29958550358311
csuEx72_NaAc_2.5M_JNL_10off_20on_20off,462,46.109,46201900,33.79598884500098
csuEx72_NaAc_2.5M_JNL_10off_20on_20off,463,46.209,46297400,34.07254710201417
csuEx72_NaAc_2.5M_JNL_10off_20on_20off,464,46.309,46444900,34.49969205394553
csuEx72_NaAc_2.5M_JNL_10off_20on_20off,465,46.409,46350300.00000001,34.225740105113644
csuEx72_NaAc_2.5M_JNL_10off_20on_20off,466,46.509,46528600.00000001,34.74207871480423
csuEx72_NaAc_2.5M_JNL_10off_20on_20off,467,46.609,46491600,34.634930489573975
csuEx72_NaAc_2.5M_JNL_10off_20on_20off,468,46.709,45940200.00000001,33.0381323438455
csuEx72_NaAc_2.5M_JNL_10off_20on_20off,469,46.809,46186200,33.75052324672761
csuEx72_NaAc_2.5M_JNL_10off_20on_20off,470,46.909,45983700,33.164103905940486
csuEx72_NaAc_2.5M_JNL_10off_20on_20off,471,47.009,46391000,34.34360315286688
csuEx72_NaAc_2.5M_JNL_10off_20on_20off,472,47.109,46347699.99999999,34.21821077036769
csuEx72_NaAc_2.5M_JNL_10off_20on_20off,473,47.209,46466500,34.56224345029616
csuEx72_NaAc_2.5M_JNL_10off_20on_20off,474,47.309,46565200.00000001,34.84806858084279
csuEx72_NaAc_2.5M_JNL_10off_20on_20off,475,47.409,46462000,34.549211909389776
csuEx72_NaAc_2.5M_JNL_10off_20on_20off,476,47.509,46454300,34.52691349494997
csuEx72_NaAc_2.5M_JNL_10off_20on_20off,477,47.609,46395700,34.357213873369105
csuEx72_NaAc_2.5M_JNL_10off_20on_20off,478,47.709,46385200,34.32680694458755
csuEx72_NaAc_2.5M_JNL_10off_20on_20off,479,47.809,46390700,34.34273438347313
csuEx72_NaAc_2.5M_JNL_10off_20on_20off,480,47.909,46620799.99999999,35.00908050848603
csuEx72_NaAc_2.5M_JNL_10off_20on_20off,481,48.009,46696600,35.22858957530908
csuEx72_NaAc_2.5M_JNL_10off_20on_20off,482,48.109,46924200,35.88769595537402
csuEx72_NaAc_2.5M_JNL_10off_20on_20off,483,48.209,46380500,34.31319622408533
csuEx72_NaAc_2.5M_JNL_10off_20on_20off,484,48.309,46406599.99999999,34.38877916134231
csuEx72_NaAc_2.5M_JNL_10off_20on_20off,485,48.409,46358400,34.2491968787451
csuEx72_NaAc_2.5M_JNL_10off_20on_20off,486,48.509,46947599.99999999,35.955459968087176
csuEx72_NaAc_2.5M_JNL_10off_20on_20off,487,48.609,46510100,34.68850460218909
csuEx72_NaAc_2.5M_JNL_10off_20on_20off,488,48.719,46383100,34.32072555883124
csuEx72_NaAc_2.5M_JNL_10off_20on_20off,489,48.809,46375000,34.297268785199755
csuEx72_NaAc_2.5M_JNL_10off_20on_20off,490,48.909,46688700,35.20571198127344
csuEx72_NaAc_2.5M_JNL_10off_20on_20off,491,49.009,46368000,34.276997499345384
csuEx72_NaAc_2.5M_JNL_10off_20on_20off,492,49.109,46436200,34.47449774152653
csuEx72_NaAc_2.5M_JNL_10off_20on_20off,493,49.209,46496100,34.64796203048035
csuEx72_NaAc_2.5M_JNL_10off_20on_20off,494,49.309,46417300,34.41976526971973
csuEx72_NaAc_2.5M_JNL_10off_20on_20off,495,49.409,46261700,33.969163544156885
csuEx72_NaAc_2.5M_JNL_10off_20on_20off,496,49.509,46363400,34.263676368641086
csuEx72_NaAc_2.5M_JNL_10off_20on_20off,497,49.609,46504400,34.671997983707676
csuEx72_NaAc_2.5M_JNL_10off_20on_20off,498,49.709,46415900,34.415711012548854
csuEx72_NaAc_2.5M_JNL_10off_20on_20off,499,49.809,46474000,34.58396268514012
csuEx72_NaAc_2.5M_JNL_10off_20on_20off,500,49.919,46205900,33.807572436917766
csuEx72_NaAc_2.5M_JNL_10off_20on_20off,501,50.009,46584400,34.903669822043334
csuEx72_NaAc_2.5M_JNL_10off_20on_20off,502,50.109,46527900.00000001,34.7400515862188
csuEx72_NaAc_2.5M_JNL_10off_20on_20off,503,50.209,46362100,34.25991170126813
csuEx72_NaAc_2.5M_JNL_10off_20on_20off,504,50.309,46309800,34.1084562369562
csuEx72_NaAc_2.5M_JNL_10off_20on_20off,505,50.409,46340500,34.1973603049175
csuEx72_NaAc_2.5M_JNL_10off_20on_20off,506,50.509,46676900,35.17154038511893
csuEx72_NaAc_2.5M_JNL_10off_20on_20off,507,50.609,46366500.00000001,34.27265365237661
csuEx72_NaAc_2.5M_JNL_10off_20on_20off,508,50.709,46290600,34.05285499575564
csuEx72_NaAc_2.5M_JNL_10off_20on_20off,509,50.819,46372600.00000001,34.290318630049704
csuEx72_NaAc_2.5M_JNL_10off_20on_20off,510,50.909,46464700,34.5570308339336
csuEx72_NaAc_2.5M_JNL_10off_20on_20off,511,51.009,46538100,34.769589745606574
csuEx72_NaAc_2.5M_JNL_10off_20on_20off,512,51.109,46696200,35.2274312161174
csuEx72_NaAc_2.5M_JNL_10off_20on_20off,513,51.209,46757900,35.40610812143378
csuEx72_NaAc_2.5M_JNL_10off_20on_20off,514,51.309,46421599.99999999,34.43221763103025
csuEx72_NaAc_2.5M_JNL_10off_20on_20off,515,51.409,46211399.99999999,33.82349987580332
csuEx72_NaAc_2.5M_JNL_10off_20on_20off,516,51.519,46280000,34.02215847717616
csuEx72_NaAc_2.5M_JNL_10off_20on_20off,517,51.619,46403400,34.37951228780891
csuEx72_NaAc_2.5M_JNL_10off_20on_20off,518,51.719,46222700,33.85622352296826
csuEx72_NaAc_2.5M_JNL_10off_20on_20off,519,51.809,46297700,34.073415871407924
csuEx72_NaAc_2.5M_JNL_10off_20on_20off,520,51.919,46080500.00000001,33.44442683032665
csuEx72_NaAc_2.5M_JNL_10off_20on_20off,521,52.019,46423100,34.436561477999064
csuEx72_NaAc_2.5M_JNL_10off_20on_20off,522,52.119,46555000,34.81853042145497
csuEx72_NaAc_2.5M_JNL_10off_20on_20off,523,52.219,46186200,33.75052324672761
csuEx72_NaAc_2.5M_JNL_10off_20on_20off,524,52.319,46489300,34.62826992422182
csuEx72_NaAc_2.5M_JNL_10off_20on_20off,525,52.419,46415499.99999999,34.414552653357156
csuEx72_NaAc_2.5M_JNL_10off_20on_20off,526,52.519,46224700,33.862015318926645
csuEx72_NaAc_2.5M_JNL_10off_20on_20off,527,52.619,46290699.99999999,34.05314458555353
csuEx72_NaAc_2.5M_JNL_10off_20on_20off,528,52.719,46360700,34.25585744409725
csuEx72_NaAc_2.5M_JNL_10off_20on_20off,529,52.819,46351100,34.22805682349698
csuEx72_NaAc_2.5M_JNL_10off_20on_20off,530,52.919,46187699.99999999,33.75486709369638
csuEx72_NaAc_2.5M_JNL_10off_20on_20off,531,53.019,46153400,33.65553779300999
csuEx72_NaAc_2.5M_JNL_10off_20on_20off,532,53.119,46135500,33.60370121918238
csuEx72_NaAc_2.5M_JNL_10off_20on_20off,533,53.219,46364300,34.266282676822364
csuEx72_NaAc_2.5M_JNL_10off_20on_20off,534,53.319,46391500,34.345051101856484
csuEx72_NaAc_2.5M_JNL_10off_20on_20off,535,53.419,46249300,33.93325440921486
csuEx72_NaAc_2.5M_JNL_10off_20on_20off,536,53.519,46273500,34.00333514031139
csuEx72_NaAc_2.5M_JNL_10off_20on_20off,537,53.619,46032100,33.30426536813356
csuEx72_NaAc_2.5M_JNL_10off_20on_20off,538,53.719,46252200,33.941652513354526
csuEx72_NaAc_2.5M_JNL_10off_20on_20off,539,53.819,46235300,33.89271183750612
csuEx72_NaAc_2.5M_JNL_10off_20on_20off,540,53.919,46264500,33.97727205849863
csuEx72_NaAc_2.5M_JNL_10off_20on_20off,541,54.018,45666800,32.24639383633337
csuEx72_NaAc_2.5M_JNL_10off_20on_20off,542,54.118,46129400,33.58603624150929
csuEx72_NaAc_2.5M_JNL_10off_20on_20off,543,54.218,46234200,33.889526349729
csuEx72_NaAc_2.5M_JNL_10off_20on_20off,544,54.318,46171000,33.70650559744384
csuEx72_NaAc_2.5M_JNL_10off_20on_20off,545,54.418,45994400.00000001,33.1950900143179
csuEx72_NaAc_2.5M_JNL_10off_20on_20off,546,54.518,45993000.00000001,33.19103575714703
csuEx72_NaAc_2.5M_JNL_10off_20on_20off,547,54.618,45957200,33.0873626094918
csuEx72_NaAc_2.5M_JNL_10off_20on_20off,548,54.718,45822400,32.696995561896216
csuEx72_NaAc_2.5M_JNL_10off_20on_20off,549,54.818,45985500,33.169316522303035
csuEx72_NaAc_2.5M_JNL_10off_20on_20off,550,54.918,45819200,32.687728688362796
csuEx72_NaAc_2.5M_JNL_10off_20on_20off,551,55.018,46125999.99999999,33.576190188380004
csuEx72_NaAc_2.5M_JNL_10off_20on_20off,552,55.118,45837700,32.74130280097791
csuEx72_NaAc_2.5M_JNL_10off_20on_20off,553,55.218,45912800,32.95878473921551
csuEx72_NaAc_2.5M_JNL_10off_20on_20off,554,55.318,45790900,32.60577477555155
csuEx72_NaAc_2.5M_JNL_10off_20on_20off,555,55.418,45783900,32.58550348969719
csuEx72_NaAc_2.5M_JNL_10off_20on_20off,556,55.518,45839400,32.746225827542546
csuEx72_NaAc_2.5M_JNL_10off_20on_20off,557,55.619,46148000,33.63989994392234
csuEx72_NaAc_2.5M_JNL_10off_20on_20off,558,55.718,46182700,33.74038760380043
csuEx72_NaAc_2.5M_JNL_10off_20on_20off,559,55.818,45742200.00000001,32.46474454396475
csuEx72_NaAc_2.5M_JNL_10off_20on_20off,560,55.918,46087600,33.46498770597891
csuEx72_NaAc_2.5M_JNL_10off_20on_20off,561,56.018,45974900,33.13862000372356
csuEx72_NaAc_2.5M_JNL_10off_20on_20off,562,56.118,46210800,33.82176233701582
csuEx72_NaAc_2.5M_JNL_10off_20on_20off,563,56.218,46035000,33.31266347227322
csuEx72_NaAc_2.5M_JNL_10off_20on_20off,564,56.318,46091700,33.47686088769362
csuEx72_NaAc_2.5M_JNL_10off_20on_20off,565,56.418,45878200,32.858586669135335
csuEx72_NaAc_2.5M_JNL_10off_20on_20off,566,56.518,46084800,33.45687919163717
csuEx72_NaAc_2.5M_JNL_10off_20on_20off,567,56.618,45724500,32.41348714973296
csuEx72_NaAc_2.5M_JNL_10off_20on_20off,568,56.718,45790100,32.6034580571682
csuEx72_NaAc_2.5M_JNL_10off_20on_20off,569,56.818,46220800.00000001,33.8507213168078
csuEx72_NaAc_2.5M_JNL_10off_20on_20off,570,56.918,45743600.00000001,32.46879880113562
csuEx72_NaAc_2.5M_JNL_10off_20on_20off,571,57.018,45884900,32.87798918559595
csuEx72_NaAc_2.5M_JNL_10off_20on_20off,572,57.118,46109300,33.52782869212746
csuEx72_NaAc_2.5M_JNL_10off_20on_20off,573,57.219,45754400.00000001,32.500074499310934
csuEx72_NaAc_2.5M_JNL_10off_20on_20off,574,57.318,45848100,32.77142013996155
csuEx72_NaAc_2.5M_JNL_10off_20on_20off,575,57.418,45723500,32.410591251753765
csuEx72_NaAc_2.5M_JNL_10off_20on_20off,576,57.518,46146500,33.635556096953536
csuEx72_NaAc_2.5M_JNL_10off_20on_20off,577,57.619,45917199.99999999,32.97152669032395
csuEx72_NaAc_2.5M_JNL_10off_20on_20off,578,57.719,46110000,33.5298558207129
csuEx72_NaAc_2.5M_JNL_10off_20on_20off,579,57.818,46006300,33.22955120027031
csuEx72_NaAc_2.5M_JNL_10off_20on_20off,580,57.918,45690700,32.31560579803615
csuEx72_NaAc_2.5M_JNL_10off_20on_20off,581,58.018,45946800,33.05724527050816
csuEx72_NaAc_2.5M_JNL_10off_20on_20off,582,58.118,46024200.00000001,33.28138777409793
csuEx72_NaAc_2.5M_JNL_10off_20on_20off,583,58.218,45785000,32.5886889774743
csuEx72_NaAc_2.5M_JNL_10off_20on_20off,584,58.318,45705700,32.35904426772409
csuEx72_NaAc_2.5M_JNL_10off_20on_20off,585,58.418,45785200,32.58926815707014
csuEx72_NaAc_2.5M_JNL_10off_20on_20off,586,58.518,45872300,32.84150087105808
csuEx72_NaAc_2.5M_JNL_10off_20on_20off,587,58.618,45529400.00000001,31.848497453991907
csuEx72_NaAc_2.5M_JNL_10off_20on_20off,588,58.718,45598700,32.04918318395015
csuEx72_NaAc_2.5M_JNL_10off_20on_20off,589,58.818,45890400,32.89391662448153
csuEx72_NaAc_2.5M_JNL_10off_20on_20off,590,58.918,45963300,33.10502758716489
csuEx72_NaAc_2.5M_JNL_10off_20on_20off,591,59.018,45440500,31.59105212364139
csuEx72_NaAc_2.5M_JNL_10off_20on_20off,592,59.118,45540900.00000001,31.88180028075266
csuEx72_NaAc_2.5M_JNL_10off_20on_20off,593,59.218,45904500,32.93474878598819
csuEx72_NaAc_2.5M_JNL_10off_20on_20off,594,59.318,45462400,31.654472289385776
csuEx72_NaAc_2.5M_JNL_10off_20on_20off,595,59.418,45476599.99999999,31.695594040690334
csuEx72_NaAc_2.5M_JNL_10off_20on_20off,596,59.518,45695900,32.33066446752797
csuEx72_NaAc_2.5M_JNL_10off_20on_20off,597,59.618,45357200.00000001,31.34982382197441
csuEx72_NaAc_2.5M_JNL_10off_20on_20off,598,59.718,45666700,32.24610424653545
csuEx72_NaAc_2.5M_JNL_10off_20on_20off,599,59.818,45634200,32.151987562211595
csuEx72_NaAc_2.5M_JNL_10off_20on_20off,600,59.918,46012500,33.24750576774132
