stim_jnl,frame,time_s,fluor,dff
csuEx93_greenlightbasal_JNL_10off_20on_20off,2,0.1,14105600,9.212763954065434
csuEx93_greenlightbasal_JNL_10off_20on_20off,3,0.2,14226000,10.144962285229616
csuEx93_greenlightbasal_JNL_10off_20on_20off,4,0.3,14184600,9.824422327503726
csuEx93_greenlightbasal_JNL_10off_20on_20off,5,0.4,14041600,8.717243246469856
csuEx93_greenlightbasal_JNL_10off_20on_20off,6,0.5,14127900,9.385421950618268
csuEx93_greenlightbasal_JNL_10off_20on_20off,7,0.6,14151800.000000002,9.570467964861006
csuEx93_greenlightbasal_JNL_10off_20on_20off,8,0.7,13936700,7.905053836676479
csuEx93_greenlightbasal_JNL_10off_20on_20off,9,0.8,13923100,7.799755686312418
csuEx93_greenlightbasal_JNL_10off_20on_20off,10,0.901,13756100,6.506756339930206
csuEx93_greenlightbasal_JNL_10off_20on_20off,11,1.001,13784200,6.724320900608889
csuEx93_greenlightbasal_JNL_10off_20on_20off,12,1.101,13565900,5.034130737044597
csuEx93_greenlightbasal_JNL_10off_20on_20off,13,1.201,13578900,5.134783380774949
csuEx93_greenlightbasal_JNL_10off_20on_20off,14,1.301,13526200,4.726753048114215
csuEx93_greenlightbasal_JNL_10off_20on_20off,15,1.401,13422400.000000002,3.9230804004826507
csuEx93_greenlightbasal_JNL_10off_20on_20off,16,1.501,13297100,2.9529437651431687
csuEx93_greenlightbasal_JNL_10off_20on_20off,17,1.601,13279500,2.8166755705543847
csuEx93_greenlightbasal_JNL_10off_20on_20off,18,1.701,13329200.000000002,3.2014783700465905
csuEx93_greenlightbasal_JNL_10off_20on_20off,19,1.801,13330700,3.213092136630847
csuEx93_greenlightbasal_JNL_10off_20on_20off,20,1.901,13382200,3.6118314560241642
csuEx93_greenlightbasal_JNL_10off_20on_20off,21,2.001,13343500,3.3121962781499628
csuEx93_greenlightbasal_JNL_10off_20on_20off,22,2.101,13285400,2.8623563857858523
csuEx93_greenlightbasal_JNL_10off_20on_20off,23,2.201,13208100,2.2638602811430677
csuEx93_greenlightbasal_JNL_10off_20on_20off,24,2.301,13152800,1.8356994197362635
csuEx93_greenlightbasal_JNL_10off_20on_20off,25,2.401,13124499.999999998,1.6165863568463292
csuEx93_greenlightbasal_JNL_10off_20on_20off,26,2.501,12974000.000000002,0.45133844289113123
csuEx93_greenlightbasal_JNL_10off_20on_20off,27,2.601,12893200,-0.17425645044830063
csuEx93_greenlightbasal_JNL_10off_20on_20off,28,2.701,12880000,-0.27645759638988865
csuEx93_greenlightbasal_JNL_10off_20on_20off,29,2.801,12684600,-1.7893442567676383
csuEx93_greenlightbasal_JNL_10off_20on_20off,30,2.901,12605700,-2.400228379100312
csuEx93_greenlightbasal_JNL_10off_20on_20off,31,3.001,12603000,-2.4211331589520007
csuEx93_greenlightbasal_JNL_10off_20on_20off,32,3.101,12462600,-3.5081817112398004
csuEx93_greenlightbasal_JNL_10off_20on_20off,33,3.201,12558600,-2.764900649846433
csuEx93_greenlightbasal_JNL_10off_20on_20off,34,3.301,12483100,-3.3494602345880913
csuEx93_greenlightbasal_JNL_10off_20on_20off,35,3.401,12363900.000000002,-4.272367552484842
csuEx93_greenlightbasal_JNL_10off_20on_20off,36,3.501,12391700.000000002,-4.057125745123012
csuEx93_greenlightbasal_JNL_10off_20on_20off,37,3.601,12421100,-3.829495920071308
csuEx93_greenlightbasal_JNL_10off_20on_20off,38,3.701,12323700,-4.583616496943328
csuEx93_greenlightbasal_JNL_10off_20on_20off,39,3.801,12191000,-5.611047714098535
csuEx93_greenlightbasal_JNL_10off_20on_20off,40,3.901,12019800,-6.936565606916707
csuEx93_greenlightbasal_JNL_10off_20on_20off,41,4.001,11920300,-7.706945457006707
csuEx93_greenlightbasal_JNL_10off_20on_20off,42,4.101,11964500,-7.364726468323511
csuEx93_greenlightbasal_JNL_10off_20on_20off,43,4.201,11997500.000000002,-7.109223603469526
csuEx93_greenlightbasal_JNL_10off_20on_20off,44,4.301,11881900,-8.004257881564055
csuEx93_greenlightbasal_JNL_10off_20on_20off,45,4.401,11839700,-8.33099184813489
csuEx93_greenlightbasal_JNL_10off_20on_20off,46,4.501,12026500,-6.884690782840294
csuEx93_greenlightbasal_JNL_10off_20on_20off,47,4.601,11939500,-7.558289244728034
csuEx93_greenlightbasal_JNL_10off_20on_20off,48,4.701,11922700,-7.688363430471873
csuEx93_greenlightbasal_JNL_10off_20on_20off,49,4.801,11963100,-7.375565983802164
csuEx93_greenlightbasal_JNL_10off_20on_20off,50,4.901,11833700,-8.377446914471975
csuEx93_greenlightbasal_JNL_10off_20on_20off,51,5.001,12063100,-6.601314878184074
csuEx93_greenlightbasal_JNL_10off_20on_20off,52,5.101,11973300,-7.296592371029119
csuEx93_greenlightbasal_JNL_10off_20on_20off,53,5.201,11960300,-7.397245014759471
csuEx93_greenlightbasal_JNL_10off_20on_20off,54,5.301,12025100,-6.895530298318948
csuEx93_greenlightbasal_JNL_10off_20on_20off,55,5.401,12111800,-6.224254589748063
csuEx93_greenlightbasal_JNL_10off_20on_20off,56,5.501,12250399.999999998,-5.151142557361403
csuEx93_greenlightbasal_JNL_10off_20on_20off,57,5.601,12150700.000000002,-5.923070909662612
csuEx93_greenlightbasal_JNL_10off_20on_20off,58,5.701,12212200,-5.4469064797075
csuEx93_greenlightbasal_JNL_10off_20on_20off,59,5.801,12133900,-6.053145095406465
csuEx93_greenlightbasal_JNL_10off_20on_20off,60,5.901,12244100,-5.199920377015329
csuEx93_greenlightbasal_JNL_10off_20on_20off,61,6.001,12237200,-5.253343703302977
csuEx93_greenlightbasal_JNL_10off_20on_20off,62,6.101,12367800,-4.242171759365751
csuEx93_greenlightbasal_JNL_10off_20on_20off,63,6.201,12241200.000000002,-5.222373659078238
csuEx93_greenlightbasal_JNL_10off_20on_20off,64,6.301,12327800,-4.551872201612986
csuEx93_greenlightbasal_JNL_10off_20on_20off,65,6.401,12212400.000000002,-5.445357977496249
csuEx93_greenlightbasal_JNL_10off_20on_20off,66,6.501,12242000,-5.216179650233308
csuEx93_greenlightbasal_JNL_10off_20on_20off,67,6.601,12184400,-5.6621482870693285
csuEx93_greenlightbasal_JNL_10off_20on_20off,68,6.701,12241899.999999998,-5.216953901338941
csuEx93_greenlightbasal_JNL_10off_20on_20off,69,6.801,12128300,-6.096503157321078
csuEx93_greenlightbasal_JNL_10off_20on_20off,70,6.901,12210200,-5.462391501819861
csuEx93_greenlightbasal_JNL_10off_20on_20off,71,7.001,12316600,-4.638588325442213
csuEx93_greenlightbasal_JNL_10off_20on_20off,72,7.101,12200200.000000002,-5.539816612381656
csuEx93_greenlightbasal_JNL_10off_20on_20off,73,7.201,12068800,-6.557182565163842
csuEx93_greenlightbasal_JNL_10off_20on_20off,74,7.301,12157600,-5.869647583374977
csuEx93_greenlightbasal_JNL_10off_20on_20off,75,7.401,12156499.999999998,-5.878164345536791
csuEx93_greenlightbasal_JNL_10off_20on_20off,76,7.501,11936800,-7.579194024579722
csuEx93_greenlightbasal_JNL_10off_20on_20off,77,7.601,12011700,-6.999279946471772
csuEx93_greenlightbasal_JNL_10off_20on_20off,78,7.701,11879300,-8.024388410310126
csuEx93_greenlightbasal_JNL_10off_20on_20off,79,7.801,11764900,-8.91013167513722
csuEx93_greenlightbasal_JNL_10off_20on_20off,80,7.901,11886800,-7.966319577388768
csuEx93_greenlightbasal_JNL_10off_20on_20off,81,8.001,11744699.999999998,-9.06653039847209
csuEx93_greenlightbasal_JNL_10off_20on_20off,82,8.101,11732200,-9.163311786674337
csuEx93_greenlightbasal_JNL_10off_20on_20off,83,8.201,11710400,-9.33209852769908
csuEx93_greenlightbasal_JNL_10off_20on_20off,84,8.301,11552600,-10.553866772364428
csuEx93_greenlightbasal_JNL_10off_20on_20off,85,8.401,11530600,-10.724202015600408
csuEx93_greenlightbasal_JNL_10off_20on_20off,86,8.501,11544200,-10.618903865236346
csuEx93_greenlightbasal_JNL_10off_20on_20off,87,8.6,11644300,-9.843878508512638
csuEx93_greenlightbasal_JNL_10off_20on_20off,88,8.7,11568800,-10.428438093254297
csuEx93_greenlightbasal_JNL_10off_20on_20off,89,8.8,11524100,-10.774528337465583
csuEx93_greenlightbasal_JNL_10off_20on_20off,90,8.9,11638599.999999998,-9.888010821532884
csuEx93_greenlightbasal_JNL_10off_20on_20off,91,9.001,11656800,-9.747097120310377
csuEx93_greenlightbasal_JNL_10off_20on_20off,92,9.101,11583100,-10.31772018515091
csuEx93_greenlightbasal_JNL_10off_20on_20off,93,9.201,11644200,-9.844652759618256
csuEx93_greenlightbasal_JNL_10off_20on_20off,94,9.301,11654300,-9.76645339795083
csuEx93_greenlightbasal_JNL_10off_20on_20off,95,9.401,11562900,-10.474118908485766
csuEx93_greenlightbasal_JNL_10off_20on_20off,96,9.501,11669300,-9.650315732108115
csuEx93_greenlightbasal_JNL_10off_20on_20off,97,9.601,11706900,-9.359197316395713
csuEx93_greenlightbasal_JNL_10off_20on_20off,98,9.701,11748700,-9.035560354247352
csuEx93_greenlightbasal_JNL_10off_20on_20off,99,9.801,11654800,-9.762582142422739
csuEx93_greenlightbasal_JNL_10off_20on_20off,100,9.901,11684400,-9.533403815159785
csuEx93_greenlightbasal_JNL_10off_20on_20off,101,10.001,11636200.000000002,-9.906592848067689
csuEx93_greenlightbasal_JNL_10off_20on_20off,102,10.101,11519400,-10.810918139429635
csuEx93_greenlightbasal_JNL_10off_20on_20off,103,10.201,11455700,-11.304116093708357
csuEx93_greenlightbasal_JNL_10off_20on_20off,104,10.301,11346900,-12.14650129662084
csuEx93_greenlightbasal_JNL_10off_20on_20off,105,10.411,11292000,-12.571565153605171
csuEx93_greenlightbasal_JNL_10off_20on_20off,106,10.511,11387900,-11.829058343317424
csuEx93_greenlightbasal_JNL_10off_20on_20off,107,10.611,11291600,-12.574662158027644
csuEx93_greenlightbasal_JNL_10off_20on_20off,108,10.711,11277100,-12.686928568342267
csuEx93_greenlightbasal_JNL_10off_20on_20off,109,10.811,11252600,-12.8766200892187
csuEx93_greenlightbasal_JNL_10off_20on_20off,110,10.911,11087600,-14.154134413488551
csuEx93_greenlightbasal_JNL_10off_20on_20off,111,11.011,11109900,-13.981476416935715
csuEx93_greenlightbasal_JNL_10off_20on_20off,113,11.211,11122500,-13.883920777627837
csuEx93_greenlightbasal_JNL_10off_20on_20off,114,11.311,11031500,-14.5884892837403
csuEx93_greenlightbasal_JNL_10off_20on_20off,115,11.411,10857699.999999998,-15.934137705304554
csuEx93_greenlightbasal_JNL_10off_20on_20off,116,11.511,10871000,-15.831162308257335
csuEx93_greenlightbasal_JNL_10off_20on_20off,117,11.611,10793500,-16.431206915111357
csuEx93_greenlightbasal_JNL_10off_20on_20off,118,11.711,10819100,-16.232998632073127
csuEx93_greenlightbasal_JNL_10off_20on_20off,119,11.811,10833700,-16.119957970652884
csuEx93_greenlightbasal_JNL_10off_20on_20off,120,11.911,10711700,-17.064544319506954
csuEx93_greenlightbasal_JNL_10off_20on_20off,121,12.011,10800500,-16.37700933771809
csuEx93_greenlightbasal_JNL_10off_20on_20off,122,12.111,10817000.000000002,-16.24925790529109
csuEx93_greenlightbasal_JNL_10off_20on_20off,123,12.211,10767400,-16.63328645367768
csuEx93_greenlightbasal_JNL_10off_20on_20off,124,12.311,10750000,-16.768006146055225
csuEx93_greenlightbasal_JNL_10off_20on_20off,125,12.411,10851000,-15.986012529380952
csuEx93_greenlightbasal_JNL_10off_20on_20off,126,12.511,10705000,-17.116419143583368
csuEx93_greenlightbasal_JNL_10off_20on_20off,127,12.611,10835999.999999998,-16.102150195223683
csuEx93_greenlightbasal_JNL_10off_20on_20off,128,12.711,10805499.999999998,-16.3382967824372
csuEx93_greenlightbasal_JNL_10off_20on_20off,129,12.811,10694200,-17.20003826299012
csuEx93_greenlightbasal_JNL_10off_20on_20off,130,12.911,10659300,-17.470251898850833
csuEx93_greenlightbasal_JNL_10off_20on_20off,131,13.011,10467700,-18.953717017215098
csuEx93_greenlightbasal_JNL_10off_20on_20off,132,13.111,10484700,-18.82209432926002
csuEx93_greenlightbasal_JNL_10off_20on_20off,133,13.211,10490100,-18.780284769556644
csuEx93_greenlightbasal_JNL_10off_20on_20off,134,13.311,10352100,-19.848751295309608
csuEx93_greenlightbasal_JNL_10off_20on_20off,135,13.411,10389600.000000002,-19.55840713070281
csuEx93_greenlightbasal_JNL_10off_20on_20off,136,13.511,10306400,-20.202584050577077
csuEx93_greenlightbasal_JNL_10off_20on_20off,137,13.611,10321800.000000002,-20.083349380311876
csuEx93_greenlightbasal_JNL_10off_20on_20off,138,13.711,10407700,-19.418267680585952
csuEx93_greenlightbasal_JNL_10off_20on_20off,139,13.811,10293400,-20.30323669430743
csuEx93_greenlightbasal_JNL_10off_20on_20off,140,13.911,10208900,-20.957478878554717
csuEx93_greenlightbasal_JNL_10off_20on_20off,141,14.011,10274000,-20.45344140879734
csuEx93_greenlightbasal_JNL_10off_20on_20off,142,14.111,10129100,-21.575331260837952
csuEx93_greenlightbasal_JNL_10off_20on_20off,143,14.211,10222100,-20.85527773261313
csuEx93_greenlightbasal_JNL_10off_20on_20off,144,14.311,10171400,-21.2478230431615
csuEx93_greenlightbasal_JNL_10off_20on_20off,145,14.411,10156800,-21.36086370458174
csuEx93_greenlightbasal_JNL_10off_20on_20off,146,14.511,10027800,-22.359647630829077
csuEx93_greenlightbasal_JNL_10off_20on_20off,147,14.611,10170500,-21.25479130311206
csuEx93_greenlightbasal_JNL_10off_20on_20off,148,14.711,10157099.999999998,-21.3585409512649
csuEx93_greenlightbasal_JNL_10off_20on_20off,149,14.811,10122900,-21.623334829386273
csuEx93_greenlightbasal_JNL_10off_20on_20off,150,14.911,10204899.999999998,-20.988448922779455
csuEx93_greenlightbasal_JNL_10off_20on_20off,151,15.011,10207100,-20.971415398455843
csuEx93_greenlightbasal_JNL_10off_20on_20off,152,15.111,10151400,-21.40267326428512
csuEx93_greenlightbasal_JNL_10off_20on_20off,153,15.211,10326600,-20.04618532724222
csuEx93_greenlightbasal_JNL_10off_20on_20off,154,15.311,10256100,-20.592032356702976
csuEx93_greenlightbasal_JNL_10off_20on_20off,155,15.411,10275800,-20.439504888896213
csuEx93_greenlightbasal_JNL_10off_20on_20off,156,15.511,10241200,-20.70739577144007
csuEx93_greenlightbasal_JNL_10off_20on_20off,157,15.611,10265800,-20.51692999945802
csuEx93_greenlightbasal_JNL_10off_20on_20off,158,15.711,10179500,-21.185108703606435
csuEx93_greenlightbasal_JNL_10off_20on_20off,159,15.811,10051699.999999998,-22.17460161658637
csuEx93_greenlightbasal_JNL_10off_20on_20off,160,15.911,10133700.000000002,-21.539715709979507
csuEx93_greenlightbasal_JNL_10off_20on_20off,161,16.011,10167100,-21.281115840703077
csuEx93_greenlightbasal_JNL_10off_20on_20off,162,16.111,10029999.999999998,-22.342614106505497
csuEx93_greenlightbasal_JNL_10off_20on_20off,163,16.211,9922100,-23.1780310494674
csuEx93_greenlightbasal_JNL_10off_20on_20off,164,16.311,10013900,-22.467268534509994
csuEx93_greenlightbasal_JNL_10off_20on_20off,165,16.411,9889740,-23.428578707245414
csuEx93_greenlightbasal_JNL_10off_20on_20off,166,16.511,9792040,-24.18502203743429
csuEx93_greenlightbasal_JNL_10off_20on_20off,167,16.611,9802750,-24.102099744022592
csuEx93_greenlightbasal_JNL_10off_20on_20off,168,16.711,9612330,-25.57642869934056
csuEx93_greenlightbasal_JNL_10off_20on_20off,169,16.811,9602000,-25.65640883855091
csuEx93_greenlightbasal_JNL_10off_20on_20off,170,16.911,9542490,-26.11716567150423
csuEx93_greenlightbasal_JNL_10off_20on_20off,171,17.011,9394810,-27.260579704281028
csuEx93_greenlightbasal_JNL_10off_20on_20off,172,17.111,9471710,-26.66518060406072
csuEx93_greenlightbasal_JNL_10off_20on_20off,173,17.211,9405710,-27.17618633376866
csuEx93_greenlightbasal_JNL_10off_20on_20off,174,17.311,9399950,-27.220783197452263
csuEx93_greenlightbasal_JNL_10off_20on_20off,175,17.411,9364820,-27.492777610855896
csuEx93_greenlightbasal_JNL_10off_20on_20off,176,17.511,9253930,-28.3513446618758
csuEx93_greenlightbasal_JNL_10off_20on_20off,177,17.611,9223770,-28.584858795330213
csuEx93_greenlightbasal_JNL_10off_20on_20off,178,17.711,9327500,-27.781728123472572
csuEx93_greenlightbasal_JNL_10off_20on_20off,179,17.811,9277690,-28.16738259918094
csuEx93_greenlightbasal_JNL_10off_20on_20off,180,17.911,9257410,-28.324400723400288
csuEx93_greenlightbasal_JNL_10off_20on_20off,181,18.011,9226400,-28.564495991252457
csuEx93_greenlightbasal_JNL_10off_20on_20off,182,18.111,9355300,-27.56648631611074
csuEx93_greenlightbasal_JNL_10off_20on_20off,183,18.211,9412650,-27.122453307038764
csuEx93_greenlightbasal_JNL_10off_20on_20off,184,18.311,9534270,-26.180809112386044
csuEx93_greenlightbasal_JNL_10off_20on_20off,185,18.411,9517080,-26.31390287744179
csuEx93_greenlightbasal_JNL_10off_20on_20off,186,18.511,9457710,-26.77357575884725
csuEx93_greenlightbasal_JNL_10off_20on_20off,187,18.61,9503240,-26.42105923045934
csuEx93_greenlightbasal_JNL_10off_20on_20off,188,18.71,9436750,-26.935858790584806
csuEx93_greenlightbasal_JNL_10off_20on_20off,189,18.81,9392090,-27.281639334353848
csuEx93_greenlightbasal_JNL_10off_20on_20off,190,18.91,9376710,-27.40071915439791
csuEx93_greenlightbasal_JNL_10off_20on_20off,191,19.01,9298160,-28.008893397860916
csuEx93_greenlightbasal_JNL_10off_20on_20off,192,19.11,9184540,-28.88859750406419
csuEx93_greenlightbasal_JNL_10off_20on_20off,193,19.21,9142630,-29.213086142428736
csuEx93_greenlightbasal_JNL_10off_20on_20off,194,19.31,9022020,-30.146910400914713
csuEx93_greenlightbasal_JNL_10off_20on_20off,195,19.41,9004060,-30.285965899483724
csuEx93_greenlightbasal_JNL_10off_20on_20off,196,19.51,9018850,-30.171454160962806
csuEx93_greenlightbasal_JNL_10off_20on_20off,197,19.61,9021510,-30.150859081553367
csuEx93_greenlightbasal_JNL_10off_20on_20off,198,19.71,8914460,-30.979694890117532
csuEx93_greenlightbasal_JNL_10off_20on_20off,199,19.81,9122000,-29.372814145517744
csuEx93_greenlightbasal_JNL_10off_20on_20off,200,19.91,9124080,-29.35670972252089
csuEx93_greenlightbasal_JNL_10off_20on_20off,201,20.01,9062020,-29.837209958667476
csuEx93_greenlightbasal_JNL_10off_20on_20off,202,20.11,8924920,-30.89870822446988
csuEx93_greenlightbasal_JNL_10off_20on_20off,203,20.21,8933060,-30.835684184472566
csuEx93_greenlightbasal_JNL_10off_20on_20off,204,20.31,8920440,-30.93339467400157
csuEx93_greenlightbasal_JNL_10off_20on_20off,205,20.41,8842810,-31.534445807292894
csuEx93_greenlightbasal_JNL_10off_20on_20off,206,20.51,8967610,-30.56818042748152
csuEx93_greenlightbasal_JNL_10off_20on_20off,207,20.61,8669440,-32.87676494910298
csuEx93_greenlightbasal_JNL_10off_20on_20off,208,20.71,8600060,-33.41394036618081
csuEx93_greenlightbasal_JNL_10off_20on_20off,209,20.811,8650950,-33.019923978531764
csuEx93_greenlightbasal_JNL_10off_20on_20off,210,20.911,8583550,-33.541769223718354
csuEx93_greenlightbasal_JNL_10off_20on_20off,211,21.011,8748120,-32.267584179202665
csuEx93_greenlightbasal_JNL_10off_20on_20off,212,21.111,8716060,-32.51580908366382
csuEx93_greenlightbasal_JNL_10off_20on_20off,213,21.211,8772430,-32.07936373542691
csuEx93_greenlightbasal_JNL_10off_20on_20off,214,21.311,8902130,-31.075160051440243
csuEx93_greenlightbasal_JNL_10off_20on_20off,215,21.411,8973840,-30.51994458360151
csuEx93_greenlightbasal_JNL_10off_20on_20off,216,21.511,8958510,-30.638637278092762
csuEx93_greenlightbasal_JNL_10off_20on_20off,217,21.611,8848090,-31.49356534891626
csuEx93_greenlightbasal_JNL_10off_20on_20off,218,21.711,8960880,-30.620287526889612
csuEx93_greenlightbasal_JNL_10off_20on_20off,219,21.811,8910130,-31.013219962990796
csuEx93_greenlightbasal_JNL_10off_20on_20off,220,21.911,8795590,-31.900047179365753
csuEx93_greenlightbasal_JNL_10off_20on_20off,221,22.011,8851650,-31.466002009556256
csuEx93_greenlightbasal_JNL_10off_20on_20off,222,22.111,8717710,-32.503033940421126
csuEx93_greenlightbasal_JNL_10off_20on_20off,223,22.211,8908060,-31.02924696087709
csuEx93_greenlightbasal_JNL_10off_20on_20off,224,22.311,8781970,-32.00550017995094
csuEx93_greenlightbasal_JNL_10off_20on_20off,225,22.411,8663330,-32.924071691656245
csuEx93_greenlightbasal_JNL_10off_20on_20off,226,22.511,8631030,-33.174154798770886
csuEx93_greenlightbasal_JNL_10off_20on_20off,227,22.611,8536760,-33.90404131603706
csuEx93_greenlightbasal_JNL_10off_20on_20off,228,22.711,8547790,-33.818641419087385
csuEx93_greenlightbasal_JNL_10off_20on_20off,229,22.811,8619320,-33.26481960323876
csuEx93_greenlightbasal_JNL_10off_20on_20off,230,22.911,8656710,-32.97532711484816
csuEx93_greenlightbasal_JNL_10off_20on_20off,231,23.011,8702480,-32.62095238380676
csuEx93_greenlightbasal_JNL_10off_20on_20off,232,23.111,8724650,-32.44930091369123
csuEx93_greenlightbasal_JNL_10off_20on_20off,233,23.211,8700200,-32.63860530901485
csuEx93_greenlightbasal_JNL_10off_20on_20off,234,23.311,8723230,-32.460295279391005
csuEx93_greenlightbasal_JNL_10off_20on_20off,235,23.411,8638090,-33.11949267071425
csuEx93_greenlightbasal_JNL_10off_20on_20off,236,23.511,8759950,-32.17599027340805
csuEx93_greenlightbasal_JNL_10off_20on_20off,237,23.611,8627310,-33.20295693989988
csuEx93_greenlightbasal_JNL_10off_20on_20off,238,23.711,8557660,-33.74222283496288
csuEx93_greenlightbasal_JNL_10off_20on_20off,239,23.811,8646270,-33.056158930274684
csuEx93_greenlightbasal_JNL_10off_20on_20off,240,23.911,8674980,-32.833871437851734
csuEx93_greenlightbasal_JNL_10off_20on_20off,241,24.011,8698230,-32.65385805579553
csuEx93_greenlightbasal_JNL_10off_20on_20off,242,24.111,8667540,-32.89147572010972
csuEx93_greenlightbasal_JNL_10off_20on_20off,243,24.211,8638020,-33.120034646488186
csuEx93_greenlightbasal_JNL_10off_20on_20off,244,24.311,8837330,-31.576874767880764
csuEx93_greenlightbasal_JNL_10off_20on_20off,245,24.411,8768190,-32.11219198230511
csuEx93_greenlightbasal_JNL_10off_20on_20off,246,24.511,8711970,-32.547475953883605
csuEx93_greenlightbasal_JNL_10off_20on_20off,247,24.611,8726550,-32.43459014268449
csuEx93_greenlightbasal_JNL_10off_20on_20off,248,24.711,8772420,-32.07944116053747
csuEx93_greenlightbasal_JNL_10off_20on_20off,249,24.811,8601650,-33.401629773601485
csuEx93_greenlightbasal_JNL_10off_20on_20off,250,24.911,8614260,-33.30399670918304
csuEx93_greenlightbasal_JNL_10off_20on_20off,251,25.011,8835290,-31.592669490435377
csuEx93_greenlightbasal_JNL_10off_20on_20off,252,25.111,8787480,-31.962838944031386
csuEx93_greenlightbasal_JNL_10off_20on_20off,253,25.211,8668570,-32.883500933721855
csuEx93_greenlightbasal_JNL_10off_20on_20off,254,25.311,8659960,-32.95016395391557
csuEx93_greenlightbasal_JNL_10off_20on_20off,255,25.411,8708510,-32.57426504213799
csuEx93_greenlightbasal_JNL_10off_20on_20off,256,25.511,8653070,-33.00350985509266
csuEx93_greenlightbasal_JNL_10off_20on_20off,257,25.611,8676460,-32.82241252148859
csuEx93_greenlightbasal_JNL_10off_20on_20off,258,25.711,8588040,-33.5070053490761
csuEx93_greenlightbasal_JNL_10off_20on_20off,259,25.811,8497000,-34.21188355563081
csuEx93_greenlightbasal_JNL_10off_20on_20off,260,25.911,8418780,-34.81750277044529
csuEx93_greenlightbasal_JNL_10off_20on_20off,261,26.011,8466870,-34.44516541375354
csuEx93_greenlightbasal_JNL_10off_20on_20off,262,26.111,8347989.999999999,-35.36559512811234
csuEx93_greenlightbasal_JNL_10off_20on_20off,263,26.211,8243969.999999999,-36.17097112817628
csuEx93_greenlightbasal_JNL_10off_20on_20off,264,26.311,8272449.999999999,-35.950464413296245
csuEx93_greenlightbasal_JNL_10off_20on_20off,265,26.407,8341670.000000001,-35.41452779798739
csuEx93_greenlightbasal_JNL_10off_20on_20off,266,26.505,8342380,-35.4090306151375
csuEx93_greenlightbasal_JNL_10off_20on_20off,267,26.612,8300540,-35.73297727772812
csuEx93_greenlightbasal_JNL_10off_20on_20off,268,26.712,8305700,-35.693025920678224
csuEx93_greenlightbasal_JNL_10off_20on_20off,269,26.812,8283180,-35.86738726966342
csuEx93_greenlightbasal_JNL_10off_20on_20off,270,26.912,8163430,-36.79455296864108
csuEx93_greenlightbasal_JNL_10off_20on_20off,271,27.012,8118750,-37.14048836263124
csuEx93_greenlightbasal_JNL_10off_20on_20off,272,27.112,7953590,-38.41924148867008
csuEx93_greenlightbasal_JNL_10off_20on_20off,273,27.212,8065650,-37.551615699714446
csuEx93_greenlightbasal_JNL_10off_20on_20off,274,27.312,7939870,-38.525468740360886
csuEx93_greenlightbasal_JNL_10off_20on_20off,275,27.412,7987090,-38.15986736828802
csuEx93_greenlightbasal_JNL_10off_20on_20off,276,27.512,7812310,-39.51310345068732
csuEx93_greenlightbasal_JNL_10off_20on_20off,277,27.612,7880980,-38.98142521645938
csuEx93_greenlightbasal_JNL_10off_20on_20off,278,27.712,7831260,-39.36638286617269
csuEx93_greenlightbasal_JNL_10off_20on_20off,279,27.812,7861880,-39.129307177632434
csuEx93_greenlightbasal_JNL_10off_20on_20off,280,27.912,7863260,-39.1186225123749
csuEx93_greenlightbasal_JNL_10off_20on_20off,281,28.012,7819140,-39.4602221001736
csuEx93_greenlightbasal_JNL_10off_20on_20off,282,28.112,7794810,-39.64859739417049
csuEx93_greenlightbasal_JNL_10off_20on_20off,283,28.212,7643490,-40.82019416719178
csuEx93_greenlightbasal_JNL_10off_20on_20off,284,28.312,7687340,-40.480685057378246
csuEx93_greenlightbasal_JNL_10off_20on_20off,285,28.412,7707570,-40.32405405871171
csuEx93_greenlightbasal_JNL_10off_20on_20off,286,28.512,7578220,-41.32554786382871
csuEx93_greenlightbasal_JNL_10off_20on_20off,287,28.61,7503220,-41.906236193042275
csuEx93_greenlightbasal_JNL_10off_20on_20off,288,28.71,7591610,-41.22187564078645
csuEx93_greenlightbasal_JNL_10off_20on_20off,289,28.81,7568870,-41.397940342204
csuEx93_greenlightbasal_JNL_10off_20on_20off,290,28.91,7613490,-41.05246949887721
csuEx93_greenlightbasal_JNL_10off_20on_20off,291,29.01,7607510,-41.098769714993175
csuEx93_greenlightbasal_JNL_10off_20on_20off,292,29.11,7641450,-40.83598888974639
csuEx93_greenlightbasal_JNL_10off_20on_20off,293,29.21,7625520,-40.95932709087135
csuEx93_greenlightbasal_JNL_10off_20on_20off,294,29.31,7690110,-40.45923830175263
csuEx93_greenlightbasal_JNL_10off_20on_20off,295,29.41,7542550,-41.601723233202684
csuEx93_greenlightbasal_JNL_10off_20on_20off,296,29.51,7474820,-42.12612350703782
csuEx93_greenlightbasal_JNL_10off_20on_20off,297,29.61,7424410,-42.516423489379896
csuEx93_greenlightbasal_JNL_10off_20on_20off,298,29.71,7557650,-41.48481131625435
csuEx93_greenlightbasal_JNL_10off_20on_20off,299,29.81,7624260,-40.96908265480214
csuEx93_greenlightbasal_JNL_10off_20on_20off,300,29.91,7518750,-41.78599499633979
csuEx93_greenlightbasal_JNL_10off_20on_20off,301,30.01,7534510,-41.663973022094375
csuEx93_greenlightbasal_JNL_10off_20on_20off,302,30.11,7512220,-41.83655359353665
csuEx93_greenlightbasal_JNL_10off_20on_20off,303,30.21,7514350,-41.82006204498698
csuEx93_greenlightbasal_JNL_10off_20on_20off,304,30.31,7434650,-42.437140176164604
csuEx93_greenlightbasal_JNL_10off_20on_20off,305,30.41,7370300,-42.935370762629844
csuEx93_greenlightbasal_JNL_10off_20on_20off,306,30.51,7471820,-42.149351040206355
csuEx93_greenlightbasal_JNL_10off_20on_20off,307,30.61,7349750,-43.094479364834356
csuEx93_greenlightbasal_JNL_10off_20on_20off,308,30.71,7433410,-42.44674088987427
csuEx93_greenlightbasal_JNL_10off_20on_20off,309,30.81,7550950,-41.536686140330765
csuEx93_greenlightbasal_JNL_10off_20on_20off,310,30.91,7499640,-41.933954382623405
csuEx93_greenlightbasal_JNL_10off_20on_20off,311,31.01,7498520,-41.942625995006324
csuEx93_greenlightbasal_JNL_10off_20on_20off,312,31.11,7543270,-41.596148625242236
csuEx93_greenlightbasal_JNL_10off_20on_20off,313,31.21,7522260,-41.75881878253259
csuEx93_greenlightbasal_JNL_10off_20on_20off,314,31.31,7555220,-41.50362561812087
csuEx93_greenlightbasal_JNL_10off_20on_20off,315,31.41,7499460,-41.93534803461352
csuEx93_greenlightbasal_JNL_10off_20on_20off,316,31.51,7509150,-41.86032310247912
csuEx93_greenlightbasal_JNL_10off_20on_20off,317,31.61,7552190,-41.5270854266211
csuEx93_greenlightbasal_JNL_10off_20on_20off,318,31.71,7501050,-41.923037442034186
csuEx93_greenlightbasal_JNL_10off_20on_20off,319,31.81,7379760,-42.86212660803837
csuEx93_greenlightbasal_JNL_10off_20on_20off,320,31.91,7312500,-43.3828879016771
csuEx93_greenlightbasal_JNL_10off_20on_20off,321,32.01,7382050,-42.84439625771972
csuEx93_greenlightbasal_JNL_10off_20on_20off,322,32.11,7446240,-42.34740447302347
csuEx93_greenlightbasal_JNL_10off_20on_20off,323,32.21,7273810,-43.68244565444074
csuEx93_greenlightbasal_JNL_10off_20on_20off,324,32.31,7424840,-42.51309420962574
csuEx93_greenlightbasal_JNL_10off_20on_20off,325,32.41,7280970,-43.62700927527848
csuEx93_greenlightbasal_JNL_10off_20on_20off,327,32.61,7216520,-44.12601411284934
csuEx93_greenlightbasal_JNL_10off_20on_20off,328,32.71,7298920,-43.488031201820036
csuEx93_greenlightbasal_JNL_10off_20on_20off,329,32.81,7252220,-43.84960646814369
csuEx93_greenlightbasal_JNL_10off_20on_20off,330,32.91,7089640,-45.108383915657576
csuEx93_greenlightbasal_JNL_10off_20on_20off,331,33.01,7193790,-44.30200138915634
csuEx93_greenlightbasal_JNL_10off_20on_20off,332,33.11,7163830,-44.533967020399515
csuEx93_greenlightbasal_JNL_10off_20on_20off,333,33.21,7070400,-45.2573498283785
csuEx93_greenlightbasal_JNL_10off_20on_20off,334,33.31,7088630,-45.116203851824324
csuEx93_greenlightbasal_JNL_10off_20on_20off,335,33.41,6950620,-46.184747802687845
csuEx93_greenlightbasal_JNL_10off_20on_20off,336,33.51,6823510,-47.16889838303901
csuEx93_greenlightbasal_JNL_10off_20on_20off,337,33.61,6793980,-47.39753473452802
csuEx93_greenlightbasal_JNL_10off_20on_20off,338,33.71,6841500,-47.02961060913831
csuEx93_greenlightbasal_JNL_10off_20on_20off,339,33.81,6817340,-47.21666967625564
csuEx93_greenlightbasal_JNL_10off_20on_20off,340,33.91,6725390,-47.928593567871474
csuEx93_greenlightbasal_JNL_10off_20on_20off,341,34.01,6690900,-48.195632774199154
csuEx93_greenlightbasal_JNL_10off_20on_20off,342,34.11,6641910,-48.57493839084145
csuEx93_greenlightbasal_JNL_10off_20on_20off,343,34.21,6597880,-48.9158411526451
csuEx93_greenlightbasal_JNL_10off_20on_20off,344,34.31,6642280,-48.57207366175067
csuEx93_greenlightbasal_JNL_10off_20on_20off,345,34.41,6714700,-48.01136101106205
csuEx93_greenlightbasal_JNL_10off_20on_20off,346,34.51,6601310,-48.8892843397224
csuEx93_greenlightbasal_JNL_10off_20on_20off,347,34.61,6728670,-47.9031981316072
csuEx93_greenlightbasal_JNL_10off_20on_20off,348,34.71,6695460,-48.16032692378297
csuEx93_greenlightbasal_JNL_10off_20on_20off,349,34.81,6689980,-48.20275588437084
csuEx93_greenlightbasal_JNL_10off_20on_20off,350,34.91,6639680,-48.59220419049674
csuEx93_greenlightbasal_JNL_10off_20on_20off,351,35.01,6656660,-48.46073635276279
csuEx93_greenlightbasal_JNL_10off_20on_20off,352,35.11,6673850,-48.32764258770704
csuEx93_greenlightbasal_JNL_10off_20on_20off,353,35.21,6818140,-47.2104756674107
csuEx93_greenlightbasal_JNL_10off_20on_20off,354,35.31,6789790,-47.42997585585342
csuEx93_greenlightbasal_JNL_10off_20on_20off,355,35.41,6607640,-48.840274244736776
csuEx93_greenlightbasal_JNL_10off_20on_20off,356,35.51,6610210,-48.82037599132239
csuEx93_greenlightbasal_JNL_10off_20on_20off,357,35.61,6659910,-48.4355731918302
csuEx93_greenlightbasal_JNL_10off_20on_20off,358,35.71,6682220,-48.262837770166804
csuEx93_greenlightbasal_JNL_10off_20on_20off,359,35.81,6759930,-47.66116723599099
csuEx93_greenlightbasal_JNL_10off_20on_20off,360,35.91,6754000,-47.70708032655414
csuEx93_greenlightbasal_JNL_10off_20on_20off,361,36.01,6745530,-47.77265939519999
csuEx93_greenlightbasal_JNL_10off_20on_20off,362,36.11,6662890,-48.412500508882786
csuEx93_greenlightbasal_JNL_10off_20on_20off,363,36.21,6677800,-48.29705966903512
csuEx93_greenlightbasal_JNL_10off_20on_20off,364,36.31,6573690,-49.10313249509412
csuEx93_greenlightbasal_JNL_10off_20on_20off,365,36.41,6532830,-49.41949149684967
csuEx93_greenlightbasal_JNL_10off_20on_20off,366,36.51,6501560,-49.661599817576445
csuEx93_greenlightbasal_JNL_10off_20on_20off,367,36.61,6552550,-49.26680917882179
csuEx93_greenlightbasal_JNL_10off_20on_20off,368,36.71,6545660,-49.32015507999887
csuEx93_greenlightbasal_JNL_10off_20on_20off,369,36.81,6521720,-49.505510794683836
csuEx93_greenlightbasal_JNL_10off_20on_20off,370,36.91,6480960,-49.821095545333776
csuEx93_greenlightbasal_JNL_10off_20on_20off,371,37.01,6608920,-48.830363830584865
csuEx93_greenlightbasal_JNL_10off_20on_20off,372,37.11,6604740,-48.8627275267997
csuEx93_greenlightbasal_JNL_10off_20on_20off,373,37.21,6589020,-48.984439800602864
csuEx93_greenlightbasal_JNL_10off_20on_20off,374,37.31,6567450,-49.15144576408469
csuEx93_greenlightbasal_JNL_10off_20on_20off,375,37.41,6541460,-49.35267362643483
csuEx93_greenlightbasal_JNL_10off_20on_20off,376,37.51,6630390,-48.664132118208656
csuEx93_greenlightbasal_JNL_10off_20on_20off,377,37.61,6559730,-49.2112179494384
csuEx93_greenlightbasal_JNL_10off_20on_20off,378,37.71,6516680,-49.54453305040699
csuEx93_greenlightbasal_JNL_10off_20on_20off,379,37.81,6464550,-49.9481501517657
csuEx93_greenlightbasal_JNL_10off_20on_20off,380,37.91,6460960,-49.97594576645739
csuEx93_greenlightbasal_JNL_10off_20on_20off,381,38.01,6532250,-49.42398215326226
csuEx93_greenlightbasal_JNL_10off_20on_20off,382,38.11,6477090,-49.8510590631212
csuEx93_greenlightbasal_JNL_10off_20on_20off,383,38.21,6533610,-49.41345233822585
csuEx93_greenlightbasal_JNL_10off_20on_20off,384,38.31,6458220,-49.99716024675133
csuEx93_greenlightbasal_JNL_10off_20on_20off,385,38.41,6505770,-49.629003846029924
csuEx93_greenlightbasal_JNL_10off_20on_20off,386,38.51,6478600,-49.83936787142636
csuEx93_greenlightbasal_JNL_10off_20on_20off,387,38.611,6401510,-50.43623804874735
csuEx93_greenlightbasal_JNL_10off_20on_20off,388,38.711,6422950,-50.27023861170284
csuEx93_greenlightbasal_JNL_10off_20on_20off,389,38.811,6347040,-50.857972625977524
csuEx93_greenlightbasal_JNL_10off_20on_20off,390,38.911,6415290,-50.32954624639318
csuEx93_greenlightbasal_JNL_10off_20on_20off,391,39.011,6353220,-50.81012390765033
csuEx93_greenlightbasal_JNL_10off_20on_20off,392,39.111,6463040,-49.95984134346054
csuEx93_greenlightbasal_JNL_10off_20on_20off,393,39.211,6426410,-50.24344952344845
csuEx93_greenlightbasal_JNL_10off_20on_20off,394,39.311,6403950,-50.41734632177026
csuEx93_greenlightbasal_JNL_10off_20on_20off,395,39.411,6389350,-50.53038698319051
csuEx93_greenlightbasal_JNL_10off_20on_20off,396,39.511,6327990,-51.00546746159777
csuEx93_greenlightbasal_JNL_10off_20on_20off,397,39.611,6331400,-50.97906549889619
csuEx93_greenlightbasal_JNL_10off_20on_20off,398,39.711,6178420,-52.16351484027074
csuEx93_greenlightbasal_JNL_10off_20on_20off,399,39.811,6122880,-52.59353390433104
csuEx93_greenlightbasal_JNL_10off_20on_20off,400,39.911,6183080,-52.127434738748946
csuEx93_greenlightbasal_JNL_10off_20on_20off,401,40.011,6125570,-52.57270654958991
csuEx93_greenlightbasal_JNL_10off_20on_20off,402,40.111,6033300,-53.287108044743725
csuEx93_greenlightbasal_JNL_10off_20on_20off,403,40.211,6166690,-52.25433449495975
csuEx93_greenlightbasal_JNL_10off_20on_20off,404,40.311,6174560,-52.19340093294761
csuEx93_greenlightbasal_JNL_10off_20on_20off,405,40.411,6105860,-52.72531144250723
csuEx93_greenlightbasal_JNL_10off_20on_20off,406,40.511,6115250,-52.6526092636897
csuEx93_greenlightbasal_JNL_10off_20on_20off,407,40.611,6129670,-52.54096225425957
csuEx93_greenlightbasal_JNL_10off_20on_20off,408,40.711,6121450,-52.60460569514137
csuEx93_greenlightbasal_JNL_10off_20on_20off,409,40.811,5912600,-54.22162912922476
csuEx93_greenlightbasal_JNL_10off_20on_20off,410,40.911,6013920,-53.43715790901251
csuEx93_greenlightbasal_JNL_10off_20on_20off,411,41.011,5971610,-53.76474355179952
csuEx93_greenlightbasal_JNL_10off_20on_20off,412,41.111,5948290,-53.945298909629656
csuEx93_greenlightbasal_JNL_10off_20on_20off,413,41.211,5988290,-53.63559846738243
csuEx93_greenlightbasal_JNL_10off_20on_20off,414,41.311,6004990,-53.506298532744204
csuEx93_greenlightbasal_JNL_10off_20on_20off,415,41.411,5943120,-53.98532769179012
csuEx93_greenlightbasal_JNL_10off_20on_20off,416,41.511,5959800,-53.856182607373015
csuEx93_greenlightbasal_JNL_10off_20on_20off,417,41.611,5989820,-53.62375242546646
csuEx93_greenlightbasal_JNL_10off_20on_20off,418,41.711,5914270,-54.20869913576093
csuEx93_greenlightbasal_JNL_10off_20on_20off,419,41.811,5961500,-53.84302033857751
csuEx93_greenlightbasal_JNL_10off_20on_20off,420,41.911,5937430,-54.02938257969978
csuEx93_greenlightbasal_JNL_10off_20on_20off,421,42.011,5951560,-53.91998089847595
csuEx93_greenlightbasal_JNL_10off_20on_20off,422,42.111,5733080,-55.61156471403035
csuEx93_greenlightbasal_JNL_10off_20on_20off,423,42.211,5812590,-54.99595765995341
csuEx93_greenlightbasal_JNL_10off_20on_20off,424,42.311,5756480,-55.43038995531572
csuEx93_greenlightbasal_JNL_10off_20on_20off,425,42.411,5702100,-55.85142770655084
csuEx93_greenlightbasal_JNL_10off_20on_20off,426,42.511,5589360,-56.724318403024675
csuEx93_greenlightbasal_JNL_10off_20on_20off,427,42.611,5579980,-56.79694315673165
csuEx93_greenlightbasal_JNL_10off_20on_20off,428,42.711,5516690,-57.28696668147734
csuEx93_greenlightbasal_JNL_10off_20on_20off,429,42.811,5502280,-57.398536265796906
csuEx93_greenlightbasal_JNL_10off_20on_20off,430,42.911,5452410,-57.78465529216865
csuEx93_greenlightbasal_JNL_10off_20on_20off,431,43.011,5477650,-57.58923431311064
csuEx93_greenlightbasal_JNL_10off_20on_20off,432,43.111,5398930,-58.1987247834532
csuEx93_greenlightbasal_JNL_10off_20on_20off,433,43.211,5510670,-57.33357659803555
csuEx93_greenlightbasal_JNL_10off_20on_20off,434,43.311,5435980,-57.91186474882169
csuEx93_greenlightbasal_JNL_10off_20on_20off,435,43.411,5420820,-58.029241216433405
csuEx93_greenlightbasal_JNL_10off_20on_20off,436,43.511,5394740,-58.23116590477861
csuEx93_greenlightbasal_JNL_10off_20on_20off,437,43.611,5404860,-58.15281169289005
csuEx93_greenlightbasal_JNL_10off_20on_20off,438,43.711,5324190,-58.777400059792164
csuEx93_greenlightbasal_JNL_10off_20on_20off,439,43.811,5196950,-59.76255716658062
csuEx93_greenlightbasal_JNL_10off_20on_20off,440,43.911,5266380,-59.224994623949975
csuEx93_greenlightbasal_JNL_10off_20on_20off,441,44.011,5298480,-58.97646001904657
csuEx93_greenlightbasal_JNL_10off_20on_20off,442,44.111,5200390,-59.73592292854736
csuEx93_greenlightbasal_JNL_10off_20on_20off,443,44.211,5269370,-59.201844515892
csuEx93_greenlightbasal_JNL_10off_20on_20off,444,44.311,5268380,-59.20950960183762
csuEx93_greenlightbasal_JNL_10off_20on_20off,445,44.411,5290460,-59.038554957717146
csuEx93_greenlightbasal_JNL_10off_20on_20off,446,44.511,5266520,-59.22391067240211
csuEx93_greenlightbasal_JNL_10off_20on_20off,447,44.611,5364710,-58.46367351179571
csuEx93_greenlightbasal_JNL_10off_20on_20off,448,44.711,5230520,-59.50264107042463
csuEx93_greenlightbasal_JNL_10off_20on_20off,449,44.811,5238110,-59.443875411508216
csuEx93_greenlightbasal_JNL_10off_20on_20off,450,44.911,5128670,-60.29121582149666
csuEx93_greenlightbasal_JNL_10off_20on_20off,451,45.011,5035660,-61.01134677483204
csuEx93_greenlightbasal_JNL_10off_20on_20off,452,45.111,4944030,-61.7207930629099
csuEx93_greenlightbasal_JNL_10off_20on_20off,453,45.211,5090550,-60.586360342958265
csuEx93_greenlightbasal_JNL_10off_20on_20off,454,45.311,5077150,-60.69010999111109
csuEx93_greenlightbasal_JNL_10off_20on_20off,455,45.411,5117820,-60.375222066456224
csuEx93_greenlightbasal_JNL_10off_20on_20off,456,45.511,5239580,-59.43249392025564
csuEx93_greenlightbasal_JNL_10off_20on_20off,457,45.611,5250030,-59.35158467971854
csuEx93_greenlightbasal_JNL_10off_20on_20off,458,45.711,5152140,-60.10949908700809
csuEx93_greenlightbasal_JNL_10off_20on_20off,459,45.811,4944830,-61.714599054064955
csuEx93_greenlightbasal_JNL_10off_20on_20off,460,45.911,5077480,-60.687554962462556
csuEx93_greenlightbasal_JNL_10off_20on_20off,461,46.011,5043060,-60.95405219301631
csuEx93_greenlightbasal_JNL_10off_20on_20off,462,46.111,5121170,-60.349284654418014
csuEx93_greenlightbasal_JNL_10off_20on_20off,463,46.211,5024500,-61.09775319821902
csuEx93_greenlightbasal_JNL_10off_20on_20off,464,46.311,5156320,-60.07713539079326
csuEx93_greenlightbasal_JNL_10off_20on_20off,465,46.411,5143330,-60.17771060941305
csuEx93_greenlightbasal_JNL_10off_20on_20off,466,46.511,5010660,-61.20490955123656
csuEx93_greenlightbasal_JNL_10off_20on_20off,467,46.611,4962720,-61.576085531269875
csuEx93_greenlightbasal_JNL_10off_20on_20off,468,46.711,4935970,-61.78319770202272
csuEx93_greenlightbasal_JNL_10off_20on_20off,469,46.811,4828470,-62.61551764056217
csuEx93_greenlightbasal_JNL_10off_20on_20off,470,46.911,4834740,-62.566972096239915
csuEx93_greenlightbasal_JNL_10off_20on_20off,471,47.011,4969030,-61.52723028650537
csuEx93_greenlightbasal_JNL_10off_20on_20off,472,47.111,4849670,-62.451376406171136
csuEx93_greenlightbasal_JNL_10off_20on_20off,473,47.211,4762200,-63.12861384825528
csuEx93_greenlightbasal_JNL_10off_20on_20off,474,47.311,4762360,-63.12737504648629
csuEx93_greenlightbasal_JNL_10off_20on_20off,475,47.411,4825220,-62.64068080149475
csuEx93_greenlightbasal_JNL_10off_20on_20off,476,47.511,4837020,-62.54931917103181
csuEx93_greenlightbasal_JNL_10off_20on_20off,477,47.611,4811700,-62.74535955097432
csuEx93_greenlightbasal_JNL_10off_20on_20off,478,47.711,4849300,-62.45424113526191
csuEx93_greenlightbasal_JNL_10off_20on_20off,479,47.811,4680850,-63.75846712267559
csuEx93_greenlightbasal_JNL_10off_20on_20off,480,47.911,4468600,-65.40181509434998
csuEx93_greenlightbasal_JNL_10off_20on_20off,481,48.011,4581520,-64.52753074588604
csuEx93_greenlightbasal_JNL_10off_20on_20off,482,48.111,4486060,-65.26663085130907
csuEx93_greenlightbasal_JNL_10off_20on_20off,483,48.211,4514220,-65.04860173996701
csuEx93_greenlightbasal_JNL_10off_20on_20off,484,48.311,4658550,-63.931125119228426
csuEx93_greenlightbasal_JNL_10off_20on_20off,485,48.411,4580710,-64.53380217984154
csuEx93_greenlightbasal_JNL_10off_20on_20off,486,48.511,4626380,-64.18020169990577
csuEx93_greenlightbasal_JNL_10off_20on_20off,487,48.611,4590370,-64.45900952303883
csuEx93_greenlightbasal_JNL_10off_20on_20off,488,48.711,4606560,-64.33365826903928
csuEx93_greenlightbasal_JNL_10off_20on_20off,489,48.811,4596910,-64.40837350073141
csuEx93_greenlightbasal_JNL_10off_20on_20off,490,48.911,4693390,-63.66137603403108
csuEx93_greenlightbasal_JNL_10off_20on_20off,491,49.011,4569320,-64.62198938077145
csuEx93_greenlightbasal_JNL_10off_20on_20off,492,49.111,4531630,-64.9138046224789
csuEx93_greenlightbasal_JNL_10off_20on_20off,493,49.211,4415330,-65.81425865831274
csuEx93_greenlightbasal_JNL_10off_20on_20off,494,49.311,4495820,-65.19106394340074
csuEx93_greenlightbasal_JNL_10off_20on_20off,495,49.411,4714210,-63.50017695384139
csuEx93_greenlightbasal_JNL_10off_20on_20off,496,49.511,4735620,-63.33440979212857
csuEx93_greenlightbasal_JNL_10off_20on_20off,497,49.611,4649630,-64.00018831784956
csuEx93_greenlightbasal_JNL_10off_20on_20off,498,49.711,4714330,-63.49924785251465
csuEx93_greenlightbasal_JNL_10off_20on_20off,499,49.811,4854190,-62.41638025619719
csuEx93_greenlightbasal_JNL_10off_20on_20off,500,49.911,4874350,-62.260291233304585
csuEx93_greenlightbasal_JNL_10off_20on_20off,501,50.011,4843450,-62.499534824940575
csuEx93_greenlightbasal_JNL_10off_20on_20off,502,50.111,4741780,-63.28671592402249
csuEx93_greenlightbasal_JNL_10off_20on_20off,503,50.211,4919880,-61.90777470491666
csuEx93_greenlightbasal_JNL_10off_20on_20off,504,50.311,4742590,-63.28044449006698
csuEx93_greenlightbasal_JNL_10off_20on_20off,505,50.411,4730450,-63.374438574289016
csuEx93_greenlightbasal_JNL_10off_20on_20off,506,50.511,4808750,-62.76819995859005
csuEx93_greenlightbasal_JNL_10off_20on_20off,507,50.611,4772210,-63.05111131258291
csuEx93_greenlightbasal_JNL_10off_20on_20off,508,50.711,4721350,-63.44489542490026
csuEx93_greenlightbasal_JNL_10off_20on_20off,509,50.811,4760280,-63.14347946948315
csuEx93_greenlightbasal_JNL_10off_20on_20off,510,50.911,4747980,-63.23871235547417
csuEx93_greenlightbasal_JNL_10off_20on_20off,511,51.011,4695740,-63.643181133049055
csuEx93_greenlightbasal_JNL_10off_20on_20off,512,51.111,4616540,-64.25638800869858
csuEx93_greenlightbasal_JNL_10off_20on_20off,513,51.211,4650200,-63.99577508654753
csuEx93_greenlightbasal_JNL_10off_20on_20off,514,51.311,4662590,-63.89984537456146
csuEx93_greenlightbasal_JNL_10off_20on_20off,515,51.411,4747280,-63.24413211321349
csuEx93_greenlightbasal_JNL_10off_20on_20off,516,51.511,4602320,-64.36648651591747
csuEx93_greenlightbasal_JNL_10off_20on_20off,517,51.611,4512600,-65.06114460787803
csuEx93_greenlightbasal_JNL_10off_20on_20off,518,51.711,4451380,-65.53514113473743
csuEx93_greenlightbasal_JNL_10off_20on_20off,519,51.811,4533040,-64.90288768188968
csuEx93_greenlightbasal_JNL_10off_20on_20off,520,51.911,4434450,-65.66622184691857
csuEx93_greenlightbasal_JNL_10off_20on_20off,521,52.011,4394880,-65.97259300941165
csuEx93_greenlightbasal_JNL_10off_20on_20off,522,52.111,4444900,-65.58531260638148
csuEx93_greenlightbasal_JNL_10off_20on_20off,523,52.211,4579680,-64.54177696622942
csuEx93_greenlightbasal_JNL_10off_20on_20off,524,52.311,4581300,-64.5292340983184
csuEx93_greenlightbasal_JNL_10off_20on_20off,525,52.411,4603740,-64.3554921502177
csuEx93_greenlightbasal_JNL_10off_20on_20off,526,52.511,4395860,-65.96500534857658
csuEx93_greenlightbasal_JNL_10off_20on_20off,527,52.611,4479430,-65.31796369961155
csuEx93_greenlightbasal_JNL_10off_20on_20off,528,52.711,4465220,-65.42798478171989
csuEx93_greenlightbasal_JNL_10off_20on_20off,529,52.811,4607070,-64.32970958840062
csuEx93_greenlightbasal_JNL_10off_20on_20off,530,52.911,4588040,-64.47704957379973
csuEx93_greenlightbasal_JNL_10off_20on_20off,531,53.011,4576550,-64.56601102583525
csuEx93_greenlightbasal_JNL_10off_20on_20off,532,53.111,4538030,-64.86425255171935
csuEx93_greenlightbasal_JNL_10off_20on_20off,533,53.211,4497900,-65.17495952040389
csuEx93_greenlightbasal_JNL_10off_20on_20off,534,53.311,4467200,-65.41265460982865
csuEx93_greenlightbasal_JNL_10off_20on_20off,535,53.411,4436120,-65.65329185345475
csuEx93_greenlightbasal_JNL_10off_20on_20off,536,53.511,4351680,-66.30706948703866
csuEx93_greenlightbasal_JNL_10off_20on_20off,537,53.611,4361360,-66.23212198001482
csuEx93_greenlightbasal_JNL_10off_20on_20off,538,53.711,4365690,-66.19859690714158
csuEx93_greenlightbasal_JNL_10off_20on_20off,539,53.811,4203020,-67.45807118065052
csuEx93_greenlightbasal_JNL_10off_20on_20off,540,53.911,4309340,-66.63488740515736
csuEx93_greenlightbasal_JNL_10off_20on_20off,541,54.011,4344340,-66.36389951819103
csuEx93_greenlightbasal_JNL_10off_20on_20off,542,54.111,4375380,-66.12357197500718
csuEx93_greenlightbasal_JNL_10off_20on_20off,543,54.211,4374470,-66.1306176600683
csuEx93_greenlightbasal_JNL_10off_20on_20off,544,54.311,4446940,-65.56951788382686
csuEx93_greenlightbasal_JNL_10off_20on_20off,545,54.411,4477180,-65.33538434948795
csuEx93_greenlightbasal_JNL_10off_20on_20off,546,54.511,4491150,-65.22722147003311
csuEx93_greenlightbasal_JNL_10off_20on_20off,547,54.611,4356570,-66.26920860797394
csuEx93_greenlightbasal_JNL_10off_20on_20off,548,54.711,4385520,-66.0450629128975
csuEx93_greenlightbasal_JNL_10off_20on_20off,549,54.811,4331170,-66.46586838880093
csuEx93_greenlightbasal_JNL_10off_20on_20off,550,54.911,4203210,-67.45660010354983
csuEx93_greenlightbasal_JNL_10off_20on_20off,551,55.011,4200790,-67.4753369803058
csuEx93_greenlightbasal_JNL_10off_20on_20off,552,55.111,4287990,-66.80019001620681
csuEx93_greenlightbasal_JNL_10off_20on_20off,553,55.211,4185469.9999999995,-67.59395224968648
csuEx93_greenlightbasal_JNL_10off_20on_20off,554,55.311,4227850,-67.26582463112555
csuEx93_greenlightbasal_JNL_10off_20on_20off,555,55.411,4169760,-67.71558709837909
csuEx93_greenlightbasal_JNL_10off_20on_20off,556,55.511,4250130,-67.09332148479383
csuEx93_greenlightbasal_JNL_10off_20on_20off,557,55.611,4194260,-67.52589557750267
csuEx93_greenlightbasal_JNL_10off_20on_20off,558,55.711,4265310,-66.975790166961
csuEx93_greenlightbasal_JNL_10off_20on_20off,559,55.811,4250010,-67.09425058612058
csuEx93_greenlightbasal_JNL_10off_20on_20off,560,55.911,4223400,-67.30027880532555
csuEx93_greenlightbasal_JNL_10off_20on_20off,561,56.011,4206380,-67.43205634350174
csuEx93_greenlightbasal_JNL_10off_20on_20off,562,56.111,4034099.9999999995,-68.7659361482606
csuEx93_greenlightbasal_JNL_10off_20on_20off,563,56.211,3897990,-69.81976932811737
csuEx93_greenlightbasal_JNL_10off_20on_20off,564,56.311,3913330,-69.70099920851555
csuEx93_greenlightbasal_JNL_10off_20on_20off,565,56.411,3871230,-70.02695892398077
csuEx93_greenlightbasal_JNL_10off_20on_20off,566,56.511,3703890,-71.3225907241221
csuEx93_greenlightbasal_JNL_10off_20on_20off,567,56.611,3778830,-70.7423669455719
csuEx93_greenlightbasal_JNL_10off_20on_20off,568,56.711,3722270,-71.18028337090949
csuEx93_greenlightbasal_JNL_10off_20on_20off,569,56.811,3835760,-70.30158579114352
csuEx93_greenlightbasal_JNL_10off_20on_20off,570,56.911,3779730,-70.73539868562133
csuEx93_greenlightbasal_JNL_10off_20on_20off,571,57.011,3856270,-70.14278688938124
csuEx93_greenlightbasal_JNL_10off_20on_20off,572,57.111,3732240,-71.10309053567936
csuEx93_greenlightbasal_JNL_10off_20on_20off,573,57.211,3769430,-70.8151465495
csuEx93_greenlightbasal_JNL_10off_20on_20off,574,57.311,3774960,-70.77233046335931
csuEx93_greenlightbasal_JNL_10off_20on_20off,575,57.411,3650230,-71.73805386739676
csuEx93_greenlightbasal_JNL_10off_20on_20off,576,57.511,3674970,-71.54650414386684
csuEx93_greenlightbasal_JNL_10off_20on_20off,577,57.611,3652320,-71.72187201928935
csuEx93_greenlightbasal_JNL_10off_20on_20off,578,57.711,3686210,-71.45947831959538
csuEx93_greenlightbasal_JNL_10off_20on_20off,579,57.811,3578320,-72.29481783744673
csuEx93_greenlightbasal_JNL_10off_20on_20off,580,57.911,3645500,-71.77467594469249
csuEx93_greenlightbasal_JNL_10off_20on_20off,581,58.011,3560780,-72.43062148137214
csuEx93_greenlightbasal_JNL_10off_20on_20off,582,58.111,3701560,-71.340630774883
csuEx93_greenlightbasal_JNL_10off_20on_20off,583,58.211,3570870,-72.35249954481527
csuEx93_greenlightbasal_JNL_10off_20on_20off,584,58.311,3419640,-73.52339949184152
csuEx93_greenlightbasal_JNL_10off_20on_20off,585,58.411,3513380,-72.79761650543512
csuEx93_greenlightbasal_JNL_10off_20on_20off,586,58.511,3463390,-73.1846646331336
csuEx93_greenlightbasal_JNL_10off_20on_20off,587,58.611,3434350,-73.40950715420509
csuEx93_greenlightbasal_JNL_10off_20on_20off,588,58.711,3447430,-73.30823510959024
csuEx93_greenlightbasal_JNL_10off_20on_20off,589,58.811,3457170,-73.23282305190305
csuEx93_greenlightbasal_JNL_10off_20on_20off,590,58.911,3470400,-73.13038963062978
csuEx93_greenlightbasal_JNL_10off_20on_20off,591,59.011,3320260,-74.29285024060478
csuEx93_greenlightbasal_JNL_10off_20on_20off,592,59.111,3227620,-75.010116464849375
csuEx93_greenlightbasal_JNL_10off_20on_20off,593,59.211,3309980,-74.37244325426231
csuEx93_greenlightbasal_JNL_10off_20on_20off,594,59.311,3395550,-73.7099165831849
csuEx93_greenlightbasal_JNL_10off_20on_20off,595,59.411,3305780,-74.40496180069827
csuEx93_greenlightbasal_JNL_10off_20on_20off,596,59.511,3345710,-74.09580333422497
csuEx93_greenlightbasal_JNL_10off_20on_20off,597,59.611,3365730,-73.94079826288022
csuEx93_greenlightbasal_JNL_10off_20on_20off,598,59.711,3284950,-74.56623830599852
csuEx93_greenlightbasal_JNL_10off_20on_20off,599,59.811,3233640,-74.96350654829116
csuEx93_greenlightbasal_JNL_10off_20on_20off,600,59.911,3230510,-74.98774060789701
