stim_jnl,frame,time_s,fluor,dff
csuEx72_NaAc_0.25M_JNL_10off_20on_20off,2,0.1,18939000,0.3011208405826116
csuEx72_NaAc_0.25M_JNL_10off_20on_20off,3,0.2,18713000,-0.8957772696645857
csuEx72_NaAc_0.25M_JNL_10off_20on_20off,4,0.3,18626300,-1.3549412792151698
csuEx72_NaAc_0.25M_JNL_10off_20on_20off,5,0.4,18644400,-1.2590835102086466
csuEx72_NaAc_0.25M_JNL_10off_20on_20off,6,0.5,18785300,-0.5128757945722301
csuEx72_NaAc_0.25M_JNL_10off_20on_20off,7,0.6,18761300,-0.6399800186692777
csuEx72_NaAc_0.25M_JNL_10off_20on_20off,8,0.7,19136900,1.3492010884495158
csuEx72_NaAc_0.25M_JNL_10off_20on_20off,9,0.8,18668900,-1.1293312814429106
csuEx72_NaAc_0.25M_JNL_10off_20on_20off,10,0.9,18920000,0.200496663172449
csuEx72_NaAc_0.25M_JNL_10off_20on_20off,11,1,18889200,0.03737957558123803
csuEx72_NaAc_0.25M_JNL_10off_20on_20off,12,1.1,18995400,0.5998157672106733
csuEx72_NaAc_0.25M_JNL_10off_20on_20off,13,1.2,18751500,-0.691880910175572
csuEx72_NaAc_0.25M_JNL_10off_20on_20off,14,1.3,18910900,0.1523029782023185
csuEx72_NaAc_0.25M_JNL_10off_20on_20off,15,1.4,18868500,-0.07224781770246544
csuEx72_NaAc_0.25M_JNL_10off_20on_20off,16,1.5,18881800,-0.0018108935153516143
csuEx72_NaAc_0.25M_JNL_10off_20on_20off,17,1.6,18740600,-0.7496074119529811
csuEx72_NaAc_0.25M_JNL_10off_20on_20off,18,1.7,18878200,-0.02087652712990874
csuEx72_NaAc_0.25M_JNL_10off_20on_20off,19,1.8,18754600,-0.6754632812297033
csuEx72_NaAc_0.25M_JNL_10off_20on_20off,20,1.9,18885100,0.015665937297992417
csuEx72_NaAc_0.25M_JNL_10off_20on_20off,21,2,18928800,0.2471015453413664
csuEx72_NaAc_0.25M_JNL_10off_20on_20off,22,2.1,18948600,0.3519625302214306
csuEx72_NaAc_0.25M_JNL_10off_20on_20off,23,2.2,18872200,-0.05265258315417062
csuEx72_NaAc_0.25M_JNL_10off_20on_20off,24,2.3,19043900,0.8566722200734567
csuEx72_NaAc_0.25M_JNL_10off_20on_20off,25,2.4,18737200,-0.7676138437000628
csuEx72_NaAc_0.25M_JNL_10off_20on_20off,26,2.5,18858500,-0.12520791107623525
csuEx72_NaAc_0.25M_JNL_10off_20on_20off,27,2.6,18694000,-0.9964014470747483
csuEx72_NaAc_0.25M_JNL_10off_20on_20off,28,2.7,19053400,0.9069843087785381
csuEx72_NaAc_0.25M_JNL_10off_20on_20off,29,2.8,19124400,1.2830009717323037
csuEx72_NaAc_0.25M_JNL_10off_20on_20off,30,2.9,18871700,-0.055300587822859106
csuEx72_NaAc_0.25M_JNL_10off_20on_20off,31,3,18889700,0.040027580249926524
csuEx72_NaAc_0.25M_JNL_10off_20on_20off,32,3.1,18897000,0.07868844841277847
csuEx72_NaAc_0.25M_JNL_10off_20on_20off,33,3.2,18817800,-0.3407554911074783
csuEx72_NaAc_0.25M_JNL_10off_20on_20off,34,3.3,18897700,0.08239565494894237
csuEx72_NaAc_0.25M_JNL_10off_20on_20off,35,3.4,19001900,0.6342398279036235
csuEx72_NaAc_0.25M_JNL_10off_20on_20off,36,3.5,18835500,-0.24701612583590574
csuEx72_NaAc_0.25M_JNL_10off_20on_20off,37,3.6,18868000,-0.07489582237115393
csuEx72_NaAc_0.25M_JNL_10off_20on_20off,38,3.7,18785400,-0.5123461936384924
csuEx72_NaAc_0.25M_JNL_10off_20on_20off,39,3.8,18924300,0.22326950332317003
csuEx72_NaAc_0.25M_JNL_10off_20on_20off,40,3.9,19049000,0.8836818676940793
csuEx72_NaAc_0.25M_JNL_10off_20on_20off,41,4,18691600,-1.009111869484453
csuEx72_NaAc_0.25M_JNL_10off_20on_20off,42,4.1,18719000,-0.8640012136403239
csuEx72_NaAc_0.25M_JNL_10off_20on_20off,43,4.198,18953200,0.37632417317336475
csuEx72_NaAc_0.25M_JNL_10off_20on_20off,44,4.298,19225500,1.818427515741116
csuEx72_NaAc_0.25M_JNL_10off_20on_20off,45,4.398,18807900,-0.39318598354751044
csuEx72_NaAc_0.25M_JNL_10off_20on_20off,46,4.498,18808100,-0.39212678168003495
csuEx72_NaAc_0.25M_JNL_10off_20on_20off,47,4.598,19088400,1.0923446355867323
csuEx72_NaAc_0.25M_JNL_10off_20on_20off,48,4.698,19163900,1.4921933405586942
csuEx72_NaAc_0.25M_JNL_10off_20on_20off,49,4.798,19218300,1.780296248512002
csuEx72_NaAc_0.25M_JNL_10off_20on_20off,50,4.898,18993500,0.589753349469657
csuEx72_NaAc_0.25M_JNL_10off_20on_20off,51,4.998,18872200,-0.05265258315417062
csuEx72_NaAc_0.25M_JNL_10off_20on_20off,52,5.098,19130500,1.3153066286903032
csuEx72_NaAc_0.25M_JNL_10off_20on_20off,53,5.198,19042500,0.849257807001129
csuEx72_NaAc_0.25M_JNL_10off_20on_20off,54,5.299,19021200,0.7364528081149994
csuEx72_NaAc_0.25M_JNL_10off_20on_20off,55,5.398,18859900,-0.11779349800390747
csuEx72_NaAc_0.25M_JNL_10off_20on_20off,56,5.498,18849500,-0.17287199511262805
csuEx72_NaAc_0.25M_JNL_10off_20on_20off,57,5.598,19148800,1.4122235995643018
csuEx72_NaAc_0.25M_JNL_10off_20on_20off,58,5.698,18809200,-0.3863011714089203
csuEx72_NaAc_0.25M_JNL_10off_20on_20off,59,5.798,18949200,0.3551401358238568
csuEx72_NaAc_0.25M_JNL_10off_20on_20off,60,5.898,18894000,0.06280042040064754
csuEx72_NaAc_0.25M_JNL_10off_20on_20off,61,5.998,18949500,0.3567289386250699
csuEx72_NaAc_0.25M_JNL_10off_20on_20off,62,6.098,18960300,0.4139258394687413
csuEx72_NaAc_0.25M_JNL_10off_20on_20off,63,6.198,18867800,-0.07595502423862932
csuEx72_NaAc_0.25M_JNL_10off_20on_20off,64,6.298,18857200,-0.1320927232148253
csuEx72_NaAc_0.25M_JNL_10off_20on_20off,65,6.398,18960100,0.4128666376012659
csuEx72_NaAc_0.25M_JNL_10off_20on_20off,66,6.498,19065300,0.970006819893324
csuEx72_NaAc_0.25M_JNL_10off_20on_20off,67,6.598,18736100,-0.7734394539711775
csuEx72_NaAc_0.25M_JNL_10off_20on_20off,68,6.698,18819800,-0.33016347243272437
csuEx72_NaAc_0.25M_JNL_10off_20on_20off,69,6.798,18820200,-0.32804506869777356
csuEx72_NaAc_0.25M_JNL_10off_20on_20off,70,6.898,19054900,0.9149283227846035
csuEx72_NaAc_0.25M_JNL_10off_20on_20off,71,6.998,18706500,-0.930201330357536
csuEx72_NaAc_0.25M_JNL_10off_20on_20off,72,7.098,18783200,-0.5239974141807218
csuEx72_NaAc_0.25M_JNL_10off_20on_20off,73,7.198,18643500,-1.2638499186122858
csuEx72_NaAc_0.25M_JNL_10off_20on_20off,74,7.298,18564300,-1.6832938581325423
csuEx72_NaAc_0.25M_JNL_10off_20on_20off,75,7.398,18610800,-1.4370294239445132
csuEx72_NaAc_0.25M_JNL_10off_20on_20off,76,7.498,18827800,-0.2877953977337085
csuEx72_NaAc_0.25M_JNL_10off_20on_20off,77,7.598,18695500,-0.9884574330686828
csuEx72_NaAc_0.25M_JNL_10off_20on_20off,78,7.698,18896600,0.07657004467782769
csuEx72_NaAc_0.25M_JNL_10off_20on_20off,79,7.798,18707600,-0.9243757200864214
csuEx72_NaAc_0.25M_JNL_10off_20on_20off,80,7.898,18681500,-1.0626015637919606
csuEx72_NaAc_0.25M_JNL_10off_20on_20off,81,7.998,18664700,-1.1515745206598937
csuEx72_NaAc_0.25M_JNL_10off_20on_20off,82,8.098,18670600,-1.1203280655693697
csuEx72_NaAc_0.25M_JNL_10off_20on_20off,83,8.198,18862100,-0.1061422774616781
csuEx72_NaAc_0.25M_JNL_10off_20on_20off,84,8.298,19105400,1.182376794322141
csuEx72_NaAc_0.25M_JNL_10off_20on_20off,85,8.398,18514600,-1.9465055222001784
csuEx72_NaAc_0.25M_JNL_10off_20on_20off,86,8.498,18907700,0.13535574832271216
csuEx72_NaAc_0.25M_JNL_10off_20on_20off,87,8.598,18745700,-0.7225977643323586
csuEx72_NaAc_0.25M_JNL_10off_20on_20off,88,8.698,18571400,-1.6456921918371659
csuEx72_NaAc_0.25M_JNL_10off_20on_20off,89,8.798,18988400,0.5627437018490343
csuEx72_NaAc_0.25M_JNL_10off_20on_20off,90,8.898,18550200,-1.757967589789558
csuEx72_NaAc_0.25M_JNL_10off_20on_20off,91,8.998,18671100,-1.1176800609006812
csuEx72_NaAc_0.25M_JNL_10off_20on_20off,92,9.098,18766700,-0.6113815682474419
csuEx72_NaAc_0.25M_JNL_10off_20on_20off,93,9.198,18910800,0.15177337726858078
csuEx72_NaAc_0.25M_JNL_10off_20on_20off,94,9.298,18654800,-1.2040050130999258
csuEx72_NaAc_0.25M_JNL_10off_20on_20off,95,9.398,18596300,-1.5138215593364792
csuEx72_NaAc_0.25M_JNL_10off_20on_20off,96,9.498,18562300,-1.6938858768072964
csuEx72_NaAc_0.25M_JNL_10off_20on_20off,97,9.598,18635800,-1.3046291905100884
csuEx72_NaAc_0.25M_JNL_10off_20on_20off,98,9.698,18555000,-1.7325467449701486
csuEx72_NaAc_0.25M_JNL_10off_20on_20off,99,9.798,18488300,-2.0857905677731927
csuEx72_NaAc_0.25M_JNL_10off_20on_20off,100,9.898,18498900,-2.029652868796997
csuEx72_NaAc_0.25M_JNL_10off_20on_20off,101,9.998,18374900,-2.6863580266317424
csuEx72_NaAc_0.25M_JNL_10off_20on_20off,102,10.099,17917000,-5.111400702216661
csuEx72_NaAc_0.25M_JNL_10off_20on_20off,103,10.198,17858100,-5.4233356521881655
csuEx72_NaAc_0.25M_JNL_10off_20on_20off,104,10.298,17521900,-7.203853991414305
csuEx72_NaAc_0.25M_JNL_10off_20on_20off,105,10.398,17541900,-7.0979338046667655
csuEx72_NaAc_0.25M_JNL_10off_20on_20off,106,10.498,17252400,-8.631128507837401
csuEx72_NaAc_0.25M_JNL_10off_20on_20off,107,10.598,17193100,-8.945181861543857
csuEx72_NaAc_0.25M_JNL_10off_20on_20off,108,10.698,17206200,-8.875804139224218
csuEx72_NaAc_0.25M_JNL_10off_20on_20off,109,10.798,17263200,-8.57393160699373
csuEx72_NaAc_0.25M_JNL_10off_20on_20off,110,10.898,17547600,-7.067746551443717
csuEx72_NaAc_0.25M_JNL_10off_20on_20off,111,10.998,17397500,-7.862677552984001
csuEx72_NaAc_0.25M_JNL_10off_20on_20off,112,11.098,17305300,-8.35096961389016
csuEx72_NaAc_0.25M_JNL_10off_20on_20off,113,11.199,17419200,-7.747754150362922
csuEx72_NaAc_0.25M_JNL_10off_20on_20off,114,11.298,17460400,-7.52955856566299
csuEx72_NaAc_0.25M_JNL_10off_20on_20off,115,11.398,17641100,-6.5725696783989696
csuEx72_NaAc_0.25M_JNL_10off_20on_20off,116,11.498,17693600,-6.2945291881866785
csuEx72_NaAc_0.25M_JNL_10off_20on_20off,117,11.598,17768300,-5.898917290684618
csuEx72_NaAc_0.25M_JNL_10off_20on_20off,118,11.698,17402900,-7.834079102562167
csuEx72_NaAc_0.25M_JNL_10off_20on_20off,119,11.798,17277600,-8.497669072535501
csuEx72_NaAc_0.25M_JNL_10off_20on_20off,120,11.899,17360800,-8.057041095665737
csuEx72_NaAc_0.25M_JNL_10off_20on_20off,121,11.998,17514700,-7.24198525864342
csuEx72_NaAc_0.25M_JNL_10off_20on_20off,122,12.098,17182200,-9.002908363321266
csuEx72_NaAc_0.25M_JNL_10off_20on_20off,123,12.199,17671100,-6.413689398277661
csuEx72_NaAc_0.25M_JNL_10off_20on_20off,124,12.298,17419000,-7.748813352230396
csuEx72_NaAc_0.25M_JNL_10off_20on_20off,125,12.398,17492900,-7.3574382621982375
csuEx72_NaAc_0.25M_JNL_10off_20on_20off,126,12.498,17378800,-7.961712927592951
csuEx72_NaAc_0.25M_JNL_10off_20on_20off,127,12.598,17205600,-8.878981744826644
csuEx72_NaAc_0.25M_JNL_10off_20on_20off,128,12.698,17441200,-7.631241944940628
csuEx72_NaAc_0.25M_JNL_10off_20on_20off,129,12.798,17492300,-7.360615867800664
csuEx72_NaAc_0.25M_JNL_10off_20on_20off,130,12.898,17615200,-6.709736320237034
csuEx72_NaAc_0.25M_JNL_10off_20on_20off,131,12.998,17806900,-5.694491330261867
csuEx72_NaAc_0.25M_JNL_10off_20on_20off,132,13.098,17514700,-7.24198525864342
csuEx72_NaAc_0.25M_JNL_10off_20on_20off,133,13.198,17469000,-7.4840128853615475
csuEx72_NaAc_0.25M_JNL_10off_20on_20off,134,13.299,17616900,-6.7007331043634935
csuEx72_NaAc_0.25M_JNL_10off_20on_20off,135,13.398,17471300,-7.47183206388558
csuEx72_NaAc_0.25M_JNL_10off_20on_20off,136,13.498,17551500,-7.047092115027947
csuEx72_NaAc_0.25M_JNL_10off_20on_20off,137,13.598,17617800,-6.695966695959854
csuEx72_NaAc_0.25M_JNL_10off_20on_20off,138,13.698,17595400,-6.814597305117099
csuEx72_NaAc_0.25M_JNL_10off_20on_20off,139,13.798,17258500,-8.598822850879403
csuEx72_NaAc_0.25M_JNL_10off_20on_20off,140,13.898,17441600,-7.6291235412056775
csuEx72_NaAc_0.25M_JNL_10off_20on_20off,141,13.998,17666100,-6.440169444964545
csuEx72_NaAc_0.25M_JNL_10off_20on_20off,142,14.098,17584400,-6.872853407828244
csuEx72_NaAc_0.25M_JNL_10off_20on_20off,143,14.198,17264900,-8.56492839112019
csuEx72_NaAc_0.25M_JNL_10off_20on_20off,144,14.308,17455100,-7.557627415151089
csuEx72_NaAc_0.25M_JNL_10off_20on_20off,145,14.408,17662800,-6.45764627577789
csuEx72_NaAc_0.25M_JNL_10off_20on_20off,146,14.498,17603600,-6.771170028550606
csuEx72_NaAc_0.25M_JNL_10off_20on_20off,147,14.598,17337300,-8.181497315094097
csuEx72_NaAc_0.25M_JNL_10off_20on_20off,148,14.698,17565700,-6.971888782437194
csuEx72_NaAc_0.25M_JNL_10off_20on_20off,149,14.798,17592700,-6.828896530328016
csuEx72_NaAc_0.25M_JNL_10off_20on_20off,150,14.908,17594600,-6.818834112586999
csuEx72_NaAc_0.25M_JNL_10off_20on_20off,151,15.008,17351300,-8.107353184370819
csuEx72_NaAc_0.25M_JNL_10off_20on_20off,152,15.108,17552500,-7.041796105690571
csuEx72_NaAc_0.25M_JNL_10off_20on_20off,153,15.198,17783600,-5.81788834782275
csuEx72_NaAc_0.25M_JNL_10off_20on_20off,154,15.298,17810100,-5.677544100382261
csuEx72_NaAc_0.25M_JNL_10off_20on_20off,155,15.398,17583000,-6.880267820900572
csuEx72_NaAc_0.25M_JNL_10off_20on_20off,156,15.508,17237800,-8.708450244163107
csuEx72_NaAc_0.25M_JNL_10off_20on_20off,157,15.608,17707400,-6.221444259330876
csuEx72_NaAc_0.25M_JNL_10off_20on_20off,158,15.708,17700500,-6.257986723758776
csuEx72_NaAc_0.25M_JNL_10off_20on_20off,159,15.808,17471200,-7.472361664819319
csuEx72_NaAc_0.25M_JNL_10off_20on_20off,160,15.908,17349900,-8.114767597443146
csuEx72_NaAc_0.25M_JNL_10off_20on_20off,161,16.008,17402600,-7.835667905363379
csuEx72_NaAc_0.25M_JNL_10off_20on_20off,162,16.108,17436300,-7.657192390693774
csuEx72_NaAc_0.25M_JNL_10off_20on_20off,163,16.208,17016700,-9.879397908657156
csuEx72_NaAc_0.25M_JNL_10off_20on_20off,164,16.308,17533600,-7.141890682166994
csuEx72_NaAc_0.25M_JNL_10off_20on_20off,165,16.408,17430500,-7.6879092448505615
csuEx72_NaAc_0.25M_JNL_10off_20on_20off,166,16.508,17278700,-8.491843462264386
csuEx72_NaAc_0.25M_JNL_10off_20on_20off,167,16.608,17371100,-8.002492199490755
csuEx72_NaAc_0.25M_JNL_10off_20on_20off,168,16.708,17148300,-9.182443079858345
csuEx72_NaAc_0.25M_JNL_10off_20on_20off,169,16.808,17389300,-7.906104829550493
csuEx72_NaAc_0.25M_JNL_10off_20on_20off,170,16.908,17512000,-7.256284483854338
csuEx72_NaAc_0.25M_JNL_10off_20on_20off,171,17.008,17439500,-7.640245160814168
csuEx72_NaAc_0.25M_JNL_10off_20on_20off,172,17.108,17383100,-7.938940087442231
csuEx72_NaAc_0.25M_JNL_10off_20on_20off,173,17.208,17302900,-8.363680036299865
csuEx72_NaAc_0.25M_JNL_10off_20on_20off,174,17.308,17442100,-7.626475536536989
csuEx72_NaAc_0.25M_JNL_10off_20on_20off,175,17.408,17237500,-8.710039046964319
csuEx72_NaAc_0.25M_JNL_10off_20on_20off,176,17.508,17575700,-6.918928689063425
csuEx72_NaAc_0.25M_JNL_10off_20on_20off,177,17.608,17481100,-7.419931172379286
csuEx72_NaAc_0.25M_JNL_10off_20on_20off,178,17.708,17224700,-8.777827966482745
csuEx72_NaAc_0.25M_JNL_10off_20on_20off,179,17.808,17490900,-7.368030280872992
csuEx72_NaAc_0.25M_JNL_10off_20on_20off,180,17.908,17497900,-7.3309582155113535
csuEx72_NaAc_0.25M_JNL_10off_20on_20off,181,18.008,17240100,-8.69626942268714
csuEx72_NaAc_0.25M_JNL_10off_20on_20off,182,18.108,17156900,-9.136897399556904
csuEx72_NaAc_0.25M_JNL_10off_20on_20off,183,18.208,17437600,-7.650307578555185
csuEx72_NaAc_0.25M_JNL_10off_20on_20off,184,18.308,17327200,-8.234987009401603
csuEx72_NaAc_0.25M_JNL_10off_20on_20off,185,18.408,17241300,-8.689914211482286
csuEx72_NaAc_0.25M_JNL_10off_20on_20off,186,18.508,17160800,-9.116242963141133
csuEx72_NaAc_0.25M_JNL_10off_20on_20off,187,18.608,17554400,-7.031733687949554
csuEx72_NaAc_0.25M_JNL_10off_20on_20off,188,18.708,17284500,-8.461126608107602
csuEx72_NaAc_0.25M_JNL_10off_20on_20off,189,18.808,17542500,-7.09475619906434
csuEx72_NaAc_0.25M_JNL_10off_20on_20off,190,18.908,17074400,-9.573818169890504
csuEx72_NaAc_0.25M_JNL_10off_20on_20off,191,19.008,17116100,-9.352974580521883
csuEx72_NaAc_0.25M_JNL_10off_20on_20off,192,19.108,17141900,-9.216337539617559
csuEx72_NaAc_0.25M_JNL_10off_20on_20off,193,19.208,17188800,-8.967954701694577
csuEx72_NaAc_0.25M_JNL_10off_20on_20off,194,19.308,17127700,-9.29154087220831
csuEx72_NaAc_0.25M_JNL_10off_20on_20off,195,19.408,17245900,-8.665552568530352
csuEx72_NaAc_0.25M_JNL_10off_20on_20off,196,19.508,17045400,-9.727402440674435
csuEx72_NaAc_0.25M_JNL_10off_20on_20off,197,19.608,17204400,-8.885336956031496
csuEx72_NaAc_0.25M_JNL_10off_20on_20off,198,19.708,17323400,-8.255111844883636
csuEx72_NaAc_0.25M_JNL_10off_20on_20off,199,19.808,17143000,-9.210511929346444
csuEx72_NaAc_0.25M_JNL_10off_20on_20off,200,19.908,17180600,-9.011381978261069
csuEx72_NaAc_0.25M_JNL_10off_20on_20off,201,20.008,17353100,-8.09782036756354
csuEx72_NaAc_0.25M_JNL_10off_20on_20off,202,20.108,17004700,-9.942950020705679
csuEx72_NaAc_0.25M_JNL_10off_20on_20off,203,20.208,16937900,-10.296723444442462
csuEx72_NaAc_0.25M_JNL_10off_20on_20off,204,20.308,17132300,-9.267179229256376
csuEx72_NaAc_0.25M_JNL_10off_20on_20off,205,20.408,16941000,-10.280305815496593
csuEx72_NaAc_0.25M_JNL_10off_20on_20off,206,20.508,17056900,-9.666498333294602
csuEx72_NaAc_0.25M_JNL_10off_20on_20off,207,20.608,17074600,-9.57275896802303
csuEx72_NaAc_0.25M_JNL_10off_20on_20off,208,20.708,16958200,-10.18921445489371
csuEx72_NaAc_0.25M_JNL_10off_20on_20off,209,20.808,17080700,-9.54045331106503
csuEx72_NaAc_0.25M_JNL_10off_20on_20off,210,20.908,17258200,-8.600411653680615
csuEx72_NaAc_0.25M_JNL_10off_20on_20off,211,21.008,17042000,-9.745408872421518
csuEx72_NaAc_0.25M_JNL_10off_20on_20off,212,21.108,17033300,-9.791484153656697
csuEx72_NaAc_0.25M_JNL_10off_20on_20off,213,21.208,17299700,-8.38062726617947
csuEx72_NaAc_0.25M_JNL_10off_20on_20off,214,21.308,16983000,-10.057873423326761
csuEx72_NaAc_0.25M_JNL_10off_20on_20off,215,21.408,17174700,-9.042628433351593
csuEx72_NaAc_0.25M_JNL_10off_20on_20off,216,21.508,17181600,-9.006085968923692
csuEx72_NaAc_0.25M_JNL_10off_20on_20off,217,21.608,17133200,-9.262412820852738
csuEx72_NaAc_0.25M_JNL_10off_20on_20off,218,21.708,17303300,-8.361561632564914
csuEx72_NaAc_0.25M_JNL_10off_20on_20off,219,21.808,17391000,-7.897101613676952
csuEx72_NaAc_0.25M_JNL_10off_20on_20off,220,21.908,17398500,-7.857381543646626
csuEx72_NaAc_0.25M_JNL_10off_20on_20off,221,22.008,17459600,-7.533795373132891
csuEx72_NaAc_0.25M_JNL_10off_20on_20off,222,22.108,17763300,-5.925397337371503
csuEx72_NaAc_0.25M_JNL_10off_20on_20off,223,22.208,18708800,-0.9180205088815692
csuEx72_NaAc_0.25M_JNL_10off_20on_20off,224,22.308,19939300,5.598718980760804
csuEx72_NaAc_0.25M_JNL_10off_20on_20off,225,22.408,19447000,2.991493583970117
csuEx72_NaAc_0.25M_JNL_10off_20on_20off,226,22.508,17963600,-4.864606667094893
csuEx72_NaAc_0.25M_JNL_10off_20on_20off,227,22.608,17090300,-9.48961162142621
csuEx72_NaAc_0.25M_JNL_10off_20on_20off,228,22.708,17148800,-9.179795075189656
csuEx72_NaAc_0.25M_JNL_10off_20on_20off,229,22.808,17047900,-9.714162417330995
csuEx72_NaAc_0.25M_JNL_10off_20on_20off,230,22.908,17513100,-7.250458873583224
csuEx72_NaAc_0.25M_JNL_10off_20on_20off,231,23.008,17336500,-8.185734122563998
csuEx72_NaAc_0.25M_JNL_10off_20on_20off,232,23.108,17315800,-8.295361515847702
csuEx72_NaAc_0.25M_JNL_10off_20on_20off,233,23.208,17012400,-9.902170748807878
csuEx72_NaAc_0.25M_JNL_10off_20on_20off,234,23.308,17337600,-8.179908512292883
csuEx72_NaAc_0.25M_JNL_10off_20on_20off,235,23.408,17045700,-9.725813637873223
csuEx72_NaAc_0.25M_JNL_10off_20on_20off,236,23.508,17257000,-8.606766864885468
csuEx72_NaAc_0.25M_JNL_10off_20on_20off,237,23.608,17112700,-9.370981012268965
csuEx72_NaAc_0.25M_JNL_10off_20on_20off,238,23.708,17100200,-9.437181128986177
csuEx72_NaAc_0.25M_JNL_10off_20on_20off,239,23.808,17180400,-9.012441180128544
csuEx72_NaAc_0.25M_JNL_10off_20on_20off,240,23.908,17253600,-8.62477329663255
csuEx72_NaAc_0.25M_JNL_10off_20on_20off,241,24.008,17194900,-8.935649044736579
csuEx72_NaAc_0.25M_JNL_10off_20on_20off,242,24.108,17060300,-9.64849190154752
csuEx72_NaAc_0.25M_JNL_10off_20on_20off,243,24.202,16988900,-10.026626968236235
csuEx72_NaAc_0.25M_JNL_10off_20on_20off,244,24.302,17342700,-8.15289886467226
csuEx72_NaAc_0.25M_JNL_10off_20on_20off,245,24.402,17226700,-8.76723594780799
csuEx72_NaAc_0.25M_JNL_10off_20on_20off,246,24.502,17339200,-8.17143489735308
csuEx72_NaAc_0.25M_JNL_10off_20on_20off,247,24.602,16888200,-10.559935108510098
csuEx72_NaAc_0.25M_JNL_10off_20on_20off,248,24.702,16919100,-10.396288419985149
csuEx72_NaAc_0.25M_JNL_10off_20on_20off,249,24.802,17283300,-8.467481819312454
csuEx72_NaAc_0.25M_JNL_10off_20on_20off,250,24.903,16852100,-10.751121045589407
csuEx72_NaAc_0.25M_JNL_10off_20on_20off,251,25.002,16977200,-10.088590277483545
csuEx72_NaAc_0.25M_JNL_10off_20on_20off,252,25.102,17131900,-9.269297632991327
csuEx72_NaAc_0.25M_JNL_10off_20on_20off,253,25.202,16954700,-10.207750487574527
csuEx72_NaAc_0.25M_JNL_10off_20on_20off,254,25.302,17045300,-9.727932041608174
csuEx72_NaAc_0.25M_JNL_10off_20on_20off,255,25.403,17021700,-9.85291786197027
csuEx72_NaAc_0.25M_JNL_10off_20on_20off,256,25.503,17301300,-8.372153651239667
csuEx72_NaAc_0.25M_JNL_10off_20on_20off,257,25.603,16862600,-10.695512947546948
csuEx72_NaAc_0.25M_JNL_10off_20on_20off,258,25.702,16842100,-10.804081138963175
csuEx72_NaAc_0.25M_JNL_10off_20on_20off,259,25.803,16781000,-11.12766730947691
csuEx72_NaAc_0.25M_JNL_10off_20on_20off,260,25.902,16583000.000000002,-12.176277158277541
csuEx72_NaAc_0.25M_JNL_10off_20on_20off,261,26.002,16669300,-11.719231552461919
csuEx72_NaAc_0.25M_JNL_10off_20on_20off,262,26.102,16749500,-11.294491603604284
csuEx72_NaAc_0.25M_JNL_10off_20on_20off,263,26.202,16699400,-11.559821671406871
csuEx72_NaAc_0.25M_JNL_10off_20on_20off,264,26.302,16792700,-11.0657040002296
csuEx72_NaAc_0.25M_JNL_10off_20on_20off,265,26.402,16914600,-10.420120462003345
csuEx72_NaAc_0.25M_JNL_10off_20on_20off,266,26.502,16795000,-11.053523178753633
csuEx72_NaAc_0.25M_JNL_10off_20on_20off,267,26.602,16812000,-10.963491020018223
csuEx72_NaAc_0.25M_JNL_10off_20on_20off,268,26.702,16491300,-12.66192121451502
csuEx72_NaAc_0.25M_JNL_10off_20on_20off,269,26.802,16787700,-11.092184046916485
csuEx72_NaAc_0.25M_JNL_10off_20on_20off,270,26.902,16746200,-11.311968434417627
csuEx72_NaAc_0.25M_JNL_10off_20on_20off,271,27.002,16547800,-12.362696686953221
csuEx72_NaAc_0.25M_JNL_10off_20on_20off,272,27.102,18829800,-0.27720337905895454
csuEx72_NaAc_0.25M_JNL_10off_20on_20off,273,27.202,20028100.000000004,6.069004609919899
csuEx72_NaAc_0.25M_JNL_10off_20on_20off,274,27.303,20229900,7.137739294202554
csuEx72_NaAc_0.25M_JNL_10off_20on_20off,275,27.403,20550600,8.836169488699351
csuEx72_NaAc_0.25M_JNL_10off_20on_20off,276,27.503,20636800,9.292685493581248
csuEx72_NaAc_0.25M_JNL_10off_20on_20off,277,27.603,20210300,7.033937511189965
csuEx72_NaAc_0.25M_JNL_10off_20on_20off,278,27.702,20090900,6.401593996307155
csuEx72_NaAc_0.25M_JNL_10off_20on_20off,279,27.802,20311100,7.567775252397565
csuEx72_NaAc_0.25M_JNL_10off_20on_20off,280,27.902,20185399.999999996,6.902066878689259
csuEx72_NaAc_0.25M_JNL_10off_20on_20off,281,28.002,20375899.999999996,7.9109566574595735
csuEx72_NaAc_0.25M_JNL_10off_20on_20off,282,28.102,20301100,7.5148151590237955
csuEx72_NaAc_0.25M_JNL_10off_20on_20off,283,28.202,20183900,6.894122864683213
csuEx72_NaAc_0.25M_JNL_10off_20on_20off,284,28.302,20103600,6.468853314891841
csuEx72_NaAc_0.25M_JNL_10off_20on_20off,285,28.402,20106400,6.483682141036497
csuEx72_NaAc_0.25M_JNL_10off_20on_20off,286,28.502,19762100,4.6602661261776035
csuEx72_NaAc_0.25M_JNL_10off_20on_20off,287,28.602,20065800,6.268664161938991
csuEx72_NaAc_0.25M_JNL_10off_20on_20off,288,28.702,20044900,6.157977566787813
csuEx72_NaAc_0.25M_JNL_10off_20on_20off,289,28.802,20102800,6.46461650742194
csuEx72_NaAc_0.25M_JNL_10off_20on_20off,290,28.902,20027600,6.066356605251191
csuEx72_NaAc_0.25M_JNL_10off_20on_20off,291,29.002,19862200,5.190396660849038
csuEx72_NaAc_0.25M_JNL_10off_20on_20off,292,29.102,19945800,5.633143041453755
csuEx72_NaAc_0.25M_JNL_10off_20on_20off,293,29.202,19861600,5.187219055246612
csuEx72_NaAc_0.25M_JNL_10off_20on_20off,294,29.302,19921100,5.502331610820543
csuEx72_NaAc_0.25M_JNL_10off_20on_20off,295,29.402,19851400,5.133199760005367
csuEx72_NaAc_0.25M_JNL_10off_20on_20off,296,29.502,19830700,5.023572366721664
csuEx72_NaAc_0.25M_JNL_10off_20on_20off,297,29.602,19986300,5.847631419617523
csuEx72_NaAc_0.25M_JNL_10off_20on_20off,298,29.702,19518900,3.372276655327522
csuEx72_NaAc_0.25M_JNL_10off_20on_20off,299,29.802,19804000,4.882168917413699
csuEx72_NaAc_0.25M_JNL_10off_20on_20off,300,29.902,19512200,3.3367933927670963
csuEx72_NaAc_0.25M_JNL_10off_20on_20off,301,30.002,19819700,4.965316264010517
csuEx72_NaAc_0.25M_JNL_10off_20on_20off,302,30.103,19998600,5.912772334467259
csuEx72_NaAc_0.25M_JNL_10off_20on_20off,303,30.203,20279600.000000004,7.40095095827021
csuEx72_NaAc_0.25M_JNL_10off_20on_20off,304,30.303,20374400,7.903012643453527
csuEx72_NaAc_0.25M_JNL_10off_20on_20off,305,30.403,20512600,8.634921133879027
csuEx72_NaAc_0.25M_JNL_10off_20on_20off,306,30.503,20722600,9.747083094728191
csuEx72_NaAc_0.25M_JNL_10off_20on_20off,307,30.603,20460300,8.35793984553421
csuEx72_NaAc_0.25M_JNL_10off_20on_20off,308,30.702,20518700,8.667226790837027
csuEx72_NaAc_0.25M_JNL_10off_20on_20off,309,30.802,20556400,8.866886342856137
csuEx72_NaAc_0.25M_JNL_10off_20on_20off,310,30.903,20596700,9.08031551915243
csuEx72_NaAc_0.25M_JNL_10off_20on_20off,311,31.003,20789100,10.09926771566376
csuEx72_NaAc_0.25M_JNL_10off_20on_20off,312,31.103,20746699.999999996,9.874716919758958
csuEx72_NaAc_0.25M_JNL_10off_20on_20off,313,31.202,20659500,9.412904905539705
csuEx72_NaAc_0.25M_JNL_10off_20on_20off,314,31.302,20672300,9.48069382505813
csuEx72_NaAc_0.25M_JNL_10off_20on_20off,315,31.402,20527900,8.715950076740894
csuEx72_NaAc_0.25M_JNL_10off_20on_20off,316,31.502,20841500,10.376778604942315
csuEx72_NaAc_0.25M_JNL_10off_20on_20off,317,31.602,20850200,10.422853886177494
csuEx72_NaAc_0.25M_JNL_10off_20on_20off,318,31.702,20640200.000000004,9.31069192532835
csuEx72_NaAc_0.25M_JNL_10off_20on_20off,319,31.803,20612000,9.161344462014299
csuEx72_NaAc_0.25M_JNL_10off_20on_20off,320,31.902,20580900,8.996638571621872
csuEx72_NaAc_0.25M_JNL_10off_20on_20off,321,32.003,20492400,8.527941745264012
csuEx72_NaAc_0.25M_JNL_10off_20on_20off,322,32.102,20552000,8.843583901771678
csuEx72_NaAc_0.25M_JNL_10off_20on_20off,323,32.202,20678500,9.513529082949868
csuEx72_NaAc_0.25M_JNL_10off_20on_20off,324,32.302,20439500,8.247782851316769
csuEx72_NaAc_0.25M_JNL_10off_20on_20off,325,32.402,20351900,7.783852433362545
csuEx72_NaAc_0.25M_JNL_10off_20on_20off,326,32.502,20672500,9.481753026925606
csuEx72_NaAc_0.25M_JNL_10off_20on_20off,327,32.602,20697500,9.61415326036003
csuEx72_NaAc_0.25M_JNL_10off_20on_20off,328,32.702,20394899.999999996,8.011580834869736
csuEx72_NaAc_0.25M_JNL_10off_20on_20off,329,32.802,20584200,9.014115402435218
csuEx72_NaAc_0.25M_JNL_10off_20on_20off,330,32.902,20471499.999999996,8.417255150112812
csuEx72_NaAc_0.25M_JNL_10off_20on_20off,331,33.002,20654400,9.385895257919081
csuEx72_NaAc_0.25M_JNL_10off_20on_20off,332,33.102,20692000,9.585025209004456
csuEx72_NaAc_0.25M_JNL_10off_20on_20off,333,33.202,20377500,7.9194302723993975
csuEx72_NaAc_0.25M_JNL_10off_20on_20off,334,33.302,20281800,7.412602178812419
csuEx72_NaAc_0.25M_JNL_10off_20on_20off,335,33.403,20332700,7.682169054084907
csuEx72_NaAc_0.25M_JNL_10off_20on_20off,336,33.503,20350400,7.775908419356481
csuEx72_NaAc_0.25M_JNL_10off_20on_20off,337,33.602,20410200,8.092609777731624
csuEx72_NaAc_0.25M_JNL_10off_20on_20off,338,33.703,20297100,7.493631121674288
csuEx72_NaAc_0.25M_JNL_10off_20on_20off,339,33.803,20355200,7.801329264175889
csuEx72_NaAc_0.25M_JNL_10off_20on_20off,340,33.903,20017700,6.013926112811159
csuEx72_NaAc_0.25M_JNL_10off_20on_20off,341,34.003,20269300,7.3464020620952075
csuEx72_NaAc_0.25M_JNL_10off_20on_20off,342,34.103,20225800,7.116025655919309
csuEx72_NaAc_0.25M_JNL_10off_20on_20off,343,34.204,19941600,5.610899802236771
csuEx72_NaAc_0.25M_JNL_10off_20on_20off,344,34.304,20300100,7.509519149686418
csuEx72_NaAc_0.25M_JNL_10off_20on_20off,345,34.404,20125799.999999996,6.586424722181591
csuEx72_NaAc_0.25M_JNL_10off_20on_20off,346,34.504,19944300,5.625199027447689
csuEx72_NaAc_0.25M_JNL_10off_20on_20off,347,34.604,20023500,6.044642966967945
csuEx72_NaAc_0.25M_JNL_10off_20on_20off,348,34.704,20099800,6.44872847940981
csuEx72_NaAc_0.25M_JNL_10off_20on_20off,349,34.804,20063200,6.254894537661812
csuEx72_NaAc_0.25M_JNL_10off_20on_20off,350,34.904,20125300,6.583776717512922
csuEx72_NaAc_0.25M_JNL_10off_20on_20off,351,35.004,20149499.999999996,6.711940143477426
csuEx72_NaAc_0.25M_JNL_10off_20on_20off,352,35.104,19606300,3.8351478714142697
csuEx72_NaAc_0.25M_JNL_10off_20on_20off,353,35.204,19961400,5.715760787116835
csuEx72_NaAc_0.25M_JNL_10off_20on_20off,354,35.304,19964000,5.729530411394015
csuEx72_NaAc_0.25M_JNL_10off_20on_20off,355,35.404,19882800,5.299494453199005
csuEx72_NaAc_0.25M_JNL_10off_20on_20off,356,35.504,19950100,5.655915881604475
csuEx72_NaAc_0.25M_JNL_10off_20on_20off,357,35.604,19874700,5.256596777566251
csuEx72_NaAc_0.25M_JNL_10off_20on_20off,358,35.704,19934300,5.572238934073919
csuEx72_NaAc_0.25M_JNL_10off_20on_20off,359,35.804,19520800,3.3823390730685383
csuEx72_NaAc_0.25M_JNL_10off_20on_20off,360,35.904,19633500,3.979199325390924
csuEx72_NaAc_0.25M_JNL_10off_20on_20off,361,36.004,19535600,3.4607200112617176
csuEx72_NaAc_0.25M_JNL_10off_20on_20off,362,36.104,19511500,3.3330861862309327
csuEx72_NaAc_0.25M_JNL_10off_20on_20off,363,36.204,19720200,4.438363334941508
csuEx72_NaAc_0.25M_JNL_10off_20on_20off,364,36.304,19830300,5.021453962986714
csuEx72_NaAc_0.25M_JNL_10off_20on_20off,365,36.404,19624000,3.928887236685842
csuEx72_NaAc_0.25M_JNL_10off_20on_20off,366,36.504,19668800,4.166148455000331
csuEx72_NaAc_0.25M_JNL_10off_20on_20off,367,36.604,19604800,3.827203857408205
csuEx72_NaAc_0.25M_JNL_10off_20on_20off,368,36.704,19847700,5.113604525457073
csuEx72_NaAc_0.25M_JNL_10off_20on_20off,369,36.804,19510400,3.3272605759598175
csuEx72_NaAc_0.25M_JNL_10off_20on_20off,370,36.904,19621100,3.9135288096074494
csuEx72_NaAc_0.25M_JNL_10off_20on_20off,371,37.004,19718000,4.426712114399278
csuEx72_NaAc_0.25M_JNL_10off_20on_20off,372,37.104,19486200,3.1990971499952945
csuEx72_NaAc_0.25M_JNL_10off_20on_20off,373,37.204,19520800,3.3823390730685383
csuEx72_NaAc_0.25M_JNL_10off_20on_20off,374,37.304,19549000,3.5316865363825687
csuEx72_NaAc_0.25M_JNL_10off_20on_20off,375,37.404,19202000,1.6939712963127573
csuEx72_NaAc_0.25M_JNL_10off_20on_20off,376,37.504,19214700,1.7612306148974448
csuEx72_NaAc_0.25M_JNL_10off_20on_20off,377,37.604,19166100,1.5038445611009235
csuEx72_NaAc_0.25M_JNL_10off_20on_20off,378,37.704,19214000,1.757523408361281
csuEx72_NaAc_0.25M_JNL_10off_20on_20off,379,37.804,19029000,0.7777616809465397
csuEx72_NaAc_0.25M_JNL_10off_20on_20off,380,37.904,19224500,1.8131315064037392
csuEx72_NaAc_0.25M_JNL_10off_20on_20off,381,38.004,19041700,0.8450209995312273
csuEx72_NaAc_0.25M_JNL_10off_20on_20off,382,38.104,19305600,2.242637863665012
csuEx72_NaAc_0.25M_JNL_10off_20on_20off,383,38.204,19244100,1.9169332894163278
csuEx72_NaAc_0.25M_JNL_10off_20on_20off,384,38.304,19233300,1.8597363885726568
csuEx72_NaAc_0.25M_JNL_10off_20on_20off,385,38.404,18931100,0.25928236681733347
csuEx72_NaAc_0.25M_JNL_10off_20on_20off,386,38.504,19122400,1.2724089530575495
csuEx72_NaAc_0.25M_JNL_10off_20on_20off,387,38.604,19070700,0.9986052703151598
csuEx72_NaAc_0.25M_JNL_10off_20on_20off,388,38.704,18834100,-0.25443053890823353
csuEx72_NaAc_0.25M_JNL_10off_20on_20off,389,38.804,19026000,0.7618736529344088
csuEx72_NaAc_0.25M_JNL_10off_20on_20off,390,38.904,19006100,0.6564830671206069
csuEx72_NaAc_0.25M_JNL_10off_20on_20off,391,39.004,18929300,0.2497495500100549
csuEx72_NaAc_0.25M_JNL_10off_20on_20off,392,39.104,18926800,0.23650952666661249
csuEx72_NaAc_0.25M_JNL_10off_20on_20off,393,39.204,18839600,-0.22530248755266014
csuEx72_NaAc_0.25M_JNL_10off_20on_20off,394,39.304,18936400,0.2873512163054315
csuEx72_NaAc_0.25M_JNL_10off_20on_20off,395,39.404,18776200,-0.5610694795423606
csuEx72_NaAc_0.25M_JNL_10off_20on_20off,396,39.504,18832100,-0.2650225575829875
csuEx72_NaAc_0.25M_JNL_10off_20on_20off,397,39.604,18827100,-0.29150260426987235
csuEx72_NaAc_0.25M_JNL_10off_20on_20off,398,39.704,18853700,-0.15062875589564473
csuEx72_NaAc_0.25M_JNL_10off_20on_20off,399,39.804,18706500,-0.930201330357536
csuEx72_NaAc_0.25M_JNL_10off_20on_20off,400,39.904,18680200,-1.0694863759305506
csuEx72_NaAc_0.25M_JNL_10off_20on_20off,401,40.004,18644400,-1.2590835102086466
csuEx72_NaAc_0.25M_JNL_10off_20on_20off,402,40.104,18627200,-1.3501748708115304
csuEx72_NaAc_0.25M_JNL_10off_20on_20off,403,40.204,18460000,-2.2356676320209616
csuEx72_NaAc_0.25M_JNL_10off_20on_20off,404,40.304,18674800,-1.0980848263523864
csuEx72_NaAc_0.25M_JNL_10off_20on_20off,405,40.404,18687000,-1.0334735124363872
csuEx72_NaAc_0.25M_JNL_10off_20on_20off,406,40.504,18548100,-1.7690892093980497
csuEx72_NaAc_0.25M_JNL_10off_20on_20off,407,40.604,18730400,-0.8036267071942262
csuEx72_NaAc_0.25M_JNL_10off_20on_20off,408,40.704,18567700,-1.665287426385461
csuEx72_NaAc_0.25M_JNL_10off_20on_20off,409,40.804,18541300,-1.8051020728922131
csuEx72_NaAc_0.25M_JNL_10off_20on_20off,410,40.904,18576600,-1.618152943282806
csuEx72_NaAc_0.25M_JNL_10off_20on_20off,411,41.004,18437400,-2.355357443045681
csuEx72_NaAc_0.25M_JNL_10off_20on_20off,412,41.104,18494400,-2.053484910815193
csuEx72_NaAc_0.25M_JNL_10off_20on_20off,413,41.204,18693800,-0.9974606489422237
csuEx72_NaAc_0.25M_JNL_10off_20on_20off,414,41.304,18417500,-2.460748028859483
csuEx72_NaAc_0.25M_JNL_10off_20on_20off,415,41.404,18506500,-1.989403197832932
csuEx72_NaAc_0.25M_JNL_10off_20on_20off,416,41.504,18547300,-1.7733260168679512
csuEx72_NaAc_0.25M_JNL_10off_20on_20off,417,41.604,18483400,-2.11174101352634
csuEx72_NaAc_0.25M_JNL_10off_20on_20off,418,41.704,18161500,-3.8165264192279897
csuEx72_NaAc_0.25M_JNL_10off_20on_20off,419,41.804,18315200,-3.002529784073148
csuEx72_NaAc_0.25M_JNL_10off_20on_20off,420,41.904,18334000,-2.9029648085304607
csuEx72_NaAc_0.25M_JNL_10off_20on_20off,421,42.004,18476500,-2.1482834779542412
csuEx72_NaAc_0.25M_JNL_10off_20on_20off,422,42.104,18284600,-3.1645876697968838
csuEx72_NaAc_0.25M_JNL_10off_20on_20off,423,42.204,18216600,-3.5247163047385186
csuEx72_NaAc_0.25M_JNL_10off_20on_20off,424,42.304,18247700,-3.3600104143460943
csuEx72_NaAc_0.25M_JNL_10off_20on_20off,425,42.404,18010100,-4.618342232906865
csuEx72_NaAc_0.25M_JNL_10off_20on_20off,426,42.504,18340200,-2.8701295506387234
csuEx72_NaAc_0.25M_JNL_10off_20on_20off,427,42.604,18367300,-2.7266076975958073
csuEx72_NaAc_0.25M_JNL_10off_20on_20off,428,42.704,18198600,-3.620044472811304
csuEx72_NaAc_0.25M_JNL_10off_20on_20off,429,42.804,18266200,-3.26203424160462
csuEx72_NaAc_0.25M_JNL_10off_20on_20off,430,42.904,18212200,-3.548018745822977
csuEx72_NaAc_0.25M_JNL_10off_20on_20off,431,43.004,18174800,-3.746089495040876
csuEx72_NaAc_0.25M_JNL_10off_20on_20off,432,43.104,17907900,-5.159594387186791
csuEx72_NaAc_0.25M_JNL_10off_20on_20off,433,43.204,18254200,-3.325586353653144
csuEx72_NaAc_0.25M_JNL_10off_20on_20off,434,43.304,18087300,-4.209490312061362
csuEx72_NaAc_0.25M_JNL_10off_20on_20off,435,43.404,18027600,-4.525662069502767
csuEx72_NaAc_0.25M_JNL_10off_20on_20off,436,43.504,17946700,-4.954109224896565
csuEx72_NaAc_0.25M_JNL_10off_20on_20off,437,43.604,18126200,-4.003475548837397
csuEx72_NaAc_0.25M_JNL_10off_20on_20off,438,43.704,17975600,-4.80105455504637
csuEx72_NaAc_0.25M_JNL_10off_20on_20off,439,43.804,17913600,-5.129407133963744
csuEx72_NaAc_0.25M_JNL_10off_20on_20off,440,43.904,17730700,-6.098047241769993
csuEx72_NaAc_0.25M_JNL_10off_20on_20off,441,44.004,17944900,-4.963642041703843
csuEx72_NaAc_0.25M_JNL_10off_20on_20off,442,44.104,17847200,-5.481062153965575
csuEx72_NaAc_0.25M_JNL_10off_20on_20off,443,44.213,17912700,-5.134173542367383
csuEx72_NaAc_0.25M_JNL_10off_20on_20off,444,44.313,17811400,-5.67065928824367
csuEx72_NaAc_0.25M_JNL_10off_20on_20off,445,44.413,17874500,-5.336481099055183
csuEx72_NaAc_0.25M_JNL_10off_20on_20off,446,44.513,17843600,-5.500127787580132
csuEx72_NaAc_0.25M_JNL_10off_20on_20off,447,44.613,17786800,-5.800941117943144
csuEx72_NaAc_0.25M_JNL_10off_20on_20off,448,44.713,17642000,-6.56780326999533
csuEx72_NaAc_0.25M_JNL_10off_20on_20off,449,44.813,17621200,-6.677960264212772
csuEx72_NaAc_0.25M_JNL_10off_20on_20off,450,44.913,17733200,-6.08480721842655
csuEx72_NaAc_0.25M_JNL_10off_20on_20off,451,45.013,17674900,-6.393564562795628
csuEx72_NaAc_0.25M_JNL_10off_20on_20off,452,45.113,17698300,-6.269637944301007
csuEx72_NaAc_0.25M_JNL_10off_20on_20off,453,45.213,17572000,-6.9385239236117195
csuEx72_NaAc_0.25M_JNL_10off_20on_20off,454,45.313,17711900,-6.19761221731268
csuEx72_NaAc_0.25M_JNL_10off_20on_20off,455,45.413,17587200,-6.858024581683589
csuEx72_NaAc_0.25M_JNL_10off_20on_20off,456,45.513,17544100,-7.086282584124537
csuEx72_NaAc_0.25M_JNL_10off_20on_20off,457,45.613,17437700,-7.649777977621447
csuEx72_NaAc_0.25M_JNL_10off_20on_20off,458,45.713,17532200,-7.149305095239324
csuEx72_NaAc_0.25M_JNL_10off_20on_20off,459,45.813,17440300,-7.636008353344267
csuEx72_NaAc_0.25M_JNL_10off_20on_20off,460,45.914,17585000,-6.869675802225818
csuEx72_NaAc_0.25M_JNL_10off_20on_20off,461,46.014,17608900,-6.743101179062509
csuEx72_NaAc_0.25M_JNL_10off_20on_20off,462,46.114,17597800,-6.801886882707393
csuEx72_NaAc_0.25M_JNL_10off_20on_20off,463,46.214,17657800,-6.484126322464774
csuEx72_NaAc_0.25M_JNL_10off_20on_20off,464,46.313,17449700,-7.586225865572923
csuEx72_NaAc_0.25M_JNL_10off_20on_20off,465,46.413,17525000,-7.187436362468437
csuEx72_NaAc_0.25M_JNL_10off_20on_20off,466,46.513,17629900,-6.631884982977591
csuEx72_NaAc_0.25M_JNL_10off_20on_20off,467,46.613,17390000,-7.902397623014329
csuEx72_NaAc_0.25M_JNL_10off_20on_20off,468,46.713,17383000,-7.939469688375968
csuEx72_NaAc_0.25M_JNL_10off_20on_20off,469,46.814,17639200,-6.582632096139986
csuEx72_NaAc_0.25M_JNL_10off_20on_20off,470,46.914,17655000,-6.498955148609429
csuEx72_NaAc_0.25M_JNL_10off_20on_20off,471,47.014,17050600,-9.699863192120075
csuEx72_NaAc_0.25M_JNL_10off_20on_20off,472,47.114,17401500,-7.841493515634494
csuEx72_NaAc_0.25M_JNL_10off_20on_20off,473,47.214,17432300,-7.678376428043284
csuEx72_NaAc_0.25M_JNL_10off_20on_20off,474,47.314,17159300,-9.124186977147199
csuEx72_NaAc_0.25M_JNL_10off_20on_20off,475,47.414,17361300,-8.05439309099705
csuEx72_NaAc_0.25M_JNL_10off_20on_20off,476,47.514,17128900,-9.285185661003458
csuEx72_NaAc_0.25M_JNL_10off_20on_20off,477,47.614,17441100,-7.631771545874367
csuEx72_NaAc_0.25M_JNL_10off_20on_20off,478,47.714,17466100,-7.4993713124399415
csuEx72_NaAc_0.25M_JNL_10off_20on_20off,479,47.814,17209800,-8.85673850560966
csuEx72_NaAc_0.25M_JNL_10off_20on_20off,480,47.914,17138700,-9.233284769497164
csuEx72_NaAc_0.25M_JNL_10off_20on_20off,481,48.014,17244500,-8.672966981602679
csuEx72_NaAc_0.25M_JNL_10off_20on_20off,482,48.114,17270200,-8.536859541632092
csuEx72_NaAc_0.25M_JNL_10off_20on_20off,483,48.214,17109700,-9.386869040281097
csuEx72_NaAc_0.25M_JNL_10off_20on_20off,484,48.314,17021600,-9.853447462904008
csuEx72_NaAc_0.25M_JNL_10off_20on_20off,485,48.414,17020600,-9.858743472241386
csuEx72_NaAc_0.25M_JNL_10off_20on_20off,486,48.514,17215100,-8.828669656121562
csuEx72_NaAc_0.25M_JNL_10off_20on_20off,487,48.614,17143200,-9.209452727478967
csuEx72_NaAc_0.25M_JNL_10off_20on_20off,488,48.714,17058200,-9.659613521156011
csuEx72_NaAc_0.25M_JNL_10off_20on_20off,489,48.814,17256600,-8.60888526862042
csuEx72_NaAc_0.25M_JNL_10off_20on_20off,490,48.914,17236500,-8.715335056301695
csuEx72_NaAc_0.25M_JNL_10off_20on_20off,491,49.014,17269200,-8.542155550969468
csuEx72_NaAc_0.25M_JNL_10off_20on_20off,492,49.114,17255900,-8.612592475156584
csuEx72_NaAc_0.25M_JNL_10off_20on_20off,493,49.214,17069800,-9.598179812842437
csuEx72_NaAc_0.25M_JNL_10off_20on_20off,494,49.314,17156900,-9.136897399556904
csuEx72_NaAc_0.25M_JNL_10off_20on_20off,495,49.414,16987800,-10.03245257850735
csuEx72_NaAc_0.25M_JNL_10off_20on_20off,496,49.514,16513000,-12.54699781189394
csuEx72_NaAc_0.25M_JNL_10off_20on_20off,497,49.614,16935700,-10.308374664984692
csuEx72_NaAc_0.25M_JNL_10off_20on_20off,498,49.714,17110000,-9.385280237479883
csuEx72_NaAc_0.25M_JNL_10off_20on_20off,499,49.814,16694100,-11.58789052089497
csuEx72_NaAc_0.25M_JNL_10off_20on_20off,500,49.914,16670600,-11.712346740323328
csuEx72_NaAc_0.25M_JNL_10off_20on_20off,501,50.014,16624600,-11.955963169842668
csuEx72_NaAc_0.25M_JNL_10off_20on_20off,502,50.114,16819400,-10.924300550921634
csuEx72_NaAc_0.25M_JNL_10off_20on_20off,503,50.214,16657500,-11.781724462642968
csuEx72_NaAc_0.25M_JNL_10off_20on_20off,504,50.314,16640299.999999998,-11.87281582324586
csuEx72_NaAc_0.25M_JNL_10off_20on_20off,505,50.414,16887200,-10.565231117847475
csuEx72_NaAc_0.25M_JNL_10off_20on_20off,506,50.514,16712100,-11.492562352822183
csuEx72_NaAc_0.25M_JNL_10off_20on_20off,507,50.614,16613100,-12.016867277222506
csuEx72_NaAc_0.25M_JNL_10off_20on_20off,508,50.714,16498600.000000002,-12.623260346352158
csuEx72_NaAc_0.25M_JNL_10off_20on_20off,509,50.814,16661200,-11.762129228094672
csuEx72_NaAc_0.25M_JNL_10off_20on_20off,510,50.914,16499000,-12.621141942617218
csuEx72_NaAc_0.25M_JNL_10off_20on_20off,511,51.014,16563400,-12.28007894129014
csuEx72_NaAc_0.25M_JNL_10off_20on_20off,512,51.114,16429200,-12.990803394366132
csuEx72_NaAc_0.25M_JNL_10off_20on_20off,513,51.214,16630600,-11.924187113818407
csuEx72_NaAc_0.25M_JNL_10off_20on_20off,514,51.314,16562600,-12.284315748760042
csuEx72_NaAc_0.25M_JNL_10off_20on_20off,515,51.414,16321400,-13.561713200935369
csuEx72_NaAc_0.25M_JNL_10off_20on_20off,516,51.514,16335000,-13.489687473947043
csuEx72_NaAc_0.25M_JNL_10off_20on_20off,517,51.614,16563500,-12.279549340356404
csuEx72_NaAc_0.25M_JNL_10off_20on_20off,518,51.714,16364900,-13.331336794759471
csuEx72_NaAc_0.25M_JNL_10off_20on_20off,519,51.814,16342699.999999998,-13.448908202049251
csuEx72_NaAc_0.25M_JNL_10off_20on_20off,520,51.914,16283900,-13.760313551087005
csuEx72_NaAc_0.25M_JNL_10off_20on_20off,521,52.014,16680200,-11.661505050684509
csuEx72_NaAc_0.25M_JNL_10off_20on_20off,522,52.114,16153500,-14.450913168680964
csuEx72_NaAc_0.25M_JNL_10off_20on_20off,523,52.214,16216200,-14.118853383227428
csuEx72_NaAc_0.25M_JNL_10off_20on_20off,524,52.314,15984500,-15.345938746697673
csuEx72_NaAc_0.25M_JNL_10off_20on_20off,525,52.414,16214000,-14.130504603769655
csuEx72_NaAc_0.25M_JNL_10off_20on_20off,526,52.514,16355200,-13.382708085332027
csuEx72_NaAc_0.25M_JNL_10off_20on_20off,527,52.614,16162200,-14.404837887445785
csuEx72_NaAc_0.25M_JNL_10off_20on_20off,528,52.714,16345600,-13.433549774970846
csuEx72_NaAc_0.25M_JNL_10off_20on_20off,529,52.814,16222600,-14.084958923468216
csuEx72_NaAc_0.25M_JNL_10off_20on_20off,530,52.914,15912100,-15.729369822723768
csuEx72_NaAc_0.25M_JNL_10off_20on_20off,531,53.014,16373300,-13.286850316325506
csuEx72_NaAc_0.25M_JNL_10off_20on_20off,532,53.114,15940000,-15.581611162210947
csuEx72_NaAc_0.25M_JNL_10off_20on_20off,533,53.214,16104900,-14.708299222477486
csuEx72_NaAc_0.25M_JNL_10off_20on_20off,534,53.314,15998800,-15.270205813173183
csuEx72_NaAc_0.25M_JNL_10off_20on_20off,535,53.414,16085700,-14.809982601755124
csuEx72_NaAc_0.25M_JNL_10off_20on_20off,536,53.514,16194800,-14.232187983047295
csuEx72_NaAc_0.25M_JNL_10off_20on_20off,537,53.614,15947600,-15.541361491246885
csuEx72_NaAc_0.25M_JNL_10off_20on_20off,538,53.714,16139699.999999998,-14.523998097536778
csuEx72_NaAc_0.25M_JNL_10off_20on_20off,539,53.814,16204600,-14.180287091541
csuEx72_NaAc_0.25M_JNL_10off_20on_20off,540,53.914,16342200,-13.45155620671793
csuEx72_NaAc_0.25M_JNL_10off_20on_20off,541,54.014,15874299.999999998,-15.929558975676628
csuEx72_NaAc_0.25M_JNL_10off_20on_20off,542,54.114,15772600.000000002,-16.468163125287845
csuEx72_NaAc_0.25M_JNL_10off_20on_20off,543,54.213,15861500,-15.997347895195041
csuEx72_NaAc_0.25M_JNL_10off_20on_20off,544,54.313,15920000,-15.687531348958489
csuEx72_NaAc_0.25M_JNL_10off_20on_20off,545,54.413,16032800,-15.090141495702367
csuEx72_NaAc_0.25M_JNL_10off_20on_20off,546,54.513,15863700,-15.985696674652813
csuEx72_NaAc_0.25M_JNL_10off_20on_20off,547,54.613,15984900,-15.343820342962722
csuEx72_NaAc_0.25M_JNL_10off_20on_20off,548,54.713,16124700,-14.603438237597421
csuEx72_NaAc_0.25M_JNL_10off_20on_20off,549,54.813,15960100,-15.475161374529673
csuEx72_NaAc_0.25M_JNL_10off_20on_20off,550,54.913,16057200,-14.960918867870369
csuEx72_NaAc_0.25M_JNL_10off_20on_20off,551,55.013,15873500,-15.933795783146518
csuEx72_NaAc_0.25M_JNL_10off_20on_20off,552,55.113,16133900.000000002,-14.554714951693542
csuEx72_NaAc_0.25M_JNL_10off_20on_20off,553,55.214,15828700,-16.171057001461005
csuEx72_NaAc_0.25M_JNL_10off_20on_20off,554,55.313,15830000,-16.164172189322418
csuEx72_NaAc_0.25M_JNL_10off_20on_20off,555,55.413,15871599.999999998,-15.943858200887545
csuEx72_NaAc_0.25M_JNL_10off_20on_20off,556,55.514,15646500.000000002,-17.135989902731083
csuEx72_NaAc_0.25M_JNL_10off_20on_20off,557,55.614,15855900,-16.02700554748435
csuEx72_NaAc_0.25M_JNL_10off_20on_20off,558,55.714,15801099.999999998,-16.31722685917262
csuEx72_NaAc_0.25M_JNL_10off_20on_20off,559,55.813,15828800,-16.17052740052727
csuEx72_NaAc_0.25M_JNL_10off_20on_20off,560,55.913,15761000,-16.529596833601428
csuEx72_NaAc_0.25M_JNL_10off_20on_20off,561,56.013,15737500,-16.654053053029788
csuEx72_NaAc_0.25M_JNL_10off_20on_20off,562,56.113,15795200,-16.34847331426314
csuEx72_NaAc_0.25M_JNL_10off_20on_20off,563,56.213,15861300,-15.998407097062517
csuEx72_NaAc_0.25M_JNL_10off_20on_20off,564,56.313,15795800,-16.34529570866071
csuEx72_NaAc_0.25M_JNL_10off_20on_20off,565,56.413,15608600,-17.33670865661768
csuEx72_NaAc_0.25M_JNL_10off_20on_20off,566,56.514,15515500,-17.829767125927475
csuEx72_NaAc_0.25M_JNL_10off_20on_20off,567,56.614,15664800.000000002,-17.039072931857085
csuEx72_NaAc_0.25M_JNL_10off_20on_20off,568,56.714,15912599.999999998,-15.72672181805509
csuEx72_NaAc_0.25M_JNL_10off_20on_20off,569,56.814,15674100,-16.98982004501949
csuEx72_NaAc_0.25M_JNL_10off_20on_20off,570,56.914,15699700,-16.854242205982636
csuEx72_NaAc_0.25M_JNL_10off_20on_20off,571,57.013,15858800,-16.01164712040596
csuEx72_NaAc_0.25M_JNL_10off_20on_20off,572,57.113,15528800,-17.759330201740365
csuEx72_NaAc_0.25M_JNL_10off_20on_20off,573,57.214,15677600,-16.971284012338668
csuEx72_NaAc_0.25M_JNL_10off_20on_20off,574,57.313,15770400,-16.479814345830086
csuEx72_NaAc_0.25M_JNL_10off_20on_20off,575,57.414,15629200,-17.227610864267714
csuEx72_NaAc_0.25M_JNL_10off_20on_20off,576,57.513,15623100,-17.259916521225716
csuEx72_NaAc_0.25M_JNL_10off_20on_20off,577,57.613,15614400,-17.305991802460895
csuEx72_NaAc_0.25M_JNL_10off_20on_20off,578,57.713,15788199.999999998,-16.385545379624787
csuEx72_NaAc_0.25M_JNL_10off_20on_20off,579,57.813,15674500,-16.987701641284538
csuEx72_NaAc_0.25M_JNL_10off_20on_20off,580,57.913,15412900,-18.373137683942357
csuEx72_NaAc_0.25M_JNL_10off_20on_20off,581,58.013,15404700,-18.416564960508847
csuEx72_NaAc_0.25M_JNL_10off_20on_20off,582,58.113,15319100.000000002,-18.869903359788307
csuEx72_NaAc_0.25M_JNL_10off_20on_20off,583,58.213,15542500,-17.686774873818297
csuEx72_NaAc_0.25M_JNL_10off_20on_20off,584,58.313,15058700,-20.24898419124128
csuEx72_NaAc_0.25M_JNL_10off_20on_20off,585,58.413,15362100,-18.642174958281103
csuEx72_NaAc_0.25M_JNL_10off_20on_20off,586,58.513,15629100,-17.228140465201452
csuEx72_NaAc_0.25M_JNL_10off_20on_20off,587,58.613,15500100.000000002,-17.911325669723073
csuEx72_NaAc_0.25M_JNL_10off_20on_20off,588,58.713,15383500.000000002,-18.52884035846123
csuEx72_NaAc_0.25M_JNL_10off_20on_20off,589,58.813,15533600,-17.733909356920954
csuEx72_NaAc_0.25M_JNL_10off_20on_20off,590,58.913,15276100,-19.097631761295524
csuEx72_NaAc_0.25M_JNL_10off_20on_20off,591,59.013,15411100,-18.382670500749633
csuEx72_NaAc_0.25M_JNL_10off_20on_20off,592,59.113,15410800,-18.384259303550845
csuEx72_NaAc_0.25M_JNL_10off_20on_20off,593,59.213,15182900,-19.59121983153906
csuEx72_NaAc_0.25M_JNL_10off_20on_20off,594,59.313,15552500,-17.633814780444528
csuEx72_NaAc_0.25M_JNL_10off_20on_20off,595,59.413,15504100,-17.890141632373574
csuEx72_NaAc_0.25M_JNL_10off_20on_20off,596,59.513,15239100.000000002,-19.293584106778464
csuEx72_NaAc_0.25M_JNL_10off_20on_20off,597,59.613,15308100,-18.928159462499465
csuEx72_NaAc_0.25M_JNL_10off_20on_20off,598,59.713,15167100,-19.674896779069616
csuEx72_NaAc_0.25M_JNL_10off_20on_20off,599,59.813,15319700,-18.86672575418589
csuEx72_NaAc_0.25M_JNL_10off_20on_20off,600,59.913,15156800,-19.7294456752446
