stim_jnl,frame,time_s,fluor,dff
csuEx72_bluelightbasal_JNL_10off_20on_20off,2,0.1,106641999.99999999,3.5207816457786962
csuEx72_bluelightbasal_JNL_10off_20on_20off,3,0.2,106251999.99999999,3.1421962400112338
csuEx72_bluelightbasal_JNL_10off_20on_20off,4,0.3,105390000,2.305425420084191
csuEx72_bluelightbasal_JNL_10off_20on_20off,5,0.4,105394000.00000001,2.309308347322846
csuEx72_bluelightbasal_JNL_10off_20on_20off,6,0.5,104831000.00000001,1.7627863384841767
csuEx72_bluelightbasal_JNL_10off_20on_20off,7,0.6,104287000,1.2347082340290354
csuEx72_bluelightbasal_JNL_10off_20on_20off,8,0.7,104460000,1.402644837100243
csuEx72_bluelightbasal_JNL_10off_20on_20off,9,0.8,104184000.00000001,1.1347228576340533
csuEx72_bluelightbasal_JNL_10off_20on_20off,10,0.9,103848000,0.8085569695882253
csuEx72_bluelightbasal_JNL_10off_20on_20off,11,1,103765000,0.7279862293864322
csuEx72_bluelightbasal_JNL_10off_20on_20off,12,1.1,103641999.99999999,0.6085862167982181
csuEx72_bluelightbasal_JNL_10off_20on_20off,13,1.2,103584000.00000001,0.5522837718379578
csuEx72_bluelightbasal_JNL_10off_20on_20off,14,1.3,103909999.99999999,0.8687423417871409
csuEx72_bluelightbasal_JNL_10off_20on_20off,15,1.4,103299000.00000001,0.2756252060848124
csuEx72_bluelightbasal_JNL_10off_20on_20off,16,1.5,103370999.99999999,0.345517896380315
csuEx72_bluelightbasal_JNL_10off_20on_20off,17,1.6,103648000,0.6144106076561936
csuEx72_bluelightbasal_JNL_10off_20on_20off,18,1.7,103607999.99999999,0.5755813352697727
csuEx72_bluelightbasal_JNL_10off_20on_20off,19,1.8,103362000,0.336781310093388
csuEx72_bluelightbasal_JNL_10off_20on_20off,20,1.9,102932000,-0.0806333680604805
csuEx72_bluelightbasal_JNL_10off_20on_20off,21,2,103319999.99999999,0.29601057408764686
csuEx72_bluelightbasal_JNL_10off_20on_20off,22,2.1,103318000,0.294069110468341
csuEx72_bluelightbasal_JNL_10off_20on_20off,23,2.2,103420000,0.39308375505367726
csuEx72_bluelightbasal_JNL_10off_20on_20off,24,2.3,103102999.99999999,0.08536177139139227
csuEx72_bluelightbasal_JNL_10off_20on_20off,25,2.4,103115000,0.09701055310732865
csuEx72_bluelightbasal_JNL_10off_20on_20off,26,2.5,102563000,-0.4388334058250793
csuEx72_bluelightbasal_JNL_10off_20on_20off,27,2.6,102701000,-0.30487241609197735
csuEx72_bluelightbasal_JNL_10off_20on_20off,28,2.7,103099000,0.0814788441527661
csuEx72_bluelightbasal_JNL_10off_20on_20off,29,2.8,102724000,-0.2825455844697936
csuEx72_bluelightbasal_JNL_10off_20on_20off,30,2.9,102519999.99999999,-0.4805748736404806
csuEx72_bluelightbasal_JNL_10off_20on_20off,31,3,102577999.99999999,-0.4242724286801914
csuEx72_bluelightbasal_JNL_10off_20on_20off,32,3.1,102915000,-0.09713580882470321
csuEx72_bluelightbasal_JNL_10off_20on_20off,33,3.2,102325000,-0.6698675765241973
csuEx72_bluelightbasal_JNL_10off_20on_20off,34,3.3,103151000,0.13195689825509438
csuEx72_bluelightbasal_JNL_10off_20on_20off,35,3.4,102881000,-0.13014069035314862
csuEx72_bluelightbasal_JNL_10off_20on_20off,36,3.5,102533000.00000001,-0.4679553601148696
csuEx72_bluelightbasal_JNL_10off_20on_20off,37,3.6,102577999.99999999,-0.4242724286801914
csuEx72_bluelightbasal_JNL_10off_20on_20off,38,3.7,102587999.99999999,-0.41456511058358975
csuEx72_bluelightbasal_JNL_10off_20on_20off,39,3.8,102277000,-0.7164627033878849
csuEx72_bluelightbasal_JNL_10off_20on_20off,40,3.9,102386000,-0.6106529361349274
csuEx72_bluelightbasal_JNL_10off_20on_20off,41,4,102251000,-0.741701730439049
csuEx72_bluelightbasal_JNL_10off_20on_20off,42,4.1,102410000,-0.5873553727030837
csuEx72_bluelightbasal_JNL_10off_20on_20off,43,4.2,102443000,-0.5553212229842984
csuEx72_bluelightbasal_JNL_10off_20on_20off,44,4.3,102486000.00000001,-0.5135797551688971
csuEx72_bluelightbasal_JNL_10off_20on_20off,45,4.4,102369000,-0.6271553768991502
csuEx72_bluelightbasal_JNL_10off_20on_20off,46,4.5,102626000,-0.37767730181648923
csuEx72_bluelightbasal_JNL_10off_20on_20off,47,4.6,102630000,-0.37379437457784864
csuEx72_bluelightbasal_JNL_10off_20on_20off,48,4.7,102620000,-0.3835016926744502
csuEx72_bluelightbasal_JNL_10off_20on_20off,49,4.8,102886000.00000001,-0.12528703130483337
csuEx72_bluelightbasal_JNL_10off_20on_20off,50,4.9,102102000,-0.8863407700784127
csuEx72_bluelightbasal_JNL_10off_20on_20off,51,5,102780999.99999999,-0.22721387131917903
csuEx72_bluelightbasal_JNL_10off_20on_20off,52,5.1,102305000,-0.6892822127174004
csuEx72_bluelightbasal_JNL_10off_20on_20off,53,5.2,102896000.00000001,-0.11557971320823178
csuEx72_bluelightbasal_JNL_10off_20on_20off,54,5.3,102221999.99999999,-0.7698529529192081
csuEx72_bluelightbasal_JNL_10off_20on_20off,55,5.4,102411000.00000001,-0.586384640893409
csuEx72_bluelightbasal_JNL_10off_20on_20off,56,5.5,102667000,-0.33787729762042273
csuEx72_bluelightbasal_JNL_10off_20on_20off,57,5.6,102653000,-0.35146754295566496
csuEx72_bluelightbasal_JNL_10off_20on_20off,58,5.7,102279000.00000001,-0.7145212397685501
csuEx72_bluelightbasal_JNL_10off_20on_20off,59,5.8,102507000,-0.4931943871660482
csuEx72_bluelightbasal_JNL_10off_20on_20off,60,5.9,102599000,-0.4038870606773136
csuEx72_bluelightbasal_JNL_10off_20on_20off,61,6,102712000,-0.2941943661857156
csuEx72_bluelightbasal_JNL_10off_20on_20off,62,6.1,102611999.99999999,-0.39126754715174594
csuEx72_bluelightbasal_JNL_10off_20on_20off,63,6.2,102936999.99999999,-0.07577970901219418
csuEx72_bluelightbasal_JNL_10off_20on_20off,64,6.3,102681000,-0.3242870522851805
csuEx72_bluelightbasal_JNL_10off_20on_20off,65,6.4,102435000.00000001,-0.5630870774615653
csuEx72_bluelightbasal_JNL_10off_20on_20off,66,6.5,102512000,-0.48834072811774737
csuEx72_bluelightbasal_JNL_10off_20on_20off,67,6.6,102633000,-0.3708821791488682
csuEx72_bluelightbasal_JNL_10off_20on_20off,68,6.7,101847000,-1.1338773815417533
csuEx72_bluelightbasal_JNL_10off_20on_20off,69,6.8,102207000,-0.784413930064096
csuEx72_bluelightbasal_JNL_10off_20on_20off,70,6.9,102435000.00000001,-0.5630870774615653
csuEx72_bluelightbasal_JNL_10off_20on_20off,71,7,102122000,-0.8669261338852094
csuEx72_bluelightbasal_JNL_10off_20on_20off,72,7.1,102060000,-0.9271115060841394
csuEx72_bluelightbasal_JNL_10off_20on_20off,73,7.2,102352000,-0.6436578176633729
csuEx72_bluelightbasal_JNL_10off_20on_20off,74,7.3,102033000,-0.9533212649449637
csuEx72_bluelightbasal_JNL_10off_20on_20off,75,7.4,102068000,-0.9193456516068581
csuEx72_bluelightbasal_JNL_10off_20on_20off,76,7.5,102284000,-0.7096675807202637
csuEx72_bluelightbasal_JNL_10off_20on_20off,77,7.6,101654000,-1.321228620806164
csuEx72_bluelightbasal_JNL_10off_20on_20off,78,7.71,102316000,-0.6786041628111387
csuEx72_bluelightbasal_JNL_10off_20on_20off,79,7.8,101732000,-1.2455115396526717
csuEx72_bluelightbasal_JNL_10off_20on_20off,80,7.9,101611000,-1.362970088621551
csuEx72_bluelightbasal_JNL_10off_20on_20off,81,8.01,101797000,-1.1824139720247615
csuEx72_bluelightbasal_JNL_10off_20on_20off,82,8.1,101826000,-1.1542627495446167
csuEx72_bluelightbasal_JNL_10off_20on_20off,83,8.2,102082000,-0.9057554062716159
csuEx72_bluelightbasal_JNL_10off_20on_20off,84,8.3,102070000,-0.9174041879875379
csuEx72_bluelightbasal_JNL_10off_20on_20off,85,8.4,101926000,-1.0571895685786008
csuEx72_bluelightbasal_JNL_10off_20on_20off,86,8.5,101825000.00000001,-1.1552334813542624
csuEx72_bluelightbasal_JNL_10off_20on_20off,87,8.6,101897000,-1.0853407910587454
csuEx72_bluelightbasal_JNL_10off_20on_20off,88,8.7,101648999.99999999,-1.3260822798544794
csuEx72_bluelightbasal_JNL_10off_20on_20off,89,8.8,101679000.00000001,-1.2969603255646456
csuEx72_bluelightbasal_JNL_10off_20on_20off,90,8.9,102095000,-0.8931358927460338
csuEx72_bluelightbasal_JNL_10off_20on_20off,91,9,101678000,-1.2979310573743204
csuEx72_bluelightbasal_JNL_10off_20on_20off,92,9.1,101845999.99999999,-1.134848113351428
csuEx72_bluelightbasal_JNL_10off_20on_20off,93,9.2,101945000,-1.0387456641950576
csuEx72_bluelightbasal_JNL_10off_20on_20off,94,9.3,101567999.99999999,-1.4047115564369523
csuEx72_bluelightbasal_JNL_10off_20on_20off,95,9.4,101626000,-1.3484091114766485
csuEx72_bluelightbasal_JNL_10off_20on_20off,96,9.5,101901000,-1.0814578638201047
csuEx72_bluelightbasal_JNL_10off_20on_20off,97,9.6,101543999.99999999,-1.428009119868796
csuEx72_bluelightbasal_JNL_10off_20on_20off,98,9.71,101753999.99999999,-1.2241554398401626
csuEx72_bluelightbasal_JNL_10off_20on_20off,99,9.8,101390000,-1.5775018185564462
csuEx72_bluelightbasal_JNL_10off_20on_20off,100,9.9,101584999.99999999,-1.3882091156727294
csuEx72_bluelightbasal_JNL_10off_20on_20off,101,10,101165000,-1.795916475729982
csuEx72_bluelightbasal_JNL_10off_20on_20off,102,10.1,101540000.00000001,-1.4318920471074077
csuEx72_bluelightbasal_JNL_10off_20on_20off,103,10.21,101497000,-1.4736335149228093
csuEx72_bluelightbasal_JNL_10off_20on_20off,104,10.31,101316000,-1.649335972471298
csuEx72_bluelightbasal_JNL_10off_20on_20off,105,10.41,101697000,-1.2794871529907774
csuEx72_bluelightbasal_JNL_10off_20on_20off,106,10.51,101330000.00000001,-1.6357457271360412
csuEx72_bluelightbasal_JNL_10off_20on_20off,107,10.61,101323999.99999999,-1.641570117994031
csuEx72_bluelightbasal_JNL_10off_20on_20off,108,10.71,101208000.00000001,-1.7541750079145806
csuEx72_bluelightbasal_JNL_10off_20on_20off,109,10.81,101004000,-1.9522042970852675
csuEx72_bluelightbasal_JNL_10off_20on_20off,110,10.91,101309000,-1.6561310951389192
csuEx72_bluelightbasal_JNL_10off_20on_20off,111,11.01,101251000,-1.7124335400992083
csuEx72_bluelightbasal_JNL_10off_20on_20off,112,11.11,101567999.99999999,-1.4047115564369523
csuEx72_bluelightbasal_JNL_10off_20on_20off,113,11.21,101630000,-1.3445261842380078
csuEx72_bluelightbasal_JNL_10off_20on_20off,114,11.31,101441000,-1.5279944962637781
csuEx72_bluelightbasal_JNL_10off_20on_20off,115,11.41,100689000,-2.257984817128218
csuEx72_bluelightbasal_JNL_10off_20on_20off,116,11.51,101418999.99999999,-1.549350596076316
csuEx72_bluelightbasal_JNL_10off_20on_20off,117,11.61,101370000,-1.5969164547496493
csuEx72_bluelightbasal_JNL_10off_20on_20off,118,11.71,100970000,-1.985209178613713
csuEx72_bluelightbasal_JNL_10off_20on_20off,119,11.81,101383000,-1.5842969412240675
csuEx72_bluelightbasal_JNL_10off_20on_20off,120,11.91,100926000,-2.02792137823876
csuEx72_bluelightbasal_JNL_10off_20on_20off,121,12.01,100862000,-2.0900482140570102
csuEx72_bluelightbasal_JNL_10off_20on_20off,122,12.11,101131000,-1.8289213572584273
csuEx72_bluelightbasal_JNL_10off_20on_20off,123,12.21,101506999.99999999,-1.4639261968262218
csuEx72_bluelightbasal_JNL_10off_20on_20off,124,12.31,101209000,-1.753204276104935
csuEx72_bluelightbasal_JNL_10off_20on_20off,125,12.41,101027000,-1.929877465463084
csuEx72_bluelightbasal_JNL_10off_20on_20off,126,12.51,101160000,-1.8007701347782827
csuEx72_bluelightbasal_JNL_10off_20on_20off,127,12.61,101370000,-1.5969164547496493
csuEx72_bluelightbasal_JNL_10off_20on_20off,128,12.71,101259000.00000001,-1.7046676856219127
csuEx72_bluelightbasal_JNL_10off_20on_20off,129,12.81,101519000,-1.4522774151102857
csuEx72_bluelightbasal_JNL_10off_20on_20off,130,12.91,101030000,-1.9269652700341038
csuEx72_bluelightbasal_JNL_10off_20on_20off,131,13.01,100713999.99999999,-2.2337165218867283
csuEx72_bluelightbasal_JNL_10off_20on_20off,132,13.11,101034000,-1.9230823427954629
csuEx72_bluelightbasal_JNL_10off_20on_20off,133,13.21,100955000,-1.9997701557586154
csuEx72_bluelightbasal_JNL_10off_20on_20off,134,13.31,100994999.99999999,-1.9609408833722235
csuEx72_bluelightbasal_JNL_10off_20on_20off,135,13.41,100708000,-2.239540912744675
csuEx72_bluelightbasal_JNL_10off_20on_20off,136,13.51,100750999.99999999,-2.1977994449293026
csuEx72_bluelightbasal_JNL_10off_20on_20off,137,13.61,100743000,-2.2055652994065693
csuEx72_bluelightbasal_JNL_10off_20on_20off,138,13.71,100588000.00000001,-2.35602872990388
csuEx72_bluelightbasal_JNL_10off_20on_20off,139,13.81,100265000,-2.6695751044241254
csuEx72_bluelightbasal_JNL_10off_20on_20off,140,13.91,100346000,-2.5909458278416526
csuEx72_bluelightbasal_JNL_10off_20on_20off,141,14.01,100478000,-2.4628092289665116
csuEx72_bluelightbasal_JNL_10off_20on_20off,142,14.11,100603000,-2.3414677527589913
csuEx72_bluelightbasal_JNL_10off_20on_20off,143,14.21,100435000.00000001,-2.504550696781884
csuEx72_bluelightbasal_JNL_10off_20on_20off,144,14.31,100705000,-2.242453108173655
csuEx72_bluelightbasal_JNL_10off_20on_20off,145,14.41,100217000,-2.716170231287813
csuEx72_bluelightbasal_JNL_10off_20on_20off,146,14.51,100418000,-2.5210531375461214
csuEx72_bluelightbasal_JNL_10off_20on_20off,147,14.61,100123000,-2.807419021395868
csuEx72_bluelightbasal_JNL_10off_20on_20off,148,14.71,100072999.99999999,-2.8559556118788905
csuEx72_bluelightbasal_JNL_10off_20on_20off,149,14.81,100293000.00000001,-2.6423946137536265
csuEx72_bluelightbasal_JNL_10off_20on_20off,150,14.91,99980800,-2.9454570847295427
csuEx72_bluelightbasal_JNL_10off_20on_20off,151,15.01,99971100,-2.954873183283246
csuEx72_bluelightbasal_JNL_10off_20on_20off,152,15.11,99784400.00000001,-3.1361088121467837
csuEx72_bluelightbasal_JNL_10off_20on_20off,153,15.21,99863199.99999999,-3.059615145545592
csuEx72_bluelightbasal_JNL_10off_20on_20off,154,15.31,100089999.99999999,-2.8394531711146676
csuEx72_bluelightbasal_JNL_10off_20on_20off,155,15.41,99327500,-3.5796361759805246
csuEx72_bluelightbasal_JNL_10off_20on_20off,156,15.51,99503400,-3.408884450661303
csuEx72_bluelightbasal_JNL_10off_20on_20off,157,15.61,99671299.99999999,-3.2458985798193765
csuEx72_bluelightbasal_JNL_10off_20on_20off,158,15.71,100222000.00000001,-2.711316572239498
csuEx72_bluelightbasal_JNL_10off_20on_20off,159,15.81,99886400,-3.0370941675614618
csuEx72_bluelightbasal_JNL_10off_20on_20off,160,15.91,100374000.00000001,-2.5637653371711537
csuEx72_bluelightbasal_JNL_10off_20on_20off,161,16.01,99736400,-3.182703939010486
csuEx72_bluelightbasal_JNL_10off_20on_20off,162,16.11,99984100,-2.942253669757664
csuEx72_bluelightbasal_JNL_10off_20on_20off,163,16.21,99781099.99999999,-3.139312227118691
csuEx72_bluelightbasal_JNL_10off_20on_20off,164,16.31,99720600.00000001,-3.1980415016031016
csuEx72_bluelightbasal_JNL_10off_20on_20off,165,16.41,99684100,-3.2334732126557117
csuEx72_bluelightbasal_JNL_10off_20on_20off,166,16.51,99290600,-3.6154561797569844
csuEx72_bluelightbasal_JNL_10off_20on_20off,167,16.61,99186200,-3.716800580685505
csuEx72_bluelightbasal_JNL_10off_20on_20off,168,16.71,99418800,-3.491008361758553
csuEx72_bluelightbasal_JNL_10off_20on_20off,169,16.811,99300700,-3.6056517884794173
csuEx72_bluelightbasal_JNL_10off_20on_20off,170,16.911,99141100.00000001,-3.760580585301164
csuEx72_bluelightbasal_JNL_10off_20on_20off,171,17.011,99633100,-3.28298053494838
csuEx72_bluelightbasal_JNL_10off_20on_20off,172,17.111,99489600,-3.422280549634613
csuEx72_bluelightbasal_JNL_10off_20on_20off,173,17.211,99289100,-3.616912277471475
csuEx72_bluelightbasal_JNL_10off_20on_20off,174,17.311,99737400,-3.1817332072008258
csuEx72_bluelightbasal_JNL_10off_20on_20off,175,17.411,99474300,-3.4371327463224133
csuEx72_bluelightbasal_JNL_10off_20on_20off,176,17.511,99165600,-3.736797655964504
csuEx72_bluelightbasal_JNL_10off_20on_20off,177,17.611,99087599.99999999,-3.8125147371180113
csuEx72_bluelightbasal_JNL_10off_20on_20off,178,17.711,99455500.00000001,-3.4553825043440103
csuEx72_bluelightbasal_JNL_10off_20on_20off,179,17.811,99161200,-3.7410688759270094
csuEx72_bluelightbasal_JNL_10off_20on_20off,180,17.911,98564500,-4.320304546751226
csuEx72_bluelightbasal_JNL_10off_20on_20off,181,18.011,98912000,-3.9829752428943213
csuEx72_bluelightbasal_JNL_10off_20on_20off,182,18.111,99053500,-3.8456166918274084
csuEx72_bluelightbasal_JNL_10off_20on_20off,183,18.211,98788300,-4.103054767749283
csuEx72_bluelightbasal_JNL_10off_20on_20off,184,18.311,99062200,-3.837171325083365
csuEx72_bluelightbasal_JNL_10off_20on_20off,185,18.411,98974600,-3.922207431609595
csuEx72_bluelightbasal_JNL_10off_20on_20off,186,18.511,98817799.99999999,-4.074418179364322
csuEx72_bluelightbasal_JNL_10off_20on_20off,187,18.611,98970200,-3.9264786515720997
csuEx72_bluelightbasal_JNL_10off_20on_20off,188,18.711,98865700.00000001,-4.027920125681572
csuEx72_bluelightbasal_JNL_10off_20on_20off,189,18.811,98317599.99999999,-4.559978230556334
csuEx72_bluelightbasal_JNL_10off_20on_20off,190,18.911,98682700.00000001,-4.205564046849381
csuEx72_bluelightbasal_JNL_10off_20on_20off,191,19.011,98834600,-4.058109884962017
csuEx72_bluelightbasal_JNL_10off_20on_20off,192,19.111,98720100,-4.169258677168106
csuEx72_bluelightbasal_JNL_10off_20on_20off,193,19.211,98448499.99999999,-4.432909436671819
csuEx72_bluelightbasal_JNL_10off_20on_20off,194,19.311,98310700,-4.566676280042975
csuEx72_bluelightbasal_JNL_10off_20on_20off,195,19.411,98579700,-4.305549423244392
csuEx72_bluelightbasal_JNL_10off_20on_20off,196,19.511,98091400,-4.779557765901448
csuEx72_bluelightbasal_JNL_10off_20on_20off,197,19.611,97686600,-5.1725100024518795
csuEx72_bluelightbasal_JNL_10off_20on_20off,198,19.711,97936800,-4.929632903674908
csuEx72_bluelightbasal_JNL_10off_20on_20off,199,19.811,98207300,-4.667049949161836
csuEx72_bluelightbasal_JNL_10off_20on_20off,200,19.911,97771000.00000001,-5.090580237716549
csuEx72_bluelightbasal_JNL_10off_20on_20off,201,20.011,98170600,-4.702675806576363
csuEx72_bluelightbasal_JNL_10off_20on_20off,202,20.111,97891400,-4.9737041278334795
csuEx72_bluelightbasal_JNL_10off_20on_20off,203,20.211,98277000,-4.599389942028522
csuEx72_bluelightbasal_JNL_10off_20on_20off,204,20.311,98037600,-4.831783137261164
csuEx72_bluelightbasal_JNL_10off_20on_20off,205,20.411,98000300,-4.867991433761489
csuEx72_bluelightbasal_JNL_10off_20on_20off,206,20.511,98047799.99999999,-4.821881672802645
csuEx72_bluelightbasal_JNL_10off_20on_20off,207,20.611,97501200.00000001,-5.352483679962859
csuEx72_bluelightbasal_JNL_10off_20on_20off,208,20.711,97540600.00000001,-5.314236846662249
csuEx72_bluelightbasal_JNL_10off_20on_20off,209,20.811,97475300,-5.3776256338330715
csuEx72_bluelightbasal_JNL_10off_20on_20off,210,20.911,97349800,-5.4994524759454215
csuEx72_bluelightbasal_JNL_10off_20on_20off,211,21.011,97510700,-5.343261727771102
csuEx72_bluelightbasal_JNL_10off_20on_20off,212,21.111,97410000,-5.441014421003881
csuEx72_bluelightbasal_JNL_10off_20on_20off,213,21.211,97624800,-5.232501228288878
csuEx72_bluelightbasal_JNL_10off_20on_20off,214,21.311,97259900,-5.58672126563387
csuEx72_bluelightbasal_JNL_10off_20on_20off,215,21.411,97198900,-5.64593590602314
csuEx72_bluelightbasal_JNL_10off_20on_20off,216,21.511,97507200,-5.346659289104913
csuEx72_bluelightbasal_JNL_10off_20on_20off,217,21.611,96954200,-5.883473979846981
csuEx72_bluelightbasal_JNL_10off_20on_20off,218,21.711,97245899.99999999,-5.600311510969127
csuEx72_bluelightbasal_JNL_10off_20on_20off,219,21.811,96539100,-6.286424754036914
csuEx72_bluelightbasal_JNL_10off_20on_20off,220,21.911,97005400,-5.833772511192381
csuEx72_bluelightbasal_JNL_10off_20on_20off,221,22.011,96709099.99999999,-6.1214003463947
csuEx72_bluelightbasal_JNL_10off_20on_20off,222,22.111,96818100,-6.015590579141729
csuEx72_bluelightbasal_JNL_10off_20on_20off,223,22.211,96443999.99999999,-6.378741349135608
csuEx72_bluelightbasal_JNL_10off_20on_20off,224,22.311,96834700,-5.99947643110137
csuEx72_bluelightbasal_JNL_10off_20on_20off,225,22.411,96562200,-6.2640008492337635
csuEx72_bluelightbasal_JNL_10off_20on_20off,226,22.511,96710400,-6.120138395042128
csuEx72_bluelightbasal_JNL_10off_20on_20off,227,22.611,96788900.00000001,-6.043935947983791
csuEx72_bluelightbasal_JNL_10off_20on_20off,228,22.711,96728100,-6.102956442011143
csuEx72_bluelightbasal_JNL_10off_20on_20off,229,22.811,96542500,-6.2831242658840685
csuEx72_bluelightbasal_JNL_10off_20on_20off,230,22.911,96373100,-6.447566234440499
csuEx72_bluelightbasal_JNL_10off_20on_20off,231,23.011,96415900.00000001,-6.4060189129870295
csuEx72_bluelightbasal_JNL_10off_20on_20off,232,23.111,96708700,-6.12178863911855
csuEx72_bluelightbasal_JNL_10off_20on_20off,233,23.211,96566300,-6.2600208488141575
csuEx72_bluelightbasal_JNL_10off_20on_20off,234,23.311,96287400,-6.530757950528375
csuEx72_bluelightbasal_JNL_10off_20on_20off,235,23.411,95903300,-6.903616038618843
csuEx72_bluelightbasal_JNL_10off_20on_20off,236,23.511,96583100,-6.243712554411866
csuEx72_bluelightbasal_JNL_10off_20on_20off,237,23.611,96125300,-6.6881135768742865
csuEx72_bluelightbasal_JNL_10off_20on_20off,238,23.711,95749800,-7.052623371401677
csuEx72_bluelightbasal_JNL_10off_20on_20off,239,23.811,96156100,-6.658215037136754
csuEx72_bluelightbasal_JNL_10off_20on_20off,240,23.911,96205200.00000001,-6.610552105282426
csuEx72_bluelightbasal_JNL_10off_20on_20off,241,24.011,96091000,-6.721409677945631
csuEx72_bluelightbasal_JNL_10off_20on_20off,242,26.401,95623300,-7.175420945323687
csuEx72_bluelightbasal_JNL_10off_20on_20off,243,26.421,94080000,-8.67355134717221
csuEx72_bluelightbasal_JNL_10off_20on_20off,244,26.441,96024800,-6.785672123745133
csuEx72_bluelightbasal_JNL_10off_20on_20off,245,26.461,96225100,-6.591234542270204
csuEx72_bluelightbasal_JNL_10off_20on_20off,246,26.481,95833300,-6.971567265295054
csuEx72_bluelightbasal_JNL_10off_20on_20off,247,26.511,95956100,-6.852361399068786
csuEx72_bluelightbasal_JNL_10off_20on_20off,248,26.531,95790500,-7.013114586748509
csuEx72_bluelightbasal_JNL_10off_20on_20off,249,26.551,95526500,-7.26938778449879
csuEx72_bluelightbasal_JNL_10off_20on_20off,250,26.571,95794400,-7.009328732690834
csuEx72_bluelightbasal_JNL_10off_20on_20off,251,26.591,96160700,-6.653749670812317
csuEx72_bluelightbasal_JNL_10off_20on_20off,252,26.621,95443000,-7.350443890605414
csuEx72_bluelightbasal_JNL_10off_20on_20off,253,26.641,95616400,-7.1821189948103425
csuEx72_bluelightbasal_JNL_10off_20on_20off,254,26.661,95549100,-7.247449245600471
csuEx72_bluelightbasal_JNL_10off_20on_20off,255,26.681,95797600,-7.0062223908999215
csuEx72_bluelightbasal_JNL_10off_20on_20off,256,26.711,95772200,-7.030878978865289
csuEx72_bluelightbasal_JNL_10off_20on_20off,257,26.731,95407000,-7.38539023575318
csuEx72_bluelightbasal_JNL_10off_20on_20off,258,26.752,95195700,-7.590505867134372
csuEx72_bluelightbasal_JNL_10off_20on_20off,259,26.772,94807900,-7.966955662920581
csuEx72_bluelightbasal_JNL_10off_20on_20off,260,26.792,94591300,-8.177216172892972
csuEx72_bluelightbasal_JNL_10off_20on_20off,261,26.812,95333200,-7.457030243306099
csuEx72_bluelightbasal_JNL_10off_20on_20off,262,26.912,94554200,-8.213230323031363
csuEx72_bluelightbasal_JNL_10off_20on_20off,263,27.012,94740700,-8.032188840529745
csuEx72_bluelightbasal_JNL_10off_20on_20off,264,27.112,94598400,-8.170323977044385
csuEx72_bluelightbasal_JNL_10off_20on_20off,265,27.212,94644500,-8.125573240619051
csuEx72_bluelightbasal_JNL_10off_20on_20off,266,27.312,94193600,-8.563276213594817
csuEx72_bluelightbasal_JNL_10off_20on_20off,267,27.412,95138400,-7.646128799827897
csuEx72_bluelightbasal_JNL_10off_20on_20off,268,27.512,93923500,-8.825470875384026
csuEx72_bluelightbasal_JNL_10off_20on_20off,269,27.612,94761600,-8.011900545707846
csuEx72_bluelightbasal_JNL_10off_20on_20off,270,27.712,94519700,-8.246720570464639
csuEx72_bluelightbasal_JNL_10off_20on_20off,271,27.812,94385600,-8.376895706140067
csuEx72_bluelightbasal_JNL_10off_20on_20off,272,27.912,94523700,-8.242837643225997
csuEx72_bluelightbasal_JNL_10off_20on_20off,273,28.012,94354700,-8.406891319058566
csuEx72_bluelightbasal_JNL_10off_20on_20off,274,28.112,94769000,-8.00471713031636
csuEx72_bluelightbasal_JNL_10off_20on_20off,275,28.212,94701700,-8.070047381106491
csuEx72_bluelightbasal_JNL_10off_20on_20off,276,28.312,94198100,-8.558907920451347
csuEx72_bluelightbasal_JNL_10off_20on_20off,277,28.412,93621700.00000001,-9.118437735539448
csuEx72_bluelightbasal_JNL_10off_20on_20off,278,28.512,94159600,-8.596281095123262
csuEx72_bluelightbasal_JNL_10off_20on_20off,279,28.612,94202400,-8.554733773669808
csuEx72_bluelightbasal_JNL_10off_20on_20off,280,28.712,94135100,-8.620064024459936
csuEx72_bluelightbasal_JNL_10off_20on_20off,281,28.812,94154000,-8.60171719325736
csuEx72_bluelightbasal_JNL_10off_20on_20off,282,28.912,94202500,-8.55463670048884
csuEx72_bluelightbasal_JNL_10off_20on_20off,283,29.012,94324800,-8.435916200167403
csuEx72_bluelightbasal_JNL_10off_20on_20off,284,29.112,94380000,-8.382331804274163
csuEx72_bluelightbasal_JNL_10off_20on_20off,285,29.212,94005600,-8.745773793810926
csuEx72_bluelightbasal_JNL_10off_20on_20off,286,29.312,94085699.99999999,-8.668018175857162
csuEx72_bluelightbasal_JNL_10off_20on_20off,287,29.412,93862600,-8.88458844259233
csuEx72_bluelightbasal_JNL_10off_20on_20off,288,29.512,93904900,-8.843526487043704
csuEx72_bluelightbasal_JNL_10off_20on_20off,289,29.612,93849100,-8.897693322022741
csuEx72_bluelightbasal_JNL_10off_20on_20off,290,29.712,93705600,-9.036993336708974
csuEx72_bluelightbasal_JNL_10off_20on_20off,291,29.812,93879200,-8.868474294551971
csuEx72_bluelightbasal_JNL_10off_20on_20off,292,29.912,93445300,-9.289674826763514
csuEx72_bluelightbasal_JNL_10off_20on_20off,293,30.012,93291300,-9.439167525451179
csuEx72_bluelightbasal_JNL_10off_20on_20off,294,30.112,93951300,-8.798484531075474
csuEx72_bluelightbasal_JNL_10off_20on_20off,295,30.212,93534200,-9.203376768884725
csuEx72_bluelightbasal_JNL_10off_20on_20off,296,30.312,93421700,-9.312584097471493
csuEx72_bluelightbasal_JNL_10off_20on_20off,297,30.412,93362100,-9.370439713327238
csuEx72_bluelightbasal_JNL_10off_20on_20off,298,30.512,93761200,-8.98302064809187
csuEx72_bluelightbasal_JNL_10off_20on_20off,299,30.612,93075800,-9.648360230432942
csuEx72_bluelightbasal_JNL_10off_20on_20off,300,30.712,92975200,-9.746015850484754
csuEx72_bluelightbasal_JNL_10off_20on_20off,301,30.812,93341600,-9.390339715425272
csuEx72_bluelightbasal_JNL_10off_20on_20off,302,30.912,92994500,-9.727280726558314
csuEx72_bluelightbasal_JNL_10off_20on_20off,303,31.012,93242400,-9.486636310943561
csuEx72_bluelightbasal_JNL_10off_20on_20off,304,31.11,93215200,-9.513040216166317
csuEx72_bluelightbasal_JNL_10off_20on_20off,305,31.211,93316300,-9.414899230209675
csuEx72_bluelightbasal_JNL_10off_20on_20off,306,31.311,93411500,-9.322485561930026
csuEx72_bluelightbasal_JNL_10off_20on_20off,307,31.411,93148199.99999999,-9.578079247413562
csuEx72_bluelightbasal_JNL_10off_20on_20off,308,31.511,92960999.99999999,-9.759800242181942
csuEx72_bluelightbasal_JNL_10off_20on_20off,309,31.611,92973600,-9.74756902138021
csuEx72_bluelightbasal_JNL_10off_20on_20off,310,31.711,92679800,-10.032770027058366
csuEx72_bluelightbasal_JNL_10off_20on_20off,311,31.811,92648900,-10.062765639976865
csuEx72_bluelightbasal_JNL_10off_20on_20off,312,31.911,92725600,-9.98831051017593
csuEx72_bluelightbasal_JNL_10off_20on_20off,313,32.011,92482500,-10.224295413104317
csuEx72_bluelightbasal_JNL_10off_20on_20off,314,32.111,93117200,-9.608171933513013
csuEx72_bluelightbasal_JNL_10off_20on_20off,315,32.211,92769500,-9.945695383731849
csuEx72_bluelightbasal_JNL_10off_20on_20off,316,32.311,92416900,-10.287975419818022
csuEx72_bluelightbasal_JNL_10off_20on_20off,317,32.411,92588400,-10.121494914461305
csuEx72_bluelightbasal_JNL_10off_20on_20off,318,32.511,92599000,-10.111205157278908
csuEx72_bluelightbasal_JNL_10off_20on_20off,319,32.611,92579000,-10.13061979347211
csuEx72_bluelightbasal_JNL_10off_20on_20off,320,32.711,92190500,-10.507749101525082
csuEx72_bluelightbasal_JNL_10off_20on_20off,321,32.811,92335400,-10.367090062305325
csuEx72_bluelightbasal_JNL_10off_20on_20off,322,32.911,92115600,-10.580456914068629
csuEx72_bluelightbasal_JNL_10off_20on_20off,323,33.011,92401800,-10.30263347014389
csuEx72_bluelightbasal_JNL_10off_20on_20off,324,33.111,92200800,-10.497750563885583
csuEx72_bluelightbasal_JNL_10off_20on_20off,325,33.211,92606700,-10.103730522344524
csuEx72_bluelightbasal_JNL_10off_20on_20off,326,33.311,92515600,-10.192164190204563
csuEx72_bluelightbasal_JNL_10off_20on_20off,327,33.411,91743500,-10.941666220443173
csuEx72_bluelightbasal_JNL_10off_20on_20off,328,33.511,91662500,-11.020295497025646
csuEx72_bluelightbasal_JNL_10off_20on_20off,329,33.611,91537600,-11.1415399000522
csuEx72_bluelightbasal_JNL_10off_20on_20off,330,33.711,91981100,-10.71102034246792
csuEx72_bluelightbasal_JNL_10off_20on_20off,331,33.811,91551700,-11.127852581535992
csuEx72_bluelightbasal_JNL_10off_20on_20off,332,33.911,91716300,-10.96807012566593
csuEx72_bluelightbasal_JNL_10off_20on_20off,333,34.011,91708600,-10.975544760600313
csuEx72_bluelightbasal_JNL_10off_20on_20off,334,34.111,91416200,-11.259386741744944
csuEx72_bluelightbasal_JNL_10off_20on_20off,335,34.211,91264400,-11.406743830451356
csuEx72_bluelightbasal_JNL_10off_20on_20off,336,34.311,91799900,-10.88691694637834
csuEx72_bluelightbasal_JNL_10off_20on_20off,337,34.411,91693700,-10.990008664564249
csuEx72_bluelightbasal_JNL_10off_20on_20off,338,34.511,91156600,-11.511388719532722
csuEx72_bluelightbasal_JNL_10off_20on_20off,339,34.611,91333800,-11.33937504286094
csuEx72_bluelightbasal_JNL_10off_20on_20off,340,34.711,90934200,-11.72727947400114
csuEx72_bluelightbasal_JNL_10off_20on_20off,341,34.811,91388400,-11.286373086053496
csuEx72_bluelightbasal_JNL_10off_20on_20off,342,34.911,91055499.99999999,-11.609529705489377
csuEx72_bluelightbasal_JNL_10off_20on_20off,343,35.011,91073799.99999999,-11.591765313372596
csuEx72_bluelightbasal_JNL_10off_20on_20off,344,35.111,90852400,-11.806685336031341
csuEx72_bluelightbasal_JNL_10off_20on_20off,345,35.211,90660500,-11.992968770305126
csuEx72_bluelightbasal_JNL_10off_20on_20off,346,35.311,91055700,-11.60933555912743
csuEx72_bluelightbasal_JNL_10off_20on_20off,347,35.411,90443300,-12.203811719363312
csuEx72_bluelightbasal_JNL_10off_20on_20off,348,35.511,90778400,-11.878519489946193
csuEx72_bluelightbasal_JNL_10off_20on_20off,349,35.611,90780200,-11.876772172688804
csuEx72_bluelightbasal_JNL_10off_20on_20off,350,35.711,91051100,-11.613800925451867
csuEx72_bluelightbasal_JNL_10off_20on_20off,351,35.811,90453400,-12.194007328085744
csuEx72_bluelightbasal_JNL_10off_20on_20off,352,35.911,90389400,-12.256134163903996
csuEx72_bluelightbasal_JNL_10off_20on_20off,353,36.011,90464400,-12.183329278179484
csuEx72_bluelightbasal_JNL_10off_20on_20off,354,36.111,90417000,-12.229341965957374
csuEx72_bluelightbasal_JNL_10off_20on_20off,355,36.211,89461500,-13.156876210087656
csuEx72_bluelightbasal_JNL_10off_20on_20off,356,36.311,89911100.00000001,-12.720435188464435
csuEx72_bluelightbasal_JNL_10off_20on_20off,357,36.411,90112700,-12.524735655636961
csuEx72_bluelightbasal_JNL_10off_20on_20off,358,36.511,90321800,-12.321755634237022
csuEx72_bluelightbasal_JNL_10off_20on_20off,359,36.611,90062700,-12.573272246119968
csuEx72_bluelightbasal_JNL_10off_20on_20off,360,36.711,89834599.99999999,-12.794696171903466
csuEx72_bluelightbasal_JNL_10off_20on_20off,361,36.811,89570800,-13.050775223291803
csuEx72_bluelightbasal_JNL_10off_20on_20off,362,36.911,89511000,-13.108824985509479
csuEx72_bluelightbasal_JNL_10off_20on_20off,363,37.011,89369099.99999999,-13.246571829300269
csuEx72_bluelightbasal_JNL_10off_20on_20off,364,37.111,89754000,-12.87293715576206
csuEx72_bluelightbasal_JNL_10off_20on_20off,365,37.211,89285800,-13.327433789044946
csuEx72_bluelightbasal_JNL_10off_20on_20off,366,37.311,89681400,-12.943412285143388
csuEx72_bluelightbasal_JNL_10off_20on_20off,367,37.411,89720200,-12.905747890928573
csuEx72_bluelightbasal_JNL_10off_20on_20off,368,37.511,90026100,-12.608801030353531
csuEx72_bluelightbasal_JNL_10off_20on_20off,369,37.611,90068300.00000001,-12.567836147985858
csuEx72_bluelightbasal_JNL_10off_20on_20off,370,37.711,89794000,-12.834107883375653
csuEx72_bluelightbasal_JNL_10off_20on_20off,371,37.811,89789700,-12.838282030157192
csuEx72_bluelightbasal_JNL_10off_20on_20off,372,37.911,90115200.00000001,-12.522308826112797
csuEx72_bluelightbasal_JNL_10off_20on_20off,373,38.011,89777600,-12.85002788505408
csuEx72_bluelightbasal_JNL_10off_20on_20off,374,38.111,89627000,-12.996220095588901
csuEx72_bluelightbasal_JNL_10off_20on_20off,375,38.211,89436100,-13.181532798053025
csuEx72_bluelightbasal_JNL_10off_20on_20off,376,38.311,89595200,-13.027089367136094
csuEx72_bluelightbasal_JNL_10off_20on_20off,377,38.411,89742200.00000001,-12.884391791116034
csuEx72_bluelightbasal_JNL_10off_20on_20off,378,38.511,89964700,-12.668403963466664
csuEx72_bluelightbasal_JNL_10off_20on_20off,379,38.611,89705500,-12.920017648530576
csuEx72_bluelightbasal_JNL_10off_20on_20off,380,38.711,89727100,-12.899049841441917
csuEx72_bluelightbasal_JNL_10off_20on_20off,381,38.811,89579300,-13.042524002909689
csuEx72_bluelightbasal_JNL_10off_20on_20off,382,38.911,89449800,-13.168233772260681
csuEx72_bluelightbasal_JNL_10off_20on_20off,383,39.011,89423000,-13.194249384759575
csuEx72_bluelightbasal_JNL_10off_20on_20off,384,39.111,89407400,-13.209392800990273
csuEx72_bluelightbasal_JNL_10off_20on_20off,385,39.211,89323300,-13.291031346182692
csuEx72_bluelightbasal_JNL_10off_20on_20off,386,39.311,89377300,-13.23861182846104
csuEx72_bluelightbasal_JNL_10off_20on_20off,387,39.411,89461600.00000001,-13.156779136906676
csuEx72_bluelightbasal_JNL_10off_20on_20off,388,39.511,89786700,-12.841194225586172
csuEx72_bluelightbasal_JNL_10off_20on_20off,389,39.611,89936700,-12.69558445413715
csuEx72_bluelightbasal_JNL_10off_20on_20off,390,39.711,89582000,-13.039903027023609
csuEx72_bluelightbasal_JNL_10off_20on_20off,391,39.811,89216000,-13.395190869359224
csuEx72_bluelightbasal_JNL_10off_20on_20off,392,39.911,88968800,-13.635155772707217
csuEx72_bluelightbasal_JNL_10off_20on_20off,393,40.011,89570800,-13.050775223291803
csuEx72_bluelightbasal_JNL_10off_20on_20off,394,40.111,89227700,-13.383833307186203
csuEx72_bluelightbasal_JNL_10off_20on_20off,395,40.211,89387200,-13.229001583545408
csuEx72_bluelightbasal_JNL_10off_20on_20off,396,40.311,89349300,-13.265792319131526
csuEx72_bluelightbasal_JNL_10off_20on_20off,397,40.411,89183400,-13.426836726354146
csuEx72_bluelightbasal_JNL_10off_20on_20off,398,40.511,89221700,-13.389657698044163
csuEx72_bluelightbasal_JNL_10off_20on_20off,399,40.611,89058300,-13.548275275742633
csuEx72_bluelightbasal_JNL_10off_20on_20off,400,40.711,89882600,-12.748101045039764
csuEx72_bluelightbasal_JNL_10off_20on_20off,401,40.811,89292600,-13.320832812739258
csuEx72_bluelightbasal_JNL_10off_20on_20off,402,40.911,89134400,-13.474402585027494
csuEx72_bluelightbasal_JNL_10off_20on_20off,403,41.011,89243500,-13.368495744593572
csuEx72_bluelightbasal_JNL_10off_20on_20off,404,41.111,88795100,-13.803771888045189
csuEx72_bluelightbasal_JNL_10off_20on_20off,405,41.207,88865500,-13.735432368645112
csuEx72_bluelightbasal_JNL_10off_20on_20off,406,41.307,88709000,-13.887351896856925
csuEx72_bluelightbasal_JNL_10off_20on_20off,407,41.407,89302700,-13.31102842146169
csuEx72_bluelightbasal_JNL_10off_20on_20off,408,41.517,89492400,-13.126880597169158
csuEx72_bluelightbasal_JNL_10off_20on_20off,409,41.607,88758900,-13.838912379554886
csuEx72_bluelightbasal_JNL_10off_20on_20off,410,41.707,88804500,-13.79464700903438
csuEx72_bluelightbasal_JNL_10off_20on_20off,411,41.807,89191400,-13.419070871876865
csuEx72_bluelightbasal_JNL_10off_20on_20off,412,41.907,88571100,-14.021215813409063
csuEx72_bluelightbasal_JNL_10off_20on_20off,413,42.007,88545600,-14.045969474555397
csuEx72_bluelightbasal_JNL_10off_20on_20off,414,42.107,88465800,-14.123433872966276
csuEx72_bluelightbasal_JNL_10off_20on_20off,415,42.207,88825000,-13.774747006936346
csuEx72_bluelightbasal_JNL_10off_20on_20off,416,42.307,88608600,-13.984813370546807
csuEx72_bluelightbasal_JNL_10off_20on_20off,417,42.407,88211200,-14.370582191705756
csuEx72_bluelightbasal_JNL_10off_20on_20off,418,42.507,88536300.00000001,-14.054997280385223
csuEx72_bluelightbasal_JNL_10off_20on_20off,419,42.607,88340500,-14.245066568716696
csuEx72_bluelightbasal_JNL_10off_20on_20off,420,42.707,88458600,-14.130423141995829
csuEx72_bluelightbasal_JNL_10off_20on_20off,421,42.807,88486800,-14.103048504963414
csuEx72_bluelightbasal_JNL_10off_20on_20off,422,42.907,88372400,-14.214100223988535
csuEx72_bluelightbasal_JNL_10off_20on_20off,423,43.007,88284300.00000001,-14.299621696419582
csuEx72_bluelightbasal_JNL_10off_20on_20off,424,43.107,88184799.99999999,-14.396209511480794
csuEx72_bluelightbasal_JNL_10off_20on_20off,425,43.207,88119099.99999999,-14.459986591375468
csuEx72_bluelightbasal_JNL_10off_20on_20off,426,43.307,88284800.00000001,-14.299136330514752
csuEx72_bluelightbasal_JNL_10off_20on_20off,427,43.407,88388100,-14.198859734576871
csuEx72_bluelightbasal_JNL_10off_20on_20off,428,43.507,88347900,-14.237883153325209
csuEx72_bluelightbasal_JNL_10off_20on_20off,429,43.607,88480600,-14.109067042183307
csuEx72_bluelightbasal_JNL_10off_20on_20off,430,43.707,87893400,-14.679080760815753
csuEx72_bluelightbasal_JNL_10off_20on_20off,431,43.807,87800600,-14.769164672752217
csuEx72_bluelightbasal_JNL_10off_20on_20off,432,43.907,88284300.00000001,-14.299621696419582
csuEx72_bluelightbasal_JNL_10off_20on_20off,433,44.007,88112900,-14.466005128595347
csuEx72_bluelightbasal_JNL_10off_20on_20off,434,44.107,88202700,-14.378833412087866
csuEx72_bluelightbasal_JNL_10off_20on_20off,435,44.207,87588000.00000001,-14.975542255485951
csuEx72_bluelightbasal_JNL_10off_20on_20off,436,44.307,87902900,-14.669858808623982
csuEx72_bluelightbasal_JNL_10off_20on_20off,437,44.407,87854100,-14.717230520935395
csuEx72_bluelightbasal_JNL_10off_20on_20off,438,44.507,88009700,-14.566184651352277
csuEx72_bluelightbasal_JNL_10off_20on_20off,439,44.607,88319700,-14.265257790357627
csuEx72_bluelightbasal_JNL_10off_20on_20off,440,44.707,88088800,-14.489399765208159
csuEx72_bluelightbasal_JNL_10off_20on_20off,441,44.807,87371800,-15.18541447273449
csuEx72_bluelightbasal_JNL_10off_20on_20off,442,44.907,87105400,-15.444017426827958
csuEx72_bluelightbasal_JNL_10off_20on_20off,443,45.017,86996100,-15.550118413623814
csuEx72_bluelightbasal_JNL_10off_20on_20off,444,45.107,87016600,-15.530218411525782
csuEx72_bluelightbasal_JNL_10off_20on_20off,445,45.207,87154200,-15.396645714516543
csuEx72_bluelightbasal_JNL_10off_20on_20off,446,45.307,87383900.00000001,-15.173668617837588
csuEx72_bluelightbasal_JNL_10off_20on_20off,447,45.407,87168200,-15.3830554691813
csuEx72_bluelightbasal_JNL_10off_20on_20off,448,45.507,87151500,-15.399266690402625
csuEx72_bluelightbasal_JNL_10off_20on_20off,449,45.607,86915000,-15.628844763387253
csuEx72_bluelightbasal_JNL_10off_20on_20off,450,45.707,87265599.99999999,-15.288506190920415
csuEx72_bluelightbasal_JNL_10off_20on_20off,451,45.807,86750500,-15.788530146076349
csuEx72_bluelightbasal_JNL_10off_20on_20off,452,45.907,87135900,-15.414410106633323
csuEx72_bluelightbasal_JNL_10off_20on_20off,453,46.007,86575399.99999999,-15.958505285947858
csuEx72_bluelightbasal_JNL_10off_20on_20off,454,46.107,87061100,-15.487020845995902
csuEx72_bluelightbasal_JNL_10off_20on_20off,455,46.207,86820200,-15.720870138943036
csuEx72_bluelightbasal_JNL_10off_20on_20off,456,46.308,87022200,-15.524782313391682
csuEx72_bluelightbasal_JNL_10off_20on_20off,457,46.408,86620300,-15.914919427694102
csuEx72_bluelightbasal_JNL_10off_20on_20off,458,46.508,86871900,-15.670683304383607
csuEx72_bluelightbasal_JNL_10off_20on_20off,459,46.608,86732300,-15.806197465012165
csuEx72_bluelightbasal_JNL_10off_20on_20off,460,46.708,86749600,-15.789403804705044
csuEx72_bluelightbasal_JNL_10off_20on_20off,461,46.808,86685199.99999999,-15.851918933247171
csuEx72_bluelightbasal_JNL_10off_20on_20off,462,46.908,86741499.99999999,-15.797266732363305
csuEx72_bluelightbasal_JNL_10off_20on_20off,463,47.018,86686400,-15.850754055075564
csuEx72_bluelightbasal_JNL_10off_20on_20off,464,47.118,86734100,-15.804450147754775
csuEx72_bluelightbasal_JNL_10off_20on_20off,465,47.218,86262000.00000001,-16.262732635095322
csuEx72_bluelightbasal_JNL_10off_20on_20off,466,47.308,86470500,-16.060335052781195
csuEx72_bluelightbasal_JNL_10off_20on_20off,467,47.408,86603700,-15.93103357573446
csuEx72_bluelightbasal_JNL_10off_20on_20off,468,47.508,86330800,-16.19594628659072
csuEx72_bluelightbasal_JNL_10off_20on_20off,469,47.618,86503900,-16.027912610338543
csuEx72_bluelightbasal_JNL_10off_20on_20off,470,47.708,86486000,-16.045288709731462
csuEx72_bluelightbasal_JNL_10off_20on_20off,471,47.808,86129900,-16.390966307151444
csuEx72_bluelightbasal_JNL_10off_20on_20off,472,47.908,86365700.00000001,-16.162067746433564
csuEx72_bluelightbasal_JNL_10off_20on_20off,473,48.018,86487900,-16.04344431929311
csuEx72_bluelightbasal_JNL_10off_20on_20off,474,48.118,86414100,-16.115084326846027
csuEx72_bluelightbasal_JNL_10off_20on_20off,475,48.218,86281199.99999999,-16.244094584349874
csuEx72_bluelightbasal_JNL_10off_20on_20off,476,48.318,86204000,-16.319035080055624
csuEx72_bluelightbasal_JNL_10off_20on_20off,477,48.418,86334199.99999999,-16.192645798437887
csuEx72_bluelightbasal_JNL_10off_20on_20off,478,48.518,86353400,-16.1740077476924
csuEx72_bluelightbasal_JNL_10off_20on_20off,479,48.618,86649500,-15.886574058852023
csuEx72_bluelightbasal_JNL_10off_20on_20off,480,48.718,86241299.99999999,-16.282826783555315
csuEx72_bluelightbasal_JNL_10off_20on_20off,481,48.818,86004200,-16.512987295625724
csuEx72_bluelightbasal_JNL_10off_20on_20off,482,48.918,86124900,-16.395819966199745
csuEx72_bluelightbasal_JNL_10off_20on_20off,483,49.018,86050000,-16.46852777874329
csuEx72_bluelightbasal_JNL_10off_20on_20off,484,49.118,86149400,-16.37203703686307
csuEx72_bluelightbasal_JNL_10off_20on_20off,485,49.218,86193200,-16.329518983599954
csuEx72_bluelightbasal_JNL_10off_20on_20off,486,49.318,86245800,-16.278458490411833
csuEx72_bluelightbasal_JNL_10off_20on_20off,487,49.418,86370100,-16.157796526471074
csuEx72_bluelightbasal_JNL_10off_20on_20off,488,49.518,86134100,-16.38688923355087
csuEx72_bluelightbasal_JNL_10off_20on_20off,489,49.618,85753600,-16.756252687126562
csuEx72_bluelightbasal_JNL_10off_20on_20off,490,49.718,85850899.99999999,-16.661800482046644
csuEx72_bluelightbasal_JNL_10off_20on_20off,491,49.818,85818600,-16.693155119498652
csuEx72_bluelightbasal_JNL_10off_20on_20off,492,49.918,85595800,-16.909434166690936
csuEx72_bluelightbasal_JNL_10off_20on_20off,493,50.018,85793600,-16.717423414740153
csuEx72_bluelightbasal_JNL_10off_20on_20off,494,50.118,85356900,-17.141341996018745
csuEx72_bluelightbasal_JNL_10off_20on_20off,495,50.218,85697300,-16.810904888010427
csuEx72_bluelightbasal_JNL_10off_20on_20off,496,50.318,85325600,-17.17172590166111
csuEx72_bluelightbasal_JNL_10off_20on_20off,497,50.418,85714600,-16.794111227703308
csuEx72_bluelightbasal_JNL_10off_20on_20off,498,50.518,85323600,-17.17366736528043
csuEx72_bluelightbasal_JNL_10off_20on_20off,499,50.618,85357000,-17.14124492283778
csuEx72_bluelightbasal_JNL_10off_20on_20off,500,50.718,85204600,-17.28918445062999
csuEx72_bluelightbasal_JNL_10off_20on_20off,501,50.818,85638100,-16.86837221114231
csuEx72_bluelightbasal_JNL_10off_20on_20off,502,50.918,85232600,-17.262003959959504
csuEx72_bluelightbasal_JNL_10off_20on_20off,503,51.018,85206100,-17.2877283529155
csuEx72_bluelightbasal_JNL_10off_20on_20off,504,51.118,85166300,-17.326363478939975
csuEx72_bluelightbasal_JNL_10off_20on_20off,505,51.217,85534400,-16.96903709980407
csuEx72_bluelightbasal_JNL_10off_20on_20off,506,51.317,85298300,-17.198226880064833
csuEx72_bluelightbasal_JNL_10off_20on_20off,507,51.417,84970900,-17.516044474547567
csuEx72_bluelightbasal_JNL_10off_20on_20off,508,51.517,85057800,-17.4316878802881
csuEx72_bluelightbasal_JNL_10off_20on_20off,509,51.617,85333000,-17.164542486269625
csuEx72_bluelightbasal_JNL_10off_20on_20off,510,51.717,85318700,-17.178423951147764
csuEx72_bluelightbasal_JNL_10off_20on_20off,511,51.817,84796900,-17.684951809428437
csuEx72_bluelightbasal_JNL_10off_20on_20off,512,51.917,84817500,-17.664954734149436
csuEx72_bluelightbasal_JNL_10off_20on_20off,513,52.017,84711800,-17.76756108643052
csuEx72_bluelightbasal_JNL_10off_20on_20off,514,52.117,85046900,-17.442268857013396
csuEx72_bluelightbasal_JNL_10off_20on_20off,515,52.217,84653700,-17.82396060457177
csuEx72_bluelightbasal_JNL_10off_20on_20off,516,52.317,84963300,-17.523422036300985
csuEx72_bluelightbasal_JNL_10off_20on_20off,517,52.417,85271100,-17.22463078528759
csuEx72_bluelightbasal_JNL_10off_20on_20off,518,52.517,84342900,-18.125664051014148
csuEx72_bluelightbasal_JNL_10off_20on_20off,519,52.617,84964000,-17.522742524034225
csuEx72_bluelightbasal_JNL_10off_20on_20off,520,52.717,84664900,-17.813088408303575
csuEx72_bluelightbasal_JNL_10off_20on_20off,521,52.817,84490800,-17.982092816365412
csuEx72_bluelightbasal_JNL_10off_20on_20off,522,52.917,84742300,-17.737953766235883
csuEx72_bluelightbasal_JNL_10off_20on_20off,523,53.017,84227900.00000001,-18.23729820912505
csuEx72_bluelightbasal_JNL_10off_20on_20off,524,53.117,84157700,-18.305443582163207
csuEx72_bluelightbasal_JNL_10off_20on_20off,525,53.217,84476099.99999999,-17.996362573967428
csuEx72_bluelightbasal_JNL_10off_20on_20off,526,53.317,84637600,-17.8395893867073
csuEx72_bluelightbasal_JNL_10off_20on_20off,527,53.417,84351400,-18.117412830632038
csuEx72_bluelightbasal_JNL_10off_20on_20off,528,53.517,84576600,-17.898804027096567
csuEx72_bluelightbasal_JNL_10off_20on_20off,529,53.617,84268699.99999999,-18.197692351290947
csuEx72_bluelightbasal_JNL_10off_20on_20off,530,53.717,84119700,-18.342331390930298
csuEx72_bluelightbasal_JNL_10off_20on_20off,531,53.817,84285000,-18.18186942279347
csuEx72_bluelightbasal_JNL_10off_20on_20off,532,53.917,84005600,-18.45309189041252
csuEx72_bluelightbasal_JNL_10off_20on_20off,533,54.017,84175700,-18.287970409589327
csuEx72_bluelightbasal_JNL_10off_20on_20off,534,54.117,84199100,-18.265255285243278
csuEx72_bluelightbasal_JNL_10off_20on_20off,535,54.217,84185199.99999999,-18.27874845739757
csuEx72_bluelightbasal_JNL_10off_20on_20off,536,54.317,84339200,-18.129255758709892
csuEx72_bluelightbasal_JNL_10off_20on_20off,537,54.417,84131000,-18.33136212148114
csuEx72_bluelightbasal_JNL_10off_20on_20off,538,54.517,84090300,-18.370870906134304
csuEx72_bluelightbasal_JNL_10off_20on_20off,539,54.617,83970500,-18.48716457693159
csuEx72_bluelightbasal_JNL_10off_20on_20off,540,54.717,83969300,-18.488329455103184
csuEx72_bluelightbasal_JNL_10off_20on_20off,541,54.817,83844200,-18.60976800449167
csuEx72_bluelightbasal_JNL_10off_20on_20off,542,54.917,83417200,-19.024270487216558
csuEx72_bluelightbasal_JNL_10off_20on_20off,543,55.017,83845800,-18.60821483359621
csuEx72_bluelightbasal_JNL_10off_20on_20off,544,55.117,83844300,-18.609670931310703
csuEx72_bluelightbasal_JNL_10off_20on_20off,545,55.217,83553000,-18.89244510746471
csuEx72_bluelightbasal_JNL_10off_20on_20off,546,55.317,83950700,-18.506385066762864
csuEx72_bluelightbasal_JNL_10off_20on_20off,547,55.417,83863700,-18.590838734203295
csuEx72_bluelightbasal_JNL_10off_20on_20off,548,55.517,83728900,-18.721693382145485
csuEx72_bluelightbasal_JNL_10off_20on_20off,549,55.617,83828900,-18.62462020117947
csuEx72_bluelightbasal_JNL_10off_20on_20off,550,55.717,83280600,-19.156872452416135
csuEx72_bluelightbasal_JNL_10off_20on_20off,551,55.817,83653600.00000001,-18.79478948741288
csuEx72_bluelightbasal_JNL_10off_20on_20off,552,55.917,83654499.99999999,-18.793915828784215
csuEx72_bluelightbasal_JNL_10off_20on_20off,553,56.017,83303500,-19.134642693974918
csuEx72_bluelightbasal_JNL_10off_20on_20off,554,56.117,83235600,-19.200555383850844
csuEx72_bluelightbasal_JNL_10off_20on_20off,555,56.217,83834800,-18.618892883502475
csuEx72_bluelightbasal_JNL_10off_20on_20off,556,56.317,83456800,-18.985829507554016
csuEx72_bluelightbasal_JNL_10off_20on_20off,557,56.417,83436800.00000001,-19.005244143747205
csuEx72_bluelightbasal_JNL_10off_20on_20off,558,56.517,83298000,-19.13998171892805
csuEx72_bluelightbasal_JNL_10off_20on_20off,559,56.617,82958300,-19.469739314669603
csuEx72_bluelightbasal_JNL_10off_20on_20off,560,56.717,83174400,-19.259964170602046
csuEx72_bluelightbasal_JNL_10off_20on_20off,561,56.817,83458000,-18.984664629382422
csuEx72_bluelightbasal_JNL_10off_20on_20off,562,56.917,82520399.99999999,-19.894822774119802
csuEx72_bluelightbasal_JNL_10off_20on_20off,563,57.017,83267300,-19.169783185484615
csuEx72_bluelightbasal_JNL_10off_20on_20off,564,57.117,83358100,-19.081640737167476
csuEx72_bluelightbasal_JNL_10off_20on_20off,565,57.217,83058800,-19.372180767798756
csuEx72_bluelightbasal_JNL_10off_20on_20off,566,57.317,83078000,-19.353542717053283
csuEx72_bluelightbasal_JNL_10off_20on_20off,567,57.417,82987300.00000001,-19.441588092189445
csuEx72_bluelightbasal_JNL_10off_20on_20off,568,57.517,82769100.00000001,-19.65340177305729
csuEx72_bluelightbasal_JNL_10off_20on_20off,569,57.617,82453700,-19.95957058582412
csuEx72_bluelightbasal_JNL_10off_20on_20off,570,57.717,82520600,-19.894628627757857
csuEx72_bluelightbasal_JNL_10off_20on_20off,571,57.817,82473100,-19.940738388716714
csuEx72_bluelightbasal_JNL_10off_20on_20off,572,57.917,82934699.99999999,-19.492648585377598
csuEx72_bluelightbasal_JNL_10off_20on_20off,573,58.017,82646000,-19.772898858826473
csuEx72_bluelightbasal_JNL_10off_20on_20off,574,58.117,82781300.00000001,-19.64155884497944
csuEx72_bluelightbasal_JNL_10off_20on_20off,575,58.217,82638400,-19.780276420579888
csuEx72_bluelightbasal_JNL_10off_20on_20off,576,58.317,82229500.00000001,-20.177208657549915
csuEx72_bluelightbasal_JNL_10off_20on_20off,577,58.417,82724400,-19.696793484949115
csuEx72_bluelightbasal_JNL_10off_20on_20off,578,58.517,82556800,-19.85948813624816
csuEx72_bluelightbasal_JNL_10off_20on_20off,579,58.617,82993800,-19.43527833542667
csuEx72_bluelightbasal_JNL_10off_20on_20off,580,58.717,82688400.00000001,-19.731739830096867
csuEx72_bluelightbasal_JNL_10off_20on_20off,581,58.817,82179400,-20.225842321213904
csuEx72_bluelightbasal_JNL_10off_20on_20off,582,58.917,82170900,-20.234093541596014
csuEx72_bluelightbasal_JNL_10off_20on_20off,583,59.017,81552500,-20.834394092689855
csuEx72_bluelightbasal_JNL_10off_20on_20off,584,59.117,82325500,-20.084018403822554
csuEx72_bluelightbasal_JNL_10off_20on_20off,585,59.217,82263800,-20.143912556478586
csuEx72_bluelightbasal_JNL_10off_20on_20off,586,59.317,82519100,-19.896084725472345
csuEx72_bluelightbasal_JNL_10off_20on_20off,587,59.417,81679200,-20.711402372405914
csuEx72_bluelightbasal_JNL_10off_20on_20off,588,59.517,82013400,-20.38698380161749
csuEx72_bluelightbasal_JNL_10off_20on_20off,589,59.617,81916800,-20.48075649443066
csuEx72_bluelightbasal_JNL_10off_20on_20off,590,59.717,81753300,-20.639471145310097
csuEx72_bluelightbasal_JNL_10off_20on_20off,591,59.817,81515200,-20.870602389190182
csuEx72_bluelightbasal_JNL_10off_20on_20off,592,59.917,81453700,-20.93030239548428
csuEx72_bluelightbasal_JNL_10off_20on_20off,593,60.017,81809800,-20.584624798064297
csuEx72_bluelightbasal_JNL_10off_20on_20off,594,60.117,81380900,-21.00097167122754
csuEx72_bluelightbasal_JNL_10off_20on_20off,595,60.217,81400400.00000001,-20.982042400939154
csuEx72_bluelightbasal_JNL_10off_20on_20off,596,60.317,81530300,-20.85594433886431
csuEx72_bluelightbasal_JNL_10off_20on_20off,597,60.417,81707000,-20.684416028097363
csuEx72_bluelightbasal_JNL_10off_20on_20off,598,60.517,81614200,-20.774499940033824
csuEx72_bluelightbasal_JNL_10off_20on_20off,599,60.617,81498000.00000001,-20.88729897631632
csuEx72_bluelightbasal_JNL_10off_20on_20off,600,60.717,81486699.99999999,-20.898268245765507
