stim_jnl,frame,time_s,fluor,dff
csuEx72_NaAc_0.25M_JNL_10off_20on_20off,2,0.1,42576400,1.1849866679321248
csuEx72_NaAc_0.25M_JNL_10off_20on_20off,3,0.2,42373900.00000001,0.703735087238231
csuEx72_NaAc_0.25M_JNL_10off_20on_20off,4,0.3,42394000,0.7515037626552385
csuEx72_NaAc_0.25M_JNL_10off_20on_20off,5,0.4,42443300,0.8686677277328182
csuEx72_NaAc_0.25M_JNL_10off_20on_20off,6,0.5,42131299.99999999,0.12718381081181074
csuEx72_NaAc_0.25M_JNL_10off_20on_20off,7,0.6,42170400,0.22010695552852938
csuEx72_NaAc_0.25M_JNL_10off_20on_20off,8,0.7,42426900,0.8296922910741507
csuEx72_NaAc_0.25M_JNL_10off_20on_20off,9,0.8,42274100,0.4665552958641276
csuEx72_NaAc_0.25M_JNL_10off_20on_20off,10,0.9,41979400,-0.23381428848399952
csuEx72_NaAc_0.25M_JNL_10off_20on_20off,11,1,41997700,-0.19032340489536456
csuEx72_NaAc_0.25M_JNL_10off_20on_20off,12,1.1,42223900,0.3472524348723529
csuEx72_NaAc_0.25M_JNL_10off_20on_20off,13,1.2,42314000,0.5613796813934464
csuEx72_NaAc_0.25M_JNL_10off_20on_20off,14,1.3,42373600,0.7030221219334816
csuEx72_NaAc_0.25M_JNL_10off_20on_20off,15,1.4,41979100,-0.23452725378873127
csuEx72_NaAc_0.25M_JNL_10off_20on_20off,16,1.5,42242400,0.39121862866414236
csuEx72_NaAc_0.25M_JNL_10off_20on_20off,17,1.6,42219100,0.3358449899966454
csuEx72_NaAc_0.25M_JNL_10off_20on_20off,18,1.7,42035800,-0.09977681119443603
csuEx72_NaAc_0.25M_JNL_10off_20on_20off,19,1.8,42011700,-0.15705169067455094
csuEx72_NaAc_0.25M_JNL_10off_20on_20off,20,1.9,42016000,-0.14683252130672958
csuEx72_NaAc_0.25M_JNL_10off_20on_20off,21,2,42227700,0.356283328732288
csuEx72_NaAc_0.25M_JNL_10off_20on_20off,22,2.1,42265200,0.4454039918237532
csuEx72_NaAc_0.25M_JNL_10off_20on_20off,23,2.2,42133200.00000001,0.1316992577418137
csuEx72_NaAc_0.25M_JNL_10off_20on_20off,24,2.3,42204200,0.30043437986163657
csuEx72_NaAc_0.25M_JNL_10off_20on_20off,25,2.4,42152400,0.17732903724462615
csuEx72_NaAc_0.25M_JNL_10off_20on_20off,26,2.5,42215400,0.3270517512382875
csuEx72_NaAc_0.25M_JNL_10off_20on_20off,27,2.6,41809500,-0.6375903060637307
csuEx72_NaAc_0.25M_JNL_10off_20on_20off,28,2.7,42139600,0.14690918424273938
csuEx72_NaAc_0.25M_JNL_10off_20on_20off,29,2.8,42006200,-0.17012272126129913
csuEx72_NaAc_0.25M_JNL_10off_20on_20off,30,2.9,42230200,0.36222470627171904
csuEx72_NaAc_0.25M_JNL_10off_20on_20off,31,3,41951400,-0.3003577169256268
csuEx72_NaAc_0.25M_JNL_10off_20on_20off,32,3.1,42110400,0.07751389458218523
csuEx72_NaAc_0.25M_JNL_10off_20on_20off,33,3.2,42016900,-0.14469362539253444
csuEx72_NaAc_0.25M_JNL_10off_20on_20off,34,3.3,41889500,-0.44746622480193854
csuEx72_NaAc_0.25M_JNL_10off_20on_20off,35,3.4,41828600,-0.5921981816624778
csuEx72_NaAc_0.25M_JNL_10off_20on_20off,36,3.5,42202600,0.29663189823640074
csuEx72_NaAc_0.25M_JNL_10off_20on_20off,37,3.6,41692000,-0.916835050416988
csuEx72_NaAc_0.25M_JNL_10off_20on_20off,38,3.7,41997099.99999999,-0.1917493355048457
csuEx72_NaAc_0.25M_JNL_10off_20on_20off,39,3.801,42023300,-0.12948369889159106
csuEx72_NaAc_0.25M_JNL_10off_20on_20off,40,3.9,41962000,-0.27516627615843936
csuEx72_NaAc_0.25M_JNL_10off_20on_20off,41,4,41940600,-0.32602446789596873
csuEx72_NaAc_0.25M_JNL_10off_20on_20off,42,4.1,42160700,0.19705441067553708
csuEx72_NaAc_0.25M_JNL_10off_20on_20off,43,4.2,41802300,-0.654701473377292
csuEx72_NaAc_0.25M_JNL_10off_20on_20off,44,4.3,41894700,-0.43510815951992204
csuEx72_NaAc_0.25M_JNL_10off_20on_20off,45,4.4,42195900,0.28070900643072566
csuEx72_NaAc_0.25M_JNL_10off_20on_20off,46,4.5,41740199.99999999,-0.8022852914567759
csuEx72_NaAc_0.25M_JNL_10off_20on_20off,47,4.6,42082000,0.010019845734248987
csuEx72_NaAc_0.25M_JNL_10off_20on_20off,48,4.7,41651400,-1.0133230216573477
csuEx72_NaAc_0.25M_JNL_10off_20on_20off,49,4.8,41973500,-0.24783593947705673
csuEx72_NaAc_0.25M_JNL_10off_20on_20off,50,4.9,41754100,-0.7692512323375218
csuEx72_NaAc_0.25M_JNL_10off_20on_20off,51,5,41614200,-1.1017307194440809
csuEx72_NaAc_0.25M_JNL_10off_20on_20off,52,5.1,42150700,0.17328890051781307
csuEx72_NaAc_0.25M_JNL_10off_20on_20off,53,5.2,42007500,-0.167033204940795
csuEx72_NaAc_0.25M_JNL_10off_20on_20off,54,5.3,41597200,-1.1421320867122118
csuEx72_NaAc_0.25M_JNL_10off_20on_20off,55,5.4,41792600,-0.6777540182302844
csuEx72_NaAc_0.25M_JNL_10off_20on_20off,56,5.5,41952200,-0.2984564761130089
csuEx72_NaAc_0.25M_JNL_10off_20on_20off,57,5.6,41870000,-0.4938089696095003
csuEx72_NaAc_0.25M_JNL_10off_20on_20off,58,5.7,41945600,-0.31414171281710673
csuEx72_NaAc_0.25M_JNL_10off_20on_20off,59,5.8,41610200,-1.1112369235071706
csuEx72_NaAc_0.25M_JNL_10off_20on_20off,60,5.9,41723300,-0.8424490036233119
csuEx72_NaAc_0.25M_JNL_10off_20on_20off,61,6,41780700,-0.706034975317976
csuEx72_NaAc_0.25M_JNL_10off_20on_20off,62,6.1,41610500,-1.1105239582024389
csuEx72_NaAc_0.25M_JNL_10off_20on_20off,63,6.2,41653800,-1.007619299219494
csuEx72_NaAc_0.25M_JNL_10off_20on_20off,64,6.3,41716700,-0.8581342403274097
csuEx72_NaAc_0.25M_JNL_10off_20on_20off,65,6.4,41601800.00000001,-1.1311999520396412
csuEx72_NaAc_0.25M_JNL_10off_20on_20off,66,6.5,42044300,-0.0795761275603706
csuEx72_NaAc_0.25M_JNL_10off_20on_20off,67,6.6,41905700,-0.4089660983464256
csuEx72_NaAc_0.25M_JNL_10off_20on_20off,68,6.7,41778200,-0.7119763528574069
csuEx72_NaAc_0.25M_JNL_10off_20on_20off,69,6.8,41872500,-0.48786759207006936
csuEx72_NaAc_0.25M_JNL_10off_20on_20off,70,6.9,42038300,-0.093835433655005
csuEx72_NaAc_0.25M_JNL_10off_20on_20off,71,7,41835500,-0.5757999796536483
csuEx72_NaAc_0.25M_JNL_10off_20on_20off,72,7.1,41777400,-0.7138775936700249
csuEx72_NaAc_0.25M_JNL_10off_20on_20off,73,7.2,41673700,-0.960325934005623
csuEx72_NaAc_0.25M_JNL_10off_20on_20off,74,7.3,41652500,-1.010708815539998
csuEx72_NaAc_0.25M_JNL_10off_20on_20off,75,7.402,41671300,-0.9660296564434768
csuEx72_NaAc_0.25M_JNL_10off_20on_20off,76,7.502,41452800,-1.4853060533897466
csuEx72_NaAc_0.25M_JNL_10off_20on_20off,77,7.602,41784000,-0.6981923569659271
csuEx72_NaAc_0.25M_JNL_10off_20on_20off,78,7.702,41550000,-1.2543052946566693
csuEx72_NaAc_0.25M_JNL_10off_20on_20off,79,7.802,41509000,-1.3517438863033377
csuEx72_NaAc_0.25M_JNL_10off_20on_20off,80,7.902,41537700,-1.2835368721506697
csuEx72_NaAc_0.25M_JNL_10off_20on_20off,81,8.002,41662100.00000001,-0.9878939257885652
csuEx72_NaAc_0.25M_JNL_10off_20on_20off,82,8.102,41774699.99999999,-0.7202942814126281
csuEx72_NaAc_0.25M_JNL_10off_20on_20off,83,8.202,41853999.99999999,-0.5318337858618765
csuEx72_NaAc_0.25M_JNL_10off_20on_20off,84,8.302,41312500,-1.8187361609026147
csuEx72_NaAc_0.25M_JNL_10off_20on_20off,85,8.402,41892600,-0.44009891665304407
csuEx72_NaAc_0.25M_JNL_10off_20on_20off,86,8.502,41862800,-0.5109201369230616
csuEx72_NaAc_0.25M_JNL_10off_20on_20off,87,8.602,41572500,-1.2008328968017903
csuEx72_NaAc_0.25M_JNL_10off_20on_20off,88,8.702,41729000,-0.8289026628334091
csuEx72_NaAc_0.25M_JNL_10off_20on_20off,89,8.802,41716600,-0.858371895428987
csuEx72_NaAc_0.25M_JNL_10off_20on_20off,90,8.902,41467200,-1.4510837187626242
csuEx72_NaAc_0.25M_JNL_10off_20on_20off,91,9.002,41568400,-1.210576755966457
csuEx72_NaAc_0.25M_JNL_10off_20on_20off,92,9.102,41427300,-1.545908104291943
csuEx72_NaAc_0.25M_JNL_10off_20on_20off,93,9.202,41593800,-1.150212360165838
csuEx72_NaAc_0.25M_JNL_10off_20on_20off,94,9.302,41338100.00000001,-1.7578964548988236
csuEx72_NaAc_0.25M_JNL_10off_20on_20off,95,9.402,41652100,-1.011659435946307
csuEx72_NaAc_0.25M_JNL_10off_20on_20off,96,9.502,41675800,-0.955335176872501
csuEx72_NaAc_0.25M_JNL_10off_20on_20off,97,9.602,41764900,-0.7435844813671799
csuEx72_NaAc_0.25M_JNL_10off_20on_20off,98,9.702,41547400,-1.2604843272976773
csuEx72_NaAc_0.25M_JNL_10off_20on_20off,99,9.802,41486800,-1.404503318853485
csuEx72_NaAc_0.25M_JNL_10off_20on_20off,100,9.902,41364200,-1.6958684733871816
csuEx72_NaAc_0.25M_JNL_10off_20on_20off,101,10.002,41171700,-2.1533545439233692
csuEx72_NaAc_0.25M_JNL_10off_20on_20off,102,10.102,41160100,-2.180922535706329
csuEx72_NaAc_0.25M_JNL_10off_20on_20off,103,10.202,41048900,-2.44519500866022
csuEx72_NaAc_0.25M_JNL_10off_20on_20off,104,10.302,41002400,-2.555704630893637
csuEx72_NaAc_0.25M_JNL_10off_20on_20off,105,10.402,41123900.00000001,-2.2669536824772725
csuEx72_NaAc_0.25M_JNL_10off_20on_20off,106,10.502,40729900,-3.2033147826916166
csuEx72_NaAc_0.25M_JNL_10off_20on_20off,107,10.602,40624700,-3.4533279495508733
csuEx72_NaAc_0.25M_JNL_10off_20on_20off,108,10.702,40855800,-2.9041070098058714
csuEx72_NaAc_0.25M_JNL_10off_20on_20off,109,10.802,40677500,-3.3278460559180907
csuEx72_NaAc_0.25M_JNL_10off_20on_20off,110,10.902,40896800.00000001,-2.806668418159185
csuEx72_NaAc_0.25M_JNL_10off_20on_20off,111,11.002,40628200,-3.44501002099567
csuEx72_NaAc_0.25M_JNL_10off_20on_20off,112,11.102,40625700,-3.450951398535101
csuEx72_NaAc_0.25M_JNL_10off_20on_20off,113,11.202,40475400,-3.8081470162056927
csuEx72_NaAc_0.25M_JNL_10off_20on_20off,114,11.302,40368200,-4.062913285096495
csuEx72_NaAc_0.25M_JNL_10off_20on_20off,115,11.402,40494700,-3.7622795816012857
csuEx72_NaAc_0.25M_JNL_10off_20on_20off,116,11.502,40400200,-3.986863652591778
csuEx72_NaAc_0.25M_JNL_10off_20on_20off,117,11.602,40289200,-4.250660815342514
csuEx72_NaAc_0.25M_JNL_10off_20on_20off,118,11.702,40098399.99999999,-4.704106749151907
csuEx72_NaAc_0.25M_JNL_10off_20on_20off,119,11.802,40187099.99999999,-4.493306674052895
csuEx72_NaAc_0.25M_JNL_10off_20on_20off,120,11.902,40122900,-4.645881249265464
csuEx72_NaAc_0.25M_JNL_10off_20on_20off,121,12.002,39810800,-5.387602821288032
csuEx72_NaAc_0.25M_JNL_10off_20on_20off,122,12.102,40015100,-4.90207344876573
csuEx72_NaAc_0.25M_JNL_10off_20on_20off,123,12.202,39684700,-5.687285904376932
csuEx72_NaAc_0.25M_JNL_10off_20on_20off,124,12.302,40132300,-4.623541669717205
csuEx72_NaAc_0.25M_JNL_10off_20on_20off,125,12.402,39792900,-5.430143084470358
csuEx72_NaAc_0.25M_JNL_10off_20on_20off,126,12.502,39870100,-5.246673346052728
csuEx72_NaAc_0.25M_JNL_10off_20on_20off,127,12.602,39830000,-5.341973041785201
csuEx72_NaAc_0.25M_JNL_10off_20on_20off,128,12.702,39817100,-5.372630549888665
csuEx72_NaAc_0.25M_JNL_10off_20on_20off,129,12.802,39744700,-5.544692843430587
csuEx72_NaAc_0.25M_JNL_10off_20on_20off,130,12.902,39602900,-5.881687777467114
csuEx72_NaAc_0.25M_JNL_10off_20on_20off,131,13.002,39606800,-5.872419228505602
csuEx72_NaAc_0.25M_JNL_10off_20on_20off,132,13.102,39799600,-5.414220192664683
csuEx72_NaAc_0.25M_JNL_10off_20on_20off,133,13.202,39719700,-5.604106618824898
csuEx72_NaAc_0.25M_JNL_10off_20on_20off,134,13.302,39551500,-6.003842499677816
csuEx72_NaAc_0.25M_JNL_10off_20on_20off,135,13.402,39756000,-5.51783781695236
csuEx72_NaAc_0.25M_JNL_10off_20on_20off,136,13.502,39388700,-6.390745005045563
csuEx72_NaAc_0.25M_JNL_10off_20on_20off,137,13.602,39531900,-6.050422899586955
csuEx72_NaAc_0.25M_JNL_10off_20on_20off,138,13.702,39300400,-6.600594459738267
csuEx72_NaAc_0.25M_JNL_10off_20on_20off,139,13.802,39023900,-7.257710815599336
csuEx72_NaAc_0.25M_JNL_10off_20on_20off,140,13.902,39099200,-7.0787565241116734
csuEx72_NaAc_0.25M_JNL_10off_20on_20off,141,14.002,38888600,-7.579258168033341
csuEx72_NaAc_0.25M_JNL_10off_20on_20off,142,14.102,39564700,-5.97247202626962
csuEx72_NaAc_0.25M_JNL_10off_20on_20off,143,14.202,39251900,-6.715857184003228
csuEx72_NaAc_0.25M_JNL_10off_20on_20off,144,14.302,38934800,-7.469461511104656
csuEx72_NaAc_0.25M_JNL_10off_20on_20off,145,14.402,38792400,-7.807882375750647
csuEx72_NaAc_0.25M_JNL_10off_20on_20off,146,14.502,38943000,-7.449973792775324
csuEx72_NaAc_0.25M_JNL_10off_20on_20off,147,14.602,39048500,-7.199247660611334
csuEx72_NaAc_0.25M_JNL_10off_20on_20off,148,14.702,38892300,-7.5704649292749835
csuEx72_NaAc_0.25M_JNL_10off_20on_20off,149,14.802,39030100,-7.242976199301547
csuEx72_NaAc_0.25M_JNL_10off_20on_20off,150,14.902,38842500,-7.6888171698604495
csuEx72_NaAc_0.25M_JNL_10off_20on_20off,151,15.002,39049600,-7.196633454493985
csuEx72_NaAc_0.25M_JNL_10off_20on_20off,152,15.102,38991000,-7.335899344018247
csuEx72_NaAc_0.25M_JNL_10off_20on_20off,153,15.202,38993200,-7.330670931783548
csuEx72_NaAc_0.25M_JNL_10off_20on_20off,154,15.302,38854600,-7.660060902569603
csuEx72_NaAc_0.25M_JNL_10off_20on_20off,155,15.402,38796500,-7.79813851658598
csuEx72_NaAc_0.25M_JNL_10off_20on_20off,156,15.502,38598300,-8.26917092791207
csuEx72_NaAc_0.25M_JNL_10off_20on_20off,157,15.602,38813000,-7.758925424825735
csuEx72_NaAc_0.25M_JNL_10off_20on_20off,158,15.702,38789500,-7.8147743736963875
csuEx72_NaAc_0.25M_JNL_10off_20on_20off,159,15.802,38638800,-8.172920611773288
csuEx72_NaAc_0.25M_JNL_10off_20on_20off,160,15.902,38693000,-8.044111546718424
csuEx72_NaAc_0.25M_JNL_10off_20on_20off,161,16.002,38769300,-7.862780704214989
csuEx72_NaAc_0.25M_JNL_10off_20on_20off,162,16.102,38660500,-8.121349454731027
csuEx72_NaAc_0.25M_JNL_10off_20on_20off,163,16.202,39067100,-7.1550438117179676
csuEx72_NaAc_0.25M_JNL_10off_20on_20off,164,16.302,38683300,-8.067164091571415
csuEx72_NaAc_0.25M_JNL_10off_20on_20off,165,16.402,38875700,-7.609915676136805
csuEx72_NaAc_0.25M_JNL_10off_20on_20off,166,16.502,38903900,-7.542896937492024
csuEx72_NaAc_0.25M_JNL_10off_20on_20off,167,16.602,38570200,-8.335952011455275
csuEx72_NaAc_0.25M_JNL_10off_20on_20off,168,16.702,38852300,-7.66552696990588
csuEx72_NaAc_0.25M_JNL_10off_20on_20off,169,16.802,38613100,-8.233997972878639
csuEx72_NaAc_0.25M_JNL_10off_20on_20off,170,16.902,38658100,-8.12705317716888
csuEx72_NaAc_0.25M_JNL_10off_20on_20off,171,17.002,38570600,-8.335001391048966
csuEx72_NaAc_0.25M_JNL_10off_20on_20off,172,17.102,38333000,-8.899669912396488
csuEx72_NaAc_0.25M_JNL_10off_20on_20off,173,17.202,38177600,-9.268985940247521
csuEx72_NaAc_0.25M_JNL_10off_20on_20off,174,17.302,38040000,-9.595999360017803
csuEx72_NaAc_0.25M_JNL_10off_20on_20off,175,17.402,38213200,-9.184380724086022
csuEx72_NaAc_0.25M_JNL_10off_20on_20off,176,17.502,38188700,-9.242606223972446
csuEx72_NaAc_0.25M_JNL_10off_20on_20off,177,17.602,38173400,-9.278967454513765
csuEx72_NaAc_0.25M_JNL_10off_20on_20off,178,17.702,38277100,-9.032519114178166
csuEx72_NaAc_0.25M_JNL_10off_20on_20off,179,17.802,37765300,-10.248837924050482
csuEx72_NaAc_0.25M_JNL_10off_20on_20off,180,17.902,38101400,-9.450079127649378
csuEx72_NaAc_0.25M_JNL_10off_20on_20off,181,18.002,38081400,-9.497610147964824
csuEx72_NaAc_0.25M_JNL_10off_20on_20off,182,18.102,37556100,-10.746012396550068
csuEx72_NaAc_0.25M_JNL_10off_20on_20off,183,18.202,37672600,-10.469144203212585
csuEx72_NaAc_0.25M_JNL_10off_20on_20off,184,18.302,37869200,-10.00191427351173
csuEx72_NaAc_0.25M_JNL_10off_20on_20off,185,18.402,37863300,-10.015935924504786
csuEx72_NaAc_0.25M_JNL_10off_20on_20off,186,18.502,37760100,-10.2611959893325
csuEx72_NaAc_0.25M_JNL_10off_20on_20off,187,18.602,37926100,-9.86668852071428
csuEx72_NaAc_0.25M_JNL_10off_20on_20off,188,18.702,37723200,-10.348890721814499
csuEx72_NaAc_0.25M_JNL_10off_20on_20off,189,18.802,37647700,-10.528320323505316
csuEx72_NaAc_0.25M_JNL_10off_20on_20off,190,18.902,37668800,-10.47817509707252
csuEx72_NaAc_0.25M_JNL_10off_20on_20off,191,19.002,37863200,-10.016173579606363
csuEx72_NaAc_0.25M_JNL_10off_20on_20off,192,19.102,37647500,-10.528795633708471
csuEx72_NaAc_0.25M_JNL_10off_20on_20off,193,19.202,37669100,-10.477462131767787
csuEx72_NaAc_0.25M_JNL_10off_20on_20off,194,19.302,37397300,-11.123408697854725
csuEx72_NaAc_0.25M_JNL_10off_20on_20off,195,19.402,37326000,-11.292856785279298
csuEx72_NaAc_0.25M_JNL_10off_20on_20off,196,19.502,37513100,-10.848204090228283
csuEx72_NaAc_0.25M_JNL_10off_20on_20off,197,19.602,37550700,-10.758845772035238
csuEx72_NaAc_0.25M_JNL_10off_20on_20off,198,19.702,37850600,-10.046118122405096
csuEx72_NaAc_0.25M_JNL_10off_20on_20off,199,19.802,37839000,-10.073686114188057
csuEx72_NaAc_0.25M_JNL_10off_20on_20off,200,19.903,37657900,-10.504079503144439
csuEx72_NaAc_0.25M_JNL_10off_20on_20off,201,20.002,37856700,-10.031621161208884
csuEx72_NaAc_0.25M_JNL_10off_20on_20off,202,20.102,37642200,-10.541391354092063
csuEx72_NaAc_0.25M_JNL_10off_20on_20off,203,20.202,37763000,-10.254303991386758
csuEx72_NaAc_0.25M_JNL_10off_20on_20off,204,20.302,37547700,-10.765975425082557
csuEx72_NaAc_0.25M_JNL_10off_20on_20off,205,20.402,37430100,-11.045457824537392
csuEx72_NaAc_0.25M_JNL_10off_20on_20off,206,20.503,37941800,-9.829376669766653
csuEx72_NaAc_0.25M_JNL_10off_20on_20off,207,20.602,37172600,-11.657419711098784
csuEx72_NaAc_0.25M_JNL_10off_20on_20off,208,20.702,37355500,-11.222748530314012
csuEx72_NaAc_0.25M_JNL_10off_20on_20off,209,20.802,37155900,-11.697108113062184
csuEx72_NaAc_0.25M_JNL_10off_20on_20off,210,20.902,37149200,-11.71303100486786
csuEx72_NaAc_0.25M_JNL_10off_20on_20off,211,21.002,37152300,-11.705663696718965
csuEx72_NaAc_0.25M_JNL_10off_20on_20off,212,21.102,37381300,-11.161433514107085
csuEx72_NaAc_0.25M_JNL_10off_20on_20off,213,21.202,37330800,-11.28144934040359
csuEx72_NaAc_0.25M_JNL_10off_20on_20off,214,21.303,37072000,-11.89650074328549
csuEx72_NaAc_0.25M_JNL_10off_20on_20off,215,21.402,37075300,-11.888658124933439
csuEx72_NaAc_0.25M_JNL_10off_20on_20off,216,21.502,36836900,-12.45522788709358
csuEx72_NaAc_0.25M_JNL_10off_20on_20off,217,21.602,36601200,-13.015380961511136
csuEx72_NaAc_0.25M_JNL_10off_20on_20off,218,21.702,36759400,-12.639410590815942
csuEx72_NaAc_0.25M_JNL_10off_20on_20off,219,21.802,36627600,-12.952640014694744
csuEx72_NaAc_0.25M_JNL_10off_20on_20off,220,21.902,36569100,-13.091668249117431
csuEx72_NaAc_0.25M_JNL_10off_20on_20off,221,22.002,36886500,-12.33735095671127
csuEx72_NaAc_0.25M_JNL_10off_20on_20off,222,22.102,36857900,-12.40532031576236
csuEx72_NaAc_0.25M_JNL_10off_20on_20off,223,22.202,36454300,-13.364496305728101
csuEx72_NaAc_0.25M_JNL_10off_20on_20off,224,22.302,36525900,-13.194335252998798
csuEx72_NaAc_0.25M_JNL_10off_20on_20off,225,22.402,36635300,-12.934340571873296
csuEx72_NaAc_0.25M_JNL_10off_20on_20off,226,22.502,36498400,-13.25969040593254
csuEx72_NaAc_0.25M_JNL_10off_20on_20off,227,22.602,36534100,-13.174847534669464
csuEx72_NaAc_0.25M_JNL_10off_20on_20off,228,22.702,36737500,-12.691457058061356
csuEx72_NaAc_0.25M_JNL_10off_20on_20off,229,22.802,36460800,-13.34904872412558
csuEx72_NaAc_0.25M_JNL_10off_20on_20off,230,22.903,36236600,-13.881871461861753
csuEx72_NaAc_0.25M_JNL_10off_20on_20off,231,23.002,36054800,-14.313928436529178
csuEx72_NaAc_0.25M_JNL_10off_20on_20off,232,23.102,36494300,-13.269434265097205
csuEx72_NaAc_0.25M_JNL_10off_20on_20off,233,23.202,36074800,-14.266397416213728
csuEx72_NaAc_0.25M_JNL_10off_20on_20off,234,23.302,36344400,-13.62567926236149
csuEx72_NaAc_0.25M_JNL_10off_20on_20off,235,23.403,36043000,-14.34197173851529
csuEx72_NaAc_0.25M_JNL_10off_20on_20off,236,23.503,36000800,-14.442262191380886
csuEx72_NaAc_0.25M_JNL_10off_20on_20off,237,23.602,35682100,-15.199669000107551
csuEx72_NaAc_0.25M_JNL_10off_20on_20off,238,23.702,35569700,-15.466793334280368
csuEx72_NaAc_0.25M_JNL_10off_20on_20off,239,23.802,36000800,-14.442262191380886
csuEx72_NaAc_0.25M_JNL_10off_20on_20off,240,23.903,36017500,-14.402573789417486
csuEx72_NaAc_0.25M_JNL_10off_20on_20off,241,24.003,35559500,-15.491034154641248
csuEx72_NaAc_0.25M_JNL_10off_20on_20off,242,24.102,35568100,-15.470595815905606
csuEx72_NaAc_0.25M_JNL_10off_20on_20off,243,24.203,35545200,-15.525018834166794
csuEx72_NaAc_0.25M_JNL_10off_20on_20off,244,24.302,35402200,-15.864865629422246
csuEx72_NaAc_0.25M_JNL_10off_20on_20off,245,24.402,35735200,-15.073474141170037
csuEx72_NaAc_0.25M_JNL_10off_20on_20off,246,24.502,35613400,-15.362938054891115
csuEx72_NaAc_0.25M_JNL_10off_20on_20off,247,24.602,35909900,-14.658290678714597
csuEx72_NaAc_0.25M_JNL_10off_20on_20off,248,24.702,35565900,-15.475824228140302
csuEx72_NaAc_0.25M_JNL_10off_20on_20off,249,24.802,36065700,-14.288024030457258
csuEx72_NaAc_0.25M_JNL_10off_20on_20off,250,24.902,36063700,-14.292777132488801
csuEx72_NaAc_0.25M_JNL_10off_20on_20off,251,25.003,35786000,-14.952745349568799
csuEx72_NaAc_0.25M_JNL_10off_20on_20off,252,25.103,36124300,-14.148758140932994
csuEx72_NaAc_0.25M_JNL_10off_20on_20off,253,25.202,36384600,-13.530141911527437
csuEx72_NaAc_0.25M_JNL_10off_20on_20off,254,25.302,36436800,-13.406085948504117
csuEx72_NaAc_0.25M_JNL_10off_20on_20off,255,25.402,36576400,-13.07431942670229
csuEx72_NaAc_0.25M_JNL_10off_20on_20off,256,25.503,36580100,-13.065526187943933
csuEx72_NaAc_0.25M_JNL_10off_20on_20off,257,25.603,36522300,-13.202890836655579
csuEx72_NaAc_0.25M_JNL_10off_20on_20off,258,25.703,36787000,-12.573817782780623
csuEx72_NaAc_0.25M_JNL_10off_20on_20off,259,25.803,36628200,-12.95121408408528
csuEx72_NaAc_0.25M_JNL_10off_20on_20off,260,25.903,36721700,-12.729006564110563
csuEx72_NaAc_0.25M_JNL_10off_20on_20off,261,26.003,36026400,-14.381422485377113
csuEx72_NaAc_0.25M_JNL_10off_20on_20off,262,26.102,36143600,-14.102890706328585
csuEx72_NaAc_0.25M_JNL_10off_20on_20off,263,26.202,35941500,-14.583191666616191
csuEx72_NaAc_0.25M_JNL_10off_20on_20off,264,26.303,36031200,-14.370015040501405
csuEx72_NaAc_0.25M_JNL_10off_20on_20off,265,26.403,35738000,-15.066819798325874
csuEx72_NaAc_0.25M_JNL_10off_20on_20off,266,26.503,35706400,-15.141918810424283
csuEx72_NaAc_0.25M_JNL_10off_20on_20off,267,26.602,35561100,-15.48723167301601
csuEx72_NaAc_0.25M_JNL_10off_20on_20off,268,26.702,35568500,-15.469645195499297
csuEx72_NaAc_0.25M_JNL_10off_20on_20off,269,26.802,35795400,-14.930405770020538
csuEx72_NaAc_0.25M_JNL_10off_20on_20off,270,26.902,35849100,-14.802784980473561
csuEx72_NaAc_0.25M_JNL_10off_20on_20off,271,27.002,35517100,-15.591799917709997
csuEx72_NaAc_0.25M_JNL_10off_20on_20off,272,27.102,35664800,-15.240783332680413
csuEx72_NaAc_0.25M_JNL_10off_20on_20off,273,27.202,35584100,-15.432570999653247
csuEx72_NaAc_0.25M_JNL_10off_20on_20off,274,27.302,35557900,-15.494836636266482
csuEx72_NaAc_0.25M_JNL_10off_20on_20off,275,27.402,35214400,-16.311181910184303
csuEx72_NaAc_0.25M_JNL_10off_20on_20off,276,27.502,35604600,-15.383851703829912
csuEx72_NaAc_0.25M_JNL_10off_20on_20off,277,27.602,35345800,-15.99890310671181
csuEx72_NaAc_0.25M_JNL_10off_20on_20off,278,27.702,35118200,-16.53980611790161
csuEx72_NaAc_0.25M_JNL_10off_20on_20off,279,27.802,35458400,-15.731303462335838
csuEx72_NaAc_0.25M_JNL_10off_20on_20off,280,27.902,34937100,-16.97019950685799
csuEx72_NaAc_0.25M_JNL_10off_20on_20off,281,28.002,35351700,-15.984881455718753
csuEx72_NaAc_0.25M_JNL_10off_20on_20off,282,28.102,35064500,-16.667426907448586
csuEx72_NaAc_0.25M_JNL_10off_20on_20off,283,28.202,35246400,-16.235132277679586
csuEx72_NaAc_0.25M_JNL_10off_20on_20off,284,28.302,35042100,-16.720661650201887
csuEx72_NaAc_0.25M_JNL_10off_20on_20off,285,28.402,35073400,-16.646275603408213
csuEx72_NaAc_0.25M_JNL_10off_20on_20off,286,28.502,34866100,-17.138934628977832
csuEx72_NaAc_0.25M_JNL_10off_20on_20off,287,28.602,34669400,-17.60640221378026
csuEx72_NaAc_0.25M_JNL_10off_20on_20off,288,28.702,35141100,-16.485383099640423
csuEx72_NaAc_0.25M_JNL_10off_20on_20off,289,28.802,35018500,-16.776748254174116
csuEx72_NaAc_0.25M_JNL_10off_20on_20off,290,28.912,34741900,-17.434102265136765
csuEx72_NaAc_0.25M_JNL_10off_20on_20off,291,29.012,35071200,-16.651504015642914
csuEx72_NaAc_0.25M_JNL_10off_20on_20off,292,29.112,34905600,-17.045060863854822
csuEx72_NaAc_0.25M_JNL_10off_20on_20off,293,29.212,34695100,-17.545324852674913
csuEx72_NaAc_0.25M_JNL_10off_20on_20off,294,29.312,34929100,-16.98921191498417
csuEx72_NaAc_0.25M_JNL_10off_20on_20off,295,29.412,34745000,-17.42673495698787
csuEx72_NaAc_0.25M_JNL_10off_20on_20off,296,29.512,34776700,-17.351398289787884
csuEx72_NaAc_0.25M_JNL_10off_20on_20off,297,29.612,34784400,-17.333098846966436
csuEx72_NaAc_0.25M_JNL_10off_20on_20off,298,29.712,34666600,-17.613056556624425
csuEx72_NaAc_0.25M_JNL_10off_20on_20off,299,29.812,34505100,-17.996869545671668
csuEx72_NaAc_0.25M_JNL_10off_20on_20off,300,29.913,35258600,-16.206138355287163
csuEx72_NaAc_0.25M_JNL_10off_20on_20off,301,30.013,34960300,-16.91506352329207
csuEx72_NaAc_0.25M_JNL_10off_20on_20off,302,30.112,35298100,-16.112264590164155
csuEx72_NaAc_0.25M_JNL_10off_20on_20off,303,30.212,36275300,-13.789898937551362
csuEx72_NaAc_0.25M_JNL_10off_20on_20off,304,30.312,35898300,-14.685858670497556
csuEx72_NaAc_0.25M_JNL_10off_20on_20off,305,30.412,36294900,-13.743318537642221
csuEx72_NaAc_0.25M_JNL_10off_20on_20off,306,30.512,36381700,-13.537033909473179
csuEx72_NaAc_0.25M_JNL_10off_20on_20off,307,30.612,36344700,-13.624966297056757
csuEx72_NaAc_0.25M_JNL_10off_20on_20off,308,30.712,36702700,-12.774161033410236
csuEx72_NaAc_0.25M_JNL_10off_20on_20off,309,30.812,36538400,-13.164628365301642
csuEx72_NaAc_0.25M_JNL_10off_20on_20off,310,30.912,36733600,-12.70072560702287
csuEx72_NaAc_0.25M_JNL_10off_20on_20off,311,31.012,36905000,-12.29338476291948
csuEx72_NaAc_0.25M_JNL_10off_20on_20off,312,31.112,36836200,-12.456891472804621
csuEx72_NaAc_0.25M_JNL_10off_20on_20off,313,31.212,36570600,-13.088103422593772
csuEx72_NaAc_0.25M_JNL_10off_20on_20off,314,31.312,36538500,-13.164390710200067
csuEx72_NaAc_0.25M_JNL_10off_20on_20off,315,31.412,36648500,-12.902970098465099
csuEx72_NaAc_0.25M_JNL_10off_20on_20off,316,31.512,36624000,-12.961195598351525
csuEx72_NaAc_0.25M_JNL_10off_20on_20off,317,31.612,36455000,-13.362832720017062
csuEx72_NaAc_0.25M_JNL_10off_20on_20off,318,31.712,36783700,-12.581660401132671
csuEx72_NaAc_0.25M_JNL_10off_20on_20off,319,31.812,36749400,-12.663176100973667
csuEx72_NaAc_0.25M_JNL_10off_20on_20off,320,31.912,36503500,-13.247569995752098
csuEx72_NaAc_0.25M_JNL_10off_20on_20off,321,32.012,36319800,-13.68414241734949
csuEx72_NaAc_0.25M_JNL_10off_20on_20off,322,32.113,36793600,-12.558132546076525
csuEx72_NaAc_0.25M_JNL_10off_20on_20off,323,32.212,36627600,-12.952640014694744
csuEx72_NaAc_0.25M_JNL_10off_20on_20off,324,32.312,36349200,-13.614271817485783
csuEx72_NaAc_0.25M_JNL_10off_20on_20off,325,32.412,36538700,-13.163915399996911
csuEx72_NaAc_0.25M_JNL_10off_20on_20off,326,32.512,36257700,-13.831726235428956
csuEx72_NaAc_0.25M_JNL_10off_20on_20off,327,32.612,36200500,-13.967664953531136
csuEx72_NaAc_0.25M_JNL_10off_20on_20off,328,32.712,36365700,-13.575058725725537
csuEx72_NaAc_0.25M_JNL_10off_20on_20off,329,32.812,36489000,-13.2820299854808
csuEx72_NaAc_0.25M_JNL_10off_20on_20off,330,32.912,36287500,-13.760905015158938
csuEx72_NaAc_0.25M_JNL_10off_20on_20off,331,33.012,36537300,-13.167242571418992
csuEx72_NaAc_0.25M_JNL_10off_20on_20off,332,33.112,36495600,-13.266344748776701
csuEx72_NaAc_0.25M_JNL_10off_20on_20off,333,33.212,36255700,-13.8364793374605
csuEx72_NaAc_0.25M_JNL_10off_20on_20off,334,33.312,36262200,-13.821031755857978
csuEx72_NaAc_0.25M_JNL_10off_20on_20off,335,33.412,36316400,-13.692222690803115
csuEx72_NaAc_0.25M_JNL_10off_20on_20off,336,33.512,36192900,-13.985726741251009
csuEx72_NaAc_0.25M_JNL_10off_20on_20off,337,33.612,36290000,-13.754963637619507
csuEx72_NaAc_0.25M_JNL_10off_20on_20off,338,33.712,36401100,-13.490928819767193
csuEx72_NaAc_0.25M_JNL_10off_20on_20off,339,33.812,36129000,-14.137588351158865
csuEx72_NaAc_0.25M_JNL_10off_20on_20off,340,33.912,36195800,-13.978834743305269
csuEx72_NaAc_0.25M_JNL_10off_20on_20off,341,34.012,36338800,-13.638987948049813
csuEx72_NaAc_0.25M_JNL_10off_20on_20off,342,34.112,35959400,-14.540651403433863
csuEx72_NaAc_0.25M_JNL_10off_20on_20off,343,34.212,36016000,-14.406138615941144
csuEx72_NaAc_0.25M_JNL_10off_20on_20off,344,34.312,36145200,-14.099088224703351
csuEx72_NaAc_0.25M_JNL_10off_20on_20off,345,34.412,36499600,-13.256838544713611
csuEx72_NaAc_0.25M_JNL_10off_20on_20off,346,34.512,38944600,-7.446171311150088
csuEx72_NaAc_0.25M_JNL_10off_20on_20off,347,34.612,39440400,-6.26787731753013
csuEx72_NaAc_0.25M_JNL_10off_20on_20off,348,34.712,39963000,-5.025891756687472
csuEx72_NaAc_0.25M_JNL_10off_20on_20off,349,34.812,39300200,-6.601069769941422
csuEx72_NaAc_0.25M_JNL_10off_20on_20off,350,34.912,39367600,-6.4408902314783605
csuEx72_NaAc_0.25M_JNL_10off_20on_20off,351,35.012,39243500,-6.7358202125357165
csuEx72_NaAc_0.25M_JNL_10off_20on_20off,352,35.112,39520900,-6.076564960760451
csuEx72_NaAc_0.25M_JNL_10off_20on_20off,353,35.212,39392500,-6.381714111185628
csuEx72_NaAc_0.25M_JNL_10off_20on_20off,354,35.313,39109600,-7.05404039354764
csuEx72_NaAc_0.25M_JNL_10off_20on_20off,355,35.413,39199400,-6.840626112331279
csuEx72_NaAc_0.25M_JNL_10off_20on_20off,356,35.512,38927100,-7.487760953926104
csuEx72_NaAc_0.25M_JNL_10off_20on_20off,357,35.612,39336100,-6.515751588475191
csuEx72_NaAc_0.25M_JNL_10off_20on_20off,358,35.712,38988900,-7.340890101151369
csuEx72_NaAc_0.25M_JNL_10off_20on_20off,359,35.813,39000200,-7.314035074673142
csuEx72_NaAc_0.25M_JNL_10off_20on_20off,360,35.912,39056500,-7.180235252485155
csuEx72_NaAc_0.25M_JNL_10off_20on_20off,361,36.012,38812900,-7.759163079927313
csuEx72_NaAc_0.25M_JNL_10off_20on_20off,362,36.112,39178100,-6.891246648967231
csuEx72_NaAc_0.25M_JNL_10off_20on_20off,363,36.212,39031000,-7.240837303387352
csuEx72_NaAc_0.25M_JNL_10off_20on_20off,364,36.312,39012600,-7.284565842077565
csuEx72_NaAc_0.25M_JNL_10off_20on_20off,365,36.412,39051100,-7.193068627970327
csuEx72_NaAc_0.25M_JNL_10off_20on_20off,366,36.512,38916800,-7.51223942938856
csuEx72_NaAc_0.25M_JNL_10off_20on_20off,367,36.612,38933700,-7.472075717222006
csuEx72_NaAc_0.25M_JNL_10off_20on_20off,368,36.712,38697800,-8.032704101842716
csuEx72_NaAc_0.25M_JNL_10off_20on_20off,369,36.813,38988500,-7.341840721557678
csuEx72_NaAc_0.25M_JNL_10off_20on_20off,370,36.912,38941600,-7.453300964197404
csuEx72_NaAc_0.25M_JNL_10off_20on_20off,371,37.013,38733700,-7.947385920376488
csuEx72_NaAc_0.25M_JNL_10off_20on_20off,372,37.112,38760800,-7.882981387849054
csuEx72_NaAc_0.25M_JNL_10off_20on_20off,373,37.212,38805300,-7.777224867647183
csuEx72_NaAc_0.25M_JNL_10off_20on_20off,374,37.313,38590300,-8.28818333603825
csuEx72_NaAc_0.25M_JNL_10off_20on_20off,375,37.413,38516700,-8.463097490799099
csuEx72_NaAc_0.25M_JNL_10off_20on_20off,376,37.513,38619000,-8.219976321885582
csuEx72_NaAc_0.25M_JNL_10off_20on_20off,377,37.613,38853300,-7.663150418890108
csuEx72_NaAc_0.25M_JNL_10off_20on_20off,378,37.713,38697700,-8.032941756944293
csuEx72_NaAc_0.25M_JNL_10off_20on_20off,379,37.812,38873700,-7.61466877816835
csuEx72_NaAc_0.25M_JNL_10off_20on_20off,380,37.912,38568300,-8.340467458385243
csuEx72_NaAc_0.25M_JNL_10off_20on_20off,381,38.013,38605700,-8.251584450395356
csuEx72_NaAc_0.25M_JNL_10off_20on_20off,382,38.113,38620600,-8.216173840260346
csuEx72_NaAc_0.25M_JNL_10off_20on_20off,383,38.213,38775600,-7.847808432815623
csuEx72_NaAc_0.25M_JNL_10off_20on_20off,384,38.312,38343900,-8.87376550632457
csuEx72_NaAc_0.25M_JNL_10off_20on_20off,385,38.412,38583700,-8.303868572742347
csuEx72_NaAc_0.25M_JNL_10off_20on_20off,386,38.513,38418600,-8.696237145446371
csuEx72_NaAc_0.25M_JNL_10off_20on_20off,387,38.613,38470100,-8.573844768134093
csuEx72_NaAc_0.25M_JNL_10off_20on_20off,388,38.712,38449200,-8.623514684363736
csuEx72_NaAc_0.25M_JNL_10off_20on_20off,389,38.812,38556500,-8.368510760371356
csuEx72_NaAc_0.25M_JNL_10off_20on_20off,390,38.913,38773500,-7.852799189948745
csuEx72_NaAc_0.25M_JNL_10off_20on_20off,391,39.012,38557900,-8.365183588949275
csuEx72_NaAc_0.25M_JNL_10off_20on_20off,392,39.113,38405700,-8.726894653549836
csuEx72_NaAc_0.25M_JNL_10off_20on_20off,393,39.213,38082400,-9.495233596949053
csuEx72_NaAc_0.25M_JNL_10off_20on_20off,394,39.312,38197100,-9.222643195439959
csuEx72_NaAc_0.25M_JNL_10off_20on_20off,395,39.412,38325800,-8.91678107971005
csuEx72_NaAc_0.25M_JNL_10off_20on_20off,396,39.512,38241200,-9.117837295644394
csuEx72_NaAc_0.25M_JNL_10off_20on_20off,397,39.612,38070900,-9.522563933630437
csuEx72_NaAc_0.25M_JNL_10off_20on_20off,398,39.712,38191300,-9.236427191331439
csuEx72_NaAc_0.25M_JNL_10off_20on_20off,399,39.812,37722000,-10.351742583033428
csuEx72_NaAc_0.25M_JNL_10off_20on_20off,400,39.912,38301900,-8.97358064898701
csuEx72_NaAc_0.25M_JNL_10off_20on_20off,401,40.013,38303200,-8.970491132666506
csuEx72_NaAc_0.25M_JNL_10off_20on_20off,402,40.113,38035200,-9.607406804893511
csuEx72_NaAc_0.25M_JNL_10off_20on_20off,403,40.213,38086400,-9.485727392885963
csuEx72_NaAc_0.25M_JNL_10off_20on_20off,404,40.313,37479000,-10.92924447986612
csuEx72_NaAc_0.25M_JNL_10off_20on_20off,405,40.413,37908200,-9.909228783896605
csuEx72_NaAc_0.25M_JNL_10off_20on_20off,406,40.513,38126600,-9.390190042051913
csuEx72_NaAc_0.25M_JNL_10off_20on_20off,407,40.613,37974000,-9.752851727058781
csuEx72_NaAc_0.25M_JNL_10off_20on_20off,408,40.713,38114600,-9.41870865424118
csuEx72_NaAc_0.25M_JNL_10off_20on_20off,409,40.813,37694300,-10.417573046170322
csuEx72_NaAc_0.25M_JNL_10off_20on_20off,410,40.913,37868900,-10.00262723881646
csuEx72_NaAc_0.25M_JNL_10off_20on_20off,411,41.013,37674400,-10.464866411384193
csuEx72_NaAc_0.25M_JNL_10off_20on_20off,412,41.113,38016000,-9.653036584396341
csuEx72_NaAc_0.25M_JNL_10off_20on_20off,413,41.213,37606300,-10.626709535558293
csuEx72_NaAc_0.25M_JNL_10off_20on_20off,414,41.313,37785600,-10.200593938430302
csuEx72_NaAc_0.25M_JNL_10off_20on_20off,415,41.413,37685900,-10.43753607470281
csuEx72_NaAc_0.25M_JNL_10off_20on_20off,416,41.513,37480200,-10.926392618647194
csuEx72_NaAc_0.25M_JNL_10off_20on_20off,417,41.613,37233700,-11.512212444035091
csuEx72_NaAc_0.25M_JNL_10off_20on_20off,418,41.713,37365100,-11.199933640562596
csuEx72_NaAc_0.25M_JNL_10off_20on_20off,419,41.813,37044100,-11.96280651662554
csuEx72_NaAc_0.25M_JNL_10off_20on_20off,420,41.913,36948100,-12.19095541413969
csuEx72_NaAc_0.25M_JNL_10off_20on_20off,421,42.013,37023900,-12.010812847144141
csuEx72_NaAc_0.25M_JNL_10off_20on_20off,422,42.113,36964100,-12.15293059788733
csuEx72_NaAc_0.25M_JNL_10off_20on_20off,423,42.213,36936600,-12.218285750821071
csuEx72_NaAc_0.25M_JNL_10off_20on_20off,424,42.313,37263500,-11.441391223765073
csuEx72_NaAc_0.25M_JNL_10off_20on_20off,425,42.413,37029100,-11.998454781862126
csuEx72_NaAc_0.25M_JNL_10off_20on_20off,426,42.513,36776400,-12.59900922354781
csuEx72_NaAc_0.25M_JNL_10off_20on_20off,427,42.613,36955300,-12.173844246826128
csuEx72_NaAc_0.25M_JNL_10off_20on_20off,428,42.713,36925800,-12.243952501791414
csuEx72_NaAc_0.25M_JNL_10off_20on_20off,429,42.813,36804700,-12.531752829801452
csuEx72_NaAc_0.25M_JNL_10off_20on_20off,430,42.913,36682000,-12.823355639436725
csuEx72_NaAc_0.25M_JNL_10off_20on_20off,431,43.013,36822000,-12.490638497228588
csuEx72_NaAc_0.25M_JNL_10off_20on_20off,432,43.113,36986700,-12.099220544930875
csuEx72_NaAc_0.25M_JNL_10off_20on_20off,433,43.213,36756200,-12.647015554066412
csuEx72_NaAc_0.25M_JNL_10off_20on_20off,434,43.313,36674800,-12.840466806750287
csuEx72_NaAc_0.25M_JNL_10off_20on_20off,435,43.413,36666700,-12.859716869978044
csuEx72_NaAc_0.25M_JNL_10off_20on_20off,436,43.513,36492700,-13.273236746722441
csuEx72_NaAc_0.25M_JNL_10off_20on_20off,437,43.613,36394400,-13.506851711572867
csuEx72_NaAc_0.25M_JNL_10off_20on_20off,438,43.713,36609600,-12.995417932978647
csuEx72_NaAc_0.25M_JNL_10off_20on_20off,439,43.813,36432900,-13.415354497465632
csuEx72_NaAc_0.25M_JNL_10off_20on_20off,440,43.913,36800100,-12.542684964474004
csuEx72_NaAc_0.25M_JNL_10off_20on_20off,441,44.013,36186800,-14.00022370244722
csuEx72_NaAc_0.25M_JNL_10off_20on_20off,442,44.113,36110500,-14.181554544950654
csuEx72_NaAc_0.25M_JNL_10off_20on_20off,443,44.213,36322800,-13.677012764302173
csuEx72_NaAc_0.25M_JNL_10off_20on_20off,444,44.313,36626100,-12.956204841218403
csuEx72_NaAc_0.25M_JNL_10off_20on_20off,445,44.413,36394300,-13.507089366674446
csuEx72_NaAc_0.25M_JNL_10off_20on_20off,446,44.513,36210800,-13.94318647806868
csuEx72_NaAc_0.25M_JNL_10off_20on_20off,447,44.613,36149000,-14.090057330843416
csuEx72_NaAc_0.25M_JNL_10off_20on_20off,448,44.713,36174400,-14.029692935042798
csuEx72_NaAc_0.25M_JNL_10off_20on_20off,449,44.813,36153900,-14.07841223086613
csuEx72_NaAc_0.25M_JNL_10off_20on_20off,450,44.913,36204800,-13.957445784163317
csuEx72_NaAc_0.25M_JNL_10off_20on_20off,451,45.013,35920200,-14.633812203252141
csuEx72_NaAc_0.25M_JNL_10off_20on_20off,452,45.113,36257600,-13.831963890530533
csuEx72_NaAc_0.25M_JNL_10off_20on_20off,453,45.213,36065400,-14.288736995761989
csuEx72_NaAc_0.25M_JNL_10off_20on_20off,454,45.313,36539100,-13.162964779590602
csuEx72_NaAc_0.25M_JNL_10off_20on_20off,455,45.413,36139200,-14.113347530797984
csuEx72_NaAc_0.25M_JNL_10off_20on_20off,456,45.513,36181700,-14.012344112627659
csuEx72_NaAc_0.25M_JNL_10off_20on_20off,457,45.613,36174900,-14.02850465953491
csuEx72_NaAc_0.25M_JNL_10off_20on_20off,458,45.713,36209800,-13.945563029084454
csuEx72_NaAc_0.25M_JNL_10off_20on_20off,459,45.813,36248600,-13.853352849672484
csuEx72_NaAc_0.25M_JNL_10off_20on_20off,460,45.913,35893400,-14.697503770474842
csuEx72_NaAc_0.25M_JNL_10off_20on_20off,461,46.013,36107600,-14.188446542896394
csuEx72_NaAc_0.25M_JNL_10off_20on_20off,462,46.113,36046200,-14.33436677526482
csuEx72_NaAc_0.25M_JNL_10off_20on_20off,463,46.213,35733600,-15.07727662279527
csuEx72_NaAc_0.25M_JNL_10off_20on_20off,464,46.313,35905000,-14.669935778691881
csuEx72_NaAc_0.25M_JNL_10off_20on_20off,465,46.413,36000900,-14.442024536279307
csuEx72_NaAc_0.25M_JNL_10off_20on_20off,466,46.513,36046900,-14.332703189553778
csuEx72_NaAc_0.25M_JNL_10off_20on_20off,467,46.613,36132200,-14.129983387908393
csuEx72_NaAc_0.25M_JNL_10off_20on_20off,468,46.713,35945500,-14.5736854625531
csuEx72_NaAc_0.25M_JNL_10off_20on_20off,469,46.813,35744300,-15.051847526926506
csuEx72_NaAc_0.25M_JNL_10off_20on_20off,470,46.913,35627400,-15.3296663406703
csuEx72_NaAc_0.25M_JNL_10off_20on_20off,471,47.013,35700300,-15.156415771620493
csuEx72_NaAc_0.25M_JNL_10off_20on_20off,472,47.113,35837200,-14.831065937561252
csuEx72_NaAc_0.25M_JNL_10off_20on_20off,473,47.213,35551300,-15.510521872970582
csuEx72_NaAc_0.25M_JNL_10off_20on_20off,474,47.313,35550900,-15.51147249337689
csuEx72_NaAc_0.25M_JNL_10off_20on_20off,475,47.413,35376500,-15.925942990527597
csuEx72_NaAc_0.25M_JNL_10off_20on_20off,476,47.513,35536200,-15.546407793308745
csuEx72_NaAc_0.25M_JNL_10off_20on_20off,477,47.613,35368300,-15.94543070885693
csuEx72_NaAc_0.25M_JNL_10off_20on_20off,478,47.713,35613800,-15.361987434484806
csuEx72_NaAc_0.25M_JNL_10off_20on_20off,479,47.813,35470100,-15.7034978154513
csuEx72_NaAc_0.25M_JNL_10off_20on_20off,480,47.913,35584000,-15.432808654754822
csuEx72_NaAc_0.25M_JNL_10off_20on_20off,481,48.013,35362700,-15.958739394545256
csuEx72_NaAc_0.25M_JNL_10off_20on_20off,482,48.113,35277500,-16.161221541089066
csuEx72_NaAc_0.25M_JNL_10off_20on_20off,483,48.213,35369500,-15.942578847638003
csuEx72_NaAc_0.25M_JNL_10off_20on_20off,484,48.313,35196400,-16.353959828468206
csuEx72_NaAc_0.25M_JNL_10off_20on_20off,485,48.413,34997100,-16.82760644591165
csuEx72_NaAc_0.25M_JNL_10off_20on_20off,486,48.513,35102400,-16.57735562395081
csuEx72_NaAc_0.25M_JNL_10off_20on_20off,487,48.613,35170300,-16.415987809979868
csuEx72_NaAc_0.25M_JNL_10off_20on_20off,488,48.713,35172900,-16.409808777338856
csuEx72_NaAc_0.25M_JNL_10off_20on_20off,489,48.813,35093000,-16.599695203499074
csuEx72_NaAc_0.25M_JNL_10off_20on_20off,490,48.914,34729700,-17.463096187529185
csuEx72_NaAc_0.25M_JNL_10off_20on_20off,491,49.014,35239100,-16.252481100094727
csuEx72_NaAc_0.25M_JNL_10off_20on_20off,492,49.114,34905100,-17.046249139362708
csuEx72_NaAc_0.25M_JNL_10off_20on_20off,493,49.214,34959400,-16.91720241920627
csuEx72_NaAc_0.25M_JNL_10off_20on_20off,494,49.314,34938900,-16.9659217150296
csuEx72_NaAc_0.25M_JNL_10off_20on_20off,495,49.414,34991400,-16.84115278670155
csuEx72_NaAc_0.25M_JNL_10off_20on_20off,496,49.514,34879700,-17.106613535163326
csuEx72_NaAc_0.25M_JNL_10off_20on_20off,497,49.614,34923600,-17.00228294557092
csuEx72_NaAc_0.25M_JNL_10off_20on_20off,498,49.714,35010000,-16.79694893780818
csuEx72_NaAc_0.25M_JNL_10off_20on_20off,499,49.814,34969700,-16.89272394374381
csuEx72_NaAc_0.25M_JNL_10off_20on_20off,500,49.914,34890800,-17.080233818888253
csuEx72_NaAc_0.25M_JNL_10off_20on_20off,501,50.014,34918300,-17.014878665954512
csuEx72_NaAc_0.25M_JNL_10off_20on_20off,502,50.114,34550700,-17.888498819352446
csuEx72_NaAc_0.25M_JNL_10off_20on_20off,503,50.214,34359100,-18.34384599397444
csuEx72_NaAc_0.25M_JNL_10off_20on_20off,504,50.314,34707800,-17.5151426547746
csuEx72_NaAc_0.25M_JNL_10off_20on_20off,505,50.414,34326500,-18.421321557088618
csuEx72_NaAc_0.25M_JNL_10off_20on_20off,506,50.514,34501900,-18.00447450892214
csuEx72_NaAc_0.25M_JNL_10off_20on_20off,507,50.614,34715700,-17.496367901750002
csuEx72_NaAc_0.25M_JNL_10off_20on_20off,508,50.714,34356000,-18.351213302123334
csuEx72_NaAc_0.25M_JNL_10off_20on_20off,509,50.814,34607300,-17.75398603185973
csuEx72_NaAc_0.25M_JNL_10off_20on_20off,510,50.914,34453900,-18.118548957679216
csuEx72_NaAc_0.25M_JNL_10off_20on_20off,511,51.014,34174900,-18.781606691079716
csuEx72_NaAc_0.25M_JNL_10off_20on_20off,512,51.114,34826900,-17.23209542879611
csuEx72_NaAc_0.25M_JNL_10off_20on_20off,513,51.214,34417500,-18.20505541465333
csuEx72_NaAc_0.25M_JNL_10off_20on_20off,514,51.314,34237100,-18.633785217898673
csuEx72_NaAc_0.25M_JNL_10off_20on_20off,515,51.414,34119800,-18.912554652048776
csuEx72_NaAc_0.25M_JNL_10off_20on_20off,516,51.514,34698800,-17.536531613916555
csuEx72_NaAc_0.25M_JNL_10off_20on_20off,517,51.614,34442400,-18.145879294360597
csuEx72_NaAc_0.25M_JNL_10off_20on_20off,518,51.714,34140400,-18.86359770112386
csuEx72_NaAc_0.25M_JNL_10off_20on_20off,519,51.814,34354400,-18.35501578374857
csuEx72_NaAc_0.25M_JNL_10off_20on_20off,520,51.914,34510200,-17.984749135491228
csuEx72_NaAc_0.25M_JNL_10off_20on_20off,521,52.014,34499900,-18.009227610953683
csuEx72_NaAc_0.25M_JNL_10off_20on_20off,522,52.114,34042500,-19.096262045567983
csuEx72_NaAc_0.25M_JNL_10off_20on_20off,523,52.214,34166300,-18.80204502981536
csuEx72_NaAc_0.25M_JNL_10off_20on_20off,524,52.314,34413200,-18.215274584021152
csuEx72_NaAc_0.25M_JNL_10off_20on_20off,525,52.414,34353200,-18.357867644967495
csuEx72_NaAc_0.25M_JNL_10off_20on_20off,526,52.514,34373200,-18.31033662465205
csuEx72_NaAc_0.25M_JNL_10off_20on_20off,527,52.614,34384200,-18.284194563478554
csuEx72_NaAc_0.25M_JNL_10off_20on_20off,528,52.714,34089900,-18.98361352742037
csuEx72_NaAc_0.25M_JNL_10off_20on_20off,529,52.814,34287300,-18.514482356906896
csuEx72_NaAc_0.25M_JNL_10off_20on_20off,530,52.914,34214600,-18.687257615753552
csuEx72_NaAc_0.25M_JNL_10off_20on_20off,531,53.014,34121500,-18.90851451532196
csuEx72_NaAc_0.25M_JNL_10off_20on_20off,532,53.114,34084700,-18.99597159270239
csuEx72_NaAc_0.25M_JNL_10off_20on_20off,533,53.214,34390000,-18.270410567587074
csuEx72_NaAc_0.25M_JNL_10off_20on_20off,534,53.314,33956700,-19.300170122721255
csuEx72_NaAc_0.25M_JNL_10off_20on_20off,535,53.414,34033000,-19.11883928021782
csuEx72_NaAc_0.25M_JNL_10off_20on_20off,536,53.514,34066700,-19.038749510986293
csuEx72_NaAc_0.25M_JNL_10off_20on_20off,537,53.614,34053400,-19.070357639496063
csuEx72_NaAc_0.25M_JNL_10off_20on_20off,538,53.714,34362700,-18.335290410317658
csuEx72_NaAc_0.25M_JNL_10off_20on_20off,539,53.814,34109800,-18.9363201622065
csuEx72_NaAc_0.25M_JNL_10off_20on_20off,540,53.914,33999300,-19.19892904944935
csuEx72_NaAc_0.25M_JNL_10off_20on_20off,541,54.014,34019300,-19.1513980291339
csuEx72_NaAc_0.25M_JNL_10off_20on_20off,542,54.114,33697900,-19.91522152560315
csuEx72_NaAc_0.25M_JNL_10off_20on_20off,543,54.214,33963800,-19.28329661050927
csuEx72_NaAc_0.25M_JNL_10off_20on_20off,544,54.314,33619500,-20.10154312523971
csuEx72_NaAc_0.25M_JNL_10off_20on_20off,545,54.414,33746300,-19.800196456439767
csuEx72_NaAc_0.25M_JNL_10off_20on_20off,546,54.514,33782500,-19.714165309668807
csuEx72_NaAc_0.25M_JNL_10off_20on_20off,547,54.614,33736700,-19.823011346191183
csuEx72_NaAc_0.25M_JNL_10off_20on_20off,548,54.714,33725700,-19.84915340736468
csuEx72_NaAc_0.25M_JNL_10off_20on_20off,549,54.814,33730000,-19.83893423799686
csuEx72_NaAc_0.25M_JNL_10off_20on_20off,550,54.914,33705300,-19.897635048086435
csuEx72_NaAc_0.25M_JNL_10off_20on_20off,551,55.014,33372600,-20.688313571033916
csuEx72_NaAc_0.25M_JNL_10off_20on_20off,552,55.114,33625700,-20.08680850894192
csuEx72_NaAc_0.25M_JNL_10off_20on_20off,553,55.214,33853200,-19.5461431528537
csuEx72_NaAc_0.25M_JNL_10off_20on_20off,554,55.314,33830300,-19.600566171114885
csuEx72_NaAc_0.25M_JNL_10off_20on_20off,555,55.414,33671700,-19.97748716221639
csuEx72_NaAc_0.25M_JNL_10off_20on_20off,556,55.514,33575800,-20.205398404628962
csuEx72_NaAc_0.25M_JNL_10off_20on_20off,557,55.614,33647000,-20.036187972305967
csuEx72_NaAc_0.25M_JNL_10off_20on_20off,558,55.714,33734600,-19.828002103324305
csuEx72_NaAc_0.25M_JNL_10off_20on_20off,559,55.814,33877800,-19.487679997865698
csuEx72_NaAc_0.25M_JNL_10off_20on_20off,560,55.914,33656700,-20.013135427452973
csuEx72_NaAc_0.25M_JNL_10off_20on_20off,561,56.014,33592500,-20.165710002665563
csuEx72_NaAc_0.25M_JNL_10off_20on_20off,562,56.114,33626500,-20.0849072681293
csuEx72_NaAc_0.25M_JNL_10off_20on_20off,563,56.214,33596700,-20.15572848839932
csuEx72_NaAc_0.25M_JNL_10off_20on_20off,564,56.314,33401800,-20.61891828137336
csuEx72_NaAc_0.25M_JNL_10off_20on_20off,565,56.414,33645200,-20.040465764134357
csuEx72_NaAc_0.25M_JNL_10off_20on_20off,566,56.514,33358000,-20.723011215864194
csuEx72_NaAc_0.25M_JNL_10off_20on_20off,567,56.614,33523600,-20.329454367652282
csuEx72_NaAc_0.25M_JNL_10off_20on_20off,568,56.714,33429700.000000004,-20.552612508033302
csuEx72_NaAc_0.25M_JNL_10off_20on_20off,569,56.814,33227400,-21.033388778524067
csuEx72_NaAc_0.25M_JNL_10off_20on_20off,570,56.914,33377100,-20.67761909146294
csuEx72_NaAc_0.25M_JNL_10off_20on_20off,571,57.014,33234900,-21.015564645905773
csuEx72_NaAc_0.25M_JNL_10off_20on_20off,572,57.114,33071700,-21.40341777167983
csuEx72_NaAc_0.25M_JNL_10off_20on_20off,573,57.214,33277199.999999996,-20.91503653793861
csuEx72_NaAc_0.25M_JNL_10off_20on_20off,574,57.314,33172799.999999996,-21.163148463985248
csuEx72_NaAc_0.25M_JNL_10off_20on_20off,575,57.414,33114800,-21.30098842290004
csuEx72_NaAc_0.25M_JNL_10off_20on_20off,576,57.514,33193400,-21.11419151306033
csuEx72_NaAc_0.25M_JNL_10off_20on_20off,577,57.614,32685100,-22.322192394377442
csuEx72_NaAc_0.25M_JNL_10off_20on_20off,578,57.714,33439400,-20.52955996318032
csuEx72_NaAc_0.25M_JNL_10off_20on_20off,579,57.814,33283800,-20.899351301234503
csuEx72_NaAc_0.25M_JNL_10off_20on_20off,580,57.914,32919500,-21.76512883628039
csuEx72_NaAc_0.25M_JNL_10off_20on_20off,581,58.014,33123000,-21.281500704570707
csuEx72_NaAc_0.25M_JNL_10off_20on_20off,582,58.114,33272300,-20.926681637915888
csuEx72_NaAc_0.25M_JNL_10off_20on_20off,583,58.214,33130200,-21.264389537257145
csuEx72_NaAc_0.25M_JNL_10off_20on_20off,584,58.314,32907700.000000004,-21.793172138266495
csuEx72_NaAc_0.25M_JNL_10off_20on_20off,585,58.414,32735300,-22.202889533385665
csuEx72_NaAc_0.25M_JNL_10off_20on_20off,586,58.514,32952200,-21.68741561806463
csuEx72_NaAc_0.25M_JNL_10off_20on_20off,587,58.614,32808099.999999996,-22.029876619437445
csuEx72_NaAc_0.25M_JNL_10off_20on_20off,588,58.714,32904200,-21.801490066821707
csuEx72_NaAc_0.25M_JNL_10off_20on_20off,589,58.814,32931300,-21.737085534294277
csuEx72_NaAc_0.25M_JNL_10off_20on_20off,590,58.914,32674700,-22.346908524941476
csuEx72_NaAc_0.25M_JNL_10off_20on_20off,591,59.014,32595000,-22.536319640898537
csuEx72_NaAc_0.25M_JNL_10off_20on_20off,592,59.114,33121100,-21.286016151500675
csuEx72_NaAc_0.25M_JNL_10off_20on_20off,593,59.214,32715200.000000004,-22.250658208802683
csuEx72_NaAc_0.25M_JNL_10off_20on_20off,594,59.314,32870400,-21.881817491154816
csuEx72_NaAc_0.25M_JNL_10off_20on_20off,595,59.414,32857800,-21.911762033953547
csuEx72_NaAc_0.25M_JNL_10off_20on_20off,596,59.514,32810000,-22.02536117250747
csuEx72_NaAc_0.25M_JNL_10off_20on_20off,597,59.614,32693300,-22.30270467604811
csuEx72_NaAc_0.25M_JNL_10off_20on_20off,598,59.714,32641900,-22.42485939825881
csuEx72_NaAc_0.25M_JNL_10off_20on_20off,599,59.814,32601700,-22.52039674909286
csuEx72_NaAc_0.25M_JNL_10off_20on_20off,600,59.914,32573800,-22.586702522432912
