stim_jnl,frame,time_s,fluor,dff
csuEx93_greenlightbasal_JNL_10off_20on_20off,2,0.1,1826580,24.473229695000477
csuEx93_greenlightbasal_JNL_10off_20on_20off,3,0.2,1696940,15.638845491921574
csuEx93_greenlightbasal_JNL_10off_20on_20off,4,0.3,1696340,15.597958184594765
csuEx93_greenlightbasal_JNL_10off_20on_20off,5,0.4,1687960,15.026898792263687
csuEx93_greenlightbasal_JNL_10off_20on_20off,6,0.5,1687660,15.006455138600284
csuEx93_greenlightbasal_JNL_10off_20on_20off,7,0.6,1704390,16.146529557896102
csuEx93_greenlightbasal_JNL_10off_20on_20off,8,0.7,1691070,15.238831335240974
csuEx93_greenlightbasal_JNL_10off_20on_20off,9,0.8,1701990,15.982980328588873
csuEx93_greenlightbasal_JNL_10off_20on_20off,10,0.9,1694190,15.451445333340372
csuEx93_greenlightbasal_JNL_10off_20on_20off,11,1,1689250,15.114806503016323
csuEx93_greenlightbasal_JNL_10off_20on_20off,12,1.1,1590620,8.39361463361126
csuEx93_greenlightbasal_JNL_10off_20on_20off,13,1.2,1634890,11.41041645920755
csuEx93_greenlightbasal_JNL_10off_20on_20off,14,1.3,1592120,8.495832901928281
csuEx93_greenlightbasal_JNL_10off_20on_20off,15,1.4,1615470,10.087030612063211
csuEx93_greenlightbasal_JNL_10off_20on_20off,16,1.5,1555280,5.985352232062292
csuEx93_greenlightbasal_JNL_10off_20on_20off,17,1.6,1537310,4.760777377624404
csuEx93_greenlightbasal_JNL_10off_20on_20off,18,1.7,1581500,7.772127562243786
csuEx93_greenlightbasal_JNL_10off_20on_20off,19,1.8,1549250,5.5744347934278755
csuEx93_greenlightbasal_JNL_10off_20on_20off,20,1.9,1466180,-0.0864129059686415
csuEx93_greenlightbasal_JNL_10off_20on_20off,21,2,1538800,4.862314190819309
csuEx93_greenlightbasal_JNL_10off_20on_20off,22,2.1,1481060,0.9275923157361877
csuEx93_greenlightbasal_JNL_10off_20on_20off,23,2.2,1481830,0.9800643601389242
csuEx93_greenlightbasal_JNL_10off_20on_20off,24,2.3,1504760,2.5426409551450893
csuEx93_greenlightbasal_JNL_10off_20on_20off,25,2.4,1410560,-3.8766662951637088
csuEx93_greenlightbasal_JNL_10off_20on_20off,26,2.5,1377180,-6.15136349277844
csuEx93_greenlightbasal_JNL_10off_20on_20off,27,2.6,1445240,-1.5133799316742278
csuEx93_greenlightbasal_JNL_10off_20on_20off,28,2.7,1412380,-3.7526414629390588
csuEx93_greenlightbasal_JNL_10off_20on_20off,29,2.8,1444830,-1.5413195916808797
csuEx93_greenlightbasal_JNL_10off_20on_20off,30,2.9,1402780,-4.406838380167981
csuEx93_greenlightbasal_JNL_10off_20on_20off,31,3,1464910,-0.172957706477051
csuEx93_greenlightbasal_JNL_10off_20on_20off,32,3.1,1454420,-0.8878041295740711
csuEx93_greenlightbasal_JNL_10off_20on_20off,33,3.2,1356090,-7.588552345315729
csuEx93_greenlightbasal_JNL_10off_20on_20off,34,3.3,1378000,-6.095484172765136
csuEx93_greenlightbasal_JNL_10off_20on_20off,35,3.4,1405100,-4.248740791837659
csuEx93_greenlightbasal_JNL_10off_20on_20off,36,3.5,1362410,-7.1578727081400215
csuEx93_greenlightbasal_JNL_10off_20on_20off,37,3.6,1358430,-7.429091846741179
csuEx93_greenlightbasal_JNL_10off_20on_20off,38,3.7,1383440,-5.724772586335414
csuEx93_greenlightbasal_JNL_10off_20on_20off,39,3.8,1329050,-9.431206995510525
csuEx93_greenlightbasal_JNL_10off_20on_20off,40,3.9,1337010,-8.888768718308212
csuEx93_greenlightbasal_JNL_10off_20on_20off,41,4,1350740,-7.95313083564643
csuEx93_greenlightbasal_JNL_10off_20on_20off,42,4.1,1318400,-10.156956700561363
csuEx93_greenlightbasal_JNL_10off_20on_20off,43,4.2,1227280,-16.366375773259215
csuEx93_greenlightbasal_JNL_10off_20on_20off,44,4.3,1306700,-10.95425919343411
csuEx93_greenlightbasal_JNL_10off_20on_20off,45,4.4,1321900,-9.918447407821649
csuEx93_greenlightbasal_JNL_10off_20on_20off,46,4.5,1306680,-10.955622103678337
csuEx93_greenlightbasal_JNL_10off_20on_20off,47,4.6,1296920,-11.620722302861076
csuEx93_greenlightbasal_JNL_10off_20on_20off,48,4.7,1187170,-19.099692268056305
csuEx93_greenlightbasal_JNL_10off_20on_20off,49,4.8,1218430,-16.969463556329625
csuEx93_greenlightbasal_JNL_10off_20on_20off,50,4.9,1200480,-18.19267550052329
csuEx93_greenlightbasal_JNL_10off_20on_20off,51,5,1203090,-18.014815713651675
csuEx93_greenlightbasal_JNL_10off_20on_20off,52,5.1,1164900,-20.61729282500298
csuEx93_greenlightbasal_JNL_10off_20on_20off,53,5.2,1230820,-16.125140660031047
csuEx93_greenlightbasal_JNL_10off_20on_20off,54,5.3,1227820,-16.329577196665088
csuEx93_greenlightbasal_JNL_10off_20on_20off,55,5.4,1209960,-17.54665604475973
csuEx93_greenlightbasal_JNL_10off_20on_20off,56,5.5,1174970,-19.931067517034727
csuEx93_greenlightbasal_JNL_10off_20on_20off,57,5.6,1136950,-22.521959891310104
csuEx93_greenlightbasal_JNL_10off_20on_20off,58,5.7,1168400,-20.37878353226327
csuEx93_greenlightbasal_JNL_10off_20on_20off,59,5.8,1202120,-18.080916860496682
csuEx93_greenlightbasal_JNL_10off_20on_20off,60,5.9,1168770,-20.353569692745072
csuEx93_greenlightbasal_JNL_10off_20on_20off,61,6,1126810,-23.212955385133153
csuEx93_greenlightbasal_JNL_10off_20on_20off,62,6.1,1111710,-24.24195261952448
csuEx93_greenlightbasal_JNL_10off_20on_20off,63,6.2,1125350,-23.312447832961716
csuEx93_greenlightbasal_JNL_10off_20on_20off,64,6.3,1050190,-28.434264530766484
csuEx93_greenlightbasal_JNL_10off_20on_20off,65,6.4,1137730,-22.468806391785254
csuEx93_greenlightbasal_JNL_10off_20on_20off,66,6.5,1127460,-23.168660802195777
csuEx93_greenlightbasal_JNL_10off_20on_20off,67,6.6,1122770,-23.48826325446699
csuEx93_greenlightbasal_JNL_10off_20on_20off,68,6.7,1138530,-22.414289982016175
csuEx93_greenlightbasal_JNL_10off_20on_20off,69,6.8,1077580,-26.56775895129772
csuEx93_greenlightbasal_JNL_10off_20on_20off,70,6.9,1130470,-22.963542810439623
csuEx93_greenlightbasal_JNL_10off_20on_20off,71,7,1079000,-26.47099232395761
csuEx93_greenlightbasal_JNL_10off_20on_20off,72,7.1,1093120,-25.508777691533403
csuEx93_greenlightbasal_JNL_10off_20on_20off,73,7.2,1080430,-26.373544241495384
csuEx93_greenlightbasal_JNL_10off_20on_20off,74,7.3,1030540,-29.773323845719435
csuEx93_greenlightbasal_JNL_10off_20on_20off,75,7.4,1055930,-28.043109290673364
csuEx93_greenlightbasal_JNL_10off_20on_20off,76,7.5,1079850,-26.413068638577965
csuEx93_greenlightbasal_JNL_10off_20on_20off,77,7.6,1027520,-29.979123292597702
csuEx93_greenlightbasal_JNL_10off_20on_20off,78,7.7,1010590.0000000001,-31.132826814335786
csuEx93_greenlightbasal_JNL_10off_20on_20off,79,7.8,1006189.9999999999,-31.432667068065722
csuEx93_greenlightbasal_JNL_10off_20on_20off,80,7.9,1031050,-29.73856963449165
csuEx93_greenlightbasal_JNL_10off_20on_20off,81,8,1074090,-26.805586788915313
csuEx93_greenlightbasal_JNL_10off_20on_20off,87,8.6,1009880.0000000001,-31.181210128005837
csuEx93_greenlightbasal_JNL_10off_20on_20off,89,8.8,1008799.9999999999,-31.254807281194108
csuEx93_greenlightbasal_JNL_10off_20on_20off,91,9,1015790,-30.77847015083679
csuEx93_greenlightbasal_JNL_10off_20on_20off,99,9.8,1003130.0000000001,-31.64119233543242
