stim_jnl,frame,time_s,fluor,dff
csuEx72_bluelightbasal_JNL_10off_20on_20off,2,0.1,22620700,3.4582843883178818
csuEx72_bluelightbasal_JNL_10off_20on_20off,3,0.2,22262600,1.8204742569136088
csuEx72_bluelightbasal_JNL_10off_20on_20off,4,0.3,22053900,0.86596162238674
csuEx72_bluelightbasal_JNL_10off_20on_20off,5,0.4,21844500,-0.0917525399032759
csuEx72_bluelightbasal_JNL_10off_20on_20off,6,0.5,21739400,-0.572439065484368
csuEx72_bluelightbasal_JNL_10off_20on_20off,7,0.6,21874300,0.04454107058498807
csuEx72_bluelightbasal_JNL_10off_20on_20off,8,0.7,21681800,-0.8358790642804755
csuEx72_bluelightbasal_JNL_10off_20on_20off,9,0.8,21658500,-0.9424442026823733
csuEx72_bluelightbasal_JNL_10off_20on_20off,10,0.9,21566600,-1.3627590618726906
csuEx72_bluelightbasal_JNL_10off_20on_20off,11,1,21758099.999999996,-0.4869125380974543
csuEx72_bluelightbasal_JNL_10off_20on_20off,12,1.1,21652800,-0.9685137858965712
csuEx72_bluelightbasal_JNL_10off_20on_20off,13,1.2,21745300,-0.5454547600521278
csuEx72_bluelightbasal_JNL_10off_20on_20off,14,1.3,21783400,-0.37120017751511913
csuEx72_bluelightbasal_JNL_10off_20on_20off,15,1.399,21836000.000000004,-0.1306282341700456
csuEx72_bluelightbasal_JNL_10off_20on_20off,16,1.499,21802600,-0.2833868445830833
csuEx72_bluelightbasal_JNL_10off_20on_20off,17,1.599,21779000,-0.3913240663120441
csuEx72_bluelightbasal_JNL_10off_20on_20off,18,1.699,21767200,-0.4452926771765244
csuEx72_bluelightbasal_JNL_10off_20on_20off,19,1.799,21842100.000000004,-0.10272920651976335
csuEx72_bluelightbasal_JNL_10off_20on_20off,20,1.899,21724000,-0.642872676273605
csuEx72_bluelightbasal_JNL_10off_20on_20off,21,1.999,21846600,-0.08214795661383449
csuEx72_bluelightbasal_JNL_10off_20on_20off,22,2.099,21944600,0.36606593022676515
csuEx72_bluelightbasal_JNL_10off_20on_20off,23,2.199,21961800,0.4447320409783806
csuEx72_bluelightbasal_JNL_10off_20on_20off,24,2.299,21812000,-0.24039490033510744
csuEx72_bluelightbasal_JNL_10off_20on_20off,25,2.399,21898700,0.15613718118611694
csuEx72_bluelightbasal_JNL_10off_20on_20off,26,2.499,21715900,-0.6799189261043077
csuEx72_bluelightbasal_JNL_10off_20on_20off,27,2.599,21801200,-0.2897899001093776
csuEx72_bluelightbasal_JNL_10off_20on_20off,28,2.699,21803800,-0.27789851127483106
csuEx72_bluelightbasal_JNL_10off_20on_20off,29,2.799,21919200,0.24989620853542605
csuEx72_bluelightbasal_JNL_10off_20on_20off,30,2.899,21794699.999999996,-0.31951837219576096
csuEx72_bluelightbasal_JNL_10off_20on_20off,31,2.999,21727100,-0.6286944818939534
csuEx72_bluelightbasal_JNL_10off_20on_20off,32,3.099,21784800,-0.3647971219888249
csuEx72_bluelightbasal_JNL_10off_20on_20off,33,3.199,21862200,-0.010799623606555364
csuEx72_bluelightbasal_JNL_10off_20on_20off,34,3.299,21971700,0.4900107907714616
csuEx72_bluelightbasal_JNL_10off_20on_20off,35,3.399,21803000,-0.28155740014699926
csuEx72_bluelightbasal_JNL_10off_20on_20off,36,3.499,22252400,1.773823423793465
csuEx72_bluelightbasal_JNL_10off_20on_20off,37,3.599,22066300,0.9226743999053466
csuEx72_bluelightbasal_JNL_10off_20on_20off,38,3.699,22067300,0.9272480109955566
csuEx72_bluelightbasal_JNL_10off_20on_20off,39,3.799,21919800,0.2526403751895522
csuEx72_bluelightbasal_JNL_10off_20on_20off,40,3.899,22090500,1.0333557882884334
csuEx72_bluelightbasal_JNL_10off_20on_20off,41,3.999,22067300,0.9272480109955566
csuEx72_bluelightbasal_JNL_10off_20on_20off,42,4.099,22039700,0.8010163449057552
csuEx72_bluelightbasal_JNL_10off_20on_20off,43,4.199,22085700,1.0114024550554244
csuEx72_bluelightbasal_JNL_10off_20on_20off,44,4.299,22199800,1.5332514804484083
csuEx72_bluelightbasal_JNL_10off_20on_20off,45,4.399,22036500,0.7863807894170827
csuEx72_bluelightbasal_JNL_10off_20on_20off,46,4.499,22245499.999999996,1.7422655072709976
csuEx72_bluelightbasal_JNL_10off_20on_20off,47,4.599,22421600,2.547678420257031
csuEx72_bluelightbasal_JNL_10off_20on_20off,48,4.699,22092000,1.0402162049237487
csuEx72_bluelightbasal_JNL_10off_20on_20off,49,4.799,22316600.000000004,2.067449255784977
csuEx72_bluelightbasal_JNL_10off_20on_20off,50,4.899,22231800,1.679607035335135
csuEx72_bluelightbasal_JNL_10off_20on_20off,51,5.009,22122200,1.1783392598480968
csuEx72_bluelightbasal_JNL_10off_20on_20off,52,5.109,22174000,1.4152523143209852
csuEx72_bluelightbasal_JNL_10off_20on_20off,53,5.209,22198500,1.5273057860311352
csuEx72_bluelightbasal_JNL_10off_20on_20off,54,5.309,22250000,1.7628467571769602
csuEx72_bluelightbasal_JNL_10off_20on_20off,55,5.409,22341500,2.1813321719311936
csuEx72_bluelightbasal_JNL_10off_20on_20off,56,5.509,22418700,2.5344149480954212
csuEx72_bluelightbasal_JNL_10off_20on_20off,57,5.609,22452100,2.6871735585084418
csuEx72_bluelightbasal_JNL_10off_20on_20off,58,5.709,22339900,2.174014394186857
csuEx72_bluelightbasal_JNL_10off_20on_20off,59,5.809,22436400,2.6153678643921414
csuEx72_bluelightbasal_JNL_10off_20on_20off,60,5.909,22529100,3.0393416124546273
csuEx72_bluelightbasal_JNL_10off_20on_20off,61,6.009,22514900,2.9743963349736426
csuEx72_bluelightbasal_JNL_10off_20on_20off,62,6.109,22454800,2.6995223084520092
csuEx72_bluelightbasal_JNL_10off_20on_20off,63,6.209,22492100,2.87011800211685
csuEx72_bluelightbasal_JNL_10off_20on_20off,64,6.309,22511899.999999996,2.960675501702995
csuEx72_bluelightbasal_JNL_10off_20on_20off,65,6.409,22517500,2.986287723808189
csuEx72_bluelightbasal_JNL_10off_20on_20off,66,6.509,22433100,2.600274947794448
csuEx72_bluelightbasal_JNL_10off_20on_20off,67,6.609,22339100,2.1703555053146895
csuEx72_bluelightbasal_JNL_10off_20on_20off,68,6.709,22419600,2.5385311980766105
csuEx72_bluelightbasal_JNL_10off_20on_20off,69,6.809,22385900,2.3844005043365266
csuEx72_bluelightbasal_JNL_10off_20on_20off,70,6.909,22521500,3.00458216816903
csuEx72_bluelightbasal_JNL_10off_20on_20off,71,7.009,22479700,2.8134052245982435
csuEx72_bluelightbasal_JNL_10off_20on_20off,72,7.109,22478699.999999996,2.808831613508016
csuEx72_bluelightbasal_JNL_10off_20on_20off,73,7.209,22527300,3.031109112492249
csuEx72_bluelightbasal_JNL_10off_20on_20off,74,7.309,22402800,2.4616945317610788
csuEx72_bluelightbasal_JNL_10off_20on_20off,75,7.409,22523399.999999996,3.013272029240412
csuEx72_bluelightbasal_JNL_10off_20on_20off,76,7.509,22479300.000000004,2.8115757801621766
csuEx72_bluelightbasal_JNL_10off_20on_20off,77,7.609,22582600,3.2840298057808734
csuEx72_bluelightbasal_JNL_10off_20on_20off,78,7.709,22703200,3.835607303260223
csuEx72_bluelightbasal_JNL_10off_20on_20off,79,7.809,22717500,3.9010099418502286
csuEx72_bluelightbasal_JNL_10off_20on_20off,80,7.909,22688900,3.770204664670217
csuEx72_bluelightbasal_JNL_10off_20on_20off,81,8.009,22607500,3.3979127219271072
csuEx72_bluelightbasal_JNL_10off_20on_20off,82,8.109,22739300,4.000714663616812
csuEx72_bluelightbasal_JNL_10off_20on_20off,83,8.209,22587600,3.306897861231924
csuEx72_bluelightbasal_JNL_10off_20on_20off,84,8.309,22662700,3.6503760541067103
csuEx72_bluelightbasal_JNL_10off_20on_20off,85,8.409,22675500,3.7089182760614006
csuEx72_bluelightbasal_JNL_10off_20on_20off,86,8.509,22831900,4.424231050570276
csuEx72_bluelightbasal_JNL_10off_20on_20off,87,8.609,22759700,4.0940163298571
csuEx72_bluelightbasal_JNL_10off_20on_20off,88,8.709,22584100,3.2908902224161882
csuEx72_bluelightbasal_JNL_10off_20on_20off,89,8.809,22637800,3.536493137960476
csuEx72_bluelightbasal_JNL_10off_20on_20off,90,8.909,22660999.999999996,3.6426009152533356
csuEx72_bluelightbasal_JNL_10off_20on_20off,91,9.009,22633100,3.514997165836488
csuEx72_bluelightbasal_JNL_10off_20on_20off,92,9.109,22740100,4.004373552488979
csuEx72_bluelightbasal_JNL_10off_20on_20off,93,9.209,22805800,4.30485980111579
csuEx72_bluelightbasal_JNL_10off_20on_20off,94,9.309,22780800,4.190519523860535
csuEx72_bluelightbasal_JNL_10off_20on_20off,95,9.409,22669500,3.681476609520139
csuEx72_bluelightbasal_JNL_10off_20on_20off,96,9.509,22676000,3.7112050816065056
csuEx72_bluelightbasal_JNL_10off_20on_20off,97,9.609,22818299.999999996,4.3620299397434
csuEx72_bluelightbasal_JNL_10off_20on_20off,98,9.709,22848799.999999996,4.5015250779948115
csuEx72_bluelightbasal_JNL_10off_20on_20off,99,9.809,22677100,3.7162360538057366
csuEx72_bluelightbasal_JNL_10off_20on_20off,100,9.909,22798400,4.271015079048234
csuEx72_bluelightbasal_JNL_10off_20on_20off,101,10.009,22728600,3.9517770249515625
csuEx72_bluelightbasal_JNL_10off_20on_20off,102,10.109,22987000.000000004,5.133598130661895
csuEx72_bluelightbasal_JNL_10off_20on_20off,103,10.209,22863600,4.569214522129939
csuEx72_bluelightbasal_JNL_10off_20on_20off,104,10.309,22840700,4.4644788281641254
csuEx72_bluelightbasal_JNL_10off_20on_20off,105,10.409,23050500,5.424022434890226
csuEx72_bluelightbasal_JNL_10off_20on_20off,106,10.509,23347600,6.7828422897916765
csuEx72_bluelightbasal_JNL_10off_20on_20off,107,10.609,23083999.999999996,5.577238406412251
csuEx72_bluelightbasal_JNL_10off_20on_20off,108,10.709,23078800,5.5534556287431744
csuEx72_bluelightbasal_JNL_10off_20on_20off,109,10.809,22927300,4.860553548576329
csuEx72_bluelightbasal_JNL_10off_20on_20off,110,10.909,23073300,5.528300767747019
csuEx72_bluelightbasal_JNL_10off_20on_20off,111,11.009,22920200,4.828080909835837
csuEx72_bluelightbasal_JNL_10off_20on_20off,112,11.109,22984300.000000004,5.121249380718328
csuEx72_bluelightbasal_JNL_10off_20on_20off,113,11.209,22903600,4.752158965738348
csuEx72_bluelightbasal_JNL_10off_20on_20off,114,11.309,22925200,4.850948965286888
csuEx72_bluelightbasal_JNL_10off_20on_20off,115,11.406,22772800.000000004,4.15393063513887
csuEx72_bluelightbasal_JNL_10off_20on_20off,116,11.506,22877500,4.632787716283861
csuEx72_bluelightbasal_JNL_10off_20on_20off,117,11.606,23089400.000000004,5.60193590629942
csuEx72_bluelightbasal_JNL_10off_20on_20off,118,11.706,23289500,6.517115485450464
csuEx72_bluelightbasal_JNL_10off_20on_20off,119,11.806,23088800,5.599191739645277
csuEx72_bluelightbasal_JNL_10off_20on_20off,120,11.906,23017300,5.272178546695247
csuEx72_bluelightbasal_JNL_10off_20on_20off,121,12.006,22812700,4.3364177176382395
csuEx72_bluelightbasal_JNL_10off_20on_20off,122,12.106,23107000.000000004,5.682431461487119
csuEx72_bluelightbasal_JNL_10off_20on_20off,123,12.206,22878500,4.637361327374071
csuEx72_bluelightbasal_JNL_10off_20on_20off,124,12.306,22926600,4.857352020813182
csuEx72_bluelightbasal_JNL_10off_20on_20off,125,12.406,22916400,4.810701187693038
csuEx72_bluelightbasal_JNL_10off_20on_20off,126,12.506,23096899.999999996,5.636237989475962
csuEx72_bluelightbasal_JNL_10off_20on_20off,127,12.606,22900500,4.7379807713586954
csuEx72_bluelightbasal_JNL_10off_20on_20off,128,12.706,22886700.000000004,4.674864938313812
csuEx72_bluelightbasal_JNL_10off_20on_20off,129,12.806,22927399.999999996,4.861010909685333
csuEx72_bluelightbasal_JNL_10off_20on_20off,130,12.906,22778700,4.1809149405710935
csuEx72_bluelightbasal_JNL_10off_20on_20off,131,13.006,22966600,5.04029646442159
csuEx72_bluelightbasal_JNL_10off_20on_20off,132,13.106,22967000,5.042125908857674
csuEx72_bluelightbasal_JNL_10off_20on_20off,133,13.206,22904500,4.756275215719537
csuEx72_bluelightbasal_JNL_10off_20on_20off,134,13.306,23054300,5.441402157033025
csuEx72_bluelightbasal_JNL_10off_20on_20off,135,13.406,23172600,5.982460349004891
csuEx72_bluelightbasal_JNL_10off_20on_20off,136,13.506,23195100,6.085366598534621
csuEx72_bluelightbasal_JNL_10off_20on_20off,137,13.606,23359100,6.835438817329094
csuEx72_bluelightbasal_JNL_10off_20on_20off,138,13.706,23326500,6.686339095788241
csuEx72_bluelightbasal_JNL_10off_20on_20off,139,13.806,23353900,6.811656039660001
csuEx72_bluelightbasal_JNL_10off_20on_20off,140,13.906,23218600,6.192846459154561
csuEx72_bluelightbasal_JNL_10off_20on_20off,141,14.006,23039299.999999996,5.372797990679855
csuEx72_bluelightbasal_JNL_10off_20on_20off,142,14.106,23012700,5.25113993568028
csuEx72_bluelightbasal_JNL_10off_20on_20off,143,14.206,22936400,4.902173409497243
csuEx72_bluelightbasal_JNL_10off_20on_20off,144,14.306,23100200,5.651330906073673
csuEx72_bluelightbasal_JNL_10off_20on_20off,145,14.406,23206500,6.137505764963017
csuEx72_bluelightbasal_JNL_10off_20on_20off,146,14.506,23129000,5.783050905471727
csuEx72_bluelightbasal_JNL_10off_20on_20off,147,14.606,22992300,5.157838269439992
csuEx72_bluelightbasal_JNL_10off_20on_20off,148,14.706,23160599.999999996,5.927577015922352
csuEx72_bluelightbasal_JNL_10off_20on_20off,149,14.806,23243999.999999996,6.309016180845882
csuEx72_bluelightbasal_JNL_10off_20on_20off,150,14.906,23140900.000000004,5.837476877445245
csuEx72_bluelightbasal_JNL_10off_20on_20off,151,15.006,23291400.000000004,6.525805346521881
csuEx72_bluelightbasal_JNL_10off_20on_20off,152,15.106,23270800,6.431588958063533
csuEx72_bluelightbasal_JNL_10off_20on_20off,153,15.206,23136600,5.817810349757324
csuEx72_bluelightbasal_JNL_10off_20on_20off,154,15.311,23271000,6.432503680281575
csuEx72_bluelightbasal_JNL_10off_20on_20off,155,15.411,23330300,6.70371881793104
csuEx72_bluelightbasal_JNL_10off_20on_20off,156,15.51,23649000,8.161328672381032
csuEx72_bluelightbasal_JNL_10off_20on_20off,157,15.61,23722300,8.496574365293439
csuEx72_bluelightbasal_JNL_10off_20on_20off,158,15.71,23723900.000000004,8.503892143037792
csuEx72_bluelightbasal_JNL_10off_20on_20off,159,15.81,23757000,8.655278670123732
csuEx72_bluelightbasal_JNL_10off_20on_20off,160,15.91,23508800,7.52010839753356
csuEx72_bluelightbasal_JNL_10off_20on_20off,161,16.01,23335900,6.729331040036217
csuEx72_bluelightbasal_JNL_10off_20on_20off,162,16.11,23198599.999999996,6.10137423735034
csuEx72_bluelightbasal_JNL_10off_20on_20off,163,16.21,23045300.000000004,5.40023965722115
csuEx72_bluelightbasal_JNL_10off_20on_20off,164,16.31,23152499.999999996,5.890530766091649
csuEx72_bluelightbasal_JNL_10off_20on_20off,165,16.41,23190000,6.062041181974549
csuEx72_bluelightbasal_JNL_10off_20on_20off,166,16.51,23097300,5.638067433912063
csuEx72_bluelightbasal_JNL_10off_20on_20off,167,16.61,23055400,5.446433129232256
csuEx72_bluelightbasal_JNL_10off_20on_20off,168,16.71,23210799.999999996,6.157172292650904
csuEx72_bluelightbasal_JNL_10off_20on_20off,169,16.81,23601800,7.94545422892311
csuEx72_bluelightbasal_JNL_10off_20on_20off,170,16.91,23483800,7.405768120278306
csuEx72_bluelightbasal_JNL_10off_20on_20off,171,17.01,23400900,7.0266157608998805
csuEx72_bluelightbasal_JNL_10off_20on_20off,172,17.11,23634100,8.093181867136899
csuEx72_bluelightbasal_JNL_10off_20on_20off,173,17.21,23645800,8.146693116892358
csuEx72_bluelightbasal_JNL_10off_20on_20off,174,17.31,23506000,7.507302286480972
csuEx72_bluelightbasal_JNL_10off_20on_20off,175,17.41,23268800,6.422441735883113
csuEx72_bluelightbasal_JNL_10off_20on_20off,176,17.51,23266100,6.410092985939545
csuEx72_bluelightbasal_JNL_10off_20on_20off,177,17.61,23209000,6.148939792688543
csuEx72_bluelightbasal_JNL_10off_20on_20off,178,17.71,23303000,6.578859235168301
csuEx72_bluelightbasal_JNL_10off_20on_20off,179,17.81,23443900.000000004,7.2232810377789365
csuEx72_bluelightbasal_JNL_10off_20on_20off,180,17.91,23162300,5.935352154775726
csuEx72_bluelightbasal_JNL_10off_20on_20off,181,18.01,23316400,6.6401456237771175
csuEx72_bluelightbasal_JNL_10off_20on_20off,182,18.11,23269700.000000004,6.426557985864319
csuEx72_bluelightbasal_JNL_10off_20on_20off,183,18.21,23304900,6.587549096239701
csuEx72_bluelightbasal_JNL_10off_20on_20off,184,18.31,23324200,6.675819790280759
csuEx72_bluelightbasal_JNL_10off_20on_20off,185,18.41,23228100,6.236295764511557
csuEx72_bluelightbasal_JNL_10off_20on_20off,186,18.51,23290800,6.523061179867737
csuEx72_bluelightbasal_JNL_10off_20on_20off,187,18.61,23082200,5.569005906449889
csuEx72_bluelightbasal_JNL_10off_20on_20off,188,18.71,23260900.000000004,6.386310208270469
csuEx72_bluelightbasal_JNL_10off_20on_20off,189,18.81,23405200,7.046282288587784
csuEx72_bluelightbasal_JNL_10off_20on_20off,190,18.91,23268800,6.422441735883113
csuEx72_bluelightbasal_JNL_10off_20on_20off,191,19.01,23307100,6.597611040638163
csuEx72_bluelightbasal_JNL_10off_20on_20off,192,19.11,23380700,6.934228816877634
csuEx72_bluelightbasal_JNL_10off_20on_20off,193,19.21,23325800,6.683137568025094
csuEx72_bluelightbasal_JNL_10off_20on_20off,194,19.31,23302500,6.576572429623197
csuEx72_bluelightbasal_JNL_10off_20on_20off,195,19.41,23208600,6.1471103482524585
csuEx72_bluelightbasal_JNL_10off_20on_20off,196,19.51,23531800,7.625301452608395
csuEx72_bluelightbasal_JNL_10off_20on_20off,197,19.61,23616400,8.012228950840178
csuEx72_bluelightbasal_JNL_10off_20on_20off,198,19.71,23733600,8.548256170612815
csuEx72_bluelightbasal_JNL_10off_20on_20off,199,19.81,23710100,8.440776309992874
csuEx72_bluelightbasal_JNL_10off_20on_20off,200,19.91,23304000,6.583432846258512
csuEx72_bluelightbasal_JNL_10off_20on_20off,201,20.01,23187900,6.052436598685108
csuEx72_bluelightbasal_JNL_10off_20on_20off,202,20.11,23304000,6.583432846258512
csuEx72_bluelightbasal_JNL_10off_20on_20off,203,20.21,23243500,6.306729375300795
csuEx72_bluelightbasal_JNL_10off_20on_20off,204,20.31,23395400,7.001460899903724
csuEx72_bluelightbasal_JNL_10off_20on_20off,205,20.41,23285400,6.498363679980603
csuEx72_bluelightbasal_JNL_10off_20on_20off,206,20.51,23330300,6.70371881793104
csuEx72_bluelightbasal_JNL_10off_20on_20off,207,20.61,23489500,7.431837703492504
csuEx72_bluelightbasal_JNL_10off_20on_20off,208,20.71,23316400,6.6401456237771175
csuEx72_bluelightbasal_JNL_10off_20on_20off,209,20.81,23348800,6.788330623099928
csuEx72_bluelightbasal_JNL_10off_20on_20off,210,20.91,23360900,6.843671317291472
csuEx72_bluelightbasal_JNL_10off_20on_20off,211,21.01,23354100,6.8125707618780424
csuEx72_bluelightbasal_JNL_10off_20on_20off,212,21.11,23343300,6.7631757621037725
csuEx72_bluelightbasal_JNL_10off_20on_20off,213,21.21,23325500,6.6817654846980306
csuEx72_bluelightbasal_JNL_10off_20on_20off,214,21.31,23391000,6.981337011106799
csuEx72_bluelightbasal_JNL_10off_20on_20off,215,21.412,23180600,6.019049237726573
csuEx72_bluelightbasal_JNL_10off_20on_20off,216,21.512,23402599.999999996,7.0343908997532205
csuEx72_bluelightbasal_JNL_10off_20on_20off,217,21.612,23365700,6.865624650524481
csuEx72_bluelightbasal_JNL_10off_20on_20off,218,21.712,23244600.000000004,6.3117603475000426
csuEx72_bluelightbasal_JNL_10off_20on_20off,219,21.812,23267200,6.415123958138776
csuEx72_bluelightbasal_JNL_10off_20on_20off,220,21.912,23257200,6.369387847236673
csuEx72_bluelightbasal_JNL_10off_20on_20off,221,22.012,23109400,5.693408128103607
csuEx72_bluelightbasal_JNL_10off_20on_20off,222,22.112,23283700,6.490588541127244
csuEx72_bluelightbasal_JNL_10off_20on_20off,223,22.212,23442700,7.217792704470666
csuEx72_bluelightbasal_JNL_10off_20on_20off,224,22.312,23596900,7.92304353458108
csuEx72_bluelightbasal_JNL_10off_20on_20off,225,22.412,23646500,8.149894644655506
csuEx72_bluelightbasal_JNL_10off_20on_20off,226,22.512,23614400,8.003081728659758
csuEx72_bluelightbasal_JNL_10off_20on_20off,227,22.612,23777700,8.749952419691082
csuEx72_bluelightbasal_JNL_10off_20on_20off,228,22.712,23409200,7.064576732948624
csuEx72_bluelightbasal_JNL_10off_20on_20off,229,22.812,23330099.999999996,6.70280409571298
csuEx72_bluelightbasal_JNL_10off_20on_20off,230,22.912,23326300,6.685424373570199
csuEx72_bluelightbasal_JNL_10off_20on_20off,231,23.012,23381100,6.936058261313718
csuEx72_bluelightbasal_JNL_10off_20on_20off,232,23.112,23326200,6.684967012461178
csuEx72_bluelightbasal_JNL_10off_20on_20off,233,23.212,23353300,6.808911873005874
csuEx72_bluelightbasal_JNL_10off_20on_20off,234,23.312,23199200.000000004,6.1041184040045
csuEx72_bluelightbasal_JNL_10off_20on_20off,235,23.412,23274100,6.446681874661227
csuEx72_bluelightbasal_JNL_10off_20on_20off,236,23.512,23239100,6.28660548650387
csuEx72_bluelightbasal_JNL_10off_20on_20off,237,23.612,23188000,6.052893959794129
csuEx72_bluelightbasal_JNL_10off_20on_20off,238,23.712,23289900,6.5189449298865485
csuEx72_bluelightbasal_JNL_10off_20on_20off,239,23.812,23112900,5.709415766919342
csuEx72_bluelightbasal_JNL_10off_20on_20off,240,23.912,23309700.000000004,6.609502429472728
csuEx72_bluelightbasal_JNL_10off_20on_20off,241,24.012,23139300,5.830159099700891
csuEx72_bluelightbasal_JNL_10off_20on_20off,242,24.112,23183400,6.031855348779161
csuEx72_bluelightbasal_JNL_10off_20on_20off,243,24.212,23262600,6.394085347123809
csuEx72_bluelightbasal_JNL_10off_20on_20off,244,24.312,23163200,5.939468404756916
csuEx72_bluelightbasal_JNL_10off_20on_20off,245,24.412,23137200,5.82055451641145
csuEx72_bluelightbasal_JNL_10off_20on_20off,246,24.512,23098200.000000004,5.642183683893269
csuEx72_bluelightbasal_JNL_10off_20on_20off,247,24.612,23045200,5.399782296112112
csuEx72_bluelightbasal_JNL_10off_20on_20off,248,24.712,23198900,6.1027463206774195
csuEx72_bluelightbasal_JNL_10off_20on_20off,249,24.812,23062299.999999996,5.477991045754689
csuEx72_bluelightbasal_JNL_10off_20on_20off,250,24.912,23012600,5.250682574571259
csuEx72_bluelightbasal_JNL_10off_20on_20off,251,25.012,23166699.999999996,5.955476043572634
csuEx72_bluelightbasal_JNL_10off_20on_20off,252,25.112,23285999.999999996,6.501107846634711
csuEx72_bluelightbasal_JNL_10off_20on_20off,253,25.212,23351900,6.8025088174795805
csuEx72_bluelightbasal_JNL_10off_20on_20off,254,25.312,22979000,5.097009241940197
csuEx72_bluelightbasal_JNL_10off_20on_20off,255,25.412,23205800,6.134304237199871
csuEx72_bluelightbasal_JNL_10off_20on_20off,256,25.512,22937500,4.907204381696474
csuEx72_bluelightbasal_JNL_10off_20on_20off,257,25.612,23335499.999999996,6.727501595600116
csuEx72_bluelightbasal_JNL_10off_20on_20off,258,25.712,23124300,5.761554933347739
csuEx72_bluelightbasal_JNL_10off_20on_20off,259,25.812,23301000,6.569712012987881
csuEx72_bluelightbasal_JNL_10off_20on_20off,260,25.912,23141100,5.83839159966327
csuEx72_bluelightbasal_JNL_10off_20on_20off,261,26.012,23123700,5.758810766693612
csuEx72_bluelightbasal_JNL_10off_20on_20off,262,26.112,23132799.999999996,5.800430627614508
csuEx72_bluelightbasal_JNL_10off_20on_20off,263,26.212,23178500,6.009444654437131
csuEx72_bluelightbasal_JNL_10off_20on_20off,264,26.312,23145100,5.85668604402411
csuEx72_bluelightbasal_JNL_10off_20on_20off,265,26.412,23423200,7.128607288211568
csuEx72_bluelightbasal_JNL_10off_20on_20off,266,26.512,23551400,7.714944229976515
csuEx72_bluelightbasal_JNL_10off_20on_20off,267,26.612,23423900,7.131808815974715
csuEx72_bluelightbasal_JNL_10off_20on_20off,268,26.712,23556700,7.73918436875463
csuEx72_bluelightbasal_JNL_10off_20on_20off,269,26.812,23275600,6.453542291296542
csuEx72_bluelightbasal_JNL_10off_20on_20off,270,26.912,23194900,6.084451876316579
csuEx72_bluelightbasal_JNL_10off_20on_20off,271,27.012,22906399.999999996,4.764965076790919
csuEx72_bluelightbasal_JNL_10off_20on_20off,272,27.112,22914500.000000004,4.802011326621656
csuEx72_bluelightbasal_JNL_10off_20on_20off,273,27.212,22921400,4.833569243144089
csuEx72_bluelightbasal_JNL_10off_20on_20off,274,27.312,22758900,4.090357440984931
csuEx72_bluelightbasal_JNL_10off_20on_20off,275,27.412,22974300,5.075513269816208
csuEx72_bluelightbasal_JNL_10off_20on_20off,276,27.512,22839999.999999996,4.461277300400961
csuEx72_bluelightbasal_JNL_10off_20on_20off,277,27.612,22954700,4.985870492448089
csuEx72_bluelightbasal_JNL_10off_20on_20off,278,27.712,22889900,4.689500493802468
csuEx72_bluelightbasal_JNL_10off_20on_20off,279,27.812,22876100,4.626384660757567
csuEx72_bluelightbasal_JNL_10off_20on_20off,280,27.912,22748500,4.0427918856467455
csuEx72_bluelightbasal_JNL_10off_20on_20off,281,28.012,22983600,5.118047852955163
csuEx72_bluelightbasal_JNL_10off_20on_20off,282,28.112,23058700,5.46152604582995
csuEx72_bluelightbasal_JNL_10off_20on_20off,283,28.212,23255499.999999996,6.3616127083833005
csuEx72_bluelightbasal_JNL_10off_20on_20off,284,28.312,23129700,5.786252433234874
csuEx72_bluelightbasal_JNL_10off_20on_20off,285,28.412,23214100.000000004,6.172265209248632
csuEx72_bluelightbasal_JNL_10off_20on_20off,286,28.512,23198900,6.1027463206774195
csuEx72_bluelightbasal_JNL_10off_20on_20off,287,28.612,23149400,5.876352571712014
csuEx72_bluelightbasal_JNL_10off_20on_20off,288,28.712,22988400.000000004,5.140001186188189
csuEx72_bluelightbasal_JNL_10off_20on_20off,289,28.812,23054800.000000004,5.443688962578147
csuEx72_bluelightbasal_JNL_10off_20on_20off,290,28.912,22909200,4.777771187843525
csuEx72_bluelightbasal_JNL_10off_20on_20off,291,29.012,22652899.999999996,3.605554665422633
csuEx72_bluelightbasal_JNL_10off_20on_20off,292,29.112,22889300,4.686756327148341
csuEx72_bluelightbasal_JNL_10off_20on_20off,293,29.212,23020299.999999996,5.285899379965861
csuEx72_bluelightbasal_JNL_10off_20on_20off,294,29.312,22966000.000000004,5.037552297767481
csuEx72_bluelightbasal_JNL_10off_20on_20off,295,29.412,23166600,5.95501868246363
csuEx72_bluelightbasal_JNL_10off_20on_20off,296,29.512,23280000,6.473666180093467
csuEx72_bluelightbasal_JNL_10off_20on_20off,297,29.612,23086800,5.590044517464856
csuEx72_bluelightbasal_JNL_10off_20on_20off,298,29.712,23158300,5.917057710414885
csuEx72_bluelightbasal_JNL_10off_20on_20off,299,29.812,23104500,5.670997433761577
csuEx72_bluelightbasal_JNL_10off_20on_20off,300,29.912,23367600,6.87431451159588
csuEx72_bluelightbasal_JNL_10off_20on_20off,301,30.012,23001800,5.2012875747969884
csuEx72_bluelightbasal_JNL_10off_20on_20off,302,30.112,23152300,5.889616043873625
csuEx72_bluelightbasal_JNL_10off_20on_20off,303,30.212,23045000,5.39886757389407
csuEx72_bluelightbasal_JNL_10off_20on_20off,304,30.312,23197600,6.096800626260147
csuEx72_bluelightbasal_JNL_10off_20on_20off,305,30.412,23226700,6.229892708985263
csuEx72_bluelightbasal_JNL_10off_20on_20off,306,30.512,23062200,5.477533684645685
csuEx72_bluelightbasal_JNL_10off_20on_20off,307,30.612,22865800,4.579276466528402
csuEx72_bluelightbasal_JNL_10off_20on_20off,308,30.712,22763000,4.109109246454793
csuEx72_bluelightbasal_JNL_10off_20on_20off,309,30.812,22959000,5.005537020135993
csuEx72_bluelightbasal_JNL_10off_20on_20off,310,30.912,22917800,4.817104243219332
csuEx72_bluelightbasal_JNL_10off_20on_20off,311,31.012,23068200,5.504975351186946
csuEx72_bluelightbasal_JNL_10off_20on_20off,312,31.112,23237400,6.278830347650512
csuEx72_bluelightbasal_JNL_10off_20on_20off,313,31.212,23107800,5.686090350359271
csuEx72_bluelightbasal_JNL_10off_20on_20off,314,31.312,22840400,4.463106744837063
csuEx72_bluelightbasal_JNL_10off_20on_20off,315,31.411,22707200,3.853901747621064
csuEx72_bluelightbasal_JNL_10off_20on_20off,316,31.511,22756700,4.080295496586469
csuEx72_bluelightbasal_JNL_10off_20on_20off,317,31.611,23061100,5.472502712446454
csuEx72_bluelightbasal_JNL_10off_20on_20off,318,31.711,22919000,4.822592576527585
csuEx72_bluelightbasal_JNL_10off_20on_20off,319,31.811,23114600,5.7171909057727
csuEx72_bluelightbasal_JNL_10off_20on_20off,320,31.911,22949500,4.9620877147789955
csuEx72_bluelightbasal_JNL_10off_20on_20off,321,32.011,23039900.000000004,5.375542157334015
csuEx72_bluelightbasal_JNL_10off_20on_20off,322,32.111,23068000,5.5040606289689045
csuEx72_bluelightbasal_JNL_10off_20on_20off,323,32.211,22782400,4.197837301604871
csuEx72_bluelightbasal_JNL_10off_20on_20off,324,32.311,22856000,4.534455077844342
csuEx72_bluelightbasal_JNL_10off_20on_20off,325,32.411,22741900,4.012606052451358
csuEx72_bluelightbasal_JNL_10off_20on_20off,326,32.511,22831900,4.424231050570276
csuEx72_bluelightbasal_JNL_10off_20on_20off,327,32.611,22966600,5.04029646442159
csuEx72_bluelightbasal_JNL_10off_20on_20off,328,32.711,22639999.999999996,3.5465550823589216
csuEx72_bluelightbasal_JNL_10off_20on_20off,329,32.811,22772000,4.150271746266685
csuEx72_bluelightbasal_JNL_10off_20on_20off,330,32.911,22951200,4.969862853632353
csuEx72_bluelightbasal_JNL_10off_20on_20off,331,33.011,22821200,4.375293411905027
csuEx72_bluelightbasal_JNL_10off_20on_20off,332,33.111,22890500,4.692244660456594
csuEx72_bluelightbasal_JNL_10off_20on_20off,333,33.211,22628100,3.492129110385437
csuEx72_bluelightbasal_JNL_10off_20on_20off,334,33.311,22892300,4.700477160418972
csuEx72_bluelightbasal_JNL_10off_20on_20off,335,33.411,22943200,4.933273964910671
csuEx72_bluelightbasal_JNL_10off_20on_20off,336,33.511,23004600,5.214093685849577
csuEx72_bluelightbasal_JNL_10off_20on_20off,337,33.611,22858500,4.545889105569867
csuEx72_bluelightbasal_JNL_10off_20on_20off,338,33.711,22820700,4.3730066063599224
csuEx72_bluelightbasal_JNL_10off_20on_20off,339,33.811,22831400,4.421944245025171
csuEx72_bluelightbasal_JNL_10off_20on_20off,340,33.911,22808300,4.3162938288413155
csuEx72_bluelightbasal_JNL_10off_20on_20off,341,34.011,22873700,4.615407994141062
csuEx72_bluelightbasal_JNL_10off_20on_20off,342,34.111,23076200,5.541564239908628
csuEx72_bluelightbasal_JNL_10off_20on_20off,343,34.211,22852900,4.520276883464691
csuEx72_bluelightbasal_JNL_10off_20on_20off,344,34.311,22681900,3.738189387038746
csuEx72_bluelightbasal_JNL_10off_20on_20off,345,34.411,22829700,4.414169106171814
csuEx72_bluelightbasal_JNL_10off_20on_20off,346,34.511,22730900,3.962296330459046
csuEx72_bluelightbasal_JNL_10off_20on_20off,347,34.611,23140600,5.836104794118165
csuEx72_bluelightbasal_JNL_10off_20on_20off,348,34.711,22932500,4.884336326245422
csuEx72_bluelightbasal_JNL_10off_20on_20off,349,34.811,22846099.999999996,4.4891763280512444
csuEx72_bluelightbasal_JNL_10off_20on_20off,350,34.911,22897800,4.725632021415128
csuEx72_bluelightbasal_JNL_10off_20on_20off,351,35.011,22850500,4.509300216848186
csuEx72_bluelightbasal_JNL_10off_20on_20off,352,35.111,22801500,4.285193273427886
csuEx72_bluelightbasal_JNL_10off_20on_20off,353,35.211,22878200,4.635989244047009
csuEx72_bluelightbasal_JNL_10off_20on_20off,354,35.311,22823800,4.387184800739574
csuEx72_bluelightbasal_JNL_10off_20on_20off,355,35.411,22816200.000000004,4.352425356453993
csuEx72_bluelightbasal_JNL_10off_20on_20off,356,35.511,22892500,4.701391882637014
csuEx72_bluelightbasal_JNL_10off_20on_20off,357,35.611,22719999.999999996,3.912443969575737
csuEx72_bluelightbasal_JNL_10off_20on_20off,358,35.711,22555400,3.159627584127156
csuEx72_bluelightbasal_JNL_10off_20on_20off,359,35.811,22766700.000000004,4.126031607488588
csuEx72_bluelightbasal_JNL_10off_20on_20off,360,35.911,22518300,2.989946612680357
csuEx72_bluelightbasal_JNL_10off_20on_20off,361,36.011,22716599.999999996,3.896893691869023
csuEx72_bluelightbasal_JNL_10off_20on_20off,362,36.111,22848099.999999996,4.498323550231664
csuEx72_bluelightbasal_JNL_10off_20on_20off,363,36.211,22806099.999999996,4.306231884442836
csuEx72_bluelightbasal_JNL_10off_20on_20off,364,36.311,22853500.000000004,4.5230210501188335
csuEx72_bluelightbasal_JNL_10off_20on_20off,365,36.411,22596599.999999996,3.348060361043799
csuEx72_bluelightbasal_JNL_10off_20on_20off,366,36.511,22682900,3.742762998128956
csuEx72_bluelightbasal_JNL_10off_20on_20off,367,36.611,22776100,4.169023551736547
csuEx72_bluelightbasal_JNL_10off_20on_20off,368,36.711,22827799.999999996,4.4054792451003975
csuEx72_bluelightbasal_JNL_10off_20on_20off,369,36.811,22674599.999999996,3.7048020260801944
csuEx72_bluelightbasal_JNL_10off_20on_20off,370,36.911,22589500,3.315587722303323
csuEx72_bluelightbasal_JNL_10off_20on_20off,371,37.011,22780100,4.187317996097387
csuEx72_bluelightbasal_JNL_10off_20on_20off,372,37.111,22575700,3.252471889258423
csuEx72_bluelightbasal_JNL_10off_20on_20off,373,37.211,22647900,3.5826866099715993
csuEx72_bluelightbasal_JNL_10off_20on_20off,374,37.311,22776000,4.1685661906275255
csuEx72_bluelightbasal_JNL_10off_20on_20off,375,37.411,22695000,3.7981036923204994
csuEx72_bluelightbasal_JNL_10off_20on_20off,376,37.511,23073400,5.5287581288560395
csuEx72_bluelightbasal_JNL_10off_20on_20off,377,37.611,22923800,4.844545909760593
csuEx72_bluelightbasal_JNL_10off_20on_20off,378,37.711,22709900,3.8662504975646312
csuEx72_bluelightbasal_JNL_10off_20on_20off,379,37.811,22783000.000000004,4.200581468259014
csuEx72_bluelightbasal_JNL_10off_20on_20off,380,37.911,22820400,4.371634523032859
csuEx72_bluelightbasal_JNL_10off_20on_20off,381,38.011,22834300,4.435207717186781
csuEx72_bluelightbasal_JNL_10off_20on_20off,382,38.111,22953100,4.978552714703753
csuEx72_bluelightbasal_JNL_10off_20on_20off,383,38.211,22709000,3.8621342475834424
csuEx72_bluelightbasal_JNL_10off_20on_20off,384,38.311,22713199.999999996,3.881343414162308
csuEx72_bluelightbasal_JNL_10off_20on_20off,385,38.411,22616700,3.4399899439570407
csuEx72_bluelightbasal_JNL_10off_20on_20off,386,38.511,22760700,4.09858994094731
csuEx72_bluelightbasal_JNL_10off_20on_20off,387,38.611,22916500.000000004,4.8111585488020765
csuEx72_bluelightbasal_JNL_10off_20on_20off,388,38.711,22614899.999999996,3.4317574439946457
csuEx72_bluelightbasal_JNL_10off_20on_20off,389,38.811,22705500,3.846126608767707
csuEx72_bluelightbasal_JNL_10off_20on_20off,390,38.911,22606600,3.393796471945918
csuEx72_bluelightbasal_JNL_10off_20on_20off,391,39.011,22644800,3.568508415591948
csuEx72_bluelightbasal_JNL_10off_20on_20off,392,39.111,22531500.000000004,3.050318279071149
csuEx72_bluelightbasal_JNL_10off_20on_20off,393,39.211,22802300,4.288852162300054
csuEx72_bluelightbasal_JNL_10off_20on_20off,394,39.311,22654899.999999996,3.6147018876030534
csuEx72_bluelightbasal_JNL_10off_20on_20off,395,39.411,22567300,3.2140535561006573
csuEx72_bluelightbasal_JNL_10off_20on_20off,396,39.511,22545900,3.1161782787701586
csuEx72_bluelightbasal_JNL_10off_20on_20off,397,39.611,22616400,3.4386178606299778
csuEx72_bluelightbasal_JNL_10off_20on_20off,398,39.711,22546600,3.119379806533306
csuEx72_bluelightbasal_JNL_10off_20on_20off,399,39.811,22722100,3.922048552865196
csuEx72_bluelightbasal_JNL_10off_20on_20off,400,39.911,22653200,3.6069267487497134
csuEx72_bluelightbasal_JNL_10off_20on_20off,401,40.011,22628400,3.4935011937125005
csuEx72_bluelightbasal_JNL_10off_20on_20off,402,40.111,22579300,3.268936889183179
csuEx72_bluelightbasal_JNL_10off_20on_20off,403,40.211,22790800,4.236255634762637
csuEx72_bluelightbasal_JNL_10off_20on_20off,404,40.311,22601600,3.370928416494867
csuEx72_bluelightbasal_JNL_10off_20on_20off,405,40.411,22556400,3.1642011952173656
csuEx72_bluelightbasal_JNL_10off_20on_20off,406,40.511,22512200,2.962047585030075
csuEx72_bluelightbasal_JNL_10off_20on_20off,407,40.611,22620700,3.4582843883178818
csuEx72_bluelightbasal_JNL_10off_20on_20off,408,40.711,22522500,3.00915577925924
csuEx72_bluelightbasal_JNL_10off_20on_20off,409,40.811,22549700,3.1335580009129576
csuEx72_bluelightbasal_JNL_10off_20on_20off,410,40.911,22666100,3.6659263318134245
csuEx72_bluelightbasal_JNL_10off_20on_20off,411,41.011,22527800,3.0333959180373538
csuEx72_bluelightbasal_JNL_10off_20on_20off,412,41.111,22639400,3.5438109157048125
csuEx72_bluelightbasal_JNL_10off_20on_20off,413,41.211,22510200,2.9529003628496544
csuEx72_bluelightbasal_JNL_10off_20on_20off,414,41.311,22707400,3.8548164698391063
csuEx72_bluelightbasal_JNL_10off_20on_20off,415,41.416,22612500,3.420780777378158
csuEx72_bluelightbasal_JNL_10off_20on_20off,416,41.516,22559000,3.1760925840519123
csuEx72_bluelightbasal_JNL_10off_20on_20off,417,41.616,22434800,2.6080500866478054
csuEx72_bluelightbasal_JNL_10off_20on_20off,418,41.716,22523000,3.011442584804345
csuEx72_bluelightbasal_JNL_10off_20on_20off,419,41.816,22552300,3.1454493897475038
csuEx72_bluelightbasal_JNL_10off_20on_20off,420,41.916,22599700,3.3622385554234677
csuEx72_bluelightbasal_JNL_10off_20on_20off,421,42.016,22428800,2.580608420106544
csuEx72_bluelightbasal_JNL_10off_20on_20off,422,42.116,22514300,2.9716521683195163
csuEx72_bluelightbasal_JNL_10off_20on_20off,423,42.216,22489200,2.8568545299552404
csuEx72_bluelightbasal_JNL_10off_20on_20off,424,42.316,22522300,3.008241057041198
csuEx72_bluelightbasal_JNL_10off_20on_20off,425,42.416,22464200,2.7425142526999853
csuEx72_bluelightbasal_JNL_10off_20on_20off,426,42.516,22652400,3.603267859877545
csuEx72_bluelightbasal_JNL_10off_20on_20off,427,42.616,22500900,2.9103657797106997
csuEx72_bluelightbasal_JNL_10off_20on_20off,428,42.716,22479000,2.8102036968350963
csuEx72_bluelightbasal_JNL_10off_20on_20off,429,42.816,22383600,2.373881198829043
csuEx72_bluelightbasal_JNL_10off_20on_20off,430,42.916,22282099.999999996,1.909659673172691
csuEx72_bluelightbasal_JNL_10off_20on_20off,431,43.016,22452800,2.690375086271589
csuEx72_bluelightbasal_JNL_10off_20on_20off,432,43.116,22298000,1.98238008950705
csuEx72_bluelightbasal_JNL_10off_20on_20off,433,43.216,22462100,2.732909669410544
csuEx72_bluelightbasal_JNL_10off_20on_20off,434,43.316,22663700.000000004,3.6549496651969373
csuEx72_bluelightbasal_JNL_10off_20on_20off,435,43.416,22424000,2.5586550868735354
csuEx72_bluelightbasal_JNL_10off_20on_20off,436,43.516,22432800,2.598902864467385
csuEx72_bluelightbasal_JNL_10off_20on_20off,437,43.616,22473600,2.7855061969479613
csuEx72_bluelightbasal_JNL_10off_20on_20off,438,43.716,22513100,2.966163835011264
csuEx72_bluelightbasal_JNL_10off_20on_20off,439,43.816,22284200,1.9192642564621492
csuEx72_bluelightbasal_JNL_10off_20on_20off,440,43.916,22363500,2.281951615915818
csuEx72_bluelightbasal_JNL_10off_20on_20off,441,44.016,22296200,1.9741475895446714
csuEx72_bluelightbasal_JNL_10off_20on_20off,442,44.116,22330400,2.13056508882986
csuEx72_bluelightbasal_JNL_10off_20on_20off,443,44.216,22253800,1.7802264793197593
csuEx72_bluelightbasal_JNL_10off_20on_20off,444,44.316,22356100,2.2481068938482625
csuEx72_bluelightbasal_JNL_10off_20on_20off,445,44.416,22430100,2.5865541145238176
csuEx72_bluelightbasal_JNL_10off_20on_20off,446,44.516,22343799.999999996,2.19185147743866
csuEx72_bluelightbasal_JNL_10off_20on_20off,447,44.616,22145600,1.2853617593590154
csuEx72_bluelightbasal_JNL_10off_20on_20off,448,44.716,22340600,2.1772159219500047
csuEx72_bluelightbasal_JNL_10off_20on_20off,449,44.816,22220000,1.625638424470654
csuEx72_bluelightbasal_JNL_10off_20on_20off,450,44.916,22280500,1.9023418954283715
csuEx72_bluelightbasal_JNL_10off_20on_20off,451,45.016,22139900,1.2592921761448173
csuEx72_bluelightbasal_JNL_10off_20on_20off,452,45.116,22043800,0.819768150375617
csuEx72_bluelightbasal_JNL_10off_20on_20off,453,45.216,22247700,1.752327451669477
csuEx72_bluelightbasal_JNL_10off_20on_20off,454,45.316,22232599.999999996,1.6832659242072858
csuEx72_bluelightbasal_JNL_10off_20on_20off,455,45.416,22361700,2.2737191159534396
csuEx72_bluelightbasal_JNL_10off_20on_20off,456,45.516,22471199.999999996,2.77452953033144
csuEx72_bluelightbasal_JNL_10off_20on_20off,457,45.616,22297800,1.981465367289008
csuEx72_bluelightbasal_JNL_10off_20on_20off,458,45.716,22218100,1.616948563399255
csuEx72_bluelightbasal_JNL_10off_20on_20off,459,45.816,22274700,1.8758149511051523
csuEx72_bluelightbasal_JNL_10off_20on_20off,460,45.916,22323900,2.100836616743494
csuEx72_bluelightbasal_JNL_10off_20on_20off,461,46.016,22202400,1.545142869282955
csuEx72_bluelightbasal_JNL_10off_20on_20off,462,46.116,22292000,1.954938422965789
csuEx72_bluelightbasal_JNL_10off_20on_20off,463,46.216,22274300,1.8739855066690685
csuEx72_bluelightbasal_JNL_10off_20on_20off,464,46.316,22197800,1.524104258267988
csuEx72_bluelightbasal_JNL_10off_20on_20off,465,46.416,22218400,1.6183206467263183
csuEx72_bluelightbasal_JNL_10off_20on_20off,466,46.516,22187700,1.4779107862568648
csuEx72_bluelightbasal_JNL_10off_20on_20off,467,46.616,21985199.999999996,0.5517545404892823
csuEx72_bluelightbasal_JNL_10off_20on_20off,468,46.716,22032700,0.7690010672742837
csuEx72_bluelightbasal_JNL_10off_20on_20off,469,46.816,22191500,1.4952905083996637
csuEx72_bluelightbasal_JNL_10off_20on_20off,470,46.916,22228000,1.6622273131923362
csuEx72_bluelightbasal_JNL_10off_20on_20off,471,47.016,22075500,0.9647516219352803
csuEx72_bluelightbasal_JNL_10off_20on_20off,472,47.116,22214999.999999996,1.6027703690195862
csuEx72_bluelightbasal_JNL_10off_20on_20off,473,47.216,22042200,0.8124503726312806
csuEx72_bluelightbasal_JNL_10off_20on_20off,474,47.316,21960500,0.4387863465611074
csuEx72_bluelightbasal_JNL_10off_20on_20off,475,47.416,22246300,1.7459243961431825
csuEx72_bluelightbasal_JNL_10off_20on_20off,476,47.516,22082000,0.9944800940216467
csuEx72_bluelightbasal_JNL_10off_20on_20off,477,47.616,22220500,1.6279252300157594
csuEx72_bluelightbasal_JNL_10off_20on_20off,478,47.716,22245300,1.7413507850529726
csuEx72_bluelightbasal_JNL_10off_20on_20off,479,47.816,22136000,1.2414550928929975
csuEx72_bluelightbasal_JNL_10off_20on_20off,480,47.916,22073200,0.9542323164277969
csuEx72_bluelightbasal_JNL_10off_20on_20off,481,48.016,22111800,1.1307737045099107
csuEx72_bluelightbasal_JNL_10off_20on_20off,482,48.116,22158900,1.3461907868588112
csuEx72_bluelightbasal_JNL_10off_20on_20off,483,48.216,22022200,0.7209781508270767
csuEx72_bluelightbasal_JNL_10off_20on_20off,484,48.316,22126800.000000004,1.1993778708630807
csuEx72_bluelightbasal_JNL_10off_20on_20off,485,48.416,22130800,1.2176723152239044
csuEx72_bluelightbasal_JNL_10off_20on_20off,486,48.516,22393900.000000004,2.420989393058225
csuEx72_bluelightbasal_JNL_10off_20on_20off,487,48.616,22333100,2.142913838773428
csuEx72_bluelightbasal_JNL_10off_20on_20off,488,48.716,22181600,1.4500117586065826
csuEx72_bluelightbasal_JNL_10off_20on_20off,489,48.816,22372200.000000004,2.321742032400664
csuEx72_bluelightbasal_JNL_10off_20on_20off,490,48.916,22272200,1.8643809233796267
csuEx72_bluelightbasal_JNL_10off_20on_20off,491,49.016,22170200.000000004,1.3978725921782034
csuEx72_bluelightbasal_JNL_10off_20on_20off,492,49.116,22012700,0.6775288454700797
csuEx72_bluelightbasal_JNL_10off_20on_20off,493,49.216,22030500,0.7589391228758213
csuEx72_bluelightbasal_JNL_10off_20on_20off,494,49.316,22077000,0.9716120385705956
csuEx72_bluelightbasal_JNL_10off_20on_20off,495,49.416,22005800,0.6459709289476294
csuEx72_bluelightbasal_JNL_10off_20on_20off,496,49.516,21948700,0.384817735696627
csuEx72_bluelightbasal_JNL_10off_20on_20off,497,49.616,22154800,1.3274389813889493
csuEx72_bluelightbasal_JNL_10off_20on_20off,498,49.716,21986100,0.5558707904704885
csuEx72_bluelightbasal_JNL_10off_20on_20off,499,49.816,22032100,0.7662569006201577
csuEx72_bluelightbasal_JNL_10off_20on_20off,500,49.916,22005200,0.6432267622935033
csuEx72_bluelightbasal_JNL_10off_20on_20off,501,50.016,22001100,0.6244749568236414
csuEx72_bluelightbasal_JNL_10off_20on_20off,502,50.116,21863400,-0.005311290298303124
csuEx72_bluelightbasal_JNL_10off_20on_20off,503,50.216,21909800,0.20690426428745015
csuEx72_bluelightbasal_JNL_10off_20on_20off,504,50.316,21836000.000000004,-0.1306282341700456
csuEx72_bluelightbasal_JNL_10off_20on_20off,505,50.416,21863200,-0.006226012516345164
csuEx72_bluelightbasal_JNL_10off_20on_20off,506,50.516,21950200,0.39167815233194225
csuEx72_bluelightbasal_JNL_10off_20on_20off,507,50.616,21934600,0.32032981932466315
csuEx72_bluelightbasal_JNL_10off_20on_20off,508,50.716,21884500,0.09119190370513211
csuEx72_bluelightbasal_JNL_10off_20on_20off,509,50.816,21931200,0.30477954161794846
csuEx72_bluelightbasal_JNL_10off_20on_20off,510,50.916,22135800,1.2405403706749556
csuEx72_bluelightbasal_JNL_10off_20on_20off,511,51.016,21773500,-0.4164789273082002
csuEx72_bluelightbasal_JNL_10off_20on_20off,512,51.116,21944900,0.3674380135538282
csuEx72_bluelightbasal_JNL_10off_20on_20off,513,51.216,22064100,0.9126124555068841
csuEx72_bluelightbasal_JNL_10off_20on_20off,514,51.316,22006000,0.6468856511656714
csuEx72_bluelightbasal_JNL_10off_20on_20off,515,51.412,22044800.000000004,0.8243417614658444
csuEx72_bluelightbasal_JNL_10off_20on_20off,516,51.512,22022300,0.7214355119360977
csuEx72_bluelightbasal_JNL_10off_20on_20off,517,51.612,21883499.999999996,0.08661829261490486
csuEx72_bluelightbasal_JNL_10off_20on_20off,518,51.712,21966700,0.46714273532041056
csuEx72_bluelightbasal_JNL_10off_20on_20off,519,51.812,21912100,0.21742356979493363
csuEx72_bluelightbasal_JNL_10off_20on_20off,520,51.912,21957399.999999996,0.42460815218143866
csuEx72_bluelightbasal_JNL_10off_20on_20off,521,52.012,21964600,0.4575381520309692
csuEx72_bluelightbasal_JNL_10off_20on_20off,522,52.112,21933500,0.31529884712543194
csuEx72_bluelightbasal_JNL_10off_20on_20off,523,52.212,21901200,0.16757120891164246
csuEx72_bluelightbasal_JNL_10off_20on_20off,524,52.312,21734900,-0.5930203153903139
csuEx72_bluelightbasal_JNL_10off_20on_20off,525,52.412,21759300,-0.481424204789185
csuEx72_bluelightbasal_JNL_10off_20on_20off,526,52.512,22015200,0.6889628731956053
csuEx72_bluelightbasal_JNL_10off_20on_20off,527,52.612,21833900,-0.14023281745950406
csuEx72_bluelightbasal_JNL_10off_20on_20off,528,52.712,21795500,-0.3158594833235758
csuEx72_bluelightbasal_JNL_10off_20on_20off,529,52.812,21669200,-0.8935065640171241
csuEx72_bluelightbasal_JNL_10off_20on_20off,530,52.912,21812200,-0.2394801781170654
csuEx72_bluelightbasal_JNL_10off_20on_20off,531,53.012,21899700.000000004,0.1607107922763442
csuEx72_bluelightbasal_JNL_10off_20on_20off,532,53.112,22045900,0.8293727336650585
csuEx72_bluelightbasal_JNL_10off_20on_20off,533,53.212,21934900,0.3217019026517262
csuEx72_bluelightbasal_JNL_10off_20on_20off,534,53.312,21700499.999999996,-0.7503525368935617
csuEx72_bluelightbasal_JNL_10off_20on_20off,535,53.412,21830100,-0.15761253960230281
csuEx72_bluelightbasal_JNL_10off_20on_20off,536,53.512,21725100,-0.6378417040743738
csuEx72_bluelightbasal_JNL_10off_20on_20off,537,53.612,21697500,-0.7640733701641753
csuEx72_bluelightbasal_JNL_10off_20on_20off,538,53.712,21722300,-0.6506478151269623
csuEx72_bluelightbasal_JNL_10off_20on_20off,539,53.812,21794100,-0.32226253884987
csuEx72_bluelightbasal_JNL_10off_20on_20off,540,53.912,21833100,-0.1438917063316722
csuEx72_bluelightbasal_JNL_10off_20on_20off,541,54.012,21956600,0.42094926330928756
csuEx72_bluelightbasal_JNL_10off_20on_20off,542,54.112,21905000,0.18495093105444121
csuEx72_bluelightbasal_JNL_10off_20on_20off,543,54.212,21835900,-0.13108559527908364
csuEx72_bluelightbasal_JNL_10off_20on_20off,544,54.312,21870700,0.02807607066023134
csuEx72_bluelightbasal_JNL_10off_20on_20off,545,54.412,21917399.999999996,0.24166370857303066
csuEx72_bluelightbasal_JNL_10off_20on_20off,546,54.512,21827200.000000004,-0.17087601176389533
csuEx72_bluelightbasal_JNL_10off_20on_20off,547,54.612,21655100,-0.957994480389088
csuEx72_bluelightbasal_JNL_10off_20on_20off,548,54.712,21888100,0.10765690362988882
csuEx72_bluelightbasal_JNL_10off_20on_20off,549,54.812,21763100,-0.4640444826463862
csuEx72_bluelightbasal_JNL_10off_20on_20off,550,54.912,21883100,0.08478884817883783
csuEx72_bluelightbasal_JNL_10off_20on_20off,551,55.012,21740900,-0.5655786488490527
csuEx72_bluelightbasal_JNL_10off_20on_20off,552,55.112,21675800,-0.8633207308217367
csuEx72_bluelightbasal_JNL_10off_20on_20off,553,55.212,21628300,-1.0805672576067211
csuEx72_bluelightbasal_JNL_10off_20on_20off,554,55.312,21589200,-1.25939545123394
csuEx72_bluelightbasal_JNL_10off_20on_20off,555,55.412,21845200,-0.08855101214012877
csuEx72_bluelightbasal_JNL_10off_20on_20off,556,55.512,21756900,-0.4924008714056895
csuEx72_bluelightbasal_JNL_10off_20on_20off,557,55.612,21762800.000000004,-0.4654165659734323
csuEx72_bluelightbasal_JNL_10off_20on_20off,558,55.712,21926500,0.2832835694939605
csuEx72_bluelightbasal_JNL_10off_20on_20off,559,55.812,21709900.000000004,-0.7073605926455518
csuEx72_bluelightbasal_JNL_10off_20on_20off,560,55.912,21828599.999999996,-0.16447295623763514
csuEx72_bluelightbasal_JNL_10off_20on_20off,561,56.012,21668300,-0.8976228139983132
csuEx72_bluelightbasal_JNL_10off_20on_20off,562,56.112,21771400,-0.42608351059764155
csuEx72_bluelightbasal_JNL_10off_20on_20off,563,56.212,21815400,-0.22484462262839278
csuEx72_bluelightbasal_JNL_10off_20on_20off,564,56.312,21709800,-0.7078179537545899
csuEx72_bluelightbasal_JNL_10off_20on_20off,565,56.412,21692200,-0.7883135089422894
csuEx72_bluelightbasal_JNL_10off_20on_20off,566,56.512,21831500,-0.1512094840760085
csuEx72_bluelightbasal_JNL_10off_20on_20off,567,56.612,21682700,-0.8317628142992863
csuEx72_bluelightbasal_JNL_10off_20on_20off,568,56.712,22012700,0.6775288454700797
csuEx72_bluelightbasal_JNL_10off_20on_20off,569,56.812,21743100.000000004,-0.5555167044505732
csuEx72_bluelightbasal_JNL_10off_20on_20off,570,56.912,21897700.000000004,0.15156357009592378
csuEx72_bluelightbasal_JNL_10off_20on_20off,571,57.012,21682200,-0.8340496198443915
csuEx72_bluelightbasal_JNL_10off_20on_20off,572,57.112,21706200,-0.7242829536793467
csuEx72_bluelightbasal_JNL_10off_20on_20off,573,57.212,21694600,-0.777336842325785
csuEx72_bluelightbasal_JNL_10off_20on_20off,574,57.312,21590600.000000004,-1.2529923957076288
csuEx72_bluelightbasal_JNL_10off_20on_20off,575,57.412,21703100,-0.7384611480589983
csuEx72_bluelightbasal_JNL_10off_20on_20off,576,57.512,21722300,-0.6506478151269623
csuEx72_bluelightbasal_JNL_10off_20on_20off,577,57.612,21825700,-0.17773642839922768
csuEx72_bluelightbasal_JNL_10off_20on_20off,578,57.712,21708800,-0.7123915648448
csuEx72_bluelightbasal_JNL_10off_20on_20off,579,57.812,21790000,-0.3410143443197318
csuEx72_bluelightbasal_JNL_10off_20on_20off,580,57.912,21656200,-0.9529635081898566
csuEx72_bluelightbasal_JNL_10off_20on_20off,581,58.012,21672500,-0.8784136474194303
csuEx72_bluelightbasal_JNL_10off_20on_20off,582,58.112,21692600,-0.7864840645062053
csuEx72_bluelightbasal_JNL_10off_20on_20off,583,58.212,21519300,-1.5790908664396333
csuEx72_bluelightbasal_JNL_10off_20on_20off,584,58.312,21575100,-1.3238833676059039
csuEx72_bluelightbasal_JNL_10off_20on_20off,585,58.412,21565599.999999996,-1.3673326729629178
csuEx72_bluelightbasal_JNL_10off_20on_20off,586,58.512,21634300,-1.05312559106546
csuEx72_bluelightbasal_JNL_10off_20on_20off,587,58.612,21847800,-0.07665962330558225
csuEx72_bluelightbasal_JNL_10off_20on_20off,588,58.712,21682700,-0.8317628142992863
csuEx72_bluelightbasal_JNL_10off_20on_20off,589,58.812,21380499.999999996,-2.213908085760826
csuEx72_bluelightbasal_JNL_10off_20on_20off,590,58.912,21555700,-1.4126114227559818
csuEx72_bluelightbasal_JNL_10off_20on_20off,591,59.012,21616800,-1.1331637851441387
csuEx72_bluelightbasal_JNL_10off_20on_20off,592,59.112,21593400,-1.2401862846550573
csuEx72_bluelightbasal_JNL_10off_20on_20off,593,59.212,21677399.999999996,-0.8560029530774175
csuEx72_bluelightbasal_JNL_10off_20on_20off,594,59.312,21671700,-0.8820725362915985
csuEx72_bluelightbasal_JNL_10off_20on_20off,595,59.412,21498700,-1.673307254897963
csuEx72_bluelightbasal_JNL_10off_20on_20off,596,59.512,21614500,-1.143683090651622
csuEx72_bluelightbasal_JNL_10off_20on_20off,597,59.612,21656500,-0.9515914248627936
csuEx72_bluelightbasal_JNL_10off_20on_20off,598,59.712,21550200,-1.4377662837521379
csuEx72_bluelightbasal_JNL_10off_20on_20off,599,59.812,21478400,-1.7661515600292303
csuEx72_bluelightbasal_JNL_10off_20on_20off,600,59.912,21389200,-2.1741176692759803
