stim_jnl,frame,time_s,fluor,dff
csuEx72_NaAc_2.5M_JNL_10off_20on_20off,2,0.1,433409000,4.953360802357768
csuEx72_NaAc_2.5M_JNL_10off_20on_20off,3,0.2,433333000,4.9349568111601245
csuEx72_NaAc_2.5M_JNL_10off_20on_20off,4,0.3,433158000,4.892579199849763
csuEx72_NaAc_2.5M_JNL_10off_20on_20off,5,0.4,431811000,4.566392671649434
csuEx72_NaAc_2.5M_JNL_10off_20on_20off,6,0.5,430825000,4.32762510163791
csuEx72_NaAc_2.5M_JNL_10off_20on_20off,7,0.6,430109000.00000006,4.154240131933816
csuEx72_NaAc_2.5M_JNL_10off_20on_20off,8,0.701,428763999.99999994,3.828537919291292
csuEx72_NaAc_2.5M_JNL_10off_20on_20off,9,0.801,428226999.99999994,3.6984991920132098
csuEx72_NaAc_2.5M_JNL_10off_20on_20off,10,0.901,427518000,3.52680932676153
csuEx72_NaAc_2.5M_JNL_10off_20on_20off,11,1,425940000,3.144684351631524
csuEx72_NaAc_2.5M_JNL_10off_20on_20off,12,1.1,425518000,3.042493768928823
csuEx72_NaAc_2.5M_JNL_10off_20on_20off,13,1.2,424773000,2.8620862236361404
csuEx72_NaAc_2.5M_JNL_10off_20on_20off,14,1.301,423304000,2.506356446408017
csuEx72_NaAc_2.5M_JNL_10off_20on_20off,15,1.4,423015000,2.436372848301191
csuEx72_NaAc_2.5M_JNL_10off_20on_20off,16,1.5,422714000.00000006,2.363483356847383
csuEx72_NaAc_2.5M_JNL_10off_20on_20off,17,1.6,421237999.99999994,2.006058475166817
csuEx72_NaAc_2.5M_JNL_10off_20on_20off,18,1.7,420378000,1.7978027852987675
csuEx72_NaAc_2.5M_JNL_10off_20on_20off,19,1.8,418648000.00000006,1.3788698277734905
csuEx72_NaAc_2.5M_JNL_10off_20on_20off,20,1.9,418465000.00000006,1.334554954231798
csuEx72_NaAc_2.5M_JNL_10off_20on_20off,21,2,416744000,0.9178014167167394
csuEx72_NaAc_2.5M_JNL_10off_20on_20off,22,2.1,416690999.99999994,0.9049670544341584
csuEx72_NaAc_2.5M_JNL_10off_20on_20off,23,2.2,416453000,0.8473335030520807
csuEx72_NaAc_2.5M_JNL_10off_20on_20off,24,2.301,413776000,0.19907712889300294
csuEx72_NaAc_2.5M_JNL_10off_20on_20off,25,2.401,413206999.99999994,0.061289352689583465
csuEx72_NaAc_2.5M_JNL_10off_20on_20off,26,2.501,413197000,0.05886777490043436
csuEx72_NaAc_2.5M_JNL_10off_20on_20off,27,2.6,411942000,-0.24504023763958901
csuEx72_NaAc_2.5M_JNL_10off_20on_20off,28,2.7,411233000,-0.4167301028912835
csuEx72_NaAc_2.5M_JNL_10off_20on_20off,29,2.8,410134000.00000006,-0.6828615019203413
csuEx72_NaAc_2.5M_JNL_10off_20on_20off,30,2.9,409079000,-0.9383379586771086
csuEx72_NaAc_2.5M_JNL_10off_20on_20off,31,3,408643999.99999994,-1.0436765925057367
csuEx72_NaAc_2.5M_JNL_10off_20on_20off,32,3.101,407975000,-1.2056801466007625
csuEx72_NaAc_2.5M_JNL_10off_20on_20off,33,3.2,406820999.99999994,-1.4851302234702486
csuEx72_NaAc_2.5M_JNL_10off_20on_20off,34,3.301,405431000,-1.8217295361639654
csuEx72_NaAc_2.5M_JNL_10off_20on_20off,35,3.4,404155000,-2.130722862061232
csuEx72_NaAc_2.5M_JNL_10off_20on_20off,36,3.5,403904999.99999994,-2.191262306790335
csuEx72_NaAc_2.5M_JNL_10off_20on_20off,37,3.6,403451000,-2.301201938418345
csuEx72_NaAc_2.5M_JNL_10off_20on_20off,38,3.7,402382000,-2.5600686040799263
csuEx72_NaAc_2.5M_JNL_10off_20on_20off,39,3.8,401835000,-2.6925289091471716
csuEx72_NaAc_2.5M_JNL_10off_20on_20off,40,3.9,400321000,-3.0591557864265306
csuEx72_NaAc_2.5M_JNL_10off_20on_20off,41,4,400202000,-3.0879725621175766
csuEx72_NaAc_2.5M_JNL_10off_20on_20off,42,4.1,399644000,-3.223096602752902
csuEx72_NaAc_2.5M_JNL_10off_20on_20off,43,4.2,397602000,-3.717582787300095
csuEx72_NaAc_2.5M_JNL_10off_20on_20off,44,4.3,397579000,-3.723152416215172
csuEx72_NaAc_2.5M_JNL_10off_20on_20off,45,4.401,396714000,-3.932618894977817
csuEx72_NaAc_2.5M_JNL_10off_20on_20off,46,4.501,396312000,-4.029966322102191
csuEx72_NaAc_2.5M_JNL_10off_20on_20off,47,4.601,395426000,-4.24451811422208
csuEx72_NaAc_2.5M_JNL_10off_20on_20off,48,4.701,394628000,-4.43776002179733
csuEx72_NaAc_2.5M_JNL_10off_20on_20off,49,4.8,393393000,-4.736824878759027
csuEx72_NaAc_2.5M_JNL_10off_20on_20off,50,4.9,392489000,-4.95573551089941
csuEx72_NaAc_2.5M_JNL_10off_20on_20off,51,5,392183000,-5.029835791247813
csuEx72_NaAc_2.5M_JNL_10off_20on_20off,52,5.101,391236000,-5.2591592078816
csuEx72_NaAc_2.5M_JNL_10off_20on_20off,53,5.2,389935000,-5.574206478251776
csuEx72_NaAc_2.5M_JNL_10off_20on_20off,54,5.3,390667000,-5.396946984085005
csuEx72_NaAc_2.5M_JNL_10off_20on_20off,55,5.4,388571000,-5.9045096886936825
csuEx72_NaAc_2.5M_JNL_10off_20on_20off,56,5.5,388560000,-5.907173424261762
csuEx72_NaAc_2.5M_JNL_10off_20on_20off,57,5.601,387690000,-6.1178506919189894
csuEx72_NaAc_2.5M_JNL_10off_20on_20off,58,5.701,386570000,-6.3890674043053055
csuEx72_NaAc_2.5M_JNL_10off_20on_20off,59,5.8,385919000,-6.546712118379851
csuEx72_NaAc_2.5M_JNL_10off_20on_20off,60,5.9,385046000,-6.758115859373827
csuEx72_NaAc_2.5M_JNL_10off_20on_20off,61,6,384219000,-6.958380342537652
csuEx72_NaAc_2.5M_JNL_10off_20on_20off,62,6.1,383436000,-7.147989883429156
csuEx72_NaAc_2.5M_JNL_10off_20on_20off,63,6.2,382870000,-7.285051186295813
csuEx72_NaAc_2.5M_JNL_10off_20on_20off,64,6.3,382079000,-7.476597989418647
csuEx72_NaAc_2.5M_JNL_10off_20on_20off,65,6.4,381664000,-7.577093467668934
csuEx72_NaAc_2.5M_JNL_10off_20on_20off,66,6.5,380531000,-7.851458231181163
csuEx72_NaAc_2.5M_JNL_10off_20on_20off,67,6.6,380464000,-7.8676828023685585
csuEx72_NaAc_2.5M_JNL_10off_20on_20off,68,6.7,379276000,-8.155366243721186
csuEx72_NaAc_2.5M_JNL_10off_20on_20off,69,6.8,377821000,-8.507705812044481
csuEx72_NaAc_2.5M_JNL_10off_20on_20off,70,6.901,377319000,-8.629269017060489
csuEx72_NaAc_2.5M_JNL_10off_20on_20off,71,7.001,376604000,-8.802411828985681
csuEx72_NaAc_2.5M_JNL_10off_20on_20off,72,7.1,377054000,-8.693440828473323
csuEx72_NaAc_2.5M_JNL_10off_20on_20off,73,7.2,374279000,-9.365428664966204
csuEx72_NaAc_2.5M_JNL_10off_20on_20off,74,7.3,374194000,-9.386012076174094
csuEx72_NaAc_2.5M_JNL_10off_20on_20off,75,7.4,372592000,-9.773948837998091
csuEx72_NaAc_2.5M_JNL_10off_20on_20off,76,7.5,371305000,-10.085605899463438
csuEx72_NaAc_2.5M_JNL_10off_20on_20off,77,7.6,371433000,-10.054609703762145
csuEx72_NaAc_2.5M_JNL_10off_20on_20off,78,7.7,370303000,-10.328247993937625
csuEx72_NaAc_2.5M_JNL_10off_20on_20off,79,7.8,369347000,-10.559750830581658
csuEx72_NaAc_2.5M_JNL_10off_20on_20off,80,7.901,368510000,-10.762436891534644
csuEx72_NaAc_2.5M_JNL_10off_20on_20off,81,8.01,368031000,-10.878430467635578
csuEx72_NaAc_2.5M_JNL_10off_20on_20off,82,8.1,367331000,-11.047940912877026
csuEx72_NaAc_2.5M_JNL_10off_20on_20off,83,8.2,365184000,-11.567853664210437
csuEx72_NaAc_2.5M_JNL_10off_20on_20off,84,8.3,365420000,-11.510704428386177
csuEx72_NaAc_2.5M_JNL_10off_20on_20off,85,8.4,364521000,-11.728404271631979
csuEx72_NaAc_2.5M_JNL_10off_20on_20off,86,8.5,363227000,-12.04175643754974
csuEx72_NaAc_2.5M_JNL_10off_20on_20off,87,8.61,361662000,-12.420733361553832
csuEx72_NaAc_2.5M_JNL_10off_20on_20off,88,8.71,361676000,-12.417343152649005
csuEx72_NaAc_2.5M_JNL_10off_20on_20off,89,8.81,361413000,-12.481030648504005
csuEx72_NaAc_2.5M_JNL_10off_20on_20off,90,8.91,359322000,-12.9873825642181
csuEx72_NaAc_2.5M_JNL_10off_20on_20off,91,9.01,359322000,-12.9873825642181
csuEx72_NaAc_2.5M_JNL_10off_20on_20off,92,9.11,358513000,-13.183288207361429
csuEx72_NaAc_2.5M_JNL_10off_20on_20off,93,9.21,358061000,-13.292743523431621
csuEx72_NaAc_2.5M_JNL_10off_20on_20off,94,9.31,356994000,-13.55112587353537
csuEx72_NaAc_2.5M_JNL_10off_20on_20off,95,9.41,356596000,-13.647504669544078
csuEx72_NaAc_2.5M_JNL_10off_20on_20off,96,9.51,355644000,-13.878038875072447
csuEx72_NaAc_2.5M_JNL_10off_20on_20off,97,9.61,354824000,-14.076608253783856
csuEx72_NaAc_2.5M_JNL_10off_20on_20off,98,9.71,353904000,-14.299393410386902
csuEx72_NaAc_2.5M_JNL_10off_20on_20off,99,9.81,352587000,-14.618315205219739
csuEx72_NaAc_2.5M_JNL_10off_20on_20off,100,9.91,349990000,-15.247198957065509
csuEx72_NaAc_2.5M_JNL_10off_20on_20off,101,10.01,349395000,-15.39128283552074
csuEx72_NaAc_2.5M_JNL_10off_20on_20off,102,10.11,348315000,-15.6528132367504
csuEx72_NaAc_2.5M_JNL_10off_20on_20off,103,10.21,347641000,-15.816027579740021
csuEx72_NaAc_2.5M_JNL_10off_20on_20off,104,10.31,345707000,-16.284360724164248
csuEx72_NaAc_2.5M_JNL_10off_20on_20off,105,10.41,344916000,-16.475907527287085
csuEx72_NaAc_2.5M_JNL_10off_20on_20off,106,10.51,346455000,-16.10322670553482
csuEx72_NaAc_2.5M_JNL_10off_20on_20off,107,10.61,347542000,-15.840001199852741
csuEx72_NaAc_2.5M_JNL_10off_20on_20off,108,10.71,348693000,-15.56127759632002
csuEx72_NaAc_2.5M_JNL_10off_20on_20off,109,10.81,351006000,-15.001166653686493
csuEx72_NaAc_2.5M_JNL_10off_20on_20off,110,10.91,351498000,-14.882025026459647
csuEx72_NaAc_2.5M_JNL_10off_20on_20off,111,11.01,350555000,-15.11037981197777
csuEx72_NaAc_2.5M_JNL_10off_20on_20off,112,11.11,352774000,-14.57303170056238
csuEx72_NaAc_2.5M_JNL_10off_20on_20off,113,11.21,355794000,-13.841715208234994
csuEx72_NaAc_2.5M_JNL_10off_20on_20off,114,11.31,359685000,-12.899479290471463
csuEx72_NaAc_2.5M_JNL_10off_20on_20off,115,11.41,363313000,-12.020930868562933
csuEx72_NaAc_2.5M_JNL_10off_20on_20off,116,11.51,366403000,-11.272663331711403
csuEx72_NaAc_2.5M_JNL_10off_20on_20off,117,11.61,369545000,-10.51180359035622
csuEx72_NaAc_2.5M_JNL_10off_20on_20off,118,11.71,372257000,-9.85507169393507
csuEx72_NaAc_2.5M_JNL_10off_20on_20off,119,11.81,375065000,-9.17509265073795
csuEx72_NaAc_2.5M_JNL_10off_20on_20off,120,11.91,376647000,-8.791999044492279
csuEx72_NaAc_2.5M_JNL_10off_20on_20off,121,12.01,376894000,-8.73218607309994
csuEx72_NaAc_2.5M_JNL_10off_20on_20off,122,12.11,380403000,-7.882454426882456
csuEx72_NaAc_2.5M_JNL_10off_20on_20off,123,12.21,383165000,-7.2136146415154885
csuEx72_NaAc_2.5M_JNL_10off_20on_20off,124,12.31,385865000,-6.559788638441335
csuEx72_NaAc_2.5M_JNL_10off_20on_20off,125,12.41,388157000,-6.004763009165052
csuEx72_NaAc_2.5M_JNL_10off_20on_20off,126,12.51,390269000,-5.4933257800937145
csuEx72_NaAc_2.5M_JNL_10off_20on_20off,127,12.61,392145000,-5.039037786846635
csuEx72_NaAc_2.5M_JNL_10off_20on_20off,128,12.71,393989000,-4.59249884252488
csuEx72_NaAc_2.5M_JNL_10off_20on_20off,129,12.81,396002000,-4.1050352335662605
csuEx72_NaAc_2.5M_JNL_10off_20on_20off,130,12.91,398530000,-3.4928603684657196
csuEx72_NaAc_2.5M_JNL_10off_20on_20off,131,13.01,400502000,-3.015325228442671
csuEx72_NaAc_2.5M_JNL_10off_20on_20off,132,13.11,401668999.99999994,-2.732727100447301
csuEx72_NaAc_2.5M_JNL_10off_20on_20off,133,13.21,401459000,-2.7835802340197207
csuEx72_NaAc_2.5M_JNL_10off_20on_20off,134,13.31,402472000,-2.5382744039774545
csuEx72_NaAc_2.5M_JNL_10off_20on_20off,135,13.41,401782000.00000006,-2.705363271429724
csuEx72_NaAc_2.5M_JNL_10off_20on_20off,136,13.51,400946000,-2.90780717460381
csuEx72_NaAc_2.5M_JNL_10off_20on_20off,137,13.61,398692000,-3.4536308082812703
csuEx72_NaAc_2.5M_JNL_10off_20on_20off,138,13.71,399039000,-3.369602058997296
csuEx72_NaAc_2.5M_JNL_10off_20on_20off,139,13.81,399389000,-3.284846836376572
csuEx72_NaAc_2.5M_JNL_10off_20on_20off,140,13.91,400655000,-2.9782750882684685
csuEx72_NaAc_2.5M_JNL_10off_20on_20off,141,14.01,399797000,-3.1860464625786995
csuEx72_NaAc_2.5M_JNL_10off_20on_20off,142,14.11,399549000,-3.246101591749955
csuEx72_NaAc_2.5M_JNL_10off_20on_20off,143,14.21,398687000,-3.454841597175852
csuEx72_NaAc_2.5M_JNL_10off_20on_20off,144,14.31,399527000,-3.2514290628861153
csuEx72_NaAc_2.5M_JNL_10off_20on_20off,145,14.41,400354000,-3.051164579722291
csuEx72_NaAc_2.5M_JNL_10off_20on_20off,146,14.51,400096999.99999994,-3.1133991289038083
csuEx72_NaAc_2.5M_JNL_10off_20on_20off,147,14.61,400720000,-2.9625348326389056
csuEx72_NaAc_2.5M_JNL_10off_20on_20off,148,14.71,400623000.00000006,-2.9860241371937777
csuEx72_NaAc_2.5M_JNL_10off_20on_20off,149,14.81,400416000,-3.0361507974294772
csuEx72_NaAc_2.5M_JNL_10off_20on_20off,150,14.91,400155000,-3.0993539777266452
csuEx72_NaAc_2.5M_JNL_10off_20on_20off,151,15.01,399283000,-3.3105155609417056
csuEx72_NaAc_2.5M_JNL_10off_20on_20off,152,15.11,397578000,-3.7233945739940877
csuEx72_NaAc_2.5M_JNL_10off_20on_20off,153,15.21,396585000,-3.963857248458027
csuEx72_NaAc_2.5M_JNL_10off_20on_20off,154,15.31,395914000,-4.126345118110899
csuEx72_NaAc_2.5M_JNL_10off_20on_20off,155,15.41,395343000,-4.264617209872138
csuEx72_NaAc_2.5M_JNL_10off_20on_20off,156,15.51,395698000,-4.178651198356833
csuEx72_NaAc_2.5M_JNL_10off_20on_20off,157,15.61,396404000,-4.007687806441887
csuEx72_NaAc_2.5M_JNL_10off_20on_20off,158,15.71,396690000,-3.9384306816718095
csuEx72_NaAc_2.5M_JNL_10off_20on_20off,159,15.81,396333000,-4.024881008744948
csuEx72_NaAc_2.5M_JNL_10off_20on_20off,160,15.91,396454000,-3.995579917496069
csuEx72_NaAc_2.5M_JNL_10off_20on_20off,161,16.01,396669000,-3.943515995029053
csuEx72_NaAc_2.5M_JNL_10off_20on_20off,162,16.11,396050000,-4.093411660178275
csuEx72_NaAc_2.5M_JNL_10off_20on_20off,163,16.21,397071000,-3.8461685679046784
csuEx72_NaAc_2.5M_JNL_10off_20on_20off,164,16.31,395102000,-4.3229772345909785
csuEx72_NaAc_2.5M_JNL_10off_20on_20off,165,16.41,395998000,-4.1060038646819255
csuEx72_NaAc_2.5M_JNL_10off_20on_20off,166,16.51,395050000,-4.335569439094629
csuEx72_NaAc_2.5M_JNL_10off_20on_20off,167,16.61,394162000,-4.550605546772351
csuEx72_NaAc_2.5M_JNL_10off_20on_20off,168,16.71,391517000,-5.191112872006105
csuEx72_NaAc_2.5M_JNL_10off_20on_20off,169,16.81,391068000,-5.299841714739547
csuEx72_NaAc_2.5M_JNL_10off_20on_20off,170,16.91,389736000,-5.62239587625613
csuEx72_NaAc_2.5M_JNL_10off_20on_20off,171,17.01,389045000,-5.789726901487331
csuEx72_NaAc_2.5M_JNL_10off_20on_20off,172,17.11,388711000,-5.870607599645393
csuEx72_NaAc_2.5M_JNL_10off_20on_20off,173,17.21,387331000,-6.20478533454996
csuEx72_NaAc_2.5M_JNL_10off_20on_20off,174,17.31,386666000,-6.365820257529335
csuEx72_NaAc_2.5M_JNL_10off_20on_20off,175,17.41,386872000,-6.315935755072566
csuEx72_NaAc_2.5M_JNL_10off_20on_20off,176,17.51,385576000,-6.629772236548161
csuEx72_NaAc_2.5M_JNL_10off_20on_20off,177,17.61,384927000,-6.786932635064874
csuEx72_NaAc_2.5M_JNL_10off_20on_20off,178,17.71,384843000,-6.807273888493848
csuEx72_NaAc_2.5M_JNL_10off_20on_20off,179,17.81,384034000,-7.003179531637177
csuEx72_NaAc_2.5M_JNL_10off_20on_20off,180,17.91,383654000,-7.095199487625391
csuEx72_NaAc_2.5M_JNL_10off_20on_20off,181,18.01,383021000,-7.2484853616794425
csuEx72_NaAc_2.5M_JNL_10off_20on_20off,182,18.11,387839000,-6.0817691828604525
csuEx72_NaAc_2.5M_JNL_10off_20on_20off,183,18.21,394177000,-4.546973180088605
csuEx72_NaAc_2.5M_JNL_10off_20on_20off,184,18.31,396591000,-3.9624043017845287
csuEx72_NaAc_2.5M_JNL_10off_20on_20off,185,18.411,397532000,-3.7345338318242405
csuEx72_NaAc_2.5M_JNL_10off_20on_20off,186,18.51,391591000,-5.173193196366295
csuEx72_NaAc_2.5M_JNL_10off_20on_20off,187,18.61,387559000,-6.1495733609570316
csuEx72_NaAc_2.5M_JNL_10off_20on_20off,188,18.71,383967000,-7.019404102824573
csuEx72_NaAc_2.5M_JNL_10off_20on_20off,189,18.81,381794000,-7.5456129564098084
csuEx72_NaAc_2.5M_JNL_10off_20on_20off,190,18.91,379881000,-8.008860787476792
csuEx72_NaAc_2.5M_JNL_10off_20on_20off,191,19.011,379694000,-8.05414429213415
csuEx72_NaAc_2.5M_JNL_10off_20on_20off,192,19.11,378161000,-8.42537216721292
csuEx72_NaAc_2.5M_JNL_10off_20on_20off,193,19.21,377224000,-8.652274006057544
csuEx72_NaAc_2.5M_JNL_10off_20on_20off,194,19.31,375870000,-8.980155638710286
csuEx72_NaAc_2.5M_JNL_10off_20on_20off,195,19.41,374421000,-9.331042260360082
csuEx72_NaAc_2.5M_JNL_10off_20on_20off,196,19.51,374198000,-9.385043445058427
csuEx72_NaAc_2.5M_JNL_10off_20on_20off,197,19.61,372933000,-9.691373035387615
csuEx72_NaAc_2.5M_JNL_10off_20on_20off,198,19.71,375132000,-9.158868079550555
csuEx72_NaAc_2.5M_JNL_10off_20on_20off,199,19.81,377065000,-8.690777092905243
csuEx72_NaAc_2.5M_JNL_10off_20on_20off,200,19.91,376765000,-8.76342442658015
csuEx72_NaAc_2.5M_JNL_10off_20on_20off,201,20.01,376597000,-8.804106933438097
csuEx72_NaAc_2.5M_JNL_10off_20on_20off,202,20.11,374186000,-9.387949338405424
csuEx72_NaAc_2.5M_JNL_10off_20on_20off,203,20.21,371544000,-10.02773019030243
csuEx72_NaAc_2.5M_JNL_10off_20on_20off,204,20.31,369582000,-10.502843752536315
csuEx72_NaAc_2.5M_JNL_10off_20on_20off,205,20.41,369087000,-10.62271185309991
csuEx72_NaAc_2.5M_JNL_10off_20on_20off,206,20.51,367431000,-11.02372513498539
csuEx72_NaAc_2.5M_JNL_10off_20on_20off,207,20.61,366705000,-11.199531682478664
csuEx72_NaAc_2.5M_JNL_10off_20on_20off,208,20.71,365819000,-11.414083474598552
csuEx72_NaAc_2.5M_JNL_10off_20on_20off,209,20.81,364087000,-11.833500747681676
csuEx72_NaAc_2.5M_JNL_10off_20on_20off,210,20.91,362874000,-12.127238133507213
csuEx72_NaAc_2.5M_JNL_10off_20on_20off,211,21.01,362932000,-12.113192982330064
csuEx72_NaAc_2.5M_JNL_10off_20on_20off,212,21.11,362086000,-12.3180584632933
csuEx72_NaAc_2.5M_JNL_10off_20on_20off,213,21.21,362265000,-12.274712220867272
csuEx72_NaAc_2.5M_JNL_10off_20on_20off,214,21.31,360158000,-12.784938661044029
csuEx72_NaAc_2.5M_JNL_10off_20on_20off,215,21.41,358633000,-13.154229273891469
csuEx72_NaAc_2.5M_JNL_10off_20on_20off,216,21.51,357574000,-13.410674361763885
csuEx72_NaAc_2.5M_JNL_10off_20on_20off,217,21.61,356763000,-13.607064320465048
csuEx72_NaAc_2.5M_JNL_10off_20on_20off,218,21.71,355419000,-13.932524375328626
csuEx72_NaAc_2.5M_JNL_10off_20on_20off,219,21.81,354075000,-14.257984430192206
csuEx72_NaAc_2.5M_JNL_10off_20on_20off,220,21.91,352354000,-14.67473796770725
csuEx72_NaAc_2.5M_JNL_10off_20on_20off,221,22.01,350714000,-15.071876725130068
csuEx72_NaAc_2.5M_JNL_10off_20on_20off,222,22.11,349504000,-15.364887637618857
csuEx72_NaAc_2.5M_JNL_10off_20on_20off,223,22.21,348821000,-15.530281400618726
csuEx72_NaAc_2.5M_JNL_10off_20on_20off,224,22.31,347432000,-15.866638555533541
csuEx72_NaAc_2.5M_JNL_10off_20on_20off,225,22.41,346240000,-16.155290628001833
csuEx72_NaAc_2.5M_JNL_10off_20on_20off,226,22.51,345621000,-16.305186293151056
csuEx72_NaAc_2.5M_JNL_10off_20on_20off,227,22.61,344542000,-16.566474536601802
csuEx72_NaAc_2.5M_JNL_10off_20on_20off,228,22.71,343046000,-16.928742573860667
csuEx72_NaAc_2.5M_JNL_10off_20on_20off,229,22.81,342911000,-16.96143387401437
csuEx72_NaAc_2.5M_JNL_10off_20on_20off,230,22.91,341651000,-17.266552675448978
csuEx72_NaAc_2.5M_JNL_10off_20on_20off,231,23.01,341791000,-17.232650586400688
csuEx72_NaAc_2.5M_JNL_10off_20on_20off,232,23.11,340905000,-17.44720237852058
csuEx72_NaAc_2.5M_JNL_10off_20on_20off,233,23.21,339790000,-17.717208302012313
csuEx72_NaAc_2.5M_JNL_10off_20on_20off,234,23.31,339514000,-17.784043848993225
csuEx72_NaAc_2.5M_JNL_10off_20on_20off,235,23.41,338606000,-18.003923112249275
csuEx72_NaAc_2.5M_JNL_10off_20on_20off,236,23.51,338275000,-18.084077337070585
csuEx72_NaAc_2.5M_JNL_10off_20on_20off,237,23.61,337191000,-18.346576369415914
csuEx72_NaAc_2.5M_JNL_10off_20on_20off,238,23.71,336068000,-18.61851955513898
csuEx72_NaAc_2.5M_JNL_10off_20on_20off,239,23.81,336034000,-18.626752919622135
csuEx72_NaAc_2.5M_JNL_10off_20on_20off,240,23.91,334266000,-19.05488787274625
csuEx72_NaAc_2.5M_JNL_10off_20on_20off,241,24.01,335212000,-18.825806613891377
csuEx72_NaAc_2.5M_JNL_10off_20on_20off,242,24.11,335188000,-18.83161840058537
csuEx72_NaAc_2.5M_JNL_10off_20on_20off,243,24.21,335983000,-18.63910296634687
csuEx72_NaAc_2.5M_JNL_10off_20on_20off,244,24.31,336234000,-18.578321363838864
csuEx72_NaAc_2.5M_JNL_10off_20on_20off,245,24.41,334587000,-18.9771552257141
csuEx72_NaAc_2.5M_JNL_10off_20on_20off,246,24.51,332637000,-19.449362894600988
csuEx72_NaAc_2.5M_JNL_10off_20on_20off,247,24.61,332204000,-19.55421721287177
csuEx72_NaAc_2.5M_JNL_10off_20on_20off,248,24.71,330680000,-19.92326566794029
csuEx72_NaAc_2.5M_JNL_10off_20on_20off,249,24.81,330257000,-20.025698408421906
csuEx72_NaAc_2.5M_JNL_10off_20on_20off,250,24.91,331121000,-19.81647408743818
csuEx72_NaAc_2.5M_JNL_10off_20on_20off,251,25.01,332433000,-19.498763081499924
csuEx72_NaAc_2.5M_JNL_10off_20on_20off,252,25.11,332434000,-19.498520923721006
csuEx72_NaAc_2.5M_JNL_10off_20on_20off,253,25.21,332714000,-19.43071674562443
csuEx72_NaAc_2.5M_JNL_10off_20on_20off,254,25.31,331598000,-19.700964826895078
csuEx72_NaAc_2.5M_JNL_10off_20on_20off,255,25.41,329109000,-20.303695538617884
csuEx72_NaAc_2.5M_JNL_10off_20on_20off,256,25.51,327615000,-20.665479260318914
csuEx72_NaAc_2.5M_JNL_10off_20on_20off,257,25.61,326750000,-20.87494573908156
csuEx72_NaAc_2.5M_JNL_10off_20on_20off,258,25.71,326325000,-20.97786279512101
csuEx72_NaAc_2.5M_JNL_10off_20on_20off,259,25.81,329533000,-20.20102064035735
csuEx72_NaAc_2.5M_JNL_10off_20on_20off,260,25.91,329245000,-20.27076208068526
csuEx72_NaAc_2.5M_JNL_10off_20on_20off,261,26.01,328813000,-20.37537424117712
csuEx72_NaAc_2.5M_JNL_10off_20on_20off,262,26.11,329814000,-20.132974304481852
csuEx72_NaAc_2.5M_JNL_10off_20on_20off,263,26.21,328548000,-20.439546052589954
csuEx72_NaAc_2.5M_JNL_10off_20on_20off,264,26.31,326271000,-20.99093931518249
csuEx72_NaAc_2.5M_JNL_10off_20on_20off,265,26.41,325322000,-21.22074704737411
csuEx72_NaAc_2.5M_JNL_10off_20on_20off,266,26.51,324082000,-21.52102269323039
csuEx72_NaAc_2.5M_JNL_10off_20on_20off,267,26.61,324327000,-21.461694037395883
csuEx72_NaAc_2.5M_JNL_10off_20on_20off,268,26.71,327436000,-20.70882550274494
csuEx72_NaAc_2.5M_JNL_10off_20on_20off,269,26.81,327211000,-20.76331100300112
csuEx72_NaAc_2.5M_JNL_10off_20on_20off,270,26.91,326743000,-20.876640843533973
csuEx72_NaAc_2.5M_JNL_10off_20on_20off,271,27.01,327679000,-20.64998116246827
csuEx72_NaAc_2.5M_JNL_10off_20on_20off,272,27.11,326990000,-20.816827872141637
csuEx72_NaAc_2.5M_JNL_10off_20on_20off,273,27.21,324692000,-21.373306448091416
csuEx72_NaAc_2.5M_JNL_10off_20on_20off,274,27.31,325454000,-21.188782220557155
csuEx72_NaAc_2.5M_JNL_10off_20on_20off,275,27.41,325359000,-21.211787209554206
csuEx72_NaAc_2.5M_JNL_10off_20on_20off,276,27.51,325104000,-21.273537443177876
csuEx72_NaAc_2.5M_JNL_10off_20on_20off,277,27.61,323057000,-21.76923441661965
csuEx72_NaAc_2.5M_JNL_10off_20on_20off,278,27.71,321633000,-22.11406709379654
csuEx72_NaAc_2.5M_JNL_10off_20on_20off,279,27.81,321001000,-22.267110810071674
csuEx72_NaAc_2.5M_JNL_10off_20on_20off,280,27.91,319377000,-22.660375043031834
csuEx72_NaAc_2.5M_JNL_10off_20on_20off,281,28.01,319663000,-22.591117918261755
csuEx72_NaAc_2.5M_JNL_10off_20on_20off,282,28.11,319380000,-22.659648569695083
csuEx72_NaAc_2.5M_JNL_10off_20on_20off,283,28.21,318326000,-22.91488286867292
csuEx72_NaAc_2.5M_JNL_10off_20on_20off,284,28.31,318333000,-22.913187764220506
csuEx72_NaAc_2.5M_JNL_10off_20on_20off,285,28.41,320260000,-22.446549724248694
csuEx72_NaAc_2.5M_JNL_10off_20on_20off,286,28.51,320226000,-22.454783088731848
csuEx72_NaAc_2.5M_JNL_10off_20on_20off,287,28.61,319633000,-22.598382651629244
csuEx72_NaAc_2.5M_JNL_10off_20on_20off,288,28.71,318507000,-22.87105231068906
csuEx72_NaAc_2.5M_JNL_10off_20on_20off,289,28.81,317460000,-23.124591505214482
csuEx72_NaAc_2.5M_JNL_10off_20on_20off,290,28.91,316886000,-23.263590070312468
csuEx72_NaAc_2.5M_JNL_10off_20on_20off,291,29.01,315207000,-23.670172981113026
csuEx72_NaAc_2.5M_JNL_10off_20on_20off,292,29.11,314644000,-23.806507810642934
csuEx72_NaAc_2.5M_JNL_10off_20on_20off,293,29.21,315230000,-23.66460335219795
csuEx72_NaAc_2.5M_JNL_10off_20on_20off,294,29.31,316645000,-23.321950095031312
csuEx72_NaAc_2.5M_JNL_10off_20on_20off,295,29.41,316707000,-23.306936312738497
csuEx72_NaAc_2.5M_JNL_10off_20on_20off,296,29.51,316636000,-23.324129515041555
csuEx72_NaAc_2.5M_JNL_10off_20on_20off,297,29.61,316012000,-23.47523596908536
csuEx72_NaAc_2.5M_JNL_10off_20on_20off,298,29.71,316221000,-23.424624993291843
csuEx72_NaAc_2.5M_JNL_10off_20on_20off,299,29.81,315525000,-23.593166807417624
csuEx72_NaAc_2.5M_JNL_10off_20on_20off,300,29.91,315769000,-23.534080309362036
csuEx72_NaAc_2.5M_JNL_10off_20on_20off,301,30.01,315426000,-23.617140427530344
csuEx72_NaAc_2.5M_JNL_10off_20on_20off,302,30.11,315809000,-23.52439399820538
csuEx72_NaAc_2.5M_JNL_10off_20on_20off,303,30.21,316371000,-23.388301326454393
csuEx72_NaAc_2.5M_JNL_10off_20on_20off,304,30.31,316168000,-23.43745935557441
csuEx72_NaAc_2.5M_JNL_10off_20on_20off,305,30.41,314296000,-23.890778717705825
csuEx72_NaAc_2.5M_JNL_10off_20on_20off,306,30.51,313348000,-24.120344292118524
csuEx72_NaAc_2.5M_JNL_10off_20on_20off,307,30.61,311611000,-24.540972354096233
csuEx72_NaAc_2.5M_JNL_10off_20on_20off,308,30.71,308772000,-25.22845828843976
csuEx72_NaAc_2.5M_JNL_10off_20on_20off,309,30.81,307473000,-25.543021243252102
csuEx72_NaAc_2.5M_JNL_10off_20on_20off,310,30.91,305797000,-25.94887768071591
csuEx72_NaAc_2.5M_JNL_10off_20on_20off,311,31.01,303609000,-26.478718900984894
csuEx72_NaAc_2.5M_JNL_10off_20on_20off,312,31.11,301814000,-26.913392114139747
csuEx72_NaAc_2.5M_JNL_10off_20on_20off,313,31.21,300586000,-27.210761866649026
csuEx72_NaAc_2.5M_JNL_10off_20on_20off,314,31.31,298799000,-27.64349781757255
csuEx72_NaAc_2.5M_JNL_10off_20on_20off,315,31.41,297343000,-27.996079543674764
csuEx72_NaAc_2.5M_JNL_10off_20on_20off,316,31.51,295611000,-28.415496816757884
csuEx72_NaAc_2.5M_JNL_10off_20on_20off,317,31.61,294031000,-28.798106107445726
csuEx72_NaAc_2.5M_JNL_10off_20on_20off,318,31.71,292175000,-29.247550945114476
csuEx72_NaAc_2.5M_JNL_10off_20on_20off,319,31.81,290324000,-29.695784993888648
csuEx72_NaAc_2.5M_JNL_10off_20on_20off,320,31.91,288915000,-30.036985304381787
csuEx72_NaAc_2.5M_JNL_10off_20on_20off,321,32.01,287718000,-30.326848165744664
csuEx72_NaAc_2.5M_JNL_10off_20on_20off,322,32.11,286330000,-30.66296316288056
csuEx72_NaAc_2.5M_JNL_10off_20on_20off,323,32.21,285567000,-30.847729548193737
csuEx72_NaAc_2.5M_JNL_10off_20on_20off,324,32.31,284298000,-31.155027769638586
csuEx72_NaAc_2.5M_JNL_10off_20on_20off,325,32.41,282714000,-31.538605691442097
csuEx72_NaAc_2.5M_JNL_10off_20on_20off,326,32.51,282402000,-31.614158918463996
csuEx72_NaAc_2.5M_JNL_10off_20on_20off,327,32.61,281695000,-31.785364468157855
csuEx72_NaAc_2.5M_JNL_10off_20on_20off,328,32.71,279881000,-32.224638679112125
csuEx72_NaAc_2.5M_JNL_10off_20on_20off,329,32.81,280132000,-32.16385707660412
csuEx72_NaAc_2.5M_JNL_10off_20on_20off,330,32.91,278704000,-32.509658384896674
csuEx72_NaAc_2.5M_JNL_10off_20on_20off,331,33.01,278687000,-32.51377506713825
csuEx72_NaAc_2.5M_JNL_10off_20on_20off,332,33.11,277846000,-32.7174297592069
csuEx72_NaAc_2.5M_JNL_10off_20on_20off,333,33.21,277363000,-32.834391966423496
csuEx72_NaAc_2.5M_JNL_10off_20on_20off,334,33.31,277160000,-32.88354999554352
csuEx72_NaAc_2.5M_JNL_10off_20on_20off,335,33.41,276646000,-33.008019093906526
csuEx72_NaAc_2.5M_JNL_10off_20on_20off,336,33.51,276266000,-33.10003904989474
csuEx72_NaAc_2.5M_JNL_10off_20on_20off,337,33.61,275801000,-33.21264241709084
csuEx72_NaAc_2.5M_JNL_10off_20on_20off,338,33.71,275169000,-33.365686133365976
csuEx72_NaAc_2.5M_JNL_10off_20on_20off,339,33.81,274428000,-33.545125047542996
csuEx72_NaAc_2.5M_JNL_10off_20on_20off,340,33.91,274861000,-33.440270729272214
csuEx72_NaAc_2.5M_JNL_10off_20on_20off,341,34.01,273077000,-33.87228020685899
csuEx72_NaAc_2.5M_JNL_10off_20on_20off,342,34.11,273355000,-33.80496034432024
csuEx72_NaAc_2.5M_JNL_10off_20on_20off,343,34.21,272594000,-33.98924241407559
csuEx72_NaAc_2.5M_JNL_10off_20on_20off,344,34.31,271290000,-34.30501615778251
csuEx72_NaAc_2.5M_JNL_10off_20on_20off,345,34.41,271173000,-34.333348617915725
csuEx72_NaAc_2.5M_JNL_10off_20on_20off,346,34.51,270342000,-34.53458173219522
csuEx72_NaAc_2.5M_JNL_10off_20on_20off,347,34.61,269504000,-34.73750995092712
csuEx72_NaAc_2.5M_JNL_10off_20on_20off,348,34.71,268588000,-34.959326476414496
csuEx72_NaAc_2.5M_JNL_10off_20on_20off,349,34.81,268751000,-34.91985475845114
csuEx72_NaAc_2.5M_JNL_10off_20on_20off,350,34.91,268162000,-35.06248569023286
csuEx72_NaAc_2.5M_JNL_10off_20on_20off,351,35.01,267790000.00000003,-35.15256838398974
csuEx72_NaAc_2.5M_JNL_10off_20on_20off,352,35.11,267103000,-35.31893077810528
csuEx72_NaAc_2.5M_JNL_10off_20on_20off,353,35.21,266565000,-35.44921166316228
csuEx72_NaAc_2.5M_JNL_10off_20on_20off,354,35.31,265971000,-35.593053383838594
csuEx72_NaAc_2.5M_JNL_10off_20on_20off,355,35.41,265274000,-35.76183735574329
csuEx72_NaAc_2.5M_JNL_10off_20on_20off,356,35.51,265478000,-35.71243716884436
csuEx72_NaAc_2.5M_JNL_10off_20on_20off,357,35.61,264509999.99999997,-35.94684589883539
csuEx72_NaAc_2.5M_JNL_10off_20on_20off,358,35.71,263699000,-36.143235857536546
csuEx72_NaAc_2.5M_JNL_10off_20on_20off,359,35.81,263272000,-36.24663722913383
csuEx72_NaAc_2.5M_JNL_10off_20on_20off,360,35.91,262530999.99999997,-36.42607614331086
csuEx72_NaAc_2.5M_JNL_10off_20on_20off,361,36.01,262548000,-36.42195946106928
csuEx72_NaAc_2.5M_JNL_10off_20on_20off,362,36.11,261909000,-36.57669828179682
csuEx72_NaAc_2.5M_JNL_10off_20on_20off,363,36.21,261851000,-36.59074343297397
csuEx72_NaAc_2.5M_JNL_10off_20on_20off,364,36.31,261620000,-36.646681879903646
csuEx72_NaAc_2.5M_JNL_10off_20on_20off,365,36.41,261208000.00000003,-36.74645088481718
csuEx72_NaAc_2.5M_JNL_10off_20on_20off,366,36.51,260733000,-36.86147582980245
csuEx72_NaAc_2.5M_JNL_10off_20on_20off,367,36.61,260469999.99999997,-36.925163325657465
csuEx72_NaAc_2.5M_JNL_10off_20on_20off,368,36.71,260387000,-36.94526242130751
csuEx72_NaAc_2.5M_JNL_10off_20on_20off,369,36.81,260264000,-36.97504782811423
csuEx72_NaAc_2.5M_JNL_10off_20on_20off,370,36.91,260089000,-37.01742543942459
csuEx72_NaAc_2.5M_JNL_10off_20on_20off,371,37.01,259131000,-37.24941259162645
csuEx72_NaAc_2.5M_JNL_10off_20on_20off,372,37.11,259036000,-37.272417580623504
csuEx72_NaAc_2.5M_JNL_10off_20on_20off,373,37.21,259057000,-37.26733226726626
csuEx72_NaAc_2.5M_JNL_10off_20on_20off,374,37.31,259202999.99999997,-37.231977231544484
csuEx72_NaAc_2.5M_JNL_10off_20on_20off,375,37.41,259390000,-37.186693726887114
csuEx72_NaAc_2.5M_JNL_10off_20on_20off,376,37.51,259068000,-37.26466853169818
csuEx72_NaAc_2.5M_JNL_10off_20on_20off,377,37.61,259157000,-37.24311648937463
csuEx72_NaAc_2.5M_JNL_10off_20on_20off,378,37.71,258279000,-37.45573101926319
csuEx72_NaAc_2.5M_JNL_10off_20on_20off,379,37.81,258228000,-37.46808106598792
csuEx72_NaAc_2.5M_JNL_10off_20on_20off,380,37.91,257628000,-37.61337573333773
csuEx72_NaAc_2.5M_JNL_10off_20on_20off,381,38.01,257892000,-37.54944607970381
csuEx72_NaAc_2.5M_JNL_10off_20on_20off,382,38.11,257364000.00000003,-37.677305386971646
csuEx72_NaAc_2.5M_JNL_10off_20on_20off,383,38.21,257660000,-37.60562668441241
csuEx72_NaAc_2.5M_JNL_10off_20on_20off,384,38.31,257776000,-37.57753638205811
csuEx72_NaAc_2.5M_JNL_10off_20on_20off,385,38.41,257178000,-37.722346733850095
csuEx72_NaAc_2.5M_JNL_10off_20on_20off,386,38.51,257060000.00000003,-37.750921351762216
csuEx72_NaAc_2.5M_JNL_10off_20on_20off,387,38.61,257058000,-37.75140566732006
csuEx72_NaAc_2.5M_JNL_10off_20on_20off,388,38.71,256953000,-37.77683223410627
csuEx72_NaAc_2.5M_JNL_10off_20on_20off,389,38.81,256004000,-38.00663996629789
csuEx72_NaAc_2.5M_JNL_10off_20on_20off,390,38.91,256560000,-37.8720002412204
csuEx72_NaAc_2.5M_JNL_10off_20on_20off,391,39.01,256246999.99999997,-37.947795626021225
csuEx72_NaAc_2.5M_JNL_10off_20on_20off,392,39.11,256334000.00000003,-37.92672789925548
csuEx72_NaAc_2.5M_JNL_10off_20on_20off,393,39.21,256097000.00000003,-37.98411929285866
csuEx72_NaAc_2.5M_JNL_10off_20on_20off,394,39.31,255011000,-38.247102640761824
csuEx72_NaAc_2.5M_JNL_10off_20on_20off,395,39.41,255553000,-38.115853124589165
csuEx72_NaAc_2.5M_JNL_10off_20on_20off,396,39.51,254685000,-38.326046076688556
csuEx72_NaAc_2.5M_JNL_10off_20on_20off,397,39.61,254551000.00000003,-38.35849521906334
csuEx72_NaAc_2.5M_JNL_10off_20on_20off,398,39.71,253908999.99999997,-38.51396051312766
csuEx72_NaAc_2.5M_JNL_10off_20on_20off,399,39.81,254375000.00000003,-38.40111498815262
csuEx72_NaAc_2.5M_JNL_10off_20on_20off,400,39.91,253883000,-38.52025661537948
csuEx72_NaAc_2.5M_JNL_10off_20on_20off,401,40.009,253866000,-38.524373297621054
csuEx72_NaAc_2.5M_JNL_10off_20on_20off,402,40.109,253264999.99999997,-38.66991012274979
csuEx72_NaAc_2.5M_JNL_10off_20on_20off,403,40.209,251795000,-39.025882057756824
csuEx72_NaAc_2.5M_JNL_10off_20on_20off,404,40.31,252441000,-38.869448132576856
csuEx72_NaAc_2.5M_JNL_10off_20on_20off,405,40.409,251626000,-39.06680672239368
csuEx72_NaAc_2.5M_JNL_10off_20on_20off,406,40.509,252156000,-38.93846309956802
csuEx72_NaAc_2.5M_JNL_10off_20on_20off,407,40.609,251008000,-39.21646022976399
csuEx72_NaAc_2.5M_JNL_10off_20on_20off,408,40.709,250670000,-39.29830955903772
csuEx72_NaAc_2.5M_JNL_10off_20on_20off,409,40.809,250283000,-39.39202461947835
csuEx72_NaAc_2.5M_JNL_10off_20on_20off,410,40.909,249752000.00000003,-39.52061040008292
csuEx72_NaAc_2.5M_JNL_10off_20on_20off,411,41.009,249757000,-39.51939961118835
csuEx72_NaAc_2.5M_JNL_10off_20on_20off,412,41.109,249599000,-39.55766054025713
csuEx72_NaAc_2.5M_JNL_10off_20on_20off,413,41.209,249440000.00000003,-39.59616362710482
csuEx72_NaAc_2.5M_JNL_10off_20on_20off,414,41.309,249593000,-39.55911348693063
csuEx72_NaAc_2.5M_JNL_10off_20on_20off,415,41.41,248591000,-39.80175558140482
csuEx72_NaAc_2.5M_JNL_10off_20on_20off,416,41.51,248390999.99999997,-39.850187137188094
csuEx72_NaAc_2.5M_JNL_10off_20on_20off,417,41.61,247858000,-39.9792572333505
csuEx72_NaAc_2.5M_JNL_10off_20on_20off,418,41.709,247841999.99999997,-39.983131757813176
csuEx72_NaAc_2.5M_JNL_10off_20on_20off,419,41.809,246938000,-40.20204238995355
csuEx72_NaAc_2.5M_JNL_10off_20on_20off,420,41.909,246972000,-40.193809025470394
csuEx72_NaAc_2.5M_JNL_10off_20on_20off,421,42.009,246663000,-40.268635779155545
csuEx72_NaAc_2.5M_JNL_10off_20on_20off,422,42.109,247063000,-40.171772667589
csuEx72_NaAc_2.5M_JNL_10off_20on_20off,423,42.21,245800999.99999997,-40.47737578458145
csuEx72_NaAc_2.5M_JNL_10off_20on_20off,424,42.309,245644999.99999997,-40.515152398092404
csuEx72_NaAc_2.5M_JNL_10off_20on_20off,425,42.409,245872000,-40.46018258227838
csuEx72_NaAc_2.5M_JNL_10off_20on_20off,426,42.51,245371000,-40.581503629515474
csuEx72_NaAc_2.5M_JNL_10off_20on_20off,427,42.609,245513000,-40.54711722490935
csuEx72_NaAc_2.5M_JNL_10off_20on_20off,428,42.709,244453000,-40.80380447056069
csuEx72_NaAc_2.5M_JNL_10off_20on_20off,429,42.81,244180999.99999997,-40.86967138642594
csuEx72_NaAc_2.5M_JNL_10off_20on_20off,430,42.909,243920000,-40.93287456672311
csuEx72_NaAc_2.5M_JNL_10off_20on_20off,431,43.01,244124000,-40.88347437982417
csuEx72_NaAc_2.5M_JNL_10off_20on_20off,432,43.109,242898000,-41.18035981677561
csuEx72_NaAc_2.5M_JNL_10off_20on_20off,433,43.209,242265000,-41.33364569082967
csuEx72_NaAc_2.5M_JNL_10off_20on_20off,434,43.309,242243000,-41.338973161965825
csuEx72_NaAc_2.5M_JNL_10off_20on_20off,435,43.409,241611000.00000003,-41.49201687824095
csuEx72_NaAc_2.5M_JNL_10off_20on_20off,436,43.509,242031000.00000003,-41.39031061109609
csuEx72_NaAc_2.5M_JNL_10off_20on_20off,437,43.61,241895000.00000003,-41.42324406902871
csuEx72_NaAc_2.5M_JNL_10off_20on_20off,438,43.71,241092000,-41.61769676549855
csuEx72_NaAc_2.5M_JNL_10off_20on_20off,439,43.81,240814000,-41.685016628037296
csuEx72_NaAc_2.5M_JNL_10off_20on_20off,440,43.91,240234000,-41.82546813980878
csuEx72_NaAc_2.5M_JNL_10off_20on_20off,441,44.009,240879999.99999997,-41.66903421462882
csuEx72_NaAc_2.5M_JNL_10off_20on_20off,442,44.109,239869999.99999997,-41.91361357133434
csuEx72_NaAc_2.5M_JNL_10off_20on_20off,443,44.21,239969000,-41.88963995122161
csuEx72_NaAc_2.5M_JNL_10off_20on_20off,444,44.309,239015000.00000003,-42.12065847230781
csuEx72_NaAc_2.5M_JNL_10off_20on_20off,445,44.41,238669000.00000003,-42.20444506381287
csuEx72_NaAc_2.5M_JNL_10off_20on_20off,446,44.51,238306000,-42.29234833755951
csuEx72_NaAc_2.5M_JNL_10off_20on_20off,447,44.61,237872000,-42.39744481360921
csuEx72_NaAc_2.5M_JNL_10off_20on_20off,448,44.709,237351000,-42.52360901642463
csuEx72_NaAc_2.5M_JNL_10off_20on_20off,449,44.809,237008999.99999997,-42.60642697681403
csuEx72_NaAc_2.5M_JNL_10off_20on_20off,450,44.909,237024000,-42.602794610130275
csuEx72_NaAc_2.5M_JNL_10off_20on_20off,451,45.009,235989000,-42.8534279113087
csuEx72_NaAc_2.5M_JNL_10off_20on_20off,452,45.109,236891000,-42.63500159472615
csuEx72_NaAc_2.5M_JNL_10off_20on_20off,453,45.209,235907000,-42.873284849179846
csuEx72_NaAc_2.5M_JNL_10off_20on_20off,454,45.309,235883999.99999997,-42.87885447809492
csuEx72_NaAc_2.5M_JNL_10off_20on_20off,455,45.409,235523999.99999997,-42.966031278504815
csuEx72_NaAc_2.5M_JNL_10off_20on_20off,456,45.509,235434000,-42.98782547860728
csuEx72_NaAc_2.5M_JNL_10off_20on_20off,457,45.609,234936000,-43.108420052507626
csuEx72_NaAc_2.5M_JNL_10off_20on_20off,458,45.709,235004000,-43.09195332354131
csuEx72_NaAc_2.5M_JNL_10off_20on_20off,459,45.809,234263000.00000003,-43.27139223771832
csuEx72_NaAc_2.5M_JNL_10off_20on_20off,460,45.909,234390000,-43.24063819979595
csuEx72_NaAc_2.5M_JNL_10off_20on_20off,461,46.009,233221000,-43.523720643349165
csuEx72_NaAc_2.5M_JNL_10off_20on_20off,462,46.109,234520999.99999997,-43.20891553075791
csuEx72_NaAc_2.5M_JNL_10off_20on_20off,463,46.209,233264000,-43.51330785885577
csuEx72_NaAc_2.5M_JNL_10off_20on_20off,464,46.309,233783000,-43.38762797159818
csuEx72_NaAc_2.5M_JNL_10off_20on_20off,465,46.409,232844000,-43.61501412600063
csuEx72_NaAc_2.5M_JNL_10off_20on_20off,466,46.509,232568000.00000003,-43.681849672981535
csuEx72_NaAc_2.5M_JNL_10off_20on_20off,467,46.609,233304000,-43.50362154769911
csuEx72_NaAc_2.5M_JNL_10off_20on_20off,468,46.709,232953000,-43.58861892809875
csuEx72_NaAc_2.5M_JNL_10off_20on_20off,469,46.809,231896000,-43.844579700413334
csuEx72_NaAc_2.5M_JNL_10off_20on_20off,470,46.909,230763000,-44.118944463925565
csuEx72_NaAc_2.5M_JNL_10off_20on_20off,471,47.009,231788999.99999997,-43.87049058275739
csuEx72_NaAc_2.5M_JNL_10off_20on_20off,472,47.109,231104999.99999997,-44.036126503536174
csuEx72_NaAc_2.5M_JNL_10off_20on_20off,473,47.209,232396000,-43.72350081095516
csuEx72_NaAc_2.5M_JNL_10off_20on_20off,474,47.309,232295000,-43.747958746625706
csuEx72_NaAc_2.5M_JNL_10off_20on_20off,475,47.409,231611000,-43.913594667404496
csuEx72_NaAc_2.5M_JNL_10off_20on_20off,476,47.51,231470999.99999997,-43.94749675645279
csuEx72_NaAc_2.5M_JNL_10off_20on_20off,477,47.61,231794000,-43.8692797938628
csuEx72_NaAc_2.5M_JNL_10off_20on_20off,478,47.709,231658000,-43.90221325179543
csuEx72_NaAc_2.5M_JNL_10off_20on_20off,479,47.809,231717000,-43.88792594283936
csuEx72_NaAc_2.5M_JNL_10off_20on_20off,480,47.909,231879000,-43.848696382654914
csuEx72_NaAc_2.5M_JNL_10off_20on_20off,481,48.01,230928999.99999997,-44.07874627262546
csuEx72_NaAc_2.5M_JNL_10off_20on_20off,482,48.109,230726000,-44.12790430174547
csuEx72_NaAc_2.5M_JNL_10off_20on_20off,483,48.209,229713000,-44.37321013178773
csuEx72_NaAc_2.5M_JNL_10off_20on_20off,484,48.309,230811000,-44.10732089053758
csuEx72_NaAc_2.5M_JNL_10off_20on_20off,485,48.409,229848000,-44.34051883163403
csuEx72_NaAc_2.5M_JNL_10off_20on_20off,486,48.509,229138999.99999997,-44.51220869688573
csuEx72_NaAc_2.5M_JNL_10off_20on_20off,487,48.609,229216000,-44.49356254790916
csuEx72_NaAc_2.5M_JNL_10off_20on_20off,488,48.709,229320000,-44.46837813890186
csuEx72_NaAc_2.5M_JNL_10off_20on_20off,489,48.809,228877000,-44.5756540349618
csuEx72_NaAc_2.5M_JNL_10off_20on_20off,490,48.91,228279000,-44.72046438675378
csuEx72_NaAc_2.5M_JNL_10off_20on_20off,491,49.009,228694000,-44.6199689085035
csuEx72_NaAc_2.5M_JNL_10off_20on_20off,492,49.109,227812000,-44.83355206950772
csuEx72_NaAc_2.5M_JNL_10off_20on_20off,493,49.209,227425000,-44.92726712994835
csuEx72_NaAc_2.5M_JNL_10off_20on_20off,494,49.309,227335999.99999997,-44.94881917227191
csuEx72_NaAc_2.5M_JNL_10off_20on_20off,495,49.409,227414000,-44.92993086551643
csuEx72_NaAc_2.5M_JNL_10off_20on_20off,496,49.509,227298000,-44.958021167870726
csuEx72_NaAc_2.5M_JNL_10off_20on_20off,497,49.609,227732000,-44.85292469182103
csuEx72_NaAc_2.5M_JNL_10off_20on_20off,498,49.709,226259000,-45.20962310016482
csuEx72_NaAc_2.5M_JNL_10off_20on_20off,499,49.809,227346000,-44.94639759448275
csuEx72_NaAc_2.5M_JNL_10off_20on_20off,500,49.909,226576999.99999997,-45.132616926469424
csuEx72_NaAc_2.5M_JNL_10off_20on_20off,501,50.01,227179000.00000003,-44.98683794356177
csuEx72_NaAc_2.5M_JNL_10off_20on_20off,502,50.109,227455000,-44.92000239658086
csuEx72_NaAc_2.5M_JNL_10off_20on_20off,503,50.209,226372999.99999997,-45.18201711336836
csuEx72_NaAc_2.5M_JNL_10off_20on_20off,504,50.309,225627000.00000003,-45.36266681643995
csuEx72_NaAc_2.5M_JNL_10off_20on_20off,505,50.409,226405000,-45.17426806444303
csuEx72_NaAc_2.5M_JNL_10off_20on_20off,506,50.509,226337000,-45.19073479340934
csuEx72_NaAc_2.5M_JNL_10off_20on_20off,507,50.609,225956000,-45.282996907176475
csuEx72_NaAc_2.5M_JNL_10off_20on_20off,508,50.709,226126000,-45.24183008476069
csuEx72_NaAc_2.5M_JNL_10off_20on_20off,509,50.809,226572000,-45.133827715364
csuEx72_NaAc_2.5M_JNL_10off_20on_20off,510,50.909,225482000,-45.39777969438282
csuEx72_NaAc_2.5M_JNL_10off_20on_20off,511,51.01,226067999.99999997,-45.25587523593785
csuEx72_NaAc_2.5M_JNL_10off_20on_20off,512,51.11,226549999.99999997,-45.13915518650017
csuEx72_NaAc_2.5M_JNL_10off_20on_20off,513,51.209,226680000,-45.107674675241036
csuEx72_NaAc_2.5M_JNL_10off_20on_20off,514,51.309,226001000,-45.27209980712524
csuEx72_NaAc_2.5M_JNL_10off_20on_20off,515,51.409,226607000,-45.125352193101925
csuEx72_NaAc_2.5M_JNL_10off_20on_20off,516,51.509,226743000,-45.092418735169304
csuEx72_NaAc_2.5M_JNL_10off_20on_20off,517,51.609,226869000,-45.06190685502584
csuEx72_NaAc_2.5M_JNL_10off_20on_20off,518,51.709,226192000,-45.22584767135221
csuEx72_NaAc_2.5M_JNL_10off_20on_20off,519,51.809,226297000,-45.200421104566
csuEx72_NaAc_2.5M_JNL_10off_20on_20off,520,51.909,227018000,-45.025825345967306
csuEx72_NaAc_2.5M_JNL_10off_20on_20off,521,52.009,226545000,-45.140365975394744
csuEx72_NaAc_2.5M_JNL_10off_20on_20off,522,52.109,227111000.00000003,-45.003304672528074
csuEx72_NaAc_2.5M_JNL_10off_20on_20off,523,52.21,226496000,-45.15223170656164
csuEx72_NaAc_2.5M_JNL_10off_20on_20off,524,52.309,226968000,-45.037933234913126
csuEx72_NaAc_2.5M_JNL_10off_20on_20off,525,52.409,227013000,-45.02703613486189
csuEx72_NaAc_2.5M_JNL_10off_20on_20off,526,52.509,227323000,-44.95196722339782
csuEx72_NaAc_2.5M_JNL_10off_20on_20off,527,52.609,227247000.00000003,-44.97037121459545
csuEx72_NaAc_2.5M_JNL_10off_20on_20off,528,52.709,227263000,-44.9664966901328
csuEx72_NaAc_2.5M_JNL_10off_20on_20off,529,52.809,226418000,-45.171120013317115
csuEx72_NaAc_2.5M_JNL_10off_20on_20off,530,52.909,227189000,-44.98441636577261
csuEx72_NaAc_2.5M_JNL_10off_20on_20off,531,53.009,227331000,-44.950029961166486
csuEx72_NaAc_2.5M_JNL_10off_20on_20off,532,53.109,226921999.99999997,-45.049072492743285
csuEx72_NaAc_2.5M_JNL_10off_20on_20off,533,53.209,227132999.99999997,-44.99797720139193
csuEx72_NaAc_2.5M_JNL_10off_20on_20off,534,53.31,227653000.00000003,-44.872055156355415
csuEx72_NaAc_2.5M_JNL_10off_20on_20off,535,53.41,227192999.99999997,-44.98344773465695
csuEx72_NaAc_2.5M_JNL_10off_20on_20off,536,53.51,226892000,-45.05633722611076
csuEx72_NaAc_2.5M_JNL_10off_20on_20off,537,53.609,226941000.00000003,-45.04447149494386
csuEx72_NaAc_2.5M_JNL_10off_20on_20off,538,53.709,227294000.00000003,-44.95898979898639
csuEx72_NaAc_2.5M_JNL_10off_20on_20off,539,53.809,227164000,-44.99047031024552
csuEx72_NaAc_2.5M_JNL_10off_20on_20off,540,53.909,227979999.99999997,-44.792869562649784
csuEx72_NaAc_2.5M_JNL_10off_20on_20off,541,54.009,227699000,-44.86091589852527
csuEx72_NaAc_2.5M_JNL_10off_20on_20off,542,54.109,227002000,-45.029699870429965
csuEx72_NaAc_2.5M_JNL_10off_20on_20off,543,54.209,227199999.99999997,-44.98175263020453
csuEx72_NaAc_2.5M_JNL_10off_20on_20off,544,54.309,227342000.00000003,-44.9473662255984
csuEx72_NaAc_2.5M_JNL_10off_20on_20off,545,54.409,226397000,-45.17620532667436
csuEx72_NaAc_2.5M_JNL_10off_20on_20off,546,54.509,226914999.99999997,-45.050767597195694
csuEx72_NaAc_2.5M_JNL_10off_20on_20off,547,54.61,227224000,-44.975940843510536
csuEx72_NaAc_2.5M_JNL_10off_20on_20off,548,54.71,226364000,-45.1841965333786
csuEx72_NaAc_2.5M_JNL_10off_20on_20off,549,54.81,224818000,-45.55857245958329
csuEx72_NaAc_2.5M_JNL_10off_20on_20off,550,54.91,226008000,-45.27040470267282
csuEx72_NaAc_2.5M_JNL_10off_20on_20off,551,55.01,228535000.00000003,-44.65847199535119
csuEx72_NaAc_2.5M_JNL_10off_20on_20off,552,55.109,230501999.99999997,-44.18214764422274
csuEx72_NaAc_2.5M_JNL_10off_20on_20off,553,55.209,235549000,-42.9599773340319
csuEx72_NaAc_2.5M_JNL_10off_20on_20off,554,55.309,236224000,-42.79652083326336
csuEx72_NaAc_2.5M_JNL_10off_20on_20off,555,55.41,237394999.99999997,-42.51295407415231
csuEx72_NaAc_2.5M_JNL_10off_20on_20off,556,55.509,237810000,-42.41245859590202
csuEx72_NaAc_2.5M_JNL_10off_20on_20off,557,55.609,238143000,-42.331820055522876
csuEx72_NaAc_2.5M_JNL_10off_20on_20off,558,55.709,239143999.99999997,-42.08942011882761
csuEx72_NaAc_2.5M_JNL_10off_20on_20off,559,55.809,240919000.00000003,-41.65959006125107
csuEx72_NaAc_2.5M_JNL_10off_20on_20off,560,55.909,242408000,-41.29901712844463
csuEx72_NaAc_2.5M_JNL_10off_20on_20off,561,56.019,243016000,-41.151785198863486
csuEx72_NaAc_2.5M_JNL_10off_20on_20off,562,56.119,245624000.00000003,-40.52023771144963
csuEx72_NaAc_2.5M_JNL_10off_20on_20off,563,56.219,245852000,-40.465025737856706
csuEx72_NaAc_2.5M_JNL_10off_20on_20off,564,56.31,245871000,-40.4604247400573
csuEx72_NaAc_2.5M_JNL_10off_20on_20off,565,56.41,246347000,-40.34515763729311
csuEx72_NaAc_2.5M_JNL_10off_20on_20off,566,56.519,245981000,-40.4337873843765
csuEx72_NaAc_2.5M_JNL_10off_20on_20off,567,56.619,246663000,-40.268635779155545
csuEx72_NaAc_2.5M_JNL_10off_20on_20off,568,56.719,246787000,-40.23860821456992
csuEx72_NaAc_2.5M_JNL_10off_20on_20off,569,56.819,247636000,-40.03301626026993
csuEx72_NaAc_2.5M_JNL_10off_20on_20off,570,56.919,247891000,-39.97126602664626
csuEx72_NaAc_2.5M_JNL_10off_20on_20off,571,57.019,249321000,-39.62498040279588
csuEx72_NaAc_2.5M_JNL_10off_20on_20off,572,57.11,247973000,-39.95140908877512
csuEx72_NaAc_2.5M_JNL_10off_20on_20off,573,57.219,248260000,-39.881909806226126
csuEx72_NaAc_2.5M_JNL_10off_20on_20off,574,57.319,247270000,-40.12164600735332
csuEx72_NaAc_2.5M_JNL_10off_20on_20off,575,57.409,247060000,-40.17249914092575
csuEx72_NaAc_2.5M_JNL_10off_20on_20off,576,57.51,246577000,-40.28946134814235
csuEx72_NaAc_2.5M_JNL_10off_20on_20off,577,57.61,247083000,-40.16692951201068
csuEx72_NaAc_2.5M_JNL_10off_20on_20off,578,57.72,246233000,-40.37276362408958
csuEx72_NaAc_2.5M_JNL_10off_20on_20off,579,57.819,246473000,-40.314645757149655
csuEx72_NaAc_2.5M_JNL_10off_20on_20off,580,57.919,246288999.99999997,-40.35920278847027
csuEx72_NaAc_2.5M_JNL_10off_20on_20off,581,58.019,245620000,-40.5212063425653
csuEx72_NaAc_2.5M_JNL_10off_20on_20off,582,58.119,244729999.99999997,-40.73672676580086
csuEx72_NaAc_2.5M_JNL_10off_20on_20off,583,58.219,245255000,-40.60959393186977
csuEx72_NaAc_2.5M_JNL_10off_20on_20off,584,58.319,245601000,-40.525807340364715
csuEx72_NaAc_2.5M_JNL_10off_20on_20off,585,58.419,245412000,-40.571575160579904
csuEx72_NaAc_2.5M_JNL_10off_20on_20off,586,58.519,244533999.99999997,-40.78418969046847
csuEx72_NaAc_2.5M_JNL_10off_20on_20off,587,58.62,245826000,-40.47132184010853
csuEx72_NaAc_2.5M_JNL_10off_20on_20off,588,58.72,244910000,-40.693138365595914
csuEx72_NaAc_2.5M_JNL_10off_20on_20off,589,58.82,244322000.00000003,-40.83552713959872
csuEx72_NaAc_2.5M_JNL_10off_20on_20off,590,58.92,243765000,-40.97040902245514
csuEx72_NaAc_2.5M_JNL_10off_20on_20off,591,59.02,243080000,-41.13628710101284
csuEx72_NaAc_2.5M_JNL_10off_20on_20off,592,59.12,243414000.00000003,-41.05540640285477
csuEx72_NaAc_2.5M_JNL_10off_20on_20off,593,59.22,241405000,-41.54190138069773
csuEx72_NaAc_2.5M_JNL_10off_20on_20off,594,59.32,242560000.00000003,-41.26220914604934
csuEx72_NaAc_2.5M_JNL_10off_20on_20off,595,59.42,240890000,-41.66661263683966
csuEx72_NaAc_2.5M_JNL_10off_20on_20off,596,59.52,240573000,-41.74337665275614
csuEx72_NaAc_2.5M_JNL_10off_20on_20off,597,59.62,240543000,-41.750641386123625
csuEx72_NaAc_2.5M_JNL_10off_20on_20off,598,59.72,238848000,-42.16109882138685
csuEx72_NaAc_2.5M_JNL_10off_20on_20off,599,59.82,238099999.99999997,-42.34223284001629
csuEx72_NaAc_2.5M_JNL_10off_20on_20off,600,59.92,238342000,-42.28363065751852
