stim_jnl,frame,time_s,fluor,dff
csuEx72_NaAc_0.25M_JNL_10off_20on_20off,2,0.1,56593300,0.8028177567953529
csuEx72_NaAc_0.25M_JNL_10off_20on_20off,3,0.2,56770600,1.1186208569552627
csuEx72_NaAc_0.25M_JNL_10off_20on_20off,4,0.3,56799600,1.170275058335056
csuEx72_NaAc_0.25M_JNL_10off_20on_20off,5,0.4,56689100,0.9734547392844637
csuEx72_NaAc_0.25M_JNL_10off_20on_20off,6,0.5,56732900,1.0514703951615312
csuEx72_NaAc_0.25M_JNL_10off_20on_20off,7,0.6,56642300,0.8900955453336248
csuEx72_NaAc_0.25M_JNL_10off_20on_20off,8,0.7,56473300,0.5890762338444835
csuEx72_NaAc_0.25M_JNL_10off_20on_20off,9,0.8,56839200,1.240809760908843
csuEx72_NaAc_0.25M_JNL_10off_20on_20off,10,0.9,56818900,1.2046518199429876
csuEx72_NaAc_0.25M_JNL_10off_20on_20off,11,1,56432200,0.5158697622338106
csuEx72_NaAc_0.25M_JNL_10off_20on_20off,12,1.1,55919700,-0.3969846587021945
csuEx72_NaAc_0.25M_JNL_10off_20on_20off,13,1.2,56186800,0.07876834779928255
csuEx72_NaAc_0.25M_JNL_10off_20on_20off,14,1.3,56566900,0.7557946217461616
csuEx72_NaAc_0.25M_JNL_10off_20on_20off,15,1.4,56306800,0.292509870750152
csuEx72_NaAc_0.25M_JNL_10off_20on_20off,16,1.5,56281600,0.24762415093046944
csuEx72_NaAc_0.25M_JNL_10off_20on_20off,17,1.6,56234300,0.16337436730066837
csuEx72_NaAc_0.25M_JNL_10off_20on_20off,18,1.7,56457900,0.5616460717324553
csuEx72_NaAc_0.25M_JNL_10off_20on_20off,19,1.8,56155700,0.023373669767848868
csuEx72_NaAc_0.25M_JNL_10off_20on_20off,20,1.9,56241300,0.17584262280613577
csuEx72_NaAc_0.25M_JNL_10off_20on_20off,21,2,56197600,0.09800508486486079
csuEx72_NaAc_0.25M_JNL_10off_20on_20off,22,2.1,56208800,0.1179542936736086
csuEx72_NaAc_0.25M_JNL_10off_20on_20off,23,2.2,56054300,-0.15723791712563584
csuEx72_NaAc_0.25M_JNL_10off_20on_20off,24,2.3,56185400,0.07627469669818907
csuEx72_NaAc_0.25M_JNL_10off_20on_20off,25,2.4,56204500,0.1102952224345358
csuEx72_NaAc_0.25M_JNL_10off_20on_20off,26,2.5,55969100,-0.30899439842075316
csuEx72_NaAc_0.25M_JNL_10off_20on_20off,27,2.6,56131700,-0.019374634822325033
csuEx72_NaAc_0.25M_JNL_10off_20on_20off,28,2.7,56425500,0.5039358605357205
csuEx72_NaAc_0.25M_JNL_10off_20on_20off,29,2.8,56454200,0.5550557081081368
csuEx72_NaAc_0.25M_JNL_10off_20on_20off,30,2.9,56176400,0.06024408247687385
csuEx72_NaAc_0.25M_JNL_10off_20on_20off,31,3,56284900,0.2535020428116183
csuEx72_NaAc_0.25M_JNL_10off_20on_20off,32,3.1,56045100,-0.17362476721853584
csuEx72_NaAc_0.25M_JNL_10off_20on_20off,33,3.2,56245700,0.183679811981001
csuEx72_NaAc_0.25M_JNL_10off_20on_20off,34,3.3,55872200,-0.4815906782035803
csuEx72_NaAc_0.25M_JNL_10off_20on_20off,35,3.4,55802500.00000001,-0.6057388794508637
csuEx72_NaAc_0.25M_JNL_10off_20on_20off,36,3.5,56054700.00000001,-0.156525445382453
csuEx72_NaAc_0.25M_JNL_10off_20on_20off,37,3.6,55911900,-0.410877857694001
csuEx72_NaAc_0.25M_JNL_10off_20on_20off,38,3.7,55828900,-0.5587157444016857
csuEx72_NaAc_0.25M_JNL_10off_20on_20off,39,3.8,55940800,-0.3594017742499999
csuEx72_NaAc_0.25M_JNL_10off_20on_20off,40,3.9,55952500,-0.33856197576229013
csuEx72_NaAc_0.25M_JNL_10off_20on_20off,41,4,55690000,-0.8061215572173172
csuEx72_NaAc_0.25M_JNL_10off_20on_20off,42,4.1,55597700,-0.9705244119536943
csuEx72_NaAc_0.25M_JNL_10off_20on_20off,43,4.2,55284300,-1.5287460227270484
csuEx72_NaAc_0.25M_JNL_10off_20on_20off,44,4.3,55799600,-0.6109042995888564
csuEx72_NaAc_0.25M_JNL_10off_20on_20off,45,4.4,56024000,-0.2112076516707304
csuEx72_NaAc_0.25M_JNL_10off_20on_20off,46,4.5,55721999.99999999,-0.7491238177637651
csuEx72_NaAc_0.25M_JNL_10off_20on_20off,47,4.6,54749600,-2.4811426254089644
csuEx72_NaAc_0.25M_JNL_10off_20on_20off,48,4.7,53613900,-4.504028022203152
csuEx72_NaAc_0.25M_JNL_10off_20on_20off,49,4.8,53244100,-5.162708148763414
csuEx72_NaAc_0.25M_JNL_10off_20on_20off,50,4.9,53263999.99999999,-5.127262679540742
csuEx72_NaAc_0.25M_JNL_10off_20on_20off,51,5,52985000,-5.6242117204015
csuEx72_NaAc_0.25M_JNL_10off_20on_20off,52,5.1,53278400,-5.101613696786624
csuEx72_NaAc_0.25M_JNL_10off_20on_20off,53,5.2,52877599.99999999,-5.8155103834425415
csuEx72_NaAc_0.25M_JNL_10off_20on_20off,54,5.3,51912600,-7.534348463839104
csuEx72_NaAc_0.25M_JNL_10off_20on_20off,55,5.4,52032500,-7.320785058824026
csuEx72_NaAc_0.25M_JNL_10off_20on_20off,56,5.5,52351599.99999999,-6.7524107257105195
csuEx72_NaAc_0.25M_JNL_10off_20on_20off,57,5.6,52203000,-7.017093978298
csuEx72_NaAc_0.25M_JNL_10off_20on_20off,58,5.701,52695500,-6.139863144520473
csuEx72_NaAc_0.25M_JNL_10off_20on_20off,59,5.801,52708700.00000001,-6.116351576995864
csuEx72_NaAc_0.25M_JNL_10off_20on_20off,60,5.9,52590700,-6.326530741230899
csuEx72_NaAc_0.25M_JNL_10off_20on_20off,61,6.001,52472899.99999999,-6.53635366959435
csuEx72_NaAc_0.25M_JNL_10off_20on_20off,62,6.101,52474000,-6.5343943723006195
csuEx72_NaAc_0.25M_JNL_10off_20on_20off,63,6.2,52563800,-6.374444465959052
csuEx72_NaAc_0.25M_JNL_10off_20on_20off,64,6.301,52692200,-6.145741036401621
csuEx72_NaAc_0.25M_JNL_10off_20on_20off,65,6.401,52583900,-6.338642760864782
csuEx72_NaAc_0.25M_JNL_10off_20on_20off,66,6.501,52325200,-6.799433860759698
csuEx72_NaAc_0.25M_JNL_10off_20on_20off,67,6.6,52092700,-7.213558061477007
csuEx72_NaAc_0.25M_JNL_10off_20on_20off,68,6.7,52642600,-6.234087532554647
csuEx72_NaAc_0.25M_JNL_10off_20on_20off,69,6.8,52639300,-6.239965424435797
csuEx72_NaAc_0.25M_JNL_10off_20on_20off,70,6.9,52442200,-6.5910358758826
csuEx72_NaAc_0.25M_JNL_10off_20on_20off,71,7,52413700,-6.641799487583431
csuEx72_NaAc_0.25M_JNL_10off_20on_20off,72,7.1,52729100.00000001,-6.080015518094216
csuEx72_NaAc_0.25M_JNL_10off_20on_20off,73,7.2,52536500.00000001,-6.423070662430362
csuEx72_NaAc_0.25M_JNL_10off_20on_20off,74,7.3,52516700,-6.458338013717269
csuEx72_NaAc_0.25M_JNL_10off_20on_20off,75,7.4,52169600,-7.076585368852658
csuEx72_NaAc_0.25M_JNL_10off_20on_20off,76,7.5,52360500,-6.736558229424984
csuEx72_NaAc_0.25M_JNL_10off_20on_20off,77,7.601,52456800,-6.565030657256911
csuEx72_NaAc_0.25M_JNL_10off_20on_20off,78,7.701,52292100,-6.858390897506979
csuEx72_NaAc_0.25M_JNL_10off_20on_20off,79,7.8,52127500,-7.151573019821256
csuEx72_NaAc_0.25M_JNL_10off_20on_20off,80,7.9,52231300,-6.966686602468752
csuEx72_NaAc_0.25M_JNL_10off_20on_20off,81,8,51899499.99999999,-7.5576819134279205
csuEx72_NaAc_0.25M_JNL_10off_20on_20off,82,8.1,51973399.99999999,-7.4260527588773435
csuEx72_NaAc_0.25M_JNL_10off_20on_20off,83,8.201,52088300,-7.221395250651873
csuEx72_NaAc_0.25M_JNL_10off_20on_20off,84,8.301,51748600,-7.826461878538625
csuEx72_NaAc_0.25M_JNL_10off_20on_20off,85,8.4,51600900,-8.089542069703988
csuEx72_NaAc_0.25M_JNL_10off_20on_20off,86,8.501,51888600,-7.5770967684292785
csuEx72_NaAc_0.25M_JNL_10off_20on_20off,87,8.601,52023500,-7.336815673045343
csuEx72_NaAc_0.25M_JNL_10off_20on_20off,88,8.701,51963800.00000001,-7.443152080713386
csuEx72_NaAc_0.25M_JNL_10off_20on_20off,89,8.801,51694300,-7.9231799176738935
csuEx72_NaAc_0.25M_JNL_10off_20on_20off,90,8.901,51733700,-7.853001450971692
csuEx72_NaAc_0.25M_JNL_10off_20on_20off,91,9,51694699.99999999,-7.922467445930738
csuEx72_NaAc_0.25M_JNL_10off_20on_20off,92,9.1,51823200,-7.693585898437502
csuEx72_NaAc_0.25M_JNL_10off_20on_20off,93,9.2,51516300,-8.24022984338435
csuEx72_NaAc_0.25M_JNL_10off_20on_20off,94,9.3,51525500,-8.22384299329145
csuEx72_NaAc_0.25M_JNL_10off_20on_20off,95,9.4,51454900,-8.349594255960879
csuEx72_NaAc_0.25M_JNL_10off_20on_20off,96,9.5,51275400,-8.66931595070822
csuEx72_NaAc_0.25M_JNL_10off_20on_20off,97,9.6,51908500,-7.541651299206592
csuEx72_NaAc_0.25M_JNL_10off_20on_20off,98,9.7,51438700,-8.378449361559245
csuEx72_NaAc_0.25M_JNL_10off_20on_20off,99,9.8,51484500.00000001,-8.296871346966316
csuEx72_NaAc_0.25M_JNL_10off_20on_20off,100,9.9,51561400,-8.159898654341982
csuEx72_NaAc_0.25M_JNL_10off_20on_20off,101,10,51219500,-8.768883876816167
csuEx72_NaAc_0.25M_JNL_10off_20on_20off,102,10.1,50748700,-9.607463118526747
csuEx72_NaAc_0.25M_JNL_10off_20on_20off,103,10.2,50145200,-10.682404861033827
csuEx72_NaAc_0.25M_JNL_10off_20on_20off,104,10.3,49949199.99999999,-11.031516015186927
csuEx72_NaAc_0.25M_JNL_10off_20on_20off,105,10.4,49811000,-11.277675002451998
csuEx72_NaAc_0.25M_JNL_10off_20on_20off,106,10.5,49706800,-11.46327389154767
csuEx72_NaAc_0.25M_JNL_10off_20on_20off,107,10.6,49397800,-12.01365831314616
csuEx72_NaAc_0.25M_JNL_10off_20on_20off,108,10.7,49716400,-11.446174569711602
csuEx72_NaAc_0.25M_JNL_10off_20on_20off,109,10.8,49859300,-11.191644039464272
csuEx72_NaAc_0.25M_JNL_10off_20on_20off,110,10.9,49509700,-11.814344342994474
csuEx72_NaAc_0.25M_JNL_10off_20on_20off,111,11,49738900,-11.406098034158314
csuEx72_NaAc_0.25M_JNL_10off_20on_20off,112,11.1,49851100,-11.20624971019925
csuEx72_NaAc_0.25M_JNL_10off_20on_20off,113,11.2,49765700,-11.358362427365952
csuEx72_NaAc_0.25M_JNL_10off_20on_20off,114,11.3,49575500,-11.69714274124308
csuEx72_NaAc_0.25M_JNL_10off_20on_20off,115,11.4,49833400,-11.237776584834503
csuEx72_NaAc_0.25M_JNL_10off_20on_20off,116,11.5,49706900,-11.463095773611878
csuEx72_NaAc_0.25M_JNL_10off_20on_20off,117,11.601,49777200,-11.337878864749827
csuEx72_NaAc_0.25M_JNL_10off_20on_20off,118,11.701,49925100,-11.074442437712879
csuEx72_NaAc_0.25M_JNL_10off_20on_20off,119,11.801,49539500,-11.76126519812834
csuEx72_NaAc_0.25M_JNL_10off_20on_20off,120,11.901,49637600,-11.586531503116005
csuEx72_NaAc_0.25M_JNL_10off_20on_20off,121,12,49884000.00000001,-11.14764890932354
csuEx72_NaAc_0.25M_JNL_10off_20on_20off,122,12.1,49519800,-11.796354431479442
csuEx72_NaAc_0.25M_JNL_10off_20on_20off,123,12.2,49367599.99999999,-12.067449929755474
csuEx72_NaAc_0.25M_JNL_10off_20on_20off,124,12.3,49557000,-11.730094559364671
csuEx72_NaAc_0.25M_JNL_10off_20on_20off,125,12.4,49655699.99999999,-11.554292156737594
csuEx72_NaAc_0.25M_JNL_10off_20on_20off,126,12.5,49520700,-11.79475137005731
csuEx72_NaAc_0.25M_JNL_10off_20on_20off,127,12.6,49409599.99999999,-11.99264039672267
csuEx72_NaAc_0.25M_JNL_10off_20on_20off,128,12.7,49723100,-11.43424066801351
csuEx72_NaAc_0.25M_JNL_10off_20on_20off,129,12.8,49424700,-11.965744588418005
csuEx72_NaAc_0.25M_JNL_10off_20on_20off,130,12.9,49396100,-12.01668631805463
csuEx72_NaAc_0.25M_JNL_10off_20on_20off,131,13,49492100,-11.845693099693934
csuEx72_NaAc_0.25M_JNL_10off_20on_20off,132,13.1,49259700.00000001,-12.259639182475437
csuEx72_NaAc_0.25M_JNL_10off_20on_20off,133,13.201,49565500,-11.714954534822319
csuEx72_NaAc_0.25M_JNL_10off_20on_20off,134,13.301,49295500,-12.195872961461776
csuEx72_NaAc_0.25M_JNL_10off_20on_20off,135,13.4,49347800,-12.102717281042356
csuEx72_NaAc_0.25M_JNL_10off_20on_20off,136,13.5,49098600,-12.546587177036994
csuEx72_NaAc_0.25M_JNL_10off_20on_20off,137,13.6,49157300,-12.44203194872686
csuEx72_NaAc_0.25M_JNL_10off_20on_20off,138,13.701,49320300,-12.151699713385263
csuEx72_NaAc_0.25M_JNL_10off_20on_20off,139,13.801,48977200,-12.762822351088957
csuEx72_NaAc_0.25M_JNL_10off_20on_20off,140,13.901,49121000,-12.506688759419498
csuEx72_NaAc_0.25M_JNL_10off_20on_20off,141,14.001,49344100,-12.109307644666673
csuEx72_NaAc_0.25M_JNL_10off_20on_20off,142,14.101,49262200,-12.255186234080641
csuEx72_NaAc_0.25M_JNL_10off_20on_20off,143,14.201,49136800,-12.4785461255643
csuEx72_NaAc_0.25M_JNL_10off_20on_20off,144,14.301,49422000,-11.9705537726844
csuEx72_NaAc_0.25M_JNL_10off_20on_20off,145,14.401,49348700,-12.101114219620221
csuEx72_NaAc_0.25M_JNL_10off_20on_20off,146,14.501,48997500,-12.726664410123101
csuEx72_NaAc_0.25M_JNL_10off_20on_20off,147,14.601,49276400,-12.229893487198122
csuEx72_NaAc_0.25M_JNL_10off_20on_20off,148,14.701,49484600,-11.859051944878363
csuEx72_NaAc_0.25M_JNL_10off_20on_20off,149,14.8,49058100,-12.618724941032914
csuEx72_NaAc_0.25M_JNL_10off_20on_20off,150,14.9,49262499.99999999,-12.254651880273277
csuEx72_NaAc_0.25M_JNL_10off_20on_20off,151,15,49192900,-12.378621963584768
csuEx72_NaAc_0.25M_JNL_10off_20on_20off,152,15.1,48970700,-12.774400016915463
csuEx72_NaAc_0.25M_JNL_10off_20on_20off,153,15.2,48853500,-12.983154237664143
csuEx72_NaAc_0.25M_JNL_10off_20on_20off,154,15.3,48874600,-12.94557135321195
csuEx72_NaAc_0.25M_JNL_10off_20on_20off,155,15.4,48895900,-12.907632232888169
csuEx72_NaAc_0.25M_JNL_10off_20on_20off,156,15.5,48842000,-13.003637800280268
csuEx72_NaAc_0.25M_JNL_10off_20on_20off,157,15.6,48985100,-12.748751034161357
csuEx72_NaAc_0.25M_JNL_10off_20on_20off,158,15.7,48857500,-12.97602952023245
csuEx72_NaAc_0.25M_JNL_10off_20on_20off,159,15.8,48816000,-13.049948463586292
csuEx72_NaAc_0.25M_JNL_10off_20on_20off,160,15.9,48811700,-13.057607534825364
csuEx72_NaAc_0.25M_JNL_10off_20on_20off,161,16,48704900,-13.247837490251637
csuEx72_NaAc_0.25M_JNL_10off_20on_20off,162,16.1,48484500,-13.640409420738067
csuEx72_NaAc_0.25M_JNL_10off_20on_20off,163,16.2,48514900,-13.586261568257182
csuEx72_NaAc_0.25M_JNL_10off_20on_20off,164,16.3,48817500,-13.047276694549407
csuEx72_NaAc_0.25M_JNL_10off_20on_20off,165,16.4,48620100,-13.398881499803586
csuEx72_NaAc_0.25M_JNL_10off_20on_20off,166,16.5,48777900,-13.117811397123191
csuEx72_NaAc_0.25M_JNL_10off_20on_20off,167,16.6,48626600,-13.387303833977079
csuEx72_NaAc_0.25M_JNL_10off_20on_20off,168,16.7,48720700,-13.21969485639644
csuEx72_NaAc_0.25M_JNL_10off_20on_20off,169,16.8,48679700,-13.292723210071319
csuEx72_NaAc_0.25M_JNL_10off_20on_20off,170,16.9,48292500,-13.982395857459458
csuEx72_NaAc_0.25M_JNL_10off_20on_20off,171,17,48516400,-13.583589799220293
csuEx72_NaAc_0.25M_JNL_10off_20on_20off,172,17.1,48420600,-13.754226781709406
csuEx72_NaAc_0.25M_JNL_10off_20on_20off,173,17.2,48021900.00000001,-14.464382991713656
csuEx72_NaAc_0.25M_JNL_10off_20on_20off,174,17.3,47941600,-14.607411694154958
csuEx72_NaAc_0.25M_JNL_10off_20on_20off,175,17.41,47657700,-15.113088513869558
csuEx72_NaAc_0.25M_JNL_10off_20on_20off,176,17.5,47694400,-15.047719231433751
csuEx72_NaAc_0.25M_JNL_10off_20on_20off,177,17.6,47607799.99999999,-15.201969363829976
csuEx72_NaAc_0.25M_JNL_10off_20on_20off,178,17.7,47584799.99999999,-15.242936489062226
csuEx72_NaAc_0.25M_JNL_10off_20on_20off,179,17.8,48023100,-14.462245576484161
csuEx72_NaAc_0.25M_JNL_10off_20on_20off,180,17.9,47497100,-15.399145918752138
csuEx72_NaAc_0.25M_JNL_10off_20on_20off,181,18.01,47743500,-14.960263324959689
csuEx72_NaAc_0.25M_JNL_10off_20on_20off,182,18.11,47966700,-14.562704092271069
csuEx72_NaAc_0.25M_JNL_10off_20on_20off,183,18.21,47624900,-15.171511196809465
csuEx72_NaAc_0.25M_JNL_10off_20on_20off,184,18.31,47798999.99999999,-14.861407870594922
csuEx72_NaAc_0.25M_JNL_10off_20on_20off,185,18.41,47717700,-15.006217752394125
csuEx72_NaAc_0.25M_JNL_10off_20on_20off,186,18.51,47601300,-15.213547029656468
csuEx72_NaAc_0.25M_JNL_10off_20on_20off,187,18.61,47839400,-14.789448224534784
csuEx72_NaAc_0.25M_JNL_10off_20on_20off,188,18.71,47524800,-15.349807250537648
csuEx72_NaAc_0.25M_JNL_10off_20on_20off,189,18.81,47340000,-15.678969195881987
csuEx72_NaAc_0.25M_JNL_10off_20on_20off,190,18.91,47304000.00000001,-15.743091652767232
csuEx72_NaAc_0.25M_JNL_10off_20on_20off,191,19.01,47355800,-15.650826562026786
csuEx72_NaAc_0.25M_JNL_10off_20on_20off,192,19.11,47315699.99999999,-15.72225185427955
csuEx72_NaAc_0.25M_JNL_10off_20on_20off,193,19.21,47622799.99999999,-15.175251673461116
csuEx72_NaAc_0.25M_JNL_10off_20on_20off,194,19.3,47087500,-16.128716983757773
csuEx72_NaAc_0.25M_JNL_10off_20on_20off,195,19.41,47366500,-15.631767942897001
csuEx72_NaAc_0.25M_JNL_10off_20on_20off,196,19.51,47355400,-15.651539033769957
csuEx72_NaAc_0.25M_JNL_10off_20on_20off,197,19.61,46944900,-16.382713160197724
csuEx72_NaAc_0.25M_JNL_10off_20on_20off,198,19.71,46963500,-16.34958322414034
csuEx72_NaAc_0.25M_JNL_10off_20on_20off,199,19.81,47247899.99999999,-15.843015814746792
csuEx72_NaAc_0.25M_JNL_10off_20on_20off,200,19.91,47309900,-15.732582694555497
csuEx72_NaAc_0.25M_JNL_10off_20on_20off,201,20.01,47634999.99999999,-15.153521285294444
csuEx72_NaAc_0.25M_JNL_10off_20on_20off,202,20.11,47249500,-15.8401659277741
csuEx72_NaAc_0.25M_JNL_10off_20on_20off,203,20.21,46946400,-16.380041391160837
csuEx72_NaAc_0.25M_JNL_10off_20on_20off,204,20.31,46885400,-16.4886933319942
csuEx72_NaAc_0.25M_JNL_10off_20on_20off,205,20.41,47177300.00000001,-15.968767077416194
csuEx72_NaAc_0.25M_JNL_10off_20on_20off,206,20.51,47148199.99999999,-16.020599396731804
csuEx72_NaAc_0.25M_JNL_10off_20on_20off,207,20.61,47088599.99999999,-16.12675768646407
csuEx72_NaAc_0.25M_JNL_10off_20on_20off,208,20.71,47132699.99999999,-16.048207676779626
csuEx72_NaAc_0.25M_JNL_10off_20on_20off,209,20.81,47238100,-15.860471372454432
csuEx72_NaAc_0.25M_JNL_10off_20on_20off,210,20.91,46943000,-16.38609740097778
csuEx72_NaAc_0.25M_JNL_10off_20on_20off,211,21.01,47460300,-15.46469331912374
csuEx72_NaAc_0.25M_JNL_10off_20on_20off,212,21.11,47182200,-15.960039298562378
csuEx72_NaAc_0.25M_JNL_10off_20on_20off,213,21.21,46832700,-16.582561484156784
csuEx72_NaAc_0.25M_JNL_10off_20on_20off,214,21.31,46963500,-16.34958322414034
csuEx72_NaAc_0.25M_JNL_10off_20on_20off,215,21.41,46861499.99999999,-16.531263518648593
csuEx72_NaAc_0.25M_JNL_10off_20on_20off,216,21.51,46839500,-16.570449464522905
csuEx72_NaAc_0.25M_JNL_10off_20on_20off,217,21.61,46717800,-16.787218992382243
csuEx72_NaAc_0.25M_JNL_10off_20on_20off,218,21.71,46981400.00000001,-16.31770011363349
csuEx72_NaAc_0.25M_JNL_10off_20on_20off,219,21.81,46829400,-16.588439376037936
csuEx72_NaAc_0.25M_JNL_10off_20on_20off,220,21.91,46510200,-17.156991827087246
csuEx72_NaAc_0.25M_JNL_10off_20on_20off,221,22.01,47027500,-16.23558774523321
csuEx72_NaAc_0.25M_JNL_10off_20on_20off,222,22.11,46757600,-16.71632805393687
csuEx72_NaAc_0.25M_JNL_10off_20on_20off,223,22.21,47016700,-16.254824482298787
csuEx72_NaAc_0.25M_JNL_10off_20on_20off,224,22.31,46590000,-17.01485371432492
csuEx72_NaAc_0.25M_JNL_10off_20on_20off,225,22.41,46916900,-16.432586182219595
csuEx72_NaAc_0.25M_JNL_10off_20on_20off,226,22.51,46877800,-16.502230295114416
csuEx72_NaAc_0.25M_JNL_10off_20on_20off,227,22.61,46630800,-16.942181596521625
csuEx72_NaAc_0.25M_JNL_10off_20on_20off,228,22.71,46747300,-16.73467420132349
csuEx72_NaAc_0.25M_JNL_10off_20on_20off,229,22.81,47047400,-16.200142276010524
csuEx72_NaAc_0.25M_JNL_10off_20on_20off,230,22.91,46979600,-16.320906236477764
csuEx72_NaAc_0.25M_JNL_10off_20on_20off,231,23.01,46920600,-16.425995818595275
csuEx72_NaAc_0.25M_JNL_10off_20on_20off,232,23.11,46442500.00000001,-17.277577669618687
csuEx72_NaAc_0.25M_JNL_10off_20on_20off,233,23.21,47042800,-16.20833570105697
csuEx72_NaAc_0.25M_JNL_10off_20on_20off,234,23.31,46199100,-17.711116725337376
csuEx72_NaAc_0.25M_JNL_10off_20on_20off,235,23.41,46688300,-16.839763783441
csuEx72_NaAc_0.25M_JNL_10off_20on_20off,236,23.51,46684200,-16.847066618808487
csuEx72_NaAc_0.25M_JNL_10off_20on_20off,237,23.61,46948700,-16.375944678637612
csuEx72_NaAc_0.25M_JNL_10off_20on_20off,238,23.71,46726200,-16.77225708577568
csuEx72_NaAc_0.25M_JNL_10off_20on_20off,239,23.81,46462800,-17.241419728652843
csuEx72_NaAc_0.25M_JNL_10off_20on_20off,240,23.91,46644900,-16.917066967574897
csuEx72_NaAc_0.25M_JNL_10off_20on_20off,241,24.01,46390500,-17.37019899623074
csuEx72_NaAc_0.25M_JNL_10off_20on_20off,242,24.11,46589100,-17.016456775747052
csuEx72_NaAc_0.25M_JNL_10off_20on_20off,243,24.21,46801100,-16.63884675186718
csuEx72_NaAc_0.25M_JNL_10off_20on_20off,244,24.31,46491700,-17.189943645208842
csuEx72_NaAc_0.25M_JNL_10off_20on_20off,245,24.41,46521700,-17.13650826447112
csuEx72_NaAc_0.25M_JNL_10off_20on_20off,246,24.51,46248800,-17.622592111248558
csuEx72_NaAc_0.25M_JNL_10off_20on_20off,247,24.61,46154500,-17.790557324700785
csuEx72_NaAc_0.25M_JNL_10off_20on_20off,248,24.71,46421400.00000001,-17.31516055407088
csuEx72_NaAc_0.25M_JNL_10off_20on_20off,249,24.81,46655300.00000001,-16.898542702252474
csuEx72_NaAc_0.25M_JNL_10off_20on_20off,250,24.91,46300700,-17.530148902572307
csuEx72_NaAc_0.25M_JNL_10off_20on_20off,251,25.01,46279600,-17.567731787024503
csuEx72_NaAc_0.25M_JNL_10off_20on_20off,252,25.11,46223100,-17.668368420747203
csuEx72_NaAc_0.25M_JNL_10off_20on_20off,253,25.21,46154100,-17.791269796443952
csuEx72_NaAc_0.25M_JNL_10off_20on_20off,254,25.31,46295100,-17.54012350697668
csuEx72_NaAc_0.25M_JNL_10off_20on_20off,255,25.41,46167200,-17.76793634685515
csuEx72_NaAc_0.25M_JNL_10off_20on_20off,256,25.51,46135200,-17.824934086308716
csuEx72_NaAc_0.25M_JNL_10off_20on_20off,257,25.61,46116200,-17.858776494109268
csuEx72_NaAc_0.25M_JNL_10off_20on_20off,258,25.71,46165600,-17.770786233827828
csuEx72_NaAc_0.25M_JNL_10off_20on_20off,259,25.81,46271000.00000001,-17.583049929502632
csuEx72_NaAc_0.25M_JNL_10off_20on_20off,260,25.91,46464100.00000001,-17.239104195487528
csuEx72_NaAc_0.25M_JNL_10off_20on_20off,261,26.01,45754500,-18.50302906787035
csuEx72_NaAc_0.25M_JNL_10off_20on_20off,262,26.11,46207100,-17.696867290473985
csuEx72_NaAc_0.25M_JNL_10off_20on_20off,263,26.21,46202400,-17.70523883345623
csuEx72_NaAc_0.25M_JNL_10off_20on_20off,264,26.31,46216600,-17.679946086573707
csuEx72_NaAc_0.25M_JNL_10off_20on_20off,265,26.41,45874700,-18.288931309047896
csuEx72_NaAc_0.25M_JNL_10off_20on_20off,266,26.51,45949099.99999999,-18.15641156481837
csuEx72_NaAc_0.25M_JNL_10off_20on_20off,267,26.61,45985100,-18.092289107933095
csuEx72_NaAc_0.25M_JNL_10off_20on_20off,268,26.71,45780400,-18.45689652250012
csuEx72_NaAc_0.25M_JNL_10off_20on_20off,269,26.81,46100400,-17.886919127964468
csuEx72_NaAc_0.25M_JNL_10off_20on_20off,270,26.91,45705000,-18.59119744608758
csuEx72_NaAc_0.25M_JNL_10off_20on_20off,271,27.01,45942000,-18.169057938259616
csuEx72_NaAc_0.25M_JNL_10off_20on_20off,272,27.11,46038300,-17.997530366091542
csuEx72_NaAc_0.25M_JNL_10off_20on_20off,273,27.21,45915600,-18.216081073308807
csuEx72_NaAc_0.25M_JNL_10off_20on_20off,274,27.31,45869600,-18.298015323773306
csuEx72_NaAc_0.25M_JNL_10off_20on_20off,275,27.41,46046200,-17.983459049163944
csuEx72_NaAc_0.25M_JNL_10off_20on_20off,276,27.51,45850200,-18.33257020331703
csuEx72_NaAc_0.25M_JNL_10off_20on_20off,277,27.61,45553900,-18.860333647069886
csuEx72_NaAc_0.25M_JNL_10off_20on_20off,278,27.71,45924699.99999999,-18.199872341151714
csuEx72_NaAc_0.25M_JNL_10off_20on_20off,279,27.81,46163800,-17.773992356672093
csuEx72_NaAc_0.25M_JNL_10off_20on_20off,280,27.91,45853700,-18.3263360755643
csuEx72_NaAc_0.25M_JNL_10off_20on_20off,281,28.01,45928900,-18.19239138784842
csuEx72_NaAc_0.25M_JNL_10off_20on_20off,282,28.11,45627800,-18.728704492519306
csuEx72_NaAc_0.25M_JNL_10off_20on_20off,283,28.21,45637800.00000001,-18.710892698940057
csuEx72_NaAc_0.25M_JNL_10off_20on_20off,284,28.31,45552900,-18.86211482642781
csuEx72_NaAc_0.25M_JNL_10off_20on_20off,285,28.41,45855400,-18.323308070655823
csuEx72_NaAc_0.25M_JNL_10off_20on_20off,286,28.51,45817800,-18.390280414513764
csuEx72_NaAc_0.25M_JNL_10off_20on_20off,287,28.61,45691400,-18.61542148535535
csuEx72_NaAc_0.25M_JNL_10off_20on_20off,288,28.71,45433000,-19.075678231442886
csuEx72_NaAc_0.25M_JNL_10off_20on_20off,289,28.81,45426200,-19.08779025107677
csuEx72_NaAc_0.25M_JNL_10off_20on_20off,290,28.91,45283400,-19.342142663388305
csuEx72_NaAc_0.25M_JNL_10off_20on_20off,291,29.01,45142500,-19.593110834919784
csuEx72_NaAc_0.25M_JNL_10off_20on_20off,292,29.11,45744300.00000001,-18.52119709732116
csuEx72_NaAc_0.25M_JNL_10off_20on_20off,293,29.21,45737400,-18.533487234890845
csuEx72_NaAc_0.25M_JNL_10off_20on_20off,294,29.31,45164600,-19.553746771109665
csuEx72_NaAc_0.25M_JNL_10off_20on_20off,295,29.41,45415300,-19.10720510607814
csuEx72_NaAc_0.25M_JNL_10off_20on_20off,296,29.51,45298900,-19.314534383340483
csuEx72_NaAc_0.25M_JNL_10off_20on_20off,297,29.61,45366200,-19.194661012552206
csuEx72_NaAc_0.25M_JNL_10off_20on_20off,298,29.71,45094100,-19.6793199158433
csuEx72_NaAc_0.25M_JNL_10off_20on_20off,299,29.81,45295200,-19.321124746964802
csuEx72_NaAc_0.25M_JNL_10off_20on_20off,300,29.91,45067300,-19.727055522635663
csuEx72_NaAc_0.25M_JNL_10off_20on_20off,301,30.01,44683000,-20.41156274988582
csuEx72_NaAc_0.25M_JNL_10off_20on_20off,302,30.11,44547700,-20.652556317012927
csuEx72_NaAc_0.25M_JNL_10off_20on_20off,303,30.21,44876300,-20.06726077999913
csuEx72_NaAc_0.25M_JNL_10off_20on_20off,304,30.31,44639500,-20.48904405195551
csuEx72_NaAc_0.25M_JNL_10off_20on_20off,305,30.41,44946700,-19.941865753201284
csuEx72_NaAc_0.25M_JNL_10off_20on_20off,306,30.51,45158500,-19.564611965193002
csuEx72_NaAc_0.25M_JNL_10off_20on_20off,307,30.61,45042700,-19.77087253484059
csuEx72_NaAc_0.25M_JNL_10off_20on_20off,308,30.71,45079200,-19.705859488276367
csuEx72_NaAc_0.25M_JNL_10off_20on_20off,309,30.81,45253000,-19.39629051586919
csuEx72_NaAc_0.25M_JNL_10off_20on_20off,310,30.91,45375600,-19.17791792658772
csuEx72_NaAc_0.25M_JNL_10off_20on_20off,311,31.01,45453700,-19.03880781873386
csuEx72_NaAc_0.25M_JNL_10off_20on_20off,312,31.11,45401700,-19.131429145345905
csuEx72_NaAc_0.25M_JNL_10off_20on_20off,313,31.21,45220900.00000001,-19.453466373258536
csuEx72_NaAc_0.25M_JNL_10off_20on_20off,314,31.31,45360600,-19.20463561695658
csuEx72_NaAc_0.25M_JNL_10off_20on_20off,315,31.41,45053700,-19.751279561903427
csuEx72_NaAc_0.25M_JNL_10off_20on_20off,316,31.51,45499700,-18.956873568269362
csuEx72_NaAc_0.25M_JNL_10off_20on_20off,317,31.61,45125000,-19.624281473683453
csuEx72_NaAc_0.25M_JNL_10off_20on_20off,318,31.71,44932200,-19.967692853891183
csuEx72_NaAc_0.25M_JNL_10off_20on_20off,319,31.81,44900200,-20.024690593344747
csuEx72_NaAc_0.25M_JNL_10off_20on_20off,320,31.91,44916900,-19.99494489806742
csuEx72_NaAc_0.25M_JNL_10off_20on_20off,321,32.01,44980200,-19.882196244710833
csuEx72_NaAc_0.25M_JNL_10off_20on_20off,322,32.11,45155100,-19.570667975009943
csuEx72_NaAc_0.25M_JNL_10off_20on_20off,323,32.21,44684700,-20.40853474497735
csuEx72_NaAc_0.25M_JNL_10off_20on_20off,324,32.31,44815900,-20.174844013217733
csuEx72_NaAc_0.25M_JNL_10off_20on_20off,325,32.41,45001300.00000001,-19.844613360258627
csuEx72_NaAc_0.25M_JNL_10off_20on_20off,326,32.51,44697400,-20.385913767131715
csuEx72_NaAc_0.25M_JNL_10off_20on_20off,327,32.61,44735600,-20.317872715659025
csuEx72_NaAc_0.25M_JNL_10off_20on_20off,328,32.71,44778600,-20.241282003268296
csuEx72_NaAc_0.25M_JNL_10off_20on_20off,329,32.81,44545500,-20.65647491160036
csuEx72_NaAc_0.25M_JNL_10off_20on_20off,330,32.91,44399700,-20.916170861985666
csuEx72_NaAc_0.25M_JNL_10off_20on_20off,331,33.01,44635100,-20.496881241130378
csuEx72_NaAc_0.25M_JNL_10off_20on_20off,332,33.11,44691599.99999999,-20.396244607407688
csuEx72_NaAc_0.25M_JNL_10off_20on_20off,333,33.21,44458399.99999999,-20.811615633675544
csuEx72_NaAc_0.25M_JNL_10off_20on_20off,334,33.31,44320100,-21.05795273887641
csuEx72_NaAc_0.25M_JNL_10off_20on_20off,335,33.41,44238400,-21.203475092418792
csuEx72_NaAc_0.25M_JNL_10off_20on_20off,336,33.51,44026300,-21.581263234234456
csuEx72_NaAc_0.25M_JNL_10off_20on_20off,337,33.61,44372000,-20.96550953020016
csuEx72_NaAc_0.25M_JNL_10off_20on_20off,338,33.71,44082200,-21.481695308126508
csuEx72_NaAc_0.25M_JNL_10off_20on_20off,339,33.81,44268700,-21.1495053578737
csuEx72_NaAc_0.25M_JNL_10off_20on_20off,340,33.91,44335100,-21.03123504850755
csuEx72_NaAc_0.25M_JNL_10off_20on_20off,341,34.01,44173900,-21.318361161004884
csuEx72_NaAc_0.25M_JNL_10off_20on_20off,342,34.11,44138000,-21.382305499954356
csuEx72_NaAc_0.25M_JNL_10off_20on_20off,343,34.21,43735500,-22.09923019151873
csuEx72_NaAc_0.25M_JNL_10off_20on_20off,344,34.31,43847400,-21.89991622136704
csuEx72_NaAc_0.25M_JNL_10off_20on_20off,345,34.41,44071100,-21.501466398999465
csuEx72_NaAc_0.25M_JNL_10off_20on_20off,346,34.51,43668900,-22.21785673675646
csuEx72_NaAc_0.25M_JNL_10off_20on_20off,347,34.61,43896100,-21.813172786636148
csuEx72_NaAc_0.25M_JNL_10off_20on_20off,348,34.712,43597500,-22.345032942912226
csuEx72_NaAc_0.25M_JNL_10off_20on_20off,349,34.81,43714900,-22.13592248629196
csuEx72_NaAc_0.25M_JNL_10off_20on_20off,350,34.91,43650800,-22.250096083134885
csuEx72_NaAc_0.25M_JNL_10off_20on_20off,351,35.01,43666900,-22.22141909547231
csuEx72_NaAc_0.25M_JNL_10off_20on_20off,352,35.11,43390400,-22.713915187938273
csuEx72_NaAc_0.25M_JNL_10off_20on_20off,353,35.21,44604300,-20.551741565354433
csuEx72_NaAc_0.25M_JNL_10off_20on_20off,354,35.31,47826500,-14.812425438252003
csuEx72_NaAc_0.25M_JNL_10off_20on_20off,355,35.41,48367900,-13.848094933871996
csuEx72_NaAc_0.25M_JNL_10off_20on_20off,356,35.51,48313900,-13.944278619199887
csuEx72_NaAc_0.25M_JNL_10off_20on_20off,357,35.61,48274900,-14.013744614158922
csuEx72_NaAc_0.25M_JNL_10off_20on_20off,358,35.71,48115200,-14.298198957619368
csuEx72_NaAc_0.25M_JNL_10off_20on_20off,359,35.81,48345500,-13.887993351489492
csuEx72_NaAc_0.25M_JNL_10off_20on_20off,360,35.91,48072400,-14.374433434138512
csuEx72_NaAc_0.25M_JNL_10off_20on_20off,361,36.01,48141800,-14.250819586698594
csuEx72_NaAc_0.25M_JNL_10off_20on_20off,362,36.11,48353800,-13.873209562818722
csuEx72_NaAc_0.25M_JNL_10off_20on_20off,363,36.21,48242500,-14.071454825355655
csuEx72_NaAc_0.25M_JNL_10off_20on_20off,364,36.31,48145400,-14.244407341010067
csuEx72_NaAc_0.25M_JNL_10off_20on_20off,365,36.41,47848900,-14.772527020634508
csuEx72_NaAc_0.25M_JNL_10off_20on_20off,366,36.51,48049500,-14.415222441434969
csuEx72_NaAc_0.25M_JNL_10off_20on_20off,367,36.61,48012499.99999999,-14.48112607767817
csuEx72_NaAc_0.25M_JNL_10off_20on_20off,368,36.71,47824600.00000001,-14.815809679032043
csuEx72_NaAc_0.25M_JNL_10off_20on_20off,369,36.81,48062300,-14.392423345653544
csuEx72_NaAc_0.25M_JNL_10off_20on_20off,370,36.91,47846700,-14.77644561522194
csuEx72_NaAc_0.25M_JNL_10off_20on_20off,371,37.01,47945399.99999999,-14.600643212594862
csuEx72_NaAc_0.25M_JNL_10off_20on_20off,372,37.11,47740100,-14.966319334776628
csuEx72_NaAc_0.25M_JNL_10off_20on_20off,373,37.21,47624100,-15.172936140295803
csuEx72_NaAc_0.25M_JNL_10off_20on_20off,374,37.31,47822600,-14.819372037747906
csuEx72_NaAc_0.25M_JNL_10off_20on_20off,375,37.41,47674200.00000001,-15.0836990544638
csuEx72_NaAc_0.25M_JNL_10off_20on_20off,376,37.51,47699500,-15.03863521670834
csuEx72_NaAc_0.25M_JNL_10off_20on_20off,377,37.61,47468199.99999999,-15.450622002196154
csuEx72_NaAc_0.25M_JNL_10off_20on_20off,378,37.71,47481900,-15.426219844992584
csuEx72_NaAc_0.25M_JNL_10off_20on_20off,379,37.81,47436900,-15.50637291609916
csuEx72_NaAc_0.25M_JNL_10off_20on_20off,380,37.91,47174800,-15.973220025811017
csuEx72_NaAc_0.25M_JNL_10off_20on_20off,381,38.01,47364200,-15.635864655420228
csuEx72_NaAc_0.25M_JNL_10off_20on_20off,382,38.11,47313599.99999999,-15.72599233093119
csuEx72_NaAc_0.25M_JNL_10off_20on_20off,383,38.21,47599300,-15.217109388372316
csuEx72_NaAc_0.25M_JNL_10off_20on_20off,384,38.31,47415000,-15.545380744037693
csuEx72_NaAc_0.25M_JNL_10off_20on_20off,385,38.41,47404600,-15.563905009360102
csuEx72_NaAc_0.25M_JNL_10off_20on_20off,386,38.51,47292300,-15.763931451254956
csuEx72_NaAc_0.25M_JNL_10off_20on_20off,387,38.61,47154200,-16.00991232058425
csuEx72_NaAc_0.25M_JNL_10off_20on_20off,388,38.71,47515800,-15.365837864758964
csuEx72_NaAc_0.25M_JNL_10off_20on_20off,389,38.81,47135300.00000001,-16.043576610448998
csuEx72_NaAc_0.25M_JNL_10off_20on_20off,390,38.91,46837300,-16.574368059110338
csuEx72_NaAc_0.25M_JNL_10off_20on_20off,391,39.01,47284200,-15.77835900405414
csuEx72_NaAc_0.25M_JNL_10off_20on_20off,392,39.11,46853000,-16.546403543190934
csuEx72_NaAc_0.25M_JNL_10off_20on_20off,393,39.21,46866600,-16.522179503923166
csuEx72_NaAc_0.25M_JNL_10off_20on_20off,394,39.31,46937500,-16.395893887446363
csuEx72_NaAc_0.25M_JNL_10off_20on_20off,395,39.41,46902799.99999999,-16.457700811166333
csuEx72_NaAc_0.25M_JNL_10off_20on_20off,396,39.51,46814500,-16.614978948471002
csuEx72_NaAc_0.25M_JNL_10off_20on_20off,397,39.61,46953400,-16.36757313565537
csuEx72_NaAc_0.25M_JNL_10off_20on_20off,398,39.71,46681100.00000001,-16.85258827481804
csuEx72_NaAc_0.25M_JNL_10off_20on_20off,399,39.81,46916399.99999999,-16.43347677189857
csuEx72_NaAc_0.25M_JNL_10off_20on_20off,400,39.91,46813900.00000001,-16.61604765608574
csuEx72_NaAc_0.25M_JNL_10off_20on_20off,401,40.01,46748200.00000001,-16.73307113990134
csuEx72_NaAc_0.25M_JNL_10off_20on_20off,402,40.11,46593300,-17.008975822443773
csuEx72_NaAc_0.25M_JNL_10off_20on_20off,403,40.21,46723300,-16.777422505913663
csuEx72_NaAc_0.25M_JNL_10off_20on_20off,404,40.31,46628200,-16.946812662852224
csuEx72_NaAc_0.25M_JNL_10off_20on_20off,405,40.41,46651100,-16.906023655555767
csuEx72_NaAc_0.25M_JNL_10off_20on_20off,406,40.51,46541000,-17.10213150286319
csuEx72_NaAc_0.25M_JNL_10off_20on_20off,407,40.61,46800200,-16.64044981328931
csuEx72_NaAc_0.25M_JNL_10off_20on_20off,408,40.71,46381300,-17.38658584632364
csuEx72_NaAc_0.25M_JNL_10off_20on_20off,409,40.81,46382000,-17.385339020773095
csuEx72_NaAc_0.25M_JNL_10off_20on_20off,410,40.91,46269700,-17.585365462667948
csuEx72_NaAc_0.25M_JNL_10off_20on_20off,411,41.011,46347300,-17.44714594449305
csuEx72_NaAc_0.25M_JNL_10off_20on_20off,412,41.11,46293100,-17.54368586569253
csuEx72_NaAc_0.25M_JNL_10off_20on_20off,413,41.21,46295200,-17.539945389040888
csuEx72_NaAc_0.25M_JNL_10off_20on_20off,414,41.31,46162100,-17.77702036158056
csuEx72_NaAc_0.25M_JNL_10off_20on_20off,415,41.41,46279199.99999999,-17.568444258767684
csuEx72_NaAc_0.25M_JNL_10off_20on_20off,416,41.511,45654500,-18.68114700366274
csuEx72_NaAc_0.25M_JNL_10off_20on_20off,417,41.61,45965000,-18.128090813027363
csuEx72_NaAc_0.25M_JNL_10off_20on_20off,418,41.71,45990300,-18.083026975271892
csuEx72_NaAc_0.25M_JNL_10off_20on_20off,419,41.81,45969900,-18.11936303417354
csuEx72_NaAc_0.25M_JNL_10off_20on_20off,420,41.91,45983900,-18.094426523162603
csuEx72_NaAc_0.25M_JNL_10off_20on_20off,421,42.01,46054100,-17.969387732236346
csuEx72_NaAc_0.25M_JNL_10off_20on_20off,422,42.11,46006900,-18.053459397930354
csuEx72_NaAc_0.25M_JNL_10off_20on_20off,423,42.21,45878700,-18.2818065916162
csuEx72_NaAc_0.25M_JNL_10off_20on_20off,424,42.31,45914300,-18.21839660647411
csuEx72_NaAc_0.25M_JNL_10off_20on_20off,425,42.41,45684100,-18.62842409466819
csuEx72_NaAc_0.25M_JNL_10off_20on_20off,426,42.51,45603500,-18.77198715091686
csuEx72_NaAc_0.25M_JNL_10off_20on_20off,427,42.61,45875000,-18.28839695524052
csuEx72_NaAc_0.25M_JNL_10off_20on_20off,428,42.71,45629300,-18.726032723482422
csuEx72_NaAc_0.25M_JNL_10off_20on_20off,429,42.81,45404200,-19.126976196951095
csuEx72_NaAc_0.25M_JNL_10off_20on_20off,430,42.91,45181500,-19.523644839960753
csuEx72_NaAc_0.25M_JNL_10off_20on_20off,431,43.01,45616300,-18.749188055135434
csuEx72_NaAc_0.25M_JNL_10off_20on_20off,432,43.11,45591300,-18.79371753908353
csuEx72_NaAc_0.25M_JNL_10off_20on_20off,433,43.21,45741699.99999999,-18.525828163651788
csuEx72_NaAc_0.25M_JNL_10off_20on_20off,434,43.31,45305000,-19.303669189257146
csuEx72_NaAc_0.25M_JNL_10off_20on_20off,435,43.41,45510900,-18.936924359460612
csuEx72_NaAc_0.25M_JNL_10off_20on_20off,436,43.51,45259200,-19.38524720385006
csuEx72_NaAc_0.25M_JNL_10off_20on_20off,437,43.61,45036600,-19.781737728923925
csuEx72_NaAc_0.25M_JNL_10off_20on_20off,438,43.71,45331200,-19.25700229007954
csuEx72_NaAc_0.25M_JNL_10off_20on_20off,439,43.81,45235500,-19.427461154632862
csuEx72_NaAc_0.25M_JNL_10off_20on_20off,440,43.91,45427400,-19.08565283584726
csuEx72_NaAc_0.25M_JNL_10off_20on_20off,441,44.01,44971000,-19.898583094803733
csuEx72_NaAc_0.25M_JNL_10off_20on_20off,442,44.11,45295400,-19.320768511093217
csuEx72_NaAc_0.25M_JNL_10off_20on_20off,443,44.21,45162200,-19.558021601568683
csuEx72_NaAc_0.25M_JNL_10off_20on_20off,444,44.31,45038700,-19.777997252272286
csuEx72_NaAc_0.25M_JNL_10off_20on_20off,445,44.41,45287100,-19.335552299763986
csuEx72_NaAc_0.25M_JNL_10off_20on_20off,446,44.51,45280300,-19.347664319397868
csuEx72_NaAc_0.25M_JNL_10off_20on_20off,447,44.61,45104900,-19.660083178777725
csuEx72_NaAc_0.25M_JNL_10off_20on_20off,448,44.712,45177400,-19.53094767532824
csuEx72_NaAc_0.25M_JNL_10off_20on_20off,449,44.81,44817600.00000001,-20.17181600830925
csuEx72_NaAc_0.25M_JNL_10off_20on_20off,450,44.91,44694100,-20.391791659012863
csuEx72_NaAc_0.25M_JNL_10off_20on_20off,451,45.01,44759900,-20.27459005726147
csuEx72_NaAc_0.25M_JNL_10off_20on_20off,452,45.11,45261400,-19.38132860926263
csuEx72_NaAc_0.25M_JNL_10off_20on_20off,453,45.21,44814000,-20.178228253997787
csuEx72_NaAc_0.25M_JNL_10off_20on_20off,454,45.31,44404300,-20.907977436939216
csuEx72_NaAc_0.25M_JNL_10off_20on_20off,455,45.41,44639200,-20.48957840576289
csuEx72_NaAc_0.25M_JNL_10off_20on_20off,456,45.51,44400400,-20.91492403643512
csuEx72_NaAc_0.25M_JNL_10off_20on_20off,457,45.61,44324600,-21.04993743176575
csuEx72_NaAc_0.25M_JNL_10off_20on_20off,458,45.71,44786700,-20.226854450469112
csuEx72_NaAc_0.25M_JNL_10off_20on_20off,459,45.81,44411100,-20.895865417305334
csuEx72_NaAc_0.25M_JNL_10off_20on_20off,460,45.91,44623900,-20.516830449939125
csuEx72_NaAc_0.25M_JNL_10off_20on_20off,461,46.01,44565200,-20.621385678249258
csuEx72_NaAc_0.25M_JNL_10off_20on_20off,462,46.11,44248700,-21.185128945032176
csuEx72_NaAc_0.25M_JNL_10off_20on_20off,463,46.21,44382800,-20.94627279313458
csuEx72_NaAc_0.25M_JNL_10off_20on_20off,464,46.31,44388600,-20.935941952858624
csuEx72_NaAc_0.25M_JNL_10off_20on_20off,465,46.41,44342700,-21.01769808538733
csuEx72_NaAc_0.25M_JNL_10off_20on_20off,466,46.51,44569700,-20.6133703711386
csuEx72_NaAc_0.25M_JNL_10off_20on_20off,467,46.61,44588200,-20.580418553017008
csuEx72_NaAc_0.25M_JNL_10off_20on_20off,468,46.71,44307299.99999999,-21.08075183465785
csuEx72_NaAc_0.25M_JNL_10off_20on_20off,469,46.81,44158400,-21.345969441052706
csuEx72_NaAc_0.25M_JNL_10off_20on_20off,470,46.91,44436900,-20.849910989870896
csuEx72_NaAc_0.25M_JNL_10off_20on_20off,471,47.01,44443700,-20.837798970237014
csuEx72_NaAc_0.25M_JNL_10off_20on_20off,472,47.11,44286600,-21.11762224736686
csuEx72_NaAc_0.25M_JNL_10off_20on_20off,473,47.21,44511700,-20.716678773898188
csuEx72_NaAc_0.25M_JNL_10off_20on_20off,474,47.31,44028300,-21.57770087551861
csuEx72_NaAc_0.25M_JNL_10off_20on_20off,475,47.41,44241600,-21.197775318473436
csuEx72_NaAc_0.25M_JNL_10off_20on_20off,476,47.51,44193700,-21.283093809717993
csuEx72_NaAc_0.25M_JNL_10off_20on_20off,477,47.61,44242900,-21.195459785308135
csuEx72_NaAc_0.25M_JNL_10off_20on_20off,478,47.71,44149000,-21.36271252701719
csuEx72_NaAc_0.25M_JNL_10off_20on_20off,479,47.81,43998900,-21.63006754864157
csuEx72_NaAc_0.25M_JNL_10off_20on_20off,480,47.91,44192500,-21.285231224947502
csuEx72_NaAc_0.25M_JNL_10off_20on_20off,481,48.01,44106900,-21.43770017798579
csuEx72_NaAc_0.25M_JNL_10off_20on_20off,482,48.11,43957700,-21.703452138188034
csuEx72_NaAc_0.25M_JNL_10off_20on_20off,483,48.21,43744200,-22.083733931104792
csuEx72_NaAc_0.25M_JNL_10off_20on_20off,484,48.31,43654400.00000001,-22.243683837446344
csuEx72_NaAc_0.25M_JNL_10off_20on_20off,485,48.41,43904400,-21.79838899796538
csuEx72_NaAc_0.25M_JNL_10off_20on_20off,486,48.51,43638899.99999999,-22.27129211749419
csuEx72_NaAc_0.25M_JNL_10off_20on_20off,487,48.61,43440600,-22.62449998417049
csuEx72_NaAc_0.25M_JNL_10off_20on_20off,488,48.71,43908900,-21.79037369085472
csuEx72_NaAc_0.25M_JNL_10off_20on_20off,489,48.81,43724500,-22.118823164455893
csuEx72_NaAc_0.25M_JNL_10off_20on_20off,490,48.91,43356700,-22.773940932300306
csuEx72_NaAc_0.25M_JNL_10off_20on_20off,491,49.01,43443800,-22.618800210225135
csuEx72_NaAc_0.25M_JNL_10off_20on_20off,492,49.11,43335600,-22.8115238167525
csuEx72_NaAc_0.25M_JNL_10off_20on_20off,493,49.21,43357900,-22.7718035170708
csuEx72_NaAc_0.25M_JNL_10off_20on_20off,494,49.31,43425500,-22.65139579247514
csuEx72_NaAc_0.25M_JNL_10off_20on_20off,496,49.51,43522700,-22.478265158884938
csuEx72_NaAc_0.25M_JNL_10off_20on_20off,497,49.61,43034700,-23.347480685551805
csuEx72_NaAc_0.25M_JNL_10off_20on_20off,498,49.71,43494000,-22.529385006457353
csuEx72_NaAc_0.25M_JNL_10off_20on_20off,499,49.81,43131700.00000001,-23.174706287833175
csuEx72_NaAc_0.25M_JNL_10off_20on_20off,500,49.91,43038200,-23.34124655779907
csuEx72_NaAc_0.25M_JNL_10off_20on_20off,501,50.01,43240100,-22.981626445434234
csuEx72_NaAc_0.25M_JNL_10off_20on_20off,502,50.11,43143200.00000001,-23.15422272521705
csuEx72_NaAc_0.25M_JNL_10off_20on_20off,503,50.21,43118299.99999999,-23.19857409122938
csuEx72_NaAc_0.25M_JNL_10off_20on_20off,504,50.31,43121600.00000001,-23.192696199348205
csuEx72_NaAc_0.25M_JNL_10off_20on_20off,505,50.41,43380300,-22.7319050994533
csuEx72_NaAc_0.25M_JNL_10off_20on_20off,506,50.51,43032800,-23.35086492633186
csuEx72_NaAc_0.25M_JNL_10off_20on_20off,507,50.61,43411500,-22.676332303486078
csuEx72_NaAc_0.25M_JNL_10off_20on_20off,508,50.71,43177199.99999999,-23.093662627047664
csuEx72_NaAc_0.25M_JNL_10off_20on_20off,509,50.81,42646300,-24.039290748169453
csuEx72_NaAc_0.25M_JNL_10off_20on_20off,510,50.91,42923800,-23.54501347634557
csuEx72_NaAc_0.25M_JNL_10off_20on_20off,511,51.01,42866300,-23.647431289426194
csuEx72_NaAc_0.25M_JNL_10off_20on_20off,512,51.11,43050400,-23.3195161696324
csuEx72_NaAc_0.25M_JNL_10off_20on_20off,513,51.21,43124399.99999999,-23.187708897146045
csuEx72_NaAc_0.25M_JNL_10off_20on_20off,514,51.31,42896500,-23.59363967281689
csuEx72_NaAc_0.25M_JNL_10off_20on_20off,515,51.41,43127400,-23.18236535907226
csuEx72_NaAc_0.25M_JNL_10off_20on_20off,516,51.51,43075700,-23.274452331876926
csuEx72_NaAc_0.25M_JNL_10off_20on_20off,517,51.61,42533600,-24.240029661807476
csuEx72_NaAc_0.25M_JNL_10off_20on_20off,518,51.71,42927900,-23.53771064097808
csuEx72_NaAc_0.25M_JNL_10off_20on_20off,519,51.81,42717599.99999999,-23.91229265994949
csuEx72_NaAc_0.25M_JNL_10off_20on_20off,520,51.91,43149600,-23.14282317732635
csuEx72_NaAc_0.25M_JNL_10off_20on_20off,521,52.01,42477200,-24.340488177594388
csuEx72_NaAc_0.25M_JNL_10off_20on_20off,522,52.11,42364800,-24.540692737425037
csuEx72_NaAc_0.25M_JNL_10off_20on_20off,523,52.21,42652599.99999999,-24.028069318214545
csuEx72_NaAc_0.25M_JNL_10off_20on_20off,524,52.31,42484200,-24.32801992208892
csuEx72_NaAc_0.25M_JNL_10off_20on_20off,525,52.41,42566200,-24.18196321473916
csuEx72_NaAc_0.25M_JNL_10off_20on_20off,526,52.51,42527400,-24.251072973826606
csuEx72_NaAc_0.25M_JNL_10off_20on_20off,527,52.61,42377500,-24.518071759579403
csuEx72_NaAc_0.25M_JNL_10off_20on_20off,528,52.71,42373100,-24.525908948754267
csuEx72_NaAc_0.25M_JNL_10off_20on_20off,529,52.81,42048100,-25.104792240079536
csuEx72_NaAc_0.25M_JNL_10off_20on_20off,530,52.91,42347400.00000001,-24.5716852582529
csuEx72_NaAc_0.25M_JNL_10off_20on_20off,531,53.01,42143800,-24.93433337552622
csuEx72_NaAc_0.25M_JNL_10off_20on_20off,532,53.11,42333600,-24.596265533392263
csuEx72_NaAc_0.25M_JNL_10off_20on_20off,533,53.21,42020700,-25.15359655448665
csuEx72_NaAc_0.25M_JNL_10off_20on_20off,534,53.31,42200800,-24.832806152124558
csuEx72_NaAc_0.25M_JNL_10off_20on_20off,535,53.41,41982900,-25.220925134216177
csuEx72_NaAc_0.25M_JNL_10off_20on_20off,536,53.51,42177100,-24.875020102907353
csuEx72_NaAc_0.25M_JNL_10off_20on_20off,537,53.61,42311300,-24.635985833073963
csuEx72_NaAc_0.25M_JNL_10off_20on_20off,538,53.71,41930100,-25.314971404314562
csuEx72_NaAc_0.25M_JNL_10off_20on_20off,539,53.81,42089700,-25.0306951787899
csuEx72_NaAc_0.25M_JNL_10off_20on_20off,540,53.91,42385800,-24.503287970908634
csuEx72_NaAc_0.25M_JNL_10off_20on_20off,541,54.01,41742400,-25.64929876979688
csuEx72_NaAc_0.25M_JNL_10off_20on_20off,542,54.11,42074100,-25.058481576773517
csuEx72_NaAc_0.25M_JNL_10off_20on_20off,543,54.21,41996300,-25.197057330819995
csuEx72_NaAc_0.25M_JNL_10off_20on_20off,544,54.31,41872400,-25.41774545326677
csuEx72_NaAc_0.25M_JNL_10off_20on_20off,545,54.41,42178100,-24.87323892354943
csuEx72_NaAc_0.25M_JNL_10off_20on_20off,546,54.51,42241500,-24.760312152257054
csuEx72_NaAc_0.25M_JNL_10off_20on_20off,547,54.61,42065600,-25.07362160131587
csuEx72_NaAc_0.25M_JNL_10off_20on_20off,548,54.712,42248500,-24.747843896751586
csuEx72_NaAc_0.25M_JNL_10off_20on_20off,549,54.81,42155400,-24.9136716949743
csuEx72_NaAc_0.25M_JNL_10off_20on_20off,550,54.91,42272100,-24.705808063904584
csuEx72_NaAc_0.25M_JNL_10off_20on_20off,551,55.01,42251400,-24.742678476613605
csuEx72_NaAc_0.25M_JNL_10off_20on_20off,552,55.11,42083900,-25.04102601906586
csuEx72_NaAc_0.25M_JNL_10off_20on_20off,553,55.21,41788400,-25.56736451933238
csuEx72_NaAc_0.25M_JNL_10off_20on_20off,554,55.31,42165800.00000001,-24.89514742965188
csuEx72_NaAc_0.25M_JNL_10off_20on_20off,555,55.41,42010300,-25.172120819809063
csuEx72_NaAc_0.25M_JNL_10off_20on_20off,556,55.51,41912600,-25.346142043078228
csuEx72_NaAc_0.25M_JNL_10off_20on_20off,557,55.61,41855900,-25.447134912672514
csuEx72_NaAc_0.25M_JNL_10off_20on_20off,558,55.71,41957800,-25.26563273610007
csuEx72_NaAc_0.25M_JNL_10off_20on_20off,559,55.81,41937200,-25.302325030873302
csuEx72_NaAc_0.25M_JNL_10off_20on_20off,560,55.91,42003000,-25.18512342912191
csuEx72_NaAc_0.25M_JNL_10off_20on_20off,561,56.01,41638700,-25.834007069213587
csuEx72_NaAc_0.25M_JNL_10off_20on_20off,562,56.11,41541700,-26.006781466932203
csuEx72_NaAc_0.25M_JNL_10off_20on_20off,563,56.21,41728800,-25.673522809064643
csuEx72_NaAc_0.25M_JNL_10off_20on_20off,564,56.31,41957900,-25.265454618164274
csuEx72_NaAc_0.25M_JNL_10off_20on_20off,565,56.41,41665800,-25.785737108613848
csuEx72_NaAc_0.25M_JNL_10off_20on_20off,566,56.51,41881000.00000001,-25.40242731078861
csuEx72_NaAc_0.25M_JNL_10off_20on_20off,567,56.61,41435900,-26.195230243000555
csuEx72_NaAc_0.25M_JNL_10off_20on_20off,568,56.71,41986500,-25.21451288852765
csuEx72_NaAc_0.25M_JNL_10off_20on_20off,569,56.81,41380500,-26.293907579429543
csuEx72_NaAc_0.25M_JNL_10off_20on_20off,570,56.91,41670200,-25.777899919438983
csuEx72_NaAc_0.25M_JNL_10off_20on_20off,571,57.01,41678000,-25.76400672044718
csuEx72_NaAc_0.25M_JNL_10off_20on_20off,572,57.11,41177200,-26.656021342895475
csuEx72_NaAc_0.25M_JNL_10off_20on_20off,573,57.21,41554200,-25.984516724958155
csuEx72_NaAc_0.25M_JNL_10off_20on_20off,574,57.31,41145300,-26.71284096441325
csuEx72_NaAc_0.25M_JNL_10off_20on_20off,575,57.41,41589100,-25.922353565366613
csuEx72_NaAc_0.25M_JNL_10off_20on_20off,576,57.51,41440400.00000001,-26.187214935889884
csuEx72_NaAc_0.25M_JNL_10off_20on_20off,577,57.61,41283200.00000001,-26.467216330955523
csuEx72_NaAc_0.25M_JNL_10off_20on_20off,578,57.71,41533800,-26.020852783859805
csuEx72_NaAc_0.25M_JNL_10off_20on_20off,579,57.81,41341599.99999999,-26.363195456452797
csuEx72_NaAc_0.25M_JNL_10off_20on_20off,580,57.91,41178800.00000001,-26.65317145592278
csuEx72_NaAc_0.25M_JNL_10off_20on_20off,581,58.01,41442100,-26.18418693098143
csuEx72_NaAc_0.25M_JNL_10off_20on_20off,582,58.11,41465400,-26.142685451941798
csuEx72_NaAc_0.25M_JNL_10off_20on_20off,583,58.21,41260199.99999999,-26.5081834561878
csuEx72_NaAc_0.25M_JNL_10off_20on_20off,584,58.31,40930900,-27.094725818752135
csuEx72_NaAc_0.25M_JNL_10off_20on_20off,585,58.41,41148900,-26.706428718724716
csuEx72_NaAc_0.25M_JNL_10off_20on_20off,586,58.51,41286600,-26.4611603211386
csuEx72_NaAc_0.25M_JNL_10off_20on_20off,587,58.61,40976100.00000001,-27.01421651177396
csuEx72_NaAc_0.25M_JNL_10off_20on_20off,588,58.71,41465200,-26.143041687813383
csuEx72_NaAc_0.25M_JNL_10off_20on_20off,589,58.81,41255800,-26.516020645362655
csuEx72_NaAc_0.25M_JNL_10off_20on_20off,590,58.91,41160900,-26.685054566429635
csuEx72_NaAc_0.25M_JNL_10off_20on_20off,591,59.01,41426400,-26.212151446900833
csuEx72_NaAc_0.25M_JNL_10off_20on_20off,592,59.11,41337300,-26.370854527691854
csuEx72_NaAc_0.25M_JNL_10off_20on_20off,593,59.21,41043300,-26.894521258921483
csuEx72_NaAc_0.25M_JNL_10off_20on_20off,594,59.31,41157899.99999999,-26.690398104503416
csuEx72_NaAc_0.25M_JNL_10off_20on_20off,595,59.41,41318300,-26.40469693549241
csuEx72_NaAc_0.25M_JNL_10off_20on_20off,596,59.51,41619100,-25.868918184628896
csuEx72_NaAc_0.25M_JNL_10off_20on_20off,597,59.61,41069600,-26.847676241808088
csuEx72_NaAc_0.25M_JNL_10off_20on_20off,598,59.71,41220900,-26.578183804954197
csuEx72_NaAc_0.25M_JNL_10off_20on_20off,599,59.81,41190900,-26.631619185691918
csuEx72_NaAc_0.25M_JNL_10off_20on_20off,600,59.91,40923900,-27.107194074257603
