stim_jnl,frame,time_s,fluor,dff
csuEx72_NaAc_2.5M_JNL_10off_20on_20off,2,0.1,15725300,-1.526161352005512
csuEx72_NaAc_2.5M_JNL_10off_20on_20off,3,0.2,15297700,-4.203847208929224
csuEx72_NaAc_2.5M_JNL_10off_20on_20off,4,0.3,15259700,-4.441808066186241
csuEx72_NaAc_2.5M_JNL_10off_20on_20off,5,0.4,15272800,-4.359774191710796
csuEx72_NaAc_2.5M_JNL_10off_20on_20off,6,0.5,15060800,-5.687345290092057
csuEx72_NaAc_2.5M_JNL_10off_20on_20off,7,0.601,15014000,-5.980412872187542
csuEx72_NaAc_2.5M_JNL_10off_20on_20off,8,0.701,14918700,-6.577193653676853
csuEx72_NaAc_2.5M_JNL_10off_20on_20off,9,0.801,14550000,-8.886040181852186
csuEx72_NaAc_2.5M_JNL_10off_20on_20off,10,0.901,14931000.000000002,-6.500169481459439
csuEx72_NaAc_2.5M_JNL_10off_20on_20off,11,1.001,14886299.999999998,-6.780086595127586
csuEx72_NaAc_2.5M_JNL_10off_20on_20off,12,1.101,14940199.999999998,-6.442557905491973
csuEx72_NaAc_2.5M_JNL_10off_20on_20off,13,1.201,15005400,-6.034267171461499
csuEx72_NaAc_2.5M_JNL_10off_20on_20off,14,1.301,15013600,-5.982917723316564
csuEx72_NaAc_2.5M_JNL_10off_20on_20off,15,1.401,14708900,-7.890988070848497
csuEx72_NaAc_2.5M_JNL_10off_20on_20off,16,1.501,14960500.000000002,-6.315436710694122
csuEx72_NaAc_2.5M_JNL_10off_20on_20off,17,1.601,14984200,-6.167024281299625
csuEx72_NaAc_2.5M_JNL_10off_20on_20off,18,1.701,15022100,-5.929689636824862
csuEx72_NaAc_2.5M_JNL_10off_20on_20off,19,1.811,15185600,-4.905831737837428
csuEx72_NaAc_2.5M_JNL_10off_20on_20off,20,1.901,15315100,-4.0948861848168
csuEx72_NaAc_2.5M_JNL_10off_20on_20off,21,2.001,15236500,-4.587089431669474
csuEx72_NaAc_2.5M_JNL_10off_20on_20off,22,2.101,15109300.000000002,-5.383632090698218
csuEx72_NaAc_2.5M_JNL_10off_20on_20off,23,2.201,15456600,-3.208795097925534
csuEx72_NaAc_2.5M_JNL_10off_20on_20off,24,2.301,15400300,-3.561352894335274
csuEx72_NaAc_2.5M_JNL_10off_20on_20off,25,2.401,15351500,-3.866944732075866
csuEx72_NaAc_2.5M_JNL_10off_20on_20off,26,2.501,15602300,-2.296403074179545
csuEx72_NaAc_2.5M_JNL_10off_20on_20off,27,2.601,15723300,-1.5386856076506183
csuEx72_NaAc_2.5M_JNL_10off_20on_20off,28,2.701,15849500,-0.7484050764444152
csuEx72_NaAc_2.5M_JNL_10off_20on_20off,29,2.801,16412400,2.776546674870733
csuEx72_NaAc_2.5M_JNL_10off_20on_20off,30,2.901,16372000,2.523556710839587
csuEx72_NaAc_2.5M_JNL_10off_20on_20off,31,3.001,16234000,1.6593830713272573
csuEx72_NaAc_2.5M_JNL_10off_20on_20off,32,3.101,16809200,5.261358994859808
csuEx72_NaAc_2.5M_JNL_10off_20on_20off,33,3.201,16547700,3.623812569262169
csuEx72_NaAc_2.5M_JNL_10off_20on_20off,34,3.301,16647600,4.2493991387352255
csuEx72_NaAc_2.5M_JNL_10off_20on_20off,35,3.401,16919200,5.950193055340651
csuEx72_NaAc_2.5M_JNL_10off_20on_20off,36,3.501,16749400.000000002,4.886883751071144
csuEx72_NaAc_2.5M_JNL_10off_20on_20off,37,3.601,17333600,8.545218825006662
csuEx72_NaAc_2.5M_JNL_10off_20on_20off,38,3.701,17365100,8.742475851417085
csuEx72_NaAc_2.5M_JNL_10off_20on_20off,39,3.801,17563400,9.984255798629366
csuEx72_NaAc_2.5M_JNL_10off_20on_20off,40,3.901,17957500,12.452160373497549
csuEx72_NaAc_2.5M_JNL_10off_20on_20off,41,4.001,18377100,15.079749207840837
csuEx72_NaAc_2.5M_JNL_10off_20on_20off,42,4.101,18247700,14.269429867602462
csuEx72_NaAc_2.5M_JNL_10off_20on_20off,43,4.201,18445500,15.50807875090347
csuEx72_NaAc_2.5M_JNL_10off_20on_20off,44,4.301,18936900,18.58528836290607
csuEx72_NaAc_2.5M_JNL_10off_20on_20off,45,4.401,18627000,16.64465495069686
csuEx72_NaAc_2.5M_JNL_10off_20on_20off,46,4.501,19073400,19.44006881068457
csuEx72_NaAc_2.5M_JNL_10off_20on_20off,47,4.601,19303300,20.879731997089532
csuEx72_NaAc_2.5M_JNL_10off_20on_20off,48,4.701,19054900,19.324219445967337
csuEx72_NaAc_2.5M_JNL_10off_20on_20off,49,4.801,19010200,19.04430233229921
csuEx72_NaAc_2.5M_JNL_10off_20on_20off,50,4.901,19328400,21.036911405435614
csuEx72_NaAc_2.5M_JNL_10off_20on_20off,51,5.001,19361000,21.241056772450843
csuEx72_NaAc_2.5M_JNL_10off_20on_20off,52,5.101,19362500,21.250449964184675
csuEx72_NaAc_2.5M_JNL_10off_20on_20off,53,5.201,19527000,22.28056999099466
csuEx72_NaAc_2.5M_JNL_10off_20on_20off,54,5.301,19636300,22.96502056199972
csuEx72_NaAc_2.5M_JNL_10off_20on_20off,55,5.401,19929500,24.80107643957229
csuEx72_NaAc_2.5M_JNL_10off_20on_20off,56,5.501,20280600,26.99970951807069
csuEx72_NaAc_2.5M_JNL_10off_20on_20off,57,5.601,20458100,28.11123720657387
csuEx72_NaAc_2.5M_JNL_10off_20on_20off,58,5.701,20625100,29.157012552940238
csuEx72_NaAc_2.5M_JNL_10off_20on_20off,59,5.801,20799300,30.247875219628988
csuEx72_NaAc_2.5M_JNL_10off_20on_20off,60,5.901,20789900,30.18901121809699
csuEx72_NaAc_2.5M_JNL_10off_20on_20off,61,6.001,20661200,29.383075367334406
csuEx72_NaAc_2.5M_JNL_10off_20on_20off,62,6.101,20718600,29.74252150434895
csuEx72_NaAc_2.5M_JNL_10off_20on_20off,63,6.201,21099899.999999996,32.13027084308843
csuEx72_NaAc_2.5M_JNL_10off_20on_20off,64,6.301,20929800,31.065082900472174
csuEx72_NaAc_2.5M_JNL_10off_20on_20off,65,6.401,21285400,33.29189555417206
csuEx72_NaAc_2.5M_JNL_10off_20on_20off,66,6.501,21310400,33.44844874973589
csuEx72_NaAc_2.5M_JNL_10off_20on_20off,67,6.601,21559700,35.00959721589838
csuEx72_NaAc_2.5M_JNL_10off_20on_20off,68,6.701,21526400,34.80106835940736
csuEx72_NaAc_2.5M_JNL_10off_20on_20off,69,6.801,21559499.999999996,35.008344790333844
csuEx72_NaAc_2.5M_JNL_10off_20on_20off,70,6.901,21727400,36.059756051740536
csuEx72_NaAc_2.5M_JNL_10off_20on_20off,71,7.001,21744900,36.16934328863521
csuEx72_NaAc_2.5M_JNL_10off_20on_20off,72,7.101,21880000,37.01535675746214
csuEx72_NaAc_2.5M_JNL_10off_20on_20off,73,7.201,21872100,36.96588594766397
csuEx72_NaAc_2.5M_JNL_10off_20on_20off,74,7.301,21917000,37.247055486896606
csuEx72_NaAc_2.5M_JNL_10off_20on_20off,75,7.401,21806400,36.554464149722236
csuEx72_NaAc_2.5M_JNL_10off_20on_20off,76,7.501,22068700,38.19702027757791
csuEx72_NaAc_2.5M_JNL_10off_20on_20off,77,7.601,22146200,38.68233518382578
csuEx72_NaAc_2.5M_JNL_10off_20on_20off,78,7.711,22295900,39.61977571886198
csuEx72_NaAc_2.5M_JNL_10off_20on_20off,79,7.801,22106300,38.43247628370591
csuEx72_NaAc_2.5M_JNL_10off_20on_20off,80,7.901,22322099.999999996,39.78384346781285
csuEx72_NaAc_2.5M_JNL_10off_20on_20off,81,8.001,22330000,39.833314277611045
csuEx72_NaAc_2.5M_JNL_10off_20on_20off,82,8.101,22307500,39.692416401603595
csuEx72_NaAc_2.5M_JNL_10off_20on_20off,83,8.211,22561800,41.284875506878855
csuEx72_NaAc_2.5M_JNL_10off_20on_20off,84,8.311,22281700,39.53085350378173
csuEx72_NaAc_2.5M_JNL_10off_20on_20off,85,8.401,22407900,40.321134034987935
csuEx72_NaAc_2.5M_JNL_10off_20on_20off,86,8.501,22317400,39.75441146704687
csuEx72_NaAc_2.5M_JNL_10off_20on_20off,87,8.611,22663300,41.92048148086799
csuEx72_NaAc_2.5M_JNL_10off_20on_20off,88,8.711,22168899.999999996,38.824485485397716
csuEx72_NaAc_2.5M_JNL_10off_20on_20off,89,8.811,22181200,38.901509657615144
csuEx72_NaAc_2.5M_JNL_10off_20on_20off,90,8.911,21915500,37.23766229516278
csuEx72_NaAc_2.5M_JNL_10off_20on_20off,91,9.011,22181500,38.9033882959619
csuEx72_NaAc_2.5M_JNL_10off_20on_20off,92,9.111,22320400,39.77319785051453
csuEx72_NaAc_2.5M_JNL_10off_20on_20off,93,9.211,22235700,39.24279562394428
csuEx72_NaAc_2.5M_JNL_10off_20on_20off,94,9.311,22188200,38.945344552373015
csuEx72_NaAc_2.5M_JNL_10off_20on_20off,95,9.411,21937200,37.37355046891218
csuEx72_NaAc_2.5M_JNL_10off_20on_20off,96,9.511,21633700,35.472994674767314
csuEx72_NaAc_2.5M_JNL_10off_20on_20off,97,9.611,21850299.999999996,36.82937156113229
csuEx72_NaAc_2.5M_JNL_10off_20on_20off,98,9.711,21962700,37.533234728387285
csuEx72_NaAc_2.5M_JNL_10off_20on_20off,99,9.811,21975100,37.61088511338694
csuEx72_NaAc_2.5M_JNL_10off_20on_20off,100,9.911,21796500,36.49246908427896
csuEx72_NaAc_2.5M_JNL_10off_20on_20off,101,10.011,21769599.999999996,36.324017845852254
csuEx72_NaAc_2.5M_JNL_10off_20on_20off,102,10.111,21855600,36.86256083859185
csuEx72_NaAc_2.5M_JNL_10off_20on_20off,103,10.211,21902000,37.15312356955831
csuEx72_NaAc_2.5M_JNL_10off_20on_20off,104,10.311,21765700,36.299595547344325
csuEx72_NaAc_2.5M_JNL_10off_20on_20off,105,10.411,21438600,34.25125353658719
csuEx72_NaAc_2.5M_JNL_10off_20on_20off,106,10.511,21353300,33.71709403332341
csuEx72_NaAc_2.5M_JNL_10off_20on_20off,107,10.611,21041900,31.767067429380376
csuEx72_NaAc_2.5M_JNL_10off_20on_20off,108,10.711,21469100,34.44224843517507
csuEx72_NaAc_2.5M_JNL_10off_20on_20off,109,10.811,21821100.000000004,36.646517428713786
csuEx72_NaAc_2.5M_JNL_10off_20on_20off,110,10.911,21357100,33.74089011904912
csuEx72_NaAc_2.5M_JNL_10off_20on_20off,111,11.011,21454000,34.34769030505451
csuEx72_NaAc_2.5M_JNL_10off_20on_20off,112,11.111,21778900,36.382255634602025
csuEx72_NaAc_2.5M_JNL_10off_20on_20off,113,11.211,22172800,38.848907783905695
csuEx72_NaAc_2.5M_JNL_10off_20on_20off,114,11.311,22323800,39.79448908511121
csuEx72_NaAc_2.5M_JNL_10off_20on_20off,115,11.411,21854300.000000004,36.85442007242255
csuEx72_NaAc_2.5M_JNL_10off_20on_20off,116,11.511,21617700.000000004,35.37280062960648
csuEx72_NaAc_2.5M_JNL_10off_20on_20off,117,11.611,21908000,37.19069633649363
csuEx72_NaAc_2.5M_JNL_10off_20on_20off,118,11.711,21529700,34.82173338122179
csuEx72_NaAc_2.5M_JNL_10off_20on_20off,119,11.811,21088900,32.06138743704037
csuEx72_NaAc_2.5M_JNL_10off_20on_20off,120,11.911,20633200,29.20773578830292
csuEx72_NaAc_2.5M_JNL_10off_20on_20off,121,12.011,19840900,24.246251914494085
csuEx72_NaAc_2.5M_JNL_10off_20on_20off,122,12.111,20433800,27.95906750048583
csuEx72_NaAc_2.5M_JNL_10off_20on_20off,123,12.211,20505900,28.41056691649191
csuEx72_NaAc_2.5M_JNL_10off_20on_20off,124,12.311,20372900,27.577703916092343
csuEx72_NaAc_2.5M_JNL_10off_20on_20off,125,12.411,20241699.999999996,26.756112745773354
csuEx72_NaAc_2.5M_JNL_10off_20on_20off,126,12.511,20218100,26.60832652916112
csuEx72_NaAc_2.5M_JNL_10off_20on_20off,127,12.611,19976300,25.094144021667773
csuEx72_NaAc_2.5M_JNL_10off_20on_20off,128,12.711,20041200,25.500556117351476
csuEx72_NaAc_2.5M_JNL_10off_20on_20off,129,12.811,19980200,25.118566320175734
csuEx72_NaAc_2.5M_JNL_10off_20on_20off,130,12.911,19861000,24.372120683727402
csuEx72_NaAc_2.5M_JNL_10off_20on_20off,131,13.011,20131400,26.065400046945765
csuEx72_NaAc_2.5M_JNL_10off_20on_20off,132,13.111,19630600,22.929326433411166
csuEx72_NaAc_2.5M_JNL_10off_20on_20off,133,13.211,19708100,23.41464133965903
csuEx72_NaAc_2.5M_JNL_10off_20on_20off,134,13.311,19588600,22.666317064863932
csuEx72_NaAc_2.5M_JNL_10off_20on_20off,135,13.411,19977000,25.098527511143566
csuEx72_NaAc_2.5M_JNL_10off_20on_20off,136,13.511,19871200,24.435994387517447
csuEx72_NaAc_2.5M_JNL_10off_20on_20off,137,13.611,20421400,27.88141711548617
csuEx72_NaAc_2.5M_JNL_10off_20on_20off,138,13.711,20012900,25.323337899973218
csuEx72_NaAc_2.5M_JNL_10off_20on_20off,139,13.811,20550400,28.689231604595523
csuEx72_NaAc_2.5M_JNL_10off_20on_20off,140,13.911,20279200,26.990942539119118
csuEx72_NaAc_2.5M_JNL_10off_20on_20off,141,14.011,20605400,29.03364863483594
csuEx72_NaAc_2.5M_JNL_10off_20on_20off,142,14.111,20405400,27.781223070325318
csuEx72_NaAc_2.5M_JNL_10off_20on_20off,143,14.211,20329500,27.305927568593535
csuEx72_NaAc_2.5M_JNL_10off_20on_20off,144,14.311,20566300,28.788799436974116
csuEx72_NaAc_2.5M_JNL_10off_20on_20off,146,14.511,20684500,29.528982945599893
csuEx72_NaAc_2.5M_JNL_10off_20on_20off,147,14.611,20654600,29.341745323705553
csuEx72_NaAc_2.5M_JNL_10off_20on_20off,148,14.711,20826900,30.420709947531456
csuEx72_NaAc_2.5M_JNL_10off_20on_20off,149,14.811,21222200,32.8961290757867
csuEx72_NaAc_2.5M_JNL_10off_20on_20off,150,14.911,21094500,32.09645535284667
csuEx72_NaAc_2.5M_JNL_10off_20on_20off,151,15.011,21030600,31.696305384985525
csuEx72_NaAc_2.5M_JNL_10off_20on_20off,152,15.111,21475500,34.482326053239404
csuEx72_NaAc_2.5M_JNL_10off_20on_20off,153,15.211,21415200,34.104719745539455
csuEx72_NaAc_2.5M_JNL_10off_20on_20off,154,15.311,21423500,34.15669540646664
csuEx72_NaAc_2.5M_JNL_10off_20on_20off,155,15.411,21660400.000000004,35.6401934876295
csuEx72_NaAc_2.5M_JNL_10off_20on_20off,156,15.511,21617600,35.3721744168242
csuEx72_NaAc_2.5M_JNL_10off_20on_20off,157,15.611,21953800,37.47750179076656
csuEx72_NaAc_2.5M_JNL_10off_20on_20off,158,15.711,22085100,38.299719173867786
csuEx72_NaAc_2.5M_JNL_10off_20on_20off,159,15.811,22027700,37.940273036853235
csuEx72_NaAc_2.5M_JNL_10off_20on_20off,160,15.911,22212100,39.09500940733203
csuEx72_NaAc_2.5M_JNL_10off_20on_20off,161,16.011,22249700,39.330465413460026
csuEx72_NaAc_2.5M_JNL_10off_20on_20off,162,16.111,22077000,38.248995938505104
csuEx72_NaAc_2.5M_JNL_10off_20on_20off,163,16.211,22496900.000000004,40.878463411195185
csuEx72_NaAc_2.5M_JNL_10off_20on_20off,164,16.311,22623200,41.669370155183614
csuEx72_NaAc_2.5M_JNL_10off_20on_20off,165,16.411,22549700,41.209103760225965
csuEx72_NaAc_2.5M_JNL_10off_20on_20off,166,16.511,22874600,43.24366908977347
csuEx72_NaAc_2.5M_JNL_10off_20on_20off,167,16.611,23214000,45.36903527274799
csuEx72_NaAc_2.5M_JNL_10off_20on_20off,168,16.711,23196300,45.2581956102888
csuEx72_NaAc_2.5M_JNL_10off_20on_20off,169,16.811,23174900,45.12418607488617
csuEx72_NaAc_2.5M_JNL_10off_20on_20off,170,16.911,23463400,46.930809951692744
csuEx72_NaAc_2.5M_JNL_10off_20on_20off,171,17.011,23570400,47.600857628705924
csuEx72_NaAc_2.5M_JNL_10off_20on_20off,172,17.111,23597300,47.7693088671326
csuEx72_NaAc_2.5M_JNL_10off_20on_20off,173,17.211,23533200,47.36790647370695
csuEx72_NaAc_2.5M_JNL_10off_20on_20off,174,17.311,24000499.999999996,50.294198805186
csuEx72_NaAc_2.5M_JNL_10off_20on_20off,175,17.411,23921800.000000004,49.80136934555111
csuEx72_NaAc_2.5M_JNL_10off_20on_20off,176,17.511,24355900,52.5197590333214
csuEx72_NaAc_2.5M_JNL_10off_20on_20off,177,17.611,24309000,52.22606523844365
csuEx72_NaAc_2.5M_JNL_10off_20on_20off,178,17.711,24544600,53.70142255343717
csuEx72_NaAc_2.5M_JNL_10off_20on_20off,179,17.811,24326000,52.33252141142706
csuEx72_NaAc_2.5M_JNL_10off_20on_20off,180,17.911,24448000,53.09650100577854
csuEx72_NaAc_2.5M_JNL_10off_20on_20off,181,18.011,24856100,55.65207537016247
csuEx72_NaAc_2.5M_JNL_10off_20on_20off,182,18.111,24862400,55.691526775444544
csuEx72_NaAc_2.5M_JNL_10off_20on_20off,183,18.211,25212000,57.88076666220911
csuEx72_NaAc_2.5M_JNL_10off_20on_20off,184,18.311,24907499.999999996,55.973948740241674
csuEx72_NaAc_2.5M_JNL_10off_20on_20off,185,18.411,25231499.999999996,58.002878154748885
csuEx72_NaAc_2.5M_JNL_10off_20on_20off,186,18.511,25405300,59.09123597030863
csuEx72_NaAc_2.5M_JNL_10off_20on_20off,187,18.611,25567800,60.10883174147351
csuEx72_NaAc_2.5M_JNL_10off_20on_20off,188,18.711,25588400,60.237831574618106
csuEx72_NaAc_2.5M_JNL_10off_20on_20off,189,18.811,25358600,58.79879460099541
csuEx72_NaAc_2.5M_JNL_10off_20on_20off,190,18.911,25634000,60.523384603326534
csuEx72_NaAc_2.5M_JNL_10off_20on_20off,191,19.011,25711900,61.01120436070342
csuEx72_NaAc_2.5M_JNL_10off_20on_20off,192,19.111,25520000,59.809502031555475
csuEx72_NaAc_2.5M_JNL_10off_20on_20off,193,19.211,25889800,62.12523690033562
csuEx72_NaAc_2.5M_JNL_10off_20on_20off,194,19.311,25975900,62.66440610585744
csuEx72_NaAc_2.5M_JNL_10off_20on_20off,195,19.411,26229500,64.2524817216569
csuEx72_NaAc_2.5M_JNL_10off_20on_20off,196,19.511,26442600,65.58694116064298
csuEx72_NaAc_2.5M_JNL_10off_20on_20off,197,19.611,26654100,66.91138119511297
csuEx72_NaAc_2.5M_JNL_10off_20on_20off,198,19.711,26562300,66.33651786100259
csuEx72_NaAc_2.5M_JNL_10off_20on_20off,199,19.811,26877500,68.31034055067133
csuEx72_NaAc_2.5M_JNL_10off_20on_20off,200,19.911,26697300,67.18190511704726
csuEx72_NaAc_2.5M_JNL_10off_20on_20off,201,20.011,27244000,70.60541039763704
csuEx72_NaAc_2.5M_JNL_10off_20on_20off,202,20.111,26878099.999999996,68.31409782736483
csuEx72_NaAc_2.5M_JNL_10off_20on_20off,203,20.211,27230300,70.51961924646807
csuEx72_NaAc_2.5M_JNL_10off_20on_20off,204,20.311,27094500,69.66922228816536
csuEx72_NaAc_2.5M_JNL_10off_20on_20off,205,20.411,27229700,70.51586196977453
csuEx72_NaAc_2.5M_JNL_10off_20on_20off,206,20.511,27503300,72.22918014202507
csuEx72_NaAc_2.5M_JNL_10off_20on_20off,207,20.611,27433600,71.79270983279311
csuEx72_NaAc_2.5M_JNL_10off_20on_20off,208,20.711,27422200,71.72132157561602
csuEx72_NaAc_2.5M_JNL_10off_20on_20off,209,20.811,27709100.000000004,73.51792604790653
csuEx72_NaAc_2.5M_JNL_10off_20on_20off,210,20.911,27992200,75.29073443447129
csuEx72_NaAc_2.5M_JNL_10off_20on_20off,211,21.011,28043600,75.6126078045505
csuEx72_NaAc_2.5M_JNL_10off_20on_20off,212,21.111,28173000,76.42292714478889
csuEx72_NaAc_2.5M_JNL_10off_20on_20off,213,21.211,28555200,78.81631239856868
csuEx72_NaAc_2.5M_JNL_10off_20on_20off,214,21.311,28404800,77.87448837405671
csuEx72_NaAc_2.5M_JNL_10off_20on_20off,215,21.411,28452500,78.17319187119249
csuEx72_NaAc_2.5M_JNL_10off_20on_20off,216,21.511,28783500,80.24595618045757
csuEx72_NaAc_2.5M_JNL_10off_20on_20off,217,21.611,28792100,80.29981047973152
csuEx72_NaAc_2.5M_JNL_10off_20on_20off,218,21.711,29283800.000000004,83.3788987300809
csuEx72_NaAc_2.5M_JNL_10off_20on_20off,219,21.811,29423499.999999996,84.25371798689153
csuEx72_NaAc_2.5M_JNL_10off_20on_20off,220,21.911,30437599.999999996,90.60414181174265
csuEx72_NaAc_2.5M_JNL_10off_20on_20off,221,22.011,31029800,94.31257390825863
csuEx72_NaAc_2.5M_JNL_10off_20on_20off,222,22.111,31259900,95.7534895202281
csuEx72_NaAc_2.5M_JNL_10off_20on_20off,223,22.211,30868500,93.3024926904808
csuEx72_NaAc_2.5M_JNL_10off_20on_20off,224,22.311,30485300,90.90284530887845
csuEx72_NaAc_2.5M_JNL_10off_20on_20off,225,22.411,30945500,93.7846765328174
csuEx72_NaAc_2.5M_JNL_10off_20on_20off,226,22.511,31064800,94.531748382048
csuEx72_NaAc_2.5M_JNL_10off_20on_20off,227,22.611,31445100,96.91323559296492
csuEx72_NaAc_2.5M_JNL_10off_20on_20off,228,22.711,31858900,99.50450408593741
csuEx72_NaAc_2.5M_JNL_10off_20on_20off,229,22.811,32106400,101.05438072201932
csuEx72_NaAc_2.5M_JNL_10off_20on_20off,230,22.911,31828500,99.3141354001318
csuEx72_NaAc_2.5M_JNL_10off_20on_20off,231,23.011,31872100,99.5871641731951
csuEx72_NaAc_2.5M_JNL_10off_20on_20off,232,23.111,32137300,101.24788047173621
csuEx72_NaAc_2.5M_JNL_10off_20on_20off,233,23.211,32536500,103.7477218984994
csuEx72_NaAc_2.5M_JNL_10off_20on_20off,234,23.311,32790600,105.33892857821014
csuEx72_NaAc_2.5M_JNL_10off_20on_20off,235,23.411,32707799.999999996,104.82042439450272
csuEx72_NaAc_2.5M_JNL_10off_20on_20off,236,23.511,32551199.999999996,103.8397751774909
csuEx72_NaAc_2.5M_JNL_10off_20on_20off,237,23.611,32375100,102.73701446793933
csuEx72_NaAc_2.5M_JNL_10off_20on_20off,238,23.711,32834100,105.61133113849121
csuEx72_NaAc_2.5M_JNL_10off_20on_20off,239,23.811,33059599.999999996,107.02344096247691
csuEx72_NaAc_2.5M_JNL_10off_20on_20off,240,23.911,33579600,110.27974743020457
csuEx72_NaAc_2.5M_JNL_10off_20on_20off,241,24.011,33340400,108.78184645504984
csuEx72_NaAc_2.5M_JNL_10off_20on_20off,242,24.111,33122900,107.41983365364456
csuEx72_NaAc_2.5M_JNL_10off_20on_20off,243,24.211,33042500,106.91635857671127
csuEx72_NaAc_2.5M_JNL_10off_20on_20off,244,24.311,33421900,109.29220987258792
csuEx72_NaAc_2.5M_JNL_10off_20on_20off,245,24.411,33693300,110.99175136362885
csuEx72_NaAc_2.5M_JNL_10off_20on_20off,246,24.511,33164500,107.68033817106274
csuEx72_NaAc_2.5M_JNL_10off_20on_20off,247,24.611,33090400,107.21631449941158
csuEx72_NaAc_2.5M_JNL_10off_20on_20off,248,24.711,33233500,108.11242499081892
csuEx72_NaAc_2.5M_JNL_10off_20on_20off,249,24.811,33210600,107.96902226368246
csuEx72_NaAc_2.5M_JNL_10off_20on_20off,250,24.911,33469100,109.58778230581242
csuEx72_NaAc_2.5M_JNL_10off_20on_20off,251,25.011,33863400,112.05693930624514
csuEx72_NaAc_2.5M_JNL_10off_20on_20off,252,25.111,33306600,108.57018653464756
csuEx72_NaAc_2.5M_JNL_10off_20on_20off,253,25.211,33212300,107.97966788098078
csuEx72_NaAc_2.5M_JNL_10off_20on_20off,254,25.311,33229400,108.08675026674646
csuEx72_NaAc_2.5M_JNL_10off_20on_20off,255,25.411,33273000,108.35977903980978
csuEx72_NaAc_2.5M_JNL_10off_20on_20off,256,25.511,33259300,108.2739878886408
csuEx72_NaAc_2.5M_JNL_10off_20on_20off,257,25.611,33489800,109.7174083517393
csuEx72_NaAc_2.5M_JNL_10off_20on_20off,258,25.711,33398800,109.14755471988695
csuEx72_NaAc_2.5M_JNL_10off_20on_20off,259,25.811,33339200,108.77433190166279
csuEx72_NaAc_2.5M_JNL_10off_20on_20off,260,25.911,33292099.999999996,108.4793856812205
csuEx72_NaAc_2.5M_JNL_10off_20on_20off,261,26.011,33735900,111.25851800886961
csuEx72_NaAc_2.5M_JNL_10off_20on_20off,262,26.111,33302100,108.54200695944607
csuEx72_NaAc_2.5M_JNL_10off_20on_20off,263,26.211,33442800,109.4230883440793
csuEx72_NaAc_2.5M_JNL_10off_20on_20off,264,26.311,33558300,110.14636410758418
csuEx72_NaAc_2.5M_JNL_10off_20on_20off,265,26.411,33328000.000000004,108.70419607005022
csuEx72_NaAc_2.5M_JNL_10off_20on_20off,266,26.512,33422400,109.2953409364992
csuEx72_NaAc_2.5M_JNL_10off_20on_20off,267,26.612,33521600,109.91654401649649
csuEx72_NaAc_2.5M_JNL_10off_20on_20off,268,26.711,33806300,111.69937180757734
csuEx72_NaAc_2.5M_JNL_10off_20on_20off,269,26.811,34120800,113.66881100777032
csuEx72_NaAc_2.5M_JNL_10off_20on_20off,270,26.911,33665600,110.81829042294413
csuEx72_NaAc_2.5M_JNL_10off_20on_20off,271,27.012,33666000,110.82079527407313
csuEx72_NaAc_2.5M_JNL_10off_20on_20off,272,27.112,33599200,110.40248513552659
csuEx72_NaAc_2.5M_JNL_10off_20on_20off,273,27.211,33507300,109.82699558863396
csuEx72_NaAc_2.5M_JNL_10off_20on_20off,274,27.311,33691200,110.97860089520148
csuEx72_NaAc_2.5M_JNL_10off_20on_20off,275,27.411,33797600,111.64489129552113
csuEx72_NaAc_2.5M_JNL_10off_20on_20off,276,27.511,33230200,108.09175996900451
csuEx72_NaAc_2.5M_JNL_10off_20on_20off,277,27.612,33598000,110.39497058213954
csuEx72_NaAc_2.5M_JNL_10off_20on_20off,278,27.711,33118000,107.38914922731404
csuEx72_NaAc_2.5M_JNL_10off_20on_20off,279,27.812,33555700,110.13008257524555
csuEx72_NaAc_2.5M_JNL_10off_20on_20off,280,27.912,33543200,110.05180597746363
csuEx72_NaAc_2.5M_JNL_10off_20on_20off,281,28.011,34268300,114.5924748615969
csuEx72_NaAc_2.5M_JNL_10off_20on_20off,282,28.112,33648300,110.70995561161396
csuEx72_NaAc_2.5M_JNL_10off_20on_20off,283,28.212,33863300,112.05631309346286
csuEx72_NaAc_2.5M_JNL_10off_20on_20off,284,28.311,33482599.999999996,109.67232103141689
csuEx72_NaAc_2.5M_JNL_10off_20on_20off,285,28.412,33813200,111.74258048955296
csuEx72_NaAc_2.5M_JNL_10off_20on_20off,286,28.512,33596500,110.38557739040571
csuEx72_NaAc_2.5M_JNL_10off_20on_20off,287,28.611,33837700,111.89600262120551
csuEx72_NaAc_2.5M_JNL_10off_20on_20off,288,28.711,34311400,114.86237257074892
csuEx72_NaAc_2.5M_JNL_10off_20on_20off,289,28.811,33724700,111.18838217725701
csuEx72_NaAc_2.5M_JNL_10off_20on_20off,290,28.912,33457900,109.51764647419984
csuEx72_NaAc_2.5M_JNL_10off_20on_20off,291,29.012,33471900,109.6053162637156
csuEx72_NaAc_2.5M_JNL_10off_20on_20off,292,29.111,33752400,111.36184311794173
csuEx72_NaAc_2.5M_JNL_10off_20on_20off,293,29.212,33269500,108.33786159243084
csuEx72_NaAc_2.5M_JNL_10off_20on_20off,294,29.312,33127200,107.44676080328152
csuEx72_NaAc_2.5M_JNL_10off_20on_20off,295,29.411,33359600,108.90207930924288
csuEx72_NaAc_2.5M_JNL_10off_20on_20off,296,29.511,33149900,107.5889111048535
csuEx72_NaAc_2.5M_JNL_10off_20on_20off,297,29.611,33091100,107.22069798888737
csuEx72_NaAc_2.5M_JNL_10off_20on_20off,298,29.711,33041800,106.91197508723549
csuEx72_NaAc_2.5M_JNL_10off_20on_20off,299,29.811,33087100,107.19564947759714
csuEx72_NaAc_2.5M_JNL_10off_20on_20off,300,29.911,33060299.999999996,107.0278244519527
csuEx72_NaAc_2.5M_JNL_10off_20on_20off,301,30.012,33877600,112.14586152132537
csuEx72_NaAc_2.5M_JNL_10off_20on_20off,302,30.112,33902400,112.3011622913247
csuEx72_NaAc_2.5M_JNL_10off_20on_20off,303,30.211,33915500,112.38319616580014
csuEx72_NaAc_2.5M_JNL_10off_20on_20off,304,30.311,34178900,114.03264063426064
csuEx72_NaAc_2.5M_JNL_10off_20on_20off,305,30.411,34352500,115.11974602425585
csuEx72_NaAc_2.5M_JNL_10off_20on_20off,306,30.511,34108800,113.59366547389966
csuEx72_NaAc_2.5M_JNL_10off_20on_20off,307,30.611,34204000,114.18982004260671
csuEx72_NaAc_2.5M_JNL_10off_20on_20off,308,30.711,34851100,118.24204295658085
csuEx72_NaAc_2.5M_JNL_10off_20on_20off,309,30.811,34662300,117.0597532236828
csuEx72_NaAc_2.5M_JNL_10off_20on_20off,310,30.911,34884400,118.45057181307186
csuEx72_NaAc_2.5M_JNL_10off_20on_20off,311,31.011,34393700,115.37774569054504
csuEx72_NaAc_2.5M_JNL_10off_20on_20off,312,31.111,34371300,115.23747402731985
csuEx72_NaAc_2.5M_JNL_10off_20on_20off,313,31.211,34127000,113.70763620027013
csuEx72_NaAc_2.5M_JNL_10off_20on_20off,314,31.311,33906700,112.32808944096169
csuEx72_NaAc_2.5M_JNL_10off_20on_20off,315,31.411,33960900,112.66749676894405
csuEx72_NaAc_2.5M_JNL_10off_20on_20off,316,31.511,33753300,111.36747903298203
csuEx72_NaAc_2.5M_JNL_10off_20on_20off,317,31.611,34029000,113.09394767365993
csuEx72_NaAc_2.5M_JNL_10off_20on_20off,318,31.711,33651300,110.72874199508162
csuEx72_NaAc_2.5M_JNL_10off_20on_20off,319,31.811,34009400,112.97120996833789
csuEx72_NaAc_2.5M_JNL_10off_20on_20off,320,31.911,33879400,112.15713335140597
csuEx72_NaAc_2.5M_JNL_10off_20on_20off,321,32.011,33876900,112.1414780318496
csuEx72_NaAc_2.5M_JNL_10off_20on_20off,322,32.111,33897900,112.27298271612321
csuEx72_NaAc_2.5M_JNL_10off_20on_20off,323,32.211,33831700,111.85842985427018
csuEx72_NaAc_2.5M_JNL_10off_20on_20off,324,32.311,33941100,112.5435066380575
csuEx72_NaAc_2.5M_JNL_10off_20on_20off,325,32.411,33812500,111.73819700007716
csuEx72_NaAc_2.5M_JNL_10off_20on_20off,326,32.511,33905000,112.31744382366333
csuEx72_NaAc_2.5M_JNL_10off_20on_20off,327,32.611,33872700,112.11517709499488
csuEx72_NaAc_2.5M_JNL_10off_20on_20off,328,32.711,33707700,111.0819260042736
csuEx72_NaAc_2.5M_JNL_10off_20on_20off,329,32.811,33772700,111.48896431273955
csuEx72_NaAc_2.5M_JNL_10off_20on_20off,330,32.911,33720400,111.16145502762002
csuEx72_NaAc_2.5M_JNL_10off_20on_20off,331,33.011,33722100,111.17210064491839
csuEx72_NaAc_2.5M_JNL_10off_20on_20off,332,33.111,33397000,109.13628288980637
csuEx72_NaAc_2.5M_JNL_10off_20on_20off,333,33.211,33494600,109.74746656528754
csuEx72_NaAc_2.5M_JNL_10off_20on_20off,334,33.311,33248100,108.2038520570282
csuEx72_NaAc_2.5M_JNL_10off_20on_20off,335,33.411,33347400,108.82568134980772
csuEx72_NaAc_2.5M_JNL_10off_20on_20off,336,33.511,33353200,108.86200169117852
csuEx72_NaAc_2.5M_JNL_10off_20on_20off,337,33.611,33318500.000000004,108.64470585573596
csuEx72_NaAc_2.5M_JNL_10off_20on_20off,338,33.711,33449300,109.46379217492589
csuEx72_NaAc_2.5M_JNL_10off_20on_20off,339,33.811,33035000,106.86939261804214
csuEx72_NaAc_2.5M_JNL_10off_20on_20off,340,33.911,32817200,105.50550117829007
csuEx72_NaAc_2.5M_JNL_10off_20on_20off,341,34.011,32943200,106.29452928393175
csuEx72_NaAc_2.5M_JNL_10off_20on_20off,342,34.112,33014500,106.74101899767979
csuEx72_NaAc_2.5M_JNL_10off_20on_20off,343,34.212,32848799.999999996,105.70338441748272
csuEx72_NaAc_2.5M_JNL_10off_20on_20off,344,34.312,32838500,105.63888450091044
csuEx72_NaAc_2.5M_JNL_10off_20on_20off,345,34.412,32760200,105.14855989240452
csuEx72_NaAc_2.5M_JNL_10off_20on_20off,346,34.512,32611500.000000004,104.21738148519091
csuEx72_NaAc_2.5M_JNL_10off_20on_20off,347,34.612,32700900,104.77721571252714
csuEx72_NaAc_2.5M_JNL_10off_20on_20off,348,34.712,32590800,104.08775543926403
csuEx72_NaAc_2.5M_JNL_10off_20on_20off,349,34.812,32557600,103.87985279555527
csuEx72_NaAc_2.5M_JNL_10off_20on_20off,350,34.912,32317100,102.37381105423124
csuEx72_NaAc_2.5M_JNL_10off_20on_20off,351,35.012,32393400,102.85161140709205
csuEx72_NaAc_2.5M_JNL_10off_20on_20off,352,35.112,32309800,102.32809752112661
csuEx72_NaAc_2.5M_JNL_10off_20on_20off,353,35.212,32274900,102.10954926011951
csuEx72_NaAc_2.5M_JNL_10off_20on_20off,354,35.312,32114300,101.10385153181747
csuEx72_NaAc_2.5M_JNL_10off_20on_20off,355,35.412,32248300,101.94297666003959
csuEx72_NaAc_2.5M_JNL_10off_20on_20off,356,35.512,32259300,102.01186006608769
csuEx72_NaAc_2.5M_JNL_10off_20on_20off,357,35.612,32382200,102.78147557547945
csuEx72_NaAc_2.5M_JNL_10off_20on_20off,358,35.712,32035300.000000004,100.6091434338358
csuEx72_NaAc_2.5M_JNL_10off_20on_20off,359,35.812,32026900,100.55654156012635
csuEx72_NaAc_2.5M_JNL_10off_20on_20off,360,35.912,31916500,99.86520264851647
csuEx72_NaAc_2.5M_JNL_10off_20on_20off,361,36.012,31472200,97.08293925695612
csuEx72_NaAc_2.5M_JNL_10off_20on_20off,362,36.112,31683500.000000004,98.40612686586162
csuEx72_NaAc_2.5M_JNL_10off_20on_20off,363,36.212,31371400,96.45171677244278
csuEx72_NaAc_2.5M_JNL_10off_20on_20off,364,36.312,31411900,96.70533294925617
csuEx72_NaAc_2.5M_JNL_10off_20on_20off,365,36.412,31156400,95.10535929059385
csuEx72_NaAc_2.5M_JNL_10off_20on_20off,366,36.512,31211900,95.45290738474554
csuEx72_NaAc_2.5M_JNL_10off_20on_20off,367,36.612,31502000,97.2695506660682
csuEx72_NaAc_2.5M_JNL_10off_20on_20off,368,36.712,31270800,95.82174671349392
csuEx72_NaAc_2.5M_JNL_10off_20on_20off,369,36.812,31103000,94.77096166486952
csuEx72_NaAc_2.5M_JNL_10off_20on_20off,370,36.912,31036000,94.35139910075846
csuEx72_NaAc_2.5M_JNL_10off_20on_20off,371,37.012,30860599.999999996,93.25302188068262
csuEx72_NaAc_2.5M_JNL_10off_20on_20off,372,37.112,30963100,93.89488998249433
csuEx72_NaAc_2.5M_JNL_10off_20on_20off,373,37.212,31104200,94.77847621825659
csuEx72_NaAc_2.5M_JNL_10off_20on_20off,374,37.312,30947500,93.7972007884625
csuEx72_NaAc_2.5M_JNL_10off_20on_20off,375,37.412,31045800,94.41276795341948
csuEx72_NaAc_2.5M_JNL_10off_20on_20off,376,37.512,30988500,94.05394802918718
csuEx72_NaAc_2.5M_JNL_10off_20on_20off,377,37.612,30893000,93.45591482213335
csuEx72_NaAc_2.5M_JNL_10off_20on_20off,378,37.712,30837200,93.1064880896349
csuEx72_NaAc_2.5M_JNL_10off_20on_20off,379,37.812,30577000,91.47708243020658
csuEx72_NaAc_2.5M_JNL_10off_20on_20off,380,37.912,30620500,91.74948499048764
csuEx72_NaAc_2.5M_JNL_10off_20on_20off,381,38.012,30266500,89.53269174130384
csuEx72_NaAc_2.5M_JNL_10off_20on_20off,382,38.112,30687100,92.16654270346967
csuEx72_NaAc_2.5M_JNL_10off_20on_20off,383,38.212,30536200,91.2215876150464
csuEx72_NaAc_2.5M_JNL_10off_20on_20off,384,38.312,30579200.000000004,91.49085911141621
csuEx72_NaAc_2.5M_JNL_10off_20on_20off,385,38.412,30513600,91.08006352625671
csuEx72_NaAc_2.5M_JNL_10off_20on_20off,386,38.512,30903000,93.5185361003589
csuEx72_NaAc_2.5M_JNL_10off_20on_20off,387,38.612,30779000,92.7420322503623
csuEx72_NaAc_2.5M_JNL_10off_20on_20off,388,38.712,30629900,91.80834899201965
csuEx72_NaAc_2.5M_JNL_10off_20on_20off,389,38.812,30514300,91.0844470157325
csuEx72_NaAc_2.5M_JNL_10off_20on_20off,390,38.912,30563200,91.39066506625534
csuEx72_NaAc_2.5M_JNL_10off_20on_20off,391,39.012,30528900,91.17587408194177
csuEx72_NaAc_2.5M_JNL_10off_20on_20off,392,39.112,30058500,88.23016915421279
csuEx72_NaAc_2.5M_JNL_10off_20on_20off,393,39.212,29889800.000000004,87.1737481905481
csuEx72_NaAc_2.5M_JNL_10off_20on_20off,394,39.312,29811600,86.68404979482443
csuEx72_NaAc_2.5M_JNL_10off_20on_20off,395,39.412,29656100,85.7102889184174
csuEx72_NaAc_2.5M_JNL_10off_20on_20off,396,39.512,29656800,85.7146724078932
csuEx72_NaAc_2.5M_JNL_10off_20on_20off,397,39.612,29924000,87.3879129620794
csuEx72_NaAc_2.5M_JNL_10off_20on_20off,398,39.712,29296800,83.46030639177407
csuEx72_NaAc_2.5M_JNL_10off_20on_20off,399,39.812,29546700,85.0252121346301
csuEx72_NaAc_2.5M_JNL_10off_20on_20off,400,39.912,29717400,86.09415735393992
csuEx72_NaAc_2.5M_JNL_10off_20on_20off,401,40.012,29678600,85.85118679442486
csuEx72_NaAc_2.5M_JNL_10off_20on_20off,402,40.112,29802100,86.62455958051017
csuEx72_NaAc_2.5M_JNL_10off_20on_20off,403,40.212,29615800,85.45792516716853
csuEx72_NaAc_2.5M_JNL_10off_20on_20off,404,40.312,29721700.000000004,86.12108450357692
csuEx72_NaAc_2.5M_JNL_10off_20on_20off,405,40.412,29441000,84.36330522378623
csuEx72_NaAc_2.5M_JNL_10off_20on_20off,406,40.512,29880900,87.11801525292735
csuEx72_NaAc_2.5M_JNL_10off_20on_20off,407,40.612,29950100,87.55135449824803
csuEx72_NaAc_2.5M_JNL_10off_20on_20off,408,40.712,29462900,84.50044582310015
csuEx72_NaAc_2.5M_JNL_10off_20on_20off,409,40.812,30039800,88.11306736393104
csuEx72_NaAc_2.5M_JNL_10off_20on_20off,410,40.912,29261200,83.23737464129118
csuEx72_NaAc_2.5M_JNL_10off_20on_20off,411,41.012,29129500,82.41265240706093
csuEx72_NaAc_2.5M_JNL_10off_20on_20off,412,41.112,29366700,83.89802912657053
csuEx72_NaAc_2.5M_JNL_10off_20on_20off,413,41.212,29356300,83.83290299721598
csuEx72_NaAc_2.5M_JNL_10off_20on_20off,414,41.312,29140200,82.47965717476225
csuEx72_NaAc_2.5M_JNL_10off_20on_20off,415,43.702,29308700,83.53482571286246
csuEx72_NaAc_2.5M_JNL_10off_20on_20off,416,43.722,29340400,83.7333351648374
csuEx72_NaAc_2.5M_JNL_10off_20on_20off,417,43.742,29316100,83.58116545874935
csuEx72_NaAc_2.5M_JNL_10off_20on_20off,418,43.762,29358399.999999996,83.84605346564332
csuEx72_NaAc_2.5M_JNL_10off_20on_20off,419,43.782,29398000,84.09403372741644
csuEx72_NaAc_2.5M_JNL_10off_20on_20off,420,43.812,29058700,81.96929375722418
csuEx72_NaAc_2.5M_JNL_10off_20on_20off,421,43.832,28602000,79.10937998066417
csuEx72_NaAc_2.5M_JNL_10off_20on_20off,422,43.852,28818500,80.46513065424692
csuEx72_NaAc_2.5M_JNL_10off_20on_20off,423,43.872,28976799.999999996,81.45642548855706
csuEx72_NaAc_2.5M_JNL_10off_20on_20off,424,43.902,28936900,81.20656658843721
csuEx72_NaAc_2.5M_JNL_10off_20on_20off,425,43.922,28988500,81.52969238408096
csuEx72_NaAc_2.5M_JNL_10off_20on_20off,426,43.942,28649200,79.40495241388868
csuEx72_NaAc_2.5M_JNL_10off_20on_20off,427,43.962,28212600,76.670907406562
csuEx72_NaAc_2.5M_JNL_10off_20on_20off,428,43.982,28464400,78.24771119228086
csuEx72_NaAc_2.5M_JNL_10off_20on_20off,429,44.012,28329399.999999996,77.40232393623617
csuEx72_NaAc_2.5M_JNL_10off_20on_20off,430,44.032,28174700,76.43357276208724
csuEx72_NaAc_2.5M_JNL_10off_20on_20off,431,44.052,28178300,76.45611642224843
csuEx72_NaAc_2.5M_JNL_10off_20on_20off,432,44.072,27537800,72.44522355190315
csuEx72_NaAc_2.5M_JNL_10off_20on_20off,433,44.092,27224700,70.48455133066177
csuEx72_NaAc_2.5M_JNL_10off_20on_20off,434,44.122,27587799.999999996,72.75832994303079
csuEx72_NaAc_2.5M_JNL_10off_20on_20off,435,44.212,27211400,70.40126503062181
csuEx72_NaAc_2.5M_JNL_10off_20on_20off,436,44.312,27381100,71.46394812210907
csuEx72_NaAc_2.5M_JNL_10off_20on_20off,437,44.412,27454000,71.92045724037321
csuEx72_NaAc_2.5M_JNL_10off_20on_20off,438,44.512,27176700,70.18396919517922
csuEx72_NaAc_2.5M_JNL_10off_20on_20off,439,44.612,27487600,72.13086473521099
csuEx72_NaAc_2.5M_JNL_10off_20on_20off,440,44.712,27369900,71.39381229049648
csuEx72_NaAc_2.5M_JNL_10off_20on_20off,441,44.812,27070599.999999996,69.51955743320632
csuEx72_NaAc_2.5M_JNL_10off_20on_20off,442,44.912,27246400,70.62043950441117
csuEx72_NaAc_2.5M_JNL_10off_20on_20off,443,45.012,27107800.000000004,69.75250858820533
csuEx72_NaAc_2.5M_JNL_10off_20on_20off,444,45.112,26933900,68.66352455986332
csuEx72_NaAc_2.5M_JNL_10off_20on_20off,445,45.212,27015400,69.1738879774014
csuEx72_NaAc_2.5M_JNL_10off_20on_20off,446,45.312,27033100,69.28472763986059
csuEx72_NaAc_2.5M_JNL_10off_20on_20off,447,45.412,26726600,67.36538546224806
csuEx72_NaAc_2.5M_JNL_10off_20on_20off,448,45.512,27079100,69.57278551969803
csuEx72_NaAc_2.5M_JNL_10off_20on_20off,449,45.612,26727400,67.3703951645061
csuEx72_NaAc_2.5M_JNL_10off_20on_20off,450,45.712,26418000,65.43289281620818
csuEx72_NaAc_2.5M_JNL_10off_20on_20off,451,45.812,26559300,66.31773147753492
csuEx72_NaAc_2.5M_JNL_10off_20on_20off,452,45.912,26404899.999999996,65.35085894173271
csuEx72_NaAc_2.5M_JNL_10off_20on_20off,453,46.012,26542800,66.2144063684628
csuEx72_NaAc_2.5M_JNL_10off_20on_20off,454,46.112,26424599.999999996,65.474222859837
csuEx72_NaAc_2.5M_JNL_10off_20on_20off,455,46.212,26578600,66.4385905445102
csuEx72_NaAc_2.5M_JNL_10off_20on_20off,456,46.312,26658000,66.93580349362091
csuEx72_NaAc_2.5M_JNL_10off_20on_20off,457,46.412,26534100,66.15992585640659
csuEx72_NaAc_2.5M_JNL_10off_20on_20off,458,46.511,26110800,63.50916714911986
csuEx72_NaAc_2.5M_JNL_10off_20on_20off,459,46.611,26247100,64.36269517133385
csuEx72_NaAc_2.5M_JNL_10off_20on_20off,460,46.711,25939700,62.43771707868102
csuEx72_NaAc_2.5M_JNL_10off_20on_20off,461,46.811,26181000,63.94876852226309
csuEx72_NaAc_2.5M_JNL_10off_20on_20off,462,46.911,26254800,64.4109135555675
csuEx72_NaAc_2.5M_JNL_10off_20on_20off,463,47.011,26207800,64.11659354790751
csuEx72_NaAc_2.5M_JNL_10off_20on_20off,464,47.111,26305200.000000004,64.7265247978242
csuEx72_NaAc_2.5M_JNL_10off_20on_20off,465,47.211,26206600,64.10907899452044
csuEx72_NaAc_2.5M_JNL_10off_20on_20off,466,47.311,25747800,61.236014749533076
csuEx72_NaAc_2.5M_JNL_10off_20on_20off,467,47.411,26087600.000000004,63.36388578363664
csuEx72_NaAc_2.5M_JNL_10off_20on_20off,468,47.511,26346700,64.98640310246013
csuEx72_NaAc_2.5M_JNL_10off_20on_20off,469,47.611,25940200,62.4408481425923
csuEx72_NaAc_2.5M_JNL_10off_20on_20off,470,47.711,26145400,63.725836771780195
csuEx72_NaAc_2.5M_JNL_10off_20on_20off,471,47.811,25874900,62.03193119577958
csuEx72_NaAc_2.5M_JNL_10off_20on_20off,472,47.911,25659400,60.68244265001938
csuEx72_NaAc_2.5M_JNL_10off_20on_20off,473,48.011,25840500,61.81651399868375
csuEx72_NaAc_2.5M_JNL_10off_20on_20off,474,48.111,25801900,61.574795864733204
csuEx72_NaAc_2.5M_JNL_10off_20on_20off,475,48.211,25915400,62.28554737259297
csuEx72_NaAc_2.5M_JNL_10off_20on_20off,476,48.311,25582800,60.20276365881181
csuEx72_NaAc_2.5M_JNL_10off_20on_20off,477,48.411,25633600,60.52087975219751
csuEx72_NaAc_2.5M_JNL_10off_20on_20off,478,48.511,25498400,59.674240070588326
csuEx72_NaAc_2.5M_JNL_10off_20on_20off,479,48.611,25608300,60.36244791828692
csuEx72_NaAc_2.5M_JNL_10off_20on_20off,480,48.711,25467900,59.48324517200045
csuEx72_NaAc_2.5M_JNL_10off_20on_20off,481,48.811,25671100,60.755709545543255
csuEx72_NaAc_2.5M_JNL_10off_20on_20off,482,48.911,25501200,59.69177402849147
csuEx72_NaAc_2.5M_JNL_10off_20on_20off,483,49.011,25446800,59.351114274944585
csuEx72_NaAc_2.5M_JNL_10off_20on_20off,484,49.111,25351400,58.75370728067302
csuEx72_NaAc_2.5M_JNL_10off_20on_20off,485,49.211,25567800,60.10883174147351
csuEx72_NaAc_2.5M_JNL_10off_20on_20off,486,49.311,25854300,61.90293136263498
csuEx72_NaAc_2.5M_JNL_10off_20on_20off,487,49.411,25342900,58.70047919418132
csuEx72_NaAc_2.5M_JNL_10off_20on_20off,488,49.511,25192600,57.75928138245159
csuEx72_NaAc_2.5M_JNL_10off_20on_20off,489,49.611,25283100,58.326003950392646
csuEx72_NaAc_2.5M_JNL_10off_20on_20off,490,49.711,25354700,58.77437230248744
csuEx72_NaAc_2.5M_JNL_10off_20on_20off,491,49.811,25575899.999999996,60.15955497683617
csuEx72_NaAc_2.5M_JNL_10off_20on_20off,492,49.911,25703500,60.958602486993975
csuEx72_NaAc_2.5M_JNL_10off_20on_20off,493,50.011,25450499.999999996,59.37428414788801
csuEx72_NaAc_2.5M_JNL_10off_20on_20off,494,50.111,25137900.000000004,57.41674299055796
csuEx72_NaAc_2.5M_JNL_10off_20on_20off,495,50.211,25084300,57.081092939269084
csuEx72_NaAc_2.5M_JNL_10off_20on_20off,496,50.311,25099500,57.176277282171895
csuEx72_NaAc_2.5M_JNL_10off_20on_20off,497,50.411,25241300,58.06424700740992
csuEx72_NaAc_2.5M_JNL_10off_20on_20off,498,50.511,25495000,59.65294883599165
csuEx72_NaAc_2.5M_JNL_10off_20on_20off,499,50.611,25205700.000000004,57.841315256927054
csuEx72_NaAc_2.5M_JNL_10off_20on_20off,500,50.711,25541200,59.942259141393606
csuEx72_NaAc_2.5M_JNL_10off_20on_20off,501,50.811,25137500,57.41423813942891
csuEx72_NaAc_2.5M_JNL_10off_20on_20off,502,50.911,25016600.000000004,56.657146885682266
csuEx72_NaAc_2.5M_JNL_10off_20on_20off,503,51.011,25144600,57.45869924696903
csuEx72_NaAc_2.5M_JNL_10off_20on_20off,504,51.111,25388200,58.98415358454297
csuEx72_NaAc_2.5M_JNL_10off_20on_20off,505,51.211,25184700.000000004,57.70981057265344
csuEx72_NaAc_2.5M_JNL_10off_20on_20off,506,51.311,25134900,57.39795660709027
csuEx72_NaAc_2.5M_JNL_10off_20on_20off,507,51.411,24903200,55.94702159060472
csuEx72_NaAc_2.5M_JNL_10off_20on_20off,508,51.511,25064000,56.953971744471254
csuEx72_NaAc_2.5M_JNL_10off_20on_20off,509,51.611,25014100,56.64149156612586
csuEx72_NaAc_2.5M_JNL_10off_20on_20off,510,51.711,25326700,58.599032723455956
csuEx72_NaAc_2.5M_JNL_10off_20on_20off,511,51.811,25123200,57.3246897115664
csuEx72_NaAc_2.5M_JNL_10off_20on_20off,512,51.911,24633200,54.25624707851537
csuEx72_NaAc_2.5M_JNL_10off_20on_20off,513,52.011,25011500,56.62521003378722
csuEx72_NaAc_2.5M_JNL_10off_20on_20off,514,52.111,24716800,54.779760964480815
csuEx72_NaAc_2.5M_JNL_10off_20on_20off,515,52.211,25270600,58.24772735261073
csuEx72_NaAc_2.5M_JNL_10off_20on_20off,516,52.311,25048600,56.85753497600394
csuEx72_NaAc_2.5M_JNL_10off_20on_20off,517,52.411,25138400,57.41987405446921
csuEx72_NaAc_2.5M_JNL_10off_20on_20off,518,52.511,25095600,57.15185498366393
csuEx72_NaAc_2.5M_JNL_10off_20on_20off,519,52.611,24927800.000000004,56.10106993503955
csuEx72_NaAc_2.5M_JNL_10off_20on_20off,520,52.711,25026300,56.717889525561006
csuEx72_NaAc_2.5M_JNL_10off_20on_20off,521,52.811,25065100,56.96086008507606
csuEx72_NaAc_2.5M_JNL_10off_20on_20off,522,52.911,24713500,54.75909594266639
csuEx72_NaAc_2.5M_JNL_10off_20on_20off,523,53.011,24784900,55.206211869196686
csuEx72_NaAc_2.5M_JNL_10off_20on_20off,524,53.111,24775100,55.14484301653566
csuEx72_NaAc_2.5M_JNL_10off_20on_20off,525,53.211,24734800,54.892479265286774
csuEx72_NaAc_2.5M_JNL_10off_20on_20off,526,53.311,24578800,53.915587324968484
csuEx72_NaAc_2.5M_JNL_10off_20on_20off,527,53.411,24669500.000000004,54.48356231847408
csuEx72_NaAc_2.5M_JNL_10off_20on_20off,528,53.511,24621200,54.18110154464474
csuEx72_NaAc_2.5M_JNL_10off_20on_20off,529,53.611,24613600,54.133509373193334
csuEx72_NaAc_2.5M_JNL_10off_20on_20off,530,53.711,24828100,55.476735791130984
csuEx72_NaAc_2.5M_JNL_10off_20on_20off,531,53.811,24491100,53.366398714930575
csuEx72_NaAc_2.5M_JNL_10off_20on_20off,532,53.911,24393200,52.75333640110262
csuEx72_NaAc_2.5M_JNL_10off_20on_20off,533,54.011,24773700,55.13607603758409
csuEx72_NaAc_2.5M_JNL_10off_20on_20off,534,54.111,24510300,53.4866315691236
csuEx72_NaAc_2.5M_JNL_10off_20on_20off,535,54.211,24334600,52.38637571070102
csuEx72_NaAc_2.5M_JNL_10off_20on_20off,536,54.311,24353400,52.50410371376502
csuEx72_NaAc_2.5M_JNL_10off_20on_20off,537,54.411,24241200,51.801492972074556
csuEx72_NaAc_2.5M_JNL_10off_20on_20off,538,54.511,24397100,52.77775869961059
csuEx72_NaAc_2.5M_JNL_10off_20on_20off,539,54.611,23745400,48.696729997652724
csuEx72_NaAc_2.5M_JNL_10off_20on_20off,540,54.711,24062700,50.68370315574883
csuEx72_NaAc_2.5M_JNL_10off_20on_20off,541,54.811,23910400,49.72998108837398
csuEx72_NaAc_2.5M_JNL_10off_20on_20off,542,54.911,23856600,49.39307861152062
csuEx72_NaAc_2.5M_JNL_10off_20on_20off,543,55.011,24132900,51.12330452889206
csuEx72_NaAc_2.5M_JNL_10off_20on_20off,544,55.111,23565900,47.57267805350443
csuEx72_NaAc_2.5M_JNL_10off_20on_20off,545,55.211,23469699.999999996,46.9702613569748
csuEx72_NaAc_2.5M_JNL_10off_20on_20off,546,55.311,23419800,46.65778117862943
csuEx72_NaAc_2.5M_JNL_10off_20on_20off,547,55.411,23536200,47.38669285717461
csuEx72_NaAc_2.5M_JNL_10off_20on_20off,548,55.511,23317899.999999996,46.01967035351124
csuEx72_NaAc_2.5M_JNL_10off_20on_20off,549,55.611,23543400,47.43178017749699
csuEx72_NaAc_2.5M_JNL_10off_20on_20off,550,55.711,23182299.999999996,45.17052582077304
csuEx72_NaAc_2.5M_JNL_10off_20on_20off,551,55.811,23509400,47.21886783153019
csuEx72_NaAc_2.5M_JNL_10off_20on_20off,552,55.911,23118900,44.773506916823195
csuEx72_NaAc_2.5M_JNL_10off_20on_20off,553,56.011,23234300,45.49615646754582
csuEx72_NaAc_2.5M_JNL_10off_20on_20off,554,56.111,22964400,43.80600816823873
csuEx72_NaAc_2.5M_JNL_10off_20on_20off,555,56.211,23300400,45.91008311661658
csuEx72_NaAc_2.5M_JNL_10off_20on_20off,556,56.311,23057500.000000004,44.38901226851846
csuEx72_NaAc_2.5M_JNL_10off_20on_20off,557,56.417,22816900.000000004,42.88234431441217
csuEx72_NaAc_2.5M_JNL_10off_20on_20off,558,56.517,22737200,42.383252726954666
csuEx72_NaAc_2.5M_JNL_10off_20on_20off,559,56.617,22813400,42.86042686703322
csuEx72_NaAc_2.5M_JNL_10off_20on_20off,560,56.717,22767100,42.57049034884901
csuEx72_NaAc_2.5M_JNL_10off_20on_20off,561,56.817,23093600,44.6150750829126
csuEx72_NaAc_2.5M_JNL_10off_20on_20off,562,56.917,22810200,42.84038805800105
csuEx72_NaAc_2.5M_JNL_10off_20on_20off,563,57.017,22713500,42.23484029756016
csuEx72_NaAc_2.5M_JNL_10off_20on_20off,564,57.117,22688900,42.080791953125356
csuEx72_NaAc_2.5M_JNL_10off_20on_20off,565,57.217,22711800.000000004,42.224194680261846
csuEx72_NaAc_2.5M_JNL_10off_20on_20off,566,57.318,22888000,43.32758160259568
csuEx72_NaAc_2.5M_JNL_10off_20on_20off,567,57.418,22663800,41.92361254477927
csuEx72_NaAc_2.5M_JNL_10off_20on_20off,568,57.517,22876300,43.254314707071806
csuEx72_NaAc_2.5M_JNL_10off_20on_20off,569,57.617,22863600,43.17478568372539
csuEx72_NaAc_2.5M_JNL_10off_20on_20off,570,57.717,22789300,42.70950958650969
csuEx72_NaAc_2.5M_JNL_10off_20on_20off,571,57.818,22395400,40.24285743720601
csuEx72_NaAc_2.5M_JNL_10off_20on_20off,572,57.917,22714800,42.24298106372948
csuEx72_NaAc_2.5M_JNL_10off_20on_20off,573,58.017,22677000,42.006272632036975
csuEx72_NaAc_2.5M_JNL_10off_20on_20off,574,58.117,22306100,39.683649422652024
csuEx72_NaAc_2.5M_JNL_10off_20on_20off,575,58.217,22744600,42.42959247284156
csuEx72_NaAc_2.5M_JNL_10off_20on_20off,576,58.317,22499300,40.893492517969285
csuEx72_NaAc_2.5M_JNL_10off_20on_20off,577,58.418,22350800,39.963566536320144
csuEx72_NaAc_2.5M_JNL_10off_20on_20off,578,58.517,22810400,42.841640483565556
csuEx72_NaAc_2.5M_JNL_10off_20on_20off,579,58.617,22748900,42.45651962247854
csuEx72_NaAc_2.5M_JNL_10off_20on_20off,580,58.718,22521100,41.030006904500944
csuEx72_NaAc_2.5M_JNL_10off_20on_20off,581,58.817,22229899.999999996,39.20647528257345
csuEx72_NaAc_2.5M_JNL_10off_20on_20off,582,58.918,22375600.000000004,40.11886730631949
csuEx72_NaAc_2.5M_JNL_10off_20on_20off,583,59.018,22390300,40.210920585310994
csuEx72_NaAc_2.5M_JNL_10off_20on_20off,584,59.117,22480000.000000004,40.772633450994036
csuEx72_NaAc_2.5M_JNL_10off_20on_20off,585,59.218,22144100,38.669184715398416
csuEx72_NaAc_2.5M_JNL_10off_20on_20off,586,59.317,22338400,39.88591615132049
csuEx72_NaAc_2.5M_JNL_10off_20on_20off,587,59.417,22200300,39.021116299025906
csuEx72_NaAc_2.5M_JNL_10off_20on_20off,588,59.517,22571600,41.346244359539874
csuEx72_NaAc_2.5M_JNL_10off_20on_20off,589,59.617,22502300,40.91227890143694
csuEx72_NaAc_2.5M_JNL_10off_20on_20off,590,59.718,22503700.000000004,40.92104588038854
csuEx72_NaAc_2.5M_JNL_10off_20on_20off,591,59.817,22613000,41.60549645139358
csuEx72_NaAc_2.5M_JNL_10off_20on_20off,592,59.917,22419800,40.39565335607631
csuEx72_NaAc_2.5M_JNL_10off_20on_20off,593,60.018,22483500,40.79455089837295
csuEx72_NaAc_2.5M_JNL_10off_20on_20off,594,60.117,22788100,42.70199503312263
csuEx72_NaAc_2.5M_JNL_10off_20on_20off,595,60.217,22167000,38.812587442534884
csuEx72_NaAc_2.5M_JNL_10off_20on_20off,596,60.317,22336600,39.87464432123989
csuEx72_NaAc_2.5M_JNL_10off_20on_20off,597,60.417,22268200,39.44631477817726
csuEx72_NaAc_2.5M_JNL_10off_20on_20off,598,60.517,22201700,39.029883277977476
csuEx72_NaAc_2.5M_JNL_10off_20on_20off,599,60.617,22241200,39.277237326968326
csuEx72_NaAc_2.5M_JNL_10off_20on_20off,600,60.717,22406799.999999996,40.3142456943831
