stim_jnl,frame,time_s,fluor,dff
csuEx72_NaAc_0.025M_JNL_10off_20on_20off,2,0.1,90171200,2.9633613743519804
csuEx72_NaAc_0.025M_JNL_10off_20on_20off,3,0.2,89783100,2.5202034641834787
csuEx72_NaAc_0.025M_JNL_10off_20on_20off,4,0.3,90027100,2.7988185893602746
csuEx72_NaAc_0.025M_JNL_10off_20on_20off,5,0.4,89774999.99999999,2.510954355519806
csuEx72_NaAc_0.025M_JNL_10off_20on_20off,6,0.5,89691400,2.415494419188757
csuEx72_NaAc_0.025M_JNL_10off_20on_20off,7,0.6,89479500,2.1735331690864492
csuEx72_NaAc_0.025M_JNL_10off_20on_20off,8,0.7,89380100,2.0600317615349186
csuEx72_NaAc_0.025M_JNL_10off_20on_20off,9,0.8,89451100,2.1411041955002976
csuEx72_NaAc_0.025M_JNL_10off_20on_20off,10,0.9,89024500,1.6539844725477524
csuEx72_NaAc_0.025M_JNL_10off_20on_20off,11,1,88893200,1.5040575629751571
csuEx72_NaAc_0.025M_JNL_10off_20on_20off,12,1.1,88340099.99999999,0.8724918837321658
csuEx72_NaAc_0.025M_JNL_10off_20on_20off,13,1.2,88916900,1.531119769805854
csuEx72_NaAc_0.025M_JNL_10off_20on_20off,14,1.3,88679200,1.2596983958119017
csuEx72_NaAc_0.025M_JNL_10off_20on_20off,15,1.4,88767900,1.3609818450052698
csuEx72_NaAc_0.025M_JNL_10off_20on_20off,16,1.5,88727200,1.3145079286335664
csuEx72_NaAc_0.025M_JNL_10off_20on_20off,17,1.6,88122600,0.6241361881340144
csuEx72_NaAc_0.025M_JNL_10off_20on_20off,18,1.7,88180200,0.6899076275200121
csuEx72_NaAc_0.025M_JNL_10off_20on_20off,19,1.8,88280800,0.8047792733920844
csuEx72_NaAc_0.025M_JNL_10off_20on_20off,20,1.9,87821200.00000001,0.2799779966246616
csuEx72_NaAc_0.025M_JNL_10off_20on_20off,21,2,88047799.99999999,0.5387246661535698
csuEx72_NaAc_0.025M_JNL_10off_20on_20off,22,2.1,88010100,0.49567634558323775
csuEx72_NaAc_0.025M_JNL_10off_20on_20off,23,2.2,87170600,-0.4629195461623361
csuEx72_NaAc_0.025M_JNL_10off_20on_20off,24,2.3,87754800,0.2041581428880084
csuEx72_NaAc_0.025M_JNL_10off_20on_20off,25,2.4,87537500,-0.04396917965673632
csuEx72_NaAc_0.025M_JNL_10off_20on_20off,26,2.5,87542200,-0.03860241290128165
csuEx72_NaAc_0.025M_JNL_10off_20on_20off,27,2.6,87644200,0.07786784434475591
csuEx72_NaAc_0.025M_JNL_10off_20on_20off,28,2.7,87246100,-0.37670871849492593
csuEx72_NaAc_0.025M_JNL_10off_20on_20off,29,2.8,87316200,-0.2966639632699531
csuEx72_NaAc_0.025M_JNL_10off_20on_20off,30,2.9,87114400,-0.5270923741743686
csuEx72_NaAc_0.025M_JNL_10off_20on_20off,31,3,87225300.00000001,-0.40045951605096364
csuEx72_NaAc_0.025M_JNL_10off_20on_20off,32,3.1,87407800.00000001,-0.19206910480192588
csuEx72_NaAc_0.025M_JNL_10off_20on_20off,33,3.2,87368800,-0.2366018502195455
csuEx72_NaAc_0.025M_JNL_10off_20on_20off,34,3.3,86822600,-0.8602886591194054
csuEx72_NaAc_0.025M_JNL_10off_20on_20off,35,3.4,87047400,-0.6035973470712757
csuEx72_NaAc_0.025M_JNL_10off_20on_20off,36,3.5,86636100,-1.0732465314369153
csuEx72_NaAc_0.025M_JNL_10off_20on_20off,37,3.6,86844000,-0.8358527424030799
csuEx72_NaAc_0.025M_JNL_10off_20on_20off,38,3.7,86341500,-1.4096400391298827
csuEx72_NaAc_0.025M_JNL_10off_20on_20off,39,3.8,86471199.99999999,-1.2615401139846931
csuEx72_NaAc_0.025M_JNL_10off_20on_20off,40,3.9,86541200,-1.181609545286415
csuEx72_NaAc_0.025M_JNL_10off_20on_20off,41,4,86037100,-1.7572238264406064
csuEx72_NaAc_0.025M_JNL_10off_20on_20off,42,4.1,86138300,-1.6416670614082634
csuEx72_NaAc_0.025M_JNL_10off_20on_20off,43,4.2,85837900,-1.984683387650515
csuEx72_NaAc_0.025M_JNL_10off_20on_20off,44,4.3,86141300,-1.6382414656069093
csuEx72_NaAc_0.025M_JNL_10off_20on_20off,45,4.4,86172799.99999999,-1.6022727096927087
csuEx72_NaAc_0.025M_JNL_10off_20on_20off,46,4.5,85939800,-1.8683273169311894
csuEx72_NaAc_0.025M_JNL_10off_20on_20off,47,4.6,86198599.99999999,-1.572812585801064
csuEx72_NaAc_0.025M_JNL_10off_20on_20off,48,4.7,85618500,-2.235208627256208
csuEx72_NaAc_0.025M_JNL_10off_20on_20off,49,4.8,85600799.99999999,-2.2554196424842137
csuEx72_NaAc_0.025M_JNL_10off_20on_20off,50,4.9,85438100,-2.4412011214442977
csuEx72_NaAc_0.025M_JNL_10off_20on_20off,51,5,85290700.00000001,-2.609512061817476
csuEx72_NaAc_0.025M_JNL_10off_20on_20off,52,5.1,85577900,-2.2815683571011993
csuEx72_NaAc_0.025M_JNL_10off_20on_20off,53,5.2,85391700,-2.4941836698385735
csuEx72_NaAc_0.025M_JNL_10off_20on_20off,54,5.3,85290800,-2.609397875290781
csuEx72_NaAc_0.025M_JNL_10off_20on_20off,55,5.4,84897500.00000001,-3.0584934848482797
csuEx72_NaAc_0.025M_JNL_10off_20on_20off,56,5.5,85042400,-2.8930372076428963
csuEx72_NaAc_0.025M_JNL_10off_20on_20off,57,5.6,85023700.00000001,-2.9143900881379863
csuEx72_NaAc_0.025M_JNL_10off_20on_20off,58,5.7,84705200,-3.2780741757150915
csuEx72_NaAc_0.025M_JNL_10off_20on_20off,59,5.8,84878699.99999999,-3.0799605518701325
csuEx72_NaAc_0.025M_JNL_10off_20on_20off,60,5.9,84646300,-3.3453300399483425
csuEx72_NaAc_0.025M_JNL_10off_20on_20off,61,6,84364300,-3.6673360452756225
csuEx72_NaAc_0.025M_JNL_10off_20on_20off,62,6.1,84201300,-3.853460083815859
csuEx72_NaAc_0.025M_JNL_10off_20on_20off,63,6.2,84138400,-3.9252834091175823
csuEx72_NaAc_0.025M_JNL_10off_20on_20off,64,6.3,83857100,-4.24649010875788
csuEx72_NaAc_0.025M_JNL_10off_20on_20off,65,6.4,84170000,-3.8892004666766526
csuEx72_NaAc_0.025M_JNL_10off_20on_20off,66,6.5,84407300,-3.618235838789548
csuEx72_NaAc_0.025M_JNL_10off_20on_20off,67,6.6,84170300,-3.8888579070965172
csuEx72_NaAc_0.025M_JNL_10off_20on_20off,68,6.7,84051700,-4.024283127776714
csuEx72_NaAc_0.025M_JNL_10off_20on_20off,69,6.8,83631600,-4.503980726492992
csuEx72_NaAc_0.025M_JNL_10off_20on_20off,70,6.9,83825200,-4.282915610778945
csuEx72_NaAc_0.025M_JNL_10off_20on_20off,71,7,83488100,-4.667838392324428
csuEx72_NaAc_0.025M_JNL_10off_20on_20off,72,7.1,83506600,-4.646713884882744
csuEx72_NaAc_0.025M_JNL_10off_20on_20off,73,7.2,83455800,-4.704720640452339
csuEx72_NaAc_0.025M_JNL_10off_20on_20off,74,7.3,83866200,-4.236099134827106
csuEx72_NaAc_0.025M_JNL_10off_20on_20off,75,7.4,83523500,-4.62741636186845
csuEx72_NaAc_0.025M_JNL_10off_20on_20off,76,7.5,83725400.00000001,-4.396873764437306
csuEx72_NaAc_0.025M_JNL_10off_20on_20off,77,7.6,83733900,-4.387167909666819
csuEx72_NaAc_0.025M_JNL_10off_20on_20off,78,7.7,83248600,-4.941315123799192
csuEx72_NaAc_0.025M_JNL_10off_20on_20off,79,7.8,83262200,-4.925785756166387
csuEx72_NaAc_0.025M_JNL_10off_20on_20off,80,7.9,83836099.99999999,-4.270469279367376
csuEx72_NaAc_0.025M_JNL_10off_20on_20off,81,8,83369600,-4.803149426477912
csuEx72_NaAc_0.025M_JNL_10off_20on_20off,82,8.1,83079400,-5.13451872699556
csuEx72_NaAc_0.025M_JNL_10off_20on_20off,83,8.2,83027599.99999999,-5.193667347832291
csuEx72_NaAc_0.025M_JNL_10off_20on_20off,84,8.3,82685400,-5.584413642240058
csuEx72_NaAc_0.025M_JNL_10off_20on_20off,85,8.4,83062100,-5.154272996116702
csuEx72_NaAc_0.025M_JNL_10off_20on_20off,86,8.5,82626500,-5.65166950647331
csuEx72_NaAc_0.025M_JNL_10off_20on_20off,87,8.6,82899500,-5.339940288550092
csuEx72_NaAc_0.025M_JNL_10off_20on_20off,88,8.7,82982400,-5.245279657906008
csuEx72_NaAc_0.025M_JNL_10off_20on_20off,89,8.8,82749900,-5.510763332510947
csuEx72_NaAc_0.025M_JNL_10off_20on_20off,90,8.9,82369500,-5.945128880122639
csuEx72_NaAc_0.025M_JNL_10off_20on_20off,91,9,82107300,-6.2445259531609825
csuEx72_NaAc_0.025M_JNL_10off_20on_20off,92,9.1,82319300,-6.0024505165319635
csuEx72_NaAc_0.025M_JNL_10off_20on_20off,93,9.2,82203100,-6.135135260571077
csuEx72_NaAc_0.025M_JNL_10off_20on_20off,94,9.3,82333000,-5.986806962372447
csuEx72_NaAc_0.025M_JNL_10off_20on_20off,95,9.4,82261100,-6.068907075078232
csuEx72_NaAc_0.025M_JNL_10off_20on_20off,96,9.5,82187699.99999999,-6.152719985684712
csuEx72_NaAc_0.025M_JNL_10off_20on_20off,97,9.6,82190000,-6.150093695570323
csuEx72_NaAc_0.025M_JNL_10off_20on_20off,98,9.7,81953600.00000001,-6.420030644717005
csuEx72_NaAc_0.025M_JNL_10off_20on_20off,99,9.8,81912299.99999999,-6.467189680249014
csuEx72_NaAc_0.025M_JNL_10off_20on_20off,100,9.9,81551700,-6.878946295571753
csuEx72_NaAc_0.025M_JNL_10off_20on_20off,101,10,81372300,-7.083796924492725
csuEx72_NaAc_0.025M_JNL_10off_20on_20off,102,10.1,82008800,-6.356999681972107
csuEx72_NaAc_0.025M_JNL_10off_20on_20off,103,10.2,82079600,-6.276155621060152
csuEx72_NaAc_0.025M_JNL_10off_20on_20off,104,10.3,79928600,-8.732307810631003
csuEx72_NaAc_0.025M_JNL_10off_20on_20off,105,10.4,78401500,-10.476050260046923
csuEx72_NaAc_0.025M_JNL_10off_20on_20off,106,10.5,77837900,-11.119605524594638
csuEx72_NaAc_0.025M_JNL_10off_20on_20off,107,10.6,77830300,-11.128283700624735
csuEx72_NaAc_0.025M_JNL_10off_20on_20off,108,10.7,77387600,-11.63378745437788
csuEx72_NaAc_0.025M_JNL_10off_20on_20off,109,10.8,77855000,-11.10007962852692
csuEx72_NaAc_0.025M_JNL_10off_20on_20off,110,10.9,76918300,-12.169664824236365
csuEx72_NaAc_0.025M_JNL_10off_20on_20off,111,11,76561800,-12.576739791963936
csuEx72_NaAc_0.025M_JNL_10off_20on_20off,112,11.1,76636600,-12.491328269983509
csuEx72_NaAc_0.025M_JNL_10off_20on_20off,113,11.2,76544600,-12.596379874558366
csuEx72_NaAc_0.025M_JNL_10off_20on_20off,114,11.3,76408500,-12.751787737413128
csuEx72_NaAc_0.025M_JNL_10off_20on_20off,115,11.4,76051200,-13.159776197354395
csuEx72_NaAc_0.025M_JNL_10off_20on_20off,116,11.5,75993900,-13.225205077160258
csuEx72_NaAc_0.025M_JNL_10off_20on_20off,117,11.6,75675900,-13.588318232103786
csuEx72_NaAc_0.025M_JNL_10off_20on_20off,118,11.7,75730700,-13.525744015465719
csuEx72_NaAc_0.025M_JNL_10off_20on_20off,119,11.8,75553100,-13.728539286905878
csuEx72_NaAc_0.025M_JNL_10off_20on_20off,120,11.9,75684900,-13.578041444699723
csuEx72_NaAc_0.025M_JNL_10off_20on_20off,121,12,75641100,-13.628055143399493
csuEx72_NaAc_0.025M_JNL_10off_20on_20off,122,12.1,75856400,-13.382211551388984
csuEx72_NaAc_0.025M_JNL_10off_20on_20off,123,12.2,75231400,-14.095877343337746
csuEx72_NaAc_0.025M_JNL_10off_20on_20off,124,12.3,75442400,-13.854943771975842
csuEx72_NaAc_0.025M_JNL_10off_20on_20off,125,12.4,74674300,-14.73201048364919
csuEx72_NaAc_0.025M_JNL_10off_20on_20off,126,12.5,75044800,-14.308949402181966
csuEx72_NaAc_0.025M_JNL_10off_20on_20off,127,12.6,75635200,-13.634792148475489
csuEx72_NaAc_0.025M_JNL_10off_20on_20off,128,12.7,75170100,-14.16587368421208
csuEx72_NaAc_0.025M_JNL_10off_20on_20off,129,12.8,74520600,-14.90751517520523
csuEx72_NaAc_0.025M_JNL_10off_20on_20off,130,12.9,75079600,-14.26921249088626
csuEx72_NaAc_0.025M_JNL_10off_20on_20off,131,13,75270900,-14.050773665286584
csuEx72_NaAc_0.025M_JNL_10off_20on_20off,132,13.1,75145200,-14.194306129363317
csuEx72_NaAc_0.025M_JNL_10off_20on_20off,133,13.2,74826900,-14.557761843886983
csuEx72_NaAc_0.025M_JNL_10off_20on_20off,134,13.3,74803000,-14.585052423771103
csuEx72_NaAc_0.025M_JNL_10off_20on_20off,135,13.4,74434400,-15.005943961230802
csuEx72_NaAc_0.025M_JNL_10off_20on_20off,136,13.5,74867100,-14.511858860148838
csuEx72_NaAc_0.025M_JNL_10off_20on_20off,137,13.6,74588300,-14.83021089662134
csuEx72_NaAc_0.025M_JNL_10off_20on_20off,138,13.7,74781500,-14.60960252701414
csuEx72_NaAc_0.025M_JNL_10off_20on_20off,139,13.8,74430900,-15.009940489665716
csuEx72_NaAc_0.025M_JNL_10off_20on_20off,140,13.9,73941100,-15.569226097500119
csuEx72_NaAc_0.025M_JNL_10off_20on_20off,141,14,74425400,-15.016220748634865
csuEx72_NaAc_0.025M_JNL_10off_20on_20off,142,14.1,74141800,-15.340053738389534
csuEx72_NaAc_0.025M_JNL_10off_20on_20off,143,14.2,74269400,-15.194351730305275
csuEx72_NaAc_0.025M_JNL_10off_20on_20off,144,14.3,74168000,-15.31013686839104
csuEx72_NaAc_0.025M_JNL_10off_20on_20off,145,14.4,73705500,-15.838249554433123
csuEx72_NaAc_0.025M_JNL_10off_20on_20off,146,14.5,73506600,-16.065366556062894
csuEx72_NaAc_0.025M_JNL_10off_20on_20off,147,14.6,73775100,-15.758775731841709
csuEx72_NaAc_0.025M_JNL_10off_20on_20off,148,14.7,73759600,-15.776474643482038
csuEx72_NaAc_0.025M_JNL_10off_20on_20off,149,14.8,73627700,-15.927086672214905
csuEx72_NaAc_0.025M_JNL_10off_20on_20off,150,14.9,73716500,-15.825689036494826
csuEx72_NaAc_0.025M_JNL_10off_20on_20off,151,15,73264100,-16.342268883339013
csuEx72_NaAc_0.025M_JNL_10off_20on_20off,152,15.1,73310300,-16.289514707998162
csuEx72_NaAc_0.025M_JNL_10off_20on_20off,153,15.2,73793500,-15.737765410926738
csuEx72_NaAc_0.025M_JNL_10off_20on_20off,154,15.3,73016000,-16.625565656110997
csuEx72_NaAc_0.025M_JNL_10off_20on_20off,155,15.4,72745300,-16.934668583919844
csuEx72_NaAc_0.025M_JNL_10off_20on_20off,156,15.5,73305400,-16.29510984780704
csuEx72_NaAc_0.025M_JNL_10off_20on_20off,157,15.6,73113900,-16.51377704646014
csuEx72_NaAc_0.025M_JNL_10off_20on_20off,158,15.7,73044400,-16.593136682524843
csuEx72_NaAc_0.025M_JNL_10off_20on_20off,159,15.8,73132700,-16.492309979438325
csuEx72_NaAc_0.025M_JNL_10off_20on_20off,160,15.9,73000400,-16.64337875427804
csuEx72_NaAc_0.025M_JNL_10off_20on_20off,161,16,73328000,-16.269303692770173
csuEx72_NaAc_0.025M_JNL_10off_20on_20off,162,16.1,72601300,-17.09909718238484
csuEx72_NaAc_0.025M_JNL_10off_20on_20off,163,16.2,73181600,-16.436472767876253
csuEx72_NaAc_0.025M_JNL_10off_20on_20off,164,16.3,73004700,-16.63846873362943
csuEx72_NaAc_0.025M_JNL_10off_20on_20off,165,16.4,72746000,-16.933869278232862
csuEx72_NaAc_0.025M_JNL_10off_20on_20off,166,16.5,72631400,-17.064727037844584
csuEx72_NaAc_0.025M_JNL_10off_20on_20off,167,16.6,72383800,-17.347452877983006
csuEx72_NaAc_0.025M_JNL_10off_20on_20off,168,16.7,72559200,-17.147169710130505
csuEx72_NaAc_0.025M_JNL_10off_20on_20off,169,16.8,72677800,-17.011744489450308
csuEx72_NaAc_0.025M_JNL_10off_20on_20off,170,16.9,72357500,-17.37748393450821
csuEx72_NaAc_0.025M_JNL_10off_20on_20off,171,17,72023600,-17.758752747198912
csuEx72_NaAc_0.025M_JNL_10off_20on_20off,172,17.11,71973500,-17.815960197081527
csuEx72_NaAc_0.025M_JNL_10off_20on_20off,173,17.21,72323300,-17.416535726643644
csuEx72_NaAc_0.025M_JNL_10off_20on_20off,174,17.31,72140900,-17.62481195136597
csuEx72_NaAc_0.025M_JNL_10off_20on_20off,175,17.41,72704900,-16.98079994071141
csuEx72_NaAc_0.025M_JNL_10off_20on_20off,176,17.51,72492300,-17.2235604965007
csuEx72_NaAc_0.025M_JNL_10off_20on_20off,177,17.61,72082300,-17.691725256019087
csuEx72_NaAc_0.025M_JNL_10off_20on_20off,178,17.71,72378800,-17.353162204318593
csuEx72_NaAc_0.025M_JNL_10off_20on_20off,179,17.81,72153400,-17.610538635526996
csuEx72_NaAc_0.025M_JNL_10off_20on_20off,180,17.91,72092900,-17.679621484187635
csuEx72_NaAc_0.025M_JNL_10off_20on_20off,181,18.01,72296400,-17.44725190232912
csuEx72_NaAc_0.025M_JNL_10off_20on_20off,182,18.11,71934100,-17.860949688605977
csuEx72_NaAc_0.025M_JNL_10off_20on_20off,183,18.21,71730400,-18.093547643517915
csuEx72_NaAc_0.025M_JNL_10off_20on_20off,184,18.31,71990100,-17.79700523364737
csuEx72_NaAc_0.025M_JNL_10off_20on_20off,185,18.41,72068500,-17.707482996705316
csuEx72_NaAc_0.025M_JNL_10off_20on_20off,186,18.51,71732200,-18.091492286037102
csuEx72_NaAc_0.025M_JNL_10off_20on_20off,187,18.61,71033600,-18.889199361645748
csuEx72_NaAc_0.025M_JNL_10off_20on_20off,188,18.71,71562800,-18.284924262286893
csuEx72_NaAc_0.025M_JNL_10off_20on_20off,189,18.81,71177700,-18.72465657665404
csuEx72_NaAc_0.025M_JNL_10off_20on_20off,190,18.91,71438800,-18.42651555540953
csuEx72_NaAc_0.025M_JNL_10off_20on_20off,191,19.01,71111100,-18.800704803444102
csuEx72_NaAc_0.025M_JNL_10off_20on_20off,192,19.11,71670800,-18.16160281343815
csuEx72_NaAc_0.025M_JNL_10off_20on_20off,193,19.21,71373300,-18.50130773040576
csuEx72_NaAc_0.025M_JNL_10off_20on_20off,194,19.31,71322300,-18.559542859028777
csuEx72_NaAc_0.025M_JNL_10off_20on_20off,195,19.41,71728000,-18.096288120159
csuEx72_NaAc_0.025M_JNL_10off_20on_20off,196,19.51,71311500,-18.57187500391365
csuEx72_NaAc_0.025M_JNL_10off_20on_20off,197,19.61,70740200,-19.224222631018176
csuEx72_NaAc_0.025M_JNL_10off_20on_20off,198,19.71,70491800,-19.507861963370292
csuEx72_NaAc_0.025M_JNL_10off_20on_20off,199,19.81,71196500,-18.703189509632224
csuEx72_NaAc_0.025M_JNL_10off_20on_20off,200,19.91,70712800,-19.25550973933721
csuEx72_NaAc_0.025M_JNL_10off_20on_20off,201,20.01,70624800,-19.355993882843595
csuEx72_NaAc_0.025M_JNL_10off_20on_20off,203,20.21,70689900,-19.28165845395421
csuEx72_NaAc_0.025M_JNL_10off_20on_20off,204,20.31,70684300,-19.288052899450072
csuEx72_NaAc_0.025M_JNL_10off_20on_20off,205,20.41,70667600,-19.307122049410943
csuEx72_NaAc_0.025M_JNL_10off_20on_20off,206,20.51,70928400,-19.009323587746564
csuEx72_NaAc_0.025M_JNL_10off_20on_20off,207,20.609,70636200,-19.34297661879845
csuEx72_NaAc_0.025M_JNL_10off_20on_20off,208,20.709,70814600,-19.139267855144595
csuEx72_NaAc_0.025M_JNL_10off_20on_20off,209,20.809,70601500,-19.382599343567446
csuEx72_NaAc_0.025M_JNL_10off_20on_20off,210,20.909,69810900,-20.285358023750945
csuEx72_NaAc_0.025M_JNL_10off_20on_20off,211,21.009,70667000,-19.307807168571216
csuEx72_NaAc_0.025M_JNL_10off_20on_20off,212,21.109,70024700,-20.041227229641116
csuEx72_NaAc_0.025M_JNL_10off_20on_20off,213,21.209,70479900,-19.521450160048996
csuEx72_NaAc_0.025M_JNL_10off_20on_20off,214,21.309,70395300,-19.61805196164718
csuEx72_NaAc_0.025M_JNL_10off_20on_20off,215,21.409,70316000,-19.708601877329638
csuEx72_NaAc_0.025M_JNL_10off_20on_20off,216,21.509,70357000,-19.6617854013778
csuEx72_NaAc_0.025M_JNL_10off_20on_20off,217,21.609,70018700,-20.048078421243822
csuEx72_NaAc_0.025M_JNL_10off_20on_20off,218,21.709,70269200,-19.76204117183076
csuEx72_NaAc_0.025M_JNL_10off_20on_20off,219,21.809,69877800,-20.20896723738075
csuEx72_NaAc_0.025M_JNL_10off_20on_20off,220,21.909,70015200,-20.052074949678737
csuEx72_NaAc_0.025M_JNL_10off_20on_20off,221,22.009,69567200,-20.563630589347607
csuEx72_NaAc_0.025M_JNL_10off_20on_20off,222,22.109,69855500,-20.234430832837482
csuEx72_NaAc_0.025M_JNL_10off_20on_20off,223,22.209,69535000,-20.600398650948808
csuEx72_NaAc_0.025M_JNL_10off_20on_20off,224,22.309,69879300,-20.207254439480074
csuEx72_NaAc_0.025M_JNL_10off_20on_20off,225,22.409,70034300,-20.030265323076783
csuEx72_NaAc_0.025M_JNL_10off_20on_20off,226,22.509,69719400,-20.389838695692244
csuEx72_NaAc_0.025M_JNL_10off_20on_20off,227,22.609,69117400,-21.07724158649729
csuEx72_NaAc_0.025M_JNL_10off_20on_20off,228,22.709,68927900,-21.293625054616154
csuEx72_NaAc_0.025M_JNL_10off_20on_20off,229,22.809,68954600,-21.2631372519841
csuEx72_NaAc_0.025M_JNL_10off_20on_20off,230,22.909,68483700,-21.800841606269977
csuEx72_NaAc_0.025M_JNL_10off_20on_20off,231,23.009,68638800,-21.623738303339973
csuEx72_NaAc_0.025M_JNL_10off_20on_20off,232,23.109,68756300,-21.489569134453603
csuEx72_NaAc_0.025M_JNL_10off_20on_20off,233,23.209,68796400,-21.44378033724217
csuEx72_NaAc_0.025M_JNL_10off_20on_20off,234,23.309,68714500,-21.537299102619137
csuEx72_NaAc_0.025M_JNL_10off_20on_20off,235,23.409,68420700,-21.87277911809841
csuEx72_NaAc_0.025M_JNL_10off_20on_20off,236,23.509,68436500,-21.854737646877947
csuEx72_NaAc_0.025M_JNL_10off_20on_20off,237,23.609,68536400,-21.740665306692858
csuEx72_NaAc_0.025M_JNL_10off_20on_20off,238,23.709,68268100,-22.047027757860622
csuEx72_NaAc_0.025M_JNL_10off_20on_20off,239,23.809,68904200,-21.32068726144685
csuEx72_NaAc_0.025M_JNL_10off_20on_20off,240,23.909,68830900,-21.4043859855266
csuEx72_NaAc_0.025M_JNL_10off_20on_20off,241,24.009,68224500,-22.096813083506966
csuEx72_NaAc_0.025M_JNL_10off_20on_20off,242,24.109,68360400,-21.941633593705628
csuEx72_NaAc_0.025M_JNL_10off_20on_20off,243,24.209,68228000,-22.092816555072055
csuEx72_NaAc_0.025M_JNL_10off_20on_20off,244,24.309,68150600,-22.18119692674699
csuEx72_NaAc_0.025M_JNL_10off_20on_20off,245,24.409,68260800,-22.055363374310584
csuEx72_NaAc_0.025M_JNL_10off_20on_20off,246,24.509,68479400,-21.805751626918585
csuEx72_NaAc_0.025M_JNL_10off_20on_20off,247,24.609,68290200,-22.021792535457312
csuEx72_NaAc_0.025M_JNL_10off_20on_20off,248,24.709,68041600,-22.305660240862853
csuEx72_NaAc_0.025M_JNL_10off_20on_20off,249,24.809,67889100,-22.47979469409835
csuEx72_NaAc_0.025M_JNL_10off_20on_20off,250,24.91,67765000,-22.621500173747695
csuEx72_NaAc_0.025M_JNL_10off_20on_20off,251,25.01,68012600,-22.338774333609273
csuEx72_NaAc_0.025M_JNL_10off_20on_20off,252,25.11,67731800,-22.65941010061601
csuEx72_NaAc_0.025M_JNL_10off_20on_20off,253,25.21,68449100,-21.84035014451226
csuEx72_NaAc_0.025M_JNL_10off_20on_20off,254,25.31,68055000,-22.29035924628347
csuEx72_NaAc_0.025M_JNL_10off_20on_20off,255,25.41,68118500,-22.217850801821477
csuEx72_NaAc_0.025M_JNL_10off_20on_20off,256,25.51,67901900,-22.465178818679238
csuEx72_NaAc_0.025M_JNL_10off_20on_20off,257,25.61,67347700,-23.09800054971604
csuEx72_NaAc_0.025M_JNL_10off_20on_20off,258,25.71,67737200,-22.653244028173575
csuEx72_NaAc_0.025M_JNL_10off_20on_20off,259,25.81,67958000,-22.401120177193917
csuEx72_NaAc_0.025M_JNL_10off_20on_20off,260,25.91,67637000,-22.7676589279388
csuEx72_NaAc_0.025M_JNL_10off_20on_20off,261,26.01,67595600,-22.814932149997485
csuEx72_NaAc_0.025M_JNL_10off_20on_20off,262,26.11,67768200,-22.617846204892917
csuEx72_NaAc_0.025M_JNL_10off_20on_20off,263,26.21,67200900,-23.265626370928967
csuEx72_NaAc_0.025M_JNL_10off_20on_20off,264,26.31,67537000,-22.881845454650602
csuEx72_NaAc_0.025M_JNL_10off_20on_20off,265,26.41,67643400,-22.760350990229245
csuEx72_NaAc_0.025M_JNL_10off_20on_20off,267,26.61,67326000,-23.122779026012502
csuEx72_NaAc_0.025M_JNL_10off_20on_20off,268,26.71,67839600,-22.53631702482069
csuEx72_NaAc_0.025M_JNL_10off_20on_20off,269,26.81,67149600,-23.32420405913212
csuEx72_NaAc_0.025M_JNL_10off_20on_20off,270,26.91,67546600,-22.87088354808627
csuEx72_NaAc_0.025M_JNL_10off_20on_20off,271,27.01,67445300,-22.986554499645322
csuEx72_NaAc_0.025M_JNL_10off_20on_20off,272,27.11,66986900,-23.50998553809222
csuEx72_NaAc_0.025M_JNL_10off_20on_20off,273,27.21,66805899.99999999,-23.71666315144059
csuEx72_NaAc_0.025M_JNL_10off_20on_20off,274,27.31,67286100,-23.16833945017051
csuEx72_NaAc_0.025M_JNL_10off_20on_20off,275,27.41,67209400,-23.25592051615846
csuEx72_NaAc_0.025M_JNL_10off_20on_20off,276,27.51,67169200,-23.301823499896607
csuEx72_NaAc_0.025M_JNL_10off_20on_20off,277,27.61,67390800,-23.048786156703255
csuEx72_NaAc_0.025M_JNL_10off_20on_20off,278,27.71,66851700,-23.664365722206576
csuEx72_NaAc_0.025M_JNL_10off_20on_20off,279,27.81,66984500,-23.512726014733303
csuEx72_NaAc_0.025M_JNL_10off_20on_20off,280,27.91,66897900,-23.611611546865724
csuEx72_NaAc_0.025M_JNL_10off_20on_20off,281,28.01,66710200.00000001,-23.825939657503767
csuEx72_NaAc_0.025M_JNL_10off_20on_20off,282,28.11,66748200.00000001,-23.78254877735328
csuEx72_NaAc_0.025M_JNL_10off_20on_20off,283,28.21,66436600,-24.138353994587263
csuEx72_NaAc_0.025M_JNL_10off_20on_20off,284,28.31,67042100,-23.446954575347306
csuEx72_NaAc_0.025M_JNL_10off_20on_20off,285,28.41,67124800,-23.352522317756648
csuEx72_NaAc_0.025M_JNL_10off_20on_20off,286,28.51,66586400,-23.967302577572987
csuEx72_NaAc_0.025M_JNL_10off_20on_20off,287,28.61,66747200,-23.78369064262041
csuEx72_NaAc_0.025M_JNL_10off_20on_20off,288,28.71,66520700,-24.042323125622637
csuEx72_NaAc_0.025M_JNL_10off_20on_20off,289,28.81,66537000,-24.023710721768616
csuEx72_NaAc_0.025M_JNL_10off_20on_20off,290,28.91,66287500,-24.308606105914563
csuEx72_NaAc_0.025M_JNL_10off_20on_20off,291,29.01,66533800,-24.027364690623394
csuEx72_NaAc_0.025M_JNL_10off_20on_20off,292,29.11,66479000,-24.08993890726146
csuEx72_NaAc_0.025M_JNL_10off_20on_20off,293,29.21,66497900,-24.06835765371293
csuEx72_NaAc_0.025M_JNL_10off_20on_20off,294,29.31,66550200.00000001,-24.00863810024265
csuEx72_NaAc_0.025M_JNL_10off_20on_20off,295,29.41,65936100,-24.70985756077983
csuEx72_NaAc_0.025M_JNL_10off_20on_20off,296,29.51,66180500,-24.43078568949619
csuEx72_NaAc_0.025M_JNL_10off_20on_20off,297,29.61,66115400,-24.505121118385574
csuEx72_NaAc_0.025M_JNL_10off_20on_20off,298,29.71,66197900,-24.410917233848338
csuEx72_NaAc_0.025M_JNL_10off_20on_20off,299,29.81,65985800,-24.65310685700407
csuEx72_NaAc_0.025M_JNL_10off_20on_20off,300,29.91,65854300,-24.803262139630085
csuEx72_NaAc_0.025M_JNL_10off_20on_20off,301,30.01,66123600,-24.495757823195206
csuEx72_NaAc_0.025M_JNL_10off_20on_20off,302,30.11,66789500.00000001,-23.735389741821308
csuEx72_NaAc_0.025M_JNL_10off_20on_20off,303,30.21,68003800,-22.34882274795991
csuEx72_NaAc_0.025M_JNL_10off_20on_20off,304,30.31,68846700,-21.386344514306135
csuEx72_NaAc_0.025M_JNL_10off_20on_20off,305,30.41,69323800,-20.841560595364133
csuEx72_NaAc_0.025M_JNL_10off_20on_20off,306,30.51,69869100,-20.218901465204677
csuEx72_NaAc_0.025M_JNL_10off_20on_20off,307,30.61,70456500,-19.548169807299555
csuEx72_NaAc_0.025M_JNL_10off_20on_20off,308,30.71,70034600,-20.029922763496646
csuEx72_NaAc_0.025M_JNL_10off_20on_20off,309,30.81,70759300,-19.202413004416222
csuEx72_NaAc_0.025M_JNL_10off_20on_20off,310,30.91,70614300,-19.367983468148335
csuEx72_NaAc_0.025M_JNL_10off_20on_20off,311,31.01,70905600,-19.035358115836857
csuEx72_NaAc_0.025M_JNL_10off_20on_20off,312,31.11,70804400,-19.1509148808692
csuEx72_NaAc_0.025M_JNL_10off_20on_20off,313,31.21,71473200,-18.387235390220667
csuEx72_NaAc_0.025M_JNL_10off_20on_20off,314,31.31,71267500,-18.622117075666843
csuEx72_NaAc_0.025M_JNL_10off_20on_20off,315,31.41,71463700,-18.39808311025829
csuEx72_NaAc_0.025M_JNL_10off_20on_20off,316,31.51,71083400,-18.83233447134327
csuEx72_NaAc_0.025M_JNL_10off_20on_20off,317,31.61,71032100,-18.890912159546424
csuEx72_NaAc_0.025M_JNL_10off_20on_20off,318,31.71,71353900,-18.523459916587846
csuEx72_NaAc_0.025M_JNL_10off_20on_20off,319,31.81,71048800,-18.871843009585554
csuEx72_NaAc_0.025M_JNL_10off_20on_20off,320,31.91,71099600,-18.81383625401596
csuEx72_NaAc_0.025M_JNL_10off_20on_20off,321,32.01,71634600,-18.20293833610782
csuEx72_NaAc_0.025M_JNL_10off_20on_20off,322,32.11,71575600,-18.270308386867782
csuEx72_NaAc_0.025M_JNL_10off_20on_20off,323,32.21,71088900,-18.82605421237412
csuEx72_NaAc_0.025M_JNL_10off_20on_20off,324,32.31,71373900,-18.500622611245486
csuEx72_NaAc_0.025M_JNL_10off_20on_20off,325,32.41,71241400,-18.651919759138625
csuEx72_NaAc_0.025M_JNL_10off_20on_20off,326,32.51,71230700,-18.664137717496786
csuEx72_NaAc_0.025M_JNL_10off_20on_20off,327,32.61,70400100,-19.612571008365013
csuEx72_NaAc_0.025M_JNL_10off_20on_20off,328,32.71,70753000,-19.209606755599065
csuEx72_NaAc_0.025M_JNL_10off_20on_20off,329,32.81,71321600,-18.56034216471576
csuEx72_NaAc_0.025M_JNL_10off_20on_20off,330,32.91,71020200,-18.904500356225128
csuEx72_NaAc_0.025M_JNL_10off_20on_20off,331,33.01,71013100,-18.912607599621666
csuEx72_NaAc_0.025M_JNL_10off_20on_20off,332,33.11,70761500,-19.199900900828563
csuEx72_NaAc_0.025M_JNL_10off_20on_20off,333,33.21,71081200,-18.83484657493093
csuEx72_NaAc_0.025M_JNL_10off_20on_20off,334,33.31,71098400,-18.8152064923365
csuEx72_NaAc_0.025M_JNL_10off_20on_20off,335,33.41,70653400,-19.32333653620402
csuEx72_NaAc_0.025M_JNL_10off_20on_20off,336,33.51,70733400,-19.23198731483458
csuEx72_NaAc_0.025M_JNL_10off_20on_20off,337,33.61,71085900,-18.829479808175474
csuEx72_NaAc_0.025M_JNL_10off_20on_20off,338,33.71,71106500,-18.805957383672844
csuEx72_NaAc_0.025M_JNL_10off_20on_20off,339,33.81,70224500,-19.813082549270934
csuEx72_NaAc_0.025M_JNL_10off_20on_20off,340,33.91,70510300,-19.48673745592861
csuEx72_NaAc_0.025M_JNL_10off_20on_20off,341,34.01,70623000,-19.35804924032441
csuEx72_NaAc_0.025M_JNL_10off_20on_20off,342,34.11,70779800,-19.179004766440304
csuEx72_NaAc_0.025M_JNL_10off_20on_20off,343,34.21,70134400,-19.91596460983827
csuEx72_NaAc_0.025M_JNL_10off_20on_20off,344,34.31,70500600,-19.497813549019654
csuEx72_NaAc_0.025M_JNL_10off_20on_20off,345,34.41,70376100,-19.639975774775845
csuEx72_NaAc_0.025M_JNL_10off_20on_20off,346,34.51,70991900,-18.93681514328457
csuEx72_NaAc_0.025M_JNL_10off_20on_20off,347,34.61,70600600,-19.383627022307852
csuEx72_NaAc_0.025M_JNL_10off_20on_20off,348,34.71,70454000,-19.55102447046735
csuEx72_NaAc_0.025M_JNL_10off_20on_20off,349,34.81,70640800,-19.337724038569707
csuEx72_NaAc_0.025M_JNL_10off_20on_20off,350,34.91,70128400,-19.922815801440976
csuEx72_NaAc_0.025M_JNL_10off_20on_20off,351,35.01,70190100,-19.852362714459794
csuEx72_NaAc_0.025M_JNL_10off_20on_20off,352,35.11,70072200,-19.98698862945301
csuEx72_NaAc_0.025M_JNL_10off_20on_20off,353,35.21,70340900,-19.6801694321784
csuEx72_NaAc_0.025M_JNL_10off_20on_20off,354,35.31,69980500,-20.09169767444773
csuEx72_NaAc_0.025M_JNL_10off_20on_20off,355,35.41,70031200,-20.03380510540485
csuEx72_NaAc_0.025M_JNL_10off_20on_20off,356,35.51,70571600,-19.416741115054272
csuEx72_NaAc_0.025M_JNL_10off_20on_20off,357,35.61,70044100,-20.019075043459026
csuEx72_NaAc_0.025M_JNL_10off_20on_20off,358,35.71,70385700,-19.629013868211512
csuEx72_NaAc_0.025M_JNL_10off_20on_20off,359,35.81,70101100,-19.953988723233298
csuEx72_NaAc_0.025M_JNL_10off_20on_20off,360,35.91,69982400,-20.089528130440208
csuEx72_NaAc_0.025M_JNL_10off_20on_20off,361,36.01,69659800,-20.45789386561248
csuEx72_NaAc_0.025M_JNL_10off_20on_20off,362,36.11,69791400,-20.307624396459747
csuEx72_NaAc_0.025M_JNL_10off_20on_20off,363,36.21,70067600,-19.99224120968175
csuEx72_NaAc_0.025M_JNL_10off_20on_20off,364,36.31,69971900,-20.101517715744947
csuEx72_NaAc_0.025M_JNL_10off_20on_20off,365,36.41,70086800,-19.970317396553085
csuEx72_NaAc_0.025M_JNL_10off_20on_20off,366,36.51,69778600,-20.322240271878858
csuEx72_NaAc_0.025M_JNL_10off_20on_20off,367,36.61,69801600,-20.295977370735145
csuEx72_NaAc_0.025M_JNL_10off_20on_20off,368,36.71,69998000,-20.071715032273165
csuEx72_NaAc_0.025M_JNL_10off_20on_20off,369,36.81,69945600,-20.13154877227015
csuEx72_NaAc_0.025M_JNL_10off_20on_20off,370,36.91,69948500,-20.128237362995506
csuEx72_NaAc_0.025M_JNL_10off_20on_20off,371,37.01,70101700,-19.953303604073028
csuEx72_NaAc_0.025M_JNL_10off_20on_20off,372,37.11,70031300,-20.033690918878136
csuEx72_NaAc_0.025M_JNL_10off_20on_20off,373,37.21,69858000,-20.231576169669687
csuEx72_NaAc_0.025M_JNL_10off_20on_20off,374,37.31,69972500,-20.100832596584674
csuEx72_NaAc_0.025M_JNL_10off_20on_20off,375,37.41,69982500,-20.089413943913495
csuEx72_NaAc_0.025M_JNL_10off_20on_20off,376,37.51,69653100,-20.46554436290217
csuEx72_NaAc_0.025M_JNL_10off_20on_20off,377,37.61,69745200,-20.3603785718006
csuEx72_NaAc_0.025M_JNL_10off_20on_20off,378,37.71,69112500,-21.082836726306166
csuEx72_NaAc_0.025M_JNL_10off_20on_20off,379,37.81,69386800,-20.769623083535695
csuEx72_NaAc_0.025M_JNL_10off_20on_20off,380,37.91,69623200,-20.499686134389
csuEx72_NaAc_0.025M_JNL_10off_20on_20off,381,38.01,69544600,-20.589436744384475
csuEx72_NaAc_0.025M_JNL_10off_20on_20off,382,38.11,69673000,-20.44282124408652
csuEx72_NaAc_0.025M_JNL_10off_20on_20off,383,38.21,69806700,-20.29015385787284
csuEx72_NaAc_0.025M_JNL_10off_20on_20off,384,38.31,69923200,-20.157126554253594
csuEx72_NaAc_0.025M_JNL_10off_20on_20off,385,38.41,69335300,-20.828429144792274
csuEx72_NaAc_0.025M_JNL_10off_20on_20off,386,38.51,70008900,-20.05926870086158
csuEx72_NaAc_0.025M_JNL_10off_20on_20off,387,38.61,69604000,-20.521609947517664
csuEx72_NaAc_0.025M_JNL_10off_20on_20off,388,38.71,69758600,-20.34507757722122
csuEx72_NaAc_0.025M_JNL_10off_20on_20off,389,38.81,69672400,-20.44350636324679
csuEx72_NaAc_0.025M_JNL_10off_20on_20off,390,38.91,69412700,-20.74004877311734
csuEx72_NaAc_0.025M_JNL_10off_20on_20off,391,39.01,69261200,-20.913041361085718
csuEx72_NaAc_0.025M_JNL_10off_20on_20off,392,39.11,69327600,-20.83722150734908
csuEx72_NaAc_0.025M_JNL_10off_20on_20off,393,39.21,69696500,-20.415987410309246
csuEx72_NaAc_0.025M_JNL_10off_20on_20off,394,39.31,69531200,-20.604737738963856
csuEx72_NaAc_0.025M_JNL_10off_20on_20off,395,39.41,69307600,-20.86005881269144
csuEx72_NaAc_0.025M_JNL_10off_20on_20off,396,39.51,69476500,-20.66719776907521
csuEx72_NaAc_0.025M_JNL_10off_20on_20off,397,39.61,69274700,-20.897626179979625
csuEx72_NaAc_0.025M_JNL_10off_20on_20off,398,39.71,69329000,-20.835622895975117
csuEx72_NaAc_0.025M_JNL_10off_20on_20off,399,39.81,69155700,-21.033508146766668
csuEx72_NaAc_0.025M_JNL_10off_20on_20off,400,39.91,69498700,-20.64184836014519
csuEx72_NaAc_0.025M_JNL_10off_20on_20off,401,40.01,69488400,-20.653609572396505
csuEx72_NaAc_0.025M_JNL_10off_20on_20off,402,40.11,69975400,-20.097521187310033
csuEx72_NaAc_0.025M_JNL_10off_20on_20off,403,40.21,69542800,-20.591492101865285
csuEx72_NaAc_0.025M_JNL_10off_20on_20off,404,40.31,69644600,-20.475250217672674
csuEx72_NaAc_0.025M_JNL_10off_20on_20off,405,40.41,68644900,-21.616772925210554
csuEx72_NaAc_0.025M_JNL_10off_20on_20off,406,40.51,69217700,-20.962712500205352
csuEx72_NaAc_0.025M_JNL_10off_20on_20off,407,40.61,69122800,-21.07107551405485
csuEx72_NaAc_0.025M_JNL_10off_20on_20off,408,40.71,69276400,-20.895685009025524
csuEx72_NaAc_0.025M_JNL_10off_20on_20off,409,40.81,69608000,-20.517042486449192
csuEx72_NaAc_0.025M_JNL_10off_20on_20off,410,40.91,69143700,-21.047210529972084
csuEx72_NaAc_0.025M_JNL_10off_20on_20off,411,41.01,69507800,-20.631457386214418
csuEx72_NaAc_0.025M_JNL_10off_20on_20off,412,41.11,69113300,-21.08192323409247
csuEx72_NaAc_0.025M_JNL_10off_20on_20off,413,41.21,69184600,-21.00050824054696
csuEx72_NaAc_0.025M_JNL_10off_20on_20off,414,41.31,68947300,-21.271472868434063
csuEx72_NaAc_0.025M_JNL_10off_20on_20off,415,41.41,69434400,-20.71527029682088
csuEx72_NaAc_0.025M_JNL_10off_20on_20off,416,41.51,69171500,-21.015466675546204
csuEx72_NaAc_0.025M_JNL_10off_20on_20off,417,41.61,69704400,-20.406966674699014
csuEx72_NaAc_0.025M_JNL_10off_20on_20off,418,41.71,69269900,-20.90310713326179
csuEx72_NaAc_0.025M_JNL_10off_20on_20off,419,41.81,69064400,-21.137760445654543
csuEx72_NaAc_0.025M_JNL_10off_20on_20off,420,41.91,68760800,-21.484430740751574
csuEx72_NaAc_0.025M_JNL_10off_20on_20off,421,42.01,68866700,-21.363507208963775
csuEx72_NaAc_0.025M_JNL_10off_20on_20off,422,42.11,69203000,-20.97949791963199
csuEx72_NaAc_0.025M_JNL_10off_20on_20off,423,42.21,68493600,-21.78953714012551
csuEx72_NaAc_0.025M_JNL_10off_20on_20off,424,42.31,69073600,-21.12725528519706
csuEx72_NaAc_0.025M_JNL_10off_20on_20off,425,42.41,68726700,-21.523368346360296
csuEx72_NaAc_0.025M_JNL_10off_20on_20off,426,42.51,68648300,-21.612890583302352
csuEx72_NaAc_0.025M_JNL_10off_20on_20off,427,42.61,68921100,-21.301389738432555
csuEx72_NaAc_0.025M_JNL_10off_20on_20off,428,42.71,69049900,-21.154317492027754
csuEx72_NaAc_0.025M_JNL_10off_20on_20off,429,42.81,68576300,-21.69510488253485
csuEx72_NaAc_0.025M_JNL_10off_20on_20off,430,42.91,68538200,-21.738609949212044
csuEx72_NaAc_0.025M_JNL_10off_20on_20off,431,43.01,68775300,-21.467873694378362
csuEx72_NaAc_0.025M_JNL_10off_20on_20off,432,43.11,68611000,-21.655482157765853
csuEx72_NaAc_0.025M_JNL_10off_20on_20off,433,43.21,68681000,-21.575551589067594
csuEx72_NaAc_0.025M_JNL_10off_20on_20off,434,43.31,68631100,-21.63253066589678
csuEx72_NaAc_0.025M_JNL_10off_20on_20off,435,43.41,68485800,-21.79844368920903
csuEx72_NaAc_0.025M_JNL_10off_20on_20off,436,43.51,68900800,-21.32456960335505
csuEx72_NaAc_0.025M_JNL_10off_20on_20off,437,43.61,68882400,-21.345579924270023
csuEx72_NaAc_0.025M_JNL_10off_20on_20off,438,43.71,68935200,-21.285289438166192
csuEx72_NaAc_0.025M_JNL_10off_20on_20off,439,43.81,68798000,-21.44195335281478
csuEx72_NaAc_0.025M_JNL_10off_20on_20off,440,43.91,68351100,-21.952252940689824
csuEx72_NaAc_0.025M_JNL_10off_20on_20off,441,44.01,68371700,-21.928730516187194
csuEx72_NaAc_0.025M_JNL_10off_20on_20off,442,44.11,68892500,-21.33404708507213
csuEx72_NaAc_0.025M_JNL_10off_20on_20off,443,44.21,68260200,-22.056048493470854
csuEx72_NaAc_0.025M_JNL_10off_20on_20off,444,44.31,68479200,-21.80597999997201
csuEx72_NaAc_0.025M_JNL_10off_20on_20off,445,44.41,68723400,-21.527136501741786
csuEx72_NaAc_0.025M_JNL_10off_20on_20off,446,44.51,68594900,-21.673866188566453
csuEx72_NaAc_0.025M_JNL_10off_20on_20off,447,44.61,68533500,-21.7439767159675
csuEx72_NaAc_0.025M_JNL_10off_20on_20off,448,44.71,68079600,-22.262269360712367
csuEx72_NaAc_0.025M_JNL_10off_20on_20off,449,44.81,68395900,-21.901097376722937
csuEx72_NaAc_0.025M_JNL_10off_20on_20off,450,44.91,68783000,-21.459081331821555
csuEx72_NaAc_0.025M_JNL_10off_20on_20off,451,45.01,68598100,-21.670212219711676
csuEx72_NaAc_0.025M_JNL_10off_20on_20off,452,45.11,67876600,-22.494068009937322
csuEx72_NaAc_0.025M_JNL_10off_20on_20off,453,45.21,67675300,-22.72392548820818
csuEx72_NaAc_0.025M_JNL_10off_20on_20off,454,45.31,67768100,-22.61796039141963
csuEx72_NaAc_0.025M_JNL_10off_20on_20off,455,45.41,67498000,-22.926378200068203
csuEx72_NaAc_0.025M_JNL_10off_20on_20off,456,45.51,67841300,-22.53437585386659
csuEx72_NaAc_0.025M_JNL_10off_20on_20off,457,45.61,67424400,-23.01041948372809
csuEx72_NaAc_0.025M_JNL_10off_20on_20off,458,45.71,67636500,-22.768229860572358
csuEx72_NaAc_0.025M_JNL_10off_20on_20off,459,45.81,67498400,-22.925921453961358
csuEx72_NaAc_0.025M_JNL_10off_20on_20off,460,45.91,67517200,-22.904454386939538
csuEx72_NaAc_0.025M_JNL_10off_20on_20off,461,46.01,67525200,-22.895319464802594
csuEx72_NaAc_0.025M_JNL_10off_20on_20off,462,46.11,67666900,-22.73351715645197
csuEx72_NaAc_0.025M_JNL_10off_20on_20off,463,46.21,67430400,-23.003568292125383
csuEx72_NaAc_0.025M_JNL_10off_20on_20off,464,46.31,67506400,-22.916786531824414
csuEx72_NaAc_0.025M_JNL_10off_20on_20off,465,46.41,67542600,-22.87545100915474
csuEx72_NaAc_0.025M_JNL_10off_20on_20off,466,46.51,67268100,-23.188893024978636
csuEx72_NaAc_0.025M_JNL_10off_20on_20off,467,46.61,67224300,-23.238906723678404
csuEx72_NaAc_0.025M_JNL_10off_20on_20off,468,46.71,67509200,-22.91358930907648
csuEx72_NaAc_0.025M_JNL_10off_20on_20off,469,46.81,67481100,-22.9456757230825
csuEx72_NaAc_0.025M_JNL_10off_20on_20off,470,46.91,67488800,-22.93688336052569
csuEx72_NaAc_0.025M_JNL_10off_20on_20off,471,47.01,67570500,-22.84359296820215
csuEx72_NaAc_0.025M_JNL_10off_20on_20off,472,47.11,67877200,-22.493382890777053
csuEx72_NaAc_0.025M_JNL_10off_20on_20off,473,47.21,68169700,-22.159387300145035
csuEx72_NaAc_0.025M_JNL_10off_20on_20off,474,47.31,68290600,-22.021335789350466
csuEx72_NaAc_0.025M_JNL_10off_20on_20off,475,47.41,67826400,-22.55138964634665
csuEx72_NaAc_0.025M_JNL_10off_20on_20off,476,47.51,68049700,-22.296411132199196
csuEx72_NaAc_0.025M_JNL_10off_20on_20off,477,47.61,67984500,-22.37086074761529
csuEx72_NaAc_0.025M_JNL_10off_20on_20off,478,47.71,67813600,-22.56600552176576
csuEx72_NaAc_0.025M_JNL_10off_20on_20off,479,47.81,68069100,-22.274258946017106
csuEx72_NaAc_0.025M_JNL_10off_20on_20off,480,47.91,68108600,-22.229155267965943
csuEx72_NaAc_0.025M_JNL_10off_20on_20off,481,48.01,67814200,-22.565320402605487
csuEx72_NaAc_0.025M_JNL_10off_20on_20off,482,48.11,68486600,-21.797530196995336
csuEx72_NaAc_0.025M_JNL_10off_20on_20off,483,48.21,68094800,-22.244913008652173
csuEx72_NaAc_0.025M_JNL_10off_20on_20off,484,48.31,68240600,-22.078429052706365
csuEx72_NaAc_0.025M_JNL_10off_20on_20off,485,48.41,67763000,-22.62378390428193
csuEx72_NaAc_0.025M_JNL_10off_20on_20off,487,48.61,67937200,-22.42487097474997
csuEx72_NaAc_0.025M_JNL_10off_20on_20off,488,48.71,67117400,-23.36097212073332
csuEx72_NaAc_0.025M_JNL_10off_20on_20off,489,48.81,67662400,-22.738655550154004
csuEx72_NaAc_0.025M_JNL_10off_20on_20off,490,48.91,67234700,-23.227031324900377
csuEx72_NaAc_0.025M_JNL_10off_20on_20off,491,49.01,67457500,-22.97262374338648
csuEx72_NaAc_0.025M_JNL_10off_20on_20off,492,49.11,67528000,-22.892122242054665
csuEx72_NaAc_0.025M_JNL_10off_20on_20off,493,49.21,67584600,-22.827492667935783
csuEx72_NaAc_0.025M_JNL_10off_20on_20off,494,49.31,67519200,-22.902170656405303
csuEx72_NaAc_0.025M_JNL_10off_20on_20off,495,49.41,67154500,-23.318608919323243
csuEx72_NaAc_0.025M_JNL_10off_20on_20off,496,49.51,67424300,-23.0105336702548
csuEx72_NaAc_0.025M_JNL_10off_20on_20off,497,49.61,67431900,-23.001855494224703
csuEx72_NaAc_0.025M_JNL_10off_20on_20off,498,49.71,67333000,-23.114785969142677
csuEx72_NaAc_0.025M_JNL_10off_20on_20off,499,49.81,67515500,-22.90639555789364
csuEx72_NaAc_0.025M_JNL_10off_20on_20off,500,49.91,67434200,-22.999229204110332
csuEx72_NaAc_0.025M_JNL_10off_20on_20off,501,50.01,67352400,-23.092633782960586
csuEx72_NaAc_0.025M_JNL_10off_20on_20off,502,50.11,67269000,-23.18786534623823
csuEx72_NaAc_0.025M_JNL_10off_20on_20off,503,50.21,67432300,-23.001398748117857
csuEx72_NaAc_0.025M_JNL_10off_20on_20off,504,50.31,67107000,-23.372847519511346
csuEx72_NaAc_0.025M_JNL_10off_20on_20off,505,50.41,67002400,-23.492286626451893
csuEx72_NaAc_0.025M_JNL_10off_20on_20off,506,50.51,66774100,-23.752974466934933
csuEx72_NaAc_0.025M_JNL_10off_20on_20off,507,50.61,67145200,-23.32922826630744
csuEx72_NaAc_0.025M_JNL_10off_20on_20off,508,50.71,66915300,-23.59174309121787
csuEx72_NaAc_0.025M_JNL_10off_20on_20off,509,50.81,67118100,-23.360172815046337
csuEx72_NaAc_0.025M_JNL_10off_20on_20off,510,50.91,66936400,-23.56764973408168
csuEx72_NaAc_0.025M_JNL_10off_20on_20off,511,51.01,67226100,-23.23685136619759
csuEx72_NaAc_0.025M_JNL_10off_20on_20off,512,51.11,67157200,-23.315525883102023
csuEx72_NaAc_0.025M_JNL_10off_20on_20off,513,51.21,66650800,-23.893766454370585
csuEx72_NaAc_0.025M_JNL_10off_20on_20off,514,51.31,66556800,-24.00110178947968
csuEx72_NaAc_0.025M_JNL_10off_20on_20off,515,51.41,66258200,-24.34206275824112
csuEx72_NaAc_0.025M_JNL_10off_20on_20off,516,51.51,66192100,-24.41754005239762
csuEx72_NaAc_0.025M_JNL_10off_20on_20off,517,51.61,66308500,-24.284626935305084
csuEx72_NaAc_0.025M_JNL_10off_20on_20off,518,51.71,66009300,-24.626273023226794
csuEx72_NaAc_0.025M_JNL_10off_20on_20off,519,51.81,66544299.99999999,-24.015375105318665
csuEx72_NaAc_0.025M_JNL_10off_20on_20off,520,51.91,65965000,-24.676857654560123
csuEx72_NaAc_0.025M_JNL_10off_20on_20off,521,52.01,66262800.00000001,-24.33681017801237
csuEx72_NaAc_0.025M_JNL_10off_20on_20off,522,52.11,66111700.00000001,-24.509346019873902
csuEx72_NaAc_0.025M_JNL_10off_20on_20off,523,52.21,66231300,-24.372778933926593
csuEx72_NaAc_0.025M_JNL_10off_20on_20off,524,52.31,66032200,-24.600124308609793
csuEx72_NaAc_0.025M_JNL_10off_20on_20off,525,52.41,65827400,-24.833978315315562
csuEx72_NaAc_0.025M_JNL_10off_20on_20off,526,52.51,65777599.99999999,-24.890843205618047
csuEx72_NaAc_0.025M_JNL_10off_20on_20off,527,52.61,65754500,-24.917220293288462
csuEx72_NaAc_0.025M_JNL_10off_20on_20off,528,52.71,65953500,-24.68998910513198
csuEx72_NaAc_0.025M_JNL_10off_20on_20off,529,52.81,66025000,-24.608345738533043
csuEx72_NaAc_0.025M_JNL_10off_20on_20off,530,52.91,65914200,-24.734864410129717
csuEx72_NaAc_0.025M_JNL_10off_20on_20off,531,53.01,65949700,-24.694328193147026
csuEx72_NaAc_0.025M_JNL_10off_20on_20off,532,53.11,65794600,-24.871431496077033
csuEx72_NaAc_0.025M_JNL_10off_20on_20off,533,53.21,66062800,-24.56518323143598
csuEx72_NaAc_0.025M_JNL_10off_20on_20off,534,53.31,66192600,-24.41696911976406
csuEx72_NaAc_0.025M_JNL_10off_20on_20off,535,53.41,65679600,-25.0027460017956
csuEx72_NaAc_0.025M_JNL_10off_20on_20off,536,53.51,65571400.00000001,-25.126295823697763
csuEx72_NaAc_0.025M_JNL_10off_20on_20off,537,53.61,65510200,-25.19617797804539
csuEx72_NaAc_0.025M_JNL_10off_20on_20off,538,53.71,65690700,-24.990071297330594
csuEx72_NaAc_0.025M_JNL_10off_20on_20off,539,53.81,65750900,-24.92133100825009
csuEx72_NaAc_0.025M_JNL_10off_20on_20off,540,53.91,65567600,-25.130634911712818
csuEx72_NaAc_0.025M_JNL_10off_20on_20off,541,54.01,65689200,-24.99178409523127
csuEx72_NaAc_0.025M_JNL_10off_20on_20off,542,54.11,65453700,-25.26069336563756
csuEx72_NaAc_0.025M_JNL_10off_20on_20off,543,54.21,65175500,-25.578360282949795
csuEx72_NaAc_0.025M_JNL_10off_20on_20off,544,54.31,65564300,-25.134403067094308
csuEx72_NaAc_0.025M_JNL_10off_20on_20off,545,54.41,65437800,-25.278849023384737
csuEx72_NaAc_0.025M_JNL_10off_20on_20off,546,54.51,65812500,-24.85099210779562
csuEx72_NaAc_0.025M_JNL_10off_20on_20off,547,54.61,65810900,-24.852819092223008
csuEx72_NaAc_0.025M_JNL_10off_20on_20off,548,54.71,65743300,-24.930009184280184
csuEx72_NaAc_0.025M_JNL_10off_20on_20off,549,54.81,65872700,-24.782251818715114
csuEx72_NaAc_0.025M_JNL_10off_20on_20off,550,54.91,65171700,-25.582699370964846
csuEx72_NaAc_0.025M_JNL_10off_20on_20off,551,55.01,65491400.00000001,-25.217645045067204
csuEx72_NaAc_0.025M_JNL_10off_20on_20off,552,55.11,65156200,-25.600398282605173
csuEx72_NaAc_0.025M_JNL_10off_20on_20off,553,55.21,65616800,-25.074455140570613
csuEx72_NaAc_0.025M_JNL_10off_20on_20off,554,55.31,65681400,-25.000690644314787
csuEx72_NaAc_0.025M_JNL_10off_20on_20off,555,55.41,65717700,-24.959240935118405
csuEx72_NaAc_0.025M_JNL_10off_20on_20off,556,55.51,65195100,-25.555979723714284
csuEx72_NaAc_0.025M_JNL_10off_20on_20off,557,55.61,65613600,-25.07810910942539
csuEx72_NaAc_0.025M_JNL_10off_20on_20off,558,55.71,65612600,-25.079250974692506
csuEx72_NaAc_0.025M_JNL_10off_20on_20off,559,55.81,66344700,-24.24329141263541
csuEx72_NaAc_0.025M_JNL_10off_20on_20off,560,55.91,66554900,-24.003271333487202
csuEx72_NaAc_0.025M_JNL_10off_20on_20off,561,56.01,65966400,-24.675259043186156
csuEx72_NaAc_0.025M_JNL_10off_20on_20off,562,56.11,65762200,-24.908427930731655
csuEx72_NaAc_0.025M_JNL_10off_20on_20off,563,56.21,66050100,-24.57968492032838
csuEx72_NaAc_0.025M_JNL_10off_20on_20off,564,56.31,65555500,-25.144451481444946
csuEx72_NaAc_0.025M_JNL_10off_20on_20off,565,56.41,65846600.00000001,-24.812054502186886
csuEx72_NaAc_0.025M_JNL_10off_20on_20off,566,56.51,65858200,-24.798808865088326
csuEx72_NaAc_0.025M_JNL_10off_20on_20off,567,56.61,65592800,-25.101859906981446
csuEx72_NaAc_0.025M_JNL_10off_20on_20off,568,56.71,66169800,-24.443003647854354
csuEx72_NaAc_0.025M_JNL_10off_20on_20off,569,56.81,65320200,-25.413132378797815
csuEx72_NaAc_0.025M_JNL_10off_20on_20off,570,56.91,65892000,-24.760213819059736
csuEx72_NaAc_0.025M_JNL_10off_20on_20off,571,57.01,65892300,-24.759871259479603
csuEx72_NaAc_0.025M_JNL_10off_20on_20off,572,57.11,65771600,-24.897694397220747
csuEx72_NaAc_0.025M_JNL_10off_20on_20off,573,57.21,66044700,-24.585850992770816
csuEx72_NaAc_0.025M_JNL_10off_20on_20off,574,57.31,65715600,-24.961638852179355
csuEx72_NaAc_0.025M_JNL_10off_20on_20off,575,57.41,65717100.00000001,-24.959926054278668
csuEx72_NaAc_0.025M_JNL_10off_20on_20off,576,57.51,65496500,-25.211821532204908
csuEx72_NaAc_0.025M_JNL_10off_20on_20off,577,57.61,65939200,-24.706317778451766
csuEx72_NaAc_0.025M_JNL_10off_20on_20off,578,57.71,65206300,-25.543190832722562
csuEx72_NaAc_0.025M_JNL_10off_20on_20off,579,57.81,65389300,-25.33422948883996
csuEx72_NaAc_0.025M_JNL_10off_20on_20off,580,57.91,64625800,-26.206043620284568
csuEx72_NaAc_0.025M_JNL_10off_20on_20off,581,58.01,64908700,-25.883009936216883
csuEx72_NaAc_0.025M_JNL_10off_20on_20off,582,58.11,64933600,-25.854577491065644
csuEx72_NaAc_0.025M_JNL_10off_20on_20off,583,58.21,65005700,-25.772249005306435
csuEx72_NaAc_0.025M_JNL_10off_20on_20off,584,58.31,64675900.00000001,-26.148836170401946
csuEx72_NaAc_0.025M_JNL_10off_20on_20off,585,58.41,64818100,-25.986462929417776
csuEx72_NaAc_0.025M_JNL_10off_20on_20off,586,58.51,65002900,-25.775446228054367
csuEx72_NaAc_0.025M_JNL_10off_20on_20off,587,58.61,64498100,-26.35185981489554
csuEx72_NaAc_0.025M_JNL_10off_20on_20off,588,58.71,64770800,-26.04047315655246
csuEx72_NaAc_0.025M_JNL_10off_20on_20off,589,58.81,64659900,-26.167106014675845
csuEx72_NaAc_0.025M_JNL_10off_20on_20off,590,58.91,64755900.00000001,-26.057486949032505
csuEx72_NaAc_0.025M_JNL_10off_20on_20off,591,59.01,65150000,-25.607477847261308
csuEx72_NaAc_0.025M_JNL_10off_20on_20off,592,59.11,64745700,-26.06913397475712
csuEx72_NaAc_0.025M_JNL_10off_20on_20off,593,59.21,64875299.99999999,-25.92114823613863
csuEx72_NaAc_0.025M_JNL_10off_20on_20off,594,59.31,65159399.99999999,-25.596744313750403
csuEx72_NaAc_0.025M_JNL_10off_20on_20off,595,59.41,65444300,-25.27142689914847
csuEx72_NaAc_0.025M_JNL_10off_20on_20off,596,59.51,65157800,-25.598571298177784
csuEx72_NaAc_0.025M_JNL_10off_20on_20off,597,59.61,65340100,-25.390409259982167
csuEx72_NaAc_0.025M_JNL_10off_20on_20off,598,59.71,65449600,-25.265375013232745
csuEx72_NaAc_0.025M_JNL_10off_20on_20off,599,59.81,65678000,-25.00457298622299
csuEx72_NaAc_0.025M_JNL_10off_20on_20off,600,59.91,65148600,-25.609076458635272
