stim_jnl,frame,time_s,fluor,dff
csuEx93_NH4Cl_2.5M_500ms_JNL_10off_20on_20off,2,0.5,13154400,-11.270578927648074
csuEx93_NH4Cl_2.5M_500ms_JNL_10off_20on_20off,3,1,13101000,-11.63077407796003
csuEx93_NH4Cl_2.5M_500ms_JNL_10off_20on_20off,4,1.5,12637799.999999998,-14.755163471677232
csuEx93_NH4Cl_2.5M_500ms_JNL_10off_20on_20off,5,2,12398600,-16.368621897793698
csuEx93_NH4Cl_2.5M_500ms_JNL_10off_20on_20off,6,2.5,12389300,-16.431352513859263
csuEx93_NH4Cl_2.5M_500ms_JNL_10off_20on_20off,7,3,12406200,-16.31735816853582
csuEx93_NH4Cl_2.5M_500ms_JNL_10off_20on_20off,8,3.5,11990500,-19.121349254391248
csuEx93_NH4Cl_2.5M_500ms_JNL_10off_20on_20off,9,4,11692400,-21.132101582256304
csuEx93_NH4Cl_2.5M_500ms_JNL_10off_20on_20off,10,4.5,11604699.999999998,-21.723658036982133
csuEx93_NH4Cl_2.5M_500ms_JNL_10off_20on_20off,11,5,11478500,-22.574905751764305
csuEx93_NH4Cl_2.5M_500ms_JNL_10off_20on_20off,12,5.5,11271300,-23.972516896794968
csuEx93_NH4Cl_2.5M_500ms_JNL_10off_20on_20off,13,6,11224100,-24.290891636396548
csuEx93_NH4Cl_2.5M_500ms_JNL_10off_20on_20off,14,6.505,11071800,-25.318189789814355
csuEx93_NH4Cl_2.5M_500ms_JNL_10off_20on_20off,15,7.005,11035100,-25.565739640309648
csuEx93_NH4Cl_2.5M_500ms_JNL_10off_20on_20off,16,7.505,10918300,-26.35358221627288
csuEx93_NH4Cl_2.5M_500ms_JNL_10off_20on_20off,17,8.005,11013800,-25.709412986782397
csuEx93_NH4Cl_2.5M_500ms_JNL_10off_20on_20off,18,8.505,10923099.999999998,-26.32120512411002
csuEx93_NH4Cl_2.5M_500ms_JNL_10off_20on_20off,19,9.005,10723300,-27.66890158538957
csuEx93_NH4Cl_2.5M_500ms_JNL_10off_20on_20off,20,9.505,10524200,-29.011876387395386
csuEx93_NH4Cl_2.5M_500ms_JNL_10off_20on_20off,21,10.005,10572500,-28.686081897506483
csuEx93_NH4Cl_2.5M_500ms_JNL_10off_20on_20off,22,10.505,10586600,-28.590974189278047
csuEx93_NH4Cl_2.5M_500ms_JNL_10off_20on_20off,23,11.005,13244499.999999998,-10.662833926840836
csuEx93_NH4Cl_2.5M_500ms_JNL_10off_20on_20off,24,11.505,18450400,24.45214609205452
csuEx93_NH4Cl_2.5M_500ms_JNL_10off_20on_20off,25,12.005,19863400,33.983152597500094
csuEx93_NH4Cl_2.5M_500ms_JNL_10off_20on_20off,26,12.505,19727000,33.063103561871806
csuEx93_NH4Cl_2.5M_500ms_JNL_10off_20on_20off,27,13.005,18773500,26.63152910826787
csuEx93_NH4Cl_2.5M_500ms_JNL_10off_20on_20off,28,13.505,18075400,21.92268576683011
csuEx93_NH4Cl_2.5M_500ms_JNL_10off_20on_20off,29,14.005,17867800,20.522376530785877
csuEx93_NH4Cl_2.5M_500ms_JNL_10off_20on_20off,30,14.505,17349300,17.02497605444226
csuEx93_NH4Cl_2.5M_500ms_JNL_10off_20on_20off,31,15.005,16869500,13.788615883661803
csuEx93_NH4Cl_2.5M_500ms_JNL_10off_20on_20off,32,15.505,16734000,12.87463755281405
csuEx93_NH4Cl_2.5M_500ms_JNL_10off_20on_20off,33,16.005,16388600,10.54483596259402
csuEx93_NH4Cl_2.5M_500ms_JNL_10off_20on_20off,34,16.505,16468900,11.08647773356874
csuEx93_NH4Cl_2.5M_500ms_JNL_10off_20on_20off,35,17.005,16803600,13.3441053891757
csuEx93_NH4Cl_2.5M_500ms_JNL_10off_20on_20off,36,17.505,16419700,10.754612538899297
csuEx93_NH4Cl_2.5M_500ms_JNL_10off_20on_20off,37,18.005,16915000,14.095523736455698
csuEx93_NH4Cl_2.5M_500ms_JNL_10off_20on_20off,38,18.505,17206000,16.05838494882984
csuEx93_NH4Cl_2.5M_500ms_JNL_10off_20on_20off,39,19.005,17312700,16.778100726700355
csuEx93_NH4Cl_2.5M_500ms_JNL_10off_20on_20off,40,19.505,16768500,13.107347902734695
csuEx93_NH4Cl_2.5M_500ms_JNL_10off_20on_20off,41,20.005,17003800,14.69449994146884
csuEx93_NH4Cl_2.5M_500ms_JNL_10off_20on_20off,42,20.505,16876500,13.835832476399323
csuEx93_NH4Cl_2.5M_500ms_JNL_10off_20on_20off,43,21.005,16935800,14.235824469161479
csuEx93_NH4Cl_2.5M_500ms_JNL_10off_20on_20off,44,21.505,16358000,10.338432000055708
csuEx93_NH4Cl_2.5M_500ms_JNL_10off_20on_20off,45,22.005,16243200,9.564079879160342
csuEx93_NH4Cl_2.5M_500ms_JNL_10off_20on_20off,46,22.505,16120000.000000002,8.733067846979962
csuEx93_NH4Cl_2.5M_500ms_JNL_10off_20on_20off,47,23.005,16259600,9.674701610716822
csuEx93_NH4Cl_2.5M_500ms_JNL_10off_20on_20off,48,23.505,16374800,10.451751822625761
csuEx93_NH4Cl_2.5M_500ms_JNL_10off_20on_20off,49,24.005,16313500,10.038269374795744
csuEx93_NH4Cl_2.5M_500ms_JNL_10off_20on_20off,50,24.505,16227100.000000002,9.455481715864053
csuEx93_NH4Cl_2.5M_500ms_JNL_10off_20on_20off,51,25.005,16530300,11.50063470415215
csuEx93_NH4Cl_2.5M_500ms_JNL_10off_20on_20off,52,25.505,16291300,9.88852532354246
csuEx93_NH4Cl_2.5M_500ms_JNL_10off_20on_20off,53,26.005,16301500,9.957326644388562
csuEx93_NH4Cl_2.5M_500ms_JNL_10off_20on_20off,54,26.505,16151300,8.944193468792013
csuEx93_NH4Cl_2.5M_500ms_JNL_10off_20on_20off,55,27.005,16022000,8.072035548654636
csuEx93_NH4Cl_2.5M_500ms_JNL_10off_20on_20off,56,27.505,15787100,6.487581600934067
csuEx93_NH4Cl_2.5M_500ms_JNL_10off_20on_20off,57,28.005,15835600,6.814725136329757
csuEx93_NH4Cl_2.5M_500ms_JNL_10off_20on_20off,58,28.505,15739000,6.16313615655195
csuEx93_NH4Cl_2.5M_500ms_JNL_10off_20on_20off,59,29.005,15021500.000000002,1.323435400955925
csuEx93_NH4Cl_2.5M_500ms_JNL_10off_20on_20off,60,29.505,14791900,-0.2252688408348193
csuEx93_NH4Cl_2.5M_500ms_JNL_10off_20on_20off,61,30.005,14672200,-1.0326725766464508
csuEx93_NH4Cl_2.5M_500ms_JNL_10off_20on_20off,62,30.505,14153600,-4.530747575743461
csuEx93_NH4Cl_2.5M_500ms_JNL_10off_20on_20off,63,31.005,14120600,-4.753340084363209
csuEx93_NH4Cl_2.5M_500ms_JNL_10off_20on_20off,64,31.505,14267000,-3.7658387733955996
csuEx93_NH4Cl_2.5M_500ms_JNL_10off_20on_20off,65,32.005,14295199.999999998,-3.575623356938736
csuEx93_NH4Cl_2.5M_500ms_JNL_10off_20on_20off,66,32.505,13943600,-5.9472453578691304
csuEx93_NH4Cl_2.5M_500ms_JNL_10off_20on_20off,67,33.005,13795599.999999998,-6.945539032891043
csuEx93_NH4Cl_2.5M_500ms_JNL_10off_20on_20off,68,33.505,13249100,-10.631805880184736
csuEx93_NH4Cl_2.5M_500ms_JNL_10off_20on_20off,69,34.005,13038500,-12.052350798830764
csuEx93_NH4Cl_2.5M_500ms_JNL_10off_20on_20off,70,34.505,12283400,-17.145672109702637
csuEx93_NH4Cl_2.5M_500ms_JNL_10off_20on_20off,71,35.005,11739500,-20.81440136540812
csuEx93_NH4Cl_2.5M_500ms_JNL_10off_20on_20off,72,35.505,11262000,-24.035247512860533
csuEx93_NH4Cl_2.5M_500ms_JNL_10off_20on_20off,73,36.005,11134700,-24.89391497793005
csuEx93_NH4Cl_2.5M_500ms_JNL_10off_20on_20off,74,36.505,10791200,-27.210900635835607
csuEx93_NH4Cl_2.5M_500ms_JNL_10off_20on_20off,75,37.005,10079100,-32.01417716274841
csuEx93_NH4Cl_2.5M_500ms_JNL_10off_20on_20off,76,37.505,9464810,-36.15770298456735
csuEx93_NH4Cl_2.5M_500ms_JNL_10off_20on_20off,77,38.005,9415100,-36.4930082452791
csuEx93_NH4Cl_2.5M_500ms_JNL_10off_20on_20off,78,38.505,8914400,-39.87034367151873
csuEx93_NH4Cl_2.5M_500ms_JNL_10off_20on_20off,79,39.005,8592100,-42.044330505704934
csuEx93_NH4Cl_2.5M_500ms_JNL_10off_20on_20off,80,39.505,7594850,-48.77100866391838
csuEx93_NH4Cl_2.5M_500ms_JNL_10off_20on_20off,81,40.005,6496930,-56.176728877972735
csuEx93_NH4Cl_2.5M_500ms_JNL_10off_20on_20off,82,40.505,5555740,-62.52526958063397
csuEx93_NH4Cl_2.5M_500ms_JNL_10off_20on_20off,83,41.005,5474390,-63.073993840519314
csuEx93_NH4Cl_2.5M_500ms_JNL_10off_20on_20off,84,41.505,5361400,-63.83613709957827
csuEx93_NH4Cl_2.5M_500ms_JNL_10off_20on_20off,85,42.005,5086460,-65.69066995775746
csuEx93_NH4Cl_2.5M_500ms_JNL_10off_20on_20off,86,42.505,4793000,-67.67012442986508
csuEx93_NH4Cl_2.5M_500ms_JNL_10off_20on_20off,87,43.005,4353920,-70.63181893546384
csuEx93_NH4Cl_2.5M_500ms_JNL_10off_20on_20off,88,43.505,4392450,-70.37192531858145
csuEx93_NH4Cl_2.5M_500ms_JNL_10off_20on_20off,89,44.005,4151160,-71.99948127024383
csuEx93_NH4Cl_2.5M_500ms_JNL_10off_20on_20off,90,44.505,3643060,-75.42673138023457
csuEx93_NH4Cl_2.5M_500ms_JNL_10off_20on_20off,91,45.005,3376780,-77.22285056796991
csuEx93_NH4Cl_2.5M_500ms_JNL_10off_20on_20off,92,45.505,3203630,-78.3907867154702
csuEx93_NH4Cl_2.5M_500ms_JNL_10off_20on_20off,93,46.005,2940050,-80.16869378886393
csuEx93_NH4Cl_2.5M_500ms_JNL_10off_20on_20off,94,46.505,2908290,-80.38292221534161
csuEx93_NH4Cl_2.5M_500ms_JNL_10off_20on_20off,95,47.005,2729180,-81.59105991894413
csuEx93_NH4Cl_2.5M_500ms_JNL_10off_20on_20off,96,47.505,2764250,-81.35450478932914
csuEx93_NH4Cl_2.5M_500ms_JNL_10off_20on_20off,97,48.005,2559380,-82.73639955420573
csuEx93_NH4Cl_2.5M_500ms_JNL_10off_20on_20off,98,48.505,2445010,-83.50785122726151
csuEx93_NH4Cl_2.5M_500ms_JNL_10off_20on_20off,99,49.005,2449150,-83.47992598527102
csuEx93_NH4Cl_2.5M_500ms_JNL_10off_20on_20off,100,49.505,2442400,-83.52545627112508
csuEx93_NH4Cl_2.5M_500ms_JNL_10off_20on_20off,101,50.005,2055190,-86.13727582453879
csuEx93_NH4Cl_2.5M_500ms_JNL_10off_20on_20off,102,50.508,2091349.9999999998,-85.89336839691182
csuEx93_NH4Cl_2.5M_500ms_JNL_10off_20on_20off,103,51.008,2098680,-85.8439258790881
csuEx93_NH4Cl_2.5M_500ms_JNL_10off_20on_20off,104,51.508,2057580.0000000002,-86.1211547307327
csuEx93_NH4Cl_2.5M_500ms_JNL_10off_20on_20off,105,52.008,1949140,-86.85260720451225
csuEx93_NH4Cl_2.5M_500ms_JNL_10off_20on_20off,106,52.508,1712330,-88.44994453682263
csuEx93_NH4Cl_2.5M_500ms_JNL_10off_20on_20off,107,53.008,1674400,-88.70579101718467
csuEx93_NH4Cl_2.5M_500ms_JNL_10off_20on_20off,108,53.508,1645400,-88.90140261566869
csuEx93_NH4Cl_2.5M_500ms_JNL_10off_20on_20off,109,54.008,1668380,-88.74639728693893
csuEx93_NH4Cl_2.5M_500ms_JNL_10off_20on_20off,110,54.508,1579680,-89.34469896919867
csuEx93_NH4Cl_2.5M_500ms_JNL_10off_20on_20off,111,55.008,1523650,-89.72263406792487
csuEx93_NH4Cl_2.5M_500ms_JNL_10off_20on_20off,112,55.508,1460800,-90.14657161843249
csuEx93_NH4Cl_2.5M_500ms_JNL_10off_20on_20off,113,56.008,1397330,-90.57469121001114
csuEx93_NH4Cl_2.5M_500ms_JNL_10off_20on_20off,114,56.508,1353100,-90.87303262383693
csuEx93_NH4Cl_2.5M_500ms_JNL_10off_20on_20off,115,57.008,1453460,-90.19608158853156
csuEx93_NH4Cl_2.5M_500ms_JNL_10off_20on_20off,116,57.508,1520370,-89.74475841423617
csuEx93_NH4Cl_2.5M_500ms_JNL_10off_20on_20off,117,58.008,1413730,-90.46406947845466
csuEx93_NH4Cl_2.5M_500ms_JNL_10off_20on_20off,118,58.508,1297510,-91.24799982244821
csuEx93_NH4Cl_2.5M_500ms_JNL_10off_20on_20off,119,59.008,1284900,-91.33305714165108
csuEx93_NH4Cl_2.5M_500ms_JNL_10off_20on_20off,120,59.508,1190430,-91.9702787867816
