stim_jnl,frame,time_s,fluor,dff
csuEx93_NH4Cl_2.5M_500ms_JNL_10off_20on_20off,2,0.5,8411910,7.7895761869010816
csuEx93_NH4Cl_2.5M_500ms_JNL_10off_20on_20off,3,1,8254600,5.7738177883968875
csuEx93_NH4Cl_2.5M_500ms_JNL_10off_20on_20off,4,1.5,8339810,6.86569226005503
csuEx93_NH4Cl_2.5M_500ms_JNL_10off_20on_20off,5,2,8101910,3.817259719185743
csuEx93_NH4Cl_2.5M_500ms_JNL_10off_20on_20off,6,2.5,8169280.000000001,4.680533785088923
csuEx93_NH4Cl_2.5M_500ms_JNL_10off_20on_20off,7,3,8012869.999999999,2.67630791826517
csuEx93_NH4Cl_2.5M_500ms_JNL_10off_20on_20off,8,3.501,8041729.999999999,3.046117767485379
csuEx93_NH4Cl_2.5M_500ms_JNL_10off_20on_20off,9,4,8059110,3.2688237681592374
csuEx93_NH4Cl_2.5M_500ms_JNL_10off_20on_20off,10,4.5,8058690,3.2634419200416884
csuEx93_NH4Cl_2.5M_500ms_JNL_10off_20on_20off,11,5,7922910,1.5235673071823697
csuEx93_NH4Cl_2.5M_500ms_JNL_10off_20on_20off,12,5.5,8021599.999999999,2.78817347556567
csuEx93_NH4Cl_2.5M_500ms_JNL_10off_20on_20off,13,6,7715410,-1.1353219413690265
csuEx93_NH4Cl_2.5M_500ms_JNL_10off_20on_20off,14,6.5,7843720,0.5088326585424416
csuEx93_NH4Cl_2.5M_500ms_JNL_10off_20on_20off,15,7,7750080,-0.6910631931893787
csuEx93_NH4Cl_2.5M_500ms_JNL_10off_20on_20off,16,7.5,7671060,-1.7036194747341078
csuEx93_NH4Cl_2.5M_500ms_JNL_10off_20on_20off,17,8,7576590,-2.9141508834601337
csuEx93_NH4Cl_2.5M_500ms_JNL_10off_20on_20off,18,8.5,7661410,-1.8272738421968595
csuEx93_NH4Cl_2.5M_500ms_JNL_10off_20on_20off,19,9,7536280,-3.430680163504022
csuEx93_NH4Cl_2.5M_500ms_JNL_10off_20on_20off,20,9.501,7451140,-4.521657660475905
csuEx93_NH4Cl_2.5M_500ms_JNL_10off_20on_20off,21,10.001,7261400,-6.9529716171994815
csuEx93_NH4Cl_2.5M_500ms_JNL_10off_20on_20off,22,10.501,7173140,-8.083928557330307
csuEx93_NH4Cl_2.5M_500ms_JNL_10off_20on_20off,23,11.001,7005300,-10.234617576495927
csuEx93_NH4Cl_2.5M_500ms_JNL_10off_20on_20off,24,11.501,7312000,-6.304587058275622
csuEx93_NH4Cl_2.5M_500ms_JNL_10off_20on_20off,25,12.001,7468710,-4.296517014225072
csuEx93_NH4Cl_2.5M_500ms_JNL_10off_20on_20off,26,12.501,7599870,-2.6158427306588012
csuEx93_NH4Cl_2.5M_500ms_JNL_10off_20on_20off,27,13.001,7860390,0.7224407731128116
csuEx93_NH4Cl_2.5M_500ms_JNL_10off_20on_20off,28,13.501,7884650,1.0333065715217604
csuEx93_NH4Cl_2.5M_500ms_JNL_10off_20on_20off,29,14.001,8034540,2.9539856532825737
csuEx93_NH4Cl_2.5M_500ms_JNL_10off_20on_20off,30,14.501,8187760.000000001,4.917335102261116
csuEx93_NH4Cl_2.5M_500ms_JNL_10off_20on_20off,31,15.001,8135370,4.246013619217211
csuEx93_NH4Cl_2.5M_500ms_JNL_10off_20on_20off,32,15.501,7933860,1.663879775961347
csuEx93_NH4Cl_2.5M_500ms_JNL_10off_20on_20off,33,16.001,7866220,0.7971459505540388
csuEx93_NH4Cl_2.5M_500ms_JNL_10off_20on_20off,34,16.501,8173769.999999999,4.738068304250325
csuEx93_NH4Cl_2.5M_500ms_JNL_10off_20on_20off,35,17.001,7861860,0.7412772415242359
csuEx93_NH4Cl_2.5M_500ms_JNL_10off_20on_20off,36,17.501,7796140,-0.10085384963141585
csuEx93_NH4Cl_2.5M_500ms_JNL_10off_20on_20off,37,18.001,7824330,0.2603706704488919
csuEx93_NH4Cl_2.5M_500ms_JNL_10off_20on_20off,38,18.501,8186380,4.8996518870177255
csuEx93_NH4Cl_2.5M_500ms_JNL_10off_20on_20off,39,19.001,8250159.999999999,5.716923965439921
csuEx93_NH4Cl_2.5M_500ms_JNL_10off_20on_20off,40,19.501,8433580,8.067253921918473
csuEx93_NH4Cl_2.5M_500ms_JNL_10off_20on_20off,41,20.001,8524700,9.234858684944996
csuEx93_NH4Cl_2.5M_500ms_JNL_10off_20on_20off,42,20.5,8467010,8.49562340422726
csuEx93_NH4Cl_2.5M_500ms_JNL_10off_20on_20off,43,21.001,8509480,9.03983076030426
csuEx93_NH4Cl_2.5M_500ms_JNL_10off_20on_20off,44,21.501,8355470,7.066358311295101
csuEx93_NH4Cl_2.5M_500ms_JNL_10off_20on_20off,45,22,8431320,8.03829445347642
csuEx93_NH4Cl_2.5M_500ms_JNL_10off_20on_20off,46,22.501,8370410,7.257798337190802
csuEx93_NH4Cl_2.5M_500ms_JNL_10off_20on_20off,47,23.001,8115539.999999999,3.9919135045243115
csuEx93_NH4Cl_2.5M_500ms_JNL_10off_20on_20off,48,23.5,8197870,5.046883874804982
csuEx93_NH4Cl_2.5M_500ms_JNL_10off_20on_20off,49,24.001,8465510,8.476402518093153
csuEx93_NH4Cl_2.5M_500ms_JNL_10off_20on_20off,50,24.501,8311550,6.503570765288464
csuEx93_NH4Cl_2.5M_500ms_JNL_10off_20on_20off,51,25.001,8514910,9.109410368109726
csuEx93_NH4Cl_2.5M_500ms_JNL_10off_20on_20off,52,25.501,8874230,13.713709571914487
csuEx93_NH4Cl_2.5M_500ms_JNL_10off_20on_20off,53,26.001,9063440,16.138232148870678
csuEx93_NH4Cl_2.5M_500ms_JNL_10off_20on_20off,54,26.501,8889510,13.909506332000584
csuEx93_NH4Cl_2.5M_500ms_JNL_10off_20on_20off,55,27.001,8798890,12.748308531018765
csuEx93_NH4Cl_2.5M_500ms_JNL_10off_20on_20off,56,27.5,8857710,13.502023545957526
csuEx93_NH4Cl_2.5M_500ms_JNL_10off_20on_20off,57,28,8858310,13.509711900411169
csuEx93_NH4Cl_2.5M_500ms_JNL_10off_20on_20off,58,28.501,8753480,12.166428238118915
csuEx93_NH4Cl_2.5M_500ms_JNL_10off_20on_20off,59,29.001,8904370,14.099921243969133
csuEx93_NH4Cl_2.5M_500ms_JNL_10off_20on_20off,61,30,8795120,12.700000037201711
csuEx93_NH4Cl_2.5M_500ms_JNL_10off_20on_20off,62,30.5,9005140,15.391180374458404
csuEx93_NH4Cl_2.5M_500ms_JNL_10off_20on_20off,63,31,9121470,16.88182416377881
csuEx93_NH4Cl_2.5M_500ms_JNL_10off_20on_20off,64,31.5,9239680,18.396558130387294
csuEx93_NH4Cl_2.5M_500ms_JNL_10off_20on_20off,65,32,9472460,21.37938337991883
csuEx93_NH4Cl_2.5M_500ms_JNL_10off_20on_20off,66,32.5,9254690,18.588895130969252
csuEx93_NH4Cl_2.5M_500ms_JNL_10off_20on_20off,67,33,9578140,22.73355887768708
csuEx93_NH4Cl_2.5M_500ms_JNL_10off_20on_20off,68,33.5,9554530,22.431022129936242
csuEx93_NH4Cl_2.5M_500ms_JNL_10off_20on_20off,69,34,9616010,23.218822182952824
csuEx93_NH4Cl_2.5M_500ms_JNL_10off_20on_20off,70,34.5,9386270,20.274951262653072
csuEx93_NH4Cl_2.5M_500ms_JNL_10off_20on_20off,71,35,9492350,21.634252330057084
csuEx93_NH4Cl_2.5M_500ms_JNL_10off_20on_20off,72,35.501,9464060,21.271746417567837
csuEx93_NH4Cl_2.5M_500ms_JNL_10off_20on_20off,73,36.001,9269440,18.777900511287967
csuEx93_NH4Cl_2.5M_500ms_JNL_10off_20on_20off,74,36.501,8971900,14.965245537726608
csuEx93_NH4Cl_2.5M_500ms_JNL_10off_20on_20off,75,37.001,9062260,16.12311171844518
csuEx93_NH4Cl_2.5M_500ms_JNL_10off_20on_20off,76,37.5,9001550,15.345178386977443
csuEx93_NH4Cl_2.5M_500ms_JNL_10off_20on_20off,77,38.001,8840750,13.284699393401228
csuEx93_NH4Cl_2.5M_500ms_JNL_10off_20on_20off,78,38.501,8677170,11.18859769085647
csuEx93_NH4Cl_2.5M_500ms_JNL_10off_20on_20off,79,39,10857800,39.13102497793421
csuEx93_NH4Cl_2.5M_500ms_JNL_10off_20on_20off,80,39.51,11310200,44.92804423598072
csuEx93_NH4Cl_2.5M_500ms_JNL_10off_20on_20off,81,40,11211800,43.667154105583336
csuEx93_NH4Cl_2.5M_500ms_JNL_10off_20on_20off,82,40.5,11191800,43.410875623795256
csuEx93_NH4Cl_2.5M_500ms_JNL_10off_20on_20off,83,41.01,10956500,40.39575928555842
csuEx93_NH4Cl_2.5M_500ms_JNL_10off_20on_20off,84,41.51,10753500,37.79453269540934
csuEx93_NH4Cl_2.5M_500ms_JNL_10off_20on_20off,85,42,10612900,35.992894968439096
csuEx93_NH4Cl_2.5M_500ms_JNL_10off_20on_20off,86,42.5,10466000,34.110529519705594
csuEx93_NH4Cl_2.5M_500ms_JNL_10off_20on_20off,87,43,10440300,33.78121167060791
csuEx93_NH4Cl_2.5M_500ms_JNL_10off_20on_20off,88,43.51,10216600,30.91473685180816
csuEx93_NH4Cl_2.5M_500ms_JNL_10off_20on_20off,89,44,10065200,28.974708744672345
csuEx93_NH4Cl_2.5M_500ms_JNL_10off_20on_20off,90,44.51,10005400,28.20843608412597
csuEx93_NH4Cl_2.5M_500ms_JNL_10off_20on_20off,91,45.01,10088000,29.266866213910763
csuEx93_NH4Cl_2.5M_500ms_JNL_10off_20on_20off,92,45.5,9731930,24.70421226339657
csuEx93_NH4Cl_2.5M_500ms_JNL_10off_20on_20off,93,46.01,9743130,24.847728213197897
csuEx93_NH4Cl_2.5M_500ms_JNL_10off_20on_20off,94,46.51,9834580,26.01956157117392
csuEx93_NH4Cl_2.5M_500ms_JNL_10off_20on_20off,95,47,9819170,25.8220990009562
csuEx93_NH4Cl_2.5M_500ms_JNL_10off_20on_20off,96,47.5,9554450,22.429997016009093
csuEx93_NH4Cl_2.5M_500ms_JNL_10off_20on_20off,97,48.01,9376750,20.152962705321944
csuEx93_NH4Cl_2.5M_500ms_JNL_10off_20on_20off,98,48.5,9271390,18.802887663262304
csuEx93_NH4Cl_2.5M_500ms_JNL_10off_20on_20off,99,49,9491450,21.622719798376618
csuEx93_NH4Cl_2.5M_500ms_JNL_10off_20on_20off,100,49.5,9577620,22.72689563716059
csuEx93_NH4Cl_2.5M_500ms_JNL_10off_20on_20off,101,50,9253280,18.570827498003194
csuEx93_NH4Cl_2.5M_500ms_JNL_10off_20on_20off,102,50.5,9147590,17.21652386099405
csuEx93_NH4Cl_2.5M_500ms_JNL_10off_20on_20off,103,51,9092090,16.50535107403211
csuEx93_NH4Cl_2.5M_500ms_JNL_10off_20on_20off,104,51.5,9080230,16.353377934331775
csuEx93_NH4Cl_2.5M_500ms_JNL_10off_20on_20off,105,52,9267190,18.749069182086807
csuEx93_NH4Cl_2.5M_500ms_JNL_10off_20on_20off,106,52.5,9011260,15.46960158988556
csuEx93_NH4Cl_2.5M_500ms_JNL_10off_20on_20off,107,53,8966570,14.896947322330082
csuEx93_NH4Cl_2.5M_500ms_JNL_10off_20on_20off,108,53.5,8971730,14.963067170631408
csuEx93_NH4Cl_2.5M_500ms_JNL_10off_20on_20off,109,54,9194630,17.819290850159632
csuEx93_NH4Cl_2.5M_500ms_JNL_10off_20on_20off,110,54.501,8850610,13.411044684922757
csuEx93_NH4Cl_2.5M_500ms_JNL_10off_20on_20off,111,55.001,8856870,13.491259849722425
csuEx93_NH4Cl_2.5M_500ms_JNL_10off_20on_20off,112,55.5,8688780,11.337367349534455
csuEx93_NH4Cl_2.5M_500ms_JNL_10off_20on_20off,113,56,8581520,9.962945851704948
csuEx93_NH4Cl_2.5M_500ms_JNL_10off_20on_20off,114,56.5,8578010,9.917968978151139
csuEx93_NH4Cl_2.5M_500ms_JNL_10off_20on_20off,115,57.01,8816850,12.978446607664464
csuEx93_NH4Cl_2.5M_500ms_JNL_10off_20on_20off,116,57.51,8744280,12.048540136496396
csuEx93_NH4Cl_2.5M_500ms_JNL_10off_20on_20off,117,58,8673140,11.13695757677617
csuEx93_NH4Cl_2.5M_500ms_JNL_10off_20on_20off,118,58.5,8622470,10.487676043166056
csuEx93_NH4Cl_2.5M_500ms_JNL_10off_20on_20off,119,59,8778720,12.489851682135479
csuEx93_NH4Cl_2.5M_500ms_JNL_10off_20on_20off,120,59.5,8664320,11.023938766307625
