stim_jnl,frame,time_s,fluor,dff
csuEx72_NaAc_0.025M_JNL_10off_20on_20off,2,0.1,24437800,-3.293245427672057
csuEx72_NaAc_0.025M_JNL_10off_20on_20off,3,0.2,24554999.999999996,-2.8294544302878215
csuEx72_NaAc_0.025M_JNL_10off_20on_20off,4,0.3,24772100,-1.9703330520273905
csuEx72_NaAc_0.025M_JNL_10off_20on_20off,5,0.4,24873100,-1.5706496839744104
csuEx72_NaAc_0.025M_JNL_10off_20on_20off,6,0.5,24922399.999999996,-1.3755567132317328
csuEx72_NaAc_0.025M_JNL_10off_20on_20off,7,0.6,24953599.999999996,-1.25209016785299
csuEx72_NaAc_0.025M_JNL_10off_20on_20off,8,0.7,24737600,-2.106858558936577
csuEx72_NaAc_0.025M_JNL_10off_20on_20off,9,0.8,24925099.999999996,-1.3648721083431876
csuEx72_NaAc_0.025M_JNL_10off_20on_20off,10,0.9,25067300,-0.8021495842131352
csuEx72_NaAc_0.025M_JNL_10off_20on_20off,11,1,24868300,-1.5896445371096013
csuEx72_NaAc_0.025M_JNL_10off_20on_20off,12,1.1,24912500,-1.4147335978230497
csuEx72_NaAc_0.025M_JNL_10off_20on_20off,13,1.2,24897900,-1.4725096094425894
csuEx72_NaAc_0.025M_JNL_10off_20on_20off,14,1.3,24901200,-1.4594506479121454
csuEx72_NaAc_0.025M_JNL_10off_20on_20off,15,1.4,24733100,-2.1246662337508186
csuEx72_NaAc_0.025M_JNL_10off_20on_20off,16,1.5,24777000,-1.9509424727852165
csuEx72_NaAc_0.025M_JNL_10off_20on_20off,17,1.6,24872000,-1.5750026711512248
csuEx72_NaAc_0.025M_JNL_10off_20on_20off,18,1.7,25267500,-0.009905918032871353
csuEx72_NaAc_0.025M_JNL_10off_20on_20off,19,1.8,25004300,-1.0514570316125191
csuEx72_NaAc_0.025M_JNL_10off_20on_20off,20,1.9,25333100,0.24969040814807425
csuEx72_NaAc_0.025M_JNL_10off_20on_20off,21,2,25126700,-0.5670882766651449
csuEx72_NaAc_0.025M_JNL_10off_20on_20off,22,2.1,25194400,-0.29918170223755314
csuEx72_NaAc_0.025M_JNL_10off_20on_20off,23,2.2,25147900,-0.48319434198471733
csuEx72_NaAc_0.025M_JNL_10off_20on_20off,24,2.3,25025700,-0.9667716447181252
csuEx72_NaAc_0.025M_JNL_10off_20on_20off,25,2.4,25009400,-1.0312750001563784
csuEx72_NaAc_0.025M_JNL_10off_20on_20off,26,2.5,25202399.999999996,-0.267523613678916
csuEx72_NaAc_0.025M_JNL_10off_20on_20off,27,2.6,25380500,0.43726458285808684
csuEx72_NaAc_0.025M_JNL_10off_20on_20off,28,2.7,25272300,0.009088935102319791
csuEx72_NaAc_0.025M_JNL_10off_20on_20off,29,2.8,25529600,1.0272922083699616
csuEx72_NaAc_0.025M_JNL_10off_20on_20off,30,2.9,25527300,1.0181905079093494
csuEx72_NaAc_0.025M_JNL_10off_20on_20off,31,3,25720000,1.7807547160658772
csuEx72_NaAc_0.025M_JNL_10off_20on_20off,32,3.1,25460400,0.7534497423376227
csuEx72_NaAc_0.025M_JNL_10off_20on_20off,33,3.2,25579500,1.2247595357545529
csuEx72_NaAc_0.025M_JNL_10off_20on_20off,34,3.3,25628400,1.4182696020693129
csuEx72_NaAc_0.025M_JNL_10off_20on_20off,35,3.4,25412700,0.5646883893066608
csuEx72_NaAc_0.025M_JNL_10off_20on_20off,36,3.5,25497899.999999996,0.9018470324562887
csuEx72_NaAc_0.025M_JNL_10off_20on_20off,37,3.6,25536200,1.0534101314308495
csuEx72_NaAc_0.025M_JNL_10off_20on_20off,38,3.7,25629100,1.4210396848181948
csuEx72_NaAc_0.025M_JNL_10off_20on_20off,39,3.8,25653100.000000004,1.5160139504941652
csuEx72_NaAc_0.025M_JNL_10off_20on_20off,40,3.9,25597400,1.2955945089045366
csuEx72_NaAc_0.025M_JNL_10off_20on_20off,41,4,25672300,1.5919933630349152
csuEx72_NaAc_0.025M_JNL_10off_20on_20off,42,4.1,25566600,1.1737108679537267
csuEx72_NaAc_0.025M_JNL_10off_20on_20off,43,4.2,25826699.999999996,2.202994472216882
csuEx72_NaAc_0.025M_JNL_10off_20on_20off,44,4.3,25746800,1.886809312737361
csuEx72_NaAc_0.025M_JNL_10off_20on_20off,45,4.4,25708000.000000004,1.733267583227914
csuEx72_NaAc_0.025M_JNL_10off_20on_20off,46,4.5,25834800.000000004,2.235048286882547
csuEx72_NaAc_0.025M_JNL_10off_20on_20off,47,4.6,25853300,2.3082576166744144
csuEx72_NaAc_0.025M_JNL_10off_20on_20off,48,4.7,25909000,2.5286770582640283
csuEx72_NaAc_0.025M_JNL_10off_20on_20off,49,4.8,25759000,1.935087897789305
csuEx72_NaAc_0.025M_JNL_10off_20on_20off,50,4.9,25828000.000000004,2.2081389116076924
csuEx72_NaAc_0.025M_JNL_10off_20on_20off,51,5,25837700,2.2465243439850435
csuEx72_NaAc_0.025M_JNL_10off_20on_20off,52,5.1,25776200,2.0031527881904068
csuEx72_NaAc_0.025M_JNL_10off_20on_20off,53,5.2,26069300.000000004,3.1630260077580306
csuEx72_NaAc_0.025M_JNL_10off_20on_20off,54,5.3,26012200,2.937066400670638
csuEx72_NaAc_0.025M_JNL_10off_20on_20off,55,5.4,25723800,1.7957923081312368
csuEx72_NaAc_0.025M_JNL_10off_20on_20off,56,5.5,25685600,1.644624935263674
csuEx72_NaAc_0.025M_JNL_10off_20on_20off,57,5.6,25776300,2.00354851429739
csuEx72_NaAc_0.025M_JNL_10off_20on_20off,58,5.7,25594900,1.285701356229958
csuEx72_NaAc_0.025M_JNL_10off_20on_20off,59,5.8,25858500.000000004,2.328835374237553
csuEx72_NaAc_0.025M_JNL_10off_20on_20off,60,5.9,25772800,1.9896981005529797
csuEx72_NaAc_0.025M_JNL_10off_20on_20off,61,6,25627800,1.4158952454274139
csuEx72_NaAc_0.025M_JNL_10off_20on_20off,62,6.1,25704100,1.7178342650555563
csuEx72_NaAc_0.025M_JNL_10off_20on_20off,63,6.2,25617400,1.3747397303011664
csuEx72_NaAc_0.025M_JNL_10off_20on_20off,64,6.3,25923200,2.5848701654556354
csuEx72_NaAc_0.025M_JNL_10off_20on_20off,65,6.4,25808600,2.131368046852947
csuEx72_NaAc_0.025M_JNL_10off_20on_20off,66,6.5,26240100,3.838926198485234
csuEx72_NaAc_0.025M_JNL_10off_20on_20off,67,6.6,26385800,4.415499136359681
csuEx72_NaAc_0.025M_JNL_10off_20on_20off,68,6.7,26226900,3.7866903523634585
csuEx72_NaAc_0.025M_JNL_10off_20on_20off,69,6.8,26168500,3.5555863058852992
csuEx72_NaAc_0.025M_JNL_10off_20on_20off,70,6.9,26133400,3.4166864423342145
csuEx72_NaAc_0.025M_JNL_10off_20on_20off,71,7,26470800,4.7518663272953585
csuEx72_NaAc_0.025M_JNL_10off_20on_20off,72,7.1,26228300,3.7922305178612223
csuEx72_NaAc_0.025M_JNL_10off_20on_20off,73,7.2,26144800,3.4617992185302935
csuEx72_NaAc_0.025M_JNL_10off_20on_20off,74,7.3,26003100,2.9010553249351716
csuEx72_NaAc_0.025M_JNL_10off_20on_20off,75,7.4,26215200,3.7403903978464297
csuEx72_NaAc_0.025M_JNL_10off_20on_20off,76,7.5,26176300,3.5864529422299856
csuEx72_NaAc_0.025M_JNL_10off_20on_20off,77,7.6,26360800.000000004,4.31656760961391
csuEx72_NaAc_0.025M_JNL_10off_20on_20off,78,7.7,26300800,4.079131945424005
csuEx72_NaAc_0.025M_JNL_10off_20on_20off,79,7.8,26450400,4.671138201470796
csuEx72_NaAc_0.025M_JNL_10off_20on_20off,80,7.9,26405400,4.493061453328379
csuEx72_NaAc_0.025M_JNL_10off_20on_20off,81,8,26650500,5.462986141544077
csuEx72_NaAc_0.025M_JNL_10off_20on_20off,82,8.1,26370700,4.355744494205227
csuEx72_NaAc_0.025M_JNL_10off_20on_20off,83,8.2,26491200,4.8325944531199205
csuEx72_NaAc_0.025M_JNL_10off_20on_20off,84,8.3,26319499.999999996,4.153132727429839
csuEx72_NaAc_0.025M_JNL_10off_20on_20off,85,8.4,26549299.999999996,5.062511321277116
csuEx72_NaAc_0.025M_JNL_10off_20on_20off,86,8.5,26327400,4.184395089881523
csuEx72_NaAc_0.025M_JNL_10off_20on_20off,87,8.6,26508600.000000004,4.901450795735003
csuEx72_NaAc_0.025M_JNL_10off_20on_20off,88,8.7,26724600,5.756219186818591
csuEx72_NaAc_0.025M_JNL_10off_20on_20off,89,8.8,26401300,4.4768366829420705
csuEx72_NaAc_0.025M_JNL_10off_20on_20off,90,8.9,26374200,4.369594907949637
csuEx72_NaAc_0.025M_JNL_10off_20on_20off,91,9,26480200,4.7890645813517745
csuEx72_NaAc_0.025M_JNL_10off_20on_20off,92,9.1,26549900,5.06488567791903
csuEx72_NaAc_0.025M_JNL_10off_20on_20off,93,9.2,26557900,5.096543766477681
csuEx72_NaAc_0.025M_JNL_10off_20on_20off,94,9.3,26622600,5.352578557695779
csuEx72_NaAc_0.025M_JNL_10off_20on_20off,95,9.4,26617900,5.33397943066757
csuEx72_NaAc_0.025M_JNL_10off_20on_20off,96,9.5,26750800,5.859899426848175
csuEx72_NaAc_0.025M_JNL_10off_20on_20off,97,9.6,26770000,5.9358788393889395
csuEx72_NaAc_0.025M_JNL_10off_20on_20off,98,9.7,26489300,4.8250756570872415
csuEx72_NaAc_0.025M_JNL_10off_20on_20off,99,9.8,26711100,5.702796162375865
csuEx72_NaAc_0.025M_JNL_10off_20on_20off,100,9.9,26431100,4.5947630628230485
csuEx72_NaAc_0.025M_JNL_10off_20on_20off,101,10,26880600,6.373551913712302
csuEx72_NaAc_0.025M_JNL_10off_20on_20off,102,10.1,26439600,4.628399781916616
csuEx72_NaAc_0.025M_JNL_10off_20on_20off,103,10.2,26115800,3.34703864750518
csuEx72_NaAc_0.025M_JNL_10off_20on_20off,104,10.3,25718700,1.775610276675096
csuEx72_NaAc_0.025M_JNL_10off_20on_20off,105,10.4,25603500,1.3197338014305087
csuEx72_NaAc_0.025M_JNL_10off_20on_20off,106,10.5,25787000,2.045891207744587
csuEx72_NaAc_0.025M_JNL_10off_20on_20off,107,10.6,25719900,1.780358989958894
csuEx72_NaAc_0.025M_JNL_10off_20on_20off,108,10.7,25672900,1.594367719676814
csuEx72_NaAc_0.025M_JNL_10off_20on_20off,109,10.8,25662900,1.554795108978499
csuEx72_NaAc_0.025M_JNL_10off_20on_20off,110,10.9,25698200,1.6944864247435507
csuEx72_NaAc_0.025M_JNL_10off_20on_20off,111,11,25612300,1.3545576988450259
csuEx72_NaAc_0.025M_JNL_10off_20on_20off,112,11.1,25391100,0.4792115501983006
csuEx72_NaAc_0.025M_JNL_10off_20on_20off,113,11.2,25596100,1.2904500695137555
csuEx72_NaAc_0.025M_JNL_10off_20on_20off,114,11.3,25515400,0.9710991011783545
csuEx72_NaAc_0.025M_JNL_10off_20on_20off,115,11.4,25577700,1.2176364658288563
csuEx72_NaAc_0.025M_JNL_10off_20on_20off,116,11.5,25334700,0.25602202585980466
csuEx72_NaAc_0.025M_JNL_10off_20on_20off,117,11.601,25681300,1.6276087126633987
csuEx72_NaAc_0.025M_JNL_10off_20on_20off,118,11.7,25572300,1.1962672560517662
csuEx72_NaAc_0.025M_JNL_10off_20on_20off,119,11.8,25633600,1.4388473596324365
csuEx72_NaAc_0.025M_JNL_10off_20on_20off,120,11.9,25641900,1.4716926265120378
csuEx72_NaAc_0.025M_JNL_10off_20on_20off,121,12,25514100,0.9659546617875736
csuEx72_NaAc_0.025M_JNL_10off_20on_20off,122,12.1,25547700,1.0989186337339116
csuEx72_NaAc_0.025M_JNL_10off_20on_20off,123,12.2,25597500.000000004,1.2959902350115344
csuEx72_NaAc_0.025M_JNL_10off_20on_20off,124,12.3,25464800,0.7708616910448812
csuEx72_NaAc_0.025M_JNL_10off_20on_20off,125,12.4,25522200,0.9980084764532087
csuEx72_NaAc_0.025M_JNL_10off_20on_20off,126,12.5,25503600,0.924403420554343
csuEx72_NaAc_0.025M_JNL_10off_20on_20off,127,12.6,25501800,0.9172803506286462
csuEx72_NaAc_0.025M_JNL_10off_20on_20off,128,12.7,25467000,0.7795676653985105
csuEx72_NaAc_0.025M_JNL_10off_20on_20off,129,12.8,25554199.999999996,1.1246408306878015
csuEx72_NaAc_0.025M_JNL_10off_20on_20off,130,12.9,25258300,-0.04631271987532104
csuEx72_NaAc_0.025M_JNL_10off_20on_20off,131,13,25338300,0.270268165711198
csuEx72_NaAc_0.025M_JNL_10off_20on_20off,132,13.1,25308900,0.15392469025815225
csuEx72_NaAc_0.025M_JNL_10off_20on_20off,133,13.2,25240300.000000004,-0.11754341913227308
csuEx72_NaAc_0.025M_JNL_10off_20on_20off,134,13.3,25011000,-1.024943382444648
csuEx72_NaAc_0.025M_JNL_10off_20on_20off,135,13.4,25242100,-0.11042034920659115
csuEx72_NaAc_0.025M_JNL_10off_20on_20off,136,13.5,25254700,-0.060558859726714404
csuEx72_NaAc_0.025M_JNL_10off_20on_20off,137,13.6,25162399.999999996,-0.4258140564721755
csuEx72_NaAc_0.025M_JNL_10off_20on_20off,138,13.7,25161400,-0.4297713175419922
csuEx72_NaAc_0.025M_JNL_10off_20on_20off,139,13.8,25316200.000000004,0.18281269606793688
csuEx72_NaAc_0.025M_JNL_10off_20on_20off,140,13.9,25133700,-0.5393874491763244
csuEx72_NaAc_0.025M_JNL_10off_20on_20off,141,14,25290100,0.07952818214532027
csuEx72_NaAc_0.025M_JNL_10off_20on_20off,142,14.1,25324000,0.21367933241260773
csuEx72_NaAc_0.025M_JNL_10off_20on_20off,143,14.2,25380300,0.4364731306441205
csuEx72_NaAc_0.025M_JNL_10off_20on_20off,144,14.3,25482600,0.8413009380878818
csuEx72_NaAc_0.025M_JNL_10off_20on_20off,145,14.4,25534400,1.0462870615051527
csuEx72_NaAc_0.025M_JNL_10off_20on_20off,146,14.5,25525000.000000004,1.0090888074487516
csuEx72_NaAc_0.025M_JNL_10off_20on_20off,147,14.6,25313500.000000004,0.17212809117939185
csuEx72_NaAc_0.025M_JNL_10off_20on_20off,148,14.7,25160500,-0.4333328525048406
csuEx72_NaAc_0.025M_JNL_10off_20on_20off,149,14.8,25369500,0.3937347110899404
csuEx72_NaAc_0.025M_JNL_10off_20on_20off,150,14.9,25479200,0.8278462504504548
csuEx72_NaAc_0.025M_JNL_10off_20on_20off,151,15,25304500,0.1365127415508937
csuEx72_NaAc_0.025M_JNL_10off_20on_20off,152,15.1,25631200,1.429349933064841
csuEx72_NaAc_0.025M_JNL_10off_20on_20off,153,15.2,25509000,0.945772630331433
csuEx72_NaAc_0.025M_JNL_10off_20on_20off,154,15.3,25556800,1.1349297094693782
csuEx72_NaAc_0.025M_JNL_10off_20on_20off,155,15.4,25276500,0.02570943159561204
csuEx72_NaAc_0.025M_JNL_10off_20on_20off,156,15.51,25473100,0.8037069579244827
csuEx72_NaAc_0.025M_JNL_10off_20on_20off,157,15.61,25356800,0.34347749550308054
csuEx72_NaAc_0.025M_JNL_10off_20on_20off,158,15.71,25424699.999999996,0.6121755221446239
csuEx72_NaAc_0.025M_JNL_10off_20on_20off,159,15.8,25146000,-0.4907131380173972
csuEx72_NaAc_0.025M_JNL_10off_20on_20off,160,15.9,25173600,-0.3814927324900481
csuEx72_NaAc_0.025M_JNL_10off_20on_20off,161,16,25326300,0.22278103287322015
csuEx72_NaAc_0.025M_JNL_10off_20on_20off,162,16.11,25443500,0.6865720302574705
csuEx72_NaAc_0.025M_JNL_10off_20on_20off,163,16.2,25480100,0.8314077854133031
csuEx72_NaAc_0.025M_JNL_10off_20on_20off,164,16.3,25348000,0.30865359808856346
csuEx72_NaAc_0.025M_JNL_10off_20on_20off,165,16.41,25529300,1.0261050300490122
csuEx72_NaAc_0.025M_JNL_10off_20on_20off,166,16.51,25605400,1.3272525974631886
csuEx72_NaAc_0.025M_JNL_10off_20on_20off,167,16.61,25388000,0.46694404088182295
csuEx72_NaAc_0.025M_JNL_10off_20on_20off,168,16.71,25323000.000000004,0.209722071342791
csuEx72_NaAc_0.025M_JNL_10off_20on_20off,169,16.81,25512400,0.9592273179688601
csuEx72_NaAc_0.025M_JNL_10off_20on_20off,170,16.91,25437500,0.6628284638384816
csuEx72_NaAc_0.025M_JNL_10off_20on_20off,171,17.01,25333500,0.2512733125760069
csuEx72_NaAc_0.025M_JNL_10off_20on_20off,172,17.11,25255500,-0.05739305087084921
csuEx72_NaAc_0.025M_JNL_10off_20on_20off,173,17.21,25607100,1.333979941281902
csuEx72_NaAc_0.025M_JNL_10off_20on_20off,174,17.31,25561000,1.1515502059626705
csuEx72_NaAc_0.025M_JNL_10off_20on_20off,175,17.41,25281300,0.04470428473080318
csuEx72_NaAc_0.025M_JNL_10off_20on_20off,176,17.51,25583700,1.2413800322478452
csuEx72_NaAc_0.025M_JNL_10off_20on_20off,177,17.61,25556600,1.134138257255412
csuEx72_NaAc_0.025M_JNL_10off_20on_20off,178,17.71,25431499.999999996,0.6390848974194779
csuEx72_NaAc_0.025M_JNL_10off_20on_20off,179,17.81,25429000,0.6291917447449139
csuEx72_NaAc_0.025M_JNL_10off_20on_20off,180,17.91,25299700,0.11751788841570256
csuEx72_NaAc_0.025M_JNL_10off_20on_20off,181,18.01,25408900,0.5496507972413011
csuEx72_NaAc_0.025M_JNL_10off_20on_20off,182,18.11,25433700,0.647790871773122
csuEx72_NaAc_0.025M_JNL_10off_20on_20off,183,18.21,25375000,0.4154996469740136
csuEx72_NaAc_0.025M_JNL_10off_20on_20off,184,18.31,25513200,0.9623931268247253
csuEx72_NaAc_0.025M_JNL_10off_20on_20off,185,18.41,25489900,0.8701889438976516
csuEx72_NaAc_0.025M_JNL_10off_20on_20off,186,18.51,25484800,0.850006912441511
csuEx72_NaAc_0.025M_JNL_10off_20on_20off,187,18.61,25425800,0.6165285093214532
csuEx72_NaAc_0.025M_JNL_10off_20on_20off,188,18.71,25336900,0.2647280002134339
csuEx72_NaAc_0.025M_JNL_10off_20on_20off,189,18.81,25224000.000000004,-0.18204677457052634
csuEx72_NaAc_0.025M_JNL_10off_20on_20off,190,18.91,25379800,0.43449450010920476
csuEx72_NaAc_0.025M_JNL_10off_20on_20off,191,19.01,25241100,-0.11437761027642264
csuEx72_NaAc_0.025M_JNL_10off_20on_20off,192,19.11,25243600,-0.10448445760184391
csuEx72_NaAc_0.025M_JNL_10off_20on_20off,193,19.21,25648500,1.4978105495729257
csuEx72_NaAc_0.025M_JNL_10off_20on_20off,194,19.31,25501999.999999996,0.9180718028425979
csuEx72_NaAc_0.025M_JNL_10off_20on_20off,195,19.41,25652200,1.5124524155313022
csuEx72_NaAc_0.025M_JNL_10off_20on_20off,196,19.51,25542400,1.0779451500638046
csuEx72_NaAc_0.025M_JNL_10off_20on_20off,197,19.61,25484300.000000004,0.8480282819066101
csuEx72_NaAc_0.025M_JNL_10off_20on_20off,198,19.71,25580300,1.2279253446104181
csuEx72_NaAc_0.025M_JNL_10off_20on_20off,199,19.81,25322400,0.20734771470087734
csuEx72_NaAc_0.025M_JNL_10off_20on_20off,200,19.91,25581999.999999996,1.234652688429117
csuEx72_NaAc_0.025M_JNL_10off_20on_20off,201,20.01,25490500,0.8725633005395506
csuEx72_NaAc_0.025M_JNL_10off_20on_20off,202,20.11,25266200,-0.015050357423652287
csuEx72_NaAc_0.025M_JNL_10off_20on_20off,203,20.21,25409900,0.5536080583111326
csuEx72_NaAc_0.025M_JNL_10off_20on_20off,204,20.31,25457700,0.7427651374490777
csuEx72_NaAc_0.025M_JNL_10off_20on_20off,205,20.41,25222500,-0.18798266617528833
csuEx72_NaAc_0.025M_JNL_10off_20on_20off,206,20.51,25490300,0.8717718483255843
csuEx72_NaAc_0.025M_JNL_10off_20on_20off,207,20.61,25400800,0.517596982575666
csuEx72_NaAc_0.025M_JNL_10off_20on_20off,208,20.71,25386000.000000004,0.4590295187421748
csuEx72_NaAc_0.025M_JNL_10off_20on_20off,209,20.81,25415700,0.5765601725161552
csuEx72_NaAc_0.025M_JNL_10off_20on_20off,210,20.91,25283000.000000004,0.051431628549531455
csuEx72_NaAc_0.025M_JNL_10off_20on_20off,211,21.01,25443100,0.684989125829538
csuEx72_NaAc_0.025M_JNL_10off_20on_20off,212,21.11,25527800,1.020169138444265
csuEx72_NaAc_0.025M_JNL_10off_20on_20off,213,21.21,25233000,-0.14643142494205771
csuEx72_NaAc_0.025M_JNL_10off_20on_20off,214,21.31,25580000,1.2267381662894687
csuEx72_NaAc_0.025M_JNL_10off_20on_20off,215,21.41,25414000,0.5698328286974417
csuEx72_NaAc_0.025M_JNL_10off_20on_20off,216,21.51,25339299.999999996,0.27422542678101475
csuEx72_NaAc_0.025M_JNL_10off_20on_20off,217,21.61,25359500,0.3541621003916256
csuEx72_NaAc_0.025M_JNL_10off_20on_20off,218,21.71,25172700,-0.38505426745289645
csuEx72_NaAc_0.025M_JNL_10off_20on_20off,219,21.81,25483800,0.8460496513716796
csuEx72_NaAc_0.025M_JNL_10off_20on_20off,220,21.91,25503999.999999996,0.9259863249822609
csuEx72_NaAc_0.025M_JNL_10off_20on_20off,221,22.01,25489799.999999996,0.8697932177906537
csuEx72_NaAc_0.025M_JNL_10off_20on_20off,222,22.11,25406500,0.5401533706737055
csuEx72_NaAc_0.025M_JNL_10off_20on_20off,223,22.21,25253199.999999996,-0.06649475133147638
csuEx72_NaAc_0.025M_JNL_10off_20on_20off,224,22.31,25224900,-0.17848523960769275
csuEx72_NaAc_0.025M_JNL_10off_20on_20off,225,22.41,25283100,0.05182735465649986
csuEx72_NaAc_0.025M_JNL_10off_20on_20off,226,22.51,25426800,0.6204857703912847
csuEx72_NaAc_0.025M_JNL_10off_20on_20off,227,22.61,25176100,-0.37159957981546937
csuEx72_NaAc_0.025M_JNL_10off_20on_20off,228,22.71,25279900,0.0391641192330391
csuEx72_NaAc_0.025M_JNL_10off_20on_20off,229,22.81,25137000,-0.5263284876458806
csuEx72_NaAc_0.025M_JNL_10off_20on_20off,230,22.91,25061700,-0.8243102462041916
csuEx72_NaAc_0.025M_JNL_10off_20on_20off,231,23.01,25416800,0.5809131596929699
csuEx72_NaAc_0.025M_JNL_10off_20on_20off,232,23.11,25422200,0.6022823694700599
csuEx72_NaAc_0.025M_JNL_10off_20on_20off,233,23.21,25238700,-0.12387503684401821
csuEx72_NaAc_0.025M_JNL_10off_20on_20off,234,23.31,25349100,0.3130065852653781
csuEx72_NaAc_0.025M_JNL_10off_20on_20off,235,23.41,25190500,-0.3146150204098959
csuEx72_NaAc_0.025M_JNL_10off_20on_20off,236,23.51,25223100,-0.18560830953338944
csuEx72_NaAc_0.025M_JNL_10off_20on_20off,237,23.61,25364000,0.3719697752058672
csuEx72_NaAc_0.025M_JNL_10off_20on_20off,238,23.71,25231200,-0.15355449486775435
csuEx72_NaAc_0.025M_JNL_10off_20on_20off,239,23.81,25467200,0.7803591176124769
csuEx72_NaAc_0.025M_JNL_10off_20on_20off,240,23.91,25073400,-0.7780102916871632
csuEx72_NaAc_0.025M_JNL_10off_20on_20off,241,24.01,25308099.999999996,0.1507588814022723
csuEx72_NaAc_0.025M_JNL_10off_20on_20off,242,24.11,25180900,-0.3526047266802782
csuEx72_NaAc_0.025M_JNL_10off_20on_20off,243,24.21,25206100,-0.25288174772052474
csuEx72_NaAc_0.025M_JNL_10off_20on_20off,244,24.31,25175700,-0.37318248424340195
csuEx72_NaAc_0.025M_JNL_10off_20on_20off,245,24.41,25301600,0.1250366844483824
csuEx72_NaAc_0.025M_JNL_10off_20on_20off,246,24.51,25217600,-0.20737324541746263
csuEx72_NaAc_0.025M_JNL_10off_20on_20off,247,24.61,25223000,-0.18600403564037257
csuEx72_NaAc_0.025M_JNL_10off_20on_20off,248,24.71,25024099.999999996,-0.9731032624298703
csuEx72_NaAc_0.025M_JNL_10off_20on_20off,249,24.81,25313500.000000004,0.17212809117939185
csuEx72_NaAc_0.025M_JNL_10off_20on_20off,250,24.91,25347700,0.307466419767614
csuEx72_NaAc_0.025M_JNL_10off_20on_20off,251,25.01,25216900,-0.21014332816634468
csuEx72_NaAc_0.025M_JNL_10off_20on_20off,252,25.11,25264900,-0.02019479681443322
csuEx72_NaAc_0.025M_JNL_10off_20on_20off,253,25.21,25134400,-0.5366173664274425
csuEx72_NaAc_0.025M_JNL_10off_20on_20off,254,25.31,24911600,-1.4182951327858981
csuEx72_NaAc_0.025M_JNL_10off_20on_20off,255,25.41,25329900,0.2370271727246135
csuEx72_NaAc_0.025M_JNL_10off_20on_20off,256,25.51,25270500,0.0019658651766231118
csuEx72_NaAc_0.025M_JNL_10off_20on_20off,257,25.61,25228400,-0.16463482586328254
csuEx72_NaAc_0.025M_JNL_10off_20on_20off,258,25.71,25176400,-0.3704124014945199
csuEx72_NaAc_0.025M_JNL_10off_20on_20off,259,25.81,24810500.000000004,-1.818374226945847
csuEx72_NaAc_0.025M_JNL_10off_20on_20off,260,25.91,25157200,-0.4463918140352845
csuEx72_NaAc_0.025M_JNL_10off_20on_20off,261,26.01,25302100,0.12701531498329813
csuEx72_NaAc_0.025M_JNL_10off_20on_20off,262,26.11,25187900,-0.32490389919145785
csuEx72_NaAc_0.025M_JNL_10off_20on_20off,263,26.21,25094800,-0.6933249047927694
csuEx72_NaAc_0.025M_JNL_10off_20on_20off,264,26.31,25107100,-0.644650593633842
csuEx72_NaAc_0.025M_JNL_10off_20on_20off,265,26.41,25043400,-0.896728123782108
csuEx72_NaAc_0.025M_JNL_10off_20on_20off,266,26.51,25123100,-0.5813344165165383
csuEx72_NaAc_0.025M_JNL_10off_20on_20off,267,26.61,25002399.999999996,-1.0589758276452137
csuEx72_NaAc_0.025M_JNL_10off_20on_20off,268,26.71,25101300.000000004,-0.66760270783885
csuEx72_NaAc_0.025M_JNL_10off_20on_20off,269,26.81,24867499.999999996,-1.5928103459654812
csuEx72_NaAc_0.025M_JNL_10off_20on_20off,270,26.91,25181600,-0.3498346439313962
csuEx72_NaAc_0.025M_JNL_10off_20on_20off,271,27.01,25149499.999999996,-0.4768627242730017
csuEx72_NaAc_0.025M_JNL_10off_20on_20off,272,27.11,25006900,-1.0411681528309573
csuEx72_NaAc_0.025M_JNL_10off_20on_20off,273,27.21,25077800,-0.7605983429799046
csuEx72_NaAc_0.025M_JNL_10off_20on_20off,274,27.31,25091899.999999996,-0.7048009618952954
csuEx72_NaAc_0.025M_JNL_10off_20on_20off,275,27.41,24905000,-1.4444130558467858
csuEx72_NaAc_0.025M_JNL_10off_20on_20off,276,27.51,24929900,-1.3458772552079818
csuEx72_NaAc_0.025M_JNL_10off_20on_20off,277,27.61,24826700,-1.7542665976145912
csuEx72_NaAc_0.025M_JNL_10off_20on_20off,278,27.71,25103500,-0.6588967334852355
csuEx72_NaAc_0.025M_JNL_10off_20on_20off,279,27.81,25098700,-0.6778915866204266
csuEx72_NaAc_0.025M_JNL_10off_20on_20off,280,27.91,25038600,-0.915722976917299
csuEx72_NaAc_0.025M_JNL_10off_20on_20off,281,28.01,24908800.000000004,-1.4293754637814116
csuEx72_NaAc_0.025M_JNL_10off_20on_20off,282,28.11,25153000,-0.4630123105285768
csuEx72_NaAc_0.025M_JNL_10off_20on_20off,283,28.21,25024400,-0.9719160841089062
csuEx72_NaAc_0.025M_JNL_10off_20on_20off,284,28.31,25269499.999999996,-0.0019913958932231187
csuEx72_NaAc_0.025M_JNL_10off_20on_20off,285,28.41,25139000,-0.5184139655062177
csuEx72_NaAc_0.025M_JNL_10off_20on_20off,286,28.51,24931199.999999996,-1.3407328158172156
csuEx72_NaAc_0.025M_JNL_10off_20on_20off,287,28.61,25078200,-0.7590154385519721
csuEx72_NaAc_0.025M_JNL_10off_20on_20off,288,28.71,25025400.000000004,-0.9679588230390599
csuEx72_NaAc_0.025M_JNL_10off_20on_20off,289,28.81,25059500,-0.8330162205578209
csuEx72_NaAc_0.025M_JNL_10off_20on_20off,290,28.91,24968600,-1.192731251805503
csuEx72_NaAc_0.025M_JNL_10off_20on_20off,291,29.01,25169400,-0.3981132289833404
csuEx72_NaAc_0.025M_JNL_10off_20on_20off,292,29.11,25040400,-0.9085999069916023
csuEx72_NaAc_0.025M_JNL_10off_20on_20off,293,29.21,24961800,-1.2196406270803573
csuEx72_NaAc_0.025M_JNL_10off_20on_20off,294,29.31,24922399.999999996,-1.3755567132317328
csuEx72_NaAc_0.025M_JNL_10off_20on_20off,295,29.41,24910400,-1.4230438460696957
csuEx72_NaAc_0.025M_JNL_10off_20on_20off,296,29.51,24809300,-1.8231229402296594
csuEx72_NaAc_0.025M_JNL_10off_20on_20off,297,29.61,25111200,-0.6284258232475329
csuEx72_NaAc_0.025M_JNL_10off_20on_20off,298,29.71,24887300,-1.5144565767828033
csuEx72_NaAc_0.025M_JNL_10off_20on_20off,299,29.81,24926000,-1.3613105733803246
csuEx72_NaAc_0.025M_JNL_10off_20on_20off,300,29.91,24940500,-1.303930287867768
csuEx72_NaAc_0.025M_JNL_10off_20on_20off,301,30.01,24848700,-1.6672068540782985
csuEx72_NaAc_0.025M_JNL_10off_20on_20off,302,30.11,24881600,-1.5370129648808426
csuEx72_NaAc_0.025M_JNL_10off_20on_20off,303,30.21,25331500,0.24335879043634387
csuEx72_NaAc_0.025M_JNL_10off_20on_20off,304,30.31,25444900,0.6921121957552347
csuEx72_NaAc_0.025M_JNL_10off_20on_20off,305,30.41,25379500,0.4333073217882553
csuEx72_NaAc_0.025M_JNL_10off_20on_20off,306,30.51,25711300,1.7463265447583431
csuEx72_NaAc_0.025M_JNL_10off_20on_20off,307,30.61,25696000,1.6857804503899214
csuEx72_NaAc_0.025M_JNL_10off_20on_20off,308,30.71,25614200,1.3620764948777055
csuEx72_NaAc_0.025M_JNL_10off_20on_20off,309,30.81,26005800,2.911739929823716
csuEx72_NaAc_0.025M_JNL_10off_20on_20off,310,30.91,25989200,2.8460493960645135
csuEx72_NaAc_0.025M_JNL_10off_20on_20off,311,31.01,26004999.999999996,2.9085741209678364
csuEx72_NaAc_0.025M_JNL_10off_20on_20off,312,31.11,25929300,2.6090094579816077
csuEx72_NaAc_0.025M_JNL_10off_20on_20off,313,31.21,25765100,1.9592271903152774
csuEx72_NaAc_0.025M_JNL_10off_20on_20off,314,31.31,25882100,2.422226735485561
csuEx72_NaAc_0.025M_JNL_10off_20on_20off,315,31.41,26140600,3.445178722037001
csuEx72_NaAc_0.025M_JNL_10off_20on_20off,316,31.51,25933600,2.626025680581883
csuEx72_NaAc_0.025M_JNL_10off_20on_20off,317,31.61,25950400,2.692507666555052
csuEx72_NaAc_0.025M_JNL_10off_20on_20off,318,31.71,25955200,2.711502519690243
csuEx72_NaAc_0.025M_JNL_10off_20on_20off,319,31.81,25937000,2.63948036821931
csuEx72_NaAc_0.025M_JNL_10off_20on_20off,320,31.91,25843800,2.2706636365110153
csuEx72_NaAc_0.025M_JNL_10off_20on_20off,321,32.01,25992099.999999996,2.85752545316701
csuEx72_NaAc_0.025M_JNL_10off_20on_20off,322,32.11,26015900,2.9517082666290144
csuEx72_NaAc_0.025M_JNL_10off_20on_20off,323,32.21,26070800,3.1689618993627633
csuEx72_NaAc_0.025M_JNL_10off_20on_20off,324,32.31,26096100,3.2690806044295
csuEx72_NaAc_0.025M_JNL_10off_20on_20off,325,32.41,26078800.000000004,3.2006199879214297
csuEx72_NaAc_0.025M_JNL_10off_20on_20off,326,32.51,25886200,2.4384515058718703
csuEx72_NaAc_0.025M_JNL_10off_20on_20off,327,32.61,25818700,2.171336383658245
csuEx72_NaAc_0.025M_JNL_10off_20on_20off,328,32.71,25922000,2.5801214521718374
csuEx72_NaAc_0.025M_JNL_10off_20on_20off,329,32.81,25950700.000000004,2.693694844876016
csuEx72_NaAc_0.025M_JNL_10off_20on_20off,330,32.91,26124200.000000004,3.38027964049178
csuEx72_NaAc_0.025M_JNL_10off_20on_20off,331,33.01,26050600,3.089025225752167
csuEx72_NaAc_0.025M_JNL_10off_20on_20off,332,33.11,25919300,2.569436847283293
csuEx72_NaAc_0.025M_JNL_10off_20on_20off,333,33.21,26177700,3.5919931077277494
csuEx72_NaAc_0.025M_JNL_10off_20on_20off,334,33.31,25931900,2.6192983367631695
csuEx72_NaAc_0.025M_JNL_10off_20on_20off,335,33.41,25792600,2.068051869735643
csuEx72_NaAc_0.025M_JNL_10off_20on_20off,336,33.51,26337300,4.223571974472855
csuEx72_NaAc_0.025M_JNL_10off_20on_20off,337,33.61,26064900,3.1456140590507573
csuEx72_NaAc_0.025M_JNL_10off_20on_20off,338,33.71,26061500,3.1321593714133305
csuEx72_NaAc_0.025M_JNL_10off_20on_20off,339,33.81,25740300,1.8610871157834563
csuEx72_NaAc_0.025M_JNL_10off_20on_20off,340,33.91,25886800,2.4408258625137695
csuEx72_NaAc_0.025M_JNL_10off_20on_20off,341,34.01,25957200,2.719417041829906
csuEx72_NaAc_0.025M_JNL_10off_20on_20off,342,34.11,26044200,3.063698754905246
csuEx72_NaAc_0.025M_JNL_10off_20on_20off,343,34.21,26102000,3.2924284447415055
csuEx72_NaAc_0.025M_JNL_10off_20on_20off,344,34.31,25746000.000000004,1.8836435038815107
csuEx72_NaAc_0.025M_JNL_10off_20on_20off,345,34.41,26177300,3.590410203299817
csuEx72_NaAc_0.025M_JNL_10off_20on_20off,346,34.51,26024800,2.9869278901505147
csuEx72_NaAc_0.025M_JNL_10off_20on_20off,347,34.611,25908600,2.527094153836096
csuEx72_NaAc_0.025M_JNL_10off_20on_20off,348,34.711,25994000,2.865044249199705
csuEx72_NaAc_0.025M_JNL_10off_20on_20off,349,34.811,26074099.999999996,3.182020860893192
csuEx72_NaAc_0.025M_JNL_10off_20on_20off,350,34.911,25973400,2.7835246711611763
csuEx72_NaAc_0.025M_JNL_10off_20on_20off,351,35.011,25775700,2.001174157655491
csuEx72_NaAc_0.025M_JNL_10off_20on_20off,352,35.111,26053600,3.1008970089616614
csuEx72_NaAc_0.025M_JNL_10off_20on_20off,353,35.211,25930800,2.6149453495863546
csuEx72_NaAc_0.025M_JNL_10off_20on_20off,354,35.311,26139400,3.4404300087532027
csuEx72_NaAc_0.025M_JNL_10off_20on_20off,355,35.411,25819100,2.172919288086178
csuEx72_NaAc_0.025M_JNL_10off_20on_20off,356,35.511,25927100,2.6003034836279784
csuEx72_NaAc_0.025M_JNL_10off_20on_20off,357,35.611,25915100,2.55281635079
csuEx72_NaAc_0.025M_JNL_10off_20on_20off,358,35.711,26018700,2.9627885976245425
csuEx72_NaAc_0.025M_JNL_10off_20on_20off,359,35.811,26137300,3.432119760506557
csuEx72_NaAc_0.025M_JNL_10off_20on_20off,360,35.911,25931500,2.6177154323352365
csuEx72_NaAc_0.025M_JNL_10off_20on_20off,361,36.011,25810600,2.13928256899261
csuEx72_NaAc_0.025M_JNL_10off_20on_20off,362,36.111,25946699.999999996,2.6778658005966607
csuEx72_NaAc_0.025M_JNL_10off_20on_20off,363,36.211,25967400,2.759781104742187
csuEx72_NaAc_0.025M_JNL_10off_20on_20off,364,36.311,26009400,2.9259860696751097
csuEx72_NaAc_0.025M_JNL_10off_20on_20off,365,36.411,26008300.000000004,2.92163308249831
csuEx72_NaAc_0.025M_JNL_10off_20on_20off,366,36.511,25919100,2.5686453950693267
csuEx72_NaAc_0.025M_JNL_10off_20on_20off,367,36.611,25732500,1.8302204794387706
csuEx72_NaAc_0.025M_JNL_10off_20on_20off,368,36.711,25806100,2.121474894178368
csuEx72_NaAc_0.025M_JNL_10off_20on_20off,369,36.811,25908699.999999996,2.527489879943064
csuEx72_NaAc_0.025M_JNL_10off_20on_20off,370,36.911,25905700,2.515618096733584
csuEx72_NaAc_0.025M_JNL_10off_20on_20off,371,37.011,25857700,2.325669565381673
csuEx72_NaAc_0.025M_JNL_10off_20on_20off,372,37.111,25904300,2.5100779312358203
csuEx72_NaAc_0.025M_JNL_10off_20on_20off,373,37.211,25878600,2.408376321741151
csuEx72_NaAc_0.025M_JNL_10off_20on_20off,374,37.311,25739200.000000004,1.8567341286066563
csuEx72_NaAc_0.025M_JNL_10off_20on_20off,375,37.411,25787200,2.0466826599585533
csuEx72_NaAc_0.025M_JNL_10off_20on_20off,376,37.511,25805500,2.119100537536469
csuEx72_NaAc_0.025M_JNL_10off_20on_20off,377,37.611,25686399.999999996,1.6477907441195243
csuEx72_NaAc_0.025M_JNL_10off_20on_20off,378,37.711,25821600,2.182812440760756
csuEx72_NaAc_0.025M_JNL_10off_20on_20off,379,37.811,25808800,2.1321594990669133
csuEx72_NaAc_0.025M_JNL_10off_20on_20off,380,37.911,25717700,1.7716530156052648
csuEx72_NaAc_0.025M_JNL_10off_20on_20off,381,38.011,25788700.000000004,2.052618551563315
csuEx72_NaAc_0.025M_JNL_10off_20on_20off,382,38.111,25789500,2.0557843604191652
csuEx72_NaAc_0.025M_JNL_10off_20on_20off,383,38.211,25644300.000000004,1.481190053079648
csuEx72_NaAc_0.025M_JNL_10off_20on_20off,384,38.311,25724300.000000004,1.7977709386661673
csuEx72_NaAc_0.025M_JNL_10off_20on_20off,385,38.411,25449200,0.7091284183555101
csuEx72_NaAc_0.025M_JNL_10off_20on_20off,386,38.511,25507900,0.9414196431546183
csuEx72_NaAc_0.025M_JNL_10off_20on_20off,387,38.611,25763500,1.9528955726035468
csuEx72_NaAc_0.025M_JNL_10off_20on_20off,388,38.711,25660200,1.544110504089954
csuEx72_NaAc_0.025M_JNL_10off_20on_20off,389,38.811,25692700,1.6727214888594775
csuEx72_NaAc_0.025M_JNL_10off_20on_20off,390,38.911,25772600,1.9889066483390134
csuEx72_NaAc_0.025M_JNL_10off_20on_20off,391,39.011,25650900,1.5073079761405213
csuEx72_NaAc_0.025M_JNL_10off_20on_20off,392,39.111,25567700.000000004,1.1780638551305562
csuEx72_NaAc_0.025M_JNL_10off_20on_20off,393,39.211,25784600.000000004,2.036393781177006
csuEx72_NaAc_0.025M_JNL_10off_20on_20off,394,39.311,25743800,1.8749375295278665
csuEx72_NaAc_0.025M_JNL_10off_20on_20off,395,39.411,25643900,1.4796071486517008
csuEx72_NaAc_0.025M_JNL_10off_20on_20off,396,39.511,25654900,1.523137020419847
csuEx72_NaAc_0.025M_JNL_10off_20on_20off,397,39.611,25512200,0.9584358657548938
csuEx72_NaAc_0.025M_JNL_10off_20on_20off,398,39.711,25444900,0.6921121957552347
csuEx72_NaAc_0.025M_JNL_10off_20on_20off,399,39.811,25536700,1.0553887619657654
csuEx72_NaAc_0.025M_JNL_10off_20on_20off,400,39.911,25674400,1.6003036112815612
csuEx72_NaAc_0.025M_JNL_10off_20on_20off,401,40.011,25423400,0.6070310827538576
csuEx72_NaAc_0.025M_JNL_10off_20on_20off,402,40.111,25403800,0.5294687657851604
csuEx72_NaAc_0.025M_JNL_10off_20on_20off,403,40.211,25448500,0.706358335606628
csuEx72_NaAc_0.025M_JNL_10off_20on_20off,404,40.311,25585200,1.2473159238525924
csuEx72_NaAc_0.025M_JNL_10off_20on_20off,405,40.411,25425300,0.6145498787865374
csuEx72_NaAc_0.025M_JNL_10off_20on_20off,406,40.511,25601900,1.3134021837187784
csuEx72_NaAc_0.025M_JNL_10off_20on_20off,407,40.611,25294400,0.09654440474559568
csuEx72_NaAc_0.025M_JNL_10off_20on_20off,408,40.711,25373899.999999996,0.41114665979718423
csuEx72_NaAc_0.025M_JNL_10off_20on_20off,409,40.811,25516600,0.9758478144621524
csuEx72_NaAc_0.025M_JNL_10off_20on_20off,410,40.911,25382300,0.44438765278378356
csuEx72_NaAc_0.025M_JNL_10off_20on_20off,411,41.011,25268600,-0.005552930856056715
csuEx72_NaAc_0.025M_JNL_10off_20on_20off,412,41.111,25348799.999999996,0.3118194069444139
csuEx72_NaAc_0.025M_JNL_10off_20on_20off,413,41.211,25251400,-0.07361782125715831
csuEx72_NaAc_0.025M_JNL_10off_20on_20off,414,41.311,25252500.000000004,-0.06926483408032894
csuEx72_NaAc_0.025M_JNL_10off_20on_20off,415,41.411,25395700,0.49741495111952544
csuEx72_NaAc_0.025M_JNL_10off_20on_20off,416,41.511,25251600,-0.07282636904319201
csuEx72_NaAc_0.025M_JNL_10off_20on_20off,417,41.611,25387600,0.4653611364538904
csuEx72_NaAc_0.025M_JNL_10off_20on_20off,418,41.711,25040300.000000004,-0.9089956330985707
csuEx72_NaAc_0.025M_JNL_10off_20on_20off,419,41.811,22852800.000000004,-9.565504223354951
csuEx72_NaAc_0.025M_JNL_10off_20on_20off,420,41.911,22715000,-10.110814798777746
csuEx72_NaAc_0.025M_JNL_10off_20on_20off,421,42.011,22521000,-10.878523446325055
csuEx72_NaAc_0.025M_JNL_10off_20on_20off,422,42.111,22680699.999999996,-10.24654885347298
csuEx72_NaAc_0.025M_JNL_10off_20on_20off,423,42.211,22586300,-10.620114298465058
csuEx72_NaAc_0.025M_JNL_10off_20on_20off,424,42.311,22572300,-10.6755159534427
csuEx72_NaAc_0.025M_JNL_10off_20on_20off,425,42.411,22496000,-10.977454973070842
csuEx72_NaAc_0.025M_JNL_10off_20on_20off,426,42.511,22695100,-10.189564294067392
csuEx72_NaAc_0.025M_JNL_10off_20on_20off,427,42.611,22706100,-10.146034422299245
csuEx72_NaAc_0.025M_JNL_10off_20on_20off,428,42.711,22717000,-10.102900276638083
csuEx72_NaAc_0.025M_JNL_10off_20on_20off,429,42.811,22739200,-10.015049080887824
csuEx72_NaAc_0.025M_JNL_10off_20on_20off,430,42.911,22559300.000000004,-10.726960347350493
csuEx72_NaAc_0.025M_JNL_10off_20on_20off,431,43.011,22546600,-10.777217562937368
csuEx72_NaAc_0.025M_JNL_10off_20on_20off,432,43.111,22634599.999999996,-10.428978588792212
csuEx72_NaAc_0.025M_JNL_10off_20on_20off,433,43.211,22668400.000000004,-10.295223164631878
csuEx72_NaAc_0.025M_JNL_10off_20on_20off,434,43.311,22670800,-10.285725738064297
csuEx72_NaAc_0.025M_JNL_10off_20on_20off,435,43.411,22569499.999999996,-10.686596284438242
csuEx72_NaAc_0.025M_JNL_10off_20on_20off,436,43.511,22844699.999999996,-9.597558038020617
csuEx72_NaAc_0.025M_JNL_10off_20on_20off,437,43.611,22796300,-9.789089473800445
csuEx72_NaAc_0.025M_JNL_10off_20on_20off,438,43.711,22394300,-11.379908423872703
csuEx72_NaAc_0.025M_JNL_10off_20on_20off,439,43.811,22686799.999999996,-10.222409560947007
csuEx72_NaAc_0.025M_JNL_10off_20on_20off,440,43.911,22617300,-10.497439205300282
csuEx72_NaAc_0.025M_JNL_10off_20on_20off,441,44.011,22532100,-10.834597848449924
csuEx72_NaAc_0.025M_JNL_10off_20on_20off,442,44.111,22428200,-11.245757273605415
csuEx72_NaAc_0.025M_JNL_10off_20on_20off,443,44.211,22667300,-10.299576151808706
csuEx72_NaAc_0.025M_JNL_10off_20on_20off,444,44.311,22355200,-11.534637331703115
csuEx72_NaAc_0.025M_JNL_10off_20on_20off,445,44.411,22344600,-11.57658429904333
csuEx72_NaAc_0.025M_JNL_10off_20on_20off,446,44.511,22633500,-10.433331575969012
csuEx72_NaAc_0.025M_JNL_10off_20on_20off,447,44.611,22570800.000000004,-10.68145184504743
csuEx72_NaAc_0.025M_JNL_10off_20on_20off,448,44.711,22583600,-10.630798903353602
csuEx72_NaAc_0.025M_JNL_10off_20on_20off,449,44.811,22485300,-11.019797666518038
csuEx72_NaAc_0.025M_JNL_10off_20on_20off,450,44.911,22532500,-10.833014944021992
csuEx72_NaAc_0.025M_JNL_10off_20on_20off,451,45.011,22557900,-10.73250051284827
csuEx72_NaAc_0.025M_JNL_10off_20on_20off,452,45.111,22465099.999999996,-11.099734340128649
csuEx72_NaAc_0.025M_JNL_10off_20on_20off,453,45.211,22632700,-10.436497384824877
csuEx72_NaAc_0.025M_JNL_10off_20on_20off,454,45.311,22601900,-10.558381025775686
csuEx72_NaAc_0.025M_JNL_10off_20on_20off,455,45.411,22467000,-11.092215544095954
csuEx72_NaAc_0.025M_JNL_10off_20on_20off,456,45.511,22453700,-11.144847116324714
csuEx72_NaAc_0.025M_JNL_10off_20on_20off,457,45.611,22446200,-11.17452657434845
csuEx72_NaAc_0.025M_JNL_10off_20on_20off,458,45.711,22371100,-11.471716880692794
csuEx72_NaAc_0.025M_JNL_10off_20on_20off,459,45.811,22383700.000000004,-11.421855391212903
csuEx72_NaAc_0.025M_JNL_10off_20on_20off,460,45.911,22514500,-10.904245643278959
csuEx72_NaAc_0.025M_JNL_10off_20on_20off,461,46.011,22652600,-10.35774788953523
csuEx72_NaAc_0.025M_JNL_10off_20on_20off,462,46.111,22450100,-11.159093256176106
csuEx72_NaAc_0.025M_JNL_10off_20on_20off,463,46.211,22466600,-11.093798448523886
csuEx72_NaAc_0.025M_JNL_10off_20on_20off,464,46.311,22336200,-11.609825292029912
csuEx72_NaAc_0.025M_JNL_10off_20on_20off,465,46.411,22518800,-10.887229420678683
csuEx72_NaAc_0.025M_JNL_10off_20on_20off,466,46.511,22541100,-10.798982498821442
csuEx72_NaAc_0.025M_JNL_10off_20on_20off,467,46.611,22580300.000000004,-10.643857864884032
csuEx72_NaAc_0.025M_JNL_10off_20on_20off,468,46.711,22382399.999999996,-11.426999830603712
csuEx72_NaAc_0.025M_JNL_10off_20on_20off,469,46.811,22569600,-10.686200558331244
csuEx72_NaAc_0.025M_JNL_10off_20on_20off,470,46.911,22683700,-10.234677070263471
csuEx72_NaAc_0.025M_JNL_10off_20on_20off,471,47.011,22385400,-11.415128047394203
csuEx72_NaAc_0.025M_JNL_10off_20on_20off,472,47.111,22429199.999999996,-11.241800012535599
csuEx72_NaAc_0.025M_JNL_10off_20on_20off,473,47.211,22418500,-11.284142705982783
csuEx72_NaAc_0.025M_JNL_10off_20on_20off,474,47.311,22372000,-11.468155345729945
csuEx72_NaAc_0.025M_JNL_10off_20on_20off,475,47.411,22517500,-10.892373860069464
csuEx72_NaAc_0.025M_JNL_10off_20on_20off,476,47.511,22516600.000000004,-10.895935395032298
csuEx72_NaAc_0.025M_JNL_10off_20on_20off,477,47.611,22473100,-11.068076251569982
csuEx72_NaAc_0.025M_JNL_10off_20on_20off,478,47.711,22354900,-11.535824510024064
csuEx72_NaAc_0.025M_JNL_10off_20on_20off,479,47.811,22317900,-11.68224316960783
csuEx72_NaAc_0.025M_JNL_10off_20on_20off,480,47.911,22379900,-11.436892983278277
csuEx72_NaAc_0.025M_JNL_10off_20on_20off,481,48.011,22482100,-11.032460901941498
csuEx72_NaAc_0.025M_JNL_10off_20on_20off,482,48.111,22215300,-12.08825815537254
csuEx72_NaAc_0.025M_JNL_10off_20on_20off,483,48.211,22482700.000000004,-11.030086545299584
csuEx72_NaAc_0.025M_JNL_10off_20on_20off,484,48.311,22321200,-11.669184208077384
csuEx72_NaAc_0.025M_JNL_10off_20on_20off,485,48.411,22297800,-11.761784117111441
csuEx72_NaAc_0.025M_JNL_10off_20on_20off,486,48.511,22384900,-11.41710667792912
csuEx72_NaAc_0.025M_JNL_10off_20on_20off,487,48.611,22289300,-11.79542083620501
csuEx72_NaAc_0.025M_JNL_10off_20on_20off,488,48.711,22483000,-11.028899366978651
csuEx72_NaAc_0.025M_JNL_10off_20on_20off,489,48.811,22630499.999999996,-10.445203359178521
csuEx72_NaAc_0.025M_JNL_10off_20on_20off,490,48.911,22404700,-11.338752908746457
csuEx72_NaAc_0.025M_JNL_10off_20on_20off,491,49.011,22472300,-11.071242060425847
csuEx72_NaAc_0.025M_JNL_10off_20on_20off,492,49.111,22551199.999999996,-10.759014162016157
csuEx72_NaAc_0.025M_JNL_10off_20on_20off,493,49.211,22655200,-10.347459010753667
csuEx72_NaAc_0.025M_JNL_10off_20on_20off,494,49.311,22362500,-11.505749325893344
csuEx72_NaAc_0.025M_JNL_10off_20on_20off,495,49.411,22578600,-10.650585208702761
csuEx72_NaAc_0.025M_JNL_10off_20on_20off,496,49.511,22686099.999999996,-10.225179643695888
csuEx72_NaAc_0.025M_JNL_10off_20on_20off,497,49.611,22386300,-11.411566512431355
csuEx72_NaAc_0.025M_JNL_10off_20on_20off,498,49.711,22467000,-11.092215544095954
csuEx72_NaAc_0.025M_JNL_10off_20on_20off,499,49.811,22425700,-11.255650426279995
csuEx72_NaAc_0.025M_JNL_10off_20on_20off,500,49.911,22427100.000000004,-11.250110260782217
csuEx72_NaAc_0.025M_JNL_10off_20on_20off,501,50.011,22383200,-11.423834021747833
csuEx72_NaAc_0.025M_JNL_10off_20on_20off,502,50.111,22280600,-11.829849007512545
csuEx72_NaAc_0.025M_JNL_10off_20on_20off,503,50.211,22372899.999999996,-11.464593810767113
csuEx72_NaAc_0.025M_JNL_10off_20on_20off,504,50.311,22230300,-12.028899239325067
csuEx72_NaAc_0.025M_JNL_10off_20on_20off,505,50.411,22199500,-12.150782880275877
csuEx72_NaAc_0.025M_JNL_10off_20on_20off,506,50.511,22289300,-11.79542083620501
csuEx72_NaAc_0.025M_JNL_10off_20on_20off,507,50.611,22192700,-12.177692255550731
csuEx72_NaAc_0.025M_JNL_10off_20on_20off,508,50.711,22323700,-11.659291055402807
csuEx72_NaAc_0.025M_JNL_10off_20on_20off,509,50.811,22334800,-11.615365457527677
csuEx72_NaAc_0.025M_JNL_10off_20on_20off,510,50.911,22233400,-12.016631730008589
csuEx72_NaAc_0.025M_JNL_10off_20on_20off,511,51.011,22365500,-11.493877542683851
csuEx72_NaAc_0.025M_JNL_10off_20on_20off,512,51.111,22303700,-11.738436276799435
csuEx72_NaAc_0.025M_JNL_10off_20on_20off,513,51.211,22420500,-11.276228183843118
csuEx72_NaAc_0.025M_JNL_10off_20on_20off,514,51.311,22143400,-12.372785226293423
csuEx72_NaAc_0.025M_JNL_10off_20on_20off,515,51.411,22426400.000000004,-11.252880343531098
csuEx72_NaAc_0.025M_JNL_10off_20on_20off,516,51.511,22245200,-11.969936049384579
csuEx72_NaAc_0.025M_JNL_10off_20on_20off,517,51.611,22402400,-11.347854609207069
csuEx72_NaAc_0.025M_JNL_10off_20on_20off,518,51.711,22288900,-11.797003740632944
csuEx72_NaAc_0.025M_JNL_10off_20on_20off,519,51.811,22292600,-11.782361874674566
csuEx72_NaAc_0.025M_JNL_10off_20on_20off,520,51.911,22144000,-12.370410869651524
csuEx72_NaAc_0.025M_JNL_10off_20on_20off,521,52.011,22293300,-11.779591791925684
csuEx72_NaAc_0.025M_JNL_10off_20on_20off,522,52.111,22179800,-12.228740923351559
csuEx72_NaAc_0.025M_JNL_10off_20on_20off,523,52.211,21948700,-13.143263956589616
csuEx72_NaAc_0.025M_JNL_10off_20on_20off,524,52.311,22133100,-12.413545015312689
csuEx72_NaAc_0.025M_JNL_10off_20on_20off,525,52.411,22155100,-12.326485271776395
csuEx72_NaAc_0.025M_JNL_10off_20on_20off,526,52.511,22173200,-12.254858846412445
csuEx72_NaAc_0.025M_JNL_10off_20on_20off,527,52.611,22192300,-12.179275159978664
csuEx72_NaAc_0.025M_JNL_10off_20on_20off,528,52.711,22428100,-11.246152999712399
csuEx72_NaAc_0.025M_JNL_10off_20on_20off,529,52.811,22449600,-11.16107188671102
csuEx72_NaAc_0.025M_JNL_10off_20on_20off,530,52.911,22191900.000000004,-12.180858064406582
csuEx72_NaAc_0.025M_JNL_10off_20on_20off,531,53.011,22280300,-11.831036185833494
csuEx72_NaAc_0.025M_JNL_10off_20on_20off,532,53.111,22173900,-12.252088763663563
csuEx72_NaAc_0.025M_JNL_10off_20on_20off,533,53.211,22240200,-11.989722354733736
csuEx72_NaAc_0.025M_JNL_10off_20on_20off,534,53.311,22319000,-11.677890182431014
csuEx72_NaAc_0.025M_JNL_10off_20on_20off,535,53.411,22271300,-11.866651535461976
csuEx72_NaAc_0.025M_JNL_10off_20on_20off,536,53.511,22197700,-12.157905950201574
csuEx72_NaAc_0.025M_JNL_10off_20on_20off,537,53.611,22237900,-11.99882405519435
csuEx72_NaAc_0.025M_JNL_10off_20on_20off,538,53.711,22150200,-12.34587585101857
csuEx72_NaAc_0.025M_JNL_10off_20on_20off,539,53.811,22176100,-12.243382789309933
csuEx72_NaAc_0.025M_JNL_10off_20on_20off,540,53.911,22055200,-12.72181565265256
csuEx72_NaAc_0.025M_JNL_10off_20on_20off,541,54.011,21844000,-13.557589190600972
csuEx72_NaAc_0.025M_JNL_10off_20on_20off,542,54.111,22384000,-11.420668212891966
csuEx72_NaAc_0.025M_JNL_10off_20on_20off,543,54.211,22270800,-11.868630165996892
csuEx72_NaAc_0.025M_JNL_10off_20on_20off,544,54.311,21887100,-13.387031238491234
csuEx72_NaAc_0.025M_JNL_10off_20on_20off,545,54.411,22130100,-12.425416798522182
csuEx72_NaAc_0.025M_JNL_10off_20on_20off,546,54.511,22200100,-12.148408523633979
csuEx72_NaAc_0.025M_JNL_10off_20on_20off,547,54.611,22008200.000000004,-12.907806922934626
csuEx72_NaAc_0.025M_JNL_10off_20on_20off,548,54.711,22177699.999999996,-12.237051171598218
csuEx72_NaAc_0.025M_JNL_10off_20on_20off,549,54.811,22125700,-12.442828747229441
csuEx72_NaAc_0.025M_JNL_10off_20on_20off,550,54.911,22105700,-12.521973968626071
csuEx72_NaAc_0.025M_JNL_10off_20on_20off,551,55.011,21978300,-13.026129028922604
csuEx72_NaAc_0.025M_JNL_10off_20on_20off,552,55.111,22327200,-11.645440641658396
csuEx72_NaAc_0.025M_JNL_10off_20on_20off,553,55.211,22056700,-12.715879761047812
csuEx72_NaAc_0.025M_JNL_10off_20on_20off,554,55.311,21886400,-13.389801321240116
csuEx72_NaAc_0.025M_JNL_10off_20on_20off,555,55.411,21857200,-13.505353344479195
csuEx72_NaAc_0.025M_JNL_10off_20on_20off,556,55.511,22086500,-12.597953381166835
csuEx72_NaAc_0.025M_JNL_10off_20on_20off,557,55.611,21892400,-13.366057754821128
csuEx72_NaAc_0.025M_JNL_10off_20on_20off,558,55.711,22235600,-12.007925755654961
csuEx72_NaAc_0.025M_JNL_10off_20on_20off,559,55.811,22026700,-12.834597593142757
csuEx72_NaAc_0.025M_JNL_10off_20on_20off,560,55.911,22172600,-12.257233203054344
csuEx72_NaAc_0.025M_JNL_10off_20on_20off,561,56.011,22345100.000000004,-11.574605668508397
csuEx72_NaAc_0.025M_JNL_10off_20on_20off,562,56.111,22210200.000000004,-12.108440186828666
csuEx72_NaAc_0.025M_JNL_10off_20on_20off,563,56.211,21987100,-12.991305131508085
csuEx72_NaAc_0.025M_JNL_10off_20on_20off,564,56.311,21978600,-13.024941850601653
csuEx72_NaAc_0.025M_JNL_10off_20on_20off,565,56.411,22069800,-12.664039641033021
csuEx72_NaAc_0.025M_JNL_10off_20on_20off,566,56.511,21933400,-13.203810050958037
csuEx72_NaAc_0.025M_JNL_10off_20on_20off,567,56.611,22136500,-12.400090327675262
csuEx72_NaAc_0.025M_JNL_10off_20on_20off,568,56.711,22073900,-12.647814870646712
csuEx72_NaAc_0.025M_JNL_10off_20on_20off,569,56.811,21870000,-13.454700402785353
csuEx72_NaAc_0.025M_JNL_10off_20on_20off,570,56.911,21805900,-13.708360837361552
csuEx72_NaAc_0.025M_JNL_10off_20on_20off,571,57.011,21951500,-13.132183625594084
csuEx72_NaAc_0.025M_JNL_10off_20on_20off,572,57.111,22000799.999999996,-12.937090654851408
csuEx72_NaAc_0.025M_JNL_10off_20on_20off,573,57.211,22162099.999999996,-12.29878444428759
csuEx72_NaAc_0.025M_JNL_10off_20on_20off,574,57.311,22140200,-12.385448461716884
csuEx72_NaAc_0.025M_JNL_10off_20on_20off,575,57.411,22013200,-12.888020617585482
csuEx72_NaAc_0.025M_JNL_10off_20on_20off,576,57.511,22041900,-12.77444722488132
csuEx72_NaAc_0.025M_JNL_10off_20on_20off,577,57.611,22124100.000000004,-12.449160364941157
csuEx72_NaAc_0.025M_JNL_10off_20on_20off,578,57.711,21930299.999999996,-13.216077560274528
csuEx72_NaAc_0.025M_JNL_10off_20on_20off,579,57.811,22111100,-12.500604758848983
csuEx72_NaAc_0.025M_JNL_10off_20on_20off,580,57.911,21972900.000000004,-13.047498238699678
csuEx72_NaAc_0.025M_JNL_10off_20on_20off,581,58.011,22131700,-12.419085180810452
csuEx72_NaAc_0.025M_JNL_10off_20on_20off,582,58.111,22094800,-12.565108114287234
csuEx72_NaAc_0.025M_JNL_10off_20on_20off,583,58.211,22183700,-12.213307605179216
csuEx72_NaAc_0.025M_JNL_10off_20on_20off,584,58.311,22192300,-12.179275159978664
csuEx72_NaAc_0.025M_JNL_10off_20on_20off,585,58.411,22271600,-11.865464357141027
csuEx72_NaAc_0.025M_JNL_10off_20on_20off,586,58.511,21884600,-13.396924391165813
csuEx72_NaAc_0.025M_JNL_10off_20on_20off,587,58.611,21903700,-13.321340704732032
csuEx72_NaAc_0.025M_JNL_10off_20on_20off,588,58.711,21943600,-13.163445988045755
csuEx72_NaAc_0.025M_JNL_10off_20on_20off,589,58.811,22070500,-12.661269558284138
csuEx72_NaAc_0.025M_JNL_10off_20on_20off,590,58.911,21909800,-13.297201412206059
csuEx72_NaAc_0.025M_JNL_10off_20on_20off,591,59.011,22126800.000000004,-12.438475760052611
csuEx72_NaAc_0.025M_JNL_10off_20on_20off,592,59.111,21865400,-13.472903803706576
csuEx72_NaAc_0.025M_JNL_10off_20on_20off,593,59.211,21811200,-13.687387353691443
csuEx72_NaAc_0.025M_JNL_10off_20on_20off,594,59.311,21883700,-13.400485926128662
csuEx72_NaAc_0.025M_JNL_10off_20on_20off,595,59.411,21964900,-13.079156327258346
csuEx72_NaAc_0.025M_JNL_10off_20on_20off,596,59.511,21986400,-12.994075214256966
csuEx72_NaAc_0.025M_JNL_10off_20on_20off,597,59.611,21852800,-13.522765293186453
csuEx72_NaAc_0.025M_JNL_10off_20on_20off,598,59.711,21809599.999999996,-13.69371897140319
csuEx72_NaAc_0.025M_JNL_10off_20on_20off,599,59.811,22018500,-12.867047133915378
csuEx72_NaAc_0.025M_JNL_10off_20on_20off,600,59.911,21973200,-13.046311060378743
