stim_jnl,frame,time_s,fluor,dff
odr7p_1oct_10percent_JNL_10off_20on_20off,2,0.1,30091899.999999996,16.646618038113715
odr7p_1oct_10percent_JNL_10off_20on_20off,3,0.2,29823500,15.606206755295771
odr7p_1oct_10percent_JNL_10off_20on_20off,4,0.3,29458700.000000004,14.192115712181064
odr7p_1oct_10percent_JNL_10off_20on_20off,5,0.4,29329200.000000004,13.690128897259582
odr7p_1oct_10percent_JNL_10off_20on_20off,6,0.501,29356200,13.794790240911151
odr7p_1oct_10percent_JNL_10off_20on_20off,7,0.601,28949700,12.21905556704565
odr7p_1oct_10percent_JNL_10off_20on_20off,8,0.701,29079799.999999996,12.723368189603818
odr7p_1oct_10percent_JNL_10off_20on_20off,9,0.801,28403100,10.10024481001027
odr7p_1oct_10percent_JNL_10off_20on_20off,10,0.901,27886099.999999996,8.0961738963855
odr7p_1oct_10percent_JNL_10off_20on_20off,11,1.001,27848200,7.949260380667181
odr7p_1oct_10percent_JNL_10off_20on_20off,12,1.101,28148000,9.111388929805868
odr7p_1oct_10percent_JNL_10off_20on_20off,13,1.201,27954200,8.360153063151172
odr7p_1oct_10percent_JNL_10off_20on_20off,14,1.301,27807300,7.790717826765338
odr7p_1oct_10percent_JNL_10off_20on_20off,15,1.401,27671199.999999996,7.2631471278401225
odr7p_1oct_10percent_JNL_10off_20on_20off,16,1.501,27577900,6.901484040332999
odr7p_1oct_10percent_JNL_10off_20on_20off,17,1.601,26908200,4.3054950831676235
odr7p_1oct_10percent_JNL_10off_20on_20off,18,1.701,27173200,5.332726789377605
odr7p_1oct_10percent_JNL_10off_20on_20off,19,1.801,26667200.000000004,3.3712956824257305
odr7p_1oct_10percent_JNL_10off_20on_20off,20,1.901,26634900,3.2460897046499335
odr7p_1oct_10percent_JNL_10off_20on_20off,21,2.001,26813699.999999996,3.939180380387069
odr7p_1oct_10percent_JNL_10off_20on_20off,22,2.101,25910600,0.43845225254469006
odr7p_1oct_10percent_JNL_10off_20on_20off,23,2.201,25902900,0.4086043878736831
odr7p_1oct_10percent_JNL_10off_20on_20off,24,2.301,25744500,-0.20540882821560388
odr7p_1oct_10percent_JNL_10off_20on_20off,25,2.401,26035300,0.9218326063725567
odr7p_1oct_10percent_JNL_10off_20on_20off,26,2.501,25720200.000000004,-0.2996040375020142
odr7p_1oct_10percent_JNL_10off_20on_20off,27,2.601,25793800,-0.01430496739993568
odr7p_1oct_10percent_JNL_10off_20on_20off,28,2.701,25549000,-0.9632344831742882
odr7p_1oct_10percent_JNL_10off_20on_20off,29,2.801,25350000,-1.7346273493470665
odr7p_1oct_10percent_JNL_10off_20on_20off,30,2.901,25354800,-1.716020888253452
odr7p_1oct_10percent_JNL_10off_20on_20off,31,3.001,24813900.000000004,-3.8127364727401503
odr7p_1oct_10percent_JNL_10off_20on_20off,32,3.101,24948200,-3.2921431967250685
odr7p_1oct_10percent_JNL_10off_20on_20off,33,3.201,24784900,-3.925150508514087
odr7p_1oct_10percent_JNL_10off_20on_20off,34,3.301,24586900,-4.692667028625696
odr7p_1oct_10percent_JNL_10off_20on_20off,35,3.401,24198900,-6.196689300359556
odr7p_1oct_10percent_JNL_10off_20on_20off,36,3.501,24257399.999999996,-5.96992305578114
odr7p_1oct_10percent_JNL_10off_20on_20off,37,3.601,24028200,-6.858381573001231
odr7p_1oct_10percent_JNL_10off_20on_20off,38,3.701,23967100,-7.095226317338701
odr7p_1oct_10percent_JNL_10off_20on_20off,39,3.801,24063600,-6.721158922435821
odr7p_1oct_10percent_JNL_10off_20on_20off,40,3.901,23893200,-7.381688291259144
odr7p_1oct_10percent_JNL_10off_20on_20off,41,4.001,23614799.999999996,-8.460863034688817
odr7p_1oct_10percent_JNL_10off_20on_20off,42,4.101,23560600,-8.670960991204202
odr7p_1oct_10percent_JNL_10off_20on_20off,43,4.201,23439600,-9.13999886460574
odr7p_1oct_10percent_JNL_10off_20on_20off,44,4.301,23562300,-8.664371202900213
odr7p_1oct_10percent_JNL_10off_20on_20off,45,4.401,23183700,-10.131955821659076
odr7p_1oct_10percent_JNL_10off_20on_20off,46,4.501,22882500,-11.299511255283402
odr7p_1oct_10percent_JNL_10off_20on_20off,47,4.601,22792400,-11.648770035394797
odr7p_1oct_10percent_JNL_10off_20on_20off,48,4.701,22764000.000000004,-11.758858263532003
odr7p_1oct_10percent_JNL_10off_20on_20off,49,4.801,22966100,-10.975448724569613
odr7p_1oct_10percent_JNL_10off_20on_20off,50,4.901,22641000,-12.235648829055895
odr7p_1oct_10percent_JNL_10off_20on_20off,51,5.001,22291800,-13.58926887361637
odr7p_1oct_10percent_JNL_10off_20on_20off,52,5.101,22376500,-13.260942362235292
odr7p_1oct_10percent_JNL_10off_20on_20off,53,5.201,22414299.999999996,-13.11441648112309
odr7p_1oct_10percent_JNL_10off_20on_20off,54,5.301,22181400,-14.017217478769508
odr7p_1oct_10percent_JNL_10off_20on_20off,55,5.401,21939099.999999996,-14.956456129390949
odr7p_1oct_10percent_JNL_10off_20on_20off,56,5.501,22020900,-14.639371021587252
odr7p_1oct_10percent_JNL_10off_20on_20off,57,5.601,21529100,-16.54575801447053
odr7p_1oct_10percent_JNL_10off_20on_20off,58,5.701,22019000.000000004,-14.646736079103459
odr7p_1oct_10percent_JNL_10off_20on_20off,59,5.801,21834200,-15.36308483120764
odr7p_1oct_10percent_JNL_10off_20on_20off,60,5.901,21791400,-15.528992442625707
odr7p_1oct_10percent_JNL_10off_20on_20off,61,6.001,21740400.000000004,-15.726686091745348
odr7p_1oct_10percent_JNL_10off_20on_20off,62,6.101,21298200,-17.44080631999462
odr7p_1oct_10percent_JNL_10off_20on_20off,63,6.201,21763499.999999996,-15.637142497732356
odr7p_1oct_10percent_JNL_10off_20on_20off,64,6.301,21522199.999999996,-16.572504802292613
odr7p_1oct_10percent_JNL_10off_20on_20off,65,6.401,21417500,-16.978358234897073
odr7p_1oct_10percent_JNL_10off_20on_20off,66,6.501,20864800,-19.12081470290559
odr7p_1oct_10percent_JNL_10off_20on_20off,67,6.601,21343200.000000004,-17.26637074724197
odr7p_1oct_10percent_JNL_10off_20on_20off,68,6.701,21303400,-17.420649320476542
odr7p_1oct_10percent_JNL_10off_20on_20off,69,6.801,20712700,-19.71040693880951
odr7p_1oct_10percent_JNL_10off_20on_20off,70,6.901,20722800,-19.67125584359169
odr7p_1oct_10percent_JNL_10off_20on_20off,71,7.001,20705000,-19.740254803480514
odr7p_1oct_10percent_JNL_10off_20on_20off,72,7.101,20399000,-20.926416698198455
odr7p_1oct_10percent_JNL_10off_20on_20off,73,7.201,20593000,-20.174405562331525
odr7p_1oct_10percent_JNL_10off_20on_20off,74,7.301,20567000.000000004,-20.275190559921924
odr7p_1oct_10percent_JNL_10off_20on_20off,75,7.401,20371300,-21.033791484092855
odr7p_1oct_10percent_JNL_10off_20on_20off,76,7.501,20047400,-22.289339973305736
odr7p_1oct_10percent_JNL_10off_20on_20off,77,7.601,20396200.000000004,-20.937270467169718
odr7p_1oct_10percent_JNL_10off_20on_20off,78,7.701,19953000,-22.65526704148016
odr7p_1oct_10percent_JNL_10off_20on_20off,79,7.801,20230900,-21.57803047108109
odr7p_1oct_10percent_JNL_10off_20on_20off,80,7.901,19913300,-22.809157980108598
odr7p_1oct_10percent_JNL_10off_20on_20off,81,8.001,19746200,-23.456895406930062
odr7p_1oct_10percent_JNL_10off_20on_20off,82,8.101,19564800,-24.16006458242625
odr7p_1oct_10percent_JNL_10off_20on_20off,83,8.201,19260700,-25.33886141962797
odr7p_1oct_10percent_JNL_10off_20on_20off,84,8.311,19453100,-24.593052437458912
odr7p_1oct_10percent_JNL_10off_20on_20off,85,8.401,19177200,-25.662536315735647
odr7p_1oct_10percent_JNL_10off_20on_20off,86,8.501,19389800,-24.83842514313096
odr7p_1oct_10percent_JNL_10off_20on_20off,87,8.601,19124800,-25.86565684934094
odr7p_1oct_10percent_JNL_10off_20on_20off,88,8.701,18874600,-26.835518633845606
odr7p_1oct_10percent_JNL_10off_20on_20off,89,8.801,18909300,-26.701009425523015
odr7p_1oct_10percent_JNL_10off_20on_20off,90,8.901,18868300,-26.859939614030974
odr7p_1oct_10percent_JNL_10off_20on_20off,91,9.001,18836600,-26.982819784170058
odr7p_1oct_10percent_JNL_10off_20on_20off,92,9.101,18903300,-26.724267501890036
odr7p_1oct_10percent_JNL_10off_20on_20off,93,9.201,18763900,-27.264630142817097
odr7p_1oct_10percent_JNL_10off_20on_20off,94,9.301,18808100,-27.093295646913397
odr7p_1oct_10percent_JNL_10off_20on_20off,95,9.401,18392600,-28.703917435329423
odr7p_1oct_10percent_JNL_10off_20on_20off,96,9.501,18326200,-28.961306813791094
odr7p_1oct_10percent_JNL_10off_20on_20off,97,9.611,18305800,-29.040384273438956
odr7p_1oct_10percent_JNL_10off_20on_20off,98,9.711,18412000,-28.62871632174273
odr7p_1oct_10percent_JNL_10off_20on_20off,99,9.811,17961700,-30.374234953087466
odr7p_1oct_10percent_JNL_10off_20on_20off,100,9.911,15847500.000000002,-38.569605795612524
odr7p_1oct_10percent_JNL_10off_20on_20off,101,10.011,15505600,-39.894928513926466
odr7p_1oct_10percent_JNL_10off_20on_20off,102,10.101,15374500,-40.40311748254582
odr7p_1oct_10percent_JNL_10off_20on_20off,103,10.211,15019600,-41.77883269965496
odr7p_1oct_10percent_JNL_10off_20on_20off,104,10.301,15101100,-41.462910495669625
odr7p_1oct_10percent_JNL_10off_20on_20off,105,10.411,14746600,-42.8370751743543
odr7p_1oct_10percent_JNL_10off_20on_20off,106,10.501,14382100,-44.25000331365067
odr7p_1oct_10percent_JNL_10off_20on_20off,107,10.601,14548600,-43.6045916944659
odr7p_1oct_10percent_JNL_10off_20on_20off,108,10.701,14155100,-45.129933869536195
odr7p_1oct_10percent_JNL_10off_20on_20off,109,10.801,14407000,-44.15348229672754
odr7p_1oct_10percent_JNL_10off_20on_20off,110,10.901,14087600,-45.39158722866516
odr7p_1oct_10percent_JNL_10off_20on_20off,111,11.011,14044400,-45.55904537850769
odr7p_1oct_10percent_JNL_10off_20on_20off,112,11.101,13866200,-46.249810246608135
odr7p_1oct_10percent_JNL_10off_20on_20off,113,11.211,13835200,-46.369976974504404
odr7p_1oct_10percent_JNL_10off_20on_20off,114,11.311,13633300,-47.15261124425457
odr7p_1oct_10percent_JNL_10off_20on_20off,115,11.411,13470400,-47.78406801761912
odr7p_1oct_10percent_JNL_10off_20on_20off,116,11.511,14026800,-45.62726906918428
odr7p_1oct_10percent_JNL_10off_20on_20off,117,11.611,13773600,-46.60875989187245
odr7p_1oct_10percent_JNL_10off_20on_20off,118,11.711,13428600,-47.94609928297602
odr7p_1oct_10percent_JNL_10off_20on_20off,119,11.801,13459900,-47.824769651261406
odr7p_1oct_10percent_JNL_10off_20on_20off,120,11.911,13621500,-47.198352127776374
odr7p_1oct_10percent_JNL_10off_20on_20off,121,12.011,13455500,-47.84182557393055
odr7p_1oct_10percent_JNL_10off_20on_20off,122,12.111,13506400,-47.644519559417006
odr7p_1oct_10percent_JNL_10off_20on_20off,123,12.211,12733600,-50.640159795488984
odr7p_1oct_10percent_JNL_10off_20on_20off,124,12.301,13098300,-49.22645638698038
odr7p_1oct_10percent_JNL_10off_20on_20off,125,12.411,13346400,-48.26473492920417
odr7p_1oct_10percent_JNL_10off_20on_20off,126,12.511,13115100,-49.161333773152734
odr7p_1oct_10percent_JNL_10off_20on_20off,127,12.611,12620600,-51.07818690040117
odr7p_1oct_10percent_JNL_10off_20on_20off,128,12.711,12702800,-50.75955125417302
odr7p_1oct_10percent_JNL_10off_20on_20off,129,12.811,12517400,-51.47822581391388
odr7p_1oct_10percent_JNL_10off_20on_20off,130,12.911,12888400,-50.04010142521991
odr7p_1oct_10percent_JNL_10off_20on_20off,131,13.011,12682800,-50.837078175396414
odr7p_1oct_10percent_JNL_10off_20on_20off,132,13.111,12519600,-51.46969785257931
odr7p_1oct_10percent_JNL_10off_20on_20off,133,13.211,12485700,-51.601105984052964
odr7p_1oct_10percent_JNL_10off_20on_20off,134,13.311,12661900,-50.91809380807486
odr7p_1oct_10percent_JNL_10off_20on_20off,135,13.411,12776000,-50.47580272249539
odr7p_1oct_10percent_JNL_10off_20on_20off,136,13.511,12216700,-52.64384307450762
odr7p_1oct_10percent_JNL_10off_20on_20off,137,13.611,12385500,-51.98951585938217
odr7p_1oct_10percent_JNL_10off_20on_20off,138,13.711,12035700,-53.34546171157935
odr7p_1oct_10percent_JNL_10off_20on_20off,139,13.811,12182400,-52.776801744405745
odr7p_1oct_10percent_JNL_10off_20on_20off,140,13.911,12136800,-52.95356312479509
odr7p_1oct_10percent_JNL_10off_20on_20off,141,14.011,12090500,-53.13303794742724
odr7p_1oct_10percent_JNL_10off_20on_20off,142,14.111,12046600,-53.303209539512594
odr7p_1oct_10percent_JNL_10off_20on_20off,143,14.211,12129600,-52.98147281643551
odr7p_1oct_10percent_JNL_10off_20on_20off,144,14.311,11849800,-54.06607444435081
odr7p_1oct_10percent_JNL_10off_20on_20off,145,14.411,12010500,-53.44314563232082
odr7p_1oct_10percent_JNL_10off_20on_20off,146,14.511,11903200,-53.85907756468434
odr7p_1oct_10percent_JNL_10off_20on_20off,147,14.611,11893200,-53.89784102529603
odr7p_1oct_10percent_JNL_10off_20on_20off,148,14.711,11879000,-53.952885139364646
odr7p_1oct_10percent_JNL_10off_20on_20off,149,14.811,11608900,-54.999886210486594
odr7p_1oct_10percent_JNL_10off_20on_20off,150,14.911,11988100,-53.529975784091036
odr7p_1oct_10percent_JNL_10off_20on_20off,151,15.011,11315300,-56.13798141404603
odr7p_1oct_10percent_JNL_10off_20on_20off,152,15.111,11252200.000000002,-56.38257885050584
odr7p_1oct_10percent_JNL_10off_20on_20off,153,15.211,11593600,-55.05919430522249
odr7p_1oct_10percent_JNL_10off_20on_20off,154,15.311,11643400,-54.86615227137624
odr7p_1oct_10percent_JNL_10off_20on_20off,155,15.411,11621500,-54.95104425011586
odr7p_1oct_10percent_JNL_10off_20on_20off,156,15.511,11126900,-56.86828501197041
odr7p_1oct_10percent_JNL_10off_20on_20off,157,15.611,11380500,-55.88524365085776
odr7p_1oct_10percent_JNL_10off_20on_20off,158,15.711,11452700,-55.605371465241305
odr7p_1oct_10percent_JNL_10off_20on_20off,159,15.811,11122700,-56.884565665427324
odr7p_1oct_10percent_JNL_10off_20on_20off,160,15.911,11185900,-56.63958059436139
odr7p_1oct_10percent_JNL_10off_20on_20off,161,16.011,11013500,-57.30786265530706
odr7p_1oct_10percent_JNL_10off_20on_20off,162,16.111,11430300,-55.692201617011506
odr7p_1oct_10percent_JNL_10off_20on_20off,163,16.211,10860500,-57.90094360266603
odr7p_1oct_10percent_JNL_10off_20on_20off,164,16.311,10876100,-57.84047260411178
odr7p_1oct_10percent_JNL_10off_20on_20off,165,16.411,11159100,-56.74346666880075
odr7p_1oct_10percent_JNL_10off_20on_20off,166,16.511,11128300,-56.86285812748477
odr7p_1oct_10percent_JNL_10off_20on_20off,167,16.611,10760400.000000002,-58.28896584338911
odr7p_1oct_10percent_JNL_10off_20on_20off,168,16.711,10713900,-58.46921593523351
odr7p_1oct_10percent_JNL_10off_20on_20off,169,16.811,10788600,-58.179652884464126
odr7p_1oct_10percent_JNL_10off_20on_20off,170,16.911,10559200,-59.06888667089647
odr7p_1oct_10percent_JNL_10off_20on_20off,171,17.011,10162800,-60.605470249544155
odr7p_1oct_10percent_JNL_10off_20on_20off,172,17.111,10597600,-58.92003498214755
odr7p_1oct_10percent_JNL_10off_20on_20off,173,17.211,10279100.000000002,-60.154651202630106
odr7p_1oct_10percent_JNL_10off_20on_20off,174,17.311,10272500,-60.180235086633836
odr7p_1oct_10percent_JNL_10off_20on_20off,175,17.411,9958850,-61.396051028719725
odr7p_1oct_10percent_JNL_10off_20on_20off,176,17.511,9880380,-61.700227904139716
odr7p_1oct_10percent_JNL_10off_20on_20off,177,17.611,9785690,-62.06727911267188
odr7p_1oct_10percent_JNL_10off_20on_20off,178,17.711,10057000,-61.01558766281592
odr7p_1oct_10percent_JNL_10off_20on_20off,179,17.811,9968660,-61.35802407385965
odr7p_1oct_10percent_JNL_10off_20on_20off,180,17.911,9611810,-62.74129816578807
odr7p_1oct_10percent_JNL_10off_20on_20off,181,18.011,9963800,-61.37686311571694
odr7p_1oct_10percent_JNL_10off_20on_20off,182,18.111,9586850,-62.838051763474866
odr7p_1oct_10percent_JNL_10off_20on_20off,183,18.211,9757290,-62.1773673408091
odr7p_1oct_10percent_JNL_10off_20on_20off,184,18.311,9406160,-63.53846873326763
odr7p_1oct_10percent_JNL_10off_20on_20off,185,18.411,9535040,-63.03888525290407
odr7p_1oct_10percent_JNL_10off_20on_20off,186,18.511,9614140,-62.73226627946554
odr7p_1oct_10percent_JNL_10off_20on_20off,187,18.611,9653720,-62.57884050236445
odr7p_1oct_10percent_JNL_10off_20on_20off,188,18.711,9732870,-62.27202771162287
odr7p_1oct_10percent_JNL_10off_20on_20off,189,18.811,9515970,-63.11280717229057
odr7p_1oct_10percent_JNL_10off_20on_20off,190,18.911,9451900,-63.36116466442972
odr7p_1oct_10percent_JNL_10off_20on_20off,191,19.011,9771610,-62.12185806521314
odr7p_1oct_10percent_JNL_10off_20on_20off,192,19.111,9636060,-62.647296773804705
odr7p_1oct_10percent_JNL_10off_20on_20off,193,19.211,9863970,-61.763838743003504
odr7p_1oct_10percent_JNL_10off_20on_20off,194,19.311,9679320,-62.4796060431985
odr7p_1oct_10percent_JNL_10off_20on_20off,195,19.411,9713480,-62.34719006174895
odr7p_1oct_10percent_JNL_10off_20on_20off,196,19.511,9540510,-63.01768163994947
odr7p_1oct_10percent_JNL_10off_20on_20off,197,19.611,9462200,-63.321238299999685
odr7p_1oct_10percent_JNL_10off_20on_20off,198,19.711,9112320,-64.67749425988175
odr7p_1oct_10percent_JNL_10off_20on_20off,199,19.811,9183000,-64.40351412027827
odr7p_1oct_10percent_JNL_10off_20on_20off,200,19.911,8891900,-65.53191845868479
odr7p_1oct_10percent_JNL_10off_20on_20off,201,20.011,9027330,-65.00694491162056
odr7p_1oct_10percent_JNL_10off_20on_20off,202,20.111,9322970,-63.86094196209634
odr7p_1oct_10percent_JNL_10off_20on_20off,203,20.211,9155220,-64.51119901385756
odr7p_1oct_10percent_JNL_10off_20on_20off,204,20.311,9129840,-64.60958067689006
odr7p_1oct_10percent_JNL_10off_20on_20off,205,20.411,8981190,-65.18579951888293
odr7p_1oct_10percent_JNL_10off_20on_20off,206,20.511,8950330,-65.30542355833063
odr7p_1oct_10percent_JNL_10off_20on_20off,207,20.611,8985380,-65.16955762888664
odr7p_1oct_10percent_JNL_10off_20on_20off,208,20.71,8297160,-67.83733651510488
odr7p_1oct_10percent_JNL_10off_20on_20off,209,20.811,8631780,-66.54023359611625
odr7p_1oct_10percent_JNL_10off_20on_20off,210,20.911,8547680,-66.86623429986062
odr7p_1oct_10percent_JNL_10off_20on_20off,211,21.01,8324949.999999999,-67.72961285806497
odr7p_1oct_10percent_JNL_10off_20on_20off,212,21.11,8437290,-67.29414414155316
odr7p_1oct_10percent_JNL_10off_20on_20off,213,21.21,8666150,-66.40700358199385
odr7p_1oct_10percent_JNL_10off_20on_20off,214,21.311,8791790,-65.91997946286848
odr7p_1oct_10percent_JNL_10off_20on_20off,215,21.41,8611970,-66.61702401158803
odr7p_1oct_10percent_JNL_10off_20on_20off,216,21.51,8712190,-66.2285366093376
odr7p_1oct_10percent_JNL_10off_20on_20off,217,21.61,8603590,-66.64950779158063
odr7p_1oct_10percent_JNL_10off_20on_20off,218,21.71,8343170.000000001,-67.65898583283045
odr7p_1oct_10percent_JNL_10off_20on_20off,219,21.81,8434290,-67.30577317973666
odr7p_1oct_10percent_JNL_10off_20on_20off,220,21.91,8450010,-67.24483701965508
odr7p_1oct_10percent_JNL_10off_20on_20off,221,22.01,7959080,-69.14785159146514
odr7p_1oct_10percent_JNL_10off_20on_20off,222,22.11,8326680,-67.72290677937914
odr7p_1oct_10percent_JNL_10off_20on_20off,223,22.21,7954010,-69.16750466599527
odr7p_1oct_10percent_JNL_10off_20on_20off,224,22.31,8184150.000000001,-68.27540238347767
odr7p_1oct_10percent_JNL_10off_20on_20off,225,22.411,7790480,-69.80140353737836
odr7p_1oct_10percent_JNL_10off_20on_20off,226,22.511,7740270,-69.99603487310969
odr7p_1oct_10percent_JNL_10off_20on_20off,227,22.61,8270709.999999999,-67.93986586842281
odr7p_1oct_10percent_JNL_10off_20on_20off,228,22.71,8164149.999999999,-68.35292930470106
odr7p_1oct_10percent_JNL_10off_20on_20off,229,22.81,8178950,-68.29555938299575
odr7p_1oct_10percent_JNL_10off_20on_20off,230,22.911,7771240,-69.87598443559526
odr7p_1oct_10percent_JNL_10off_20on_20off,231,23.01,7930630,-69.25813363690541
odr7p_1oct_10percent_JNL_10off_20on_20off,232,23.11,7741400,-69.99165460206058
odr7p_1oct_10percent_JNL_10off_20on_20off,233,23.21,8091160,-68.63586380370585
odr7p_1oct_10percent_JNL_10off_20on_20off,234,23.31,7919190,-69.3024790358452
odr7p_1oct_10percent_JNL_10off_20on_20off,235,23.41,7989300,-69.03070841349658
odr7p_1oct_10percent_JNL_10off_20on_20off,236,23.51,7795050,-69.78368863587882
odr7p_1oct_10percent_JNL_10off_20on_20off,237,23.611,7576340,-70.63148428291724
odr7p_1oct_10percent_JNL_10off_20on_20off,238,23.71,7784510,-69.82454532336354
odr7p_1oct_10percent_JNL_10off_20on_20off,239,23.81,7804770,-69.74601055216424
odr7p_1oct_10percent_JNL_10off_20on_20off,240,23.91,7921780,-69.29243929954677
odr7p_1oct_10percent_JNL_10off_20on_20off,241,24.01,8025240,-68.89139253605815
odr7p_1oct_10percent_JNL_10off_20on_20off,242,24.111,7365280,-71.44962588258772
odr7p_1oct_10percent_JNL_10off_20on_20off,243,24.211,7569970,-70.6561766073269
odr7p_1oct_10percent_JNL_10off_20on_20off,244,24.31,7091610,-72.51046550914806
odr7p_1oct_10percent_JNL_10off_20on_20off,245,24.41,7803770,-69.74988689822541
odr7p_1oct_10percent_JNL_10off_20on_20off,246,24.511,7145640,-72.30102653146305
odr7p_1oct_10percent_JNL_10off_20on_20off,247,24.61,7522830,-70.83890756065043
odr7p_1oct_10percent_JNL_10off_20on_20off,248,24.71,7277410,-71.79024041098272
odr7p_1oct_10percent_JNL_10off_20on_20off,249,24.81,6784690,-73.70019364224227
odr7p_1oct_10percent_JNL_10off_20on_20off,250,24.911,7374780,-71.41280059500662
odr7p_1oct_10percent_JNL_10off_20on_20off,251,25.01,7494630,-70.94822051957543
odr7p_1oct_10percent_JNL_10off_20on_20off,252,25.11,7455600,-71.09951430634288
odr7p_1oct_10percent_JNL_10off_20on_20off,253,25.21,7012010,-72.81902265561716
odr7p_1oct_10percent_JNL_10off_20on_20off,254,25.31,6826450,-73.53831743072782
odr7p_1oct_10percent_JNL_10off_20on_20off,255,25.41,6938580,-73.10366274688886
odr7p_1oct_10percent_JNL_10off_20on_20off,256,25.51,6526800,-74.69986452795735
odr7p_1oct_10percent_JNL_10off_20on_20off,257,25.61,6722730,-73.94037204419234
odr7p_1oct_10percent_JNL_10off_20on_20off,258,25.71,6643400,-74.24788257722494
odr7p_1oct_10percent_JNL_10off_20on_20off,259,25.811,6645280,-74.24059504662995
odr7p_1oct_10percent_JNL_10off_20on_20off,260,25.911,6644460,-74.2437736504001
odr7p_1oct_10percent_JNL_10off_20on_20off,261,26.01,6302340,-75.5699491648475
odr7p_1oct_10percent_JNL_10off_20on_20off,262,26.11,6221400,-75.88370061503858
odr7p_1oct_10percent_JNL_10off_20on_20off,263,26.21,6150160,-76.1598515084363
odr7p_1oct_10percent_JNL_10off_20on_20off,264,26.31,5929300,-77.01598129950625
odr7p_1oct_10percent_JNL_10off_20on_20off,265,26.41,6175660,-76.06100468387648
odr7p_1oct_10percent_JNL_10off_20on_20off,266,26.51,6368740,-75.31255978638582
odr7p_1oct_10percent_JNL_10off_20on_20off,267,26.61,6033100,-76.61361657835684
odr7p_1oct_10percent_JNL_10off_20on_20off,268,26.71,6376260,-75.28340966400583
odr7p_1oct_10percent_JNL_10off_20on_20off,269,26.81,5996240,-76.75649869417155
odr7p_1oct_10percent_JNL_10off_20on_20off,270,26.91,6359010,-75.35027663356101
odr7p_1oct_10percent_JNL_10off_20on_20off,271,27.01,6004880,-76.72300706420305
odr7p_1oct_10percent_JNL_10off_20on_20off,272,27.11,6354300,-75.36853422350912
odr7p_1oct_10percent_JNL_10off_20on_20off,273,27.21,5907480,-77.10056317056097
odr7p_1oct_10percent_JNL_10off_20on_20off,274,27.31,5974200,-76.84193336135974
odr7p_1oct_10percent_JNL_10off_20on_20off,275,27.41,5924690,-77.03385125484826
odr7p_1oct_10percent_JNL_10off_20on_20off,276,27.51,6255860,-75.75012172977067
odr7p_1oct_10percent_JNL_10off_20on_20off,277,27.61,5424310,-78.97349729693636
odr7p_1oct_10percent_JNL_10off_20on_20off,278,27.71,5554750,-78.46786671671738
odr7p_1oct_10percent_JNL_10off_20on_20off,279,27.81,5468230,-78.80324817792979
odr7p_1oct_10percent_JNL_10off_20on_20off,280,27.91,5501330,-78.67494112330506
odr7p_1oct_10percent_JNL_10off_20on_20off,281,28.01,5562250,-78.43879412125861
odr7p_1oct_10percent_JNL_10off_20on_20off,282,28.11,5142930,-80.0642235516283
odr7p_1oct_10percent_JNL_10off_20on_20off,283,28.21,5289070,-79.49773433824896
odr7p_1oct_10percent_JNL_10off_20on_20off,284,28.31,5296710,-79.46811905434163
odr7p_1oct_10percent_JNL_10off_20on_20off,285,28.41,5103840,-80.21574991915944
odr7p_1oct_10percent_JNL_10off_20on_20off,286,28.51,5049640,-80.42584787567483
odr7p_1oct_10percent_JNL_10off_20on_20off,287,28.61,5292740,-79.48350814820446
odr7p_1oct_10percent_JNL_10off_20on_20off,288,28.71,5515400,-78.6204009342244
odr7p_1oct_10percent_JNL_10off_20on_20off,289,28.81,5308790,-79.42129279392269
odr7p_1oct_10percent_JNL_10off_20on_20off,290,28.91,5044040,-80.44755541361738
odr7p_1oct_10percent_JNL_10off_20on_20off,291,29.01,5094950,-80.25021063564323
odr7p_1oct_10percent_JNL_10off_20on_20off,292,29.11,5318050,-79.38539782939625
odr7p_1oct_10percent_JNL_10off_20on_20off,293,29.21,5247770,-79.65782743057527
odr7p_1oct_10percent_JNL_10off_20on_20off,294,29.31,5428370,-78.95775933192802
odr7p_1oct_10percent_JNL_10off_20on_20off,295,29.41,5184890,-79.90157207090162
odr7p_1oct_10percent_JNL_10off_20on_20off,296,29.51,5386690,-79.11932543575757
odr7p_1oct_10percent_JNL_10off_20on_20off,297,29.61,5348290,-79.2681771245065
odr7p_1oct_10percent_JNL_10off_20on_20off,298,29.71,5200950,-79.83931795315924
odr7p_1oct_10percent_JNL_10off_20on_20off,299,29.81,5349420,-79.26379685345736
odr7p_1oct_10percent_JNL_10off_20on_20off,300,29.911,6158200,-76.1286856861045
odr7p_1oct_10percent_JNL_10off_20on_20off,301,30.01,6599900,-74.41650363088583
odr7p_1oct_10percent_JNL_10off_20on_20off,302,30.11,6785510,-73.69701503847212
odr7p_1oct_10percent_JNL_10off_20on_20off,303,30.211,7041590,-72.70436033912776
odr7p_1oct_10percent_JNL_10off_20on_20off,304,30.31,7215680,-72.02952725333873
odr7p_1oct_10percent_JNL_10off_20on_20off,305,30.41,7308940,-71.66801921967402
odr7p_1oct_10percent_JNL_10off_20on_20off,306,30.51,7189540,-72.1308549393777
odr7p_1oct_10percent_JNL_10off_20on_20off,307,30.61,7105160,-72.4579410200192
odr7p_1oct_10percent_JNL_10off_20on_20off,308,30.71,6986290,-72.91872227631046
odr7p_1oct_10percent_JNL_10off_20on_20off,309,30.81,7226190,-71.98878685623583
odr7p_1oct_10percent_JNL_10off_20on_20off,310,30.91,6966480,-72.99551269178222
odr7p_1oct_10percent_JNL_10off_20on_20off,311,31.01,7230670,-71.9714208258818
odr7p_1oct_10percent_JNL_10off_20on_20off,312,31.11,7224720,-71.99448508494575
odr7p_1oct_10percent_JNL_10off_20on_20off,313,31.21,7287580,-71.75081797154061
odr7p_1oct_10percent_JNL_10off_20on_20off,314,31.31,7221320,-72.00766466155373
odr7p_1oct_10percent_JNL_10off_20on_20off,315,31.41,7389490,-71.3557795444468
odr7p_1oct_10percent_JNL_10off_20on_20off,316,31.51,7141280,-72.31792740028975
odr7p_1oct_10percent_JNL_10off_20on_20off,317,31.61,6946610,-73.07253568801767
odr7p_1oct_10percent_JNL_10off_20on_20off,318,31.71,7058120,-72.64028433873662
odr7p_1oct_10percent_JNL_10off_20on_20off,319,31.81,7167450,-72.21648342386894
odr7p_1oct_10percent_JNL_10off_20on_20off,320,31.91,6898980,-73.25716605091118
odr7p_1oct_10percent_JNL_10off_20on_20off,321,32.01,7021820,-72.78099570075709
odr7p_1oct_10percent_JNL_10off_20on_20off,322,32.11,7019060,-72.79169441588593
odr7p_1oct_10percent_JNL_10off_20on_20off,323,32.21,6976030,-72.95849358689806
odr7p_1oct_10percent_JNL_10off_20on_20off,324,32.31,6594570,-74.43716455539186
odr7p_1oct_10percent_JNL_10off_20on_20off,325,32.41,7075250,-72.57388253070879
odr7p_1oct_10percent_JNL_10off_20on_20off,326,32.51,6558460,-74.5771394116607
odr7p_1oct_10percent_JNL_10off_20on_20off,327,32.61,6268700,-75.70034944634526
odr7p_1oct_10percent_JNL_10off_20on_20off,328,32.71,6862840,-73.39725719756186
odr7p_1oct_10percent_JNL_10off_20on_20off,329,32.81,6534200,-74.67117956710469
odr7p_1oct_10percent_JNL_10off_20on_20off,330,32.91,6419240,-75.11680431029674
odr7p_1oct_10percent_JNL_10off_20on_20off,331,33.01,6035310,-76.60504985356165
odr7p_1oct_10percent_JNL_10off_20on_20off,332,33.11,6531900,-74.68009516304537
odr7p_1oct_10percent_JNL_10off_20on_20off,333,33.21,5808480,-77.48432143061679
odr7p_1oct_10percent_JNL_10off_20on_20off,334,33.31,6446030,-75.01295699931802
odr7p_1oct_10percent_JNL_10off_20on_20off,335,33.41,6359570,-75.34810587976675
odr7p_1oct_10percent_JNL_10off_20on_20off,336,33.51,6322940,-75.4900964359874
odr7p_1oct_10percent_JNL_10off_20on_20off,337,33.61,6291860,-75.61057327156855
odr7p_1oct_10percent_JNL_10off_20on_20off,338,33.71,6191860,-75.99820787768553
odr7p_1oct_10percent_JNL_10off_20on_20off,339,33.81,6031260,-76.62074905510939
odr7p_1oct_10percent_JNL_10off_20on_20off,340,33.91,6179930,-76.04445268619529
odr7p_1oct_10percent_JNL_10off_20on_20off,341,34.01,6064600,-76.49151167743
odr7p_1oct_10percent_JNL_10off_20on_20off,342,34.11,6063650,-76.4951942061881
odr7p_1oct_10percent_JNL_10off_20on_20off,343,34.21,6119830,-76.27742108447158
odr7p_1oct_10percent_JNL_10off_20on_20off,344,34.31,6293910,-75.60262676214316
odr7p_1oct_10percent_JNL_10off_20on_20off,345,34.41,6529310,-74.6901348993438
odr7p_1oct_10percent_JNL_10off_20on_20off,346,34.51,6347760,-75.39388552674916
odr7p_1oct_10percent_JNL_10off_20on_20off,347,34.61,6133380,-76.22489659534274
odr7p_1oct_10percent_JNL_10off_20on_20off,348,34.71,6244950,-75.79241266529803
odr7p_1oct_10percent_JNL_10off_20on_20off,349,34.81,5995250,-76.76033627677211
odr7p_1oct_10percent_JNL_10off_20on_20off,350,34.91,6073290,-76.45782623015842
odr7p_1oct_10percent_JNL_10off_20on_20off,351,35.01,6022040,-76.65648896579337
odr7p_1oct_10percent_JNL_10off_20on_20off,352,35.11,6014560,-76.68548403433093
odr7p_1oct_10percent_JNL_10off_20on_20off,353,35.21,5711840,-77.85893151396822
odr7p_1oct_10percent_JNL_10off_20on_20off,354,35.31,6229540,-75.85214715810065
odr7p_1oct_10percent_JNL_10off_20on_20off,355,35.41,5901610,-77.12331732194005
odr7p_1oct_10percent_JNL_10off_20on_20off,356,35.51,5959620,-76.8984504869316
odr7p_1oct_10percent_JNL_10off_20on_20off,357,35.61,6157760,-76.1303912783714
odr7p_1oct_10percent_JNL_10off_20on_20off,358,35.71,6185390,-76.02328783670129
odr7p_1oct_10percent_JNL_10off_20on_20off,359,35.81,5965800,-76.87449466827357
odr7p_1oct_10percent_JNL_10off_20on_20off,360,35.91,5986950,-76.79250994907983
odr7p_1oct_10percent_JNL_10off_20on_20off,361,36.01,5650600,-78.09631894675427
odr7p_1oct_10percent_JNL_10off_20on_20off,362,36.11,5758090,-77.67965050863913
odr7p_1oct_10percent_JNL_10off_20on_20off,363,36.21,5846610,-77.33651635530438
odr7p_1oct_10percent_JNL_10off_20on_20off,364,36.31,5995420,-76.7596772979417
odr7p_1oct_10percent_JNL_10off_20on_20off,365,36.41,5690350,-77.94223419082277
odr7p_1oct_10percent_JNL_10off_20on_20off,366,36.51,5686360,-77.95770081160683
odr7p_1oct_10percent_JNL_10off_20on_20off,367,36.61,6014630,-76.68521269010664
odr7p_1oct_10percent_JNL_10off_20on_20off,368,36.71,5601360,-78.28719022680626
odr7p_1oct_10percent_JNL_10off_20on_20off,369,36.81,5648970,-78.10263739083398
odr7p_1oct_10percent_JNL_10off_20on_20off,370,36.91,5571360,-78.40348060864135
odr7p_1oct_10percent_JNL_10off_20on_20off,371,37.01,5760290,-77.67112254730455
odr7p_1oct_10percent_JNL_10off_20on_20off,372,37.11,5970870,-76.85484159374343
odr7p_1oct_10percent_JNL_10off_20on_20off,373,37.21,5828660,-77.40609676710237
odr7p_1oct_10percent_JNL_10off_20on_20off,374,37.31,5839860,-77.36268169121728
odr7p_1oct_10percent_JNL_10off_20on_20off,375,37.41,5830800,-77.39780138653147
odr7p_1oct_10percent_JNL_10off_20on_20off,376,37.51,5939980,-76.97458192357296
odr7p_1oct_10percent_JNL_10off_20on_20off,377,37.61,5432880,-78.94027701119214
odr7p_1oct_10percent_JNL_10off_20on_20off,378,37.71,5694850,-77.9247906335475
odr7p_1oct_10percent_JNL_10off_20on_20off,379,37.81,5310650,-79.41408279024891
odr7p_1oct_10percent_JNL_10off_20on_20off,380,37.91,5607180,-78.26462989273026
odr7p_1oct_10percent_JNL_10off_20on_20off,381,38.01,4843670,-81.22425887389396
odr7p_1oct_10percent_JNL_10off_20on_20off,382,38.11,5248360,-79.65554038639918
odr7p_1oct_10percent_JNL_10off_20on_20off,383,38.21,5427990,-78.95923234343127
odr7p_1oct_10percent_JNL_10off_20on_20off,384,38.31,5403740,-79.05323373541462
odr7p_1oct_10percent_JNL_10off_20on_20off,385,38.41,5070130,-80.34642154488147
odr7p_1oct_10percent_JNL_10off_20on_20off,386,38.51,5422890,-78.97900170834322
odr7p_1oct_10percent_JNL_10off_20on_20off,387,38.61,5184140,-79.9044793304475
odr7p_1oct_10percent_JNL_10off_20on_20off,388,38.71,5226140,-79.74167279587837
odr7p_1oct_10percent_JNL_10off_20on_20off,389,38.81,5170930,-79.95568586191555
odr7p_1oct_10percent_JNL_10off_20on_20off,390,38.91,5153590,-80.02290170261624
odr7p_1oct_10percent_JNL_10off_20on_20off,391,39.01,4843850,-81.22356113160295
odr7p_1oct_10percent_JNL_10off_20on_20off,392,39.11,5132500,-80.1046538410463
odr7p_1oct_10percent_JNL_10off_20on_20off,393,39.21,4823100,-81.30399531237222
odr7p_1oct_10percent_JNL_10off_20on_20off,394,39.31,4821910,-81.30860816418502
odr7p_1oct_10percent_JNL_10off_20on_20off,395,39.41,4891200,-81.04001614560656
odr7p_1oct_10percent_JNL_10off_20on_20off,396,39.51,5007180,-80.59043752943211
odr7p_1oct_10percent_JNL_10off_20on_20off,397,39.61,4400280,-82.94299195395601
odr7p_1oct_10percent_JNL_10off_20on_20off,398,39.71,4483640,-82.6198597462969
odr7p_1oct_10percent_JNL_10off_20on_20off,399,39.81,4883430,-81.07013535450184
odr7p_1oct_10percent_JNL_10off_20on_20off,400,39.91,4770020,-81.50975176129911
odr7p_1oct_10percent_JNL_10off_20on_20off,401,40.01,4483560,-82.62016985398179
odr7p_1oct_10percent_JNL_10off_20on_20off,402,40.11,4674340,-81.88064055243184
odr7p_1oct_10percent_JNL_10off_20on_20off,403,40.21,4127259.9999999995,-84.00131195557657
odr7p_1oct_10percent_JNL_10off_20on_20off,404,40.31,4626100,-82.06763548642266
odr7p_1oct_10percent_JNL_10off_20on_20off,405,40.41,4347100,-83.14913603748903
odr7p_1oct_10percent_JNL_10off_20on_20off,406,40.51,4634150,-82.03643090063024
odr7p_1oct_10percent_JNL_10off_20on_20off,407,40.61,4167189.9999999995,-83.84652945735407
odr7p_1oct_10percent_JNL_10off_20on_20off,408,40.71,4835880,-81.25445560971048
odr7p_1oct_10percent_JNL_10off_20on_20off,409,40.81,4903970,-80.99051520640542
odr7p_1oct_10percent_JNL_10off_20on_20off,410,40.91,4820760,-81.31306596215536
odr7p_1oct_10percent_JNL_10off_20on_20off,411,41.01,4196790,-83.73178961394345
odr7p_1oct_10percent_JNL_10off_20on_20off,412,41.11,4766630,-81.52289257444649
odr7p_1oct_10percent_JNL_10off_20on_20off,413,41.21,4398750,-82.94892276342961
odr7p_1oct_10percent_JNL_10off_20on_20off,414,41.31,4377610,-83.03086871916273
odr7p_1oct_10percent_JNL_10off_20on_20off,415,41.41,4763540,-81.53487048377549
odr7p_1oct_10percent_JNL_10off_20on_20off,416,41.51,4756140,-81.56355544462815
odr7p_1oct_10percent_JNL_10off_20on_20off,417,41.61,4965550,-80.7518098159586
odr7p_1oct_10percent_JNL_10off_20on_20off,418,41.71,4831290,-81.27224803813124
odr7p_1oct_10percent_JNL_10off_20on_20off,419,41.81,4142870.0000000005,-83.94080219356171
odr7p_1oct_10percent_JNL_10off_20on_20off,420,41.91,4696210,-81.79586486407405
odr7p_1oct_10percent_JNL_10off_20on_20off,421,42.01,4434250,-82.81131247825809
odr7p_1oct_10percent_JNL_10off_20on_20off,422,42.11,4577310,-82.25676241074713
odr7p_1oct_10percent_JNL_10off_20on_20off,423,42.21,4221390,-83.63643150083867
odr7p_1oct_10percent_JNL_10off_20on_20off,424,42.31,4514220,-82.50132108374633
odr7p_1oct_10percent_JNL_10off_20on_20off,425,42.41,4308160,-83.30008095311096
odr7p_1oct_10percent_JNL_10off_20on_20off,426,42.51,4272400,-83.43869908825839
odr7p_1oct_10percent_JNL_10off_20on_20off,427,42.61,4694920,-81.80086535049296
odr7p_1oct_10percent_JNL_10off_20on_20off,428,42.71,4609660,-82.1313626156683
odr7p_1oct_10percent_JNL_10off_20on_20off,429,42.81,4305330,-83.31105101246408
odr7p_1oct_10percent_JNL_10off_20on_20off,430,42.91,4669560,-81.89916948660422
odr7p_1oct_10percent_JNL_10off_20on_20off,431,43.01,4774620,-81.49192056941773
odr7p_1oct_10percent_JNL_10off_20on_20off,432,43.11,4897350,-81.01617661733037
odr7p_1oct_10percent_JNL_10off_20on_20off,433,43.21,4794430,-81.41513015394595
odr7p_1oct_10percent_JNL_10off_20on_20off,434,43.31,4329240,-83.21836757814151
odr7p_1oct_10percent_JNL_10off_20on_20off,435,43.41,4624190,-82.07503930739949
odr7p_1oct_10percent_JNL_10off_20on_20off,436,43.51,4702200,-81.77264555116764
odr7p_1oct_10percent_JNL_10off_20on_20off,437,43.61,4544110,-82.38545709997797
odr7p_1oct_10percent_JNL_10off_20on_20off,438,43.71,4409610,-82.9068256452053
odr7p_1oct_10percent_JNL_10off_20on_20off,439,43.81,4711660,-81.73597531742898
odr7p_1oct_10percent_JNL_10off_20on_20off,440,43.91,NA,NA
odr7p_1oct_10percent_JNL_10off_20on_20off,441,44.01,4460320,-82.71025613644338
odr7p_1oct_10percent_JNL_10off_20on_20off,442,44.11,4610720,-82.12725368884345
odr7p_1oct_10percent_JNL_10off_20on_20off,443,44.21,4403580,-82.93020001195414
odr7p_1oct_10percent_JNL_10off_20on_20off,444,44.31,4636940,-82.02561589511959
odr7p_1oct_10percent_JNL_10off_20on_20off,445,44.41,4626720,-82.06523215186473
odr7p_1oct_10percent_JNL_10off_20on_20off,446,44.51,4315580,-83.27131846533709
odr7p_1oct_10percent_JNL_10off_20on_20off,447,44.61,4532270,-82.43135303734222
odr7p_1oct_10percent_JNL_10off_20on_20off,448,44.71,4343180,-83.1643313140488
odr7p_1oct_10percent_JNL_10off_20on_20off,449,44.81,5092850,-80.25835096237168
odr7p_1oct_10percent_JNL_10off_20on_20off,450,44.91,4776560,-81.48440045805906
odr7p_1oct_10percent_JNL_10off_20on_20off,451,45.01,4594650,-82.18954657004645
odr7p_1oct_10percent_JNL_10off_20on_20off,452,45.11,4811520,-81.34888339976057
odr7p_1oct_10percent_JNL_10off_20on_20off,453,45.21,4851110,-81.19541885919885
odr7p_1oct_10percent_JNL_10off_20on_20off,454,45.31,4598230,-82.17566925114747
odr7p_1oct_10percent_JNL_10off_20on_20off,455,45.41,4713370,-81.72934676566437
odr7p_1oct_10percent_JNL_10off_20on_20off,456,45.51,4833040,-81.2654644325242
odr7p_1oct_10percent_JNL_10off_20on_20off,457,45.61,4700310,-81.77997184522326
odr7p_1oct_10percent_JNL_10off_20on_20off,458,45.71,NA,NA
odr7p_1oct_10percent_JNL_10off_20on_20off,459,45.81,4333720,-83.20100154778747
odr7p_1oct_10percent_JNL_10off_20on_20off,460,45.91,4699620,-81.78264652400546
odr7p_1oct_10percent_JNL_10off_20on_20off,461,46.01,4553930,-82.34739138165729
odr7p_1oct_10percent_JNL_10off_20on_20off,462,46.11,4389200,-82.98594186831377
odr7p_1oct_10percent_JNL_10off_20on_20off,463,46.21,4727890,-81.6730622208562
odr7p_1oct_10percent_JNL_10off_20on_20off,464,46.31,4889190,-81.04780760118952
odr7p_1oct_10percent_JNL_10off_20on_20off,465,46.41,4857810,-81.16944734058902
odr7p_1oct_10percent_JNL_10off_20on_20off,466,46.51,4464550,-82.69385919260463
odr7p_1oct_10percent_JNL_10off_20on_20off,467,46.61,4440090,-82.78867461726085
odr7p_1oct_10percent_JNL_10off_20on_20off,468,46.71,4633190,-82.04015219284896
odr7p_1oct_10percent_JNL_10off_20on_20off,469,46.81,5083510,-80.29455603458301
odr7p_1oct_10percent_JNL_10off_20on_20off,470,46.91,4740730,-81.62328993743077
odr7p_1oct_10percent_JNL_10off_20on_20off,471,47.01,4556120,-82.33890218378332
odr7p_1oct_10percent_JNL_10off_20on_20off,472,47.11,3992010,-84.52558776034978
odr7p_1oct_10percent_JNL_10off_20on_20off,473,47.21,4194280,-83.74151924255699
odr7p_1oct_10percent_JNL_10off_20on_20off,474,47.31,4463760,-82.69692150599296
odr7p_1oct_10percent_JNL_10off_20on_20off,475,47.41,4361570,-83.09304530998389
odr7p_1oct_10percent_JNL_10off_20on_20off,476,47.51,4249670,-83.52680843422878
odr7p_1oct_10percent_JNL_10off_20on_20off,477,47.61,4341310,-83.1715800811832
odr7p_1oct_10percent_JNL_10off_20on_20off,478,47.71,4363320,-83.08626170437685
odr7p_1oct_10percent_JNL_10off_20on_20off,479,47.81,4404220,-82.927719150475
odr7p_1oct_10percent_JNL_10off_20on_20off,480,47.91,4789970,-81.43241865737878
odr7p_1oct_10percent_JNL_10off_20on_20off,481,48.01,4271250,-83.44315688622873
odr7p_1oct_10percent_JNL_10off_20on_20off,482,48.11,4058099.9999999995,-84.26940004916707
odr7p_1oct_10percent_JNL_10off_20on_20off,483,48.21,4289080,-83.37404163595808
odr7p_1oct_10percent_JNL_10off_20on_20off,484,48.31,4444580,-82.77126982344619
odr7p_1oct_10percent_JNL_10off_20on_20off,485,48.41,4366300,-83.07471019311457
odr7p_1oct_10percent_JNL_10off_20on_20off,486,48.51,4430510,-82.82581001252684
odr7p_1oct_10percent_JNL_10off_20on_20off,487,48.61,4389560,-82.98454638373175
odr7p_1oct_10percent_JNL_10off_20on_20off,488,48.71,4260120,-83.48630061788957
odr7p_1oct_10percent_JNL_10off_20on_20off,489,48.81,4353020,-83.1261880688069
odr7p_1oct_10percent_JNL_10off_20on_20off,490,48.91,4320530,-83.25213055233431
odr7p_1oct_10percent_JNL_10off_20on_20off,491,49.01,4346540,-83.15130679128328
odr7p_1oct_10percent_JNL_10off_20on_20off,492,49.11,4081760,-84.17768570135979
odr7p_1oct_10percent_JNL_10off_20on_20off,493,49.21,4617800,-82.09980915873038
odr7p_1oct_10percent_JNL_10off_20on_20off,494,49.31,4390790,-82.97977847807651
odr7p_1oct_10percent_JNL_10off_20on_20off,495,49.41,4277350,-83.41951117525561
odr7p_1oct_10percent_JNL_10off_20on_20off,496,49.51,4312330,-83.28391659003589
odr7p_1oct_10percent_JNL_10off_20on_20off,497,49.61,4368850,-83.06482551065858
odr7p_1oct_10percent_JNL_10off_20on_20off,498,49.71,4121200,-84.02480261270726
odr7p_1oct_10percent_JNL_10off_20on_20off,499,49.81,4391690,-82.97628976662146
odr7p_1oct_10percent_JNL_10off_20on_20off,500,49.91,4116939.9999999995,-84.04131584692784
odr7p_1oct_10percent_JNL_10off_20on_20off,501,50.01,4218820,-83.64639371021588
odr7p_1oct_10percent_JNL_10off_20on_20off,502,50.11,4210330,-83.6793038882752
odr7p_1oct_10percent_JNL_10off_20on_20off,503,50.21,4774830,-81.49110653674488
odr7p_1oct_10percent_JNL_10off_20on_20off,504,50.31,4235910,-83.58014695603049
odr7p_1oct_10percent_JNL_10off_20on_20off,505,50.41,4473600,-82.65877826075105
odr7p_1oct_10percent_JNL_10off_20on_20off,506,50.509,4614290,-82.11341513340507
odr7p_1oct_10percent_JNL_10off_20on_20off,507,50.609,4671880,-81.89017636374231
odr7p_1oct_10percent_JNL_10off_20on_20off,508,50.71,4306390,-83.30694208563924
odr7p_1oct_10percent_JNL_10off_20on_20off,509,50.809,4239750,-83.56526178715559
odr7p_1oct_10percent_JNL_10off_20on_20off,510,50.91,4546200,-82.37735553671013
odr7p_1oct_10percent_JNL_10off_20on_20off,511,51.01,4407630,-82.91450081040641
odr7p_1oct_10percent_JNL_10off_20on_20off,512,51.109,4399060,-82.94772109615064
odr7p_1oct_10percent_JNL_10off_20on_20off,513,51.209,4290340,-83.36915743992101
odr7p_1oct_10percent_JNL_10off_20on_20off,514,51.309,4472050,-82.66478659714586
odr7p_1oct_10percent_JNL_10off_20on_20off,515,51.409,4549670,-82.36390461587787
odr7p_1oct_10percent_JNL_10off_20on_20off,516,51.509,4326890,-83.22747699138526
odr7p_1oct_10percent_JNL_10off_20on_20off,517,51.609,4584210,-82.23001562292505
odr7p_1oct_10percent_JNL_10off_20on_20off,518,51.709,4236530,-83.57774362147255
odr7p_1oct_10percent_JNL_10off_20on_20off,519,51.809,4199480,-83.7213622430389
odr7p_1oct_10percent_JNL_10off_20on_20off,520,51.909,4044100.0000000005,-84.32366889402346
odr7p_1oct_10percent_JNL_10off_20on_20off,521,52.009,4280830,-83.40602149096273
odr7p_1oct_10percent_JNL_10off_20on_20off,522,52.109,4149200.0000000005,-83.91626492299451
odr7p_1oct_10percent_JNL_10off_20on_20off,523,52.209,3964280,-84.63307883662601
odr7p_1oct_10percent_JNL_10off_20on_20off,524,52.309,3968760,-84.61571280627199
odr7p_1oct_10percent_JNL_10off_20on_20off,525,52.409,4362960,-83.08765718895886
odr7p_1oct_10percent_JNL_10off_20on_20off,526,52.509,3755550,-85.44218854997398
odr7p_1oct_10percent_JNL_10off_20on_20off,527,52.609,3915410,-84.82251586863538
odr7p_1oct_10percent_JNL_10off_20on_20off,528,52.709,4372900,-83.04912630911085
odr7p_1oct_10percent_JNL_10off_20on_20off,529,52.809,4199510,-83.72124595265706
odr7p_1oct_10percent_JNL_10off_20on_20off,530,52.909,4286140,-83.38543809337793
odr7p_1oct_10percent_JNL_10off_20on_20off,531,53.009,4057159.9999999995,-84.27304381446457
odr7p_1oct_10percent_JNL_10off_20on_20off,532,53.109,3506740,-86.40666221345363
odr7p_1oct_10percent_JNL_10off_20on_20off,533,53.21,3913230,-84.83096630304874
odr7p_1oct_10percent_JNL_10off_20on_20off,534,53.309,4033789.9999999995,-84.36363402191411
odr7p_1oct_10percent_JNL_10off_20on_20off,535,53.409,3882590,-84.94973754636298
odr7p_1oct_10percent_JNL_10off_20on_20off,536,53.509,3693700,-85.68194055385733
odr7p_1oct_10percent_JNL_10off_20on_20off,537,53.609,3830060,-85.15336200495622
odr7p_1oct_10percent_JNL_10off_20on_20off,538,53.709,3708870,-85.62313638410937
odr7p_1oct_10percent_JNL_10off_20on_20off,539,53.809,3357790,-86.98404395926485
odr7p_1oct_10percent_JNL_10off_20on_20off,540,53.909,3687540,-85.70581884559412
odr7p_1oct_10percent_JNL_10off_20on_20off,541,54.009,3631970,-85.92122739621334
odr7p_1oct_10percent_JNL_10off_20on_20off,542,54.119,3868530,-85.00423897198303
odr7p_1oct_10percent_JNL_10off_20on_20off,543,54.219,3877300,-84.97024341702655
odr7p_1oct_10percent_JNL_10off_20on_20off,544,54.309,3527350,-86.32677072113292
odr7p_1oct_10percent_JNL_10off_20on_20off,545,54.42,3302080,-87.19999519833263
odr7p_1oct_10percent_JNL_10off_20on_20off,546,54.519,3545980,-86.25455439401333
odr7p_1oct_10percent_JNL_10off_20on_20off,547,54.619,3618580,-85.9731316699724
odr7p_1oct_10percent_JNL_10off_20on_20off,548,54.709,3549510,-86.24087089241739
odr7p_1oct_10percent_JNL_10off_20on_20off,549,54.809,3415220,-86.76142540497189
odr7p_1oct_10percent_JNL_10off_20on_20off,550,54.909,3407560,-86.79111821580044
odr7p_1oct_10percent_JNL_10off_20on_20off,551,55.02,3500680,-86.43015287058431
odr7p_1oct_10percent_JNL_10off_20on_20off,552,55.109,3059100,-88.14186976427565
odr7p_1oct_10percent_JNL_10off_20on_20off,553,55.209,3496410,-86.44670486826551
odr7p_1oct_10percent_JNL_10off_20on_20off,554,55.319,3724690,-85.56181258942168
odr7p_1oct_10percent_JNL_10off_20on_20off,555,55.419,3478500,-86.51613022622105
odr7p_1oct_10percent_JNL_10off_20on_20off,556,55.519,3557230,-86.21094550082516
odr7p_1oct_10percent_JNL_10off_20on_20off,557,55.619,3504180,-86.41658565937021
odr7p_1oct_10percent_JNL_10off_20on_20off,558,55.719,3202820,-87.58476130836434
odr7p_1oct_10percent_JNL_10off_20on_20off,559,55.819,3269530,-87.32617026262369
odr7p_1oct_10percent_JNL_10off_20on_20off,560,55.919,2974760,-88.4688007910747
odr7p_1oct_10percent_JNL_10off_20on_20off,561,56.019,3494920,-86.45248062389665
odr7p_1oct_10percent_JNL_10off_20on_20off,562,56.119,2903390,-88.7454556094604
odr7p_1oct_10percent_JNL_10off_20on_20off,563,56.21,3028670,-88.25982697491705
odr7p_1oct_10percent_JNL_10off_20on_20off,564,56.31,2901070,-88.7544487323223
odr7p_1oct_10percent_JNL_10off_20on_20off,565,56.419,2976120,-88.46352896043152
odr7p_1oct_10percent_JNL_10off_20on_20off,566,56.519,3163960,-87.73539611630139
odr7p_1oct_10percent_JNL_10off_20on_20off,567,56.619,3369550,-86.9384581295855
odr7p_1oct_10percent_JNL_10off_20on_20off,568,56.719,2880970,-88.83236328815181
odr7p_1oct_10percent_JNL_10off_20on_20off,569,56.82,2961360,-88.52074382829439
odr7p_1oct_10percent_JNL_10off_20on_20off,570,56.92,2900630,-88.7561543245892
odr7p_1oct_10percent_JNL_10off_20on_20off,571,57.02,2804760,-89.12777962147356
odr7p_1oct_10percent_JNL_10off_20on_20off,572,57.12,3184410,-87.65612483935047
odr7p_1oct_10percent_JNL_10off_20on_20off,573,57.22,2979930,-88.44876008193845
odr7p_1oct_10percent_JNL_10off_20on_20off,574,57.32,2810090,-89.10711869696752
odr7p_1oct_10percent_JNL_10off_20on_20off,575,57.419,2714130,-89.47909286499737
odr7p_1oct_10percent_JNL_10off_20on_20off,576,57.519,2673900,-89.63503826703823
odr7p_1oct_10percent_JNL_10off_20on_20off,577,57.619,2528210,-90.19978312469004
odr7p_1oct_10percent_JNL_10off_20on_20off,578,57.719,2718610,-89.46172683464333
odr7p_1oct_10percent_JNL_10off_20on_20off,579,57.819,2408340,-90.66444072704246
