stim_jnl,frame,time_s,fluor,dff
odr7p_NaAc_JNL_10off_20on_20off,2,0.1,297264000,12.206810007649146
odr7p_NaAc_JNL_10off_20on_20off,3,0.2,297381000,12.250973434000453
odr7p_NaAc_JNL_10off_20on_20off,4,0.3,295124000,11.399034517120965
odr7p_NaAc_JNL_10off_20on_20off,5,0.4,293066000,10.622211171556948
odr7p_NaAc_JNL_10off_20on_20off,6,0.5,292137000,10.27154601702392
odr7p_NaAc_JNL_10off_20on_20off,7,0.6,290514000,9.658920025842969
odr7p_NaAc_JNL_10off_20on_20off,8,0.7,288569000,8.924750245900299
odr7p_NaAc_JNL_10off_20on_20off,9,0.8,287169000,8.396298990414573
odr7p_NaAc_JNL_10off_20on_20off,10,0.9,286040000,7.970140799383585
odr7p_NaAc_JNL_10off_20on_20off,11,1,283854000,7.145001910460873
odr7p_NaAc_JNL_10off_20on_20off,12,1.1,282116000,6.488967423293593
odr7p_NaAc_JNL_10off_20on_20off,13,1.2,281612000,6.298724971318731
odr7p_NaAc_JNL_10off_20on_20off,14,1.3,279482000,5.494724132615449
odr7p_NaAc_JNL_10off_20on_20off,15,1.4,277667000,4.809624826396454
odr7p_NaAc_JNL_10off_20on_20off,16,1.5,276810000,4.486137165002692
odr7p_NaAc_JNL_10off_20on_20off,17,1.6,276213000,4.260790451056279
odr7p_NaAc_JNL_10off_20on_20off,18,1.7,275002000,3.8036801150611264
odr7p_NaAc_JNL_10off_20on_20off,19,1.8,272499000,2.8588847632891463
odr7p_NaAc_JNL_10off_20on_20off,20,1.9,272327000,2.7939607519008995
odr7p_NaAc_JNL_10off_20on_20off,21,2,270119000,1.9605176289634123
odr7p_NaAc_JNL_10off_20on_20off,22,2.1,268684000,1.4188550920905434
odr7p_NaAc_JNL_10off_20on_20off,23,2.2,268543000,1.365632501359481
odr7p_NaAc_JNL_10off_20on_20off,24,2.3,267517000,0.9783532241249419
odr7p_NaAc_JNL_10off_20on_20off,25,2.4,264108000,-0.3084255829828006
odr7p_NaAc_JNL_10off_20on_20off,26,2.5,263800000,-0.4246848591896603
odr7p_NaAc_JNL_10off_20on_20off,27,2.6,264044000,-0.33258335466214806
odr7p_NaAc_JNL_10off_20on_20off,28,2.7,260811000,-1.552928289651685
odr7p_NaAc_JNL_10off_20on_20off,29,2.8,260600000,-1.6325734431570336
odr7p_NaAc_JNL_10off_20on_20off,30,2.9,260772000,-1.5676494317687872
odr7p_NaAc_JNL_10off_20on_20off,31,3,258458000,-2.441103864050194
odr7p_NaAc_JNL_10off_20on_20off,32,3.1,257878000,-2.6600336698942804
odr7p_NaAc_JNL_10off_20on_20off,33,3.2,255765000.00000003,-3.4576176004952255
odr7p_NaAc_JNL_10off_20on_20off,34,3.3,255389000,-3.5995445091114036
odr7p_NaAc_JNL_10off_20on_20off,35,3.4,254301999.99999997,-4.009849162477831
odr7p_NaAc_JNL_10off_20on_20off,36,3.5,252833000,-4.564345515555343
odr7p_NaAc_JNL_10off_20on_20off,37,3.6,252670000,-4.62587234030118
odr7p_NaAc_JNL_10off_20on_20off,38,3.7,252233000.00000003,-4.790824625049214
odr7p_NaAc_JNL_10off_20on_20off,39,3.8,250636000,-5.393636521485442
odr7p_NaAc_JNL_10off_20on_20off,40,3.9,248044999.99999997,-6.371648809316537
odr7p_NaAc_JNL_10off_20on_20off,41,4,247888999.99999997,-6.430533377784946
odr7p_NaAc_JNL_10off_20on_20off,42,4.1,246448000,-6.974460705752743
odr7p_NaAc_JNL_10off_20on_20off,43,4.2,245744000,-7.240196194225565
odr7p_NaAc_JNL_10off_20on_20off,44,4.3,246024000.00000003,-7.134505943128408
odr7p_NaAc_JNL_10off_20on_20off,45,4.4,244259000,-7.800731990222924
odr7p_NaAc_JNL_10off_20on_20off,46,4.5,242833000,-8.338997340453384
odr7p_NaAc_JNL_10off_20on_20off,47,4.6,242488000,-8.469222828412367
odr7p_NaAc_JNL_10off_20on_20off,48,4.7,240386000,-9.262654642005936
odr7p_NaAc_JNL_10off_20on_20off,49,4.8,238840000,-9.846215814135173
odr7p_NaAc_JNL_10off_20on_20off,50,4.9,238817000,-9.854897513332437
odr7p_NaAc_JNL_10off_20on_20off,51,5,237447000,-10.372024813343469
odr7p_NaAc_JNL_10off_20on_20off,52,5.1,236584000,-10.69777726583217
odr7p_NaAc_JNL_10off_20on_20off,53,5.2,235947000,-10.938222587078176
odr7p_NaAc_JNL_10off_20on_20off,54,5.3,234459999.99999997,-11.499513313440527
odr7p_NaAc_JNL_10off_20on_20off,55,5.4,233700999.99999997,-11.786009386950287
odr7p_NaAc_JNL_10off_20on_20off,56,5.5,232527999.99999997,-12.228776046010829
odr7p_NaAc_JNL_10off_20on_20off,57,5.6,231292000,-12.695323011568213
odr7p_NaAc_JNL_10off_20on_20off,58,5.7,231774000,-12.513384793608129
odr7p_NaAc_JNL_10off_20on_20off,59,5.8,229339000,-13.432512512970801
odr7p_NaAc_JNL_10off_20on_20off,60,5.9,229560000,-13.349092707640557
odr7p_NaAc_JNL_10off_20on_20off,61,6,228026999.99999997,-13.927746832397435
odr7p_NaAc_JNL_10off_20on_20off,62,6.11,227554000,-14.106287863715103
odr7p_NaAc_JNL_10off_20on_20off,63,6.2,226399999.99999997,-14.541882684308346
odr7p_NaAc_JNL_10off_20on_20off,64,6.31,225333000,-14.944638034024956
odr7p_NaAc_JNL_10off_20on_20off,65,6.4,224630999.99999997,-15.209618592132813
odr7p_NaAc_JNL_10off_20on_20off,66,6.5,223118999.99999997,-15.780345948057395
odr7p_NaAc_JNL_10off_20on_20off,67,6.6,222481000.00000003,-16.021168734485865
odr7p_NaAc_JNL_10off_20on_20off,68,6.71,221817999.99999997,-16.27142815047663
odr7p_NaAc_JNL_10off_20on_20off,69,6.8,222106000,-16.162718177919555
odr7p_NaAc_JNL_10off_20on_20off,70,6.9,221301000,-16.466577649823847
odr7p_NaAc_JNL_10off_20on_20off,71,7,220311000,-16.840268180488753
odr7p_NaAc_JNL_10off_20on_20off,72,7.11,220051000,-16.9384091279361
odr7p_NaAc_JNL_10off_20on_20off,73,7.21,221128000,-16.531879126394582
odr7p_NaAc_JNL_10off_20on_20off,74,7.31,222721000,-15.930577090688324
odr7p_NaAc_JNL_10off_20on_20off,75,7.41,221729999.99999997,-16.304645086535732
odr7p_NaAc_JNL_10off_20on_20off,76,7.51,216054000,-18.44713746234785
odr7p_NaAc_JNL_10off_20on_20off,77,7.61,215630000,-18.607182699723527
odr7p_NaAc_JNL_10off_20on_20off,78,7.71,214148000,-19.166586100173415
odr7p_NaAc_JNL_10off_20on_20off,79,7.81,214449999.99999997,-19.052591615061505
odr7p_NaAc_JNL_10off_20on_20off,80,7.91,214677000,-18.966907018636313
odr7p_NaAc_JNL_10off_20on_20off,81,8.01,213337999.99999997,-19.472332897990167
odr7p_NaAc_JNL_10off_20on_20off,82,8.11,212327999.99999997,-19.853572732304873
odr7p_NaAc_JNL_10off_20on_20off,83,8.21,211028000,-20.344277469541606
odr7p_NaAc_JNL_10off_20on_20off,84,8.31,211228999.99999997,-20.268406967861168
odr7p_NaAc_JNL_10off_20on_20off,85,8.41,210670000,-20.479410004872957
odr7p_NaAc_JNL_10off_20on_20off,86,8.51,209550000,-20.902171009261536
odr7p_NaAc_JNL_10off_20on_20off,87,8.61,209378999.99999997,-20.966717555467305
odr7p_NaAc_JNL_10off_20on_20off,88,8.71,208967000,-21.122233210653093
odr7p_NaAc_JNL_10off_20on_20off,89,8.81,208469000.00000003,-21.310210871533002
odr7p_NaAc_JNL_10off_20on_20off,90,8.91,207493000.00000003,-21.678616889643052
odr7p_NaAc_JNL_10off_20on_20off,91,9.01,206528000,-22.042870790745724
odr7p_NaAc_JNL_10off_20on_20off,92,9.11,206260999.99999997,-22.14365399447051
odr7p_NaAc_JNL_10off_20on_20off,93,9.21,206070999.99999997,-22.215372379143577
odr7p_NaAc_JNL_10off_20on_20off,94,9.31,205541999.99999997,-22.415051460680683
odr7p_NaAc_JNL_10off_20on_20off,95,9.41,204934000,-22.64455029163447
odr7p_NaAc_JNL_10off_20on_20off,96,9.51,204543000,-22.792139177987984
odr7p_NaAc_JNL_10off_20on_20off,97,9.61,203833999.99999997,-23.059761992373268
odr7p_NaAc_JNL_10off_20on_20off,98,9.71,202457000.00000003,-23.579531548661706
odr7p_NaAc_JNL_10off_20on_20off,99,9.81,197281000,-25.53329133322894
odr7p_NaAc_JNL_10off_20on_20off,100,9.91,193797000,-26.84838002902342
odr7p_NaAc_JNL_10off_20on_20off,101,10.01,195127000,-26.34635133631198
odr7p_NaAc_JNL_10off_20on_20off,102,10.11,197444000,-25.47176450848311
odr7p_NaAc_JNL_10off_20on_20off,103,10.21,197974000,-25.27170796176351
odr7p_NaAc_JNL_10off_20on_20off,104,10.31,199608000,-24.65492985357517
odr7p_NaAc_JNL_10off_20on_20off,105,10.41,198780000,-24.967471024676726
odr7p_NaAc_JNL_10off_20on_20off,106,10.51,200545999.99999997,-24.300867512399744
odr7p_NaAc_JNL_10off_20on_20off,107,10.61,200841000,-24.189515283565242
odr7p_NaAc_JNL_10off_20on_20off,108,10.71,201767000,-23.839982524579682
odr7p_NaAc_JNL_10off_20on_20off,109,10.81,202034000,-23.739199320854905
odr7p_NaAc_JNL_10off_20on_20off,110,10.91,202237000,-23.662573888809472
odr7p_NaAc_JNL_10off_20on_20off,111,11.01,202792000,-23.453080712527633
odr7p_NaAc_JNL_10off_20on_20off,112,11.11,202769999.99999997,-23.46138494654242
odr7p_NaAc_JNL_10off_20on_20off,113,11.21,203496000,-23.187345224054813
odr7p_NaAc_JNL_10off_20on_20off,114,11.31,204896000,-22.658893968569085
odr7p_NaAc_JNL_10off_20on_20off,115,11.41,205763000,-22.331631655350424
odr7p_NaAc_JNL_10off_20on_20off,116,11.51,206595000,-22.017580623518906
odr7p_NaAc_JNL_10off_20on_20off,117,11.61,207533000,-21.66351828234347
odr7p_NaAc_JNL_10off_20on_20off,118,11.71,209581999.99999997,-20.890092123421873
odr7p_NaAc_JNL_10off_20on_20off,119,11.81,210737000,-20.45411983764614
odr7p_NaAc_JNL_10off_20on_20off,120,11.91,212819000,-19.668237327702368
odr7p_NaAc_JNL_10off_20on_20off,121,12.01,213689999.99999997,-19.339465153753757
odr7p_NaAc_JNL_10off_20on_20off,122,12.11,215794000,-18.5452784097952
odr7p_NaAc_JNL_10off_20on_20off,123,12.21,216844000,-18.148939968180905
odr7p_NaAc_JNL_10off_20on_20off,124,12.31,219367000,-17.19659531275913
odr7p_NaAc_JNL_10off_20on_20off,125,12.41,220404000,-16.805163918517202
odr7p_NaAc_JNL_10off_20on_20off,126,12.51,221349000.00000003,-16.448459321064327
odr7p_NaAc_JNL_10off_20on_20off,127,12.61,221809000,-16.27482533711903
odr7p_NaAc_JNL_10off_20on_20off,128,12.71,224459000,-15.274542603521047
odr7p_NaAc_JNL_10off_20on_20off,129,12.81,226444000,-14.525274216278786
odr7p_NaAc_JNL_10off_20on_20off,130,12.91,227506000,-14.124406192474611
odr7p_NaAc_JNL_10off_20on_20off,131,13.01,229096000,-13.524236552315823
odr7p_NaAc_JNL_10off_20on_20off,132,13.11,231358000,-12.670410309523888
odr7p_NaAc_JNL_10off_20on_20off,133,13.21,232568000.00000003,-12.213677438711212
odr7p_NaAc_JNL_10off_20on_20off,134,13.31,233826000,-11.738826239139051
odr7p_NaAc_JNL_10off_20on_20off,135,13.41,236600000,-10.691737822912334
odr7p_NaAc_JNL_10off_20on_20off,136,13.51,238388000,-10.016830076620565
odr7p_NaAc_JNL_10off_20on_20off,137,13.61,239791000,-9.487246425587369
odr7p_NaAc_JNL_10off_20on_20off,138,13.71,243845000,-7.957002575773703
odr7p_NaAc_JNL_10off_20on_20off,139,13.81,246268999.99999997,-7.042026973418429
odr7p_NaAc_JNL_10off_20on_20off,140,13.91,246595000,-6.918973323926742
odr7p_NaAc_JNL_10off_20on_20off,141,14.01,247506000,-6.575102542678529
odr7p_NaAc_JNL_10off_20on_20off,142,14.11,251154000,-5.198109556955724
odr7p_NaAc_JNL_10off_20on_20off,143,14.21,253690000.00000003,-4.240857854161569
odr7p_NaAc_JNL_10off_20on_20off,144,14.31,254170000,-4.059674566566474
odr7p_NaAc_JNL_10off_20on_20off,145,14.41,254347000,-3.992863229265779
odr7p_NaAc_JNL_10off_20on_20off,146,14.51,255358000.00000003,-3.6112459297685757
odr7p_NaAc_JNL_10off_20on_20off,147,14.61,257415000,-2.8348000493870598
odr7p_NaAc_JNL_10off_20on_20off,148,14.71,259235000.00000003,-2.1478134172556054
odr7p_NaAc_JNL_10off_20on_20off,149,14.81,261698000,-1.2181166727832287
odr7p_NaAc_JNL_10off_20on_20off,150,14.91,262763000,-0.8161162534315872
odr7p_NaAc_JNL_10off_20on_20off,151,15.01,264087000,-0.3163523518150865
odr7p_NaAc_JNL_10off_20on_20off,152,15.11,264290000,-0.23972691976965624
odr7p_NaAc_JNL_10off_20on_20off,153,15.21,265796000,0.32873564505998887
odr7p_NaAc_JNL_10off_20on_20off,154,15.31,266973000,0.7730121648504884
odr7p_NaAc_JNL_10off_20on_20off,155,15.41,267350000.00000003,0.9153165386491557
odr7p_NaAc_JNL_10off_20on_20off,156,15.51,267858999.99999997,1.1074463165364434
odr7p_NaAc_JNL_10off_20on_20off,157,15.61,266791000,0.704313501637344
odr7p_NaAc_JNL_10off_20on_20off,158,15.71,268073000,1.188223865589273
odr7p_NaAc_JNL_10off_20on_20off,159,15.81,268380000.00000003,1.304105676613654
odr7p_NaAc_JNL_10off_20on_20off,160,15.91,268531000,1.3611029191696034
odr7p_NaAc_JNL_10off_20on_20off,161,16.01,270203000,1.992224704292556
odr7p_NaAc_JNL_10off_20on_20off,162,16.11,270372000,2.056016320133333
odr7p_NaAc_JNL_10off_20on_20off,163,16.21,270020000,1.9231485758969218
odr7p_NaAc_JNL_10off_20on_20off,164,16.31,269331000,1.6630750651614468
odr7p_NaAc_JNL_10off_20on_20off,165,16.41,270978000,2.284760220722154
odr7p_NaAc_JNL_10off_20on_20off,166,16.511,270731000,2.1915263206471725
odr7p_NaAc_JNL_10off_20on_20off,167,16.611,271328000,2.4168730345935856
odr7p_NaAc_JNL_10off_20on_20off,168,16.711,271371000,2.4331040374406467
odr7p_NaAc_JNL_10off_20on_20off,169,16.811,272963000,3.0340286079644154
odr7p_NaAc_JNL_10off_20on_20off,170,16.911,273617000,3.280890837312747
odr7p_NaAc_JNL_10off_20on_20off,171,17.011,274705000,3.691572955861654
odr7p_NaAc_JNL_10off_20on_20off,172,17.111,274933000,3.7776350174693296
odr7p_NaAc_JNL_10off_20on_20off,173,17.211,276611000,4.411021593687221
odr7p_NaAc_JNL_10off_20on_20off,174,17.311,277351000,4.690345828729676
odr7p_NaAc_JNL_10off_20on_20off,175,17.411,278731000,5.211247780565606
odr7p_NaAc_JNL_10off_20on_20off,176,17.511,279311000,5.430177586409692
odr7p_NaAc_JNL_10off_20on_20off,177,17.611,281445000,6.235688285842935
odr7p_NaAc_JNL_10off_20on_20off,178,17.711,281562000,6.279851712194241
odr7p_NaAc_JNL_10off_20on_20off,179,17.811,281675000,6.322505277815589
odr7p_NaAc_JNL_10off_20on_20off,180,17.911,282020000,6.452730765774571
odr7p_NaAc_JNL_10off_20on_20off,181,18.011,282373000,6.585975975193473
odr7p_NaAc_JNL_10off_20on_20off,182,18.111,282341000,6.573897089353799
odr7p_NaAc_JNL_10off_20on_20off,183,18.211,283042000,6.838500182279152
odr7p_NaAc_JNL_10off_20on_20off,184,18.311,282968000,6.810567758774906
odr7p_NaAc_JNL_10off_20on_20off,185,18.411,282599000,6.671283106436168
odr7p_NaAc_JNL_10off_20on_20off,186,18.511,284913000,7.544737538717575
odr7p_NaAc_JNL_10off_20on_20off,187,18.611,283282000,6.929091826076704
odr7p_NaAc_JNL_10off_20on_20off,188,18.711,283928000,7.172934333965118
odr7p_NaAc_JNL_10off_20on_20off,189,18.811,284373000,7.340906340173081
odr7p_NaAc_JNL_10off_20on_20off,190,18.911,285550000,7.78518285996358
odr7p_NaAc_JNL_10off_20on_20off,191,19.011,285573000,7.793864559160846
odr7p_NaAc_JNL_10off_20on_20off,192,19.111,286158000,8.014681690917381
odr7p_NaAc_JNL_10off_20on_20off,193,19.211,286318000,8.07507612011575
odr7p_NaAc_JNL_10off_20on_20off,194,19.311,286714000,8.224552332381712
odr7p_NaAc_JNL_10off_20on_20off,195,19.411,286021000,7.962968960916278
odr7p_NaAc_JNL_10off_20on_20off,196,19.511,284679000,7.456410686014961
odr7p_NaAc_JNL_10off_20on_20off,197,19.611,283421000,6.981559486442787
odr7p_NaAc_JNL_10off_20on_20off,198,19.711,283242000,6.913993218777112
odr7p_NaAc_JNL_10off_20on_20off,199,19.811,282445000,6.613153468332738
odr7p_NaAc_JNL_10off_20on_20off,200,19.911,283132000,6.872472048703234
odr7p_NaAc_JNL_10off_20on_20off,201,20.011,281225000,6.152645945695177
odr7p_NaAc_JNL_10off_20on_20off,202,20.111,281666000,6.319108091173181
odr7p_NaAc_JNL_10off_20on_20off,203,20.211,281815000,6.375350403364162
odr7p_NaAc_JNL_10off_20on_20off,204,20.311,280948000,6.048088090145502
odr7p_NaAc_JNL_10off_20on_20off,205,20.411,280830000,6.003547198611705
odr7p_NaAc_JNL_10off_20on_20off,206,20.511,278424000,5.095365969541236
odr7p_NaAc_JNL_10off_20on_20off,207,20.611,278368000,5.074227919321807
odr7p_NaAc_JNL_10off_20on_20off,208,20.711,278661000,5.184825217791319
odr7p_NaAc_JNL_10off_20on_20off,209,20.811,278868000,5.2629605105667085
odr7p_NaAc_JNL_10off_20on_20off,210,20.911,277104000,4.597111928654694
odr7p_NaAc_JNL_10off_20on_20off,211,21.011,276760000,4.467263905878202
odr7p_NaAc_JNL_10off_20on_20off,212,21.111,276982000,4.551061176390938
odr7p_NaAc_JNL_10off_20on_20off,213,21.211,277334000,4.683928920627349
odr7p_NaAc_JNL_10off_20on_20off,214,21.311,276175000,4.246446774121666
odr7p_NaAc_JNL_10off_20on_20off,215,21.411,276049000,4.198886161127951
odr7p_NaAc_JNL_10off_20on_20off,216,21.511,275652000,4.049032483679499
odr7p_NaAc_JNL_10off_20on_20off,217,21.611,275108000,3.8436914244050455
odr7p_NaAc_JNL_10off_20on_20off,218,21.711,273447000,3.2167217562894805
odr7p_NaAc_JNL_10off_20on_20off,219,21.811,273691000,3.3088232608169927
odr7p_NaAc_JNL_10off_20on_20off,220,21.911,271920000,2.6403324226275497
odr7p_NaAc_JNL_10off_20on_20off,221,22.011,272009000,2.673926823869142
odr7p_NaAc_JNL_10off_20on_20off,222,22.111,271650000,2.5384168233553024
odr7p_NaAc_JNL_10off_20on_20off,223,22.211,271868000,2.62070423313808
odr7p_NaAc_JNL_10off_20on_20off,224,22.311,270519000,2.111503701959334
odr7p_NaAc_JNL_10off_20on_20off,225,22.411,269588000,1.760083617061326
odr7p_NaAc_JNL_10off_20on_20off,226,22.511,269832000,1.8521851215888385
odr7p_NaAc_JNL_10off_20on_20off,227,22.611,269856000,1.8612442859685936
odr7p_NaAc_JNL_10off_20on_20off,228,22.711,271090000,2.327036321161012
odr7p_NaAc_JNL_10off_20on_20off,229,22.811,270298000,2.028083896629087
odr7p_NaAc_JNL_10off_20on_20off,230,22.911,269189000,1.6094750092478942
odr7p_NaAc_JNL_10off_20on_20off,231,23.011,268702000,1.4256494653753597
odr7p_NaAc_JNL_10off_20on_20off,232,23.111,269359000,1.6736440902711611
odr7p_NaAc_JNL_10off_20on_20off,233,23.211,268833000,1.4750974042815241
odr7p_NaAc_JNL_10off_20on_20off,234,23.311,267949000,1.1414181829605372
odr7p_NaAc_JNL_10off_20on_20off,235,23.411,267623000,1.018364533468861
odr7p_NaAc_JNL_10off_20on_20off,236,23.511,266499000,0.5940936683503212
odr7p_NaAc_JNL_10off_20on_20off,237,23.611,266272000.00000003,0.5084090719251468
odr7p_NaAc_JNL_10off_20on_20off,238,23.711,266186000,0.4759470662310124
odr7p_NaAc_JNL_10off_20on_20off,239,23.811,266772000,0.6971416631700377
odr7p_NaAc_JNL_10off_20on_20off,240,23.911,266380000.00000003,0.5491753116340458
odr7p_NaAc_JNL_10off_20on_20off,241,24.011,264379000,-0.20613251852806364
odr7p_NaAc_JNL_10off_20on_20off,242,24.111,264514000,-0.1551747188919401
odr7p_NaAc_JNL_10off_20on_20off,243,24.211,264283000,-0.24236917604708486
odr7p_NaAc_JNL_10off_20on_20off,244,24.311,264242000,-0.2578452485291668
odr7p_NaAc_JNL_10off_20on_20off,245,24.411,264119000,-0.3042734659754127
odr7p_NaAc_JNL_10off_20on_20off,246,24.511,264223000,-0.26501708699647314
odr7p_NaAc_JNL_10off_20on_20off,247,24.611,264252000.00000003,-0.2540705967042575
odr7p_NaAc_JNL_10off_20on_20off,248,24.711,263415000,-0.570008954448235
odr7p_NaAc_JNL_10off_20on_20off,249,24.811,264061000,-0.32616644655982135
odr7p_NaAc_JNL_10off_20on_20off,250,24.911,264841000.00000003,-0.031743604217762886
odr7p_NaAc_JNL_10off_20on_20off,251,25.011,264066000,-0.32427912064737235
odr7p_NaAc_JNL_10off_20on_20off,252,25.111,263493000.00000003,-0.5405666702140188
odr7p_NaAc_JNL_10off_20on_20off,253,25.211,263160000.00000003,-0.6662625759831237
odr7p_NaAc_JNL_10off_20on_20off,254,25.311,263511000,-0.5337722969292137
odr7p_NaAc_JNL_10off_20on_20off,255,25.411,263212000,-0.6466343864936651
odr7p_NaAc_JNL_10off_20on_20off,256,25.511,263516000,-0.5318849710167647
odr7p_NaAc_JNL_10off_20on_20off,257,25.611,263703000.00000003,-0.46129898189116003
odr7p_NaAc_JNL_10off_20on_20off,258,25.711,263757999.99999997,-0.44053839685424323
odr7p_NaAc_JNL_10off_20on_20off,259,25.811,263924000,-0.37787917656092457
odr7p_NaAc_JNL_10off_20on_20off,260,25.911,263859999.99999997,-0.4020369482402833
odr7p_NaAc_JNL_10off_20on_20off,261,26.011,262988000,-0.7311865873713813
odr7p_NaAc_JNL_10off_20on_20off,262,26.111,262844000,-0.785541573649913
odr7p_NaAc_JNL_10off_20on_20off,263,26.211,263405999.99999997,-0.5734061410906544
odr7p_NaAc_JNL_10off_20on_20off,264,26.311,263086999.99999997,-0.6938175343049019
odr7p_NaAc_JNL_10off_20on_20off,265,26.411,262415999.99999997,-0.9470966717555604
odr7p_NaAc_JNL_10off_20on_20off,266,26.511,262270000,-1.0022065883990607
odr7p_NaAc_JNL_10off_20on_20off,267,26.611,262866000,-0.7772373396351373
odr7p_NaAc_JNL_10off_20on_20off,268,26.711,262990000,-0.7304316570064017
odr7p_NaAc_JNL_10off_20on_20off,269,26.811,263415000,-0.570008954448235
odr7p_NaAc_JNL_10off_20on_20off,270,26.911,263645000,-0.4831919624755799
odr7p_NaAc_JNL_10off_20on_20off,271,27.011,263536000,-0.5243356673669686
odr7p_NaAc_JNL_10off_20on_20off,272,27.111,263197000,-0.6522963642310122
odr7p_NaAc_JNL_10off_20on_20off,273,27.211,262969000,-0.7383584258386876
odr7p_NaAc_JNL_10off_20on_20off,274,27.311,262306000.00000003,-0.9886178418294164
odr7p_NaAc_JNL_10off_20on_20off,275,27.411,261306000,-1.366083024319232
odr7p_NaAc_JNL_10off_20on_20off,276,27.511,261899000.00000003,-1.1422461711027667
odr7p_NaAc_JNL_10off_20on_20off,277,27.611,261093999.99999997,-1.4461056430070816
odr7p_NaAc_JNL_10off_20on_20off,278,27.711,262024000,-1.0950630232915526
odr7p_NaAc_JNL_10off_20on_20off,279,27.811,260860000,-1.5344324957096847
odr7p_NaAc_JNL_10off_20on_20off,280,27.911,261370000,-1.3419252526398844
odr7p_NaAc_JNL_10off_20on_20off,281,28.011,260966000,-1.4944211863657653
odr7p_NaAc_JNL_10off_20on_20off,282,28.111,259760000,-1.949644196448469
odr7p_NaAc_JNL_10off_20on_20off,283,28.211,260503000.00000003,-1.6691875658585333
odr7p_NaAc_JNL_10off_20on_20off,284,28.311,259937000,-1.8828328591477737
odr7p_NaAc_JNL_10off_20on_20off,285,28.411,259200000,-2.1610246986427595
odr7p_NaAc_JNL_10off_20on_20off,286,28.511,259049000,-2.21802194119872
odr7p_NaAc_JNL_10off_20on_20off,287,28.611,258289000,-2.5048954798909713
odr7p_NaAc_JNL_10off_20on_20off,288,28.711,257938000,-2.6373857589448924
odr7p_NaAc_JNL_10off_20on_20off,289,28.811,256373000,-3.228118769541436
odr7p_NaAc_JNL_10off_20on_20off,290,28.911,256198000,-3.2941751764771516
odr7p_NaAc_JNL_10off_20on_20off,291,29.011,255530000,-3.5463219183803405
odr7p_NaAc_JNL_10off_20on_20off,292,29.111,255151000,-3.689381222543976
odr7p_NaAc_JNL_10off_20on_20off,293,29.211,255372999.99999997,-3.6055839520312514
odr7p_NaAc_JNL_10off_20on_20off,294,29.311,254944000.00000003,-3.7675165153193544
odr7p_NaAc_JNL_10off_20on_20off,295,29.411,254829000.00000003,-3.8109250113056827
odr7p_NaAc_JNL_10off_20on_20off,296,29.511,253980000,-4.131392951239538
odr7p_NaAc_JNL_10off_20on_20off,297,29.611,254497000.00000003,-3.936243451892297
odr7p_NaAc_JNL_10off_20on_20off,298,29.711,255761000,-3.4591274612251963
odr7p_NaAc_JNL_10off_20on_20off,299,29.811,255410000,-3.5916177402791174
odr7p_NaAc_JNL_10off_20on_20off,300,29.911,254465000,-3.948322337731982
odr7p_NaAc_JNL_10off_20on_20off,301,30.011,255643000.00000003,-3.503668352758982
odr7p_NaAc_JNL_10off_20on_20off,302,30.111,255717999.99999997,-3.4753584640722686
odr7p_NaAc_JNL_10off_20on_20off,303,30.212,255621000,-3.5119725867737683
odr7p_NaAc_JNL_10off_20on_20off,304,30.312,256303000,-3.2545413323157217
odr7p_NaAc_JNL_10off_20on_20off,305,30.412,255975000.00000003,-3.3783499121723666
odr7p_NaAc_JNL_10off_20on_20off,306,30.512,253955000.00000003,-4.140829580801771
odr7p_NaAc_JNL_10off_20on_20off,307,30.612,253079000,-4.471489080662851
odr7p_NaAc_JNL_10off_20on_20off,308,30.712,250979999.99999997,-5.263788498708961
odr7p_NaAc_JNL_10off_20on_20off,309,30.812,249949000.00000003,-5.652955101855926
odr7p_NaAc_JNL_10off_20on_20off,310,30.912,249113000,-5.968515994417414
odr7p_NaAc_JNL_10off_20on_20off,311,31.012,246402000,-6.991824104147273
odr7p_NaAc_JNL_10off_20on_20off,312,31.112,244205000,-7.821115110077373
odr7p_NaAc_JNL_10off_20on_20off,313,31.212,243488000.00000003,-8.09175764592255
odr7p_NaAc_JNL_10off_20on_20off,314,31.312,241468000.00000003,-8.854237314551956
odr7p_NaAc_JNL_10off_20on_20off,315,31.412,240620000,-9.174327789303321
odr7p_NaAc_JNL_10off_20on_20off,316,31.512,238301000,-10.049669547497176
odr7p_NaAc_JNL_10off_20on_20off,317,31.612,236428000,-10.75666183430058
odr7p_NaAc_JNL_10off_20on_20off,318,31.712,235155000,-11.237175011610102
odr7p_NaAc_JNL_10off_20on_20off,319,31.812,233648000,-11.806015041622235
odr7p_NaAc_JNL_10off_20on_20off,320,31.912,231840000,-12.488472091563802
odr7p_NaAc_JNL_10off_20on_20off,321,32.012,230805999.99999997,-12.87877109025827
odr7p_NaAc_JNL_10off_20on_20off,322,32.112,229060000,-13.537825298885457
odr7p_NaAc_JNL_10off_20on_20off,323,32.212,227216000,-14.233871095396655
odr7p_NaAc_JNL_10off_20on_20off,324,32.312,227609000,-14.085527278678162
odr7p_NaAc_JNL_10off_20on_20off,325,32.412,225788000,-14.772891375992097
odr7p_NaAc_JNL_10off_20on_20off,326,32.512,224705999.99999997,-15.181308703446076
odr7p_NaAc_JNL_10off_20on_20off,327,32.612,223306000,-15.709759958931791
odr7p_NaAc_JNL_10off_20on_20off,328,32.712,222556999.99999997,-15.992481380616667
odr7p_NaAc_JNL_10off_20on_20off,329,32.812,221450000,-16.410335337632866
odr7p_NaAc_JNL_10off_20on_20off,330,32.912,220513000,-16.764020213625813
odr7p_NaAc_JNL_10off_20on_20off,331,33.012,219831000.00000003,-17.021451468083846
odr7p_NaAc_JNL_10off_20on_20off,332,33.112,219255999.99999997,-17.23849394801551
odr7p_NaAc_JNL_10off_20on_20off,333,33.212,218542000,-17.508004088313218
odr7p_NaAc_JNL_10off_20on_20off,334,33.312,218007999.99999997,-17.709570495762783
odr7p_NaAc_JNL_10off_20on_20off,335,33.412,216804000,-18.164038575480497
odr7p_NaAc_JNL_10off_20on_20off,336,33.512,216769000,-18.17724985686764
odr7p_NaAc_JNL_10off_20on_20off,337,33.612,216303000,-18.35314863190789
odr7p_NaAc_JNL_10off_20on_20off,338,33.712,214659999.99999997,-18.973323926738647
odr7p_NaAc_JNL_10off_20on_20off,339,33.812,214556000,-19.012580305717577
odr7p_NaAc_JNL_10off_20on_20off,340,33.912,214028000.00000003,-19.211881922072184
odr7p_NaAc_JNL_10off_20on_20off,341,34.012,213093999.99999997,-19.564434402517684
odr7p_NaAc_JNL_10off_20on_20off,342,34.112,212969000,-19.611617550328898
odr7p_NaAc_JNL_10off_20on_20off,343,34.212,212020000,-19.96983200851172
odr7p_NaAc_JNL_10off_20on_20off,344,34.312,211904000,-20.013617969680535
odr7p_NaAc_JNL_10off_20on_20off,345,34.412,211235999.99999997,-20.26576471158374
odr7p_NaAc_JNL_10off_20on_20off,346,34.512,211031000,-20.343145073994137
odr7p_NaAc_JNL_10off_20on_20off,347,34.612,210621000,-20.497905798814955
odr7p_NaAc_JNL_10off_20on_20off,348,34.712,209477000,-20.929725967583295
odr7p_NaAc_JNL_10off_20on_20off,349,34.812,209249999.99999997,-21.015410564008487
odr7p_NaAc_JNL_10off_20on_20off,350,34.912,208503999.99999997,-21.29699959014588
odr7p_NaAc_JNL_10off_20on_20off,351,35.012,207658000,-21.616335134532246
odr7p_NaAc_JNL_10off_20on_20off,352,35.112,207216999.99999997,-21.78279728001026
odr7p_NaAc_JNL_10off_20on_20off,353,35.212,207243999.99999997,-21.772605720083035
odr7p_NaAc_JNL_10off_20on_20off,354,35.312,206190000,-22.17045402242728
odr7p_NaAc_JNL_10off_20on_20off,355,35.412,206184000,-22.17271881352222
odr7p_NaAc_JNL_10off_20on_20off,356,35.512,205103000,-22.580758675793696
odr7p_NaAc_JNL_10off_20on_20off,357,35.612,204836999.99999997,-22.681164414335996
odr7p_NaAc_JNL_10off_20on_20off,358,35.712,204750000,-22.7140038852126
odr7p_NaAc_JNL_10off_20on_20off,359,35.812,204398000,-22.84687162944901
odr7p_NaAc_JNL_10off_20on_20off,360,35.912,203377000,-23.232263580771097
odr7p_NaAc_JNL_10off_20on_20off,361,36.012,202131000.00000003,-23.702585198153383
odr7p_NaAc_JNL_10off_20on_20off,362,36.112,202773000,-23.46025255099494
odr7p_NaAc_JNL_10off_20on_20off,363,36.212,202674000.00000003,-23.49762160406142
odr7p_NaAc_JNL_10off_20on_20off,364,36.312,201623000.00000003,-23.8943375108582
odr7p_NaAc_JNL_10off_20on_20off,365,36.412,200696000,-24.24424773502626
odr7p_NaAc_JNL_10off_20on_20off,366,36.511,201256000,-24.032867232831972
odr7p_NaAc_JNL_10off_20on_20off,367,36.611,200186000.00000003,-24.43675497809605
odr7p_NaAc_JNL_10off_20on_20off,368,36.711,200371000,-24.36692391933545
odr7p_NaAc_JNL_10off_20on_20off,369,36.811,199283000,-24.777606037884357
odr7p_NaAc_JNL_10off_20on_20off,370,36.911,199356000,-24.7500510795626
odr7p_NaAc_JNL_10off_20on_20off,371,37.011,198281000,-25.15582615073914
odr7p_NaAc_JNL_10off_20on_20off,372,37.111,198581000,-25.0425865959922
odr7p_NaAc_JNL_10off_20on_20off,373,37.211,196985000,-25.645021027245924
odr7p_NaAc_JNL_10off_20on_20off,374,37.311,197028000,-25.62879002439886
odr7p_NaAc_JNL_10off_20on_20off,375,37.411,196845000,-25.697866152794496
odr7p_NaAc_JNL_10off_20on_20off,376,37.511,195607000,-26.165168048716875
odr7p_NaAc_JNL_10off_20on_20off,377,37.611,195770000,-26.103641223971035
odr7p_NaAc_JNL_10off_20on_20off,378,37.711,194949000,-26.413540138795167
odr7p_NaAc_JNL_10off_20on_20off,379,37.811,195286000,-26.286334372296103
odr7p_NaAc_JNL_10off_20on_20off,380,37.911,194085000,-26.73967005646636
odr7p_NaAc_JNL_10off_20on_20off,381,38.011,194590000,-26.549050139309006
odr7p_NaAc_JNL_10off_20on_20off,382,38.111,193460000,-26.975585795522484
odr7p_NaAc_JNL_10off_20on_20off,383,38.211,193163000,-27.08769295472196
odr7p_NaAc_JNL_10off_20on_20off,384,38.311,192787000,-27.229619863338122
odr7p_NaAc_JNL_10off_20on_20off,385,38.411,191567000,-27.690127385975682
odr7p_NaAc_JNL_10off_20on_20off,386,38.511,191211000,-27.824504990942057
odr7p_NaAc_JNL_10off_20on_20off,387,38.611,190598000,-28.055891147808303
odr7p_NaAc_JNL_10off_20on_20off,388,38.711,190727000,-28.00719813926712
odr7p_NaAc_JNL_10off_20on_20off,389,38.811,191063000,-27.880369837950546
odr7p_NaAc_JNL_10off_20on_20off,390,38.911,189786000,-28.36239287599003
odr7p_NaAc_JNL_10off_20on_20off,391,39.011,190006000,-28.27935053584227
odr7p_NaAc_JNL_10off_20on_20off,392,39.111,189478000,-28.478652152196887
odr7p_NaAc_JNL_10off_20on_20off,393,39.211,189029000,-28.648134019134808
odr7p_NaAc_JNL_10off_20on_20off,394,39.311,188767000,-28.747029896947137
odr7p_NaAc_JNL_10off_20on_20off,395,39.411,188202000,-28.960297725053874
odr7p_NaAc_JNL_10off_20on_20off,396,39.511,188587000,-28.814973629795297
odr7p_NaAc_JNL_10off_20on_20off,397,39.611,188512000,-28.84328351848204
odr7p_NaAc_JNL_10off_20on_20off,398,39.711,188106000,-28.996534382572897
odr7p_NaAc_JNL_10off_20on_20off,399,39.811,187785000,-29.11770070615212
odr7p_NaAc_JNL_10off_20on_20off,400,39.911,187761000,-29.12675987053188
odr7p_NaAc_JNL_10off_20on_20off,401,40.011,187390000,-29.2667994532356
odr7p_NaAc_JNL_10off_20on_20off,402,40.111,187514000,-29.219993770606862
odr7p_NaAc_JNL_10off_20on_20off,403,40.211,186425000,-29.63105335433826
odr7p_NaAc_JNL_10off_20on_20off,404,40.311,186209000,-29.712585833756055
odr7p_NaAc_JNL_10off_20on_20off,405,40.411,185746000,-29.887352213248835
odr7p_NaAc_JNL_10off_20on_20off,406,40.511,185979000,-29.79940282572871
odr7p_NaAc_JNL_10off_20on_20off,407,40.611,185835000,-29.85375781200724
odr7p_NaAc_JNL_10off_20on_20off,408,40.711,185164000,-30.1070369494579
odr7p_NaAc_JNL_10off_20on_20off,409,40.811,184883000,-30.213104665737532
odr7p_NaAc_JNL_10off_20on_20off,410,40.911,185307000,-30.053059428361863
odr7p_NaAc_JNL_10off_20on_20off,411,41.011,184611000,-30.315775195374762
odr7p_NaAc_JNL_10off_20on_20off,412,41.111,183980000,-30.553955725525828
odr7p_NaAc_JNL_10off_20on_20off,413,41.211,184128000,-30.49809087851734
odr7p_NaAc_JNL_10off_20on_20off,414,41.311,183613000,-30.692485447499585
odr7p_NaAc_JNL_10off_20on_20off,415,41.411,183375000,-30.782322160932164
odr7p_NaAc_JNL_10off_20on_20off,416,41.511,183817000,-30.615482550271665
odr7p_NaAc_JNL_10off_20on_20off,417,41.611,182980000,-30.93142090801563
odr7p_NaAc_JNL_10off_20on_20off,418,41.711,183049000,-30.905375810423834
odr7p_NaAc_JNL_10off_20on_20off,419,41.811,182939000,-30.94689698049772
odr7p_NaAc_JNL_10off_20on_20off,420,41.911,182378000,-31.1586549478745
odr7p_NaAc_JNL_10off_20on_20off,421,42.011,182369000,-31.162052134516905
odr7p_NaAc_JNL_10off_20on_20off,422,42.111,182446000,-31.132987315465186
odr7p_NaAc_JNL_10off_20on_20off,423,42.211,182185000,-31.231505728095026
odr7p_NaAc_JNL_10off_20on_20off,424,42.311,182277000,-31.196778931305964
odr7p_NaAc_JNL_10off_20on_20off,425,42.411,182089000,-31.26774238561405
odr7p_NaAc_JNL_10off_20on_20off,426,42.511,181562000,-31.466666536786175
odr7p_NaAc_JNL_10off_20on_20off,427,42.611,182159000,-31.241319822839763
odr7p_NaAc_JNL_10off_20on_20off,428,42.711,181799000,-31.37720728853609
odr7p_NaAc_JNL_10off_20on_20off,429,42.811,179629000,-32.196306734538965
odr7p_NaAc_JNL_10off_20on_20off,430,42.911,179812000,-32.12723060614333
odr7p_NaAc_JNL_10off_20on_20off,431,43.011,179482000,-32.25179411636497
odr7p_NaAc_JNL_10off_20on_20off,432,43.111,178574000,-32.59453250206571
odr7p_NaAc_JNL_10off_20on_20off,433,43.211,178935000,-32.45826757118689
odr7p_NaAc_JNL_10off_20on_20off,434,43.311,178454000,-32.63982832396449
odr7p_NaAc_JNL_10off_20on_20off,435,43.411,178659000,-32.56244796155408
odr7p_NaAc_JNL_10off_20on_20off,436,43.511,177421000,-33.02974985747645
odr7p_NaAc_JNL_10off_20on_20off,437,43.611,176883000,-33.23282612565597
odr7p_NaAc_JNL_10off_20on_20off,438,43.711,176650000,-33.320775513176095
odr7p_NaAc_JNL_10off_20on_20off,439,43.811,175688000,-33.68389701873129
odr7p_NaAc_JNL_10off_20on_20off,440,43.911,176113000,-33.52347431617312
odr7p_NaAc_JNL_10off_20on_20off,441,44.011,175761000,-33.65634206040953
odr7p_NaAc_JNL_10off_20on_20off,442,44.111,175402000,-33.791852060923375
odr7p_NaAc_JNL_10off_20on_20off,443,44.211,174840000,-34.00398749348264
odr7p_NaAc_JNL_10off_20on_20off,444,44.311,175161000,-33.88282116990341
odr7p_NaAc_JNL_10off_20on_20off,445,44.411,174646000,-34.07721573888566
odr7p_NaAc_JNL_10off_20on_20off,446,44.511,174798000,-34.019841031147216
odr7p_NaAc_JNL_10off_20on_20off,447,44.611,173968000,-34.33313713261375
odr7p_NaAc_JNL_10off_20on_20off,448,44.711,173802000,-34.395796352907055
odr7p_NaAc_JNL_10off_20on_20off,449,44.811,173258000,-34.60113741218151
odr7p_NaAc_JNL_10off_20on_20off,450,44.911,173726000,-34.42448370677628
odr7p_NaAc_JNL_10off_20on_20off,451,45.011,173725000,-34.42486117195877
odr7p_NaAc_JNL_10off_20on_20off,452,45.111,173497000,-34.51092323356645
odr7p_NaAc_JNL_10off_20on_20off,453,45.211,171577000,-35.235656383946875
odr7p_NaAc_JNL_10off_20on_20off,454,45.311,171752000,-35.16959997701116
odr7p_NaAc_JNL_10off_20on_20off,455,45.411,171551000,-35.2454704786916
odr7p_NaAc_JNL_10off_20on_20off,456,45.511,171579000,-35.23490145358189
odr7p_NaAc_JNL_10off_20on_20off,457,45.611,171232000,-35.36588187190585
odr7p_NaAc_JNL_10off_20on_20off,458,45.711,171033000,-35.44099744322132
odr7p_NaAc_JNL_10off_20on_20off,459,45.811,171789000,-35.15563376525903
odr7p_NaAc_JNL_10off_20on_20off,460,45.911,170984000,-35.45949323716332
odr7p_NaAc_JNL_10off_20on_20off,461,46.011,171211000,-35.37380864073813
odr7p_NaAc_JNL_10off_20on_20off,462,46.111,170740000,-35.551594741690835
odr7p_NaAc_JNL_10off_20on_20off,463,46.211,169628000,-35.9713360246195
odr7p_NaAc_JNL_10off_20on_20off,464,46.311,169923000,-35.859983795785006
odr7p_NaAc_JNL_10off_20on_20off,465,46.411,169572000,-35.992474074838924
odr7p_NaAc_JNL_10off_20on_20off,466,46.511,169645000,-35.96491911651717
odr7p_NaAc_JNL_10off_20on_20off,467,46.611,169506000,-36.01738677688326
odr7p_NaAc_JNL_10off_20on_20off,468,46.711,169019000,-36.201212320755786
odr7p_NaAc_JNL_10off_20on_20off,469,46.811,168580000,-36.36691953586882
odr7p_NaAc_JNL_10off_20on_20off,470,46.911,167942000,-36.60774232229731
odr7p_NaAc_JNL_10off_20on_20off,471,47.011,167891000,-36.62699304660429
odr7p_NaAc_JNL_10off_20on_20off,472,47.111,167797000,-36.66247477375833
odr7p_NaAc_JNL_10off_20on_20off,473,47.211,167550000,-36.75570867383331
odr7p_NaAc_JNL_10off_20on_20off,474,47.311,166928000,-36.99049201734197
odr7p_NaAc_JNL_10off_20on_20off,475,47.411,166847000,-37.02106669712364
odr7p_NaAc_JNL_10off_20on_20off,476,47.511,167104000,-36.92405814522377
odr7p_NaAc_JNL_10off_20on_20off,477,47.611,166178000,-37.27359090420933
odr7p_NaAc_JNL_10off_20on_20off,478,47.711,166584000,-37.120340040118464
odr7p_NaAc_JNL_10off_20on_20off,479,47.811,165746000,-37.43665586304492
odr7p_NaAc_JNL_10off_20on_20off,480,47.911,165612000,-37.487236197498554
odr7p_NaAc_JNL_10off_20on_20off,481,48.011,164898000,-37.75674633779627
odr7p_NaAc_JNL_10off_20on_20off,482,48.111,164635000,-37.85601968079109
odr7p_NaAc_JNL_10off_20on_20off,483,48.211,164557000,-37.8854619650253
odr7p_NaAc_JNL_10off_20on_20off,484,48.311,164504000,-37.905467619697255
odr7p_NaAc_JNL_10off_20on_20off,485,48.411,164397000,-37.94585639422367
odr7p_NaAc_JNL_10off_20on_20off,486,48.511,164401000,-37.94434653349371
odr7p_NaAc_JNL_10off_20on_20off,487,48.611,164152000,-38.03833536393367
odr7p_NaAc_JNL_10off_20on_20off,488,48.711,163806000,-38.16893831707514
odr7p_NaAc_JNL_10off_20on_20off,489,48.811,163033000,-38.46071890313976
odr7p_NaAc_JNL_10off_20on_20off,490,48.911,163398000,-38.32294411153098
odr7p_NaAc_JNL_10off_20on_20off,491,49.011,163121000,-38.42750196708065
odr7p_NaAc_JNL_10off_20on_20off,492,49.111,162251000,-38.755896675846785
odr7p_NaAc_JNL_10off_20on_20off,493,49.211,162256000,-38.754009349934336
odr7p_NaAc_JNL_10off_20on_20off,494,49.311,161629000,-38.99068001935544
odr7p_NaAc_JNL_10off_20on_20off,495,49.411,162199000,-38.77552486533625
odr7p_NaAc_JNL_10off_20on_20off,496,49.511,160945000,-39.24886620417847
odr7p_NaAc_JNL_10off_20on_20off,497,49.611,161440000,-39.06202093884602
odr7p_NaAc_JNL_10off_20on_20off,498,49.711,160997000,-39.229238014689
odr7p_NaAc_JNL_10off_20on_20off,499,49.811,161001000,-39.22772815395904
odr7p_NaAc_JNL_10off_20on_20off,500,49.911,159823000,-39.67238213893203
odr7p_NaAc_JNL_10off_20on_20off,501,50.011,160363000,-39.46855094038754
odr7p_NaAc_JNL_10off_20on_20off,502,50.111,161264000,-39.12845481096422
odr7p_NaAc_JNL_10off_20on_20off,503,50.211,160430000,-39.443260773160716
odr7p_NaAc_JNL_10off_20on_20off,504,50.311,161051000,-39.20885489483455
odr7p_NaAc_JNL_10off_20on_20off,505,50.411,160401000,-39.45420726345292
odr7p_NaAc_JNL_10off_20on_20off,506,50.511,160345000,-39.47534531367235
odr7p_NaAc_JNL_10off_20on_20off,507,50.611,160166000,-39.542911581338025
odr7p_NaAc_JNL_10off_20on_20off,508,50.711,159891000,-39.64671450652272
odr7p_NaAc_JNL_10off_20on_20off,509,50.811,160094000,-39.570089074477295
odr7p_NaAc_JNL_10off_20on_20off,510,50.911,159556000,-39.77316534265681
odr7p_NaAc_JNL_10off_20on_20off,511,51.011,159279000,-39.87772319820648
odr7p_NaAc_JNL_10off_20on_20off,512,51.111,159419000,-39.82487807265791
odr7p_NaAc_JNL_10off_20on_20off,513,51.211,159181000,-39.914714786090485
odr7p_NaAc_JNL_10off_20on_20off,514,51.311,159060000,-39.96038807317175
odr7p_NaAc_JNL_10off_20on_20off,515,51.411,158693000,-40.0989177951455
odr7p_NaAc_JNL_10off_20on_20off,516,51.511,158788000,-40.06305860280898
odr7p_NaAc_JNL_10off_20on_20off,517,51.611,158139000,-40.308033506244854
odr7p_NaAc_JNL_10off_20on_20off,518,51.711,157420000,-40.57943097245503
odr7p_NaAc_JNL_10off_20on_20off,519,51.811,158155000,-40.30199406332502
odr7p_NaAc_JNL_10off_20on_20off,520,51.911,157842000,-40.42014066544433
odr7p_NaAc_JNL_10off_20on_20off,521,52.011,157621000,-40.50356047077457
odr7p_NaAc_JNL_10off_20on_20off,522,52.111,157818000,-40.429199829824086
odr7p_NaAc_JNL_10off_20on_20off,523,52.211,157289000,-40.62887891136119
odr7p_NaAc_JNL_10off_20on_20off,524,52.311,157380000,-40.59452957975462
odr7p_NaAc_JNL_10off_20on_20off,525,52.411,156334000,-40.98935816063896
odr7p_NaAc_JNL_10off_20on_20off,526,52.511,156235000,-41.02672721370544
odr7p_NaAc_JNL_10off_20on_20off,527,52.611,156615000,-40.88329044435932
odr7p_NaAc_JNL_10off_20on_20off,528,52.711,156408000,-40.96142573713471
odr7p_NaAc_JNL_10off_20on_20off,529,52.811,156335000,-40.98898069545647
odr7p_NaAc_JNL_10off_20on_20off,530,52.911,155099000,-41.45552766101386
odr7p_NaAc_JNL_10off_20on_20off,531,53.011,155121000,-41.44722342699909
odr7p_NaAc_JNL_10off_20on_20off,532,53.111,155139000,-41.440429053714276
odr7p_NaAc_JNL_10off_20on_20off,533,53.211,154843000,-41.552158747731255
odr7p_NaAc_JNL_10off_20on_20off,534,53.311,155703000,-41.22753869079002
odr7p_NaAc_JNL_10off_20on_20off,535,53.411,154746000,-41.58877287043276
odr7p_NaAc_JNL_10off_20on_20off,536,53.511,154030000,-41.85903794109546
odr7p_NaAc_JNL_10off_20on_20off,537,53.611,154290000,-41.76089699364812
odr7p_NaAc_JNL_10off_20on_20off,538,53.711,154411000,-41.71522370656685
odr7p_NaAc_JNL_10off_20on_20off,539,53.811,153514000,-42.0538099752602
odr7p_NaAc_JNL_10off_20on_20off,540,53.911,153265000,-42.14779880570016
odr7p_NaAc_JNL_10off_20on_20off,541,54.011,153471000,-42.070040978107265
odr7p_NaAc_JNL_10off_20on_20off,542,54.111,153106000,-42.20781576971604
odr7p_NaAc_JNL_10off_20on_20off,543,54.211,152530000,-42.42523571483017
odr7p_NaAc_JNL_10off_20on_20off,544,54.311,152434000,-42.46147237234919
odr7p_NaAc_JNL_10off_20on_20off,545,54.411,153203000,-42.171201647014534
odr7p_NaAc_JNL_10off_20on_20off,546,54.511,152453000,-42.454300533881884
odr7p_NaAc_JNL_10off_20on_20off,547,54.611,152762000,-42.337663792492535
odr7p_NaAc_JNL_10off_20on_20off,548,54.711,151573000,-42.78646989447291
odr7p_NaAc_JNL_10off_20on_20off,549,54.811,151802000,-42.70003036768274
odr7p_NaAc_JNL_10off_20on_20off,550,54.911,151530000,-42.80270089731997
odr7p_NaAc_JNL_10off_20on_20off,551,55.011,151631000,-42.764576913888504
odr7p_NaAc_JNL_10off_20on_20off,552,55.111,150613000,-43.148836469663124
odr7p_NaAc_JNL_10off_20on_20off,553,55.211,150640000,-43.1386449097359
odr7p_NaAc_JNL_10off_20on_20off,554,55.311,150810000,-43.074475828712636
odr7p_NaAc_JNL_10off_20on_20off,555,55.411,149537000,-43.554989006022154
odr7p_NaAc_JNL_10off_20on_20off,556,55.511,150179000,-43.3126563588637
odr7p_NaAc_JNL_10off_20on_20off,557,55.611,149606000,-43.52894390843036
odr7p_NaAc_JNL_10off_20on_20off,558,55.711,149623000,-43.52252700032803
odr7p_NaAc_JNL_10off_20on_20off,559,55.811,149600000,-43.5312086995253
odr7p_NaAc_JNL_10off_20on_20off,560,55.911,149350000,-43.62557499514775
odr7p_NaAc_JNL_10off_20on_20off,561,56.011,149138000,-43.705597613835586
odr7p_NaAc_JNL_10off_20on_20off,562,56.111,148907000,-43.792792070990735
odr7p_NaAc_JNL_10off_20on_20off,563,56.211,148304000,-44.02040357603208
odr7p_NaAc_JNL_10off_20on_20off,564,56.311,149576000,-43.54026786390505
odr7p_NaAc_JNL_10off_20on_20off,565,56.411,148429000,-43.973220428220856
odr7p_NaAc_JNL_10off_20on_20off,566,56.511,148137000,-44.083440261507874
odr7p_NaAc_JNL_10off_20on_20off,567,56.611,147863000,-44.18686572151009
odr7p_NaAc_JNL_10off_20on_20off,568,56.711,147870000,-44.184223465232655
odr7p_NaAc_JNL_10off_20on_20off,569,56.811,147361000,-44.37635324311997
odr7p_NaAc_JNL_10off_20on_20off,570,56.911,147269000,-44.41108003990903
odr7p_NaAc_JNL_10off_20on_20off,571,57.011,147351000,-44.38012789494486
odr7p_NaAc_JNL_10off_20on_20off,572,57.111,146954000,-44.52998157239332
odr7p_NaAc_JNL_10off_20on_20off,573,57.211,147397000,-44.362764496550334
odr7p_NaAc_JNL_10off_20on_20off,574,57.311,146858000,-44.566218229912344
odr7p_NaAc_JNL_10off_20on_20off,575,57.411,146835000,-44.574899929109606
odr7p_NaAc_JNL_10off_20on_20off,576,57.511,146742000,-44.61000419108115
odr7p_NaAc_JNL_10off_20on_20off,577,57.611,146160000,-44.82968892729022
odr7p_NaAc_JNL_10off_20on_20off,578,57.711,145712000,-44.998793329045654
odr7p_NaAc_JNL_10off_20on_20off,579,57.811,144909000,-45.301897870584966
odr7p_NaAc_JNL_10off_20on_20off,580,57.911,145078000,-45.238106254744196
odr7p_NaAc_JNL_10off_20on_20off,581,58.011,144738000,-45.36644441679073
odr7p_NaAc_JNL_10off_20on_20off,582,58.111,144836000,-45.329452828906724
odr7p_NaAc_JNL_10off_20on_20off,583,58.211,144167000,-45.5819770359924
odr7p_NaAc_JNL_10off_20on_20off,584,58.311,144152000,-45.58763901372975
odr7p_NaAc_JNL_10off_20on_20off,585,58.411,144135000,-45.59405592183208
odr7p_NaAc_JNL_10off_20on_20off,586,58.511,144356000,-45.51063611650183
odr7p_NaAc_JNL_10off_20on_20off,587,58.611,144202000,-45.56876575460526
odr7p_NaAc_JNL_10off_20on_20off,588,58.711,143505000,-45.831858986800654
odr7p_NaAc_JNL_10off_20on_20off,589,58.811,143429000,-45.86054634066988
odr7p_NaAc_JNL_10off_20on_20off,590,58.911,143487000,-45.838653360085466
odr7p_NaAc_JNL_10off_20on_20off,591,59.011,143171000,-45.95793235775225
odr7p_NaAc_JNL_10off_20on_20off,592,59.111,142807000,-46.09532968417854
odr7p_NaAc_JNL_10off_20on_20off,593,59.211,142069000,-46.37389898885601
odr7p_NaAc_JNL_10off_20on_20off,594,59.311,142668000,-46.147797344544614
odr7p_NaAc_JNL_10off_20on_20off,595,59.411,142115000,-46.356535590461476
odr7p_NaAc_JNL_10off_20on_20off,596,59.511,142214000,-46.31916653739499
odr7p_NaAc_JNL_10off_20on_20off,597,59.611,141895000,-46.43957793060924
odr7p_NaAc_JNL_10off_20on_20off,598,59.711,141586000,-46.55621467199859
odr7p_NaAc_JNL_10off_20on_20off,599,59.811,141366000,-46.639257012146345
odr7p_NaAc_JNL_10off_20on_20off,600,59.911,141760000,-46.49053573024536
