stim_jnl,frame,time_s,fluor,dff
odr7p_Myristate_1percent_JNL_5min_odorON_10s_50s,2,0.101,138320000,42.244899265809565
odr7p_Myristate_1percent_JNL_5min_odorON_10s_50s,3,0.2,134560000,38.378207382933304
odr7p_Myristate_1percent_JNL_5min_odorON_10s_50s,4,0.3,131878000,35.620104289881674
odr7p_Myristate_1percent_JNL_5min_odorON_10s_50s,5,0.4,127765000,31.390395855235386
odr7p_Myristate_1percent_JNL_5min_odorON_10s_50s,6,0.501,126362000,29.947585027662143
odr7p_Myristate_1percent_JNL_5min_odorON_10s_50s,7,0.601,123716000,27.226503452638056
odr7p_Myristate_1percent_JNL_5min_odorON_10s_50s,8,0.701,121196000,24.634997190710354
odr7p_Myristate_1percent_JNL_5min_odorON_10s_50s,9,0.8,119402999.99999999,22.79111991783876
odr7p_Myristate_1percent_JNL_5min_odorON_10s_50s,10,0.901,117326000,20.655184002749948
odr7p_Myristate_1percent_JNL_5min_odorON_10s_50s,11,1.001,115687999.99999999,18.970704932496925
odr7p_Myristate_1percent_JNL_5min_odorON_10s_50s,12,1.101,112913000,16.11696291787417
odr7p_Myristate_1percent_JNL_5min_odorON_10s_50s,13,1.201,112032000,15.210964101700238
odr7p_Myristate_1percent_JNL_5min_odorON_10s_50s,14,1.3,110305000.00000001,13.434959611879165
odr7p_Myristate_1percent_JNL_5min_odorON_10s_50s,15,1.401,109119000.00000001,12.215306267971918
odr7p_Myristate_1percent_JNL_5min_odorON_10s_50s,16,1.5,106976000,10.01149756983259
odr7p_Myristate_1percent_JNL_5min_odorON_10s_50s,17,1.601,105312999.99999999,8.301309112060443
odr7p_Myristate_1percent_JNL_5min_odorON_10s_50s,18,1.7,104468000,7.4323318139140655
odr7p_Myristate_1percent_JNL_5min_odorON_10s_50s,19,1.8,102980000,5.902109068775801
odr7p_Myristate_1percent_JNL_5min_odorON_10s_50s,20,1.901,102027000,4.922067216546792
odr7p_Myristate_1percent_JNL_5min_odorON_10s_50s,21,2.001,100877000,3.739435390667086
odr7p_Myristate_1percent_JNL_5min_odorON_10s_50s,22,2.1,100271000,3.116239837203519
odr7p_Myristate_1percent_JNL_5min_odorON_10s_50s,23,2.2,98786000,1.5891022185675503
odr7p_Myristate_1percent_JNL_5min_odorON_10s_50s,24,2.3,97670200,0.4416408348140055
odr7p_Myristate_1percent_JNL_5min_odorON_10s_50s,25,2.4,97285200,0.04571626701949508
odr7p_Myristate_1percent_JNL_5min_odorON_10s_50s,26,2.501,95082200,-2.219794961165716
odr7p_Myristate_1percent_JNL_5min_odorON_10s_50s,27,2.6,95318900,-1.97637848013465
odr7p_Myristate_1percent_JNL_5min_odorON_10s_50s,28,2.7,92799400,-4.567370554311972
odr7p_Myristate_1percent_JNL_5min_odorON_10s_50s,29,2.8,92843000,-4.52253338247862
odr7p_Myristate_1percent_JNL_5min_odorON_10s_50s,30,2.9,92446800,-4.9299757558816975
odr7p_Myristate_1percent_JNL_5min_odorON_10s_50s,31,3,91473500,-5.930893630776236
odr7p_Myristate_1percent_JNL_5min_odorON_10s_50s,32,3.1,90950900.00000001,-6.46832266747599
odr7p_Myristate_1percent_JNL_5min_odorON_10s_50s,33,3.2,90542500,-6.888311221988415
odr7p_Myristate_1percent_JNL_5min_odorON_10s_50s,34,3.301,89813700,-7.6377912869459195
odr7p_Myristate_1percent_JNL_5min_odorON_10s_50s,35,3.401,88687400,-8.796050613457497
odr7p_Myristate_1percent_JNL_5min_odorON_10s_50s,36,3.501,88298800,-9.19567733305476
odr7p_Myristate_1percent_JNL_5min_odorON_10s_50s,37,3.601,87005900,-10.52526401799378
odr7p_Myristate_1percent_JNL_5min_odorON_10s_50s,38,3.701,86378500,-11.170466807173717
odr7p_Myristate_1percent_JNL_5min_odorON_10s_50s,39,3.801,85744900.00000001,-11.822045524458384
odr7p_Myristate_1percent_JNL_5min_odorON_10s_50s,40,3.901,85460999.99999999,-12.114001329125585
odr7p_Myristate_1percent_JNL_5min_odorON_10s_50s,41,4.001,84905300,-12.685469594900658
odr7p_Myristate_1percent_JNL_5min_odorON_10s_50s,42,4.101,84519000,-13.082731050846164
odr7p_Myristate_1percent_JNL_5min_odorON_10s_50s,43,4.201,83648500,-13.977931924262062
odr7p_Myristate_1percent_JNL_5min_odorON_10s_50s,44,4.301,83764900,-13.858229015973023
odr7p_Myristate_1percent_JNL_5min_odorON_10s_50s,45,4.401,83223000,-14.415505699837555
odr7p_Myristate_1percent_JNL_5min_odorON_10s_50s,46,4.501,82514000,-15.144623929879913
odr7p_Myristate_1percent_JNL_5min_odorON_10s_50s,47,4.601,82117300,-15.552580491033375
odr7p_Myristate_1percent_JNL_5min_odorON_10s_50s,48,4.701,81324000,-16.368390775790218
odr7p_Myristate_1percent_JNL_5min_odorON_10s_50s,49,4.801,81224000,-16.471228325866715
odr7p_Myristate_1percent_JNL_5min_odorON_10s_50s,50,4.901,81051300.00000001,-16.64882877484881
odr7p_Myristate_1percent_JNL_5min_odorON_10s_50s,51,5.001,80820600,-16.8860750028753
odr7p_Myristate_1percent_JNL_5min_odorON_10s_50s,52,5.101,80357200,-17.362624209929784
odr7p_Myristate_1percent_JNL_5min_odorON_10s_50s,53,5.201,79982600,-17.74785367251634
odr7p_Myristate_1percent_JNL_5min_odorON_10s_50s,54,5.301,79033700,-18.72367918519221
odr7p_Myristate_1percent_JNL_5min_odorON_10s_50s,55,5.401,78860300,-18.901999497024857
odr7p_Myristate_1percent_JNL_5min_odorON_10s_50s,56,5.501,78797100,-18.966992828673202
odr7p_Myristate_1percent_JNL_5min_odorON_10s_50s,57,5.601,78589600,-19.180380745081933
odr7p_Myristate_1percent_JNL_5min_odorON_10s_50s,58,5.701,78212100,-19.568592496620703
odr7p_Myristate_1percent_JNL_5min_odorON_10s_50s,59,5.801,77234700,-20.573726711068378
odr7p_Myristate_1percent_JNL_5min_odorON_10s_50s,60,5.901,76782700,-21.03855243741414
odr7p_Myristate_1percent_JNL_5min_odorON_10s_50s,61,6.001,77023500,-20.79091961682994
odr7p_Myristate_1percent_JNL_5min_odorON_10s_50s,62,6.101,76976500,-20.839253265365894
odr7p_Myristate_1percent_JNL_5min_odorON_10s_50s,63,6.201,76360400,-21.472835411387184
odr7p_Myristate_1percent_JNL_5min_odorON_10s_50s,64,6.301,75920200,-21.92552630682392
odr7p_Myristate_1percent_JNL_5min_odorON_10s_50s,65,6.401,75401100,-22.459356029271014
odr7p_Myristate_1percent_JNL_5min_odorON_10s_50s,66,6.501,75516400,-22.34078433403281
odr7p_Myristate_1percent_JNL_5min_odorON_10s_50s,67,6.611,75194800,-22.671509895078827
odr7p_Myristate_1percent_JNL_5min_odorON_10s_50s,68,6.711,74428100,-23.459965391515322
odr7p_Myristate_1percent_JNL_5min_odorON_10s_50s,69,6.801,73994700,-23.905663333546855
odr7p_Myristate_1percent_JNL_5min_odorON_10s_50s,70,6.901,73853900,-24.050458604054562
odr7p_Myristate_1percent_JNL_5min_odorON_10s_50s,71,7.001,73577200,-24.33501010511623
odr7p_Myristate_1percent_JNL_5min_odorON_10s_50s,72,7.101,65390900,-32.753600467028434
odr7p_Myristate_1percent_JNL_5min_odorON_10s_50s,73,7.201,71668400,-26.297973260976388
odr7p_Myristate_1percent_JNL_5min_odorON_10s_50s,74,7.301,65507600,-32.63358904608917
odr7p_Myristate_1percent_JNL_5min_odorON_10s_50s,75,7.401,70900500,-27.087662808013803
odr7p_Myristate_1percent_JNL_5min_odorON_10s_50s,76,7.511,72405600,-25.53985484181246
odr7p_Myristate_1percent_JNL_5min_odorON_10s_50s,77,7.611,72614800,-25.324718687052428
odr7p_Myristate_1percent_JNL_5min_odorON_10s_50s,78,7.711,72319300,-25.628603647528475
odr7p_Myristate_1percent_JNL_5min_odorON_10s_50s,79,7.811,72035800,-25.920148101995338
odr7p_Myristate_1percent_JNL_5min_odorON_10s_50s,80,7.911,71837000,-26.12458915154742
odr7p_Myristate_1percent_JNL_5min_odorON_10s_50s,81,8.011,72231000,-25.71940920424602
odr7p_Myristate_1percent_JNL_5min_odorON_10s_50s,82,8.111,71628300,-26.33921111855706
odr7p_Myristate_1percent_JNL_5min_odorON_10s_50s,83,8.211,72016000,-25.940509936910487
odr7p_Myristate_1percent_JNL_5min_odorON_10s_50s,84,8.311,71380600,-26.593939730096544
odr7p_Myristate_1percent_JNL_5min_odorON_10s_50s,85,8.411,71218600,-26.760536561220466
odr7p_Myristate_1percent_JNL_5min_odorON_10s_50s,86,8.511,70805600,-27.1852556430364
odr7p_Myristate_1percent_JNL_5min_odorON_10s_50s,87,8.611,70530600,-27.468058905746762
odr7p_Myristate_1percent_JNL_5min_odorON_10s_50s,88,8.711,70564100,-27.433608326471138
odr7p_Myristate_1percent_JNL_5min_odorON_10s_50s,89,8.811,70350600,-27.653166495884456
odr7p_Myristate_1percent_JNL_5min_odorON_10s_50s,90,8.911,69944100,-28.07120113694541
odr7p_Myristate_1percent_JNL_5min_odorON_10s_50s,91,9.011,69694000,-28.328397849686727
odr7p_Myristate_1percent_JNL_5min_odorON_10s_50s,92,9.111,69561400,-28.46476044108816
odr7p_Myristate_1percent_JNL_5min_odorON_10s_50s,93,9.211,70071300,-27.94039177324811
odr7p_Myristate_1percent_JNL_5min_odorON_10s_50s,94,9.311,69550000,-28.476483921796884
odr7p_Myristate_1percent_JNL_5min_odorON_10s_50s,95,9.411,69096000,-28.94336639914418
odr7p_Myristate_1percent_JNL_5min_odorON_10s_50s,96,9.511,69316000,-28.717123788975883
odr7p_Myristate_1percent_JNL_5min_odorON_10s_50s,97,9.611,68877800,-29.167757933411092
odr7p_Myristate_1percent_JNL_5min_odorON_10s_50s,98,9.711,68135300,-29.931326742729077
odr7p_Myristate_1percent_JNL_5min_odorON_10s_50s,99,9.811,68469900,-29.587232300173117
odr7p_Myristate_1percent_JNL_5min_odorON_10s_50s,100,9.911,66742500,-31.363648140194517
odr7p_Myristate_1percent_JNL_5min_odorON_10s_50s,101,10.011,66834700,-31.268831919023988
odr7p_Myristate_1percent_JNL_5min_odorON_10s_50s,102,10.111,64343100,-33.83113231672996
odr7p_Myristate_1percent_JNL_5min_odorON_10s_50s,103,10.211,62967500,-35.24576565558225
odr7p_Myristate_1percent_JNL_5min_odorON_10s_50s,104,10.311,63259900,-34.94506865915857
odr7p_Myristate_1percent_JNL_5min_odorON_10s_50s,105,10.411,64212100,-33.96584950733018
odr7p_Myristate_1percent_JNL_5min_odorON_10s_50s,106,10.511,64685400,-33.47911938281812
odr7p_Myristate_1percent_JNL_5min_odorON_10s_50s,107,10.611,65581800,-32.5572835839324
odr7p_Myristate_1percent_JNL_5min_odorON_10s_50s,108,10.711,65549200,-32.590808625257345
odr7p_Myristate_1percent_JNL_5min_odorON_10s_50s,109,10.811,65844600,-32.28702650233137
odr7p_Myristate_1percent_JNL_5min_odorON_10s_50s,110,10.911,65816400,-32.31602669145295
odr7p_Myristate_1percent_JNL_5min_odorON_10s_50s,111,11.011,65932500,-32.19663229581413
odr7p_Myristate_1percent_JNL_5min_odorON_10s_50s,112,11.111,65862700,-32.268412905767526
odr7p_Myristate_1percent_JNL_5min_odorON_10s_50s,113,11.211,65362500,-32.782806331250164
odr7p_Myristate_1percent_JNL_5min_odorON_10s_50s,114,11.311,65258600,-32.88965454577964
odr7p_Myristate_1percent_JNL_5min_odorON_10s_50s,115,11.411,65154500.00000001,-32.99670843540927
odr7p_Myristate_1percent_JNL_5min_odorON_10s_50s,116,11.511,64691300,-33.4730519673636
odr7p_Myristate_1percent_JNL_5min_odorON_10s_50s,117,11.611,65082600,-33.070648633914274
odr7p_Myristate_1percent_JNL_5min_odorON_10s_50s,118,11.711,64221800,-33.95587426497275
odr7p_Myristate_1percent_JNL_5min_odorON_10s_50s,119,11.811,64452800,-33.71831952429605
odr7p_Myristate_1percent_JNL_5min_odorON_10s_50s,120,11.911,63982100,-34.20237587250611
odr7p_Myristate_1percent_JNL_5min_odorON_10s_50s,121,12.011,63831600,-34.35714638537124
odr7p_Myristate_1percent_JNL_5min_odorON_10s_50s,122,12.111,63537700,-34.65938594504607
odr7p_Myristate_1percent_JNL_5min_odorON_10s_50s,123,12.211,63301500,-34.90228823832675
odr7p_Myristate_1percent_JNL_5min_odorON_10s_50s,124,12.311,63555700,-34.6408751860323
odr7p_Myristate_1percent_JNL_5min_odorON_10s_50s,125,12.411,62931400,-35.282890011159864
odr7p_Myristate_1percent_JNL_5min_odorON_10s_50s,126,12.511,62944200,-35.269726804750064
odr7p_Myristate_1percent_JNL_5min_odorON_10s_50s,127,12.611,62980800,-35.23208826142207
odr7p_Myristate_1percent_JNL_5min_odorON_10s_50s,128,12.711,63162800,-35.04492392028285
odr7p_Myristate_1percent_JNL_5min_odorON_10s_50s,129,12.811,63132800,-35.075775185305794
odr7p_Myristate_1percent_JNL_5min_odorON_10s_50s,130,12.911,63167600.00000001,-35.039987717879164
odr7p_Myristate_1percent_JNL_5min_odorON_10s_50s,131,13.011,63219700,-34.98640935428932
odr7p_Myristate_1percent_JNL_5min_odorON_10s_50s,132,13.111,62826700.00000001,-35.39056092608995
odr7p_Myristate_1percent_JNL_5min_odorON_10s_50s,133,13.211,63107100,-35.10220443567545
odr7p_Myristate_1percent_JNL_5min_odorON_10s_50s,134,13.311,62584900,-35.63922212217492
odr7p_Myristate_1percent_JNL_5min_odorON_10s_50s,135,13.411,62900200,-35.314975326783724
odr7p_Myristate_1percent_JNL_5min_odorON_10s_50s,136,13.511,63023700,-35.18797095243926
odr7p_Myristate_1percent_JNL_5min_odorON_10s_50s,137,13.611,62403300,-35.82597511311384
odr7p_Myristate_1percent_JNL_5min_odorON_10s_50s,138,13.711,62207900,-36.02691968596331
odr7p_Myristate_1percent_JNL_5min_odorON_10s_50s,139,13.811,62597400,-35.62636742841536
odr7p_Myristate_1percent_JNL_5min_odorON_10s_50s,140,13.911,62237000,-35.996993958891046
odr7p_Myristate_1percent_JNL_5min_odorON_10s_50s,141,14.011,61665000,-36.58522474532861
odr7p_Myristate_1percent_JNL_5min_odorON_10s_50s,142,14.111,61314500,-36.945670358346725
odr7p_Myristate_1percent_JNL_5min_odorON_10s_50s,143,14.211,61271300,-36.99009617997977
odr7p_Myristate_1percent_JNL_5min_odorON_10s_50s,144,14.311,61388200,-36.86987908394035
odr7p_Myristate_1percent_JNL_5min_odorON_10s_50s,145,14.411,61938000.00000001,-36.30447823361977
odr7p_Myristate_1percent_JNL_5min_odorON_10s_50s,146,14.511,60865900,-37.40699960798989
odr7p_Myristate_1percent_JNL_5min_odorON_10s_50s,147,14.611,61191000.00000001,-37.0726747326912
odr7p_Myristate_1percent_JNL_5min_odorON_10s_50s,148,14.711,61434500,-36.82226529825493
odr7p_Myristate_1percent_JNL_5min_odorON_10s_50s,149,14.811,61020500,-37.24801275557163
odr7p_Myristate_1percent_JNL_5min_odorON_10s_50s,150,14.911,60957000,-37.3133145998702
odr7p_Myristate_1percent_JNL_5min_odorON_10s_50s,151,15.011,60821700,-37.4524538051237
odr7p_Myristate_1percent_JNL_5min_odorON_10s_50s,152,15.111,60811200,-37.463251747881735
odr7p_Myristate_1percent_JNL_5min_odorON_10s_50s,153,15.211,60454100.00000001,-37.83048463920489
odr7p_Myristate_1percent_JNL_5min_odorON_10s_50s,154,15.311,60684699.99999999,-37.59334124872851
odr7p_Myristate_1percent_JNL_5min_odorON_10s_50s,155,15.411,60239900.00000001,-38.05076267146875
odr7p_Myristate_1percent_JNL_5min_odorON_10s_50s,156,15.511,59192900,-39.12747182076967
odr7p_Myristate_1percent_JNL_5min_odorON_10s_50s,157,15.611,60323800,-37.96448196695458
odr7p_Myristate_1percent_JNL_5min_odorON_10s_50s,158,15.711,59374300,-38.940924504930905
odr7p_Myristate_1percent_JNL_5min_odorON_10s_50s,159,15.811,59558400,-38.75160057524008
odr7p_Myristate_1percent_JNL_5min_odorON_10s_50s,160,15.911,59118400,-39.20408579557666
odr7p_Myristate_1percent_JNL_5min_odorON_10s_50s,161,16.011,58693500,-39.6410425458517
odr7p_Myristate_1percent_JNL_5min_odorON_10s_50s,162,16.111,58781800.00000001,-39.55023698913414
odr7p_Myristate_1percent_JNL_5min_odorON_10s_50s,163,16.211,58782800,-39.54920861363338
odr7p_Myristate_1percent_JNL_5min_odorON_10s_50s,164,16.311,58350300,-39.99398101771423
odr7p_Myristate_1percent_JNL_5min_odorON_10s_50s,165,16.411,57557800,-40.808968602070465
odr7p_Myristate_1percent_JNL_5min_odorON_10s_50s,166,16.511,57366800,-41.00538832271657
odr7p_Myristate_1percent_JNL_5min_odorON_10s_50s,167,16.611,56677600,-41.71414471784378
odr7p_Myristate_1percent_JNL_5min_odorON_10s_50s,168,16.711,57350500,-41.02215084337904
odr7p_Myristate_1percent_JNL_5min_odorON_10s_50s,169,16.811,57259200,-41.11604152659888
odr7p_Myristate_1percent_JNL_5min_odorON_10s_50s,170,16.911,56512900,-41.88351816281977
odr7p_Myristate_1percent_JNL_5min_odorON_10s_50s,171,17.011,55845200.00000001,-42.570164484680525
odr7p_Myristate_1percent_JNL_5min_odorON_10s_50s,172,17.111,56352399.99999999,-42.04857243069255
odr7p_Myristate_1percent_JNL_5min_odorON_10s_50s,173,17.211,55652100.00000001,-42.768743793878244
odr7p_Myristate_1percent_JNL_5min_odorON_10s_50s,174,17.311,55683999.99999999,-42.73593861540385
odr7p_Myristate_1percent_JNL_5min_odorON_10s_50s,175,17.411,55407100,-43.020695791565664
odr7p_Myristate_1percent_JNL_5min_odorON_10s_50s,176,17.511,54043900,-44.422577274208464
odr7p_Myristate_1percent_JNL_5min_odorON_10s_50s,177,17.611,54506600,-43.94674793000451
odr7p_Myristate_1percent_JNL_5min_odorON_10s_50s,178,17.711,53716600,-44.759164575608835
odr7p_Myristate_1percent_JNL_5min_odorON_10s_50s,179,17.811,53571900,-44.90797051056952
odr7p_Myristate_1percent_JNL_5min_odorON_10s_50s,180,17.911,52859900,-45.64017386711418
odr7p_Myristate_1percent_JNL_5min_odorON_10s_50s,181,18.011,52584500,-45.92338848002485
odr7p_Myristate_1percent_JNL_5min_odorON_10s_50s,182,18.111,52686200,-45.81880269159705
odr7p_Myristate_1percent_JNL_5min_odorON_10s_50s,183,18.211,51716200,-46.81632692733906
odr7p_Myristate_1percent_JNL_5min_odorON_10s_50s,184,18.311,51390100,-47.15168017813852
odr7p_Myristate_1percent_JNL_5min_odorON_10s_50s,185,18.411,51271699.99999999,-47.2734398374291
odr7p_Myristate_1percent_JNL_5min_odorON_10s_50s,186,18.511,51182700,-47.36496525699717
odr7p_Myristate_1percent_JNL_5min_odorON_10s_50s,187,18.611,50823500,-47.73435773687195
odr7p_Myristate_1percent_JNL_5min_odorON_10s_50s,188,18.711,50924900,-47.63008046109438
odr7p_Myristate_1percent_JNL_5min_odorON_10s_50s,189,18.811,51027500,-47.5245691347159
odr7p_Myristate_1percent_JNL_5min_odorON_10s_50s,190,18.911,50902700,-47.652910397211365
odr7p_Myristate_1percent_JNL_5min_odorON_10s_50s,191,19.011,51080600,-47.469962395625274
odr7p_Myristate_1percent_JNL_5min_odorON_10s_50s,192,19.111,50598000,-47.96625641229444
odr7p_Myristate_1percent_JNL_5min_odorON_10s_50s,193,19.211,50358000,-48.21306653247804
odr7p_Myristate_1percent_JNL_5min_odorON_10s_50s,194,19.311,50673100,-47.889025412186996
odr7p_Myristate_1percent_JNL_5min_odorON_10s_50s,195,19.411,50122700,-48.45504328780803
odr7p_Myristate_1percent_JNL_5min_odorON_10s_50s,196,19.511,50932000.00000001,-47.62277899503894
odr7p_Myristate_1percent_JNL_5min_odorON_10s_50s,197,19.611,50492900,-48.07433867742484
odr7p_Myristate_1percent_JNL_5min_odorON_10s_50s,198,19.711,49821600,-48.76468715108836
odr7p_Myristate_1percent_JNL_5min_odorON_10s_50s,199,19.811,51031200,-47.52076414536307
odr7p_Myristate_1percent_JNL_5min_odorON_10s_50s,200,19.911,50940300,-47.6142434783826
odr7p_Myristate_1percent_JNL_5min_odorON_10s_50s,201,20.011,50576800.00000001,-47.98805797291065
odr7p_Myristate_1percent_JNL_5min_odorON_10s_50s,202,20.111,50823900,-47.73394638667164
odr7p_Myristate_1percent_JNL_5min_odorON_10s_50s,203,20.211,50713800.00000001,-47.847170529305856
odr7p_Myristate_1percent_JNL_5min_odorON_10s_50s,204,20.311,51042400,-47.5092463397545
odr7p_Myristate_1percent_JNL_5min_odorON_10s_50s,205,20.411,50499100,-48.067962749320095
odr7p_Myristate_1percent_JNL_5min_odorON_10s_50s,206,20.511,50002200,-48.57896253565021
odr7p_Myristate_1percent_JNL_5min_odorON_10s_50s,207,20.611,49638600.00000001,-48.95287986772834
odr7p_Myristate_1percent_JNL_5min_odorON_10s_50s,208,20.711,50420700,-48.14858738858007
odr7p_Myristate_1percent_JNL_5min_odorON_10s_50s,209,20.811,49946200,-48.63655156369305
odr7p_Myristate_1percent_JNL_5min_odorON_10s_50s,210,20.911,50004700,-48.5763915968983
odr7p_Myristate_1percent_JNL_5min_odorON_10s_50s,211,21.011,50133900,-48.44352548219946
odr7p_Myristate_1percent_JNL_5min_odorON_10s_50s,212,21.111,49588500,-49.00440148031667
odr7p_Myristate_1percent_JNL_5min_odorON_10s_50s,213,21.211,50140100,-48.437149554094724
odr7p_Myristate_1percent_JNL_5min_odorON_10s_50s,214,21.311,49348100,-49.25162295070057
odr7p_Myristate_1percent_JNL_5min_odorON_10s_50s,215,21.411,48935400,-49.676033519866266
odr7p_Myristate_1percent_JNL_5min_odorON_10s_50s,216,21.511,49113200,-49.493188355830256
odr7p_Myristate_1percent_JNL_5min_odorON_10s_50s,217,21.611,49178499.99999999,-49.42603543563032
odr7p_Myristate_1percent_JNL_5min_odorON_10s_50s,218,21.711,49210500,-49.39312741960583
odr7p_Myristate_1percent_JNL_5min_odorON_10s_50s,219,21.811,48966500,-49.64405104179248
odr7p_Myristate_1percent_JNL_5min_odorON_10s_50s,220,21.911,49132700,-49.47313503356535
odr7p_Myristate_1percent_JNL_5min_odorON_10s_50s,221,22.011,48353400.00000001,-50.27454806131148
odr7p_Myristate_1percent_JNL_5min_odorON_10s_50s,222,22.111,49026500.00000001,-49.582348511746574
odr7p_Myristate_1percent_JNL_5min_odorON_10s_50s,223,22.211,48590799.99999999,-50.03041171742989
odr7p_Myristate_1percent_JNL_5min_odorON_10s_50s,224,22.311,48268900,-50.361445791126116
odr7p_Myristate_1percent_JNL_5min_odorON_10s_50s,225,22.411,48339400,-50.288945318322185
odr7p_Myristate_1percent_JNL_5min_odorON_10s_50s,226,22.511,48038900,-50.59797215630206
odr7p_Myristate_1percent_JNL_5min_odorON_10s_50s,227,22.611,48302600,-50.32678953675034
odr7p_Myristate_1percent_JNL_5min_odorON_10s_50s,228,22.711,48102700,-50.532361799353254
odr7p_Myristate_1percent_JNL_5min_odorON_10s_50s,229,22.811,47262700.00000001,-51.39619721999582
odr7p_Myristate_1percent_JNL_5min_odorON_10s_50s,230,22.911,47752000,-50.89301308747153
odr7p_Myristate_1percent_JNL_5min_odorON_10s_50s,231,23.011,47789300,-50.854654681293
odr7p_Myristate_1percent_JNL_5min_odorON_10s_50s,232,23.111,47986900,-50.651447682341846
odr7p_Myristate_1percent_JNL_5min_odorON_10s_50s,233,23.211,47359500,-51.29665047152178
odr7p_Myristate_1percent_JNL_5min_odorON_10s_50s,234,23.311,46581300,-52.09693228621707
odr7p_Myristate_1percent_JNL_5min_odorON_10s_50s,235,23.411,47204499.99999999,-51.456048674140355
odr7p_Myristate_1percent_JNL_5min_odorON_10s_50s,236,23.511,46273799.99999999,-52.4131577527023
odr7p_Myristate_1percent_JNL_5min_odorON_10s_50s,237,23.611,46515200,-52.16490790681764
odr7p_Myristate_1percent_JNL_5min_odorON_10s_50s,238,23.711,46182500,-52.50704843592213
odr7p_Myristate_1percent_JNL_5min_odorON_10s_50s,239,23.811,46159600,-52.53059823488966
odr7p_Myristate_1percent_JNL_5min_odorON_10s_50s,240,23.911,46119400,-52.5719389300204
odr7p_Myristate_1percent_JNL_5min_odorON_10s_50s,241,24.011,46034100,-52.65965936023566
odr7p_Myristate_1percent_JNL_5min_odorON_10s_50s,242,24.111,45310900,-53.40338052238888
odr7p_Myristate_1percent_JNL_5min_odorON_10s_50s,243,24.211,44907700.00000001,-53.8180215242973
odr7p_Myristate_1percent_JNL_5min_odorON_10s_50s,244,24.311,44788600,-53.94050104643841
odr7p_Myristate_1percent_JNL_5min_odorON_10s_50s,245,24.411,44728300,-54.00251208913455
odr7p_Myristate_1percent_JNL_5min_odorON_10s_50s,246,24.511,44585900,-54.14895276044347
odr7p_Myristate_1percent_JNL_5min_odorON_10s_50s,247,24.611,44225700,-54.51937361581901
odr7p_Myristate_1percent_JNL_5min_odorON_10s_50s,248,24.711,43939199.99999999,-54.814003196788185
odr7p_Myristate_1percent_JNL_5min_odorON_10s_50s,249,27.101,44379700,-54.36100378870121
odr7p_Myristate_1percent_JNL_5min_odorON_10s_50s,250,27.121,43667900,-55.09300147014571
odr7p_Myristate_1percent_JNL_5min_odorON_10s_50s,251,27.141,43061000,-55.71712256155996
odr7p_Myristate_1percent_JNL_5min_odorON_10s_50s,252,27.161,43552300,-55.21188167803414
odr7p_Myristate_1percent_JNL_5min_odorON_10s_50s,253,27.181,43281000,-55.49087995139167
odr7p_Myristate_1percent_JNL_5min_odorON_10s_50s,254,27.211,42471500.00000001,-56.3233499192609
odr7p_Myristate_1percent_JNL_5min_odorON_10s_50s,255,27.231,41913700,-56.89697777358761
odr7p_Myristate_1percent_JNL_5min_odorON_10s_50s,256,27.251,42044700,-56.7622605829874
odr7p_Myristate_1percent_JNL_5min_odorON_10s_50s,257,27.271,41902900,-56.90808422899587
odr7p_Myristate_1percent_JNL_5min_odorON_10s_50s,258,27.301,42128400,-56.67618555357337
odr7p_Myristate_1percent_JNL_5min_odorON_10s_50s,259,27.321,41688599.99999999,-57.12846509880981
odr7p_Myristate_1percent_JNL_5min_odorON_10s_50s,260,27.341,41191400,-57.63977339779014
odr7p_Myristate_1percent_JNL_5min_odorON_10s_50s,261,27.361,41649100,-57.16908593109002
odr7p_Myristate_1percent_JNL_5min_odorON_10s_50s,262,27.381,40864100,-57.97636069919051
odr7p_Myristate_1percent_JNL_5min_odorON_10s_50s,263,27.411,41017700,-57.818402222273015
odr7p_Myristate_1percent_JNL_5min_odorON_10s_50s,264,27.431,40834000,-58.007314801763535
odr7p_Myristate_1percent_JNL_5min_odorON_10s_50s,265,27.451,40839200,-58.001967249159556
odr7p_Myristate_1percent_JNL_5min_odorON_10s_50s,266,27.471,39753000,-59.118988718090456
odr7p_Myristate_1percent_JNL_5min_odorON_10s_50s,267,27.501,39792700,-59.0781622107101
odr7p_Myristate_1percent_JNL_5min_odorON_10s_50s,268,27.521,39308300,-59.57630730328064
odr7p_Myristate_1percent_JNL_5min_odorON_10s_50s,269,27.611,38979400,-59.91454000548223
odr7p_Myristate_1percent_JNL_5min_odorON_10s_50s,270,27.711,39603700,-59.27252518035468
odr7p_Myristate_1percent_JNL_5min_odorON_10s_50s,271,27.811,39071700,-59.81962094676163
odr7p_Myristate_1percent_JNL_5min_odorON_10s_50s,272,27.911,39232200,-59.654566678888855
odr7p_Myristate_1percent_JNL_5min_odorON_10s_50s,273,28.011,39166000,-59.722645137039486
odr7p_Myristate_1percent_JNL_5min_odorON_10s_50s,274,28.111,38751900,-60.14849543190627
odr7p_Myristate_1percent_JNL_5min_odorON_10s_50s,275,28.211,39364900,-59.51810124993734
odr7p_Myristate_1percent_JNL_5min_odorON_10s_50s,276,28.311,38391900,-60.51871061218165
odr7p_Myristate_1percent_JNL_5min_odorON_10s_50s,277,28.411,38349100,-60.56272508361439
odr7p_Myristate_1percent_JNL_5min_odorON_10s_50s,278,28.511,38276800,-60.6370766323197
odr7p_Myristate_1percent_JNL_5min_odorON_10s_50s,279,28.611,37825600,-61.101079658264844
odr7p_Myristate_1percent_JNL_5min_odorON_10s_50s,280,28.711,38689600,-60.21256322560392
odr7p_Myristate_1percent_JNL_5min_odorON_10s_50s,281,28.811,38079800,-60.8396666059704
odr7p_Myristate_1percent_JNL_5min_odorON_10s_50s,282,28.911,37231300,-61.712243218369466
odr7p_Myristate_1percent_JNL_5min_odorON_10s_50s,283,29.011,37993300,-60.92862108678656
odr7p_Myristate_1percent_JNL_5min_odorON_10s_50s,284,29.111,37334200,-61.60642337934075
odr7p_Myristate_1percent_JNL_5min_odorON_10s_50s,285,29.211,38266800,-60.64736038732734
odr7p_Myristate_1percent_JNL_5min_odorON_10s_50s,286,29.311,37803900,-61.123395406631445
odr7p_Myristate_1percent_JNL_5min_odorON_10s_50s,287,29.411,37958900,-60.96399720401288
odr7p_Myristate_1percent_JNL_5min_odorON_10s_50s,288,29.511,37977100,-60.94528076989896
odr7p_Myristate_1percent_JNL_5min_odorON_10s_50s,289,29.611,37357000,-61.582976417923305
odr7p_Myristate_1percent_JNL_5min_odorON_10s_50s,290,29.711,37128900,-61.8175488696478
odr7p_Myristate_1percent_JNL_5min_odorON_10s_50s,291,29.811,37095700,-61.851690936273194
odr7p_Myristate_1percent_JNL_5min_odorON_10s_50s,292,29.911,36856500,-62.09767835605617
odr7p_Myristate_1percent_JNL_5min_odorON_10s_50s,293,30.011,36775200,-62.18128528426836
odr7p_Myristate_1percent_JNL_5min_odorON_10s_50s,294,30.111,36781400,-62.174909356163624
odr7p_Myristate_1percent_JNL_5min_odorON_10s_50s,295,30.211,36513400,-62.45051399036863
odr7p_Myristate_1percent_JNL_5min_odorON_10s_50s,296,30.311,36279000,-62.691565207747935
odr7p_Myristate_1percent_JNL_5min_odorON_10s_50s,297,30.411,35740600,-63.2452425773598
odr7p_Myristate_1percent_JNL_5min_odorON_10s_50s,298,30.511,35694800,-63.29234217529483
odr7p_Myristate_1percent_JNL_5min_odorON_10s_50s,299,30.611,36077700,-62.89857719605193
odr7p_Myristate_1percent_JNL_5min_odorON_10s_50s,300,30.711,35822400,-63.161121461397215
odr7p_Myristate_1percent_JNL_5min_odorON_10s_50s,301,30.811,35718100,-63.26838102612701
odr7p_Myristate_1percent_JNL_5min_odorON_10s_50s,302,30.911,35362700,-63.633865679098875
odr7p_Myristate_1percent_JNL_5min_odorON_10s_50s,303,31.011,35248900,-63.75089481108592
odr7p_Myristate_1percent_JNL_5min_odorON_10s_50s,304,31.111,35331700,-63.66574531962259
odr7p_Myristate_1percent_JNL_5min_odorON_10s_50s,305,31.211,34805500,-64.2068765081251
odr7p_Myristate_1percent_JNL_5min_odorON_10s_50s,306,31.311,34956700,-64.05138613240945
odr7p_Myristate_1percent_JNL_5min_odorON_10s_50s,307,31.411,35531900,-63.45986454436944
odr7p_Myristate_1percent_JNL_5min_odorON_10s_50s,308,31.511,34883000,-64.12717740681583
odr7p_Myristate_1percent_JNL_5min_odorON_10s_50s,309,31.611,35060300,-63.9448464305302
odr7p_Myristate_1percent_JNL_5min_odorON_10s_50s,310,31.711,34538700,-64.4812470917292
odr7p_Myristate_1percent_JNL_5min_odorON_10s_50s,311,31.811,35453000,-63.5410033713798
odr7p_Myristate_1percent_JNL_5min_odorON_10s_50s,312,31.911,35010900,-63.995648180267985
odr7p_Myristate_1percent_JNL_5min_odorON_10s_50s,313,32.011,34842300,-64.16903228969696
odr7p_Myristate_1percent_JNL_5min_odorON_10s_50s,314,32.111,34247200,-64.78101855020219
odr7p_Myristate_1percent_JNL_5min_odorON_10s_50s,315,32.211,33540500,-65.50777151659278
odr7p_Myristate_1percent_JNL_5min_odorON_10s_50s,316,32.311,33514400.000000004,-65.53461211716275
odr7p_Myristate_1percent_JNL_5min_odorON_10s_50s,317,32.411,33473500,-65.57667267514404
odr7p_Myristate_1percent_JNL_5min_odorON_10s_50s,318,32.511,33348700,-65.7050139376395
odr7p_Myristate_1percent_JNL_5min_odorON_10s_50s,319,32.611,33399200.000000004,-65.65308097485088
odr7p_Myristate_1percent_JNL_5min_odorON_10s_50s,320,32.711,33403100,-65.64907031039789
odr7p_Myristate_1percent_JNL_5min_odorON_10s_50s,321,32.811,32790900,-66.2786417919662
odr7p_Myristate_1percent_JNL_5min_odorON_10s_50s,322,32.911,33077600,-65.98380653589689
odr7p_Myristate_1percent_JNL_5min_odorON_10s_50s,323,33.011,33076100,-65.98534909914804
odr7p_Myristate_1percent_JNL_5min_odorON_10s_50s,324,33.111,32544400.000000004,-66.53213635290477
odr7p_Myristate_1percent_JNL_5min_odorON_10s_50s,325,33.211,32795400,-66.27401410221276
odr7p_Myristate_1percent_JNL_5min_odorON_10s_50s,326,33.311,32512800,-66.56463301872894
odr7p_Myristate_1percent_JNL_5min_odorON_10s_50s,327,33.411,32575400,-66.50025671238106
odr7p_Myristate_1percent_JNL_5min_odorON_10s_50s,328,33.511,32291599.999999996,-66.79210967949814
odr7p_Myristate_1percent_JNL_5min_odorON_10s_50s,329,33.611,31981400,-67.11111175983544
odr7p_Myristate_1percent_JNL_5min_odorON_10s_50s,330,33.711,32453700,-66.62541001082415
odr7p_Myristate_1percent_JNL_5min_odorON_10s_50s,331,33.811,32234400,-66.8509327581419
odr7p_Myristate_1percent_JNL_5min_odorON_10s_50s,332,33.911,31635900,-67.46641549534974
odr7p_Myristate_1percent_JNL_5min_odorON_10s_50s,333,34.011,31396799.999999996,-67.71230007758263
odr7p_Myristate_1percent_JNL_5min_odorON_10s_50s,334,34.111,31756900,-67.34198205975717
odr7p_Myristate_1percent_JNL_5min_odorON_10s_50s,335,34.211,31351200,-67.75919400041752
odr7p_Myristate_1percent_JNL_5min_odorON_10s_50s,336,34.311,31541000,-67.56400833037233
odr7p_Myristate_1percent_JNL_5min_odorON_10s_50s,337,34.411,31448500,-67.65913306419309
odr7p_Myristate_1percent_JNL_5min_odorON_10s_50s,338,34.511,30932700,-68.18956914748766
odr7p_Myristate_1percent_JNL_5min_odorON_10s_50s,339,34.611,30576700,-68.55567082575999
odr7p_Myristate_1percent_JNL_5min_odorON_10s_50s,340,34.711,30703500,-68.42527281226299
odr7p_Myristate_1percent_JNL_5min_odorON_10s_50s,341,34.811,30455000,-68.68082412420307
odr7p_Myristate_1percent_JNL_5min_odorON_10s_50s,342,34.911,30049100.000000004,-69.09824173996357
odr7p_Myristate_1percent_JNL_5min_odorON_10s_50s,343,35.011,30714300,-68.41416635685472
odr7p_Myristate_1percent_JNL_5min_odorON_10s_50s,344,35.111,29756100,-69.39955576168771
odr7p_Myristate_1percent_JNL_5min_odorON_10s_50s,345,35.211,29837300,-69.31605167102559
odr7p_Myristate_1percent_JNL_5min_odorON_10s_50s,346,35.311,29260600,-69.90911582231675
odr7p_Myristate_1percent_JNL_5min_odorON_10s_50s,347,35.411,29291600,-69.87723618179304
odr7p_Myristate_1percent_JNL_5min_odorON_10s_50s,348,35.511,29001300,-70.1757735896651
odr7p_Myristate_1percent_JNL_5min_odorON_10s_50s,349,35.611,28880100,-70.30041270035781
odr7p_Myristate_1percent_JNL_5min_odorON_10s_50s,350,35.711,28937900,-70.2409725964136
odr7p_Myristate_1percent_JNL_5min_odorON_10s_50s,351,35.811,28197400,-71.00248465473005
odr7p_Myristate_1percent_JNL_5min_odorON_10s_50s,352,35.911,28101800,-71.10079735260318
odr7p_Myristate_1percent_JNL_5min_odorON_10s_50s,353,36.011,28185500,-71.01472232318916
odr7p_Myristate_1percent_JNL_5min_odorON_10s_50s,354,36.111,27918000,-71.28981276964379
odr7p_Myristate_1percent_JNL_5min_odorON_10s_50s,355,36.211,28485400,-70.70631251050975
odr7p_Myristate_1percent_JNL_5min_odorON_10s_50s,356,36.311,28193900,-71.00608396898274
odr7p_Myristate_1percent_JNL_5min_odorON_10s_50s,357,36.411,28012300,-71.19283695992165
odr7p_Myristate_1percent_JNL_5min_odorON_10s_50s,358,36.511,27829100.000000004,-71.38123535166179
odr7p_Myristate_1percent_JNL_5min_odorON_10s_50s,359,36.611,28447800,-70.7449794293385
odr7p_Myristate_1percent_JNL_5min_odorON_10s_50s,360,36.711,27464600,-71.75607822169063
odr7p_Myristate_1percent_JNL_5min_odorON_10s_50s,361,36.811,27402900,-71.81952899008782
odr7p_Myristate_1percent_JNL_5min_odorON_10s_50s,362,36.911,27960100,-71.24651816106157
odr7p_Myristate_1percent_JNL_5min_odorON_10s_50s,363,37.011,27043800,-72.18881863241252
odr7p_Myristate_1percent_JNL_5min_odorON_10s_50s,364,37.111,28606800,-70.58146772471689
odr7p_Myristate_1percent_JNL_5min_odorON_10s_50s,365,37.211,26982900,-72.2514467004091
odr7p_Myristate_1percent_JNL_5min_odorON_10s_50s,366,37.311,27347900,-71.87608964262989
odr7p_Myristate_1percent_JNL_5min_odorON_10s_50s,367,37.411,26436900,-72.81293972382677
odr7p_Myristate_1percent_JNL_5min_odorON_10s_50s,368,37.511,26477900,-72.77077632829541
odr7p_Myristate_1percent_JNL_5min_odorON_10s_50s,369,37.611,26618600,-72.62608389533779
odr7p_Myristate_1percent_JNL_5min_odorON_10s_50s,370,37.711,26230900,-73.02478507698436
odr7p_Myristate_1percent_JNL_5min_odorON_10s_50s,371,37.811,25933700,-73.33041827581171
odr7p_Myristate_1percent_JNL_5min_odorON_10s_50s,372,37.911,26310699.999999996,-72.94272071202332
odr7p_Myristate_1percent_JNL_5min_odorON_10s_50s,373,38.011,25906600,-73.35828725188243
odr7p_Myristate_1percent_JNL_5min_odorON_10s_50s,374,38.111,25990000.000000004,-73.27252073511863
odr7p_Myristate_1percent_JNL_5min_odorON_10s_50s,375,38.211,26139400,-73.11888143530435
odr7p_Myristate_1percent_JNL_5min_odorON_10s_50s,376,38.311,25980100,-73.28270165257621
odr7p_Myristate_1percent_JNL_5min_odorON_10s_50s,377,38.411,25471700,-73.80552775716511
odr7p_Myristate_1percent_JNL_5min_odorON_10s_50s,378,38.511,25217700,-74.06673513435942
odr7p_Myristate_1percent_JNL_5min_odorON_10s_50s,379,38.611,25418800,-73.85992882115559
odr7p_Myristate_1percent_JNL_5min_odorON_10s_50s,380,38.711,25266400,-74.01665324747216
odr7p_Myristate_1percent_JNL_5min_odorON_10s_50s,381,38.811,24966000,-74.32557724790195
odr7p_Myristate_1percent_JNL_5min_odorON_10s_50s,382,38.911,25063600,-74.22520779902729
odr7p_Myristate_1percent_JNL_5min_odorON_10s_50s,383,39.011,25125600,-74.16144851797986
odr7p_Myristate_1percent_JNL_5min_odorON_10s_50s,384,39.111,24060400,-75.2568741013947
odr7p_Myristate_1percent_JNL_5min_odorON_10s_50s,385,39.211,24345700,-74.96347857102647
odr7p_Myristate_1percent_JNL_5min_odorON_10s_50s,386,39.311,24421400.000000004,-74.88563054561855
odr7p_Myristate_1percent_JNL_5min_odorON_10s_50s,387,39.411,24595600.000000004,-74.7064875333853
odr7p_Myristate_1percent_JNL_5min_odorON_10s_50s,388,39.511,24623300,-74.67800153201411
odr7p_Myristate_1percent_JNL_5min_odorON_10s_50s,389,39.611,24309400,-75.00080860170422
odr7p_Myristate_1percent_JNL_5min_odorON_10s_50s,390,39.711,24416100,-74.8910809357726
odr7p_Myristate_1percent_JNL_5min_odorON_10s_50s,391,39.811,24752400,-74.54523825486535
odr7p_Myristate_1percent_JNL_5min_odorON_10s_50s,392,39.911,23743300,-75.58297197268728
odr7p_Myristate_1percent_JNL_5min_odorON_10s_50s,393,40.011,23145500,-76.19773484704457
odr7p_Myristate_1percent_JNL_5min_odorON_10s_50s,394,40.111,23215499.999999996,-76.12574856199103
odr7p_Myristate_1percent_JNL_5min_odorON_10s_50s,395,40.211,22878800,-76.47200259309858
odr7p_Myristate_1percent_JNL_5min_odorON_10s_50s,396,40.311,23506400,-75.8265941288185
odr7p_Myristate_1percent_JNL_5min_odorON_10s_50s,397,40.411,23513700,-75.81908698766291
odr7p_Myristate_1percent_JNL_5min_odorON_10s_50s,398,40.511,23293700,-76.0453295978312
odr7p_Myristate_1percent_JNL_5min_odorON_10s_50s,399,40.611,23053100,-76.29275674331525
odr7p_Myristate_1percent_JNL_5min_odorON_10s_50s,400,40.711,22449600,-76.91338135802691
odr7p_Myristate_1percent_JNL_5min_odorON_10s_50s,401,40.811,22796400,-76.55674073436161
odr7p_Myristate_1percent_JNL_5min_odorON_10s_50s,402,40.911,22501100,-76.8604200197375
odr7p_Myristate_1percent_JNL_5min_odorON_10s_50s,403,41.011,22597999.999999996,-76.76077043371339
odr7p_Myristate_1percent_JNL_5min_odorON_10s_50s,404,41.111,22359900,-77.00562664044553
odr7p_Myristate_1percent_JNL_5min_odorON_10s_50s,405,41.211,22134200,-77.23773099096817
odr7p_Myristate_1percent_JNL_5min_odorON_10s_50s,406,41.311,21943300,-77.4340478740642
odr7p_Myristate_1percent_JNL_5min_odorON_10s_50s,407,41.411,21538000,-77.85084846452425
odr7p_Myristate_1percent_JNL_5min_odorON_10s_50s,408,41.511,21653800,-77.73176258153566
odr7p_Myristate_1percent_JNL_5min_odorON_10s_50s,409,41.611,21947600,-77.42962585941092
odr7p_Myristate_1percent_JNL_5min_odorON_10s_50s,410,41.711,22075400,-77.29819947041315
odr7p_Myristate_1percent_JNL_5min_odorON_10s_50s,411,41.811,21580499.999999996,-77.80714250574174
odr7p_Myristate_1percent_JNL_5min_odorON_10s_50s,412,41.911,20820400,-78.58881072387318
odr7p_Myristate_1percent_JNL_5min_odorON_10s_50s,413,42.011,21842900,-77.53729677434102
odr7p_Myristate_1percent_JNL_5min_odorON_10s_50s,414,42.111,21168200,-78.23114172470713
odr7p_Myristate_1percent_JNL_5min_odorON_10s_50s,415,42.211,21022100,-78.3813873853689
odr7p_Myristate_1percent_JNL_5min_odorON_10s_50s,416,42.311,20892400.000000004,-78.51476768781811
odr7p_Myristate_1percent_JNL_5min_odorON_10s_50s,417,42.411,21664000,-77.72127315142787
odr7p_Myristate_1percent_JNL_5min_odorON_10s_50s,418,42.511,20668300,-78.74522663753953
odr7p_Myristate_1percent_JNL_5min_odorON_10s_50s,419,42.611,21152300,-78.24749289516929
odr7p_Myristate_1percent_JNL_5min_odorON_10s_50s,420,42.711,21008900,-78.39496194197899
odr7p_Myristate_1percent_JNL_5min_odorON_10s_50s,421,42.811,21318400,-78.07667972449222
odr7p_Myristate_1percent_JNL_5min_odorON_10s_50s,422,42.911,21182500.000000004,-78.2164359550462
odr7p_Myristate_1percent_JNL_5min_odorON_10s_50s,423,43.011,21026500,-78.37686253316552
odr7p_Myristate_1percent_JNL_5min_odorON_10s_50s,424,43.111,20483600,-78.93516759253082
odr7p_Myristate_1percent_JNL_5min_odorON_10s_50s,425,43.211,20684999.999999996,-78.72805276667675
odr7p_Myristate_1percent_JNL_5min_odorON_10s_50s,426,43.311,20686200,-78.72681871607584
odr7p_Myristate_1percent_JNL_5min_odorON_10s_50s,427,43.411,20228700,-79.1973005076758
odr7p_Myristate_1percent_JNL_5min_odorON_10s_50s,428,43.511,20420400,-79.00016092417917
odr7p_Myristate_1percent_JNL_5min_odorON_10s_50s,429,43.611,19930800,-79.50365356935369
odr7p_Myristate_1percent_JNL_5min_odorON_10s_50s,430,43.711,19762000,-79.67724335388282
odr7p_Myristate_1percent_JNL_5min_odorON_10s_50s,431,43.811,20711700,-78.70059514080633
odr7p_Myristate_1percent_JNL_5min_odorON_10s_50s,432,43.911,20526700,-78.89084460844785
odr7p_Myristate_1percent_JNL_5min_odorON_10s_50s,433,44.011,20599700,-78.81577319689201
odr7p_Myristate_1percent_JNL_5min_odorON_10s_50s,434,44.111,19983600,-79.4493553429133
odr7p_Myristate_1percent_JNL_5min_odorON_10s_50s,435,44.211,19734300,-79.70572935525401
odr7p_Myristate_1percent_JNL_5min_odorON_10s_50s,436,44.311,19490400,-79.95655013989058
odr7p_Myristate_1percent_JNL_5min_odorON_10s_50s,437,44.411,20254000,-79.17128260750646
odr7p_Myristate_1percent_JNL_5min_odorON_10s_50s,438,44.511,20477300,-78.94164635818564
odr7p_Myristate_1percent_JNL_5min_odorON_10s_50s,439,44.611,19535000,-79.91068459255646
odr7p_Myristate_1percent_JNL_5min_odorON_10s_50s,440,44.711,20038200,-79.39320604057154
odr7p_Myristate_1percent_JNL_5min_odorON_10s_50s,441,44.811,20272000,-79.15277184849269
odr7p_Myristate_1percent_JNL_5min_odorON_10s_50s,442,44.911,20489000,-78.92961436482669
odr7p_Myristate_1percent_JNL_5min_odorON_10s_50s,443,45.011,20426900,-78.9934764834242
odr7p_Myristate_1percent_JNL_5min_odorON_10s_50s,444,45.111,19983700,-79.44925250536322
odr7p_Myristate_1percent_JNL_5min_odorON_10s_50s,445,45.211,20199400,-79.22743190984822
odr7p_Myristate_1percent_JNL_5min_odorON_10s_50s,446,45.311,20071100,-79.35937248659637
odr7p_Myristate_1percent_JNL_5min_odorON_10s_50s,447,45.411,19892100,-79.5434517012333
odr7p_Myristate_1percent_JNL_5min_odorON_10s_50s,448,45.511,20002600,-79.42981620839878
odr7p_Myristate_1percent_JNL_5min_odorON_10s_50s,449,45.611,19718700,-79.72177201306594
odr7p_Myristate_1percent_JNL_5min_odorON_10s_50s,450,45.711,20386099.999999996,-79.0354342038554
odr7p_Myristate_1percent_JNL_5min_odorON_10s_50s,451,45.811,19901300,-79.53399064662626
odr7p_Myristate_1percent_JNL_5min_odorON_10s_50s,452,45.911,19383800,-80.06617496827214
odr7p_Myristate_1percent_JNL_5min_odorON_10s_50s,453,46.011,19523400,-79.92261374836534
odr7p_Myristate_1percent_JNL_5min_odorON_10s_50s,454,46.111,19353000,-80.09784893369569
odr7p_Myristate_1percent_JNL_5min_odorON_10s_50s,455,46.211,19529100,-79.91675200801099
odr7p_Myristate_1percent_JNL_5min_odorON_10s_50s,456,46.311,19654500,-79.78779372021505
odr7p_Myristate_1percent_JNL_5min_odorON_10s_50s,457,46.411,19208400,-80.2465520311063
odr7p_Myristate_1percent_JNL_5min_odorON_10s_50s,458,46.511,19119800,-80.33766610047408
odr7p_Myristate_1percent_JNL_5min_odorON_10s_50s,459,46.611,19436600,-80.01187674183173
odr7p_Myristate_1percent_JNL_5min_odorON_10s_50s,460,46.711,19074800,-80.3839429980085
odr7p_Myristate_1percent_JNL_5min_odorON_10s_50s,461,46.811,19929400,-79.50509329505476
odr7p_Myristate_1percent_JNL_5min_odorON_10s_50s,462,46.911,19115500,-80.34208811512737
odr7p_Myristate_1percent_JNL_5min_odorON_10s_50s,463,47.011,19360100,-80.09054746764026
odr7p_Myristate_1percent_JNL_5min_odorON_10s_50s,464,47.111,18907900,-80.55557886908618
odr7p_Myristate_1percent_JNL_5min_odorON_10s_50s,465,47.211,19235700,-80.21847737993542
odr7p_Myristate_1percent_JNL_5min_odorON_10s_50s,466,47.311,18454400,-81.02194715868308
odr7p_Myristate_1percent_JNL_5min_odorON_10s_50s,467,47.411,18679800,-80.79015132081065
odr7p_Myristate_1percent_JNL_5min_odorON_10s_50s,468,47.511,18807200,-80.6591362820132
odr7p_Myristate_1percent_JNL_5min_odorON_10s_50s,469,47.611,18623900,-80.84763751130342
odr7p_Myristate_1percent_JNL_5min_odorON_10s_50s,470,47.711,18862400,-80.60236995437097
odr7p_Myristate_1percent_JNL_5min_odorON_10s_50s,471,47.811,18570500,-80.90255276304427
odr7p_Myristate_1percent_JNL_5min_odorON_10s_50s,472,47.911,19120500,-80.33694623762354
odr7p_Myristate_1percent_JNL_5min_odorON_10s_50s,473,48.011,18677900,-80.79210523426211
odr7p_Myristate_1percent_JNL_5min_odorON_10s_50s,474,48.111,18942300,-80.52020275185986
odr7p_Myristate_1percent_JNL_5min_odorON_10s_50s,475,48.211,18797300,-80.66931719947078
odr7p_Myristate_1percent_JNL_5min_odorON_10s_50s,476,48.311,18619200,-80.85247087615701
odr7p_Myristate_1percent_JNL_5min_odorON_10s_50s,477,48.411,19862100,-79.57430296625625
odr7p_Myristate_1percent_JNL_5min_odorON_10s_50s,478,48.511,18640000,-80.83108066574111
odr7p_Myristate_1percent_JNL_5min_odorON_10s_50s,479,48.611,18260000,-81.22186335603179
odr7p_Myristate_1percent_JNL_5min_odorON_10s_50s,480,48.711,17676800,-81.82161194807792
odr7p_Myristate_1percent_JNL_5min_odorON_10s_50s,481,48.811,18250900,-81.23122157308875
odr7p_Myristate_1percent_JNL_5min_odorON_10s_50s,482,48.911,17602700,-81.8978145726846
odr7p_Myristate_1percent_JNL_5min_odorON_10s_50s,483,49.011,18916300,-80.54694051487975
odr7p_Myristate_1percent_JNL_5min_odorON_10s_50s,484,49.111,18339200,-81.1404160163712
odr7p_Myristate_1percent_JNL_5min_odorON_10s_50s,485,49.211,18067500,-81.41982563992904
odr7p_Myristate_1percent_JNL_5min_odorON_10s_50s,486,49.311,18163200,-81.32141010450584
odr7p_Myristate_1percent_JNL_5min_odorON_10s_50s,487,49.411,17972400,-81.51762415005179
odr7p_Myristate_1percent_JNL_5min_odorON_10s_50s,488,49.511,17921700,-81.56976278794058
odr7p_Myristate_1percent_JNL_5min_odorON_10s_50s,489,49.611,17805100,-81.68967137132978
odr7p_Myristate_1percent_JNL_5min_odorON_10s_50s,490,49.711,17703700,-81.79394864710734
odr7p_Myristate_1percent_JNL_5min_odorON_10s_50s,491,49.811,18152100,-81.33282507256433
odr7p_Myristate_1percent_JNL_5min_odorON_10s_50s,492,49.911,18088300,-81.39843542951314
odr7p_Myristate_1percent_JNL_5min_odorON_10s_50s,493,50.011,18139300,-81.34598827897412
odr7p_Myristate_1percent_JNL_5min_odorON_10s_50s,494,50.111,17169800,-82.34299832696576
odr7p_Myristate_1percent_JNL_5min_odorON_10s_50s,495,50.211,17514500,-81.98851729185208
odr7p_Myristate_1percent_JNL_5min_odorON_10s_50s,496,50.311,18122500,-81.36326498738697
odr7p_Myristate_1percent_JNL_5min_odorON_10s_50s,497,50.411,17647100,-81.85215470045064
odr7p_Myristate_1percent_JNL_5min_odorON_10s_50s,498,50.511,17784000,-81.71137009439592
odr7p_Myristate_1percent_JNL_5min_odorON_10s_50s,499,50.611,17309300,-82.19953994460904
odr7p_Myristate_1percent_JNL_5min_odorON_10s_50s,500,50.711,17365000,-82.14225942921644
odr7p_Myristate_1percent_JNL_5min_odorON_10s_50s,501,50.811,17574200,-81.9271232744564
odr7p_Myristate_1percent_JNL_5min_odorON_10s_50s,502,50.911,17506300,-81.99694997095834
odr7p_Myristate_1percent_JNL_5min_odorON_10s_50s,503,51.011,17200100,-82.31183854929257
odr7p_Myristate_1percent_JNL_5min_odorON_10s_50s,504,51.111,18060900,-81.4266129182341
odr7p_Myristate_1percent_JNL_5min_odorON_10s_50s,505,51.211,17245600,-82.26504746400776
odr7p_Myristate_1percent_JNL_5min_odorON_10s_50s,506,51.311,16905500,-82.61479797181794
odr7p_Myristate_1percent_JNL_5min_odorON_10s_50s,507,51.412,16923300,-82.59649288790432
odr7p_Myristate_1percent_JNL_5min_odorON_10s_50s,508,51.511,17441900,-82.0631773532076
odr7p_Myristate_1percent_JNL_5min_odorON_10s_50s,509,51.611,16519500,-83.0117509151132
odr7p_Myristate_1percent_JNL_5min_odorON_10s_50s,510,51.711,16817600,-82.70519217833517
odr7p_Myristate_1percent_JNL_5min_odorON_10s_50s,511,51.811,16770500,-82.7536286644212
odr7p_Myristate_1percent_JNL_5min_odorON_10s_50s,512,51.911,16848600,-82.67331253781146
odr7p_Myristate_1percent_JNL_5min_odorON_10s_50s,513,52.011,17318400,-82.19018172755209
odr7p_Myristate_1percent_JNL_5min_odorON_10s_50s,514,52.111,17232300,-82.27872485816793
odr7p_Myristate_1percent_JNL_5min_odorON_10s_50s,515,52.211,16732499.999999998,-82.79270693345026
odr7p_Myristate_1percent_JNL_5min_odorON_10s_50s,516,52.311,16682200,-82.844434221138755
odr7p_Myristate_1percent_JNL_5min_odorON_10s_50s,517,52.411,15935600,-83.61221937000987
odr7p_Myristate_1percent_JNL_5min_odorON_10s_50s,518,52.511,16491600,-83.04044259158455
odr7p_Myristate_1percent_JNL_5min_odorON_10s_50s,519,52.611,16351000,-83.1850321869921
odr7p_Myristate_1percent_JNL_5min_odorON_10s_50s,520,52.711,16377100,-83.15819158642213
odr7p_Myristate_1percent_JNL_5min_odorON_10s_50s,521,52.811,16800800,-82.72246888674802
odr7p_Myristate_1percent_JNL_5min_odorON_10s_50s,522,52.911,16625399.999999998,-82.9028459495822
odr7p_Myristate_1percent_JNL_5min_odorON_10s_50s,523,53.011,16138400,-83.40366481845474
odr7p_Myristate_1percent_JNL_5min_odorON_10s_50s,524,53.111,16695800,-82.83044831432834
odr7p_Myristate_1percent_JNL_5min_odorON_10s_50s,525,53.211,15676300,-83.87887713735822
odr7p_Myristate_1percent_JNL_5min_odorON_10s_50s,526,53.311,16734400,-82.79075301999882
odr7p_Myristate_1percent_JNL_5min_odorON_10s_50s,527,53.411,16647200,-82.88042736366552
odr7p_Myristate_1percent_JNL_5min_odorON_10s_50s,528,53.511,16798700,-82.72462847529964
odr7p_Myristate_1percent_JNL_5min_odorON_10s_50s,529,53.611,16732300,-82.79291260855042
odr7p_Myristate_1percent_JNL_5min_odorON_10s_50s,530,53.711,16551300,-82.97904857418888
odr7p_Myristate_1percent_JNL_5min_odorON_10s_50s,531,53.811,16100000.000000002,-83.44315443768411
odr7p_Myristate_1percent_JNL_5min_odorON_10s_50s,532,53.911,15967300,-83.57961986663562
odr7p_Myristate_1percent_JNL_5min_odorON_10s_50s,533,54.011,15827600,-83.72328392409248
odr7p_Myristate_1percent_JNL_5min_odorON_10s_50s,534,54.111,16398600.000000002,-83.13608151315569
odr7p_Myristate_1percent_JNL_5min_odorON_10s_50s,535,54.211,16417900,-83.11623386599094
odr7p_Myristate_1percent_JNL_5min_odorON_10s_50s,536,54.311,16454899.999999998,-83.07818397246263
odr7p_Myristate_1percent_JNL_5min_odorON_10s_50s,537,54.411,16414200.000000002,-83.12003885534376
odr7p_Myristate_1percent_JNL_5min_odorON_10s_50s,538,54.511,16661000,-82.86623578175497
odr7p_Myristate_1percent_JNL_5min_odorON_10s_50s,539,54.612,15399900,-84.16312012576967
odr7p_Myristate_1percent_JNL_5min_odorON_10s_50s,540,54.711,15559200,-83.9992999084978
odr7p_Myristate_1percent_JNL_5min_odorON_10s_50s,541,54.811,15562200,-83.9962147819955
odr7p_Myristate_1percent_JNL_5min_odorON_10s_50s,542,54.911,15358200,-84.20600338415156
odr7p_Myristate_1percent_JNL_5min_odorON_10s_50s,543,55.011,15965700,-83.58126526743685
odr7p_Myristate_1percent_JNL_5min_odorON_10s_50s,544,55.111,15538400.000000002,-84.0206901189137
odr7p_Myristate_1percent_JNL_5min_odorON_10s_50s,545,55.211,15546700,-84.01215460225735
odr7p_Myristate_1percent_JNL_5min_odorON_10s_50s,546,55.311,15743900,-83.8093589535065
odr7p_Myristate_1percent_JNL_5min_odorON_10s_50s,547,55.411,16370400,-83.16508170227726
odr7p_Myristate_1percent_JNL_5min_odorON_10s_50s,548,55.511,15191500,-84.37743358012908
odr7p_Myristate_1percent_JNL_5min_odorON_10s_50s,549,55.611,14756100,-84.82518827316214
odr7p_Myristate_1percent_JNL_5min_odorON_10s_50s,550,55.711,15437600,-84.12435036939083
odr7p_Myristate_1percent_JNL_5min_odorON_10s_50s,551,55.811,14971900,-84.60326484009705
odr7p_Myristate_1percent_JNL_5min_odorON_10s_50s,552,55.911,14658400,-84.92566055958687
odr7p_Myristate_1percent_JNL_5min_odorON_10s_50s,553,56.011,14448200,-85.14182508984767
odr7p_Myristate_1percent_JNL_5min_odorON_10s_50s,554,56.111,14941900,-84.63411610512001
odr7p_Myristate_1percent_JNL_5min_odorON_10s_50s,555,56.212,14991100,-84.58352003048238
odr7p_Myristate_1percent_JNL_5min_odorON_10s_50s,556,56.311,14673900,-84.90972073932502
odr7p_Myristate_1percent_JNL_5min_odorON_10s_50s,557,56.411,14280800,-85.31397514867572
odr7p_Myristate_1percent_JNL_5min_odorON_10s_50s,558,56.511,14231799.999999998,-85.36436554821321
odr7p_Myristate_1percent_JNL_5min_odorON_10s_50s,559,56.611,13869100,-85.73735734234066
odr7p_Myristate_1percent_JNL_5min_odorON_10s_50s,560,56.711,14484300.000000002,-85.10470073427005
odr7p_Myristate_1percent_JNL_5min_odorON_10s_50s,561,56.811,14674000,-84.90961790177495
odr7p_Myristate_1percent_JNL_5min_odorON_10s_50s,562,56.911,14650700.000000002,-84.93357905094277
odr7p_Myristate_1percent_JNL_5min_odorON_10s_50s,563,57.011,14503000,-85.08547011240576
odr7p_Myristate_1percent_JNL_5min_odorON_10s_50s,564,57.111,14259100,-85.33629089704233
odr7p_Myristate_1percent_JNL_5min_odorON_10s_50s,565,57.211,14265900,-85.32929794363713
odr7p_Myristate_1percent_JNL_5min_odorON_10s_50s,566,57.311,14517000,-85.07107285539504
odr7p_Myristate_1percent_JNL_5min_odorON_10s_50s,567,57.411,14139500,-85.45928460693382
odr7p_Myristate_1percent_JNL_5min_odorON_10s_50s,568,57.511,14122300.000000002,-85.47697266554698
odr7p_Myristate_1percent_JNL_5min_odorON_10s_50s,569,57.611,14334200,-85.25905989693487
odr7p_Myristate_1percent_JNL_5min_odorON_10s_50s,570,57.711,14106800,-85.49291248580883
odr7p_Myristate_1percent_JNL_5min_odorON_10s_50s,571,57.811,13739700,-85.87042913213965
odr7p_Myristate_1percent_JNL_5min_odorON_10s_50s,572,57.911,13783500,-85.82538628520614
odr7p_Myristate_1percent_JNL_5min_odorON_10s_50s,573,58.011,13503800,-86.1130229127701
odr7p_Myristate_1percent_JNL_5min_odorON_10s_50s,574,58.111,13556600,-86.05872468632971
odr7p_Myristate_1percent_JNL_5min_odorON_10s_50s,575,58.211,13692700,-85.9187627806756
odr7p_Myristate_1percent_JNL_5min_odorON_10s_50s,576,58.311,13786300,-85.822506833804
odr7p_Myristate_1percent_JNL_5min_odorON_10s_50s,577,58.411,13542000,-86.07373896864088
odr7p_Myristate_1percent_JNL_5min_odorON_10s_50s,578,58.511,13555100,-86.06026724958086
odr7p_Myristate_1percent_JNL_5min_odorON_10s_50s,579,58.611,13476100,-86.1415089141413
odr7p_Myristate_1percent_JNL_5min_odorON_10s_50s,580,58.711,13266500.000000002,-86.35705641910162
odr7p_Myristate_1percent_JNL_5min_odorON_10s_50s,581,58.811,12887100,-86.74722208409186
odr7p_Myristate_1percent_JNL_5min_odorON_10s_50s,582,58.911,13381600,-86.23869039896358
odr7p_Myristate_1percent_JNL_5min_odorON_10s_50s,583,59.011,12992400,-86.6389341438613
odr7p_Myristate_1percent_JNL_5min_odorON_10s_50s,584,59.111,13074400,-86.55460735279857
odr7p_Myristate_1percent_JNL_5min_odorON_10s_50s,585,59.211,12899200,-86.7347787405326
odr7p_Myristate_1percent_JNL_5min_odorON_10s_50s,586,59.311,13007000,-86.62391986155014
odr7p_Myristate_1percent_JNL_5min_odorON_10s_50s,587,59.411,13125600,-86.50195452715941
odr7p_Myristate_1percent_JNL_5min_odorON_10s_50s,588,59.511,12712699.999999998,-86.92657077142528
odr7p_Myristate_1percent_JNL_5min_odorON_10s_50s,589,59.611,12901400,-86.73251631443092
odr7p_Myristate_1percent_JNL_5min_odorON_10s_50s,590,59.711,12463000,-87.18335613396627
odr7p_Myristate_1percent_JNL_5min_odorON_10s_50s,591,59.811,13301800,-86.32075476392463
odr7p_Myristate_1percent_JNL_5min_odorON_10s_50s,592,59.911,12802200,-86.83453116410679
odr7p_Myristate_1percent_JNL_5min_odorON_10s_50s,593,60.011,12937000,-86.69590614660369
odr7p_Myristate_1percent_JNL_5min_odorON_10s_50s,594,60.111,12759000,-86.87895698573985
odr7p_Myristate_1percent_JNL_5min_odorON_10s_50s,595,60.211,12758300,-86.87967684859038
odr7p_Myristate_1percent_JNL_5min_odorON_10s_50s,596,60.311,12555900,-87.08782004994521
odr7p_Myristate_1percent_JNL_5min_odorON_10s_50s,597,60.411,12807900.000000002,-86.82866942375243
odr7p_Myristate_1percent_JNL_5min_odorON_10s_50s,598,60.512,13054200,-86.57538053791403
odr7p_Myristate_1percent_JNL_5min_odorON_10s_50s,599,60.611,12488999.999999998,-87.15661837094639
odr7p_Myristate_1percent_JNL_5min_odorON_10s_50s,600,60.711,12835600,-86.80018342238125
