stim_jnl,frame,time_s,fluor,dff
odr7p_bluelightbasal_JNL_10off_20on_20off,2,0.1,183321000,7.85978752027014
odr7p_bluelightbasal_JNL_10off_20on_20off,3,0.2,183605000,8.026883377568304
odr7p_bluelightbasal_JNL_10off_20on_20off,4,0.3,182471000,7.35967667976507
odr7p_bluelightbasal_JNL_10off_20on_20off,5,0.4,181030000,6.511841713685302
odr7p_bluelightbasal_JNL_10off_20on_20off,6,0.5,180231000,6.041737523610538
odr7p_bluelightbasal_JNL_10off_20on_20off,7,0.6,180452000,6.171766342141856
odr7p_bluelightbasal_JNL_10off_20on_20off,8,0.7,179949000,5.8758183977017975
odr7p_bluelightbasal_JNL_10off_20on_20off,9,0.8,178338000,4.9279612635210155
odr7p_bluelightbasal_JNL_10off_20on_20off,10,0.9,178538000,5.045634402463384
odr7p_bluelightbasal_JNL_10off_20on_20off,11,1,177458000,4.4101994521745915
odr7p_bluelightbasal_JNL_10off_20on_20off,12,1.1,177057000,4.174264808595142
odr7p_bluelightbasal_JNL_10off_20on_20off,13,1.2,176195000,3.667093579753532
odr7p_bluelightbasal_JNL_10off_20on_20off,14,1.3,176377000,3.7741761361910875
odr7p_bluelightbasal_JNL_10off_20on_20off,15,1.4,176061000,3.5882525766621445
odr7p_bluelightbasal_JNL_10off_20on_20off,16,1.5,174580000,2.7168829827939023
odr7p_bluelightbasal_JNL_10off_20on_20off,17,1.6,174505000,2.6727555556905136
odr7p_bluelightbasal_JNL_10off_20on_20off,18,1.7,174028000,2.3921051193129634
odr7p_bluelightbasal_JNL_10off_20on_20off,19,1.8,173738000,2.2214790678465284
odr7p_bluelightbasal_JNL_10off_20on_20off,20,1.9,173472000,2.064973793053178
odr7p_bluelightbasal_JNL_10off_20on_20off,21,2,172633000,1.57133497518994
odr7p_bluelightbasal_JNL_10off_20on_20off,22,2.1,172515000,1.501907823213942
odr7p_bluelightbasal_JNL_10off_20on_20off,23,2.2,171513000,0.9123653971126734
odr7p_bluelightbasal_JNL_10off_20on_20off,24,2.3,170491000,0.3110556571171677
odr7p_bluelightbasal_JNL_10off_20on_20off,25,2.4,170132000,0.09983237271561539
odr7p_bluelightbasal_JNL_10off_20on_20off,26,2.5,169899000,-0.03725683415224451
odr7p_bluelightbasal_JNL_10off_20on_20off,27,2.6,169027000,-0.5503117199409734
odr7p_bluelightbasal_JNL_10off_20on_20off,28,2.7,168853000,-0.6526873508208344
odr7p_bluelightbasal_JNL_10off_20on_20off,29,2.8,167872000,-1.2298740973331543
odr7p_bluelightbasal_JNL_10off_20on_20off,30,2.9,167764000,-1.2934175923620335
odr7p_bluelightbasal_JNL_10off_20on_20off,31,3,167259000,-1.5905422681915151
odr7p_bluelightbasal_JNL_10off_20on_20off,32,3.1,166776000,-1.8747228987373366
odr7p_bluelightbasal_JNL_10off_20on_20off,33,3.2,166228000,-2.197147299439427
odr7p_bluelightbasal_JNL_10off_20on_20off,34,3.3,166436000,-2.0747672349393635
odr7p_bluelightbasal_JNL_10off_20on_20off,35,3.4,165235000,-2.7813944342882895
odr7p_bluelightbasal_JNL_10off_20on_20off,36,3.5,164668000,-3.114997783189906
odr7p_bluelightbasal_JNL_10off_20on_20off,37,3.6,164837000,-3.015563980783604
odr7p_bluelightbasal_JNL_10off_20on_20off,38,3.7,163860000,-3.5903972645170765
odr7p_bluelightbasal_JNL_10off_20on_20off,39,3.8,163767000,-3.645115274125278
odr7p_bluelightbasal_JNL_10off_20on_20off,40,3.9,162573000,-4.347623913611221
odr7p_bluelightbasal_JNL_10off_20on_20off,41,4,163023000,-4.082859350990891
odr7p_bluelightbasal_JNL_10off_20on_20off,42,4.1,161866000,-4.763598459772496
odr7p_bluelightbasal_JNL_10off_20on_20off,43,4.2,161217000,-5.145447795640483
odr7p_bluelightbasal_JNL_10off_20on_20off,44,4.3,160686000,-5.4578699795324725
odr7p_bluelightbasal_JNL_10off_20on_20off,45,4.4,160034000,-5.841484412484595
odr7p_bluelightbasal_JNL_10off_20on_20off,46,4.5,160176000,-5.757936483835514
odr7p_bluelightbasal_JNL_10off_20on_20off,47,4.6,158901000,-6.508102744593115
odr7p_bluelightbasal_JNL_10off_20on_20off,48,4.7,158463000,-6.765806918876905
odr7p_bluelightbasal_JNL_10off_20on_20off,49,4.8,157822000,-7.142949329187196
odr7p_bluelightbasal_JNL_10off_20on_20off,50,4.9,157124000,-7.553628584096065
odr7p_bluelightbasal_JNL_10off_20on_20off,51,5,157262000,-7.472434118225831
odr7p_bluelightbasal_JNL_10off_20on_20off,52,5.1,157002000,-7.625409198850909
odr7p_bluelightbasal_JNL_10off_20on_20off,53,5.2,156003000,-8.213186527868043
odr7p_bluelightbasal_JNL_10off_20on_20off,54,5.3,155871000,-8.290850799570006
odr7p_bluelightbasal_JNL_10off_20on_20off,55,5.4,155519000,-8.497955524108576
odr7p_bluelightbasal_JNL_10off_20on_20off,56,5.5,155122000,-8.731536704909178
odr7p_bluelightbasal_JNL_10off_20on_20off,57,5.6,154543000,-9.072200442147336
odr7p_bluelightbasal_JNL_10off_20on_20off,58,5.7,154816000,-8.911576607491002
odr7p_bluelightbasal_JNL_10off_20on_20off,59,5.8,154231000,-9.255770538897432
odr7p_bluelightbasal_JNL_10off_20on_20off,60,5.9,153892000,-9.455226509404747
odr7p_bluelightbasal_JNL_10off_20on_20off,61,6,153536000,-9.664684696722164
odr7p_bluelightbasal_JNL_10off_20on_20off,62,6.1,154780000,-8.93275777250063
odr7p_bluelightbasal_JNL_10off_20on_20off,63,6.2,159359000,-6.238631256415091
odr7p_bluelightbasal_JNL_10off_20on_20off,64,6.3,158410000,-6.796990300696631
odr7p_bluelightbasal_JNL_10off_20on_20off,65,6.4,159668000,-6.0568262567491304
odr7p_bluelightbasal_JNL_10off_20on_20off,66,6.5,160074000,-5.817949784696122
odr7p_bluelightbasal_JNL_10off_20on_20off,67,6.6,159728000,-6.0215243150664195
odr7p_bluelightbasal_JNL_10off_20on_20off,68,6.7,159536000,-6.134490528451094
odr7p_bluelightbasal_JNL_10off_20on_20off,69,6.8,158409000,-6.797578666391344
odr7p_bluelightbasal_JNL_10off_20on_20off,70,6.9,158636000,-6.664019653691755
odr7p_bluelightbasal_JNL_10off_20on_20off,71,7,158135000,-6.9587908667423894
odr7p_bluelightbasal_JNL_10off_20on_20off,72,7.1,158188000,-6.927607484922661
odr7p_bluelightbasal_JNL_10off_20on_20off,73,7.2,158069000,-6.997623002593372
odr7p_bluelightbasal_JNL_10off_20on_20off,74,7.3,157441000,-7.367116658872409
odr7p_bluelightbasal_JNL_10off_20on_20off,75,7.4,156855000,-7.711898955973551
odr7p_bluelightbasal_JNL_10off_20on_20off,76,7.5,156414000,-7.9713682273414745
odr7p_bluelightbasal_JNL_10off_20on_20off,77,7.6,156571000,-7.8789948132717145
odr7p_bluelightbasal_JNL_10off_20on_20off,78,7.7,156237000,-8.075508955305471
odr7p_bluelightbasal_JNL_10off_20on_20off,79,7.8,156899000,-7.68601086540623
odr7p_bluelightbasal_JNL_10off_20on_20off,80,7.9,156703000,-7.801330541569751
odr7p_bluelightbasal_JNL_10off_20on_20off,81,8,156792000,-7.748965994740398
odr7p_bluelightbasal_JNL_10off_20on_20off,82,8.1,156224000,-8.083157709336724
odr7p_bluelightbasal_JNL_10off_20on_20off,83,8.2,156662000,-7.825453535052937
odr7p_bluelightbasal_JNL_10off_20on_20off,84,8.3,156580000,-7.873699522019308
odr7p_bluelightbasal_JNL_10off_20on_20off,85,8.4,156051000,-8.184944974521875
odr7p_bluelightbasal_JNL_10off_20on_20off,86,8.5,154868000,-8.880981591365988
odr7p_bluelightbasal_JNL_10off_20on_20off,87,8.6,153826000,-9.494058645255729
odr7p_bluelightbasal_JNL_10off_20on_20off,88,8.7,153612000,-9.619968903924065
odr7p_bluelightbasal_JNL_10off_20on_20off,89,8.81,153422000,-9.731758385919315
odr7p_bluelightbasal_JNL_10off_20on_20off,90,8.91,152253000,-10.419557883037461
odr7p_bluelightbasal_JNL_10off_20on_20off,91,9,152341000,-10.36778170190282
odr7p_bluelightbasal_JNL_10off_20on_20off,92,9.1,151930000,-10.609600002429387
odr7p_bluelightbasal_JNL_10off_20on_20off,93,9.2,151250000,-11.009688674833443
odr7p_bluelightbasal_JNL_10off_20on_20off,94,9.3,150955000,-11.183256554773436
odr7p_bluelightbasal_JNL_10off_20on_20off,95,9.41,151142000,-11.07323216986232
odr7p_bluelightbasal_JNL_10off_20on_20off,96,9.51,151649000,-10.774930762643416
odr7p_bluelightbasal_JNL_10off_20on_20off,97,9.6,152758000,-10.12243320720798
odr7p_bluelightbasal_JNL_10off_20on_20off,98,9.7,152632000,-10.196567284741672
odr7p_bluelightbasal_JNL_10off_20on_20off,99,9.8,152766000,-10.117726281650285
odr7p_bluelightbasal_JNL_10off_20on_20off,100,9.9,152075000,-10.524286976696171
odr7p_bluelightbasal_JNL_10off_20on_20off,101,10,152286000,-10.40014181511197
odr7p_bluelightbasal_JNL_10off_20on_20off,102,10.11,151666000,-10.764928545833314
odr7p_bluelightbasal_JNL_10off_20on_20off,103,10.21,152135000,-10.48898503501346
odr7p_bluelightbasal_JNL_10off_20on_20off,104,10.31,152361000,-10.356014388008582
odr7p_bluelightbasal_JNL_10off_20on_20off,105,10.41,151895000,-10.630192801744302
odr7p_bluelightbasal_JNL_10off_20on_20off,106,10.51,151325000,-10.965561247730053
odr7p_bluelightbasal_JNL_10off_20on_20off,107,10.61,150805000,-11.271511408980214
odr7p_bluelightbasal_JNL_10off_20on_20off,108,10.71,149979000,-11.757501472812198
odr7p_bluelightbasal_JNL_10off_20on_20off,109,10.81,149765000,-11.883411731480532
odr7p_bluelightbasal_JNL_10off_20on_20off,110,10.91,149498000,-12.040505371968594
odr7p_bluelightbasal_JNL_10off_20on_20off,111,11.01,149544000,-12.01344055001185
odr7p_bluelightbasal_JNL_10off_20on_20off,112,11.11,150176000,-11.641593430953964
odr7p_bluelightbasal_JNL_10off_20on_20off,113,11.21,150170000,-11.645123625122235
odr7p_bluelightbasal_JNL_10off_20on_20off,114,11.31,149662000,-11.944013398035851
odr7p_bluelightbasal_JNL_10off_20on_20off,115,11.41,147858000,-13.00542511129602
odr7p_bluelightbasal_JNL_10off_20on_20off,116,11.51,147761000,-13.06249658368307
odr7p_bluelightbasal_JNL_10off_20on_20off,117,11.61,147302000,-13.332556437555807
odr7p_bluelightbasal_JNL_10off_20on_20off,118,11.71,147995000,-12.924819011120498
odr7p_bluelightbasal_JNL_10off_20on_20off,119,11.81,147393000,-13.27901515933703
odr7p_bluelightbasal_JNL_10off_20on_20off,120,11.91,147758000,-13.064261680767206
odr7p_bluelightbasal_JNL_10off_20on_20off,121,12.01,147864000,-13.001894917127748
odr7p_bluelightbasal_JNL_10off_20on_20off,122,12.11,147519000,-13.204881081803336
odr7p_bluelightbasal_JNL_10off_20on_20off,123,12.21,147983000,-12.931879399457038
odr7p_bluelightbasal_JNL_10off_20on_20off,124,12.31,147080000,-13.463173621781834
odr7p_bluelightbasal_JNL_10off_20on_20off,125,12.41,147288000,-13.34079355728177
odr7p_bluelightbasal_JNL_10off_20on_20off,126,12.51,147183000,-13.402571955226517
odr7p_bluelightbasal_JNL_10off_20on_20off,127,12.61,148151000,-12.83303396274545
odr7p_bluelightbasal_JNL_10off_20on_20off,128,12.71,148564000,-12.590038930829458
odr7p_bluelightbasal_JNL_10off_20on_20off,129,12.81,148775000,-12.465893769245257
odr7p_bluelightbasal_JNL_10off_20on_20off,130,12.91,149260000,-12.180536407310013
odr7p_bluelightbasal_JNL_10off_20on_20off,131,13.01,148748000,-12.48177964300248
odr7p_bluelightbasal_JNL_10off_20on_20off,132,13.11,149064000,-12.295856083473536
odr7p_bluelightbasal_JNL_10off_20on_20off,133,13.21,149753000,-11.890472119817073
odr7p_bluelightbasal_JNL_10off_20on_20off,134,13.31,150880000,-11.227383981876825
odr7p_bluelightbasal_JNL_10off_20on_20off,135,13.41,151071000,-11.115006134186862
odr7p_bluelightbasal_JNL_10off_20on_20off,136,13.51,150713000,-11.325641052893703
odr7p_bluelightbasal_JNL_10off_20on_20off,137,13.61,150840000,-11.250918609665298
odr7p_bluelightbasal_JNL_10off_20on_20off,138,13.71,151129000,-11.080880923893575
odr7p_bluelightbasal_JNL_10off_20on_20off,139,13.81,151190000,-11.044990616516152
odr7p_bluelightbasal_JNL_10off_20on_20off,140,13.91,151682000,-10.755514694717926
odr7p_bluelightbasal_JNL_10off_20on_20off,141,14.01,151907000,-10.62313241340776
odr7p_bluelightbasal_JNL_10off_20on_20off,142,14.11,151446000,-10.89436899866992
odr7p_bluelightbasal_JNL_10off_20on_20off,143,14.21,150923000,-11.202084257004215
odr7p_bluelightbasal_JNL_10off_20on_20off,144,14.31,150668000,-11.352117509155736
odr7p_bluelightbasal_JNL_10off_20on_20off,145,14.41,150300000,-11.568636084809695
odr7p_bluelightbasal_JNL_10off_20on_20off,146,14.51,150340000,-11.545101457021222
odr7p_bluelightbasal_JNL_10off_20on_20off,147,14.61,150033000,-11.725729725297757
odr7p_bluelightbasal_JNL_10off_20on_20off,148,14.71,150968000,-11.175607800742181
odr7p_bluelightbasal_JNL_10off_20on_20off,149,14.81,149942000,-11.779271003516536
odr7p_bluelightbasal_JNL_10off_20on_20off,150,14.91,149638000,-11.958134174708936
odr7p_bluelightbasal_JNL_10off_20on_20off,151,15.01,148485000,-12.636519820711694
odr7p_bluelightbasal_JNL_10off_20on_20off,152,15.11,148629000,-12.551795160673187
odr7p_bluelightbasal_JNL_10off_20on_20off,153,15.21,147980000,-12.933644496541174
odr7p_bluelightbasal_JNL_10off_20on_20off,154,15.31,147288000,-13.34079355728177
odr7p_bluelightbasal_JNL_10off_20on_20off,155,15.41,147160000,-13.41610436620489
odr7p_bluelightbasal_JNL_10off_20on_20off,156,15.51,146910000,-13.563195789882847
odr7p_bluelightbasal_JNL_10off_20on_20off,157,15.61,145782000,-14.226872293517811
odr7p_bluelightbasal_JNL_10off_20on_20off,158,15.71,145393000,-14.455746548760718
odr7p_bluelightbasal_JNL_10off_20on_20off,159,15.81,145165000,-14.589893927155018
odr7p_bluelightbasal_JNL_10off_20on_20off,160,15.91,144590000,-14.928204201614331
odr7p_bluelightbasal_JNL_10off_20on_20off,161,16.01,143332000,-15.668368245561831
odr7p_bluelightbasal_JNL_10off_20on_20off,162,16.11,143261000,-15.71014220988637
odr7p_bluelightbasal_JNL_10off_20on_20off,163,16.21,142874000,-15.937839733739857
odr7p_bluelightbasal_JNL_10off_20on_20off,164,16.31,142889000,-15.929014248319179
odr7p_bluelightbasal_JNL_10off_20on_20off,165,16.41,141243000,-16.897464181814875
odr7p_bluelightbasal_JNL_10off_20on_20off,166,16.51,140523000,-17.321087482007403
odr7p_bluelightbasal_JNL_10off_20on_20off,167,16.61,140482000,-17.34521047549059
odr7p_bluelightbasal_JNL_10off_20on_20off,168,16.71,139897000,-17.68940440689702
odr7p_bluelightbasal_JNL_10off_20on_20off,169,16.81,138192000,-18.692567916380714
odr7p_bluelightbasal_JNL_10off_20on_20off,170,16.91,137889000,-18.870842721878404
odr7p_bluelightbasal_JNL_10off_20on_20off,171,17.01,136389000,-19.75339126394617
odr7p_bluelightbasal_JNL_10off_20on_20off,172,17.11,135826000,-20.08464115006894
odr7p_bluelightbasal_JNL_10off_20on_20off,173,17.21,135281000,-20.405300453686895
odr7p_bluelightbasal_JNL_10off_20on_20off,174,17.31,134558000,-20.830688850963558
odr7p_bluelightbasal_JNL_10off_20on_20off,175,17.41,133295000.00000001,-21.57379472338461
odr7p_bluelightbasal_JNL_10off_20on_20off,176,17.51,132325000,-22.14450944725511
odr7p_bluelightbasal_JNL_10off_20on_20off,177,17.61,131380999.99999999,-22.6999266630631
odr7p_bluelightbasal_JNL_10off_20on_20off,178,17.71,130417000,-23.26711119276531
odr7p_bluelightbasal_JNL_10off_20on_20off,179,17.81,130368000,-23.29594111180619
odr7p_bluelightbasal_JNL_10off_20on_20off,180,17.911,129011000.00000001,-24.094353359530153
odr7p_bluelightbasal_JNL_10off_20on_20off,181,18.01,128113000.00000001,-24.62270575338139
odr7p_bluelightbasal_JNL_10off_20on_20off,182,18.11,127797000,-24.808629312910345
odr7p_bluelightbasal_JNL_10off_20on_20off,183,18.21,127979000,-24.701546756472787
odr7p_bluelightbasal_JNL_10off_20on_20off,184,18.31,126747000.00000001,-25.42641329235777
odr7p_bluelightbasal_JNL_10off_20on_20off,185,18.41,127035000.00000001,-25.25696397228076
odr7p_bluelightbasal_JNL_10off_20on_20off,186,18.51,126333999.99999999,-25.66940832427378
odr7p_bluelightbasal_JNL_10off_20on_20off,187,18.61,126384000,-25.63999003953818
odr7p_bluelightbasal_JNL_10off_20on_20off,188,18.71,126598000.00000001,-25.514079780869835
odr7p_bluelightbasal_JNL_10off_20on_20off,189,18.81,125916000,-25.915345184663323
odr7p_bluelightbasal_JNL_10off_20on_20off,190,18.91,125144000.00000001,-26.36956350098086
odr7p_bluelightbasal_JNL_10off_20on_20off,191,19.01,124456000.00000001,-26.774359098942607
odr7p_bluelightbasal_JNL_10off_20on_20off,192,19.11,125052999.99999999,-26.42310477919965
odr7p_bluelightbasal_JNL_10off_20on_20off,193,19.21,124452000,-26.776712561721467
odr7p_bluelightbasal_JNL_10off_20on_20off,194,19.31,124195000.00000001,-26.9279225452624
odr7p_bluelightbasal_JNL_10off_20on_20off,195,19.41,123862999.99999999,-27.123259955906747
odr7p_bluelightbasal_JNL_10off_20on_20off,196,19.51,123557000,-27.303299858488568
odr7p_bluelightbasal_JNL_10off_20on_20off,197,19.61,123431000,-27.37743393602226
odr7p_bluelightbasal_JNL_10off_20on_20off,198,19.71,122479000,-27.937558077387937
odr7p_bluelightbasal_JNL_10off_20on_20off,199,19.81,122273000.00000001,-28.05876141049857
odr7p_bluelightbasal_JNL_10off_20on_20off,200,19.91,121794000,-28.340588578265546
odr7p_bluelightbasal_JNL_10off_20on_20off,201,20.01,121818000,-28.326467801592464
odr7p_bluelightbasal_JNL_10off_20on_20off,202,20.11,122162000,-28.12407000261159
odr7p_bluelightbasal_JNL_10off_20on_20off,203,20.21,121747000,-28.368241765917006
odr7p_bluelightbasal_JNL_10off_20on_20off,204,20.31,121750000,-28.366476668832867
odr7p_bluelightbasal_JNL_10off_20on_20off,205,20.41,121139000,-28.725968108301807
odr7p_bluelightbasal_JNL_10off_20on_20off,206,20.51,120393000,-29.16488891655684
odr7p_bluelightbasal_JNL_10off_20on_20off,207,20.61,119895000,-29.45789503252334
odr7p_bluelightbasal_JNL_10off_20on_20off,208,20.71,119646000.00000001,-29.604398090506585
odr7p_bluelightbasal_JNL_10off_20on_20off,209,20.81,118934999.99999999,-30.02272609944672
odr7p_bluelightbasal_JNL_10off_20on_20off,210,20.91,118785999.99999999,-30.11039258795879
odr7p_bluelightbasal_JNL_10off_20on_20off,211,21.01,118165000.00000001,-30.475767684374826
odr7p_bluelightbasal_JNL_10off_20on_20off,212,21.11,117584000,-30.817608153002418
odr7p_bluelightbasal_JNL_10off_20on_20off,213,21.21,117456999.99999999,-30.892330596230828
odr7p_bluelightbasal_JNL_10off_20on_20off,214,21.31,116700000,-31.33772342712769
odr7p_bluelightbasal_JNL_10off_20on_20off,215,21.41,117156000,-31.069428670339082
odr7p_bluelightbasal_JNL_10off_20on_20off,216,21.51,116823000.00000001,-31.265354446678124
odr7p_bluelightbasal_JNL_10off_20on_20off,217,21.61,115703000,-31.924324024755396
odr7p_bluelightbasal_JNL_10off_20on_20off,218,21.71,114635000,-32.55269858670765
odr7p_bluelightbasal_JNL_10off_20on_20off,219,21.81,114483000,-32.642130172303844
odr7p_bluelightbasal_JNL_10off_20on_20off,220,21.91,114870999.99999999,-32.41384428275566
odr7p_bluelightbasal_JNL_10off_20on_20off,221,22.01,114441000,-32.666841531481744
odr7p_bluelightbasal_JNL_10off_20on_20off,222,22.11,114559000.00000001,-32.59741437950574
odr7p_bluelightbasal_JNL_10off_20on_20off,223,22.21,114911000.00000001,-32.39030965496717
odr7p_bluelightbasal_JNL_10off_20on_20off,224,22.31,115528000.00000001,-32.02728802132996
odr7p_bluelightbasal_JNL_10off_20on_20off,225,22.41,115329000,-32.14437279457763
odr7p_bluelightbasal_JNL_10off_20on_20off,226,22.51,114197000,-32.81040276099144
odr7p_bluelightbasal_JNL_10off_20on_20off,227,22.61,113856000,-33.011035462888174
odr7p_bluelightbasal_JNL_10off_20on_20off,228,22.71,113376000.00000001,-33.29345099634985
odr7p_bluelightbasal_JNL_10off_20on_20off,229,22.81,113778000,-33.056927987075696
odr7p_bluelightbasal_JNL_10off_20on_20off,230,22.91,113070000,-33.473490898931686
odr7p_bluelightbasal_JNL_10off_20on_20off,231,23.01,112534000,-33.788854911297236
odr7p_bluelightbasal_JNL_10off_20on_20off,232,23.11,113255000,-33.364643245409994
odr7p_bluelightbasal_JNL_10off_20on_20off,233,23.21,111886000,-34.17011588147051
odr7p_bluelightbasal_JNL_10off_20on_20off,234,23.31,111738000,-34.25719400428786
odr7p_bluelightbasal_JNL_10off_20on_20off,235,23.41,111483000,-34.407227256439384
odr7p_bluelightbasal_JNL_10off_20on_20off,236,23.51,110918999.99999999,-34.73906550825687
odr7p_bluelightbasal_JNL_10off_20on_20off,237,23.61,109948000,-35.31036859782207
odr7p_bluelightbasal_JNL_10off_20on_20off,238,23.71,109402000,-35.63161626713473
odr7p_bluelightbasal_JNL_10off_20on_20off,239,23.81,109507000,-35.56983786918999
odr7p_bluelightbasal_JNL_10off_20on_20off,240,23.91,108216000,-36.32941798106298
odr7p_bluelightbasal_JNL_10off_20on_20off,241,24.01,106202000,-37.51438649021264
odr7p_bluelightbasal_JNL_10off_20on_20off,242,24.11,106985000,-37.05369615125326
odr7p_bluelightbasal_JNL_10off_20on_20off,243,24.21,105800999.99999999,-37.7503211337921
odr7p_bluelightbasal_JNL_10off_20on_20off,244,24.31,105945000,-37.66559647375358
odr7p_bluelightbasal_JNL_10off_20on_20off,245,24.41,108263000,-36.30176479341152
odr7p_bluelightbasal_JNL_10off_20on_20off,246,24.51,120790000,-28.93130773575624
odr7p_bluelightbasal_JNL_10off_20on_20off,247,24.61,122045000,-28.192908788892872
odr7p_bluelightbasal_JNL_10off_20on_20off,248,24.71,122037000,-28.19761571445057
odr7p_bluelightbasal_JNL_10off_20on_20off,249,24.81,122713999.99999999,-27.79929213913066
odr7p_bluelightbasal_JNL_10off_20on_20off,250,24.91,121693999.99999999,-28.39942514773674
odr7p_bluelightbasal_JNL_10off_20on_20off,251,25.01,118993000,-29.988600889153428
odr7p_bluelightbasal_JNL_10off_20on_20off,252,25.11,118768999.99999999,-30.120394804768893
odr7p_bluelightbasal_JNL_10off_20on_20off,253,25.21,118655000,-30.18746849396603
odr7p_bluelightbasal_JNL_10off_20on_20off,254,25.31,118456999.99999999,-30.30396490151898
odr7p_bluelightbasal_JNL_10off_20on_20off,255,25.41,118723000,-30.147459626725627
odr7p_bluelightbasal_JNL_10off_20on_20off,256,25.51,118456000,-30.304553267213684
odr7p_bluelightbasal_JNL_10off_20on_20off,257,25.61,117107999.99999999,-31.097670223685263
odr7p_bluelightbasal_JNL_10off_20on_20off,258,25.71,117236000,-31.02235941476214
odr7p_bluelightbasal_JNL_10off_20on_20off,259,25.81,117733000,-30.72994166449035
odr7p_bluelightbasal_JNL_10off_20on_20off,260,25.91,117556000,-30.83408239245435
odr7p_bluelightbasal_JNL_10off_20on_20off,261,26.01,117351000,-30.954697359870277
odr7p_bluelightbasal_JNL_10off_20on_20off,262,26.11,117141999.99999999,-31.077665790065062
odr7p_bluelightbasal_JNL_10off_20on_20off,263,26.21,117480000,-30.87879818525245
odr7p_bluelightbasal_JNL_10off_20on_20off,264,26.31,117385999.99999999,-30.93410456055537
odr7p_bluelightbasal_JNL_10off_20on_20off,265,26.41,117167000,-31.062956647697256
odr7p_bluelightbasal_JNL_10off_20on_20off,266,26.51,117639000,-30.785248039793267
odr7p_bluelightbasal_JNL_10off_20on_20off,267,26.61,117043999.99999999,-31.13532562814682
odr7p_bluelightbasal_JNL_10off_20on_20off,268,26.71,116727000,-31.321837553370468
odr7p_bluelightbasal_JNL_10off_20on_20off,269,26.81,116460999.99999999,-31.478342828163825
odr7p_bluelightbasal_JNL_10off_20on_20off,270,26.91,116865000,-31.24064308750023
odr7p_bluelightbasal_JNL_10off_20on_20off,271,27.01,115646000,-31.957860869353972
odr7p_bluelightbasal_JNL_10off_20on_20off,272,27.11,116212000,-31.624845886147067
odr7p_bluelightbasal_JNL_10off_20on_20off,273,27.21,116163000,-31.653675805187948
odr7p_bluelightbasal_JNL_10off_20on_20off,274,27.31,119827000,-29.49790389976375
odr7p_bluelightbasal_JNL_10off_20on_20off,275,27.41,121621000,-28.442375843450694
odr7p_bluelightbasal_JNL_10off_20on_20off,276,27.51,121593000,-28.458850082902632
odr7p_bluelightbasal_JNL_10off_20on_20off,277,27.61,121831000,-28.31881904756121
odr7p_bluelightbasal_JNL_10off_20on_20off,278,27.71,123137999.99999999,-27.549825084572838
odr7p_bluelightbasal_JNL_10off_20on_20off,279,27.81,123980000,-27.054421169625453
odr7p_bluelightbasal_JNL_10off_20on_20off,280,27.911,123711000,-27.21269154150294
odr7p_bluelightbasal_JNL_10off_20on_20off,281,28.01,124804000,-26.569607837182897
odr7p_bluelightbasal_JNL_10off_20on_20off,282,28.11,125781000.00000001,-25.994774553449414
odr7p_bluelightbasal_JNL_10off_20on_20off,283,28.21,125991000.00000001,-25.87121775755993
odr7p_bluelightbasal_JNL_10off_20on_20off,284,28.31,126367000,-25.64999225634828
odr7p_bluelightbasal_JNL_10off_20on_20off,285,28.41,127614000,-24.91630023504261
odr7p_bluelightbasal_JNL_10off_20on_20off,286,28.51,129622000,-23.734861920061228
odr7p_bluelightbasal_JNL_10off_20on_20off,287,28.61,129239000,-23.960205981135864
odr7p_bluelightbasal_JNL_10off_20on_20off,288,28.71,129908000,-23.56658933137364
odr7p_bluelightbasal_JNL_10off_20on_20off,289,28.81,128901000,-24.159073585948466
odr7p_bluelightbasal_JNL_10off_20on_20off,290,28.91,126099000,-25.807674262531055
odr7p_bluelightbasal_JNL_10off_20on_20off,291,29.01,124801000,-26.57137293426703
odr7p_bluelightbasal_JNL_10off_20on_20off,292,29.11,125563000,-26.123038274896604
odr7p_bluelightbasal_JNL_10off_20on_20off,293,29.21,124540999.99999999,-26.72434801489212
odr7p_bluelightbasal_JNL_10off_20on_20off,294,29.31,125323999.99999999,-26.263657675932745
odr7p_bluelightbasal_JNL_10off_20on_20off,295,29.41,125230000,-26.31896405123565
odr7p_bluelightbasal_JNL_10off_20on_20off,296,29.51,125756000,-26.00948369581722
odr7p_bluelightbasal_JNL_10off_20on_20off,297,29.61,124293000.00000001,-26.870262707180636
odr7p_bluelightbasal_JNL_10off_20on_20off,298,29.71,124025999.99999999,-27.027356347668718
odr7p_bluelightbasal_JNL_10off_20on_20off,299,29.81,125557000.00000001,-26.126568469064864
odr7p_bluelightbasal_JNL_10off_20on_20off,300,29.91,126225000.00000001,-25.733540184997356
odr7p_bluelightbasal_JNL_10off_20on_20off,301,30.01,125910000.00000001,-25.918875378831586
odr7p_bluelightbasal_JNL_10off_20on_20off,302,30.11,126609000,-25.507607758228012
odr7p_bluelightbasal_JNL_10off_20on_20off,303,30.21,127021000,-25.265201092006734
odr7p_bluelightbasal_JNL_10off_20on_20off,304,30.31,128220000,-24.559750624047233
odr7p_bluelightbasal_JNL_10off_20on_20off,305,30.41,127589000,-24.93100937741041
odr7p_bluelightbasal_JNL_10off_20on_20off,306,30.51,128897000,-24.16142704872731
odr7p_bluelightbasal_JNL_10off_20on_20off,307,30.61,128332000,-24.493853666239506
odr7p_bluelightbasal_JNL_10off_20on_20off,308,30.71,129228000.00000001,-23.966678003777684
odr7p_bluelightbasal_JNL_10off_20on_20off,309,30.81,129416000,-23.856065253171867
odr7p_bluelightbasal_JNL_10off_20on_20off,310,30.91,129772000,-23.64660706585445
odr7p_bluelightbasal_JNL_10off_20on_20off,311,31.01,130370999.99999999,-23.294176014722062
odr7p_bluelightbasal_JNL_10off_20on_20off,312,31.11,131089000.00000001,-22.87172944591894
odr7p_bluelightbasal_JNL_10off_20on_20off,313,31.21,131015000,-22.915268507327628
odr7p_bluelightbasal_JNL_10off_20on_20off,314,31.31,131678000,-22.525182051733672
odr7p_bluelightbasal_JNL_10off_20on_20off,315,31.41,131810999.99999999,-22.446929414337006
odr7p_bluelightbasal_JNL_10off_20on_20off,316,31.51,133030000,-21.72971163248326
odr7p_bluelightbasal_JNL_10off_20on_20off,317,31.61,131450000,-22.659329430127972
odr7p_bluelightbasal_JNL_10off_20on_20off,318,31.71,130532000,-23.199449137873447
odr7p_bluelightbasal_JNL_10off_20on_20off,319,31.81,131217999.99999999,-22.795830271301128
odr7p_bluelightbasal_JNL_10off_20on_20off,320,31.91,131746000.00000001,-22.48517318449326
odr7p_bluelightbasal_JNL_10off_20on_20off,321,32.01,132087000,-22.28454048259653
odr7p_bluelightbasal_JNL_10off_20on_20off,322,32.11,133122000,-21.67558198856977
odr7p_bluelightbasal_JNL_10off_20on_20off,323,32.21,132936000.00000001,-21.785018007786164
odr7p_bluelightbasal_JNL_10off_20on_20off,324,32.31,133139000,-21.665579771759667
odr7p_bluelightbasal_JNL_10off_20on_20off,325,32.41,133451000.00000001,-21.482009675009564
odr7p_bluelightbasal_JNL_10off_20on_20off,326,32.51,133527000,-21.43729388221147
odr7p_bluelightbasal_JNL_10off_20on_20off,327,32.61,134237000,-21.019554238966062
odr7p_bluelightbasal_JNL_10off_20on_20off,328,32.71,133922999.99999999,-21.20430106710559
odr7p_bluelightbasal_JNL_10off_20on_20off,329,32.81,133788000,-21.28373043589168
odr7p_bluelightbasal_JNL_10off_20on_20off,330,32.91,133738000,-21.31314872062727
odr7p_bluelightbasal_JNL_10off_20on_20off,331,33.01,133631000.00000001,-21.37610384996143
odr7p_bluelightbasal_JNL_10off_20on_20off,332,33.11,133817000.00000001,-21.26666783074503
odr7p_bluelightbasal_JNL_10off_20on_20off,333,33.21,133220999.99999999,-21.617333784793306
odr7p_bluelightbasal_JNL_10off_20on_20off,334,33.31,133075000.00000001,-21.703235176221217
odr7p_bluelightbasal_JNL_10off_20on_20off,335,33.41,132772000,-21.881509981718914
odr7p_bluelightbasal_JNL_10off_20on_20off,336,33.51,132267000,-22.178634657548397
odr7p_bluelightbasal_JNL_10off_20on_20off,337,33.61,131851000,-22.423394786548524
odr7p_bluelightbasal_JNL_10off_20on_20off,338,33.71,131846000,-22.426336615022084
odr7p_bluelightbasal_JNL_10off_20on_20off,339,33.81,131834000,-22.433397003358625
odr7p_bluelightbasal_JNL_10off_20on_20off,340,33.91,131416000,-22.679333863748177
odr7p_bluelightbasal_JNL_10off_20on_20off,341,34.01,130509000.00000001,-23.21298154885181
odr7p_bluelightbasal_JNL_10off_20on_20off,342,34.11,130387000.00000001,-23.284762163606658
odr7p_bluelightbasal_JNL_10off_20on_20off,343,34.21,128265999.99999999,-24.532685802090494
odr7p_bluelightbasal_JNL_10off_20on_20off,344,34.31,128529000,-24.377945624381272
odr7p_bluelightbasal_JNL_10off_20on_20off,345,34.41,128673000,-24.29322096434277
odr7p_bluelightbasal_JNL_10off_20on_20off,346,34.51,127896000.00000001,-24.750381109133862
odr7p_bluelightbasal_JNL_10off_20on_20off,347,34.61,127830000,-24.789213244984854
odr7p_bluelightbasal_JNL_10off_20on_20off,348,34.71,127248000,-25.13164207930715
odr7p_bluelightbasal_JNL_10off_20on_20off,349,34.81,127540000.00000001,-24.95983929645128
odr7p_bluelightbasal_JNL_10off_20on_20off,350,34.91,127085000,-25.227545687545177
odr7p_bluelightbasal_JNL_10off_20on_20off,351,35.01,126720000.00000001,-25.44229916611499
odr7p_bluelightbasal_JNL_10off_20on_20off,352,35.11,126699000,-25.45465484570395
odr7p_bluelightbasal_JNL_10off_20on_20off,353,35.21,126392000,-25.635283113980485
odr7p_bluelightbasal_JNL_10off_20on_20off,354,35.31,126913000.00000001,-25.328744587035608
odr7p_bluelightbasal_JNL_10off_20on_20off,355,35.41,127770000,-24.82451518666756
odr7p_bluelightbasal_JNL_10off_20on_20off,356,35.51,126265999.99999999,-25.709417191514188
odr7p_bluelightbasal_JNL_10off_20on_20off,357,35.61,125908000,-25.92005211022102
odr7p_bluelightbasal_JNL_10off_20on_20off,358,35.71,126024000,-25.851801689634446
odr7p_bluelightbasal_JNL_10off_20on_20off,359,35.81,125767999.99999999,-26.002423307480687
odr7p_bluelightbasal_JNL_10off_20on_20off,360,35.91,124679999.99999999,-26.64256518332717
odr7p_bluelightbasal_JNL_10off_20on_20off,361,36.01,125327000.00000001,-26.261892578848588
odr7p_bluelightbasal_JNL_10off_20on_20off,362,36.11,125217000,-26.3266128052669
odr7p_bluelightbasal_JNL_10off_20on_20off,363,36.21,123936000,-27.080309260192774
odr7p_bluelightbasal_JNL_10off_20on_20off,364,36.31,122994000,-27.634549744611338
odr7p_bluelightbasal_JNL_10off_20on_20off,365,36.41,123008000,-27.62631262488537
odr7p_bluelightbasal_JNL_10off_20on_20off,366,36.51,121839000.00000001,-28.31411212200351
odr7p_bluelightbasal_JNL_10off_20on_20off,367,36.61,121448000,-28.544163108635846
odr7p_bluelightbasal_JNL_10off_20on_20off,368,36.71,121556000,-28.480619613606965
odr7p_bluelightbasal_JNL_10off_20on_20off,369,36.81,121499000,-28.51415645820554
odr7p_bluelightbasal_JNL_10off_20on_20off,370,36.91,120509000,-29.096638495970268
odr7p_bluelightbasal_JNL_10off_20on_20off,371,37.01,119582000.00000001,-29.642053494968142
odr7p_bluelightbasal_JNL_10off_20on_20off,372,37.11,119609000.00000001,-29.626167621210918
odr7p_bluelightbasal_JNL_10off_20on_20off,373,37.21,118375999.99999999,-30.351622522790645
odr7p_bluelightbasal_JNL_10off_20on_20off,374,37.31,118112000,-30.50695106619456
odr7p_bluelightbasal_JNL_10off_20on_20off,375,37.41,116015000,-31.7407539280053
odr7p_bluelightbasal_JNL_10off_20on_20off,376,37.51,115487999.99999999,-32.05082264911845
odr7p_bluelightbasal_JNL_10off_20on_20off,377,37.61,115346000,-32.13437057776753
odr7p_bluelightbasal_JNL_10off_20on_20off,378,37.71,114252000,-32.778042647782286
odr7p_bluelightbasal_JNL_10off_20on_20off,379,37.81,113762999.99999999,-33.06575347249638
odr7p_bluelightbasal_JNL_10off_20on_20off,380,37.912,112107000,-34.040087062939186
odr7p_bluelightbasal_JNL_10off_20on_20off,381,38.01,111612000,-34.33132808182155
odr7p_bluelightbasal_JNL_10off_20on_20off,382,38.11,112846000,-33.60528481454714
odr7p_bluelightbasal_JNL_10off_20on_20off,383,38.21,111328000,-34.49842393911972
odr7p_bluelightbasal_JNL_10off_20on_20off,384,38.31,112015000,-34.094216706852684
odr7p_bluelightbasal_JNL_10off_20on_20off,385,38.41,111446000,-34.428996787143724
odr7p_bluelightbasal_JNL_10off_20on_20off,386,38.51,112099000,-34.044793988496885
odr7p_bluelightbasal_JNL_10off_20on_20off,387,38.61,111162999.99999999,-34.59550427874718
odr7p_bluelightbasal_JNL_10off_20on_20off,388,38.71,111103000,-34.63080622042988
odr7p_bluelightbasal_JNL_10off_20on_20off,389,38.81,111158000,-34.59844610722073
odr7p_bluelightbasal_JNL_10off_20on_20off,390,38.91,109830999.99999999,-35.37920738410336
odr7p_bluelightbasal_JNL_10off_20on_20off,391,39.01,110783000.00000001,-34.81908324273766
odr7p_bluelightbasal_JNL_10off_20on_20off,392,39.11,110603999.99999999,-34.9244007020911
odr7p_bluelightbasal_JNL_10off_20on_20off,393,39.21,110088999.99999999,-35.227409034867705
odr7p_bluelightbasal_JNL_10off_20on_20off,394,39.31,109833000,-35.378030652713925
odr7p_bluelightbasal_JNL_10off_20on_20off,395,39.41,109274000,-35.70692707605785
odr7p_bluelightbasal_JNL_10off_20on_20off,396,39.51,108722999.99999999,-36.03111657384409
odr7p_bluelightbasal_JNL_10off_20on_20off,397,39.61,108471999.99999999,-36.17879636321676
odr7p_bluelightbasal_JNL_10off_20on_20off,398,39.71,107796000,-36.57653157284195
odr7p_bluelightbasal_JNL_10off_20on_20off,399,39.81,107776000,-36.58829888673619
odr7p_bluelightbasal_JNL_10off_20on_20off,400,39.91,107457000,-36.77598754334927
odr7p_bluelightbasal_JNL_10off_20on_20off,401,40.01,108386000,-36.22939581296197
odr7p_bluelightbasal_JNL_10off_20on_20off,402,40.11,108487000,-36.16997087779607
odr7p_bluelightbasal_JNL_10off_20on_20off,403,40.21,108393999.99999999,-36.224688887404284
odr7p_bluelightbasal_JNL_10off_20on_20off,404,40.31,107763000.00000001,-36.59594764076744
odr7p_bluelightbasal_JNL_10off_20on_20off,405,40.41,108310000,-36.27411160576007
odr7p_bluelightbasal_JNL_10off_20on_20off,406,40.51,107459000,-36.774810811959846
odr7p_bluelightbasal_JNL_10off_20on_20off,407,40.61,106783000,-37.172546021585056
odr7p_bluelightbasal_JNL_10off_20on_20off,408,40.71,106026000,-37.61793885248192
odr7p_bluelightbasal_JNL_10off_20on_20off,409,40.81,105558000,-37.89329399760707
odr7p_bluelightbasal_JNL_10off_20on_20off,410,40.91,106163999.99999999,-37.536744386611694
odr7p_bluelightbasal_JNL_10off_20on_20off,411,41.01,105644999.99999999,-37.84210618216714
odr7p_bluelightbasal_JNL_10off_20on_20off,412,41.11,104624000,-38.44282755646793
odr7p_bluelightbasal_JNL_10off_20on_20off,413,41.21,104246000,-38.665229789069
odr7p_bluelightbasal_JNL_10off_20on_20off,414,41.31,104228000.00000001,-38.67582037157381
odr7p_bluelightbasal_JNL_10off_20on_20off,415,41.41,103347000.00000001,-39.19417054861494
odr7p_bluelightbasal_JNL_10off_20on_20off,416,41.51,103243000,-39.25536058086499
odr7p_bluelightbasal_JNL_10off_20on_20off,417,41.61,104219000,-38.68111566282623
odr7p_bluelightbasal_JNL_10off_20on_20off,418,41.71,103878000,-38.88174836472296
odr7p_bluelightbasal_JNL_10off_20on_20off,419,41.81,104201000.00000001,-38.691706245331034
odr7p_bluelightbasal_JNL_10off_20on_20off,420,41.91,104028000.00000001,-38.79349351051618
odr7p_bluelightbasal_JNL_10off_20on_20off,421,42.01,103940000.00000001,-38.84526969165082
odr7p_bluelightbasal_JNL_10off_20on_20off,422,42.11,103707000,-38.98235889851869
odr7p_bluelightbasal_JNL_10off_20on_20off,423,42.21,102104000,-39.92550910714178
odr7p_bluelightbasal_JNL_10off_20on_20off,424,42.31,102309000,-39.804894139725846
odr7p_bluelightbasal_JNL_10off_20on_20off,425,42.41,102221000,-39.856670320860495
odr7p_bluelightbasal_JNL_10off_20on_20off,426,42.51,102577999.99999999,-39.64662376784837
odr7p_bluelightbasal_JNL_10off_20on_20off,427,42.61,101170000,-40.47504266600264
odr7p_bluelightbasal_JNL_10off_20on_20off,428,42.71,100740000,-40.72803991472873
odr7p_bluelightbasal_JNL_10off_20on_20off,429,42.81,101201999.99999999,-40.45621496377187
odr7p_bluelightbasal_JNL_10off_20on_20off,430,42.91,101011000,-40.568592811461826
odr7p_bluelightbasal_JNL_10off_20on_20off,431,43.01,101087000,-40.523877018663725
odr7p_bluelightbasal_JNL_10off_20on_20off,432,43.11,101171000.00000001,-40.47445430030792
odr7p_bluelightbasal_JNL_10off_20on_20off,433,43.21,100661000,-40.77452080461097
odr7p_bluelightbasal_JNL_10off_20on_20off,434,43.31,101589000,-40.22851743991838
odr7p_bluelightbasal_JNL_10off_20on_20off,435,43.41,101465999.99999999,-40.300886420367945
odr7p_bluelightbasal_JNL_10off_20on_20off,436,43.51,101931000,-40.02729637232692
odr7p_bluelightbasal_JNL_10off_20on_20off,437,43.61,101171000.00000001,-40.47445430030792
odr7p_bluelightbasal_JNL_10off_20on_20off,438,43.71,101255999.99999999,-40.42444321625743
odr7p_bluelightbasal_JNL_10off_20on_20off,439,43.81,101543999.99999999,-40.254993896180416
odr7p_bluelightbasal_JNL_10off_20on_20off,440,43.91,100786000,-40.70097509277199
odr7p_bluelightbasal_JNL_10off_20on_20off,441,44.01,101411000,-40.33324653357708
odr7p_bluelightbasal_JNL_10off_20on_20off,442,44.11,100861000,-40.6568476656686
odr7p_bluelightbasal_JNL_10off_20on_20off,443,44.21,100349000,-40.95809090136107
odr7p_bluelightbasal_JNL_10off_20on_20off,444,44.31,101315000,-40.38972964026942
odr7p_bluelightbasal_JNL_10off_20on_20off,445,44.41,100648000,-40.782169558642224
odr7p_bluelightbasal_JNL_10off_20on_20off,446,44.51,100596000,-40.81276457476724
odr7p_bluelightbasal_JNL_10off_20on_20off,447,44.61,101208000.00000001,-40.45268476960358
odr7p_bluelightbasal_JNL_10off_20on_20off,448,44.71,101816000,-40.09495842721879
odr7p_bluelightbasal_JNL_10off_20on_20off,449,44.81,102536000,-39.67133512702626
odr7p_bluelightbasal_JNL_10off_20on_20off,450,44.911,101899000,-40.0461240745577
odr7p_bluelightbasal_JNL_10off_20on_20off,451,45.01,102045999.99999999,-39.959634317435075
odr7p_bluelightbasal_JNL_10off_20on_20off,452,45.11,102044000,-39.96081104882448
odr7p_bluelightbasal_JNL_10off_20on_20off,453,45.21,102126999.99999999,-39.911976696163414
odr7p_bluelightbasal_JNL_10off_20on_20off,454,45.31,102736000,-39.553661988083896
odr7p_bluelightbasal_JNL_10off_20on_20off,455,45.41,102236000,-39.84784483543981
odr7p_bluelightbasal_JNL_10off_20on_20off,456,45.51,102840000,-39.49247195583386
odr7p_bluelightbasal_JNL_10off_20on_20off,457,45.61,102638999.99999999,-39.61073346047095
odr7p_bluelightbasal_JNL_10off_20on_20off,458,45.71,102404000,-39.74899939872822
odr7p_bluelightbasal_JNL_10off_20on_20off,459,45.81,102902000,-39.455993282761725
odr7p_bluelightbasal_JNL_10off_20on_20off,460,45.91,102119000,-39.9166836217211
odr7p_bluelightbasal_JNL_10off_20on_20off,461,46.01,101572000,-40.23851965672848
odr7p_bluelightbasal_JNL_10off_20on_20off,462,46.11,102467000,-39.71193235996138
odr7p_bluelightbasal_JNL_10off_20on_20off,463,46.21,102895000,-39.460111842624706
odr7p_bluelightbasal_JNL_10off_20on_20off,464,46.31,103061000,-39.36244313730254
odr7p_bluelightbasal_JNL_10off_20on_20off,465,46.41,101991000.00000001,-39.991994430644205
odr7p_bluelightbasal_JNL_10off_20on_20off,466,46.511,102199000,-39.86961436614415
odr7p_bluelightbasal_JNL_10off_20on_20off,467,46.61,101758000,-40.129083637512075
odr7p_bluelightbasal_JNL_10off_20on_20off,468,46.71,101835000.00000001,-40.083779479019256
odr7p_bluelightbasal_JNL_10off_20on_20off,469,46.81,102306000.00000001,-39.80665923680998
odr7p_bluelightbasal_JNL_10off_20on_20off,470,46.91,103024000,-39.38421266800688
odr7p_bluelightbasal_JNL_10off_20on_20off,471,47.01,103285999.99999999,-39.230060855992384
odr7p_bluelightbasal_JNL_10off_20on_20off,472,47.11,102942000,-39.43245865497325
odr7p_bluelightbasal_JNL_10off_20on_20off,473,47.21,103194999.99999999,-39.283602134211165
odr7p_bluelightbasal_JNL_10off_20on_20off,474,47.31,103038000,-39.37597554828091
odr7p_bluelightbasal_JNL_10off_20on_20off,475,47.41,103938000,-38.846446423040256
odr7p_bluelightbasal_JNL_10off_20on_20off,476,47.51,103908000,-38.86409739388161
odr7p_bluelightbasal_JNL_10off_20on_20off,477,47.61,102583000,-39.6436819393748
odr7p_bluelightbasal_JNL_10off_20on_20off,478,47.71,101713000.00000001,-40.1555600937741
odr7p_bluelightbasal_JNL_10off_20on_20off,479,47.81,102631000,-39.61544038602863
odr7p_bluelightbasal_JNL_10off_20on_20off,480,47.912,101756000,-40.130260368901496
odr7p_bluelightbasal_JNL_10off_20on_20off,481,48.011,101051000,-40.54505818367335
odr7p_bluelightbasal_JNL_10off_20on_20off,482,48.111,101784999.99999999,-40.11319776375487
odr7p_bluelightbasal_JNL_10off_20on_20off,483,48.211,101240000,-40.43385706737281
odr7p_bluelightbasal_JNL_10off_20on_20off,484,48.311,100725000,-40.73686540014941
odr7p_bluelightbasal_JNL_10off_20on_20off,485,48.411,100050000,-41.13401224407991
odr7p_bluelightbasal_JNL_10off_20on_20off,486,48.511,99998400,-41.16437191392704
odr7p_bluelightbasal_JNL_10off_20on_20off,487,48.611,99231000,-41.61588374804891
odr7p_bluelightbasal_JNL_10off_20on_20off,488,48.711,99420900,-41.50415310262313
odr7p_bluelightbasal_JNL_10off_20on_20off,489,48.811,98641700,-41.9626076519426
odr7p_bluelightbasal_JNL_10off_20on_20off,490,48.911,98834800,-41.84899423629374
odr7p_bluelightbasal_JNL_10off_20on_20off,491,49.011,98959700,-41.77550736102423
odr7p_bluelightbasal_JNL_10off_20on_20off,492,49.111,99040400,-41.72802624946099
odr7p_bluelightbasal_JNL_10off_20on_20off,493,49.211,99287300,-41.582758759436636
odr7p_bluelightbasal_JNL_10off_20on_20off,494,49.311,98412500,-42.097461069170556
odr7p_bluelightbasal_JNL_10off_20on_20off,495,49.411,98122000,-42.26838130348434
odr7p_bluelightbasal_JNL_10off_20on_20off,496,49.511,98607700,-41.9826120855628
odr7p_bluelightbasal_JNL_10off_20on_20off,497,49.611,99298300.00000001,-41.57628673679479
odr7p_bluelightbasal_JNL_10off_20on_20off,498,49.711,100560999.99999999,-40.83335737408216
odr7p_bluelightbasal_JNL_10off_20on_20off,499,49.811,100691000,-40.75686983376961
odr7p_bluelightbasal_JNL_10off_20on_20off,500,49.911,101113000.00000001,-40.50857951060121
odr7p_bluelightbasal_JNL_10off_20on_20off,501,50.011,101154000.00000001,-40.48445651711802
odr7p_bluelightbasal_JNL_10off_20on_20off,502,50.111,99651500,-41.368475973422576
odr7p_bluelightbasal_JNL_10off_20on_20off,503,50.211,100953000,-40.602718021755116
odr7p_bluelightbasal_JNL_10off_20on_20off,504,50.311,100093000.00000001,-41.10871251920729
odr7p_bluelightbasal_JNL_10off_20on_20off,505,50.411,100537000.00000001,-40.84747815075523
odr7p_bluelightbasal_JNL_10off_20on_20off,506,50.511,101086000.00000001,-40.52446538435843
odr7p_bluelightbasal_JNL_10off_20on_20off,507,50.611,101201999.99999999,-40.45621496377187
odr7p_bluelightbasal_JNL_10off_20on_20off,508,50.711,101952000,-40.01494069273798
odr7p_bluelightbasal_JNL_10off_20on_20off,509,50.811,101287000,-40.40620387972135
odr7p_bluelightbasal_JNL_10off_20on_20off,510,50.911,101801000.00000001,-40.10378391263946
odr7p_bluelightbasal_JNL_10off_20on_20off,511,51.011,102062000.00000001,-39.950220466319664
odr7p_bluelightbasal_JNL_10off_20on_20off,512,51.111,100671000,-40.76863714766385
odr7p_bluelightbasal_JNL_10off_20on_20off,513,51.211,100076000.00000001,-41.118714736017395
odr7p_bluelightbasal_JNL_10off_20on_20off,514,51.311,100647000,-40.782757924336934
odr7p_bluelightbasal_JNL_10off_20on_20off,515,51.411,100520000.00000001,-40.85748036756533
odr7p_bluelightbasal_JNL_10off_20on_20off,516,51.511,101255999.99999999,-40.42444321625743
odr7p_bluelightbasal_JNL_10off_20on_20off,517,51.611,100825000.00000001,-40.67802883067822
odr7p_bluelightbasal_JNL_10off_20on_20off,518,51.711,100702000,-40.75039781112778
odr7p_bluelightbasal_JNL_10off_20on_20off,519,51.811,101189000,-40.463863717803115
odr7p_bluelightbasal_JNL_10off_20on_20off,520,51.911,102099000,-39.92845093561533
odr7p_bluelightbasal_JNL_10off_20on_20off,521,52.011,101120000.00000001,-40.50446095073823
odr7p_bluelightbasal_JNL_10off_20on_20off,522,52.111,101414000,-40.33148143649295
odr7p_bluelightbasal_JNL_10off_20on_20off,523,52.211,101417000,-40.32971633940882
odr7p_bluelightbasal_JNL_10off_20on_20off,524,52.311,103626000,-39.03001651979035
odr7p_bluelightbasal_JNL_10off_20on_20off,525,52.411,104140000.00000001,-38.727596552708455
odr7p_bluelightbasal_JNL_10off_20on_20off,526,52.511,104548000,-38.487543349266026
odr7p_bluelightbasal_JNL_10off_20on_20off,527,52.611,103075999.99999999,-39.35361765188187
odr7p_bluelightbasal_JNL_10off_20on_20off,528,52.711,99875200,-41.23685856751554
odr7p_bluelightbasal_JNL_10off_20on_20off,529,52.811,99902700,-41.220678510910965
odr7p_bluelightbasal_JNL_10off_20on_20off,530,52.911,100652999.99999999,-40.77922773016867
odr7p_bluelightbasal_JNL_10off_20on_20off,531,53.011,102311000,-39.803717408336425
odr7p_bluelightbasal_JNL_10off_20on_20off,532,53.111,98821700,-41.856701826894465
odr7p_bluelightbasal_JNL_10off_20on_20off,533,53.211,99512800,-41.45008229527911
odr7p_bluelightbasal_JNL_10off_20on_20off,534,53.311,99536300,-41.43625570145338
odr7p_bluelightbasal_JNL_10off_20on_20off,535,53.411,99234900,-41.61358912183953
odr7p_bluelightbasal_JNL_10off_20on_20off,536,53.511,99627100,-41.38283209637355
odr7p_bluelightbasal_JNL_10off_20on_20off,537,53.611,99302900,-41.57358025459912
odr7p_bluelightbasal_JNL_10off_20on_20off,538,53.711,99422800,-41.50303520780317
odr7p_bluelightbasal_JNL_10off_20on_20off,539,53.811,99099100,-41.6934891831814
odr7p_bluelightbasal_JNL_10off_20on_20off,540,53.911,99842700,-41.25598045259367
odr7p_bluelightbasal_JNL_10off_20on_20off,541,54.011,100662999.99999999,-40.77334407322156
odr7p_bluelightbasal_JNL_10off_20on_20off,542,54.111,101357000.00000001,-40.36501828109152
odr7p_bluelightbasal_JNL_10off_20on_20off,543,54.211,102187999.99999999,-39.87608638878599
odr7p_bluelightbasal_JNL_10off_20on_20off,544,54.311,103553000,-39.07296721550431
odr7p_bluelightbasal_JNL_10off_20on_20off,545,54.411,99368800,-41.53480695531761
odr7p_bluelightbasal_JNL_10off_20on_20off,546,54.511,99503299.99999999,-41.45567176937888
odr7p_bluelightbasal_JNL_10off_20on_20off,547,54.611,101271000,-40.41561773083674
odr7p_bluelightbasal_JNL_10off_20on_20off,548,54.711,98365300,-42.125231929960954
odr7p_bluelightbasal_JNL_10off_20on_20off,549,54.811,97114499.99999999,-42.86115974090654
odr7p_bluelightbasal_JNL_10off_20on_20off,550,54.911,96386000,-43.28978414950411
odr7p_bluelightbasal_JNL_10off_20on_20off,551,55.011,96267500,-43.35950548432746
odr7p_bluelightbasal_JNL_10off_20on_20off,552,55.111,97543300,-42.60886853101409
odr7p_bluelightbasal_JNL_10off_20on_20off,553,55.211,97187300.00000001,-42.8183267183315
odr7p_bluelightbasal_JNL_10off_20on_20off,554,55.311,97197600.00000001,-42.81226655167597
odr7p_bluelightbasal_JNL_10off_20on_20off,555,55.411,97231300,-42.792438627764184
odr7p_bluelightbasal_JNL_10off_20on_20off,556,55.511,97316000,-42.74260405342209
odr7p_bluelightbasal_JNL_10off_20on_20off,557,55.611,96521000.00000001,-43.210354780718
odr7p_bluelightbasal_JNL_10off_20on_20off,558,55.711,97009300,-42.92305581199021
odr7p_bluelightbasal_JNL_10off_20on_20off,559,55.811,96959000,-42.95265060643422
odr7p_bluelightbasal_JNL_10off_20on_20off,560,55.911,96902400,-42.98595210475491
odr7p_bluelightbasal_JNL_10off_20on_20off,561,56.011,97992700,-42.34445698781059
odr7p_bluelightbasal_JNL_10off_20on_20off,562,56.111,99920300,-41.210323274684036
odr7p_bluelightbasal_JNL_10off_20on_20off,563,56.211,99503200,-41.45573060594835
odr7p_bluelightbasal_JNL_10off_20on_20off,564,56.311,99564000,-41.41995797170986
odr7p_bluelightbasal_JNL_10off_20on_20off,565,56.411,98365500.00000001,-42.125114256822
odr7p_bluelightbasal_JNL_10off_20on_20off,566,56.511,95711800,-43.686460300878835
odr7p_bluelightbasal_JNL_10off_20on_20off,567,56.611,95382100,-43.88044447042533
odr7p_bluelightbasal_JNL_10off_20on_20off,568,56.711,94598300,-44.34160550194047
odr7p_bluelightbasal_JNL_10off_20on_20off,569,56.811,95060200,-44.069839387553074
odr7p_bluelightbasal_JNL_10off_20on_20off,570,56.911,94941900,-44.13944304923748
odr7p_bluelightbasal_JNL_10off_20on_20off,571,57.011,94603600,-44.3384871637585
odr7p_bluelightbasal_JNL_10off_20on_20off,572,57.111,94390699.99999999,-44.46375022016266
odr7p_bluelightbasal_JNL_10off_20on_20off,573,57.211,95142600,-44.02135805430881
odr7p_bluelightbasal_JNL_10off_20on_20off,574,57.311,94851500.00000001,-44.192631308039424
odr7p_bluelightbasal_JNL_10off_20on_20off,575,57.411,95011300,-44.09861047002448
odr7p_bluelightbasal_JNL_10off_20on_20off,576,57.511,94126300,-44.61931410984447
odr7p_bluelightbasal_JNL_10off_20on_20off,577,57.611,93936700,-44.73086824556183
odr7p_bluelightbasal_JNL_10off_20on_20off,578,57.711,94052700,-44.66261782497526
odr7p_bluelightbasal_JNL_10off_20on_20off,579,57.811,93927500,-44.73628120995318
odr7p_bluelightbasal_JNL_10off_20on_20off,580,57.912,93778700,-44.8238300253263
odr7p_bluelightbasal_JNL_10off_20on_20off,581,58.01,94096700,-44.63672973440793
odr7p_bluelightbasal_JNL_10off_20on_20off,582,58.11,93734400,-44.84989462560203
odr7p_bluelightbasal_JNL_10off_20on_20off,583,58.21,94092600,-44.63914203375625
odr7p_bluelightbasal_JNL_10off_20on_20off,584,58.31,93854600,-44.77917306909767
odr7p_bluelightbasal_JNL_10off_20on_20off,585,58.41,94338400,-44.49452174599608
odr7p_bluelightbasal_JNL_10off_20on_20off,586,58.51,93619000,-44.91779202677178
odr7p_bluelightbasal_JNL_10off_20on_20off,587,58.61,94143600,-44.60913538332595
odr7p_bluelightbasal_JNL_10off_20on_20off,588,58.71,94655200,-44.30812749391137
odr7p_bluelightbasal_JNL_10off_20on_20off,589,58.81,94609900,-44.33478045988182
odr7p_bluelightbasal_JNL_10off_20on_20off,590,58.91,95275300,-43.94328192662055
odr7p_bluelightbasal_JNL_10off_20on_20off,591,59.01,95208500,-43.982584755027304
odr7p_bluelightbasal_JNL_10off_20on_20off,592,59.11,95131500,-44.027888913520115
odr7p_bluelightbasal_JNL_10off_20on_20off,593,59.21,95622300,-43.73911903055554
odr7p_bluelightbasal_JNL_10off_20on_20off,594,59.31,94944700,-44.137795625292284
odr7p_bluelightbasal_JNL_10off_20on_20off,595,59.41,94818100,-44.212282722242804
odr7p_bluelightbasal_JNL_10off_20on_20off,596,59.51,95120600,-44.03430209959247
odr7p_bluelightbasal_JNL_10off_20on_20off,597,59.61,96333100,-43.320908694754365
odr7p_bluelightbasal_JNL_10off_20on_20off,598,59.71,96646699.99999999,-43.13639721289274
odr7p_bluelightbasal_JNL_10off_20on_20off,599,59.81,96792800,-43.05043698489533
odr7p_bluelightbasal_JNL_10off_20on_20off,600,59.91,96561400,-43.18658480665165
