stim_jnl,frame,time_s,fluor,dff
rlh267_bluelightbasal_JNL_10off_20on_20off,2,0.1,63305300.00000001,-1.1390599501127148
rlh267_bluelightbasal_JNL_10off_20on_20off,3,0.2,62688499.99999999,-2.1022877971140237
rlh267_bluelightbasal_JNL_10off_20on_20off,4,0.3,62842399.99999999,-1.8619493313982358
rlh267_bluelightbasal_JNL_10off_20on_20off,5,0.4,62736500,-2.0273284315886198
rlh267_bluelightbasal_JNL_10off_20on_20off,6,0.5,62714200,-2.0621533034889583
rlh267_bluelightbasal_JNL_10off_20on_20off,7,0.6,62401799.99999999,-2.550013840783395
rlh267_bluelightbasal_JNL_10off_20on_20off,8,0.7,62780900,-1.9579910184776326
rlh267_bluelightbasal_JNL_10off_20on_20off,9,0.8,62688200,-2.1027562931485453
rlh267_bluelightbasal_JNL_10off_20on_20off,10,0.9,63085800,-1.4818428820465497
rlh267_bluelightbasal_JNL_10off_20on_20off,11,1,62833800,-1.875379551054857
rlh267_bluelightbasal_JNL_10off_20on_20off,12,1.1,63165100,-1.3580037635848086
rlh267_bluelightbasal_JNL_10off_20on_20off,13,1.2,62677600,-2.1193098197020697
rlh267_bluelightbasal_JNL_10off_20on_20off,14,1.3,62961000,-1.6767372324125684
rlh267_bluelightbasal_JNL_10off_20on_20off,15,1.4,63072300,-1.5029252036005663
rlh267_bluelightbasal_JNL_10off_20on_20off,16,1.5,63511900,-0.8164223476638524
rlh267_bluelightbasal_JNL_10off_20on_20off,17,1.6,63549500,-0.7577041780022954
rlh267_bluelightbasal_JNL_10off_20on_20off,18,1.7,63473700,-0.8760775093944767
rlh267_bluelightbasal_JNL_10off_20on_20off,19,1.8,63484500,-0.8592116521512636
rlh267_bluelightbasal_JNL_10off_20on_20off,20,1.9,63462800,-0.8930995319825343
rlh267_bluelightbasal_JNL_10off_20on_20off,21,2,63560100.00000001,-0.7411506514487598
rlh267_bluelightbasal_JNL_10off_20on_20off,22,2.1,63581000,-0.7085120943762571
rlh267_bluelightbasal_JNL_10off_20on_20off,23,2.2,63863800,-0.26687649915582334
rlh267_bluelightbasal_JNL_10off_20on_20off,24,2.3,63663700,-0.5793633541898006
rlh267_bluelightbasal_JNL_10off_20on_20off,25,2.4,63798100,-0.3694771307187034
rlh267_bluelightbasal_JNL_10off_20on_20off,26,2.5,63880000,-0.24157771329100355
rlh267_bluelightbasal_JNL_10off_20on_20off,27,2.6,64011500,-0.03622028482039878
rlh267_bluelightbasal_JNL_10off_20on_20off,28,2.7,63903299.99999999,-0.20519118794223123
rlh267_bluelightbasal_JNL_10off_20on_20off,29,2.8,64479600,0.6947896943970163
rlh267_bluelightbasal_JNL_10off_20on_20off,30,2.9,64055500,0.03249246691121041
rlh267_bluelightbasal_JNL_10off_20on_20off,31,3,64512400,0.7460119275060341
rlh267_bluelightbasal_JNL_10off_20on_20off,32,3.1,64777100,1.1593815953096014
rlh267_bluelightbasal_JNL_10off_20on_20off,33,3.2,64731900,1.0887948594398573
rlh267_bluelightbasal_JNL_10off_20on_20off,34,3.3,64890700,1.3367854270530288
rlh267_bluelightbasal_JNL_10off_20on_20off,35,3.4,64676300,1.0019669277062784
rlh267_bluelightbasal_JNL_10off_20on_20off,36,3.5,65072900,1.6213186853598287
rlh267_bluelightbasal_JNL_10off_20on_20off,37,3.6,64715700,1.0634960735750376
rlh267_bluelightbasal_JNL_10off_20on_20off,38,3.7,65120500,1.6956533895058423
rlh267_bluelightbasal_JNL_10off_20on_20off,39,3.8,64983400,1.4815507017239418
rlh267_bluelightbasal_JNL_10off_20on_20off,40,3.9,65281700,1.9473919253952834
rlh267_bluelightbasal_JNL_10off_20on_20off,41,4,65324099.99999999,2.013606031609368
rlh267_bluelightbasal_JNL_10off_20on_20off,42,4.1,65494700,2.28002410991421
rlh267_bluelightbasal_JNL_10off_20on_20off,43,4.2,65010600,1.5240276755216637
rlh267_bluelightbasal_JNL_10off_20on_20off,44,4.3,65731400.00000001,2.64966748116131
rlh267_bluelightbasal_JNL_10off_20on_20off,45,4.4,65048199.99999999,1.5827458451832093
rlh267_bluelightbasal_JNL_10off_20on_20off,46,4.5,65158600,1.7551523858916218
rlh267_bluelightbasal_JNL_10off_20on_20off,47,4.6,66055500,3.1557993638025374
rlh267_bluelightbasal_JNL_10off_20on_20off,48,4.7,65539100,2.349361523025197
rlh267_bluelightbasal_JNL_10off_20on_20off,49,4.8,65763999.99999999,2.700577383580615
rlh267_bluelightbasal_JNL_10off_20on_20off,50,4.9,65794600,2.7483639791030643
rlh267_bluelightbasal_JNL_10off_20on_20off,51,5,65717100.00000001,2.6273358368485367
rlh267_bluelightbasal_JNL_10off_20on_20off,52,5.1,65919900,2.944039156193306
rlh267_bluelightbasal_JNL_10off_20on_20off,53,5.2,65829800,2.8033341804883514
rlh267_bluelightbasal_JNL_10off_20on_20off,54,5.3,66430900,3.74204406834904
rlh267_bluelightbasal_JNL_10off_20on_20off,55,5.4,66491200,3.8362117712903134
rlh267_bluelightbasal_JNL_10off_20on_20off,56,5.5,66496000.00000001,3.8437077078428645
rlh267_bluelightbasal_JNL_10off_20on_20off,57,5.6,66181400,3.352411532961847
rlh267_bluelightbasal_JNL_10off_20on_20off,58,5.7,66599300,4.00502650906729
rlh267_bluelightbasal_JNL_10off_20on_20off,59,5.8,67117800,4.814743822086366
rlh267_bluelightbasal_JNL_10off_20on_20off,60,5.902,66462100,3.7907676559405448
rlh267_bluelightbasal_JNL_10off_20on_20off,61,6.001,66962700,4.572531372232444
rlh267_bluelightbasal_JNL_10off_20on_20off,62,6.101,66779800,4.286904956511732
rlh267_bluelightbasal_JNL_10off_20on_20off,63,6.201,66767400,4.267540453751006
rlh267_bluelightbasal_JNL_10off_20on_20off,64,6.301,66351600,3.6182049498872986
rlh267_bluelightbasal_JNL_10off_20on_20off,65,6.411,66892900,4.463527961530937
rlh267_bluelightbasal_JNL_10off_20on_20off,66,6.501,66967900,4.580651970164362
rlh267_bluelightbasal_JNL_10off_20on_20off,67,6.601,66815400,4.342499819276398
rlh267_bluelightbasal_JNL_10off_20on_20off,68,6.701,66495800,3.843395377153164
rlh267_bluelightbasal_JNL_10off_20on_20off,69,6.801,67309100,5.113488126774022
rlh267_bluelightbasal_JNL_10off_20on_20off,70,6.901,66785700,4.296118711857561
rlh267_bluelightbasal_JNL_10off_20on_20off,71,7.001,67146700,4.859875606746446
rlh267_bluelightbasal_JNL_10off_20on_20off,72,7.101,66783700,4.29299540496067
rlh267_bluelightbasal_JNL_10off_20on_20off,73,7.201,67571800,5.523734487680698
rlh267_bluelightbasal_JNL_10off_20on_20off,74,7.301,67430800,5.3035413514498595
rlh267_bluelightbasal_JNL_10off_20on_20off,75,7.401,67254800,5.028690344523422
rlh267_bluelightbasal_JNL_10off_20on_20off,76,7.501,67861200,5.975676995660873
rlh267_bluelightbasal_JNL_10off_20on_20off,77,7.601,67469100,5.363352678525328
rlh267_bluelightbasal_JNL_10off_20on_20off,78,7.701,67743700,5.792182715468507
rlh267_bluelightbasal_JNL_10off_20on_20off,79,7.801,67572100,5.524202983715231
rlh267_bluelightbasal_JNL_10off_20on_20off,80,7.901,67768600,5.831067886334805
rlh267_bluelightbasal_JNL_10off_20on_20off,81,8.001,67911100,6.053603502738311
rlh267_bluelightbasal_JNL_10off_20on_20off,82,8.101,68490800,6.958894006802263
rlh267_bluelightbasal_JNL_10off_20on_20off,83,8.201,67942900,6.1032640823988835
rlh267_bluelightbasal_JNL_10off_20on_20off,84,8.301,67479600,5.379750039734008
rlh267_bluelightbasal_JNL_10off_20on_20off,85,8.401,68133400,6.400759064327782
rlh267_bluelightbasal_JNL_10off_20on_20off,86,8.501,67703400,5.729248081496148
rlh267_bluelightbasal_JNL_10off_20on_20off,87,8.611,67874000,5.995666159800978
rlh267_bluelightbasal_JNL_10off_20on_20off,88,8.701,68078500,6.3150242900081155
rlh267_bluelightbasal_JNL_10off_20on_20off,89,8.811,67915100,6.059850116532093
rlh267_bluelightbasal_JNL_10off_20on_20off,90,8.901,68179100,6.4721266269217494
rlh267_bluelightbasal_JNL_10off_20on_20off,91,9.011,68439200,6.878312688862466
rlh267_bluelightbasal_JNL_10off_20on_20off,92,9.101,68020600,6.224604555343111
rlh267_bluelightbasal_JNL_10off_20on_20off,93,9.201,68140900,6.412471465191125
rlh267_bluelightbasal_JNL_10off_20on_20off,94,9.301,68005900,6.20164824965096
rlh267_bluelightbasal_JNL_10off_20on_20off,95,9.401,68024900,6.231319665171428
rlh267_bluelightbasal_JNL_10off_20on_20off,96,9.501,68464100,6.917197859728763
rlh267_bluelightbasal_JNL_10off_20on_20off,97,9.601,68239000,6.565669668483644
rlh267_bluelightbasal_JNL_10off_20on_20off,98,9.701,68530800,7.02136014474009
rlh267_bluelightbasal_JNL_10off_20on_20off,99,9.801,68152000,6.429805818468871
rlh267_bluelightbasal_JNL_10off_20on_20off,100,9.901,68554500,7.058371331468251
rlh267_bluelightbasal_JNL_10off_20on_20off,101,10.001,68375000,6.778054537472254
rlh267_bluelightbasal_JNL_10off_20on_20off,102,10.101,68120000,6.37983290811861
rlh267_bluelightbasal_JNL_10off_20on_20off,103,10.201,69029900,7.80078138085932
rlh267_bluelightbasal_JNL_10off_20on_20off,104,10.301,68194300,6.495863759338123
rlh267_bluelightbasal_JNL_10off_20on_20off,105,10.401,68704100,7.291994687355722
rlh267_bluelightbasal_JNL_10off_20on_20off,106,10.501,68704400,7.2924631833902565
rlh267_bluelightbasal_JNL_10off_20on_20off,107,10.601,68544800,7.043223293018329
rlh267_bluelightbasal_JNL_10off_20on_20off,108,10.701,68524500,7.011521728014881
rlh267_bluelightbasal_JNL_10off_20on_20off,109,10.801,68936000,7.654142122050272
rlh267_bluelightbasal_JNL_10off_20on_20off,110,10.901,68536900,7.030886230775607
rlh267_bluelightbasal_JNL_10off_20on_20off,111,11.001,68932200,7.648207838946179
rlh267_bluelightbasal_JNL_10off_20on_20off,112,11.101,69025900,7.794534767065538
rlh267_bluelightbasal_JNL_10off_20on_20off,113,11.201,68938800,7.658514751705919
rlh267_bluelightbasal_JNL_10off_20on_20off,114,11.301,68778900,7.4088063652994585
rlh267_bluelightbasal_JNL_10off_20on_20off,115,11.401,69369200,8.330650395916933
rlh267_bluelightbasal_JNL_10off_20on_20off,116,11.501,69070600,7.864340676211058
rlh267_bluelightbasal_JNL_10off_20on_20off,117,11.601,68668600,7.236555989935901
rlh267_bluelightbasal_JNL_10off_20on_20off,118,11.701,68442000,6.8826853185181145
rlh267_bluelightbasal_JNL_10off_20on_20off,119,11.801,68791700,7.4287955294395625
rlh267_bluelightbasal_JNL_10off_20on_20off,120,11.901,69373300,8.33705317505556
rlh267_bluelightbasal_JNL_10off_20on_20off,121,12.011,69031100,7.802655364997454
rlh267_bluelightbasal_JNL_10off_20on_20off,122,12.101,69017200,7.78094838206406
rlh267_bluelightbasal_JNL_10off_20on_20off,123,12.201,68577700,7.0946016914721906
rlh267_bluelightbasal_JNL_10off_20on_20off,124,12.301,70711600,10.427013985110392
rlh267_bluelightbasal_JNL_10off_20on_20off,125,12.401,71195000,11.181917262089026
rlh267_bluelightbasal_JNL_10off_20on_20off,126,12.501,70656300,10.340654549411347
rlh267_bluelightbasal_JNL_10off_20on_20off,127,12.601,70851500,10.64548930254794
rlh267_bluelightbasal_JNL_10off_20on_20off,128,12.711,70615400,10.276782923369918
rlh267_bluelightbasal_JNL_10off_20on_20off,129,12.811,70993600,10.86740025757207
rlh267_bluelightbasal_JNL_10off_20on_20off,130,12.911,71392100,11.489719156777667
rlh267_bluelightbasal_JNL_10off_20on_20off,131,13.011,71701800,11.973363229761288
rlh267_bluelightbasal_JNL_10off_20on_20off,132,13.111,71463200,11.600752716962154
rlh267_bluelightbasal_JNL_10off_20on_20off,133,13.211,71204900,11.197377631228639
rlh267_bluelightbasal_JNL_10off_20on_20off,134,13.311,71654100,11.898872360270431
rlh267_bluelightbasal_JNL_10off_20on_20off,135,13.401,70904500,10.72825693531556
rlh267_bluelightbasal_JNL_10off_20on_20off,136,13.511,71213600,11.210964016230115
rlh267_bluelightbasal_JNL_10off_20on_20off,137,13.611,71525100,11.69741906542094
rlh267_bluelightbasal_JNL_10off_20on_20off,138,13.711,71441800,11.567333333165417
rlh267_bluelightbasal_JNL_10off_20on_20off,139,13.811,71342600,11.412417311079606
rlh267_bluelightbasal_JNL_10off_20on_20off,140,13.911,71544500,11.727715142320786
rlh267_bluelightbasal_JNL_10off_20on_20off,141,14.011,70911400,10.739032344109836
rlh267_bluelightbasal_JNL_10off_20on_20off,142,14.111,71177800,11.15505682277576
rlh267_bluelightbasal_JNL_10off_20on_20off,143,14.211,71457700,11.592163622995702
rlh267_bluelightbasal_JNL_10off_20on_20off,144,14.311,71974900,12.399850786531799
rlh267_bluelightbasal_JNL_10off_20on_20off,145,14.411,71225800,11.230016188301153
rlh267_bluelightbasal_JNL_10off_20on_20off,146,14.511,70940000,10.783695632735382
rlh267_bluelightbasal_JNL_10off_20on_20off,147,14.611,70646400,10.325194180271735
rlh267_bluelightbasal_JNL_10off_20on_20off,148,14.701,71301300,11.3479210236588
rlh267_bluelightbasal_JNL_10off_20on_20off,149,14.811,70920200,10.752774894456158
rlh267_bluelightbasal_JNL_10off_20on_20off,150,14.911,71137800,11.092590684837935
rlh267_bluelightbasal_JNL_10off_20on_20off,151,15.011,71244500,11.259219107787088
rlh267_bluelightbasal_JNL_10off_20on_20off,152,15.111,71545400,11.729120630424388
rlh267_bluelightbasal_JNL_10off_20on_20off,153,15.211,71017800,10.905192271024456
rlh267_bluelightbasal_JNL_10off_20on_20off,154,15.311,70987700,10.85818650222624
rlh267_bluelightbasal_JNL_10off_20on_20off,155,15.411,71314000,11.36775402245406
rlh267_bluelightbasal_JNL_10off_20on_20off,156,15.511,70951700,10.801966978082197
rlh267_bluelightbasal_JNL_10off_20on_20off,157,15.611,71434700,11.556245593681453
rlh267_bluelightbasal_JNL_10off_20on_20off,158,15.711,71157300,11.123042927082624
rlh267_bluelightbasal_JNL_10off_20on_20off,159,15.811,71221600,11.22345724381768
rlh267_bluelightbasal_JNL_10off_20on_20off,160,15.91,71442100,11.56780182919995
rlh267_bluelightbasal_JNL_10off_20on_20off,161,16.01,71324500,11.38415138366274
rlh267_bluelightbasal_JNL_10off_20on_20off,162,16.11,70989300,10.860685147743753
rlh267_bluelightbasal_JNL_10off_20on_20off,163,16.21,71136000,11.089779708630731
rlh267_bluelightbasal_JNL_10off_20on_20off,164,16.31,71684300,11.94603429441349
rlh267_bluelightbasal_JNL_10off_20on_20off,165,16.41,71301100,11.34760869296911
rlh267_bluelightbasal_JNL_10off_20on_20off,166,16.511,71162900,11.131788186393921
rlh267_bluelightbasal_JNL_10off_20on_20off,167,16.611,70807400,10.576620385471488
rlh267_bluelightbasal_JNL_10off_20on_20off,168,16.711,71749700,12.048166429941835
rlh267_bluelightbasal_JNL_10off_20on_20off,169,16.811,71178400,11.155993814844829
rlh267_bluelightbasal_JNL_10off_20on_20off,170,16.911,71553400,11.741613858011952
rlh267_bluelightbasal_JNL_10off_20on_20off,171,17.011,71353900,11.430063995047043
rlh267_bluelightbasal_JNL_10off_20on_20off,172,17.111,71577900,11.779874367498872
rlh267_bluelightbasal_JNL_10off_20on_20off,173,17.211,71519900,11.689298467489023
rlh267_bluelightbasal_JNL_10off_20on_20off,174,17.311,71504700,11.665561335072647
rlh267_bluelightbasal_JNL_10off_20on_20off,175,17.411,71265300,11.291701499514756
rlh267_bluelightbasal_JNL_10off_20on_20off,176,17.511,71614600,11.837187049056826
rlh267_bluelightbasal_JNL_10off_20on_20off,177,17.611,71413500,11.523138540574404
rlh267_bluelightbasal_JNL_10off_20on_20off,178,17.711,71047000,10.950792551719069
rlh267_bluelightbasal_JNL_10off_20on_20off,179,17.811,71383800,11.476757433155568
rlh267_bluelightbasal_JNL_10off_20on_20off,180,17.911,71010100,10.893167539471422
rlh267_bluelightbasal_JNL_10off_20on_20off,181,18.011,71210500,11.206122890539934
rlh267_bluelightbasal_JNL_10off_20on_20off,182,18.111,71412200,11.521108391091424
rlh267_bluelightbasal_JNL_10off_20on_20off,183,18.211,70980200,10.846474101362897
rlh267_bluelightbasal_JNL_10off_20on_20off,184,18.311,71034500,10.931271883613498
rlh267_bluelightbasal_JNL_10off_20on_20off,185,18.411,70990000,10.861778305157666
rlh267_bluelightbasal_JNL_10off_20on_20off,186,18.511,71128000,11.077286481043167
rlh267_bluelightbasal_JNL_10off_20on_20off,187,18.611,71254100,11.274210980892164
rlh267_bluelightbasal_JNL_10off_20on_20off,188,18.711,71305700,11.354792298831962
rlh267_bluelightbasal_JNL_10off_20on_20off,189,18.811,71262200,11.286860373824576
rlh267_bluelightbasal_JNL_10off_20on_20off,190,18.911,71202800,11.194098158986902
rlh267_bluelightbasal_JNL_10off_20on_20off,191,19.011,71141400,11.098212637252338
rlh267_bluelightbasal_JNL_10off_20on_20off,192,19.111,71112800,11.053549348626794
rlh267_bluelightbasal_JNL_10off_20on_20off,193,19.211,71270000,11.299041270722451
rlh267_bluelightbasal_JNL_10off_20on_20off,194,19.311,70962900,10.819457496704787
rlh267_bluelightbasal_JNL_10off_20on_20off,195,19.411,71378400,11.46832450453396
rlh267_bluelightbasal_JNL_10off_20on_20off,196,19.511,71200100,11.1898816946761
rlh267_bluelightbasal_JNL_10off_20on_20off,197,19.611,71358900,11.437872262289272
rlh267_bluelightbasal_JNL_10off_20on_20off,198,19.711,71106300,11.043398601211896
rlh267_bluelightbasal_JNL_10off_20on_20off,199,19.811,70953300,10.80446562359971
rlh267_bluelightbasal_JNL_10off_20on_20off,200,19.911,70906400,10.731224076867608
rlh267_bluelightbasal_JNL_10off_20on_20off,201,20.011,71272200,11.30247690830903
rlh267_bluelightbasal_JNL_10off_20on_20off,202,20.111,70665800,10.355490257171581
rlh267_bluelightbasal_JNL_10off_20on_20off,203,20.211,70793500,10.554913402538093
rlh267_bluelightbasal_JNL_10off_20on_20off,204,20.311,70904800,10.728725431350094
rlh267_bluelightbasal_JNL_10off_20on_20off,205,20.411,70907400,10.732785730316055
rlh267_bluelightbasal_JNL_10off_20on_20off,206,20.511,71056400,10.965472094134457
rlh267_bluelightbasal_JNL_10off_20on_20off,207,20.611,70888200,10.702801984105896
rlh267_bluelightbasal_JNL_10off_20on_20off,208,20.711,70848700,10.641116672892291
rlh267_bluelightbasal_JNL_10off_20on_20off,209,20.811,70893100,10.710454086003281
rlh267_bluelightbasal_JNL_10off_20on_20off,210,20.911,71096000,11.027313570692906
rlh267_bluelightbasal_JNL_10off_20on_20off,211,21.011,70700300,10.409367301142955
rlh267_bluelightbasal_JNL_10off_20on_20off,212,21.111,71197300,11.185509065020453
rlh267_bluelightbasal_JNL_10off_20on_20off,213,21.211,70902300,10.72482129772898
rlh267_bluelightbasal_JNL_10off_20on_20off,214,21.311,71083800,11.008261398621869
rlh267_bluelightbasal_JNL_10off_20on_20off,215,21.411,71140000,11.096026322424516
rlh267_bluelightbasal_JNL_10off_20on_20off,216,21.511,71250500,11.26858902847776
rlh267_bluelightbasal_JNL_10off_20on_20off,217,21.611,70985500,10.85475086463966
rlh267_bluelightbasal_JNL_10off_20on_20off,218,21.711,71227000,11.231890172439288
rlh267_bluelightbasal_JNL_10off_20on_20off,219,21.811,70909900,10.736689863937169
rlh267_bluelightbasal_JNL_10off_20on_20off,220,21.911,71180800,11.159741783121097
rlh267_bluelightbasal_JNL_10off_20on_20off,221,22.011,71082800,11.006699745173423
rlh267_bluelightbasal_JNL_10off_20on_20off,222,22.111,71049600,10.954852850685025
rlh267_bluelightbasal_JNL_10off_20on_20off,223,22.211,71473700,11.617150078170834
rlh267_bluelightbasal_JNL_10off_20on_20off,224,22.311,70606800,10.263352703713286
rlh267_bluelightbasal_JNL_10off_20on_20off,225,22.411,70855500,10.651735916341723
rlh267_bluelightbasal_JNL_10off_20on_20off,226,22.511,71093800,11.023877933106325
rlh267_bluelightbasal_JNL_10off_20on_20off,227,22.611,70732000,10.458871715458685
rlh267_bluelightbasal_JNL_10off_20on_20off,228,22.711,70265100,9.729735720379404
rlh267_bluelightbasal_JNL_10off_20on_20off,229,22.811,70939400,10.782758640666316
rlh267_bluelightbasal_JNL_10off_20on_20off,230,22.911,70723500,10.445597661146897
rlh267_bluelightbasal_JNL_10off_20on_20off,231,23.011,71277100,11.310129010206415
rlh267_bluelightbasal_JNL_10off_20on_20off,232,23.111,70895200,10.713733558245016
rlh267_bluelightbasal_JNL_10off_20on_20off,233,23.211,70640900,10.316605086305284
rlh267_bluelightbasal_JNL_10off_20on_20off,234,23.311,70676400,10.372043783725104
rlh267_bluelightbasal_JNL_10off_20on_20off,235,23.411,70502900,10.101096910419782
rlh267_bluelightbasal_JNL_10off_20on_20off,236,23.511,70875400,10.682812819965793
rlh267_bluelightbasal_JNL_10off_20on_20off,237,23.611,70634600,10.306766669580076
rlh267_bluelightbasal_JNL_10off_20on_20off,238,23.711,70210300,9.644157111404581
rlh267_bluelightbasal_JNL_10off_20on_20off,239,23.811,70834400,10.61878502857952
rlh267_bluelightbasal_JNL_10off_20on_20off,240,23.911,70568500,10.203541376637817
rlh267_bluelightbasal_JNL_10off_20on_20off,241,24.011,70635700,10.308484488373367
rlh267_bluelightbasal_JNL_10off_20on_20off,242,24.111,70718000,10.437008567180445
rlh267_bluelightbasal_JNL_10off_20on_20off,243,24.211,70766500,10.51274875943006
rlh267_bluelightbasal_JNL_10off_20on_20off,244,24.311,70842100,10.630809760132552
rlh267_bluelightbasal_JNL_10off_20on_20off,245,24.411,70568100,10.20291671525844
rlh267_bluelightbasal_JNL_10off_20on_20off,246,24.511,70938900,10.781977813942092
rlh267_bluelightbasal_JNL_10off_20on_20off,247,24.611,70434000,9.993498987821877
rlh267_bluelightbasal_JNL_10off_20on_20off,248,24.711,70364500,9.884964073154903
rlh267_bluelightbasal_JNL_10off_20on_20off,249,24.811,70923600,10.758084516180872
rlh267_bluelightbasal_JNL_10off_20on_20off,250,24.911,70790600,10.5503846075376
rlh267_bluelightbasal_JNL_10off_20on_20off,251,25.011,70481200,10.067209030588511
rlh267_bluelightbasal_JNL_10off_20on_20off,252,25.111,69709300,8.861768733733303
rlh267_bluelightbasal_JNL_10off_20on_20off,253,25.211,69899600,9.158951384972514
rlh267_bluelightbasal_JNL_10off_20on_20off,254,25.311,69867400,9.108666143932563
rlh267_bluelightbasal_JNL_10off_20on_20off,255,25.411,70088600,9.454103886728744
rlh267_bluelightbasal_JNL_10off_20on_20off,256,25.511,69924400,9.197680390493966
rlh267_bluelightbasal_JNL_10off_20on_20off,257,25.611,70392300,9.928378039021691
rlh267_bluelightbasal_JNL_10off_20on_20off,258,25.711,69927200,9.202053020149615
rlh267_bluelightbasal_JNL_10off_20on_20off,259,25.811,70376100,9.903079253156873
rlh267_bluelightbasal_JNL_10off_20on_20off,260,25.908,69924700,9.1981488865285
rlh267_bluelightbasal_JNL_10off_20on_20off,261,26.006,70020300,9.347442956199906
rlh267_bluelightbasal_JNL_10off_20on_20off,262,26.106,70056300,9.40366248034395
rlh267_bluelightbasal_JNL_10off_20on_20off,263,26.206,69989600,9.299500195332623
rlh267_bluelightbasal_JNL_10off_20on_20off,264,26.306,70262100,9.725050760034067
rlh267_bluelightbasal_JNL_10off_20on_20off,265,26.406,70195000,9.620263813643362
rlh267_bluelightbasal_JNL_10off_20on_20off,266,26.506,69836400,9.060254887030746
rlh267_bluelightbasal_JNL_10off_20on_20off,267,26.606,70433300,9.992405830407964
rlh267_bluelightbasal_JNL_10off_20on_20off,268,26.706,69977700,9.28091651929612
rlh267_bluelightbasal_JNL_10off_20on_20off,269,26.806,69460700,8.473541686449712
rlh267_bluelightbasal_JNL_10off_20on_20off,270,26.906,70233600,9.680543636753365
rlh267_bluelightbasal_JNL_10off_20on_20off,271,27.007,70280700,9.754097514175156
rlh267_bluelightbasal_JNL_10off_20on_20off,272,27.107,70168800,9.579348493294086
rlh267_bluelightbasal_JNL_10off_20on_20off,273,27.207,69793600,8.993416119437274
rlh267_bluelightbasal_JNL_10off_20on_20off,274,27.307,69358700,8.314253034708253
rlh267_bluelightbasal_JNL_10off_20on_20off,275,27.407,69821600,9.03714241599375
rlh267_bluelightbasal_JNL_10off_20on_20off,276,27.506,69923400,9.19611873704552
rlh267_bluelightbasal_JNL_10off_20on_20off,277,27.606,69897500,9.155671912730776
rlh267_bluelightbasal_JNL_10off_20on_20off,278,27.706,69533500,8.587230057496557
rlh267_bluelightbasal_JNL_10off_20on_20off,279,27.806,70149800,9.54967707777362
rlh267_bluelightbasal_JNL_10off_20on_20off,280,27.906,69579900,8.659690777504435
rlh267_bluelightbasal_JNL_10off_20on_20off,281,28.006,69646900,8.764321558550295
rlh267_bluelightbasal_JNL_10off_20on_20off,282,28.106,69711800,8.865672867354418
rlh267_bluelightbasal_JNL_10off_20on_20off,283,28.206,69530700,8.582857427840908
rlh267_bluelightbasal_JNL_10off_20on_20off,285,28.406,69600700,8.692173169232104
rlh267_bluelightbasal_JNL_10off_20on_20off,286,28.506,69150000,7.988335960017643
rlh267_bluelightbasal_JNL_10off_20on_20off,287,28.606,69707800,8.859426253560637
rlh267_bluelightbasal_JNL_10off_20on_20off,288,28.706,69654700,8.77650245544817
rlh267_bluelightbasal_JNL_10off_20on_20off,289,28.806,69303600,8.228205929698898
rlh267_bluelightbasal_JNL_10off_20on_20off,290,28.907,69522200,8.56958337352912
rlh267_bluelightbasal_JNL_10off_20on_20off,291,29.007,69625000,8.730121348029336
rlh267_bluelightbasal_JNL_10off_20on_20off,292,29.106,69060400,7.848411811036912
rlh267_bluelightbasal_JNL_10off_20on_20off,293,29.207,69032000,7.804060853101055
rlh267_bluelightbasal_JNL_10off_20on_20off,294,29.307,69144000,7.978966039326971
rlh267_bluelightbasal_JNL_10off_20on_20off,295,29.406,68656700,7.2179723138993985
rlh267_bluelightbasal_JNL_10off_20on_20off,296,29.507,69575300,8.652507171641584
rlh267_bluelightbasal_JNL_10off_20on_20off,297,29.607,68985000,7.73066314102411
rlh267_bluelightbasal_JNL_10off_20on_20off,298,29.706,69917300,9.186592651010002
rlh267_bluelightbasal_JNL_10off_20on_20off,299,29.806,69104200,7.916812232078832
rlh267_bluelightbasal_JNL_10off_20on_20off,300,29.907,68849300,7.518746768070033
rlh267_bluelightbasal_JNL_10off_20on_20off,301,30.006,69184500,8.04221300398902
rlh267_bluelightbasal_JNL_10off_20on_20off,302,30.106,68845400,7.512656319621095
rlh267_bluelightbasal_JNL_10off_20on_20off,303,30.206,68969500,7.706457512573202
rlh267_bluelightbasal_JNL_10off_20on_20off,304,30.306,68732100,7.335720983912202
rlh267_bluelightbasal_JNL_10off_20on_20off,305,30.407,69014000,7.775951091029033
rlh267_bluelightbasal_JNL_10off_20on_20off,306,30.506,69274500,8.18276181434913
rlh267_bluelightbasal_JNL_10off_20on_20off,307,30.606,68598900,7.127708744579239
rlh267_bluelightbasal_JNL_10off_20on_20off,308,30.706,68672000,7.241865611660617
rlh267_bluelightbasal_JNL_10off_20on_20off,309,30.806,68713100,7.306049568391734
rlh267_bluelightbasal_JNL_10off_20on_20off,310,30.906,68844600,7.5114069968623385
rlh267_bluelightbasal_JNL_10off_20on_20off,311,31.006,69364500,8.323310624709238
rlh267_bluelightbasal_JNL_10off_20on_20off,312,31.106,69098700,7.9082231381123815
rlh267_bluelightbasal_JNL_10off_20on_20off,313,31.206,69148400,7.985837314500131
rlh267_bluelightbasal_JNL_10off_20on_20off,314,31.306,68982300,7.726446676713307
rlh267_bluelightbasal_JNL_10off_20on_20off,315,31.406,69387600,8.359384819368334
rlh267_bluelightbasal_JNL_10off_20on_20off,316,31.506,69316300,8.248038928494159
rlh267_bluelightbasal_JNL_10off_20on_20off,317,31.606,69031600,7.803436191721677
rlh267_bluelightbasal_JNL_10off_20on_20off,318,31.706,69215300,8.090311930201146
rlh267_bluelightbasal_JNL_10off_20on_20off,319,31.806,68924700,7.636495438082836
rlh267_bluelightbasal_JNL_10off_20on_20off,320,31.906,68995300,7.7467481715431
rlh267_bluelightbasal_JNL_10off_20on_20off,321,32.006,68753600,7.369296533053784
rlh267_bluelightbasal_JNL_10off_20on_20off,322,32.106,68675400,7.247175233385332
rlh267_bluelightbasal_JNL_10off_20on_20off,323,32.206,68768000,7.391784342711401
rlh267_bluelightbasal_JNL_10off_20on_20off,324,32.306,68494200,6.964203628526978
rlh267_bluelightbasal_JNL_10off_20on_20off,325,32.407,68742500,7.351962179776036
rlh267_bluelightbasal_JNL_10off_20on_20off,326,32.507,68970500,7.708019166021647
rlh267_bluelightbasal_JNL_10off_20on_20off,327,32.606,68874800,7.558568931005398
rlh267_bluelightbasal_JNL_10off_20on_20off,328,32.706,68839900,7.504067225654644
rlh267_bluelightbasal_JNL_10off_20on_20off,329,32.806,68358600,6.752443420917746
rlh267_bluelightbasal_JNL_10off_20on_20off,330,32.906,68483900,6.948118598007988
rlh267_bluelightbasal_JNL_10off_20on_20off,331,33.006,68317800,6.688727960221162
rlh267_bluelightbasal_JNL_10off_20on_20off,332,33.106,68174300,6.4646306903692095
rlh267_bluelightbasal_JNL_10off_20on_20off,333,33.206,68303200,6.665927819873856
rlh267_bluelightbasal_JNL_10off_20on_20off,334,33.306,68063600,6.291755653626276
rlh267_bluelightbasal_JNL_10off_20on_20off,335,33.406,68697500,7.281687774595981
rlh267_bluelightbasal_JNL_10off_20on_20off,336,33.506,68913800,7.619473415494777
rlh267_bluelightbasal_JNL_10off_20on_20off,337,33.606,68443700,6.885340129380471
rlh267_bluelightbasal_JNL_10off_20on_20off,338,33.706,68447200,6.890805916450031
rlh267_bluelightbasal_JNL_10off_20on_20off,339,33.806,68166000,6.4516689667471105
rlh267_bluelightbasal_JNL_10off_20on_20off,340,33.906,68381700,6.788517615576841
rlh267_bluelightbasal_JNL_10off_20on_20off,341,34.006,68316700,6.687010141427872
rlh267_bluelightbasal_JNL_10off_20on_20off,342,34.106,67896800,6.031271858425538
rlh267_bluelightbasal_JNL_10off_20on_20off,343,34.206,68239900,6.567075156587246
rlh267_bluelightbasal_JNL_10off_20on_20off,344,34.306,68588200,7.110999052680871
rlh267_bluelightbasal_JNL_10off_20on_20off,345,34.406,68267100,6.609552130384968
rlh267_bluelightbasal_JNL_10off_20on_20off,346,34.506,68210800,6.521631041237478
rlh267_bluelightbasal_JNL_10off_20on_20off,347,34.606,68308800,6.674673079185152
rlh267_bluelightbasal_JNL_10off_20on_20off,348,34.706,67936500,6.093269500328831
rlh267_bluelightbasal_JNL_10off_20on_20off,349,34.806,67800300,5.880572300650532
rlh267_bluelightbasal_JNL_10off_20on_20off,350,34.906,68084900,6.325018872078168
rlh267_bluelightbasal_JNL_10off_20on_20off,351,35.006,68687200,7.265602744076991
rlh267_bluelightbasal_JNL_10off_20on_20off,352,35.106,68202100,6.508044656235999
rlh267_bluelightbasal_JNL_10off_20on_20off,353,35.206,67659400,5.660535329764538
rlh267_bluelightbasal_JNL_10off_20on_20off,354,35.306,67526600,5.4531477518109535
rlh267_bluelightbasal_JNL_10off_20on_20off,355,35.406,67613600,5.589011601825726
rlh267_bluelightbasal_JNL_10off_20on_20off,356,35.506,67666700,5.671935399938191
rlh267_bluelightbasal_JNL_10off_20on_20off,357,35.606,67405700,5.264343849893873
rlh267_bluelightbasal_JNL_10off_20on_20off,358,35.706,67810600,5.896657331169522
rlh267_bluelightbasal_JNL_10off_20on_20off,359,35.806,67304700,5.106616851600861
rlh267_bluelightbasal_JNL_10off_20on_20off,360,35.912,67482200,5.383810338699966
rlh267_bluelightbasal_JNL_10off_20on_20off,361,36.012,67642200,5.633674890451272
rlh267_bluelightbasal_JNL_10off_20on_20off,362,36.112,67234600,4.99714494486482
rlh267_bluelightbasal_JNL_10off_20on_20off,363,36.212,67396000,5.24919581144395
rlh267_bluelightbasal_JNL_10off_20on_20off,364,36.312,67674300,5.683803966146378
rlh267_bluelightbasal_JNL_10off_20on_20off,365,36.412,67185500,4.9204677605461375
rlh267_bluelightbasal_JNL_10off_20on_20off,366,36.512,67481200,5.382248685251521
rlh267_bluelightbasal_JNL_10off_20on_20off,367,36.612,67389700,5.239357394718742
rlh267_bluelightbasal_JNL_10off_20on_20off,368,36.712,66797300,4.314233891859532
rlh267_bluelightbasal_JNL_10off_20on_20off,369,36.812,67441700,5.320563374037917
rlh267_bluelightbasal_JNL_10off_20on_20off,370,36.912,67363400,5.198285909024621
rlh267_bluelightbasal_JNL_10off_20on_20off,371,37.012,67223200,4.979342095552539
rlh267_bluelightbasal_JNL_10off_20on_20off,372,37.112,68160500,6.44307987278066
rlh267_bluelightbasal_JNL_10off_20on_20off,373,37.212,67350800,5.178609075574206
rlh267_bluelightbasal_JNL_10off_20on_20off,374,37.312,67129900,4.833639828812559
rlh267_bluelightbasal_JNL_10off_20on_20off,375,37.413,67152000,4.868152370023208
rlh267_bluelightbasal_JNL_10off_20on_20off,376,37.512,67412800,5.275431589377837
rlh267_bluelightbasal_JNL_10off_20on_20off,377,37.612,67140100,4.849568693986705
rlh267_bluelightbasal_JNL_10off_20on_20off,378,37.712,67157400,4.876585298644814
rlh267_bluelightbasal_JNL_10off_20on_20off,379,37.812,67349800,5.177047422125761
rlh267_bluelightbasal_JNL_10off_20on_20off,380,37.912,67363700,5.198754405059155
rlh267_bluelightbasal_JNL_10off_20on_20off,381,38.012,67056200,4.718545969662113
rlh267_bluelightbasal_JNL_10off_20on_20off,382,38.112,67074000,4.746343401044446
rlh267_bluelightbasal_JNL_10off_20on_20off,383,38.212,67367300,5.204376357473559
rlh267_bluelightbasal_JNL_10off_20on_20off,384,38.312,66998100,4.627813904307421
rlh267_bluelightbasal_JNL_10off_20on_20off,385,38.412,66696799.99999999,4.15728772029073
rlh267_bluelightbasal_JNL_10off_20on_20off,386,38.512,66952999.99999999,4.55738333378251
rlh267_bluelightbasal_JNL_10off_20on_20off,387,38.612,67210200,4.959040600722746
rlh267_bluelightbasal_JNL_10off_20on_20off,388,38.712,66987900,4.611885039133274
rlh267_bluelightbasal_JNL_10off_20on_20off,389,38.812,66826000,4.359053345829922
rlh267_bluelightbasal_JNL_10off_20on_20off,390,38.912,66592700,3.9947195963075486
rlh267_bluelightbasal_JNL_10off_20on_20off,391,39.012,66953300,4.5578518298170545
rlh267_bluelightbasal_JNL_10off_20on_20off,392,39.112,66946199.99999999,4.546764090333079
rlh267_bluelightbasal_JNL_10off_20on_20off,393,39.212,66998100,4.627813904307421
rlh267_bluelightbasal_JNL_10off_20on_20off,394,39.312,67190100,4.9276513664089885
rlh267_bluelightbasal_JNL_10off_20on_20off,395,39.412,66928000,4.51834199757138
rlh267_bluelightbasal_JNL_10off_20on_20off,396,39.512,66264900.00000001,3.4828095959070717
rlh267_bluelightbasal_JNL_10off_20on_20off,397,39.612,67107800,4.79912728760191
rlh267_bluelightbasal_JNL_10off_20on_20off,398,39.712,66415600,3.718150770587821
rlh267_bluelightbasal_JNL_10off_20on_20off,399,39.812,66872999.99999999,4.432451057906857
rlh267_bluelightbasal_JNL_10off_20on_20off,400,39.912,66816200,4.343749142035154
rlh267_bluelightbasal_JNL_10off_20on_20off,401,40.012,66360100,3.631479004199087
rlh267_bluelightbasal_JNL_10off_20on_20off,402,40.112,66935200,4.529585902400188
rlh267_bluelightbasal_JNL_10off_20on_20off,403,40.212,66903800,4.480549984118994
rlh267_bluelightbasal_JNL_10off_20on_20off,404,40.312,66711900,4.180868687362271
rlh267_bluelightbasal_JNL_10off_20on_20off,405,40.412,66968600,4.581745127578273
rlh267_bluelightbasal_JNL_10off_20on_20off,406,40.512,66794700,4.310173592893572
rlh267_bluelightbasal_JNL_10off_20on_20off,407,40.612,66761000,4.2575458716809536
rlh267_bluelightbasal_JNL_10off_20on_20off,408,40.712,66670600,4.116372399941466
rlh267_bluelightbasal_JNL_10off_20on_20off,409,40.812,66543200,3.917417750609488
rlh267_bluelightbasal_JNL_10off_20on_20off,410,40.912,66705600,4.171030270637064
rlh267_bluelightbasal_JNL_10off_20on_20off,411,41.012,66474100,3.809507497321893
rlh267_bluelightbasal_JNL_10off_20on_20off,412,41.112,66412000.00000001,3.712528818173429
rlh267_bluelightbasal_JNL_10off_20on_20off,413,41.212,66433200,3.745635871280465
rlh267_bluelightbasal_JNL_10off_20on_20off,414,41.312,66537600,3.908672491298192
rlh267_bluelightbasal_JNL_10off_20on_20off,415,41.412,65870600,2.8670496411849347
rlh267_bluelightbasal_JNL_10off_20on_20off,416,41.512,66742500,4.228655282884708
rlh267_bluelightbasal_JNL_10off_20on_20off,417,41.612,66286300,3.516228979703797
rlh267_bluelightbasal_JNL_10off_20on_20off,418,41.712,65829000.00000001,2.8020848577296067
rlh267_bluelightbasal_JNL_10off_20on_20off,419,41.812,66111200,3.242783460880961
rlh267_bluelightbasal_JNL_10off_20on_20off,420,41.912,66308400,3.5507415209144457
rlh267_bluelightbasal_JNL_10off_20on_20off,421,42.012,66153500,3.308841401750213
rlh267_bluelightbasal_JNL_10off_20on_20off,422,42.112,66063000,3.1675117646658806
rlh267_bluelightbasal_JNL_10off_20on_20off,423,42.212,65613500,2.4655485395895544
rlh267_bluelightbasal_JNL_10off_20on_20off,424,42.312,65965400,3.0150943880975833
rlh267_bluelightbasal_JNL_10off_20on_20off,425,42.412,66055400.00000001,3.155643198457705
rlh267_bluelightbasal_JNL_10off_20on_20off,426,42.512,65324000,2.013449866264535
rlh267_bluelightbasal_JNL_10off_20on_20off,427,42.612,65949900,2.9908887596466758
rlh267_bluelightbasal_JNL_10off_20on_20off,428,42.712,65481900,2.2600349457741054
rlh267_bluelightbasal_JNL_10off_20on_20off,429,42.812,65554400,2.3732548207864155
rlh267_bluelightbasal_JNL_10off_20on_20off,430,42.912,65544399.99999999,2.3576382863019476
rlh267_bluelightbasal_JNL_10off_20on_20off,431,43.012,65565600,2.390745339409007
rlh267_bluelightbasal_JNL_10off_20on_20off,432,43.112,65565900,2.3912138354435406
rlh267_bluelightbasal_JNL_10off_20on_20off,433,43.212,65321500,2.0095457326434207
rlh267_bluelightbasal_JNL_10off_20on_20off,434,43.312,65388500,2.11417651368928
rlh267_bluelightbasal_JNL_10off_20on_20off,435,43.412,65266300,1.92334246228922
rlh267_bluelightbasal_JNL_10off_20on_20off,436,43.512,65538400,2.3482683656112853
rlh267_bluelightbasal_JNL_10off_20on_20off,437,43.612,65085700,1.6413078494999331
rlh267_bluelightbasal_JNL_10off_20on_20off,438,43.712,65439400,2.193664674215164
rlh267_bluelightbasal_JNL_10off_20on_20off,439,43.812,65231500,1.868996922283311
rlh267_bluelightbasal_JNL_10off_20on_20off,440,43.912,64977200,1.4718684503435786
rlh267_bluelightbasal_JNL_10off_20on_20off,441,44.012,64905500,1.3598978980900245
rlh267_bluelightbasal_JNL_10off_20on_20off,442,44.112,64970400,1.461249206894148
rlh267_bluelightbasal_JNL_10off_20on_20off,443,44.212,64846199.99999999,1.2672918485971851
rlh267_bluelightbasal_JNL_10off_20on_20off,444,44.312,65103300,1.668792950192577
rlh267_bluelightbasal_JNL_10off_20on_20off,445,44.412,65080400,1.633031086223171
rlh267_bluelightbasal_JNL_10off_20on_20off,446,44.512,64794500,1.1865543653125559
rlh267_bluelightbasal_JNL_10off_20on_20off,447,44.612,65156000,1.7510920869256634
rlh267_bluelightbasal_JNL_10off_20on_20off,448,44.712,65097400,1.6595791948467473
rlh267_bluelightbasal_JNL_10off_20on_20off,449,44.812,65030500,1.5551045791457325
rlh267_bluelightbasal_JNL_10off_20on_20off,450,44.912,65278800,1.9428631303947907
rlh267_bluelightbasal_JNL_10off_20on_20off,451,45.012,64816700,1.2212230718680497
rlh267_bluelightbasal_JNL_10off_20on_20off,452,45.112,65004799.99999999,1.5149700855206674
rlh267_bluelightbasal_JNL_10off_20on_20off,453,45.212,65112800,1.6836286579528106
rlh267_bluelightbasal_JNL_10off_20on_20off,454,45.312,65040500,1.5707211136301893
rlh267_bluelightbasal_JNL_10off_20on_20off,455,45.412,64903200,1.3563060951585997
rlh267_bluelightbasal_JNL_10off_20on_20off,456,45.512,64733000,1.0905126782331476
rlh267_bluelightbasal_JNL_10off_20on_20off,457,45.612,64578900,0.8498618818276708
rlh267_bluelightbasal_JNL_10off_20on_20off,458,45.712,65143900,1.7321960801994707
rlh267_bluelightbasal_JNL_10off_20on_20off,459,45.812,65168000,1.7698319283070112
rlh267_bluelightbasal_JNL_10off_20on_20off,460,45.912,64341799.99999999,0.4795938492011923
rlh267_bluelightbasal_JNL_10off_20on_20off,461,46.012,64381300,0.5412791604148076
rlh267_bluelightbasal_JNL_10off_20on_20off,462,46.112,64527000,0.7688120678533409
rlh267_bluelightbasal_JNL_10off_20on_20off,463,46.212,64336100,0.47069242454506366
rlh267_bluelightbasal_JNL_10off_20on_20off,464,46.312,64916100,1.3764514246435484
rlh267_bluelightbasal_JNL_10off_20on_20off,465,46.412,64587500,0.8632921014843035
rlh267_bluelightbasal_JNL_10off_20on_20off,466,46.512,64545000,0.7969218299253628
rlh267_bluelightbasal_JNL_10off_20on_20off,467,46.612,64732100,1.0891071901295464
rlh267_bluelightbasal_JNL_10off_20on_20off,468,46.712,64517600,0.7541325254379516
rlh267_bluelightbasal_JNL_10off_20on_20off,469,46.812,64569100,0.8345576780329033
rlh267_bluelightbasal_JNL_10off_20on_20off,470,46.912,64717000,1.065526223058017
rlh267_bluelightbasal_JNL_10off_20on_20off,471,47.012,64620800,0.9152951613175441
rlh267_bluelightbasal_JNL_10off_20on_20off,472,47.112,64368100,0.5206653348953248
rlh267_bluelightbasal_JNL_10off_20on_20off,473,47.212,64697900,1.0356986421927048
rlh267_bluelightbasal_JNL_10off_20on_20off,474,47.312,64627600,0.9259144047669745
rlh267_bluelightbasal_JNL_10off_20on_20off,475,47.412,64761500,1.135019801513849
rlh267_bluelightbasal_JNL_10off_20on_20off,476,47.512,64441600,0.6354468633560811
rlh267_bluelightbasal_JNL_10off_20on_20off,477,47.612,63905500,-0.20175555035563913
rlh267_bluelightbasal_JNL_10off_20on_20off,478,47.712,64557600,0.816598663375778
rlh267_bluelightbasal_JNL_10off_20on_20off,479,47.812,64658800,0.9746379923584794
rlh267_bluelightbasal_JNL_10off_20on_20off,480,47.912,64338200,0.4739718967867995
rlh267_bluelightbasal_JNL_10off_20on_20off,481,48.012,64412400,0.5898465826614678
rlh267_bluelightbasal_JNL_10off_20on_20off,482,48.112,64371500,0.5259749566200401
rlh267_bluelightbasal_JNL_10off_20on_20off,483,48.212,64914400,1.373796613781191
rlh267_bluelightbasal_JNL_10off_20on_20off,484,48.312,64778800,1.1620364061719588
rlh267_bluelightbasal_JNL_10off_20on_20off,485,48.412,64837700,1.2540177942854087
rlh267_bluelightbasal_JNL_10off_20on_20off,486,48.512,64880900,1.3214812232582611
rlh267_bluelightbasal_JNL_10off_20on_20off,487,48.612,64410500,0.586879441109421
rlh267_bluelightbasal_JNL_10off_20on_20off,488,48.712,64581300,0.8536098501039403
rlh267_bluelightbasal_JNL_10off_20on_20off,489,48.812,64356200,0.5020816588588215
rlh267_bluelightbasal_JNL_10off_20on_20off,490,48.912,64324600,0.4527334098879385
rlh267_bluelightbasal_JNL_10off_20on_20off,491,49.012,64827199.99999999,1.2376204330767173
rlh267_bluelightbasal_JNL_10off_20on_20off,492,49.112,64453600,0.6541867047374291
rlh267_bluelightbasal_JNL_10off_20on_20off,493,49.212,64356600.00000001,0.5027063202382114
rlh267_bluelightbasal_JNL_10off_20on_20off,494,49.312,64551600,0.8072287426851041
rlh267_bluelightbasal_JNL_10off_20on_20off,495,49.412,64259600,0.3512259357389704
rlh267_bluelightbasal_JNL_10off_20on_20off,496,49.512,64562400,0.8240945999283174
rlh267_bluelightbasal_JNL_10off_20on_20off,497,49.612,63914900,-0.1870760079402499
rlh267_bluelightbasal_JNL_10off_20on_20off,498,49.712,63878600,-0.2437640281188275
rlh267_bluelightbasal_JNL_10off_20on_20off,499,49.812,64365400,0.5164488705845216
rlh267_bluelightbasal_JNL_10off_20on_20off,500,49.912,64041600,0.01078548397781569
rlh267_bluelightbasal_JNL_10off_20on_20off,501,50.012,64562700,0.824563095962851
rlh267_bluelightbasal_JNL_10off_20on_20off,502,50.112,63888800,-0.22783516294468173
rlh267_bluelightbasal_JNL_10off_20on_20off,503,50.212,64617100,0.9095170435582951
rlh267_bluelightbasal_JNL_10off_20on_20off,504,50.312,64517700,0.7542886907827961
rlh267_bluelightbasal_JNL_10off_20on_20off,505,50.412,64187800,0.2390992181405717
rlh267_bluelightbasal_JNL_10off_20on_20off,506,50.512,64138500,0.1621097031322005
rlh267_bluelightbasal_JNL_10off_20on_20off,507,50.612,63985400,-0.0769794398248306
rlh267_bluelightbasal_JNL_10off_20on_20off,508,50.712,64189200,0.24128553296839567
rlh267_bluelightbasal_JNL_10off_20on_20off,509,50.812,64182400,0.23066628951896512
rlh267_bluelightbasal_JNL_10off_20on_20off,510,50.912,64305100,0.42228116764324813
rlh267_bluelightbasal_JNL_10off_20on_20off,511,51.012,64356200,0.5020816588588215
rlh267_bluelightbasal_JNL_10off_20on_20off,512,51.112,64088600,0.08418319605476188
rlh267_bluelightbasal_JNL_10off_20on_20off,513,51.212,64347500,0.48849527385734426
rlh267_bluelightbasal_JNL_10off_20on_20off,514,51.312,64299000,0.4127550816077295
rlh267_bluelightbasal_JNL_10off_20on_20off,515,51.412,64537100,0.7845847676826421
rlh267_bluelightbasal_JNL_10off_20on_20off,516,51.512,64361300,0.5100460914458944
rlh267_bluelightbasal_JNL_10off_20on_20off,517,51.612,63644600,-0.6091909350551128
rlh267_bluelightbasal_JNL_10off_20on_20off,518,51.712,63915499.99999999,-0.18613901587119414
rlh267_bluelightbasal_JNL_10off_20on_20off,519,51.812,64020500,-0.022165403784387812
rlh267_bluelightbasal_JNL_10off_20on_20off,520,51.912,63790200,-0.38181419296142416
rlh267_bluelightbasal_JNL_10off_20on_20off,521,52.012,64155500,0.18865781175577678
rlh267_bluelightbasal_JNL_10off_20on_20off,522,52.112,64051600.00000001,0.026402018462283964
rlh267_bluelightbasal_JNL_10off_20on_20off,523,52.212,64537800,0.785677925096554
rlh267_bluelightbasal_JNL_10off_20on_20off,524,52.312,63539400,-0.7734768778315966
rlh267_bluelightbasal_JNL_10off_20on_20off,525,52.412,63810600,-0.3499564626131326
rlh267_bluelightbasal_JNL_10off_20on_20off,526,52.512,63255500,-1.2168302918453204
rlh267_bluelightbasal_JNL_10off_20on_20off,527,52.612,63458800,-0.8993461457763171
rlh267_bluelightbasal_JNL_10off_20on_20off,528,52.712,63771800,-0.4105486164128243
rlh267_bluelightbasal_JNL_10off_20on_20off,529,52.812,64071200,0.05701042605180734
rlh267_bluelightbasal_JNL_10off_20on_20off,530,52.912,64078600,0.06856666157030525
rlh267_bluelightbasal_JNL_10off_20on_20off,531,53.012,63696600,-0.5279849557359383
rlh267_bluelightbasal_JNL_10off_20on_20off,532,53.112,63891099.99999999,-0.22424336001326833
rlh267_bluelightbasal_JNL_10off_20on_20off,533,53.212,63898300,-0.2129994551844479
rlh267_bluelightbasal_JNL_10off_20on_20off,534,53.312,63700200,-0.522363003321534
rlh267_bluelightbasal_JNL_10off_20on_20off,535,53.412,64028200,-0.010140672231356203
rlh267_bluelightbasal_JNL_10off_20on_20off,536,53.512,63255000,-1.2176111185695433
rlh267_bluelightbasal_JNL_10off_20on_20off,537,53.612,63372800,-1.0336483423426441
rlh267_bluelightbasal_JNL_10off_20on_20off,538,53.712,63707600,-0.510806767803036
rlh267_bluelightbasal_JNL_10off_20on_20off,539,53.812,63598400,-0.6813393243733025
rlh267_bluelightbasal_JNL_10off_20on_20off,540,53.912,63319200,-1.1173529671793316
rlh267_bluelightbasal_JNL_10off_20on_20off,541,54.012,63751500,-0.44225018141627137
rlh267_bluelightbasal_JNL_10off_20on_20off,542,54.112,64135500,0.1574247427868635
rlh267_bluelightbasal_JNL_10off_20on_20off,543,54.212,63357599.99999999,-1.0573854747590299
rlh267_bluelightbasal_JNL_10off_20on_20off,544,54.312,63129900,-1.4129739649700959
rlh267_bluelightbasal_JNL_10off_20on_20off,545,54.412,63478300,-0.8688939035316267
rlh267_bluelightbasal_JNL_10off_20on_20off,546,54.512,63189700,-1.3195870887530452
rlh267_bluelightbasal_JNL_10off_20on_20off,547,54.612,63438900,-0.9304230494003859
rlh267_bluelightbasal_JNL_10off_20on_20off,548,54.712,63319900,-1.1162598097654197
rlh267_bluelightbasal_JNL_10off_20on_20off,549,54.812,63583200,-0.7050764567896766
rlh267_bluelightbasal_JNL_10off_20on_20off,550,54.912,63942200,-0.14444286879768328
rlh267_bluelightbasal_JNL_10off_20on_20off,551,55.012,63158500,-1.36831067634455
rlh267_bluelightbasal_JNL_10off_20on_20off,552,55.112,63420800,-0.9586889768172523
rlh267_bluelightbasal_JNL_10off_20on_20off,553,55.212,63532500,-0.7842522866258717
rlh267_bluelightbasal_JNL_10off_20on_20off,554,55.312,63381100,-1.020686618720545
rlh267_bluelightbasal_JNL_10off_20on_20off,555,55.412,63005000.00000001,-1.6080244806809478
rlh267_bluelightbasal_JNL_10off_20on_20off,556,55.512,63246200,-1.2313536689158653
rlh267_bluelightbasal_JNL_10off_20on_20off,557,55.612,63374100,-1.0316181928596648
rlh267_bluelightbasal_JNL_10off_20on_20off,558,55.712,63230600,-1.2557154627116176
rlh267_bluelightbasal_JNL_10off_20on_20off,559,55.812,63837800,-0.3074794888154106
rlh267_bluelightbasal_JNL_10off_20on_20off,560,55.913,62629700,-2.1941130198826166
rlh267_bluelightbasal_JNL_10off_20on_20off,561,56.013,63622100,-0.6443281376451403
rlh267_bluelightbasal_JNL_10off_20on_20off,562,56.113,63342800,-1.0804979457960142
rlh267_bluelightbasal_JNL_10off_20on_20off,563,56.213,62867400,-1.8229079951870828
rlh267_bluelightbasal_JNL_10off_20on_20off,564,56.313,63614499.99999999,-0.656196703853339
rlh267_bluelightbasal_JNL_10off_20on_20off,565,56.413,63265700,-1.2009014266711748
rlh267_bluelightbasal_JNL_10off_20on_20off,566,56.513,63733800,-0.4698914474537596
rlh267_bluelightbasal_JNL_10off_20on_20off,567,56.613,63129300,-1.4139109570391635
rlh267_bluelightbasal_JNL_10off_20on_20off,568,56.713,63168400,-1.3528503072049378
rlh267_bluelightbasal_JNL_10off_20on_20off,569,56.813,63002300,-1.6122409449917625
rlh267_bluelightbasal_JNL_10off_20on_20off,570,56.913,63105900,-1.4504536477327918
rlh267_bluelightbasal_JNL_10off_20on_20off,571,57.013,62876100,-1.8093216101856053
rlh267_bluelightbasal_JNL_10off_20on_20off,572,57.113,62516700,-2.370579859556977
rlh267_bluelightbasal_JNL_10off_20on_20off,573,57.213,62817100,-1.9014591636438996
rlh267_bluelightbasal_JNL_10off_20on_20off,574,57.313,62893500,-1.7821488401826509
rlh267_bluelightbasal_JNL_10off_20on_20off,575,57.413,63048000,-1.5408733823977958
rlh267_bluelightbasal_JNL_10off_20on_20off,576,57.513,62970700,-1.6615891939626457
rlh267_bluelightbasal_JNL_10off_20on_20off,577,57.613,63236700,-1.246189376676099
rlh267_bluelightbasal_JNL_10off_20on_20off,578,57.713,63072900,-1.5019882115314986
rlh267_bluelightbasal_JNL_10off_20on_20off,579,57.813,62849900,-1.8502369305348816
rlh267_bluelightbasal_JNL_10off_20on_20off,580,57.913,63015700,-1.5913147887825905
rlh267_bluelightbasal_JNL_10off_20on_20off,581,58.013,62942400,-1.7057839865536577
rlh267_bluelightbasal_JNL_10off_20on_20off,582,58.113,63038100,-1.5563337515374078
rlh267_bluelightbasal_JNL_10off_20on_20off,583,58.213,62781600,-1.9568978610637204
rlh267_bluelightbasal_JNL_10off_20on_20off,584,58.313,62136100,-2.964945162035397
rlh267_bluelightbasal_JNL_10off_20on_20off,585,58.413,62918800,-1.7426390079369753
rlh267_bluelightbasal_JNL_10off_20on_20off,586,58.513,63173800,-1.344417378583331
rlh267_bluelightbasal_JNL_10off_20on_20off,587,58.613,62892200,-1.7841789896656302
rlh267_bluelightbasal_JNL_10off_20on_20off,588,58.713,62242100,-2.799409896500156
rlh267_bluelightbasal_JNL_10off_20on_20off,589,58.813,62447200,-2.4791147742239508
rlh267_bluelightbasal_JNL_10off_20on_20off,590,58.913,62873300,-1.8136942398412532
rlh267_bluelightbasal_JNL_10off_20on_20off,591,59.013,62961700,-1.6756440749986568
rlh267_bluelightbasal_JNL_10off_20on_20off,592,59.113,62912100.00000001,-1.7531020860415496
rlh267_bluelightbasal_JNL_10off_20on_20off,593,59.213,62693300,-2.0947918605614726
rlh267_bluelightbasal_JNL_10off_20on_20off,594,59.313,62719699.99999999,-2.053564209522519
rlh267_bluelightbasal_JNL_10off_20on_20off,595,59.413,63102900,-1.4551386080781288
rlh267_bluelightbasal_JNL_10off_20on_20off,596,59.513,62454300,-2.468027034739986
rlh267_bluelightbasal_JNL_10off_20on_20off,597,59.613,62873800,-1.8129134131170301
rlh267_bluelightbasal_JNL_10off_20on_20off,598,59.713,62952300,-1.6903236174140457
rlh267_bluelightbasal_JNL_10off_20on_20off,599,59.813,62633599.99999999,-2.1880225714336907
rlh267_bluelightbasal_JNL_10off_20on_20off,600,59.913,62609600,-2.2255022541963747
