stim_jnl,frame,time_s,fluor,dff
rlh267_NaAc_2.5M_JNL_10off_20on_20off,2,0.1,42939800,10.754320024348514
rlh267_NaAc_2.5M_JNL_10off_20on_20off,3,0.2,41344700,6.640089965735332
rlh267_NaAc_2.5M_JNL_10off_20on_20off,4,0.3,40840100,5.338578783003083
rlh267_NaAc_2.5M_JNL_10off_20on_20off,5,0.4,40162300,3.5903340750048285
rlh267_NaAc_2.5M_JNL_10off_20on_20off,6,0.5,39922100,2.970787927378419
rlh267_NaAc_2.5M_JNL_10off_20on_20off,7,0.6,39566400,2.0533334531456378
rlh267_NaAc_2.5M_JNL_10off_20on_20off,8,0.7,39433200,1.7097716427216672
rlh267_NaAc_2.5M_JNL_10off_20on_20off,9,0.8,39539300,1.9834346163401604
rlh267_NaAc_2.5M_JNL_10off_20on_20off,10,0.9,39516700,1.9251425974544114
rlh267_NaAc_2.5M_JNL_10off_20on_20off,11,1,38920000,0.38607854129838004
rlh267_NaAc_2.5M_JNL_10off_20on_20off,12,1.1,39345900,1.4845993750789295
rlh267_NaAc_2.5M_JNL_10off_20on_20off,13,1.2,39409500,1.6486424016777623
rlh267_NaAc_2.5M_JNL_10off_20on_20off,14,1.3,38828000,0.14878359716170353
rlh267_NaAc_2.5M_JNL_10off_20on_20off,15,1.4,38992200,0.5723034865882501
rlh267_NaAc_2.5M_JNL_10off_20on_20off,16,1.5,38882100,0.28832334148555355
rlh267_NaAc_2.5M_JNL_10off_20on_20off,17,1.6,38541300,-0.5906996689685701
rlh267_NaAc_2.5M_JNL_10off_20on_20off,18,1.7,39120800,0.9040005498053871
rlh267_NaAc_2.5M_JNL_10off_20on_20off,19,1.8,39135400,0.9416582257227293
rlh267_NaAc_2.5M_JNL_10off_20on_20off,20,1.9,38666900,-0.2667404843645855
rlh267_NaAc_2.5M_JNL_10off_20on_20off,21,2,38792700,0.057734558813609164
rlh267_NaAc_2.5M_JNL_10off_20on_20off,22,2.1,39205700,1.1229825145576027
rlh267_NaAc_2.5M_JNL_10off_20on_20off,23,2.2,38946000,0.45314015594570173
rlh267_NaAc_2.5M_JNL_10off_20on_20off,24,2.3,38660100,-0.2842796758877312
rlh267_NaAc_2.5M_JNL_10off_20on_20off,25,2.4,38714900,-0.14293442655414557
rlh267_NaAc_2.5M_JNL_10off_20on_20off,26,2.5,38790900,0.053091831645717666
rlh267_NaAc_2.5M_JNL_10off_20on_20off,27,2.6,38743900,-0.06813493329367144
rlh267_NaAc_2.5M_JNL_10off_20on_20off,28,2.7,38439700,-0.8527558246673346
rlh267_NaAc_2.5M_JNL_10off_20on_20off,29,2.8,38770200,-2.9953078503455657e-4
rlh267_NaAc_2.5M_JNL_10off_20on_20off,30,2.901,38722000,-0.12462144716968465
rlh267_NaAc_2.5M_JNL_10off_20on_20off,31,3.001,38429000,-0.8803542583875784
rlh267_NaAc_2.5M_JNL_10off_20on_20off,32,3.101,38632000,-0.3567578055642595
rlh267_NaAc_2.5M_JNL_10off_20on_20off,33,3.201,38289700,-1.2396497553249592
rlh267_NaAc_2.5M_JNL_10off_20on_20off,34,3.301,38648800,-0.31342568533060555
rlh267_NaAc_2.5M_JNL_10off_20on_20off,35,3.401,38712300,-0.14964058801887772
rlh267_NaAc_2.5M_JNL_10off_20on_20off,36,3.501,38893900,0.31875899736395336
rlh267_NaAc_2.5M_JNL_10off_20on_20off,37,3.601,38421300,-0.9002148134946698
rlh267_NaAc_2.5M_JNL_10off_20on_20off,38,3.701,38459700,-0.801169967246318
rlh267_NaAc_2.5M_JNL_10off_20on_20off,39,3.801,38554500,-0.556653003070699
rlh267_NaAc_2.5M_JNL_10off_20on_20off,40,3.901,38775100,0.01233900428311452
rlh267_NaAc_2.5M_JNL_10off_20on_20off,41,4.001,38435300,-0.8641047132999582
rlh267_NaAc_2.5M_JNL_10off_20on_20off,42,4.101,38406800,-0.9376145601249068
rlh267_NaAc_2.5M_JNL_10off_20on_20off,43,4.201,38673000,-0.2510067978511754
rlh267_NaAc_2.5M_JNL_10off_20on_20off,44,4.301,38160400,-1.5731523235518317
rlh267_NaAc_2.5M_JNL_10off_20on_20off,45,4.401,38808500,0.0984873861762123
rlh267_NaAc_2.5M_JNL_10off_20on_20off,46,4.501,38361300,-1.0549723857577198
rlh267_NaAc_2.5M_JNL_10off_20on_20off,47,4.601,38510200,-0.6709156772582509
rlh267_NaAc_2.5M_JNL_10off_20on_20off,48,4.701,38572900,-0.5091940142433637
rlh267_NaAc_2.5M_JNL_10off_20on_20off,49,4.801,38311300,-1.1839370293102613
rlh267_NaAc_2.5M_JNL_10off_20on_20off,50,4.901,38453800,-0.8163877951855179
rlh267_NaAc_2.5M_JNL_10off_20on_20off,51,5.001,38209100,-1.4475407607316564
rlh267_NaAc_2.5M_JNL_10off_20on_20off,52,5.101,37901800,-2.240157460005577
rlh267_NaAc_2.5M_JNL_10off_20on_20off,53,5.201,38662400,-0.27834730228431426
rlh267_NaAc_2.5M_JNL_10off_20on_20off,54,7.591,38384800,-0.9943590032880253
rlh267_NaAc_2.5M_JNL_10off_20on_20off,55,7.611,38510200,-0.6709156772582509
rlh267_NaAc_2.5M_JNL_10off_20on_20off,56,7.631,38461700,-0.7960113815042161
rlh267_NaAc_2.5M_JNL_10off_20on_20off,57,7.651,38179300,-1.524403688288971
rlh267_NaAc_2.5M_JNL_10off_20on_20off,58,7.671,38271100,-1.2876246027265048
rlh267_NaAc_2.5M_JNL_10off_20on_20off,59,7.701,38054500,-1.846299438596115
rlh267_NaAc_2.5M_JNL_10off_20on_20off,60,7.721,38303900,-1.2030237965560375
rlh267_NaAc_2.5M_JNL_10off_20on_20off,61,7.741,38630700,-0.36011088629662563
rlh267_NaAc_2.5M_JNL_10off_20on_20off,62,7.761,38386600,-0.9897162761201337
rlh267_NaAc_2.5M_JNL_10off_20on_20off,63,7.791,38452600,-0.8194829466307788
rlh267_NaAc_2.5M_JNL_10off_20on_20off,64,7.811,38372100,-1.0271160227503708
rlh267_NaAc_2.5M_JNL_10off_20on_20off,65,7.831,38337100,-1.11739127323715
rlh267_NaAc_2.5M_JNL_10off_20on_20off,66,7.861,38086000,-1.7650517131580137
rlh267_NaAc_2.5M_JNL_10off_20on_20off,67,7.881,38547800,-0.5739342653067396
rlh267_NaAc_2.5M_JNL_10off_20on_20off,68,7.901,38131600,-1.6474359582380957
rlh267_NaAc_2.5M_JNL_10off_20on_20off,69,7.921,37682100,-2.806828103775445
rlh267_NaAc_2.5M_JNL_10off_20on_20off,70,7.941,38038800,-1.8867943366716131
rlh267_NaAc_2.5M_JNL_10off_20on_20off,71,7.971,37766800,-2.5883619975974397
rlh267_NaAc_2.5M_JNL_10off_20on_20off,72,7.991,37836600,-2.4083273551980913
rlh267_NaAc_2.5M_JNL_10off_20on_20off,73,8.011,37883700,-2.286842660971597
rlh267_NaAc_2.5M_JNL_10off_20on_20off,74,8.101,37816000,-2.4614607883417383
rlh267_NaAc_2.5M_JNL_10off_20on_20off,75,8.201,37661000,-2.8612511833546175
rlh267_NaAc_2.5M_JNL_10off_20on_20off,76,8.301,37975400,-2.0503215046962358
rlh267_NaAc_2.5M_JNL_10off_20on_20off,77,8.401,38334900,-1.1230657175534617
rlh267_NaAc_2.5M_JNL_10off_20on_20off,78,8.501,38135700,-1.6368608574667876
rlh267_NaAc_2.5M_JNL_10off_20on_20off,79,8.601,38113100,-1.695152876352536
rlh267_NaAc_2.5M_JNL_10off_20on_20off,80,8.701,38379900,-1.0069975383561742
rlh267_NaAc_2.5M_JNL_10off_20on_20off,81,8.801,38294900,-1.226237432395495
rlh267_NaAc_2.5M_JNL_10off_20on_20off,82,8.901,37857900,-2.3533884170447084
rlh267_NaAc_2.5M_JNL_10off_20on_20off,83,9.001,37854100,-2.363189729954702
rlh267_NaAc_2.5M_JNL_10off_20on_20off,84,9.101,38276200,-1.2744702090841455
rlh267_NaAc_2.5M_JNL_10off_20on_20off,85,9.201,37859700,-2.348745689876817
rlh267_NaAc_2.5M_JNL_10off_20on_20off,86,9.301,37778300,-2.5587001295803544
rlh267_NaAc_2.5M_JNL_10off_20on_20off,87,9.401,37710600,-2.733318256950496
rlh267_NaAc_2.5M_JNL_10off_20on_20off,88,9.501,37768700,-2.583461341142443
rlh267_NaAc_2.5M_JNL_10off_20on_20off,89,9.601,37558300,-3.1261445612115377
rlh267_NaAc_2.5M_JNL_10off_20on_20off,90,9.701,37872600,-2.3154728118402614
rlh267_NaAc_2.5M_JNL_10off_20on_20off,91,9.801,38008700,-1.964431052090243
rlh267_NaAc_2.5M_JNL_10off_20on_20off,92,9.901,35708500,-7.897320514081367
rlh267_NaAc_2.5M_JNL_10off_20on_20off,93,10.001,35536100,-8.34199060505053
rlh267_NaAc_2.5M_JNL_10off_20on_20off,94,10.101,35283100,-8.994551701426392
rlh267_NaAc_2.5M_JNL_10off_20on_20off,95,10.201,35227400,-9.138218314343922
rlh267_NaAc_2.5M_JNL_10off_20on_20off,96,10.301,35050100,-9.595526940381234
rlh267_NaAc_2.5M_JNL_10off_20on_20off,97,10.401,35553100,-8.298142626242665
rlh267_NaAc_2.5M_JNL_10off_20on_20off,98,10.501,35412900,-8.659759486763994
rlh267_NaAc_2.5M_JNL_10off_20on_20off,99,10.601,34973000,-9.794390420739253
rlh267_NaAc_2.5M_JNL_10off_20on_20off,100,10.701,34948100,-9.858614813228419
rlh267_NaAc_2.5M_JNL_10off_20on_20off,101,10.801,34439200,-11.171216955306187
rlh267_NaAc_2.5M_JNL_10off_20on_20off,102,10.901,34303400,-11.52148492719489
rlh267_NaAc_2.5M_JNL_10off_20on_20off,103,11.001,34196800,-11.79643754724891
rlh267_NaAc_2.5M_JNL_10off_20on_20off,104,11.101,34420700,-11.218933873420628
rlh267_NaAc_2.5M_JNL_10off_20on_20off,105,11.201,34531500,-10.933148223308196
rlh267_NaAc_2.5M_JNL_10off_20on_20off,106,11.301,33960400,-12.406182381965326
rlh267_NaAc_2.5M_JNL_10off_20on_20off,107,11.401,32620800,-15.861403112025021
rlh267_NaAc_2.5M_JNL_10off_20on_20off,108,11.501,32508400,-16.151315630731133
rlh267_NaAc_2.5M_JNL_10off_20on_20off,109,11.601,32354700,-16.54775294501165
rlh267_NaAc_2.5M_JNL_10off_20on_20off,110,11.701,33694200,-13.092790144239059
rlh267_NaAc_2.5M_JNL_10off_20on_20off,111,11.801,33097700,-14.631338341820879
rlh267_NaAc_2.5M_JNL_10off_20on_20off,112,11.901,33539500.000000004,-13.491806751390612
rlh267_NaAc_2.5M_JNL_10off_20on_20off,113,12.001,33845200,-12.70331692071038
rlh267_NaAc_2.5M_JNL_10off_20on_20off,114,12.101,33755800,-12.933905703382326
rlh267_NaAc_2.5M_JNL_10off_20on_20off,115,12.201,33819100,-12.770636464644808
rlh267_NaAc_2.5M_JNL_10off_20on_20off,116,12.301,34106000,-12.030637339940325
rlh267_NaAc_2.5M_JNL_10off_20on_20off,117,12.401,33777700,-12.877419189506314
rlh267_NaAc_2.5M_JNL_10off_20on_20off,118,12.501,33462700,-13.689896443887326
rlh267_NaAc_2.5M_JNL_10off_20on_20off,119,12.601,33499900,-13.593946749084235
rlh267_NaAc_2.5M_JNL_10off_20on_20off,120,12.701,33763300,-12.914561006849446
rlh267_NaAc_2.5M_JNL_10off_20on_20off,121,12.801,33942800,-12.451577936495822
rlh267_NaAc_2.5M_JNL_10off_20on_20off,122,12.901,33659100,-13.18332332401294
rlh267_NaAc_2.5M_JNL_10off_20on_20off,123,13.001,33055900,-14.739152783830804
rlh267_NaAc_2.5M_JNL_10off_20on_20off,124,13.111,33609400,-13.311514179704167
rlh267_NaAc_2.5M_JNL_10off_20on_20off,125,13.211,33455100,-13.709499069707313
rlh267_NaAc_2.5M_JNL_10off_20on_20off,126,13.301,33537499.999999996,-13.496965337132732
rlh267_NaAc_2.5M_JNL_10off_20on_20off,127,13.411,33274300,-14.175835220793301
rlh267_NaAc_2.5M_JNL_10off_20on_20off,128,13.511,33636700,-13.241099484324481
rlh267_NaAc_2.5M_JNL_10off_20on_20off,129,13.601,33727700,-13.006383833058855
rlh267_NaAc_2.5M_JNL_10off_20on_20off,130,13.701,33308399.999999996,-14.08788133389048
rlh267_NaAc_2.5M_JNL_10off_20on_20off,131,13.801,33412099.999999996,-13.820408663162507
rlh267_NaAc_2.5M_JNL_10off_20on_20off,132,13.901,33531399.999999996,-13.512699023646144
rlh267_NaAc_2.5M_JNL_10off_20on_20off,133,14.011,33348500,-13.984451689761329
rlh267_NaAc_2.5M_JNL_10off_20on_20off,134,14.111,33646000,-13.217112060623707
rlh267_NaAc_2.5M_JNL_10off_20on_20off,135,14.201,33659100,-13.18332332401294
rlh267_NaAc_2.5M_JNL_10off_20on_20off,136,14.311,33070400.000000004,-14.701753037200557
rlh267_NaAc_2.5M_JNL_10off_20on_20off,137,14.411,33150000,-14.496441324664922
rlh267_NaAc_2.5M_JNL_10off_20on_20off,138,14.511,33698100,-13.082730902041959
rlh267_NaAc_2.5M_JNL_10off_20on_20off,139,14.611,33527800,-13.521984477981915
rlh267_NaAc_2.5M_JNL_10off_20on_20off,140,14.711,33493800,-13.609680435597642
rlh267_NaAc_2.5M_JNL_10off_20on_20off,141,14.811,33268700,-14.190279260871186
rlh267_NaAc_2.5M_JNL_10off_20on_20off,142,14.911,33327200,-14.039390627914713
rlh267_NaAc_2.5M_JNL_10off_20on_20off,143,15.011,33674400,-13.143860143085865
rlh267_NaAc_2.5M_JNL_10off_20on_20off,144,15.111,33779600,-12.872518533051316
rlh267_NaAc_2.5M_JNL_10off_20on_20off,145,15.211,33298700,-14.112900474739662
rlh267_NaAc_2.5M_JNL_10off_20on_20off,146,15.311,33215700,-14.32698178303688
rlh267_NaAc_2.5M_JNL_10off_20on_20off,147,15.411,32832600,-15.315108881936453
rlh267_NaAc_2.5M_JNL_10off_20on_20off,148,15.511,33081100,-14.674154603480321
rlh267_NaAc_2.5M_JNL_10off_20on_20off,149,15.611,33232200,-14.28442345066454
rlh267_NaAc_2.5M_JNL_10off_20on_20off,150,15.711,32688300,-15.68730084322909
rlh267_NaAc_2.5M_JNL_10off_20on_20off,151,15.811,33212700,-14.334719661650034
rlh267_NaAc_2.5M_JNL_10off_20on_20off,152,15.911,33242000,-14.259146380528243
rlh267_NaAc_2.5M_JNL_10off_20on_20off,153,16.011,33320000,-14.057961536586278
rlh267_NaAc_2.5M_JNL_10off_20on_20off,154,16.111,32913600,-15.106186159381338
rlh267_NaAc_2.5M_JNL_10off_20on_20off,155,16.211,32819300,-15.349413477121429
rlh267_NaAc_2.5M_JNL_10off_20on_20off,156,16.311,32883600,-15.183564945512861
rlh267_NaAc_2.5M_JNL_10off_20on_20off,157,16.411,32765399.999999996,-15.48843736287108
rlh267_NaAc_2.5M_JNL_10off_20on_20off,158,16.511,32660400,-15.759263114331407
rlh267_NaAc_2.5M_JNL_10off_20on_20off,159,16.611,33025200,-14.818337074972066
rlh267_NaAc_2.5M_JNL_10off_20on_20off,160,16.711,32776300,-15.460323070576617
rlh267_NaAc_2.5M_JNL_10off_20on_20off,161,16.811,32455700,-16.287244365035512
rlh267_NaAc_2.5M_JNL_10off_20on_20off,162,16.911,32197900,-16.952186067192418
rlh267_NaAc_2.5M_JNL_10off_20on_20off,163,17.011,32173200,-17.015894601107373
rlh267_NaAc_2.5M_JNL_10off_20on_20off,164,17.111,32121900,-17.148212325392283
rlh267_NaAc_2.5M_JNL_10off_20on_20off,165,17.211,32601500,-15.911183464436302
rlh267_NaAc_2.5M_JNL_10off_20on_20off,166,17.311,32136900,-17.109522932326517
rlh267_NaAc_2.5M_JNL_10off_20on_20off,167,17.411,32348000,-16.565034207247685
rlh267_NaAc_2.5M_JNL_10off_20on_20off,168,17.511,32267900,-16.77163556621886
rlh267_NaAc_2.5M_JNL_10off_20on_20off,169,19.901,32318400,-16.641381276230792
rlh267_NaAc_2.5M_JNL_10off_20on_20off,170,19.921,32314900,-16.65040880127947
rlh267_NaAc_2.5M_JNL_10off_20on_20off,171,19.941,32271300,-16.762865970457284
rlh267_NaAc_2.5M_JNL_10off_20on_20off,172,19.961,31920600,-17.667423980334814
rlh267_NaAc_2.5M_JNL_10off_20on_20off,173,19.981,32434300,-16.342441232476002
rlh267_NaAc_2.5M_JNL_10off_20on_20off,174,20.011,32108300,-17.183290708438573
rlh267_NaAc_2.5M_JNL_10off_20on_20off,175,20.031,32246500,-16.826832433659348
rlh267_NaAc_2.5M_JNL_10off_20on_20off,176,20.051,31859600,-17.824760845468916
rlh267_NaAc_2.5M_JNL_10off_20on_20off,177,20.071,32225700,-16.880481725377205
rlh267_NaAc_2.5M_JNL_10off_20on_20off,178,20.091,31781000,-18.027493265133508
rlh267_NaAc_2.5M_JNL_10off_20on_20off,179,20.121,32119000,-17.15569227471833
rlh267_NaAc_2.5M_JNL_10off_20on_20off,180,20.141,32173000,-17.016410459681584
rlh267_NaAc_2.5M_JNL_10off_20on_20off,181,20.161,31818399.999999996,-17.93102771175622
rlh267_NaAc_2.5M_JNL_10off_20on_20off,182,20.181,31937400,-17.62409186010116
rlh267_NaAc_2.5M_JNL_10off_20on_20off,183,20.201,31769200,-18.05792892101191
rlh267_NaAc_2.5M_JNL_10off_20on_20off,184,20.231,31756100,-18.091717657622674
rlh267_NaAc_2.5M_JNL_10off_20on_20off,185,20.251,31802800.000000004,-17.97126468054459
rlh267_NaAc_2.5M_JNL_10off_20on_20off,186,20.271,32179700.000000004,-16.999129197445534
rlh267_NaAc_2.5M_JNL_10off_20on_20off,187,20.291,31662800,-18.332365682491716
rlh267_NaAc_2.5M_JNL_10off_20on_20off,188,20.321,31703300,-18.227904321214158
rlh267_NaAc_2.5M_JNL_10off_20on_20off,189,20.411,31785000,-18.017176093649308
rlh267_NaAc_2.5M_JNL_10off_20on_20off,190,20.511,31984900,-17.501575448726246
rlh267_NaAc_2.5M_JNL_10off_20on_20off,191,20.611,31822000,-17.921742257420426
rlh267_NaAc_2.5M_JNL_10off_20on_20off,192,20.711,32097000.000000004,-17.212436717881438
rlh267_NaAc_2.5M_JNL_10off_20on_20off,193,20.811,31945700,-17.602683729271437
rlh267_NaAc_2.5M_JNL_10off_20on_20off,194,20.911,31671100,-18.310957551661996
rlh267_NaAc_2.5M_JNL_10off_20on_20off,195,21.011,31878700.000000004,-17.775496351631833
rlh267_NaAc_2.5M_JNL_10off_20on_20off,196,21.111,31811000,-17.950114479001986
rlh267_NaAc_2.5M_JNL_10off_20on_20off,197,21.211,32168899.999999996,-17.0269855604529
rlh267_NaAc_2.5M_JNL_10off_20on_20off,198,21.311,31802400,-17.97229639769302
rlh267_NaAc_2.5M_JNL_10off_20on_20off,199,21.411,31500100,-18.75201663261169
rlh267_NaAc_2.5M_JNL_10off_20on_20off,200,21.511,31532200,-18.669221331450956
rlh267_NaAc_2.5M_JNL_10off_20on_20off,201,21.611,31336500,-19.173988946315603
rlh267_NaAc_2.5M_JNL_10off_20on_20off,202,21.711,31778100,-18.03497321445956
rlh267_NaAc_2.5M_JNL_10off_20on_20off,203,21.811,31428700,-18.936178143604717
rlh267_NaAc_2.5M_JNL_10off_20on_20off,204,21.911,31605800,-18.479385376141614
rlh267_NaAc_2.5M_JNL_10off_20on_20off,205,22.011,31653699.999999996,-18.35583724761829
rlh267_NaAc_2.5M_JNL_10off_20on_20off,206,22.111,31449400,-18.882786781173966
rlh267_NaAc_2.5M_JNL_10off_20on_20off,207,22.211,31521900,-18.69578804802278
rlh267_NaAc_2.5M_JNL_10off_20on_20off,208,22.311,31419700,-18.959391779444175
rlh267_NaAc_2.5M_JNL_10off_20on_20off,209,22.411,31348400,-19.143295361150102
rlh267_NaAc_2.5M_JNL_10off_20on_20off,210,22.511,31576200,-18.555732445124722
rlh267_NaAc_2.5M_JNL_10off_20on_20off,211,22.611,31367500,-19.094030867313027
rlh267_NaAc_2.5M_JNL_10off_20on_20off,212,22.711,31807599.999999996,-17.958884074763567
rlh267_NaAc_2.5M_JNL_10off_20on_20off,213,22.811,31338800,-19.168056572712185
rlh267_NaAc_2.5M_JNL_10off_20on_20off,214,22.912,31328999.999999996,-19.193333642848494
rlh267_NaAc_2.5M_JNL_10off_20on_20off,215,23.012,31599500,-18.495634921229236
rlh267_NaAc_2.5M_JNL_10off_20on_20off,216,23.112,31643000,-18.383435681338526
rlh267_NaAc_2.5M_JNL_10off_20on_20off,217,23.212,31495600,-18.763623450531416
rlh267_NaAc_2.5M_JNL_10off_20on_20off,218,23.311,31722000,-18.179671544525508
rlh267_NaAc_2.5M_JNL_10off_20on_20off,219,23.411,31023000,-19.98259726139004
rlh267_NaAc_2.5M_JNL_10off_20on_20off,220,23.511,31323599.999999996,-19.20726182435217
rlh267_NaAc_2.5M_JNL_10off_20on_20off,221,23.611,31436099.999999996,-18.917091376358954
rlh267_NaAc_2.5M_JNL_10off_20on_20off,222,23.711,31898200,-17.72520014064635
rlh267_NaAc_2.5M_JNL_10off_20on_20off,223,23.811,31352699.999999996,-19.13220440180459
rlh267_NaAc_2.5M_JNL_10off_20on_20off,224,23.912,31156200,-19.63903545096607
rlh267_NaAc_2.5M_JNL_10off_20on_20off,225,24.011,31643700,-18.38163017632879
rlh267_NaAc_2.5M_JNL_10off_20on_20off,226,24.111,31534100,-18.66432067499596
rlh267_NaAc_2.5M_JNL_10off_20on_20off,227,24.211,31453500,-18.872211680402657
rlh267_NaAc_2.5M_JNL_10off_20on_20off,228,24.311,32079600,-17.25731641383773
rlh267_NaAc_2.5M_JNL_10off_20on_20off,229,24.411,31245700,-19.40818873900702
rlh267_NaAc_2.5M_JNL_10off_20on_20off,230,24.511,31415200,-18.970998597363902
rlh267_NaAc_2.5M_JNL_10off_20on_20off,231,24.611,31397300,-19.017167939755712
rlh267_NaAc_2.5M_JNL_10off_20on_20off,232,24.711,30984500,-20.081900036925497
rlh267_NaAc_2.5M_JNL_10off_20on_20off,233,24.811,31577200,-18.553153152253667
rlh267_NaAc_2.5M_JNL_10off_20on_20off,234,24.911,31677399.999999996,-18.294708006574385
rlh267_NaAc_2.5M_JNL_10off_20on_20off,235,25.011,31674699.999999996,-18.30167209732622
rlh267_NaAc_2.5M_JNL_10off_20on_20off,236,25.111,31569200,-18.573787495222074
rlh267_NaAc_2.5M_JNL_10off_20on_20off,237,25.212,31264599.999999996,-19.35944010374417
rlh267_NaAc_2.5M_JNL_10off_20on_20off,238,25.312,31626200,-18.42676780157218
rlh267_NaAc_2.5M_JNL_10off_20on_20off,239,25.411,31612300.000000004,-18.462619972479775
rlh267_NaAc_2.5M_JNL_10off_20on_20off,240,25.511,31390400,-19.034965060565963
rlh267_NaAc_2.5M_JNL_10off_20on_20off,241,25.611,31522000,-18.695530118735675
rlh267_NaAc_2.5M_JNL_10off_20on_20off,242,25.711,31403700,-19.00066046538099
rlh267_NaAc_2.5M_JNL_10off_20on_20off,243,25.811,31356600,-19.12214515960748
rlh267_NaAc_2.5M_JNL_10off_20on_20off,244,25.911,31640500,-18.38988391351615
rlh267_NaAc_2.5M_JNL_10off_20on_20off,245,26.011,31743800.000000004,-18.123442959936593
rlh267_NaAc_2.5M_JNL_10off_20on_20off,246,26.111,31565300,-18.583846737419172
rlh267_NaAc_2.5M_JNL_10off_20on_20off,247,26.211,31405200,-18.99679152607441
rlh267_NaAc_2.5M_JNL_10off_20on_20off,248,26.311,31308900,-19.245177429556605
rlh267_NaAc_2.5M_JNL_10off_20on_20off,249,26.411,31223500,-19.46544904074435
rlh267_NaAc_2.5M_JNL_10off_20on_20off,250,26.511,30964900.000000004,-20.132454177198085
rlh267_NaAc_2.5M_JNL_10off_20on_20off,251,26.611,31067800,-19.867044940766963
rlh267_NaAc_2.5M_JNL_10off_20on_20off,252,26.711,31179800.000000004,-19.57816413920926
rlh267_NaAc_2.5M_JNL_10off_20on_20off,253,26.811,31258100,-19.376205507405988
rlh267_NaAc_2.5M_JNL_10off_20on_20off,254,26.911,31406100,-18.994470162490465
rlh267_NaAc_2.5M_JNL_10off_20on_20off,255,27.011,31298100,-19.273033792563957
rlh267_NaAc_2.5M_JNL_10off_20on_20off,256,27.112,31003700,-20.032377613801323
rlh267_NaAc_2.5M_JNL_10off_20on_20off,257,27.212,31226900,-19.456679444982775
rlh267_NaAc_2.5M_JNL_10off_20on_20off,258,27.311,31394700.000000004,-19.023874101220436
rlh267_NaAc_2.5M_JNL_10off_20on_20off,259,27.411,31390900,-19.03367541413044
rlh267_NaAc_2.5M_JNL_10off_20on_20off,260,27.511,31348600.000000004,-19.14277950257588
rlh267_NaAc_2.5M_JNL_10off_20on_20off,261,27.612,31468400,-18.833780216624
rlh267_NaAc_2.5M_JNL_10off_20on_20off,262,27.712,31408299.999999996,-18.988795718174163
rlh267_NaAc_2.5M_JNL_10off_20on_20off,263,27.811,31276799.999999996,-19.32797273071735
rlh267_NaAc_2.5M_JNL_10off_20on_20off,264,27.911,31574399.999999996,-18.56037517229262
rlh267_NaAc_2.5M_JNL_10off_20on_20off,265,28.011,31422500.000000004,-18.952169759405223
rlh267_NaAc_2.5M_JNL_10off_20on_20off,266,28.111,31695400,-18.24828073489546
rlh267_NaAc_2.5M_JNL_10off_20on_20off,267,28.211,31324100,-19.20597217791663
rlh267_NaAc_2.5M_JNL_10off_20on_20off,268,28.312,31380000,-19.061789706424893
rlh267_NaAc_2.5M_JNL_10off_20on_20off,269,28.411,31420400,-18.95758627443444
rlh267_NaAc_2.5M_JNL_10off_20on_20off,270,28.511,31530900,-18.672574412183323
rlh267_NaAc_2.5M_JNL_10off_20on_20off,271,28.611,31075499.999999996,-19.84718438565988
rlh267_NaAc_2.5M_JNL_10off_20on_20off,272,28.711,31426200,-18.942626375782346
rlh267_NaAc_2.5M_JNL_10off_20on_20off,273,28.811,31324400,-19.20519839005532
rlh267_NaAc_2.5M_JNL_10off_20on_20off,274,28.911,31490999.999999996,-18.77548819773826
rlh267_NaAc_2.5M_JNL_10off_20on_20off,275,29.011,31384300,-19.050698747079377
rlh267_NaAc_2.5M_JNL_10off_20on_20off,276,29.111,31665199.999999996,-18.326175379601207
rlh267_NaAc_2.5M_JNL_10off_20on_20off,277,29.211,31397300,-19.017167939755712
rlh267_NaAc_2.5M_JNL_10off_20on_20off,278,29.311,31606800,-18.476806083270564
rlh267_NaAc_2.5M_JNL_10off_20on_20off,279,29.412,31738700,-18.13659735357896
rlh267_NaAc_2.5M_JNL_10off_20on_20off,280,29.511,31503000,-18.744536683285638
rlh267_NaAc_2.5M_JNL_10off_20on_20off,281,29.611,31354000.000000004,-19.128851321072204
rlh267_NaAc_2.5M_JNL_10off_20on_20off,282,29.711,30951000,-20.1683063481057
rlh267_NaAc_2.5M_JNL_10off_20on_20off,283,29.811,31748500,-18.111320283442662
rlh267_NaAc_2.5M_JNL_10off_20on_20off,284,29.911,31693800,-18.252407603489143
rlh267_NaAc_2.5M_JNL_10off_20on_20off,285,30.011,31794699.999999996,-17.992156952800123
rlh267_NaAc_2.5M_JNL_10off_20on_20off,286,30.111,32836000,-15.30633928617488
rlh267_NaAc_2.5M_JNL_10off_20on_20off,287,30.211,33538199.999999996,-13.495159832122997
rlh267_NaAc_2.5M_JNL_10off_20on_20off,288,30.311,33871200,-12.63625530606306
rlh267_NaAc_2.5M_JNL_10off_20on_20off,289,30.411,33920700,-12.508580308946044
rlh267_NaAc_2.5M_JNL_10off_20on_20off,290,30.512,34282500,-11.575392148199853
rlh267_NaAc_2.5M_JNL_10off_20on_20off,291,30.612,34284000,-11.571523208893277
rlh267_NaAc_2.5M_JNL_10off_20on_20off,292,30.712,34566500,-10.842872972821418
rlh267_NaAc_2.5M_JNL_10off_20on_20off,293,30.811,34521600,-10.9586832227316
rlh267_NaAc_2.5M_JNL_10off_20on_20off,294,30.911,34865700,-10.071148545803007
rlh267_NaAc_2.5M_JNL_10off_20on_20off,295,31.011,34634000,-10.668770704025485
rlh267_NaAc_2.5M_JNL_10off_20on_20off,296,31.112,34854100,-10.101068343107197
rlh267_NaAc_2.5M_JNL_10off_20on_20off,297,31.211,35084200,-9.507573053478401
rlh267_NaAc_2.5M_JNL_10off_20on_20off,298,31.311,34956000,-9.838238399547118
rlh267_NaAc_2.5M_JNL_10off_20on_20off,299,31.411,35301000,-8.94838235903458
rlh267_NaAc_2.5M_JNL_10off_20on_20off,300,31.512,35170100,-9.286011795855135
rlh267_NaAc_2.5M_JNL_10off_20on_20off,301,31.611,35140200,-9.363132652699555
rlh267_NaAc_2.5M_JNL_10off_20on_20off,302,31.712,35254000,-9.069609123973969
rlh267_NaAc_2.5M_JNL_10off_20on_20off,303,31.811,35408200,-8.671882163257932
rlh267_NaAc_2.5M_JNL_10off_20on_20off,304,31.911,35343300,-8.83927827058913
rlh267_NaAc_2.5M_JNL_10off_20on_20off,305,32.011,35672500,-7.990175057439197
rlh267_NaAc_2.5M_JNL_10off_20on_20off,306,32.111,35211000,-9.180518717429157
rlh267_NaAc_2.5M_JNL_10off_20on_20off,307,32.211,35334900,-8.860944330705959
rlh267_NaAc_2.5M_JNL_10off_20on_20off,308,32.311,35566500,-8.263580101770584
rlh267_NaAc_2.5M_JNL_10off_20on_20off,309,32.412,35459800,-8.538790651111709
rlh267_NaAc_2.5M_JNL_10off_20on_20off,310,32.512,35589500,-8.204256365736416
rlh267_NaAc_2.5M_JNL_10off_20on_20off,311,32.611,35525600,-8.369073180196564
rlh267_NaAc_2.5M_JNL_10off_20on_20off,312,32.711,35552800,-8.298916414103982
rlh267_NaAc_2.5M_JNL_10off_20on_20off,313,32.811,35576900,-8.236755455911657
rlh267_NaAc_2.5M_JNL_10off_20on_20off,314,32.911,36036500,-7.051312452376695
rlh267_NaAc_2.5M_JNL_10off_20on_20off,315,33.011,35759900,-7.764744860509354
rlh267_NaAc_2.5M_JNL_10off_20on_20off,316,33.111,36067900,-6.970322656225698
rlh267_NaAc_2.5M_JNL_10off_20on_20off,317,33.211,35205200,-9.19547861608125
rlh267_NaAc_2.5M_JNL_10off_20on_20off,318,33.311,35418500,-8.645315446686109
rlh267_NaAc_2.5M_JNL_10off_20on_20off,319,33.411,35658300,-8.026801016208118
rlh267_NaAc_2.5M_JNL_10off_20on_20off,320,33.511,35733300,-7.833354050879306
rlh267_NaAc_2.5M_JNL_10off_20on_20off,321,33.611,35562300,-8.274413131828998
rlh267_NaAc_2.5M_JNL_10off_20on_20off,322,33.711,35930700,-7.3242016381338715
rlh267_NaAc_2.5M_JNL_10off_20on_20off,323,33.811,35799100,-7.6636365799641615
rlh267_NaAc_2.5M_JNL_10off_20on_20off,324,33.911,35945800,-7.285254315781005
rlh267_NaAc_2.5M_JNL_10off_20on_20off,325,34.011,35497900,-8.440519592724673
rlh267_NaAc_2.5M_JNL_10off_20on_20off,326,34.111,35454500,-8.552460903328278
rlh267_NaAc_2.5M_JNL_10off_20on_20off,327,34.211,35937200,-7.307436234472041
rlh267_NaAc_2.5M_JNL_10off_20on_20off,328,34.311,35497700,-8.441035451298882
rlh267_NaAc_2.5M_JNL_10off_20on_20off,329,34.412,35686900,-7.953033240096065
rlh267_NaAc_2.5M_JNL_10off_20on_20off,330,34.511,35570000,-8.254552576721908
rlh267_NaAc_2.5M_JNL_10off_20on_20off,331,34.611,35467400,-8.519188025291722
rlh267_NaAc_2.5M_JNL_10off_20on_20off,332,34.711,35519600,-8.384548937422869
rlh267_NaAc_2.5M_JNL_10off_20on_20off,333,34.811,35672500,-7.990175057439197
rlh267_NaAc_2.5M_JNL_10off_20on_20off,334,34.911,35609600,-8.152412579028294
rlh267_NaAc_2.5M_JNL_10off_20on_20off,335,35.011,35752200,-7.784605415616445
rlh267_NaAc_2.5M_JNL_10off_20on_20off,336,35.111,35297500,-8.957409884083258
rlh267_NaAc_2.5M_JNL_10off_20on_20off,337,35.211,35155400,-9.323927401059581
rlh267_NaAc_2.5M_JNL_10off_20on_20off,338,35.311,35144400,-9.35229962264114
rlh267_NaAc_2.5M_JNL_10off_20on_20off,339,35.411,35348900,-8.824834230511245
rlh267_NaAc_2.5M_JNL_10off_20on_20off,340,35.511,35483400,-8.477919339354909
rlh267_NaAc_2.5M_JNL_10off_20on_20off,341,35.611,35054300,-9.584693910322821
rlh267_NaAc_2.5M_JNL_10off_20on_20off,342,35.711,35120000,-9.415234368694781
rlh267_NaAc_2.5M_JNL_10off_20on_20off,343,35.811,35497400,-8.441809239160197
rlh267_NaAc_2.5M_JNL_10off_20on_20off,344,35.911,35354400,-8.810648119720467
rlh267_NaAc_2.5M_JNL_10off_20on_20off,345,36.011,35345900,-8.832572109124397
rlh267_NaAc_2.5M_JNL_10off_20on_20off,346,36.111,35168500,-9.290138664448817
rlh267_NaAc_2.5M_JNL_10off_20on_20off,347,36.211,35287100,-8.984234529942189
rlh267_NaAc_2.5M_JNL_10off_20on_20off,348,36.311,35082100,-9.512989568507608
rlh267_NaAc_2.5M_JNL_10off_20on_20off,349,36.411,34806300,-10.224358542343428
rlh267_NaAc_2.5M_JNL_10off_20on_20off,350,36.511,35069800,-9.544714870821533
rlh267_NaAc_2.5M_JNL_10off_20on_20off,351,36.611,35183100,-9.252480988531474
rlh267_NaAc_2.5M_JNL_10off_20on_20off,352,36.711,34937400,-9.886213246948664
rlh267_NaAc_2.5M_JNL_10off_20on_20off,353,36.811,34945800,-9.864547186831835
rlh267_NaAc_2.5M_JNL_10off_20on_20off,354,36.911,35008800,-9.702051735955635
rlh267_NaAc_2.5M_JNL_10off_20on_20off,355,37.011,35135800,-9.374481541332178
rlh267_NaAc_2.5M_JNL_10off_20on_20off,356,37.111,34637600,-10.659485249689702
rlh267_NaAc_2.5M_JNL_10off_20on_20off,357,37.211,35071900,-9.539298355792326
rlh267_NaAc_2.5M_JNL_10off_20on_20off,358,37.311,34596300,-10.766010045264101
rlh267_NaAc_2.5M_JNL_10off_20on_20off,359,37.411,34244200,-11.6741790651611
rlh267_NaAc_2.5M_JNL_10off_20on_20off,360,37.511,34339800,-11.42759866668864
rlh267_NaAc_2.5M_JNL_10off_20on_20off,361,37.611,34479800,-11.066497664741524
rlh267_NaAc_2.5M_JNL_10off_20on_20off,362,37.711,34331900,-11.447975080369941
rlh267_NaAc_2.5M_JNL_10off_20on_20off,363,37.811,33923300,-12.501874147481312
rlh267_NaAc_2.5M_JNL_10off_20on_20off,364,37.911,34209600,-11.76342259849946
rlh267_NaAc_2.5M_JNL_10off_20on_20off,365,38.011,34072300,-12.117559509694738
rlh267_NaAc_2.5M_JNL_10off_20on_20off,366,38.111,34290100,-11.555789522379866
rlh267_NaAc_2.5M_JNL_10off_20on_20off,367,38.211,34119000,-11.997106532616664
rlh267_NaAc_2.5M_JNL_10off_20on_20off,368,38.311,33817100,-12.77579505038691
rlh267_NaAc_2.5M_JNL_10off_20on_20off,369,38.411,33789800,-12.846209745766599
rlh267_NaAc_2.5M_JNL_10off_20on_20off,370,38.511,33648700,-13.210147969871871
rlh267_NaAc_2.5M_JNL_10off_20on_20off,371,38.611,33780500,-12.870197169467371
rlh267_NaAc_2.5M_JNL_10off_20on_20off,372,38.711,33896800,-12.57022540856416
rlh267_NaAc_2.5M_JNL_10off_20on_20off,373,38.811,33290700.000000004,-14.13353481770806
rlh267_NaAc_2.5M_JNL_10off_20on_20off,374,38.911,33774400,-12.885930855980781
rlh267_NaAc_2.5M_JNL_10off_20on_20off,375,39.011,33548100,-13.469624832699584
rlh267_NaAc_2.5M_JNL_10off_20on_20off,376,39.111,33444300,-13.73735543271466
rlh267_NaAc_2.5M_JNL_10off_20on_20off,377,39.211,33444200,-13.737613362001767
rlh267_NaAc_2.5M_JNL_10off_20on_20off,378,39.311,33115500,-14.585426928716174
rlh267_NaAc_2.5M_JNL_10off_20on_20off,379,39.411,33178600,-14.422673548552867
rlh267_NaAc_2.5M_JNL_10off_20on_20off,380,39.511,33222800,-14.308668803652418
rlh267_NaAc_2.5M_JNL_10off_20on_20off,381,39.611,32958700,-14.989860050896944
rlh267_NaAc_2.5M_JNL_10off_20on_20off,382,39.711,33105300,-14.611735716000892
rlh267_NaAc_2.5M_JNL_10off_20on_20off,383,39.811,33090099.999999996,-14.650940967640874
rlh267_NaAc_2.5M_JNL_10off_20on_20off,384,39.911,32975000,-14.947817577098816
rlh267_NaAc_2.5M_JNL_10off_20on_20off,385,40.011,32878900,-15.195687622006801
rlh267_NaAc_2.5M_JNL_10off_20on_20off,386,40.111,32792000,-15.419828172501118
rlh267_NaAc_2.5M_JNL_10off_20on_20off,387,40.211,32738900.000000004,-15.556788623953906
rlh267_NaAc_2.5M_JNL_10off_20on_20off,388,40.311,32385000,-16.469600371018807
rlh267_NaAc_2.5M_JNL_10off_20on_20off,389,40.411,32547100.000000004,-16.051496996621456
rlh267_NaAc_2.5M_JNL_10off_20on_20off,390,40.511,33056000,-14.7388948545437
rlh267_NaAc_2.5M_JNL_10off_20on_20off,391,40.611,32515100,-16.134034368495094
rlh267_NaAc_2.5M_JNL_10off_20on_20off,392,40.711,32659300,-15.762100336489562
rlh267_NaAc_2.5M_JNL_10off_20on_20off,393,40.811,32315400,-16.649119154843945
rlh267_NaAc_2.5M_JNL_10off_20on_20off,394,40.911,32181400,-16.994744399564755
rlh267_NaAc_2.5M_JNL_10off_20on_20off,395,41.011,32412700,-16.3981539584907
rlh267_NaAc_2.5M_JNL_10off_20on_20off,396,41.111,32360500,-16.532793046359554
rlh267_NaAc_2.5M_JNL_10off_20on_20off,397,41.211,32587300,-15.947809423205223
rlh267_NaAc_2.5M_JNL_10off_20on_20off,398,41.311,32879299.999999996,-15.19465590485839
rlh267_NaAc_2.5M_JNL_10off_20on_20off,399,41.412,32645300,-15.798210436684275
rlh267_NaAc_2.5M_JNL_10off_20on_20off,400,41.511,32348600,-16.563486631525056
rlh267_NaAc_2.5M_JNL_10off_20on_20off,401,41.611,32291800,-16.709990466600743
rlh267_NaAc_2.5M_JNL_10off_20on_20off,402,41.711,32337900,-16.591085065245302
rlh267_NaAc_2.5M_JNL_10off_20on_20off,403,41.811,32741600,-15.54982453320208
rlh267_NaAc_2.5M_JNL_10off_20on_20off,404,41.911,32153900.000000004,-17.065674953518645
rlh267_NaAc_2.5M_JNL_10off_20on_20off,405,42.011,31912200,-17.689090040451642
rlh267_NaAc_2.5M_JNL_10off_20on_20off,406,42.111,32071700,-17.277692827519033
rlh267_NaAc_2.5M_JNL_10off_20on_20off,407,42.211,32027199.999999996,-17.392471360280805
rlh267_NaAc_2.5M_JNL_10off_20on_20off,408,42.311,31958900,-17.568637063373565
rlh267_NaAc_2.5M_JNL_10off_20on_20off,409,42.411,32127300,-17.134284143888607
rlh267_NaAc_2.5M_JNL_10off_20on_20off,410,42.511,31495300,-18.764397238392732
rlh267_NaAc_2.5M_JNL_10off_20on_20off,411,42.611,31612100,-18.463135831053997
rlh267_NaAc_2.5M_JNL_10off_20on_20off,412,42.711,31770600,-18.054317910992438
rlh267_NaAc_2.5M_JNL_10off_20on_20off,413,42.811,31821100.000000004,-17.92406362100436
rlh267_NaAc_2.5M_JNL_10off_20on_20off,414,42.911,31896600,-17.729327009240034
rlh267_NaAc_2.5M_JNL_10off_20on_20off,415,43.011,31703000,-18.228678109075474
rlh267_NaAc_2.5M_JNL_10off_20on_20off,416,43.111,31809200,-17.954757206169873
rlh267_NaAc_2.5M_JNL_10off_20on_20off,417,43.211,32326200,-16.621262791836596
rlh267_NaAc_2.5M_JNL_10off_20on_20off,418,43.311,32085600,-17.241840656611426
rlh267_NaAc_2.5M_JNL_10off_20on_20off,419,43.411,31690000,-18.262208916399135
rlh267_NaAc_2.5M_JNL_10off_20on_20off,420,43.511,31883800,-17.762341957989484
rlh267_NaAc_2.5M_JNL_10off_20on_20off,421,43.611,31839400.000000004,-17.876862561464133
rlh267_NaAc_2.5M_JNL_10off_20on_20off,422,43.711,32001800,-17.457985399205487
rlh267_NaAc_2.5M_JNL_10off_20on_20off,423,43.811,32175100,-17.010993944652377
rlh267_NaAc_2.5M_JNL_10off_20on_20off,424,43.911,32163500,-17.040913741956565
rlh267_NaAc_2.5M_JNL_10off_20on_20off,425,44.011,32202900,-16.939289602837164
rlh267_NaAc_2.5M_JNL_10off_20on_20off,426,44.111,31985900,-17.498996155855192
rlh267_NaAc_2.5M_JNL_10off_20on_20off,427,44.211,31876800,-17.78039700808684
rlh267_NaAc_2.5M_JNL_10off_20on_20off,428,44.311,31839200,-17.87737842003835
rlh267_NaAc_2.5M_JNL_10off_20on_20off,429,44.411,31632100,-18.41154997363298
rlh267_NaAc_2.5M_JNL_10off_20on_20off,430,44.511,31782100,-18.024656042975355
rlh267_NaAc_2.5M_JNL_10off_20on_20off,431,44.611,31461100,-18.85260905458267
rlh267_NaAc_2.5M_JNL_10off_20on_20off,432,44.711,31826500.000000004,-17.91013543950069
rlh267_NaAc_2.5M_JNL_10off_20on_20off,433,44.811,31784600,-18.018207810797726
rlh267_NaAc_2.5M_JNL_10off_20on_20off,434,44.911,31700800,-18.234352553391787
rlh267_NaAc_2.5M_JNL_10off_20on_20off,435,45.011,31721700,-18.180445332386824
rlh267_NaAc_2.5M_JNL_10off_20on_20off,436,45.111,31447800,-18.88691364976765
rlh267_NaAc_2.5M_JNL_10off_20on_20off,437,45.211,31766700,-18.064377153189536
rlh267_NaAc_2.5M_JNL_10off_20on_20off,438,45.311,31614300,-18.457461386737684
rlh267_NaAc_2.5M_JNL_10off_20on_20off,439,45.411,31699000,-18.238995280559678
rlh267_NaAc_2.5M_JNL_10off_20on_20off,440,45.511,31794100,-17.993704528522745
rlh267_NaAc_2.5M_JNL_10off_20on_20off,441,45.611,31785199.999999996,-18.016660235075104
rlh267_NaAc_2.5M_JNL_10off_20on_20off,442,45.711,31300900,-19.265811772525012
rlh267_NaAc_2.5M_JNL_10off_20on_20off,443,45.811,31317200,-19.223769298726886
rlh267_NaAc_2.5M_JNL_10off_20on_20off,444,45.911,31510100,-18.72622370390118
rlh267_NaAc_2.5M_JNL_10off_20on_20off,445,46.011,31373000.000000004,-19.079844756522238
rlh267_NaAc_2.5M_JNL_10off_20on_20off,446,46.111,31618700,-18.44611249810506
rlh267_NaAc_2.5M_JNL_10off_20on_20off,447,46.212,31166600,-19.612210805107143
rlh267_NaAc_2.5M_JNL_10off_20on_20off,448,46.311,31291500,-19.29005712551289
rlh267_NaAc_2.5M_JNL_10off_20on_20off,449,46.411,31018200,-19.994977867171084
rlh267_NaAc_2.5M_JNL_10off_20on_20off,450,46.511,30917000,-20.25600230572143
rlh267_NaAc_2.5M_JNL_10off_20on_20off,451,46.611,30546600,-21.211372385158654
rlh267_NaAc_2.5M_JNL_10off_20on_20off,452,46.711,31176600,-19.586417876396634
rlh267_NaAc_2.5M_JNL_10off_20on_20off,453,46.811,30686700,-20.850013453924436
rlh267_NaAc_2.5M_JNL_10off_20on_20off,454,46.911,31170200,-19.602925350771358
rlh267_NaAc_2.5M_JNL_10off_20on_20off,455,47.011,30983299.999999996,-20.08499518837077
rlh267_NaAc_2.5M_JNL_10off_20on_20off,456,47.112,30592600,-21.09272491309032
rlh267_NaAc_2.5M_JNL_10off_20on_20off,457,47.211,31018200,-19.994977867171084
rlh267_NaAc_2.5M_JNL_10off_20on_20off,458,47.311,30721200,-20.76102784987318
rlh267_NaAc_2.5M_JNL_10off_20on_20off,459,47.411,30141800,-22.255470139360035
rlh267_NaAc_2.5M_JNL_10off_20on_20off,460,47.511,30470700,-21.407140714071417
rlh267_NaAc_2.5M_JNL_10off_20on_20off,461,47.611,30726200,-20.748131385517926
rlh267_NaAc_2.5M_JNL_10off_20on_20off,462,47.711,31180800,-19.575584846338216
rlh267_NaAc_2.5M_JNL_10off_20on_20off,463,47.811,30584699.999999996,-21.11310132677163
rlh267_NaAc_2.5M_JNL_10off_20on_20off,464,47.911,30292300,-21.867286562266884
rlh267_NaAc_2.5M_JNL_10off_20on_20off,465,48.011,30214700,-22.06743968906043
rlh267_NaAc_2.5M_JNL_10off_20on_20off,466,48.111,30626300,-21.005802743335906
rlh267_NaAc_2.5M_JNL_10off_20on_20off,467,48.211,30238900.000000004,-22.005020801580987
rlh267_NaAc_2.5M_JNL_10off_20on_20off,468,48.311,30248400.000000004,-21.980517519306005
rlh267_NaAc_2.5M_JNL_10off_20on_20off,469,48.411,30192500,-22.124699990797755
rlh267_NaAc_2.5M_JNL_10off_20on_20off,470,50.791,30003200,-22.61296013128768
rlh267_NaAc_2.5M_JNL_10off_20on_20off,471,50.811,30584699.999999996,-21.11310132677163
rlh267_NaAc_2.5M_JNL_10off_20on_20off,472,50.832,30410400.000000004,-21.56267207419577
rlh267_NaAc_2.5M_JNL_10off_20on_20off,473,50.852,30349100,-21.720782727191196
rlh267_NaAc_2.5M_JNL_10off_20on_20off,474,50.872,30477100,-21.390633239696687
rlh267_NaAc_2.5M_JNL_10off_20on_20off,475,50.902,30048900,-22.495086447080656
rlh267_NaAc_2.5M_JNL_10off_20on_20off,476,50.922,29915300,-22.839679974653045
rlh267_NaAc_2.5M_JNL_10off_20on_20off,477,50.941,29809700,-23.112053301836013
rlh267_NaAc_2.5M_JNL_10off_20on_20off,478,50.962,30095400,-22.37514932857679
rlh267_NaAc_2.5M_JNL_10off_20on_20off,479,50.982,29965700,-22.709683613952084
rlh267_NaAc_2.5M_JNL_10off_20on_20off,480,51.012,30099200,-22.365348015666797
rlh267_NaAc_2.5M_JNL_10off_20on_20off,481,51.032,30224500,-22.04216261892413
rlh267_NaAc_2.5M_JNL_10off_20on_20off,482,51.052,29834500,-23.048086838633957
rlh267_NaAc_2.5M_JNL_10off_20on_20off,483,51.072,29576900,-23.712512682216648
rlh267_NaAc_2.5M_JNL_10off_20on_20off,484,51.102,29723200,-23.33516213518191
rlh267_NaAc_2.5M_JNL_10off_20on_20off,485,51.122,29864099.999999996,-22.97173976965086
rlh267_NaAc_2.5M_JNL_10off_20on_20off,486,51.142,29550300,-23.7811218725866
rlh267_NaAc_2.5M_JNL_10off_20on_20off,487,51.162,29497300,-23.917824394752294
rlh267_NaAc_2.5M_JNL_10off_20on_20off,488,51.191,29881800,-22.92608628583325
rlh267_NaAc_2.5M_JNL_10off_20on_20off,489,51.212,29872400,-22.95033163882113
rlh267_NaAc_2.5M_JNL_10off_20on_20off,490,51.311,29655000,-23.51106990898758
rlh267_NaAc_2.5M_JNL_10off_20on_20off,491,51.411,30133500,-22.276878270189755
rlh267_NaAc_2.5M_JNL_10off_20on_20off,492,51.511,29751000,-23.263457793366698
rlh267_NaAc_2.5M_JNL_10off_20on_20off,493,51.621,29804300,-23.12598148333969
rlh267_NaAc_2.5M_JNL_10off_20on_20off,494,51.712,29524400,-23.847925557946816
rlh267_NaAc_2.5M_JNL_10off_20on_20off,495,51.812,30131700,-22.281520997357646
rlh267_NaAc_2.5M_JNL_10off_20on_20off,496,51.912,29644700,-23.5376366255594
rlh267_NaAc_2.5M_JNL_10off_20on_20off,497,52.011,29362800,-24.264739285908632
rlh267_NaAc_2.5M_JNL_10off_20on_20off,498,52.111,29822600,-23.078780423799458
rlh267_NaAc_2.5M_JNL_10off_20on_20off,499,52.211,29432999.999999996,-24.083672926360872
rlh267_NaAc_2.5M_JNL_10off_20on_20off,500,52.311,29188400,-24.714567962619896
rlh267_NaAc_2.5M_JNL_10off_20on_20off,501,52.411,29282499.999999996,-24.471856503454024
rlh267_NaAc_2.5M_JNL_10off_20on_20off,502,52.511,29521700,-23.854889648698656
rlh267_NaAc_2.5M_JNL_10off_20on_20off,503,52.611,29369800,-24.246684235811276
rlh267_NaAc_2.5M_JNL_10off_20on_20off,504,52.711,29194399.999999996,-24.6990922053936
rlh267_NaAc_2.5M_JNL_10off_20on_20off,505,52.811,29212600.000000004,-24.652149075140457
rlh267_NaAc_2.5M_JNL_10off_20on_20off,506,52.913,29120400,-24.889959877851354
rlh267_NaAc_2.5M_JNL_10off_20on_20off,507,53.012,29207200.000000004,-24.66607725664413
rlh267_NaAc_2.5M_JNL_10off_20on_20off,508,53.112,28802100,-25.710948798706834
rlh267_NaAc_2.5M_JNL_10off_20on_20off,509,53.212,29097200,-24.949799472459734
rlh267_NaAc_2.5M_JNL_10off_20on_20off,510,53.312,28833300,-25.630474861130047
rlh267_NaAc_2.5M_JNL_10off_20on_20off,511,53.412,28879600,-25.511053601200395
rlh267_NaAc_2.5M_JNL_10off_20on_20off,512,53.512,28818400,-25.668906324908704
rlh267_NaAc_2.5M_JNL_10off_20on_20off,513,53.612,28833200,-25.630732790417156
rlh267_NaAc_2.5M_JNL_10off_20on_20off,514,53.712,29279700,-24.479078523492955
rlh267_NaAc_2.5M_JNL_10off_20on_20off,515,53.812,28771500,-25.78987516056099
rlh267_NaAc_2.5M_JNL_10off_20on_20off,516,53.913,28638800,-26.132147324549432
rlh267_NaAc_2.5M_JNL_10off_20on_20off,517,54.013,28794900,-25.7295197073784
rlh267_NaAc_2.5M_JNL_10off_20on_20off,518,54.112,28113500,-27.487049869712436
rlh267_NaAc_2.5M_JNL_10off_20on_20off,519,54.212,28309900,-26.98047674983805
rlh267_NaAc_2.5M_JNL_10off_20on_20off,520,54.312,28158200,-27.371755478376464
rlh267_NaAc_2.5M_JNL_10off_20on_20off,521,54.412,28628100,-26.159745758269676
rlh267_NaAc_2.5M_JNL_10off_20on_20off,522,54.512,28513300,-26.455848579866313
rlh267_NaAc_2.5M_JNL_10off_20on_20off,523,54.612,28635000,-26.14194863745943
rlh267_NaAc_2.5M_JNL_10off_20on_20off,524,54.712,28257800,-27.114857908419797
rlh267_NaAc_2.5M_JNL_10off_20on_20off,525,54.812,28657000,-26.085204194296306
rlh267_NaAc_2.5M_JNL_10off_20on_20off,526,54.912,28143900,-27.408639366432492
rlh267_NaAc_2.5M_JNL_10off_20on_20off,527,55.012,27999600,-27.780831327725124
rlh267_NaAc_2.5M_JNL_10off_20on_20off,528,55.112,27942300.000000004,-27.92862480923633
rlh267_NaAc_2.5M_JNL_10off_20on_20off,529,55.212,27905700.000000004,-28.023026928316792
rlh267_NaAc_2.5M_JNL_10off_20on_20off,530,55.312,27991700,-27.801207741406426
rlh267_NaAc_2.5M_JNL_10off_20on_20off,531,55.412,27795899.999999996,-28.306233285558193
rlh267_NaAc_2.5M_JNL_10off_20on_20off,532,55.512,27669200,-28.63302969232032
rlh267_NaAc_2.5M_JNL_10off_20on_20off,533,55.612,28342100,-26.897423519390216
rlh267_NaAc_2.5M_JNL_10off_20on_20off,534,55.712,28188399.999999996,-27.293860833670735
rlh267_NaAc_2.5M_JNL_10off_20on_20off,535,55.812,27606900,-28.793719638186786
rlh267_NaAc_2.5M_JNL_10off_20on_20off,536,55.912,28207600,-27.244338410546554
rlh267_NaAc_2.5M_JNL_10off_20on_20off,537,56.012,27820800,-28.242008893069016
rlh267_NaAc_2.5M_JNL_10off_20on_20off,538,56.112,27525400.000000004,-29.00393200717742
rlh267_NaAc_2.5M_JNL_10off_20on_20off,539,56.212,27501500,-29.065577106795544
rlh267_NaAc_2.5M_JNL_10off_20on_20off,540,56.312,27466500,-29.155852357282324
rlh267_NaAc_2.5M_JNL_10off_20on_20off,541,56.412,27702300.000000004,-28.547655098288526
rlh267_NaAc_2.5M_JNL_10off_20on_20off,542,56.512,27221300,-29.78829496926399
rlh267_NaAc_2.5M_JNL_10off_20on_20off,543,56.612,27423900,-29.26573023358909
rlh267_NaAc_2.5M_JNL_10off_20on_20off,544,56.712,27742000,-28.44525717130782
rlh267_NaAc_2.5M_JNL_10off_20on_20off,545,56.822,27296200,-29.595105933222282
rlh267_NaAc_2.5M_JNL_10off_20on_20off,546,56.912,27264800,-29.676095729373277
rlh267_NaAc_2.5M_JNL_10off_20on_20off,547,57.012,27388100,-29.35806891837271
rlh267_NaAc_2.5M_JNL_10off_20on_20off,548,57.112,27418900,-29.278626697944343
rlh267_NaAc_2.5M_JNL_10off_20on_20off,549,57.213,27555100,-28.927327008907223
rlh267_NaAc_2.5M_JNL_10off_20on_20off,550,57.312,26844900,-30.759140805927522
rlh267_NaAc_2.5M_JNL_10off_20on_20off,551,57.412,27005900,-30.343874653688335
rlh267_NaAc_2.5M_JNL_10off_20on_20off,552,57.512,26637800,-31.293312359522147
rlh267_NaAc_2.5M_JNL_10off_20on_20off,553,57.612,27009599.999999996,-30.334331270065455
rlh267_NaAc_2.5M_JNL_10off_20on_20off,554,57.712,27473800,-29.13702351932365
rlh267_NaAc_2.5M_JNL_10off_20on_20off,555,57.812,26943700,-30.5043066702677
rlh267_NaAc_2.5M_JNL_10off_20on_20off,556,57.912,26968800,-30.439566419204322
rlh267_NaAc_2.5M_JNL_10off_20on_20off,557,58.012,26634600,-31.30156609670951
rlh267_NaAc_2.5M_JNL_10off_20on_20off,558,58.112,27122000,-30.044418751359338
rlh267_NaAc_2.5M_JNL_10off_20on_20off,559,58.212,27073999.999999996,-30.168224809169786
rlh267_NaAc_2.5M_JNL_10off_20on_20off,560,58.312,26418300,-31.859467144717808
rlh267_NaAc_2.5M_JNL_10off_20on_20off,561,58.412,26737400,-31.036414789565487
rlh267_NaAc_2.5M_JNL_10off_20on_20off,562,58.512,26388600.000000004,-31.936072142988003
rlh267_NaAc_2.5M_JNL_10off_20on_20off,563,58.612,26571200,-31.465093264734133
rlh267_NaAc_2.5M_JNL_10off_20on_20off,564,58.712,27001500,-30.355223542320957
rlh267_NaAc_2.5M_JNL_10off_20on_20off,565,58.812,26469200,-31.72818113758132
rlh267_NaAc_2.5M_JNL_10off_20on_20off,566,58.912,26036300,-32.84475702145922
rlh267_NaAc_2.5M_JNL_10off_20on_20off,567,59.012,26400400,-31.905636487109618
rlh267_NaAc_2.5M_JNL_10off_20on_20off,568,59.112,26315200,-32.12539223972314
rlh267_NaAc_2.5M_JNL_10off_20on_20off,569,59.212,26319400,-32.11455920966473
rlh267_NaAc_2.5M_JNL_10off_20on_20off,570,59.312,26233000,-32.33741011372352
rlh267_NaAc_2.5M_JNL_10off_20on_20off,571,59.412,26425700,-31.840380377472027
rlh267_NaAc_2.5M_JNL_10off_20on_20off,572,59.512,26062300,-32.7776954068119
rlh267_NaAc_2.5M_JNL_10off_20on_20off,573,59.612,25925600.000000004,-33.130284742284545
rlh267_NaAc_2.5M_JNL_10off_20on_20off,574,59.712,25895700,-33.20740559912897
rlh267_NaAc_2.5M_JNL_10off_20on_20off,575,59.812,25869800,-33.27420928448919
rlh267_NaAc_2.5M_JNL_10off_20on_20off,576,59.912,26277499.999999996,-32.222631580961774
rlh267_NaAc_2.5M_JNL_10off_20on_20off,577,60.012,25880100,-33.24764256791736
rlh267_NaAc_2.5M_JNL_10off_20on_20off,578,60.113,25894600,-33.210242821287125
rlh267_NaAc_2.5M_JNL_10off_20on_20off,579,60.212,25933400,-33.110166257890356
rlh267_NaAc_2.5M_JNL_10off_20on_20off,580,60.312,25762500,-33.55096740955294
rlh267_NaAc_2.5M_JNL_10off_20on_20off,581,60.412,26193399.999999996,-32.43955011141715
rlh267_NaAc_2.5M_JNL_10off_20on_20off,582,60.512,25968400,-33.01989100740357
rlh267_NaAc_2.5M_JNL_10off_20on_20off,583,60.612,26012600,-32.90588626250313
rlh267_NaAc_2.5M_JNL_10off_20on_20off,584,60.712,25706300,-33.695923668906
rlh267_NaAc_2.5M_JNL_10off_20on_20off,585,60.812,25890600,-33.22055999277133
rlh267_NaAc_2.5M_JNL_10off_20on_20off,586,60.913,25787399.999999996,-33.48674301706379
rlh267_NaAc_2.5M_JNL_10off_20on_20off,587,61.013,25734600,-33.62292968065526
rlh267_NaAc_2.5M_JNL_10off_20on_20off,588,61.112,25815700,-33.41374902881304
rlh267_NaAc_2.5M_JNL_10off_20on_20off,589,61.212,25667700,-33.79548437372856
rlh267_NaAc_2.5M_JNL_10off_20on_20off,590,61.312,25722600,-33.65388119510787
rlh267_NaAc_2.5M_JNL_10off_20on_20off,591,61.412,25821400,-33.399047059448044
rlh267_NaAc_2.5M_JNL_10off_20on_20off,592,61.512,25254500.000000004,-34.86124818804676
rlh267_NaAc_2.5M_JNL_10off_20on_20off,593,61.612,25631200,-33.88962856352192
rlh267_NaAc_2.5M_JNL_10off_20on_20off,594,61.712,25175500,-35.06501232485978
rlh267_NaAc_2.5M_JNL_10off_20on_20off,595,61.812,25162300.000000004,-35.09905899075764
rlh267_NaAc_2.5M_JNL_10off_20on_20off,596,61.912,25550799.999999996,-34.097003710354414
rlh267_NaAc_2.5M_JNL_10off_20on_20off,597,62.012,25407300,-34.46713223735019
rlh267_NaAc_2.5M_JNL_10off_20on_20off,598,62.112,25342100,-34.63530213254271
rlh267_NaAc_2.5M_JNL_10off_20on_20off,599,62.212,25506300,-34.21178224311616
rlh267_NaAc_2.5M_JNL_10off_20on_20off,600,62.312,25653000,-33.83339997893301
