stim_jnl,frame,time_s,fluor,dff
rlh267_NaAc_2.5M_JNL_10off_20on_20off,2,0.1,53420300,4.951865907857817
rlh267_NaAc_2.5M_JNL_10off_20on_20off,3,0.2,52693700,3.5243556585958418
rlh267_NaAc_2.5M_JNL_10off_20on_20off,4,0.301,52486700,3.1176743737111337
rlh267_NaAc_2.5M_JNL_10off_20on_20off,5,0.4,51776000,1.7214019622736363
rlh267_NaAc_2.5M_JNL_10off_20on_20off,6,0.501,51576900,1.3302413641067503
rlh267_NaAc_2.5M_JNL_10off_20on_20off,7,0.601,51856500,1.8795557952843558
rlh267_NaAc_2.5M_JNL_10off_20on_20off,8,0.701,50971500,0.14084595411060433
rlh267_NaAc_2.5M_JNL_10off_20on_20off,9,0.801,51488200,1.155977451211709
rlh267_NaAc_2.5M_JNL_10off_20on_20off,10,0.9,51012400,0.22119988914337993
rlh267_NaAc_2.5M_JNL_10off_20on_20off,11,1,51008300,0.21314484920121907
rlh267_NaAc_2.5M_JNL_10off_20on_20off,12,1.1,50817900,-0.16092334713717904
rlh267_NaAc_2.5M_JNL_10off_20on_20off,13,1.2,50937100,0.07326220435198616
rlh267_NaAc_2.5M_JNL_10off_20on_20off,14,1.3,50822800,-0.15129659208435262
rlh267_NaAc_2.5M_JNL_10off_20on_20off,15,1.4,50710800,-0.37133670757752796
rlh267_NaAc_2.5M_JNL_10off_20on_20off,16,1.5,51447000,1.0750341230124336
rlh267_NaAc_2.5M_JNL_10off_20on_20off,17,1.6,50807399.99999999,-0.18155210796467885
rlh267_NaAc_2.5M_JNL_10off_20on_20off,18,1.7,51108900.00000001,0.4107880243674251
rlh267_NaAc_2.5M_JNL_10off_20on_20off,19,1.8,50693200,-0.40591444001216986
rlh267_NaAc_2.5M_JNL_10off_20on_20off,20,1.9,50663000,-0.46524668543979386
rlh267_NaAc_2.5M_JNL_10off_20on_20off,21,2,50952900,0.10430357778763054
rlh267_NaAc_2.5M_JNL_10off_20on_20off,22,2.101,50915400,0.030629431975183436
rlh267_NaAc_2.5M_JNL_10off_20on_20off,23,2.2,50765300,-0.2642636156634382
rlh267_NaAc_2.5M_JNL_10off_20on_20off,24,2.3,50651100,-0.48862594771094375
rlh267_NaAc_2.5M_JNL_10off_20on_20off,25,2.4,51331800,0.8487071470765961
rlh267_NaAc_2.5M_JNL_10off_20on_20off,26,2.5,50726300,-0.34088472730838315
rlh267_NaAc_2.5M_JNL_10off_20on_20off,27,2.6,50784100,-0.22732831056279804
rlh267_NaAc_2.5M_JNL_10off_20on_20off,28,2.7,51402400,0.9874110055928299
rlh267_NaAc_2.5M_JNL_10off_20on_20off,29,2.8,50607400,-0.5744808856310488
rlh267_NaAc_2.5M_JNL_10off_20on_20off,30,2.9,50906100,0.012358243813696554
rlh267_NaAc_2.5M_JNL_10off_20on_20off,31,3.001,50793500,-0.20886065801247797
rlh267_NaAc_2.5M_JNL_10off_20on_20off,32,3.101,50424400,-0.9340107171957907
rlh267_NaAc_2.5M_JNL_10off_20on_20off,33,3.201,51071300,0.3369174141661302
rlh267_NaAc_2.5M_JNL_10off_20on_20off,34,3.301,51014400,0.2251291769200438
rlh267_NaAc_2.5M_JNL_10off_20on_20off,35,3.401,50758400,-0.27781965849292845
rlh267_NaAc_2.5M_JNL_10off_20on_20off,36,3.5,50834800,-0.12772086542436953
rlh267_NaAc_2.5M_JNL_10off_20on_20off,37,3.6,51004699.99999999,0.20607213120320952
rlh267_NaAc_2.5M_JNL_10off_20on_20off,38,3.7,51085000,0.36383303543627754
rlh267_NaAc_2.5M_JNL_10off_20on_20off,39,3.8,50979700,0.15695603399492608
rlh267_NaAc_2.5M_JNL_10off_20on_20off,40,3.901,51049200,0.29349878423399467
rlh267_NaAc_2.5M_JNL_10off_20on_20off,41,4.001,50819500,-0.15777991691584797
rlh267_NaAc_2.5M_JNL_10off_20on_20off,42,4.1,50967600,0.1331838429461098
rlh267_NaAc_2.5M_JNL_10off_20on_20off,43,4.2,51059200,0.31314522311731396
rlh267_NaAc_2.5M_JNL_10off_20on_20off,44,4.3,51338000,0.8608879391842541
rlh267_NaAc_2.5M_JNL_10off_20on_20off,45,4.4,51114900,0.42257588769740206
rlh267_NaAc_2.5M_JNL_10off_20on_20off,46,4.5,51343400,0.8714970161812463
rlh267_NaAc_2.5M_JNL_10off_20on_20off,47,4.6,51421500,1.0249357038599696
rlh267_NaAc_2.5M_JNL_10off_20on_20off,48,4.7,51167900,0.526702013778994
rlh267_NaAc_2.5M_JNL_10off_20on_20off,49,4.8,51401000,0.9846605041491652
rlh267_NaAc_2.5M_JNL_10off_20on_20off,50,4.901,51334600,0.8542081499639256
rlh267_NaAc_2.5M_JNL_10off_20on_20off,51,5,50877300,-0.044223500170262824
rlh267_NaAc_2.5M_JNL_10off_20on_20off,52,5.1,51290699.99999999,0.7679602832661394
rlh267_NaAc_2.5M_JNL_10off_20on_20off,53,5.2,51150399.99999999,0.4923207457331707
rlh267_NaAc_2.5M_JNL_10off_20on_20off,54,5.301,51317600,0.8208092038622827
rlh267_NaAc_2.5M_JNL_10off_20on_20off,55,5.401,51530300,1.2386889589104828
rlh267_NaAc_2.5M_JNL_10off_20on_20off,56,5.5,51539100,1.2559778251278038
rlh267_NaAc_2.5M_JNL_10off_20on_20off,57,5.6,51609200,1.3936993616998714
rlh267_NaAc_2.5M_JNL_10off_20on_20off,58,5.7,51642500,1.4591220031813246
rlh267_NaAc_2.5M_JNL_10off_20on_20off,59,5.8,51462400,1.1052896388927453
rlh267_NaAc_2.5M_JNL_10off_20on_20off,60,5.9,51177800,0.54615198827348
rlh267_NaAc_2.5M_JNL_10off_20on_20off,61,6,51255200,0.6982154252303708
rlh267_NaAc_2.5M_JNL_10off_20on_20off,62,6.1,51364400,0.9127545378362167
rlh267_NaAc_2.5M_JNL_10off_20on_20off,63,6.2,51391600.00000001,0.9661928515988597
rlh267_NaAc_2.5M_JNL_10off_20on_20off,64,6.3,51388100,0.9593165979896833
rlh267_NaAc_2.5M_JNL_10off_20on_20off,65,6.4,50984200,0.16579693149241972
rlh267_NaAc_2.5M_JNL_10off_20on_20off,66,6.5,51131200,0.4545995830772124
rlh267_NaAc_2.5M_JNL_10off_20on_20off,67,6.6,51393100,0.969139817431343
rlh267_NaAc_2.5M_JNL_10off_20on_20off,68,6.71,51195600,0.5811226494857882
rlh267_NaAc_2.5M_JNL_10off_20on_20off,69,6.8,51116100,0.42493346036340035
rlh267_NaAc_2.5M_JNL_10off_20on_20off,70,6.901,51052000,0.2989997871213241
rlh267_NaAc_2.5M_JNL_10off_20on_20off,71,7,51692200,1.556764804431421
rlh267_NaAc_2.5M_JNL_10off_20on_20off,72,7.1,51332600,0.8502788621872617
rlh267_NaAc_2.5M_JNL_10off_20on_20off,73,7.2,51468600,1.117470431000403
rlh267_NaAc_2.5M_JNL_10off_20on_20off,74,7.3,51607300,1.389966538312041
rlh267_NaAc_2.5M_JNL_10off_20on_20off,75,7.4,51981100,2.1243504237705135
rlh267_NaAc_2.5M_JNL_10off_20on_20off,76,7.5,51311000,0.8078425541992921
rlh267_NaAc_2.5M_JNL_10off_20on_20off,77,7.6,51699100,1.5703208472609114
rlh267_NaAc_2.5M_JNL_10off_20on_20off,78,7.7,51585300,1.3467443727687385
rlh267_NaAc_2.5M_JNL_10off_20on_20off,79,7.8,51207100,0.6037160542016053
rlh267_NaAc_2.5M_JNL_10off_20on_20off,80,7.9,51651500,1.4768037981763118
rlh267_NaAc_2.5M_JNL_10off_20on_20off,81,8,51495800,1.1709087447630315
rlh267_NaAc_2.5M_JNL_10off_20on_20off,82,8.1,51605500,1.3864301793130434
rlh267_NaAc_2.5M_JNL_10off_20on_20off,83,8.2,51284800,0.7563688843249957
rlh267_NaAc_2.5M_JNL_10off_20on_20off,84,8.3,51306100,0.7982157991464657
rlh267_NaAc_2.5M_JNL_10off_20on_20off,85,8.4,51318600,0.8227738477506148
rlh267_NaAc_2.5M_JNL_10off_20on_20off,86,8.5,51773500,1.7164903525528064
rlh267_NaAc_2.5M_JNL_10off_20on_20off,87,8.6,51449200,1.0793563395667638
rlh267_NaAc_2.5M_JNL_10off_20on_20off,88,8.7,51312400,0.8105930556429568
rlh267_NaAc_2.5M_JNL_10off_20on_20off,89,8.8,51938400,2.0404601297387406
rlh267_NaAc_2.5M_JNL_10off_20on_20off,90,8.9,51395300,0.9734620339856732
rlh267_NaAc_2.5M_JNL_10off_20on_20off,91,9,51322500,0.8304359589151091
rlh267_NaAc_2.5M_JNL_10off_20on_20off,92,9.11,51880900,1.927493106159655
rlh267_NaAc_2.5M_JNL_10off_20on_20off,93,9.21,51444599.99999999,1.0703189776804223
rlh267_NaAc_2.5M_JNL_10off_20on_20off,94,9.31,52003000,2.1673761249249823
rlh267_NaAc_2.5M_JNL_10off_20on_20off,95,9.41,51405800,0.9940907948131584
rlh267_NaAc_2.5M_JNL_10off_20on_20off,96,9.51,51681900,1.5365289723816022
rlh267_NaAc_2.5M_JNL_10off_20on_20off,97,9.61,51523000,1.2243470585256597
rlh267_NaAc_2.5M_JNL_10off_20on_20off,98,9.71,51110500,0.4139314545887416
rlh267_NaAc_2.5M_JNL_10off_20on_20off,99,9.81,51433400,1.0483149661311193
rlh267_NaAc_2.5M_JNL_10off_20on_20off,100,9.91,49580100,-2.592759552114433
rlh267_NaAc_2.5M_JNL_10off_20on_20off,101,10.01,48899100.00000001,-3.9306820400684583
rlh267_NaAc_2.5M_JNL_10off_20on_20off,102,10.11,48587400,-4.543061540061533
rlh267_NaAc_2.5M_JNL_10off_20on_20off,103,10.21,48656100,-4.40809050493313
rlh267_NaAc_2.5M_JNL_10off_20on_20off,104,10.31,49048400,-3.6373607075405165
rlh267_NaAc_2.5M_JNL_10off_20on_20off,105,10.41,48562500,-4.591981172880997
rlh267_NaAc_2.5M_JNL_10off_20on_20off,106,10.51,48891099.99999999,-3.946399191175143
rlh267_NaAc_2.5M_JNL_10off_20on_20off,107,10.61,48406700,-4.898072690683112
rlh267_NaAc_2.5M_JNL_10off_20on_20off,108,10.71,48417400,-4.87705100107796
rlh267_NaAc_2.5M_JNL_10off_20on_20off,109,10.81,48265399.99999999,-5.175676872104427
rlh267_NaAc_2.5M_JNL_10off_20on_20off,110,10.91,48156100.00000001,-5.390412449099077
rlh267_NaAc_2.5M_JNL_10off_20on_20off,111,11.01,48200300,-5.30357518923482
rlh267_NaAc_2.5M_JNL_10off_20on_20off,112,11.11,47877700,-5.937369307610699
rlh267_NaAc_2.5M_JNL_10off_20on_20off,113,11.211,47591800,-6.499060995284796
rlh267_NaAc_2.5M_JNL_10off_20on_20off,114,11.31,47686200,-6.313598612226262
rlh267_NaAc_2.5M_JNL_10off_20on_20off,115,11.41,47665000,-6.355249062658898
rlh267_NaAc_2.5M_JNL_10off_20on_20off,116,11.51,48017700,-5.66231916324423
rlh267_NaAc_2.5M_JNL_10off_20on_20off,117,11.61,47728400.00000001,-6.23069064013864
rlh267_NaAc_2.5M_JNL_10off_20on_20off,118,11.71,47772800,-6.143460451496717
rlh267_NaAc_2.5M_JNL_10off_20on_20off,119,11.81,48086600,-5.52695519933816
rlh267_NaAc_2.5M_JNL_10off_20on_20off,120,11.91,47786900,-6.115758972671237
rlh267_NaAc_2.5M_JNL_10off_20on_20off,121,12.01,48195100,-5.313791337454147
rlh267_NaAc_2.5M_JNL_10off_20on_20off,122,12.11,48256200,-5.193751595877066
rlh267_NaAc_2.5M_JNL_10off_20on_20off,123,12.21,48254700,-5.196698561709564
rlh267_NaAc_2.5M_JNL_10off_20on_20off,124,12.31,47744600,-6.198863409147677
rlh267_NaAc_2.5M_JNL_10off_20on_20off,125,12.41,48180700,-5.342082209446126
rlh267_NaAc_2.5M_JNL_10off_20on_20off,126,12.51,48283699.99999999,-5.139723888947953
rlh267_NaAc_2.5M_JNL_10off_20on_20off,127,12.61,48029000,-5.640118687306079
rlh267_NaAc_2.5M_JNL_10off_20on_20off,128,12.71,47972100,-5.7519069245521655
rlh267_NaAc_2.5M_JNL_10off_20on_20off,129,12.81,48053000,-5.592967233986112
rlh267_NaAc_2.5M_JNL_10off_20on_20off,130,12.91,48271100,-5.1644784019409204
rlh267_NaAc_2.5M_JNL_10off_20on_20off,131,13.01,48252000,-5.20200310020806
rlh267_NaAc_2.5M_JNL_10off_20on_20off,132,13.11,48583800,-4.550134258059528
rlh267_NaAc_2.5M_JNL_10off_20on_20off,133,13.21,48831700,-4.063099038142044
rlh267_NaAc_2.5M_JNL_10off_20on_20off,134,13.31,48576499.99999999,-4.564476158444365
rlh267_NaAc_2.5M_JNL_10off_20on_20off,135,13.41,48352200,-5.005145782597201
rlh267_NaAc_2.5M_JNL_10off_20on_20off,136,13.51,48643900,-4.4320591603707795
rlh267_NaAc_2.5M_JNL_10off_20on_20off,137,13.61,48789100,-4.146792867784984
rlh267_NaAc_2.5M_JNL_10off_20on_20off,138,13.71,48621800.00000001,-4.4754777903029
rlh267_NaAc_2.5M_JNL_10off_20on_20off,139,13.81,49084600,-3.5662405987829007
rlh267_NaAc_2.5M_JNL_10off_20on_20off,140,13.91,49028700,-3.676064192140655
rlh267_NaAc_2.5M_JNL_10off_20on_20off,141,14.01,49136700,-3.463882652200808
rlh267_NaAc_2.5M_JNL_10off_20on_20off,142,14.11,49135099.99999999,-3.4670260824221533
rlh267_NaAc_2.5M_JNL_10off_20on_20off,143,14.21,49125400,-3.486083128138959
rlh267_NaAc_2.5M_JNL_10off_20on_20off,144,14.31,49124000,-3.488833629582623
rlh267_NaAc_2.5M_JNL_10off_20on_20off,145,14.41,49456800,-2.8350001435457592
rlh267_NaAc_2.5M_JNL_10off_20on_20off,146,14.51,49416000,-2.9151576141897015
rlh267_NaAc_2.5M_JNL_10off_20on_20off,147,14.61,49390100,-2.966041890897498
rlh267_NaAc_2.5M_JNL_10off_20on_20off,148,14.71,48916300,-3.8968901651891636
rlh267_NaAc_2.5M_JNL_10off_20on_20off,149,14.81,49203300,-3.333037369237902
rlh267_NaAc_2.5M_JNL_10off_20on_20off,150,14.91,49073900,-3.5872622883880525
rlh267_NaAc_2.5M_JNL_10off_20on_20off,151,15.01,49252200.00000001,-3.236966283098456
rlh267_NaAc_2.5M_JNL_10off_20on_20off,152,15.11,49166299.99999999,-3.4057291931061973
rlh267_NaAc_2.5M_JNL_10off_20on_20off,153,15.21,49586499.99999999,-2.5801858312291235
rlh267_NaAc_2.5M_JNL_10off_20on_20off,154,15.31,49381300,-2.9833307571148193
rlh267_NaAc_2.5M_JNL_10off_20on_20off,155,15.41,49375200,-2.995315084833644
rlh267_NaAc_2.5M_JNL_10off_20on_20off,156,15.511,49805400.00000001,-2.1501252840732366
rlh267_NaAc_2.5M_JNL_10off_20on_20off,157,15.61,49441000,-2.8660415169814035
rlh267_NaAc_2.5M_JNL_10off_20on_20off,158,15.71,49610200.00000001,-2.5336237710756273
rlh267_NaAc_2.5M_JNL_10off_20on_20off,159,15.81,49813800,-2.133622275411263
rlh267_NaAc_2.5M_JNL_10off_20on_20off,160,15.91,50006700.00000001,-1.7546424693520202
rlh267_NaAc_2.5M_JNL_10off_20on_20off,161,16.01,49844600,-2.0731112436506396
rlh267_NaAc_2.5M_JNL_10off_20on_20off,162,16.11,49917299.99999999,-1.9302816329689234
rlh267_NaAc_2.5M_JNL_10off_20on_20off,163,16.21,50229000,-1.3179021329758482
rlh267_NaAc_2.5M_JNL_10off_20on_20off,164,16.31,50033000,-1.7029723350889054
rlh267_NaAc_2.5M_JNL_10off_20on_20off,165,16.41,49644199.99999999,-2.4668258788723714
rlh267_NaAc_2.5M_JNL_10off_20on_20off,166,16.51,49760500,-2.2383377946593543
rlh267_NaAc_2.5M_JNL_10off_20on_20off,167,16.61,49987000,-1.7933459539521739
rlh267_NaAc_2.5M_JNL_10off_20on_20off,168,16.711,50122000,-1.5281190290273643
rlh267_NaAc_2.5M_JNL_10off_20on_20off,169,16.81,49843800,-2.074682958761305
rlh267_NaAc_2.5M_JNL_10off_20on_20off,170,16.91,50127600,-1.5171170232527054
rlh267_NaAc_2.5M_JNL_10off_20on_20off,171,17.011,49870300,-2.022619895720509
rlh267_NaAc_2.5M_JNL_10off_20on_20off,172,17.111,50041700,-1.6858799332604173
rlh267_NaAc_2.5M_JNL_10off_20on_20off,173,17.211,50088900,-1.593148741731151
rlh267_NaAc_2.5M_JNL_10off_20on_20off,174,17.311,50195600,-1.3835212388461346
rlh267_NaAc_2.5M_JNL_10off_20on_20off,175,17.411,50408400,-0.9654450194091014
rlh267_NaAc_2.5M_JNL_10off_20on_20off,176,17.512,50573000,-0.642064635389667
rlh267_NaAc_2.5M_JNL_10off_20on_20off,177,17.612,50268400,-1.2404951637755706
rlh267_NaAc_2.5M_JNL_10off_20on_20off,178,17.711,50490500,-0.8041477561770505
rlh267_NaAc_2.5M_JNL_10off_20on_20off,179,17.811,50466100,-0.8520850670523494
rlh267_NaAc_2.5M_JNL_10off_20on_20off,180,17.912,50632300,-0.525561252811584
rlh267_NaAc_2.5M_JNL_10off_20on_20off,181,18.011,50904500,0.009214813592365478
rlh267_NaAc_2.5M_JNL_10off_20on_20off,182,18.112,50872200,-0.054243184000755625
rlh267_NaAc_2.5M_JNL_10off_20on_20off,183,18.211,50842599.99999999,-0.11239664309539518
rlh267_NaAc_2.5M_JNL_10off_20on_20off,184,18.311,51038900,0.2732629521841759
rlh267_NaAc_2.5M_JNL_10off_20on_20off,185,18.411,50660800,-0.4695689019941241
rlh267_NaAc_2.5M_JNL_10off_20on_20off,186,18.511,50893900,-0.011610411623952903
rlh267_NaAc_2.5M_JNL_10off_20on_20off,187,18.611,50920900,0.041434973361009014
rlh267_NaAc_2.5M_JNL_10off_20on_20off,188,18.712,50786900,-0.22182730767546865
rlh267_NaAc_2.5M_JNL_10off_20on_20off,189,18.812,50932600,0.0644213068544925
rlh267_NaAc_2.5M_JNL_10off_20on_20off,190,18.912,51016400,0.22905846469670763
rlh267_NaAc_2.5M_JNL_10off_20on_20off,191,19.011,51447200.00000001,1.0754270517901148
rlh267_NaAc_2.5M_JNL_10off_20on_20off,192,19.111,51413800,1.0098079459198137
rlh267_NaAc_2.5M_JNL_10off_20on_20off,193,19.212,51123400,0.4392753607482234
rlh267_NaAc_2.5M_JNL_10off_20on_20off,194,19.312,51913500,1.9915404969192756
rlh267_NaAc_2.5M_JNL_10off_20on_20off,195,19.412,51641300,1.4567644305153262
rlh267_NaAc_2.5M_JNL_10off_20on_20off,196,19.512,51748900.00000001,1.668160112899856
rlh267_NaAc_2.5M_JNL_10off_20on_20off,197,19.612,51809000,1.7862352105885895
rlh267_NaAc_2.5M_JNL_10off_20on_20off,198,19.712,51747400,1.6652131470673432
rlh267_NaAc_2.5M_JNL_10off_20on_20off,199,19.812,51261900,0.7113785392821947
rlh267_NaAc_2.5M_JNL_10off_20on_20off,200,19.912,52051000,2.261679031564915
rlh267_NaAc_2.5M_JNL_10off_20on_20off,201,20.012,51844400.00000001,1.8557836042355544
rlh267_NaAc_2.5M_JNL_10off_20on_20off,202,20.112,52413400,2.9736659766964038
rlh267_NaAc_2.5M_JNL_10off_20on_20off,203,20.212,52344700,2.8386949415680007
rlh267_NaAc_2.5M_JNL_10off_20on_20off,204,20.312,52194400,2.5434089651517127
rlh267_NaAc_2.5M_JNL_10off_20on_20off,205,20.412,52164100,2.4838802553352557
rlh267_NaAc_2.5M_JNL_10off_20on_20off,206,20.512,52401799.99999999,2.9508761075917387
rlh267_NaAc_2.5M_JNL_10off_20on_20off,207,20.612,52712700,3.5616838924741483
rlh267_NaAc_2.5M_JNL_10off_20on_20off,208,20.712,52355600.00000001,2.8601095599508333
rlh267_NaAc_2.5M_JNL_10off_20on_20off,209,20.812,52451299.99999999,3.048125980064169
rlh267_NaAc_2.5M_JNL_10off_20on_20off,210,20.912,52449100,3.0438037635098536
rlh267_NaAc_2.5M_JNL_10off_20on_20off,211,21.012,52411100,2.9691472957532405
rlh267_NaAc_2.5M_JNL_10off_20on_20off,212,21.112,52937000,4.002353516626998
rlh267_NaAc_2.5M_JNL_10off_20on_20off,213,21.212,53426700,4.964439628743142
rlh267_NaAc_2.5M_JNL_10off_20on_20off,214,21.312,52909900,3.9491116672532036
rlh267_NaAc_2.5M_JNL_10off_20on_20off,215,21.412,53639300,5.382122919402508
rlh267_NaAc_2.5M_JNL_10off_20on_20off,216,21.512,52923200,3.975241430968018
rlh267_NaAc_2.5M_JNL_10off_20on_20off,217,21.612,53240400,4.598426472346904
rlh267_NaAc_2.5M_JNL_10off_20on_20off,218,21.712,52971700.00000001,4.070526659552131
rlh267_NaAc_2.5M_JNL_10off_20on_20off,219,21.812,52831400.00000001,3.7948871220191625
rlh267_NaAc_2.5M_JNL_10off_20on_20off,220,21.912,53097700,4.318071789481938
rlh267_NaAc_2.5M_JNL_10off_20on_20off,221,22.012,52895400,3.920624330872391
rlh267_NaAc_2.5M_JNL_10off_20on_20off,222,22.112,53257500,4.63202188283738
rlh267_NaAc_2.5M_JNL_10off_20on_20off,223,22.212,53684400,5.470728358766277
rlh267_NaAc_2.5M_JNL_10off_20on_20off,224,22.312,53038700,4.2021578000703554
rlh267_NaAc_2.5M_JNL_10off_20on_20off,225,22.412,52862200,3.8553981537797712
rlh267_NaAc_2.5M_JNL_10off_20on_20off,226,22.512,53592500,5.290177585428574
rlh267_NaAc_2.5M_JNL_10off_20on_20off,227,22.612,53465999.99999999,5.041650133554572
rlh267_NaAc_2.5M_JNL_10off_20on_20off,228,22.712,53123200,4.368170208634402
rlh267_NaAc_2.5M_JNL_10off_20on_20off,229,22.812,53052800,4.229859278895836
rlh267_NaAc_2.5M_JNL_10off_20on_20off,230,22.912,53001400,4.1288765830355745
rlh267_NaAc_2.5M_JNL_10off_20on_20off,231,23.012,52997200,4.12062507870458
rlh267_NaAc_2.5M_JNL_10off_20on_20off,232,23.112,52756200,3.6471459016165872
rlh267_NaAc_2.5M_JNL_10off_20on_20off,233,23.212,52975700,4.0783852351054435
rlh267_NaAc_2.5M_JNL_10off_20on_20off,234,23.312,53056300,4.236735532504997
rlh267_NaAc_2.5M_JNL_10off_20on_20off,235,23.412,52791100,3.715711973319371
rlh267_NaAc_2.5M_JNL_10off_20on_20off,236,23.512,52549800,3.241643403064878
rlh267_NaAc_2.5M_JNL_10off_20on_20off,237,23.612,52752300,3.6394837904520925
rlh267_NaAc_2.5M_JNL_10off_20on_20off,238,23.712,52957000,4.041646394393637
rlh267_NaAc_2.5M_JNL_10off_20on_20off,239,23.812,52523099.99999999,3.189187411246401
rlh267_NaAc_2.5M_JNL_10off_20on_20off,240,23.912,52902800,3.9351626956460466
rlh267_NaAc_2.5M_JNL_10off_20on_20off,241,24.012,52974300,4.075634733661779
rlh267_NaAc_2.5M_JNL_10off_20on_20off,242,24.112,52866200,3.8632567293330986
rlh267_NaAc_2.5M_JNL_10off_20on_20off,243,24.212,52490100,3.1243541629314624
rlh267_NaAc_2.5M_JNL_10off_20on_20off,244,24.312,53214000,4.5465598736949415
rlh267_NaAc_2.5M_JNL_10off_20on_20off,245,24.412,53189000,4.4974437764866435
rlh267_NaAc_2.5M_JNL_10off_20on_20off,246,24.512,53163500,4.4473453573341795
rlh267_NaAc_2.5M_JNL_10off_20on_20off,247,24.612,53136300,4.393907043571551
rlh267_NaAc_2.5M_JNL_10off_20on_20off,248,24.712,52864100,3.859130977167601
rlh267_NaAc_2.5M_JNL_10off_20on_20off,249,24.812,52626900,3.393117446855269
rlh267_NaAc_2.5M_JNL_10off_20on_20off,250,24.912,52908400,3.9461647014207055
rlh267_NaAc_2.5M_JNL_10off_20on_20off,251,25.012,53067300,4.258346615276648
rlh267_NaAc_2.5M_JNL_10off_20on_20off,252,25.112,53350400,4.8145373000634155
rlh267_NaAc_2.5M_JNL_10off_20on_20off,253,25.212,53070400,4.264437011330477
rlh267_NaAc_2.5M_JNL_10off_20on_20off,254,25.312,52840100,3.8119795238476355
rlh267_NaAc_2.5M_JNL_10off_20on_20off,255,25.412,53039700,4.204122443958687
rlh267_NaAc_2.5M_JNL_10off_20on_20off,256,25.512,53133600,4.388602505073055
rlh267_NaAc_2.5M_JNL_10off_20on_20off,257,25.612,53431600,4.974066383795968
rlh267_NaAc_2.5M_JNL_10off_20on_20off,258,25.712,52880400,3.8911546725474118
rlh267_NaAc_2.5M_JNL_10off_20on_20off,259,25.812,53554700.00000001,5.215914046449642
rlh267_NaAc_2.5M_JNL_10off_20on_20off,260,25.912,53195100,4.509428104205468
rlh267_NaAc_2.5M_JNL_10off_20on_20off,261,26.012,53003200,4.132412942034572
rlh267_NaAc_2.5M_JNL_10off_20on_20off,262,26.112,52870600,3.871901162441759
rlh267_NaAc_2.5M_JNL_10off_20on_20off,263,26.212,53441599.99999999,4.993712822679272
rlh267_NaAc_2.5M_JNL_10off_20on_20off,264,26.312,53577199.99999999,5.2601185339370815
rlh267_NaAc_2.5M_JNL_10off_20on_20off,265,26.412,53887600.00000001,5.869943996875339
rlh267_NaAc_2.5M_JNL_10off_20on_20off,266,26.512,53398100,4.908250813536848
rlh267_NaAc_2.5M_JNL_10off_20on_20off,267,26.612,53444200.00000001,4.998820896788964
rlh267_NaAc_2.5M_JNL_10off_20on_20off,268,26.712,53623200.00000001,5.3504921528003795
rlh267_NaAc_2.5M_JNL_10off_20on_20off,269,26.812,53163800,4.4479347505006785
rlh267_NaAc_2.5M_JNL_10off_20on_20off,270,26.912,53292400.00000001,4.700587954540179
rlh267_NaAc_2.5M_JNL_10off_20on_20off,271,27.011,53245400,4.608249691788564
rlh267_NaAc_2.5M_JNL_10off_20on_20off,272,27.11,53682900,5.46778139293378
rlh267_NaAc_2.5M_JNL_10off_20on_20off,273,27.211,53336800,4.787818143182101
rlh267_NaAc_2.5M_JNL_10off_20on_20off,274,27.311,53415500,4.942435617193824
rlh267_NaAc_2.5M_JNL_10off_20on_20off,275,27.41,53748100,5.595876174453021
rlh267_NaAc_2.5M_JNL_10off_20on_20off,276,27.511,53674400,5.4510819198829585
rlh267_NaAc_2.5M_JNL_10off_20on_20off,277,27.61,53811800,5.721023990139765
rlh267_NaAc_2.5M_JNL_10off_20on_20off,278,27.71,53833700,5.764049691294234
rlh267_NaAc_2.5M_JNL_10off_20on_20off,279,27.81,53824400,5.7457785031327475
rlh267_NaAc_2.5M_JNL_10off_20on_20off,280,27.91,53985900.00000001,6.063068491098368
rlh267_NaAc_2.5M_JNL_10off_20on_20off,281,28.01,53956400,6.005111496392561
rlh267_NaAc_2.5M_JNL_10off_20on_20off,282,28.111,53883900,5.862674814488496
rlh267_NaAc_2.5M_JNL_10off_20on_20off,283,28.21,53733500,5.567192373683375
rlh267_NaAc_2.5M_JNL_10off_20on_20off,284,28.31,54151400,6.388217054617286
rlh267_NaAc_2.5M_JNL_10off_20on_20off,285,28.41,53797300,5.692536653758952
rlh267_NaAc_2.5M_JNL_10off_20on_20off,286,28.511,53867300,5.830061725942186
rlh267_NaAc_2.5M_JNL_10off_20on_20off,287,28.611,54130000,6.346173675406982
rlh267_NaAc_2.5M_JNL_10off_20on_20off,288,28.711,54189200,6.462480593596233
rlh267_NaAc_2.5M_JNL_10off_20on_20off,289,28.811,54036300,6.162086543070281
rlh267_NaAc_2.5M_JNL_10off_20on_20off,290,28.911,54243200,6.568571363566155
rlh267_NaAc_2.5M_JNL_10off_20on_20off,291,29.01,54433700,6.9428360242933875
rlh267_NaAc_2.5M_JNL_10off_20on_20off,292,29.111,54198900,6.481537639313053
rlh267_NaAc_2.5M_JNL_10off_20on_20off,293,29.211,54586000,7.24205128848634
rlh267_NaAc_2.5M_JNL_10off_20on_20off,294,29.311,54480800,7.035370751433821
rlh267_NaAc_2.5M_JNL_10off_20on_20off,295,29.411,54811100,7.684292627749856
rlh267_NaAc_2.5M_JNL_10off_20on_20off,296,29.511,54653800,7.375254144115244
rlh267_NaAc_2.5M_JNL_10off_20on_20off,297,29.611,54279900,6.640673794267937
rlh267_NaAc_2.5M_JNL_10off_20on_20off,298,29.711,54559100,7.18920236789021
rlh267_NaAc_2.5M_JNL_10off_20on_20off,299,29.811,54572000,7.214546274049692
rlh267_NaAc_2.5M_JNL_10off_20on_20off,300,29.911,54426400,6.928494123908564
rlh267_NaAc_2.5M_JNL_10off_20on_20off,301,30.011,55223200,8.49392237413144
rlh267_NaAc_2.5M_JNL_10off_20on_20off,302,30.111,55398800,8.838913840922526
rlh267_NaAc_2.5M_JNL_10off_20on_20off,303,30.211,56094400,10.205520129646212
rlh267_NaAc_2.5M_JNL_10off_20on_20off,304,30.311,55839700,9.705125331288071
rlh267_NaAc_2.5M_JNL_10off_20on_20off,305,30.411,56051700,10.121629835614439
rlh267_NaAc_2.5M_JNL_10off_20on_20off,306,30.511,56271200,10.552869169103296
rlh267_NaAc_2.5M_JNL_10off_20on_20off,307,30.611,56616099.99999999,11.23047484618896
rlh267_NaAc_2.5M_JNL_10off_20on_20off,308,30.711,56571500,11.142851728769372
rlh267_NaAc_2.5M_JNL_10off_20on_20off,309,30.811,56686200,11.368196382761043
rlh267_NaAc_2.5M_JNL_10off_20on_20off,310,30.911,56786600,11.56544662914957
rlh267_NaAc_2.5M_JNL_10off_20on_20off,311,31.011,56505300,11.012792303361799
rlh267_NaAc_2.5M_JNL_10off_20on_20off,312,31.111,56391000,10.78823350692546
rlh267_NaAc_2.5M_JNL_10off_20on_20off,313,31.211,56600300,11.19943347275333
rlh267_NaAc_2.5M_JNL_10off_20on_20off,314,31.311,56491900,10.986466075258152
rlh267_NaAc_2.5M_JNL_10off_20on_20off,315,31.411,56536400,11.073892728288921
rlh267_NaAc_2.5M_JNL_10off_20on_20off,316,31.511,56416000.00000001,10.837349604133772
rlh267_NaAc_2.5M_JNL_10off_20on_20off,317,31.611,56407100,10.819864273527605
rlh267_NaAc_2.5M_JNL_10off_20on_20off,318,31.711,56525999.99999999,11.053460431850255
rlh267_NaAc_2.5M_JNL_10off_20on_20off,319,31.811,56516500,11.034796314911116
rlh267_NaAc_2.5M_JNL_10off_20on_20off,320,31.911,56328300,10.665050335127049
rlh267_NaAc_2.5M_JNL_10off_20on_20off,321,32.011,56360100,10.727526010776003
rlh267_NaAc_2.5M_JNL_10off_20on_20off,322,32.111,56413900,10.833223851968262
rlh267_NaAc_2.5M_JNL_10off_20on_20off,323,32.211,56008500,10.036757219638499
rlh267_NaAc_2.5M_JNL_10off_20on_20off,324,32.311,56194400,10.401984518479404
rlh267_NaAc_2.5M_JNL_10off_20on_20off,325,32.411,56377499.99999999,10.761710814432965
rlh267_NaAc_2.5M_JNL_10off_20on_20off,326,32.511,55929700,9.881943281237945
rlh267_NaAc_2.5M_JNL_10off_20on_20off,327,32.611,55723500,9.476833711463902
rlh267_NaAc_2.5M_JNL_10off_20on_20off,328,32.711,55644500,9.32162684428568
rlh267_NaAc_2.5M_JNL_10off_20on_20off,329,32.811,55717600,9.465242312522744
rlh267_NaAc_2.5M_JNL_10off_20on_20off,330,32.911,55913800,9.850705443413467
rlh267_NaAc_2.5M_JNL_10off_20on_20off,331,33.011,55524200,9.08528018451935
rlh267_NaAc_2.5M_JNL_10off_20on_20off,332,33.111,55440200,8.920250097899467
rlh267_NaAc_2.5M_JNL_10off_20on_20off,333,33.211,55499200,9.03616408731105
rlh267_NaAc_2.5M_JNL_10off_20on_20off,334,33.311,55325800,8.695494837074296
rlh267_NaAc_2.5M_JNL_10off_20on_20off,335,33.411,55430600,8.90138951657148
rlh267_NaAc_2.5M_JNL_10off_20on_20off,336,33.511,55175900,8.40099471821334
rlh267_NaAc_2.5M_JNL_10off_20on_20off,337,33.611,55125000,8.300994344297246
rlh267_NaAc_2.5M_JNL_10off_20on_20off,338,33.711,54775700,7.614744234102905
rlh267_NaAc_2.5M_JNL_10off_20on_20off,339,33.811,54827199.99999999,7.715923394351984
rlh267_NaAc_2.5M_JNL_10off_20on_20off,340,33.911,54662900,7.393132403499064
rlh267_NaAc_2.5M_JNL_10off_20on_20off,341,34.011,55022000,8.098636023799058
rlh267_NaAc_2.5M_JNL_10off_20on_20off,342,34.111,54745200,7.5548225955087815
rlh267_NaAc_2.5M_JNL_10off_20on_20off,343,34.211,54555700,7.182522578669882
rlh267_NaAc_2.5M_JNL_10off_20on_20off,344,34.311,54637200,7.342641055568934
rlh267_NaAc_2.5M_JNL_10off_20on_20off,345,34.411,54527900,7.127905478574255
rlh267_NaAc_2.5M_JNL_10off_20on_20off,346,34.511,54062400.00000001,6.213363748555759
rlh267_NaAc_2.5M_JNL_10off_20on_20off,347,34.611,54313700,6.707078757693556
rlh267_NaAc_2.5M_JNL_10off_20on_20off,348,34.711,54126200.00000001,6.338708028631336
rlh267_NaAc_2.5M_JNL_10off_20on_20off,349,34.811,53833399.99999999,5.76346029812772
rlh267_NaAc_2.5M_JNL_10off_20on_20off,350,34.911,54378300,6.833994752879799
rlh267_NaAc_2.5M_JNL_10off_20on_20off,351,35.011,53931600,5.956388327961929
rlh267_NaAc_2.5M_JNL_10off_20on_20off,352,35.111,54124600,6.33556459840999
rlh267_NaAc_2.5M_JNL_10off_20on_20off,353,35.211,53796600,5.691161403037119
rlh267_NaAc_2.5M_JNL_10off_20on_20off,354,35.311,53959400.00000001,6.0110054280575715
rlh267_NaAc_2.5M_JNL_10off_20on_20off,355,35.411,53944100,5.980946376566078
rlh267_NaAc_2.5M_JNL_10off_20on_20off,356,35.511,53823800.00000001,5.744599716799762
rlh267_NaAc_2.5M_JNL_10off_20on_20off,357,35.611,53840100,5.776623412179558
rlh267_NaAc_2.5M_JNL_10off_20on_20off,358,35.711,53520000,5.147740903524509
rlh267_NaAc_2.5M_JNL_10off_20on_20off,359,35.811,53583000,5.271513468489421
rlh267_NaAc_2.5M_JNL_10off_20on_20off,360,35.911,53959100,6.010416034891057
rlh267_NaAc_2.5M_JNL_10off_20on_20off,361,36.011,53538700,5.184479744236317
rlh267_NaAc_2.5M_JNL_10off_20on_20off,362,36.111,53523600,5.154813621522504
rlh267_NaAc_2.5M_JNL_10off_20on_20off,363,36.211,53398500,4.909036671092181
rlh267_NaAc_2.5M_JNL_10off_20on_20off,364,36.311,53328000,4.770529276964781
rlh267_NaAc_2.5M_JNL_10off_20on_20off,365,36.411,53024699.99999999,4.174652785633694
rlh267_NaAc_2.5M_JNL_10off_20on_20off,366,36.511,53325500,4.7656176672439505
rlh267_NaAc_2.5M_JNL_10off_20on_20off,367,36.611,53259600,4.636147635002877
rlh267_NaAc_2.5M_JNL_10off_20on_20off,368,36.711,53081699.99999999,4.286637487268613
rlh267_NaAc_2.5M_JNL_10off_20on_20off,369,36.811,53178599.99999999,4.4770114800479766
rlh267_NaAc_2.5M_JNL_10off_20on_20off,370,36.911,52943400,4.014927237512323
rlh267_NaAc_2.5M_JNL_10off_20on_20off,371,37.011,52740000,3.61531867062561
rlh267_NaAc_2.5M_JNL_10off_20on_20off,372,37.112,53019100,4.16365077985905
rlh267_NaAc_2.5M_JNL_10off_20on_20off,373,37.211,52853600,3.8385022163401166
rlh267_NaAc_2.5M_JNL_10off_20on_20off,374,37.312,52938100,4.004514624904163
rlh267_NaAc_2.5M_JNL_10off_20on_20off,375,37.411,52940600,4.009426234624994
rlh267_NaAc_2.5M_JNL_10off_20on_20off,376,37.511,54374900.00000001,6.827314963659485
rlh267_NaAc_2.5M_JNL_10off_20on_20off,377,37.611,54464000,7.002364734109845
rlh267_NaAc_2.5M_JNL_10off_20on_20off,378,37.711,52891800,3.9135516128743957
rlh267_NaAc_2.5M_JNL_10off_20on_20off,379,37.811,52604700,3.3495023525343006
rlh267_NaAc_2.5M_JNL_10off_20on_20off,380,37.911,53906500,5.907075766364798
rlh267_NaAc_2.5M_JNL_10off_20on_20off,381,38.011,52620600,3.3807401903587784
rlh267_NaAc_2.5M_JNL_10off_20on_20off,382,38.111,51977000,2.1162953838283527
rlh267_NaAc_2.5M_JNL_10off_20on_20off,383,38.211,52028400,2.217278079688614
rlh267_NaAc_2.5M_JNL_10off_20on_20off,384,38.311,52809400,3.7516649564758455
rlh267_NaAc_2.5M_JNL_10off_20on_20off,385,38.411,52266000,2.6840774675562784
rlh267_NaAc_2.5M_JNL_10off_20on_20off,386,38.511,52446000,3.0377133674560244
rlh267_NaAc_2.5M_JNL_10off_20on_20off,387,38.611,52100400,2.358732439648512
rlh267_NaAc_2.5M_JNL_10off_20on_20off,388,38.712,52326700,2.8033313515780263
rlh267_NaAc_2.5M_JNL_10off_20on_20off,389,38.812,52170200,2.49586458305408
rlh267_NaAc_2.5M_JNL_10off_20on_20off,390,38.911,51820300,1.8084356865267406
rlh267_NaAc_2.5M_JNL_10off_20on_20off,391,39.011,52027000,2.214527578244949
rlh267_NaAc_2.5M_JNL_10off_20on_20off,392,39.111,51948900,2.061088890566226
rlh267_NaAc_2.5M_JNL_10off_20on_20off,393,39.212,51934100,2.0320121610189132
rlh267_NaAc_2.5M_JNL_10off_20on_20off,394,39.312,51701000,1.574053670648742
rlh267_NaAc_2.5M_JNL_10off_20on_20off,395,39.411,52121300,2.3997934969146493
rlh267_NaAc_2.5M_JNL_10off_20on_20off,396,39.511,51862300,1.8909507298366812
rlh267_NaAc_2.5M_JNL_10off_20on_20off,397,39.611,51990500,2.1428180763208338
rlh267_NaAc_2.5M_JNL_10off_20on_20off,398,39.712,51600300,1.3762140310937174
rlh267_NaAc_2.5M_JNL_10off_20on_20off,399,39.811,52008400,2.1779852019219748
rlh267_NaAc_2.5M_JNL_10off_20on_20off,400,39.912,52024100.00000001,2.208830110968801
rlh267_NaAc_2.5M_JNL_10off_20on_20off,401,40.012,51989599.99999999,2.1410498968213205
rlh267_NaAc_2.5M_JNL_10off_20on_20off,402,40.111,51770699.99999999,1.7109893496654625
rlh267_NaAc_2.5M_JNL_10off_20on_20off,403,40.211,51285100,0.7569582774914954
rlh267_NaAc_2.5M_JNL_10off_20on_20off,404,40.311,51604300,1.384072606647045
rlh267_NaAc_2.5M_JNL_10off_20on_20off,405,40.411,51304800.00000001,0.7956617620916487
rlh267_NaAc_2.5M_JNL_10off_20on_20off,406,40.511,51570100,1.3168817856660933
rlh267_NaAc_2.5M_JNL_10off_20on_20off,407,40.611,51218400,0.625916530139756
rlh267_NaAc_2.5M_JNL_10off_20on_20off,408,40.711,50746700,-0.30080599198641195
rlh267_NaAc_2.5M_JNL_10off_20on_20off,409,40.811,50955300,0.10901872311962715
rlh267_NaAc_2.5M_JNL_10off_20on_20off,410,40.911,51034200,0.26402912590901584
rlh267_NaAc_2.5M_JNL_10off_20on_20off,411,41.011,50697900,-0.3966806137370098
rlh267_NaAc_2.5M_JNL_10off_20on_20off,412,41.111,51047000,0.2891765676796645
rlh267_NaAc_2.5M_JNL_10off_20on_20off,413,41.211,51027500,0.250866011857192
rlh267_NaAc_2.5M_JNL_10off_20on_20off,414,41.311,51088300,0.3703163602677729
rlh267_NaAc_2.5M_JNL_10off_20on_20off,415,41.412,51027600,0.2510624762460252
rlh267_NaAc_2.5M_JNL_10off_20on_20off,416,41.511,50935499.99999999,0.07011877413064045
rlh267_NaAc_2.5M_JNL_10off_20on_20off,417,41.611,51099700,0.39271330059475684
rlh267_NaAc_2.5M_JNL_10off_20on_20off,418,41.711,50899100,-0.0013942634046269044
rlh267_NaAc_2.5M_JNL_10off_20on_20off,419,41.811,51433900,1.0492972880752853
rlh267_NaAc_2.5M_JNL_10off_20on_20off,420,41.911,50564500,-0.6587641084404883
rlh267_NaAc_2.5M_JNL_10off_20on_20off,421,42.011,50817800,-0.16111981152601224
rlh267_NaAc_2.5M_JNL_10off_20on_20off,422,42.111,51045999.99999999,0.28721192379131794
rlh267_NaAc_2.5M_JNL_10off_20on_20off,423,42.211,50370100.00000001,-1.0406908803321995
rlh267_NaAc_2.5M_JNL_10off_20on_20off,424,42.311,50781599.99999999,-0.2322399202836425
rlh267_NaAc_2.5M_JNL_10off_20on_20off,425,42.411,50658300,-0.474480511714954
rlh267_NaAc_2.5M_JNL_10off_20on_20off,426,42.511,50601500,-0.5860722845722071
rlh267_NaAc_2.5M_JNL_10off_20on_20off,427,42.611,50476800,-0.8310633774471979
rlh267_NaAc_2.5M_JNL_10off_20on_20off,428,42.711,50650400,-0.4900011984327761
rlh267_NaAc_2.5M_JNL_10off_20on_20off,429,42.811,50367700,-1.0454060256642106
rlh267_NaAc_2.5M_JNL_10off_20on_20off,430,42.911,50715199.99999999,-0.36269227446888214
rlh267_NaAc_2.5M_JNL_10off_20on_20off,431,43.011,50764699.99999999,-0.26544240199645197
rlh267_NaAc_2.5M_JNL_10off_20on_20off,432,43.112,50882200,-0.0345967451174364
rlh267_NaAc_2.5M_JNL_10off_20on_20off,433,43.212,50153100.00000001,-1.4670186041002267
rlh267_NaAc_2.5M_JNL_10off_20on_20off,434,43.311,50585500,-0.6175065867855178
rlh267_NaAc_2.5M_JNL_10off_20on_20off,435,43.411,50612899.99999999,-0.5636753442452379
rlh267_NaAc_2.5M_JNL_10off_20on_20off,436,43.511,50364300,-1.0520858148845391
rlh267_NaAc_2.5M_JNL_10off_20on_20off,437,43.611,50372000,-1.0369580569443835
rlh267_NaAc_2.5M_JNL_10off_20on_20off,438,43.711,50200500,-1.3738944837933083
rlh267_NaAc_2.5M_JNL_10off_20on_20off,439,43.812,50092600,-1.5858795593443227
rlh267_NaAc_2.5M_JNL_10off_20on_20off,440,43.911,49762300,-2.2348014356603567
rlh267_NaAc_2.5M_JNL_10off_20on_20off,441,44.011,49995900.00000001,-1.775860623346005
rlh267_NaAc_2.5M_JNL_10off_20on_20off,442,44.112,50287000,-1.2039527874525968
rlh267_NaAc_2.5M_JNL_10off_20on_20off,443,44.211,50035700,-1.6976677965904092
rlh267_NaAc_2.5M_JNL_10off_20on_20off,444,44.311,50167500,-1.4387277321082617
rlh267_NaAc_2.5M_JNL_10off_20on_20off,445,44.412,50225099.99999999,-1.3255642441403575
rlh267_NaAc_2.5M_JNL_10off_20on_20off,446,44.511,50224800,-1.3261536373068423
rlh267_NaAc_2.5M_JNL_10off_20on_20off,447,44.611,49960699.99999999,-1.8450160882153182
rlh267_NaAc_2.5M_JNL_10off_20on_20off,448,44.711,50092000,-1.5870583456773217
rlh267_NaAc_2.5M_JNL_10off_20on_20off,449,44.811,50162900,-1.4477650939945885
rlh267_NaAc_2.5M_JNL_10off_20on_20off,450,44.911,49879400,-2.004741636336689
rlh267_NaAc_2.5M_JNL_10off_20on_20off,451,45.012,49692100,-2.372719436621258
rlh267_NaAc_2.5M_JNL_10off_20on_20off,452,45.111,49753000,-2.2530726238218435
rlh267_NaAc_2.5M_JNL_10off_20on_20off,453,45.211,49854700,-2.053268340378487
rlh267_NaAc_2.5M_JNL_10off_20on_20off,454,45.311,49820000,-2.1214414833036046
rlh267_NaAc_2.5M_JNL_10off_20on_20off,455,45.411,49519600,-2.7116205073585147
rlh267_NaAc_2.5M_JNL_10off_20on_20off,456,45.511,49583199.99999999,-2.5866691560606188
rlh267_NaAc_2.5M_JNL_10off_20on_20off,457,45.611,49462300,-2.824194602159934
rlh267_NaAc_2.5M_JNL_10off_20on_20off,458,45.711,49989400,-1.7886308086201772
rlh267_NaAc_2.5M_JNL_10off_20on_20off,459,45.811,49735900,-2.28666803431232
rlh267_NaAc_2.5M_JNL_10off_20on_20off,460,45.911,49747000,-2.2648604871518354
rlh267_NaAc_2.5M_JNL_10off_20on_20off,461,46.012,49447700,-2.8528784029295795
rlh267_NaAc_2.5M_JNL_10off_20on_20off,462,46.111,49117400,-3.5018002792456135
rlh267_NaAc_2.5M_JNL_10off_20on_20off,463,46.211,48992300,-3.747577229675937
rlh267_NaAc_2.5M_JNL_10off_20on_20off,464,46.311,49472900,-2.803369376943615
rlh267_NaAc_2.5M_JNL_10off_20on_20off,465,46.411,49505200,-2.7399113793504943
rlh267_NaAc_2.5M_JNL_10off_20on_20off,466,46.511,49050200.00000001,-3.6338243485415043
rlh267_NaAc_2.5M_JNL_10off_20on_20off,467,46.611,49305300,-3.1326436926280454
rlh267_NaAc_2.5M_JNL_10off_20on_20off,468,46.711,49652000,-2.451501656543368
rlh267_NaAc_2.5M_JNL_10off_20on_20off,469,46.811,49258800,-3.22399963343548
rlh267_NaAc_2.5M_JNL_10off_20on_20off,470,46.911,49222300,-3.295709135359595
rlh267_NaAc_2.5M_JNL_10off_20on_20off,471,47.011,49428100,-2.8913854231408855
rlh267_NaAc_2.5M_JNL_10off_20on_20off,472,47.111,48949500,-3.831663988096544
rlh267_NaAc_2.5M_JNL_10off_20on_20off,473,47.211,49491900,-2.7660411430653085
rlh267_NaAc_2.5M_JNL_10off_20on_20off,474,47.311,48735400,-4.252294244588408
rlh267_NaAc_2.5M_JNL_10off_20on_20off,475,47.411,49250500,-3.240306177708635
rlh267_NaAc_2.5M_JNL_10off_20on_20off,476,47.511,49061600,-3.611427408214535
rlh267_NaAc_2.5M_JNL_10off_20on_20off,477,47.611,48801700,-4.122038354792002
rlh267_NaAc_2.5M_JNL_10off_20on_20off,478,47.711,48738600,-4.246007384145746
rlh267_NaAc_2.5M_JNL_10off_20on_20off,479,47.811,48645600,-4.428719265760615
rlh267_NaAc_2.5M_JNL_10off_20on_20off,480,47.911,48716400,-4.289622478466715
rlh267_NaAc_2.5M_JNL_10off_20on_20off,481,48.011,48847500,-4.032057664706399
rlh267_NaAc_2.5M_JNL_10off_20on_20off,482,48.111,48184400,-5.3348130270592975
rlh267_NaAc_2.5M_JNL_10off_20on_20off,483,48.211,48429900,-4.852492952473811
rlh267_NaAc_2.5M_JNL_10off_20on_20off,484,48.311,48687600,-4.346204222450674
rlh267_NaAc_2.5M_JNL_10off_20on_20off,485,48.411,49204300,-3.3310727253495696
rlh267_NaAc_2.5M_JNL_10off_20on_20off,486,48.511,48919300,-3.8909962335241675
rlh267_NaAc_2.5M_JNL_10off_20on_20off,487,48.611,48942500.00000001,-3.8454164953148524
rlh267_NaAc_2.5M_JNL_10off_20on_20off,488,48.711,48384100,-4.9424736425594125
rlh267_NaAc_2.5M_JNL_10off_20on_20off,489,48.811,48570200,-4.576853414940842
rlh267_NaAc_2.5M_JNL_10off_20on_20off,490,48.911,49032500,-3.6685985453649943
rlh267_NaAc_2.5M_JNL_10off_20on_20off,491,49.011,48674300,-4.372333986165488
rlh267_NaAc_2.5M_JNL_10off_20on_20off,492,49.111,48831400,-4.0636884313085435
rlh267_NaAc_2.5M_JNL_10off_20on_20off,493,49.211,48461700,-4.790017276824855
rlh267_NaAc_2.5M_JNL_10off_20on_20off,494,49.311,48844800,-4.0373622032048955
rlh267_NaAc_2.5M_JNL_10off_20on_20off,495,49.411,48456600,-4.800036960655349
rlh267_NaAc_2.5M_JNL_10off_20on_20off,496,49.511,48197700,-5.308683263344483
rlh267_NaAc_2.5M_JNL_10off_20on_20off,497,49.611,48692300,-4.336970396175515
rlh267_NaAc_2.5M_JNL_10off_20on_20off,498,49.711,48512100,-4.690999224852926
rlh267_NaAc_2.5M_JNL_10off_20on_20off,499,49.811,48246700,-5.212415712816219
rlh267_NaAc_2.5M_JNL_10off_20on_20off,500,49.911,48872000,-3.9839238894422673
rlh267_NaAc_2.5M_JNL_10off_20on_20off,501,50.011,48519300,-4.676853788856937
rlh267_NaAc_2.5M_JNL_10off_20on_20off,502,50.111,48107600,-5.48569767768319
rlh267_NaAc_2.5M_JNL_10off_20on_20off,503,50.211,48353800,-5.00200235237587
rlh267_NaAc_2.5M_JNL_10off_20on_20off,504,50.311,48453900,-4.805341499153845
rlh267_NaAc_2.5M_JNL_10off_20on_20off,505,50.411,48335000,-5.03893765747651
rlh267_NaAc_2.5M_JNL_10off_20on_20off,506,50.512,48136000,-5.429901791254562
rlh267_NaAc_2.5M_JNL_10off_20on_20off,507,50.611,48370200,-4.9697821926072265
rlh267_NaAc_2.5M_JNL_10off_20on_20off,508,50.711,48190200,-5.323418092506973
rlh267_NaAc_2.5M_JNL_10off_20on_20off,509,50.811,48303700,-5.100431011181299
rlh267_NaAc_2.5M_JNL_10off_20on_20off,510,50.911,48716700,-4.289033085300216
rlh267_NaAc_2.5M_JNL_10off_20on_20off,511,51.011,48272300,-5.162120829274921
rlh267_NaAc_2.5M_JNL_10off_20on_20off,512,51.111,48332200,-5.04443866036384
rlh267_NaAc_2.5M_JNL_10off_20on_20off,513,51.211,48444500,-4.823809151704165
rlh267_NaAc_2.5M_JNL_10off_20on_20off,514,51.311,48543400,-4.629505871148138
rlh267_NaAc_2.5M_JNL_10off_20on_20off,515,51.411,48395000,-4.921059024176595
rlh267_NaAc_2.5M_JNL_10off_20on_20off,516,51.511,48372700,-4.964870582886396
rlh267_NaAc_2.5M_JNL_10off_20on_20off,517,51.611,48315900,-5.07646235574365
rlh267_NaAc_2.5M_JNL_10off_20on_20off,518,51.711,48295100,-5.117326948620954
rlh267_NaAc_2.5M_JNL_10off_20on_20off,519,51.811,48746600.00000001,-4.230290233039076
rlh267_NaAc_2.5M_JNL_10off_20on_20off,520,51.911,48165400,-5.372141260937605
rlh267_NaAc_2.5M_JNL_10off_20on_20off,521,52.011,48505500,-4.703965874515918
rlh267_NaAc_2.5M_JNL_10off_20on_20off,522,52.111,48202500,-5.29925297268049
rlh267_NaAc_2.5M_JNL_10off_20on_20off,523,52.211,48228400,-5.248368695972693
rlh267_NaAc_2.5M_JNL_10off_20on_20off,524,52.312,48330399.99999999,-5.047975019362852
rlh267_NaAc_2.5M_JNL_10off_20on_20off,525,52.411,48196300,-5.311433764788148
rlh267_NaAc_2.5M_JNL_10off_20on_20off,526,52.511,47883699.99999999,-5.925581444280722
rlh267_NaAc_2.5M_JNL_10off_20on_20off,527,52.611,48070100,-5.559371823495637
rlh267_NaAc_2.5M_JNL_10off_20on_20off,528,52.711,48138600,-5.4247937171449
rlh267_NaAc_2.5M_JNL_10off_20on_20off,529,52.811,48402000,-4.907306516958272
rlh267_NaAc_2.5M_JNL_10off_20on_20off,530,52.911,48338400,-5.032257868256182
rlh267_NaAc_2.5M_JNL_10off_20on_20off,531,53.011,48421500,-4.868995961135799
rlh267_NaAc_2.5M_JNL_10off_20on_20off,532,53.111,48198700,-5.306718619456151
rlh267_NaAc_2.5M_JNL_10off_20on_20off,533,53.211,48231600,-5.242081835530031
rlh267_NaAc_2.5M_JNL_10off_20on_20off,534,53.311,48141800,-5.418506856702238
rlh267_NaAc_2.5M_JNL_10off_20on_20off,535,53.411,48513000,-4.689231045353428
rlh267_NaAc_2.5M_JNL_10off_20on_20off,536,53.511,48202100,-5.300038830235822
rlh267_NaAc_2.5M_JNL_10off_20on_20off,537,53.611,48043200,-5.612220744091765
rlh267_NaAc_2.5M_JNL_10off_20on_20off,538,53.711,48720400,-4.281763902913387
rlh267_NaAc_2.5M_JNL_10off_20on_20off,539,53.811,48349800,-5.009860927929198
rlh267_NaAc_2.5M_JNL_10off_20on_20off,540,53.911,48138400,-5.425186645922566
rlh267_NaAc_2.5M_JNL_10off_20on_20off,541,54.011,47920999.99999999,-5.852300227245941
rlh267_NaAc_2.5M_JNL_10off_20on_20off,542,54.111,47975500,-5.745227135331836
rlh267_NaAc_2.5M_JNL_10off_20on_20off,543,54.211,48374600,-4.961137759498566
rlh267_NaAc_2.5M_JNL_10off_20on_20off,544,54.311,48306300,-5.095322937071637
rlh267_NaAc_2.5M_JNL_10off_20on_20off,545,54.411,48055800,-5.587466231098783
rlh267_NaAc_2.5M_JNL_10off_20on_20off,546,54.511,48403700,-4.903966622348107
rlh267_NaAc_2.5M_JNL_10off_20on_20off,547,54.611,48397400,-4.916343878844598
rlh267_NaAc_2.5M_JNL_10off_20on_20off,548,54.711,48427200,-4.857797490972307
rlh267_NaAc_2.5M_JNL_10off_20on_20off,549,54.811,48186500,-5.3306872748938
rlh267_NaAc_2.5M_JNL_10off_20on_20off,550,54.911,48001699.99999999,-5.693753465457554
rlh267_NaAc_2.5M_JNL_10off_20on_20off,551,55.011,48177400,-5.348565534277621
rlh267_NaAc_2.5M_JNL_10off_20on_20off,552,55.111,48051600,-5.595717735429777
rlh267_NaAc_2.5M_JNL_10off_20on_20off,553,55.211,48301500,-5.10475322773563
rlh267_NaAc_2.5M_JNL_10off_20on_20off,554,55.311,48611800,-4.495124229186234
rlh267_NaAc_2.5M_JNL_10off_20on_20off,555,55.411,48082900.00000001,-5.534224381724973
rlh267_NaAc_2.5M_JNL_10off_20on_20off,556,55.511,47890100,-5.913007723395382
rlh267_NaAc_2.5M_JNL_10off_20on_20off,557,55.611,47904900,-5.88393099384807
rlh267_NaAc_2.5M_JNL_10off_20on_20off,558,55.711,47839900,-6.011632846589645
rlh267_NaAc_2.5M_JNL_10off_20on_20off,559,55.811,47668900,-6.347586951494404
rlh267_NaAc_2.5M_JNL_10off_20on_20off,560,55.911,47878900,-5.9350117349447
rlh267_NaAc_2.5M_JNL_10off_20on_20off,561,56.011,47373900.00000001,-6.927156898552307
rlh267_NaAc_2.5M_JNL_10off_20on_20off,562,56.111,47466799.99999999,-6.744641481326301
rlh267_NaAc_2.5M_JNL_10off_20on_20off,563,56.211,47497700,-6.68393398517683
rlh267_NaAc_2.5M_JNL_10off_20on_20off,564,56.311,47585200,-6.5120276449477865
rlh267_NaAc_2.5M_JNL_10off_20on_20off,565,56.411,47903100,-5.887467352847068
rlh267_NaAc_2.5M_JNL_10off_20on_20off,566,56.511,47801900,-6.086289314346258
rlh267_NaAc_2.5M_JNL_10off_20on_20off,567,56.611,47736800,-6.214187631476666
rlh267_NaAc_2.5M_JNL_10off_20on_20off,568,56.711,47639100,-6.406133339366696
rlh267_NaAc_2.5M_JNL_10off_20on_20off,569,56.811,47264600,-7.141892475547
rlh267_NaAc_2.5M_JNL_10off_20on_20off,570,56.911,47626600,-6.430691387970844
rlh267_NaAc_2.5M_JNL_10off_20on_20off,571,57.011,47806100,-6.078037810015264
rlh267_NaAc_2.5M_JNL_10off_20on_20off,572,57.112,47790200,-6.109275647839742
rlh267_NaAc_2.5M_JNL_10off_20on_20off,573,57.212,47382799.99999999,-6.909671567946182
rlh267_NaAc_2.5M_JNL_10off_20on_20off,574,57.312,47507500,-6.664680475071176
rlh267_NaAc_2.5M_JNL_10off_20on_20off,575,57.411,47556600,-6.568216460154079
rlh267_NaAc_2.5M_JNL_10off_20on_20off,576,57.511,47024600,-7.613407008746662
rlh267_NaAc_2.5M_JNL_10off_20on_20off,577,57.611,47194900.00000001,-7.278828154563721
rlh267_NaAc_2.5M_JNL_10off_20on_20off,578,57.711,47125500,-7.4151744404139714
rlh267_NaAc_2.5M_JNL_10off_20on_20off,579,57.811,47528800,-6.622833560249706
rlh267_NaAc_2.5M_JNL_10off_20on_20off,580,57.911,47326200,-7.0208704120257535
rlh267_NaAc_2.5M_JNL_10off_20on_20off,581,58.011,47008700,-7.64464484657114
rlh267_NaAc_2.5M_JNL_10off_20on_20off,582,58.112,47025200,-7.612228222413663
rlh267_NaAc_2.5M_JNL_10off_20on_20off,583,58.211,47076399.99999999,-7.5116384553310835
rlh267_NaAc_2.5M_JNL_10off_20on_20off,584,58.311,47352400,-6.969396742151458
rlh267_NaAc_2.5M_JNL_10off_20on_20off,585,58.411,47038399.99999999,-7.586294923087696
rlh267_NaAc_2.5M_JNL_10off_20on_20off,586,58.511,46847899.99999999,-7.960559583814927
rlh267_NaAc_2.5M_JNL_10off_20on_20off,587,58.611,46832100,-7.991600957250557
rlh267_NaAc_2.5M_JNL_10off_20on_20off,588,58.711,47402600,-6.870771618957196
rlh267_NaAc_2.5M_JNL_10off_20on_20off,589,58.811,47007300,-7.647395348014804
rlh267_NaAc_2.5M_JNL_10off_20on_20off,590,58.911,46967200,-7.726177567936915
rlh267_NaAc_2.5M_JNL_10off_20on_20off,591,59.011,46652100,-8.345236857150304
rlh267_NaAc_2.5M_JNL_10off_20on_20off,592,59.111,46818000,-8.019302436076037
rlh267_NaAc_2.5M_JNL_10off_20on_20off,593,59.211,46766900,-8.1196957387698
rlh267_NaAc_2.5M_JNL_10off_20on_20off,594,59.311,46790000,-8.074312464949331
rlh267_NaAc_2.5M_JNL_10off_20on_20off,595,59.411,47021600,-7.619300940411658
rlh267_NaAc_2.5M_JNL_10off_20on_20off,596,59.522,46716400,-8.21891025513056
rlh267_NaAc_2.5M_JNL_10off_20on_20off,597,59.612,46714900,-8.221857220963058
rlh267_NaAc_2.5M_JNL_10off_20on_20off,598,59.711,46661000,-8.327751526544148
rlh267_NaAc_2.5M_JNL_10off_20on_20off,599,59.811,46512399.99999999,-8.619697608350288
rlh267_NaAc_2.5M_JNL_10off_20on_20off,600,59.921,46691900.00000001,-8.267044030394679
