stim_jnl,frame,time_s,fluor,dff
rlh267_NaAc_2.5M_JNL_10off_20on_20off,2,0.1,35123400,2.5798107518242603
rlh267_NaAc_2.5M_JNL_10off_20on_20off,3,0.2,35086100,2.470874061724696
rlh267_NaAc_2.5M_JNL_10off_20on_20off,4,0.3,34604400,1.0640428654523035
rlh267_NaAc_2.5M_JNL_10off_20on_20off,5,0.4,34261700,0.06316877169571458
rlh267_NaAc_2.5M_JNL_10off_20on_20off,6,0.5,34240900,0.0024212340530619754
rlh267_NaAc_2.5M_JNL_10off_20on_20off,7,0.6,34289200,0.1434840257905678
rlh267_NaAc_2.5M_JNL_10off_20on_20off,8,0.7,33904800,-0.979177198720762
rlh267_NaAc_2.5M_JNL_10off_20on_20off,9,0.8,34439600,0.5827354518220559
rlh267_NaAc_2.5M_JNL_10off_20on_20off,10,0.9,34143000,-0.28350107052461543
rlh267_NaAc_2.5M_JNL_10off_20on_20off,11,1,34283200,0.125960697624418
rlh267_NaAc_2.5M_JNL_10off_20on_20off,12,1.1,34350200,0.321637862146424
rlh267_NaAc_2.5M_JNL_10off_20on_20off,13,1.21,34343100,0.30090192381648007
rlh267_NaAc_2.5M_JNL_10off_20on_20off,14,1.3,34387800,0.431450718654296
rlh267_NaAc_2.5M_JNL_10off_20on_20off,15,1.4,34125800,-0.33373461126757814
rlh267_NaAc_2.5M_JNL_10off_20on_20off,16,1.5,34116600,-0.3606037144556745
rlh267_NaAc_2.5M_JNL_10off_20on_20off,17,1.6,34194100,-0.1342607256429064
rlh267_NaAc_2.5M_JNL_10off_20on_20off,18,1.7,34097200,-0.41726247552622553
rlh267_NaAc_2.5M_JNL_10off_20on_20off,19,1.8,34079900,-0.467788071738624
rlh267_NaAc_2.5M_JNL_10off_20on_20off,20,1.9,34256200,0.04710572087674394
rlh267_NaAc_2.5M_JNL_10off_20on_20off,21,2,34216100,-0.07000852236702383
rlh267_NaAc_2.5M_JNL_10off_20on_20off,22,2.11,34226900,-0.038466531667954204
rlh267_NaAc_2.5M_JNL_10off_20on_20off,23,2.2,34175300,-0.1891671538968424
rlh267_NaAc_2.5M_JNL_10off_20on_20off,24,2.3,33973500,-0.778535091218347
rlh267_NaAc_2.5M_JNL_10off_20on_20off,25,2.41,34377700,0.4019531162412772
rlh267_NaAc_2.5M_JNL_10off_20on_20off,26,2.5,34325600,0.24979221666520984
rlh267_NaAc_2.5M_JNL_10off_20on_20off,27,2.61,34081600,-0.462823128758215
rlh267_NaAc_2.5M_JNL_10off_20on_20off,28,2.7,34106100,-0.39126953874643666
rlh267_NaAc_2.5M_JNL_10off_20on_20off,29,2.8,34313300,0.21386939392460277
rlh267_NaAc_2.5M_JNL_10off_20on_20off,30,2.9,34332700,0.27052815499515376
rlh267_NaAc_2.5M_JNL_10off_20on_20off,31,3.01,34556400,0.9238562401231051
rlh267_NaAc_2.5M_JNL_10off_20on_20off,32,3.1,34241500,0.004173566869676954
rlh267_NaAc_2.5M_JNL_10off_20on_20off,33,3.2,34290700,0.14786485783210523
rlh267_NaAc_2.5M_JNL_10off_20on_20off,34,3.3,34057500,-0.5332084968922499
rlh267_NaAc_2.5M_JNL_10off_20on_20off,35,3.4,34238300,-0.005172208152269601
rlh267_NaAc_2.5M_JNL_10off_20on_20off,36,3.5,34263800,0.06930193655386702
rlh267_NaAc_2.5M_JNL_10off_20on_20off,37,3.6,34466200,0.6604222066919866
rlh267_NaAc_2.5M_JNL_10off_20on_20off,38,3.7,34474700,0.6852469215940322
rlh267_NaAc_2.5M_JNL_10off_20on_20off,39,3.8,34330300,0.26351882372869384
rlh267_NaAc_2.5M_JNL_10off_20on_20off,40,3.9,34033000,-0.6047620869040282
rlh267_NaAc_2.5M_JNL_10off_20on_20off,41,4,34126900,-0.33052200110378405
rlh267_NaAc_2.5M_JNL_10off_20on_20off,42,4.1,34166900,-0.2136998133294521
rlh267_NaAc_2.5M_JNL_10off_20on_20off,43,4.2,34393000,0.44663760306495914
rlh267_NaAc_2.5M_JNL_10off_20on_20off,44,4.3,34324400,0.24628755103197988
rlh267_NaAc_2.5M_JNL_10off_20on_20off,45,4.4,34047900,-0.5612458219580896
rlh267_NaAc_2.5M_JNL_10off_20on_20off,46,4.5,34187800,-0.15266022021736367
rlh267_NaAc_2.5M_JNL_10off_20on_20off,47,4.6,33975900,-0.7715257599518871
rlh267_NaAc_2.5M_JNL_10off_20on_20off,48,4.7,33779000,-1.3465829792710362
rlh267_NaAc_2.5M_JNL_10off_20on_20off,49,4.8,34310000,0.20423156343322038
rlh267_NaAc_2.5M_JNL_10off_20on_20off,50,4.9,34077100,-0.47596562488282734
rlh267_NaAc_2.5M_JNL_10off_20on_20off,51,5,34358800,0.34675463251790534
rlh267_NaAc_2.5M_JNL_10off_20on_20off,52,5.1,34129400,-0.3232206143678883
rlh267_NaAc_2.5M_JNL_10off_20on_20off,53,5.2,34479000,0.6978053067797728
rlh267_NaAc_2.5M_JNL_10off_20on_20off,54,5.3,34247600,0.021988950505262575
rlh267_NaAc_2.5M_JNL_10off_20on_20off,55,5.4,34411500,0.5006678649105877
rlh267_NaAc_2.5M_JNL_10off_20on_20off,56,5.5,34422700,0.5333780774874006
rlh267_NaAc_2.5M_JNL_10off_20on_20off,57,5.6,34439800,0.5833195627609276
rlh267_NaAc_2.5M_JNL_10off_20on_20off,58,5.7,34360500,0.3517195754983145
rlh267_NaAc_2.5M_JNL_10off_20on_20off,59,5.8,34314500,0.21737405955783276
rlh267_NaAc_2.5M_JNL_10off_20on_20off,60,5.9,34320200,0.23402122131567504
rlh267_NaAc_2.5M_JNL_10off_20on_20off,61,6,34462800,0.6504923207311685
rlh267_NaAc_2.5M_JNL_10off_20on_20off,62,6.1,34494400,0.7427818490728907
rlh267_NaAc_2.5M_JNL_10off_20on_20off,63,6.204,34248600,0.024909505199620874
rlh267_NaAc_2.5M_JNL_10off_20on_20off,64,6.304,34576600,0.9828514449491429
rlh267_NaAc_2.5M_JNL_10off_20on_20off,65,6.404,34511700,0.7933074452852893
rlh267_NaAc_2.5M_JNL_10off_20on_20off,66,6.504,34273700,0.09821542802801415
rlh267_NaAc_2.5M_JNL_10off_20on_20off,67,6.604,34083100,-0.45844229671667747
rlh267_NaAc_2.5M_JNL_10off_20on_20off,68,6.704,34320800,0.23577355413229004
rlh267_NaAc_2.5M_JNL_10off_20on_20off,69,6.804,34403700,0.47788753829459296
rlh267_NaAc_2.5M_JNL_10off_20on_20off,70,6.904,34300700,0.17707040477568822
rlh267_NaAc_2.5M_JNL_10off_20on_20off,71,7.004,34311500,0.20861239547475785
rlh267_NaAc_2.5M_JNL_10off_20on_20off,72,7.104,34136900,-0.3013164541602011
rlh267_NaAc_2.5M_JNL_10off_20on_20off,73,7.204,34335800,0.27958187454766453
rlh267_NaAc_2.5M_JNL_10off_20on_20off,74,7.304,34208600,-0.09191268257471107
rlh267_NaAc_2.5M_JNL_10off_20on_20off,75,7.404,34360800,0.35259574190662196
rlh267_NaAc_2.5M_JNL_10off_20on_20off,76,7.504,34299500,0.17356573914245826
rlh267_NaAc_2.5M_JNL_10off_20on_20off,77,7.604,34063900,-0.5145169468483568
rlh267_NaAc_2.5M_JNL_10off_20on_20off,78,7.704,34279800,0.11603081166359978
rlh267_NaAc_2.5M_JNL_10off_20on_20off,79,7.804,34369700,0.37858867868641083
rlh267_NaAc_2.5M_JNL_10off_20on_20off,80,7.904,34516100,0.8061578859404657
rlh267_NaAc_2.5M_JNL_10off_20on_20off,81,8.004,34558900,0.9311576268590008
rlh267_NaAc_2.5M_JNL_10off_20on_20off,82,8.104,34391600,0.44254882649285754
rlh267_NaAc_2.5M_JNL_10off_20on_20off,83,8.204,34501300,0.7629336764639629
rlh267_NaAc_2.5M_JNL_10off_20on_20off,84,8.304,34296700,0.16538818599825503
rlh267_NaAc_2.5M_JNL_10off_20on_20off,85,8.404,34961800,2.107849113215959
rlh267_NaAc_2.5M_JNL_10off_20on_20off,86,8.504,34511000,0.7912630569992384
rlh267_NaAc_2.5M_JNL_10off_20on_20off,87,8.604,34670500,1.2570915307493868
rlh267_NaAc_2.5M_JNL_10off_20on_20off,88,8.704,34884200,1.8812140689337553
rlh267_NaAc_2.5M_JNL_10off_20on_20off,89,8.804,34657400,1.2188322642532934
rlh267_NaAc_2.5M_JNL_10off_20on_20off,90,8.904,34364000,0.3619415169285685
rlh267_NaAc_2.5M_JNL_10off_20on_20off,91,9.004,34823900,1.7051046208639498
rlh267_NaAc_2.5M_JNL_10off_20on_20off,92,9.104,34761800,1.5237381743442997
rlh267_NaAc_2.5M_JNL_10off_20on_20off,93,9.204,34830400,1.724088226377279
rlh267_NaAc_2.5M_JNL_10off_20on_20off,94,9.304,34645600,1.1843697188598654
rlh267_NaAc_2.5M_JNL_10off_20on_20off,95,9.404,34765700,1.5351283376522968
rlh267_NaAc_2.5M_JNL_10off_20on_20off,96,9.504,34703000,1.3520095583160316
rlh267_NaAc_2.5M_JNL_10off_20on_20off,97,9.604,34757400,1.510887733689123
rlh267_NaAc_2.5M_JNL_10off_20on_20off,98,9.704,34496100,0.7477467920532997
rlh267_NaAc_2.5M_JNL_10off_20on_20off,99,9.804,34701900,1.3487969481522377
rlh267_NaAc_2.5M_JNL_10off_20on_20off,100,9.904,34755100,1.5041704578920991
rlh267_NaAc_2.5M_JNL_10off_20on_20off,101,10.004,33498800.000000004,-2.1649224046302202
rlh267_NaAc_2.5M_JNL_10off_20on_20off,102,10.104,33564300,-1.9736260721497627
rlh267_NaAc_2.5M_JNL_10off_20on_20off,103,10.204,33479199.999999996,-2.222165276639665
rlh267_NaAc_2.5M_JNL_10off_20on_20off,104,10.304,33172200,-3.1187755678076514
rlh267_NaAc_2.5M_JNL_10off_20on_20off,105,10.404,33237300,-2.928647457204926
rlh267_NaAc_2.5M_JNL_10off_20on_20off,106,10.504,32983800,-3.6690080722247553
rlh267_NaAc_2.5M_JNL_10off_20on_20off,107,10.604,33085800,-3.3711114934002087
rlh267_NaAc_2.5M_JNL_10off_20on_20off,108,10.704,32719999.999999996,-4.439450400596485
rlh267_NaAc_2.5M_JNL_10off_20on_20off,109,10.804,32857800,-4.036997963713901
rlh267_NaAc_2.5M_JNL_10off_20on_20off,110,10.904,32894300,-3.930397717369823
rlh267_NaAc_2.5M_JNL_10off_20on_20off,111,11.004,32865800,-4.013633526159034
rlh267_NaAc_2.5M_JNL_10off_20on_20off,112,11.104,32813500.000000004,-4.166378536673963
rlh267_NaAc_2.5M_JNL_10off_20on_20off,113,11.204,32494900.000000004,-5.0968672622965165
rlh267_NaAc_2.5M_JNL_10off_20on_20off,114,11.304,32386700,-5.412871280226095
rlh267_NaAc_2.5M_JNL_10off_20on_20off,115,11.404,32532199.999999996,-4.987930572196973
rlh267_NaAc_2.5M_JNL_10off_20on_20off,116,11.504,32573900,-4.8661434414422216
rlh267_NaAc_2.5M_JNL_10off_20on_20off,117,11.604,32367900,-5.467777708480031
rlh267_NaAc_2.5M_JNL_10off_20on_20off,118,11.704,32389300,-5.405277838020763
rlh267_NaAc_2.5M_JNL_10off_20on_20off,119,11.804,32533700,-4.983549740155426
rlh267_NaAc_2.5M_JNL_10off_20on_20off,120,11.904,32299600,-5.6672515941047035
rlh267_NaAc_2.5M_JNL_10off_20on_20off,121,12.004,32353500,-5.509833696078791
rlh267_NaAc_2.5M_JNL_10off_20on_20off,122,12.104,32305400,-5.650312376877425
rlh267_NaAc_2.5M_JNL_10off_20on_20off,123,12.204,32294500,-5.68214642304593
rlh267_NaAc_2.5M_JNL_10off_20on_20off,124,12.304,32291200,-5.691784253537312
rlh267_NaAc_2.5M_JNL_10off_20on_20off,125,12.404,32081500,-6.304224572944247
rlh267_NaAc_2.5M_JNL_10off_20on_20off,126,12.504,32270200,-5.753115902118837
rlh267_NaAc_2.5M_JNL_10off_20on_20off,127,12.604,32129300,-6.164622058553921
rlh267_NaAc_2.5M_JNL_10off_20on_20off,128,12.704,32453300,-5.218362337581833
rlh267_NaAc_2.5M_JNL_10off_20on_20off,129,12.804,32540300.000000004,-4.964274079172649
rlh267_NaAc_2.5M_JNL_10off_20on_20off,130,12.904,32284300,-5.711936080928385
rlh267_NaAc_2.5M_JNL_10off_20on_20off,131,13.004,32274600.000000004,-5.7402654614636495
rlh267_NaAc_2.5M_JNL_10off_20on_20off,132,13.104,32467900,-5.175722239044201
rlh267_NaAc_2.5M_JNL_10off_20on_20off,133,13.204,32099000.000000004,-6.253114865792966
rlh267_NaAc_2.5M_JNL_10off_20on_20off,134,13.304,32176300.000000004,-6.02735598791907
rlh267_NaAc_2.5M_JNL_10off_20on_20off,135,13.404,32140000,-6.133372123324287
rlh267_NaAc_2.5M_JNL_10off_20on_20off,136,13.504,32141099.999999996,-6.130159513160504
rlh267_NaAc_2.5M_JNL_10off_20on_20off,137,13.604,32285100,-5.709599637172898
rlh267_NaAc_2.5M_JNL_10off_20on_20off,138,13.704,32022900,-6.475369078033644
rlh267_NaAc_2.5M_JNL_10off_20on_20off,139,13.804,31902900,-6.8258356413566394
rlh267_NaAc_2.5M_JNL_10off_20on_20off,140,13.904,32118400,-6.196456104722427
rlh267_NaAc_2.5M_JNL_10off_20on_20off,141,14.004,32065800.000000004,-6.350077281645662
rlh267_NaAc_2.5M_JNL_10off_20on_20off,142,14.104,32051700,-6.391257102836125
rlh267_NaAc_2.5M_JNL_10off_20on_20off,143,14.204,32053900,-6.384831882508537
rlh267_NaAc_2.5M_JNL_10off_20on_20off,144,14.304,32273299.999999996,-5.744062182566337
rlh267_NaAc_2.5M_JNL_10off_20on_20off,145,14.404,32255200,-5.796924222534211
rlh267_NaAc_2.5M_JNL_10off_20on_20off,146,14.504,32117600,-6.198792548477913
rlh267_NaAc_2.5M_JNL_10off_20on_20off,147,14.604,32220600,-5.897975414959008
rlh267_NaAc_2.5M_JNL_10off_20on_20off,148,14.704,32262000,-5.777064450612575
rlh267_NaAc_2.5M_JNL_10off_20on_20off,149,14.804,31810600,-7.09540283964591
rlh267_NaAc_2.5M_JNL_10off_20on_20off,150,14.904,32129600,-6.163745892145613
rlh267_NaAc_2.5M_JNL_10off_20on_20off,151,15.004,32034800,-6.440614477170781
rlh267_NaAc_2.5M_JNL_10off_20on_20off,152,15.104,32295700,-5.6786417574127
rlh267_NaAc_2.5M_JNL_10off_20on_20off,153,15.204,32021000,-6.480918131952924
rlh267_NaAc_2.5M_JNL_10off_20on_20off,154,15.304,31987300,-6.579340825152799
rlh267_NaAc_2.5M_JNL_10off_20on_20off,155,15.404,31911200,-6.801595037393465
rlh267_NaAc_2.5M_JNL_10off_20on_20off,156,15.504,32243800,-5.830218546049895
rlh267_NaAc_2.5M_JNL_10off_20on_20off,157,15.604,32031200.000000004,-6.45112847407046
rlh267_NaAc_2.5M_JNL_10off_20on_20off,158,15.704,31867200.000000004,-6.93009944394522
rlh267_NaAc_2.5M_JNL_10off_20on_20off,159,15.804,31937400,-6.725076504401279
rlh267_NaAc_2.5M_JNL_10off_20on_20off,160,15.904,31924300,-6.763335770897372
rlh267_NaAc_2.5M_JNL_10off_20on_20off,161,16.004,31883300,-6.883078513366063
rlh267_NaAc_2.5M_JNL_10off_20on_20off,162,16.104,31902499.999999996,-6.827003863234395
rlh267_NaAc_2.5M_JNL_10off_20on_20off,163,16.205,31980000,-6.6006608744216155
rlh267_NaAc_2.5M_JNL_10off_20on_20off,164,16.305,31835300.000000004,-7.02326513869525
rlh267_NaAc_2.5M_JNL_10off_20on_20off,165,16.405,31936700,-6.72712089268733
rlh267_NaAc_2.5M_JNL_10off_20on_20off,166,16.504,32027000,-6.463394803786775
rlh267_NaAc_2.5M_JNL_10off_20on_20off,167,16.604,32022500,-6.476537299911388
rlh267_NaAc_2.5M_JNL_10off_20on_20off,168,16.704,31761499.999999996,-7.238802075138914
rlh267_NaAc_2.5M_JNL_10off_20on_20off,169,16.804,31798200,-7.131617717855954
rlh267_NaAc_2.5M_JNL_10off_20on_20off,170,16.904,31914800,-6.7910810404937765
rlh267_NaAc_2.5M_JNL_10off_20on_20off,171,17.005,31598400,-7.715144545788742
rlh267_NaAc_2.5M_JNL_10off_20on_20off,172,17.104,31587400,-7.747270647426683
rlh267_NaAc_2.5M_JNL_10off_20on_20off,173,17.205,31905500,-6.8182421991513085
rlh267_NaAc_2.5M_JNL_10off_20on_20off,174,17.304,31970000,-6.629866421365198
rlh267_NaAc_2.5M_JNL_10off_20on_20off,175,17.405,31478400,-8.065611109111739
rlh267_NaAc_2.5M_JNL_10off_20on_20off,176,17.505,31615600,-7.664911005045778
rlh267_NaAc_2.5M_JNL_10off_20on_20off,177,17.605,31865800.000000004,-6.9341882205173215
rlh267_NaAc_2.5M_JNL_10off_20on_20off,178,17.704,31633500,-7.612633076016766
rlh267_NaAc_2.5M_JNL_10off_20on_20off,179,17.804,31939099.999999996,-6.72011156142088
rlh267_NaAc_2.5M_JNL_10off_20on_20off,180,17.904,31900600,-6.832552917153664
rlh267_NaAc_2.5M_JNL_10off_20on_20off,181,18.004,32570800.000000004,-4.875197160994722
rlh267_NaAc_2.5M_JNL_10off_20on_20off,182,18.104,32265500,-5.766842509182321
rlh267_NaAc_2.5M_JNL_10off_20on_20off,183,18.204,31876300,-6.90352239622657
rlh267_NaAc_2.5M_JNL_10off_20on_20off,184,18.304,32358600,-5.494938867137563
rlh267_NaAc_2.5M_JNL_10off_20on_20off,185,18.405,31993299.999999996,-6.56181749698666
rlh267_NaAc_2.5M_JNL_10off_20on_20off,186,18.505,31732000,-7.324958438622472
rlh267_NaAc_2.5M_JNL_10off_20on_20off,187,18.605,31516600,-7.954045919787251
rlh267_NaAc_2.5M_JNL_10off_20on_20off,188,18.705,31660600,-7.533486043799656
rlh267_NaAc_2.5M_JNL_10off_20on_20off,189,18.804,31602100,-7.704338493419616
rlh267_NaAc_2.5M_JNL_10off_20on_20off,190,18.905,31502600,-7.994933685508267
rlh267_NaAc_2.5M_JNL_10off_20on_20off,191,19.005,31436300,-8.188566461744221
rlh267_NaAc_2.5M_JNL_10off_20on_20off,192,19.104,31476400,-8.071452218500454
rlh267_NaAc_2.5M_JNL_10off_20on_20off,193,19.205,31608500,-7.6856469433757235
rlh267_NaAc_2.5M_JNL_10off_20on_20off,194,19.305,31488999.999999996,-8.03465322935155
rlh267_NaAc_2.5M_JNL_10off_20on_20off,195,19.405,31233900,-8.779686731882341
rlh267_NaAc_2.5M_JNL_10off_20on_20off,196,19.504,31215300,-8.834009049197405
rlh267_NaAc_2.5M_JNL_10off_20on_20off,197,19.605,31459900,-8.119641370957366
rlh267_NaAc_2.5M_JNL_10off_20on_20off,198,19.705,31304599.999999996,-8.57320351499122
rlh267_NaAc_2.5M_JNL_10off_20on_20off,199,19.804,31467500,-8.097445155280242
rlh267_NaAc_2.5M_JNL_10off_20on_20off,200,19.905,31375099.999999996,-8.36730440903896
rlh267_NaAc_2.5M_JNL_10off_20on_20off,201,20.004,31102500,-9.163447618721023
rlh267_NaAc_2.5M_JNL_10off_20on_20off,202,20.105,31312300,-8.55071524384465
rlh267_NaAc_2.5M_JNL_10off_20on_20off,203,20.205,31171200,-8.962805511218606
rlh267_NaAc_2.5M_JNL_10off_20on_20off,204,20.305,30723100,-10.27150606976056
rlh267_NaAc_2.5M_JNL_10off_20on_20off,205,20.405,31084600,-9.215725547750035
rlh267_NaAc_2.5M_JNL_10off_20on_20off,206,20.505,30732400.000000004,-10.244344911103017
rlh267_NaAc_2.5M_JNL_10off_20on_20off,207,20.605,30904300,-9.742301559142836
rlh267_NaAc_2.5M_JNL_10off_20on_20off,208,20.705,31102599.999999996,-9.163155563251598
rlh267_NaAc_2.5M_JNL_10off_20on_20off,209,20.805,30775800.000000004,-10.117592837367868
rlh267_NaAc_2.5M_JNL_10off_20on_20off,210,20.905,30503900,-10.911691658763898
rlh267_NaAc_2.5M_JNL_10off_20on_20off,211,21.005,30613000,-10.593059141609409
rlh267_NaAc_2.5M_JNL_10off_20on_20off,212,21.105,30911800,-9.720397398935148
rlh267_NaAc_2.5M_JNL_10off_20on_20off,213,21.204,30442600,-11.090721661528063
rlh267_NaAc_2.5M_JNL_10off_20on_20off,214,21.305,30732200,-10.2449290220419
rlh267_NaAc_2.5M_JNL_10off_20on_20off,215,21.404,30404100,-11.203163017260858
rlh267_NaAc_2.5M_JNL_10off_20on_20off,216,21.504,30680500,-10.395921699740224
rlh267_NaAc_2.5M_JNL_10off_20on_20off,217,21.605,30109700,-12.062974319279942
rlh267_NaAc_2.5M_JNL_10off_20on_20off,218,21.705,30507100,-10.902345883741953
rlh267_NaAc_2.5M_JNL_10off_20on_20off,219,21.805,30416599.999999996,-11.16665608358139
rlh267_NaAc_2.5M_JNL_10off_20on_20off,220,21.905,30522400,-10.857661396918271
rlh267_NaAc_2.5M_JNL_10off_20on_20off,221,22.004,30365700.000000004,-11.315312317524205
rlh267_NaAc_2.5M_JNL_10off_20on_20off,222,22.104,30717700,-10.287277065110095
rlh267_NaAc_2.5M_JNL_10off_20on_20off,223,22.204,30308500,-11.482368046041511
rlh267_NaAc_2.5M_JNL_10off_20on_20off,224,22.304,30095800,-12.103570029531522
rlh267_NaAc_2.5M_JNL_10off_20on_20off,225,22.404,30561600.000000004,-10.743175652899414
rlh267_NaAc_2.5M_JNL_10off_20on_20off,226,22.504,30612200,-10.595395585364896
rlh267_NaAc_2.5M_JNL_10off_20on_20off,227,22.604,30034200.000000004,-12.283476198703982
rlh267_NaAc_2.5M_JNL_10off_20on_20off,228,22.705,30426600,-11.137450536637795
rlh267_NaAc_2.5M_JNL_10off_20on_20off,229,22.804,30640600,-10.51245183204512
rlh267_NaAc_2.5M_JNL_10off_20on_20off,230,22.904,30398800,-11.218641957140957
rlh267_NaAc_2.5M_JNL_10off_20on_20off,231,23.004,30403500,-11.204915350077473
rlh267_NaAc_2.5M_JNL_10off_20on_20off,232,23.104,30169700,-11.887741037618444
rlh267_NaAc_2.5M_JNL_10off_20on_20off,233,23.204,30160600,-11.914318085337102
rlh267_NaAc_2.5M_JNL_10off_20on_20off,234,23.305,30291900,-11.53084925396786
rlh267_NaAc_2.5M_JNL_10off_20on_20off,235,23.404,30251800.000000004,-11.647963497211615
rlh267_NaAc_2.5M_JNL_10off_20on_20off,236,23.504,30244500,-11.669283546480443
rlh267_NaAc_2.5M_JNL_10off_20on_20off,237,23.605,30278600,-11.569692631402823
rlh267_NaAc_2.5M_JNL_10off_20on_20off,238,23.705,30173600,-11.876350874310445
rlh267_NaAc_2.5M_JNL_10off_20on_20off,239,23.805,30194100,-11.816479503076101
rlh267_NaAc_2.5M_JNL_10off_20on_20off,240,23.905,29957300,-12.508066854700145
rlh267_NaAc_2.5M_JNL_10off_20on_20off,241,24.005,30151800,-11.940018966647456
rlh267_NaAc_2.5M_JNL_10off_20on_20off,242,24.104,29727400,-13.179502378933119
rlh267_NaAc_2.5M_JNL_10off_20on_20off,243,24.205,30096300,-12.102109752184342
rlh267_NaAc_2.5M_JNL_10off_20on_20off,244,24.305,29919100,-12.61963204402463
rlh267_NaAc_2.5M_JNL_10off_20on_20off,245,24.405,30350400,-11.359996804347897
rlh267_NaAc_2.5M_JNL_10off_20on_20off,246,24.505,30115500,-12.046035102052663
rlh267_NaAc_2.5M_JNL_10off_20on_20off,247,24.604,29928499.999999996,-12.592178829897675
rlh267_NaAc_2.5M_JNL_10off_20on_20off,248,24.704,30145700,-11.957834350283042
rlh267_NaAc_2.5M_JNL_10off_20on_20off,249,24.805,30007799.999999996,-12.36057884263506
rlh267_NaAc_2.5M_JNL_10off_20on_20off,250,24.905,30086100,-12.131899410066795
rlh267_NaAc_2.5M_JNL_10off_20on_20off,251,25.004,30003200,-12.374013394229099
rlh267_NaAc_2.5M_JNL_10off_20on_20off,252,25.104,30006000,-12.365835841084897
rlh267_NaAc_2.5M_JNL_10off_20on_20off,253,25.204,29931000,-12.58487744316177
rlh267_NaAc_2.5M_JNL_10off_20on_20off,254,25.304,29897000,-12.68417630276995
rlh267_NaAc_2.5M_JNL_10off_20on_20off,255,25.405,30009900,-12.354445677776898
rlh267_NaAc_2.5M_JNL_10off_20on_20off,256,25.505,30252200,-11.646795275333883
rlh267_NaAc_2.5M_JNL_10off_20on_20off,257,25.605,29920100,-12.616711489330273
rlh267_NaAc_2.5M_JNL_10off_20on_20off,258,25.705,29783500,-13.015659260579618
rlh267_NaAc_2.5M_JNL_10off_20on_20off,259,25.804,29568300,-13.644162630805523
rlh267_NaAc_2.5M_JNL_10off_20on_20off,260,25.905,29629700,-13.464840572571923
rlh267_NaAc_2.5M_JNL_10off_20on_20off,261,26.004,29778600,-13.029969978581974
rlh267_NaAc_2.5M_JNL_10off_20on_20off,262,26.104,29903800,-12.664316530848312
rlh267_NaAc_2.5M_JNL_10off_20on_20off,263,26.205,29673600.000000004,-13.336628221489583
rlh267_NaAc_2.5M_JNL_10off_20on_20off,264,26.305,29616300,-13.503976005476325
rlh267_NaAc_2.5M_JNL_10off_20on_20off,265,26.405,29596800,-13.560926822016311
rlh267_NaAc_2.5M_JNL_10off_20on_20off,266,26.505,29599800,-13.552165157933239
rlh267_NaAc_2.5M_JNL_10off_20on_20off,267,26.605,29846400,-12.831956370304482
rlh267_NaAc_2.5M_JNL_10off_20on_20off,268,26.705,29893100,-12.695566466077949
rlh267_NaAc_2.5M_JNL_10off_20on_20off,269,26.805,29607300,-13.530260997725549
rlh267_NaAc_2.5M_JNL_10off_20on_20off,270,26.905,29445100,-14.003974969150464
rlh267_NaAc_2.5M_JNL_10off_20on_20off,271,27.005,29630700,-13.461920017877565
rlh267_NaAc_2.5M_JNL_10off_20on_20off,272,27.105,29739500,-13.144163667131384
rlh267_NaAc_2.5M_JNL_10off_20on_20off,273,27.205,29364700,-14.238787566576875
rlh267_NaAc_2.5M_JNL_10off_20on_20off,274,27.305,29412000,-14.100645329533727
rlh267_NaAc_2.5M_JNL_10off_20on_20off,275,27.405,29309400,-14.400294241174889
rlh267_NaAc_2.5M_JNL_10off_20on_20off,276,27.505,29546199.999999996,-13.708706889550854
rlh267_NaAc_2.5M_JNL_10off_20on_20off,277,27.605,29512900.000000004,-13.805961360872962
rlh267_NaAc_2.5M_JNL_10off_20on_20off,278,27.705,29298200,-14.4330044537517
rlh267_NaAc_2.5M_JNL_10off_20on_20off,279,27.805,29331500,-14.335749982429569
rlh267_NaAc_2.5M_JNL_10off_20on_20off,280,27.905,29653299.999999996,-13.395915481785078
rlh267_NaAc_2.5M_JNL_10off_20on_20off,281,28.005,29411299.999999996,-14.10268971781979
rlh267_NaAc_2.5M_JNL_10off_20on_20off,282,28.105,29416699.999999996,-14.086918722470251
rlh267_NaAc_2.5M_JNL_10off_20on_20off,283,28.205,29356100,-14.263904336948356
rlh267_NaAc_2.5M_JNL_10off_20on_20off,284,28.305,29470000,-13.931253157260945
rlh267_NaAc_2.5M_JNL_10off_20on_20off,285,28.405,29336900,-14.319978987080034
rlh267_NaAc_2.5M_JNL_10off_20on_20off,286,28.505,29239000,-14.60590129165771
rlh267_NaAc_2.5M_JNL_10off_20on_20off,287,28.605,29369000,-14.226229181391131
rlh267_NaAc_2.5M_JNL_10off_20on_20off,288,28.705,29514700,-13.800704362423128
rlh267_NaAc_2.5M_JNL_10off_20on_20off,289,28.805,29346199.999999996,-14.292817828422514
rlh267_NaAc_2.5M_JNL_10off_20on_20off,290,28.905,29704100.000000004,-13.247551303311656
rlh267_NaAc_2.5M_JNL_10off_20on_20off,291,29.005,29469599.999999996,-13.932421379138699
rlh267_NaAc_2.5M_JNL_10off_20on_20off,292,29.115,29578900,-13.613204751045323
rlh267_NaAc_2.5M_JNL_10off_20on_20off,293,29.205,29624500,-13.480027456982588
rlh267_NaAc_2.5M_JNL_10off_20on_20off,294,29.305,29300200,-14.427163344362985
rlh267_NaAc_2.5M_JNL_10off_20on_20off,295,29.405,29820200,-12.908474903296668
rlh267_NaAc_2.5M_JNL_10off_20on_20off,296,29.505,29623700,-13.482363900738074
rlh267_NaAc_2.5M_JNL_10off_20on_20off,297,29.605,29614300,-13.509817114865042
rlh267_NaAc_2.5M_JNL_10off_20on_20off,298,29.705,29329600,-14.341299036348849
rlh267_NaAc_2.5M_JNL_10off_20on_20off,299,29.805,29580000,-13.60999214088153
rlh267_NaAc_2.5M_JNL_10off_20on_20off,300,29.905,30027700,-12.302459804217321
rlh267_NaAc_2.5M_JNL_10off_20on_20off,301,30.005,30623000,-10.563853594665826
rlh267_NaAc_2.5M_JNL_10off_20on_20off,302,30.105,30674500,-10.413445027906373
rlh267_NaAc_2.5M_JNL_10off_20on_20off,303,30.205,31335600,-8.482666319466102
rlh267_NaAc_2.5M_JNL_10off_20on_20off,304,30.305,31631700,-7.61789007446661
rlh267_NaAc_2.5M_JNL_10off_20on_20off,305,30.405,31734300.000000004,-7.318241162825438
rlh267_NaAc_2.5M_JNL_10off_20on_20off,306,30.505,31679500,-7.478287560076284
rlh267_NaAc_2.5M_JNL_10off_20on_20off,307,30.605,31893200,-6.854165021891916
rlh267_NaAc_2.5M_JNL_10off_20on_20off,308,30.705,31955300.000000004,-6.672798575372255
rlh267_NaAc_2.5M_JNL_10off_20on_20off,309,30.805,31942600,-6.709889619990615
rlh267_NaAc_2.5M_JNL_10off_20on_20off,310,30.905,32176500,-6.026771876980209
rlh267_NaAc_2.5M_JNL_10off_20on_20off,311,31.005,32407200,-5.35299990899175
rlh267_NaAc_2.5M_JNL_10off_20on_20off,312,31.115,32285700,-5.707847304356283
rlh267_NaAc_2.5M_JNL_10off_20on_20off,313,31.215,32584000,-4.836645839029203
rlh267_NaAc_2.5M_JNL_10off_20on_20off,314,31.305,32277300.000000004,-5.732379963788882
rlh267_NaAc_2.5M_JNL_10off_20on_20off,315,31.405,32507200,-5.06094443955592
rlh267_NaAc_2.5M_JNL_10off_20on_20off,316,31.505,32292400,-5.688279587904082
rlh267_NaAc_2.5M_JNL_10off_20on_20off,317,31.605,32203600,-5.9476248447631
rlh267_NaAc_2.5M_JNL_10off_20on_20off,318,31.705,32476800,-5.149729302264412
rlh267_NaAc_2.5M_JNL_10off_20on_20off,319,31.805,32394100,-5.391259175487844
rlh267_NaAc_2.5M_JNL_10off_20on_20off,320,31.905,32457900,-5.204927785987784
rlh267_NaAc_2.5M_JNL_10off_20on_20off,321,32.015,32394100,-5.391259175487844
rlh267_NaAc_2.5M_JNL_10off_20on_20off,322,32.105,32376999.999999996,-5.441200660761381
rlh267_NaAc_2.5M_JNL_10off_20on_20off,323,32.205,32668800,-4.588982800947619
rlh267_NaAc_2.5M_JNL_10off_20on_20off,324,32.305,32556800,-4.916084926715748
rlh267_NaAc_2.5M_JNL_10off_20on_20off,325,32.405,32664300,-4.602125297072232
rlh267_NaAc_2.5M_JNL_10off_20on_20off,326,32.505,32402099.999999996,-5.367894737932988
rlh267_NaAc_2.5M_JNL_10off_20on_20off,327,32.605,32445700,-5.240558553258955
rlh267_NaAc_2.5M_JNL_10off_20on_20off,328,32.705,32503000.000000004,-5.073210769272214
rlh267_NaAc_2.5M_JNL_10off_20on_20off,329,32.805,32680800,-4.553936144615319
rlh267_NaAc_2.5M_JNL_10off_20on_20off,330,32.905,32497900,-5.088105598213452
rlh267_NaAc_2.5M_JNL_10off_20on_20off,331,33.005,32637299.999999996,-4.680980273819917
rlh267_NaAc_2.5M_JNL_10off_20on_20off,332,33.105,32616400,-4.742019866931994
rlh267_NaAc_2.5M_JNL_10off_20on_20off,333,33.205,32788500,-4.239392404032931
rlh267_NaAc_2.5M_JNL_10off_20on_20off,334,33.305,32768799.999999996,-4.2969273315118
rlh267_NaAc_2.5M_JNL_10off_20on_20off,336,33.505,32714800,-4.454637285007138
rlh267_NaAc_2.5M_JNL_10off_20on_20off,337,33.605,32476800,-5.149729302264412
rlh267_NaAc_2.5M_JNL_10off_20on_20off,338,33.705,32587300,-4.82700800853782
rlh267_NaAc_2.5M_JNL_10off_20on_20off,339,33.805,32699500,-4.499321771830819
rlh267_NaAc_2.5M_JNL_10off_20on_20off,340,33.905,32474100,-5.1576147999391795
rlh267_NaAc_2.5M_JNL_10off_20on_20off,341,34.005,32608500,-4.765092249017425
rlh267_NaAc_2.5M_JNL_10off_20on_20off,342,34.105,32760900,-4.31999971359722
rlh267_NaAc_2.5M_JNL_10off_20on_20off,343,34.205,32549500,-4.937404975984564
rlh267_NaAc_2.5M_JNL_10off_20on_20off,344,34.315,32889400.000000004,-3.9447084353721675
rlh267_NaAc_2.5M_JNL_10off_20on_20off,345,34.405,32516600.000000004,-5.033491225428941
rlh267_NaAc_2.5M_JNL_10off_20on_20off,346,34.505,32621200,-4.728001204399074
rlh267_NaAc_2.5M_JNL_10off_20on_20off,347,34.605,32893700,-3.9321500501864377
rlh267_NaAc_2.5M_JNL_10off_20on_20off,348,34.705,32724700.000000004,-4.425723793532979
rlh267_NaAc_2.5M_JNL_10off_20on_20off,349,34.805,32593800,-4.808024403024492
rlh267_NaAc_2.5M_JNL_10off_20on_20off,350,34.905,32885700,-3.9555144877413038
rlh267_NaAc_2.5M_JNL_10off_20on_20off,351,35.005,32870100,-4.001075140973294
rlh267_NaAc_2.5M_JNL_10off_20on_20off,352,35.105,32806200,-4.187698585942789
rlh267_NaAc_2.5M_JNL_10off_20on_20off,353,35.205,32769700,-4.294298832286867
rlh267_NaAc_2.5M_JNL_10off_20on_20off,354,35.305,32902200,-3.9073253352843924
rlh267_NaAc_2.5M_JNL_10off_20on_20off,355,35.405,32755400,-4.33606276441619
rlh267_NaAc_2.5M_JNL_10off_20on_20off,356,35.515,32664000,-4.603001463480539
rlh267_NaAc_2.5M_JNL_10off_20on_20off,357,35.605,32857900,-4.036705908244464
rlh267_NaAc_2.5M_JNL_10off_20on_20off,358,35.705,32744300,-4.368480921523568
rlh267_NaAc_2.5M_JNL_10off_20on_20off,359,35.805,32732899.999999996,-4.401775245039263
rlh267_NaAc_2.5M_JNL_10off_20on_20off,360,35.905,32632400,-4.695290991822261
rlh267_NaAc_2.5M_JNL_10off_20on_20off,361,36.015,32849800,-4.060362401268767
rlh267_NaAc_2.5M_JNL_10off_20on_20off,362,36.105,32749600,-4.353001981643469
rlh267_NaAc_2.5M_JNL_10off_20on_20off,363,36.206,32607000,-4.769473081058962
rlh267_NaAc_2.5M_JNL_10off_20on_20off,364,36.306,32864100,-4.018598469139444
rlh267_NaAc_2.5M_JNL_10off_20on_20off,365,36.406,32917400,-3.862932903930146
rlh267_NaAc_2.5M_JNL_10off_20on_20off,366,36.506,32694200.000000004,-4.514800711710907
rlh267_NaAc_2.5M_JNL_10off_20on_20off,367,36.616,32935300,-3.8106549749011323
rlh267_NaAc_2.5M_JNL_10off_20on_20off,368,36.706,32934300,-3.8135755295954907
rlh267_NaAc_2.5M_JNL_10off_20on_20off,369,36.806,32772300,-4.286705390081535
rlh267_NaAc_2.5M_JNL_10off_20on_20off,370,36.906,32845700,-4.072336675515635
rlh267_NaAc_2.5M_JNL_10off_20on_20off,371,37.006,32888300,-3.9479210455359723
rlh267_NaAc_2.5M_JNL_10off_20on_20off,372,37.106,33105200,-3.3144527323296575
rlh267_NaAc_2.5M_JNL_10off_20on_20off,373,37.206,32518300,-5.028526282448543
rlh267_NaAc_2.5M_JNL_10off_20on_20off,374,37.306,32802200,-4.199380804720223
rlh267_NaAc_2.5M_JNL_10off_20on_20off,375,37.406,32780400,-4.263048897057233
rlh267_NaAc_2.5M_JNL_10off_20on_20off,376,37.506,32679700,-4.557148754779114
rlh267_NaAc_2.5M_JNL_10off_20on_20off,377,37.606,32854199.999999996,-4.047511960613601
rlh267_NaAc_2.5M_JNL_10off_20on_20off,378,37.706,32577000,-4.857089721889711
rlh267_NaAc_2.5M_JNL_10off_20on_20off,379,37.806,33072100,-3.4111230927129172
rlh267_NaAc_2.5M_JNL_10off_20on_20off,380,37.906,32880800,-3.96982520574366
rlh267_NaAc_2.5M_JNL_10off_20on_20off,381,38.006,32582600,-4.8407346156013045
rlh267_NaAc_2.5M_JNL_10off_20on_20off,382,38.106,32803300.000000004,-4.196168194556417
rlh267_NaAc_2.5M_JNL_10off_20on_20off,383,38.206,32737599.999999996,-4.388048637975779
rlh267_NaAc_2.5M_JNL_10off_20on_20off,384,38.306,32804400,-4.192955584392634
rlh267_NaAc_2.5M_JNL_10off_20on_20off,385,38.406,32649200,-4.6462256729570415
rlh267_NaAc_2.5M_JNL_10off_20on_20off,386,38.506,32640699.999999996,-4.671050387859098
rlh267_NaAc_2.5M_JNL_10off_20on_20off,387,38.606,32625900,-4.71427459733559
rlh267_NaAc_2.5M_JNL_10off_20on_20off,388,38.706,32654000,-4.632207010424122
rlh267_NaAc_2.5M_JNL_10off_20on_20off,389,38.806,32785500,-4.248154068116006
rlh267_NaAc_2.5M_JNL_10off_20on_20off,390,38.906,32706300,-4.479461999909183
rlh267_NaAc_2.5M_JNL_10off_20on_20off,391,39.006,32553899.999999996,-4.924554535329398
rlh267_NaAc_2.5M_JNL_10off_20on_20off,392,39.106,32909099.999999996,-3.8871735078933307
rlh267_NaAc_2.5M_JNL_10off_20on_20off,393,39.206,32746000,-4.363515978543158
rlh267_NaAc_2.5M_JNL_10off_20on_20off,394,39.306,32576000,-4.8600102765840685
rlh267_NaAc_2.5M_JNL_10off_20on_20off,395,39.416,32758900,-4.325840822985937
rlh267_NaAc_2.5M_JNL_10off_20on_20off,396,39.506,32736200.000000004,-4.392137414547859
rlh267_NaAc_2.5M_JNL_10off_20on_20off,397,39.616,32733900,-4.398854690344893
rlh267_NaAc_2.5M_JNL_10off_20on_20off,398,39.706,32613400,-4.750781531015068
rlh267_NaAc_2.5M_JNL_10off_20on_20off,399,39.806,32770800.000000004,-4.291086222123062
rlh267_NaAc_2.5M_JNL_10off_20on_20off,400,39.906,32682300,-4.549555312573782
rlh267_NaAc_2.5M_JNL_10off_20on_20off,401,40.006,32946200,-3.778820928732627
rlh267_NaAc_2.5M_JNL_10off_20on_20off,402,40.116,32670300,-4.584601968906082
rlh267_NaAc_2.5M_JNL_10off_20on_20off,403,40.216,32986700,-3.660538463611116
rlh267_NaAc_2.5M_JNL_10off_20on_20off,404,40.306,32842800,-4.080806284129275
rlh267_NaAc_2.5M_JNL_10off_20on_20off,405,40.416,32555600,-4.919589592348978
rlh267_NaAc_2.5M_JNL_10off_20on_20off,406,40.506,32384000,-5.420756777900863
rlh267_NaAc_2.5M_JNL_10off_20on_20off,407,40.616,32502100,-5.075839268497147
rlh267_NaAc_2.5M_JNL_10off_20on_20off,408,40.706,32429400,-5.288163594776996
rlh267_NaAc_2.5M_JNL_10off_20on_20off,409,40.806,32858600,-4.034661519958414
rlh267_NaAc_2.5M_JNL_10off_20on_20off,410,40.916,32615599.999999996,-4.7443563106874915
rlh267_NaAc_2.5M_JNL_10off_20on_20off,411,41.006,32458999.999999996,-5.201715175824001
rlh267_NaAc_2.5M_JNL_10off_20on_20off,412,41.116,32669200,-4.5878145790698754
rlh267_NaAc_2.5M_JNL_10off_20on_20off,413,41.216,32542600,-4.9575568033756365
rlh267_NaAc_2.5M_JNL_10off_20on_20off,414,41.316,32760400,-4.321459990944399
rlh267_NaAc_2.5M_JNL_10off_20on_20off,415,41.416,32707700,-4.4753732233370815
rlh267_NaAc_2.5M_JNL_10off_20on_20off,416,41.516,32544100,-4.953175971334099
rlh267_NaAc_2.5M_JNL_10off_20on_20off,417,41.616,32615300,-4.745232477095787
rlh267_NaAc_2.5M_JNL_10off_20on_20off,418,41.716,32548900,-4.939157308801179
rlh267_NaAc_2.5M_JNL_10off_20on_20off,419,41.816,32591600,-4.814449623352079
rlh267_NaAc_2.5M_JNL_10off_20on_20off,420,41.916,32349400,-5.52180797032566
rlh267_NaAc_2.5M_JNL_10off_20on_20off,421,42.016,32532000,-4.9885146831358345
rlh267_NaAc_2.5M_JNL_10off_20on_20off,422,42.116,32665700.000000004,-4.598036520500119
rlh267_NaAc_2.5M_JNL_10off_20on_20off,423,42.216,32516400,-5.034075336367824
rlh267_NaAc_2.5M_JNL_10off_20on_20off,424,42.316,32335300,-5.562987791516112
rlh267_NaAc_2.5M_JNL_10off_20on_20off,425,42.416,32252800,-5.803933553800671
rlh267_NaAc_2.5M_JNL_10off_20on_20off,426,42.516,32411900,-5.339273301928266
rlh267_NaAc_2.5M_JNL_10off_20on_20off,427,42.616,32362500,-5.483548703829566
rlh267_NaAc_2.5M_JNL_10off_20on_20off,428,42.716,32072400,-6.330801620662909
rlh267_NaAc_2.5M_JNL_10off_20on_20off,429,42.816,32470900,-5.166960574961126
rlh267_NaAc_2.5M_JNL_10off_20on_20off,430,42.916,32060300,-6.366140332464644
rlh267_NaAc_2.5M_JNL_10off_20on_20off,431,43.016,32341400,-5.545172407880526
rlh267_NaAc_2.5M_JNL_10off_20on_20off,432,43.116,32483900,-5.128993363934469
rlh267_NaAc_2.5M_JNL_10off_20on_20off,433,43.216,32005900,-6.525018507837735
rlh267_NaAc_2.5M_JNL_10off_20on_20off,434,43.316,31931000,-6.743768054445172
rlh267_NaAc_2.5M_JNL_10off_20on_20off,435,43.416,32212900.000000004,-5.920463686105556
rlh267_NaAc_2.5M_JNL_10off_20on_20off,436,43.516,32391600,-5.398560562223739
rlh267_NaAc_2.5M_JNL_10off_20on_20off,437,43.616,32929300,-3.8281783030672827
rlh267_NaAc_2.5M_JNL_10off_20on_20off,438,43.716,32302900,-5.657613763613321
rlh267_NaAc_2.5M_JNL_10off_20on_20off,439,43.816,32326000,-5.590148950173644
rlh267_NaAc_2.5M_JNL_10off_20on_20off,440,43.916,32306499.999999996,-5.647099766713642
rlh267_NaAc_2.5M_JNL_10off_20on_20off,441,44.016,32329600,-5.579634953273954
rlh267_NaAc_2.5M_JNL_10off_20on_20off,442,44.116,32050700,-6.394177657530483
rlh267_NaAc_2.5M_JNL_10off_20on_20off,443,44.216,32248100,-5.817660160864156
rlh267_NaAc_2.5M_JNL_10off_20on_20off,444,44.316,32124600,-6.178348665617405
rlh267_NaAc_2.5M_JNL_10off_20on_20off,445,44.416,32189400,-5.989096721422987
rlh267_NaAc_2.5M_JNL_10off_20on_20off,446,44.516,32123900,-6.180393053903456
rlh267_NaAc_2.5M_JNL_10off_20on_20off,447,44.616,32209800,-5.929517405658078
rlh267_NaAc_2.5M_JNL_10off_20on_20off,448,44.716,32001600,-6.537576893023475
rlh267_NaAc_2.5M_JNL_10off_20on_20off,449,44.816,32110300,-6.220112597746729
rlh267_NaAc_2.5M_JNL_10off_20on_20off,450,44.916,31999300,-6.5442941688205
rlh267_NaAc_2.5M_JNL_10off_20on_20off,451,45.016,32113299.999999996,-6.211350933663665
rlh267_NaAc_2.5M_JNL_10off_20on_20off,452,45.116,31907100,-6.813569311640336
rlh267_NaAc_2.5M_JNL_10off_20on_20off,453,45.216,31964500,-6.645929472184169
rlh267_NaAc_2.5M_JNL_10off_20on_20off,454,45.316,32115100,-6.20609393521381
rlh267_NaAc_2.5M_JNL_10off_20on_20off,455,45.416,31934000,-6.735006390362097
rlh267_NaAc_2.5M_JNL_10off_20on_20off,456,45.516,31882900,-6.8842467352438055
rlh267_NaAc_2.5M_JNL_10off_20on_20off,457,45.616,32125800,-6.1748439999841755
rlh267_NaAc_2.5M_JNL_10off_20on_20off,458,45.716,31862600,-6.943533995539279
rlh267_NaAc_2.5M_JNL_10off_20on_20off,459,45.816,32124799.999999996,-6.177764554678545
rlh267_NaAc_2.5M_JNL_10off_20on_20off,460,45.916,32165800,-6.0580218122098435
rlh267_NaAc_2.5M_JNL_10off_20on_20off,461,46.016,31864300,-6.9385690525588695
rlh267_NaAc_2.5M_JNL_10off_20on_20off,462,46.116,32013700,-6.502238181221741
rlh267_NaAc_2.5M_JNL_10off_20on_20off,463,46.208,32056200,-6.378114606711513
rlh267_NaAc_2.5M_JNL_10off_20on_20off,464,46.308,32191200.000000004,-5.983839722973131
rlh267_NaAc_2.5M_JNL_10off_20on_20off,465,46.408,32207200,-5.937110847863409
rlh267_NaAc_2.5M_JNL_10off_20on_20off,466,46.508,32184800,-6.002531273017035
rlh267_NaAc_2.5M_JNL_10off_20on_20off,467,46.608,32077700,-6.315322680782809
rlh267_NaAc_2.5M_JNL_10off_20on_20off,468,46.708,32199700,-5.959015008071097
rlh267_NaAc_2.5M_JNL_10off_20on_20off,469,46.808,31989899.999999996,-6.571747382947479
rlh267_NaAc_2.5M_JNL_10off_20on_20off,470,46.908,31620900,-7.64943206516568
rlh267_NaAc_2.5M_JNL_10off_20on_20off,471,47.008,31853900,-6.968942821380196
rlh267_NaAc_2.5M_JNL_10off_20on_20off,472,47.108,32001400.000000004,-6.538161003962337
rlh267_NaAc_2.5M_JNL_10off_20on_20off,473,47.208,31935800,-6.729749391912251
rlh267_NaAc_2.5M_JNL_10off_20on_20off,474,47.308,31846400,-6.990846981587884
rlh267_NaAc_2.5M_JNL_10off_20on_20off,475,47.408,31870200,-6.9213377798621565
rlh267_NaAc_2.5M_JNL_10off_20on_20off,476,47.508,31887500.000000004,-6.870812183649747
rlh267_NaAc_2.5M_JNL_10off_20on_20off,477,47.608,31971300,-6.626069700262533
rlh267_NaAc_2.5M_JNL_10off_20on_20off,478,47.708,31846899.999999996,-6.989386704240716
rlh267_NaAc_2.5M_JNL_10off_20on_20off,479,47.808,31876800,-6.902062118879392
rlh267_NaAc_2.5M_JNL_10off_20on_20off,480,47.908,31900400.000000004,-6.8331370280925245
rlh267_NaAc_2.5M_JNL_10off_20on_20off,481,48.008,31762700,-7.235297409505673
rlh267_NaAc_2.5M_JNL_10off_20on_20off,482,48.108,31807400,-7.104748614667858
rlh267_NaAc_2.5M_JNL_10off_20on_20off,483,48.218,32117000,-6.200544881294528
rlh267_NaAc_2.5M_JNL_10off_20on_20off,484,48.308,31849400,-6.982085317504809
rlh267_NaAc_2.5M_JNL_10off_20on_20off,485,48.408,31876500,-6.902938285287699
rlh267_NaAc_2.5M_JNL_10off_20on_20off,486,48.508,31819500,-7.069409902866123
rlh267_NaAc_2.5M_JNL_10off_20on_20off,487,48.608,31981200,-6.597156208788385
rlh267_NaAc_2.5M_JNL_10off_20on_20off,488,48.708,31722600,-7.352411652749441
rlh267_NaAc_2.5M_JNL_10off_20on_20off,489,48.808,31540300,-7.884828773530959
rlh267_NaAc_2.5M_JNL_10off_20on_20off,490,48.908,31977000.000000004,-6.609422538504679
rlh267_NaAc_2.5M_JNL_10off_20on_20off,491,49.008,31723499.999999996,-7.3497831535245295
rlh267_NaAc_2.5M_JNL_10off_20on_20off,492,49.108,31625800,-7.635121347163325
rlh267_NaAc_2.5M_JNL_10off_20on_20off,493,49.208,31716000.000000004,-7.3716873137321945
rlh267_NaAc_2.5M_JNL_10off_20on_20off,494,49.308,31658900,-7.538450986780065
rlh267_NaAc_2.5M_JNL_10off_20on_20off,495,49.408,31755399.999999996,-7.2566174587745005
rlh267_NaAc_2.5M_JNL_10off_20on_20off,496,49.508,31909700,-6.805975869435003
rlh267_NaAc_2.5M_JNL_10off_20on_20off,497,49.608,31843400,-6.999608645670959
rlh267_NaAc_2.5M_JNL_10off_20on_20off,498,49.708,31809800,-7.097739283401397
rlh267_NaAc_2.5M_JNL_10off_20on_20off,499,49.818,31597900,-7.7166048231359214
rlh267_NaAc_2.5M_JNL_10off_20on_20off,500,49.918,31748400,-7.2770613416349965
rlh267_NaAc_2.5M_JNL_10off_20on_20off,501,50.018,31848900.000000004,-6.983545594851977
rlh267_NaAc_2.5M_JNL_10off_20on_20off,502,50.118,31870800,-6.919585447045542
rlh267_NaAc_2.5M_JNL_10off_20on_20off,503,50.218,31919000,-6.778814710777471
rlh267_NaAc_2.5M_JNL_10off_20on_20off,504,50.318,31935200,-6.731501724728867
rlh267_NaAc_2.5M_JNL_10off_20on_20off,505,50.418,31939099.999999996,-6.72011156142088
rlh267_NaAc_2.5M_JNL_10off_20on_20off,506,50.518,31899099.999999996,-6.836933749195212
rlh267_NaAc_2.5M_JNL_10off_20on_20off,507,50.618,31658100,-7.540787430535552
rlh267_NaAc_2.5M_JNL_10off_20on_20off,508,50.718,31714900,-7.374899923896
rlh267_NaAc_2.5M_JNL_10off_20on_20off,509,50.818,31716300,-7.370811147323899
rlh267_NaAc_2.5M_JNL_10off_20on_20off,510,50.918,31770200,-7.213393249297987
rlh267_NaAc_2.5M_JNL_10off_20on_20off,511,51.018,31825600,-7.0515945192305365
rlh267_NaAc_2.5M_JNL_10off_20on_20off,512,51.118,32042500,-6.418126206024222
rlh267_NaAc_2.5M_JNL_10off_20on_20off,513,51.218,31763400,-7.233253021219623
rlh267_NaAc_2.5M_JNL_10off_20on_20off,514,51.318,31767000,-7.2227390243199325
rlh267_NaAc_2.5M_JNL_10off_20on_20off,515,51.418,31804900,-7.112050001403753
rlh267_NaAc_2.5M_JNL_10off_20on_20off,516,51.518,31655800,-7.547504706332575
rlh267_NaAc_2.5M_JNL_10off_20on_20off,517,51.618,31793100,-7.14651254679718
rlh267_NaAc_2.5M_JNL_10off_20on_20off,518,51.718,31645700,-7.577002308745594
rlh267_NaAc_2.5M_JNL_10off_20on_20off,519,51.818,31682600,-7.469233840523773
rlh267_NaAc_2.5M_JNL_10off_20on_20off,520,51.918,31765900,-7.225951634483726
rlh267_NaAc_2.5M_JNL_10off_20on_20off,521,52.018,31482400,-8.053928890334303
rlh267_NaAc_2.5M_JNL_10off_20on_20off,522,52.118,31724600,-7.346570543360724
rlh267_NaAc_2.5M_JNL_10off_20on_20off,523,52.218,31635200,-7.6076681330363565
rlh267_NaAc_2.5M_JNL_10off_20on_20off,524,52.318,31806500,-7.107377113892779
rlh267_NaAc_2.5M_JNL_10off_20on_20off,525,52.418,31628700,-7.626651738549685
rlh267_NaAc_2.5M_JNL_10off_20on_20off,526,52.518,31811400,-7.093066395890424
rlh267_NaAc_2.5M_JNL_10off_20on_20off,527,52.618,31493000.000000004,-8.022971010574095
rlh267_NaAc_2.5M_JNL_10off_20on_20off,528,52.718,31898300,-6.839270192950687
rlh267_NaAc_2.5M_JNL_10off_20on_20off,529,52.818,31809100,-7.099783671687448
rlh267_NaAc_2.5M_JNL_10off_20on_20off,530,52.918,31696700,-7.428054019333322
rlh267_NaAc_2.5M_JNL_10off_20on_20off,531,53.018,31665700,-7.518591214858428
rlh267_NaAc_2.5M_JNL_10off_20on_20off,532,53.118,31735000.000000004,-7.316196774539387
rlh267_NaAc_2.5M_JNL_10off_20on_20off,533,53.218,31374800,-8.368180575447257
rlh267_NaAc_2.5M_JNL_10off_20on_20off,534,53.318,31779200,-7.187108257048762
rlh267_NaAc_2.5M_JNL_10off_20on_20off,535,53.418,31421700,-8.231206560281853
rlh267_NaAc_2.5M_JNL_10off_20on_20off,536,53.518,31623600,-7.641546567490913
rlh267_NaAc_2.5M_JNL_10off_20on_20off,537,53.618,31617000,-7.660822228473678
rlh267_NaAc_2.5M_JNL_10off_20on_20off,538,53.718,31304500,-8.573495570460645
rlh267_NaAc_2.5M_JNL_10off_20on_20off,539,53.818,31719600,-7.361173316832516
rlh267_NaAc_2.5M_JNL_10off_20on_20off,540,53.918,31840400,-7.008370309754033
rlh267_NaAc_2.5M_JNL_10off_20on_20off,541,54.018,31102800,-9.162571452312715
rlh267_NaAc_2.5M_JNL_10off_20on_20off,542,54.118,31655300,-7.548964983679754
rlh267_NaAc_2.5M_JNL_10off_20on_20off,543,54.218,31423300,-8.22653367277088
rlh267_NaAc_2.5M_JNL_10off_20on_20off,544,54.318,31417300,-8.24405700093703
rlh267_NaAc_2.5M_JNL_10off_20on_20off,545,54.418,31632400,-7.61584568618056
rlh267_NaAc_2.5M_JNL_10off_20on_20off,546,54.518,31266800,-8.683600482437953
rlh267_NaAc_2.5M_JNL_10off_20on_20off,547,54.618,31600400,-7.709303436400025
rlh267_NaAc_2.5M_JNL_10off_20on_20off,548,54.718,31766400,-7.2244913571365474
rlh267_NaAc_2.5M_JNL_10off_20on_20off,549,54.818,31872700,-6.914036393126261
rlh267_NaAc_2.5M_JNL_10off_20on_20off,550,54.918,31162600,-8.987922281590087
rlh267_NaAc_2.5M_JNL_10off_20on_20off,551,55.018,31659400,-7.536990709432885
rlh267_NaAc_2.5M_JNL_10off_20on_20off,552,55.118,31602500,-7.7031702715418735
rlh267_NaAc_2.5M_JNL_10off_20on_20off,553,55.218,31500300,-8.001650961305291
rlh267_NaAc_2.5M_JNL_10off_20on_20off,554,55.318,31466300,-8.100949820913472
rlh267_NaAc_2.5M_JNL_10off_20on_20off,555,55.418,31470100,-8.08985171307491
rlh267_NaAc_2.5M_JNL_10off_20on_20off,556,55.518,31433600,-8.196451959418988
rlh267_NaAc_2.5M_JNL_10off_20on_20off,557,55.618,31376300,-8.36379974340572
rlh267_NaAc_2.5M_JNL_10off_20on_20off,558,55.718,31627800,-7.629280237774608
rlh267_NaAc_2.5M_JNL_10off_20on_20off,559,55.818,31520000,-7.944116033826433
rlh267_NaAc_2.5M_JNL_10off_20on_20off,560,55.918,31495700.000000004,-8.015085512899327
rlh267_NaAc_2.5M_JNL_10off_20on_20off,561,56.018,31390100,-8.323496088623575
rlh267_NaAc_2.5M_JNL_10off_20on_20off,562,56.118,31233500,-8.780854953760086
rlh267_NaAc_2.5M_JNL_10off_20on_20off,563,56.218,31409600.000000004,-8.266545272083578
rlh267_NaAc_2.5M_JNL_10off_20on_20off,564,56.318,31188800,-8.911403748597902
rlh267_NaAc_2.5M_JNL_10off_20on_20off,565,56.418,31466300,-8.100949820913472
rlh267_NaAc_2.5M_JNL_10off_20on_20off,566,56.518,31581700,-7.763917809184526
rlh267_NaAc_2.5M_JNL_10off_20on_20off,567,56.618,31432600,-8.199372514113348
rlh267_NaAc_2.5M_JNL_10off_20on_20off,569,56.818,31367100,-8.390668846593815
rlh267_NaAc_2.5M_JNL_10off_20on_20off,570,56.918,31229100,-8.793705394415262
rlh267_NaAc_2.5M_JNL_10off_20on_20off,571,57.018,31314400,-8.5445820789865
rlh267_NaAc_2.5M_JNL_10off_20on_20off,572,57.118,31197000,-8.887455200104162
rlh267_NaAc_2.5M_JNL_10off_20on_20off,573,57.218,31409900,-8.265669105675281
rlh267_NaAc_2.5M_JNL_10off_20on_20off,574,57.318,31305600,-8.570282960296852
rlh267_NaAc_2.5M_JNL_10off_20on_20off,575,57.418,31357000,-8.420166449006835
rlh267_NaAc_2.5M_JNL_10off_20on_20off,576,57.518,31244200.000000004,-8.74960501853044
rlh267_NaAc_2.5M_JNL_10off_20on_20off,577,57.618,31246000,-8.744348020080606
rlh267_NaAc_2.5M_JNL_10off_20on_20off,578,57.718,31176800,-8.9464504049302
rlh267_NaAc_2.5M_JNL_10off_20on_20off,579,57.818,31280600,-8.64329682765581
rlh267_NaAc_2.5M_JNL_10off_20on_20off,580,57.918,31224800,-8.806263779601002
rlh267_NaAc_2.5M_JNL_10off_20on_20off,581,58.018,31081300,-9.225363378241418
rlh267_NaAc_2.5M_JNL_10off_20on_20off,582,58.118,31218300,-8.82524738511433
rlh267_NaAc_2.5M_JNL_10off_20on_20off,583,58.218,31310600,-8.55568018682506
rlh267_NaAc_2.5M_JNL_10off_20on_20off,584,58.318,31282100,-8.638915995614271
rlh267_NaAc_2.5M_JNL_10off_20on_20off,585,58.418,31428600.000000004,-8.21105473289077
rlh267_NaAc_2.5M_JNL_10off_20on_20off,586,58.518,31435700,-8.190318794560838
rlh267_NaAc_2.5M_JNL_10off_20on_20off,587,58.618,31116400,-9.12285190846944
rlh267_NaAc_2.5M_JNL_10off_20on_20off,588,58.718,31102800,-9.162571452312715
rlh267_NaAc_2.5M_JNL_10off_20on_20off,589,58.818,31263200.000000004,-8.694114479337632
rlh267_NaAc_2.5M_JNL_10off_20on_20off,590,58.918,31297300,-8.594523564260026
rlh267_NaAc_2.5M_JNL_10off_20on_20off,591,59.018,31309500,-8.558892796988854
rlh267_NaAc_2.5M_JNL_10off_20on_20off,592,59.118,31242600,-8.754277906041425
rlh267_NaAc_2.5M_JNL_10off_20on_20off,593,59.218,31272600,-8.666661265210674
rlh267_NaAc_2.5M_JNL_10off_20on_20off,594,59.318,31339500,-8.471276156158106
rlh267_NaAc_2.5M_JNL_10off_20on_20off,595,59.418,30930399.999999996,-9.666075081620097
rlh267_NaAc_2.5M_JNL_10off_20on_20off,596,59.518,31246900.000000004,-8.741719520855673
rlh267_NaAc_2.5M_JNL_10off_20on_20off,597,59.619,31169400,-8.968062509668453
rlh267_NaAc_2.5M_JNL_10off_20on_20off,598,59.718,30959100,-9.582255161892002
rlh267_NaAc_2.5M_JNL_10off_20on_20off,599,59.818,31106800,-9.150889233535281
rlh267_NaAc_2.5M_JNL_10off_20on_20off,600,59.918,31168999.999999996,-8.969230731546206
