stim_jnl,frame,time_s,fluor,dff
rlh267_NaAc_2.5M_JNL_10off_20on_20off,2,0.1,46468200,3.78982972007067
rlh267_NaAc_2.5M_JNL_10off_20on_20off,3,0.2,45870100,2.453933404836289
rlh267_NaAc_2.5M_JNL_10off_20on_20off,4,0.301,45358100,1.3103471928316024
rlh267_NaAc_2.5M_JNL_10off_20on_20off,5,0.4,45259700,1.0905642177119514
rlh267_NaAc_2.5M_JNL_10off_20on_20off,6,0.501,45170400,0.891106700657228
rlh267_NaAc_2.5M_JNL_10off_20on_20off,7,0.601,44767300,-0.00924408461443069
rlh267_NaAc_2.5M_JNL_10off_20on_20off,8,0.701,45046900,0.6152611983475037
rlh267_NaAc_2.5M_JNL_10off_20on_20off,9,0.801,44833999.99999999,0.13973482230100698
rlh267_NaAc_2.5M_JNL_10off_20on_20off,10,0.9,45080100,0.6894156167821827
rlh267_NaAc_2.5M_JNL_10off_20on_20off,11,1,44631900,-0.3116690320859826
rlh267_NaAc_2.5M_JNL_10off_20on_20off,12,1.1,44629899.99999999,-0.31613616572664255
rlh267_NaAc_2.5M_JNL_10off_20on_20off,13,1.2,44454900.00000001,-0.7070103592828987
rlh267_NaAc_2.5M_JNL_10off_20on_20off,14,1.3,44931900,0.35840101401051355
rlh267_NaAc_2.5M_JNL_10off_20on_20off,15,1.4,44535900,-0.5260914468368614
rlh267_NaAc_2.5M_JNL_10off_20on_20off,16,1.5,45152300,0.850679141209406
rlh267_NaAc_2.5M_JNL_10off_20on_20off,17,1.6,44848300,0.17167482783162327
rlh267_NaAc_2.5M_JNL_10off_20on_20off,18,1.7,44637500,-0.29916105789218134
rlh267_NaAc_2.5M_JNL_10off_20on_20off,19,1.8,45117500,0.7729510158622124
rlh267_NaAc_2.5M_JNL_10off_20on_20off,20,1.9,45062400,0.6498814840624892
rlh267_NaAc_2.5M_JNL_10off_20on_20off,21,2,44721300,-0.11198815834922676
rlh267_NaAc_2.5M_JNL_10off_20on_20off,22,2.101,44750500.00000001,-0.04676800719581783
rlh267_NaAc_2.5M_JNL_10off_20on_20off,23,2.2,44875999.99999999,0.23354462875451645
rlh267_NaAc_2.5M_JNL_10off_20on_20off,24,2.3,44818900,0.10600796331416665
rlh267_NaAc_2.5M_JNL_10off_20on_20off,25,2.4,44521300,-0.5587015224135575
rlh267_NaAc_2.5M_JNL_10off_20on_20off,26,2.5,44777699.99999999,0.013985010316897868
rlh267_NaAc_2.5M_JNL_10off_20on_20off,27,2.6,44906000,0.3005516333641827
rlh267_NaAc_2.5M_JNL_10off_20on_20off,28,2.7,44614800,-0.34986302471348285
rlh267_NaAc_2.5M_JNL_10off_20on_20off,29,2.8,44504000,-0.5973422284051221
rlh267_NaAc_2.5M_JNL_10off_20on_20off,30,2.9,44722500,-0.10930787816484078
rlh267_NaAc_2.5M_JNL_10off_20on_20off,31,3.001,44445499.99999999,-0.7280058873939556
rlh267_NaAc_2.5M_JNL_10off_20on_20off,32,3.101,44677100,-0.21071181180744386
rlh267_NaAc_2.5M_JNL_10off_20on_20off,33,3.201,44944800,0.38721402599266286
rlh267_NaAc_2.5M_JNL_10off_20on_20off,34,3.301,44955100,0.4102197642419759
rlh267_NaAc_2.5M_JNL_10off_20on_20off,35,3.401,44683200,-0.19708705420348177
rlh267_NaAc_2.5M_JNL_10off_20on_20off,36,3.5,44984000,0.47476984534927164
rlh267_NaAc_2.5M_JNL_10off_20on_20off,37,3.6,44749000,-0.050118357426316956
rlh267_NaAc_2.5M_JNL_10off_20on_20off,38,3.7,45018100,0.55093447392224
rlh267_NaAc_2.5M_JNL_10off_20on_20off,39,3.8,44837700,0.14799901953621372
rlh267_NaAc_2.5M_JNL_10off_20on_20off,40,3.901,44873400,0.22773735502169676
rlh267_NaAc_2.5M_JNL_10off_20on_20off,41,4.001,44531200,-0.5365892108923732
rlh267_NaAc_2.5M_JNL_10off_20on_20off,42,4.1,45117100,0.7720575891340838
rlh267_NaAc_2.5M_JNL_10off_20on_20off,43,4.2,45014600,0.5431169900511142
rlh267_NaAc_2.5M_JNL_10off_20on_20off,44,4.3,45165300.00000001,0.8797155098736041
rlh267_NaAc_2.5M_JNL_10off_20on_20off,45,4.4,45199100,0.9552100684004593
rlh267_NaAc_2.5M_JNL_10off_20on_20off,46,4.5,45032400,0.5828744794528398
rlh267_NaAc_2.5M_JNL_10off_20on_20off,47,4.6,45208500,0.9762055965114829
rlh267_NaAc_2.5M_JNL_10off_20on_20off,48,4.7,45265500,1.103518905269817
rlh267_NaAc_2.5M_JNL_10off_20on_20off,49,4.8,45337300,1.2638890029689118
rlh267_NaAc_2.5M_JNL_10off_20on_20off,50,4.901,45218900,0.999434691442828
rlh267_NaAc_2.5M_JNL_10off_20on_20off,51,5,45190000,0.9348846103355324
rlh267_NaAc_2.5M_JNL_10off_20on_20off,52,5.1,45151800,0.8495623577992452
rlh267_NaAc_2.5M_JNL_10off_20on_20off,53,5.2,45134299.99999999,0.8104749384435996
rlh267_NaAc_2.5M_JNL_10off_20on_20off,54,5.301,45058100,0.6402771467351063
rlh267_NaAc_2.5M_JNL_10off_20on_20off,55,5.401,45203600,0.9652611190919069
rlh267_NaAc_2.5M_JNL_10off_20on_20off,56,5.5,45515800.00000001,1.6625806803963437
rlh267_NaAc_2.5M_JNL_10off_20on_20off,57,5.6,45289500,1.1571245089575368
rlh267_NaAc_2.5M_JNL_10off_20on_20off,58,5.7,45302200,1.1854908075756219
rlh267_NaAc_2.5M_JNL_10off_20on_20off,59,5.8,45338700,1.2670159965173622
rlh267_NaAc_2.5M_JNL_10off_20on_20off,60,5.9,45517700,1.6668244573549384
rlh267_NaAc_2.5M_JNL_10off_20on_20off,61,6,45409800,1.4258225974422318
rlh267_NaAc_2.5M_JNL_10off_20on_20off,62,6.1,45131500.00000001,0.8042209513467322
rlh267_NaAc_2.5M_JNL_10off_20on_20off,63,6.2,45559600,1.7604109071264153
rlh267_NaAc_2.5M_JNL_10off_20on_20off,64,6.3,45201100,0.9596772020411027
rlh267_NaAc_2.5M_JNL_10off_20on_20off,65,6.4,45149100.00000001,0.8435317273843933
rlh267_NaAc_2.5M_JNL_10off_20on_20off,66,6.5,45519100,1.6699514509033886
rlh267_NaAc_2.5M_JNL_10off_20on_20off,67,6.6,45203100,0.9641443356817461
rlh267_NaAc_2.5M_JNL_10off_20on_20off,68,6.71,45480900,1.5846291983671015
rlh267_NaAc_2.5M_JNL_10off_20on_20off,69,6.8,45214600,0.989830354115445
rlh267_NaAc_2.5M_JNL_10off_20on_20off,70,6.901,45343000,1.2766203338447455
rlh267_NaAc_2.5M_JNL_10off_20on_20off,71,7,45259400,1.0898941476658552
rlh267_NaAc_2.5M_JNL_10off_20on_20off,72,7.1,45778900,2.2502321108229544
rlh267_NaAc_2.5M_JNL_10off_20on_20off,73,7.2,45647100,1.9558480039045603
rlh267_NaAc_2.5M_JNL_10off_20on_20off,74,7.3,45408400,1.4226956038937815
rlh267_NaAc_2.5M_JNL_10off_20on_20off,75,7.4,45356700,1.307220199283152
rlh267_NaAc_2.5M_JNL_10off_20on_20off,76,7.5,45451100,1.518068907121516
rlh267_NaAc_2.5M_JNL_10off_20on_20off,77,7.6,45467100,1.5538059762466627
rlh267_NaAc_2.5M_JNL_10off_20on_20off,78,7.7,45703400,2.0815978158886694
rlh267_NaAc_2.5M_JNL_10off_20on_20off,79,7.8,45662300,1.9897982195734492
rlh267_NaAc_2.5M_JNL_10off_20on_20off,80,7.9,45423099.99999999,1.455529036152493
rlh267_NaAc_2.5M_JNL_10off_20on_20off,81,8,45374900,1.3478711154130063
rlh267_NaAc_2.5M_JNL_10off_20on_20off,82,8.1,45884500,2.4860967670489207
rlh267_NaAc_2.5M_JNL_10off_20on_20off,83,8.2,45593199.99999999,1.8354587522892065
rlh267_NaAc_2.5M_JNL_10off_20on_20off,84,8.3,45795800,2.2879793900863903
rlh267_NaAc_2.5M_JNL_10off_20on_20off,85,8.4,45570000.00000001,1.7836400020577774
rlh267_NaAc_2.5M_JNL_10off_20on_20off,86,8.5,45800700,2.2989238675059664
rlh267_NaAc_2.5M_JNL_10off_20on_20off,87,8.6,45595100.00000001,1.8397025292478508
rlh267_NaAc_2.5M_JNL_10off_20on_20off,88,8.7,45874400,2.4635377421636724
rlh267_NaAc_2.5M_JNL_10off_20on_20off,89,8.8,45909100,2.5410425108288335
rlh267_NaAc_2.5M_JNL_10off_20on_20off,90,8.9,45722500,2.124258942156813
rlh267_NaAc_2.5M_JNL_10off_20on_20off,91,9,46048500,2.852401725581672
rlh267_NaAc_2.5M_JNL_10off_20on_20off,92,9.11,45881800,2.4800661366340524
rlh267_NaAc_2.5M_JNL_10off_20on_20off,93,9.21,45929100,2.5857138472352665
rlh267_NaAc_2.5M_JNL_10off_20on_20off,94,9.31,45855900,2.422216755987722
rlh267_NaAc_2.5M_JNL_10off_20on_20off,95,9.41,46240100,3.2803531283553014
rlh267_NaAc_2.5M_JNL_10off_20on_20off,96,9.51,45964600.00000001,2.665005469356702
rlh267_NaAc_2.5M_JNL_10off_20on_20off,97,9.61,45624900.00000001,1.9062628204934362
rlh267_NaAc_2.5M_JNL_10off_20on_20off,98,9.71,45711500,2.0996897071332747
rlh267_NaAc_2.5M_JNL_10off_20on_20off,99,9.81,45727800,2.136096846304518
rlh267_NaAc_2.5M_JNL_10off_20on_20off,100,9.91,43928900.00000001,-1.8818665067720886
rlh267_NaAc_2.5M_JNL_10off_20on_20off,101,10.01,43686800,-2.4226130339719774
rlh267_NaAc_2.5M_JNL_10off_20on_20off,102,10.11,43307000,-3.2709217123301415
rlh267_NaAc_2.5M_JNL_10off_20on_20off,103,10.21,43737600,-2.3091478394996376
rlh267_NaAc_2.5M_JNL_10off_20on_20off,104,10.31,43726000,-2.3350572146153685
rlh267_NaAc_2.5M_JNL_10off_20on_20off,105,10.41,43475600,-2.894342346423911
rlh267_NaAc_2.5M_JNL_10off_20on_20off,106,10.51,43336400,-3.205254847812685
rlh267_NaAc_2.5M_JNL_10off_20on_20off,107,10.61,43043900,-3.858573142756769
rlh267_NaAc_2.5M_JNL_10off_20on_20off,108,10.71,42696700,-4.634067542772447
rlh267_NaAc_2.5M_JNL_10off_20on_20off,109,10.81,43121200,-3.685918427545905
rlh267_NaAc_2.5M_JNL_10off_20on_20off,110,10.91,43069900,-3.800500405428406
rlh267_NaAc_2.5M_JNL_10off_20on_20off,111,11.01,43101800,-3.729249623860145
rlh267_NaAc_2.5M_JNL_10off_20on_20off,112,11.11,42981299.99999999,-3.9983944257089212
rlh267_NaAc_2.5M_JNL_10off_20on_20off,113,11.211,43139400,-3.6452675114160513
rlh267_NaAc_2.5M_JNL_10off_20on_20off,114,11.31,43211400,-3.4844507003528915
rlh267_NaAc_2.5M_JNL_10off_20on_20off,115,11.41,42855400,-4.279600488387401
rlh267_NaAc_2.5M_JNL_10off_20on_20off,116,11.51,42967300,-4.029664361193407
rlh267_NaAc_2.5M_JNL_10off_20on_20off,117,11.61,42672100.00000001,-4.689013286552343
rlh267_NaAc_2.5M_JNL_10off_20on_20off,118,11.71,42790100.00000001,-4.425452401754388
rlh267_NaAc_2.5M_JNL_10off_20on_20off,119,11.81,42747500,-4.520602348300107
rlh267_NaAc_2.5M_JNL_10off_20on_20off,120,11.91,42310900,-5.495777622052541
rlh267_NaAc_2.5M_JNL_10off_20on_20off,121,12.01,42378800,-5.3441184349527004
rlh267_NaAc_2.5M_JNL_10off_20on_20off,122,12.11,42138000,-5.881961325286155
rlh267_NaAc_2.5M_JNL_10off_20on_20off,123,12.21,42324700,-5.464954399932102
rlh267_NaAc_2.5M_JNL_10off_20on_20off,124,12.31,42201500,-5.74012983219573
rlh267_NaAc_2.5M_JNL_10off_20on_20off,125,12.41,41764599.99999999,-6.715975175994276
rlh267_NaAc_2.5M_JNL_10off_20on_20off,126,12.51,41819200,-6.594022427604698
rlh267_NaAc_2.5M_JNL_10off_20on_20off,127,12.61,41663200,-6.942458851574876
rlh267_NaAc_2.5M_JNL_10off_20on_20off,128,12.71,41657100,-6.9560836091788385
rlh267_NaAc_2.5M_JNL_10off_20on_20off,129,12.81,41667600,-6.932631157565461
rlh267_NaAc_2.5M_JNL_10off_20on_20off,130,12.91,41568500.00000001,-7.15397762945932
rlh267_NaAc_2.5M_JNL_10off_20on_20off,131,13.01,41326900,-7.693607373249048
rlh267_NaAc_2.5M_JNL_10off_20on_20off,132,13.11,41296200,-7.762177874632922
rlh267_NaAc_2.5M_JNL_10off_20on_20off,133,13.21,41519800,-7.262752333609002
rlh267_NaAc_2.5M_JNL_10off_20on_20off,134,13.31,41025100,-8.367697839622124
rlh267_NaAc_2.5M_JNL_10off_20on_20off,135,13.41,41238000,-7.892171463575644
rlh267_NaAc_2.5M_JNL_10off_20on_20off,136,13.51,40546000,-9.437799703238229
rlh267_NaAc_2.5M_JNL_10off_20on_20off,137,13.61,40843600,-8.773090217510504
rlh267_NaAc_2.5M_JNL_10off_20on_20off,138,13.71,40590500,-9.338405979733915
rlh267_NaAc_2.5M_JNL_10off_20on_20off,139,13.81,40699700,-9.094500482954789
rlh267_NaAc_2.5M_JNL_10off_20on_20off,140,13.91,40097400,-10.439777778834522
rlh267_NaAc_2.5M_JNL_10off_20on_20off,141,14.01,40350200,-9.875132086657207
rlh267_NaAc_2.5M_JNL_10off_20on_20off,142,14.11,40157400,-10.305763769615222
rlh267_NaAc_2.5M_JNL_10off_20on_20off,143,14.21,40375000,-9.81973962951323
rlh267_NaAc_2.5M_JNL_10off_20on_20off,144,14.31,40119900,-10.389522525377284
rlh267_NaAc_2.5M_JNL_10off_20on_20off,145,14.41,40217100,-10.17241983044202
rlh267_NaAc_2.5M_JNL_10off_20on_20off,146,14.51,39539800,-11.685214637845876
rlh267_NaAc_2.5M_JNL_10off_20on_20off,147,14.61,39210700,-12.420281478413733
rlh267_NaAc_2.5M_JNL_10off_20on_20off,148,14.71,39365700,-12.074078621263876
rlh267_NaAc_2.5M_JNL_10off_20on_20off,149,14.81,39768300,-11.174844619402377
rlh267_NaAc_2.5M_JNL_10off_20on_20off,150,14.91,39445200,-11.896510059048303
rlh267_NaAc_2.5M_JNL_10off_20on_20off,151,15.01,39363900,-12.078099041540455
rlh267_NaAc_2.5M_JNL_10off_20on_20off,152,15.11,39369600,-12.06536771066462
rlh267_NaAc_2.5M_JNL_10off_20on_20off,153,15.21,39129400,-12.60187046090588
rlh267_NaAc_2.5M_JNL_10off_20on_20off,154,15.31,39321100,-12.173695701450221
rlh267_NaAc_2.5M_JNL_10off_20on_20off,155,15.41,38963600,-12.972195839715212
rlh267_NaAc_2.5M_JNL_10off_20on_20off,156,15.511,39116800,-12.630013402841936
rlh267_NaAc_2.5M_JNL_10off_20on_20off,157,15.61,38821300,-13.290032398246984
rlh267_NaAc_2.5M_JNL_10off_20on_20off,158,15.71,38744500,-13.461570330047687
rlh267_NaAc_2.5M_JNL_10off_20on_20off,159,15.81,38960100,-12.98001332358634
rlh267_NaAc_2.5M_JNL_10off_20on_20off,160,15.91,38473000,-14.067983721765016
rlh267_NaAc_2.5M_JNL_10off_20on_20off,161,16.01,38904600,-13.103976282114191
rlh267_NaAc_2.5M_JNL_10off_20on_20off,162,16.11,38309300,-14.433618610251669
rlh267_NaAc_2.5M_JNL_10off_20on_20off,163,16.21,38431800,-14.160006674762268
rlh267_NaAc_2.5M_JNL_10off_20on_20off,164,16.31,38462300,-14.091882886742457
rlh267_NaAc_2.5M_JNL_10off_20on_20off,165,16.41,38214100,-14.64625417154629
rlh267_NaAc_2.5M_JNL_10off_20on_20off,166,16.51,38371000,-14.295807537437824
rlh267_NaAc_2.5M_JNL_10off_20on_20off,167,16.61,38081500,-14.942425131920945
rlh267_NaAc_2.5M_JNL_10off_20on_20off,168,16.711,38007200,-15.108379146670842
rlh267_NaAc_2.5M_JNL_10off_20on_20off,169,16.81,37920900,-15.301135963264601
rlh267_NaAc_2.5M_JNL_10off_20on_20off,170,16.91,38275600,-14.508889812096509
rlh267_NaAc_2.5M_JNL_10off_20on_20off,171,17.011,37717400,-15.755666811200058
rlh267_NaAc_2.5M_JNL_10off_20on_20off,172,17.111,37156100,-17.0093678674466
rlh267_NaAc_2.5M_JNL_10off_20on_20off,173,17.211,37676900,-15.846126267423086
rlh267_NaAc_2.5M_JNL_10off_20on_20off,174,17.311,37065200,-17.21239909141384
rlh267_NaAc_2.5M_JNL_10off_20on_20off,175,17.411,36984100,-17.393541360541924
rlh267_NaAc_2.5M_JNL_10off_20on_20off,176,17.512,36839200,-17.717185192806532
rlh267_NaAc_2.5M_JNL_10off_20on_20off,177,17.612,37207900,-16.89366910615394
rlh267_NaAc_2.5M_JNL_10off_20on_20off,178,17.711,36962500,-17.441786403860874
rlh267_NaAc_2.5M_JNL_10off_20on_20off,179,17.811,36797500,-17.810324929213948
rlh267_NaAc_2.5M_JNL_10off_20on_20off,180,17.912,36456700,-18.571524501579567
rlh267_NaAc_2.5M_JNL_10off_20on_20off,181,18.011,36700100,-18.027874337513275
rlh267_NaAc_2.5M_JNL_10off_20on_20off,182,18.112,36592300,-18.26865284074395
rlh267_NaAc_2.5M_JNL_10off_20on_20off,183,18.211,36525700,-18.41740839097737
rlh267_NaAc_2.5M_JNL_10off_20on_20off,184,18.311,36244800,-19.044817310805726
rlh267_NaAc_2.5M_JNL_10off_20on_20off,185,18.411,36546800,-18.370280131068586
rlh267_NaAc_2.5M_JNL_10off_20on_20off,186,18.511,36455300,-18.574651495128016
rlh267_NaAc_2.5M_JNL_10off_20on_20off,187,18.611,36247200,-19.039456750436955
rlh267_NaAc_2.5M_JNL_10off_20on_20off,188,18.712,36243800,-19.047050877626045
rlh267_NaAc_2.5M_JNL_10off_20on_20off,189,18.812,36338900,-18.83463867301346
rlh267_NaAc_2.5M_JNL_10off_20on_20off,190,18.912,36062400,-19.452219898832393
rlh267_NaAc_2.5M_JNL_10off_20on_20off,191,19.011,35767800,-20.110228684099155
rlh267_NaAc_2.5M_JNL_10off_20on_20off,192,19.111,35426000,-20.873661823285094
rlh267_NaAc_2.5M_JNL_10off_20on_20off,193,19.212,35794900,-20.049699023268435
rlh267_NaAc_2.5M_JNL_10off_20on_20off,194,19.312,35444300,-20.83278755047321
rlh267_NaAc_2.5M_JNL_10off_20on_20off,195,19.412,35163100,-21.460866540347656
rlh267_NaAc_2.5M_JNL_10off_20on_20off,196,19.512,35090500,-21.62302349150301
rlh267_NaAc_2.5M_JNL_10off_20on_20off,197,19.612,35048900,-21.71593987122839
rlh267_NaAc_2.5M_JNL_10off_20on_20off,198,19.712,34873500,-22.10770749151281
rlh267_NaAc_2.5M_JNL_10off_20on_20off,199,19.812,34981700,-21.866035561554007
rlh267_NaAc_2.5M_JNL_10off_20on_20off,200,19.912,34833000,-22.198166947735835
rlh267_NaAc_2.5M_JNL_10off_20on_20off,201,20.012,34404300,-23.155697043607727
rlh267_NaAc_2.5M_JNL_10off_20on_20off,202,20.112,34380700,-23.20840922056732
rlh267_NaAc_2.5M_JNL_10off_20on_20off,203,20.212,34329700,-23.322321128403722
rlh267_NaAc_2.5M_JNL_10off_20on_20off,204,20.312,34108800,-23.815716039012777
rlh267_NaAc_2.5M_JNL_10off_20on_20off,205,20.412,34049000,-23.949283334868014
rlh267_NaAc_2.5M_JNL_10off_20on_20off,206,20.512,34269200,-23.457451921033183
rlh267_NaAc_2.5M_JNL_10off_20on_20off,207,20.612,34116200,-23.799187644542396
rlh267_NaAc_2.5M_JNL_10off_20on_20off,208,20.712,34010200,-24.03594572749649
rlh267_NaAc_2.5M_JNL_10off_20on_20off,209,20.812,33940100,-24.19251876160104
rlh267_NaAc_2.5M_JNL_10off_20on_20off,210,20.912,33436000,-25.318459795725186
rlh267_NaAc_2.5M_JNL_10off_20on_20off,211,21.012,33858500,-24.374777814139286
rlh267_NaAc_2.5M_JNL_10off_20on_20off,212,21.112,33724900,-24.67318234133426
rlh267_NaAc_2.5M_JNL_10off_20on_20off,213,21.212,33871600,-24.34551808879307
rlh267_NaAc_2.5M_JNL_10off_20on_20off,214,21.312,33379400,-25.444879677755388
rlh267_NaAc_2.5M_JNL_10off_20on_20off,215,21.412,33265400,-25.699506295272062
rlh267_NaAc_2.5M_JNL_10off_20on_20off,216,21.512,33251900,-25.729659447346403
rlh267_NaAc_2.5M_JNL_10off_20on_20off,217,21.612,32806500,-26.724490109117667
rlh267_NaAc_2.5M_JNL_10off_20on_20off,218,21.712,32805300,-26.727170389302053
rlh267_NaAc_2.5M_JNL_10off_20on_20off,219,21.812,33104500,-26.05888719666181
rlh267_NaAc_2.5M_JNL_10off_20on_20off,220,21.912,32709700,-26.9406993773248
rlh267_NaAc_2.5M_JNL_10off_20on_20off,221,22.012,32415000,-27.598931519273595
rlh267_NaAc_2.5M_JNL_10off_20on_20off,222,22.112,32460900,-27.49641080222083
rlh267_NaAc_2.5M_JNL_10off_20on_20off,223,22.212,32648300,-27.077840380092553
rlh267_NaAc_2.5M_JNL_10off_20on_20off,224,22.312,32133300,-28.228127292558202
rlh267_NaAc_2.5M_JNL_10off_20on_20off,225,22.412,32289800,-27.878574085177867
rlh267_NaAc_2.5M_JNL_10off_20on_20off,226,22.512,32270300,-27.922128638174136
rlh267_NaAc_2.5M_JNL_10off_20on_20off,227,22.612,32285000,-27.88929520591541
rlh267_NaAc_2.5M_JNL_10off_20on_20off,228,22.712,32255800,-27.9545153570688
rlh267_NaAc_2.5M_JNL_10off_20on_20off,229,22.812,32287000,-27.884828072274765
rlh267_NaAc_2.5M_JNL_10off_20on_20off,230,22.912,31829700,-28.90623817920786
rlh267_NaAc_2.5M_JNL_10off_20on_20off,231,23.012,31725400,-29.139199198567407
rlh267_NaAc_2.5M_JNL_10off_20on_20off,232,23.112,31751299.999999996,-29.081349817921083
rlh267_NaAc_2.5M_JNL_10off_20on_20off,233,23.212,31828400,-28.909141816074275
rlh267_NaAc_2.5M_JNL_10off_20on_20off,234,23.312,31338900,-30.002472774621726
rlh267_NaAc_2.5M_JNL_10off_20on_20off,235,23.412,31283500,-30.126212376467542
rlh267_NaAc_2.5M_JNL_10off_20on_20off,236,23.512,31612600,-29.39114553589969
rlh267_NaAc_2.5M_JNL_10off_20on_20off,237,23.612,31420600,-29.819990365401445
rlh267_NaAc_2.5M_JNL_10off_20on_20off,238,23.712,31656800,-29.29242188244147
rlh267_NaAc_2.5M_JNL_10off_20on_20off,239,23.812,31266200,-30.16485308245911
rlh267_NaAc_2.5M_JNL_10off_20on_20off,240,23.912,31044600,-30.659811489842387
rlh267_NaAc_2.5M_JNL_10off_20on_20off,241,24.012,31156600,-30.409652005966365
rlh267_NaAc_2.5M_JNL_10off_20on_20off,242,24.112,30818800,-31.164150877871016
rlh267_NaAc_2.5M_JNL_10off_20on_20off,243,24.212,30834200,-31.12975394883806
rlh267_NaAc_2.5M_JNL_10off_20on_20off,244,24.312,30665100,-31.507450098154454
rlh267_NaAc_2.5M_JNL_10off_20on_20off,245,24.412,30341600,-32.23000896452851
rlh267_NaAc_2.5M_JNL_10off_20on_20off,246,24.512,30238900.000000004,-32.45939627697554
rlh267_NaAc_2.5M_JNL_10off_20on_20off,247,24.612,30177700,-32.59609056637923
rlh267_NaAc_2.5M_JNL_10off_20on_20off,248,24.712,30186099.999999996,-32.57732860508853
rlh267_NaAc_2.5M_JNL_10off_20on_20off,249,24.812,30137200,-32.686550022602255
rlh267_NaAc_2.5M_JNL_10off_20on_20off,250,24.912,30534800,-31.79848385484237
rlh267_NaAc_2.5M_JNL_10off_20on_20off,251,25.012,29767600,-33.51207631939314
rlh267_NaAc_2.5M_JNL_10off_20on_20off,252,25.112,29573400,-33.9458349958996
rlh267_NaAc_2.5M_JNL_10off_20on_20off,253,25.212,29775100,-33.495324568240726
rlh267_NaAc_2.5M_JNL_10off_20on_20off,254,25.312,29642400.000000004,-33.7917188852974
rlh267_NaAc_2.5M_JNL_10off_20on_20off,255,25.412,29633600.000000004,-33.81137427331623
rlh267_NaAc_2.5M_JNL_10off_20on_20off,256,25.512,29016600,-35.1894850014547
rlh267_NaAc_2.5M_JNL_10off_20on_20off,257,25.612,29602700,-33.880391488064184
rlh267_NaAc_2.5M_JNL_10off_20on_20off,258,25.712,29429000,-34.268362044754056
rlh267_NaAc_2.5M_JNL_10off_20on_20off,259,25.812,29128400,-34.93977223094274
rlh267_NaAc_2.5M_JNL_10off_20on_20off,260,25.912,28781800,-35.71392649086623
rlh267_NaAc_2.5M_JNL_10off_20on_20off,261,26.012,29084400,-35.038049171036896
rlh267_NaAc_2.5M_JNL_10off_20on_20off,262,26.112,28698800.000000004,-35.89931253695291
rlh267_NaAc_2.5M_JNL_10off_20on_20off,263,26.212,28569399.999999996,-36.188336083502556
rlh267_NaAc_2.5M_JNL_10off_20on_20off,264,26.312,28858200,-35.54328198579365
rlh267_NaAc_2.5M_JNL_10off_20on_20off,265,26.412,28569300.000000004,-36.18855944018457
rlh267_NaAc_2.5M_JNL_10off_20on_20off,266,26.512,28765700,-35.749886916673404
rlh267_NaAc_2.5M_JNL_10off_20on_20off,267,26.612,28752500,-35.77936999870165
rlh267_NaAc_2.5M_JNL_10off_20on_20off,268,26.712,28780100,-35.717723554460775
rlh267_NaAc_2.5M_JNL_10off_20on_20off,269,26.812,28884100,-35.485432605147324
rlh267_NaAc_2.5M_JNL_10off_20on_20off,270,26.912,28416900,-36.5289550236016
rlh267_NaAc_2.5M_JNL_10off_20on_20off,271,27.011,28399700,-36.56737237291113
rlh267_NaAc_2.5M_JNL_10off_20on_20off,272,27.11,28358100,-36.66028875263651
rlh267_NaAc_2.5M_JNL_10off_20on_20off,273,27.211,28048600,-37.35157768352606
rlh267_NaAc_2.5M_JNL_10off_20on_20off,274,27.311,27955800,-37.55885268445191
rlh267_NaAc_2.5M_JNL_10off_20on_20off,275,27.41,28195800.000000004,-37.02279664757471
rlh267_NaAc_2.5M_JNL_10off_20on_20off,276,27.511,28074100,-37.29462172960786
rlh267_NaAc_2.5M_JNL_10off_20on_20off,277,27.61,27850500,-37.79404727063178
rlh267_NaAc_2.5M_JNL_10off_20on_20off,278,27.71,27932200,-37.61156486141151
rlh267_NaAc_2.5M_JNL_10off_20on_20off,279,27.81,27886700.000000004,-37.71319215173613
rlh267_NaAc_2.5M_JNL_10off_20on_20off,280,27.91,27596200,-38.36204331303958
rlh267_NaAc_2.5M_JNL_10off_20on_20off,281,28.01,28038100,-37.37503013513944
rlh267_NaAc_2.5M_JNL_10off_20on_20off,282,28.111,28476400,-36.39605779779246
rlh267_NaAc_2.5M_JNL_10off_20on_20off,283,28.21,27951200,-37.56912709182539
rlh267_NaAc_2.5M_JNL_10off_20on_20off,284,28.31,28301700,-36.78626192130265
rlh267_NaAc_2.5M_JNL_10off_20on_20off,285,28.41,28088400,-37.26268172407726
rlh267_NaAc_2.5M_JNL_10off_20on_20off,286,28.511,28144999.999999996,-37.13626184204706
rlh267_NaAc_2.5M_JNL_10off_20on_20off,287,28.611,27564300,-38.43329409460784
rlh267_NaAc_2.5M_JNL_10off_20on_20off,288,28.711,27704600,-38.11992466971671
rlh267_NaAc_2.5M_JNL_10off_20on_20off,289,28.811,27510200,-38.554130059587244
rlh267_NaAc_2.5M_JNL_10off_20on_20off,290,28.911,27454100,-38.67943315820729
rlh267_NaAc_2.5M_JNL_10off_20on_20off,291,29.01,27538100,-38.49181354530027
rlh267_NaAc_2.5M_JNL_10off_20on_20off,292,29.111,27529900,-38.510128793226905
rlh267_NaAc_2.5M_JNL_10off_20on_20off,293,29.211,27228800,-39.18265576282575
rlh267_NaAc_2.5M_JNL_10off_20on_20off,294,29.311,27058100,-39.563925619054665
rlh267_NaAc_2.5M_JNL_10off_20on_20off,295,29.411,27278600,-39.071424135173736
rlh267_NaAc_2.5M_JNL_10off_20on_20off,296,29.511,27339200,-38.93606998586224
rlh267_NaAc_2.5M_JNL_10off_20on_20off,297,29.611,26914699.999999996,-39.884219101088796
rlh267_NaAc_2.5M_JNL_10off_20on_20off,298,29.711,26850299.999999996,-40.02806080431751
rlh267_NaAc_2.5M_JNL_10off_20on_20off,299,29.811,27232500,-39.17439156559057
rlh267_NaAc_2.5M_JNL_10off_20on_20off,300,29.911,26644400,-40.48795221262173
rlh267_NaAc_2.5M_JNL_10off_20on_20off,301,30.011,27408800.000000004,-38.780613735167854
rlh267_NaAc_2.5M_JNL_10off_20on_20off,302,30.111,28905000,-35.4387510586026
rlh267_NaAc_2.5M_JNL_10off_20on_20off,303,30.211,29581700,-33.92729639129094
rlh267_NaAc_2.5M_JNL_10off_20on_20off,304,30.311,29943100,-33.12008534242669
rlh267_NaAc_2.5M_JNL_10off_20on_20off,305,30.411,30432000,-32.02809452397143
rlh267_NaAc_2.5M_JNL_10off_20on_20off,306,30.511,30320000,-32.27825400784746
rlh267_NaAc_2.5M_JNL_10off_20on_20off,307,30.611,30977400,-30.809907180168004
rlh267_NaAc_2.5M_JNL_10off_20on_20off,308,30.711,30904500,-30.97273420136945
rlh267_NaAc_2.5M_JNL_10off_20on_20off,309,30.811,30935600,-30.903270273257448
rlh267_NaAc_2.5M_JNL_10off_20on_20off,310,30.911,30841900,-31.112555484321586
rlh267_NaAc_2.5M_JNL_10off_20on_20off,311,31.011,31304100,-30.08020089996892
rlh267_NaAc_2.5M_JNL_10off_20on_20off,312,31.111,31811700,-28.946442381973647
rlh267_NaAc_2.5M_JNL_10off_20on_20off,313,31.211,31021899.999999996,-30.710513456663698
rlh267_NaAc_2.5M_JNL_10off_20on_20off,314,31.311,31599500,-29.420405261245904
rlh267_NaAc_2.5M_JNL_10off_20on_20off,315,31.411,31819900,-28.92812713404701
rlh267_NaAc_2.5M_JNL_10off_20on_20off,316,31.511,31629999.999999996,-29.3522814732261
rlh267_NaAc_2.5M_JNL_10off_20on_20off,317,31.611,31772800,-29.033328131284158
rlh267_NaAc_2.5M_JNL_10off_20on_20off,318,31.711,31797500,-28.978159030822216
rlh267_NaAc_2.5M_JNL_10off_20on_20off,319,31.811,31947500,-28.643124007773967
rlh267_NaAc_2.5M_JNL_10off_20on_20off,320,31.911,31741200,-29.103908842806327
rlh267_NaAc_2.5M_JNL_10off_20on_20off,321,32.011,32440600,-27.54175220867336
rlh267_NaAc_2.5M_JNL_10off_20on_20off,322,32.111,32527400.000000004,-27.34787860866943
rlh267_NaAc_2.5M_JNL_10off_20on_20off,323,32.211,32388400,-27.65834439669415
rlh267_NaAc_2.5M_JNL_10off_20on_20off,324,32.311,32767700,-26.81115250174615
rlh267_NaAc_2.5M_JNL_10off_20on_20off,325,32.411,32455300,-27.50891877641463
rlh267_NaAc_2.5M_JNL_10off_20on_20off,326,32.511,32515500,-27.37445805383127
rlh267_NaAc_2.5M_JNL_10off_20on_20off,327,32.611,32653000,-27.06734261603704
rlh267_NaAc_2.5M_JNL_10off_20on_20off,328,32.711,32973900,-26.35059102339582
rlh267_NaAc_2.5M_JNL_10off_20on_20off,329,32.811,32953900,-26.395262359802256
rlh267_NaAc_2.5M_JNL_10off_20on_20off,330,32.911,33017100,-26.254100936757922
rlh267_NaAc_2.5M_JNL_10off_20on_20off,331,33.011,33129600,-26.002824669471742
rlh267_NaAc_2.5M_JNL_10off_20on_20off,332,33.111,33430000,-25.331861196647115
rlh267_NaAc_2.5M_JNL_10off_20on_20off,333,33.211,33326900,-25.56214193582228
rlh267_NaAc_2.5M_JNL_10off_20on_20off,334,33.311,33603600,-24.944113996639278
rlh267_NaAc_2.5M_JNL_10off_20on_20off,335,33.411,33689100,-24.753144033501776
rlh267_NaAc_2.5M_JNL_10off_20on_20off,336,33.511,33637100,-24.869289508158502
rlh267_NaAc_2.5M_JNL_10off_20on_20off,337,33.611,33943500,-24.184924634411946
rlh267_NaAc_2.5M_JNL_10off_20on_20off,338,33.711,33987400,-24.086871050999825
rlh267_NaAc_2.5M_JNL_10off_20on_20off,339,33.811,34325400,-23.331925465731107
rlh267_NaAc_2.5M_JNL_10off_20on_20off,340,33.911,33797500,-24.511025390178908
rlh267_NaAc_2.5M_JNL_10off_20on_20off,341,34.011,34460000,-23.031287371715813
rlh267_NaAc_2.5M_JNL_10off_20on_20off,342,34.111,34269000,-23.45789863439725
rlh267_NaAc_2.5M_JNL_10off_20on_20off,343,34.211,34433900,-23.089583465726207
rlh267_NaAc_2.5M_JNL_10off_20on_20off,344,34.311,34616800,-22.681064094289376
rlh267_NaAc_2.5M_JNL_10off_20on_20off,345,34.411,34472900,-23.002474359733664
rlh267_NaAc_2.5M_JNL_10off_20on_20off,346,34.511,35420700,-20.885499727432798
rlh267_NaAc_2.5M_JNL_10off_20on_20off,347,34.611,35052100,-21.708792457403362
rlh267_NaAc_2.5M_JNL_10off_20on_20off,348,34.711,34939500,-21.96029208137158
rlh267_NaAc_2.5M_JNL_10off_20on_20off,349,34.811,35623000,-20.43364915968173
rlh267_NaAc_2.5M_JNL_10off_20on_20off,350,34.911,35532000,-20.636903740331
rlh267_NaAc_2.5M_JNL_10off_20on_20off,351,35.011,35169500,-21.446571712697597
rlh267_NaAc_2.5M_JNL_10off_20on_20off,352,35.111,35383000,-20.969705196558927
rlh267_NaAc_2.5M_JNL_10off_20on_20off,353,35.211,35436800,-20.849539301625622
rlh267_NaAc_2.5M_JNL_10off_20on_20off,354,35.311,35542800,-20.612781218671525
rlh267_NaAc_2.5M_JNL_10off_20on_20off,355,35.411,35647500,-20.37892677258385
rlh267_NaAc_2.5M_JNL_10off_20on_20off,356,35.511,35775800,-20.09236014953658
rlh267_NaAc_2.5M_JNL_10off_20on_20off,357,35.611,36040500,-19.501135012197437
rlh267_NaAc_2.5M_JNL_10off_20on_20off,358,35.711,36105700,-19.355506455512465
rlh267_NaAc_2.5M_JNL_10off_20on_20off,359,35.811,36480000,-18.519482394666074
rlh267_NaAc_2.5M_JNL_10off_20on_20off,360,35.911,35899400,-19.816291290544825
rlh267_NaAc_2.5M_JNL_10off_20on_20off,361,36.011,36245200,-19.043923884077596
rlh267_NaAc_2.5M_JNL_10off_20on_20off,362,36.111,36423800,-18.645008849968146
rlh267_NaAc_2.5M_JNL_10off_20on_20off,363,36.211,36454700,-18.57599163522021
rlh267_NaAc_2.5M_JNL_10off_20on_20off,364,36.311,36493200,-18.489999312637824
rlh267_NaAc_2.5M_JNL_10off_20on_20off,365,36.411,36559400,-18.342137189132533
rlh267_NaAc_2.5M_JNL_10off_20on_20off,366,36.511,36657800,-18.12235421401288
rlh267_NaAc_2.5M_JNL_10off_20on_20off,367,36.611,36664100,-18.108282743044853
rlh267_NaAc_2.5M_JNL_10off_20on_20off,368,36.711,36563200,-18.33364963521531
rlh267_NaAc_2.5M_JNL_10off_20on_20off,369,36.811,37046800,-17.25349672090776
rlh267_NaAc_2.5M_JNL_10off_20on_20off,370,36.911,37055000,-17.23518147298112
rlh267_NaAc_2.5M_JNL_10off_20on_20off,371,37.011,36583000,-18.28942501217294
rlh267_NaAc_2.5M_JNL_10off_20on_20off,372,37.112,37011900,-17.331448202936983
rlh267_NaAc_2.5M_JNL_10off_20on_20off,373,37.211,37061100,-17.221556715377158
rlh267_NaAc_2.5M_JNL_10off_20on_20off,374,37.312,36899400,-17.58272447022317
rlh267_NaAc_2.5M_JNL_10off_20on_20off,375,37.411,37143300,-17.03795752274672
rlh267_NaAc_2.5M_JNL_10off_20on_20off,376,37.511,38867800,-13.186171541102027
rlh267_NaAc_2.5M_JNL_10off_20on_20off,377,37.611,38627200,-13.723567718071417
rlh267_NaAc_2.5M_JNL_10off_20on_20off,378,37.711,36657300,-18.12347099742304
rlh267_NaAc_2.5M_JNL_10off_20on_20off,379,37.811,37097500,-17.14025488311745
rlh267_NaAc_2.5M_JNL_10off_20on_20off,380,37.911,38594600,-13.796381996413903
rlh267_NaAc_2.5M_JNL_10off_20on_20off,381,38.011,36777400,-17.855219622302414
rlh267_NaAc_2.5M_JNL_10off_20on_20off,382,38.111,36594600,-18.26351563705721
rlh267_NaAc_2.5M_JNL_10off_20on_20off,383,38.211,36971100,-17.422577729206107
rlh267_NaAc_2.5M_JNL_10off_20on_20off,384,38.311,37197300,-16.91734491444935
rlh267_NaAc_2.5M_JNL_10off_20on_20off,385,38.411,36566500,-18.326278864708247
rlh267_NaAc_2.5M_JNL_10off_20on_20off,386,38.511,36707700,-18.01089922967883
rlh267_NaAc_2.5M_JNL_10off_20on_20off,387,38.611,37378700,-16.512175893243
rlh267_NaAc_2.5M_JNL_10off_20on_20off,388,38.712,36952300,-17.464568785428156
rlh267_NaAc_2.5M_JNL_10off_20on_20off,389,38.812,36977500,-17.40828290155605
rlh267_NaAc_2.5M_JNL_10off_20on_20off,390,38.911,37008000,-17.340159113536238
rlh267_NaAc_2.5M_JNL_10off_20on_20off,391,39.011,36957800,-17.452284167916385
rlh267_NaAc_2.5M_JNL_10off_20on_20off,392,39.111,36744300,-17.92915068405506
rlh267_NaAc_2.5M_JNL_10off_20on_20off,393,39.212,36972700,-17.419004022293592
rlh267_NaAc_2.5M_JNL_10off_20on_20off,394,39.312,37209200,-16.890765469287523
rlh267_NaAc_2.5M_JNL_10off_20on_20off,395,39.411,36954800,-17.45898486837735
rlh267_NaAc_2.5M_JNL_10off_20on_20off,396,39.511,37229200,-16.84609413288109
rlh267_NaAc_2.5M_JNL_10off_20on_20off,397,39.611,37147700,-17.028129828737303
rlh267_NaAc_2.5M_JNL_10off_20on_20off,398,39.712,37280200,-16.732182225044685
rlh267_NaAc_2.5M_JNL_10off_20on_20off,399,39.811,37136100,-17.054039203853037
rlh267_NaAc_2.5M_JNL_10off_20on_20off,400,39.912,37614900,-15.984607410283028
rlh267_NaAc_2.5M_JNL_10off_20on_20off,401,40.012,37257700,-16.782437478501922
rlh267_NaAc_2.5M_JNL_10off_20on_20off,402,40.111,37095500,-17.14472201675809
rlh267_NaAc_2.5M_JNL_10off_20on_20off,403,40.211,37252400,-16.794275382649626
rlh267_NaAc_2.5M_JNL_10off_20on_20off,404,40.311,37413500,-16.434447767895808
rlh267_NaAc_2.5M_JNL_10off_20on_20off,405,40.411,37302500,-16.682373684951514
rlh267_NaAc_2.5M_JNL_10off_20on_20off,406,40.511,37232300,-16.839170075738092
rlh267_NaAc_2.5M_JNL_10off_20on_20off,407,40.611,37124100,-17.080842005696894
rlh267_NaAc_2.5M_JNL_10off_20on_20off,408,40.711,36890700,-17.602156501559968
rlh267_NaAc_2.5M_JNL_10off_20on_20off,409,40.811,36697500,-18.03368161124611
rlh267_NaAc_2.5M_JNL_10off_20on_20off,410,40.911,36992300,-17.375226112615287
rlh267_NaAc_2.5M_JNL_10off_20on_20off,411,41.011,37512100,-16.214218079412092
rlh267_NaAc_2.5M_JNL_10off_20on_20off,412,41.111,37454000,-16.34398831167278
rlh267_NaAc_2.5M_JNL_10off_20on_20off,413,41.211,37377800,-16.51418610338129
rlh267_NaAc_2.5M_JNL_10off_20on_20off,414,41.311,37720800,-15.748072684010964
rlh267_NaAc_2.5M_JNL_10off_20on_20off,415,41.412,37592300,-16.035086020422295
rlh267_NaAc_2.5M_JNL_10off_20on_20off,416,41.511,37511400,-16.215781576186316
rlh267_NaAc_2.5M_JNL_10off_20on_20off,417,41.611,37412800,-16.436011264670032
rlh267_NaAc_2.5M_JNL_10off_20on_20off,418,41.711,37709600,-15.773088632398565
rlh267_NaAc_2.5M_JNL_10off_20on_20off,419,41.811,38037100,-15.041595498743224
rlh267_NaAc_2.5M_JNL_10off_20on_20off,420,41.911,37791800,-15.589489439768126
rlh267_NaAc_2.5M_JNL_10off_20on_20off,421,42.011,37892700,-15.364122547597672
rlh267_NaAc_2.5M_JNL_10off_20on_20off,422,42.111,37667700,-15.866675082170042
rlh267_NaAc_2.5M_JNL_10off_20on_20off,423,42.211,38071100,-14.965654226852287
rlh267_NaAc_2.5M_JNL_10off_20on_20off,424,42.311,38142200,-14.80684762592742
rlh267_NaAc_2.5M_JNL_10off_20on_20off,425,42.411,38181900,-14.718175023160649
rlh267_NaAc_2.5M_JNL_10off_20on_20off,426,42.511,38127000,-14.84079784159631
rlh267_NaAc_2.5M_JNL_10off_20on_20off,427,42.611,37704800,-15.78380975313611
rlh267_NaAc_2.5M_JNL_10off_20on_20off,428,42.711,37792900,-15.587032516265772
rlh267_NaAc_2.5M_JNL_10off_20on_20off,429,42.811,37883900,-15.383777935616502
rlh267_NaAc_2.5M_JNL_10off_20on_20off,430,42.911,37723300,-15.742488766960161
rlh267_NaAc_2.5M_JNL_10off_20on_20off,431,43.011,37851200,-15.45681557064102
rlh267_NaAc_2.5M_JNL_10off_20on_20off,432,43.112,37759900,-15.660740221336386
rlh267_NaAc_2.5M_JNL_10off_20on_20off,433,43.212,38172400,-14.739393907953705
rlh267_NaAc_2.5M_JNL_10off_20on_20off,434,43.311,38107600,-14.884129037910549
rlh267_NaAc_2.5M_JNL_10off_20on_20off,435,43.411,38023800,-15.071301937453502
rlh267_NaAc_2.5M_JNL_10off_20on_20off,436,43.511,38134700,-14.823599377079832
rlh267_NaAc_2.5M_JNL_10off_20on_20off,437,43.611,38162100,-14.762399646203017
rlh267_NaAc_2.5M_JNL_10off_20on_20off,438,43.711,37989300,-15.148359992754601
rlh267_NaAc_2.5M_JNL_10off_20on_20off,439,43.812,38153800,-14.780938250811687
rlh267_NaAc_2.5M_JNL_10off_20on_20off,440,43.911,38108800,-14.881448757726162
rlh267_NaAc_2.5M_JNL_10off_20on_20off,441,44.011,38186200,-14.708570685833266
rlh267_NaAc_2.5M_JNL_10off_20on_20off,442,44.112,38045100,-15.02372696418065
rlh267_NaAc_2.5M_JNL_10off_20on_20off,443,44.211,38113500,-14.87095099367065
rlh267_NaAc_2.5M_JNL_10off_20on_20off,444,44.311,38446300,-14.127619955867605
rlh267_NaAc_2.5M_JNL_10off_20on_20off,445,44.412,38255500,-14.553784505184975
rlh267_NaAc_2.5M_JNL_10off_20on_20off,446,44.511,38210600,-14.654071655417416
rlh267_NaAc_2.5M_JNL_10off_20on_20off,447,44.611,38121300,-14.853529172472141
rlh267_NaAc_2.5M_JNL_10off_20on_20off,448,44.711,38276700,-14.506432888594157
rlh267_NaAc_2.5M_JNL_10off_20on_20off,449,44.811,38076400,-14.953816322704583
rlh267_NaAc_2.5M_JNL_10off_20on_20off,450,44.911,37878800,-15.395169126400143
rlh267_NaAc_2.5M_JNL_10off_20on_20off,451,45.012,38150800,-14.787638951272653
rlh267_NaAc_2.5M_JNL_10off_20on_20off,452,45.111,38170500,-14.743637684912317
rlh267_NaAc_2.5M_JNL_10off_20on_20off,453,45.211,38499200,-14.009464271072588
rlh267_NaAc_2.5M_JNL_10off_20on_20off,454,45.311,38060900,-14.988436608419569
rlh267_NaAc_2.5M_JNL_10off_20on_20off,455,45.411,38276500,-14.50687960195822
rlh267_NaAc_2.5M_JNL_10off_20on_20off,456,45.511,38431400,-14.160900101490398
rlh267_NaAc_2.5M_JNL_10off_20on_20off,457,45.611,38007800,-15.107039006578649
rlh267_NaAc_2.5M_JNL_10off_20on_20off,458,45.711,38638100,-13.69922183972991
rlh267_NaAc_2.5M_JNL_10off_20on_20off,459,45.811,38656100,-13.659017636964121
rlh267_NaAc_2.5M_JNL_10off_20on_20off,460,45.911,38986900,-12.920153732801717
rlh267_NaAc_2.5M_JNL_10off_20on_20off,461,46.012,38317900,-14.414409935596902
rlh267_NaAc_2.5M_JNL_10off_20on_20off,462,46.111,38195200,-14.688468584450371
rlh267_NaAc_2.5M_JNL_10off_20on_20off,463,46.211,37960700,-15.212240003815799
rlh267_NaAc_2.5M_JNL_10off_20on_20off,464,46.311,37995700,-15.134065165104541
rlh267_NaAc_2.5M_JNL_10off_20on_20off,465,46.411,38308400,-14.43562882038996
rlh267_NaAc_2.5M_JNL_10off_20on_20off,466,46.511,38659000,-13.65254029318519
rlh267_NaAc_2.5M_JNL_10off_20on_20off,467,46.611,38560500,-13.872546624986871
rlh267_NaAc_2.5M_JNL_10off_20on_20off,468,46.711,38612500,-13.756401150330145
rlh267_NaAc_2.5M_JNL_10off_20on_20off,469,46.811,38259000,-14.54596702131385
rlh267_NaAc_2.5M_JNL_10off_20on_20off,470,46.911,38302500,-14.448806864629857
rlh267_NaAc_2.5M_JNL_10off_20on_20off,471,47.011,38746800,-13.456433126360947
rlh267_NaAc_2.5M_JNL_10off_20on_20off,472,47.111,38435300,-14.152189190891143
rlh267_NaAc_2.5M_JNL_10off_20on_20off,473,47.211,38578100,-13.83323584894921
rlh267_NaAc_2.5M_JNL_10off_20on_20off,474,47.311,38513800,-13.976854195495891
rlh267_NaAc_2.5M_JNL_10off_20on_20off,475,47.411,38211200,-14.652731515325224
rlh267_NaAc_2.5M_JNL_10off_20on_20off,476,47.511,38499100,-14.009687627754621
rlh267_NaAc_2.5M_JNL_10off_20on_20off,477,47.611,38605300,-13.772482831436461
rlh267_NaAc_2.5M_JNL_10off_20on_20off,478,47.711,38634400,-13.7074860369651
rlh267_NaAc_2.5M_JNL_10off_20on_20off,480,47.911,38596500,-13.79213821945529
rlh267_NaAc_2.5M_JNL_10off_20on_20off,481,48.011,38993000,-12.906528975197757
rlh267_NaAc_2.5M_JNL_10off_20on_20off,482,48.111,38775600,-13.392106401935683
rlh267_NaAc_2.5M_JNL_10off_20on_20off,483,48.211,38668700,-13.630874695028067
rlh267_NaAc_2.5M_JNL_10off_20on_20off,484,48.311,38221800,-14.629055707029814
rlh267_NaAc_2.5M_JNL_10off_20on_20off,485,48.411,38555900,-13.88282103236035
rlh267_NaAc_2.5M_JNL_10off_20on_20off,486,48.511,38406800,-14.215845845270309
rlh267_NaAc_2.5M_JNL_10off_20on_20off,487,48.611,38668500,-13.631321408392132
rlh267_NaAc_2.5M_JNL_10off_20on_20off,488,48.711,38551500,-13.892648726369766
rlh267_NaAc_2.5M_JNL_10off_20on_20off,489,48.811,38421100,-14.18390583973971
rlh267_NaAc_2.5M_JNL_10off_20on_20off,490,48.911,38325500,-14.39743482776246
rlh267_NaAc_2.5M_JNL_10off_20on_20off,491,49.011,38609200,-13.763771920837206
rlh267_NaAc_2.5M_JNL_10off_20on_20off,492,49.111,38482600,-14.046541480289928
rlh267_NaAc_2.5M_JNL_10off_20on_20off,493,49.211,38682300,-13.600498186271695
rlh267_NaAc_2.5M_JNL_10off_20on_20off,494,49.311,38697900,-13.565654543874675
rlh267_NaAc_2.5M_JNL_10off_20on_20off,495,49.411,38073600,-14.960070309801484
rlh267_NaAc_2.5M_JNL_10off_20on_20off,496,49.511,38532000,-13.936203279366039
rlh267_NaAc_2.5M_JNL_10off_20on_20off,497,49.611,38546300,-13.904263273835438
rlh267_NaAc_2.5M_JNL_10off_20on_20off,498,49.711,38545400,-13.906273483973727
rlh267_NaAc_2.5M_JNL_10off_20on_20off,499,49.811,38573400,-13.843733613004721
rlh267_NaAc_2.5M_JNL_10off_20on_20off,500,49.911,38218200,-14.637096547582972
rlh267_NaAc_2.5M_JNL_10off_20on_20off,501,50.011,38601800,-13.780300315307587
rlh267_NaAc_2.5M_JNL_10off_20on_20off,502,50.111,39084800,-12.701487541092227
rlh267_NaAc_2.5M_JNL_10off_20on_20off,503,50.211,38621600,-13.736075692265217
rlh267_NaAc_2.5M_JNL_10off_20on_20off,504,50.311,38592100,-13.801965913464706
rlh267_NaAc_2.5M_JNL_10off_20on_20off,505,50.411,38641600,-13.691404355858786
rlh267_NaAc_2.5M_JNL_10off_20on_20off,506,50.512,38857700,-13.208730565987276
rlh267_NaAc_2.5M_JNL_10off_20on_20off,507,50.611,38320500,-14.408602661864068
rlh267_NaAc_2.5M_JNL_10off_20on_20off,508,50.711,38483700,-14.044084556787572
rlh267_NaAc_2.5M_JNL_10off_20on_20off,509,50.811,38340600,-14.363707968775602
rlh267_NaAc_2.5M_JNL_10off_20on_20off,510,50.911,38727600,-13.499317609311124
rlh267_NaAc_2.5M_JNL_10off_20on_20off,511,51.011,38700100,-13.560740696869969
rlh267_NaAc_2.5M_JNL_10off_20on_20off,512,51.111,38534600,-13.930396005633202
rlh267_NaAc_2.5M_JNL_10off_20on_20off,513,51.211,38436600,-14.149285554024724
rlh267_NaAc_2.5M_JNL_10off_20on_20off,514,51.311,38394900,-14.242425290432138
rlh267_NaAc_2.5M_JNL_10off_20on_20off,515,51.411,38601700,-13.78052367198962
rlh267_NaAc_2.5M_JNL_10off_20on_20off,516,51.511,38331100,-14.384926853568658
rlh267_NaAc_2.5M_JNL_10off_20on_20off,517,51.611,38877800,-13.16383587289881
rlh267_NaAc_2.5M_JNL_10off_20on_20off,518,51.711,38552900,-13.889521732821317
rlh267_NaAc_2.5M_JNL_10off_20on_20off,519,51.811,38465600,-14.084512116235395
rlh267_NaAc_2.5M_JNL_10off_20on_20off,520,51.911,38584900,-13.818047594571023
rlh267_NaAc_2.5M_JNL_10off_20on_20off,521,52.011,38612500,-13.756401150330145
rlh267_NaAc_2.5M_JNL_10off_20on_20off,522,52.111,38581900,-13.824748295031988
rlh267_NaAc_2.5M_JNL_10off_20on_20off,523,52.211,38443600,-14.133650586282473
rlh267_NaAc_2.5M_JNL_10off_20on_20off,524,52.312,38655400,-13.660581133738345
rlh267_NaAc_2.5M_JNL_10off_20on_20off,525,52.411,38847800,-13.230842877508461
rlh267_NaAc_2.5M_JNL_10off_20on_20off,526,52.511,38425700,-14.173631432366228
rlh267_NaAc_2.5M_JNL_10off_20on_20off,527,52.611,38793800,-13.351455485805829
rlh267_NaAc_2.5M_JNL_10off_20on_20off,528,52.711,38966400,-12.965941852618313
rlh267_NaAc_2.5M_JNL_10off_20on_20off,529,52.811,38610200,-13.761538354016887
rlh267_NaAc_2.5M_JNL_10off_20on_20off,530,52.911,39027100,-12.830364346624787
rlh267_NaAc_2.5M_JNL_10off_20on_20off,531,53.011,39037500,-12.807135251693442
rlh267_NaAc_2.5M_JNL_10off_20on_20off,532,53.111,38320100,-14.409496088592197
rlh267_NaAc_2.5M_JNL_10off_20on_20off,533,53.211,38943800,-13.01642046275758
rlh267_NaAc_2.5M_JNL_10off_20on_20off,534,53.311,39134200,-12.59114934016834
rlh267_NaAc_2.5M_JNL_10off_20on_20off,535,53.411,38953200,-12.995424934646557
rlh267_NaAc_2.5M_JNL_10off_20on_20off,536,53.511,38711500,-13.535278035118301
rlh267_NaAc_2.5M_JNL_10off_20on_20off,537,53.611,38783800,-13.373791154009046
rlh267_NaAc_2.5M_JNL_10off_20on_20off,538,53.711,38491300,-14.027109448953128
rlh267_NaAc_2.5M_JNL_10off_20on_20off,539,53.811,38672900,-13.621493714382717
rlh267_NaAc_2.5M_JNL_10off_20on_20off,540,53.911,38770200,-13.40416766276542
rlh267_NaAc_2.5M_JNL_10off_20on_20off,541,54.011,39073700,-12.726280132797799
rlh267_NaAc_2.5M_JNL_10off_20on_20off,542,54.111,39055500,-12.76693104892765
rlh267_NaAc_2.5M_JNL_10off_20on_20off,543,54.211,39291100,-12.24070270605987
rlh267_NaAc_2.5M_JNL_10off_20on_20off,544,54.311,38704800,-13.550242932814458
rlh267_NaAc_2.5M_JNL_10off_20on_20off,545,54.411,38704500,-13.550913002860554
rlh267_NaAc_2.5M_JNL_10off_20on_20off,546,54.511,38740000,-13.471621380739135
rlh267_NaAc_2.5M_JNL_10off_20on_20off,547,54.611,38854200,-13.216548049858401
rlh267_NaAc_2.5M_JNL_10off_20on_20off,548,54.711,38604400,-13.77449304157475
rlh267_NaAc_2.5M_JNL_10off_20on_20off,549,54.811,39099000,-12.669770892243662
rlh267_NaAc_2.5M_JNL_10off_20on_20off,550,54.911,39294100,-12.234002005598905
rlh267_NaAc_2.5M_JNL_10off_20on_20off,551,55.011,38757400,-13.432757318065539
rlh267_NaAc_2.5M_JNL_10off_20on_20off,552,55.111,38960600,-12.978896540176176
rlh267_NaAc_2.5M_JNL_10off_20on_20off,553,55.211,38803800,-13.329119817602614
rlh267_NaAc_2.5M_JNL_10off_20on_20off,554,55.311,38594400,-13.796828709777968
rlh267_NaAc_2.5M_JNL_10off_20on_20off,555,55.411,39131700,-12.596733257219142
rlh267_NaAc_2.5M_JNL_10off_20on_20off,556,55.511,39144500,-12.568143601919024
rlh267_NaAc_2.5M_JNL_10off_20on_20off,557,55.611,39532600,-11.70129631895219
rlh267_NaAc_2.5M_JNL_10off_20on_20off,558,55.711,39133400,-12.592936193624595
rlh267_NaAc_2.5M_JNL_10off_20on_20off,559,55.811,39099000,-12.669770892243662
rlh267_NaAc_2.5M_JNL_10off_20on_20off,560,55.911,39360800,-12.085023098683452
rlh267_NaAc_2.5M_JNL_10off_20on_20off,561,56.011,39636000,-11.470345509730933
rlh267_NaAc_2.5M_JNL_10off_20on_20off,562,56.111,39190000,-12.46651631159439
rlh267_NaAc_2.5M_JNL_10off_20on_20off,563,56.211,39052300,-12.77407846275268
rlh267_NaAc_2.5M_JNL_10off_20on_20off,564,56.311,39094700,-12.679375229571043
rlh267_NaAc_2.5M_JNL_10off_20on_20off,565,56.411,39128000,-12.604997454454333
rlh267_NaAc_2.5M_JNL_10off_20on_20off,566,56.511,39471300,-11.838213965037909
rlh267_NaAc_2.5M_JNL_10off_20on_20off,567,56.611,39622200,-11.501168731851372
rlh267_NaAc_2.5M_JNL_10off_20on_20off,568,56.711,39573800,-11.60927336595494
rlh267_NaAc_2.5M_JNL_10off_20on_20off,569,56.811,39334200,-12.144435976104008
rlh267_NaAc_2.5M_JNL_10off_20on_20off,570,56.911,39416000,-11.961730210201695
rlh267_NaAc_2.5M_JNL_10off_20on_20off,571,57.011,39050700,-12.777652169665195
rlh267_NaAc_2.5M_JNL_10off_20on_20off,572,57.112,39289000,-12.245393196382546
rlh267_NaAc_2.5M_JNL_10off_20on_20off,573,57.212,39339800,-12.131928001910207
rlh267_NaAc_2.5M_JNL_10off_20on_20off,574,57.312,39227000,-12.383874339242489
rlh267_NaAc_2.5M_JNL_10off_20on_20off,575,57.411,39342200,-12.126567441541434
rlh267_NaAc_2.5M_JNL_10off_20on_20off,576,57.511,39418900,-11.955252866422764
rlh267_NaAc_2.5M_JNL_10off_20on_20off,577,57.611,39238400,-12.358411677490821
rlh267_NaAc_2.5M_JNL_10off_20on_20off,578,57.711,39247600,-12.337862862743863
rlh267_NaAc_2.5M_JNL_10off_20on_20off,579,57.811,39459800,-11.863899983471608
rlh267_NaAc_2.5M_JNL_10off_20on_20off,580,57.911,39688600,-11.352859894982013
rlh267_NaAc_2.5M_JNL_10off_20on_20off,581,58.011,39442700,-11.902093976099108
rlh267_NaAc_2.5M_JNL_10off_20on_20off,582,58.112,39686000,-11.35866716871485
rlh267_NaAc_2.5M_JNL_10off_20on_20off,583,58.211,39589300,-11.574653080239953
rlh267_NaAc_2.5M_JNL_10off_20on_20off,584,58.311,39608600,-11.531545240607747
rlh267_NaAc_2.5M_JNL_10off_20on_20off,585,58.411,39543500,-11.676950440610685
rlh267_NaAc_2.5M_JNL_10off_20on_20off,586,58.511,39917000,-10.842713233220548
rlh267_NaAc_2.5M_JNL_10off_20on_20off,587,58.611,39475500,-11.828832984392559
rlh267_NaAc_2.5M_JNL_10off_20on_20off,588,58.711,39508200,-11.75579534936804
rlh267_NaAc_2.5M_JNL_10off_20on_20off,589,58.811,39308300,-12.202285356750338
rlh267_NaAc_2.5M_JNL_10off_20on_20off,590,58.911,39884300,-10.915750868245066
rlh267_NaAc_2.5M_JNL_10off_20on_20off,591,59.011,39592000,-11.568622449825085
rlh267_NaAc_2.5M_JNL_10off_20on_20off,592,59.111,39843800,-11.006210324468093
rlh267_NaAc_2.5M_JNL_10off_20on_20off,593,59.211,39050100,-12.77899230975739
rlh267_NaAc_2.5M_JNL_10off_20on_20off,594,59.311,39783400,-11.141117760415522
rlh267_NaAc_2.5M_JNL_10off_20on_20off,595,59.411,39506600,-11.759369056280553
rlh267_NaAc_2.5M_JNL_10off_20on_20off,596,59.522,39709600,-11.305954991755259
rlh267_NaAc_2.5M_JNL_10off_20on_20off,597,59.612,39427800,-11.935374121721901
rlh267_NaAc_2.5M_JNL_10off_20on_20off,598,59.711,39931400,-10.810549871007916
rlh267_NaAc_2.5M_JNL_10off_20on_20off,599,59.811,39631200,-11.481066630468478
rlh267_NaAc_2.5M_JNL_10off_20on_20off,600,59.921,40046200,-10.55413640003499
