2, 100, 5.38983e+007, 1.33274e+007, 6.72257e+007, 1653, 8062.53, 1532, 1056
3, 200, 5.44082e+007, 1.34629e+007, 6.78711e+007, 1674, 8042.33, 1532, 1055
4, 300, 5.40424e+007, 1.33118e+007, 6.73542e+007, 1656, 8038.51, 1532, 1056
5, 400, 5.4338e+007, 1.33468e+007, 6.76848e+007, 1661, 8035.4, 1532, 1056
6, 500, 5.44356e+007, 1.33591e+007, 6.77948e+007, 1666, 8018.69, 1532, 1055
7, 600, 5.5009e+007, 1.35436e+007, 6.85526e+007, 1690, 8013.96, 1532, 1055
8, 700, 5.45874e+007, 1.33442e+007, 6.79317e+007, 1669, 7995.34, 1532, 1055
9, 800, 5.46293e+007, 1.33621e+007, 6.79914e+007, 1672, 7991.71, 1532, 1056
10, 900, 5.47529e+007, 1.33316e+007, 6.80845e+007, 1673, 7968.71, 1532, 1056
11, 1000, 5.45497e+007, 1.32274e+007, 6.77771e+007, 1664, 7949.16, 1532, 1056
12, 1100, 5.45886e+007, 1.31771e+007, 6.77657e+007, 1661, 7933.23, 1532, 1056
13, 1200, 5.46845e+007, 1.31855e+007, 6.787e+007, 1664, 7923.97, 1532, 1056
14, 1300, 5.47187e+007, 1.31982e+007, 6.79169e+007, 1669, 7907.82, 1532, 1056
15, 1400, 5.48254e+007, 1.31631e+007, 6.79885e+007, 1669, 7886.82, 1532, 1056
16, 1500, 5.48031e+007, 1.31626e+007, 6.79658e+007, 1671, 7877.09, 1532, 1055
17, 1600, 5.52692e+007, 1.32139e+007, 6.84831e+007, 1684, 7846.73, 1532, 1055
18, 1700, 5.49899e+007, 1.3133e+007, 6.81229e+007, 1670, 7864.1, 1532, 1055
19, 1800, 5.53238e+007, 1.31788e+007, 6.85026e+007, 1683, 7830.53, 1532, 1055
20, 1900, 5.52269e+007, 1.31191e+007, 6.83461e+007, 1673, 7841.69, 1532, 1056
21, 2000, 5.51108e+007, 1.30223e+007, 6.81332e+007, 1665, 7821.2, 1532, 1056
22, 2100, 5.54084e+007, 1.30816e+007, 6.84899e+007, 1678, 7795.92, 1532, 1055
23, 2200, 5.53158e+007, 1.3011e+007, 6.83268e+007, 1672, 7781.72, 1532, 1055
24, 2300, 5.5486e+007, 1.30753e+007, 6.85613e+007, 1679, 7787.56, 1532, 1056
25, 2400, 5.52795e+007, 1.30016e+007, 6.82811e+007, 1673, 7771.46, 1532, 1056
26, 2500, 5.56803e+007, 1.30911e+007, 6.87713e+007, 1686, 7764.56, 1532, 1056
27, 2600, 5.59588e+007, 1.31105e+007, 6.90693e+007, 1691, 7753.12, 1532, 1056
28, 2700, 5.57842e+007, 1.30285e+007, 6.88127e+007, 1684, 7736.61, 1532, 1056
29, 2800, 5.57533e+007, 1.29539e+007, 6.87072e+007, 1679, 7715.22, 1532, 1056
30, 2900, 5.57772e+007, 1.29705e+007, 6.87478e+007, 1682, 7711.37, 1532, 1056
31, 3000, 5.57484e+007, 1.29631e+007, 6.87115e+007, 1682, 7706.97, 1532, 1056
32, 3100, 5.58305e+007, 1.29011e+007, 6.87316e+007, 1681, 7674.66, 1532, 1055
33, 3200, 5.60336e+007, 1.29346e+007, 6.89682e+007, 1686, 7671.75, 1532, 1056
34, 3300, 5.57665e+007, 1.27964e+007, 6.8563e+007, 1674, 7644.23, 1532, 1055
35, 3400, 5.60918e+007, 1.28822e+007, 6.89739e+007, 1683, 7654.28, 1532, 1056
36, 3500, 5.6004e+007, 1.28516e+007, 6.88556e+007, 1685, 7627.05, 1532, 1055
37, 3600, 5.59357e+007, 1.28172e+007, 6.87529e+007, 1683, 7615.7, 1532, 1056
38, 3700, 5.58703e+007, 1.28038e+007, 6.86741e+007, 1677, 7634.93, 1532, 1056
39, 3800, 5.59922e+007, 1.27896e+007, 6.87818e+007, 1683, 7599.29, 1532, 1055
40, 3900, 5.66143e+007, 1.29934e+007, 6.96077e+007, 1710, 7598.47, 1532, 1056
41, 4000, 5.61053e+007, 1.27697e+007, 6.8875e+007, 1681, 7596.5, 1532, 1056
42, 4101, 5.62286e+007, 1.28051e+007, 6.90337e+007, 1687, 7590.44, 1532, 1056
43, 4200, 5.62563e+007, 1.2772e+007, 6.90283e+007, 1686, 7575.32, 1532, 1056
44, 4301, 5.68165e+007, 1.28449e+007, 6.96614e+007, 1702, 7546.94, 1532, 1056
45, 4400, 5.63209e+007, 1.2703e+007, 6.90239e+007, 1687, 7529.92, 1532, 1056
46, 4500, 5.60793e+007, 1.26228e+007, 6.87021e+007, 1673, 7545.01, 1532, 1056
47, 4601, 5.63389e+007, 1.26627e+007, 6.90016e+007, 1680, 7537.33, 1532, 1056
48, 4700, 5.66847e+007, 1.27349e+007, 6.94196e+007, 1697, 7504.38, 1531, 1056
49, 4800, 5.70656e+007, 1.28003e+007, 6.98659e+007, 1707, 7498.72, 1532, 1056
50, 4900, 5.63668e+007, 1.25868e+007, 6.89537e+007, 1682, 7483.26, 1532, 1056
51, 5000, 5.65216e+007, 1.26148e+007, 6.91363e+007, 1687, 7477.62, 1532, 1056
52, 5100, 5.63905e+007, 1.25388e+007, 6.89292e+007, 1678, 7472.44, 1532, 1056
53, 5200, 5.68015e+007, 1.26388e+007, 6.94403e+007, 1695, 7456.53, 1532, 1056
54, 5300, 5.69719e+007, 1.26606e+007, 6.96325e+007, 1701, 7443.06, 1532, 1056
55, 5400, 5.67571e+007, 1.25506e+007, 6.93077e+007, 1690, 7426.4, 1531, 1056
56, 5500, 5.68071e+007, 1.25291e+007, 6.93363e+007, 1690, 7413.69, 1532, 1056
57, 5601, 5.74623e+007, 1.27242e+007, 7.01866e+007, 1714, 7423.71, 1532, 1056
58, 5700, 5.67701e+007, 1.25014e+007, 6.92715e+007, 1687, 7410.44, 1532, 1056
59, 5800, 5.70094e+007, 1.25359e+007, 6.95453e+007, 1695, 7395.81, 1532, 1055
60, 5900, 5.73046e+007, 1.26375e+007, 6.99421e+007, 1708, 7399.03, 1532, 1056
61, 6000, 5.68636e+007, 1.24855e+007, 6.93491e+007, 1692, 7379.15, 1532, 1056
62, 6100, 5.67591e+007, 1.23996e+007, 6.91587e+007, 1684, 7363.17, 1532, 1056
63, 6200, 5.75311e+007, 1.25974e+007, 7.01285e+007, 1711, 7362.59, 1532, 1056
64, 6300, 5.71295e+007, 1.24357e+007, 6.95652e+007, 1694, 7341.01, 1532, 1056
65, 6400, 5.71508e+007, 1.24474e+007, 6.95982e+007, 1696, 7339.26, 1532, 1056
66, 6500, 5.69603e+007, 1.23426e+007, 6.93029e+007, 1686, 7320.61, 1531, 1055
67, 6600, 5.73701e+007, 1.2457e+007, 6.98271e+007, 1703, 7314.75, 1532, 1056
68, 6700, 5.7553e+007, 1.24956e+007, 7.00486e+007, 1709, 7311.63, 1532, 1055
69, 6797, 5.7485e+007, 1.24304e+007, 6.99154e+007, 1702, 7303.43, 1532, 1055
70, 6893, 5.76036e+007, 1.24648e+007, 7.00683e+007, 1707, 7302.15, 1532, 1056
71, 6993, 5.72919e+007, 1.2321e+007, 6.96129e+007, 1694, 7273.29, 1531, 1056
72, 7093, 5.72451e+007, 1.232e+007, 6.95651e+007, 1693, 7277.03, 1531, 1056
73, 7193, 5.7275e+007, 1.22748e+007, 6.95497e+007, 1690, 7263.18, 1531, 1056
74, 7293, 5.74978e+007, 1.2309e+007, 6.98068e+007, 1698, 7249.12, 1532, 1055
75, 7393, 5.77158e+007, 1.23952e+007, 7.0111e+007, 1709, 7252.87, 1532, 1055
76, 7493, 5.77847e+007, 1.23281e+007, 7.01128e+007, 1706, 7226.32, 1531, 1056
77, 7593, 5.72453e+007, 1.21838e+007, 6.94291e+007, 1690, 7209.33, 1531, 1055
78, 7693, 5.72139e+007, 1.2138e+007, 6.9352e+007, 1684, 7207.86, 1531, 1056
79, 7793, 5.73385e+007, 1.21328e+007, 6.94713e+007, 1686, 7196.19, 1531, 1056
80, 7893, 5.74643e+007, 1.21523e+007, 6.96166e+007, 1692, 7182.22, 1531, 1056
81, 7993, 5.76809e+007, 1.22123e+007, 6.98932e+007, 1698, 7192.17, 1531, 1056
82, 8093, 5.77266e+007, 1.21584e+007, 6.98851e+007, 1699, 7156.22, 1531, 1055
83, 8203, 5.74487e+007, 1.20937e+007, 6.95424e+007, 1689, 7160.27, 1531, 1056
84, 8293, 5.78304e+007, 1.21873e+007, 7.00178e+007, 1705, 7147.99, 1531, 1055
85, 8393, 5.76482e+007, 1.21059e+007, 6.97541e+007, 1697, 7133.7, 1531, 1056
86, 8493, 5.78534e+007, 1.21569e+007, 7.00103e+007, 1703, 7138.54, 1531, 1056
87, 8593, 5.81052e+007, 1.22078e+007, 7.0313e+007, 1711, 7134.86, 1531, 1056
88, 8693, 5.76867e+007, 1.20835e+007, 6.97702e+007, 1697, 7120.5, 1531, 1055
89, 8793, 5.79751e+007, 1.20415e+007, 7.00166e+007, 1701, 7079.05, 1531, 1055
90, 8893, 5.79281e+007, 1.20589e+007, 6.99869e+007, 1699, 7097.64, 1531, 1055
91, 8993, 5.75842e+007, 1.19619e+007, 6.95461e+007, 1690, 7078.06, 1531, 1056
92, 9093, 5.78904e+007, 1.20273e+007, 6.99178e+007, 1699, 7079.06, 1531, 1056
93, 9193, 5.81002e+007, 1.21197e+007, 7.02198e+007, 1710, 7087.53, 1532, 1055
94, 9293, 5.78605e+007, 1.20093e+007, 6.98698e+007, 1698, 7072.59, 1531, 1056
95, 9393, 5.79972e+007, 1.20005e+007, 6.99977e+007, 1700, 7059.1, 1531, 1056
96, 9503, 5.86883e+007, 1.21309e+007, 7.08191e+007, 1724, 7036.46, 1531, 1055
97, 9593, 5.83725e+007, 1.20308e+007, 7.04034e+007, 1713, 7023.26, 1531, 1055
98, 9693, 5.80455e+007, 1.19402e+007, 6.99858e+007, 1698, 7031.94, 1531, 1056
99, 9803, 5.79925e+007, 1.19452e+007, 6.99378e+007, 1702, 7018.36, 1531, 1055
100, 9903, 5.79777e+007, 1.19564e+007, 6.99342e+007, 1702, 7024.93, 1531, 1056
101, 10003, 5.81014e+007, 1.1911e+007, 7.00124e+007, 1701, 7002.38, 1531, 1055
102, 10103, 5.69299e+007, 1.13203e+007, 6.82502e+007, 1661, 6815.36, 1532, 1055
103, 10203, 5.67599e+007, 1.11859e+007, 6.79458e+007, 1656, 6754.78, 1532, 1055
104, 10303, 5.69458e+007, 1.11594e+007, 6.81052e+007, 1661, 6718.47, 1532, 1056
105, 10403, 5.63354e+007, 1.09489e+007, 6.72844e+007, 1638, 6684.33, 1532, 1056
106, 10503, 5.62284e+007, 1.08587e+007, 6.70872e+007, 1634, 6645.48, 1531, 1056
107, 10603, 5.62669e+007, 1.08732e+007, 6.71402e+007, 1639, 6634.06, 1531, 1056
108, 10703, 5.62909e+007, 1.08381e+007, 6.7129e+007, 1639, 6612.63, 1531, 1056
109, 10803, 5.44876e+007, 1.05759e+007, 6.50635e+007, 1591, 6647.35, 1534, 1056
110, 10903, 5.55246e+007, 1.07226e+007, 6.62471e+007, 1614, 6643.48, 1536, 1054
111, 11003, 5.77494e+007, 1.10679e+007, 6.88174e+007, 1662, 6659.39, 1535, 1054
112, 11103, 5.87051e+007, 1.11633e+007, 6.98684e+007, 1685, 6625.11, 1533, 1054
113, 11203, 5.77663e+007, 1.09803e+007, 6.87465e+007, 1669, 6578.94, 1532, 1055
114, 11303, 5.64199e+007, 1.07383e+007, 6.71582e+007, 1638, 6555.77, 1532, 1055
115, 11403, 5.59557e+007, 1.06425e+007, 6.65982e+007, 1625, 6549.21, 1532, 1055
116, 11503, 5.58279e+007, 1.06044e+007, 6.64324e+007, 1621, 6541.91, 1532, 1056
117, 11603, 5.57524e+007, 1.05667e+007, 6.63191e+007, 1619, 6526.7, 1532, 1056
118, 11703, 5.58952e+007, 1.05675e+007, 6.64627e+007, 1625, 6503.1, 1532, 1056
119, 11803, 5.57681e+007, 1.04828e+007, 6.6251e+007, 1620, 6470.88, 1531, 1056
120, 11903, 5.59133e+007, 1.05202e+007, 6.64335e+007, 1626, 6469.97, 1531, 1057
121, 12003, 5.61241e+007, 1.05239e+007, 6.6648e+007, 1631, 6452.43, 1531, 1057
122, 12103, 5.62493e+007, 1.05164e+007, 6.67657e+007, 1634, 6435.97, 1531, 1057
123, 12203, 5.59168e+007, 1.04211e+007, 6.6338e+007, 1620, 6432.79, 1531, 1057
124, 12303, 5.67219e+007, 1.05666e+007, 6.72885e+007, 1649, 6407.89, 1531, 1057
125, 12403, 5.56161e+007, 1.02244e+007, 6.58405e+007, 1604, 6374.29, 1530, 1057
126, 12503, 5.61592e+007, 1.0367e+007, 6.65262e+007, 1630, 6360.14, 1530, 1057
127, 12603, 5.61425e+007, 1.034e+007, 6.64825e+007, 1626, 6359.16, 1530, 1057
128, 12703, 5.60633e+007, 1.02738e+007, 6.63372e+007, 1625, 6322.34, 1530, 1057
129, 12803, 5.63829e+007, 1.03113e+007, 6.66942e+007, 1634, 6310.46, 1530, 1057
130, 12903, 5.60787e+007, 1.0233e+007, 6.63117e+007, 1625, 6297.21, 1530, 1057
131, 13003, 5.5784e+007, 1.01537e+007, 6.59377e+007, 1611, 6302.73, 1530, 1057
132, 13103, 5.61898e+007, 1.02131e+007, 6.64029e+007, 1627, 6277.27, 1530, 1057
133, 13203, 5.63882e+007, 1.02281e+007, 6.66163e+007, 1632, 6267.23, 1530, 1057
134, 13303, 5.61787e+007, 1.01497e+007, 6.63284e+007, 1622, 6257.51, 1530, 1057
135, 13403, 5.62354e+007, 1.0174e+007, 6.64094e+007, 1624, 6264.75, 1530, 1057
136, 13503, 5.63992e+007, 1.01768e+007, 6.6576e+007, 1631, 6239.63, 1530, 1057
137, 13603, 5.60167e+007, 1.01016e+007, 6.61183e+007, 1618, 6243.28, 1530, 1058
138, 13703, 5.62829e+007, 1.01273e+007, 6.64102e+007, 1630, 6213.06, 1530, 1057
139, 13803, 5.57882e+007, 9.93777e+006, 6.57259e+007, 1605, 6191.75, 1530, 1057
140, 13903, 5.62609e+007, 1.00303e+007, 6.62912e+007, 1621, 6187.74, 1530, 1057
141, 14003, 5.62697e+007, 1.00286e+007, 6.62983e+007, 1621, 6186.66, 1530, 1058
142, 14103, 5.61761e+007, 1.00261e+007, 6.62022e+007, 1621, 6185.12, 1530, 1058
143, 14203, 5.62017e+007, 9.98032e+006, 6.6182e+007, 1620, 6160.69, 1530, 1058
144, 14303, 5.64984e+007, 9.99661e+006, 6.6495e+007, 1627, 6144.2, 1529, 1058
145, 14403, 5.6145e+007, 9.9813e+006, 6.61263e+007, 1619, 6165.1, 1530, 1058
146, 14503, 5.67536e+007, 1.00516e+007, 6.68052e+007, 1638, 6136.52, 1529, 1058
147, 14603, 5.63397e+007, 9.94441e+006, 6.62842e+007, 1623, 6127.18, 1530, 1058
148, 14703, 5.65579e+007, 9.97105e+006, 6.65289e+007, 1627, 6128.49, 1530, 1058
149, 14803, 5.68086e+007, 1.00148e+007, 6.68234e+007, 1640, 6106.59, 1529, 1058
150, 14903, 5.62235e+007, 9.84151e+006, 6.6065e+007, 1618, 6082.52, 1529, 1058
151, 15003, 5.65355e+007, 9.87936e+006, 6.64149e+007, 1627, 6072.13, 1529, 1058
152, 15103, 5.61569e+007, 9.79706e+006, 6.5954e+007, 1613, 6073.81, 1529, 1058
153, 15203, 5.64851e+007, 9.82743e+006, 6.63125e+007, 1624, 6051.37, 1529, 1058
154, 15303, 5.62496e+007, 9.79081e+006, 6.60405e+007, 1618, 6051.18, 1529, 1058
155, 15403, 5.66339e+007, 9.86386e+006, 6.64978e+007, 1629, 6055.16, 1529, 1058
156, 15503, 5.62993e+007, 9.79473e+006, 6.6094e+007, 1619, 6049.86, 1529, 1058
157, 15603, 5.62348e+007, 9.72452e+006, 6.59594e+007, 1613, 6028.84, 1529, 1058
158, 15703, 5.68476e+007, 9.87345e+006, 6.67211e+007, 1638, 6027.75, 1529, 1058
159, 15803, 5.59974e+007, 9.61264e+006, 6.56101e+007, 1601, 6004.15, 1529, 1058
160, 15903, 5.60334e+007, 9.64322e+006, 6.56766e+007, 1606, 6004.49, 1529, 1058
161, 16003, 5.63635e+007, 9.72762e+006, 6.60911e+007, 1620, 6004.7, 1529, 1058
162, 16103, 5.66463e+007, 9.7439e+006, 6.63902e+007, 1628, 5985.2, 1529, 1058
163, 16203, 5.62379e+007, 9.64544e+006, 6.58834e+007, 1614, 5976.11, 1529, 1058
164, 16303, 5.64076e+007, 9.65499e+006, 6.60625e+007, 1618, 5967.24, 1529, 1058
165, 16403, 5.67099e+007, 9.70429e+006, 6.64142e+007, 1629, 5957.21, 1529, 1058
166, 16503, 5.65052e+007, 9.68081e+006, 6.6186e+007, 1621, 5972.12, 1529, 1058
167, 16603, 5.67816e+007, 9.677e+006, 6.64586e+007, 1628, 5944.11, 1529, 1058
168, 16703, 5.63559e+007, 9.60422e+006, 6.59601e+007, 1615, 5946.88, 1529, 1059
169, 16803, 5.66995e+007, 9.67331e+006, 6.63728e+007, 1628, 5941.84, 1529, 1058
170, 16903, 5.66048e+007, 9.5956e+006, 6.62004e+007, 1621, 5919.55, 1529, 1059
171, 17003, 5.67636e+007, 9.61468e+006, 6.63783e+007, 1628, 5905.82, 1528, 1059
172, 17103, 5.62025e+007, 9.48991e+006, 6.56924e+007, 1606, 5909.03, 1528, 1059
173, 17203, 5.66939e+007, 9.56771e+006, 6.62616e+007, 1624, 5891.45, 1528, 1059
174, 17303, 5.70842e+007, 9.68921e+006, 6.67734e+007, 1639, 5911.66, 1528, 1059
175, 17404, 5.66521e+007, 9.56844e+006, 6.62206e+007, 1621, 5902.8, 1528, 1059
176, 17504, 5.62779e+007, 9.45566e+006, 6.57336e+007, 1606, 5887.71, 1528, 1059
177, 17603, 5.67238e+007, 9.51014e+006, 6.6234e+007, 1625, 5852.39, 1528, 1059
178, 17703, 5.7098e+007, 9.61443e+006, 6.67124e+007, 1637, 5873.2, 1528, 1059
179, 17803, 5.6837e+007, 9.50897e+006, 6.63459e+007, 1623, 5858.88, 1528, 1059
180, 17903, 5.66943e+007, 9.45751e+006, 6.61519e+007, 1619, 5841.58, 1528, 1059
181, 18003, 5.70556e+007, 9.5624e+006, 6.6618e+007, 1637, 5841.42, 1528, 1059
182, 18103, 5.6715e+007, 9.46965e+006, 6.61846e+007, 1621, 5841.86, 1528, 1059
183, 18203, 5.66104e+007, 9.41949e+006, 6.60299e+007, 1618, 5821.69, 1528, 1059
184, 18303, 5.64363e+007, 9.40713e+006, 6.58434e+007, 1614, 5828.46, 1528, 1059
185, 18403, 5.67004e+007, 9.42257e+006, 6.6123e+007, 1623, 5805.65, 1528, 1059
186, 18503, 5.68574e+007, 9.42435e+006, 6.62817e+007, 1623, 5806.75, 1528, 1059
187, 18603, 5.67009e+007, 9.39675e+006, 6.60977e+007, 1617, 5811.23, 1528, 1059
188, 18703, 5.65885e+007, 9.33868e+006, 6.59271e+007, 1614, 5786.05, 1528, 1059
189, 18804, 5.70404e+007, 9.40832e+006, 6.64487e+007, 1627, 5782.62, 1528, 1059
190, 18903, 5.70098e+007, 9.39682e+006, 6.64066e+007, 1624, 5786.22, 1528, 1059
191, 19003, 5.69718e+007, 9.38603e+006, 6.63578e+007, 1624, 5779.58, 1528, 1059
192, 19103, 5.64142e+007, 9.29032e+006, 6.57045e+007, 1605, 5788.36, 1528, 1059
193, 19203, 5.70167e+007, 9.38145e+006, 6.63981e+007, 1630, 5755.49, 1528, 1059
194, 19303, 5.70241e+007, 9.37006e+006, 6.63942e+007, 1627, 5759.1, 1528, 1059
195, 19403, 5.69452e+007, 9.37007e+006, 6.63152e+007, 1625, 5766.2, 1528, 1059
196, 19503, 5.67741e+007, 9.32454e+006, 6.60987e+007, 1617, 5766.57, 1528, 1059
197, 19603, 5.71268e+007, 9.37473e+006, 6.65015e+007, 1631, 5747.84, 1528, 1059
198, 19703, 5.61718e+007, 9.1488e+006, 6.53206e+007, 1594, 5739.52, 1528, 1059
199, 19803, 5.68692e+007, 9.32562e+006, 6.61949e+007, 1624, 5742.38, 1528, 1059
200, 19903, 5.67768e+007, 9.28771e+006, 6.60645e+007, 1620, 5733.15, 1528, 1060
201, 20003, 5.64848e+007, 9.18492e+006, 6.56697e+007, 1607, 5715.57, 1528, 1059
202, 20103, 5.66972e+007, 9.25104e+006, 6.59483e+007, 1616, 5724.65, 1528, 1060
203, 20204, 5.68763e+007, 9.22724e+006, 6.61035e+007, 1620, 5695.83, 1527, 1059
204, 20303, 5.71345e+007, 9.28883e+006, 6.64233e+007, 1631, 5695.17, 1527, 1059
205, 20403, 5.67074e+007, 9.19184e+006, 6.58992e+007, 1614, 5695.07, 1527, 1059
206, 20503, 5.67671e+007, 9.16558e+006, 6.59327e+007, 1615, 5675.28, 1527, 1059
207, 20603, 5.74235e+007, 9.32741e+006, 6.67509e+007, 1642, 5680.52, 1527, 1059
208, 20703, 5.62459e+007, 9.05155e+006, 6.52974e+007, 1596, 5671.4, 1527, 1060
209, 20804, 5.60756e+007, 9.04524e+006, 6.51209e+007, 1593, 5678.12, 1527, 1060
210, 20904, 5.64901e+007, 9.10687e+006, 6.55969e+007, 1607, 5667, 1527, 1060
211, 21004, 5.66454e+007, 9.13637e+006, 6.57818e+007, 1614, 5660.7, 1527, 1060
212, 21103, 5.67274e+007, 9.16389e+006, 6.58913e+007, 1617, 5667.22, 1527, 1060
213, 21203, 5.65295e+007, 9.12293e+006, 6.56524e+007, 1609, 5669.94, 1527, 1060
214, 21303, 5.67421e+007, 9.12696e+006, 6.5869e+007, 1614, 5654.87, 1527, 1060
215, 21403, 5.66024e+007, 9.07405e+006, 6.56765e+007, 1608, 5643.07, 1527, 1060
216, 21503, 5.66865e+007, 9.10848e+006, 6.57949e+007, 1613, 5646.92, 1527, 1060
217, 21603, 5.6759e+007, 9.05271e+006, 6.58117e+007, 1609, 5626.29, 1527, 1060
218, 21703, 5.66356e+007, 9.02754e+006, 6.56631e+007, 1608, 5614.14, 1527, 1060
219, 21803, 5.65706e+007, 9.03921e+006, 6.56098e+007, 1609, 5617.9, 1527, 1060
220, 21903, 5.67142e+007, 9.05891e+006, 6.57732e+007, 1615, 5609.23, 1527, 1060
221, 22003, 5.67599e+007, 9.06458e+006, 6.58245e+007, 1614, 5616.22, 1527, 1060
222, 22103, 5.65993e+007, 9.04187e+006, 6.56411e+007, 1609, 5619.56, 1527, 1060
223, 22203, 5.66691e+007, 9.02862e+006, 6.56977e+007, 1611, 5604.36, 1527, 1060
224, 22303, 5.69267e+007, 9.076e+006, 6.60027e+007, 1621, 5599.02, 1527, 1060
225, 22403, 5.64105e+007, 8.98625e+006, 6.53967e+007, 1602, 5609.39, 1527, 1060
226, 22503, 5.66356e+007, 9.01357e+006, 6.56491e+007, 1609, 5601.97, 1527, 1060
227, 22603, 5.69209e+007, 9.00241e+006, 6.59233e+007, 1617, 5567.35, 1527, 1060
228, 22703, 5.65384e+007, 8.9472e+006, 6.54856e+007, 1603, 5581.54, 1527, 1060
229, 22803, 5.62933e+007, 8.93238e+006, 6.52257e+007, 1599, 5586.23, 1527, 1060
230, 22903, 5.66447e+007, 8.94746e+006, 6.55922e+007, 1612, 5550.54, 1526, 1060
231, 23003, 5.6693e+007, 8.9668e+006, 6.56598e+007, 1610, 5569.44, 1527, 1060
232, 23103, 5.6655e+007, 8.94308e+006, 6.55981e+007, 1609, 5558.16, 1527, 1060
233, 23203, 5.63277e+007, 8.84359e+006, 6.51713e+007, 1599, 5530.7, 1526, 1060
234, 23303, 5.67096e+007, 8.96932e+006, 6.56789e+007, 1615, 5553.76, 1526, 1060
235, 23403, 5.64792e+007, 8.91491e+006, 6.53941e+007, 1606, 5551, 1526, 1060
236, 23503, 5.63985e+007, 8.86412e+006, 6.52626e+007, 1600, 5540.07, 1526, 1060
237, 23603, 5.59599e+007, 8.77851e+006, 6.47384e+007, 1582, 5549, 1526, 1060
238, 23703, 5.67322e+007, 8.91758e+006, 6.56498e+007, 1613, 5528.57, 1526, 1060
239, 23803, 5.68667e+007, 8.97088e+006, 6.58376e+007, 1622, 5530.75, 1526, 1060
240, 23903, 5.69245e+007, 8.9324e+006, 6.58569e+007, 1617, 5524.06, 1526, 1060
241, 24004, 5.6623e+007, 8.86478e+006, 6.54878e+007, 1606, 5519.79, 1526, 1060
242, 24103, 5.68528e+007, 8.90754e+006, 6.57603e+007, 1613, 5522.34, 1526, 1060
243, 24203, 5.67009e+007, 8.89006e+006, 6.55909e+007, 1611, 5518.35, 1526, 1060
244, 24303, 5.60588e+007, 8.73779e+006, 6.47966e+007, 1585, 5512.8, 1526, 1060
245, 24403, 5.64398e+007, 8.77923e+006, 6.5219e+007, 1596, 5500.77, 1526, 1060
246, 24503, 5.66267e+007, 8.82112e+006, 6.54478e+007, 1605, 5496.03, 1526, 1060
247, 24603, 5.69861e+007, 8.87807e+006, 6.58642e+007, 1616, 5493.86, 1526, 1060
248, 24703, 5.66524e+007, 8.85386e+006, 6.55063e+007, 1607, 5509.56, 1526, 1061
249, 24803, 5.67317e+007, 8.84117e+006, 6.55729e+007, 1609, 5494.82, 1526, 1061
250, 24903, 5.65309e+007, 8.80218e+006, 6.53331e+007, 1603, 5491.07, 1526, 1061
251, 25003, 5.64373e+007, 8.77997e+006, 6.52172e+007, 1600, 5487.48, 1526, 1061
252, 25103, 5.61908e+007, 8.70493e+006, 6.48957e+007, 1589, 5478.24, 1526, 1060
253, 25203, 5.66749e+007, 8.81612e+006, 6.54911e+007, 1611, 5472.45, 1526, 1061
254, 25303, 5.66227e+007, 8.80413e+006, 6.54269e+007, 1608, 5475.21, 1526, 1061
255, 25403, 5.65684e+007, 8.79141e+006, 6.53598e+007, 1607, 5470.7, 1526, 1061
256, 25503, 5.68688e+007, 8.836e+006, 6.57048e+007, 1614, 5474.6, 1526, 1061
257, 25603, 5.70207e+007, 8.83659e+006, 6.58573e+007, 1620, 5454.68, 1525, 1061
258, 25704, 5.68028e+007, 8.79151e+006, 6.55943e+007, 1613, 5450.41, 1525, 1061
259, 25804, 5.63751e+007, 8.67963e+006, 6.50547e+007, 1598, 5431.56, 1525, 1061
260, 25904, 5.6893e+007, 8.79466e+006, 6.56876e+007, 1616, 5442.24, 1525, 1061
261, 26003, 5.66742e+007, 8.72302e+006, 6.53972e+007, 1605, 5434.91, 1525, 1061
262, 26103, 5.60372e+007, 8.62949e+006, 6.46667e+007, 1587, 5437.61, 1526, 1061
263, 26203, 5.64892e+007, 8.68873e+006, 6.51779e+007, 1601, 5427.07, 1525, 1061
264, 26304, 5.67042e+007, 8.68857e+006, 6.53928e+007, 1605, 5413.44, 1525, 1061
265, 26404, 5.61244e+007, 8.57149e+006, 6.46959e+007, 1587, 5401.06, 1525, 1061
266, 26504, 5.64942e+007, 8.65217e+006, 6.51463e+007, 1601, 5404.23, 1525, 1061
267, 26604, 5.65139e+007, 8.63341e+006, 6.51473e+007, 1600, 5395.88, 1525, 1061
268, 26704, 5.61432e+007, 8.5683e+006, 6.47115e+007, 1586, 5402.46, 1525, 1061
269, 26798, 5.64969e+007, 8.63361e+006, 6.51305e+007, 1600, 5396.01, 1525, 1061
270, 26898, 5.61733e+007, 8.54493e+006, 6.47182e+007, 1587, 5384.33, 1525, 1061
271, 26998, 5.62258e+007, 8.54681e+006, 6.47726e+007, 1590, 5375.35, 1525, 1061
272, 27098, 5.59984e+007, 8.53548e+006, 6.45339e+007, 1583, 5391.96, 1525, 1061
273, 27198, 5.62998e+007, 8.56832e+006, 6.48681e+007, 1593, 5378.73, 1525, 1061
274, 27298, 5.6645e+007, 8.65007e+006, 6.52951e+007, 1608, 5379.39, 1525, 1061
275, 27398, 5.61315e+007, 8.5327e+006, 6.46642e+007, 1588, 5373.24, 1525, 1061
276, 27498, 5.62711e+007, 8.54476e+006, 6.48158e+007, 1592, 5367.31, 1525, 1061
277, 27598, 5.59707e+007, 8.46644e+006, 6.44372e+007, 1582, 5351.73, 1525, 1061
278, 27698, 5.63729e+007, 8.5663e+006, 6.49392e+007, 1599, 5357.29, 1525, 1061
279, 27798, 5.63492e+007, 8.52654e+006, 6.48757e+007, 1595, 5345.79, 1525, 1061
280, 27898, 5.65974e+007, 8.58595e+006, 6.51833e+007, 1606, 5346.17, 1525, 1061
281, 27998, 5.60223e+007, 8.47293e+006, 6.44952e+007, 1584, 5349.07, 1525, 1061
282, 28098, 5.62873e+007, 8.48297e+006, 6.47703e+007, 1593, 5325.15, 1525, 1061
283, 28198, 5.64746e+007, 8.49858e+006, 6.49732e+007, 1597, 5321.59, 1525, 1061
284, 28298, 5.60482e+007, 8.43555e+006, 6.44838e+007, 1586, 5318.75, 1525, 1061
285, 28398, 5.61113e+007, 8.42978e+006, 6.45411e+007, 1587, 5311.77, 1525, 1061
286, 28498, 5.57424e+007, 8.36714e+006, 6.41095e+007, 1575, 5312.47, 1525, 1061
287, 28598, 5.59132e+007, 8.39886e+006, 6.4312e+007, 1583, 5305.66, 1525, 1061
288, 28698, 5.60838e+007, 8.41039e+006, 6.44942e+007, 1586, 5302.9, 1525, 1061
289, 28798, 5.59328e+007, 8.34142e+006, 6.42743e+007, 1576, 5292.78, 1525, 1061
290, 28898, 5.5936e+007, 8.37415e+006, 6.43101e+007, 1581, 5296.74, 1525, 1061
291, 28998, 5.62286e+007, 8.43124e+006, 6.46599e+007, 1592, 5296.01, 1525, 1061
292, 29098, 5.58655e+007, 8.33979e+006, 6.42053e+007, 1577, 5288.39, 1525, 1061
293, 29198, 5.60414e+007, 8.34702e+006, 6.43884e+007, 1582, 5276.25, 1525, 1061
294, 29298, 5.55948e+007, 8.29539e+006, 6.38902e+007, 1570, 5283.69, 1525, 1061
295, 29398, 5.61847e+007, 8.34771e+006, 6.45324e+007, 1589, 5253.44, 1524, 1061
296, 29498, 5.62829e+007, 8.3527e+006, 6.46355e+007, 1593, 5243.38, 1524, 1061
297, 29598, 5.63569e+007, 8.37563e+006, 6.47326e+007, 1594, 5254.48, 1524, 1061
298, 29698, 5.59337e+007, 8.27204e+006, 6.42058e+007, 1577, 5245.43, 1524, 1061
299, 29798, 5.63195e+007, 8.34894e+006, 6.46684e+007, 1594, 5237.73, 1524, 1061
300, 29898, 5.59088e+007, 8.27808e+006, 6.41868e+007, 1579, 5242.61, 1524, 1061
301, 29998, 5.58878e+007, 8.27527e+006, 6.4163e+007, 1579, 5240.83, 1524, 1062
302, 30098, 5.55308e+007, 8.23748e+006, 6.37683e+007, 1565, 5263.57, 1524, 1062
303, 30198, 5.70405e+007, 8.77605e+006, 6.58166e+007, 1616, 5430.72, 1525, 1061
304, 30298, 5.69061e+007, 8.81762e+006, 6.57238e+007, 1609, 5480.19, 1525, 1061
305, 30398, 5.72124e+007, 8.98617e+006, 6.61986e+007, 1620, 5547.02, 1525, 1061
306, 30498, 5.74322e+007, 9.08337e+006, 6.65156e+007, 1631, 5569.2, 1525, 1061
307, 30598, 5.80359e+007, 9.27715e+006, 6.7313e+007, 1654, 5608.92, 1525, 1061
308, 30698, 5.72971e+007, 9.10583e+006, 6.6403e+007, 1621, 5617.41, 1525, 1061
309, 30798, 5.76403e+007, 9.19484e+006, 6.68351e+007, 1632, 5634.09, 1524, 1061
310, 30898, 5.78178e+007, 9.28618e+006, 6.7104e+007, 1645, 5645.1, 1525, 1061
311, 30998, 5.77296e+007, 9.23308e+006, 6.69626e+007, 1638, 5636.8, 1525, 1061
312, 31098, 5.76345e+007, 9.20495e+006, 6.68394e+007, 1632, 5640.29, 1524, 1061
313, 31198, 5.83084e+007, 9.35974e+006, 6.76681e+007, 1658, 5645.2, 1524, 1061
314, 31298, 5.80645e+007, 9.31163e+006, 6.73762e+007, 1647, 5653.69, 1525, 1061
315, 31398, 5.7931e+007, 9.32066e+006, 6.72516e+007, 1647, 5659.17, 1525, 1061
316, 31498, 5.83324e+007, 9.30553e+006, 6.76379e+007, 1655, 5622.68, 1524, 1060
317, 31598, 5.82795e+007, 9.3761e+006, 6.76556e+007, 1657, 5658.48, 1525, 1061
318, 31698, 5.7968e+007, 9.29866e+006, 6.72667e+007, 1647, 5645.82, 1524, 1061
319, 31798, 5.8181e+007, 9.34701e+006, 6.7528e+007, 1653, 5654.57, 1525, 1061
320, 31898, 5.7853e+007, 9.26243e+006, 6.71154e+007, 1641, 5644.38, 1525, 1060
321, 31998, 5.77823e+007, 9.23352e+006, 6.70158e+007, 1640, 5630.2, 1524, 1061
322, 32098, 5.78482e+007, 9.24804e+006, 6.70963e+007, 1641, 5635.61, 1524, 1060
323, 32198, 5.78877e+007, 9.23901e+006, 6.71268e+007, 1643, 5623.25, 1525, 1060
324, 32298, 5.84493e+007, 9.35799e+006, 6.78073e+007, 1662, 5630.56, 1525, 1060
325, 32398, 5.79009e+007, 9.24115e+006, 6.7142e+007, 1642, 5627.99, 1525, 1060
326, 32498, 5.78778e+007, 9.22175e+006, 6.70995e+007, 1640, 5623.02, 1525, 1060
327, 32598, 5.80011e+007, 9.2217e+006, 6.72228e+007, 1644, 5609.3, 1524, 1060
328, 32698, 5.79528e+007, 9.21717e+006, 6.717e+007, 1644, 5606.55, 1525, 1060
329, 32798, 5.79274e+007, 9.23131e+006, 6.71588e+007, 1645, 5611.74, 1525, 1060
330, 32898, 5.83951e+007, 9.32741e+006, 6.77225e+007, 1662, 5612.16, 1525, 1060
331, 32998, 5.83154e+007, 9.26895e+006, 6.75843e+007, 1657, 5593.81, 1525, 1060
332, 33098, 5.79815e+007, 9.188e+006, 6.71695e+007, 1643, 5592.21, 1524, 1060
333, 33198, 5.79985e+007, 9.17408e+006, 6.71726e+007, 1643, 5583.74, 1525, 1060
334, 33298, 5.81266e+007, 9.18049e+006, 6.73071e+007, 1647, 5574.07, 1524, 1060
335, 33398, 5.75226e+007, 9.09098e+006, 6.66136e+007, 1630, 5577.29, 1524, 1060
336, 33498, 5.81554e+007, 9.2093e+006, 6.73647e+007, 1649, 5584.78, 1525, 1060
337, 33598, 5.78226e+007, 9.16013e+006, 6.69827e+007, 1642, 5578.64, 1525, 1060
338, 33698, 5.74639e+007, 9.06421e+006, 6.65281e+007, 1627, 5571.12, 1525, 1060
339, 33798, 5.79444e+007, 9.14525e+006, 6.70897e+007, 1643, 5566.19, 1525, 1060
340, 33898, 5.79651e+007, 9.15743e+006, 6.71225e+007, 1645, 5566.83, 1525, 1060
341, 33998, 5.74397e+007, 9.05043e+006, 6.64901e+007, 1627, 5562.65, 1525, 1060
342, 34098, 5.78309e+007, 9.08475e+006, 6.69156e+007, 1640, 5539.48, 1525, 1060
343, 34198, 5.76338e+007, 9.05745e+006, 6.66913e+007, 1633, 5546.51, 1525, 1060
344, 34298, 5.76037e+007, 8.99481e+006, 6.65985e+007, 1629, 5521.68, 1525, 1060
345, 34398, 5.67502e+007, 8.90766e+006, 6.56578e+007, 1603, 5556.87, 1525, 1060
346, 34498, 5.77478e+007, 9.05302e+006, 6.68008e+007, 1638, 5526.87, 1525, 1060
347, 34598, 5.76158e+007, 8.99576e+006, 6.66115e+007, 1629, 5522.26, 1525, 1060
348, 34708, 5.7619e+007, 9.00826e+006, 6.66273e+007, 1633, 5516.39, 1524, 1060
349, 34808, 5.74431e+007, 8.979e+006, 6.64221e+007, 1627, 5518.75, 1524, 1060
350, 34908, 5.74188e+007, 8.92392e+006, 6.63428e+007, 1623, 5498.41, 1524, 1060
351, 34998, 5.79671e+007, 9.05412e+006, 6.70212e+007, 1645, 5504.03, 1525, 1060
352, 35098, 5.77572e+007, 9.0147e+006, 6.67719e+007, 1634, 5516.95, 1525, 1060
353, 35198, 5.73438e+007, 8.87906e+006, 6.62228e+007, 1618, 5487.68, 1524, 1060
354, 35298, 5.76734e+007, 9.00212e+006, 6.66755e+007, 1636, 5502.52, 1525, 1060
355, 35408, 5.73776e+007, 8.92152e+006, 6.62991e+007, 1625, 5490.17, 1525, 1060
356, 35508, 5.75724e+007, 8.91509e+006, 6.64875e+007, 1629, 5472.74, 1524, 1060
357, 35598, 5.77534e+007, 8.98375e+006, 6.67371e+007, 1637, 5487.93, 1524, 1060
358, 35708, 5.7334e+007, 8.89994e+006, 6.62339e+007, 1623, 5483.63, 1525, 1060
359, 35809, 5.71068e+007, 8.83811e+006, 6.59449e+007, 1616, 5469.13, 1524, 1060
360, 35908, 5.73329e+007, 8.88748e+006, 6.62204e+007, 1626, 5465.86, 1524, 1060
361, 36008, 5.73862e+007, 8.89991e+006, 6.62861e+007, 1625, 5476.87, 1524, 1060
362, 36108, 5.69661e+007, 8.74318e+006, 6.57092e+007, 1606, 5444.07, 1524, 1060
363, 36208, 5.70407e+007, 8.76365e+006, 6.58043e+007, 1610, 5443.26, 1524, 1060
364, 36308, 5.73452e+007, 8.84482e+006, 6.61901e+007, 1623, 5449.67, 1524, 1060
365, 36408, 5.70832e+007, 8.77948e+006, 6.58627e+007, 1613, 5442.95, 1524, 1060
366, 36508, 5.76406e+007, 8.89729e+006, 6.65379e+007, 1632, 5451.77, 1524, 1060
367, 36608, 5.72849e+007, 8.80809e+006, 6.6093e+007, 1622, 5430.39, 1524, 1060
368, 36708, 5.74541e+007, 8.81706e+006, 6.62711e+007, 1625, 5425.88, 1524, 1060
369, 36807, 5.75574e+007, 8.83028e+006, 6.63877e+007, 1629, 5420.68, 1524, 1060
370, 36907, 5.71144e+007, 8.75297e+006, 6.58673e+007, 1618, 5409.75, 1524, 1060
371, 37007, 5.6971e+007, 8.74299e+006, 6.5714e+007, 1612, 5423.69, 1524, 1060
372, 37107, 5.70435e+007, 8.70827e+006, 6.57518e+007, 1611, 5405.5, 1524, 1060
373, 37207, 5.7042e+007, 8.72678e+006, 6.57688e+007, 1616, 5400.24, 1524, 1060
374, 37307, 5.68501e+007, 8.65828e+006, 6.55084e+007, 1607, 5387.85, 1524, 1060
375, 37407, 5.68133e+007, 8.67558e+006, 6.54889e+007, 1605, 5405.35, 1524, 1060
376, 37507, 5.66665e+007, 8.60506e+006, 6.52715e+007, 1599, 5381.53, 1524, 1060
377, 37607, 5.72025e+007, 8.74057e+006, 6.5943e+007, 1621, 5392.08, 1524, 1060
378, 37707, 5.71396e+007, 8.72343e+006, 6.5863e+007, 1619, 5388.16, 1524, 1060
379, 37807, 5.69393e+007, 8.64704e+006, 6.55863e+007, 1610, 5370.83, 1524, 1060
380, 37907, 5.72664e+007, 8.71605e+006, 6.59825e+007, 1622, 5373.64, 1524, 1060
381, 38007, 5.69011e+007, 8.64277e+006, 6.55439e+007, 1610, 5368.18, 1524, 1060
382, 38107, 5.71199e+007, 8.65663e+006, 6.57765e+007, 1615, 5360.15, 1524, 1060
383, 38207, 5.69379e+007, 8.61154e+006, 6.55494e+007, 1607, 5358.77, 1524, 1060
384, 38307, 5.68191e+007, 8.60719e+006, 6.54263e+007, 1606, 5359.4, 1524, 1060
385, 38407, 5.64372e+007, 8.5312e+006, 6.49684e+007, 1591, 5362.16, 1524, 1060
386, 38507, 5.63503e+007, 8.48864e+006, 6.48389e+007, 1588, 5345.49, 1524, 1060
387, 38607, 5.688e+007, 8.59137e+006, 6.54713e+007, 1608, 5342.89, 1524, 1060
388, 38707, 5.66927e+007, 8.54607e+006, 6.52387e+007, 1600, 5341.3, 1524, 1060
389, 38807, 5.64849e+007, 8.47804e+006, 6.49629e+007, 1591, 5328.75, 1524, 1060
390, 38907, 5.64733e+007, 8.50377e+006, 6.49771e+007, 1594, 5334.86, 1524, 1060
391, 39007, 5.65402e+007, 8.52308e+006, 6.50633e+007, 1600, 5326.93, 1524, 1060
392, 39107, 5.62043e+007, 8.42326e+006, 6.46276e+007, 1583, 5321.08, 1524, 1060
393, 39207, 5.68096e+007, 8.57345e+006, 6.53831e+007, 1611, 5321.82, 1524, 1060
394, 39307, 5.66499e+007, 8.49615e+006, 6.5146e+007, 1603, 5300.16, 1524, 1060
395, 39407, 5.62735e+007, 8.42356e+006, 6.4697e+007, 1589, 5301.17, 1524, 1060
396, 39507, 5.67149e+007, 8.49501e+006, 6.521e+007, 1601, 5306.07, 1524, 1060
397, 39607, 5.62724e+007, 8.40381e+006, 6.46762e+007, 1588, 5292.07, 1524, 1060
398, 39707, 5.61606e+007, 8.37965e+006, 6.45402e+007, 1583, 5293.53, 1524, 1060
399, 39807, 5.68043e+007, 8.49802e+006, 6.53024e+007, 1608, 5284.84, 1524, 1060
400, 39907, 5.66762e+007, 8.45418e+006, 6.51304e+007, 1600, 5283.86, 1524, 1060
401, 40007, 5.63784e+007, 8.393e+006, 6.47714e+007, 1593, 5268.68, 1524, 1060
402, 40107, 5.64598e+007, 8.42815e+006, 6.4888e+007, 1596, 5280.8, 1524, 1060
403, 40207, 5.63378e+007, 8.42113e+006, 6.4759e+007, 1595, 5279.71, 1524, 1060
404, 40307, 5.62715e+007, 8.3738e+006, 6.46453e+007, 1588, 5273.17, 1524, 1060
405, 40407, 5.61341e+007, 8.37067e+006, 6.45047e+007, 1585, 5281.18, 1524, 1060
406, 40507, 5.6102e+007, 8.33477e+006, 6.44368e+007, 1586, 5255.21, 1524, 1060
407, 40607, 5.67058e+007, 8.41969e+006, 6.51255e+007, 1603, 5252.46, 1524, 1060
408, 40707, 5.63111e+007, 8.36951e+006, 6.46806e+007, 1591, 5260.53, 1524, 1060
409, 40807, 5.66732e+007, 8.3753e+006, 6.50485e+007, 1600, 5234.56, 1524, 1060
410, 40907, 5.64885e+007, 8.38823e+006, 6.48767e+007, 1598, 5249.2, 1524, 1060
411, 41007, 5.60049e+007, 8.26491e+006, 6.42698e+007, 1578, 5237.59, 1524, 1060
412, 41107, 5.63503e+007, 8.32939e+006, 6.46797e+007, 1590, 5238.61, 1524, 1060
413, 41207, 5.642e+007, 8.32698e+006, 6.4747e+007, 1595, 5220.68, 1524, 1060
414, 41307, 5.63466e+007, 8.28852e+006, 6.46351e+007, 1590, 5212.9, 1524, 1060
415, 41407, 5.60487e+007, 8.26421e+006, 6.43129e+007, 1582, 5223.9, 1524, 1060
416, 41507, 5.6194e+007, 8.25777e+006, 6.44518e+007, 1585, 5209.95, 1524, 1060
417, 41607, 5.58473e+007, 8.18941e+006, 6.40367e+007, 1572, 5209.55, 1524, 1060
418, 41707, 5.59097e+007, 8.18318e+006, 6.40929e+007, 1576, 5192.37, 1524, 1060
419, 41807, 5.64369e+007, 8.26787e+006, 6.47048e+007, 1593, 5190.13, 1524, 1060
420, 41907, 5.60381e+007, 8.23524e+006, 6.42733e+007, 1586, 5192.46, 1524, 1060
421, 42007, 5.60793e+007, 8.20153e+006, 6.42808e+007, 1582, 5184.28, 1524, 1060
422, 42107, 5.57531e+007, 8.13601e+006, 6.38892e+007, 1572, 5175.58, 1524, 1060
423, 42207, 5.58201e+007, 8.1758e+006, 6.39959e+007, 1577, 5184.4, 1524, 1060
424, 42307, 5.60707e+007, 8.21025e+006, 6.4281e+007, 1582, 5189.79, 1524, 1060
425, 42407, 5.58488e+007, 8.17968e+006, 6.40285e+007, 1576, 5190.15, 1524, 1060
426, 42507, 5.60878e+007, 8.22928e+006, 6.43171e+007, 1588, 5182.16, 1524, 1060
427, 42607, 5.58455e+007, 8.15692e+006, 6.40024e+007, 1576, 5175.71, 1524, 1060
428, 42707, 5.61257e+007, 8.2152e+006, 6.43409e+007, 1589, 5170.04, 1524, 1060
429, 42807, 5.61287e+007, 8.18269e+006, 6.43114e+007, 1586, 5159.32, 1524, 1060
430, 42907, 5.59034e+007, 8.16702e+006, 6.40704e+007, 1581, 5165.73, 1524, 1060
431, 43007, 5.58088e+007, 8.14412e+006, 6.39529e+007, 1576, 5167.59, 1524, 1060
432, 43107, 5.56522e+007, 8.1045e+006, 6.37567e+007, 1572, 5155.53, 1524, 1060
433, 43207, 5.60355e+007, 8.1596e+006, 6.41951e+007, 1584, 5151.26, 1524, 1060
434, 43307, 5.62024e+007, 8.19041e+006, 6.43928e+007, 1589, 5154.45, 1524, 1060
435, 43407, 5.59046e+007, 8.13988e+006, 6.40445e+007, 1582, 5145.31, 1524, 1060
436, 43507, 5.56639e+007, 8.06342e+006, 6.37273e+007, 1566, 5149.06, 1524, 1060
437, 43607, 5.57789e+007, 8.09075e+006, 6.38697e+007, 1574, 5140.25, 1524, 1060
438, 43707, 5.57152e+007, 8.07436e+006, 6.37895e+007, 1573, 5133.09, 1524, 1060
439, 43807, 5.58517e+007, 8.09155e+006, 6.39432e+007, 1577, 5130.97, 1524, 1060
440, 43907, 5.59671e+007, 8.10553e+006, 6.40726e+007, 1582, 5123.6, 1524, 1060
441, 44007, 5.57777e+007, 8.04416e+006, 6.38218e+007, 1571, 5120.4, 1523, 1060
442, 44107, 5.56803e+007, 8.04484e+006, 6.37251e+007, 1571, 5120.84, 1524, 1060
443, 44207, 5.60175e+007, 8.05445e+006, 6.4072e+007, 1580, 5097.76, 1523, 1060
444, 44307, 5.60788e+007, 8.10914e+006, 6.41879e+007, 1586, 5112.95, 1523, 1060
445, 44407, 5.51082e+007, 7.90979e+006, 6.3018e+007, 1551, 5099.8, 1524, 1060
446, 44507, 5.60134e+007, 8.03899e+006, 6.40524e+007, 1582, 5081.54, 1524, 1060
447, 44607, 5.5659e+007, 8.01049e+006, 6.36695e+007, 1571, 5098.98, 1524, 1060
448, 44707, 5.55604e+007, 8.00563e+006, 6.3566e+007, 1570, 5099.13, 1523, 1060
449, 44807, 5.57235e+007, 7.99374e+006, 6.37172e+007, 1571, 5088.31, 1523, 1060
450, 44907, 5.57458e+007, 7.97471e+006, 6.37206e+007, 1571, 5076.2, 1523, 1060
451, 45007, 5.60303e+007, 8.03371e+006, 6.4064e+007, 1582, 5078.2, 1523, 1060
452, 45107, 5.60634e+007, 8.02867e+006, 6.40921e+007, 1582, 5075.01, 1523, 1060
453, 45207, 5.58366e+007, 7.97855e+006, 6.38152e+007, 1578, 5056.11, 1523, 1060
454, 45307, 5.5855e+007, 8.00911e+006, 6.38641e+007, 1578, 5075.48, 1523, 1060
455, 45407, 5.5468e+007, 7.93564e+006, 6.34036e+007, 1564, 5073.94, 1523, 1060
456, 45507, 5.5865e+007, 7.99947e+006, 6.38645e+007, 1579, 5066.16, 1523, 1060
457, 45607, 5.57669e+007, 7.95871e+006, 6.37256e+007, 1573, 5059.58, 1523, 1060
458, 45707, 5.53969e+007, 7.89345e+006, 6.32903e+007, 1561, 5056.67, 1523, 1060
459, 45807, 5.55429e+007, 7.91443e+006, 6.34573e+007, 1566, 5053.91, 1523, 1060
460, 45907, 5.61516e+007, 8.00478e+006, 6.41563e+007, 1587, 5043.97, 1523, 1060
461, 46007, 5.53639e+007, 7.87129e+006, 6.32352e+007, 1560, 5045.7, 1523, 1060
462, 46107, 5.53787e+007, 7.89058e+006, 6.32692e+007, 1562, 5051.59, 1523, 1060
463, 46207, 5.51908e+007, 7.81639e+006, 6.30072e+007, 1551, 5039.58, 1523, 1060
464, 46307, 5.52523e+007, 7.82203e+006, 6.30743e+007, 1557, 5023.79, 1523, 1060
465, 46407, 5.59233e+007, 7.91956e+006, 6.38429e+007, 1577, 5021.92, 1523, 1060
466, 46507, 5.54483e+007, 7.86962e+006, 6.33179e+007, 1561, 5041.39, 1523, 1060
467, 46607, 5.53619e+007, 7.83707e+006, 6.3199e+007, 1559, 5026.99, 1523, 1060
468, 46707, 5.50672e+007, 7.76498e+006, 6.28322e+007, 1548, 5016.14, 1523, 1060
469, 46807, 5.56997e+007, 7.90227e+006, 6.3602e+007, 1574, 5020.5, 1523, 1060
470, 46907, 5.53295e+007, 7.83618e+006, 6.31657e+007, 1558, 5029.64, 1523, 1060
471, 47007, 5.51529e+007, 7.74699e+006, 6.28999e+007, 1550, 4998.06, 1523, 1060
472, 47107, 5.51456e+007, 7.78339e+006, 6.2929e+007, 1556, 5002.18, 1523, 1060
473, 47207, 5.57471e+007, 7.86867e+006, 6.36157e+007, 1574, 4999.15, 1523, 1060
474, 47307, 5.56128e+007, 7.8472e+006, 6.346e+007, 1569, 5001.4, 1523, 1060
475, 47407, 5.53039e+007, 7.80017e+006, 6.3104e+007, 1561, 4996.91, 1523, 1060
476, 47507, 5.52985e+007, 7.78091e+006, 6.30794e+007, 1558, 4994.17, 1523, 1060
477, 47607, 5.54354e+007, 7.80032e+006, 6.32357e+007, 1563, 4990.61, 1523, 1060
478, 47707, 5.50297e+007, 7.7266e+006, 6.27563e+007, 1551, 4981.69, 1523, 1060
479, 47807, 5.513e+007, 7.73547e+006, 6.28655e+007, 1553, 4980.99, 1523, 1060
480, 47907, 5.53601e+007, 7.79471e+006, 6.31548e+007, 1564, 4983.83, 1523, 1060
481, 48007, 5.55325e+007, 7.79722e+006, 6.33297e+007, 1569, 4969.55, 1523, 1060
482, 48107, 5.5083e+007, 7.70194e+006, 6.27849e+007, 1548, 4975.41, 1523, 1060
483, 48207, 5.54532e+007, 7.76542e+006, 6.32187e+007, 1562, 4971.46, 1523, 1060
484, 48307, 5.50733e+007, 7.67962e+006, 6.27529e+007, 1551, 4951.4, 1523, 1060
485, 48407, 5.52787e+007, 7.73829e+006, 6.3017e+007, 1560, 4960.44, 1523, 1060
486, 48507, 5.48442e+007, 7.63067e+006, 6.24748e+007, 1543, 4945.35, 1523, 1060
487, 48607, 5.47268e+007, 7.64595e+006, 6.23727e+007, 1540, 4964.9, 1523, 1060
488, 48707, 5.46678e+007, 7.61425e+006, 6.22821e+007, 1536, 4957.19, 1523, 1060
489, 48807, 5.53637e+007, 7.73348e+006, 6.30972e+007, 1561, 4954.18, 1523, 1060
490, 48907, 5.47736e+007, 7.6033e+006, 6.23769e+007, 1541, 4934, 1523, 1060
491, 49007, 5.5334e+007, 7.73608e+006, 6.30701e+007, 1562, 4952.68, 1523, 1060
492, 49107, 5.51621e+007, 7.67517e+006, 6.28372e+007, 1553, 4942.15, 1523, 1060
493, 49207, 5.48424e+007, 7.60833e+006, 6.24507e+007, 1541, 4937.27, 1523, 1060
494, 49307, 5.47074e+007, 7.59141e+006, 6.22988e+007, 1539, 4932.69, 1523, 1060
495, 49407, 5.49626e+007, 7.60564e+006, 6.25682e+007, 1547, 4916.38, 1523, 1060
496, 49507, 5.49335e+007, 7.59422e+006, 6.25278e+007, 1545, 4915.35, 1523, 1060
497, 49607, 5.47147e+007, 7.57465e+006, 6.22894e+007, 1540, 4918.6, 1523, 1060
498, 49707, 5.49403e+007, 7.60238e+006, 6.25427e+007, 1546, 4917.45, 1523, 1060
499, 49807, 5.4535e+007, 7.52315e+006, 6.20581e+007, 1532, 4910.67, 1522, 1060
500, 49907, 5.47932e+007, 7.5809e+006, 6.23741e+007, 1543, 4913.09, 1523, 1060
501, 50007, 5.47882e+007, 7.53287e+006, 6.23211e+007, 1542, 4885.13, 1522, 1060
502, 50107, 5.50775e+007, 7.61983e+006, 6.26974e+007, 1554, 4903.36, 1523, 1060
503, 50207, 5.45937e+007, 7.49238e+006, 6.20861e+007, 1534, 4884.21, 1522, 1060
504, 50307, 5.50913e+007, 7.58134e+006, 6.26726e+007, 1547, 4900.67, 1523, 1060
505, 50407, 5.47895e+007, 7.56401e+006, 6.23535e+007, 1546, 4892.63, 1522, 1060
506, 50507, 5.47515e+007, 7.51188e+006, 6.22633e+007, 1538, 4884.19, 1522, 1060
507, 50607, 5.52781e+007, 7.61272e+006, 6.28908e+007, 1556, 4892.49, 1522, 1060
508, 50707, 5.47073e+007, 7.48427e+006, 6.21915e+007, 1536, 4872.57, 1522, 1060
509, 50807, 5.52582e+007, 7.59997e+006, 6.28582e+007, 1559, 4874.9, 1522, 1060
510, 50907, 5.53671e+007, 7.58929e+006, 6.29564e+007, 1558, 4871.17, 1522, 1060
511, 51007, 5.49725e+007, 7.56494e+006, 6.25374e+007, 1551, 4877.46, 1522, 1060
512, 51107, 5.45971e+007, 7.45887e+006, 6.2056e+007, 1533, 4865.54, 1522, 1060
513, 51207, 5.4806e+007, 7.5081e+006, 6.23141e+007, 1540, 4875.39, 1522, 1060
514, 51307, 5.47675e+007, 7.51505e+006, 6.22826e+007, 1542, 4873.57, 1522, 1060
515, 51407, 5.50893e+007, 7.52718e+006, 6.26165e+007, 1553, 4846.87, 1522, 1060
516, 51507, 5.46765e+007, 7.49613e+006, 6.21726e+007, 1538, 4873.95, 1522, 1061
517, 51607, 5.49715e+007, 7.54728e+006, 6.25188e+007, 1548, 4875.5, 1522, 1061
518, 51707, 5.4616e+007, 7.44046e+006, 6.20565e+007, 1536, 4844.05, 1522, 1060
519, 51807, 5.48603e+007, 7.47806e+006, 6.23383e+007, 1546, 4837.04, 1522, 1060
520, 51907, 5.48978e+007, 7.46586e+006, 6.23637e+007, 1544, 4835.4, 1522, 1060
521, 52007, 5.44687e+007, 7.40652e+006, 6.18752e+007, 1532, 4834.54, 1522, 1060
522, 52107, 5.4571e+007, 7.42559e+006, 6.19965e+007, 1535, 4837.52, 1522, 1061
523, 52207, 5.4327e+007, 7.3998e+006, 6.17268e+007, 1528, 4842.8, 1522, 1060
524, 52307, 5.44898e+007, 7.43325e+006, 6.19231e+007, 1534, 4845.67, 1522, 1061
525, 52407, 5.44997e+007, 7.43478e+006, 6.19345e+007, 1535, 4843.51, 1522, 1061
526, 52507, 5.46503e+007, 7.44847e+006, 6.20988e+007, 1541, 4833.53, 1522, 1061
527, 52607, 5.43461e+007, 7.37112e+006, 6.17172e+007, 1527, 4827.19, 1522, 1060
528, 52707, 5.47449e+007, 7.40321e+006, 6.21481e+007, 1539, 4810.4, 1522, 1060
529, 52807, 5.44469e+007, 7.38019e+006, 6.18271e+007, 1531, 4820.5, 1522, 1060
530, 52907, 5.42705e+007, 7.32854e+006, 6.15991e+007, 1524, 4808.75, 1522, 1061
531, 53007, 5.41419e+007, 7.33979e+006, 6.14817e+007, 1523, 4819.3, 1522, 1061
532, 53107, 5.41909e+007, 7.3277e+006, 6.15186e+007, 1521, 4817.69, 1522, 1061
533, 53207, 5.45491e+007, 7.38599e+006, 6.19351e+007, 1534, 4814.86, 1522, 1061
534, 53307, 5.40808e+007, 7.32052e+006, 6.14013e+007, 1522, 4809.81, 1522, 1061
535, 53407, 5.41416e+007, 7.33028e+006, 6.14719e+007, 1524, 4809.89, 1522, 1061
536, 53507, 5.45085e+007, 7.35988e+006, 6.18683e+007, 1532, 4804.1, 1522, 1061
537, 53607, 5.41474e+007, 7.31341e+006, 6.14608e+007, 1524, 4798.83, 1522, 1061
538, 53707, 5.43106e+007, 7.33234e+006, 6.16429e+007, 1527, 4801.8, 1522, 1061
539, 53807, 5.40268e+007, 7.28507e+006, 6.13119e+007, 1513, 4814.99, 1522, 1061
540, 53907, 5.44206e+007, 7.32848e+006, 6.17491e+007, 1530, 4789.86, 1522, 1061
541, 54007, 5.42652e+007, 7.30726e+006, 6.15725e+007, 1525, 4791.65, 1522, 1061
542, 54107, 5.45595e+007, 7.36306e+006, 6.19226e+007, 1538, 4787.42, 1522, 1061
543, 54207, 5.48704e+007, 7.37459e+006, 6.2245e+007, 1542, 4782.48, 1522, 1061
544, 54307, 5.47748e+007, 7.3313e+006, 6.21061e+007, 1542, 4754.41, 1522, 1061
545, 54407, 5.42685e+007, 7.30752e+006, 6.1576e+007, 1527, 4785.54, 1522, 1061
546, 54507, 5.43145e+007, 7.29358e+006, 6.16081e+007, 1527, 4776.41, 1522, 1061
547, 54607, 5.42259e+007, 7.29426e+006, 6.15201e+007, 1527, 4776.86, 1522, 1061
548, 54707, 5.42517e+007, 7.29288e+006, 6.15446e+007, 1527, 4775.95, 1522, 1061
549, 54807, 5.40732e+007, 7.2459e+006, 6.13191e+007, 1521, 4763.91, 1522, 1061
550, 54907, 5.43091e+007, 7.30273e+006, 6.16118e+007, 1532, 4766.79, 1522, 1061
551, 55007, 5.44313e+007, 7.30918e+006, 6.17404e+007, 1535, 4761.68, 1522, 1061
552, 55107, 5.41048e+007, 7.24593e+006, 6.13507e+007, 1519, 4770.2, 1522, 1061
553, 55207, 5.43932e+007, 7.27865e+006, 6.16718e+007, 1533, 4747.98, 1522, 1061
554, 55307, 5.47547e+007, 7.35607e+006, 6.21107e+007, 1544, 4764.29, 1522, 1061
555, 55407, 5.41472e+007, 7.2269e+006, 6.13741e+007, 1523, 4745.17, 1522, 1061
556, 55507, 5.41544e+007, 7.2473e+006, 6.14017e+007, 1524, 4755.45, 1522, 1061
557, 55607, 5.42664e+007, 7.26924e+006, 6.15357e+007, 1529, 4754.24, 1522, 1061
558, 55707, 5.41083e+007, 7.22296e+006, 6.13313e+007, 1522, 4745.7, 1522, 1061
559, 55807, 5.39155e+007, 7.17099e+006, 6.10865e+007, 1515, 4733.32, 1522, 1061
560, 55907, 5.34971e+007, 7.12144e+006, 6.06185e+007, 1503, 4738.15, 1522, 1061
561, 56007, 5.35721e+007, 7.11491e+006, 6.06871e+007, 1505, 4727.52, 1522, 1061
562, 56107, 5.41183e+007, 7.21343e+006, 6.13318e+007, 1525, 4730.12, 1522, 1061
563, 56207, 5.41466e+007, 7.20228e+006, 6.13488e+007, 1525, 4722.81, 1522, 1061
564, 56307, 5.43884e+007, 7.21795e+006, 6.16063e+007, 1528, 4723.79, 1522, 1061
565, 56407, 5.42139e+007, 7.19109e+006, 6.1405e+007, 1526, 4712.38, 1522, 1061
566, 56507, 5.38132e+007, 7.12659e+006, 6.09398e+007, 1511, 4716.47, 1522, 1061
567, 56607, 5.39378e+007, 7.15212e+006, 6.109e+007, 1515, 4720.87, 1522, 1061
568, 56707, 5.41627e+007, 7.20044e+006, 6.13631e+007, 1525, 4721.6, 1522, 1061
569, 56807, 5.38292e+007, 7.11427e+006, 6.09435e+007, 1509, 4714.56, 1522, 1061
570, 56907, 5.42368e+007, 7.18527e+006, 6.14221e+007, 1525, 4711.65, 1522, 1061
571, 57007, 5.44723e+007, 7.22228e+006, 6.16945e+007, 1532, 4714.28, 1522, 1061
572, 57107, 5.42276e+007, 7.15017e+006, 6.13778e+007, 1523, 4694.8, 1522, 1061
573, 57207, 5.4203e+007, 7.15421e+006, 6.13572e+007, 1523, 4697.44, 1522, 1061
574, 57307, 5.39292e+007, 7.09573e+006, 6.1025e+007, 1514, 4686.74, 1521, 1061
575, 57407, 5.41023e+007, 7.12318e+006, 6.12255e+007, 1521, 4683.22, 1521, 1061
576, 57507, 5.40166e+007, 7.15032e+006, 6.11669e+007, 1521, 4701.06, 1522, 1061
577, 57607, 5.39564e+007, 7.09712e+006, 6.10535e+007, 1518, 4675.31, 1522, 1061
578, 57707, 5.40616e+007, 7.12322e+006, 6.11848e+007, 1519, 4689.41, 1521, 1061
579, 57807, 5.39768e+007, 7.07047e+006, 6.10472e+007, 1514, 4670.06, 1521, 1061
580, 57907, 5.37305e+007, 7.07604e+006, 6.08066e+007, 1509, 4689.22, 1522, 1061
581, 58007, 5.36497e+007, 7.05003e+006, 6.06997e+007, 1505, 4684.41, 1522, 1061
582, 58107, 5.39864e+007, 7.09638e+006, 6.10828e+007, 1518, 4674.82, 1522, 1061
583, 58207, 5.39687e+007, 7.08542e+006, 6.10542e+007, 1520, 4661.46, 1521, 1061
584, 58307, 5.36056e+007, 7.02459e+006, 6.06302e+007, 1508, 4658.21, 1521, 1061
585, 58407, 5.3634e+007, 7.03579e+006, 6.06698e+007, 1509, 4662.55, 1521, 1061
586, 58507, 5.35897e+007, 7.02427e+006, 6.0614e+007, 1506, 4664.19, 1522, 1061
587, 58607, 5.32166e+007, 6.97357e+006, 6.01902e+007, 1493, 4670.84, 1522, 1061
588, 58707, 5.39014e+007, 7.062e+006, 6.09634e+007, 1518, 4652.17, 1521, 1061
589, 58807, 5.33242e+007, 6.97195e+006, 6.02961e+007, 1500, 4647.97, 1521, 1061
590, 58907, 5.3819e+007, 7.04911e+006, 6.08681e+007, 1515, 4652.88, 1521, 1061
591, 59007, 5.36003e+007, 6.96847e+006, 6.05688e+007, 1505, 4630.21, 1521, 1061
592, 59107, 5.33017e+007, 6.96274e+006, 6.02645e+007, 1498, 4648.02, 1521, 1061
593, 59207, 5.32798e+007, 6.96322e+006, 6.0243e+007, 1500, 4642.15, 1521, 1061
594, 59307, 5.36087e+007, 6.98289e+006, 6.05916e+007, 1508, 4630.57, 1521, 1061
595, 59407, 5.33858e+007, 6.94112e+006, 6.03269e+007, 1501, 4624.33, 1521, 1061
596, 59507, 5.34774e+007, 6.98981e+006, 6.04672e+007, 1504, 4647.48, 1521, 1061
597, 59607, 5.35355e+007, 6.96437e+006, 6.04998e+007, 1506, 4624.42, 1521, 1061
598, 59707, 5.32839e+007, 6.90474e+006, 6.01887e+007, 1494, 4621.65, 1521, 1061
599, 59807, 5.37525e+007, 7.01583e+006, 6.07684e+007, 1512, 4640.1, 1521, 1061
600, 59907, 5.30716e+007, 6.88742e+006, 5.9959e+007, 1491, 4619.33, 1521, 1061