2, 100, 4.25764e+007, 1.52244e+007, 5.78008e+007, 2317, 6570.73, 1018, 1644
3, 200, 4.23739e+007, 1.50861e+007, 5.746e+007, 2297, 6567.73, 1018, 1644
4, 300, 4.2394e+007, 1.50994e+007, 5.74934e+007, 2300, 6564.97, 1018, 1644
5, 400, 4.24433e+007, 1.51232e+007, 5.75664e+007, 2305, 6561.02, 1018, 1644
6, 500, 4.21313e+007, 1.49873e+007, 5.71187e+007, 2290, 6544.69, 1018, 1645
7, 600, 4.21704e+007, 1.49465e+007, 5.71169e+007, 2287, 6535.41, 1018, 1644
8, 700, 4.24269e+007, 1.50584e+007, 5.74853e+007, 2304, 6535.77, 1018, 1644
9, 800, 4.22741e+007, 1.48847e+007, 5.71588e+007, 2287, 6508.41, 1018, 1644
10, 900, 4.19794e+007, 1.47856e+007, 5.6765e+007, 2272, 6507.75, 1018, 1644
11, 1000, 4.19977e+007, 1.47896e+007, 5.67873e+007, 2273, 6506.65, 1018, 1644
12, 1100, 4.22239e+007, 1.48531e+007, 5.7077e+007, 2283, 6505.96, 1018, 1644
13, 1200, 4.2314e+007, 1.49107e+007, 5.72247e+007, 2296, 6494.21, 1018, 1644
14, 1300, 4.23736e+007, 1.48547e+007, 5.72283e+007, 2293, 6478.28, 1018, 1644
15, 1400, 4.19791e+007, 1.46979e+007, 5.66769e+007, 2270, 6474.84, 1018, 1644
16, 1500, 4.22424e+007, 1.48319e+007, 5.70744e+007, 2295, 6462.72, 1018, 1644
17, 1600, 4.22191e+007, 1.4756e+007, 5.69751e+007, 2285, 6457.76, 1018, 1644
18, 1700, 4.20358e+007, 1.46475e+007, 5.66833e+007, 2272, 6446.96, 1018, 1644
19, 1800, 4.20117e+007, 1.46114e+007, 5.66231e+007, 2268, 6442.42, 1018, 1644
20, 1900, 4.2016e+007, 1.46473e+007, 5.66633e+007, 2274, 6441.19, 1018, 1644
21, 2000, 4.22277e+007, 1.46896e+007, 5.69173e+007, 2285, 6428.72, 1018, 1644
22, 2100, 4.22652e+007, 1.45442e+007, 5.68095e+007, 2278, 6384.64, 1019, 1644
23, 2200, 4.21332e+007, 1.46009e+007, 5.67342e+007, 2279, 6406.73, 1018, 1644
24, 2300, 4.22042e+007, 1.46022e+007, 5.68064e+007, 2281, 6401.68, 1018, 1644
25, 2400, 4.21524e+007, 1.45749e+007, 5.67272e+007, 2276, 6403.71, 1018, 1644
26, 2500, 4.22154e+007, 1.44854e+007, 5.67007e+007, 2276, 6364.4, 1019, 1644
27, 2600, 4.18095e+007, 1.43422e+007, 5.61517e+007, 2248, 6379.98, 1018, 1644
28, 2700, 4.21396e+007, 1.45259e+007, 5.66655e+007, 2276, 6382.21, 1018, 1645
29, 2800, 4.20062e+007, 1.44526e+007, 5.64588e+007, 2269, 6369.6, 1018, 1644
30, 2900, 4.22302e+007, 1.44459e+007, 5.66762e+007, 2275, 6349.85, 1018, 1644
31, 3000, 4.19514e+007, 1.43713e+007, 5.63227e+007, 2259, 6361.79, 1018, 1644
32, 3100, 4.21104e+007, 1.43732e+007, 5.64836e+007, 2265, 6345.77, 1018, 1644
33, 3200, 4.20169e+007, 1.43652e+007, 5.63821e+007, 2261, 6353.45, 1018, 1645
34, 3300, 4.18895e+007, 1.42967e+007, 5.61861e+007, 2254, 6342.79, 1018, 1645
35, 3400, 4.18286e+007, 1.42373e+007, 5.60659e+007, 2247, 6336.15, 1018, 1645
36, 3500, 4.22026e+007, 1.44114e+007, 5.6614e+007, 2274, 6337.47, 1018, 1645
37, 3600, 4.1692e+007, 1.41824e+007, 5.58743e+007, 2239, 6334.24, 1018, 1645
38, 3700, 4.19971e+007, 1.42716e+007, 5.62686e+007, 2260, 6314.86, 1018, 1644
39, 3801, 4.20233e+007, 1.42297e+007, 5.6253e+007, 2255, 6310.3, 1018, 1644
40, 3900, 4.1962e+007, 1.42139e+007, 5.6176e+007, 2254, 6306.1, 1018, 1644
41, 4000, 4.19406e+007, 1.4166e+007, 5.61065e+007, 2249, 6298.78, 1019, 1645
42, 4100, 4.21607e+007, 1.42827e+007, 5.64434e+007, 2268, 6297.49, 1018, 1644
43, 4200, 4.18023e+007, 1.41194e+007, 5.59217e+007, 2248, 6280.85, 1018, 1644
44, 4300, 4.18947e+007, 1.40088e+007, 5.59036e+007, 2242, 6248.37, 1019, 1645
45, 4400, 4.21959e+007, 1.41526e+007, 5.63485e+007, 2259, 6264.99, 1018, 1644
46, 4500, 4.17402e+007, 1.3926e+007, 5.56662e+007, 2230, 6244.84, 1019, 1644
47, 4600, 4.2082e+007, 1.41348e+007, 5.62169e+007, 2258, 6259.89, 1018, 1644
48, 4700, 4.16514e+007, 1.39174e+007, 5.55689e+007, 2224, 6257.84, 1018, 1644
49, 4800, 4.19735e+007, 1.40498e+007, 5.60233e+007, 2250, 6244.37, 1018, 1644
50, 4900, 4.17541e+007, 1.39763e+007, 5.57305e+007, 2236, 6250.6, 1018, 1645
51, 5000, 4.16142e+007, 1.39574e+007, 5.55716e+007, 2234, 6247.72, 1018, 1644
52, 5100, 4.21507e+007, 1.40831e+007, 5.62338e+007, 2261, 6228.69, 1018, 1644
53, 5200, 4.20075e+007, 1.39996e+007, 5.60072e+007, 2246, 6233.14, 1018, 1644
54, 5300, 4.15972e+007, 1.37761e+007, 5.53734e+007, 2216, 6216.67, 1018, 1644
55, 5400, 4.17926e+007, 1.39281e+007, 5.57207e+007, 2238, 6223.47, 1018, 1645
56, 5500, 4.19522e+007, 1.39102e+007, 5.58625e+007, 2241, 6207.15, 1018, 1644
57, 5600, 4.187e+007, 1.38939e+007, 5.57639e+007, 2240, 6202.64, 1018, 1645
58, 5700, 4.19456e+007, 1.39336e+007, 5.58792e+007, 2249, 6195.45, 1018, 1645
59, 5800, 4.16102e+007, 1.37629e+007, 5.53731e+007, 2222, 6193.92, 1018, 1644
60, 5900, 4.17233e+007, 1.37742e+007, 5.54975e+007, 2228, 6182.3, 1018, 1644
61, 6000, 4.17807e+007, 1.37877e+007, 5.55684e+007, 2233, 6174.54, 1018, 1644
62, 6100, 4.16105e+007, 1.36672e+007, 5.52776e+007, 2217, 6164.72, 1018, 1644
63, 6200, 4.16538e+007, 1.36937e+007, 5.53475e+007, 2219, 6171.12, 1018, 1645
64, 6300, 4.17167e+007, 1.37395e+007, 5.54563e+007, 2229, 6163.99, 1018, 1645
65, 6400, 4.16018e+007, 1.36827e+007, 5.52845e+007, 2219, 6166.15, 1018, 1645
66, 6500, 4.20443e+007, 1.38182e+007, 5.58625e+007, 2242, 6163.33, 1018, 1645
67, 6600, 4.19057e+007, 1.36794e+007, 5.55852e+007, 2227, 6142.55, 1018, 1645
68, 6700, 4.17782e+007, 1.36174e+007, 5.53957e+007, 2221, 6131.22, 1018, 1644
69, 6800, 4.18725e+007, 1.37287e+007, 5.56012e+007, 2235, 6142.58, 1018, 1645
70, 6900, 4.20383e+007, 1.37077e+007, 5.5746e+007, 2237, 6127.7, 1018, 1645
71, 7000, 4.18355e+007, 1.35614e+007, 5.5397e+007, 2221, 6105.99, 1018, 1644
72, 7100, 4.17774e+007, 1.36214e+007, 5.53987e+007, 2226, 6119.21, 1018, 1645
73, 7200, 4.16737e+007, 1.34527e+007, 5.51264e+007, 2211, 6084.44, 1019, 1645
74, 7300, 4.16525e+007, 1.34398e+007, 5.50923e+007, 2212, 6075.87, 1019, 1645
75, 7402, 4.16713e+007, 1.356e+007, 5.52313e+007, 2220, 6108.11, 1018, 1645
76, 7502, 4.14528e+007, 1.33795e+007, 5.48322e+007, 2197, 6089.87, 1018, 1644
77, 7602, 4.1784e+007, 1.34687e+007, 5.52528e+007, 2221, 6064.26, 1019, 1645
78, 7702, 4.155e+007, 1.34682e+007, 5.50182e+007, 2209, 6096.94, 1018, 1645
79, 7802, 4.1509e+007, 1.34474e+007, 5.49565e+007, 2205, 6098.6, 1018, 1645
80, 7902, 4.15377e+007, 1.34242e+007, 5.49619e+007, 2204, 6090.82, 1018, 1645
81, 8002, 4.16621e+007, 1.34939e+007, 5.5156e+007, 2215, 6092.06, 1018, 1645
82, 8102, 4.17747e+007, 1.34511e+007, 5.52258e+007, 2219, 6061.77, 1019, 1645
83, 8202, 4.1854e+007, 1.34842e+007, 5.53383e+007, 2223, 6065.79, 1018, 1645
84, 8302, 4.13125e+007, 1.32686e+007, 5.45811e+007, 2193, 6050.42, 1019, 1645
85, 8402, 4.18926e+007, 1.34499e+007, 5.53425e+007, 2225, 6044.89, 1019, 1645
86, 8502, 4.18628e+007, 1.34079e+007, 5.52707e+007, 2219, 6042.3, 1018, 1645
87, 8602, 4.15725e+007, 1.33196e+007, 5.48921e+007, 2212, 6021.53, 1019, 1645
88, 8702, 4.1729e+007, 1.33413e+007, 5.50703e+007, 2212, 6031.31, 1019, 1645
89, 8802, 4.17166e+007, 1.32666e+007, 5.49832e+007, 2208, 6008.42, 1019, 1645
90, 8902, 4.14672e+007, 1.32555e+007, 5.47226e+007, 2198, 6030.69, 1018, 1645
91, 9002, 4.15684e+007, 1.33108e+007, 5.48792e+007, 2211, 6020.26, 1018, 1645
92, 9102, 4.14273e+007, 1.31643e+007, 5.45916e+007, 2190, 6011.08, 1019, 1645
93, 9202, 4.15938e+007, 1.33165e+007, 5.49103e+007, 2208, 6031, 1018, 1645
94, 9302, 4.13381e+007, 1.30533e+007, 5.43914e+007, 2183, 5979.53, 1019, 1645
95, 9402, 4.16521e+007, 1.31919e+007, 5.4844e+007, 2208, 5974.59, 1019, 1645
96, 9502, 4.16758e+007, 1.32932e+007, 5.49689e+007, 2213, 6006.85, 1018, 1645
97, 9602, 4.17649e+007, 1.32778e+007, 5.50427e+007, 2219, 5983.7, 1019, 1645
98, 9702, 4.15474e+007, 1.31716e+007, 5.4719e+007, 2200, 5987.11, 1019, 1645
99, 9802, 4.14868e+007, 1.30703e+007, 5.45572e+007, 2196, 5951.88, 1019, 1645
100, 9902, 4.13642e+007, 1.30318e+007, 5.43961e+007, 2188, 5956.05, 1019, 1645
101, 10002, 4.11717e+007, 1.303e+007, 5.42017e+007, 2184, 5966.14, 1018, 1645
102, 10102, 4.11601e+007, 1.24511e+007, 5.36112e+007, 2159, 5767.06, 1019, 1645
103, 10202, 4.10489e+007, 1.22927e+007, 5.33417e+007, 2143, 5736.22, 1019, 1645
104, 10302, 4.10024e+007, 1.22507e+007, 5.32531e+007, 2146, 5708.6, 1019, 1645
105, 10402, 4.11239e+007, 1.2185e+007, 5.33089e+007, 2148, 5672.72, 1019, 1645
106, 10502, 4.07299e+007, 1.19822e+007, 5.27121e+007, 2119, 5654.63, 1019, 1645
107, 10602, 4.06247e+007, 1.19537e+007, 5.25785e+007, 2113, 5657.23, 1019, 1645
108, 10702, 4.08558e+007, 1.19639e+007, 5.28197e+007, 2124, 5632.7, 1019, 1645
109, 10802, 4.06775e+007, 1.18207e+007, 5.24982e+007, 2108, 5607.55, 1019, 1645
110, 10902, 4.08968e+007, 1.19281e+007, 5.28249e+007, 2130, 5600.06, 1019, 1645
111, 11002, 4.06282e+007, 1.18394e+007, 5.24676e+007, 2114, 5600.49, 1019, 1645
112, 11102, 4.06257e+007, 1.17811e+007, 5.24067e+007, 2113, 5575.52, 1019, 1645
113, 11202, 4.04754e+007, 1.1644e+007, 5.21194e+007, 2095, 5557.99, 1019, 1645
114, 11302, 4.03682e+007, 1.16545e+007, 5.20226e+007, 2100, 5549.76, 1019, 1645
115, 11402, 4.04947e+007, 1.16993e+007, 5.2194e+007, 2107, 5552.6, 1019, 1645
116, 11502, 4.04002e+007, 1.16421e+007, 5.20423e+007, 2102, 5538.58, 1019, 1646
117, 11602, 4.02892e+007, 1.16048e+007, 5.1894e+007, 2096, 5536.66, 1019, 1646
118, 11702, 4.00984e+007, 1.15482e+007, 5.16466e+007, 2091, 5522.82, 1019, 1645
119, 11802, 4.01871e+007, 1.15511e+007, 5.17382e+007, 2091, 5524.21, 1019, 1646
120, 11902, 4.01229e+007, 1.1464e+007, 5.15869e+007, 2087, 5493.06, 1019, 1645
121, 12002, 3.98108e+007, 1.13573e+007, 5.11681e+007, 2068, 5491.91, 1019, 1645
122, 12102, 4.00151e+007, 1.14373e+007, 5.14524e+007, 2081, 5496.06, 1019, 1646
123, 12202, 3.96847e+007, 1.12999e+007, 5.09846e+007, 2057, 5493.37, 1019, 1646
124, 12302, 4.01323e+007, 1.14489e+007, 5.15812e+007, 2091, 5475.31, 1019, 1645
125, 12402, 3.97929e+007, 1.12881e+007, 5.1081e+007, 2067, 5461.09, 1019, 1645
126, 12502, 3.98701e+007, 1.13817e+007, 5.12518e+007, 2077, 5479.87, 1019, 1646
127, 12602, 3.983e+007, 1.12478e+007, 5.10779e+007, 2069, 5436.37, 1019, 1645
128, 12702, 3.98171e+007, 1.12567e+007, 5.10738e+007, 2072, 5432.75, 1019, 1645
129, 12802, 3.97447e+007, 1.11897e+007, 5.09344e+007, 2061, 5429.26, 1019, 1645
130, 12902, 3.96029e+007, 1.11743e+007, 5.07772e+007, 2057, 5432.35, 1019, 1645
131, 13002, 3.96068e+007, 1.11393e+007, 5.07461e+007, 2055, 5420.59, 1019, 1645
132, 13102, 3.97996e+007, 1.11939e+007, 5.09934e+007, 2067, 5415.51, 1019, 1645
133, 13202, 3.97197e+007, 1.11884e+007, 5.09081e+007, 2069, 5407.65, 1019, 1645
134, 13302, 3.95515e+007, 1.11001e+007, 5.06517e+007, 2055, 5401.53, 1019, 1645
135, 13402, 3.9756e+007, 1.1195e+007, 5.0951e+007, 2073, 5400.37, 1019, 1645
136, 13502, 3.93887e+007, 1.10238e+007, 5.04125e+007, 2048, 5382.7, 1019, 1645
137, 13602, 3.95319e+007, 1.10179e+007, 5.05498e+007, 2047, 5382.47, 1019, 1645
138, 13702, 3.93004e+007, 1.09869e+007, 5.02873e+007, 2042, 5380.48, 1019, 1645
139, 13802, 3.90239e+007, 1.09032e+007, 4.9927e+007, 2029, 5373.66, 1019, 1645
140, 13902, 3.90992e+007, 1.09127e+007, 5.0012e+007, 2035, 5362.52, 1019, 1645
141, 14002, 3.88886e+007, 1.08758e+007, 4.97644e+007, 2022, 5378.73, 1019, 1646
142, 14102, 3.95647e+007, 1.10559e+007, 5.06207e+007, 2066, 5351.38, 1019, 1645
143, 14202, 3.92519e+007, 1.08921e+007, 5.0144e+007, 2040, 5339.25, 1019, 1645
144, 14302, 3.89348e+007, 1.08406e+007, 4.97753e+007, 2024, 5356.02, 1019, 1646
145, 14402, 3.87924e+007, 1.07733e+007, 4.95657e+007, 2020, 5333.29, 1019, 1645
146, 14502, 3.8943e+007, 1.07818e+007, 4.97249e+007, 2022, 5332.27, 1019, 1645
147, 14602, 3.90485e+007, 1.08193e+007, 4.98679e+007, 2031, 5327.1, 1019, 1645
148, 14702, 3.88923e+007, 1.07676e+007, 4.96599e+007, 2022, 5325.2, 1019, 1645
149, 14802, 3.90301e+007, 1.07451e+007, 4.97751e+007, 2027, 5300.97, 1019, 1645
150, 14902, 3.88425e+007, 1.06725e+007, 4.9515e+007, 2013, 5301.81, 1019, 1645
151, 15002, 3.90496e+007, 1.0814e+007, 4.98636e+007, 2038, 5306.17, 1019, 1646
152, 15102, 3.8991e+007, 1.07573e+007, 4.97484e+007, 2031, 5296.56, 1019, 1645
153, 15202, 3.89932e+007, 1.07266e+007, 4.97198e+007, 2026, 5294.48, 1019, 1645
154, 15302, 3.88546e+007, 1.06824e+007, 4.9537e+007, 2020, 5288.3, 1019, 1645
155, 15402, 3.87965e+007, 1.07001e+007, 4.94966e+007, 2023, 5289.23, 1019, 1645
156, 15502, 3.85983e+007, 1.05676e+007, 4.91658e+007, 2006, 5267.98, 1019, 1645
157, 15602, 3.8813e+007, 1.0614e+007, 4.94269e+007, 2018, 5259.65, 1019, 1645
158, 15702, 3.87895e+007, 1.06358e+007, 4.94253e+007, 2017, 5273.1, 1019, 1645
159, 15802, 3.86388e+007, 1.05825e+007, 4.92213e+007, 2012, 5259.7, 1019, 1645
160, 15902, 3.8693e+007, 1.05704e+007, 4.92634e+007, 2011, 5256.29, 1019, 1645
161, 16002, 3.87693e+007, 1.05828e+007, 4.9352e+007, 2016, 5249.38, 1019, 1645
162, 16102, 3.86605e+007, 1.05258e+007, 4.91863e+007, 2005, 5249.78, 1019, 1645
163, 16202, 3.90671e+007, 1.06695e+007, 4.97366e+007, 2033, 5248.16, 1019, 1645
164, 16302, 3.86833e+007, 1.05203e+007, 4.92036e+007, 2006, 5244.42, 1019, 1645
165, 16402, 3.88757e+007, 1.06037e+007, 4.94795e+007, 2021, 5246.77, 1019, 1645
166, 16502, 3.89039e+007, 1.06009e+007, 4.95048e+007, 2024, 5237.61, 1019, 1645
167, 16602, 3.85702e+007, 1.04472e+007, 4.90174e+007, 2000, 5223.59, 1019, 1645
168, 16702, 3.88523e+007, 1.04975e+007, 4.93498e+007, 2015, 5209.69, 1019, 1645
169, 16802, 3.86131e+007, 1.04554e+007, 4.90685e+007, 2007, 5209.45, 1019, 1645
170, 16902, 3.86581e+007, 1.04468e+007, 4.91049e+007, 2007, 5205.21, 1019, 1645
171, 17002, 3.85706e+007, 1.04184e+007, 4.89889e+007, 2002, 5203.98, 1019, 1645
172, 17102, 3.8333e+007, 1.03392e+007, 4.86722e+007, 1993, 5187.76, 1019, 1645
173, 17202, 3.81776e+007, 1.02916e+007, 4.84692e+007, 1983, 5189.94, 1019, 1645
174, 17302, 3.804e+007, 1.02482e+007, 4.82882e+007, 1980, 5175.84, 1019, 1645
175, 17402, 3.82132e+007, 1.02875e+007, 4.85007e+007, 1990, 5169.61, 1019, 1645
176, 17502, 3.81887e+007, 1.02404e+007, 4.8429e+007, 1985, 5158.87, 1019, 1645
177, 17602, 3.81734e+007, 1.02871e+007, 4.84605e+007, 1990, 5169.37, 1019, 1645
178, 17702, 3.82771e+007, 1.02547e+007, 4.85318e+007, 1988, 5158.3, 1019, 1645
179, 17802, 3.77653e+007, 1.00953e+007, 4.78606e+007, 1960, 5150.65, 1019, 1645
180, 17902, 3.81014e+007, 1.01727e+007, 4.8274e+007, 1976, 5148.11, 1019, 1645
181, 18002, 3.80814e+007, 1.02232e+007, 4.83046e+007, 1985, 5150.21, 1019, 1645
182, 18102, 3.75561e+007, 1.00177e+007, 4.75738e+007, 1950, 5137.29, 1019, 1645
183, 18202, 3.76726e+007, 1.0035e+007, 4.77076e+007, 1956, 5130.38, 1019, 1645
184, 18302, 3.78692e+007, 1.00821e+007, 4.79513e+007, 1970, 5117.81, 1020, 1645
185, 18402, 3.78633e+007, 1.00773e+007, 4.79407e+007, 1966, 5125.8, 1019, 1645
186, 18502, 3.77601e+007, 1.00686e+007, 4.78287e+007, 1965, 5123.95, 1019, 1645
187, 18602, 3.79261e+007, 1.01213e+007, 4.80474e+007, 1977, 5119.51, 1019, 1645
188, 18702, 3.77232e+007, 1.00477e+007, 4.77709e+007, 1964, 5115.92, 1019, 1645
189, 18802, 3.76477e+007, 9.93572e+006, 4.75834e+007, 1955, 5082.21, 1020, 1645
190, 18902, 3.76688e+007, 1.00348e+007, 4.77036e+007, 1964, 5109.39, 1019, 1645
191, 19002, 3.78632e+007, 1.00721e+007, 4.79353e+007, 1971, 5110.13, 1019, 1645
192, 19102, 3.76475e+007, 9.95387e+006, 4.76014e+007, 1957, 5086.29, 1020, 1645
193, 19202, 3.76691e+007, 9.97994e+006, 4.76491e+007, 1960, 5091.81, 1019, 1645
194, 19302, 3.73973e+007, 9.87613e+006, 4.72735e+007, 1939, 5093.41, 1019, 1645
195, 19402, 3.7326e+007, 9.88192e+006, 4.7208e+007, 1940, 5093.78, 1019, 1645
196, 19502, 3.75131e+007, 9.88198e+006, 4.73951e+007, 1946, 5078.1, 1019, 1645
197, 19602, 3.75507e+007, 9.93181e+006, 4.74825e+007, 1951, 5090.63, 1019, 1645
198, 19702, 3.78506e+007, 1.00255e+007, 4.78761e+007, 1966, 5099.43, 1019, 1645
199, 19802, 3.7839e+007, 9.90485e+006, 4.77438e+007, 1958, 5058.66, 1020, 1645
200, 19903, 3.76579e+007, 9.95124e+006, 4.76092e+007, 1956, 5087.55, 1019, 1645
201, 20002, 3.78567e+007, 9.94662e+006, 4.78033e+007, 1963, 5067.05, 1019, 1645
202, 20102, 3.76422e+007, 9.91591e+006, 4.75581e+007, 1954, 5074.67, 1019, 1645
203, 20202, 3.7763e+007, 9.87509e+006, 4.76381e+007, 1959, 5040.89, 1020, 1645
204, 20302, 3.75477e+007, 9.85897e+006, 4.74066e+007, 1946, 5066.28, 1019, 1645
205, 20402, 3.74301e+007, 9.78494e+006, 4.7215e+007, 1940, 5043.79, 1020, 1645
206, 20503, 3.79418e+007, 9.99432e+006, 4.79361e+007, 1978, 5052.74, 1019, 1645
207, 20602, 3.71726e+007, 9.73878e+006, 4.69114e+007, 1930, 5046, 1019, 1645
208, 20702, 3.73555e+007, 9.81218e+006, 4.71677e+007, 1946, 5042.23, 1019, 1645
209, 20802, 3.71559e+007, 9.63422e+006, 4.67901e+007, 1926, 5002.19, 1020, 1645
210, 20902, 3.71492e+007, 9.73078e+006, 4.688e+007, 1933, 5034.03, 1019, 1645
211, 21002, 3.71523e+007, 9.73882e+006, 4.68911e+007, 1937, 5027.79, 1019, 1645
212, 21102, 3.73813e+007, 9.71661e+006, 4.70979e+007, 1936, 5018.91, 1020, 1645
213, 21202, 3.73308e+007, 9.72241e+006, 4.70533e+007, 1938, 5016.72, 1020, 1645
214, 21303, 3.7072e+007, 9.62389e+006, 4.66959e+007, 1927, 4994.23, 1020, 1645
215, 21402, 3.70753e+007, 9.68331e+006, 4.67586e+007, 1933, 5009.47, 1019, 1645
216, 21502, 3.68369e+007, 9.61696e+006, 4.64539e+007, 1916, 5019.29, 1019, 1645
217, 21602, 3.66012e+007, 9.52871e+006, 4.61299e+007, 1903, 5007.21, 1019, 1645
218, 21702, 3.67594e+007, 9.53307e+006, 4.62925e+007, 1912, 4985.91, 1020, 1645
219, 21802, 3.66276e+007, 9.46783e+006, 4.60955e+007, 1903, 4975.21, 1020, 1645
220, 21902, 3.65691e+007, 9.45036e+006, 4.60194e+007, 1902, 4968.64, 1020, 1645
221, 22002, 3.68865e+007, 9.52914e+006, 4.64157e+007, 1919, 4965.68, 1020, 1645
222, 22102, 3.68579e+007, 9.51916e+006, 4.6377e+007, 1917, 4965.65, 1020, 1645
223, 22202, 3.64543e+007, 9.41369e+006, 4.5868e+007, 1896, 4965.03, 1020, 1645
224, 22302, 3.65259e+007, 9.39552e+006, 4.59214e+007, 1897, 4952.83, 1020, 1645
225, 22402, 3.66353e+007, 9.45162e+006, 4.60869e+007, 1907, 4956.28, 1020, 1645
226, 22502, 3.64984e+007, 9.39969e+006, 4.58981e+007, 1900, 4947.21, 1020, 1645
227, 22602, 3.65341e+007, 9.40865e+006, 4.59428e+007, 1902, 4946.72, 1020, 1645
228, 22702, 3.67375e+007, 9.43159e+006, 4.61691e+007, 1910, 4938, 1020, 1645
229, 22802, 3.64608e+007, 9.40211e+006, 4.5863e+007, 1903, 4940.68, 1020, 1645
230, 22903, 3.62366e+007, 9.27439e+006, 4.5511e+007, 1884, 4922.71, 1020, 1645
231, 23002, 3.60548e+007, 9.27113e+006, 4.53259e+007, 1873, 4949.88, 1019, 1645
232, 23102, 3.64943e+007, 9.38003e+006, 4.58744e+007, 1904, 4926.48, 1020, 1645
233, 23202, 3.60748e+007, 9.26953e+006, 4.53443e+007, 1881, 4927.98, 1020, 1645
234, 23302, 3.63444e+007, 9.31567e+006, 4.56601e+007, 1895, 4915.92, 1020, 1645
235, 23403, 3.6043e+007, 9.26045e+006, 4.53034e+007, 1885, 4912.71, 1020, 1645
236, 23503, 3.60008e+007, 9.18084e+006, 4.51816e+007, 1874, 4899.06, 1020, 1645
237, 23602, 3.56821e+007, 9.11916e+006, 4.48012e+007, 1864, 4892.25, 1020, 1645
238, 23702, 3.55697e+007, 9.10412e+006, 4.46738e+007, 1852, 4915.83, 1020, 1645
239, 23802, 3.60008e+007, 9.21023e+006, 4.5211e+007, 1881, 4896.45, 1020, 1645
240, 23903, 3.60175e+007, 9.23605e+006, 4.52535e+007, 1888, 4891.98, 1020, 1645
241, 24003, 3.55595e+007, 9.06756e+006, 4.46271e+007, 1853, 4893.45, 1020, 1646
242, 24102, 3.55681e+007, 9.0533e+006, 4.46214e+007, 1856, 4877.85, 1020, 1645
243, 24203, 3.55452e+007, 9.08536e+006, 4.46305e+007, 1858, 4889.86, 1020, 1646
244, 24302, 3.54022e+007, 9.03221e+006, 4.44344e+007, 1850, 4882.28, 1020, 1645
245, 24402, 3.57352e+007, 9.11138e+006, 4.48466e+007, 1867, 4880.23, 1020, 1645
246, 24502, 3.56134e+007, 9.06617e+006, 4.46796e+007, 1859, 4876.91, 1020, 1645
247, 24602, 3.59099e+007, 9.10774e+006, 4.50177e+007, 1871, 4867.85, 1020, 1645
248, 24702, 3.55659e+007, 9.05916e+006, 4.4625e+007, 1851, 4894.2, 1020, 1646
249, 24802, 3.60657e+007, 9.17394e+006, 4.52397e+007, 1877, 4887.56, 1020, 1645
250, 24902, 3.60637e+007, 9.18418e+006, 4.52479e+007, 1879, 4887.8, 1020, 1645
251, 25003, 3.5786e+007, 9.09355e+006, 4.48796e+007, 1860, 4889, 1020, 1646
252, 25103, 3.61243e+007, 9.16427e+006, 4.52886e+007, 1881, 4872.02, 1020, 1645
253, 25202, 3.63846e+007, 9.25442e+006, 4.5639e+007, 1894, 4886.18, 1020, 1645
254, 25302, 3.64368e+007, 9.26474e+006, 4.57016e+007, 1891, 4899.39, 1020, 1646
255, 25402, 3.65764e+007, 9.29866e+006, 4.5875e+007, 1900, 4894.03, 1020, 1646
256, 25503, 3.65801e+007, 9.31345e+006, 4.58935e+007, 1901, 4899.24, 1020, 1646
257, 25603, 3.65223e+007, 9.25707e+006, 4.57794e+007, 1892, 4892.74, 1020, 1646
258, 25703, 3.6787e+007, 9.33758e+006, 4.61246e+007, 1911, 4886.23, 1020, 1646
259, 25803, 3.66282e+007, 9.29548e+006, 4.59237e+007, 1902, 4887.21, 1020, 1646
260, 25903, 3.67217e+007, 9.3465e+006, 4.60682e+007, 1911, 4890.89, 1020, 1646
261, 26003, 3.60264e+007, 9.14905e+006, 4.51755e+007, 1872, 4887.31, 1020, 1646
262, 26102, 3.61436e+007, 9.18689e+006, 4.53305e+007, 1885, 4873.68, 1020, 1646
263, 26202, 3.59415e+007, 9.11347e+006, 4.50549e+007, 1874, 4863.11, 1020, 1646
264, 26303, 3.60312e+007, 9.13742e+006, 4.51686e+007, 1877, 4868.1, 1020, 1646
265, 26403, 3.5738e+007, 9.01796e+006, 4.4756e+007, 1862, 4843.16, 1020, 1645
266, 26503, 3.57064e+007, 9.02592e+006, 4.47323e+007, 1858, 4857.87, 1020, 1646
267, 26602, 3.55611e+007, 8.97279e+006, 4.45339e+007, 1853, 4842.31, 1020, 1645
268, 26702, 3.55685e+007, 9.00315e+006, 4.45716e+007, 1853, 4858.69, 1020, 1646
269, 26802, 3.57954e+007, 9.07523e+006, 4.48706e+007, 1871, 4850.47, 1020, 1646
270, 26902, 3.58491e+007, 9.04959e+006, 4.48987e+007, 1871, 4836.77, 1020, 1646
271, 27002, 3.55171e+007, 8.95555e+006, 4.44726e+007, 1848, 4846.08, 1020, 1646
272, 27102, 3.56648e+007, 8.96544e+006, 4.46302e+007, 1856, 4830.52, 1020, 1646
273, 27202, 3.55841e+007, 8.95977e+006, 4.45439e+007, 1856, 4827.46, 1020, 1646
274, 27302, 3.55579e+007, 8.93225e+006, 4.44902e+007, 1854, 4817.83, 1020, 1646
275, 27402, 3.52144e+007, 8.87243e+006, 4.40868e+007, 1841, 4819.35, 1020, 1646
276, 27502, 3.56046e+007, 8.96581e+006, 4.45704e+007, 1862, 4815.15, 1020, 1646
277, 27602, 3.53458e+007, 8.86662e+006, 4.42124e+007, 1841, 4816.2, 1020, 1646
278, 27702, 3.51182e+007, 8.79351e+006, 4.39117e+007, 1827, 4813.09, 1020, 1646
279, 27802, 3.54584e+007, 8.92048e+006, 4.43789e+007, 1852, 4816.67, 1020, 1646
280, 27902, 3.49371e+007, 8.74778e+006, 4.36848e+007, 1817, 4814.41, 1020, 1646
281, 28002, 3.53517e+007, 8.85773e+006, 4.42094e+007, 1843, 4806.15, 1020, 1646
282, 28102, 3.50645e+007, 8.77708e+006, 4.38415e+007, 1828, 4801.46, 1020, 1646
283, 28202, 3.52464e+007, 8.87842e+006, 4.41248e+007, 1847, 4806.94, 1020, 1646
284, 28302, 3.50421e+007, 8.75572e+006, 4.37979e+007, 1826, 4795.03, 1020, 1646
285, 28402, 3.50734e+007, 8.77576e+006, 4.38491e+007, 1831, 4792.88, 1020, 1646
286, 28502, 3.48661e+007, 8.71265e+006, 4.35788e+007, 1820, 4787.17, 1020, 1646
287, 28602, 3.46694e+007, 8.67785e+006, 4.33473e+007, 1810, 4794.39, 1020, 1646
288, 28702, 3.51411e+007, 8.79628e+006, 4.39374e+007, 1837, 4788.4, 1020, 1646
289, 28802, 3.50185e+007, 8.75262e+006, 4.37712e+007, 1831, 4780.24, 1020, 1646
290, 28912, 3.47419e+007, 8.66222e+006, 4.34042e+007, 1811, 4783.11, 1020, 1646
291, 29012, 3.50712e+007, 8.75353e+006, 4.38248e+007, 1835, 4770.31, 1020, 1646
292, 29112, 3.49056e+007, 8.70121e+006, 4.36068e+007, 1825, 4767.79, 1021, 1646
293, 29212, 3.46951e+007, 8.64193e+006, 4.3337e+007, 1812, 4769.27, 1020, 1646
294, 29312, 3.49291e+007, 8.68863e+006, 4.36177e+007, 1821, 4771.35, 1020, 1646
295, 29412, 3.4745e+007, 8.69288e+006, 4.34379e+007, 1820, 4776.31, 1020, 1646
296, 29512, 3.47767e+007, 8.67345e+006, 4.34501e+007, 1817, 4773.5, 1020, 1646
297, 29612, 3.47844e+007, 8.64193e+006, 4.34263e+007, 1814, 4764.02, 1020, 1646
298, 29712, 3.46666e+007, 8.58814e+006, 4.32548e+007, 1806, 4755.34, 1020, 1646
299, 29812, 3.45051e+007, 8.56797e+006, 4.3073e+007, 1800, 4759.98, 1020, 1646
300, 29913, 3.52586e+007, 8.70937e+006, 4.3968e+007, 1835, 4746.25, 1021, 1646
301, 30013, 3.49603e+007, 8.62525e+006, 4.35856e+007, 1816, 4749.59, 1021, 1646
302, 30112, 3.52981e+007, 8.80197e+006, 4.41001e+007, 1840, 4783.68, 1020, 1646
303, 30212, 3.62753e+007, 9.30241e+006, 4.55777e+007, 1893, 4914.11, 1021, 1646
304, 30312, 3.58983e+007, 9.33458e+006, 4.52329e+007, 1875, 4978.44, 1020, 1646
305, 30412, 3.62949e+007, 9.40996e+006, 4.57049e+007, 1884, 4994.67, 1021, 1646
306, 30512, 3.63817e+007, 9.59823e+006, 4.59799e+007, 1899, 5054.36, 1020, 1646
307, 30612, 3.63447e+007, 9.58061e+006, 4.59254e+007, 1894, 5058.4, 1021, 1646
308, 30712, 3.67027e+007, 9.78876e+006, 4.64915e+007, 1919, 5100.97, 1020, 1646
309, 30812, 3.65384e+007, 9.69119e+006, 4.62296e+007, 1905, 5087.24, 1021, 1646
310, 30912, 3.67336e+007, 9.8648e+006, 4.65984e+007, 1923, 5129.9, 1020, 1646
311, 31012, 3.6905e+007, 9.92351e+006, 4.68286e+007, 1936, 5125.78, 1020, 1646
312, 31112, 3.68362e+007, 9.86159e+006, 4.66978e+007, 1928, 5114.93, 1021, 1646
313, 31212, 3.65706e+007, 9.78917e+006, 4.63598e+007, 1913, 5117.18, 1021, 1646
314, 31312, 3.65385e+007, 9.81057e+006, 4.63491e+007, 1909, 5139.11, 1020, 1646
315, 31412, 3.66485e+007, 9.91526e+006, 4.65638e+007, 1921, 5161.51, 1020, 1646
316, 31512, 3.6624e+007, 9.8974e+006, 4.65214e+007, 1920, 5154.89, 1020, 1646
317, 31612, 3.6455e+007, 9.82466e+006, 4.62796e+007, 1909, 5146.5, 1020, 1646
318, 31712, 3.67837e+007, 9.94657e+006, 4.67302e+007, 1930, 5153.66, 1020, 1646
319, 31812, 3.67494e+007, 9.88032e+006, 4.66297e+007, 1926, 5129.97, 1021, 1646
320, 31912, 3.65035e+007, 9.8324e+006, 4.63359e+007, 1912, 5142.47, 1020, 1646
321, 32012, 3.63198e+007, 9.83293e+006, 4.61527e+007, 1906, 5158.93, 1020, 1646
322, 32113, 3.67936e+007, 9.87938e+006, 4.6673e+007, 1930, 5118.85, 1021, 1646
323, 32212, 3.66276e+007, 9.88936e+006, 4.6517e+007, 1923, 5142.67, 1020, 1646
324, 32312, 3.63492e+007, 9.76828e+006, 4.61175e+007, 1907, 5122.33, 1021, 1647
325, 32412, 3.65387e+007, 9.80047e+006, 4.63392e+007, 1916, 5115.07, 1021, 1646
326, 32512, 3.62577e+007, 9.78173e+006, 4.60395e+007, 1907, 5129.38, 1020, 1646
327, 32612, 3.62005e+007, 9.76817e+006, 4.59687e+007, 1900, 5141.14, 1020, 1647
328, 32712, 3.63657e+007, 9.84156e+006, 4.62073e+007, 1912, 5147.26, 1020, 1646
329, 32812, 3.6489e+007, 9.78455e+006, 4.62736e+007, 1912, 5117.44, 1020, 1646
330, 32912, 3.62875e+007, 9.77256e+006, 4.60601e+007, 1905, 5129.95, 1020, 1647
331, 33012, 3.65373e+007, 9.73997e+006, 4.62773e+007, 1910, 5099.46, 1021, 1647
332, 33112, 3.64956e+007, 9.81805e+006, 4.63137e+007, 1914, 5129.6, 1020, 1646
333, 33212, 3.62557e+007, 9.73308e+006, 4.59887e+007, 1899, 5125.37, 1020, 1647
334, 33312, 3.62622e+007, 9.73827e+006, 4.60005e+007, 1904, 5114.64, 1020, 1647
335, 33412, 3.63164e+007, 9.75034e+006, 4.60667e+007, 1905, 5118.29, 1020, 1647
336, 33512, 3.61929e+007, 9.71674e+006, 4.59097e+007, 1898, 5119.46, 1020, 1647
337, 33612, 3.629e+007, 9.73867e+006, 4.60287e+007, 1901, 5122.92, 1020, 1647
338, 33712, 3.64011e+007, 9.74326e+006, 4.61443e+007, 1907, 5109.21, 1020, 1647
339, 33812, 3.6129e+007, 9.61185e+006, 4.57408e+007, 1890, 5085.63, 1021, 1647
340, 33912, 3.61958e+007, 9.70543e+006, 4.59013e+007, 1902, 5102.75, 1020, 1647
341, 34012, 3.63388e+007, 9.70941e+006, 4.60482e+007, 1906, 5094.13, 1021, 1647
342, 34112, 3.59594e+007, 9.60052e+006, 4.556e+007, 1882, 5101.23, 1020, 1647
343, 34212, 3.6016e+007, 9.62528e+006, 4.56413e+007, 1890, 5092.74, 1020, 1647
344, 34312, 3.61452e+007, 9.61928e+006, 4.57645e+007, 1892, 5084.19, 1020, 1647
345, 34412, 3.64996e+007, 9.69948e+006, 4.6199e+007, 1903, 5096.94, 1020, 1647
346, 34512, 3.89446e+007, 1.04097e+007, 4.93543e+007, 2006, 5189.3, 1021, 1647
347, 34612, 3.94404e+007, 1.05596e+007, 5e+007, 2030, 5201.78, 1021, 1647
348, 34712, 3.9963e+007, 1.06974e+007, 5.06604e+007, 2058, 5197.95, 1021, 1647
349, 34812, 3.93002e+007, 1.05042e+007, 4.98044e+007, 2017, 5207.83, 1021, 1647
350, 34912, 3.93676e+007, 1.05315e+007, 4.98991e+007, 2025, 5200.75, 1021, 1647
351, 35012, 3.92435e+007, 1.0501e+007, 4.97445e+007, 2019, 5201.09, 1021, 1647
352, 35112, 3.95209e+007, 1.05786e+007, 5.00996e+007, 2035, 5198.35, 1021, 1648
353, 35212, 3.93925e+007, 1.04913e+007, 4.98838e+007, 2024, 5183.44, 1021, 1647
354, 35313, 3.91096e+007, 1.04185e+007, 4.95281e+007, 2011, 5180.76, 1021, 1647
355, 35413, 3.91994e+007, 1.04611e+007, 4.96605e+007, 2017, 5186.48, 1020, 1647
356, 35512, 3.89271e+007, 1.04035e+007, 4.93305e+007, 2000, 5201.74, 1020, 1647
357, 35612, 3.93361e+007, 1.04666e+007, 4.98027e+007, 2024, 5171.26, 1021, 1648
358, 35712, 3.89889e+007, 1.04239e+007, 4.94128e+007, 2009, 5188.58, 1020, 1647
359, 35813, 3.90002e+007, 1.04177e+007, 4.94179e+007, 2010, 5182.93, 1020, 1647
360, 35912, 3.90565e+007, 1.0413e+007, 4.94695e+007, 2010, 5180.61, 1020, 1647
361, 36012, 3.88129e+007, 1.03246e+007, 4.91375e+007, 1995, 5175.22, 1020, 1647
362, 36112, 3.91781e+007, 1.0432e+007, 4.96102e+007, 2017, 5172.06, 1020, 1647
363, 36212, 3.9031e+007, 1.04253e+007, 4.94564e+007, 2010, 5186.73, 1020, 1648
364, 36312, 3.90126e+007, 1.03791e+007, 4.93917e+007, 2009, 5166.32, 1020, 1647
365, 36412, 3.90511e+007, 1.03673e+007, 4.94184e+007, 2009, 5160.44, 1021, 1648
366, 36512, 3.89168e+007, 1.03451e+007, 4.92619e+007, 2003, 5164.81, 1020, 1647
367, 36612, 3.89337e+007, 1.03499e+007, 4.92836e+007, 2007, 5156.91, 1020, 1648
368, 36712, 3.86978e+007, 1.02882e+007, 4.8986e+007, 1993, 5162.17, 1020, 1648
369, 36813, 3.89885e+007, 1.03371e+007, 4.93256e+007, 2007, 5150.51, 1021, 1648
370, 36912, 3.89416e+007, 1.03159e+007, 4.92575e+007, 2004, 5147.67, 1020, 1648
371, 37013, 3.87337e+007, 1.0241e+007, 4.89747e+007, 1992, 5141.06, 1020, 1648
372, 37112, 3.87608e+007, 1.02986e+007, 4.90594e+007, 1997, 5157.02, 1020, 1648
373, 37212, 3.88053e+007, 1.03011e+007, 4.91065e+007, 2001, 5147.99, 1020, 1648
374, 37313, 3.85903e+007, 1.02088e+007, 4.87991e+007, 1984, 5145.58, 1020, 1648
375, 37413, 3.85167e+007, 1.01336e+007, 4.86503e+007, 1981, 5115.39, 1021, 1648
376, 37513, 3.8619e+007, 1.01945e+007, 4.88136e+007, 1985, 5135.79, 1020, 1648
377, 37613, 3.88533e+007, 1.02729e+007, 4.91262e+007, 2002, 5131.32, 1020, 1648
378, 37713, 3.86977e+007, 1.02137e+007, 4.89114e+007, 1993, 5124.79, 1020, 1648
379, 37812, 3.88737e+007, 1.02315e+007, 4.91051e+007, 2002, 5110.62, 1021, 1648
380, 37912, 3.85683e+007, 1.01756e+007, 4.87439e+007, 1988, 5118.52, 1020, 1648
381, 38013, 3.86057e+007, 1.0204e+007, 4.88096e+007, 1994, 5117.34, 1020, 1648
382, 38113, 3.86206e+007, 1.01685e+007, 4.87891e+007, 1991, 5107.23, 1020, 1648
383, 38213, 3.87756e+007, 1.01433e+007, 4.89189e+007, 1991, 5094.58, 1021, 1648
384, 38312, 3.83439e+007, 1.01149e+007, 4.84588e+007, 1977, 5116.26, 1020, 1648
385, 38412, 3.85837e+007, 1.01722e+007, 4.8756e+007, 1989, 5114.25, 1020, 1648
386, 38513, 3.84186e+007, 1.01239e+007, 4.85425e+007, 1983, 5105.32, 1020, 1648
387, 38613, 3.84701e+007, 1.01208e+007, 4.85908e+007, 1986, 5096.05, 1020, 1648
388, 38712, 3.84492e+007, 1.00868e+007, 4.8536e+007, 1981, 5091.75, 1020, 1648
389, 38812, 3.85565e+007, 1.0085e+007, 4.86416e+007, 1988, 5072.95, 1021, 1648
390, 38913, 3.87735e+007, 1.02064e+007, 4.89799e+007, 2003, 5095.55, 1020, 1648
391, 39012, 3.85579e+007, 1.0086e+007, 4.86439e+007, 1986, 5078.54, 1020, 1648
392, 39113, 3.84057e+007, 1.00727e+007, 4.84783e+007, 1982, 5082.07, 1020, 1648
393, 39213, 3.80824e+007, 9.97758e+006, 4.80599e+007, 1966, 5075.07, 1020, 1648
394, 39312, 3.81971e+007, 9.96002e+006, 4.81571e+007, 1963, 5073.87, 1020, 1648
395, 39412, 3.83258e+007, 9.99429e+006, 4.83201e+007, 1974, 5062.97, 1020, 1648
396, 39512, 3.82412e+007, 1.00061e+007, 4.82473e+007, 1974, 5068.96, 1020, 1648
397, 39612, 3.80709e+007, 9.93451e+006, 4.80054e+007, 1961, 5066.04, 1020, 1648
398, 39712, 3.81913e+007, 9.98819e+006, 4.81795e+007, 1973, 5062.44, 1020, 1648
399, 39812, 3.7722e+007, 9.79149e+006, 4.75134e+007, 1937, 5054.98, 1020, 1648
400, 39912, 3.83019e+007, 9.98478e+006, 4.82867e+007, 1974, 5058.14, 1020, 1648
401, 40013, 3.83032e+007, 9.99934e+006, 4.83025e+007, 1981, 5047.62, 1020, 1648
402, 40113, 3.80352e+007, 9.92816e+006, 4.79633e+007, 1963, 5057.65, 1020, 1648
403, 40213, 3.80864e+007, 9.91469e+006, 4.80011e+007, 1966, 5043.08, 1020, 1648
404, 40313, 3.7479e+007, 9.73588e+006, 4.72149e+007, 1933, 5036.67, 1020, 1648
405, 40413, 3.79082e+007, 9.81685e+006, 4.7725e+007, 1955, 5021.41, 1020, 1648
406, 40513, 3.81266e+007, 9.95023e+006, 4.80769e+007, 1975, 5038.09, 1020, 1649
407, 40613, 3.7974e+007, 9.85191e+006, 4.78259e+007, 1960, 5026.49, 1020, 1648
408, 40713, 3.81146e+007, 9.90245e+006, 4.80171e+007, 1969, 5029.18, 1020, 1649
409, 40813, 3.76943e+007, 9.77622e+006, 4.74705e+007, 1946, 5023.75, 1020, 1648
410, 40913, 3.78689e+007, 9.81495e+006, 4.76838e+007, 1957, 5015.3, 1020, 1648
411, 41013, 3.76744e+007, 9.8147e+006, 4.74891e+007, 1951, 5030.6, 1020, 1649
412, 41113, 3.8016e+007, 9.87649e+006, 4.78925e+007, 1968, 5018.54, 1020, 1649
413, 41213, 3.76063e+007, 9.69308e+006, 4.72994e+007, 1938, 5001.59, 1020, 1649
414, 41313, 3.77856e+007, 9.73657e+006, 4.75222e+007, 1949, 4995.68, 1021, 1649
415, 41413, 3.76859e+007, 9.75461e+006, 4.74405e+007, 1948, 5007.5, 1020, 1648
416, 41513, 3.74802e+007, 9.66534e+006, 4.71456e+007, 1934, 4997.59, 1020, 1648
417, 41613, 3.72337e+007, 9.61593e+006, 4.68496e+007, 1927, 4990.1, 1020, 1649
418, 41713, 3.73651e+007, 9.59706e+006, 4.69622e+007, 1930, 4972.57, 1020, 1648
419, 41813, 3.70441e+007, 9.54172e+006, 4.65859e+007, 1912, 4990.44, 1020, 1649
420, 41913, 3.69481e+007, 9.53462e+006, 4.64827e+007, 1912, 4986.73, 1020, 1649
421, 42013, 3.70239e+007, 9.5173e+006, 4.65412e+007, 1915, 4969.87, 1020, 1649
422, 42113, 3.69641e+007, 9.48862e+006, 4.64528e+007, 1913, 4960.07, 1020, 1648
423, 42213, 3.69366e+007, 9.49983e+006, 4.64365e+007, 1910, 4973.73, 1020, 1649
424, 42313, 3.72635e+007, 9.57522e+006, 4.68387e+007, 1931, 4958.69, 1020, 1649
425, 42413, 3.70291e+007, 9.51915e+006, 4.65483e+007, 1916, 4968.24, 1020, 1649
426, 42513, 3.67764e+007, 9.41932e+006, 4.61957e+007, 1900, 4957.54, 1020, 1649
427, 42613, 3.69553e+007, 9.48154e+006, 4.64369e+007, 1913, 4956.37, 1020, 1649
428, 42713, 3.69258e+007, 9.49919e+006, 4.6425e+007, 1915, 4960.41, 1020, 1649
429, 42813, 3.68047e+007, 9.45587e+006, 4.62606e+007, 1906, 4961.11, 1020, 1649
430, 42913, 3.6682e+007, 9.39554e+006, 4.60775e+007, 1901, 4942.42, 1020, 1649
431, 43013, 3.6822e+007, 9.42467e+006, 4.62467e+007, 1907, 4942.14, 1020, 1649
432, 43113, 3.69867e+007, 9.50512e+006, 4.64918e+007, 1922, 4945.43, 1020, 1649
433, 43213, 3.67562e+007, 9.38982e+006, 4.6146e+007, 1904, 4931.63, 1020, 1649
434, 43313, 3.66748e+007, 9.3761e+006, 4.60509e+007, 1905, 4921.84, 1020, 1649
435, 43413, 3.66667e+007, 9.40298e+006, 4.60697e+007, 1904, 4938.54, 1020, 1649
436, 43513, 3.64927e+007, 9.29946e+006, 4.57921e+007, 1889, 4922.95, 1020, 1649
437, 43613, 3.63944e+007, 9.28807e+006, 4.56825e+007, 1884, 4929.97, 1020, 1649
438, 43713, 3.66096e+007, 9.36089e+006, 4.59705e+007, 1900, 4926.78, 1020, 1649
439, 43813, 3.64329e+007, 9.30694e+006, 4.57398e+007, 1890, 4924.31, 1020, 1649
440, 43913, 3.68001e+007, 9.38073e+006, 4.61808e+007, 1908, 4916.52, 1020, 1649
441, 44013, 3.61868e+007, 9.22597e+006, 4.54128e+007, 1876, 4917.9, 1020, 1649
442, 44113, 3.61105e+007, 9.21363e+006, 4.53241e+007, 1872, 4921.81, 1020, 1649
443, 44213, 3.63228e+007, 9.22113e+006, 4.55439e+007, 1882, 4899.64, 1020, 1649
444, 44313, 3.66261e+007, 9.3649e+006, 4.5991e+007, 1908, 4908.23, 1020, 1649
445, 44413, 3.63943e+007, 9.26208e+006, 4.56563e+007, 1890, 4900.57, 1020, 1649
446, 44513, 3.62108e+007, 9.19443e+006, 4.54052e+007, 1879, 4893.26, 1020, 1649
447, 44613, 3.6149e+007, 9.19905e+006, 4.53481e+007, 1877, 4900.93, 1020, 1649
448, 44713, 3.61744e+007, 9.17247e+006, 4.53469e+007, 1877, 4886.77, 1020, 1649
449, 44813, 3.61539e+007, 9.16617e+006, 4.53201e+007, 1875, 4888.63, 1020, 1649
450, 44913, 3.62048e+007, 9.17877e+006, 4.53835e+007, 1879, 4884.92, 1020, 1649
451, 45013, 3.59202e+007, 9.12355e+006, 4.50438e+007, 1867, 4886.74, 1020, 1649
452, 45113, 3.62576e+007, 9.19708e+006, 4.54547e+007, 1884, 4881.67, 1020, 1649
453, 45213, 3.60654e+007, 9.1376e+006, 4.5203e+007, 1875, 4873.39, 1020, 1649
454, 45313, 3.65391e+007, 9.23785e+006, 4.5777e+007, 1898, 4867.15, 1020, 1649
455, 45413, 3.61392e+007, 9.16798e+006, 4.53072e+007, 1879, 4879.18, 1020, 1649
456, 45513, 3.61817e+007, 9.1901e+006, 4.53718e+007, 1886, 4872.8, 1020, 1649
457, 45613, 3.61749e+007, 9.1586e+006, 4.53335e+007, 1883, 4863.84, 1020, 1649
458, 45713, 3.62098e+007, 9.1354e+006, 4.53452e+007, 1879, 4861.84, 1020, 1649
459, 45813, 3.62486e+007, 9.16678e+006, 4.54154e+007, 1885, 4863.01, 1020, 1649
460, 45913, 3.58934e+007, 9.08806e+006, 4.49814e+007, 1869, 4862.53, 1020, 1650
461, 46013, 3.61076e+007, 9.11806e+006, 4.52256e+007, 1878, 4855.2, 1020, 1649
462, 46113, 3.60462e+007, 9.10721e+006, 4.51534e+007, 1874, 4859.77, 1020, 1649
463, 46213, 3.57336e+007, 9.02055e+006, 4.47541e+007, 1856, 4860.21, 1020, 1650
464, 46313, 3.5905e+007, 9.05624e+006, 4.49613e+007, 1867, 4850.69, 1020, 1650
465, 46413, 3.60009e+007, 9.05056e+006, 4.50514e+007, 1870, 4839.87, 1020, 1649
466, 46513, 3.60469e+007, 9.08991e+006, 4.51369e+007, 1875, 4847.95, 1020, 1650
467, 46613, 3.61322e+007, 9.11912e+006, 4.52513e+007, 1880, 4850.59, 1020, 1650
468, 46713, 3.59455e+007, 9.06106e+006, 4.50065e+007, 1869, 4848.08, 1020, 1650
469, 46813, 3.57443e+007, 9.02074e+006, 4.4765e+007, 1860, 4849.86, 1020, 1650
470, 46913, 3.56274e+007, 8.96333e+006, 4.45908e+007, 1850, 4845.04, 1020, 1650
471, 47013, 3.57003e+007, 8.95642e+006, 4.46567e+007, 1853, 4833.47, 1020, 1649
472, 47113, 3.58372e+007, 9.01985e+006, 4.48571e+007, 1866, 4833.79, 1020, 1650
473, 47213, 3.55513e+007, 8.90849e+006, 4.44598e+007, 1848, 4820.61, 1020, 1649
474, 47313, 3.55509e+007, 8.92201e+006, 4.44729e+007, 1850, 4822.71, 1020, 1649
475, 47413, 3.53765e+007, 8.84535e+006, 4.42218e+007, 1837, 4815.11, 1020, 1649
476, 47513, 3.55362e+007, 8.90331e+006, 4.44395e+007, 1849, 4815.2, 1020, 1649
477, 47613, 3.53683e+007, 8.83939e+006, 4.42077e+007, 1841, 4801.41, 1020, 1649
478, 47713, 3.56138e+007, 8.9144e+006, 4.45282e+007, 1853, 4810.8, 1020, 1650
479, 47813, 3.54701e+007, 8.91003e+006, 4.43802e+007, 1851, 4813.63, 1020, 1650
480, 47913, 3.5584e+007, 8.91839e+006, 4.45024e+007, 1856, 4805.17, 1020, 1650
481, 48013, 3.53627e+007, 8.88384e+006, 4.42466e+007, 1847, 4809.88, 1020, 1650
482, 48113, 3.52775e+007, 8.82821e+006, 4.41058e+007, 1839, 4800.55, 1020, 1650
483, 48213, 3.53695e+007, 8.84034e+006, 4.42099e+007, 1843, 4796.71, 1020, 1649
484, 48313, 3.51964e+007, 8.78344e+006, 4.39798e+007, 1832, 4794.45, 1020, 1649
485, 48413, 3.49971e+007, 8.73144e+006, 4.37286e+007, 1821, 4794.86, 1020, 1650
486, 48513, 3.51024e+007, 8.75262e+006, 4.38551e+007, 1827, 4790.71, 1020, 1649
487, 48613, 3.51703e+007, 8.77165e+006, 4.3942e+007, 1838, 4772.39, 1020, 1649
488, 48713, 3.51729e+007, 8.7649e+006, 4.39378e+007, 1835, 4776.51, 1020, 1649
489, 48813, 3.5093e+007, 8.72924e+006, 4.38223e+007, 1830, 4770.08, 1020, 1650
490, 48914, 3.47297e+007, 8.6254e+006, 4.33551e+007, 1810, 4765.42, 1020, 1650
491, 49014, 3.52391e+007, 8.76329e+006, 4.40024e+007, 1838, 4767.84, 1020, 1650
492, 49114, 3.49051e+007, 8.70079e+006, 4.36058e+007, 1823, 4772.79, 1020, 1650
493, 49214, 3.49594e+007, 8.70204e+006, 4.36615e+007, 1827, 4763.02, 1020, 1649
494, 49314, 3.49389e+007, 8.68364e+006, 4.36226e+007, 1823, 4763.38, 1020, 1650
495, 49414, 3.49914e+007, 8.69871e+006, 4.36901e+007, 1824, 4769.03, 1020, 1649
496, 49514, 3.48797e+007, 8.67619e+006, 4.35559e+007, 1821, 4764.52, 1020, 1650
497, 49614, 3.49236e+007, 8.6692e+006, 4.35928e+007, 1824, 4752.85, 1020, 1650
498, 49714, 3.501e+007, 8.68695e+006, 4.36969e+007, 1825, 4759.97, 1020, 1650
499, 49814, 3.49697e+007, 8.66129e+006, 4.3631e+007, 1825, 4745.91, 1020, 1650
500, 49914, 3.48908e+007, 8.58224e+006, 4.34731e+007, 1814, 4731.11, 1020, 1650
501, 50014, 3.49183e+007, 8.64717e+006, 4.35655e+007, 1823, 4743.38, 1020, 1650
502, 50114, 3.45507e+007, 8.4927e+006, 4.30434e+007, 1797, 4726.04, 1020, 1650
503, 50214, 3.43591e+007, 8.46419e+006, 4.28233e+007, 1789, 4731.24, 1020, 1650
504, 50314, 3.47078e+007, 8.55681e+006, 4.32646e+007, 1810, 4727.52, 1020, 1650
505, 50414, 3.43265e+007, 8.49096e+006, 4.28174e+007, 1791, 4740.9, 1020, 1650
506, 50514, 3.45019e+007, 8.5194e+006, 4.30213e+007, 1802, 4727.75, 1020, 1650
507, 50614, 3.47157e+007, 8.58547e+006, 4.33012e+007, 1815, 4730.29, 1020, 1650
508, 50714, 3.4356e+007, 8.4544e+006, 4.28104e+007, 1792, 4717.86, 1020, 1650
509, 50814, 3.46073e+007, 8.51169e+006, 4.3119e+007, 1807, 4710.4, 1020, 1650
510, 50914, 3.44539e+007, 8.48301e+006, 4.29369e+007, 1800, 4712.78, 1020, 1650
511, 51014, 3.41749e+007, 8.41747e+006, 4.25924e+007, 1784, 4718.32, 1020, 1650
512, 51114, 3.48269e+007, 8.57641e+006, 4.34033e+007, 1821, 4709.72, 1020, 1650
513, 51214, 3.44175e+007, 8.47248e+006, 4.289e+007, 1797, 4714.79, 1020, 1650
514, 51314, 3.42371e+007, 8.41472e+006, 4.26519e+007, 1788, 4706.22, 1020, 1650
515, 51414, 3.41198e+007, 8.37548e+006, 4.24953e+007, 1781, 4702.68, 1020, 1650
516, 51514, 3.46988e+007, 8.5305e+006, 4.32293e+007, 1815, 4700, 1020, 1650
517, 51614, 3.44424e+007, 8.45597e+006, 4.28984e+007, 1799, 4700.37, 1020, 1650
518, 51714, 3.41404e+007, 8.35385e+006, 4.24942e+007, 1780, 4693.17, 1020, 1650
519, 51814, 3.43544e+007, 8.41014e+006, 4.27645e+007, 1795, 4685.31, 1020, 1650
520, 51914, 3.45102e+007, 8.45112e+006, 4.29613e+007, 1800, 4695.07, 1020, 1650
521, 52014, 3.44999e+007, 8.4423e+006, 4.29422e+007, 1803, 4682.36, 1020, 1650
522, 52114, 3.40425e+007, 8.32068e+006, 4.23632e+007, 1775, 4687.71, 1020, 1650
523, 52214, 3.41663e+007, 8.35099e+006, 4.25173e+007, 1784, 4681.05, 1020, 1650
524, 52314, 3.44132e+007, 8.40863e+006, 4.28218e+007, 1797, 4679.26, 1020, 1650
525, 52414, 3.43532e+007, 8.32704e+006, 4.26803e+007, 1788, 4657.18, 1020, 1650
526, 52514, 3.43732e+007, 8.36895e+006, 4.27421e+007, 1791, 4672.78, 1020, 1650
527, 52614, 3.43842e+007, 8.36533e+006, 4.27495e+007, 1794, 4662.95, 1020, 1650
528, 52714, 3.40899e+007, 8.31438e+006, 4.24042e+007, 1780, 4671, 1020, 1650
529, 52814, 3.42873e+007, 8.34335e+006, 4.26306e+007, 1791, 4658.49, 1020, 1650
530, 52914, 3.42146e+007, 8.29478e+006, 4.25094e+007, 1782, 4654.76, 1020, 1650
531, 53014, 3.41215e+007, 8.29812e+006, 4.24196e+007, 1779, 4664.48, 1020, 1650
532, 53114, 3.40847e+007, 8.29017e+006, 4.23748e+007, 1776, 4667.89, 1020, 1650
533, 53214, 3.439e+007, 8.37757e+006, 4.27676e+007, 1798, 4659.39, 1020, 1650
534, 53314, 3.39567e+007, 8.26729e+006, 4.22239e+007, 1776, 4655, 1020, 1650
535, 53414, 3.4033e+007, 8.2305e+006, 4.22635e+007, 1774, 4639.51, 1020, 1650
536, 53514, 3.40667e+007, 8.23612e+006, 4.23028e+007, 1774, 4642.68, 1020, 1650
537, 53614, 3.40534e+007, 8.24812e+006, 4.23015e+007, 1773, 4652.07, 1020, 1650
538, 53714, 3.43627e+007, 8.32492e+006, 4.26876e+007, 1791, 4648.19, 1020, 1650
539, 53814, 3.41098e+007, 8.30123e+006, 4.24111e+007, 1783, 4655.77, 1020, 1650
540, 53914, 3.39993e+007, 8.20759e+006, 4.22069e+007, 1771, 4634.44, 1020, 1650
541, 54014, 3.40193e+007, 8.25215e+006, 4.22715e+007, 1776, 4646.48, 1020, 1650
542, 54114, 3.36979e+007, 8.13805e+006, 4.18359e+007, 1757, 4631.79, 1020, 1650
543, 54214, 3.39638e+007, 8.22243e+006, 4.21862e+007, 1775, 4632.36, 1020, 1651
544, 54314, 3.36195e+007, 8.12857e+006, 4.17481e+007, 1756, 4629.03, 1020, 1650
545, 54414, 3.37463e+007, 8.14594e+006, 4.18923e+007, 1760, 4628.37, 1020, 1650
546, 54514, 3.37825e+007, 8.13707e+006, 4.19196e+007, 1760, 4623.33, 1020, 1650
547, 54614, 3.37367e+007, 8.13824e+006, 4.18749e+007, 1761, 4621.37, 1020, 1650
548, 54714, 3.37257e+007, 8.14227e+006, 4.1868e+007, 1762, 4621.04, 1020, 1650
549, 54814, 3.373e+007, 8.14613e+006, 4.18761e+007, 1763, 4620.61, 1020, 1650
550, 54914, 3.37053e+007, 8.11821e+006, 4.18235e+007, 1760, 4612.62, 1020, 1650
551, 55014, 3.33726e+007, 8.02044e+006, 4.1393e+007, 1738, 4614.75, 1020, 1650
552, 55114, 3.36257e+007, 8.09874e+006, 4.17244e+007, 1756, 4612.04, 1020, 1650
553, 55214, 3.38532e+007, 8.16541e+006, 4.20186e+007, 1772, 4608.02, 1020, 1650
554, 55314, 3.38303e+007, 8.17966e+006, 4.20099e+007, 1772, 4616.06, 1020, 1651
555, 55414, 3.36717e+007, 8.0807e+006, 4.17524e+007, 1756, 4601.76, 1020, 1650
556, 55514, 3.35758e+007, 8.04637e+006, 4.16222e+007, 1751, 4595.3, 1020, 1650
557, 55614, 3.3647e+007, 8.06549e+006, 4.17125e+007, 1756, 4593.1, 1020, 1650
558, 55714, 3.37346e+007, 8.08256e+006, 4.18172e+007, 1760, 4592.37, 1020, 1650
559, 55814, 3.38778e+007, 8.118e+006, 4.19958e+007, 1773, 4578.68, 1020, 1650
560, 55914, 3.36567e+007, 8.07523e+006, 4.1732e+007, 1759, 4590.81, 1020, 1650
561, 56014, 3.35925e+007, 8.06161e+006, 4.16541e+007, 1755, 4593.51, 1020, 1651
562, 56114, 3.36265e+007, 8.06479e+006, 4.16913e+007, 1757, 4590.09, 1020, 1651
563, 56214, 3.35967e+007, 8.06599e+006, 4.16626e+007, 1760, 4582.95, 1020, 1650
564, 56314, 3.34018e+007, 8.00063e+006, 4.14024e+007, 1745, 4584.89, 1020, 1651
565, 56414, 3.36452e+007, 8.03152e+006, 4.16767e+007, 1757, 4571.16, 1020, 1650
566, 56514, 3.3358e+007, 7.96544e+006, 4.13235e+007, 1745, 4564.72, 1020, 1650
567, 56614, 3.35236e+007, 8.025e+006, 4.15486e+007, 1755, 4572.65, 1020, 1650
568, 56714, 3.34297e+007, 7.97986e+006, 4.14095e+007, 1748, 4565.14, 1020, 1650
569, 56814, 3.32274e+007, 7.94478e+006, 4.11722e+007, 1739, 4568.59, 1020, 1650
570, 56914, 3.33771e+007, 7.94966e+006, 4.13267e+007, 1743, 4560.91, 1020, 1651
571, 57014, 3.32349e+007, 7.93207e+006, 4.1167e+007, 1738, 4563.91, 1020, 1651
572, 57114, 3.30717e+007, 7.89824e+006, 4.097e+007, 1730, 4565.46, 1020, 1650
573, 57214, 3.32772e+007, 7.94333e+006, 4.12205e+007, 1735, 4578.29, 1020, 1651
574, 57314, 3.31728e+007, 7.90606e+006, 4.10788e+007, 1732, 4564.7, 1020, 1651
575, 57414, 3.31148e+007, 7.89455e+006, 4.10094e+007, 1732, 4558.05, 1020, 1651
576, 57514, 3.31934e+007, 7.86924e+006, 4.10627e+007, 1733, 4540.82, 1020, 1650
577, 57614, 3.26851e+007, 7.74141e+006, 4.04265e+007, 1702, 4548.42, 1020, 1651
578, 57714, 3.34394e+007, 7.96306e+006, 4.14024e+007, 1751, 4547.72, 1020, 1650
579, 57814, 3.32838e+007, 7.93275e+006, 4.12166e+007, 1739, 4561.68, 1020, 1651
580, 57914, 3.29195e+007, 7.79502e+006, 4.07145e+007, 1716, 4542.55, 1020, 1651
581, 58014, 3.3123e+007, 7.86663e+006, 4.09896e+007, 1730, 4547.19, 1020, 1651
582, 58114, 3.32723e+007, 7.86321e+006, 4.11355e+007, 1733, 4537.34, 1020, 1650
583, 58214, 3.31302e+007, 7.87979e+006, 4.101e+007, 1733, 4546.91, 1020, 1651
584, 58314, 3.29077e+007, 7.82284e+006, 4.07306e+007, 1723, 4540.24, 1020, 1651
585, 58414, 3.27353e+007, 7.74619e+006, 4.04815e+007, 1710, 4529.94, 1020, 1651
586, 58514, 3.29522e+007, 7.81904e+006, 4.07713e+007, 1726, 4530.15, 1020, 1651
587, 58614, 3.28081e+007, 7.73663e+006, 4.05447e+007, 1710, 4524.34, 1020, 1650
588, 58714, 3.29042e+007, 7.78036e+006, 4.06846e+007, 1720, 4523.47, 1020, 1651
589, 58814, 3.29313e+007, 7.76951e+006, 4.07009e+007, 1720, 4517.16, 1020, 1650
590, 58914, 3.26747e+007, 7.72191e+006, 4.03966e+007, 1707, 4523.67, 1020, 1650
591, 59014, 3.2595e+007, 7.70161e+006, 4.02966e+007, 1702, 4525.04, 1020, 1651
592, 59114, 3.31211e+007, 7.81421e+006, 4.09354e+007, 1735, 4503.87, 1020, 1651
593, 59214, 3.27152e+007, 7.7289e+006, 4.04441e+007, 1712, 4514.55, 1020, 1651
594, 59314, 3.28704e+007, 7.77301e+006, 4.06434e+007, 1722, 4513.94, 1020, 1651
595, 59414, 3.28578e+007, 7.74031e+006, 4.05981e+007, 1717, 4508.04, 1020, 1651
596, 59514, 3.281e+007, 7.74648e+006, 4.05565e+007, 1718, 4509.01, 1020, 1651
597, 59614, 3.26933e+007, 7.68696e+006, 4.03803e+007, 1706, 4505.84, 1020, 1651
598, 59714, 3.26419e+007, 7.69077e+006, 4.03327e+007, 1706, 4508.07, 1020, 1651
599, 59814, 3.26017e+007, 7.66091e+006, 4.02626e+007, 1704, 4495.84, 1020, 1651
600, 59914, 3.25738e+007, 7.65973e+006, 4.02335e+007, 1703, 4497.79, 1020, 1651