2, 100, 4.93266e+007, 1.03971e+007, 5.97237e+007, 1487, 6991.99, 1414, 846
3, 200, 4.94372e+007, 1.03725e+007, 5.98096e+007, 1486, 6980.13, 1414, 846
4, 300, 4.89586e+007, 1.02844e+007, 5.9243e+007, 1472, 6986.72, 1414, 847
5, 400, 4.92995e+007, 1.03233e+007, 5.96228e+007, 1479, 6979.94, 1414, 847
6, 500, 4.91541e+007, 1.02863e+007, 5.94404e+007, 1476, 6969.04, 1414, 846
7, 600, 4.91803e+007, 1.02599e+007, 5.94402e+007, 1475, 6955.89, 1414, 846
8, 700, 4.91781e+007, 1.02296e+007, 5.94077e+007, 1473, 6944.73, 1414, 846
9, 800, 4.89454e+007, 1.01608e+007, 5.91062e+007, 1466, 6930.96, 1414, 846
10, 900, 4.96189e+007, 1.03287e+007, 5.99476e+007, 1490, 6931.98, 1414, 846
11, 1000, 4.95636e+007, 1.03155e+007, 5.98791e+007, 1490, 6923.15, 1414, 846
12, 1100, 4.9573e+007, 1.02922e+007, 5.98651e+007, 1489, 6912.14, 1414, 846
13, 1200, 4.95564e+007, 1.02721e+007, 5.98284e+007, 1486, 6912.57, 1414, 846
14, 1300, 4.94645e+007, 1.02367e+007, 5.97012e+007, 1483, 6902.71, 1414, 846
15, 1400, 4.97815e+007, 1.02864e+007, 6.00678e+007, 1493, 6889.72, 1414, 846
16, 1500, 4.97353e+007, 1.02411e+007, 5.99764e+007, 1489, 6877.84, 1414, 846
17, 1600, 4.97849e+007, 1.02395e+007, 6.00245e+007, 1490, 6872.18, 1414, 846
18, 1700, 4.9518e+007, 1.01763e+007, 5.96943e+007, 1482, 6866.59, 1414, 846
19, 1800, 4.95117e+007, 1.01346e+007, 5.96463e+007, 1478, 6856.97, 1414, 846
20, 1900, 4.94274e+007, 1.01231e+007, 5.95505e+007, 1478, 6849.18, 1414, 846
21, 2000, 4.96199e+007, 1.01459e+007, 5.97658e+007, 1482, 6846.07, 1414, 846
22, 2100, 4.90706e+007, 9.98508e+006, 5.90556e+007, 1459, 6843.79, 1414, 846
23, 2200, 4.98537e+007, 1.01804e+007, 6.0034e+007, 1489, 6837.05, 1414, 846
24, 2300, 4.96095e+007, 1.00972e+007, 5.97067e+007, 1482, 6813.25, 1414, 846
25, 2400, 4.96517e+007, 1.01154e+007, 5.97671e+007, 1482, 6825.48, 1414, 846
26, 2500, 4.94464e+007, 1.00278e+007, 5.94742e+007, 1473, 6807.73, 1415, 846
27, 2600, 4.92225e+007, 9.98603e+006, 5.92085e+007, 1465, 6816.4, 1415, 846
28, 2700, 4.94903e+007, 1.00106e+007, 5.95008e+007, 1473, 6796.03, 1414, 846
29, 2800, 4.95776e+007, 1.00107e+007, 5.95883e+007, 1476, 6782.3, 1414, 846
30, 2900, 4.9599e+007, 1.00336e+007, 5.96326e+007, 1480, 6779.48, 1415, 846
31, 3000, 4.97061e+007, 1.00169e+007, 5.9723e+007, 1480, 6768.19, 1414, 846
32, 3100, 5.01825e+007, 1.01279e+007, 6.03103e+007, 1496, 6769.98, 1415, 846
33, 3200, 4.96002e+007, 9.97535e+006, 5.95755e+007, 1475, 6762.95, 1415, 846
34, 3300, 4.95082e+007, 9.95374e+006, 5.9462e+007, 1472, 6762.05, 1414, 846
35, 3400, 4.98467e+007, 9.99745e+006, 5.98441e+007, 1483, 6741.37, 1415, 846
36, 3500, 4.95959e+007, 9.93389e+006, 5.95298e+007, 1472, 6748.56, 1415, 846
37, 3600, 4.97223e+007, 9.96329e+006, 5.96856e+007, 1477, 6745.63, 1415, 846
38, 3700, 4.98545e+007, 1.00053e+007, 5.98598e+007, 1484, 6742.09, 1415, 846
39, 3800, 4.94509e+007, 9.87211e+006, 5.9323e+007, 1468, 6724.87, 1415, 846
40, 3900, 4.99787e+007, 9.96132e+006, 5.99401e+007, 1482, 6721.54, 1415, 845
41, 4000, 5.0409e+007, 1.00448e+007, 6.04538e+007, 1497, 6709.92, 1417, 843
42, 4100, 4.95184e+007, 9.84229e+006, 5.93607e+007, 1466, 6713.71, 1416, 844
43, 4200, 4.97208e+007, 9.90329e+006, 5.96241e+007, 1476, 6709.54, 1415, 846
44, 4300, 4.96467e+007, 9.88831e+006, 5.9535e+007, 1473, 6713.04, 1415, 846
45, 4400, 4.98268e+007, 9.93015e+006, 5.97569e+007, 1481, 6705.03, 1415, 846
46, 4500, 4.95265e+007, 9.80197e+006, 5.93284e+007, 1466, 6686.2, 1415, 846
47, 4600, 4.99799e+007, 9.87425e+006, 5.98541e+007, 1481, 6667.29, 1415, 846
48, 4700, 4.96849e+007, 9.83047e+006, 5.95153e+007, 1473, 6673.78, 1415, 846
49, 4800, 4.98111e+007, 9.83931e+006, 5.96504e+007, 1476, 6666.2, 1415, 846
50, 4900, 5.01305e+007, 9.91416e+006, 6.00447e+007, 1487, 6667.22, 1415, 846
51, 5000, 4.97092e+007, 9.82157e+006, 5.95308e+007, 1476, 6654.18, 1415, 846
52, 5100, 4.99165e+007, 9.82542e+006, 5.97419e+007, 1479, 6643.29, 1415, 846
53, 5200, 4.99177e+007, 9.81426e+006, 5.97319e+007, 1479, 6635.74, 1415, 846
54, 5300, 4.96791e+007, 9.75921e+006, 5.94384e+007, 1471, 6634.4, 1415, 846
55, 5400, 5.01231e+007, 9.85328e+006, 5.99764e+007, 1488, 6621.83, 1415, 846
56, 5500, 4.98318e+007, 9.75615e+006, 5.95879e+007, 1474, 6618.82, 1415, 846
57, 5600, 4.99532e+007, 9.79456e+006, 5.97478e+007, 1480, 6617.94, 1415, 846
58, 5700, 4.96465e+007, 9.71605e+006, 5.93626e+007, 1465, 6632.12, 1415, 846
59, 5800, 4.98689e+007, 9.74625e+006, 5.96152e+007, 1475, 6607.63, 1415, 846
60, 5900, 4.94013e+007, 9.59922e+006, 5.90005e+007, 1456, 6592.87, 1415, 846
61, 6000, 5.03804e+007, 9.79996e+006, 6.01804e+007, 1485, 6599.3, 1416, 845
62, 6100, 5.09519e+007, 9.92008e+006, 6.0872e+007, 1506, 6587.04, 1417, 842
63, 6200, 4.98404e+007, 9.65002e+006, 5.94904e+007, 1467, 6578.07, 1416, 844
64, 6300, 4.97326e+007, 9.68548e+006, 5.9418e+007, 1472, 6579.81, 1416, 845
65, 6400, 4.95308e+007, 9.59747e+006, 5.91282e+007, 1460, 6573.61, 1415, 846
66, 6500, 4.94137e+007, 9.59296e+006, 5.90067e+007, 1460, 6570.52, 1415, 846
67, 6600, 4.99751e+007, 9.70012e+006, 5.96753e+007, 1480, 6554.14, 1415, 846
68, 6700, 5.01766e+007, 9.73474e+006, 5.99113e+007, 1484, 6559.8, 1415, 846
69, 6800, 4.9711e+007, 9.62742e+006, 5.93384e+007, 1468, 6558.19, 1415, 846
70, 6900, 4.97131e+007, 9.61372e+006, 5.93268e+007, 1468, 6548.86, 1415, 846
71, 7000, 5.02974e+007, 9.75551e+006, 6.00529e+007, 1490, 6547.32, 1415, 846
72, 7100, 4.98627e+007, 9.61482e+006, 5.94776e+007, 1472, 6531.81, 1415, 846
73, 7200, 4.98009e+007, 9.6131e+006, 5.9414e+007, 1473, 6526.2, 1415, 846
74, 7300, 4.98714e+007, 9.59043e+006, 5.94618e+007, 1472, 6515.24, 1415, 846
75, 7400, 4.98764e+007, 9.55657e+006, 5.9433e+007, 1469, 6505.5, 1415, 846
76, 7500, 4.9864e+007, 9.58966e+006, 5.94537e+007, 1473, 6510.29, 1415, 846
77, 7600, 4.99419e+007, 9.5786e+006, 5.95205e+007, 1478, 6480.78, 1415, 846
78, 7700, 4.94307e+007, 9.469e+006, 5.88997e+007, 1459, 6490.06, 1415, 846
79, 7800, 4.96204e+007, 9.48227e+006, 5.91027e+007, 1463, 6481.39, 1415, 846
80, 7900, 4.98138e+007, 9.53576e+006, 5.93496e+007, 1471, 6482.51, 1415, 846
81, 8000, 5.03382e+007, 9.63668e+006, 5.99749e+007, 1480, 6511.27, 1415, 846
82, 8100, 5.0397e+007, 9.64577e+006, 6.00427e+007, 1483, 6504.23, 1415, 846
83, 8200, 5.03432e+007, 9.62384e+006, 5.99671e+007, 1482, 6493.82, 1415, 846
84, 8300, 5.03833e+007, 9.61832e+006, 6.00016e+007, 1483, 6485.72, 1415, 846
85, 8400, 5.01949e+007, 9.5673e+006, 5.97622e+007, 1477, 6477.52, 1415, 846
86, 8500, 5.01686e+007, 9.54274e+006, 5.97114e+007, 1471, 6487.25, 1415, 846
87, 8600, 5.03402e+007, 9.58721e+006, 5.99274e+007, 1480, 6477.85, 1415, 846
88, 8700, 5.06276e+007, 9.63742e+006, 6.0265e+007, 1489, 6472.41, 1415, 846
89, 8800, 5.02596e+007, 9.53995e+006, 5.97995e+007, 1476, 6463.38, 1415, 846
90, 8900, 5.06466e+007, 9.60302e+006, 6.02496e+007, 1490, 6444.98, 1415, 846
91, 9000, 5.01414e+007, 9.50776e+006, 5.96491e+007, 1472, 6459.08, 1415, 846
92, 9100, 5.05225e+007, 9.57058e+006, 6.00931e+007, 1486, 6440.5, 1415, 846
93, 9200, 5.01436e+007, 9.46603e+006, 5.96096e+007, 1469, 6443.86, 1415, 846
94, 9300, 5.02605e+007, 9.49187e+006, 5.97523e+007, 1475, 6435.17, 1415, 846
95, 9400, 5.03437e+007, 9.53096e+006, 5.98747e+007, 1481, 6435.49, 1415, 846
96, 9500, 5.02219e+007, 9.45298e+006, 5.96749e+007, 1473, 6417.5, 1415, 846
97, 9600, 5.02222e+007, 9.45679e+006, 5.9679e+007, 1475, 6411.38, 1415, 846
98, 9700, 5.03213e+007, 9.50063e+006, 5.98219e+007, 1479, 6423.69, 1415, 846
99, 9800, 5.01669e+007, 9.46016e+006, 5.96271e+007, 1475, 6413.67, 1415, 846
100, 9900, 5.0509e+007, 9.5362e+006, 6.00452e+007, 1487, 6413.05, 1415, 846
101, 10000, 5.04608e+007, 9.46532e+006, 5.99261e+007, 1480, 6395.49, 1415, 846
102, 10100, 5.00913e+007, 9.36853e+006, 5.94598e+007, 1472, 6364.49, 1416, 846
103, 10200, 4.91568e+007, 8.97048e+006, 5.81272e+007, 1443, 6216.55, 1415, 846
104, 10300, 4.90944e+007, 8.90225e+006, 5.79966e+007, 1440, 6182.12, 1415, 846
105, 10400, 4.90995e+007, 8.83529e+006, 5.79347e+007, 1442, 6127.11, 1416, 845
106, 10500, 4.91746e+007, 8.81456e+006, 5.79891e+007, 1440, 6121.22, 1416, 844
107, 10600, 4.93651e+007, 8.82499e+006, 5.81901e+007, 1449, 6090.4, 1417, 843
108, 10700, 4.85696e+007, 8.63376e+006, 5.72033e+007, 1421, 6075.83, 1416, 845
109, 10800, 4.85875e+007, 8.6144e+006, 5.72019e+007, 1427, 6036.72, 1416, 845
110, 10900, 4.83278e+007, 8.52989e+006, 5.68577e+007, 1412, 6041, 1415, 846
111, 11000, 4.84212e+007, 8.52079e+006, 5.6942e+007, 1414, 6026.02, 1415, 846
112, 11100, 4.84949e+007, 8.4954e+006, 5.69903e+007, 1415, 6003.82, 1415, 846
113, 11200, 4.80746e+007, 8.36552e+006, 5.64401e+007, 1400, 5975.37, 1415, 846
114, 11300, 4.84937e+007, 8.44696e+006, 5.69406e+007, 1413, 5978.03, 1415, 846
115, 11400, 4.84267e+007, 8.40879e+006, 5.68355e+007, 1409, 5967.92, 1415, 846
116, 11500, 4.88592e+007, 8.52793e+006, 5.73871e+007, 1429, 5967.76, 1414, 846
117, 11600, 4.86351e+007, 8.44146e+006, 5.70766e+007, 1418, 5953.08, 1415, 846
118, 11700, 4.87009e+007, 8.45225e+006, 5.71532e+007, 1423, 5939.74, 1414, 846
119, 11800, 4.80801e+007, 8.30465e+006, 5.63848e+007, 1401, 5927.66, 1414, 846
120, 11900, 4.85879e+007, 8.37294e+006, 5.69608e+007, 1416, 5913.1, 1414, 846
121, 12000, 4.8458e+007, 8.37135e+006, 5.68294e+007, 1416, 5911.97, 1414, 846
122, 12100, 4.84524e+007, 8.34401e+006, 5.67964e+007, 1413, 5905.17, 1414, 846
123, 12200, 4.90852e+007, 8.41476e+006, 5.74999e+007, 1430, 5884.45, 1414, 846
124, 12300, 4.86782e+007, 8.33887e+006, 5.70171e+007, 1418, 5880.73, 1414, 846
125, 12400, 4.92263e+007, 8.42633e+006, 5.76526e+007, 1437, 5863.83, 1414, 846
126, 12500, 4.87728e+007, 8.33698e+006, 5.71098e+007, 1419, 5875.25, 1414, 847
127, 12600, 4.75869e+007, 8.07935e+006, 5.56663e+007, 1387, 5825.05, 1413, 847
128, 12700, 4.75649e+007, 8.06776e+006, 5.56326e+007, 1389, 5808.32, 1413, 847
129, 12800, 4.72997e+007, 8.0074e+006, 5.53071e+007, 1382, 5794.07, 1413, 847
130, 12900, 4.74815e+007, 8.04555e+006, 5.55271e+007, 1389, 5792.33, 1413, 847
131, 13000, 4.77362e+007, 8.07818e+006, 5.58144e+007, 1394, 5794.97, 1413, 847
132, 13100, 4.7861e+007, 8.10315e+006, 5.59641e+007, 1397, 5800.4, 1413, 847
133, 13200, 4.85237e+007, 8.16899e+006, 5.66927e+007, 1416, 5769.06, 1413, 847
134, 13300, 4.80956e+007, 8.07243e+006, 5.6168e+007, 1397, 5778.4, 1413, 847
135, 13400, 4.8277e+007, 8.13838e+006, 5.64154e+007, 1406, 5788.32, 1413, 847
136, 13500, 4.82264e+007, 8.10659e+006, 5.6333e+007, 1403, 5778.04, 1413, 847
137, 13600, 4.84286e+007, 8.12999e+006, 5.65586e+007, 1409, 5770.04, 1412, 847
138, 13700, 4.85973e+007, 8.11572e+006, 5.6713e+007, 1410, 5755.83, 1412, 847
139, 13800, 4.87917e+007, 8.13572e+006, 5.69274e+007, 1413, 5757.76, 1412, 847
140, 13900, 4.83397e+007, 8.04651e+006, 5.63862e+007, 1400, 5747.51, 1412, 847
141, 14000, 4.85392e+007, 8.07703e+006, 5.66163e+007, 1407, 5740.61, 1412, 847
142, 14100, 4.83709e+007, 8.02475e+006, 5.63956e+007, 1400, 5731.96, 1412, 847
143, 14200, 4.83711e+007, 7.98715e+006, 5.63583e+007, 1396, 5721.45, 1412, 847
144, 14300, 4.85207e+007, 8.04858e+006, 5.65693e+007, 1406, 5724.45, 1412, 847
145, 14400, 4.86602e+007, 8.02989e+006, 5.66901e+007, 1405, 5715.22, 1412, 847
146, 14500, 4.91557e+007, 8.12118e+006, 5.72769e+007, 1421, 5715.12, 1412, 847
147, 14600, 4.8821e+007, 8.02711e+006, 5.68481e+007, 1406, 5709.18, 1412, 847
148, 14700, 4.88283e+007, 8.01026e+006, 5.68385e+007, 1405, 5701.25, 1412, 847
149, 14800, 4.88211e+007, 8.0029e+006, 5.6824e+007, 1404, 5700.07, 1412, 847
150, 14900, 4.90509e+007, 8.05008e+006, 5.7101e+007, 1415, 5689.1, 1411, 847
151, 15000, 4.90905e+007, 8.02608e+006, 5.71166e+007, 1413, 5680.17, 1411, 847
152, 15100, 4.93377e+007, 8.08957e+006, 5.74273e+007, 1420, 5696.88, 1411, 848
153, 15200, 4.94319e+007, 8.09906e+006, 5.7531e+007, 1425, 5683.55, 1411, 848
154, 15300, 4.92141e+007, 8.01325e+006, 5.72273e+007, 1414, 5667.08, 1411, 848
155, 15400, 4.9384e+007, 8.03474e+006, 5.74188e+007, 1418, 5666.25, 1411, 848
156, 15500, 4.96449e+007, 8.07031e+006, 5.77152e+007, 1424, 5667.35, 1411, 848
157, 15600, 4.9398e+007, 8.00671e+006, 5.74048e+007, 1416, 5654.46, 1410, 848
158, 15700, 4.91494e+007, 7.95017e+006, 5.70996e+007, 1406, 5654.46, 1410, 848
159, 15800, 4.9204e+007, 7.93088e+006, 5.71349e+007, 1406, 5640.74, 1410, 848
160, 15900, 4.94188e+007, 7.97153e+006, 5.73903e+007, 1413, 5641.56, 1410, 848
161, 16010, 4.93862e+007, 7.94129e+006, 5.73275e+007, 1408, 5640.12, 1410, 848
162, 16110, 4.96827e+007, 7.99742e+006, 5.76801e+007, 1419, 5635.96, 1410, 848
163, 16200, 4.94826e+007, 7.90522e+006, 5.73878e+007, 1405, 5626.49, 1410, 848
164, 16300, 4.99485e+007, 8.02163e+006, 5.79701e+007, 1425, 5629.21, 1410, 848
165, 16400, 5.017e+007, 8.0334e+006, 5.82034e+007, 1429, 5621.69, 1410, 848
166, 16510, 5.06802e+007, 8.13411e+006, 5.88143e+007, 1449, 5613.6, 1410, 848
167, 16610, 5.03156e+007, 8.00598e+006, 5.83216e+007, 1431, 5594.68, 1410, 848
168, 16710, 5.02364e+007, 8.00903e+006, 5.82455e+007, 1428, 5608.56, 1409, 848
169, 16810, 5.05126e+007, 8.0356e+006, 5.85482e+007, 1437, 5591.93, 1410, 848
170, 16910, 5.04996e+007, 8.03595e+006, 5.85355e+007, 1437, 5592.17, 1409, 848
171, 17010, 4.97443e+007, 7.86409e+006, 5.76084e+007, 1410, 5577.37, 1409, 848
172, 17110, 5.0741e+007, 8.00631e+006, 5.87473e+007, 1439, 5563.8, 1409, 848
173, 17210, 5.07679e+007, 8.00049e+006, 5.87684e+007, 1437, 5567.49, 1409, 848
174, 17310, 5.07275e+007, 7.97847e+006, 5.8706e+007, 1435, 5559.91, 1409, 848
175, 17410, 5.07394e+007, 7.98868e+006, 5.87281e+007, 1434, 5570.91, 1409, 848
176, 17510, 5.07346e+007, 7.95311e+006, 5.86878e+007, 1432, 5553.85, 1409, 848
177, 17610, 5.0994e+007, 8.03341e+006, 5.90274e+007, 1445, 5559.45, 1409, 848
178, 17710, 5.13141e+007, 8.03912e+006, 5.93532e+007, 1448, 5551.88, 1409, 849
179, 17810, 5.11193e+007, 7.99478e+006, 5.91141e+007, 1444, 5536.55, 1409, 848
180, 17910, 5.13528e+007, 8.03383e+006, 5.93866e+007, 1448, 5548.22, 1408, 849
181, 18010, 5.16296e+007, 8.04994e+006, 5.96795e+007, 1458, 5521.22, 1408, 848
182, 18110, 5.14223e+007, 8.04139e+006, 5.94637e+007, 1452, 5538.15, 1408, 849
183, 18210, 5.17264e+007, 8.06056e+006, 5.97869e+007, 1457, 5532.3, 1408, 849
184, 18310, 5.17499e+007, 8.05465e+006, 5.98045e+007, 1459, 5520.66, 1408, 849
185, 18410, 5.18162e+007, 8.02535e+006, 5.98416e+007, 1455, 5515.7, 1408, 849
186, 18510, 5.15811e+007, 7.99922e+006, 5.95803e+007, 1450, 5516.7, 1408, 849
187, 18610, 5.18102e+007, 8.00689e+006, 5.98171e+007, 1455, 5503.02, 1408, 849
188, 18710, 5.22742e+007, 8.09006e+006, 6.03642e+007, 1470, 5503.44, 1408, 849
189, 18810, 5.17348e+007, 7.98523e+006, 5.97201e+007, 1453, 5495.68, 1408, 849
190, 18910, 5.21697e+007, 8.01854e+006, 6.01882e+007, 1460, 5492.15, 1408, 849
191, 19010, 5.20962e+007, 7.99429e+006, 6.00905e+007, 1460, 5475.54, 1407, 849
192, 19110, 5.18937e+007, 7.95216e+006, 5.98459e+007, 1450, 5484.25, 1407, 849
193, 19210, 5.21628e+007, 8.00031e+006, 6.01631e+007, 1459, 5483.42, 1407, 849
194, 19310, 5.22834e+007, 8.00276e+006, 6.02861e+007, 1461, 5477.59, 1407, 849
195, 19410, 5.20857e+007, 7.95334e+006, 6.00391e+007, 1454, 5469.97, 1407, 849
196, 19510, 5.21833e+007, 7.94909e+006, 6.01324e+007, 1454, 5467.05, 1407, 849
197, 19610, 5.26019e+007, 7.99796e+006, 6.05999e+007, 1465, 5459.36, 1407, 849
198, 19710, 5.25567e+007, 7.988e+006, 6.05447e+007, 1463, 5460.01, 1407, 849
199, 19810, 5.25874e+007, 7.96336e+006, 6.05508e+007, 1463, 5443.17, 1407, 849
200, 19910, 5.28147e+007, 7.99307e+006, 6.08078e+007, 1472, 5430.08, 1407, 849
201, 20010, 5.25594e+007, 7.91998e+006, 6.04794e+007, 1458, 5432.08, 1407, 849
202, 20110, 5.27343e+007, 7.95054e+006, 6.06849e+007, 1464, 5430.7, 1407, 849
203, 20210, 5.29128e+007, 7.99374e+006, 6.09065e+007, 1470, 5437.92, 1406, 849
204, 20310, 5.27093e+007, 7.90047e+006, 6.06097e+007, 1459, 5414.99, 1406, 849
205, 20410, 5.33412e+007, 8.01701e+006, 6.13582e+007, 1481, 5413.24, 1406, 849
206, 20510, 5.33353e+007, 8.00881e+006, 6.13441e+007, 1478, 5418.68, 1406, 849
207, 20610, 5.32092e+007, 7.97707e+006, 6.11863e+007, 1472, 5419.21, 1406, 849
208, 20710, 5.33881e+007, 8.00461e+006, 6.13927e+007, 1480, 5408.52, 1406, 849
209, 20810, 5.36257e+007, 7.98537e+006, 6.16111e+007, 1479, 5399.17, 1406, 849
210, 20910, 5.3745e+007, 8.03195e+006, 6.17769e+007, 1488, 5397.81, 1406, 849
211, 21010, 5.36029e+007, 7.98346e+006, 6.15864e+007, 1477, 5405.18, 1406, 849
212, 21110, 5.36439e+007, 7.98459e+006, 6.16285e+007, 1479, 5398.64, 1406, 849
213, 21210, 5.39699e+007, 8.02813e+006, 6.1998e+007, 1491, 5384.4, 1406, 849
214, 21310, 5.43685e+007, 8.08148e+006, 6.245e+007, 1502, 5380.48, 1406, 849
215, 21410, 5.40883e+007, 8.05991e+006, 6.21482e+007, 1494, 5394.85, 1406, 850
216, 21510, 5.41709e+007, 8.0629e+006, 6.22338e+007, 1495, 5393.25, 1405, 850
217, 21610, 5.39765e+007, 8.00204e+006, 6.19785e+007, 1485, 5388.58, 1405, 850
218, 21710, 5.49202e+007, 8.13898e+006, 6.30592e+007, 1514, 5375.81, 1405, 849
219, 21810, 5.44091e+007, 8.03414e+006, 6.24432e+007, 1494, 5377.6, 1405, 850
220, 21910, 5.42348e+007, 8.02615e+006, 6.22609e+007, 1492, 5379.46, 1405, 850
221, 22010, 5.44624e+007, 8.03642e+006, 6.24988e+007, 1496, 5371.94, 1405, 850
222, 22110, 5.52836e+007, 8.12306e+006, 6.34066e+007, 1515, 5361.76, 1405, 849
223, 22210, 5.52562e+007, 8.11938e+006, 6.33755e+007, 1513, 5366.41, 1407, 847
224, 22310, 5.53277e+007, 8.10753e+006, 6.34353e+007, 1516, 5347.98, 1406, 848
225, 22410, 5.45953e+007, 8.0009e+006, 6.25962e+007, 1495, 5351.77, 1406, 849
226, 22510, 5.47105e+007, 7.99292e+006, 6.27034e+007, 1496, 5342.86, 1405, 849
227, 22610, 5.49178e+007, 8.04388e+006, 6.29617e+007, 1504, 5348.33, 1405, 849
228, 22710, 5.48487e+007, 8.00447e+006, 6.28532e+007, 1498, 5343.44, 1405, 850
229, 22810, 5.556e+007, 8.12311e+006, 6.36831e+007, 1520, 5344.15, 1404, 850
230, 22910, 5.56473e+007, 8.09244e+006, 6.37397e+007, 1516, 5338.02, 1404, 850
231, 23010, 5.58721e+007, 8.09048e+006, 6.39626e+007, 1518, 5329.7, 1404, 850
232, 23110, 5.60212e+007, 8.12546e+006, 6.41467e+007, 1526, 5324.68, 1404, 850
233, 23210, 5.60611e+007, 8.12434e+006, 6.41854e+007, 1527, 5320.46, 1404, 850
234, 23310, 5.5995e+007, 8.07886e+006, 6.40738e+007, 1522, 5308.05, 1404, 850
235, 23410, 5.57599e+007, 8.02529e+006, 6.37852e+007, 1510, 5314.76, 1404, 850
236, 23510, 5.61662e+007, 8.10609e+006, 6.42723e+007, 1527, 5308.51, 1404, 850
237, 23610, 5.63114e+007, 8.14067e+006, 6.44521e+007, 1534, 5306.82, 1404, 850
238, 23710, 5.65807e+007, 8.13509e+006, 6.47158e+007, 1535, 5299.73, 1403, 850
239, 23810, 5.64597e+007, 8.11758e+006, 6.45773e+007, 1531, 5302.14, 1403, 850
240, 23910, 5.61895e+007, 8.05981e+006, 6.42493e+007, 1522, 5295.54, 1403, 850
241, 24010, 5.65988e+007, 8.09249e+006, 6.46913e+007, 1533, 5278.86, 1403, 850
242, 24110, 5.63982e+007, 8.0598e+006, 6.4458e+007, 1527, 5278.19, 1403, 850
243, 24210, 5.64134e+007, 8.04454e+006, 6.44579e+007, 1524, 5278.57, 1403, 850
244, 24310, 5.65316e+007, 8.04258e+006, 6.45742e+007, 1526, 5270.37, 1403, 850
245, 24410, 5.68958e+007, 8.09825e+006, 6.4994e+007, 1538, 5265.44, 1403, 850
246, 24510, 5.69303e+007, 8.10984e+006, 6.50401e+007, 1538, 5272.98, 1403, 850
247, 24610, 5.70694e+007, 8.09903e+006, 6.51685e+007, 1540, 5259.11, 1403, 850
248, 24710, 5.73143e+007, 8.15718e+006, 6.54715e+007, 1551, 5259.31, 1403, 850
249, 24810, 5.71707e+007, 8.12016e+006, 6.52909e+007, 1543, 5262.58, 1403, 851
250, 24910, 5.75353e+007, 8.16672e+006, 6.57021e+007, 1554, 5255.29, 1403, 851
251, 25010, 5.76988e+007, 8.1716e+006, 6.58704e+007, 1557, 5248.29, 1403, 851
252, 25110, 5.73883e+007, 8.08501e+006, 6.54733e+007, 1545, 5233.02, 1403, 850
253, 25210, 5.79011e+007, 8.17885e+006, 6.60799e+007, 1562, 5236.14, 1402, 851
254, 25310, 5.76583e+007, 8.14218e+006, 6.58005e+007, 1554, 5239.5, 1402, 851
255, 25410, 5.74708e+007, 8.11225e+006, 6.5583e+007, 1546, 5247.25, 1402, 851
256, 25510, 5.84373e+007, 8.2481e+006, 6.66854e+007, 1576, 5233.56, 1402, 851
257, 25610, 5.79132e+007, 8.15261e+006, 6.60658e+007, 1558, 5232.74, 1402, 851
258, 25710, 5.81379e+007, 8.15342e+006, 6.62913e+007, 1561, 5223.2, 1402, 851
259, 25810, 5.79523e+007, 8.13548e+006, 6.60878e+007, 1557, 5225.1, 1402, 851
260, 25910, 5.83971e+007, 8.20869e+006, 6.66058e+007, 1573, 5218.49, 1402, 851
261, 26010, 5.81982e+007, 8.15823e+006, 6.63564e+007, 1562, 5222.94, 1402, 851
262, 26110, 5.84317e+007, 8.17423e+006, 6.66059e+007, 1569, 5209.83, 1402, 850
263, 26210, 5.84062e+007, 8.15456e+006, 6.65607e+007, 1567, 5203.93, 1402, 851
264, 26310, 5.83136e+007, 8.11409e+006, 6.64277e+007, 1563, 5191.36, 1402, 850
265, 26410, 5.83236e+007, 8.1404e+006, 6.6464e+007, 1563, 5208.19, 1402, 851
266, 26510, 5.86583e+007, 8.18056e+006, 6.68388e+007, 1574, 5197.3, 1402, 851
267, 26610, 5.88662e+007, 8.20031e+006, 6.70665e+007, 1577, 5199.94, 1402, 851
268, 26710, 5.92847e+007, 8.26715e+006, 6.75519e+007, 1590, 5199.47, 1402, 851
269, 26810, 5.88247e+007, 8.12739e+006, 6.69521e+007, 1572, 5170.1, 1402, 850
270, 26910, 5.88604e+007, 8.16093e+006, 6.70213e+007, 1572, 5191.43, 1401, 851
271, 27010, 5.93853e+007, 8.23513e+006, 6.76204e+007, 1589, 5182.59, 1401, 851
272, 27110, 5.90331e+007, 8.14385e+006, 6.71769e+007, 1573, 5177.27, 1401, 851
273, 27210, 5.9434e+007, 8.20402e+006, 6.76381e+007, 1587, 5169.52, 1401, 851
274, 27310, 5.96034e+007, 8.24544e+006, 6.78489e+007, 1594, 5172.8, 1401, 851
275, 27410, 5.90412e+007, 8.14336e+006, 6.71846e+007, 1575, 5170.39, 1401, 851
276, 27510, 5.91902e+007, 8.15127e+006, 6.73415e+007, 1579, 5162.3, 1401, 851
277, 27610, 5.94289e+007, 8.18198e+006, 6.76109e+007, 1584, 5165.39, 1401, 851
278, 27710, 5.91801e+007, 8.1015e+006, 6.72816e+007, 1574, 5147.08, 1401, 851
279, 27810, 5.97871e+007, 8.20605e+006, 6.79932e+007, 1594, 5148.09, 1401, 851
280, 27910, 5.98475e+007, 8.19422e+006, 6.80418e+007, 1596, 5134.22, 1401, 851
281, 28010, 6.0104e+007, 8.2581e+006, 6.83621e+007, 1603, 5151.66, 1401, 851
282, 28110, 5.98514e+007, 8.2065e+006, 6.80579e+007, 1595, 5145.14, 1400, 851
283, 28210, 5.9887e+007, 8.18084e+006, 6.80678e+007, 1593, 5135.49, 1400, 851
284, 28310, 6.02059e+007, 8.24948e+006, 6.84553e+007, 1603, 5146.27, 1400, 851
285, 28410, 6.03415e+007, 8.26935e+006, 6.86108e+007, 1607, 5145.83, 1400, 851
286, 28510, 6.01076e+007, 8.21095e+006, 6.83186e+007, 1596, 5144.71, 1400, 851
287, 28610, 6.02098e+007, 8.24184e+006, 6.84516e+007, 1603, 5141.51, 1400, 851
288, 28710, 6.07417e+007, 8.28844e+006, 6.90302e+007, 1614, 5135.34, 1400, 851
289, 28810, 6.07423e+007, 8.25789e+006, 6.90002e+007, 1611, 5125.94, 1400, 851
290, 28910, 6.09759e+007, 8.32156e+006, 6.92974e+007, 1625, 5120.96, 1400, 851
291, 29010, 6.06819e+007, 8.26103e+006, 6.89429e+007, 1611, 5127.89, 1400, 851
292, 29110, 6.10036e+007, 8.25839e+006, 6.9262e+007, 1616, 5110.39, 1400, 851
293, 29210, 6.08745e+007, 8.25318e+006, 6.91277e+007, 1612, 5119.84, 1400, 851
294, 29310, 6.08494e+007, 8.2275e+006, 6.90769e+007, 1614, 5097.58, 1400, 851
295, 29410, 6.11561e+007, 8.28894e+006, 6.9445e+007, 1622, 5110.32, 1400, 851
296, 29510, 6.08595e+007, 8.22295e+006, 6.90824e+007, 1609, 5110.59, 1399, 851
297, 29610, 6.08647e+007, 8.23637e+006, 6.9101e+007, 1611, 5112.58, 1399, 852
298, 29710, 6.10735e+007, 8.25646e+006, 6.933e+007, 1618, 5102.88, 1399, 851
299, 29810, 6.12045e+007, 8.2292e+006, 6.94336e+007, 1618, 5086.03, 1399, 851
300, 29910, 6.08441e+007, 8.18228e+006, 6.90263e+007, 1601, 5110.73, 1399, 851
301, 30010, 6.13385e+007, 8.2826e+006, 6.96211e+007, 1624, 5100.12, 1399, 852
302, 30110, 6.14165e+007, 8.26595e+006, 6.96824e+007, 1621, 5099.29, 1399, 851
303, 30210, 6.27267e+007, 8.59847e+006, 7.13252e+007, 1655, 5195.45, 1399, 851
304, 30310, 6.28501e+007, 8.71122e+006, 7.15613e+007, 1657, 5257.23, 1399, 852
305, 30410, 6.31904e+007, 8.83392e+006, 7.20243e+007, 1668, 5296.12, 1399, 851
306, 30510, 6.36897e+007, 8.97306e+006, 7.26627e+007, 1685, 5325.26, 1399, 851
307, 30610, 6.42451e+007, 9.10255e+006, 7.33477e+007, 1702, 5348.15, 1399, 851
308, 30710, 6.44541e+007, 9.16964e+006, 7.36238e+007, 1707, 5371.79, 1399, 851
309, 30810, 6.4412e+007, 9.14922e+006, 7.35612e+007, 1700, 5381.89, 1399, 851
310, 30910, 6.42021e+007, 9.1296e+006, 7.33317e+007, 1692, 5395.75, 1399, 851
311, 31010, 6.91254e+007, 9.96587e+006, 7.90912e+007, 1800, 5536.59, 1399, 851
312, 31110, 7.02056e+007, 1.01972e+007, 8.04028e+007, 1832, 5566.13, 1399, 851
313, 31210, 7.02891e+007, 1.02054e+007, 8.04945e+007, 1830, 5576.71, 1399, 851
314, 31310, 7.02168e+007, 1.01912e+007, 8.0408e+007, 1827, 5578.1, 1399, 851
315, 31410, 7.024e+007, 1.01837e+007, 8.04237e+007, 1828, 5570.96, 1399, 851
316, 31510, 7.04381e+007, 1.02008e+007, 8.06389e+007, 1831, 5571.17, 1399, 851
317, 31610, 7.03863e+007, 1.0213e+007, 8.05993e+007, 1829, 5583.94, 1399, 851
318, 31710, 6.97806e+007, 1.01106e+007, 7.98913e+007, 1812, 5579.82, 1399, 851
319, 31810, 7.01604e+007, 1.01699e+007, 8.03303e+007, 1825, 5572.56, 1399, 851
320, 31910, 7.04368e+007, 1.02509e+007, 8.06878e+007, 1838, 5577.23, 1399, 851
321, 32010, 7.03368e+007, 1.02524e+007, 8.05892e+007, 1838, 5578, 1399, 851
322, 32110, 7.06151e+007, 1.02814e+007, 8.08965e+007, 1846, 5569.55, 1399, 851
323, 32210, 6.98583e+007, 1.01774e+007, 8.00357e+007, 1823, 5582.79, 1399, 851
324, 32310, 6.97986e+007, 1.00889e+007, 7.98874e+007, 1811, 5570.88, 1400, 851
325, 32410, 6.98362e+007, 1.01148e+007, 7.9951e+007, 1819, 5560.63, 1399, 851
326, 32510, 6.9961e+007, 1.01645e+007, 8.01255e+007, 1823, 5575.71, 1400, 851
327, 32610, 7.00976e+007, 1.01619e+007, 8.02595e+007, 1828, 5559.04, 1400, 851
328, 32710, 6.96863e+007, 1.01113e+007, 7.97976e+007, 1818, 5561.78, 1400, 851
329, 32810, 6.96206e+007, 1.01005e+007, 7.97212e+007, 1817, 5558.91, 1400, 851
330, 32910, 6.90042e+007, 9.94623e+006, 7.89504e+007, 1792, 5550.35, 1400, 851
331, 33010, 6.96596e+007, 1.00905e+007, 7.975e+007, 1818, 5550.31, 1400, 851
332, 33110, 6.92016e+007, 9.99706e+006, 7.91986e+007, 1801, 5550.84, 1400, 851
333, 33210, 6.92077e+007, 1.00301e+007, 7.92378e+007, 1807, 5550.69, 1400, 851
334, 33310, 6.89173e+007, 9.94527e+006, 7.88625e+007, 1796, 5537.45, 1400, 851
335, 33410, 6.91307e+007, 9.99615e+006, 7.91268e+007, 1805, 5538.03, 1400, 851
336, 33510, 6.92598e+007, 9.99635e+006, 7.92561e+007, 1809, 5525.9, 1400, 850
337, 33610, 6.91641e+007, 1.00375e+007, 7.92017e+007, 1811, 5542.53, 1400, 851
338, 33710, 6.8791e+007, 9.94604e+006, 7.8737e+007, 1797, 5534.8, 1401, 850
339, 33810, 6.92192e+007, 1.00207e+007, 7.92399e+007, 1813, 5527.15, 1400, 851
340, 33910, 6.87966e+007, 9.93478e+006, 7.87314e+007, 1797, 5528.54, 1401, 850
341, 34010, 6.897e+007, 9.95094e+006, 7.8921e+007, 1805, 5512.99, 1401, 850
342, 34110, 6.84237e+007, 9.84292e+006, 7.82666e+007, 1786, 5511.15, 1401, 850
343, 34210, 6.84962e+007, 9.86833e+006, 7.83645e+007, 1790, 5513.03, 1401, 850
344, 34310, 6.84253e+007, 9.83437e+006, 7.82596e+007, 1787, 5503.28, 1401, 850
345, 34411, 6.81076e+007, 9.81314e+006, 7.79208e+007, 1781, 5509.9, 1401, 850
346, 34511, 6.84291e+007, 9.88202e+006, 7.83112e+007, 1793, 5511.45, 1401, 850
347, 34611, 6.76173e+007, 9.73509e+006, 7.73524e+007, 1767, 5509.39, 1401, 850
348, 34711, 6.80056e+007, 9.78888e+006, 7.77945e+007, 1777, 5508.65, 1401, 850
349, 34811, 6.76626e+007, 9.73337e+006, 7.7396e+007, 1767, 5508.41, 1401, 850
350, 34911, 6.75372e+007, 9.73348e+006, 7.72707e+007, 1768, 5505.36, 1401, 850
351, 35011, 6.76236e+007, 9.73079e+006, 7.73544e+007, 1770, 5497.62, 1401, 850
352, 35111, 6.74852e+007, 9.68743e+006, 7.71726e+007, 1765, 5488.63, 1402, 850
353, 35211, 6.65499e+007, 9.51705e+006, 7.6067e+007, 1734, 5488.5, 1402, 850
354, 35311, 6.70892e+007, 9.62495e+006, 7.67141e+007, 1754, 5487.43, 1402, 850
355, 35411, 6.73878e+007, 9.68735e+006, 7.70751e+007, 1767, 5482.37, 1402, 850
356, 35511, 6.66316e+007, 9.55797e+006, 7.61896e+007, 1743, 5483.63, 1402, 850
357, 35611, 6.67831e+007, 9.55286e+006, 7.63359e+007, 1745, 5474.42, 1402, 850
358, 35711, 6.69802e+007, 9.61958e+006, 7.65998e+007, 1757, 5475, 1402, 850
359, 35811, 6.65873e+007, 9.5299e+006, 7.61172e+007, 1743, 5467.53, 1402, 850
360, 35911, 6.66131e+007, 9.53035e+006, 7.61435e+007, 1743, 5467.79, 1402, 850
361, 36011, 6.6187e+007, 9.44662e+006, 7.56337e+007, 1729, 5463.63, 1402, 850
362, 36111, 6.60455e+007, 9.44718e+006, 7.54926e+007, 1729, 5463.96, 1402, 850
363, 36211, 6.67821e+007, 9.60293e+006, 7.6385e+007, 1758, 5462.42, 1402, 850
364, 36311, 6.61425e+007, 9.4924e+006, 7.56349e+007, 1741, 5452.27, 1402, 850
365, 36411, 6.56871e+007, 9.39147e+006, 7.50786e+007, 1724, 5447.49, 1403, 850
366, 36511, 6.60722e+007, 9.47049e+006, 7.55427e+007, 1739, 5445.94, 1403, 849
367, 36611, 6.59352e+007, 9.48488e+006, 7.542e+007, 1739, 5454.21, 1403, 850
368, 36711, 6.55928e+007, 9.38969e+006, 7.49825e+007, 1727, 5436.99, 1403, 849
369, 36811, 6.56362e+007, 9.40019e+006, 7.50363e+007, 1730, 5433.63, 1403, 850
370, 36911, 6.50934e+007, 9.27367e+006, 7.43671e+007, 1707, 5432.73, 1403, 849
371, 37011, 6.53961e+007, 9.33538e+006, 7.47315e+007, 1718, 5433.87, 1403, 849
372, 37111, 6.49719e+007, 9.26944e+006, 7.42413e+007, 1707, 5430.25, 1403, 849
373, 37211, 6.51982e+007, 9.32084e+006, 7.45191e+007, 1717, 5428.56, 1403, 849
374, 37311, 6.51866e+007, 9.29832e+006, 7.44849e+007, 1716, 5418.6, 1403, 849
375, 37411, 6.49257e+007, 9.26889e+006, 7.41946e+007, 1710, 5420.4, 1403, 849
376, 37511, 6.49838e+007, 9.26243e+006, 7.42462e+007, 1714, 5403.99, 1403, 849
377, 37611, 6.44272e+007, 9.16185e+006, 7.3589e+007, 1693, 5411.61, 1404, 849
378, 37711, 6.44875e+007, 9.22687e+006, 7.37143e+007, 1703, 5418.01, 1404, 849
379, 37811, 6.4174e+007, 9.15443e+006, 7.33285e+007, 1691, 5413.62, 1404, 849
380, 37911, 6.44284e+007, 9.19726e+006, 7.36256e+007, 1699, 5413.33, 1404, 849
381, 38011, 6.42617e+007, 9.16643e+006, 7.34281e+007, 1696, 5404.74, 1404, 849
382, 38111, 6.40319e+007, 9.12807e+006, 7.31599e+007, 1689, 5404.42, 1404, 849
383, 38211, 6.35951e+007, 9.0425e+006, 7.26376e+007, 1676, 5395.29, 1404, 849
384, 38311, 6.33554e+007, 9.0325e+006, 7.23879e+007, 1673, 5398.99, 1404, 849
385, 38411, 6.37373e+007, 9.10709e+006, 7.28443e+007, 1685, 5404.8, 1404, 849
386, 38511, 6.38506e+007, 9.09786e+006, 7.29484e+007, 1687, 5392.92, 1404, 849
387, 38611, 6.35488e+007, 9.07154e+006, 7.26204e+007, 1682, 5393.31, 1404, 849
388, 38711, 6.33636e+007, 9.05234e+006, 7.2416e+007, 1676, 5401.16, 1404, 849
389, 38811, 6.32874e+007, 9.03511e+006, 7.23225e+007, 1675, 5394.1, 1404, 849
390, 38911, 6.29789e+007, 8.99e+006, 7.19689e+007, 1670, 5383.24, 1405, 849
391, 39011, 6.32682e+007, 9.01968e+006, 7.22878e+007, 1678, 5375.26, 1404, 849
392, 39111, 6.2308e+007, 8.84943e+006, 7.11574e+007, 1644, 5382.86, 1405, 849
393, 39211, 6.29907e+007, 8.97387e+006, 7.19646e+007, 1669, 5376.79, 1405, 849
394, 39311, 6.28394e+007, 8.93429e+006, 7.17737e+007, 1664, 5369.17, 1405, 849
395, 39411, 6.27472e+007, 8.92943e+006, 7.16767e+007, 1662, 5372.7, 1405, 849
396, 39511, 6.23244e+007, 8.87305e+006, 7.11974e+007, 1652, 5371.09, 1405, 849
397, 39611, 6.22835e+007, 8.8854e+006, 7.11689e+007, 1656, 5365.58, 1405, 849
398, 39711, 6.27791e+007, 8.97075e+006, 7.17498e+007, 1671, 5368.49, 1405, 849
399, 39811, 6.23361e+007, 8.88721e+006, 7.12233e+007, 1656, 5366.67, 1405, 849
400, 39911, 6.16829e+007, 8.7622e+006, 7.04451e+007, 1632, 5369, 1405, 849
401, 40011, 6.23245e+007, 8.87153e+006, 7.11961e+007, 1657, 5353.97, 1405, 849
402, 40111, 6.17683e+007, 8.74364e+006, 7.05119e+007, 1635, 5347.79, 1405, 848
403, 40211, 6.22526e+007, 8.884e+006, 7.11366e+007, 1658, 5358.26, 1405, 848
404, 40311, 6.23359e+007, 8.88651e+006, 7.12224e+007, 1662, 5346.88, 1405, 848
405, 40411, 6.13739e+007, 8.68769e+006, 7.00616e+007, 1628, 5336.42, 1405, 848
406, 40511, 6.14442e+007, 8.73422e+006, 7.01785e+007, 1634, 5345.3, 1406, 848
407, 40611, 6.12992e+007, 8.7089e+006, 7.00081e+007, 1631, 5339.61, 1406, 848
408, 40711, 6.13927e+007, 8.73817e+006, 7.01309e+007, 1638, 5334.66, 1406, 848
409, 40811, 6.12802e+007, 8.6872e+006, 6.99674e+007, 1630, 5329.57, 1406, 848
410, 40911, 6.11497e+007, 8.68411e+006, 6.98338e+007, 1629, 5330.94, 1406, 848
411, 41011, 6.11842e+007, 8.66993e+006, 6.98541e+007, 1630, 5318.98, 1406, 848
412, 41111, 6.0917e+007, 8.62772e+006, 6.95447e+007, 1620, 5325.75, 1406, 848
413, 41211, 6.13197e+007, 8.70394e+006, 7.00236e+007, 1637, 5317.01, 1406, 848
414, 41311, 6.09301e+007, 8.66353e+006, 6.95936e+007, 1629, 5318.31, 1406, 848
415, 41411, 6.08326e+007, 8.62925e+006, 6.94619e+007, 1623, 5316.85, 1406, 848
416, 41511, 6.07921e+007, 8.60555e+006, 6.93976e+007, 1623, 5302.25, 1406, 848
417, 41611, 6.07022e+007, 8.62459e+006, 6.93268e+007, 1623, 5313.98, 1406, 848
418, 41711, 6.05325e+007, 8.59167e+006, 6.91242e+007, 1619, 5306.77, 1406, 848
419, 41811, 6.00385e+007, 8.50882e+006, 6.85473e+007, 1603, 5308.06, 1406, 848
420, 41911, 6.0184e+007, 8.49857e+006, 6.86826e+007, 1604, 5298.36, 1407, 848
421, 42011, 6.01077e+007, 8.55371e+006, 6.86614e+007, 1610, 5312.87, 1406, 848
422, 42111, 6.04544e+007, 8.59327e+006, 6.90477e+007, 1622, 5297.95, 1407, 848
423, 42211, 6.01801e+007, 8.54166e+006, 6.87217e+007, 1613, 5295.51, 1407, 848
424, 42311, 5.96463e+007, 8.45561e+006, 6.81019e+007, 1596, 5298, 1407, 848
425, 42411, 5.94567e+007, 8.42532e+006, 6.7882e+007, 1591, 5295.61, 1407, 848
426, 42511, 5.9635e+007, 8.47178e+006, 6.81068e+007, 1601, 5291.56, 1407, 848
427, 42611, 5.97521e+007, 8.49443e+006, 6.82466e+007, 1605, 5292.48, 1407, 848
428, 42711, 5.93551e+007, 8.42084e+006, 6.77759e+007, 1591, 5292.8, 1407, 848
429, 42811, 5.91486e+007, 8.36019e+006, 6.75088e+007, 1581, 5287.91, 1407, 848
430, 42911, 5.90733e+007, 8.35304e+006, 6.74264e+007, 1582, 5280.05, 1407, 848
431, 43011, 5.92318e+007, 8.39689e+006, 6.76287e+007, 1590, 5281.06, 1407, 848
432, 43111, 5.8761e+007, 8.32536e+006, 6.70864e+007, 1576, 5282.59, 1407, 848
433, 43211, 5.862e+007, 8.32317e+006, 6.69432e+007, 1573, 5291.27, 1407, 848
434, 43311, 5.87258e+007, 8.35335e+006, 6.70792e+007, 1580, 5286.93, 1407, 848
435, 43411, 5.85225e+007, 8.28888e+006, 6.68114e+007, 1573, 5269.47, 1407, 848
436, 43511, 5.85702e+007, 8.30726e+006, 6.68775e+007, 1575, 5274.45, 1407, 848
437, 43611, 5.85135e+007, 8.29653e+006, 6.681e+007, 1574, 5270.99, 1407, 848
438, 43711, 5.89243e+007, 8.38875e+006, 6.73131e+007, 1592, 5269.32, 1407, 848
439, 43811, 5.83629e+007, 8.27485e+006, 6.66378e+007, 1573, 5260.55, 1408, 848
440, 43911, 5.82067e+007, 8.25348e+006, 6.64602e+007, 1567, 5267.06, 1408, 848
441, 44011, 5.86351e+007, 8.3225e+006, 6.69576e+007, 1582, 5260.75, 1408, 848
442, 44111, 5.78212e+007, 8.19166e+006, 6.60129e+007, 1555, 5267.95, 1408, 848
443, 44211, 5.79762e+007, 8.22998e+006, 6.62062e+007, 1562, 5268.87, 1408, 848
444, 44311, 5.76782e+007, 8.17039e+006, 6.58486e+007, 1553, 5261.04, 1408, 848
445, 44410, 5.78534e+007, 8.18334e+006, 6.60367e+007, 1560, 5245.73, 1408, 847
446, 44510, 5.76898e+007, 8.18444e+006, 6.58742e+007, 1557, 5256.54, 1408, 847
447, 44610, 5.74712e+007, 8.1323e+006, 6.56035e+007, 1548, 5253.42, 1408, 847
448, 44710, 5.74649e+007, 8.16652e+006, 6.56314e+007, 1555, 5251.78, 1408, 847
449, 44810, 5.73127e+007, 8.11124e+006, 6.54239e+007, 1549, 5236.43, 1408, 847
450, 44910, 5.75204e+007, 8.14578e+006, 6.56662e+007, 1555, 5238.44, 1408, 847
451, 45010, 5.72817e+007, 8.12237e+006, 6.54041e+007, 1551, 5236.86, 1408, 847
452, 45110, 5.66984e+007, 7.98735e+006, 6.46857e+007, 1526, 5234.17, 1408, 847
453, 45210, 5.68805e+007, 8.04511e+006, 6.49256e+007, 1537, 5234.3, 1408, 847
454, 45310, 5.7131e+007, 8.0843e+006, 6.52153e+007, 1545, 5232.56, 1408, 847
455, 45410, 5.63567e+007, 7.96705e+006, 6.43238e+007, 1522, 5234.6, 1409, 847
456, 45510, 5.69608e+007, 8.07477e+006, 6.50356e+007, 1544, 5229.77, 1409, 847
457, 45610, 5.71106e+007, 8.10653e+006, 6.52171e+007, 1552, 5223.28, 1409, 847
458, 45710, 5.63929e+007, 7.97606e+006, 6.43689e+007, 1524, 5233.63, 1409, 847
459, 45810, 5.66803e+007, 8.03827e+006, 6.47185e+007, 1538, 5226.44, 1409, 847
460, 45910, 5.66168e+007, 8.03464e+006, 6.46515e+007, 1537, 5227.48, 1409, 847
461, 46010, 5.66507e+007, 8.0642e+006, 6.47149e+007, 1541, 5233.09, 1409, 847
462, 46110, 5.6335e+007, 7.97475e+006, 6.43097e+007, 1528, 5219.08, 1409, 847
463, 46210, 5.62811e+007, 7.97628e+006, 6.42574e+007, 1529, 5216.66, 1409, 847
464, 46310, 5.6553e+007, 8.02769e+006, 6.45807e+007, 1540, 5212.79, 1409, 847
465, 46410, 5.60607e+007, 7.9359e+006, 6.39966e+007, 1522, 5214.12, 1409, 847
466, 46510, 5.61433e+007, 7.93799e+006, 6.40813e+007, 1526, 5201.83, 1409, 847
467, 46610, 5.59076e+007, 7.90272e+006, 6.38103e+007, 1517, 5209.44, 1409, 847
468, 46710, 5.5876e+007, 7.91496e+006, 6.3791e+007, 1520, 5207.21, 1409, 847
469, 46810, 5.55716e+007, 7.84772e+006, 6.34193e+007, 1509, 5200.61, 1409, 847
470, 46910, 5.54756e+007, 7.80462e+006, 6.32802e+007, 1501, 5199.61, 1409, 847
471, 47010, 5.56489e+007, 7.84654e+006, 6.34954e+007, 1511, 5192.95, 1409, 847
472, 47110, 5.53139e+007, 7.80567e+006, 6.31195e+007, 1502, 5196.85, 1409, 847
473, 47210, 5.55336e+007, 7.85354e+006, 6.33872e+007, 1512, 5194.14, 1409, 847
474, 47310, 5.55707e+007, 7.86195e+006, 6.34327e+007, 1511, 5203.14, 1409, 847
475, 47410, 5.51901e+007, 7.8059e+006, 6.2996e+007, 1501, 5200.46, 1409, 847
476, 47510, 5.54323e+007, 7.85642e+006, 6.32888e+007, 1510, 5202.93, 1409, 847
477, 47610, 5.5531e+007, 7.8685e+006, 6.33995e+007, 1516, 5190.3, 1410, 847
478, 47710, 5.53139e+007, 7.79571e+006, 6.31096e+007, 1506, 5176.43, 1410, 847
479, 47810, 5.48234e+007, 7.73656e+006, 6.256e+007, 1490, 5192.32, 1410, 847
480, 47910, 5.51505e+007, 7.77887e+006, 6.29294e+007, 1500, 5185.91, 1409, 847
481, 48010, 5.48401e+007, 7.74133e+006, 6.25814e+007, 1494, 5181.61, 1410, 847
482, 48110, 5.49887e+007, 7.76486e+006, 6.27536e+007, 1500, 5176.57, 1410, 847
483, 48210, 5.50905e+007, 7.80657e+006, 6.28971e+007, 1506, 5183.65, 1410, 847
484, 48310, 5.47306e+007, 7.72637e+006, 6.2457e+007, 1493, 5175.07, 1410, 847
485, 48410, 5.48783e+007, 7.73519e+006, 6.26135e+007, 1497, 5167.13, 1410, 847
486, 48510, 5.47192e+007, 7.74247e+006, 6.24617e+007, 1498, 5168.54, 1410, 847
487, 48610, 5.46977e+007, 7.71902e+006, 6.24167e+007, 1495, 5163.23, 1410, 847
488, 48710, 5.43167e+007, 7.65497e+006, 6.19716e+007, 1483, 5161.82, 1410, 847
489, 48810, 5.41911e+007, 7.62802e+006, 6.18192e+007, 1478, 5161.04, 1410, 847
490, 48910, 5.44615e+007, 7.67617e+006, 6.21376e+007, 1490, 5151.79, 1410, 847
491, 49010, 5.39497e+007, 7.60991e+006, 6.15596e+007, 1473, 5166.26, 1410, 847
492, 49110, 5.41005e+007, 7.64552e+006, 6.1746e+007, 1481, 5162.4, 1410, 847
493, 49210, 5.40048e+007, 7.59109e+006, 6.15959e+007, 1475, 5146.5, 1410, 847
494, 49310, 5.41181e+007, 7.64007e+006, 6.17581e+007, 1483, 5151.76, 1410, 847
495, 49410, 5.34279e+007, 7.48109e+006, 6.09089e+007, 1457, 5134.58, 1410, 846
496, 49510, 5.39876e+007, 7.62777e+006, 6.16153e+007, 1483, 5143.48, 1410, 847
497, 49610, 5.40231e+007, 7.60022e+006, 6.16233e+007, 1481, 5131.82, 1410, 846
498, 49710, 5.37192e+007, 7.55415e+006, 6.12733e+007, 1471, 5135.39, 1410, 847
499, 49810, 5.37644e+007, 7.59242e+006, 6.13569e+007, 1477, 5140.43, 1410, 847
500, 49910, 5.35873e+007, 7.53826e+006, 6.11255e+007, 1469, 5131.56, 1411, 846
501, 50010, 5.38774e+007, 7.57346e+006, 6.14508e+007, 1479, 5120.66, 1411, 847
502, 50110, 5.35713e+007, 7.53047e+006, 6.11018e+007, 1470, 5122.77, 1411, 846
503, 50210, 5.34898e+007, 7.54087e+006, 6.10307e+007, 1471, 5126.36, 1410, 847
504, 50310, 5.3154e+007, 7.46388e+006, 6.06179e+007, 1458, 5119.26, 1411, 846
505, 50410, 5.28861e+007, 7.42098e+006, 6.0307e+007, 1452, 5110.87, 1411, 846
506, 50510, 5.30476e+007, 7.45442e+006, 6.0502e+007, 1457, 5116.28, 1411, 846
507, 50610, 5.29928e+007, 7.43876e+006, 6.04316e+007, 1458, 5102.03, 1411, 846
508, 50710, 5.28557e+007, 7.4031e+006, 6.02588e+007, 1452, 5098.55, 1411, 846
509, 50810, 5.28493e+007, 7.4313e+006, 6.02806e+007, 1454, 5110.94, 1411, 846
510, 50910, 5.27788e+007, 7.40635e+006, 6.01851e+007, 1450, 5107.83, 1411, 846
511, 51010, 5.26525e+007, 7.37793e+006, 6.00305e+007, 1445, 5105.83, 1411, 846
512, 51110, 5.27899e+007, 7.43805e+006, 6.02279e+007, 1457, 5105.04, 1411, 846
513, 51210, 5.22842e+007, 7.32603e+006, 5.96102e+007, 1435, 5105.25, 1411, 846
514, 51310, 5.25475e+007, 7.36849e+006, 5.99159e+007, 1444, 5102.83, 1411, 846
515, 51410, 5.28608e+007, 7.44469e+006, 6.03055e+007, 1458, 5106.1, 1411, 846
516, 51510, 5.22319e+007, 7.32496e+006, 5.95569e+007, 1436, 5100.95, 1411, 846
517, 51610, 5.26767e+007, 7.42444e+006, 6.01012e+007, 1454, 5106.22, 1411, 846
518, 51710, 5.27784e+007, 7.43769e+006, 6.02161e+007, 1459, 5097.8, 1411, 846
519, 51811, 5.25563e+007, 7.37315e+006, 5.99295e+007, 1448, 5091.95, 1411, 846
520, 51911, 5.22084e+007, 7.33563e+006, 5.95441e+007, 1442, 5087.12, 1411, 846
521, 52011, 5.21736e+007, 7.31205e+006, 5.94856e+007, 1435, 5095.51, 1411, 846
522, 52111, 5.24235e+007, 7.39313e+006, 5.98166e+007, 1450, 5098.71, 1411, 846
523, 52211, 5.21931e+007, 7.3415e+006, 5.95346e+007, 1440, 5098.26, 1411, 846
524, 52311, 5.21493e+007, 7.33241e+006, 5.94817e+007, 1439, 5095.49, 1411, 846
525, 52411, 5.1934e+007, 7.30491e+006, 5.92389e+007, 1437, 5083.44, 1412, 846
526, 52511, 5.18673e+007, 7.28957e+006, 5.91568e+007, 1433, 5086.93, 1412, 846
527, 52611, 5.18855e+007, 7.28142e+006, 5.91669e+007, 1434, 5077.7, 1411, 846
528, 52711, 5.19018e+007, 7.27544e+006, 5.91772e+007, 1434, 5073.53, 1412, 846
529, 52811, 5.17969e+007, 7.2713e+006, 5.90682e+007, 1430, 5084.83, 1412, 846
530, 52911, 5.19864e+007, 7.31366e+006, 5.93e+007, 1439, 5082.46, 1412, 846
531, 53011, 5.17286e+007, 7.2758e+006, 5.90044e+007, 1431, 5084.42, 1412, 846
532, 53111, 5.1798e+007, 7.27316e+006, 5.90712e+007, 1432, 5079.02, 1412, 846
533, 53211, 5.16826e+007, 7.27042e+006, 5.8953e+007, 1431, 5080.66, 1412, 846
534, 53311, 5.16811e+007, 7.27056e+006, 5.89516e+007, 1433, 5073.66, 1412, 846
535, 53411, 5.19631e+007, 7.30514e+006, 5.92682e+007, 1440, 5073.01, 1412, 846
536, 53511, 5.18602e+007, 7.28324e+006, 5.91434e+007, 1437, 5068.37, 1412, 846
537, 53611, 5.14605e+007, 7.22669e+006, 5.86872e+007, 1425, 5071.36, 1412, 846
538, 53711, 5.15984e+007, 7.25191e+006, 5.88504e+007, 1433, 5060.65, 1412, 846
539, 53811, 5.11057e+007, 7.15666e+006, 5.82624e+007, 1414, 5061.29, 1412, 846
540, 53911, 5.17681e+007, 7.25751e+006, 5.90256e+007, 1434, 5061.02, 1412, 846
541, 54011, 5.16536e+007, 7.27805e+006, 5.89317e+007, 1437, 5064.75, 1412, 846
542, 54111, 5.13152e+007, 7.19055e+006, 5.85058e+007, 1424, 5049.55, 1412, 846
543, 54211, 5.13574e+007, 7.20062e+006, 5.8558e+007, 1424, 5056.62, 1412, 846
544, 54311, 5.13512e+007, 7.19481e+006, 5.8546e+007, 1425, 5048.99, 1412, 846
545, 54411, 5.16205e+007, 7.26617e+006, 5.88867e+007, 1438, 5052.97, 1412, 846
546, 54511, 5.14036e+007, 7.21692e+006, 5.86205e+007, 1430, 5046.8, 1412, 846
547, 54611, 5.06539e+007, 7.08936e+006, 5.77432e+007, 1402, 5056.61, 1412, 846
548, 54711, 5.12519e+007, 7.21115e+006, 5.8463e+007, 1427, 5053.36, 1412, 846
549, 54811, 5.09895e+007, 7.15772e+006, 5.81472e+007, 1418, 5047.76, 1412, 846
550, 54911, 5.06177e+007, 7.07038e+006, 5.76881e+007, 1403, 5039.47, 1412, 846
551, 55011, 5.08183e+007, 7.11335e+006, 5.79316e+007, 1411, 5041.35, 1412, 846
552, 55111, 5.06264e+007, 7.07118e+006, 5.76975e+007, 1404, 5036.45, 1412, 846
553, 55211, 5.10583e+007, 7.14829e+006, 5.82066e+007, 1422, 5026.93, 1412, 846
554, 55311, 5.07108e+007, 7.10056e+006, 5.78114e+007, 1410, 5035.86, 1412, 846
555, 55411, 5.06593e+007, 7.08086e+006, 5.77401e+007, 1407, 5032.59, 1412, 846
556, 55511, 5.0541e+007, 7.09673e+006, 5.76378e+007, 1407, 5043.87, 1412, 846
557, 55611, 5.07043e+007, 7.12703e+006, 5.78314e+007, 1414, 5040.33, 1412, 846
558, 55711, 5.08796e+007, 7.14272e+006, 5.80223e+007, 1420, 5030.09, 1412, 846
559, 55811, 5.04602e+007, 7.04571e+006, 5.75059e+007, 1402, 5025.47, 1412, 846
560, 55911, 5.03075e+007, 7.04508e+006, 5.73526e+007, 1401, 5028.61, 1412, 846
561, 56011, 5.03045e+007, 7.02124e+006, 5.73258e+007, 1397, 5025.94, 1413, 846
562, 56111, 5.00505e+007, 7.00237e+006, 5.70529e+007, 1394, 5023.22, 1412, 846
563, 56211, 5.04862e+007, 7.0786e+006, 5.75648e+007, 1408, 5027.41, 1412, 846
564, 56311, 5.07451e+007, 7.0991e+006, 5.78442e+007, 1415, 5017.03, 1413, 846
565, 56411, 5.0252e+007, 7.03734e+006, 5.72893e+007, 1401, 5023.08, 1413, 846
566, 56511, 5.03358e+007, 7.04331e+006, 5.73791e+007, 1402, 5023.76, 1413, 846
567, 56611, 5.01199e+007, 7.00655e+006, 5.71265e+007, 1395, 5022.61, 1413, 846
568, 56711, 5.0103e+007, 7.01949e+006, 5.71225e+007, 1398, 5021.1, 1413, 846
569, 56811, 5.04258e+007, 7.07707e+006, 5.75029e+007, 1409, 5022.76, 1413, 846
570, 56911, 5.01968e+007, 7.00407e+006, 5.72009e+007, 1399, 5006.48, 1413, 846
571, 57011, 5.00376e+007, 6.98299e+006, 5.70206e+007, 1392, 5016.51, 1413, 846
572, 57111, 5.00648e+007, 7.00966e+006, 5.70745e+007, 1399, 5010.48, 1413, 846
573, 57211, 5.08269e+007, 7.14161e+006, 5.79685e+007, 1425, 5011.66, 1413, 846
574, 57311, 5.01352e+007, 7.0102e+006, 5.71453e+007, 1401, 5003.71, 1413, 846
575, 57411, 4.98166e+007, 6.9746e+006, 5.67912e+007, 1391, 5014.09, 1413, 846
576, 57511, 5.03081e+007, 7.04615e+006, 5.73543e+007, 1408, 5004.37, 1413, 846
577, 57611, 4.98257e+007, 6.95502e+006, 5.67807e+007, 1391, 5000.01, 1413, 846
578, 57711, 4.98852e+007, 6.97299e+006, 5.68582e+007, 1394, 5002.15, 1413, 846
579, 57811, 4.97733e+007, 6.96972e+006, 5.67431e+007, 1392, 5006.99, 1413, 846
580, 57911, 4.96973e+007, 6.94589e+006, 5.66432e+007, 1389, 5000.64, 1413, 846
581, 58011, 4.9561e+007, 6.93383e+006, 5.64948e+007, 1387, 4999.16, 1413, 846
582, 58111, 4.91475e+007, 6.87258e+006, 5.60201e+007, 1374, 5001.88, 1413, 846
583, 58211, 4.93732e+007, 6.90859e+006, 5.62818e+007, 1383, 4995.37, 1413, 846
584, 58311, 4.93697e+007, 6.88853e+006, 5.62582e+007, 1381, 4988.07, 1413, 846
585, 58411, 4.93954e+007, 6.90728e+006, 5.63027e+007, 1385, 4987.21, 1413, 845
586, 58511, 4.92817e+007, 6.87956e+006, 5.61612e+007, 1380, 4985.19, 1413, 846
587, 58611, 4.93528e+007, 6.90486e+006, 5.62577e+007, 1382, 4996.28, 1413, 846
588, 58711, 4.93378e+007, 6.88214e+006, 5.622e+007, 1386, 4965.47, 1413, 845
589, 58811, 4.94357e+007, 6.92547e+006, 5.63612e+007, 1390, 4982.36, 1413, 845
590, 58911, 4.91448e+007, 6.85899e+006, 5.60037e+007, 1378, 4977.49, 1413, 845
591, 59011, 4.89764e+007, 6.8566e+006, 5.5833e+007, 1376, 4983, 1413, 845
592, 59111, 4.91041e+007, 6.84564e+006, 5.59497e+007, 1378, 4967.81, 1414, 845
593, 59211, 4.92618e+007, 6.86744e+006, 5.61292e+007, 1382, 4969.2, 1414, 845
594, 59311, 4.91234e+007, 6.82538e+006, 5.59487e+007, 1377, 4956.7, 1414, 845
595, 59411, 4.89054e+007, 6.80882e+006, 5.57143e+007, 1370, 4969.94, 1414, 845
596, 59511, 4.88786e+007, 6.80056e+006, 5.56792e+007, 1371, 4960.29, 1414, 845
597, 59611, 4.91223e+007, 6.85523e+006, 5.59776e+007, 1381, 4963.96, 1414, 845
598, 59711, 4.93238e+007, 6.88518e+006, 5.6209e+007, 1386, 4967.66, 1414, 845
599, 59811, 4.95676e+007, 6.94904e+006, 5.65167e+007, 1397, 4974.26, 1414, 845
600, 59911, 4.92002e+007, 6.86925e+006, 5.60695e+007, 1383, 4966.92, 1414, 845