2, 100, 1.79498e+007, 6.8134e+006, 2.47632e+007, 1086, 6273.85, 1352, 1036
3, 200, 1.79553e+007, 6.79427e+006, 2.47495e+007, 1085, 6262, 1352, 1036
4, 300, 1.7892e+007, 6.79811e+006, 2.46901e+007, 1084, 6271.32, 1352, 1036
5, 400, 1.77686e+007, 6.74679e+006, 2.45154e+007, 1078, 6258.61, 1352, 1036
6, 500, 1.78877e+007, 6.76693e+006, 2.46546e+007, 1081, 6259.88, 1352, 1036
7, 600, 1.76305e+007, 6.65374e+006, 2.42842e+007, 1066, 6241.78, 1352, 1036
8, 700, 1.77114e+007, 6.67304e+006, 2.43845e+007, 1071, 6230.66, 1352, 1036
9, 800, 1.75891e+007, 6.62072e+006, 2.42098e+007, 1064, 6222.48, 1352, 1036
10, 900, 1.74595e+007, 6.61829e+006, 2.40778e+007, 1062, 6231.92, 1352, 1036
11, 1000, 1.75649e+007, 6.62601e+006, 2.41909e+007, 1064, 6227.45, 1353, 1036
12, 1100, 1.73826e+007, 6.52305e+006, 2.39057e+007, 1052, 6200.62, 1353, 1036
13, 1200, 1.73665e+007, 6.54469e+006, 2.39112e+007, 1057, 6191.76, 1352, 1036
14, 1300, 1.71404e+007, 6.46995e+006, 2.36103e+007, 1041, 6215.13, 1353, 1036
15, 1400, 1.74787e+007, 6.56295e+006, 2.40417e+007, 1060, 6191.46, 1352, 1036
16, 1500, 1.7286e+007, 6.47884e+006, 2.37649e+007, 1049, 6176.21, 1352, 1036
17, 1600, 1.73693e+007, 6.53197e+006, 2.39013e+007, 1055, 6191.44, 1352, 1036
18, 1700, 1.72972e+007, 6.4621e+006, 2.37593e+007, 1047, 6172.02, 1352, 1036
19, 1800, 1.7397e+007, 6.49221e+006, 2.38892e+007, 1054, 6159.59, 1352, 1036
20, 1900, 1.71654e+007, 6.37946e+006, 2.35449e+007, 1038, 6145.91, 1352, 1036
21, 2000, 1.72646e+007, 6.4559e+006, 2.37205e+007, 1048, 6160.21, 1352, 1036
22, 2100, 1.71602e+007, 6.38541e+006, 2.35456e+007, 1040, 6139.82, 1352, 1036
23, 2200, 1.72727e+007, 6.44411e+006, 2.37168e+007, 1051, 6131.41, 1352, 1036
24, 2300, 1.70607e+007, 6.3257e+006, 2.33865e+007, 1031, 6135.5, 1352, 1036
25, 2400, 1.73875e+007, 6.45446e+006, 2.38419e+007, 1052, 6135.42, 1352, 1036
26, 2500, 1.71768e+007, 6.32087e+006, 2.34976e+007, 1035, 6107.12, 1352, 1036
27, 2600, 1.72285e+007, 6.40337e+006, 2.36318e+007, 1044, 6133.49, 1352, 1036
28, 2700, 1.7117e+007, 6.3464e+006, 2.34634e+007, 1037, 6119.96, 1352, 1036
29, 2800, 1.69433e+007, 6.24092e+006, 2.31842e+007, 1022, 6106.58, 1352, 1036
30, 2900, 1.73828e+007, 6.44072e+006, 2.38235e+007, 1054, 6110.74, 1352, 1036
31, 3000, 1.73268e+007, 6.35532e+006, 2.36821e+007, 1043, 6093.31, 1352, 1036
32, 3100, 1.75141e+007, 6.41077e+006, 2.39249e+007, 1052, 6093.89, 1353, 1036
33, 3200, 1.75291e+007, 6.41125e+006, 2.39404e+007, 1053, 6088.56, 1352, 1036
34, 3300, 1.78422e+007, 6.48407e+006, 2.43263e+007, 1068, 6071.23, 1352, 1036
35, 3400, 1.79259e+007, 6.52913e+006, 2.4455e+007, 1074, 6079.26, 1352, 1036
36, 3500, 1.80567e+007, 6.56178e+006, 2.46185e+007, 1083, 6058.89, 1352, 1036
37, 3600, 1.81179e+007, 6.53802e+006, 2.46559e+007, 1078, 6064.95, 1352, 1036
38, 3700, 1.82675e+007, 6.60175e+006, 2.48693e+007, 1089, 6062.22, 1352, 1036
39, 3800, 1.84556e+007, 6.67083e+006, 2.51264e+007, 1102, 6053.39, 1353, 1036
40, 3900, 1.89418e+007, 6.77295e+006, 2.57147e+007, 1113, 6085.31, 1352, 1038
41, 4000, 1.9565e+007, 7.04371e+006, 2.66088e+007, 1144, 6157.09, 1354, 1040
42, 4100, 1.9565e+007, 7.21232e+006, 2.67773e+007, 1162, 6206.82, 1355, 1039
43, 4200, 1.86914e+007, 6.8652e+006, 2.55566e+007, 1111, 6179.3, 1355, 1038
44, 4300, 1.8777e+007, 6.89314e+006, 2.56702e+007, 1120, 6154.59, 1355, 1038
45, 4400, 1.87069e+007, 6.80059e+006, 2.55075e+007, 1113, 6110.14, 1353, 1037
46, 4500, 1.86944e+007, 6.71755e+006, 2.54119e+007, 1104, 6084.74, 1353, 1036
47, 4600, 1.85895e+007, 6.71856e+006, 2.53081e+007, 1101, 6102.24, 1353, 1037
48, 4700, 1.85437e+007, 6.67592e+006, 2.52196e+007, 1099, 6074.54, 1353, 1036
49, 4800, 1.83746e+007, 6.59421e+006, 2.49688e+007, 1087, 6066.43, 1352, 1036
50, 4900, 1.84384e+007, 6.59914e+006, 2.50375e+007, 1092, 6043.17, 1352, 1036
51, 5000, 1.83948e+007, 6.55773e+006, 2.49525e+007, 1087, 6032.87, 1352, 1036
52, 5100, 1.81798e+007, 6.4915e+006, 2.46713e+007, 1078, 6021.8, 1352, 1036
53, 5200, 1.83478e+007, 6.53196e+006, 2.48798e+007, 1085, 6020.24, 1352, 1036
54, 5300, 1.81674e+007, 6.50119e+006, 2.46685e+007, 1080, 6019.62, 1352, 1036
55, 5400, 1.80605e+007, 6.48801e+006, 2.45485e+007, 1079, 6012.98, 1352, 1037
56, 5500, 1.81115e+007, 6.45445e+006, 2.4566e+007, 1076, 5998.56, 1352, 1036
57, 5600, 1.81175e+007, 6.40806e+006, 2.45256e+007, 1073, 5972.1, 1352, 1036
58, 5700, 1.77852e+007, 6.3046e+006, 2.40898e+007, 1056, 5970.27, 1352, 1036
59, 5800, 1.77449e+007, 6.28389e+006, 2.40288e+007, 1052, 5973.28, 1352, 1036
60, 5900, 1.80595e+007, 6.40944e+006, 2.4469e+007, 1076, 5956.73, 1352, 1036
61, 6000, 1.78509e+007, 6.29738e+006, 2.41483e+007, 1061, 5935.33, 1352, 1036
62, 6100, 1.76516e+007, 6.22027e+006, 2.38719e+007, 1049, 5929.72, 1352, 1036
63, 6200, 1.77624e+007, 6.21988e+006, 2.39823e+007, 1050, 5923.7, 1352, 1036
64, 6300, 1.78585e+007, 6.27432e+006, 2.41328e+007, 1058, 5930.36, 1352, 1036
65, 6400, 1.77616e+007, 6.2367e+006, 2.39983e+007, 1055, 5911.56, 1352, 1036
66, 6500, 1.7526e+007, 6.11656e+006, 2.36426e+007, 1037, 5898.32, 1352, 1036
67, 6600, 1.77188e+007, 6.19547e+006, 2.39142e+007, 1052, 5889.23, 1352, 1036
68, 6700, 1.74298e+007, 6.10878e+006, 2.35386e+007, 1034, 5907.91, 1352, 1037
69, 6800, 1.7683e+007, 6.18098e+006, 2.3864e+007, 1052, 5875.45, 1352, 1036
70, 6900, 1.76669e+007, 6.15013e+006, 2.3817e+007, 1050, 5857.26, 1352, 1036
71, 7000, 1.75538e+007, 6.12552e+006, 2.36793e+007, 1043, 5872.98, 1352, 1037
72, 7100, 1.75327e+007, 6.11544e+006, 2.36482e+007, 1042, 5868.95, 1352, 1037
73, 7200, 1.72362e+007, 5.95983e+006, 2.3196e+007, 1021, 5837.25, 1352, 1036
74, 7300, 1.75852e+007, 6.08668e+006, 2.36719e+007, 1045, 5824.58, 1352, 1036
75, 7400, 1.74699e+007, 6.07147e+006, 2.35413e+007, 1040, 5837.95, 1352, 1036
76, 7500, 1.7331e+007, 5.96464e+006, 2.32957e+007, 1024, 5824.84, 1352, 1036
77, 7600, 1.73122e+007, 5.9476e+006, 2.32598e+007, 1024, 5808.21, 1352, 1036
78, 7700, 1.74027e+007, 6.03312e+006, 2.34358e+007, 1034, 5834.74, 1352, 1037
79, 7800, 1.74388e+007, 6.02334e+006, 2.34621e+007, 1034, 5825.28, 1352, 1037
80, 7900, 1.73673e+007, 5.98721e+006, 2.33545e+007, 1032, 5801.56, 1352, 1036
81, 8000, 1.72052e+007, 5.92343e+006, 2.31286e+007, 1022, 5795.92, 1352, 1036
82, 8100, 1.7217e+007, 5.89825e+006, 2.31152e+007, 1019, 5788.27, 1352, 1036
83, 8200, 1.73032e+007, 5.96909e+006, 2.32723e+007, 1030, 5795.23, 1352, 1037
84, 8300, 1.71081e+007, 5.86927e+006, 2.29774e+007, 1014, 5788.23, 1352, 1037
85, 8400, 1.72201e+007, 5.91099e+006, 2.31311e+007, 1024, 5772.45, 1352, 1037
86, 8500, 1.71231e+007, 5.87618e+006, 2.29992e+007, 1017, 5777.95, 1352, 1037
87, 8600, 1.69587e+007, 5.80827e+006, 2.2767e+007, 1008, 5762.17, 1352, 1036
88, 8700, 1.71816e+007, 5.89681e+006, 2.30784e+007, 1024, 5758.6, 1352, 1037
89, 8800, 1.72783e+007, 5.96085e+006, 2.32391e+007, 1034, 5764.85, 1352, 1037
90, 8900, 1.73135e+007, 5.90137e+006, 2.32149e+007, 1031, 5723.93, 1352, 1036
91, 9000, 1.70847e+007, 5.84491e+006, 2.29296e+007, 1019, 5735.93, 1352, 1037
92, 9100, 1.69162e+007, 5.77241e+006, 2.26886e+007, 1006, 5737.98, 1352, 1037
93, 9200, 1.71129e+007, 5.87991e+006, 2.29928e+007, 1026, 5730.91, 1352, 1037
94, 9300, 1.69765e+007, 5.78233e+006, 2.27588e+007, 1010, 5725.08, 1352, 1037
95, 9400, 1.68631e+007, 5.75664e+006, 2.26198e+007, 1005, 5728, 1352, 1037
96, 9500, 1.67915e+007, 5.71225e+006, 2.25038e+007, 998, 5723.7, 1352, 1037
97, 9600, 1.6749e+007, 5.69319e+006, 2.24422e+007, 997, 5710.32, 1352, 1037
98, 9700, 1.68451e+007, 5.7158e+006, 2.25609e+007, 1002, 5704.39, 1352, 1037
99, 9800, 1.69596e+007, 5.72851e+006, 2.26882e+007, 1008, 5683.05, 1352, 1036
100, 9900, 1.67712e+007, 5.70113e+006, 2.24723e+007, 1001, 5695.44, 1352, 1037
101, 10000, 1.67373e+007, 5.53751e+006, 2.22748e+007, 992, 5582.17, 1352, 1036
102, 10100, 1.65434e+007, 5.34014e+006, 2.18836e+007, 975, 5477.07, 1352, 1036
103, 10200, 1.63466e+007, 5.28225e+006, 2.16289e+007, 965, 5473.83, 1353, 1037
104, 10300, 1.63719e+007, 5.23066e+006, 2.16026e+007, 967, 5409.16, 1352, 1036
105, 10400, 1.61168e+007, 5.09286e+006, 2.12097e+007, 948, 5372.22, 1352, 1036
106, 10500, 1.63168e+007, 5.12921e+006, 2.1446e+007, 961, 5337.36, 1352, 1036
107, 10600, 1.62414e+007, 5.08087e+006, 2.13223e+007, 953, 5331.45, 1352, 1037
108, 10700, 1.62229e+007, 5.0473e+006, 2.12702e+007, 952, 5301.79, 1352, 1036
109, 10800, 1.61386e+007, 5.02294e+006, 2.11615e+007, 947, 5304.05, 1352, 1037
110, 10900, 1.60424e+007, 4.99018e+006, 2.10326e+007, 944, 5286.21, 1352, 1037
111, 11000, 1.61784e+007, 5.01293e+006, 2.11914e+007, 950, 5276.77, 1352, 1037
112, 11100, 1.62327e+007, 5.01822e+006, 2.1251e+007, 954, 5260.19, 1351, 1037
113, 11200, 1.62823e+007, 4.99765e+006, 2.12799e+007, 953, 5244.12, 1351, 1037
114, 11300, 1.60701e+007, 4.93337e+006, 2.10035e+007, 941, 5242.69, 1352, 1037
115, 11400, 1.62466e+007, 4.99473e+006, 2.12414e+007, 955, 5230.08, 1352, 1037
116, 11500, 1.6063e+007, 4.89056e+006, 2.09535e+007, 939, 5208.26, 1351, 1037
117, 11600, 1.59787e+007, 4.84152e+006, 2.08202e+007, 931, 5200.35, 1352, 1037
118, 11700, 1.62319e+007, 4.91471e+006, 2.11466e+007, 948, 5184.29, 1352, 1037
119, 11800, 1.61868e+007, 4.9108e+006, 2.10976e+007, 948, 5180.17, 1351, 1037
120, 11900, 1.61878e+007, 4.88298e+006, 2.10708e+007, 944, 5172.65, 1352, 1037
121, 12000, 1.59574e+007, 4.77961e+006, 2.0737e+007, 929, 5144.9, 1352, 1037
122, 12100, 1.60015e+007, 4.8052e+006, 2.08067e+007, 935, 5139.25, 1352, 1037
123, 12200, 1.58307e+007, 4.7493e+006, 2.058e+007, 925, 5134.38, 1352, 1037
124, 12300, 1.57362e+007, 4.72637e+006, 2.04625e+007, 921, 5131.78, 1352, 1037
125, 12400, 1.58401e+007, 4.7476e+006, 2.05877e+007, 926, 5127, 1352, 1037
126, 12500, 1.58157e+007, 4.70214e+006, 2.05178e+007, 920, 5111.03, 1352, 1037
127, 12600, 1.56749e+007, 4.66901e+006, 2.03439e+007, 914, 5108.33, 1351, 1037
128, 12700, 1.58805e+007, 4.72858e+006, 2.06091e+007, 928, 5095.45, 1351, 1037
129, 12810, 1.56922e+007, 4.63272e+006, 2.03249e+007, 912, 5079.73, 1351, 1037
130, 12900, 1.59322e+007, 4.72646e+006, 2.06587e+007, 930, 5082.22, 1351, 1037
131, 13000, 1.57497e+007, 4.62718e+006, 2.03769e+007, 915, 5057.03, 1351, 1037
132, 13100, 1.60767e+007, 4.75215e+006, 2.08288e+007, 939, 5060.86, 1351, 1037
133, 13200, 1.54308e+007, 4.53509e+006, 1.99659e+007, 895, 5067.14, 1351, 1037
134, 13300, 1.58308e+007, 4.65192e+006, 2.04827e+007, 921, 5050.95, 1351, 1037
135, 13400, 1.59219e+007, 4.68132e+006, 2.06032e+007, 928, 5044.52, 1351, 1037
136, 13500, 1.57999e+007, 4.64708e+006, 2.0447e+007, 922, 5040.21, 1351, 1037
137, 13600, 1.58535e+007, 4.63853e+006, 2.04921e+007, 922, 5030.94, 1351, 1037
138, 13700, 1.59364e+007, 4.6394e+006, 2.05758e+007, 924, 5021, 1351, 1037
139, 13800, 1.58975e+007, 4.65802e+006, 2.05555e+007, 928, 5019.42, 1351, 1037
140, 13900, 1.57466e+007, 4.59878e+006, 2.03454e+007, 916, 5020.5, 1351, 1037
141, 14000, 1.57621e+007, 4.58588e+006, 2.0348e+007, 915, 5011.89, 1351, 1038
142, 14100, 1.56874e+007, 4.557e+006, 2.02444e+007, 914, 4985.78, 1351, 1037
143, 14200, 1.53441e+007, 4.45082e+006, 1.97949e+007, 890, 5000.92, 1351, 1038
144, 14300, 1.56229e+007, 4.54417e+006, 2.01671e+007, 909, 4999.09, 1351, 1038
145, 14400, 1.5595e+007, 4.53297e+006, 2.0128e+007, 907, 4997.77, 1351, 1038
146, 14500, 1.53108e+007, 4.42794e+006, 1.97387e+007, 887, 4992.04, 1351, 1038
147, 14600, 1.55986e+007, 4.52423e+006, 2.01228e+007, 908, 4982.63, 1351, 1038
148, 14700, 1.57592e+007, 4.57069e+006, 2.03299e+007, 918, 4978.97, 1351, 1038
149, 14800, 1.55051e+007, 4.49102e+006, 1.99961e+007, 902, 4978.96, 1351, 1038
150, 14900, 1.57242e+007, 4.5824e+006, 2.03066e+007, 922, 4970.07, 1351, 1038
151, 15000, 1.55352e+007, 4.49648e+006, 2.00317e+007, 904, 4973.98, 1351, 1038
152, 15100, 1.54346e+007, 4.4333e+006, 1.98679e+007, 894, 4958.94, 1350, 1038
153, 15200, 1.53916e+007, 4.42217e+006, 1.98137e+007, 893, 4952.04, 1351, 1038
154, 15300, 1.53742e+007, 4.41747e+006, 1.97917e+007, 892, 4952.32, 1350, 1038
155, 15400, 1.53563e+007, 4.41776e+006, 1.9774e+007, 892, 4952.64, 1350, 1038
156, 15500, 1.55173e+007, 4.4457e+006, 1.99631e+007, 902, 4928.72, 1350, 1038
157, 15600, 1.52153e+007, 4.34837e+006, 1.95637e+007, 881, 4935.73, 1350, 1038
158, 15700, 1.55385e+007, 4.42649e+006, 1.9965e+007, 899, 4923.79, 1350, 1038
159, 15800, 1.53771e+007, 4.38327e+006, 1.97603e+007, 890, 4925.02, 1350, 1038
160, 15900, 1.54631e+007, 4.4157e+006, 1.98788e+007, 898, 4917.26, 1350, 1038
161, 16000, 1.54626e+007, 4.41602e+006, 1.98787e+007, 897, 4923.1, 1350, 1038
162, 16100, 1.53698e+007, 4.39867e+006, 1.97685e+007, 896, 4909.23, 1350, 1038
163, 16200, 1.54986e+007, 4.40789e+006, 1.99064e+007, 900, 4897.65, 1350, 1038
164, 16300, 1.55118e+007, 4.41544e+006, 1.99272e+007, 900, 4906.04, 1350, 1038
165, 16410, 1.54821e+007, 4.39772e+006, 1.98798e+007, 897, 4902.69, 1350, 1038
166, 16500, 1.56049e+007, 4.4363e+006, 2.00412e+007, 906, 4896.58, 1350, 1038
167, 16610, 1.54179e+007, 4.3692e+006, 1.97871e+007, 894, 4887.25, 1350, 1038
168, 16710, 1.55278e+007, 4.4224e+006, 1.99503e+007, 903, 4897.46, 1350, 1039
169, 16810, 1.5606e+007, 4.405e+006, 2.0011e+007, 904, 4872.79, 1350, 1038
170, 16910, 1.53557e+007, 4.33498e+006, 1.96907e+007, 888, 4881.74, 1350, 1039
171, 17010, 1.53587e+007, 4.34949e+006, 1.97082e+007, 892, 4876.11, 1349, 1039
172, 17110, 1.53688e+007, 4.33775e+006, 1.97065e+007, 890, 4873.87, 1350, 1039
173, 17210, 1.51556e+007, 4.26776e+006, 1.94233e+007, 877, 4866.32, 1349, 1039
174, 17310, 1.55544e+007, 4.38554e+006, 1.99399e+007, 902, 4862.02, 1349, 1039
175, 17402, 1.55632e+007, 4.39119e+006, 1.99544e+007, 904, 4857.51, 1349, 1039
176, 17502, 1.54297e+007, 4.3438e+006, 1.97735e+007, 893, 4864.27, 1349, 1039
177, 17602, 1.53114e+007, 4.27961e+006, 1.9591e+007, 883, 4846.67, 1349, 1039
178, 17702, 1.55137e+007, 4.36871e+006, 1.98824e+007, 900, 4854.12, 1349, 1039
179, 17802, 1.55019e+007, 4.3464e+006, 1.98483e+007, 898, 4840.09, 1349, 1039
180, 17902, 1.54783e+007, 4.32504e+006, 1.98034e+007, 893, 4843.27, 1349, 1039
181, 18002, 1.55638e+007, 4.33228e+006, 1.98961e+007, 898, 4824.36, 1349, 1039
182, 18102, 1.56205e+007, 4.36448e+006, 1.9985e+007, 903, 4833.31, 1349, 1039
183, 18202, 1.57649e+007, 4.38011e+006, 2.0145e+007, 910, 4813.3, 1349, 1039
184, 18302, 1.53841e+007, 4.2646e+006, 1.96487e+007, 884, 4824.21, 1349, 1039
185, 18402, 1.54745e+007, 4.27913e+006, 1.97537e+007, 890, 4808.01, 1349, 1039
186, 18502, 1.57136e+007, 4.36588e+006, 2.00795e+007, 906, 4818.86, 1349, 1039
187, 18602, 1.54616e+007, 4.2583e+006, 1.97199e+007, 886, 4806.21, 1349, 1039
188, 18702, 1.56508e+007, 4.34837e+006, 1.99992e+007, 906, 4799.52, 1348, 1039
189, 18802, 1.54923e+007, 4.26268e+006, 1.9755e+007, 889, 4794.91, 1349, 1039
190, 18902, 1.55804e+007, 4.30433e+006, 1.98848e+007, 898, 4793.24, 1348, 1039
191, 19002, 1.54039e+007, 4.24582e+006, 1.96497e+007, 886, 4792.13, 1349, 1039
192, 19102, 1.53583e+007, 4.22368e+006, 1.95819e+007, 883, 4783.33, 1348, 1039
193, 19202, 1.56459e+007, 4.31727e+006, 1.99632e+007, 903, 4781.03, 1348, 1039
194, 19302, 1.5577e+007, 4.29144e+006, 1.98685e+007, 899, 4773.58, 1348, 1039
195, 19402, 1.57243e+007, 4.31959e+006, 2.00439e+007, 906, 4767.76, 1348, 1039
196, 19502, 1.57241e+007, 4.31913e+006, 2.00432e+007, 905, 4772.52, 1348, 1039
197, 19602, 1.56425e+007, 4.2793e+006, 1.99218e+007, 899, 4760.07, 1348, 1039
198, 19702, 1.56431e+007, 4.28202e+006, 1.99251e+007, 900, 4757.8, 1348, 1039
199, 19802, 1.5733e+007, 4.33082e+006, 2.00638e+007, 909, 4764.38, 1348, 1040
200, 19902, 1.55178e+007, 4.2645e+006, 1.97823e+007, 895, 4764.8, 1348, 1040
201, 20002, 1.58516e+007, 4.32693e+006, 2.01785e+007, 911, 4749.65, 1348, 1040
202, 20102, 1.54817e+007, 4.22549e+006, 1.97072e+007, 889, 4753.08, 1348, 1040
203, 20202, 1.59083e+007, 4.33136e+006, 2.02396e+007, 914, 4738.91, 1347, 1040
204, 20302, 1.57627e+007, 4.29754e+006, 2.00602e+007, 904, 4753.91, 1348, 1040
205, 20402, 1.55752e+007, 4.22175e+006, 1.9797e+007, 890, 4743.54, 1348, 1040
206, 20502, 1.57901e+007, 4.307e+006, 2.00971e+007, 907, 4748.63, 1348, 1040
207, 20602, 1.55099e+007, 4.21839e+006, 1.97283e+007, 890, 4739.76, 1348, 1040
208, 20702, 1.56412e+007, 4.22528e+006, 1.98665e+007, 894, 4726.27, 1348, 1040
209, 20802, 1.5903e+007, 4.29476e+006, 2.01978e+007, 911, 4714.34, 1347, 1040
210, 20902, 1.6069e+007, 4.33596e+006, 2.04049e+007, 920, 4713, 1347, 1040
211, 21002, 1.59377e+007, 4.30624e+006, 2.02439e+007, 912, 4721.75, 1347, 1040
212, 21102, 1.56886e+007, 4.21626e+006, 1.99049e+007, 894, 4716.18, 1347, 1040
213, 21202, 1.59352e+007, 4.26041e+006, 2.01956e+007, 907, 4697.25, 1347, 1040
214, 21302, 1.56295e+007, 4.20143e+006, 1.9831e+007, 892, 4710.12, 1347, 1040
215, 21402, 1.59908e+007, 4.29815e+006, 2.02889e+007, 915, 4697.43, 1347, 1040
216, 21502, 1.57144e+007, 4.21011e+006, 1.99245e+007, 897, 4693.54, 1347, 1040
217, 21602, 1.58487e+007, 4.24115e+006, 2.00899e+007, 905, 4686.35, 1347, 1040
218, 21702, 1.58809e+007, 4.26045e+006, 2.01414e+007, 910, 4681.81, 1347, 1040
219, 21802, 1.60038e+007, 4.28009e+006, 2.02839e+007, 914, 4682.81, 1347, 1040
220, 21902, 1.59197e+007, 4.25801e+006, 2.01777e+007, 911, 4673.99, 1347, 1040
221, 22002, 1.56386e+007, 4.1749e+006, 1.98135e+007, 894, 4669.91, 1347, 1040
222, 22102, 1.58874e+007, 4.21956e+006, 2.01069e+007, 906, 4657.35, 1347, 1040
223, 22202, 1.58933e+007, 4.23792e+006, 2.01313e+007, 910, 4657.05, 1346, 1040
224, 22302, 1.57887e+007, 4.21165e+006, 2.00003e+007, 901, 4674.42, 1347, 1041
225, 22402, 1.52087e+007, 4.03885e+006, 1.92476e+007, 866, 4663.8, 1347, 1041
226, 22502, 1.54418e+007, 4.10281e+006, 1.95446e+007, 881, 4657, 1347, 1041
227, 22602, 1.56906e+007, 4.18593e+006, 1.98765e+007, 898, 4661.39, 1347, 1041
228, 22702, 1.53676e+007, 4.07924e+006, 1.94468e+007, 879, 4640.77, 1346, 1041
229, 22802, 1.57174e+007, 4.16271e+006, 1.98801e+007, 899, 4630.37, 1346, 1041
230, 22902, 1.5391e+007, 4.06512e+006, 1.94561e+007, 877, 4635.26, 1346, 1041
231, 23002, 1.5527e+007, 4.11752e+006, 1.96445e+007, 887, 4642.08, 1346, 1041
232, 23102, 1.55205e+007, 4.11222e+006, 1.96327e+007, 887, 4636.1, 1346, 1041
233, 23202, 1.56623e+007, 4.1601e+006, 1.98224e+007, 897, 4637.8, 1346, 1041
234, 23302, 1.57488e+007, 4.17256e+006, 1.99213e+007, 902, 4625.9, 1346, 1041
235, 23402, 1.54723e+007, 4.078e+006, 1.95503e+007, 882, 4623.58, 1346, 1041
236, 23502, 1.55413e+007, 4.08886e+006, 1.96302e+007, 886, 4614.97, 1346, 1041
237, 23602, 1.53483e+007, 4.04693e+006, 1.93952e+007, 876, 4619.78, 1346, 1041
238, 23702, 1.55322e+007, 4.08499e+006, 1.96171e+007, 886, 4610.59, 1346, 1041
239, 23802, 1.54914e+007, 4.06459e+006, 1.9556e+007, 884, 4597.96, 1346, 1041
240, 23902, 1.54304e+007, 4.05791e+006, 1.94883e+007, 882, 4600.81, 1346, 1041
241, 24002, 1.52011e+007, 3.96115e+006, 1.91623e+007, 863, 4589.98, 1346, 1041
242, 24102, 1.52334e+007, 3.98929e+006, 1.92227e+007, 869, 4590.66, 1346, 1041
243, 24202, 1.52758e+007, 4.01041e+006, 1.92863e+007, 874, 4588.57, 1345, 1041
244, 24302, 1.51215e+007, 3.95134e+006, 1.90729e+007, 863, 4578.61, 1346, 1041
245, 24402, 1.54172e+007, 4.02851e+006, 1.94457e+007, 879, 4583.07, 1346, 1041
246, 24502, 1.52076e+007, 3.967e+006, 1.91746e+007, 866, 4580.83, 1346, 1041
247, 24602, 1.51409e+007, 3.98387e+006, 1.91247e+007, 867, 4595, 1346, 1042
248, 24702, 1.55113e+007, 4.0479e+006, 1.95592e+007, 887, 4563.58, 1345, 1041
249, 24802, 1.54199e+007, 4.02654e+006, 1.94464e+007, 880, 4575.61, 1345, 1042
250, 24902, 1.53187e+007, 3.99864e+006, 1.93173e+007, 874, 4575.11, 1345, 1042
251, 25002, 1.53521e+007, 4.01528e+006, 1.93673e+007, 880, 4562.81, 1345, 1042
252, 25102, 1.54011e+007, 4.00837e+006, 1.94094e+007, 878, 4565.35, 1346, 1042
253, 25202, 1.52939e+007, 3.98464e+006, 1.92785e+007, 873, 4564.3, 1345, 1042
254, 25302, 1.51968e+007, 3.94999e+006, 1.91468e+007, 867, 4555.93, 1345, 1042
255, 25402, 1.51151e+007, 3.93065e+006, 1.90457e+007, 863, 4554.64, 1345, 1042
256, 25502, 1.52085e+007, 3.94236e+006, 1.91508e+007, 868, 4541.89, 1345, 1042
257, 25602, 1.5095e+007, 3.90828e+006, 1.90033e+007, 859, 4549.8, 1345, 1042
258, 25702, 1.51818e+007, 3.93423e+006, 1.91161e+007, 865, 4548.24, 1345, 1042
259, 25802, 1.55165e+007, 4.02319e+006, 1.95397e+007, 885, 4545.98, 1345, 1042
260, 25912, 1.52755e+007, 3.93051e+006, 1.9206e+007, 869, 4523.03, 1345, 1042
261, 26012, 1.52737e+007, 3.93927e+006, 1.9213e+007, 870, 4527.9, 1345, 1042
262, 26112, 1.52429e+007, 3.93548e+006, 1.91784e+007, 870, 4523.54, 1345, 1042
263, 26202, 1.51973e+007, 3.8993e+006, 1.90966e+007, 864, 4513.08, 1345, 1042
264, 26302, 1.54015e+007, 3.96549e+006, 1.9367e+007, 878, 4516.5, 1345, 1042
265, 26402, 1.51799e+007, 3.90701e+006, 1.90869e+007, 865, 4516.77, 1345, 1042
266, 26512, 1.51407e+007, 3.89234e+006, 1.90331e+007, 864, 4505.02, 1345, 1042
267, 26612, 1.51772e+007, 3.90481e+006, 1.9082e+007, 866, 4509.02, 1345, 1042
268, 26712, 1.53981e+007, 3.93893e+006, 1.9337e+007, 876, 4496.49, 1345, 1042
269, 26812, 1.53777e+007, 3.93604e+006, 1.93138e+007, 875, 4498.33, 1345, 1042
270, 26902, 1.52812e+007, 3.91491e+006, 1.91962e+007, 867, 4515.46, 1345, 1043
271, 27002, 1.51443e+007, 3.93558e+006, 1.90799e+007, 867, 4539.31, 1347, 1046
272, 27112, 1.52552e+007, 3.89368e+006, 1.91489e+007, 870, 4475.49, 1344, 1042
273, 27212, 1.50685e+007, 3.84033e+006, 1.89089e+007, 857, 4481.13, 1344, 1043
274, 27302, 1.51828e+007, 3.87125e+006, 1.9054e+007, 865, 4475.43, 1344, 1042
275, 27411, 1.51027e+007, 3.86724e+006, 1.897e+007, 863, 4481.16, 1344, 1043
276, 27511, 1.48978e+007, 3.80109e+006, 1.86988e+007, 848, 4482.42, 1344, 1043
277, 27611, 1.49985e+007, 3.81713e+006, 1.88156e+007, 854, 4469.7, 1344, 1043
278, 27711, 1.49806e+007, 3.82811e+006, 1.88087e+007, 855, 4477.33, 1344, 1043
279, 27811, 1.47704e+007, 3.74621e+006, 1.85166e+007, 838, 4470.41, 1344, 1043
280, 27911, 1.51171e+007, 3.85154e+006, 1.89687e+007, 863, 4462.97, 1344, 1043
281, 28011, 1.49639e+007, 3.81138e+006, 1.87752e+007, 853, 4468.21, 1344, 1043
282, 28111, 1.49662e+007, 3.80963e+006, 1.87758e+007, 853, 4466.16, 1344, 1043
283, 28211, 1.50414e+007, 3.83592e+006, 1.88773e+007, 860, 4460.37, 1344, 1043
284, 28311, 1.50436e+007, 3.82552e+006, 1.88691e+007, 859, 4453.46, 1344, 1043
285, 28411, 1.49046e+007, 3.76806e+006, 1.86726e+007, 847, 4448.71, 1344, 1043
286, 28511, 1.51597e+007, 3.85241e+006, 1.90121e+007, 866, 4448.51, 1343, 1043
287, 28611, 1.48795e+007, 3.75167e+006, 1.86312e+007, 844, 4445.11, 1343, 1043
288, 28711, 1.52186e+007, 3.85092e+006, 1.90695e+007, 869, 4431.43, 1343, 1043
289, 28811, 1.50096e+007, 3.79493e+006, 1.88046e+007, 855, 4438.52, 1343, 1043
290, 28911, 1.4906e+007, 3.75683e+006, 1.86628e+007, 849, 4425, 1343, 1043
291, 29011, 1.51821e+007, 3.83632e+006, 1.90184e+007, 867, 4424.82, 1343, 1043
292, 29111, 1.4718e+007, 3.7028e+006, 1.84208e+007, 837, 4423.9, 1343, 1043
293, 29211, 1.47636e+007, 3.7318e+006, 1.84954e+007, 844, 4421.57, 1343, 1043
294, 29311, 1.45881e+007, 3.67674e+006, 1.82649e+007, 830, 4429.81, 1343, 1044
295, 29411, 1.48657e+007, 3.75343e+006, 1.86191e+007, 848, 4426.22, 1343, 1044
296, 29511, 1.48411e+007, 3.70852e+006, 1.85496e+007, 842, 4404.42, 1343, 1043
297, 29611, 1.48548e+007, 3.73544e+006, 1.85903e+007, 847, 4410.21, 1343, 1043
298, 29711, 1.48389e+007, 3.73507e+006, 1.8574e+007, 847, 4409.76, 1343, 1043
299, 29811, 1.4946e+007, 3.76761e+006, 1.87136e+007, 854, 4411.72, 1343, 1044
300, 29911, 1.47421e+007, 3.70694e+006, 1.8449e+007, 842, 4402.54, 1342, 1044
301, 30011, 1.48203e+007, 3.71863e+006, 1.85389e+007, 846, 4395.55, 1342, 1044
302, 30111, 1.51513e+007, 3.85962e+006, 1.90109e+007, 866, 4456.84, 1342, 1043
303, 30211, 1.52283e+007, 3.96896e+006, 1.91972e+007, 875, 4535.95, 1343, 1044
304, 30311, 1.53553e+007, 4.01386e+006, 1.93691e+007, 878, 4571.6, 1343, 1043
305, 30411, 1.5067e+007, 4.00495e+006, 1.90719e+007, 865, 4630, 1343, 1043
306, 30511, 1.49774e+007, 4.00526e+006, 1.89827e+007, 857, 4673.59, 1343, 1044
307, 30611, 1.53441e+007, 4.11798e+006, 1.94621e+007, 881, 4674.21, 1342, 1043
308, 30711, 1.53634e+007, 4.15138e+006, 1.95148e+007, 882, 4706.78, 1343, 1044
309, 30811, 1.5406e+007, 4.18587e+006, 1.95918e+007, 889, 4708.51, 1342, 1043
310, 30911, 1.53337e+007, 4.15829e+006, 1.9492e+007, 879, 4730.7, 1343, 1044
311, 31011, 1.52247e+007, 4.13194e+006, 1.93566e+007, 876, 4716.83, 1342, 1043
312, 31111, 1.53461e+007, 4.17463e+006, 1.95207e+007, 882, 4733.14, 1343, 1043
313, 31211, 1.53525e+007, 4.19753e+006, 1.955e+007, 883, 4753.71, 1343, 1044
314, 31311, 1.54502e+007, 4.23115e+006, 1.96813e+007, 890, 4754.1, 1342, 1044
315, 31411, 1.56041e+007, 4.2521e+006, 1.98562e+007, 895, 4750.95, 1343, 1044
316, 31511, 1.55285e+007, 4.2298e+006, 1.97583e+007, 890, 4752.58, 1343, 1044
317, 31611, 1.55946e+007, 4.26395e+006, 1.98585e+007, 894, 4769.52, 1343, 1044
318, 31711, 1.59193e+007, 4.34816e+006, 2.02675e+007, 915, 4752.09, 1342, 1044
319, 31811, 1.56538e+007, 4.26206e+006, 1.99158e+007, 898, 4746.17, 1342, 1044
320, 31911, 1.58229e+007, 4.31672e+006, 2.01396e+007, 908, 4754.1, 1342, 1044
321, 32011, 1.57781e+007, 4.29782e+006, 2.0076e+007, 904, 4754.23, 1342, 1044
322, 32111, 1.57702e+007, 4.28019e+006, 2.00504e+007, 902, 4745.22, 1342, 1044
323, 32211, 1.58202e+007, 4.30112e+006, 2.01213e+007, 906, 4747.37, 1342, 1044
324, 32311, 1.58729e+007, 4.31672e+006, 2.01897e+007, 909, 4748.86, 1342, 1044
325, 32411, 1.56741e+007, 4.27149e+006, 1.99456e+007, 898, 4756.67, 1342, 1044
326, 32511, 1.56494e+007, 4.28932e+006, 1.99387e+007, 902, 4755.34, 1343, 1044
327, 32611, 1.56159e+007, 4.26257e+006, 1.98785e+007, 898, 4746.73, 1343, 1044
328, 32711, 1.55482e+007, 4.24238e+006, 1.97906e+007, 894, 4745.4, 1342, 1044
329, 32811, 1.54538e+007, 4.19704e+006, 1.96509e+007, 886, 4737.06, 1343, 1044
330, 32911, 1.57595e+007, 4.29769e+006, 2.00572e+007, 906, 4743.58, 1342, 1044
331, 33011, 1.56028e+007, 4.23329e+006, 1.98361e+007, 898, 4714.13, 1342, 1044
332, 33111, 1.53326e+007, 4.15734e+006, 1.94899e+007, 879, 4729.62, 1343, 1044
333, 33211, 1.55132e+007, 4.21457e+006, 1.97277e+007, 892, 4724.85, 1342, 1044
334, 33311, 1.54342e+007, 4.20287e+006, 1.96371e+007, 888, 4732.96, 1342, 1044
335, 33411, 1.52008e+007, 4.14429e+006, 1.93451e+007, 875, 4736.34, 1343, 1044
336, 33511, 1.53312e+007, 4.16948e+006, 1.95006e+007, 885, 4711.27, 1342, 1044
337, 33611, 1.50078e+007, 4.07451e+006, 1.90823e+007, 863, 4721.33, 1342, 1044
338, 33711, 1.5189e+007, 4.10871e+006, 1.92977e+007, 873, 4706.42, 1342, 1044
339, 33811, 1.54575e+007, 4.19327e+006, 1.96507e+007, 893, 4695.71, 1342, 1044
340, 33911, 1.48471e+007, 4.00965e+006, 1.88568e+007, 853, 4700.65, 1342, 1044
341, 34011, 1.5381e+007, 4.15684e+006, 1.95379e+007, 886, 4691.69, 1342, 1044
342, 34111, 1.51473e+007, 4.1112e+006, 1.92585e+007, 872, 4714.68, 1342, 1044
343, 34211, 1.53506e+007, 4.16861e+006, 1.95192e+007, 886, 4704.98, 1342, 1044
344, 34311, 1.49791e+007, 4.05664e+006, 1.90358e+007, 864, 4695.18, 1342, 1044
345, 34411, 1.48436e+007, 4.00666e+006, 1.88502e+007, 855, 4686.15, 1342, 1044
346, 34511, 1.49683e+007, 4.0475e+006, 1.90158e+007, 863, 4690.03, 1342, 1044
347, 34611, 1.50743e+007, 4.07766e+006, 1.9152e+007, 870, 4686.97, 1342, 1044
348, 34711, 1.50501e+007, 4.05253e+006, 1.91026e+007, 865, 4685.01, 1342, 1044
349, 34811, 1.48924e+007, 4.04235e+006, 1.89348e+007, 860, 4700.41, 1342, 1044
350, 34911, 1.49401e+007, 4.03699e+006, 1.89771e+007, 863, 4677.86, 1342, 1044
351, 35011, 1.49217e+007, 4.04561e+006, 1.89674e+007, 865, 4677.01, 1342, 1044
352, 35111, 1.49497e+007, 4.03093e+006, 1.89806e+007, 863, 4670.83, 1341, 1044
353, 35211, 1.4902e+007, 4.03379e+006, 1.89358e+007, 863, 4674.14, 1342, 1044
354, 35311, 1.48876e+007, 4.04209e+006, 1.89297e+007, 862, 4689.2, 1342, 1045
355, 35411, 1.48274e+007, 4.00062e+006, 1.88281e+007, 855, 4679.09, 1342, 1045
356, 35511, 1.49027e+007, 4.01041e+006, 1.89131e+007, 858, 4674.14, 1341, 1045
357, 35611, 1.52021e+007, 4.10913e+006, 1.93113e+007, 881, 4664.16, 1341, 1045
358, 35711, 1.47912e+007, 3.96819e+006, 1.87593e+007, 851, 4662.97, 1341, 1045
359, 35811, 1.4963e+007, 4.02014e+006, 1.89831e+007, 865, 4647.56, 1341, 1044
360, 35911, 1.47561e+007, 3.97221e+006, 1.87283e+007, 852, 4662.22, 1342, 1045
361, 36011, 1.47244e+007, 3.95506e+006, 1.86795e+007, 850, 4653.02, 1341, 1045
362, 36111, 1.49576e+007, 4.0372e+006, 1.89948e+007, 865, 4667.28, 1342, 1045
363, 36211, 1.49625e+007, 4.0218e+006, 1.89843e+007, 865, 4649.48, 1341, 1045
364, 36311, 1.48946e+007, 3.99294e+006, 1.88875e+007, 859, 4648.36, 1341, 1045
365, 36411, 1.47548e+007, 3.96526e+006, 1.87201e+007, 853, 4648.61, 1341, 1045
366, 36511, 1.49135e+007, 3.99996e+006, 1.89135e+007, 860, 4651.12, 1341, 1045
367, 36611, 1.4814e+007, 3.98332e+006, 1.87973e+007, 856, 4653.42, 1341, 1045
368, 36711, 1.46643e+007, 3.91472e+006, 1.8579e+007, 843, 4643.8, 1341, 1045
369, 36811, 1.4479e+007, 3.8708e+006, 1.83498e+007, 834, 4641.24, 1341, 1045
370, 36911, 1.47123e+007, 3.95379e+006, 1.86661e+007, 850, 4651.52, 1341, 1045
371, 37011, 1.46231e+007, 3.92546e+006, 1.85486e+007, 846, 4640.02, 1341, 1045
372, 37111, 1.45395e+007, 3.90002e+006, 1.84395e+007, 840, 4642.88, 1341, 1045
373, 37211, 1.47082e+007, 3.92735e+006, 1.86356e+007, 848, 4631.31, 1341, 1045
374, 37311, 1.47051e+007, 3.91543e+006, 1.86206e+007, 847, 4622.7, 1341, 1045
375, 37410, 1.45885e+007, 3.89846e+006, 1.84869e+007, 841, 4635.5, 1341, 1045
376, 37511, 1.44109e+007, 3.86443e+006, 1.82753e+007, 834, 4633.61, 1341, 1045
377, 37611, 1.47008e+007, 3.93418e+006, 1.8635e+007, 849, 4633.89, 1341, 1045
378, 37711, 1.45987e+007, 3.90475e+006, 1.85034e+007, 843, 4631.97, 1341, 1045
379, 37811, 1.45149e+007, 3.87245e+006, 1.83873e+007, 837, 4626.58, 1341, 1045
380, 37911, 1.47546e+007, 3.93046e+006, 1.86851e+007, 851, 4618.63, 1341, 1045
381, 38011, 1.47176e+007, 3.94242e+006, 1.866e+007, 853, 4621.83, 1341, 1045
382, 38111, 1.4471e+007, 3.84938e+006, 1.83204e+007, 834, 4615.57, 1341, 1045
383, 38211, 1.45284e+007, 3.86784e+006, 1.83962e+007, 837, 4621.08, 1341, 1045
384, 38311, 1.47736e+007, 3.94125e+006, 1.87148e+007, 855, 4609.65, 1341, 1045
385, 38411, 1.47101e+007, 3.91695e+006, 1.86271e+007, 851, 4602.76, 1340, 1045
386, 38511, 1.46263e+007, 3.87834e+006, 1.85047e+007, 843, 4600.64, 1340, 1045
387, 38611, 1.4315e+007, 3.80062e+006, 1.81156e+007, 825, 4606.81, 1340, 1045
388, 38711, 1.46006e+007, 3.87458e+006, 1.84752e+007, 843, 4596.18, 1340, 1046
389, 38811, 1.43825e+007, 3.80198e+006, 1.81844e+007, 827, 4597.32, 1340, 1045
390, 38911, 1.44196e+007, 3.83507e+006, 1.82547e+007, 834, 4598.4, 1340, 1045
391, 39011, 1.47635e+007, 3.9213e+006, 1.86848e+007, 854, 4591.68, 1340, 1045
392, 39111, 1.44677e+007, 3.84726e+006, 1.83149e+007, 838, 4591.01, 1340, 1045
393, 39211, 1.43282e+007, 3.77906e+006, 1.81073e+007, 824, 4586.24, 1340, 1045
394, 39311, 1.45868e+007, 3.88057e+006, 1.84674e+007, 845, 4592.39, 1340, 1045
395, 39411, 1.44751e+007, 3.84062e+006, 1.83157e+007, 835, 4599.54, 1340, 1046
396, 39511, 1.46161e+007, 3.87285e+006, 1.84889e+007, 847, 4572.44, 1340, 1045
397, 39611, 1.44978e+007, 3.83845e+006, 1.83363e+007, 839, 4575.03, 1340, 1045
398, 39711, 1.43459e+007, 3.79155e+006, 1.81375e+007, 830, 4568.13, 1340, 1045
399, 39811, 1.43363e+007, 3.80928e+006, 1.81456e+007, 831, 4583.97, 1340, 1046
400, 39911, 1.42614e+007, 3.77056e+006, 1.80319e+007, 823, 4581.49, 1340, 1046
401, 40011, 1.44592e+007, 3.84372e+006, 1.83029e+007, 839, 4581.32, 1340, 1046
402, 40111, 1.44298e+007, 3.82359e+006, 1.82534e+007, 838, 4562.76, 1340, 1046
403, 40211, 1.43479e+007, 3.77667e+006, 1.81246e+007, 826, 4572.24, 1340, 1046
404, 40311, 1.44496e+007, 3.83159e+006, 1.82812e+007, 836, 4583.25, 1340, 1046
405, 40411, 1.42543e+007, 3.75816e+006, 1.80124e+007, 823, 4566.42, 1340, 1046
406, 40511, 1.441e+007, 3.79584e+006, 1.82058e+007, 833, 4556.83, 1340, 1046
407, 40611, 1.41187e+007, 3.71997e+006, 1.78386e+007, 815, 4564.38, 1340, 1046
408, 40711, 1.44642e+007, 3.83063e+006, 1.82948e+007, 840, 4560.27, 1340, 1046
409, 40811, 1.42121e+007, 3.74429e+006, 1.79564e+007, 822, 4555.1, 1340, 1046
410, 40911, 1.43409e+007, 3.76105e+006, 1.8102e+007, 828, 4542.33, 1339, 1046
411, 41011, 1.45015e+007, 3.81632e+006, 1.83178e+007, 840, 4543.23, 1339, 1046
412, 41111, 1.42618e+007, 3.73209e+006, 1.79939e+007, 823, 4534.74, 1339, 1046
413, 41211, 1.4268e+007, 3.74297e+006, 1.8011e+007, 824, 4542.44, 1339, 1046
414, 41311, 1.43338e+007, 3.76635e+006, 1.81002e+007, 828, 4548.73, 1339, 1046
415, 41411, 1.43056e+007, 3.75802e+006, 1.80636e+007, 827, 4544.16, 1339, 1046
416, 41511, 1.41217e+007, 3.68239e+006, 1.78041e+007, 812, 4534.96, 1339, 1046
417, 41611, 1.42092e+007, 3.71782e+006, 1.7927e+007, 820, 4533.93, 1339, 1046
418, 41711, 1.43706e+007, 3.77352e+006, 1.81441e+007, 832, 4535.48, 1339, 1046
419, 41811, 1.40883e+007, 3.68732e+006, 1.77756e+007, 814, 4529.88, 1339, 1046
420, 41911, 1.44309e+007, 3.76963e+006, 1.82005e+007, 834, 4519.95, 1339, 1046
421, 42011, 1.41612e+007, 3.70489e+006, 1.78661e+007, 819, 4523.68, 1339, 1046
422, 42111, 1.41963e+007, 3.71046e+006, 1.79068e+007, 820, 4524.95, 1339, 1046
423, 42211, 1.3987e+007, 3.63722e+006, 1.76242e+007, 806, 4512.68, 1339, 1046
424, 42311, 1.39802e+007, 3.6651e+006, 1.76453e+007, 810, 4524.82, 1339, 1047
425, 42411, 1.4211e+007, 3.71231e+006, 1.79233e+007, 820, 4527.21, 1339, 1046
426, 42511, 1.41022e+007, 3.66552e+006, 1.77677e+007, 814, 4503.1, 1338, 1046
427, 42611, 1.38766e+007, 3.60275e+006, 1.74794e+007, 799, 4509.08, 1339, 1046
428, 42711, 1.41615e+007, 3.69563e+006, 1.78571e+007, 820, 4506.86, 1339, 1047
429, 42811, 1.42405e+007, 3.71075e+006, 1.79513e+007, 823, 4508.81, 1338, 1046
430, 42911, 1.40401e+007, 3.64935e+006, 1.76895e+007, 811, 4499.81, 1339, 1047
431, 43011, 1.39374e+007, 3.61865e+006, 1.75561e+007, 803, 4506.42, 1339, 1047
432, 43111, 1.42595e+007, 3.71418e+006, 1.79737e+007, 825, 4502.04, 1338, 1047
433, 43211, 1.39628e+007, 3.63769e+006, 1.76005e+007, 808, 4502.09, 1338, 1047
434, 43311, 1.41548e+007, 3.67166e+006, 1.78265e+007, 817, 4494.08, 1338, 1047
435, 43411, 1.38401e+007, 3.58334e+006, 1.74235e+007, 797, 4496.04, 1338, 1047
436, 43511, 1.38808e+007, 3.60428e+006, 1.74851e+007, 802, 4494.12, 1338, 1047
437, 43611, 1.41096e+007, 3.67119e+006, 1.77808e+007, 818, 4488, 1338, 1047
438, 43711, 1.40108e+007, 3.63251e+006, 1.76433e+007, 811, 4479.05, 1338, 1047
439, 43811, 1.40441e+007, 3.64757e+006, 1.76917e+007, 813, 4486.55, 1338, 1047
440, 43911, 1.38221e+007, 3.57696e+006, 1.7399e+007, 797, 4488.03, 1338, 1047
441, 44011, 1.41121e+007, 3.65862e+006, 1.77707e+007, 816, 4483.6, 1338, 1047
442, 44111, 1.37704e+007, 3.56096e+006, 1.73314e+007, 794, 4484.84, 1338, 1047
443, 44211, 1.4015e+007, 3.62525e+006, 1.76403e+007, 810, 4475.61, 1338, 1047
444, 44311, 1.4013e+007, 3.62786e+006, 1.76409e+007, 811, 4473.32, 1338, 1047
445, 44411, 1.37738e+007, 3.54415e+006, 1.73179e+007, 794, 4463.67, 1337, 1047
446, 44511, 1.39093e+007, 3.5755e+006, 1.74848e+007, 802, 4458.23, 1337, 1047
447, 44611, 1.39311e+007, 3.59312e+006, 1.75243e+007, 804, 4469.06, 1337, 1047
448, 44711, 1.3921e+007, 3.58956e+006, 1.75105e+007, 805, 4459.09, 1337, 1047
449, 44811, 1.39088e+007, 3.5757e+006, 1.74845e+007, 802, 4458.48, 1337, 1047
450, 44911, 1.40174e+007, 3.6133e+006, 1.76307e+007, 811, 4455.36, 1337, 1048
451, 45011, 1.39796e+007, 3.60513e+006, 1.75847e+007, 808, 4461.8, 1337, 1048
452, 45111, 1.38986e+007, 3.5769e+006, 1.74755e+007, 803, 4454.42, 1337, 1047
453, 45211, 1.39383e+007, 3.58998e+006, 1.75283e+007, 804, 4465.15, 1337, 1048
454, 45311, 1.39577e+007, 3.6018e+006, 1.75595e+007, 807, 4463.2, 1337, 1048
455, 45411, 1.37306e+007, 3.5063e+006, 1.7237e+007, 789, 4443.98, 1337, 1048
456, 45511, 1.37449e+007, 3.53005e+006, 1.7275e+007, 793, 4451.52, 1337, 1048
457, 45611, 1.38173e+007, 3.55862e+006, 1.7376e+007, 801, 4442.72, 1337, 1048
458, 45711, 1.34896e+007, 3.46368e+006, 1.69532e+007, 778, 4452.03, 1337, 1048
459, 45811, 1.38282e+007, 3.56487e+006, 1.73931e+007, 800, 4456.09, 1337, 1048
460, 45911, 1.35909e+007, 3.4812e+006, 1.70721e+007, 785, 4434.65, 1337, 1048
461, 46011, 1.37591e+007, 3.53254e+006, 1.72916e+007, 796, 4437.86, 1337, 1048
462, 46111, 1.36398e+007, 3.48721e+006, 1.7127e+007, 787, 4431.01, 1337, 1048
463, 46211, 1.37941e+007, 3.55594e+006, 1.73501e+007, 800, 4444.93, 1337, 1048
464, 46311, 1.35711e+007, 3.46464e+006, 1.70357e+007, 782, 4430.49, 1337, 1048
465, 46411, 1.3716e+007, 3.49738e+006, 1.72134e+007, 790, 4427.06, 1336, 1048
466, 46511, 1.35347e+007, 3.46355e+006, 1.69982e+007, 783, 4423.43, 1336, 1048
467, 46611, 1.36727e+007, 3.49052e+006, 1.71633e+007, 789, 4423.98, 1336, 1048
468, 46711, 1.3668e+007, 3.50972e+006, 1.71777e+007, 791, 4437.07, 1337, 1048
469, 46811, 1.36478e+007, 3.48926e+006, 1.71371e+007, 789, 4422.39, 1336, 1048
470, 46911, 1.35489e+007, 3.48524e+006, 1.70342e+007, 785, 4439.8, 1337, 1049
471, 47011, 1.3453e+007, 3.43883e+006, 1.68918e+007, 779, 4414.41, 1336, 1048
472, 47111, 1.34474e+007, 3.41604e+006, 1.68635e+007, 777, 4396.45, 1336, 1048
473, 47211, 1.35083e+007, 3.42758e+006, 1.69359e+007, 779, 4399.97, 1336, 1048
474, 47311, 1.35436e+007, 3.44825e+006, 1.69919e+007, 784, 4398.28, 1336, 1048
475, 47412, 1.35582e+007, 3.45343e+006, 1.70116e+007, 786, 4393.68, 1336, 1048
476, 47512, 1.34163e+007, 3.40753e+006, 1.68239e+007, 774, 4402.5, 1336, 1048
477, 47612, 1.34371e+007, 3.42313e+006, 1.68603e+007, 777, 4405.57, 1336, 1049
478, 47712, 1.37356e+007, 3.48496e+006, 1.72206e+007, 793, 4394.66, 1336, 1048
479, 47812, 1.34685e+007, 3.41491e+006, 1.68835e+007, 779, 4383.71, 1336, 1048
480, 47912, 1.35899e+007, 3.4664e+006, 1.70563e+007, 789, 4393.41, 1336, 1049
481, 48012, 1.34914e+007, 3.44046e+006, 1.69319e+007, 783, 4393.95, 1336, 1049
482, 48112, 1.33688e+007, 3.40033e+006, 1.67691e+007, 774, 4393.19, 1336, 1049
483, 48212, 1.33917e+007, 3.40518e+006, 1.67968e+007, 776, 4388.11, 1336, 1049
484, 48312, 1.34657e+007, 3.41928e+006, 1.6885e+007, 781, 4378.08, 1335, 1049
485, 48412, 1.33131e+007, 3.38374e+006, 1.66968e+007, 772, 4383.08, 1336, 1049
486, 48512, 1.31365e+007, 3.30501e+006, 1.64415e+007, 758, 4360.17, 1335, 1049
487, 48612, 1.36096e+007, 3.44499e+006, 1.70546e+007, 788, 4371.82, 1335, 1049
488, 48712, 1.32798e+007, 3.36064e+006, 1.66404e+007, 767, 4381.54, 1336, 1049
489, 48812, 1.33361e+007, 3.37761e+006, 1.67138e+007, 771, 4380.82, 1336, 1049
490, 48912, 1.34617e+007, 3.41102e+006, 1.68727e+007, 781, 4367.5, 1335, 1049
491, 49012, 1.33433e+007, 3.36706e+006, 1.67103e+007, 772, 4361.48, 1335, 1049
492, 49112, 1.32421e+007, 3.33466e+006, 1.65768e+007, 766, 4353.34, 1335, 1049
493, 49212, 1.3362e+007, 3.36671e+006, 1.67287e+007, 773, 4355.39, 1335, 1049
494, 49312, 1.33688e+007, 3.37325e+006, 1.6742e+007, 776, 4346.98, 1335, 1049
495, 49412, 1.32607e+007, 3.34685e+006, 1.66075e+007, 768, 4357.88, 1335, 1049
496, 49512, 1.31959e+007, 3.33172e+006, 1.65276e+007, 765, 4355.19, 1335, 1049
497, 49612, 1.30879e+007, 3.30201e+006, 1.639e+007, 759, 4350.48, 1335, 1049
498, 49712, 1.32916e+007, 3.35446e+006, 1.66461e+007, 770, 4356.44, 1335, 1050
499, 49812, 1.31812e+007, 3.31521e+006, 1.64964e+007, 761, 4356.39, 1335, 1050
500, 49912, 1.33528e+007, 3.3688e+006, 1.67216e+007, 775, 4346.84, 1335, 1050
501, 50012, 1.31745e+007, 3.32482e+006, 1.64993e+007, 763, 4357.57, 1335, 1050
502, 50112, 1.34031e+007, 3.36144e+006, 1.67646e+007, 775, 4337.34, 1334, 1049
503, 50212, 1.31931e+007, 3.31248e+006, 1.65056e+007, 763, 4341.39, 1335, 1050
504, 50312, 1.31584e+007, 3.32585e+006, 1.64843e+007, 766, 4341.84, 1335, 1050
505, 50412, 1.32027e+007, 3.31752e+006, 1.65202e+007, 765, 4336.62, 1334, 1050
506, 50512, 1.3011e+007, 3.27166e+006, 1.62826e+007, 754, 4339.07, 1334, 1050
507, 50612, 1.334e+007, 3.37247e+006, 1.67125e+007, 777, 4340.37, 1334, 1050
508, 50712, 1.32261e+007, 3.30791e+006, 1.6534e+007, 764, 4329.72, 1334, 1050
509, 50812, 1.32272e+007, 3.33278e+006, 1.656e+007, 770, 4328.29, 1334, 1050
510, 50912, 1.29356e+007, 3.25808e+006, 1.61937e+007, 752, 4332.55, 1334, 1050
511, 51012, 1.32264e+007, 3.33916e+006, 1.65656e+007, 771, 4330.95, 1334, 1050
512, 51112, 1.29451e+007, 3.23894e+006, 1.61841e+007, 749, 4324.35, 1334, 1050
513, 51212, 1.30985e+007, 3.27458e+006, 1.63731e+007, 758, 4320.03, 1334, 1050
514, 51312, 1.30104e+007, 3.26765e+006, 1.62781e+007, 754, 4333.75, 1334, 1050
515, 51412, 1.30595e+007, 3.26578e+006, 1.63252e+007, 757, 4314.11, 1334, 1050
516, 51512, 1.31387e+007, 3.27932e+006, 1.64181e+007, 762, 4303.57, 1333, 1050
517, 51612, 1.2728e+007, 3.17984e+006, 1.59078e+007, 736, 4320.44, 1334, 1051
518, 51712, 1.30438e+007, 3.26298e+006, 1.63068e+007, 756, 4316.11, 1334, 1050
519, 51812, 1.271e+007, 3.17107e+006, 1.58811e+007, 737, 4302.67, 1334, 1050
520, 51912, 1.30339e+007, 3.27298e+006, 1.63069e+007, 759, 4312.22, 1333, 1051
521, 52012, 1.28207e+007, 3.18736e+006, 1.60081e+007, 740, 4307.24, 1333, 1051
522, 52112, 1.28632e+007, 3.21011e+006, 1.60733e+007, 746, 4303.1, 1333, 1051
523, 52212, 1.28635e+007, 3.22451e+006, 1.6088e+007, 747, 4316.61, 1333, 1051
524, 52312, 1.29028e+007, 3.23104e+006, 1.61339e+007, 749, 4313.81, 1333, 1051
525, 52412, 1.28755e+007, 3.21646e+006, 1.6092e+007, 747, 4305.83, 1333, 1051
526, 52512, 1.28203e+007, 3.21065e+006, 1.6031e+007, 744, 4315.39, 1333, 1051
527, 52612, 1.29115e+007, 3.22243e+006, 1.61339e+007, 750, 4296.57, 1333, 1051
528, 52712, 1.26836e+007, 3.15449e+006, 1.58381e+007, 734, 4297.67, 1333, 1051
529, 52812, 1.27537e+007, 3.17731e+006, 1.5931e+007, 739, 4299.48, 1332, 1051
530, 52912, 1.27457e+007, 3.17276e+006, 1.59185e+007, 740, 4287.51, 1333, 1051
531, 53012, 1.29774e+007, 3.24311e+006, 1.62206e+007, 756, 4289.83, 1333, 1051
532, 53112, 1.29611e+007, 3.22557e+006, 1.61866e+007, 753, 4283.63, 1332, 1051
533, 53212, 1.28555e+007, 3.2105e+006, 1.6066e+007, 747, 4297.86, 1333, 1051
534, 53312, 1.29466e+007, 3.22501e+006, 1.61716e+007, 753, 4282.88, 1332, 1051
535, 53412, 1.28516e+007, 3.19141e+006, 1.6043e+007, 746, 4278.02, 1332, 1051
536, 53512, 1.29734e+007, 3.23939e+006, 1.62128e+007, 755, 4290.58, 1332, 1051
537, 53612, 1.28306e+007, 3.20702e+006, 1.60376e+007, 747, 4293.19, 1332, 1051
538, 53712, 1.28064e+007, 3.17913e+006, 1.59855e+007, 743, 4278.78, 1332, 1051
539, 53812, 1.27948e+007, 3.17413e+006, 1.5969e+007, 742, 4277.8, 1332, 1051
540, 53912, 1.27653e+007, 3.16917e+006, 1.59344e+007, 742, 4271.12, 1332, 1051
541, 54012, 1.26835e+007, 3.14818e+006, 1.58316e+007, 737, 4271.61, 1332, 1051
542, 54112, 1.27105e+007, 3.13816e+006, 1.58487e+007, 736, 4263.8, 1332, 1051
543, 54212, 1.25877e+007, 3.12385e+006, 1.57115e+007, 730, 4279.25, 1332, 1052
544, 54312, 1.25921e+007, 3.1306e+006, 1.57227e+007, 732, 4276.77, 1332, 1052
545, 54412, 1.26468e+007, 3.14148e+006, 1.57883e+007, 735, 4274.12, 1332, 1052
546, 54512, 1.28822e+007, 3.19277e+006, 1.60749e+007, 749, 4262.72, 1331, 1052
547, 54612, 1.26178e+007, 3.13384e+006, 1.57516e+007, 734, 4269.53, 1331, 1052
548, 54712, 1.2537e+007, 3.10213e+006, 1.56392e+007, 728, 4261.17, 1331, 1052
549, 54812, 1.25667e+007, 3.11183e+006, 1.56786e+007, 730, 4262.78, 1331, 1052
550, 54912, 1.25345e+007, 3.10611e+006, 1.56407e+007, 727, 4272.51, 1331, 1052
551, 55012, 1.26943e+007, 3.13857e+006, 1.58329e+007, 738, 4252.81, 1331, 1052
552, 55112, 1.25806e+007, 3.10475e+006, 1.56853e+007, 731, 4247.26, 1331, 1052
553, 55212, 1.25958e+007, 3.11169e+006, 1.57074e+007, 731, 4256.76, 1331, 1052
554, 55312, 1.26701e+007, 3.13402e+006, 1.58041e+007, 738, 4246.64, 1331, 1052
555, 55412, 1.26039e+007, 3.09271e+006, 1.56966e+007, 728, 4248.23, 1331, 1052
556, 55512, 1.28261e+007, 3.16741e+006, 1.59935e+007, 745, 4251.56, 1331, 1052
557, 55612, 1.24866e+007, 3.07647e+006, 1.5563e+007, 725, 4243.41, 1331, 1052
558, 55712, 1.25486e+007, 3.09047e+006, 1.5639e+007, 727, 4250.99, 1331, 1052
559, 55812, 1.25258e+007, 3.08405e+006, 1.56099e+007, 727, 4242.16, 1331, 1052
560, 55912, 1.25906e+007, 3.08986e+006, 1.56805e+007, 728, 4244.32, 1331, 1053
561, 56012, 1.2544e+007, 3.09272e+006, 1.56368e+007, 730, 4236.6, 1331, 1052
562, 56112, 1.25908e+007, 3.09802e+006, 1.56888e+007, 732, 4232.27, 1330, 1053
563, 56212, 1.25321e+007, 3.09367e+006, 1.56258e+007, 732, 4226.33, 1331, 1052
564, 56312, 1.26301e+007, 3.10236e+006, 1.57325e+007, 734, 4226.65, 1330, 1053
565, 56412, 1.25917e+007, 3.10466e+006, 1.56964e+007, 733, 4235.55, 1330, 1053
566, 56512, 1.24657e+007, 3.06282e+006, 1.55285e+007, 724, 4230.41, 1331, 1053
567, 56612, 1.23723e+007, 3.03851e+006, 1.54108e+007, 719, 4226.03, 1330, 1053
568, 56712, 1.24069e+007, 3.04215e+006, 1.5449e+007, 719, 4231.08, 1330, 1053
569, 56812, 1.25921e+007, 3.09099e+006, 1.56831e+007, 731, 4228.44, 1330, 1053
570, 56912, 1.24597e+007, 3.06764e+006, 1.55273e+007, 725, 4231.23, 1330, 1053
571, 57012, 1.25417e+007, 3.07828e+006, 1.562e+007, 728, 4228.4, 1330, 1053
572, 57112, 1.26081e+007, 3.08558e+006, 1.56936e+007, 731, 4221.04, 1330, 1053
573, 57212, 1.23378e+007, 3.00589e+006, 1.53437e+007, 714, 4209.92, 1329, 1053
574, 57312, 1.23576e+007, 3.02528e+006, 1.53829e+007, 717, 4219.36, 1329, 1053
575, 57412, 1.23599e+007, 3.00527e+006, 1.53652e+007, 714, 4209.06, 1329, 1053
576, 57512, 1.25113e+007, 3.06576e+006, 1.5577e+007, 728, 4211.21, 1330, 1053
577, 57612, 1.24036e+007, 3.0353e+006, 1.54389e+007, 721, 4209.85, 1330, 1053
578, 57712, 1.2639e+007, 3.08811e+006, 1.57271e+007, 733, 4212.97, 1329, 1053
579, 57812, 1.24995e+007, 3.05997e+006, 1.55595e+007, 728, 4203.25, 1329, 1053
580, 57912, 1.21003e+007, 2.96e+006, 1.50603e+007, 703, 4210.52, 1329, 1054
581, 58012, 1.24253e+007, 3.03314e+006, 1.54584e+007, 723, 4195.22, 1329, 1053
582, 58112, 1.24111e+007, 3.02228e+006, 1.54334e+007, 720, 4197.61, 1329, 1053
583, 58212, 1.22424e+007, 2.98703e+006, 1.52294e+007, 710, 4207.08, 1329, 1054
584, 58312, 1.23566e+007, 3.03203e+006, 1.53887e+007, 720, 4211.15, 1329, 1053
585, 58412, 1.23676e+007, 3.02174e+006, 1.53894e+007, 719, 4202.7, 1329, 1054
586, 58512, 1.21867e+007, 2.95917e+006, 1.51459e+007, 706, 4191.45, 1329, 1054
587, 58612, 1.24257e+007, 3.01985e+006, 1.54455e+007, 721, 4188.43, 1329, 1054
588, 58712, 1.24695e+007, 3.0409e+006, 1.55104e+007, 725, 4194.35, 1329, 1054
589, 58812, 1.24203e+007, 3.03168e+006, 1.5452e+007, 722, 4199, 1329, 1054
590, 58912, 1.23797e+007, 3.01866e+006, 1.53984e+007, 720, 4192.58, 1329, 1054
591, 59012, 1.23196e+007, 2.9999e+006, 1.53195e+007, 715, 4195.66, 1329, 1054
592, 59112, 1.24137e+007, 3.0167e+006, 1.54304e+007, 721, 4184.05, 1329, 1054
593, 59212, 1.24225e+007, 3.03318e+006, 1.54557e+007, 723, 4195.28, 1329, 1054
594, 59312, 1.23125e+007, 2.98464e+006, 1.52972e+007, 714, 4180.17, 1328, 1054
595, 59412, 1.21934e+007, 2.94855e+006, 1.51419e+007, 707, 4170.51, 1329, 1054
596, 59512, 1.23804e+007, 3.00981e+006, 1.53902e+007, 720, 4180.29, 1329, 1054
597, 59612, 1.244e+007, 3.02875e+006, 1.54688e+007, 723, 4189.14, 1328, 1054
598, 59712, 1.21852e+007, 2.93717e+006, 1.51224e+007, 706, 4160.3, 1328, 1054
599, 59812, 1.24165e+007, 3.00803e+006, 1.54245e+007, 720, 4177.82, 1329, 1054
600, 59912, 1.216e+007, 2.95072e+006, 1.51107e+007, 708, 4167.69, 1328, 1054