stim_jnl,frame,time_s,fluor,dff
rlh267_bluelightbasal_JNL_10off_20on_20off,2,0.1,86495200.00000001,2.5674616918056206
rlh267_bluelightbasal_JNL_10off_20on_20off,3,0.2,86067000,2.0596949360037646
rlh267_bluelightbasal_JNL_10off_20on_20off,4,0.3,85522800,1.4143734308487894
rlh267_bluelightbasal_JNL_10off_20on_20off,5,0.4,85724300,1.6533155170096263
rlh267_bluelightbasal_JNL_10off_20on_20off,6,0.5,85029900,0.8298843277784342
rlh267_bluelightbasal_JNL_10off_20on_20off,7,0.6,85062400,0.868423373933408
rlh267_bluelightbasal_JNL_10off_20on_20off,8,0.7,85044000,0.8466043447256689
rlh267_bluelightbasal_JNL_10off_20on_20off,9,0.8,84895099.99999999,0.6700362224956333
rlh267_bluelightbasal_JNL_10off_20on_20off,10,0.91,84235500,-0.11212854192960015
rlh267_bluelightbasal_JNL_10off_20on_20off,11,1,84926300,0.7070337068044257
rlh267_bluelightbasal_JNL_10off_20on_20off,12,1.1,84698200,0.4365488936367487
rlh267_bluelightbasal_JNL_10off_20on_20off,13,1.21,84782100,0.5360389235568193
rlh267_bluelightbasal_JNL_10off_20on_20off,14,1.3,84663000,0.3948081421089002
rlh267_bluelightbasal_JNL_10off_20on_20off,15,1.4,84642600,0.3706174792916244
rlh267_bluelightbasal_JNL_10off_20on_20off,16,1.5,84407100,0.09135762176866105
rlh267_bluelightbasal_JNL_10off_20on_20off,17,1.6,84324600,-0.006472264624733751
rlh267_bluelightbasal_JNL_10off_20on_20off,18,1.7,84434200,0.12349325717788529
rlh267_bluelightbasal_JNL_10off_20on_20off,19,1.8,84331099.99999999,0.0012355446062433206
rlh267_bluelightbasal_JNL_10off_20on_20off,20,1.9,84575700,0.291286335052617
rlh267_bluelightbasal_JNL_10off_20on_20off,21,2,84546200,0.2563047393119485
rlh267_bluelightbasal_JNL_10off_20on_20off,22,2.1,84484600.00000001,0.18325842413823143
rlh267_bluelightbasal_JNL_10off_20on_20off,23,2.2,84663000,0.3948081421089002
rlh267_bluelightbasal_JNL_10off_20on_20off,24,2.3,84208700,-0.14390843229739383
rlh267_bluelightbasal_JNL_10off_20on_20off,25,2.4,84366500,0.043213459495063125
rlh267_bluelightbasal_JNL_10off_20on_20off,26,2.5,84023600,-0.36340312286002874
rlh267_bluelightbasal_JNL_10off_20on_20off,27,2.6,84119800,-0.24932754624130654
rlh267_bluelightbasal_JNL_10off_20on_20off,28,2.7,84656700,0.38733749623885916
rlh267_bluelightbasal_JNL_10off_20on_20off,29,2.8,84757000,0.5062749217571318
rlh267_bluelightbasal_JNL_10off_20on_20off,30,2.9,84100700,-0.2719766472123834
rlh267_bluelightbasal_JNL_10off_20on_20off,31,3,84140200,-0.22513688342403076
rlh267_bluelightbasal_JNL_10off_20on_20off,32,3.1,84125800,-0.24221264541269602
rlh267_bluelightbasal_JNL_10off_20on_20off,33,3.2,84453600.00000001,0.14649810319041034
rlh267_bluelightbasal_JNL_10off_20on_20off,34,3.3,83964400,-0.43360347770231933
rlh267_bluelightbasal_JNL_10off_20on_20off,35,3.4,84083200,-0.29272844129583075
rlh267_bluelightbasal_JNL_10off_20on_20off,36,3.5,84285800,-0.05248195664974852
rlh267_bluelightbasal_JNL_10off_20on_20off,37,3.6,83964700.00000001,-0.4332477326608711
rlh267_bluelightbasal_JNL_10off_20on_20off,38,3.7,83780100,-0.6521495148211395
rlh267_bluelightbasal_JNL_10off_20on_20off,39,3.8,83544400,-0.9316465357050565
rlh267_bluelightbasal_JNL_10off_20on_20off,40,3.9,84268100,-0.07347091409414959
rlh267_bluelightbasal_JNL_10off_20on_20off,41,4,83909800.00000001,-0.4983490752426574
rlh267_bluelightbasal_JNL_10off_20on_20off,42,4.11,83948800,-0.4521022198567067
rlh267_bluelightbasal_JNL_10off_20on_20off,43,4.2,83903100,-0.5062940478346236
rlh267_bluelightbasal_JNL_10off_20on_20off,44,4.3,83742699.99999999,-0.6964990633194961
rlh267_bluelightbasal_JNL_10off_20on_20off,45,4.4,83772300.00000001,-0.6613988858983155
rlh267_bluelightbasal_JNL_10off_20on_20off,46,4.5,83957400,-0.44190419533569825
rlh267_bluelightbasal_JNL_10off_20on_20off,47,4.6,84152400,-0.21066991840585603
rlh267_bluelightbasal_JNL_10off_20on_20off,48,4.7,84038799.99999999,-0.3453787074275664
rlh267_bluelightbasal_JNL_10off_20on_20off,49,4.8,83766800,-0.6679208783245595
rlh267_bluelightbasal_JNL_10off_20on_20off,50,4.9,83990400,-0.40277224077834034
rlh267_bluelightbasal_JNL_10off_20on_20off,51,5.01,83989400,-0.40395805758310876
rlh267_bluelightbasal_JNL_10off_20on_20off,52,5.1,83495100,-0.9901073041801397
rlh267_bluelightbasal_JNL_10off_20on_20off,53,5.2,84425200,0.11282090593496949
rlh267_bluelightbasal_JNL_10off_20on_20off,54,5.3,83899899.99999999,-0.5100886616099002
rlh267_bluelightbasal_JNL_10off_20on_20off,55,5.4,83838500,-0.5828978134226637
rlh267_bluelightbasal_JNL_10off_20on_20off,56,5.5,83526300,-0.953109819871365
rlh267_bluelightbasal_JNL_10off_20on_20off,57,5.6,83698700,-0.748675002729289
rlh267_bluelightbasal_JNL_10off_20on_20off,58,5.7,83914700,-0.49253857289930986
rlh267_bluelightbasal_JNL_10off_20on_20off,59,5.8,83553300,-0.9210927661426175
rlh267_bluelightbasal_JNL_10off_20on_20off,60,5.9,83762800,-0.6726641455436331
rlh267_bluelightbasal_JNL_10off_20on_20off,61,6,83796300,-0.632939282583891
rlh267_bluelightbasal_JNL_10off_20on_20off,62,6.1,83676300,-0.7752372991561017
rlh267_bluelightbasal_JNL_10off_20on_20off,63,6.2,83547700,-0.9277333402493207
rlh267_bluelightbasal_JNL_10off_20on_20off,64,6.3,83706800,-0.7390698866106648
rlh267_bluelightbasal_JNL_10off_20on_20off,65,6.4,83669700,-0.7830636900675733
rlh267_bluelightbasal_JNL_10off_20on_20off,66,6.5,83867800,-0.5481533810429489
rlh267_bluelightbasal_JNL_10off_20on_20off,67,6.6,83859300,-0.5582328238834805
rlh267_bluelightbasal_JNL_10off_20on_20off,68,6.7,83582800,-0.8861111704019492
rlh267_bluelightbasal_JNL_10off_20on_20off,69,6.8,83920200,-0.48601658047308355
rlh267_bluelightbasal_JNL_10off_20on_20off,70,6.9,83603900,-0.8610904358213354
rlh267_bluelightbasal_JNL_10off_20on_20off,71,7,83634100,-0.8252787683173289
rlh267_bluelightbasal_JNL_10off_20on_20off,72,7.1,83938500,-0.4643161329458214
rlh267_bluelightbasal_JNL_10off_20on_20off,73,7.2,83470000,-1.019871305979827
rlh267_bluelightbasal_JNL_10off_20on_20off,74,7.3,83437200,-1.0587660971762314
rlh267_bluelightbasal_JNL_10off_20on_20off,75,7.4,83892000,-0.519456614367553
rlh267_bluelightbasal_JNL_10off_20on_20off,76,7.5,83471300,-1.018329744133628
rlh267_bluelightbasal_JNL_10off_20on_20off,77,7.6,83484300,-1.0029141256716385
rlh267_bluelightbasal_JNL_10off_20on_20off,78,7.7,83315100,-1.2035543290384556
rlh267_bluelightbasal_JNL_10off_20on_20off,79,7.8,83447800,-1.046196439045686
rlh267_bluelightbasal_JNL_10off_20on_20off,80,7.9,83356200,-1.1548172583624734
rlh267_bluelightbasal_JNL_10off_20on_20off,81,8,83841400,-0.5794589446888352
rlh267_bluelightbasal_JNL_10off_20on_20off,82,8.1,83903300,-0.5060568844736699
rlh267_bluelightbasal_JNL_10off_20on_20off,83,8.2,83057200.00000001,-1.509376482988214
rlh267_bluelightbasal_JNL_10off_20on_20off,84,8.3,83184799.99999999,-1.3580662586997987
rlh267_bluelightbasal_JNL_10off_20on_20off,85,8.4,83272300,-1.254307288282544
rlh267_bluelightbasal_JNL_10off_20on_20off,86,8.5,82961200,-1.6232148962460002
rlh267_bluelightbasal_JNL_10off_20on_20off,87,8.61,83260100,-1.268774253300719
rlh267_bluelightbasal_JNL_10off_20on_20off,88,8.7,83300300,-1.2211044177490282
rlh267_bluelightbasal_JNL_10off_20on_20off,89,8.8,83528000,-0.9510939313032586
rlh267_bluelightbasal_JNL_10off_20on_20off,90,8.9,83453100,-1.0399116099804133
rlh267_bluelightbasal_JNL_10off_20on_20off,91,9,83061000,-1.5048703791301117
rlh267_bluelightbasal_JNL_10off_20on_20off,92,9.1,83348600.00000001,-1.1638294660786959
rlh267_bluelightbasal_JNL_10off_20on_20off,93,9.2,83049900,-1.5180329456630413
rlh267_bluelightbasal_JNL_10off_20on_20off,94,9.3,83514100,-0.9675767848895397
rlh267_bluelightbasal_JNL_10off_20on_20off,95,9.4,83028300,-1.5436465886460389
rlh267_bluelightbasal_JNL_10off_20on_20off,96,9.5,82617600,-2.03066155036443
rlh267_bluelightbasal_JNL_10off_20on_20off,97,9.61,82665600,-1.9737423437355457
rlh267_bluelightbasal_JNL_10off_20on_20off,98,9.7,83020200,-1.5532517047646632
rlh267_bluelightbasal_JNL_10off_20on_20off,99,9.8,83366000,-1.143196253675743
rlh267_bluelightbasal_JNL_10off_20on_20off,100,9.9,83235800,-1.2975896016565913
rlh267_bluelightbasal_JNL_10off_20on_20off,101,10,83362600,-1.1472280308119556
rlh267_bluelightbasal_JNL_10off_20on_20off,102,10.1,82903500,-1.691636525881138
rlh267_bluelightbasal_JNL_10off_20on_20off,103,10.2,83355599.99999999,-1.1555287484453522
rlh267_bluelightbasal_JNL_10off_20on_20off,104,10.3,83114300,-1.441666343435955
rlh267_bluelightbasal_JNL_10off_20on_20off,105,10.4,83411899.99999999,-1.08876726233689
rlh267_bluelightbasal_JNL_10off_20on_20off,106,10.5,83021200,-1.552065887959895
rlh267_bluelightbasal_JNL_10off_20on_20off,107,10.6,82340400,-2.3593699686462366
rlh267_bluelightbasal_JNL_10off_20on_20off,108,10.7,82924300,-1.666971536341955
rlh267_bluelightbasal_JNL_10off_20on_20off,109,10.8,82620300,-2.027459844991555
rlh267_bluelightbasal_JNL_10off_20on_20off,110,10.9,82778300,-1.8401007898381445
rlh267_bluelightbasal_JNL_10off_20on_20off,111,11,83156500,-1.3916248742747273
rlh267_bluelightbasal_JNL_10off_20on_20off,112,11.1,82372099.99999999,-2.321779575935095
rlh267_bluelightbasal_JNL_10off_20on_20off,113,11.2,83038200,-1.5319070022788317
rlh267_bluelightbasal_JNL_10off_20on_20off,114,11.3,82434600,-2.247666025637051
rlh267_bluelightbasal_JNL_10off_20on_20off,115,11.409,82724800,-1.903541988893255
rlh267_bluelightbasal_JNL_10off_20on_20off,116,11.509,83038800,-1.5311955121959706
rlh267_bluelightbasal_JNL_10off_20on_20off,117,11.609,82589800,-2.063627257536992
rlh267_bluelightbasal_JNL_10off_20on_20off,118,11.709,82235800,-2.483406406425013
rlh267_bluelightbasal_JNL_10off_20on_20off,119,11.809,82247800.00000001,-2.4691766047677746
rlh267_bluelightbasal_JNL_10off_20on_20off,120,11.909,82388100.00000001,-2.302806507058765
rlh267_bluelightbasal_JNL_10off_20on_20off,121,12.009,82734600,-1.8919209842065248
rlh267_bluelightbasal_JNL_10off_20on_20off,122,12.109,82239600,-2.478900302566893
rlh267_bluelightbasal_JNL_10off_20on_20off,123,12.209,82392600,-2.297470331437325
rlh267_bluelightbasal_JNL_10off_20on_20off,124,12.309,82602600,-2.048448802435956
rlh267_bluelightbasal_JNL_10off_20on_20off,125,12.409,82453500,-2.225254088026928
rlh267_bluelightbasal_JNL_10off_20on_20off,126,12.509,81981900,-2.784485293155716
rlh267_bluelightbasal_JNL_10off_20on_20off,127,12.609,82551100,-2.10951836788153
rlh267_bluelightbasal_JNL_10off_20on_20off,128,12.709,82164500,-2.5679551446050017
rlh267_bluelightbasal_JNL_10off_20on_20off,129,12.809,82316600,-2.387592408599725
rlh267_bluelightbasal_JNL_10off_20on_20off,130,12.909,81995600,-2.768239602930388
rlh267_bluelightbasal_JNL_10off_20on_20off,131,13.009,82052400,-2.7008852084195416
rlh267_bluelightbasal_JNL_10off_20on_20off,132,13.109,81862000,-2.9266647280474496
rlh267_bluelightbasal_JNL_10off_20on_20off,133,13.209,82048500,-2.705509893958139
rlh267_bluelightbasal_JNL_10off_20on_20off,134,13.309,82066800,-2.6838094464308764
rlh267_bluelightbasal_JNL_10off_20on_20off,135,13.41,82119000,-2.621909809221965
rlh267_bluelightbasal_JNL_10off_20on_20off,136,13.51,82340600,-2.3591328052852827
rlh267_bluelightbasal_JNL_10off_20on_20off,137,13.609,82044500,-2.7102531611772127
rlh267_bluelightbasal_JNL_10off_20on_20off,138,13.709,81819800,-2.976706197208677
rlh267_bluelightbasal_JNL_10off_20on_20off,139,13.81,82392299.99999999,-2.297826076478773
rlh267_bluelightbasal_JNL_10off_20on_20off,140,13.909,81876300,-2.909707547739261
rlh267_bluelightbasal_JNL_10off_20on_20off,141,14.009,82347400,-2.3510692510128575
rlh267_bluelightbasal_JNL_10off_20on_20off,142,14.109,81753900,-3.0548515246429155
rlh267_bluelightbasal_JNL_10off_20on_20off,143,14.209,81830900,-2.9635436306757477
rlh267_bluelightbasal_JNL_10off_20on_20off,144,14.309,82147400.00000001,-2.588232611966524
rlh267_bluelightbasal_JNL_10off_20on_20off,145,14.409,82010700,-2.7503337691783853
rlh267_bluelightbasal_JNL_10off_20on_20off,146,14.509,82136900,-2.6006836884166105
rlh267_bluelightbasal_JNL_10off_20on_20off,147,14.609,81573200,-3.26912862126457
rlh267_bluelightbasal_JNL_10off_20on_20off,148,14.709,81964100,-2.8055928322805936
rlh267_bluelightbasal_JNL_10off_20on_20off,149,14.809,81728800,-3.084615526442603
rlh267_bluelightbasal_JNL_10off_20on_20off,150,14.909,81716300,-3.0994382365022086
rlh267_bluelightbasal_JNL_10off_20on_20off,151,15.009,81761100,-3.0463136436485834
rlh267_bluelightbasal_JNL_10off_20on_20off,152,15.11,81208900,-3.701121683241706
rlh267_bluelightbasal_JNL_10off_20on_20off,153,15.21,81571200.00000001,-3.2715002548740886
rlh267_bluelightbasal_JNL_10off_20on_20off,154,15.309,81532600,-3.3172727835381672
rlh267_bluelightbasal_JNL_10off_20on_20off,155,15.41,81555700.00000001,-3.2898804153479997
rlh267_bluelightbasal_JNL_10off_20on_20off,156,15.509,81139100,-3.7838916962145417
rlh267_bluelightbasal_JNL_10off_20on_20off,157,15.609,81427600.00000001,-3.441783548038834
rlh267_bluelightbasal_JNL_10off_20on_20off,158,15.709,81552700,-3.2934378657623222
rlh267_bluelightbasal_JNL_10off_20on_20off,159,15.809,81132899.99999999,-3.7912437604041234
rlh267_bluelightbasal_JNL_10off_20on_20off,160,15.909,81429100,-3.4400048228316993
rlh267_bluelightbasal_JNL_10off_20on_20off,161,16.009,81172100,-3.744759741657184
rlh267_bluelightbasal_JNL_10off_20on_20off,162,16.109,80921000,-4.042518341334535
rlh267_bluelightbasal_JNL_10off_20on_20off,163,16.21,81346399.99999999,-3.5380718725860656
rlh267_bluelightbasal_JNL_10off_20on_20off,164,16.31,80873100,-4.099318966282942
rlh267_bluelightbasal_JNL_10off_20on_20off,165,16.409,81316600,-3.5734092133681465
rlh267_bluelightbasal_JNL_10off_20on_20off,166,16.509,81143800,-3.7783183572321297
rlh267_bluelightbasal_JNL_10off_20on_20off,167,16.609,81364100,-3.5170829151416463
rlh267_bluelightbasal_JNL_10off_20on_20off,168,16.709,81038100,-3.903659193496152
rlh267_bluelightbasal_JNL_10off_20on_20off,169,16.809,81183000,-3.731834338485208
rlh267_bluelightbasal_JNL_10off_20on_20off,170,16.91,80988900.00000001,-3.962001380290741
rlh267_bluelightbasal_JNL_10off_20on_20off,171,17.01,81197300,-3.714877158177019
rlh267_bluelightbasal_JNL_10off_20on_20off,172,17.109,80800699.99999999,-4.185172102948194
rlh267_bluelightbasal_JNL_10off_20on_20off,173,17.209,81113700.00000001,-3.8140114430556418
rlh267_bluelightbasal_JNL_10off_20on_20off,174,17.309,81288600,-3.6066120839016627
rlh267_bluelightbasal_JNL_10off_20on_20off,175,17.409,81087399.99999999,-3.8451984250210867
rlh267_bluelightbasal_JNL_10off_20on_20off,176,17.509,81031400,-3.9116041660881007
rlh267_bluelightbasal_JNL_10off_20on_20off,177,17.61,80875100,-4.0969473326734045
rlh267_bluelightbasal_JNL_10off_20on_20off,178,17.709,81039500,-3.901999049969476
rlh267_bluelightbasal_JNL_10off_20on_20off,179,17.809,80928400,-4.033743296979249
rlh267_bluelightbasal_JNL_10off_20on_20off,180,17.909,80955200,-4.001963406611455
rlh267_bluelightbasal_JNL_10off_20on_20off,181,18.01,81149799.99999999,-3.771203456403537
rlh267_bluelightbasal_JNL_10off_20on_20off,182,18.11,80822200,-4.159677041645655
rlh267_bluelightbasal_JNL_10off_20on_20off,183,18.21,81045400,-3.8950027308213424
rlh267_bluelightbasal_JNL_10off_20on_20off,184,18.31,80884400,-4.085919236389059
rlh267_bluelightbasal_JNL_10off_20on_20off,185,18.41,80789500,-4.198453251161582
rlh267_bluelightbasal_JNL_10off_20on_20off,186,18.51,80996000,-3.953582080976903
rlh267_bluelightbasal_JNL_10off_20on_20off,187,18.61,80654900,-4.358064193083411
rlh267_bluelightbasal_JNL_10off_20on_20off,188,18.71,80888200,-4.081413132530939
rlh267_bluelightbasal_JNL_10off_20on_20off,189,18.81,81015599.99999999,-3.9303400716034593
rlh267_bluelightbasal_JNL_10off_20on_20off,190,18.91,80598800,-4.42458851583092
rlh267_bluelightbasal_JNL_10off_20on_20off,191,19.01,80843800,-4.134063398662657
rlh267_bluelightbasal_JNL_10off_20on_20off,192,19.11,81109500.00000001,-3.8189918736356696
rlh267_bluelightbasal_JNL_10off_20on_20off,193,19.21,81055300,-3.8832631444541352
rlh267_bluelightbasal_JNL_10off_20on_20off,194,19.31,80904800,-4.061728573571783
rlh267_bluelightbasal_JNL_10off_20on_20off,195,19.41,80880200,-4.0908996669690865
rlh267_bluelightbasal_JNL_10off_20on_20off,196,19.51,80692100,-4.313951807946026
rlh267_bluelightbasal_JNL_10off_20on_20off,197,19.61,80747000,-4.2488504653642405
rlh267_bluelightbasal_JNL_10off_20on_20off,198,19.71,80512599.99999999,-4.526805924401976
rlh267_bluelightbasal_JNL_10off_20on_20off,199,19.81,80670700,-4.339328287568071
rlh267_bluelightbasal_JNL_10off_20on_20off,200,19.91,80743700,-4.2527636608199755
rlh267_bluelightbasal_JNL_10off_20on_20off,201,20.01,80428800,-4.626177372641552
rlh267_bluelightbasal_JNL_10off_20on_20off,202,20.11,80237000,-4.853617035796135
rlh267_bluelightbasal_JNL_10off_20on_20off,203,20.21,80423300,-4.632699365067778
rlh267_bluelightbasal_JNL_10off_20on_20off,204,20.31,80346600,-4.7236515139935165
rlh267_bluelightbasal_JNL_10off_20on_20off,205,20.41,80677299.99999999,-4.331501896656617
rlh267_bluelightbasal_JNL_10off_20on_20off,206,20.51,80722100,-4.278377303802974
rlh267_bluelightbasal_JNL_10off_20on_20off,207,20.61,80468000,-4.57969335389463
rlh267_bluelightbasal_JNL_10off_20on_20off,208,20.71,80773900,-4.216951993315969
rlh267_bluelightbasal_JNL_10off_20on_20off,209,20.81,80322800,-4.751873953947004
rlh267_bluelightbasal_JNL_10off_20on_20off,210,20.91,80185300,-4.914923764602663
rlh267_bluelightbasal_JNL_10off_20on_20off,211,21.01,80421500,-4.634833835316361
rlh267_bluelightbasal_JNL_10off_20on_20off,212,21.11,80038400,-5.089120253223143
rlh267_bluelightbasal_JNL_10off_20on_20off,213,21.21,80288000,-4.793140378752946
rlh267_bluelightbasal_JNL_10off_20on_20off,214,21.31,80088000.00000001,-5.030303739706612
rlh267_bluelightbasal_JNL_10off_20on_20off,215,21.41,80326500,-4.747486431769361
rlh267_bluelightbasal_JNL_10off_20on_20off,216,21.51,80237900,-4.852549800671843
rlh267_bluelightbasal_JNL_10off_20on_20off,217,21.61,80435800,-4.617876655008173
rlh267_bluelightbasal_JNL_10off_20on_20off,218,21.71,80249700,-4.838557162375576
rlh267_bluelightbasal_JNL_10off_20on_20off,219,21.81,80298200.00000001,-4.78104504734429
rlh267_bluelightbasal_JNL_10off_20on_20off,220,21.91,79928400,-5.21956010174767
rlh267_bluelightbasal_JNL_10off_20on_20off,221,22.01,80294700,-4.785195406160997
rlh267_bluelightbasal_JNL_10off_20on_20off,222,22.11,80035600,-5.092440540276495
rlh267_bluelightbasal_JNL_10off_20on_20off,223,22.21,79944900,-5.199994124468991
rlh267_bluelightbasal_JNL_10off_20on_20off,224,22.31,79630900,-5.5723406011662755
rlh267_bluelightbasal_JNL_10off_20on_20off,225,22.41,80115400,-4.997812359255975
rlh267_bluelightbasal_JNL_10off_20on_20off,226,22.51,80035100,-5.093033448678879
rlh267_bluelightbasal_JNL_10off_20on_20off,227,22.61,79980000,-5.158371954621619
rlh267_bluelightbasal_JNL_10off_20on_20off,228,22.71,79858200,-5.302804441442413
rlh267_bluelightbasal_JNL_10off_20on_20off,229,22.81,79885100,-5.270905969394143
rlh267_bluelightbasal_JNL_10off_20on_20off,230,22.91,80573500,-4.45458968099156
rlh267_bluelightbasal_JNL_10off_20on_20off,231,23.01,80368800,-4.697326380927657
rlh267_bluelightbasal_JNL_10off_20on_20off,232,23.11,80473700.00000001,-4.572934198107432
rlh267_bluelightbasal_JNL_10off_20on_20off,233,23.21,79781100,-5.394230917090058
rlh267_bluelightbasal_JNL_10off_20on_20off,234,23.31,80004100,-5.1297937696267
rlh267_bluelightbasal_JNL_10off_20on_20off,235,23.41,80014700,-5.117224111496156
rlh267_bluelightbasal_JNL_10off_20on_20off,236,23.51,80256900.00000001,-4.830019281381226
rlh267_bluelightbasal_JNL_10off_20on_20off,237,23.61,80274900,-4.8086745788954115
rlh267_bluelightbasal_JNL_10off_20on_20off,238,23.71,80451300,-4.599496494534263
rlh267_bluelightbasal_JNL_10off_20on_20off,239,23.81,80392600,-4.669103940974169
rlh267_bluelightbasal_JNL_10off_20on_20off,240,23.91,80166700,-4.936979957171355
rlh267_bluelightbasal_JNL_10off_20on_20off,241,24.011,80036400.00000001,-5.091491886832663
rlh267_bluelightbasal_JNL_10off_20on_20off,242,24.11,79626100,-5.578032521829164
rlh267_bluelightbasal_JNL_10off_20on_20off,243,24.21,80452100.00000001,-4.59854784109043
rlh267_bluelightbasal_JNL_10off_20on_20off,244,24.31,80351800,-4.71748526660872
rlh267_bluelightbasal_JNL_10off_20on_20off,245,24.41,80184000,-4.916465326448861
rlh267_bluelightbasal_JNL_10off_20on_20off,246,24.51,79843100,-5.320710275194417
rlh267_bluelightbasal_JNL_10off_20on_20off,247,24.61,80124900,-4.986547099610675
rlh267_bluelightbasal_JNL_10off_20on_20off,248,24.71,80168700.00000001,-4.9346083235618
rlh267_bluelightbasal_JNL_10off_20on_20off,249,24.81,79616900,-5.588942036433033
rlh267_bluelightbasal_JNL_10off_20on_20off,250,24.91,79658900,-5.53913773063276
rlh267_bluelightbasal_JNL_10off_20on_20off,251,25.01,79921400,-5.227860819381049
rlh267_bluelightbasal_JNL_10off_20on_20off,252,25.11,79714700,-5.472969152926681
rlh267_bluelightbasal_JNL_10off_20on_20off,253,25.21,79644500,-5.556213492621425
rlh267_bluelightbasal_JNL_10off_20on_20off,254,25.31,79775100,-5.40134581791867
rlh267_bluelightbasal_JNL_10off_20on_20off,255,25.41,79610200,-5.596887009024982
rlh267_bluelightbasal_JNL_10off_20on_20off,256,25.51,79944200,-5.200824196232329
rlh267_bluelightbasal_JNL_10off_20on_20off,257,25.61,79520000,-5.703847684815093
rlh267_bluelightbasal_JNL_10off_20on_20off,258,25.71,79477300,-5.754482062378705
rlh267_bluelightbasal_JNL_10off_20on_20off,259,25.81,79442200,-5.796104232226076
rlh267_bluelightbasal_JNL_10off_20on_20off,260,25.91,79187400,-6.09825035408107
rlh267_bluelightbasal_JNL_10off_20on_20off,261,26.01,79510700,-5.7148757810994395
rlh267_bluelightbasal_JNL_10off_20on_20off,262,26.11,79844900,-5.318575804945834
rlh267_bluelightbasal_JNL_10off_20on_20off,263,26.21,79103500,-6.197740384001141
rlh267_bluelightbasal_JNL_10off_20on_20off,264,26.31,79083300,-6.221693883457463
rlh267_bluelightbasal_JNL_10off_20on_20off,265,26.41,79066600,-6.241497024097096
rlh267_bluelightbasal_JNL_10off_20on_20off,266,26.51,79112700,-6.186830869397272
rlh267_bluelightbasal_JNL_10off_20on_20off,267,26.61,78988000,-6.334702224951894
rlh267_bluelightbasal_JNL_10off_20on_20off,268,26.71,79049300,-6.26201165481959
rlh267_bluelightbasal_JNL_10off_20on_20off,269,26.81,79070200,-6.23722808359993
rlh267_bluelightbasal_JNL_10off_20on_20off,270,26.91,78887500,-6.453876813831121
rlh267_bluelightbasal_JNL_10off_20on_20off,271,27.01,79048000,-6.263553216665789
rlh267_bluelightbasal_JNL_10off_20on_20off,272,27.11,79005700,-6.3137132675074925
rlh267_bluelightbasal_JNL_10off_20on_20off,273,27.21,79215600,-6.064810320186601
rlh267_bluelightbasal_JNL_10off_20on_20off,274,27.31,79243100,-6.032200358055469
rlh267_bluelightbasal_JNL_10off_20on_20off,275,27.41,78719300,-6.653331200393168
rlh267_bluelightbasal_JNL_10off_20on_20off,276,27.51,78486300,-6.929626515904211
rlh267_bluelightbasal_JNL_10off_20on_20off,277,29.91,78704400,-6.670999870784218
rlh267_bluelightbasal_JNL_10off_20on_20off,278,29.93,79071200,-6.236042266795161
rlh267_bluelightbasal_JNL_10off_20on_20off,279,29.95,78799700,-6.5579915292897875
rlh267_bluelightbasal_JNL_10off_20on_20off,280,29.97,78400900,-7.030895271031435
rlh267_bluelightbasal_JNL_10off_20on_20off,281,29.99,78524700,-6.884091150601105
rlh267_bluelightbasal_JNL_10off_20on_20off,282,30.021,78777100,-6.584790989077555
rlh267_bluelightbasal_JNL_10off_20on_20off,283,30.041,78736300,-6.633172314712106
rlh267_bluelightbasal_JNL_10off_20on_20off,284,30.061,78651200,-6.734085324797897
rlh267_bluelightbasal_JNL_10off_20on_20off,285,30.081,78432700,-6.993186296639799
rlh267_bluelightbasal_JNL_10off_20on_20off,286,30.101,78532200,-6.8751975245653405
rlh267_bluelightbasal_JNL_10off_20on_20off,287,30.131,78482600,-6.934014038081854
rlh267_bluelightbasal_JNL_10off_20on_20off,288,30.151,78607900,-6.7854311924443715
rlh267_bluelightbasal_JNL_10off_20on_20off,289,30.171,78419400,-7.008957660143218
rlh267_bluelightbasal_JNL_10off_20on_20off,290,30.191,79000700,-6.319642351531335
rlh267_bluelightbasal_JNL_10off_20on_20off,291,30.211,78421500,-7.006467444853206
rlh267_bluelightbasal_JNL_10off_20on_20off,292,30.241,78299400,-7.151255676715429
rlh267_bluelightbasal_JNL_10off_20on_20off,293,30.261,78628100,-6.761477692988049
rlh267_bluelightbasal_JNL_10off_20on_20off,294,30.281,78096900,-7.391383579681035
rlh267_bluelightbasal_JNL_10off_20on_20off,295,30.301,78074400,-7.418064457788325
rlh267_bluelightbasal_JNL_10off_20on_20off,296,30.331,77876100,-7.653211930173902
rlh267_bluelightbasal_JNL_10off_20on_20off,297,30.41,77750800,-7.801794775811385
rlh267_bluelightbasal_JNL_10off_20on_20off,298,30.511,77348900,-8.278374549647815
rlh267_bluelightbasal_JNL_10off_20on_20off,299,30.61,77135000,-8.532020764187779
rlh267_bluelightbasal_JNL_10off_20on_20off,300,30.71,77060100,-8.620838442864933
rlh267_bluelightbasal_JNL_10off_20on_20off,301,30.81,77354900,-8.271259648819203
rlh267_bluelightbasal_JNL_10off_20on_20off,302,30.91,77347500,-8.28003469317449
rlh267_bluelightbasal_JNL_10off_20on_20off,303,31.01,77566000,-8.02093372133259
rlh267_bluelightbasal_JNL_10off_20on_20off,304,31.11,77629900,-7.945160027507887
rlh267_bluelightbasal_JNL_10off_20on_20off,305,31.21,77277600,-8.362923287827803
rlh267_bluelightbasal_JNL_10off_20on_20off,306,31.31,77399900,-8.217897892604624
rlh267_bluelightbasal_JNL_10off_20on_20off,307,31.41,77472000,-8.132400500980822
rlh267_bluelightbasal_JNL_10off_20on_20off,308,31.51,77026400,-8.660800469185629
rlh267_bluelightbasal_JNL_10off_20on_20off,309,31.61,76566000,-9.206750526101011
rlh267_bluelightbasal_JNL_10off_20on_20off,310,31.71,74154600,-12.066229169119584
rlh267_bluelightbasal_JNL_10off_20on_20off,311,31.81,74713500,-11.403476156934513
rlh267_bluelightbasal_JNL_10off_20on_20off,312,31.91,74966100,-11.10393883205001
rlh267_bluelightbasal_JNL_10off_20on_20off,313,32.01,75096900,-10.9488339939863
rlh267_bluelightbasal_JNL_10off_20on_20off,314,32.11,75004300,-11.058640630107856
rlh267_bluelightbasal_JNL_10off_20on_20off,315,32.21,74688200,-11.433477322095154
rlh267_bluelightbasal_JNL_10off_20on_20off,316,32.31,74844600,-11.248015573829374
rlh267_bluelightbasal_JNL_10off_20on_20off,317,32.41,75370600,-10.624275934521183
rlh267_bluelightbasal_JNL_10off_20on_20off,318,32.51,74570100,-11.573522286738305
rlh267_bluelightbasal_JNL_10off_20on_20off,319,32.61,74465700,-11.697321561156128
rlh267_bluelightbasal_JNL_10off_20on_20off,320,32.71,75052300,-11.001721423478973
rlh267_bluelightbasal_JNL_10off_20on_20off,321,32.81,74895400,-11.187776080147136
rlh267_bluelightbasal_JNL_10off_20on_20off,322,32.91,75072000,-10.978360832425034
rlh267_bluelightbasal_JNL_10off_20on_20off,323,33.01,75159100,-10.875076188729704
rlh267_bluelightbasal_JNL_10off_20on_20off,324,33.11,74922100,-11.15611477145982
rlh267_bluelightbasal_JNL_10off_20on_20off,325,33.21,75059500,-10.993183542484639
rlh267_bluelightbasal_JNL_10off_20on_20off,326,33.31,75078000,-10.971245931596425
rlh267_bluelightbasal_JNL_10off_20on_20off,327,33.41,74715600,-11.4009859416445
rlh267_bluelightbasal_JNL_10off_20on_20off,328,33.51,74876200,-11.210543762798691
rlh267_bluelightbasal_JNL_10off_20on_20off,329,33.61,74750900,-11.359126608436174
rlh267_bluelightbasal_JNL_10off_20on_20off,330,33.71,75342200,-10.657953131776607
rlh267_bluelightbasal_JNL_10off_20on_20off,331,33.81,75536200,-10.427904671651532
rlh267_bluelightbasal_JNL_10off_20on_20off,332,33.91,75591900,-10.361854675625931
rlh267_bluelightbasal_JNL_10off_20on_20off,333,34.01,75739300,-10.187065278603066
rlh267_bluelightbasal_JNL_10off_20on_20off,334,34.11,75428800,-10.55526139648366
rlh267_bluelightbasal_JNL_10off_20on_20off,335,34.21,75255900,-10.760289122028121
rlh267_bluelightbasal_JNL_10off_20on_20off,336,34.31,75415200,-10.571388505028512
rlh267_bluelightbasal_JNL_10off_20on_20off,337,34.41,75066300,-10.985119988212213
rlh267_bluelightbasal_JNL_10off_20on_20off,338,34.51,75091900,-10.954763078010142
rlh267_bluelightbasal_JNL_10off_20on_20off,339,34.61,74669800,-11.455296351302893
rlh267_bluelightbasal_JNL_10off_20on_20off,340,34.71,75206000,-10.819461380586064
rlh267_bluelightbasal_JNL_10off_20on_20off,341,34.81,75673800,-10.264736279315398
rlh267_bluelightbasal_JNL_10off_20on_20off,342,34.91,75340200,-10.660324765386143
rlh267_bluelightbasal_JNL_10off_20on_20off,343,35.01,75233700,-10.78661425509398
rlh267_bluelightbasal_JNL_10off_20on_20off,344,35.11,75262700,-10.752225567755696
rlh267_bluelightbasal_JNL_10off_20on_20off,345,35.21,75494400,-10.477471814090853
rlh267_bluelightbasal_JNL_10off_20on_20off,346,35.31,75729300,-10.198923446650749
rlh267_bluelightbasal_JNL_10off_20on_20off,347,35.41,74996400,-11.068008582865527
rlh267_bluelightbasal_JNL_10off_20on_20off,348,35.51,75233300,-10.787088581815887
rlh267_bluelightbasal_JNL_10off_20on_20off,349,35.61,75036400,-11.02057591067479
rlh267_bluelightbasal_JNL_10off_20on_20off,350,35.71,75620300,-10.328177478370508
rlh267_bluelightbasal_JNL_10off_20on_20off,351,35.81,75207700,-10.817445492017958
rlh267_bluelightbasal_JNL_10off_20on_20off,352,35.91,75180500,-10.84969970910766
rlh267_bluelightbasal_JNL_10off_20on_20off,353,36.01,75167600,-10.864996745889172
rlh267_bluelightbasal_JNL_10off_20on_20off,354,36.11,75562600,-10.396599108005645
rlh267_bluelightbasal_JNL_10off_20on_20off,355,36.21,74855500,-11.235090170657397
rlh267_bluelightbasal_JNL_10off_20on_20off,356,36.31,75226600,-10.795033554407835
rlh267_bluelightbasal_JNL_10off_20on_20off,357,36.41,74960700,-11.11034224279576
rlh267_bluelightbasal_JNL_10off_20on_20off,358,36.51,75024400,-11.03480571233201
rlh267_bluelightbasal_JNL_10off_20on_20off,359,36.61,75088400,-10.958913436826832
rlh267_bluelightbasal_JNL_10off_20on_20off,360,36.71,75123200,-10.917647012020891
rlh267_bluelightbasal_JNL_10off_20on_20off,361,36.81,75190300,-10.83807870442093
rlh267_bluelightbasal_JNL_10off_20on_20off,362,36.91,75406700,-10.581467947869044
rlh267_bluelightbasal_JNL_10off_20on_20off,363,37.01,75288000,-10.722224402595055
rlh267_bluelightbasal_JNL_10off_20on_20off,364,37.11,75300600,-10.707283110854974
rlh267_bluelightbasal_JNL_10off_20on_20off,365,37.21,75175800,-10.855273048090073
rlh267_bluelightbasal_JNL_10off_20on_20off,366,37.31,75325600,-10.677637690735763
rlh267_bluelightbasal_JNL_10off_20on_20off,367,37.41,74891900,-11.191926438963828
rlh267_bluelightbasal_JNL_10off_20on_20off,368,37.51,75209500,-10.815311021769377
rlh267_bluelightbasal_JNL_10off_20on_20off,369,37.61,75516500,-10.45126526270547
rlh267_bluelightbasal_JNL_10off_20on_20off,370,37.71,74933600,-11.142477878204984
rlh267_bluelightbasal_JNL_10off_20on_20off,371,37.81,74897600,-11.185167283176646
rlh267_bluelightbasal_JNL_10off_20on_20off,372,37.91,75055600,-10.997808228023235
rlh267_bluelightbasal_JNL_10off_20on_20off,373,38.01,75225300,-10.796575116254035
rlh267_bluelightbasal_JNL_10off_20on_20off,374,38.11,74900900,-11.18125408772091
rlh267_bluelightbasal_JNL_10off_20on_20off,375,38.21,75111000,-10.932113977039066
rlh267_bluelightbasal_JNL_10off_20on_20off,376,38.31,75082800,-10.965554010933536
rlh267_bluelightbasal_JNL_10off_20on_20off,377,38.41,75315300,-10.689851603824877
rlh267_bluelightbasal_JNL_10off_20on_20off,378,38.51,74745200,-11.365885764223355
rlh267_bluelightbasal_JNL_10off_20on_20off,379,38.61,75068100,-10.98298551796363
rlh267_bluelightbasal_JNL_10off_20on_20off,380,38.71,74982400,-11.084610018132285
rlh267_bluelightbasal_JNL_10off_20on_20off,381,38.81,75065800,-10.985712896614599
rlh267_bluelightbasal_JNL_10off_20on_20off,382,38.91,75111500,-10.93152106863668
rlh267_bluelightbasal_JNL_10off_20on_20off,383,39.01,74945500,-11.12836665822824
rlh267_bluelightbasal_JNL_10off_20on_20off,384,39.11,74629700,-11.502847605174107
rlh267_bluelightbasal_JNL_10off_20on_20off,385,39.21,75211300,-10.813176551520792
rlh267_bluelightbasal_JNL_10off_20on_20off,386,39.31,75225000,-10.796930861295467
rlh267_bluelightbasal_JNL_10off_20on_20off,387,39.41,75028700,-11.029706700071507
rlh267_bluelightbasal_JNL_10off_20on_20off,388,39.51,74711600,-11.405729208863573
rlh267_bluelightbasal_JNL_10off_20on_20off,389,39.61,75293300,-10.715939573529782
rlh267_bluelightbasal_JNL_10off_20on_20off,390,39.71,74979500,-11.088048886866114
rlh267_bluelightbasal_JNL_10off_20on_20off,391,39.81,74247400,-11.956185369637074
rlh267_bluelightbasal_JNL_10off_20on_20off,392,39.91,74868700,-11.219437388834454
rlh267_bluelightbasal_JNL_10off_20on_20off,393,40.01,74464800,-11.698388796280419
rlh267_bluelightbasal_JNL_10off_20on_20off,394,40.11,74425300,-11.745228560068773
rlh267_bluelightbasal_JNL_10off_20on_20off,395,40.21,74636400,-11.494902632582159
rlh267_bluelightbasal_JNL_10off_20on_20off,396,40.31,74565300,-11.579214207401193
rlh267_bluelightbasal_JNL_10off_20on_20off,397,40.41,74577300,-11.564984405743973
rlh267_bluelightbasal_JNL_10off_20on_20off,398,40.51,74537700,-11.611942751212801
rlh267_bluelightbasal_JNL_10off_20on_20off,399,40.61,74679400,-11.443912509977118
rlh267_bluelightbasal_JNL_10off_20on_20off,400,40.71,74417600,-11.754359349465489
rlh267_bluelightbasal_JNL_10off_20on_20off,401,40.81,74751100,-11.35888944507522
rlh267_bluelightbasal_JNL_10off_20on_20off,402,40.91,74658300,-11.46893324455773
rlh267_bluelightbasal_JNL_10off_20on_20off,403,41.01,74505000,-11.650718960728728
rlh267_bluelightbasal_JNL_10off_20on_20off,404,41.11,74296900,-11.897487437801038
rlh267_bluelightbasal_JNL_10off_20on_20off,405,41.21,74230200,-11.97658141867909
rlh267_bluelightbasal_JNL_10off_20on_20off,406,41.31,74279000,-11.918713558606392
rlh267_bluelightbasal_JNL_10off_20on_20off,407,41.41,74319500,-11.87068797801327
rlh267_bluelightbasal_JNL_10off_20on_20off,408,41.51,73867900,-12.406202847046691
rlh267_bluelightbasal_JNL_10off_20on_20off,409,41.61,74131700,-12.09338437394878
rlh267_bluelightbasal_JNL_10off_20on_20off,410,41.71,74534000,-11.616330273390444
rlh267_bluelightbasal_JNL_10off_20on_20off,411,41.81,73873600,-12.399443691259512
rlh267_bluelightbasal_JNL_10off_20on_20off,412,41.91,74097600,-12.133820726991384
rlh267_bluelightbasal_JNL_10off_20on_20off,413,42.01,74344500,-11.84104255789406
rlh267_bluelightbasal_JNL_10off_20on_20off,414,42.11,73604300,-12.718784156783647
rlh267_bluelightbasal_JNL_10off_20on_20off,415,42.21,74199200,-12.013341739626911
rlh267_bluelightbasal_JNL_10off_20on_20off,416,42.31,74426400,-11.743924161583527
rlh267_bluelightbasal_JNL_10off_20on_20off,417,42.41,73801800,-12.484585337841883
rlh267_bluelightbasal_JNL_10off_20on_20off,418,42.51,73021100,-13.41035251732459
rlh267_bluelightbasal_JNL_10off_20on_20off,419,42.61,74153600,-12.067414985924353
rlh267_bluelightbasal_JNL_10off_20on_20off,420,42.71,73530400,-12.806416018656034
rlh267_bluelightbasal_JNL_10off_20on_20off,421,42.81,73316500,-13.060062233195998
rlh267_bluelightbasal_JNL_10off_20on_20off,422,42.91,73562900,-12.76787697250106
rlh267_bluelightbasal_JNL_10off_20on_20off,423,43.01,73689700,-12.617515401656423
rlh267_bluelightbasal_JNL_10off_20on_20off,424,43.11,73249700,-13.13927479575453
rlh267_bluelightbasal_JNL_10off_20on_20off,425,43.21,73595100,-12.729693671387516
rlh267_bluelightbasal_JNL_10off_20on_20off,426,43.31,73214300,-13.181252710643331
rlh267_bluelightbasal_JNL_10off_20on_20off,427,43.41,73381700,-12.982746977525098
rlh267_bluelightbasal_JNL_10off_20on_20off,428,43.51,73069000,-13.353551892376183
rlh267_bluelightbasal_JNL_10off_20on_20off,429,43.61,73210400,-13.185877396181928
rlh267_bluelightbasal_JNL_10off_20on_20off,430,43.71,73491500,-12.852544292361525
rlh267_bluelightbasal_JNL_10off_20on_20off,431,43.81,73018700,-13.413198477656035
rlh267_bluelightbasal_JNL_10off_20on_20off,432,43.91,73510200,-12.830369518112356
rlh267_bluelightbasal_JNL_10off_20on_20off,433,44.01,73189300,-13.21089813076254
rlh267_bluelightbasal_JNL_10off_20on_20off,434,44.11,73247900,-13.141409266003112
rlh267_bluelightbasal_JNL_10off_20on_20off,435,44.21,73534700,-12.801317006395529
rlh267_bluelightbasal_JNL_10off_20on_20off,436,44.31,73068700,-13.353907637417613
rlh267_bluelightbasal_JNL_10off_20on_20off,437,44.41,73056400,-13.368493184116264
rlh267_bluelightbasal_JNL_10off_20on_20off,438,44.51,73553600,-12.778905068785406
rlh267_bluelightbasal_JNL_10off_20on_20off,439,44.61,73186400,-13.214336999496371
rlh267_bluelightbasal_JNL_10off_20on_20off,440,44.71,72799400,-13.673248102941749
rlh267_bluelightbasal_JNL_10off_20on_20off,441,44.81,73115100,-13.298885737676358
rlh267_bluelightbasal_JNL_10off_20on_20off,442,44.91,73551000,-12.781988192477803
rlh267_bluelightbasal_JNL_10off_20on_20off,443,45.01,72978000,-13.46146122161011
rlh267_bluelightbasal_JNL_10off_20on_20off,444,45.11,73140200,-13.269121735876672
rlh267_bluelightbasal_JNL_10off_20on_20off,445,45.21,73285600,-13.096703972463342
rlh267_bluelightbasal_JNL_10off_20on_20off,446,45.31,73185500,-13.215404234620662
rlh267_bluelightbasal_JNL_10off_20on_20off,447,45.41,73388000,-12.975276331655056
rlh267_bluelightbasal_JNL_10off_20on_20off,448,45.51,72974000,-13.466204488829185
rlh267_bluelightbasal_JNL_10off_20on_20off,449,45.61,73208600,-13.18801186643051
rlh267_bluelightbasal_JNL_10off_20on_20off,450,45.71,72587600,-13.924404102191701
rlh267_bluelightbasal_JNL_10off_20on_20off,451,45.81,73033700,-13.395411225584509
rlh267_bluelightbasal_JNL_10off_20on_20off,452,45.91,73115400,-13.298529992634927
rlh267_bluelightbasal_JNL_10off_20on_20off,453,46.01,72668100,-13.828945849407843
rlh267_bluelightbasal_JNL_10off_20on_20off,454,46.11,73069100,-13.353433310695706
rlh267_bluelightbasal_JNL_10off_20on_20off,455,46.21,73049400,-13.376793901749645
rlh267_bluelightbasal_JNL_10off_20on_20off,456,46.31,73179600,-13.222400553768795
rlh267_bluelightbasal_JNL_10off_20on_20off,457,46.41,73029000,-13.40098456456692
rlh267_bluelightbasal_JNL_10off_20on_20off,458,46.51,73086100,-13.333274425014643
rlh267_bluelightbasal_JNL_10off_20on_20off,459,46.61,72941300,-13.50498069834511
rlh267_bluelightbasal_JNL_10off_20on_20off,460,46.71,72715000,-13.773331041264203
rlh267_bluelightbasal_JNL_10off_20on_20off,461,46.81,72743500,-13.739535262328303
rlh267_bluelightbasal_JNL_10off_20on_20off,462,46.91,72790000,-13.684394780906572
rlh267_bluelightbasal_JNL_10off_20on_20off,463,47.01,72838500,-13.626882665875304
rlh267_bluelightbasal_JNL_10off_20on_20off,464,47.11,72758100,-13.722222336978685
rlh267_bluelightbasal_JNL_10off_20on_20off,465,47.21,72736400,-13.747954561642159
rlh267_bluelightbasal_JNL_10off_20on_20off,466,47.31,72417400,-14.126230122363287
rlh267_bluelightbasal_JNL_10off_20on_20off,467,47.41,73020300,-13.411301170768406
rlh267_bluelightbasal_JNL_10off_20on_20off,468,47.51,72721000,-13.766216140435594
rlh267_bluelightbasal_JNL_10off_20on_20off,469,47.61,72432300,-14.108561451972237
rlh267_bluelightbasal_JNL_10off_20on_20off,470,47.71,72951200,-13.493241111977902
rlh267_bluelightbasal_JNL_10off_20on_20off,471,47.81,72785900,-13.689256629806124
rlh267_bluelightbasal_JNL_10off_20on_20off,472,47.91,72398500,-14.14864205997341
rlh267_bluelightbasal_JNL_10off_20on_20off,473,48.01,72386500,-14.162871861630629
rlh267_bluelightbasal_JNL_10off_20on_20off,474,48.11,72367300,-14.185639544282186
rlh267_bluelightbasal_JNL_10off_20on_20off,475,48.21,72591500,-13.919779416653105
rlh267_bluelightbasal_JNL_10off_20on_20off,476,48.31,72231200,-14.347029211411167
rlh267_bluelightbasal_JNL_10off_20on_20off,477,48.41,71984200,-14.639925962188968
rlh267_bluelightbasal_JNL_10off_20on_20off,478,48.51,72581900,-13.931163257978882
rlh267_bluelightbasal_JNL_10off_20on_20off,479,48.61,72382100,-14.16808945557161
rlh267_bluelightbasal_JNL_10off_20on_20off,480,48.71,72694200,-13.797996030803386
rlh267_bluelightbasal_JNL_10off_20on_20off,481,48.81,72226900,-14.35212822367167
rlh267_bluelightbasal_JNL_10off_20on_20off,482,48.91,72179000,-14.408928848620079
rlh267_bluelightbasal_JNL_10off_20on_20off,483,49.01,72410100,-14.134886585038094
rlh267_bluelightbasal_JNL_10off_20on_20off,484,49.11,72320600,-14.24101718906487
rlh267_bluelightbasal_JNL_10off_20on_20off,485,49.21,72025600,-14.590833146471555
rlh267_bluelightbasal_JNL_10off_20on_20off,486,49.31,72053200,-14.558104602659947
rlh267_bluelightbasal_JNL_10off_20on_20off,487,49.41,72057800,-14.552649845358012
rlh267_bluelightbasal_JNL_10off_20on_20off,488,49.51,72267600,-14.303865479717595
rlh267_bluelightbasal_JNL_10off_20on_20off,489,49.61,72191700,-14.39386897519952
rlh267_bluelightbasal_JNL_10off_20on_20off,490,49.71,72173400,-14.415569422726781
rlh267_bluelightbasal_JNL_10off_20on_20off,491,49.81,72218400,-14.362207666512203
rlh267_bluelightbasal_JNL_10off_20on_20off,492,49.91,72208300,-14.374184416240363
rlh267_bluelightbasal_JNL_10off_20on_20off,493,50.01,72015000,-14.6034028046021
rlh267_bluelightbasal_JNL_10off_20on_20off,494,50.11,72004900,-14.61537955433026
rlh267_bluelightbasal_JNL_10off_20on_20off,495,50.21,71651400,-15.034565794815899
rlh267_bluelightbasal_JNL_10off_20on_20off,496,50.31,71799300,-14.859183489390649
rlh267_bluelightbasal_JNL_10off_20on_20off,497,50.41,71915000,-14.721984485078943
rlh267_bluelightbasal_JNL_10off_20on_20off,498,50.51,71769800,-14.894165085131316
rlh267_bluelightbasal_JNL_10off_20on_20off,499,50.61,72068500,-14.539961605546988
rlh267_bluelightbasal_JNL_10off_20on_20off,500,50.71,71166100,-15.610042690170012
rlh267_bluelightbasal_JNL_10off_20on_20off,501,50.81,71574400,-15.125873688783068
rlh267_bluelightbasal_JNL_10off_20on_20off,502,50.91,71275200,-15.480670076769778
rlh267_bluelightbasal_JNL_10off_20on_20off,503,51.01,71445500,-15.278725474917715
rlh267_bluelightbasal_JNL_10off_20on_20off,504,51.11,71284000,-15.470234888887816
rlh267_bluelightbasal_JNL_10off_20on_20off,505,51.21,71766600,-14.897959698906577
rlh267_bluelightbasal_JNL_10off_20on_20off,506,51.31,71767600,-14.896773882101808
rlh267_bluelightbasal_JNL_10off_20on_20off,507,51.411,71670700,-15.011679530483867
rlh267_bluelightbasal_JNL_10off_20on_20off,508,51.511,71780800,-14.881121100278863
rlh267_bluelightbasal_JNL_10off_20on_20off,509,51.612,71855700,-14.79230342160171
rlh267_bluelightbasal_JNL_10off_20on_20off,510,51.712,71220400,-15.545652837671087
rlh267_bluelightbasal_JNL_10off_20on_20off,511,51.812,71681700,-14.998635545631414
rlh267_bluelightbasal_JNL_10off_20on_20off,512,51.912,71527400,-15.18160707860718
rlh267_bluelightbasal_JNL_10off_20on_20off,513,52.012,71176100,-15.59818452212233
rlh267_bluelightbasal_JNL_10off_20on_20off,514,52.112,71584000,-15.114489847457287
rlh267_bluelightbasal_JNL_10off_20on_20off,515,52.212,71121000,-15.663523028065068
rlh267_bluelightbasal_JNL_10off_20on_20off,516,52.312,71281700,-15.472962267538785
rlh267_bluelightbasal_JNL_10off_20on_20off,517,52.412,71293300,-15.459206792603469
rlh267_bluelightbasal_JNL_10off_20on_20off,518,52.512,71170200,-15.605180841270464
rlh267_bluelightbasal_JNL_10off_20on_20off,519,52.612,70994400,-15.81364743554875
rlh267_bluelightbasal_JNL_10off_20on_20off,520,52.712,71056800,-15.7396524669312
rlh267_bluelightbasal_JNL_10off_20on_20off,521,52.812,70871400,-15.959502902535267
rlh267_bluelightbasal_JNL_10off_20on_20off,522,52.912,70987600,-15.821710989821176
rlh267_bluelightbasal_JNL_10off_20on_20off,523,53.012,71344500,-15.398492972199326
rlh267_bluelightbasal_JNL_10off_20on_20off,524,53.112,70992400,-15.816019069158289
rlh267_bluelightbasal_JNL_10off_20on_20off,525,53.212,70753200,-16.099666448858894
rlh267_bluelightbasal_JNL_10off_20on_20off,526,53.322,71147900,-15.6316245560168
rlh267_bluelightbasal_JNL_10off_20on_20off,527,53.412,70987500,-15.821829571501652
rlh267_bluelightbasal_JNL_10off_20on_20off,528,53.512,70780000,-16.0678865584911
rlh267_bluelightbasal_JNL_10off_20on_20off,529,53.612,71528000,-15.18089558852432
rlh267_bluelightbasal_JNL_10off_20on_20off,530,53.712,71366900,-15.371930675772512
rlh267_bluelightbasal_JNL_10off_20on_20off,531,53.812,71047900,-15.750206236493641
rlh267_bluelightbasal_JNL_10off_20on_20off,532,53.912,71380100,-15.35627789394957
rlh267_bluelightbasal_JNL_10off_20on_20off,533,54.012,70875100,-15.955115380357624
rlh267_bluelightbasal_JNL_10off_20on_20off,534,54.112,70873800,-15.956656942203823
rlh267_bluelightbasal_JNL_10off_20on_20off,535,54.212,70838700,-15.998279112051195
rlh267_bluelightbasal_JNL_10off_20on_20off,536,54.312,70960900,-15.853372298508491
rlh267_bluelightbasal_JNL_10off_20on_20off,537,54.412,71062400,-15.733011892824496
rlh267_bluelightbasal_JNL_10off_20on_20off,538,54.512,70595600,-16.2865511772904
rlh267_bluelightbasal_JNL_10off_20on_20off,539,54.612,71178600,-15.595219980110409
rlh267_bluelightbasal_JNL_10off_20on_20off,540,54.712,70958400,-15.856336840520413
rlh267_bluelightbasal_JNL_10off_20on_20off,541,54.812,70869900,-15.96128162774242
rlh267_bluelightbasal_JNL_10off_20on_20off,542,54.912,70985900,-15.823726878389282
rlh267_bluelightbasal_JNL_10off_20on_20off,543,55.012,71331100,-15.414382917383223
rlh267_bluelightbasal_JNL_10off_20on_20off,544,55.112,71778300,-14.884085642290785
rlh267_bluelightbasal_JNL_10off_20on_20off,545,55.212,70972500,-15.83961682357318
rlh267_bluelightbasal_JNL_10off_20on_20off,546,55.312,71163300,-15.613362977223364
rlh267_bluelightbasal_JNL_10off_20on_20off,547,55.412,71255600,-15.50391208614324
rlh267_bluelightbasal_JNL_10off_20on_20off,548,55.512,71421100,-15.307659404954066
rlh267_bluelightbasal_JNL_10off_20on_20off,549,55.612,71451700,-15.27137341072815
rlh267_bluelightbasal_JNL_10off_20on_20off,550,55.712,70829900,-16.008714299933153
rlh267_bluelightbasal_JNL_10off_20on_20off,551,55.812,71682700,-14.997449728826645
rlh267_bluelightbasal_JNL_10off_20on_20off,552,55.912,71137700,-15.643719887425437
rlh267_bluelightbasal_JNL_10off_20on_20off,553,56.012,71401900,-15.330427087605619
rlh267_bluelightbasal_JNL_10off_20on_20off,554,56.112,71301400,-15.449601676484845
rlh267_bluelightbasal_JNL_10off_20on_20off,555,56.212,71281900,-15.472725104177828
rlh267_bluelightbasal_JNL_10off_20on_20off,556,56.312,71292000,-15.460748354449668
rlh267_bluelightbasal_JNL_10off_20on_20off,557,56.412,71676300,-15.005038956377165
rlh267_bluelightbasal_JNL_10off_20on_20off,558,56.512,71269800,-15.487073487515527
rlh267_bluelightbasal_JNL_10off_20on_20off,559,56.612,71278600,-15.476638299633565
rlh267_bluelightbasal_JNL_10off_20on_20off,560,56.712,70995400,-15.812461618743983
rlh267_bluelightbasal_JNL_10off_20on_20off,561,56.812,71174600,-15.599963247329482
rlh267_bluelightbasal_JNL_10off_20on_20off,562,56.912,70713900,-16.146269049286293
rlh267_bluelightbasal_JNL_10off_20on_20off,563,57.012,71414500,-15.315485795865536
rlh267_bluelightbasal_JNL_10off_20on_20off,564,57.112,71058600,-15.737517996682618
rlh267_bluelightbasal_JNL_10off_20on_20off,565,57.212,71270800,-15.48588767071076
rlh267_bluelightbasal_JNL_10off_20on_20off,566,57.312,71729200,-14.942309247404914
rlh267_bluelightbasal_JNL_10off_20on_20off,567,57.412,71115400,-15.670163602171773
rlh267_bluelightbasal_JNL_10off_20on_20off,568,57.512,71258400,-15.500591799089888
rlh267_bluelightbasal_JNL_10off_20on_20off,569,57.612,70901900,-15.923335489989828
rlh267_bluelightbasal_JNL_10off_20on_20off,570,57.712,70898900,-15.926892940404136
rlh267_bluelightbasal_JNL_10off_20on_20off,571,57.812,71134300,-15.64775166456165
rlh267_bluelightbasal_JNL_10off_20on_20off,572,57.912,71202000,-15.567471866878826
rlh267_bluelightbasal_JNL_10off_20on_20off,573,58.012,71478100,-15.240067847082264
rlh267_bluelightbasal_JNL_10off_20on_20off,574,58.112,71140700,-15.640162437011131
rlh267_bluelightbasal_JNL_10off_20on_20off,575,58.212,71249500,-15.511145568652326
rlh267_bluelightbasal_JNL_10off_20on_20off,576,58.312,71351200,-15.39054799960738
rlh267_bluelightbasal_JNL_10off_20on_20off,577,58.412,70722100,-16.136545351487193
rlh267_bluelightbasal_JNL_10off_20on_20off,578,58.512,70932000,-15.8876424041663
rlh267_bluelightbasal_JNL_10off_20on_20off,579,58.612,71242200,-15.519802031327137
rlh267_bluelightbasal_JNL_10off_20on_20off,580,58.712,70451100,-16.457901705579435
rlh267_bluelightbasal_JNL_10off_20on_20off,581,58.812,70749200,-16.10440971607797
rlh267_bluelightbasal_JNL_10off_20on_20off,582,58.912,70945700,-15.871396713940971
rlh267_bluelightbasal_JNL_10off_20on_20off,583,59.012,71057700,-15.738585231806908
rlh267_bluelightbasal_JNL_10off_20on_20off,584,59.112,70477800,-16.426240396892116
rlh267_bluelightbasal_JNL_10off_20on_20off,585,59.212,70169800,-16.791471972760792
rlh267_bluelightbasal_JNL_10off_20on_20off,586,59.312,70765800,-16.08472515711881
rlh267_bluelightbasal_JNL_10off_20on_20off,587,59.412,70329900,-16.601622702317368
rlh267_bluelightbasal_JNL_10off_20on_20off,588,59.512,70949000,-15.867483518485237
rlh267_bluelightbasal_JNL_10off_20on_20off,589,59.612,70260600,-16.68379980688782
rlh267_bluelightbasal_JNL_10off_20on_20off,590,59.712,70474400,-16.430272174028328
rlh267_bluelightbasal_JNL_10off_20on_20off,591,59.812,70638600,-16.235561054685355
rlh267_bluelightbasal_JNL_10off_20on_20off,592,59.912,70433900,-16.47829775462145
rlh267_bluelightbasal_JNL_10off_20on_20off,593,60.012,70452700,-16.456004398691803
rlh267_bluelightbasal_JNL_10off_20on_20off,594,60.112,70506200,-16.392563199636694
rlh267_bluelightbasal_JNL_10off_20on_20off,595,60.212,70226700,-16.72399899656947
rlh267_bluelightbasal_JNL_10off_20on_20off,596,60.312,70512300,-16.385329717127604
rlh267_bluelightbasal_JNL_10off_20on_20off,597,60.412,70449400,-16.45991759414754
rlh267_bluelightbasal_JNL_10off_20on_20off,598,60.512,70503700,-16.395527741648618
rlh267_bluelightbasal_JNL_10off_20on_20off,599,60.612,70369300,-16.55490152020949
rlh267_bluelightbasal_JNL_10off_20on_20off,600,60.712,70360100,-16.56581103481336
