stim_jnl,frame,time_s,fluor,dff
rlh267_bluelightbasal_JNL_10off_20on_20off,2,0.1,74862400,1.9883724343758662
rlh267_bluelightbasal_JNL_10off_20on_20off,3,0.2,74499300,1.493705177770122
rlh267_bluelightbasal_JNL_10off_20on_20off,4,0.3,74071900,0.9114391753650128
rlh267_bluelightbasal_JNL_10off_20on_20off,5,0.4,73779600,0.5132259032475269
rlh267_bluelightbasal_JNL_10off_20on_20off,6,0.5,73469200,0.09035419724250617
rlh267_bluelightbasal_JNL_10off_20on_20off,7,0.6,73285000,-0.16058964375660736
rlh267_bluelightbasal_JNL_10off_20on_20off,8,0.7,73414200,0.01542525449032786
rlh267_bluelightbasal_JNL_10off_20on_20off,9,0.8,73124600,-0.3791096877102328
rlh267_bluelightbasal_JNL_10off_20on_20off,10,0.9,73050800,-0.47965070543951926
rlh267_bluelightbasal_JNL_10off_20on_20off,11,1,73617700,0.2926623426733876
rlh267_bluelightbasal_JNL_10off_20on_20off,12,1.1,73504300,0.13817248616253267
rlh267_bluelightbasal_JNL_10off_20on_20off,13,1.2,73128200,-0.3742052478209993
rlh267_bluelightbasal_JNL_10off_20on_20off,14,1.3,73004500,-0.5427272517927166
rlh267_bluelightbasal_JNL_10off_20on_20off,15,1.4,73294800,-0.14723866850258283
rlh267_bluelightbasal_JNL_10off_20on_20off,16,1.5,73062600,-0.46357504135814287
rlh267_bluelightbasal_JNL_10off_20on_20off,17,1.6,73392000,-0.014818791493278655
rlh267_bluelightbasal_JNL_10off_20on_20off,18,1.7,73004300,-0.5429997206754519
rlh267_bluelightbasal_JNL_10off_20on_20off,19,1.8,73229300,-0.23647222759835881
rlh267_bluelightbasal_JNL_10off_20on_20off,20,1.9,73442600,0.05411583583872538
rlh267_bluelightbasal_JNL_10off_20on_20off,21,2,73337800,-0.08865785871451617
rlh267_bluelightbasal_JNL_10off_20on_20off,22,2.1,73489500,0.11800978884012833
rlh267_bluelightbasal_JNL_10off_20on_20off,23,2.2,72911600,-0.6692890478232142
rlh267_bluelightbasal_JNL_10off_20on_20off,24,2.3,73064500,-0.4609865869721585
rlh267_bluelightbasal_JNL_10off_20on_20off,25,2.4,73304100,-0.13456886545539634
rlh267_bluelightbasal_JNL_10off_20on_20off,26,2.5,73413000,0.013790441193916697
rlh267_bluelightbasal_JNL_10off_20on_20off,27,2.6,73294200,-0.14805607515078842
rlh267_bluelightbasal_JNL_10off_20on_20off,28,2.7,73461700,0.08013661413993639
rlh267_bluelightbasal_JNL_10off_20on_20off,29,2.8,73501500,0.13435792180423997
rlh267_bluelightbasal_JNL_10off_20on_20off,30,2.9,73430800,0.038040171757348945
rlh267_bluelightbasal_JNL_10off_20on_20off,31,3,73562900,0.21800586880394449
rlh267_bluelightbasal_JNL_10off_20on_20off,32,3.1,73596800,0.2641893444275598
rlh267_bluelightbasal_JNL_10off_20on_20off,33,3.2,73731400,0.4475609025083453
rlh267_bluelightbasal_JNL_10off_20on_20off,34,3.3,73616200,0.29061882605287365
rlh267_bluelightbasal_JNL_10off_20on_20off,35,3.4,73708300,0.41609074655243034
rlh267_bluelightbasal_JNL_10off_20on_20off,36,3.5,73471200,0.09307888606985809
rlh267_bluelightbasal_JNL_10off_20on_20off,37,3.6,73660800,0.35137938690282183
rlh267_bluelightbasal_JNL_10off_20on_20off,38,3.7,73465900,0.08585846067737546
rlh267_bluelightbasal_JNL_10off_20on_20off,39,3.8,73853400,0.6137669209768134
rlh267_bluelightbasal_JNL_10off_20on_20off,40,3.9,73472800,0.09525863713173965
rlh267_bluelightbasal_JNL_10off_20on_20off,41,4,73460500,0.07850180084352522
rlh267_bluelightbasal_JNL_10off_20on_20off,42,4.1,73671800,0.3663651754532575
rlh267_bluelightbasal_JNL_10off_20on_20off,43,4.2,73775800,0.5080489944755583
rlh267_bluelightbasal_JNL_10off_20on_20off,44,4.3,74025200,0.8478176912463449
rlh267_bluelightbasal_JNL_10off_20on_20off,45,4.4,73598100,0.26596039216533857
rlh267_bluelightbasal_JNL_10off_20on_20off,46,4.5,73689100,0.38993373380985175
rlh267_bluelightbasal_JNL_10off_20on_20off,47,4.6,73201700,-0.27407293341581557
rlh267_bluelightbasal_JNL_10off_20on_20off,48,4.7,73477000,0.10098048366917872
rlh267_bluelightbasal_JNL_10off_20on_20off,49,4.8,73636000,0.3175932454436578
rlh267_bluelightbasal_JNL_10off_20on_20off,50,4.9,73595900,0.26296323445525144
rlh267_bluelightbasal_JNL_10off_20on_20off,51,5,73907100,0.686924815991213
rlh267_bluelightbasal_JNL_10off_20on_20off,52,5.1,74095200,0.9431818002036627
rlh267_bluelightbasal_JNL_10off_20on_20off,53,5.2,73430100,0.03708653066777577
rlh267_bluelightbasal_JNL_10off_20on_20off,54,5.3,73723300,0.4365259127575699
rlh267_bluelightbasal_JNL_10off_20on_20off,55,5.4,73534000,0.17863411524870895
rlh267_bluelightbasal_JNL_10off_20on_20off,56,5.5,73603300,0.27304458311645363
rlh267_bluelightbasal_JNL_10off_20on_20off,57,5.61,73596000,0.263099468896619
rlh267_bluelightbasal_JNL_10off_20on_20off,58,5.7,73421500,0.025370368710162433
rlh267_bluelightbasal_JNL_10off_20on_20off,59,5.8,73681300,0.3793074473831792
rlh267_bluelightbasal_JNL_10off_20on_20off,60,5.91,73552000,0.2031563146948764
rlh267_bluelightbasal_JNL_10off_20on_20off,61,6,73381400,-0.029259642278243927
rlh267_bluelightbasal_JNL_10off_20on_20off,62,6.1,73795500,0.5348871794249749
rlh267_bluelightbasal_JNL_10off_20on_20off,63,6.2,73314500,-0.12040048355316625
rlh267_bluelightbasal_JNL_10off_20on_20off,64,6.3,73422700,0.027005182006573595
rlh267_bluelightbasal_JNL_10off_20on_20off,65,6.4,73362700,-0.05473548281398454
rlh267_bluelightbasal_JNL_10off_20on_20off,66,6.5,73438800,0.04893892706675669
rlh267_bluelightbasal_JNL_10off_20on_20off,67,6.6,73523400,0.1641932644637437
rlh267_bluelightbasal_JNL_10off_20on_20off,68,6.7,73756000,0.4810745750847741
rlh267_bluelightbasal_JNL_10off_20on_20off,69,6.8,73798000,0.5382930404591648
rlh267_bluelightbasal_JNL_10off_20on_20off,70,6.9,73522500,0.1629671544914353
rlh267_bluelightbasal_JNL_10off_20on_20off,71,7,73796100,0.5357045860731805
rlh267_bluelightbasal_JNL_10off_20on_20off,72,7.1,73707800,0.41540957434559234
rlh267_bluelightbasal_JNL_10off_20on_20off,73,7.2,73554000,0.20588100352222832
rlh267_bluelightbasal_JNL_10off_20on_20off,74,7.3,73665700,0.3580548745298341
rlh267_bluelightbasal_JNL_10off_20on_20off,75,7.4,73618300,0.29347974932159315
rlh267_bluelightbasal_JNL_10off_20on_20off,76,7.5,73848700,0.6073639022325364
rlh267_bluelightbasal_JNL_10off_20on_20off,77,7.6,73859700,0.6223496907829721
rlh267_bluelightbasal_JNL_10off_20on_20off,78,7.7,73371500,-0.04274685197363602
rlh267_bluelightbasal_JNL_10off_20on_20off,79,7.8,73661800,0.3527417313164978
rlh267_bluelightbasal_JNL_10off_20on_20off,80,7.9,73116500,-0.3901446774610081
rlh267_bluelightbasal_JNL_10off_20on_20off,81,8,73436800,0.04621423823940476
rlh267_bluelightbasal_JNL_10off_20on_20off,82,8.1,73271200,-0.17938999666533573
rlh267_bluelightbasal_JNL_10off_20on_20off,83,8.2,73891600,0.6658084775792354
rlh267_bluelightbasal_JNL_10off_20on_20off,84,8.3,73526100,0.16787159438066881
rlh267_bluelightbasal_JNL_10off_20on_20off,85,8.4,73490100,0.11882719548833391
rlh267_bluelightbasal_JNL_10off_20on_20off,86,8.5,73553100,0.20465489354991995
rlh267_bluelightbasal_JNL_10off_20on_20off,87,8.6,73905800,0.6851537682534343
rlh267_bluelightbasal_JNL_10off_20on_20off,88,8.709,73410700,0.010657049042461968
rlh267_bluelightbasal_JNL_10off_20on_20off,89,8.809,73732500,0.4490594813633888
rlh267_bluelightbasal_JNL_10off_20on_20off,90,8.909,73860300,0.6231670974311777
rlh267_bluelightbasal_JNL_10off_20on_20off,91,9.009,73499600,0.13176946741825563
rlh267_bluelightbasal_JNL_10off_20on_20off,92,9.109,73705800,0.41268488551824045
rlh267_bluelightbasal_JNL_10off_20on_20off,93,9.209,73180700,-0.3026821661030109
rlh267_bluelightbasal_JNL_10off_20on_20off,94,9.309,73456300,0.07277995430608616
rlh267_bluelightbasal_JNL_10off_20on_20off,95,9.409,73567000,0.22359148090001593
rlh267_bluelightbasal_JNL_10off_20on_20off,96,9.509,73375400,-0.03743370876029974
rlh267_bluelightbasal_JNL_10off_20on_20off,97,9.609,73638600,0.32113534091921536
rlh267_bluelightbasal_JNL_10off_20on_20off,98,9.709,73560400,0.21460000776975455
rlh267_bluelightbasal_JNL_10off_20on_20off,99,9.81,74003100,0.817709879704106
rlh267_bluelightbasal_JNL_10off_20on_20off,100,9.91,73726000,0.44020424267449504
rlh267_bluelightbasal_JNL_10off_20on_20off,101,10.01,73336800,-0.09002020312819214
rlh267_bluelightbasal_JNL_10off_20on_20off,102,10.11,73643800,0.32821953187033037
rlh267_bluelightbasal_JNL_10off_20on_20off,103,10.21,74042100,0.8708413118374688
rlh267_bluelightbasal_JNL_10off_20on_20off,104,10.31,73633700,0.31445985329220305
rlh267_bluelightbasal_JNL_10off_20on_20off,105,10.41,73362600,-0.05487171725535215
rlh267_bluelightbasal_JNL_10off_20on_20off,106,10.51,73690100,0.39129607822352774
rlh267_bluelightbasal_JNL_10off_20on_20off,107,10.61,73781700,0.5160868265162465
rlh267_bluelightbasal_JNL_10off_20on_20off,108,10.71,73546200,0.19525471709555575
rlh267_bluelightbasal_JNL_10off_20on_20off,109,10.81,73595700,0.26269076557251625
rlh267_bluelightbasal_JNL_10off_20on_20off,110,10.91,73316600,-0.11753956028444672
rlh267_bluelightbasal_JNL_10off_20on_20off,111,11.01,73496400,0.12740996529449253
rlh267_bluelightbasal_JNL_10off_20on_20off,112,11.11,73566400,0.22277407425181037
rlh267_bluelightbasal_JNL_10off_20on_20off,113,11.21,73726100,0.4403404771158626
rlh267_bluelightbasal_JNL_10off_20on_20off,114,11.31,73912700,0.6945539447077984
rlh267_bluelightbasal_JNL_10off_20on_20off,115,11.41,73771400,0.502054679055384
rlh267_bluelightbasal_JNL_10off_20on_20off,116,11.51,73463200,0.08218013076045035
rlh267_bluelightbasal_JNL_10off_20on_20off,117,11.61,73754800,0.47943976178836295
rlh267_bluelightbasal_JNL_10off_20on_20off,118,11.71,73555100,0.20737958237727191
rlh267_bluelightbasal_JNL_10off_20on_20off,119,11.81,73524400,0.16555560887741963
rlh267_bluelightbasal_JNL_10off_20on_20off,120,11.91,73362900,-0.05446301393124935
rlh267_bluelightbasal_JNL_10off_20on_20off,121,12.01,73569200,0.22658863861010303
rlh267_bluelightbasal_JNL_10off_20on_20off,122,12.11,73401000,-0.0025576917701949325
rlh267_bluelightbasal_JNL_10off_20on_20off,123,12.21,73523800,0.16473820222921406
rlh267_bluelightbasal_JNL_10off_20on_20off,124,12.31,73361100,-0.0569152338758661
rlh267_bluelightbasal_JNL_10off_20on_20off,125,12.41,73618500,0.29375221820432834
rlh267_bluelightbasal_JNL_10off_20on_20off,126,12.51,73627600,0.30614955236877966
rlh267_bluelightbasal_JNL_10off_20on_20off,127,12.61,73713100,0.422629999738075
rlh267_bluelightbasal_JNL_10off_20on_20off,128,12.71,73236400,-0.22679958226125946
rlh267_bluelightbasal_JNL_10off_20on_20off,129,12.81,73183700,-0.298595132861983
rlh267_bluelightbasal_JNL_10off_20on_20off,130,12.91,73399100,-0.005146146156179273
rlh267_bluelightbasal_JNL_10off_20on_20off,131,13.01,73294300,-0.14791984070942082
rlh267_bluelightbasal_JNL_10off_20on_20off,132,13.11,73643300,0.3275383596634924
rlh267_bluelightbasal_JNL_10off_20on_20off,133,13.21,73150000,-0.34450613960286314
rlh267_bluelightbasal_JNL_10off_20on_20off,134,13.31,73417400,0.019784756614090963
rlh267_bluelightbasal_JNL_10off_20on_20off,135,13.41,73371400,-0.042883086415003616
rlh267_bluelightbasal_JNL_10off_20on_20off,136,13.51,73567100,0.22372771534138353
rlh267_bluelightbasal_JNL_10off_20on_20off,137,13.61,73506500,0.1411696438726198
rlh267_bluelightbasal_JNL_10off_20on_20off,138,13.71,73596800,0.2641893444275598
rlh267_bluelightbasal_JNL_10off_20on_20off,139,13.81,73484000,0.1105168945649105
rlh267_bluelightbasal_JNL_10off_20on_20off,140,13.91,73534400,0.17917905301417936
rlh267_bluelightbasal_JNL_10off_20on_20off,141,14.01,73755700,0.48066587176067127
rlh267_bluelightbasal_JNL_10off_20on_20off,142,14.11,73740800,0.4603669399968993
rlh267_bluelightbasal_JNL_10off_20on_20off,143,14.21,73364200,-0.0526919661934706
rlh267_bluelightbasal_JNL_10off_20on_20off,144,14.31,73686900,0.3869365760997646
rlh267_bluelightbasal_JNL_10off_20on_20off,145,14.41,73494400,0.12468527646714057
rlh267_bluelightbasal_JNL_10off_20on_20off,146,14.51,73268900,-0.18252338881679042
rlh267_bluelightbasal_JNL_10off_20on_20off,147,14.61,73610800,0.28326216621902334
rlh267_bluelightbasal_JNL_10off_20on_20off,148,14.71,73363800,-0.053236903958940984
rlh267_bluelightbasal_JNL_10off_20on_20off,149,14.81,73491000,0.12005330546064229
rlh267_bluelightbasal_JNL_10off_20on_20off,150,14.91,73546100,0.19511848265418819
rlh267_bluelightbasal_JNL_10off_20on_20off,151,15.01,73355700,-0.06427189370971634
rlh267_bluelightbasal_JNL_10off_20on_20off,152,15.11,73461300,0.079591676374466
rlh267_bluelightbasal_JNL_10off_20on_20off,153,15.21,73689400,0.39034243713395456
rlh267_bluelightbasal_JNL_10off_20on_20off,154,15.31,74034800,0.8608961976176343
rlh267_bluelightbasal_JNL_10off_20on_20off,155,15.41,73631700,0.3117351644648511
rlh267_bluelightbasal_JNL_10off_20on_20off,156,15.51,73518900,0.15806271460220184
rlh267_bluelightbasal_JNL_10off_20on_20off,157,15.61,73629800,0.3091467100788668
rlh267_bluelightbasal_JNL_10off_20on_20off,158,15.71,73486200,0.11351405227499763
rlh267_bluelightbasal_JNL_10off_20on_20off,159,15.81,73771800,0.5025996168208544
rlh267_bluelightbasal_JNL_10off_20on_20off,160,15.91,73637800,0.32004546538827455
rlh267_bluelightbasal_JNL_10off_20on_20off,161,16.01,73620200,0.29606820370757747
rlh267_bluelightbasal_JNL_10off_20on_20off,162,16.11,73569600,0.22713357637557346
rlh267_bluelightbasal_JNL_10off_20on_20off,163,16.21,73756700,0.4820282161743472
rlh267_bluelightbasal_JNL_10off_20on_20off,164,16.31,73526700,0.16868900102887438
rlh267_bluelightbasal_JNL_10off_20on_20off,165,16.41,73692100,0.39402076705087963
rlh267_bluelightbasal_JNL_10off_20on_20off,166,16.51,73632500,0.3128250399957919
rlh267_bluelightbasal_JNL_10off_20on_20off,167,16.61,73596200,0.2633719377793542
rlh267_bluelightbasal_JNL_10off_20on_20off,168,16.71,73406700,0.005207671387758091
rlh267_bluelightbasal_JNL_10off_20on_20off,169,16.81,73645700,0.3308079862563147
rlh267_bluelightbasal_JNL_10off_20on_20off,170,16.91,73489600,0.11814602328149593
rlh267_bluelightbasal_JNL_10off_20on_20off,171,17.01,73876600,0.645373311374096
rlh267_bluelightbasal_JNL_10off_20on_20off,172,17.11,73507100,0.1419870505208254
rlh267_bluelightbasal_JNL_10off_20on_20off,173,17.21,73182300,-0.30050241504112934
rlh267_bluelightbasal_JNL_10off_20on_20off,174,17.31,74101400,0.9516283355684538
rlh267_bluelightbasal_JNL_10off_20on_20off,175,17.41,73682200,0.3805335573554876
rlh267_bluelightbasal_JNL_10off_20on_20off,176,17.51,73324500,-0.10677703941640658
rlh267_bluelightbasal_JNL_10off_20on_20off,177,17.61,73799500,0.5403365570796788
rlh267_bluelightbasal_JNL_10off_20on_20off,178,17.71,73819700,0.5678559142359333
rlh267_bluelightbasal_JNL_10off_20on_20off,179,17.81,73425500,0.03081974636486631
rlh267_bluelightbasal_JNL_10off_20on_20off,180,17.91,73241000,-0.22053279795834999
rlh267_bluelightbasal_JNL_10off_20on_20off,181,18.01,73213700,-0.25772480045170393
rlh267_bluelightbasal_JNL_10off_20on_20off,182,18.11,73490800,0.1197808365779071
rlh267_bluelightbasal_JNL_10off_20on_20off,183,18.21,73151500,-0.34246262298234925
rlh267_bluelightbasal_JNL_10off_20on_20off,184,18.31,73390500,-0.016862308113792607
rlh267_bluelightbasal_JNL_10off_20on_20off,185,18.41,73496800,0.1279549030599629
rlh267_bluelightbasal_JNL_10off_20on_20off,186,18.51,73698800,0.40314847462250863
rlh267_bluelightbasal_JNL_10off_20on_20off,187,18.61,73354700,-0.0656342381233923
rlh267_bluelightbasal_JNL_10off_20on_20off,188,18.71,73708600,0.4164994498765331
rlh267_bluelightbasal_JNL_10off_20on_20off,189,18.81,73426400,0.03204585633717468
rlh267_bluelightbasal_JNL_10off_20on_20off,190,18.91,73552400,0.2037012524603468
rlh267_bluelightbasal_JNL_10off_20on_20off,191,19.01,73881200,0.6516400956770054
rlh267_bluelightbasal_JNL_10off_20on_20off,192,19.11,73858600,0.6208511119279285
rlh267_bluelightbasal_JNL_10off_20on_20off,193,19.21,73352100,-0.06917633359894983
rlh267_bluelightbasal_JNL_10off_20on_20off,194,19.31,73654800,0.343205320420766
rlh267_bluelightbasal_JNL_10off_20on_20off,195,19.41,73908200,0.6884233948462566
rlh267_bluelightbasal_JNL_10off_20on_20off,196,19.51,73392900,-0.013592681520970283
rlh267_bluelightbasal_JNL_10off_20on_20off,197,19.61,73456200,0.07264371986471857
rlh267_bluelightbasal_JNL_10off_20on_20off,198,19.71,73447200,0.060382620141634834
rlh267_bluelightbasal_JNL_10off_20on_20off,199,19.81,73566300,0.22263783981044277
rlh267_bluelightbasal_JNL_10off_20on_20off,200,19.91,73610800,0.28326216621902334
rlh267_bluelightbasal_JNL_10off_20on_20off,201,20.01,73349200,-0.07312713239861013
rlh267_bluelightbasal_JNL_10off_20on_20off,202,20.11,73526200,0.1680078288220364
rlh267_bluelightbasal_JNL_10off_20on_20off,203,20.21,73596000,0.263099468896619
rlh267_bluelightbasal_JNL_10off_20on_20off,204,20.31,73594100,0.2605110145106347
rlh267_bluelightbasal_JNL_10off_20on_20off,205,20.41,73355900,-0.06399942482698114
rlh267_bluelightbasal_JNL_10off_20on_20off,206,20.51,73568400,0.22549876307916228
rlh267_bluelightbasal_JNL_10off_20on_20off,207,20.61,73752000,0.4756251974300702
rlh267_bluelightbasal_JNL_10off_20on_20off,208,20.71,73424500,0.02945740195119034
rlh267_bluelightbasal_JNL_10off_20on_20off,209,20.81,73518000,0.15683660462989343
rlh267_bluelightbasal_JNL_10off_20on_20off,210,20.91,73582500,0.24470781931199345
rlh267_bluelightbasal_JNL_10off_20on_20off,211,21.01,73602500,0.2719547075855128
rlh267_bluelightbasal_JNL_10off_20on_20off,212,21.11,73482800,0.10888208126849934
rlh267_bluelightbasal_JNL_10off_20on_20off,213,21.21,73604300,0.2744069275301296
rlh267_bluelightbasal_JNL_10off_20on_20off,214,21.31,73936400,0.7268415073119189
rlh267_bluelightbasal_JNL_10off_20on_20off,215,21.41,73850800,0.610224825501256
rlh267_bluelightbasal_JNL_10off_20on_20off,216,21.51,73818700,0.5664935698222574
rlh267_bluelightbasal_JNL_10off_20on_20off,217,21.61,73577300,0.23762362836087844
rlh267_bluelightbasal_JNL_10off_20on_20off,218,21.71,73494700,0.12509397979124337
rlh267_bluelightbasal_JNL_10off_20on_20off,219,21.81,73548200,0.1979794059229077
rlh267_bluelightbasal_JNL_10off_20on_20off,220,21.91,73646900,0.3324427995527259
rlh267_bluelightbasal_JNL_10off_20on_20off,221,22.01,73510400,0.14648278708595608
rlh267_bluelightbasal_JNL_10off_20on_20off,222,22.11,73291500,-0.15173440506771355
rlh267_bluelightbasal_JNL_10off_20on_20off,223,22.21,73362600,-0.05487171725535215
rlh267_bluelightbasal_JNL_10off_20on_20off,224,22.31,73563900,0.21936821321762043
rlh267_bluelightbasal_JNL_10off_20on_20off,225,22.41,73413100,0.013926675635284293
rlh267_bluelightbasal_JNL_10off_20on_20off,226,22.51,73390100,-0.017407245879262994
rlh267_bluelightbasal_JNL_10off_20on_20off,227,22.61,73295500,-0.14628502741300967
rlh267_bluelightbasal_JNL_10off_20on_20off,228,22.71,73217100,-0.25309282944520567
rlh267_bluelightbasal_JNL_10off_20on_20off,229,22.81,73770900,0.5013735068485461
rlh267_bluelightbasal_JNL_10off_20on_20off,230,22.91,73439600,0.05002880259769747
rlh267_bluelightbasal_JNL_10off_20on_20off,231,23.01,73296100,-0.1454676207648041
rlh267_bluelightbasal_JNL_10off_20on_20off,232,23.11,73523700,0.16460196778784647
rlh267_bluelightbasal_JNL_10off_20on_20off,233,23.21,73331300,-0.09751309740340998
rlh267_bluelightbasal_JNL_10off_20on_20off,234,23.31,73379800,-0.03143939334012548
rlh267_bluelightbasal_JNL_10off_20on_20off,235,23.41,73604300,0.2744069275301296
rlh267_bluelightbasal_JNL_10off_20on_20off,236,23.51,73277800,-0.17039852353507431
rlh267_bluelightbasal_JNL_10off_20on_20off,237,23.61,73452000,0.06692187332727949
rlh267_bluelightbasal_JNL_10off_20on_20off,238,23.71,73434000,0.04239967388111204
rlh267_bluelightbasal_JNL_10off_20on_20off,239,23.81,73239900,-0.22203137681339355
rlh267_bluelightbasal_JNL_10off_20on_20off,240,23.91,73538800,0.18517336843435359
rlh267_bluelightbasal_JNL_10off_20on_20off,241,24.01,73254000,-0.20282232058056238
rlh267_bluelightbasal_JNL_10off_20on_20off,242,24.11,73390200,-0.017271011437895396
rlh267_bluelightbasal_JNL_10off_20on_20off,243,24.21,73288200,-0.15623014163284427
rlh267_bluelightbasal_JNL_10off_20on_20off,244,24.31,73599200,0.26745897102038213
rlh267_bluelightbasal_JNL_10off_20on_20off,245,24.41,73209400,-0.2635828814305106
rlh267_bluelightbasal_JNL_10off_20on_20off,246,24.51,72959500,-0.6040327504081353
rlh267_bluelightbasal_JNL_10off_20on_20off,247,24.61,73384800,-0.02462767127174563
rlh267_bluelightbasal_JNL_10off_20on_20off,248,24.71,73232800,-0.23170402215049293
rlh267_bluelightbasal_JNL_10off_20on_20off,249,24.81,73020500,-0.5209297411739011
rlh267_bluelightbasal_JNL_10off_20on_20off,250,24.91,72978300,-0.578420675431027
rlh267_bluelightbasal_JNL_10off_20on_20off,251,25.01,72972800,-0.5859135697062449
rlh267_bluelightbasal_JNL_10off_20on_20off,252,25.11,72913200,-0.6671092967613326
rlh267_bluelightbasal_JNL_10off_20on_20off,253,25.21,72762500,-0.8724145999023011
rlh267_bluelightbasal_JNL_10off_20on_20off,254,25.31,73242900,-0.21794434357236564
rlh267_bluelightbasal_JNL_10off_20on_20off,255,25.41,73073000,-0.4494066594559128
rlh267_bluelightbasal_JNL_10off_20on_20off,256,25.51,72944900,-0.6239229788478043
rlh267_bluelightbasal_JNL_10off_20on_20off,257,25.61,72455800,-1.2902456315767208
rlh267_bluelightbasal_JNL_10off_20on_20off,258,25.71,73151900,-0.3419176852168788
rlh267_bluelightbasal_JNL_10off_20on_20off,259,25.81,73377600,-0.03443655105021261
rlh267_bluelightbasal_JNL_10off_20on_20off,260,25.91,72865400,-0.732229359735044
rlh267_bluelightbasal_JNL_10off_20on_20off,261,26.01,72318300,-1.4775679884571666
rlh267_bluelightbasal_JNL_10off_20on_20off,262,26.11,72510200,-1.2161340954727482
rlh267_bluelightbasal_JNL_10off_20on_20off,263,26.21,72581600,-1.118862704336284
rlh267_bluelightbasal_JNL_10off_20on_20off,264,26.31,72819100,-0.7953059060882414
rlh267_bluelightbasal_JNL_10off_20on_20off,265,26.41,72855500,-0.7457165694304361
rlh267_bluelightbasal_JNL_10off_20on_20off,266,26.51,72561800,-1.1458371237270681
rlh267_bluelightbasal_JNL_10off_20on_20off,267,26.61,72539800,-1.1758087008279394
rlh267_bluelightbasal_JNL_10off_20on_20off,268,26.71,72406400,-1.3575454456123137
rlh267_bluelightbasal_JNL_10off_20on_20off,269,26.81,72359900,-1.4208944608482463
rlh267_bluelightbasal_JNL_10off_20on_20off,270,26.91,72655400,-1.0183216866069975
rlh267_bluelightbasal_JNL_10off_20on_20off,271,27.01,72214900,-1.6184344008312617
rlh267_bluelightbasal_JNL_10off_20on_20off,272,27.11,72241100,-1.5827409771929515
rlh267_bluelightbasal_JNL_10off_20on_20off,273,27.21,72188900,-1.653855355586837
rlh267_bluelightbasal_JNL_10off_20on_20off,274,27.31,71961600,-1.9635162408153848
rlh267_bluelightbasal_JNL_10off_20on_20off,275,27.41,71935600,-1.99893719557096
rlh267_bluelightbasal_JNL_10off_20on_20off,276,27.51,72335100,-1.4546806023074104
rlh267_bluelightbasal_JNL_10off_20on_20off,277,27.61,71939400,-1.9937602867989914
rlh267_bluelightbasal_JNL_10off_20on_20off,278,27.71,72315700,-1.4811100839327243
rlh267_bluelightbasal_JNL_10off_20on_20off,279,27.81,72095400,-1.78123455826554
rlh267_bluelightbasal_JNL_10off_20on_20off,280,27.91,72109800,-1.761616798708606
rlh267_bluelightbasal_JNL_10off_20on_20off,281,28.01,72028600,-1.872239165099095
rlh267_bluelightbasal_JNL_10off_20on_20off,282,28.11,72764900,-0.8691449733094788
rlh267_bluelightbasal_JNL_10off_20on_20off,283,28.21,71959900,-1.9658322263186339
rlh267_bluelightbasal_JNL_10off_20on_20off,284,28.31,72114600,-1.7550775455229615
rlh267_bluelightbasal_JNL_10off_20on_20off,285,28.41,71992200,-1.9218285017569
rlh267_bluelightbasal_JNL_10off_20on_20off,286,28.51,72175600,-1.6719745362887273
rlh267_bluelightbasal_JNL_10off_20on_20off,287,28.61,71955400,-1.9719627761801757
rlh267_bluelightbasal_JNL_10off_20on_20off,288,28.71,72016300,-1.8889960013873095
rlh267_bluelightbasal_JNL_10off_20on_20off,289,28.81,71755400,-2.24443165891537
rlh267_bluelightbasal_JNL_10off_20on_20off,290,28.91,72688900,-0.9726831487488525
rlh267_bluelightbasal_JNL_10off_20on_20off,291,29.01,73122200,-0.3823793143030551
rlh267_bluelightbasal_JNL_10off_20on_20off,292,29.11,71724700,-2.2862556324152217
rlh267_bluelightbasal_JNL_10off_20on_20off,293,29.21,71486400,-2.6109023061942054
rlh267_bluelightbasal_JNL_10off_20on_20off,294,29.31,71073400,-3.17355054904238
rlh267_bluelightbasal_JNL_10off_20on_20off,295,29.41,71381600,-2.753676000747447
rlh267_bluelightbasal_JNL_10off_20on_20off,296,29.51,71436900,-2.6783383546711654
rlh267_bluelightbasal_JNL_10off_20on_20off,297,29.61,71549000,-2.5256195458980897
rlh267_bluelightbasal_JNL_10off_20on_20off,298,29.71,71541700,-2.5355646601179243
rlh267_bluelightbasal_JNL_10off_20on_20off,299,29.81,71499900,-2.59251065660958
rlh267_bluelightbasal_JNL_10off_20on_20off,300,29.91,71799400,-2.184488504713627
rlh267_bluelightbasal_JNL_10off_20on_20off,301,30.01,71651900,-2.3854343057308327
rlh267_bluelightbasal_JNL_10off_20on_20off,302,30.11,71670300,-2.3603671685191943
rlh267_bluelightbasal_JNL_10off_20on_20off,303,30.21,71420400,-2.7008170374968192
rlh267_bluelightbasal_JNL_10off_20on_20off,304,30.31,71471000,-2.631882410164815
rlh267_bluelightbasal_JNL_10off_20on_20off,305,30.41,71729000,-2.2803975514364154
rlh267_bluelightbasal_JNL_10off_20on_20off,306,30.51,71362200,-2.7801054823727607
rlh267_bluelightbasal_JNL_10off_20on_20off,307,30.61,71595100,-2.4628154684276273
rlh267_bluelightbasal_JNL_10off_20on_20off,308,30.71,71604200,-2.450418134263176
rlh267_bluelightbasal_JNL_10off_20on_20off,309,30.81,71581000,-2.4820245246604586
rlh267_bluelightbasal_JNL_10off_20on_20off,310,30.91,71393700,-2.7371916333419675
rlh267_bluelightbasal_JNL_10off_20on_20off,311,31.01,71488900,-2.6074964451600153
rlh267_bluelightbasal_JNL_10off_20on_20off,312,31.11,71403800,-2.72343195476384
rlh267_bluelightbasal_JNL_10off_20on_20off,313,31.21,71478300,-2.6219372959449805
rlh267_bluelightbasal_JNL_10off_20on_20off,314,31.31,71350000,-2.7967260842196073
rlh267_bluelightbasal_JNL_10off_20on_20off,315,31.41,71474400,-2.627250439158317
rlh267_bluelightbasal_JNL_10off_20on_20off,316,31.51,71318300,-2.8399124021331357
rlh267_bluelightbasal_JNL_10off_20on_20off,317,31.61,71291100,-2.876968170185122
rlh267_bluelightbasal_JNL_10off_20on_20off,318,31.71,71446400,-2.665396082741244
rlh267_bluelightbasal_JNL_10off_20on_20off,319,31.81,71445800,-2.66621348938945
rlh267_bluelightbasal_JNL_10off_20on_20off,320,31.91,71234900,-2.9535319262337114
rlh267_bluelightbasal_JNL_10off_20on_20off,321,32.01,71158300,-3.057887508321291
rlh267_bluelightbasal_JNL_10off_20on_20off,322,32.11,71147900,-3.072055890223521
rlh267_bluelightbasal_JNL_10off_20on_20off,323,32.21,71491200,-2.6043630530085604
rlh267_bluelightbasal_JNL_10off_20on_20off,324,32.31,71117200,-3.113879863723373
rlh267_bluelightbasal_JNL_10off_20on_20off,325,32.41,71307900,-2.8540807840353657
rlh267_bluelightbasal_JNL_10off_20on_20off,326,32.51,71326900,-2.8281962401755223
rlh267_bluelightbasal_JNL_10off_20on_20off,327,32.61,71355100,-2.78977812770986
rlh267_bluelightbasal_JNL_10off_20on_20off,328,32.71,71247500,-2.936366386621394
rlh267_bluelightbasal_JNL_10off_20on_20off,329,32.81,71004800,-3.267007375820552
rlh267_bluelightbasal_JNL_10off_20on_20off,330,32.91,71251200,-2.931325712290793
rlh267_bluelightbasal_JNL_10off_20on_20off,331,33.01,71310900,-2.849993750794338
rlh267_bluelightbasal_JNL_10off_20on_20off,332,33.11,71221900,-2.971242403611499
rlh267_bluelightbasal_JNL_10off_20on_20off,333,33.21,70812700,-3.5287137376877054
rlh267_bluelightbasal_JNL_10off_20on_20off,334,33.31,71145700,-3.075053047933608
rlh267_bluelightbasal_JNL_10off_20on_20off,335,33.41,71035600,-3.225047167879332
rlh267_bluelightbasal_JNL_10off_20on_20off,336,33.51,71011100,-3.2584246060143935
rlh267_bluelightbasal_JNL_10off_20on_20off,337,33.61,71049300,-3.206383049411971
rlh267_bluelightbasal_JNL_10off_20on_20off,338,33.71,70821300,-3.5169975757300924
rlh267_bluelightbasal_JNL_10off_20on_20off,339,33.81,70892600,-3.4198624190349953
rlh267_bluelightbasal_JNL_10off_20on_20off,340,33.91,70916500,-3.38730238754814
rlh267_bluelightbasal_JNL_10off_20on_20off,341,34.01,70886100,-3.42871765772389
rlh267_bluelightbasal_JNL_10off_20on_20off,342,34.11,70860900,-3.463048736948524
rlh267_bluelightbasal_JNL_10off_20on_20off,343,34.21,70734000,-3.635930243044004
rlh267_bluelightbasal_JNL_10off_20on_20off,344,34.31,71325300,-2.830375991237404
rlh267_bluelightbasal_JNL_10off_20on_20off,345,34.41,70990500,-3.286488900936119
rlh267_bluelightbasal_JNL_10off_20on_20off,346,34.51,71054700,-3.1990263895781212
rlh267_bluelightbasal_JNL_10off_20on_20off,347,34.61,70973100,-3.31019369373408
rlh267_bluelightbasal_JNL_10off_20on_20off,348,34.71,70730900,-3.6401535107264
rlh267_bluelightbasal_JNL_10off_20on_20off,349,34.81,70945400,-3.3479306339929042
rlh267_bluelightbasal_JNL_10off_20on_20off,350,34.91,70970900,-3.3131908514441673
rlh267_bluelightbasal_JNL_10off_20on_20off,351,35.01,70672700,-3.7194419556023415
rlh267_bluelightbasal_JNL_10off_20on_20off,352,35.11,70586000,-3.837557216268048
rlh267_bluelightbasal_JNL_10off_20on_20off,353,35.21,70546300,-3.891642289490984
rlh267_bluelightbasal_JNL_10off_20on_20off,354,35.31,70897400,-3.413323165849351
rlh267_bluelightbasal_JNL_10off_20on_20off,355,35.41,70554400,-3.880607299740208
rlh267_bluelightbasal_JNL_10off_20on_20off,356,35.51,70699400,-3.6830673597571932
rlh267_bluelightbasal_JNL_10off_20on_20off,357,35.61,70812600,-3.528849972129073
rlh267_bluelightbasal_JNL_10off_20on_20off,358,35.71,70809600,-3.5329370053701012
rlh267_bluelightbasal_JNL_10off_20on_20off,359,35.81,70619900,-3.7913737406444326
rlh267_bluelightbasal_JNL_10off_20on_20off,360,35.91,70773900,-3.581572700938333
rlh267_bluelightbasal_JNL_10off_20on_20off,361,36.01,70294800,-4.234271909530491
rlh267_bluelightbasal_JNL_10off_20on_20off,362,36.11,70712400,-3.665356882379405
rlh267_bluelightbasal_JNL_10off_20on_20off,363,36.21,70668500,-3.7251638021397806
rlh267_bluelightbasal_JNL_10off_20on_20off,364,36.31,70510400,-3.940550453941951
rlh267_bluelightbasal_JNL_10off_20on_20off,365,36.41,70322100,-4.197079907037136
rlh267_bluelightbasal_JNL_10off_20on_20off,366,36.51,70600100,-3.818348160035217
rlh267_bluelightbasal_JNL_10off_20on_20off,367,36.61,70780200,-3.5729899311321747
rlh267_bluelightbasal_JNL_10off_20on_20off,368,36.71,70473300,-3.99109343168933
rlh267_bluelightbasal_JNL_10off_20on_20off,369,36.81,70334300,-4.180459305190289
rlh267_bluelightbasal_JNL_10off_20on_20off,370,36.91,70538100,-3.902813513683127
rlh267_bluelightbasal_JNL_10off_20on_20off,371,37.01,70670500,-3.7224391133124284
rlh267_bluelightbasal_JNL_10off_20on_20off,372,37.11,70457300,-4.012890942308145
rlh267_bluelightbasal_JNL_10off_20on_20off,373,37.21,69879800,-4.7996448412060175
rlh267_bluelightbasal_JNL_10off_20on_20off,374,37.31,70359500,-4.146128225965655
rlh267_bluelightbasal_JNL_10off_20on_20off,375,37.41,70217300,-4.339853601590378
rlh267_bluelightbasal_JNL_10off_20on_20off,376,37.51,69811400,-4.892829199101453
rlh267_bluelightbasal_JNL_10off_20on_20off,377,37.61,70170900,-4.403066382384942
rlh267_bluelightbasal_JNL_10off_20on_20off,378,37.71,70263300,-4.277185758561283
rlh267_bluelightbasal_JNL_10off_20on_20off,379,37.81,70235900,-4.314513995496005
rlh267_bluelightbasal_JNL_10off_20on_20off,380,37.91,69651600,-5.110531836406873
rlh267_bluelightbasal_JNL_10off_20on_20off,381,38.01,69856600,-4.831251231603299
rlh267_bluelightbasal_JNL_10off_20on_20off,382,38.11,69870800,-4.811905940929101
rlh267_bluelightbasal_JNL_10off_20on_20off,383,38.21,70383200,-4.113840663361534
rlh267_bluelightbasal_JNL_10off_20on_20off,384,38.31,69958100,-4.6929732736151895
rlh267_bluelightbasal_JNL_10off_20on_20off,385,38.41,69680700,-5.070887613968902
rlh267_bluelightbasal_JNL_10off_20on_20off,386,38.51,70009200,-4.6233574740763475
rlh267_bluelightbasal_JNL_10off_20on_20off,387,38.61,69991100,-4.648015907963882
rlh267_bluelightbasal_JNL_10off_20on_20off,388,38.71,69760500,-4.96217252975756
rlh267_bluelightbasal_JNL_10off_20on_20off,389,38.81,69875300,-4.805775391067559
rlh267_bluelightbasal_JNL_10off_20on_20off,390,38.91,70153400,-4.426907409624272
rlh267_bluelightbasal_JNL_10off_20on_20off,391,39.01,69817800,-4.884110194853927
rlh267_bluelightbasal_JNL_10off_20on_20off,392,39.11,69926300,-4.7362958259700845
rlh267_bluelightbasal_JNL_10off_20on_20off,393,39.21,69811900,-4.892148026894615
rlh267_bluelightbasal_JNL_10off_20on_20off,394,39.31,69902100,-4.7692645607810435
rlh267_bluelightbasal_JNL_10off_20on_20off,395,39.41,69601500,-5.178785291532039
rlh267_bluelightbasal_JNL_10off_20on_20off,396,39.51,69906900,-4.762725307595399
rlh267_bluelightbasal_JNL_10off_20on_20off,397,39.61,69371300,-5.492396975560247
rlh267_bluelightbasal_JNL_10off_20on_20off,398,39.71,69949500,-4.704689435572802
rlh267_bluelightbasal_JNL_10off_20on_20off,399,39.81,70048600,-4.569681104177514
rlh267_bluelightbasal_JNL_10off_20on_20off,400,39.91,70014800,-4.615728345359761
rlh267_bluelightbasal_JNL_10off_20on_20off,401,40.01,69770300,-4.948821554503536
rlh267_bluelightbasal_JNL_10off_20on_20off,402,40.11,69858400,-4.828799011658683
rlh267_bluelightbasal_JNL_10off_20on_20off,403,40.21,69686900,-5.062441078604111
rlh267_bluelightbasal_JNL_10off_20on_20off,404,40.31,69459000,-5.372919370480865
rlh267_bluelightbasal_JNL_10off_20on_20off,405,40.41,69422800,-5.422236238255935
rlh267_bluelightbasal_JNL_10off_20on_20off,406,40.51,69457900,-5.374417949335909
rlh267_bluelightbasal_JNL_10off_20on_20off,407,40.61,69189500,-5.740071189966538
rlh267_bluelightbasal_JNL_10off_20on_20off,408,40.71,69059800,-5.916767260420311
rlh267_bluelightbasal_JNL_10off_20on_20off,409,40.81,69044400,-5.937747364390922
rlh267_bluelightbasal_JNL_10off_20on_20off,410,40.91,69227400,-5.688438336688219
rlh267_bluelightbasal_JNL_10off_20on_20off,411,41.01,69404200,-5.447575844350308
rlh267_bluelightbasal_JNL_10off_20on_20off,412,41.11,68977400,-6.029024440107212
rlh267_bluelightbasal_JNL_10off_20on_20off,413,41.21,69166500,-5.771405111481085
rlh267_bluelightbasal_JNL_10off_20on_20off,414,41.31,69266000,-5.635851842320327
rlh267_bluelightbasal_JNL_10off_20on_20off,415,41.41,69224200,-5.692797838811982
rlh267_bluelightbasal_JNL_10off_20on_20off,416,41.51,69206900,-5.716366397168577
rlh267_bluelightbasal_JNL_10off_20on_20off,417,41.61,69387700,-5.470054527175962
rlh267_bluelightbasal_JNL_10off_20on_20off,418,41.71,69071100,-5.901372768545773
rlh267_bluelightbasal_JNL_10off_20on_20off,419,41.81,68910100,-6.120710219147604
rlh267_bluelightbasal_JNL_10off_20on_20off,420,41.91,69030900,-5.956139013975547
rlh267_bluelightbasal_JNL_10off_20on_20off,421,42.01,69135400,-5.813774022746408
rlh267_bluelightbasal_JNL_10off_20on_20off,422,42.11,68746600,-6.343453530783625
rlh267_bluelightbasal_JNL_10off_20on_20off,423,42.21,68761600,-6.323018364578485
rlh267_bluelightbasal_JNL_10off_20on_20off,424,42.31,68953200,-6.061993174918171
rlh267_bluelightbasal_JNL_10off_20on_20off,425,42.41,68832900,-6.225883207883389
rlh267_bluelightbasal_JNL_10off_20on_20off,426,42.51,68643200,-6.484319943157721
rlh267_bluelightbasal_JNL_10off_20on_20off,427,42.61,68761500,-6.323154599019853
rlh267_bluelightbasal_JNL_10off_20on_20off,428,42.71,68446700,-6.752020620445048
rlh267_bluelightbasal_JNL_10off_20on_20off,429,42.81,68459800,-6.734173908625893
rlh267_bluelightbasal_JNL_10off_20on_20off,430,42.91,68209900,-7.074623777603518
rlh267_bluelightbasal_JNL_10off_20on_20off,431,43.01,68352500,-6.880353464213325
rlh267_bluelightbasal_JNL_10off_20on_20off,432,43.11,68439500,-6.761829500223515
rlh267_bluelightbasal_JNL_10off_20on_20off,433,43.21,68449400,-6.748342290528124
rlh267_bluelightbasal_JNL_10off_20on_20off,434,43.31,68347400,-6.887301420723071
rlh267_bluelightbasal_JNL_10off_20on_20off,435,43.41,68360700,-6.869182240021182
rlh267_bluelightbasal_JNL_10off_20on_20off,436,43.51,68362700,-6.866457551193831
rlh267_bluelightbasal_JNL_10off_20on_20off,437,43.61,67962500,-7.411667785546952
rlh267_bluelightbasal_JNL_10off_20on_20off,438,43.71,68120000,-7.197098540392988
rlh267_bluelightbasal_JNL_10off_20on_20off,439,43.81,67889800,-7.510710224421195
rlh267_bluelightbasal_JNL_10off_20on_20off,440,43.91,67898900,-7.498312890256745
rlh267_bluelightbasal_JNL_10off_20on_20off,441,44.01,67983400,-7.383194787301125
rlh267_bluelightbasal_JNL_10off_20on_20off,442,44.11,68004200,-7.354858023496664
rlh267_bluelightbasal_JNL_10off_20on_20off,443,44.21,68042900,-7.302135294687405
rlh267_bluelightbasal_JNL_10off_20on_20off,444,44.31,68160600,-7.141787357197743
rlh267_bluelightbasal_JNL_10off_20on_20off,445,44.41,67486600,-8.060007492015346
rlh267_bluelightbasal_JNL_10off_20on_20off,446,44.51,67633200,-7.860287800970449
rlh267_bluelightbasal_JNL_10off_20on_20off,447,44.61,67568500,-7.948431484535284
rlh267_bluelightbasal_JNL_10off_20on_20off,448,44.71,67829500,-7.592859592565857
rlh267_bluelightbasal_JNL_10off_20on_20off,449,44.81,68023500,-7.328564776312718
rlh267_bluelightbasal_JNL_10off_20on_20off,450,44.91,67508400,-8.03030838379721
rlh267_bluelightbasal_JNL_10off_20on_20off,451,45.01,67847600,-7.568201158678321
rlh267_bluelightbasal_JNL_10off_20on_20off,452,45.11,67572600,-7.9428458724392135
rlh267_bluelightbasal_JNL_10off_20on_20off,453,45.21,67719500,-7.742717478070213
rlh267_bluelightbasal_JNL_10off_20on_20off,454,45.31,67915500,-7.475697972989723
rlh267_bluelightbasal_JNL_10off_20on_20off,455,45.41,67643700,-7.845983184626852
rlh267_bluelightbasal_JNL_10off_20on_20off,456,45.51,67497500,-8.045157937906279
rlh267_bluelightbasal_JNL_10off_20on_20off,457,45.61,67545000,-7.98044657825667
rlh267_bluelightbasal_JNL_10off_20on_20off,458,45.71,67362500,-8.229074433752533
rlh267_bluelightbasal_JNL_10off_20on_20off,459,45.81,67683600,-7.79162564252118
rlh267_bluelightbasal_JNL_10off_20on_20off,460,45.91,67613200,-7.887534689243969
rlh267_bluelightbasal_JNL_10off_20on_20off,461,46.01,67053000,-8.650720029785248
rlh267_bluelightbasal_JNL_10off_20on_20off,462,46.11,67491500,-8.053332004388334
rlh267_bluelightbasal_JNL_10off_20on_20off,463,46.21,67185700,-8.469936926090446
rlh267_bluelightbasal_JNL_10off_20on_20off,464,46.31,67492000,-8.052650832181495
rlh267_bluelightbasal_JNL_10off_20on_20off,465,46.41,67480700,-8.068045324056035
rlh267_bluelightbasal_JNL_10off_20on_20off,466,46.51,67446600,-8.114501268562385
rlh267_bluelightbasal_JNL_10off_20on_20off,467,46.61,67304800,-8.307681706421638
rlh267_bluelightbasal_JNL_10off_20on_20off,468,46.71,67550100,-7.973498621746922
rlh267_bluelightbasal_JNL_10off_20on_20off,469,46.81,67258100,-8.371303190540305
rlh267_bluelightbasal_JNL_10off_20on_20off,470,46.91,67221600,-8.421028761639478
rlh267_bluelightbasal_JNL_10off_20on_20off,471,47.01,66923800,-8.826734928032181
rlh267_bluelightbasal_JNL_10off_20on_20off,472,47.11,66760500,-9.049205770785468
rlh267_bluelightbasal_JNL_10off_20on_20off,473,47.21,67102400,-8.583420215749655
rlh267_bluelightbasal_JNL_10off_20on_20off,474,47.31,67336600,-8.264359154066742
rlh267_bluelightbasal_JNL_10off_20on_20off,475,47.41,67370900,-8.217630740677656
rlh267_bluelightbasal_JNL_10off_20on_20off,476,47.51,67316600,-8.2916060423402609
rlh267_bluelightbasal_JNL_10off_20on_20off,477,47.61,67022199.99999999,-8.692680237726476
rlh267_bluelightbasal_JNL_10off_20on_20off,478,47.71,67367600,-8.222126477242785
rlh267_bluelightbasal_JNL_10off_20on_20off,479,47.81,67234100,-8.40399945646853
rlh267_bluelightbasal_JNL_10off_20on_20off,480,47.91,66647800,-9.202741986206748
rlh267_bluelightbasal_JNL_10off_20on_20off,481,48.01,66862800,-8.909837937266415
rlh267_bluelightbasal_JNL_10off_20on_20off,482,48.11,67240500,-8.395280452221002
rlh267_bluelightbasal_JNL_10off_20on_20off,483,48.21,67101200,-8.585055029046066
rlh267_bluelightbasal_JNL_10off_20on_20off,484,48.31,66951200,-8.789406691097462
rlh267_bluelightbasal_JNL_10off_20on_20off,485,48.41,66611100,-9.252740026188658
rlh267_bluelightbasal_JNL_10off_20on_20off,486,48.51,66781100,-9.021141475863741
rlh267_bluelightbasal_JNL_10off_20on_20off,487,48.61,66451700,-9.469897725728607
rlh267_bluelightbasal_JNL_10off_20on_20off,488,48.71,66867200,-8.903843621846242
rlh267_bluelightbasal_JNL_10off_20on_20off,489,48.81,66745100,-9.070185874756078
rlh267_bluelightbasal_JNL_10off_20on_20off,490,48.91,66660199.99999999,-9.185848915477179
rlh267_bluelightbasal_JNL_10off_20on_20off,491,49.01,66642300,-9.210234880481966
rlh267_bluelightbasal_JNL_10off_20on_20off,492,49.11,66709699.99999999,-9.118412867000217
rlh267_bluelightbasal_JNL_10off_20on_20off,493,49.21,66773200,-9.031903996731783
rlh267_bluelightbasal_JNL_10off_20on_20off,494,49.31,67030900.00000001,-8.680827841327474
rlh267_bluelightbasal_JNL_10off_20on_20off,495,49.41,66661000,-9.184759039946226
rlh267_bluelightbasal_JNL_10off_20on_20off,496,49.51,66793600,-9.004112170692794
rlh267_bluelightbasal_JNL_10off_20on_20off,497,49.61,66923899.99999999,-8.826598693590824
rlh267_bluelightbasal_JNL_10off_20on_20off,498,49.71,66464299.99999999,-9.4527321861163
rlh267_bluelightbasal_JNL_10off_20on_20off,499,49.81,66468700,-9.446737870696115
rlh267_bluelightbasal_JNL_10off_20on_20off,500,49.91,66640900,-9.212142162661113
rlh267_bluelightbasal_JNL_10off_20on_20off,501,50.01,66832600,-8.95098073855943
rlh267_bluelightbasal_JNL_10off_20on_20off,502,50.11,66632100,-9.224130793501462
rlh267_bluelightbasal_JNL_10off_20on_20off,503,50.21,67244400,-8.389967309007666
rlh267_bluelightbasal_JNL_10off_20on_20off,504,50.31,66599800,-9.268134518063196
rlh267_bluelightbasal_JNL_10off_20on_20off,505,50.41,66690200,-9.144978583066889
rlh267_bluelightbasal_JNL_10off_20on_20off,506,50.51,66774100,-9.030677886759474
rlh267_bluelightbasal_JNL_10off_20on_20off,507,50.61,66513000,-9.38638601317027
rlh267_bluelightbasal_JNL_10off_20on_20off,508,50.71,66800700,-8.994439525355693
rlh267_bluelightbasal_JNL_10off_20on_20off,509,50.81,66619400.00000001,-9.241432567555137
rlh267_bluelightbasal_JNL_10off_20on_20off,510,50.91,66759800,-9.05015941187504
rlh267_bluelightbasal_JNL_10off_20on_20off,511,51.01,66109900,-9.935547046323052
rlh267_bluelightbasal_JNL_10off_20on_20off,512,51.11,66416600,-9.517716014648633
rlh267_bluelightbasal_JNL_10off_20on_20off,513,51.21,66780200,-9.02236758583605
rlh267_bluelightbasal_JNL_10off_20on_20off,514,51.31,66496700.00000001,-9.408592227113179
rlh267_bluelightbasal_JNL_10off_20on_20off,515,51.41,66750600,-9.06269298048086
rlh267_bluelightbasal_JNL_10off_20on_20off,516,51.51,66765600,-9.04225781427572
rlh267_bluelightbasal_JNL_10off_20on_20off,517,51.61,66550000,-9.335979269864259
rlh267_bluelightbasal_JNL_10off_20on_20off,518,51.71,66718500,-9.106424236159858
rlh267_bluelightbasal_JNL_10off_20on_20off,519,51.81,66276200,-9.70898917032874
rlh267_bluelightbasal_JNL_10off_20on_20off,520,51.91,66518000,-9.379574291101891
rlh267_bluelightbasal_JNL_10off_20on_20off,521,52.01,66853000,-8.92318891252044
rlh267_bluelightbasal_JNL_10off_20on_20off,522,52.11,66858100,-8.916240956010693
rlh267_bluelightbasal_JNL_10off_20on_20off,523,52.21,66332900,-9.631744242073312
rlh267_bluelightbasal_JNL_10off_20on_20off,524,52.31,66474500,-9.438836273096793
rlh267_bluelightbasal_JNL_10off_20on_20off,525,52.42,66860200,-8.913380032741973
rlh267_bluelightbasal_JNL_10off_20on_20off,526,52.51,66862100,-8.910791578355989
rlh267_bluelightbasal_JNL_10off_20on_20off,527,52.61,66551800,-9.333527049919642
rlh267_bluelightbasal_JNL_10off_20on_20off,528,52.71,66738200,-9.079586051210441
rlh267_bluelightbasal_JNL_10off_20on_20off,529,52.81,66675400,-9.165141280389292
rlh267_bluelightbasal_JNL_10off_20on_20off,530,52.91,66548200,-9.338431489808876
rlh267_bluelightbasal_JNL_10off_20on_20off,531,53.01,66839300,-8.9418530309878
rlh267_bluelightbasal_JNL_10off_20on_20off,532,53.11,66550800,-9.334889394333318
rlh267_bluelightbasal_JNL_10off_20on_20off,533,53.21,66469800,-9.445239291841071
rlh267_bluelightbasal_JNL_10off_20on_20off,534,53.31,67166700,-8.49582146995029
rlh267_bluelightbasal_JNL_10off_20on_20off,535,53.42,66871100,-8.898530478632907
rlh267_bluelightbasal_JNL_10off_20on_20off,536,53.51,66026100,-10.0497115081891
rlh267_bluelightbasal_JNL_10off_20on_20off,537,53.61,66297499.99999999,-9.67997123431745
rlh267_bluelightbasal_JNL_10off_20on_20off,538,53.71,66274000,-9.711986328038828
rlh267_bluelightbasal_JNL_10off_20on_20off,539,53.81,66402800,-9.536516367557361
rlh267_bluelightbasal_JNL_10off_20on_20off,540,53.91,66175100,-9.846722190551379
rlh267_bluelightbasal_JNL_10off_20on_20off,541,54.01,66569800,-9.309004850473475
rlh267_bluelightbasal_JNL_10off_20on_20off,542,54.11,66722600,-9.100838624063787
rlh267_bluelightbasal_JNL_10off_20on_20off,543,54.21,66382000,-9.564853131361822
rlh267_bluelightbasal_JNL_10off_20on_20off,544,54.31,66616600,-9.24524713191344
rlh267_bluelightbasal_JNL_10off_20on_20off,545,54.41,66358400,-9.597004459524575
rlh267_bluelightbasal_JNL_10off_20on_20off,546,54.51,66391000,-9.552592031638737
rlh267_bluelightbasal_JNL_10off_20on_20off,547,54.62,66005800,-10.077367099786722
rlh267_bluelightbasal_JNL_10off_20on_20off,548,54.71,66061300,-10.001756984827704
rlh267_bluelightbasal_JNL_10off_20on_20off,549,54.81,66302199.99999999,-9.673568215573173
rlh267_bluelightbasal_JNL_10off_20on_20off,550,54.91,66322400,-9.64604885841691
rlh267_bluelightbasal_JNL_10off_20on_20off,551,55.01,65820700,-10.329537050758143
rlh267_bluelightbasal_JNL_10off_20on_20off,552,55.11,66206200,-9.804353279286056
rlh267_bluelightbasal_JNL_10off_20on_20off,553,55.21,66348000,-9.611172841426804
rlh267_bluelightbasal_JNL_10off_20on_20off,554,55.31,66288000,-9.692913506247363
rlh267_bluelightbasal_JNL_10off_20on_20off,555,55.41,66113799.99999999,-9.930233903109727
rlh267_bluelightbasal_JNL_10off_20on_20off,556,55.51,66234600,-9.765662697937659
rlh267_bluelightbasal_JNL_10off_20on_20off,557,55.61,66402000,-9.537606243088302
rlh267_bluelightbasal_JNL_10off_20on_20off,558,55.71,66281100.00000001,-9.702313682701718
rlh267_bluelightbasal_JNL_10off_20on_20off,559,55.81,65900299.99999999,-10.221094435429547
rlh267_bluelightbasal_JNL_10off_20on_20off,560,55.91,65965700,-10.131997110775128
rlh267_bluelightbasal_JNL_10off_20on_20off,561,56.01,65724100,-10.461139521119241
rlh267_bluelightbasal_JNL_10off_20on_20off,562,56.11,66319000,-9.650680829423408
rlh267_bluelightbasal_JNL_10off_20on_20off,563,56.21,65918100,-10.196844704866104
rlh267_bluelightbasal_JNL_10off_20on_20off,564,56.31,66346700,-9.612943889164583
rlh267_bluelightbasal_JNL_10off_20on_20off,565,56.41,66117100.00000001,-9.925738166544576
rlh267_bluelightbasal_JNL_10off_20on_20off,566,56.51,66029500,-10.045079537182602
rlh267_bluelightbasal_JNL_10off_20on_20off,567,56.61,65871100,-10.260874892308875
rlh267_bluelightbasal_JNL_10off_20on_20off,568,56.71,65905900,-10.21346530671295
rlh267_bluelightbasal_JNL_10off_20on_20off,569,56.81,65588200,-10.646282126937805
rlh267_bluelightbasal_JNL_10off_20on_20off,570,56.91,65551600,-10.696143932478346
rlh267_bluelightbasal_JNL_10off_20on_20off,571,57.01,65828200,-10.319319467655573
rlh267_bluelightbasal_JNL_10off_20on_20off,572,57.11,65477100,-10.797638591297206
rlh267_bluelightbasal_JNL_10off_20on_20off,573,57.21,65464399.99999999,-10.814940365350902
rlh267_bluelightbasal_JNL_10off_20on_20off,574,57.31,65322200,-11.008665740975614
rlh267_bluelightbasal_JNL_10off_20on_20off,575,57.41,65579400,-10.658270757778155
rlh267_bluelightbasal_JNL_10off_20on_20off,576,57.51,65410500,-10.888370729248026
rlh267_bluelightbasal_JNL_10off_20on_20off,577,57.61,65603400,-10.625574491849932
rlh267_bluelightbasal_JNL_10off_20on_20off,578,57.71,65561500,-10.682656722782955
rlh267_bluelightbasal_JNL_10off_20on_20off,579,57.81,65464900,-10.814259193144053
rlh267_bluelightbasal_JNL_10off_20on_20off,580,57.91,65757199.99999999,-10.416045921026578
rlh267_bluelightbasal_JNL_10off_20on_20off,581,58.01,65611200,-10.614948205423259
rlh267_bluelightbasal_JNL_10off_20on_20off,582,58.11,65367000,-10.94763271124293
rlh267_bluelightbasal_JNL_10off_20on_20off,583,58.21,65209900,-11.161657018631425
rlh267_bluelightbasal_JNL_10off_20on_20off,584,58.31,65313100.00000001,-11.021063075140054
rlh267_bluelightbasal_JNL_10off_20on_20off,585,58.41,65173300,-11.211518824171966
rlh267_bluelightbasal_JNL_10off_20on_20off,586,58.51,65448300,-10.836874110411074
rlh267_bluelightbasal_JNL_10off_20on_20off,587,58.61,65540500,-10.711265955470148
rlh267_bluelightbasal_JNL_10off_20on_20off,588,58.71,65542299.99999999,-10.708813735525544
rlh267_bluelightbasal_JNL_10off_20on_20off,589,58.81,65527800,-10.728567729523835
rlh267_bluelightbasal_JNL_10off_20on_20off,590,58.91,65332500,-10.99463359351475
rlh267_bluelightbasal_JNL_10off_20on_20off,591,59.01,65061600.00000001,-11.363692695179562
rlh267_bluelightbasal_JNL_10off_20on_20off,592,59.11,65357600,-10.960438748731484
rlh267_bluelightbasal_JNL_10off_20on_20off,593,59.21,65281300,-11.06438562749496
rlh267_bluelightbasal_JNL_10off_20on_20off,594,59.31,65208199.99999999,-11.163973004134684
rlh267_bluelightbasal_JNL_10off_20on_20off,595,59.41,65181699.99999999,-11.200075131097098
rlh267_bluelightbasal_JNL_10off_20on_20off,596,59.51,65337300,-10.988094340329106
rlh267_bluelightbasal_JNL_10off_20on_20off,597,59.61,65244000,-11.115201074125075
rlh267_bluelightbasal_JNL_10off_20on_20off,598,59.71,65230900,-11.13304778594423
rlh267_bluelightbasal_JNL_10off_20on_20off,599,59.81,65141500,-11.254841376526862
rlh267_bluelightbasal_JNL_10off_20on_20off,600,59.91,65461900,-10.818346226385081
