stim_jnl,frame,time_s,fluor,dff
rlh267_bluelightbasal_JNL_10off_20on_20off,2,0.1,165702000,3.0965935604293047
rlh267_bluelightbasal_JNL_10off_20on_20off,3,0.2,164284000,2.2143412661378132
rlh267_bluelightbasal_JNL_10off_20on_20off,4,0.3,163449000,1.6948203453103126
rlh267_bluelightbasal_JNL_10off_20on_20off,5,0.4,162439000,1.0664177943692643
rlh267_bluelightbasal_JNL_10off_20on_20off,6,0.5,162736000,1.2512054751905428
rlh267_bluelightbasal_JNL_10off_20on_20off,7,0.6,162102000,0.8567428838077462
rlh267_bluelightbasal_JNL_10off_20on_20off,8,0.7,162049000,0.8237673044019287
rlh267_bluelightbasal_JNL_10off_20on_20off,9,0.8,161774000,0.6526675999377819
rlh267_bluelightbasal_JNL_10off_20on_20off,10,0.9,161356000,0.3925960491522788
rlh267_bluelightbasal_JNL_10off_20on_20off,11,1,161836000,0.6912428060351532
rlh267_bluelightbasal_JNL_10off_20on_20off,12,1.1,161656000,0.5792502722040752
rlh267_bluelightbasal_JNL_10off_20on_20off,13,1.2,161262000,0.33411105926271584
rlh267_bluelightbasal_JNL_10off_20on_20off,14,1.3,161879000,0.7179965780059108
rlh267_bluelightbasal_JNL_10off_20on_20off,15,1.4,161243000,0.32228962513610204
rlh267_bluelightbasal_JNL_10off_20on_20off,16,1.51,161545000,0.5101882096749105
rlh267_bluelightbasal_JNL_10off_20on_20off,17,1.6,161150000,0.2644268159900451
rlh267_bluelightbasal_JNL_10off_20on_20off,18,1.7,161127000,0.2501166588894074
rlh267_bluelightbasal_JNL_10off_20on_20off,19,1.8,160404000,-0.1997200186654223
rlh267_bluelightbasal_JNL_10off_20on_20off,20,1.91,160819000,0.05848498988956292
rlh267_bluelightbasal_JNL_10off_20on_20off,21,2,160936000,0.1312801368797636
rlh267_bluelightbasal_JNL_10off_20on_20off,22,2.1,160321000,-0.25136102037641933
rlh267_bluelightbasal_JNL_10off_20on_20off,23,2.2,161526000,0.4983667755482968
rlh267_bluelightbasal_JNL_10off_20on_20off,24,2.3,161089000,0.22647379063617984
rlh267_bluelightbasal_JNL_10off_20on_20off,25,2.4,160863000,0.08586094260382642
rlh267_bluelightbasal_JNL_10off_20on_20off,26,2.5,161620000,0.5568517654378596
rlh267_bluelightbasal_JNL_10off_20on_20off,27,2.6,160713000,-0.007466168922071862
rlh267_bluelightbasal_JNL_10off_20on_20off,28,2.7,161282000,0.3465546741328356
rlh267_bluelightbasal_JNL_10off_20on_20off,30,2.9,161272000,0.3403328666977757
rlh267_bluelightbasal_JNL_10off_20on_20off,31,3,160029000,-0.433037797480168
rlh267_bluelightbasal_JNL_10off_20on_20off,32,3.1,160383000,-0.21278581427904808
rlh267_bluelightbasal_JNL_10off_20on_20off,33,3.21,160900000,0.10888163011354798
rlh267_bluelightbasal_JNL_10off_20on_20off,34,3.31,160457000,-0.16674443925960492
rlh267_bluelightbasal_JNL_10off_20on_20off,35,3.41,160507000,-0.1356354020843055
rlh267_bluelightbasal_JNL_10off_20on_20off,36,3.51,160172000,-0.34406595115881167
rlh267_bluelightbasal_JNL_10off_20on_20off,37,3.61,159640000,-0.6750661067039975
rlh267_bluelightbasal_JNL_10off_20on_20off,38,3.71,159310000,-0.8803857520609738
rlh267_bluelightbasal_JNL_10off_20on_20off,39,3.81,159449000,-0.7939026287136414
rlh267_bluelightbasal_JNL_10off_20on_20off,40,3.9,159507000,-0.757816145590294
rlh267_bluelightbasal_JNL_10off_20on_20off,41,4.01,159847000,-0.5462746927982579
rlh267_bluelightbasal_JNL_10off_20on_20off,42,4.11,159731000,-0.6184476590449526
rlh267_bluelightbasal_JNL_10off_20on_20off,43,4.21,159612000,-0.6924871675221652
rlh267_bluelightbasal_JNL_10off_20on_20off,44,4.31,158692000,-1.2648934515476746
rlh267_bluelightbasal_JNL_10off_20on_20off,45,4.41,159112000,-1.0035775392751594
rlh267_bluelightbasal_JNL_10off_20on_20off,46,4.51,159833000,-0.5549852232073417
rlh267_bluelightbasal_JNL_10off_20on_20off,47,4.61,159822000,-0.5618292113859076
rlh267_bluelightbasal_JNL_10off_20on_20off,48,4.71,159677000,-0.6520454191942759
rlh267_bluelightbasal_JNL_10off_20on_20off,49,4.81,160073000,-0.4056618447659045
rlh267_bluelightbasal_JNL_10off_20on_20off,50,4.91,159981000,-0.46290247316845545
rlh267_bluelightbasal_JNL_10off_20on_20off,51,5.01,159006000,-1.0695286980867942
rlh267_bluelightbasal_JNL_10off_20on_20off,52,5.11,160184000,-0.33659978223673975
rlh267_bluelightbasal_JNL_10off_20on_20off,53,5.21,159650000,-0.6688442992689376
rlh267_bluelightbasal_JNL_10off_20on_20off,54,5.31,159476000,-0.7771037486389796
rlh267_bluelightbasal_JNL_10off_20on_20off,55,5.41,159998000,-0.4523254005288536
rlh267_bluelightbasal_JNL_10off_20on_20off,56,5.51,159755000,-0.6035153212008089
rlh267_bluelightbasal_JNL_10off_20on_20off,57,5.61,160205000,-0.323533986623114
rlh267_bluelightbasal_JNL_10off_20on_20off,58,5.71,159304000,-0.8841188365220097
rlh267_bluelightbasal_JNL_10off_20on_20off,59,5.81,159222000,-0.9351376574895006
rlh267_bluelightbasal_JNL_10off_20on_20off,60,5.91,160066000,-0.4100171099704464
rlh267_bluelightbasal_JNL_10off_20on_20off,61,6.01,160462000,-0.16363353554207496
rlh267_bluelightbasal_JNL_10off_20on_20off,62,6.11,160294000,-0.268159900451081
rlh267_bluelightbasal_JNL_10off_20on_20off,63,6.21,159845000,-0.5475190542852699
rlh267_bluelightbasal_JNL_10off_20on_20off,64,6.31,160149000,-0.3583761082594494
rlh267_bluelightbasal_JNL_10off_20on_20off,65,6.41,159984000,-0.4610359309379375
rlh267_bluelightbasal_JNL_10off_20on_20off,66,6.51,160190000,-0.3328666977757039
rlh267_bluelightbasal_JNL_10off_20on_20off,67,6.61,159918000,-0.5020998600093327
rlh267_bluelightbasal_JNL_10off_20on_20off,68,6.71,160706000,-0.011821434126613782
rlh267_bluelightbasal_JNL_10off_20on_20off,69,6.81,159928000,-0.4958780525742728
rlh267_bluelightbasal_JNL_10off_20on_20off,70,6.91,160035000,-0.4293047130191321
rlh267_bluelightbasal_JNL_10off_20on_20off,71,7.01,160382000,-0.21340799502255406
rlh267_bluelightbasal_JNL_10off_20on_20off,72,7.11,159381000,-0.8362109192720485
rlh267_bluelightbasal_JNL_10off_20on_20off,73,7.21,160244000,-0.29926893762638046
rlh267_bluelightbasal_JNL_10off_20on_20off,74,7.31,160455000,-0.1679888007466169
rlh267_bluelightbasal_JNL_10off_20on_20off,75,7.41,159967000,-0.47161300357753927
rlh267_bluelightbasal_JNL_10off_20on_20off,76,7.51,160598000,-0.07901695442526054
rlh267_bluelightbasal_JNL_10off_20on_20off,77,7.61,160164000,-0.34904339710685955
rlh267_bluelightbasal_JNL_10off_20on_20off,78,7.71,160621000,-0.06470679732462281
rlh267_bluelightbasal_JNL_10off_20on_20off,79,7.81,159976000,-0.4660133768859854
rlh267_bluelightbasal_JNL_10off_20on_20off,80,7.91,160285000,-0.27375952714263496
rlh267_bluelightbasal_JNL_10off_20on_20off,81,8.01,160841000,0.07217296624669467
rlh267_bluelightbasal_JNL_10off_20on_20off,82,8.11,160735000,0.006221807435059884
rlh267_bluelightbasal_JNL_10off_20on_20off,83,8.21,160229000,-0.3086016487789703
rlh267_bluelightbasal_JNL_10off_20on_20off,84,8.31,160266000,-0.2855809612692487
rlh267_bluelightbasal_JNL_10off_20on_20off,85,8.41,159755000,-0.6035153212008089
rlh267_bluelightbasal_JNL_10off_20on_20off,86,8.51,159517000,-0.751594338155234
rlh267_bluelightbasal_JNL_10off_20on_20off,87,8.61,159392000,-0.8293669310934827
rlh267_bluelightbasal_JNL_10off_20on_20off,88,8.71,159127000,-0.9942448281225696
rlh267_bluelightbasal_JNL_10off_20on_20off,89,8.81,159391000,-0.8299891118369886
rlh267_bluelightbasal_JNL_10off_20on_20off,90,8.91,159855000,-0.54129724685021
rlh267_bluelightbasal_JNL_10off_20on_20off,91,9.01,159482000,-0.7733706641779436
rlh267_bluelightbasal_JNL_10off_20on_20off,92,9.11,159791000,-0.5811168144345932
rlh267_bluelightbasal_JNL_10off_20on_20off,93,9.21,159506000,-0.7584383263338
rlh267_bluelightbasal_JNL_10off_20on_20off,94,9.31,159638000,-0.6763104681910095
rlh267_bluelightbasal_JNL_10off_20on_20off,95,9.41,158863000,-1.1585005444081504
rlh267_bluelightbasal_JNL_10off_20on_20off,96,9.51,159937000,-0.4902784258827189
rlh267_bluelightbasal_JNL_10off_20on_20off,97,9.61,159259000,-0.9121169699797791
rlh267_bluelightbasal_JNL_10off_20on_20off,98,9.71,159504000,-0.7596826878208119
rlh267_bluelightbasal_JNL_10off_20on_20off,99,9.81,159567000,-0.7204853009799347
rlh267_bluelightbasal_JNL_10off_20on_20off,100,9.91,158764000,-1.2200964380152435
rlh267_bluelightbasal_JNL_10off_20on_20off,101,10.01,159094000,-1.0147767926582671
rlh267_bluelightbasal_JNL_10off_20on_20off,102,10.11,159091000,-1.0166433348887851
rlh267_bluelightbasal_JNL_10off_20on_20off,103,10.21,159274000,-0.9027842588271893
rlh267_bluelightbasal_JNL_10off_20on_20off,104,10.31,159610000,-0.6937315290091771
rlh267_bluelightbasal_JNL_10off_20on_20off,105,10.41,158775000,-1.2132524498366775
rlh267_bluelightbasal_JNL_10off_20on_20off,106,10.51,159257000,-0.913361331466791
rlh267_bluelightbasal_JNL_10off_20on_20off,107,10.61,159431000,-0.805101882096749
rlh267_bluelightbasal_JNL_10off_20on_20off,108,10.71,159550000,-0.7310623736195365
rlh267_bluelightbasal_JNL_10off_20on_20off,109,10.81,159393000,-0.8287447503499766
rlh267_bluelightbasal_JNL_10off_20on_20off,110,10.91,159265000,-0.9083838855187432
rlh267_bluelightbasal_JNL_10off_20on_20off,111,11.01,159693000,-0.6420905272981802
rlh267_bluelightbasal_JNL_10off_20on_20off,112,11.11,159466000,-0.7833255560740395
rlh267_bluelightbasal_JNL_10off_20on_20off,113,11.21,159032000,-1.0533519987556386
rlh267_bluelightbasal_JNL_10off_20on_20off,114,11.31,159487000,-0.7702597604604138
rlh267_bluelightbasal_JNL_10off_20on_20off,115,11.41,158750000,-1.2288069684243272
rlh267_bluelightbasal_JNL_10off_20on_20off,116,11.51,159431000,-0.805101882096749
rlh267_bluelightbasal_JNL_10off_20on_20off,117,11.61,159273000,-0.9034064395706953
rlh267_bluelightbasal_JNL_10off_20on_20off,118,11.71,158899000,-1.136102037641935
rlh267_bluelightbasal_JNL_10off_20on_20off,119,11.81,159171000,-0.9668688754083061
rlh267_bluelightbasal_JNL_10off_20on_20off,120,11.91,158682000,-1.2711152589827346
rlh267_bluelightbasal_JNL_10off_20on_20off,121,12.01,159520000,-0.7497277959247161
rlh267_bluelightbasal_JNL_10off_20on_20off,122,12.11,158727000,-1.2431171255249651
rlh267_bluelightbasal_JNL_10off_20on_20off,123,12.21,158888000,-1.1429460258205009
rlh267_bluelightbasal_JNL_10off_20on_20off,124,12.31,159434000,-0.8032353398662312
rlh267_bluelightbasal_JNL_10off_20on_20off,125,12.41,159224000,-0.9338932960024887
rlh267_bluelightbasal_JNL_10off_20on_20off,126,12.51,159035000,-1.0514854565251206
rlh267_bluelightbasal_JNL_10off_20on_20off,127,12.61,158791000,-1.2032975579405818
rlh267_bluelightbasal_JNL_10off_20on_20off,128,12.71,158756000,-1.2250738839632913
rlh267_bluelightbasal_JNL_10off_20on_20off,129,12.81,157597000,-1.946181365686732
rlh267_bluelightbasal_JNL_10off_20on_20off,130,12.91,158474000,-1.40052885363198
rlh267_bluelightbasal_JNL_10off_20on_20off,131,13.01,158224000,-1.5560740395084771
rlh267_bluelightbasal_JNL_10off_20on_20off,132,13.11,157972000,-1.7128635868719864
rlh267_bluelightbasal_JNL_10off_20on_20off,133,13.21,156452000,-2.658578317001089
rlh267_bluelightbasal_JNL_10off_20on_20off,134,13.31,157570000,-1.9629802457613938
rlh267_bluelightbasal_JNL_10off_20on_20off,135,13.41,157065000,-2.277181521231918
rlh267_bluelightbasal_JNL_10off_20on_20off,136,13.51,157050000,-2.2865142323845076
rlh267_bluelightbasal_JNL_10off_20on_20off,137,13.61,157030000,-2.2989578472546275
rlh267_bluelightbasal_JNL_10off_20on_20off,138,13.71,156046000,-2.9111836988645203
rlh267_bluelightbasal_JNL_10off_20on_20off,139,13.81,156759000,-2.4675688287447506
rlh267_bluelightbasal_JNL_10off_20on_20off,140,13.91,157225000,-2.17763260227096
rlh267_bluelightbasal_JNL_10off_20on_20off,141,14.01,157373000,-2.0855498522320737
rlh267_bluelightbasal_JNL_10off_20on_20off,142,14.11,156592000,-2.5714730129102503
rlh267_bluelightbasal_JNL_10off_20on_20off,143,14.21,156407000,-2.6865764504588583
rlh267_bluelightbasal_JNL_10off_20on_20off,144,14.31,157727000,-1.8652978690309536
rlh267_bluelightbasal_JNL_10off_20on_20off,145,14.41,157188000,-2.200653289780681
rlh267_bluelightbasal_JNL_10off_20on_20off,146,14.51,156983000,-2.3282003421994086
rlh267_bluelightbasal_JNL_10off_20on_20off,147,14.61,156541000,-2.6032042308290557
rlh267_bluelightbasal_JNL_10off_20on_20off,148,14.71,157488000,-2.0139990667288847
rlh267_bluelightbasal_JNL_10off_20on_20off,149,14.81,156722000,-2.490589516254472
rlh267_bluelightbasal_JNL_10off_20on_20off,150,14.91,156772000,-2.4594804790791724
rlh267_bluelightbasal_JNL_10off_20on_20off,151,15.01,156274000,-2.7693264893451546
rlh267_bluelightbasal_JNL_10off_20on_20off,152,15.11,157002000,-2.3163789080727955
rlh267_bluelightbasal_JNL_10off_20on_20off,153,15.21,156682000,-2.5154767459947114
rlh267_bluelightbasal_JNL_10off_20on_20off,154,15.31,156320000,-2.7407061751438793
rlh267_bluelightbasal_JNL_10off_20on_20off,155,15.41,156381000,-2.7027531497900137
rlh267_bluelightbasal_JNL_10off_20on_20off,156,15.51,156714000,-2.49556696220252
rlh267_bluelightbasal_JNL_10off_20on_20off,157,15.61,156958000,-2.3437548607870586
rlh267_bluelightbasal_JNL_10off_20on_20off,158,15.71,156200000,-2.815367864364598
rlh267_bluelightbasal_JNL_10off_20on_20off,159,15.81,156103000,-2.875719396484679
rlh267_bluelightbasal_JNL_10off_20on_20off,160,15.91,155749000,-3.0959713796857984
rlh267_bluelightbasal_JNL_10off_20on_20off,161,16.01,155569000,-3.2079639135168767
rlh267_bluelightbasal_JNL_10off_20on_20off,162,16.11,155410000,-3.306890651734329
rlh267_bluelightbasal_JNL_10off_20on_20off,163,16.21,155698000,-3.1277025976046042
rlh267_bluelightbasal_JNL_10off_20on_20off,164,16.311,155088000,-3.507232851143257
rlh267_bluelightbasal_JNL_10off_20on_20off,165,16.41,155189000,-3.444392596049152
rlh267_bluelightbasal_JNL_10off_20on_20off,166,16.51,154894000,-3.6279359153834188
rlh267_bluelightbasal_JNL_10off_20on_20off,167,16.61,153812000,-4.301135479856899
rlh267_bluelightbasal_JNL_10off_20on_20off,168,16.71,154867000,-3.644734795458081
rlh267_bluelightbasal_JNL_10off_20on_20off,169,16.81,154833000,-3.6658889407372843
rlh267_bluelightbasal_JNL_10off_20on_20off,170,16.91,154926000,-3.608026131591227
rlh267_bluelightbasal_JNL_10off_20on_20off,171,17.011,155015000,-3.552652045419194
rlh267_bluelightbasal_JNL_10off_20on_20off,172,17.11,154129000,-4.1039041841655
rlh267_bluelightbasal_JNL_10off_20on_20off,173,17.21,154858000,-3.6503344221496343
rlh267_bluelightbasal_JNL_10off_20on_20off,174,17.31,154445000,-3.9072950692176076
rlh267_bluelightbasal_JNL_10off_20on_20off,175,17.411,154601000,-3.810234873230674
rlh267_bluelightbasal_JNL_10off_20on_20off,176,17.51,154454000,-3.901695442526054
rlh267_bluelightbasal_JNL_10off_20on_20off,177,17.61,154127000,-4.105148545652512
rlh267_bluelightbasal_JNL_10off_20on_20off,178,17.71,154737000,-3.7256182921138588
rlh267_bluelightbasal_JNL_10off_20on_20off,179,17.81,154087000,-4.130035775392751
rlh267_bluelightbasal_JNL_10off_20on_20off,180,17.91,154177000,-4.074039508477212
rlh267_bluelightbasal_JNL_10off_20on_20off,181,18.01,153466000,-4.51641001710997
rlh267_bluelightbasal_JNL_10off_20on_20off,182,18.11,154020000,-4.171721885207653
rlh267_bluelightbasal_JNL_10off_20on_20off,183,18.21,154032000,-4.164255716285581
rlh267_bluelightbasal_JNL_10off_20on_20off,184,18.31,154163000,-4.082750038886297
rlh267_bluelightbasal_JNL_10off_20on_20off,185,18.41,154014000,-4.175454969668689
rlh267_bluelightbasal_JNL_10off_20on_20off,186,18.51,154314000,-3.9888007466168918
rlh267_bluelightbasal_JNL_10off_20on_20off,187,18.61,154887000,-3.6322911805879605
rlh267_bluelightbasal_JNL_10off_20on_20off,188,18.71,153580000,-4.445481412350287
rlh267_bluelightbasal_JNL_10off_20on_20off,189,18.81,154058000,-4.148079016954425
rlh267_bluelightbasal_JNL_10off_20on_20off,190,18.91,153728000,-4.353398662311402
rlh267_bluelightbasal_JNL_10off_20on_20off,191,19.01,153521000,-4.482190076217141
rlh267_bluelightbasal_JNL_10off_20on_20off,192,19.11,153911000,-4.239539586249806
rlh267_bluelightbasal_JNL_10off_20on_20off,193,19.21,153166000,-4.703064240161766
rlh267_bluelightbasal_JNL_10off_20on_20off,194,19.31,152936000,-4.846165811168144
rlh267_bluelightbasal_JNL_10off_20on_20off,195,19.41,153254000,-4.64831233473324
rlh267_bluelightbasal_JNL_10off_20on_20off,196,19.51,151411000,-5.794991445014777
rlh267_bluelightbasal_JNL_10off_20on_20off,197,19.61,152342000,-5.215741172810701
rlh267_bluelightbasal_JNL_10off_20on_20off,198,19.71,152120000,-5.353865297869031
rlh267_bluelightbasal_JNL_10off_20on_20off,199,19.81,152418000,-5.168455436304247
rlh267_bluelightbasal_JNL_10off_20on_20off,200,19.91,153648000,-4.40317312179188
rlh267_bluelightbasal_JNL_10off_20on_20off,201,20.011,153306000,-4.615958936070928
rlh267_bluelightbasal_JNL_10off_20on_20off,202,20.111,152992000,-4.811323689531808
rlh267_bluelightbasal_JNL_10off_20on_20off,203,20.21,152715000,-4.983667755482967
rlh267_bluelightbasal_JNL_10off_20on_20off,204,20.31,150909000,-6.107326178254783
rlh267_bluelightbasal_JNL_10off_20on_20off,205,20.41,150257000,-6.512988023020687
rlh267_bluelightbasal_JNL_10off_20on_20off,206,20.51,151879000,-5.503810857053974
rlh267_bluelightbasal_JNL_10off_20on_20off,207,20.61,151482000,-5.750816612225852
rlh267_bluelightbasal_JNL_10off_20on_20off,208,20.71,151681000,-5.62700264426816
rlh267_bluelightbasal_JNL_10off_20on_20off,209,20.81,151457000,-5.766371130813501
rlh267_bluelightbasal_JNL_10off_20on_20off,210,20.91,151607000,-5.673044019287603
rlh267_bluelightbasal_JNL_10off_20on_20off,211,21.01,151950000,-5.459636024265048
rlh267_bluelightbasal_JNL_10off_20on_20off,212,21.11,151539000,-5.71535230984601
rlh267_bluelightbasal_JNL_10off_20on_20off,213,21.211,151710000,-5.608959402706486
rlh267_bluelightbasal_JNL_10off_20on_20off,214,21.311,152033000,-5.407995022554052
rlh267_bluelightbasal_JNL_10off_20on_20off,215,21.41,151663000,-5.638201897651268
rlh267_bluelightbasal_JNL_10off_20on_20off,216,21.511,151460000,-5.764504588582983
rlh267_bluelightbasal_JNL_10off_20on_20off,217,21.61,152066000,-5.387463058018355
rlh267_bluelightbasal_JNL_10off_20on_20off,218,21.71,152577000,-5.069528698086794
rlh267_bluelightbasal_JNL_10off_20on_20off,219,21.811,152374000,-5.19583138901851
rlh267_bluelightbasal_JNL_10off_20on_20off,220,21.91,151775000,-5.5685176543785975
rlh267_bluelightbasal_JNL_10off_20on_20off,221,22.011,152476000,-5.132368953180899
rlh267_bluelightbasal_JNL_10off_20on_20off,222,22.111,151754000,-5.581583449992223
rlh267_bluelightbasal_JNL_10off_20on_20off,223,22.21,150978000,-6.06439570695287
rlh267_bluelightbasal_JNL_10off_20on_20off,224,22.31,150928000,-6.095504744128169
rlh267_bluelightbasal_JNL_10off_20on_20off,225,22.41,151062000,-6.012132524498367
rlh267_bluelightbasal_JNL_10off_20on_20off,226,22.511,149914000,-6.726396018043242
rlh267_bluelightbasal_JNL_10off_20on_20off,227,22.611,150329000,-6.468191009488257
rlh267_bluelightbasal_JNL_10off_20on_20off,228,22.71,150301000,-6.4856120703064235
rlh267_bluelightbasal_JNL_10off_20on_20off,229,22.81,150481000,-6.373619536475346
rlh267_bluelightbasal_JNL_10off_20on_20off,230,22.911,149995000,-6.675999377819257
rlh267_bluelightbasal_JNL_10off_20on_20off,231,23.011,149993000,-6.6772437393062685
rlh267_bluelightbasal_JNL_10off_20on_20off,232,23.11,150332000,-6.466324467257738
rlh267_bluelightbasal_JNL_10off_20on_20off,233,23.21,150740000,-6.212474723907295
rlh267_bluelightbasal_JNL_10off_20on_20off,234,23.31,150746000,-6.208741639446259
rlh267_bluelightbasal_JNL_10off_20on_20off,235,23.41,149978000,-6.686576450458858
rlh267_bluelightbasal_JNL_10off_20on_20off,236,23.51,149913000,-6.727018198786748
rlh267_bluelightbasal_JNL_10off_20on_20off,237,23.61,150064000,-6.633068906517344
rlh267_bluelightbasal_JNL_10off_20on_20off,238,23.71,149860000,-6.759993778192565
rlh267_bluelightbasal_JNL_10off_20on_20off,239,23.81,149857000,-6.761860320423082
rlh267_bluelightbasal_JNL_10off_20on_20off,240,23.911,150167000,-6.5689842899362265
rlh267_bluelightbasal_JNL_10off_20on_20off,241,24.01,149412000,-7.038730751283248
rlh267_bluelightbasal_JNL_10off_20on_20off,242,24.11,149318000,-7.0972157411728105
rlh267_bluelightbasal_JNL_10off_20on_20off,243,24.21,149312000,-7.100948825633846
rlh267_bluelightbasal_JNL_10off_20on_20off,244,24.31,149750000,-6.828433659978224
rlh267_bluelightbasal_JNL_10off_20on_20off,245,24.41,150230000,-6.52978690309535
rlh267_bluelightbasal_JNL_10off_20on_20off,246,24.51,149877000,-6.749416705552963
rlh267_bluelightbasal_JNL_10off_20on_20off,247,24.61,150042000,-6.646756882874475
rlh267_bluelightbasal_JNL_10off_20on_20off,248,24.71,149405000,-7.04308601648779
rlh267_bluelightbasal_JNL_10off_20on_20off,249,24.81,148224000,-7.777881474568363
rlh267_bluelightbasal_JNL_10off_20on_20off,250,24.91,148199000,-7.793435993156011
rlh267_bluelightbasal_JNL_10off_20on_20off,251,25.01,148485000,-7.615492300513299
rlh267_bluelightbasal_JNL_10off_20on_20off,252,25.11,147809000,-8.036086483123347
rlh267_bluelightbasal_JNL_10off_20on_20off,253,25.21,148361000,-7.692642712708042
rlh267_bluelightbasal_JNL_10off_20on_20off,254,25.31,148429000,-7.650334422149635
rlh267_bluelightbasal_JNL_10off_20on_20off,255,25.41,148520000,-7.593715974490589
rlh267_bluelightbasal_JNL_10off_20on_20off,256,25.51,148006000,-7.913516876652668
rlh267_bluelightbasal_JNL_10off_20on_20off,257,25.611,148581000,-7.555762949136724
rlh267_bluelightbasal_JNL_10off_20on_20off,258,25.711,148120000,-7.842588271892985
rlh267_bluelightbasal_JNL_10off_20on_20off,259,25.811,147896000,-7.981956758438326
rlh267_bluelightbasal_JNL_10off_20on_20off,260,25.91,148512000,-7.598693420438638
rlh267_bluelightbasal_JNL_10off_20on_20off,261,26.011,148259000,-7.756105148545653
rlh267_bluelightbasal_JNL_10off_20on_20off,262,26.111,148278000,-7.744283714419038
rlh267_bluelightbasal_JNL_10off_20on_20off,263,26.21,147752000,-8.071550785503188
rlh267_bluelightbasal_JNL_10off_20on_20off,264,26.31,148084000,-7.864986778659199
rlh267_bluelightbasal_JNL_10off_20on_20off,265,26.41,147278000,-8.366464457925026
rlh267_bluelightbasal_JNL_10off_20on_20off,266,26.511,147056000,-8.504588582983356
rlh267_bluelightbasal_JNL_10off_20on_20off,267,26.61,147234000,-8.39384041063929
rlh267_bluelightbasal_JNL_10off_20on_20off,268,26.711,147113000,-8.469124280603516
rlh267_bluelightbasal_JNL_10off_20on_20off,269,26.811,146617000,-8.777725929382484
rlh267_bluelightbasal_JNL_10off_20on_20off,270,26.91,147748000,-8.074039508477213
rlh267_bluelightbasal_JNL_10off_20on_20off,271,27.01,147041000,-8.513921294135947
rlh267_bluelightbasal_JNL_10off_20on_20off,272,27.11,147385000,-8.299891118369887
rlh267_bluelightbasal_JNL_10off_20on_20off,273,27.211,146970000,-8.558096126924871
rlh267_bluelightbasal_JNL_10off_20on_20off,274,27.31,147113000,-8.469124280603516
rlh267_bluelightbasal_JNL_10off_20on_20off,275,27.41,147262000,-8.376419349821123
rlh267_bluelightbasal_JNL_10off_20on_20off,276,27.511,147373000,-8.307357287291959
rlh267_bluelightbasal_JNL_10off_20on_20off,277,27.611,147209000,-8.40939492922694
rlh267_bluelightbasal_JNL_10off_20on_20off,278,27.711,147556000,-8.193498211230363
rlh267_bluelightbasal_JNL_10off_20on_20off,279,27.81,148241000,-7.767304401928761
rlh267_bluelightbasal_JNL_10off_20on_20off,280,27.91,148706000,-7.477990356198476
rlh267_bluelightbasal_JNL_10off_20on_20off,281,28.01,149627000,-6.90496189142946
rlh267_bluelightbasal_JNL_10off_20on_20off,282,28.11,147951000,-7.947736817545498
rlh267_bluelightbasal_JNL_10off_20on_20off,283,28.21,147164000,-8.437393062684711
rlh267_bluelightbasal_JNL_10off_20on_20off,284,28.31,148088000,-7.862498055685177
rlh267_bluelightbasal_JNL_10off_20on_20off,285,28.41,147352000,-8.320423082905585
rlh267_bluelightbasal_JNL_10off_20on_20off,286,28.51,146936000,-8.579250272204074
rlh267_bluelightbasal_JNL_10off_20on_20off,287,28.61,146780000,-8.676310468191009
rlh267_bluelightbasal_JNL_10off_20on_20off,288,28.71,147206000,-8.411261471457458
rlh267_bluelightbasal_JNL_10off_20on_20off,289,28.81,146394000,-8.91647223518432
rlh267_bluelightbasal_JNL_10off_20on_20off,290,28.91,146541000,-8.82501166588894
rlh267_bluelightbasal_JNL_10off_20on_20off,291,29.01,145944000,-9.196453569762015
rlh267_bluelightbasal_JNL_10off_20on_20off,292,29.11,146737000,-8.703064240161767
rlh267_bluelightbasal_JNL_10off_20on_20off,293,29.21,146961000,-8.563695753616425
rlh267_bluelightbasal_JNL_10off_20on_20off,294,29.31,145621000,-9.39741794991445
rlh267_bluelightbasal_JNL_10off_20on_20off,295,29.41,145290000,-9.603359776014932
rlh267_bluelightbasal_JNL_10off_20on_20off,296,29.51,145767000,-9.306579561362575
rlh267_bluelightbasal_JNL_10off_20on_20off,297,29.61,145390000,-9.541141701664333
rlh267_bluelightbasal_JNL_10off_20on_20off,298,29.71,145071000,-9.739617358842743
rlh267_bluelightbasal_JNL_10off_20on_20off,299,29.81,145528000,-9.455280759060507
rlh267_bluelightbasal_JNL_10off_20on_20off,300,29.91,144802000,-9.906983978845854
rlh267_bluelightbasal_JNL_10off_20on_20off,301,30.01,144780000,-9.920671955202987
rlh267_bluelightbasal_JNL_10off_20on_20off,302,30.11,145108000,-9.716596671333022
rlh267_bluelightbasal_JNL_10off_20on_20off,303,30.21,144931000,-9.826722662933582
rlh267_bluelightbasal_JNL_10off_20on_20off,304,30.31,144755000,-9.936226473790637
rlh267_bluelightbasal_JNL_10off_20on_20off,305,30.41,144952000,-9.813656867319956
rlh267_bluelightbasal_JNL_10off_20on_20off,306,30.51,144932000,-9.826100482190077
rlh267_bluelightbasal_JNL_10off_20on_20off,307,30.61,144197000,-10.283403328666978
rlh267_bluelightbasal_JNL_10off_20on_20off,308,30.71,144241000,-10.256027375952714
rlh267_bluelightbasal_JNL_10off_20on_20off,309,30.81,144005000,-10.402862031420128
rlh267_bluelightbasal_JNL_10off_20on_20off,310,30.91,143588000,-10.662311401462125
rlh267_bluelightbasal_JNL_10off_20on_20off,311,31.01,143753000,-10.559651578783637
rlh267_bluelightbasal_JNL_10off_20on_20off,312,31.11,143126000,-10.949758904961891
rlh267_bluelightbasal_JNL_10off_20on_20off,313,31.21,143969000,-10.425260538186343
rlh267_bluelightbasal_JNL_10off_20on_20off,314,31.31,143983000,-10.416550007777259
rlh267_bluelightbasal_JNL_10off_20on_20off,315,31.41,143417000,-10.768704308601649
rlh267_bluelightbasal_JNL_10off_20on_20off,316,31.51,143825000,-10.514854565251206
rlh267_bluelightbasal_JNL_10off_20on_20off,317,31.61,143155000,-10.931715663400219
rlh267_bluelightbasal_JNL_10off_20on_20off,318,31.71,143180000,-10.916161144812568
rlh267_bluelightbasal_JNL_10off_20on_20off,319,31.81,143213000,-10.89562918027687
rlh267_bluelightbasal_JNL_10off_20on_20off,320,31.91,143365000,-10.80105770726396
rlh267_bluelightbasal_JNL_10off_20on_20off,321,32.01,142780000,-11.165033442214964
rlh267_bluelightbasal_JNL_10off_20on_20off,322,32.11,143478000,-10.730751283247782
rlh267_bluelightbasal_JNL_10off_20on_20off,323,32.21,142865000,-11.112148079016954
rlh267_bluelightbasal_JNL_10off_20on_20off,324,32.31,143160000,-10.928604759682688
rlh267_bluelightbasal_JNL_10off_20on_20off,325,32.41,142870000,-11.109037175299424
rlh267_bluelightbasal_JNL_10off_20on_20off,326,32.51,142957000,-11.054907450614404
rlh267_bluelightbasal_JNL_10off_20on_20off,327,32.61,142587000,-11.28511432571162
rlh267_bluelightbasal_JNL_10off_20on_20off,328,32.71,143055000,-10.993933737750815
rlh267_bluelightbasal_JNL_10off_20on_20off,329,32.81,143171000,-10.921760771504122
rlh267_bluelightbasal_JNL_10off_20on_20off,330,32.91,142789000,-11.159433815523409
rlh267_bluelightbasal_JNL_10off_20on_20off,331,33.01,143142000,-10.939804013065796
rlh267_bluelightbasal_JNL_10off_20on_20off,332,33.11,142887000,-11.098460102659823
rlh267_bluelightbasal_JNL_10off_20on_20off,333,33.211,142810000,-11.146368019909785
rlh267_bluelightbasal_JNL_10off_20on_20off,334,33.311,142883000,-11.100948825633846
rlh267_bluelightbasal_JNL_10off_20on_20off,335,33.411,142958000,-11.054285269870897
rlh267_bluelightbasal_JNL_10off_20on_20off,336,33.511,142197000,-11.527764815678955
rlh267_bluelightbasal_JNL_10off_20on_20off,337,33.611,142366000,-11.422616270026442
rlh267_bluelightbasal_JNL_10off_20on_20off,338,33.711,142145000,-11.560118214341268
rlh267_bluelightbasal_JNL_10off_20on_20off,339,33.811,142193000,-11.530253538652978
rlh267_bluelightbasal_JNL_10off_20on_20off,340,33.911,140944000,-12.307357287291959
rlh267_bluelightbasal_JNL_10off_20on_20off,341,34.011,140955000,-12.300513299113392
rlh267_bluelightbasal_JNL_10off_20on_20off,342,34.111,140589000,-12.528231451236586
rlh267_bluelightbasal_JNL_10off_20on_20off,343,34.211,141361000,-12.047907917249962
rlh267_bluelightbasal_JNL_10off_20on_20off,344,34.311,141307000,-12.081505677399285
rlh267_bluelightbasal_JNL_10off_20on_20off,345,34.411,140833000,-12.376419349821123
rlh267_bluelightbasal_JNL_10off_20on_20off,346,34.511,141111000,-12.203453103126458
rlh267_bluelightbasal_JNL_10off_20on_20off,347,34.612,141281000,-12.09768237673044
rlh267_bluelightbasal_JNL_10off_20on_20off,348,34.712,140522000,-12.569917561051486
rlh267_bluelightbasal_JNL_10off_20on_20off,349,34.812,140871000,-12.352776481567895
rlh267_bluelightbasal_JNL_10off_20on_20off,350,34.912,140721000,-12.446103593093794
rlh267_bluelightbasal_JNL_10off_20on_20off,351,35.012,140171000,-12.788303002022086
rlh267_bluelightbasal_JNL_10off_20on_20off,352,35.112,139797000,-13.020998600093328
rlh267_bluelightbasal_JNL_10off_20on_20off,353,35.212,139922000,-12.94322600715508
rlh267_bluelightbasal_JNL_10off_20on_20off,354,35.312,139989000,-12.901539897340179
rlh267_bluelightbasal_JNL_10off_20on_20off,355,35.412,140432000,-12.625913827967025
rlh267_bluelightbasal_JNL_10off_20on_20off,356,35.512,141273000,-12.102659822678488
rlh267_bluelightbasal_JNL_10off_20on_20off,357,35.612,141065000,-12.232073417327733
rlh267_bluelightbasal_JNL_10off_20on_20off,358,35.712,141134000,-12.18914294602582
rlh267_bluelightbasal_JNL_10off_20on_20off,359,35.812,140455000,-12.611603670866387
rlh267_bluelightbasal_JNL_10off_20on_20off,360,35.912,140001000,-12.894073728418107
rlh267_bluelightbasal_JNL_10off_20on_20off,361,36.012,140430000,-12.627158189454036
rlh267_bluelightbasal_JNL_10off_20on_20off,362,36.112,139990000,-12.900917716596672
rlh267_bluelightbasal_JNL_10off_20on_20off,363,36.212,140093000,-12.836833100015554
rlh267_bluelightbasal_JNL_10off_20on_20off,364,36.312,140063000,-12.855498522320735
rlh267_bluelightbasal_JNL_10off_20on_20off,365,36.412,140645000,-12.49338932960025
rlh267_bluelightbasal_JNL_10off_20on_20off,366,36.512,140183000,-12.780836833100015
rlh267_bluelightbasal_JNL_10off_20on_20off,367,36.612,139958000,-12.920827500388862
rlh267_bluelightbasal_JNL_10off_20on_20off,368,36.712,139687000,-13.089438481878988
rlh267_bluelightbasal_JNL_10off_20on_20off,369,36.812,139706000,-13.077617047752371
rlh267_bluelightbasal_JNL_10off_20on_20off,370,36.912,140119000,-12.820656400684399
rlh267_bluelightbasal_JNL_10off_20on_20off,371,37.012,140052000,-12.8623425104993
rlh267_bluelightbasal_JNL_10off_20on_20off,372,37.112,139852000,-12.986778659200498
rlh267_bluelightbasal_JNL_10off_20on_20off,373,37.212,138833000,-13.620780836833099
rlh267_bluelightbasal_JNL_10off_20on_20off,374,37.312,139734000,-13.060195986934204
rlh267_bluelightbasal_JNL_10off_20on_20off,375,37.412,139512000,-13.198320111992533
rlh267_bluelightbasal_JNL_10off_20on_20off,376,37.512,139439000,-13.24373930626847
rlh267_bluelightbasal_JNL_10off_20on_20off,377,37.612,138999000,-13.517498833411107
rlh267_bluelightbasal_JNL_10off_20on_20off,378,37.712,139093000,-13.459013843521541
rlh267_bluelightbasal_JNL_10off_20on_20off,379,37.812,139397000,-13.269870897495723
rlh267_bluelightbasal_JNL_10off_20on_20off,380,37.912,139927000,-12.940115103437549
rlh267_bluelightbasal_JNL_10off_20on_20off,381,38.012,139400000,-13.268004355265203
rlh267_bluelightbasal_JNL_10off_20on_20off,382,38.112,139774000,-13.035308757193963
rlh267_bluelightbasal_JNL_10off_20on_20off,383,38.212,139736000,-13.058951625447193
rlh267_bluelightbasal_JNL_10off_20on_20off,384,38.312,139882000,-12.968113236895318
rlh267_bluelightbasal_JNL_10off_20on_20off,385,38.412,139745000,-13.05335199875564
rlh267_bluelightbasal_JNL_10off_20on_20off,386,38.512,139419000,-13.25618292113859
rlh267_bluelightbasal_JNL_10off_20on_20off,387,38.612,138618000,-13.754549696686889
rlh267_bluelightbasal_JNL_10off_20on_20off,388,38.712,138670000,-13.722196298024574
rlh267_bluelightbasal_JNL_10off_20on_20off,389,38.812,138617000,-13.755171877430394
rlh267_bluelightbasal_JNL_10off_20on_20off,390,38.912,138321000,-13.939337377508165
rlh267_bluelightbasal_JNL_10off_20on_20off,391,39.012,138368000,-13.910094882563385
rlh267_bluelightbasal_JNL_10off_20on_20off,392,39.112,137873000,-14.21807435059885
rlh267_bluelightbasal_JNL_10off_20on_20off,393,39.212,138327000,-13.93560429304713
rlh267_bluelightbasal_JNL_10off_20on_20off,394,39.312,137401000,-14.511743661533675
rlh267_bluelightbasal_JNL_10off_20on_20off,395,39.412,137956000,-14.166433348887853
rlh267_bluelightbasal_JNL_10off_20on_20off,396,39.512,138414000,-13.88147456836211
rlh267_bluelightbasal_JNL_10off_20on_20off,397,39.612,136954000,-14.789858453880852
rlh267_bluelightbasal_JNL_10off_20on_20off,398,39.712,137148000,-14.66915538964069
rlh267_bluelightbasal_JNL_10off_20on_20off,399,39.812,137233000,-14.616270026442683
rlh267_bluelightbasal_JNL_10off_20on_20off,400,39.912,137315000,-14.56525120547519
rlh267_bluelightbasal_JNL_10off_20on_20off,401,40.012,137677000,-14.340021776326022
rlh267_bluelightbasal_JNL_10off_20on_20off,402,40.112,137156000,-14.664177943692644
rlh267_bluelightbasal_JNL_10off_20on_20off,403,40.212,137637000,-14.364909006066263
rlh267_bluelightbasal_JNL_10off_20on_20off,404,40.312,137264000,-14.596982423393994
rlh267_bluelightbasal_JNL_10off_20on_20off,405,40.412,137520000,-14.437704153056464
rlh267_bluelightbasal_JNL_10off_20on_20off,406,40.512,137026000,-14.745061440348422
rlh267_bluelightbasal_JNL_10off_20on_20off,407,40.612,136689000,-14.95473635090994
rlh267_bluelightbasal_JNL_10off_20on_20off,408,40.712,136772000,-14.903095349198942
rlh267_bluelightbasal_JNL_10off_20on_20off,409,40.812,137479000,-14.463213563540208
rlh267_bluelightbasal_JNL_10off_20on_20off,410,40.912,137459000,-14.475657178410328
rlh267_bluelightbasal_JNL_10off_20on_20off,411,41.012,137015000,-14.751905428526987
rlh267_bluelightbasal_JNL_10off_20on_20off,412,41.112,137563000,-14.410950381085705
rlh267_bluelightbasal_JNL_10off_20on_20off,413,41.212,137362000,-14.53600871053041
rlh267_bluelightbasal_JNL_10off_20on_20off,414,41.312,137670000,-14.344377041530565
rlh267_bluelightbasal_JNL_10off_20on_20off,415,41.412,136922000,-14.809768237673044
rlh267_bluelightbasal_JNL_10off_20on_20off,416,41.512,136425000,-15.118992067195519
rlh267_bluelightbasal_JNL_10off_20on_20off,417,41.612,136123000,-15.306890651734328
rlh267_bluelightbasal_JNL_10off_20on_20off,418,41.712,136303000,-15.194898117903252
rlh267_bluelightbasal_JNL_10off_20on_20off,419,41.812,136328000,-15.179343599315601
rlh267_bluelightbasal_JNL_10off_20on_20off,420,41.912,136535000,-15.050552185409863
rlh267_bluelightbasal_JNL_10off_20on_20off,421,42.012,136246000,-15.230362420283091
rlh267_bluelightbasal_JNL_10off_20on_20off,422,42.112,136090000,-15.327422616270026
rlh267_bluelightbasal_JNL_10off_20on_20off,423,42.212,136623000,-14.995800279981333
rlh267_bluelightbasal_JNL_10off_20on_20off,424,42.312,136922000,-14.809768237673044
rlh267_bluelightbasal_JNL_10off_20on_20off,425,42.412,135988000,-15.390885052107636
rlh267_bluelightbasal_JNL_10off_20on_20off,426,42.512,136275000,-15.212319178721417
rlh267_bluelightbasal_JNL_10off_20on_20off,427,42.612,136641000,-14.984601026598227
rlh267_bluelightbasal_JNL_10off_20on_20off,428,42.712,136375000,-15.150101104370819
rlh267_bluelightbasal_JNL_10off_20on_20off,429,42.812,135950000,-15.414527920360864
rlh267_bluelightbasal_JNL_10off_20on_20off,430,42.912,136333000,-15.176232695598072
rlh267_bluelightbasal_JNL_10off_20on_20off,431,43.012,136200000,-15.258982734484366
rlh267_bluelightbasal_JNL_10off_20on_20off,432,43.112,136636000,-14.987711930315756
rlh267_bluelightbasal_JNL_10off_20on_20off,433,43.212,136264000,-15.219163166899985
rlh267_bluelightbasal_JNL_10off_20on_20off,434,43.312,135888000,-15.453103126458236
rlh267_bluelightbasal_JNL_10off_20on_20off,435,43.412,136250000,-15.227873697309068
rlh267_bluelightbasal_JNL_10off_20on_20off,436,43.512,136278000,-15.210452636490901
rlh267_bluelightbasal_JNL_10off_20on_20off,437,43.612,135879000,-15.458702753149788
rlh267_bluelightbasal_JNL_10off_20on_20off,438,43.712,135702000,-15.568828744750348
rlh267_bluelightbasal_JNL_10off_20on_20off,439,43.812,136091000,-15.326800435526518
rlh267_bluelightbasal_JNL_10off_20on_20off,440,43.912,135989000,-15.390262871364133
rlh267_bluelightbasal_JNL_10off_20on_20off,441,44.012,135806000,-15.504121947425729
rlh267_bluelightbasal_JNL_10off_20on_20off,442,44.112,135738000,-15.546430237984135
rlh267_bluelightbasal_JNL_10off_20on_20off,443,44.212,135579000,-15.645356976201585
rlh267_bluelightbasal_JNL_10off_20on_20off,444,44.312,135586000,-15.641001710997044
rlh267_bluelightbasal_JNL_10off_20on_20off,445,44.412,134960000,-16.030486856431793
rlh267_bluelightbasal_JNL_10off_20on_20off,446,44.512,135420000,-15.744283714419039
rlh267_bluelightbasal_JNL_10off_20on_20off,447,44.612,135154000,-15.90978379219163
rlh267_bluelightbasal_JNL_10off_20on_20off,448,44.712,136083000,-15.331777881474567
rlh267_bluelightbasal_JNL_10off_20on_20off,449,44.812,135733000,-15.549541141701665
rlh267_bluelightbasal_JNL_10off_20on_20off,450,44.912,135992000,-15.388396329133613
rlh267_bluelightbasal_JNL_10off_20on_20off,451,45.012,135268000,-15.83885518743195
rlh267_bluelightbasal_JNL_10off_20on_20off,452,45.112,135661000,-15.594338155234095
rlh267_bluelightbasal_JNL_10off_20on_20off,453,45.212,134962000,-16.029242494944782
rlh267_bluelightbasal_JNL_10off_20on_20off,454,45.312,135330000,-15.800279981334578
rlh267_bluelightbasal_JNL_10off_20on_20off,455,45.412,135220000,-15.868719863120237
rlh267_bluelightbasal_JNL_10off_20on_20off,456,45.512,135006000,-16.001866542230516
rlh267_bluelightbasal_JNL_10off_20on_20off,457,45.612,134195000,-16.506455125213876
rlh267_bluelightbasal_JNL_10off_20on_20off,458,45.712,133896000,-16.692487167522167
rlh267_bluelightbasal_JNL_10off_20on_20off,459,45.812,134751000,-16.160522631824545
rlh267_bluelightbasal_JNL_10off_20on_20off,460,45.912,134346000,-16.412505832944472
rlh267_bluelightbasal_JNL_10off_20on_20off,461,46.013,133914000,-16.681287914139055
rlh267_bluelightbasal_JNL_10off_20on_20off,462,46.112,133861999.99999999,-16.71364131280138
rlh267_bluelightbasal_JNL_10off_20on_20off,463,46.212,134677000,-16.206564006843987
rlh267_bluelightbasal_JNL_10off_20on_20off,464,46.312,133835000,-16.73044019287603
rlh267_bluelightbasal_JNL_10off_20on_20off,465,46.412,133539999.99999999,-16.913983512210308
rlh267_bluelightbasal_JNL_10off_20on_20off,466,46.513,132948000,-17.282314512365843
rlh267_bluelightbasal_JNL_10off_20on_20off,467,48.902,132425000,-17.607715041219475
rlh267_bluelightbasal_JNL_10off_20on_20off,468,48.922,134346000,-16.412505832944472
rlh267_bluelightbasal_JNL_10off_20on_20off,469,48.942,132959000,-17.275470524187277
rlh267_bluelightbasal_JNL_10off_20on_20off,470,48.962,132441000.00000001,-17.597760149323367
rlh267_bluelightbasal_JNL_10off_20on_20off,471,48.982,132393999.99999999,-17.62700264426817
rlh267_bluelightbasal_JNL_10off_20on_20off,472,49.012,132603000,-17.496966868875408
rlh267_bluelightbasal_JNL_10off_20on_20off,473,49.032,132586000,-17.50754394151501
rlh267_bluelightbasal_JNL_10off_20on_20off,474,49.052,132666000,-17.45776948203453
rlh267_bluelightbasal_JNL_10off_20on_20off,475,49.072,133419000,-16.98926738217452
rlh267_bluelightbasal_JNL_10off_20on_20off,476,49.093,132788000,-17.3818634313268
rlh267_bluelightbasal_JNL_10off_20on_20off,477,49.122,133105000,-17.184632135635404
rlh267_bluelightbasal_JNL_10off_20on_20off,478,49.142,133010999.99999999,-17.24311712552497
rlh267_bluelightbasal_JNL_10off_20on_20off,479,49.162,133129000.00000001,-17.16969979779125
rlh267_bluelightbasal_JNL_10off_20on_20off,480,49.183,132969000,-17.269248716752216
rlh267_bluelightbasal_JNL_10off_20on_20off,481,49.212,133017999.99999999,-17.23876186032043
rlh267_bluelightbasal_JNL_10off_20on_20off,482,49.232,133250000,-17.094415927827033
rlh267_bluelightbasal_JNL_10off_20on_20off,483,49.252,133277000,-17.077617047752373
rlh267_bluelightbasal_JNL_10off_20on_20off,484,49.282,132772000,-17.391818323222896
rlh267_bluelightbasal_JNL_10off_20on_20off,485,49.302,133020000,-17.23751749883341
rlh267_bluelightbasal_JNL_10off_20on_20off,486,49.322,132142000,-17.78379219163167
rlh267_bluelightbasal_JNL_10off_20on_20off,487,49.412,132144000,-17.782547830144658
rlh267_bluelightbasal_JNL_10off_20on_20off,488,49.512,132146999.99999999,-17.78068128791415
rlh267_bluelightbasal_JNL_10off_20on_20off,489,49.612,132335000,-17.663711308135014
rlh267_bluelightbasal_JNL_10off_20on_20off,490,49.713,131716000.00000001,-18.048841188365213
rlh267_bluelightbasal_JNL_10off_20on_20off,491,49.812,132074000,-17.82610048219008
rlh267_bluelightbasal_JNL_10off_20on_20off,492,49.912,131902999.99999999,-17.93249338932961
rlh267_bluelightbasal_JNL_10off_20on_20off,493,50.012,132299000.00000001,-17.68610981490122
rlh267_bluelightbasal_JNL_10off_20on_20off,494,50.112,132915000,-17.30284647690154
rlh267_bluelightbasal_JNL_10off_20on_20off,495,50.212,131992000,-17.877119303157567
rlh267_bluelightbasal_JNL_10off_20on_20off,496,50.312,132622000,-17.485145434748794
rlh267_bluelightbasal_JNL_10off_20on_20off,497,50.412,132013000,-17.864053507543943
rlh267_bluelightbasal_JNL_10off_20on_20off,498,50.512,131250000,-18.33877741483901
rlh267_bluelightbasal_JNL_10off_20on_20off,499,50.612,131827000,-17.979779125836057
rlh267_bluelightbasal_JNL_10off_20on_20off,500,50.712,131471000,-18.201275470524187
rlh267_bluelightbasal_JNL_10off_20on_20off,501,50.812,130590000,-18.749416705552964
rlh267_bluelightbasal_JNL_10off_20on_20off,502,50.912,131151000,-18.400373308446103
rlh267_bluelightbasal_JNL_10off_20on_20off,503,51.012,130875999.99999999,-18.571473012910257
rlh267_bluelightbasal_JNL_10off_20on_20off,504,51.112,131331000,-18.288380774615025
rlh267_bluelightbasal_JNL_10off_20on_20off,505,51.212,131375000,-18.261004821900762
rlh267_bluelightbasal_JNL_10off_20on_20off,506,51.312,131077000,-18.446414683465548
rlh267_bluelightbasal_JNL_10off_20on_20off,507,51.412,131091000,-18.437704153056465
rlh267_bluelightbasal_JNL_10off_20on_20off,508,51.512,131790999.99999999,-18.002177632602283
rlh267_bluelightbasal_JNL_10off_20on_20off,509,51.612,131053000,-18.46134702130969
rlh267_bluelightbasal_JNL_10off_20on_20off,510,51.712,132163000.00000001,-17.770726396018034
rlh267_bluelightbasal_JNL_10off_20on_20off,511,51.812,131614000.00000001,-18.112303624202823
rlh267_bluelightbasal_JNL_10off_20on_20off,512,51.912,129962000,-19.140146212474722
rlh267_bluelightbasal_JNL_10off_20on_20off,513,52.012,130990000,-18.500544408150567
rlh267_bluelightbasal_JNL_10off_20on_20off,514,52.112,130617000,-18.7326178254783
rlh267_bluelightbasal_JNL_10off_20on_20off,515,52.212,130736000.00000001,-18.65857831700108
rlh267_bluelightbasal_JNL_10off_20on_20off,516,52.312,130592000,-18.74817234406595
rlh267_bluelightbasal_JNL_10off_20on_20off,517,52.412,130885000,-18.565873386218694
rlh267_bluelightbasal_JNL_10off_20on_20off,518,52.512,131230000,-18.35122102970913
rlh267_bluelightbasal_JNL_10off_20on_20off,519,52.612,131017000,-18.483745528075907
rlh267_bluelightbasal_JNL_10off_20on_20off,520,52.712,131518000,-18.172032975579405
rlh267_bluelightbasal_JNL_10off_20on_20off,521,52.812,131673000,-18.075594960335977
rlh267_bluelightbasal_JNL_10off_20on_20off,522,52.912,131171000,-18.387929693575984
rlh267_bluelightbasal_JNL_10off_20on_20off,523,53.012,131449000,-18.21496344688132
rlh267_bluelightbasal_JNL_10off_20on_20off,524,53.112,130883000,-18.56711774770571
rlh267_bluelightbasal_JNL_10off_20on_20off,525,53.212,131839000,-17.97231295691398
rlh267_bluelightbasal_JNL_10off_20on_20off,526,53.312,131075999.99999999,-18.447036864209064
rlh267_bluelightbasal_JNL_10off_20on_20off,527,53.413,130939000,-18.53227562606937
rlh267_bluelightbasal_JNL_10off_20on_20off,528,53.512,131000999.99999999,-18.49370041997201
rlh267_bluelightbasal_JNL_10off_20on_20off,529,53.612,130422000,-18.85394307046197
rlh267_bluelightbasal_JNL_10off_20on_20off,530,53.712,131312999.99999999,-18.299580027998143
rlh267_bluelightbasal_JNL_10off_20on_20off,531,53.812,131038000.00000001,-18.470679732462273
rlh267_bluelightbasal_JNL_10off_20on_20off,532,53.912,130672000.00000001,-18.698397884585464
rlh267_bluelightbasal_JNL_10off_20on_20off,533,54.012,131291000,-18.313268004355265
rlh267_bluelightbasal_JNL_10off_20on_20off,534,54.112,130783000,-18.629335822056305
rlh267_bluelightbasal_JNL_10off_20on_20off,535,54.212,130282000.00000001,-18.9410483745528
rlh267_bluelightbasal_JNL_10off_20on_20off,536,54.312,130275999.99999999,-18.944781459013853
rlh267_bluelightbasal_JNL_10off_20on_20off,537,54.412,130535000,-18.783636646445792
rlh267_bluelightbasal_JNL_10off_20on_20off,538,54.513,129907000,-19.174366153367554
rlh267_bluelightbasal_JNL_10off_20on_20off,539,54.612,130144000,-19.026909317156633
rlh267_bluelightbasal_JNL_10off_20on_20off,540,54.712,130752000,-18.648623425104994
rlh267_bluelightbasal_JNL_10off_20on_20off,541,54.812,130405000,-18.864520143101572
rlh267_bluelightbasal_JNL_10off_20on_20off,542,54.912,130366000,-18.888785192098304
rlh267_bluelightbasal_JNL_10off_20on_20off,543,55.012,130963000,-18.51734328822523
rlh267_bluelightbasal_JNL_10off_20on_20off,544,55.112,130492000.00000001,-18.81039041841654
rlh267_bluelightbasal_JNL_10off_20on_20off,545,55.212,130471000,-18.823456214030177
rlh267_bluelightbasal_JNL_10off_20on_20off,546,55.312,130936000.00000001,-18.534142168299883
rlh267_bluelightbasal_JNL_10off_20on_20off,547,55.412,131012000,-18.486856431793434
rlh267_bluelightbasal_JNL_10off_20on_20off,548,55.512,130990000,-18.500544408150567
rlh267_bluelightbasal_JNL_10off_20on_20off,549,55.612,130968000,-18.5142323845077
rlh267_bluelightbasal_JNL_10off_20on_20off,550,55.712,130240000,-18.96717996578006
rlh267_bluelightbasal_JNL_10off_20on_20off,551,55.812,130535000,-18.783636646445792
rlh267_bluelightbasal_JNL_10off_20on_20off,552,55.912,130637000,-18.72017421060818
rlh267_bluelightbasal_JNL_10off_20on_20off,553,56.012,129721000,-19.290091771659668
rlh267_bluelightbasal_JNL_10off_20on_20off,554,56.112,130450000,-18.8365220096438
rlh267_bluelightbasal_JNL_10off_20on_20off,555,56.212,129894000,-19.18245450303313
rlh267_bluelightbasal_JNL_10off_20on_20off,556,56.312,130378000,-18.881319023176232
rlh267_bluelightbasal_JNL_10off_20on_20off,557,56.412,129519000,-19.415772281847875
rlh267_bluelightbasal_JNL_10off_20on_20off,558,56.512,129846000,-19.21231917872142
rlh267_bluelightbasal_JNL_10off_20on_20off,559,56.612,130165000,-19.01384352154301
rlh267_bluelightbasal_JNL_10off_20on_20off,560,56.712,130141000,-19.02877585938715
rlh267_bluelightbasal_JNL_10off_20on_20off,561,56.812,129799000,-19.2415616736662
rlh267_bluelightbasal_JNL_10off_20on_20off,562,56.912,129851000,-19.20920827500389
rlh267_bluelightbasal_JNL_10off_20on_20off,563,57.012,129995000,-19.119614247939026
rlh267_bluelightbasal_JNL_10off_20on_20off,564,57.112,130188000,-18.99953336444237
rlh267_bluelightbasal_JNL_10off_20on_20off,565,57.212,130214000.00000001,-18.983356665111206
rlh267_bluelightbasal_JNL_10off_20on_20off,566,57.312,129973999.99999999,-19.13268004355266
rlh267_bluelightbasal_JNL_10off_20on_20off,567,57.412,129723000.00000001,-19.288847410172647
rlh267_bluelightbasal_JNL_10off_20on_20off,568,57.512,130373999.99999999,-18.883807746150268
rlh267_bluelightbasal_JNL_10off_20on_20off,569,57.612,130040000,-19.09161611448126
rlh267_bluelightbasal_JNL_10off_20on_20off,570,57.712,129512999.99999999,-19.419505366308922
rlh267_bluelightbasal_JNL_10off_20on_20off,571,57.812,129821000.00000001,-19.227873697309057
rlh267_bluelightbasal_JNL_10off_20on_20off,572,57.912,129555000,-19.393373775081663
rlh267_bluelightbasal_JNL_10off_20on_20off,573,58.012,129864000,-19.20111992533831
rlh267_bluelightbasal_JNL_10off_20on_20off,574,58.112,129297000,-19.55389640690621
rlh267_bluelightbasal_JNL_10off_20on_20off,575,58.212,129505000,-19.42448281225696
rlh267_bluelightbasal_JNL_10off_20on_20off,576,58.312,128882999.99999999,-19.811479234717694
rlh267_bluelightbasal_JNL_10off_20on_20off,577,58.412,128780999.99999999,-19.874941670555305
rlh267_bluelightbasal_JNL_10off_20on_20off,578,58.512,128322000,-20.160522631824545
rlh267_bluelightbasal_JNL_10off_20on_20off,579,58.612,128119000,-20.28682532275626
rlh267_bluelightbasal_JNL_10off_20on_20off,580,58.712,128740000.00000001,-19.900451081039034
rlh267_bluelightbasal_JNL_10off_20on_20off,581,58.812,127896000.00000001,-20.425571628558085
rlh267_bluelightbasal_JNL_10off_20on_20off,582,58.912,128224999.99999999,-20.220874163944636
rlh267_bluelightbasal_JNL_10off_20on_20off,583,59.012,128491000,-20.055374086172034
rlh267_bluelightbasal_JNL_10off_20on_20off,584,59.112,127531000,-20.652667599937782
rlh267_bluelightbasal_JNL_10off_20on_20off,585,59.212,128322000,-20.160522631824545
rlh267_bluelightbasal_JNL_10off_20on_20off,586,59.312,128950000.00000001,-19.769793124902773
rlh267_bluelightbasal_JNL_10off_20on_20off,587,59.412,128057000,-20.32540052885363
rlh267_bluelightbasal_JNL_10off_20on_20off,588,59.512,127921000,-20.410017109970447
rlh267_bluelightbasal_JNL_10off_20on_20off,589,59.612,128604000,-19.985067662155856
rlh267_bluelightbasal_JNL_10off_20on_20off,590,59.712,127543000,-20.64520143101571
rlh267_bluelightbasal_JNL_10off_20on_20off,591,59.812,128009000,-20.35526520454192
rlh267_bluelightbasal_JNL_10off_20on_20off,592,59.912,127495000,-20.675066106703998
rlh267_bluelightbasal_JNL_10off_20on_20off,593,60.012,128450000,-20.08088349665578
rlh267_bluelightbasal_JNL_10off_20on_20off,594,60.112,128838999.99999999,-19.83885518743196
rlh267_bluelightbasal_JNL_10off_20on_20off,595,60.212,128457000,-20.07652823145124
rlh267_bluelightbasal_JNL_10off_20on_20off,596,60.313,127977999.99999999,-20.374552807590614
rlh267_bluelightbasal_JNL_10off_20on_20off,597,60.412,128438999.99999999,-20.087727484834353
rlh267_bluelightbasal_JNL_10off_20on_20off,598,60.512,127011000,-20.976201586560897
rlh267_bluelightbasal_JNL_10off_20on_20off,599,60.612,128299000.00000001,-20.174832788925173
rlh267_bluelightbasal_JNL_10off_20on_20off,600,60.713,127697000,-20.549385596515787
