stim_jnl,frame,time_s,fluor,dff
rlh267_bluelightbasal_JNL_10off_20on_20off,2,0.1,167707000,1.9941258763758056
rlh267_bluelightbasal_JNL_10off_20on_20off,3,0.2,166991000,1.5586771823589483
rlh267_bluelightbasal_JNL_10off_20on_20off,4,0.3,166129000,1.0344358775509443
rlh267_bluelightbasal_JNL_10off_20on_20off,5,0.4,165704000,0.775964236549318
rlh267_bluelightbasal_JNL_10off_20on_20off,6,0.5,165004000,0.35024623960546325
rlh267_bluelightbasal_JNL_10off_20on_20off,7,0.6,165078000,0.39525071356809927
rlh267_bluelightbasal_JNL_10off_20on_20off,8,0.7,165253000,0.501680212804063
rlh267_bluelightbasal_JNL_10off_20on_20off,9,0.8,164589000,0.09785628427446355
rlh267_bluelightbasal_JNL_10off_20on_20off,10,0.9,164299000,-0.07851260017370489
rlh267_bluelightbasal_JNL_10off_20on_20off,11,1,164609000,0.11001965561571656
rlh267_bluelightbasal_JNL_10off_20on_20off,12,1.1,164233000,-0.11865172559983976
rlh267_bluelightbasal_JNL_10off_20on_20off,13,1.2,164396000,-0.01952024916862785
rlh267_bluelightbasal_JNL_10off_20on_20off,14,1.3,164800000,0.22617985192468268
rlh267_bluelightbasal_JNL_10off_20on_20off,15,1.4,164465000,0.022443381958694983
rlh267_bluelightbasal_JNL_10off_20on_20off,16,1.5,164467000,0.023659719092820282
rlh267_bluelightbasal_JNL_10off_20on_20off,17,1.6,164348000,-0.04871234038763504
rlh267_bluelightbasal_JNL_10off_20on_20off,18,1.699,164714000,0.17387735515729477
rlh267_bluelightbasal_JNL_10off_20on_20off,19,1.799,164753000,0.1975959292727381
rlh267_bluelightbasal_JNL_10off_20on_20off,20,1.899,164321000,-0.06513289169832659
rlh267_bluelightbasal_JNL_10off_20on_20off,21,1.999,164599000,0.10393796994509007
rlh267_bluelightbasal_JNL_10off_20on_20off,22,2.099,164456000,0.016969864855131134
rlh267_bluelightbasal_JNL_10off_20on_20off,23,2.199,164746000,0.19333874930329956
rlh267_bluelightbasal_JNL_10off_20on_20off,24,2.299,164032000,-0.24089360757943235
rlh267_bluelightbasal_JNL_10off_20on_20off,25,2.399,164568000,0.08508474436614791
rlh267_bluelightbasal_JNL_10off_20on_20off,26,2.499,164535000,0.06501518165308046
rlh267_bluelightbasal_JNL_10off_20on_20off,27,2.599,164502000,0.044945618940013025
rlh267_bluelightbasal_JNL_10off_20on_20off,28,2.709,164807000,0.2304370318941212
rlh267_bluelightbasal_JNL_10off_20on_20off,29,2.799,164659000,0.14042808396884904
rlh267_bluelightbasal_JNL_10off_20on_20off,30,2.899,164660000,0.1410362525359117
rlh267_bluelightbasal_JNL_10off_20on_20off,31,2.999,164736000,0.18725706363267308
rlh267_bluelightbasal_JNL_10off_20on_20off,32,3.099,164673000,0.14894244390772612
rlh267_bluelightbasal_JNL_10off_20on_20off,33,3.199,165125000,0.42383463622004386
rlh267_bluelightbasal_JNL_10off_20on_20off,34,3.299,164587000,0.09663994714033826
rlh267_bluelightbasal_JNL_10off_20on_20off,35,3.399,164852000,0.25780461741194044
rlh267_bluelightbasal_JNL_10off_20on_20off,36,3.499,164288000,-0.08520245441139403
rlh267_bluelightbasal_JNL_10off_20on_20off,37,3.599,163573000,-0.5200429798611886
rlh267_bluelightbasal_JNL_10off_20on_20off,38,3.699,164002000,-0.25913866459131185
rlh267_bluelightbasal_JNL_10off_20on_20off,39,3.799,163084000,-0.8174374091548243
rlh267_bluelightbasal_JNL_10off_20on_20off,40,3.899,163716000,-0.43307487477122975
rlh267_bluelightbasal_JNL_10off_20on_20off,41,3.999,163965000,-0.2816409015726299
rlh267_bluelightbasal_JNL_10off_20on_20off,42,4.099,163324000,-0.6714769530597884
rlh267_bluelightbasal_JNL_10off_20on_20off,43,4.199,163123000,-0.7937188350393811
rlh267_bluelightbasal_JNL_10off_20on_20off,44,4.299,163239000,-0.7231712812601137
rlh267_bluelightbasal_JNL_10off_20on_20off,45,4.399,163685000,-0.4519281003501718
rlh267_bluelightbasal_JNL_10off_20on_20off,46,4.499,163899000,-0.3217800269987648
rlh267_bluelightbasal_JNL_10off_20on_20off,47,4.599,163591000,-0.5090959456540609
rlh267_bluelightbasal_JNL_10off_20on_20off,48,4.699,163756000,-0.40874813208872374
rlh267_bluelightbasal_JNL_10off_20on_20off,49,4.799,164025000,-0.24515078754887093
rlh267_bluelightbasal_JNL_10off_20on_20off,50,4.899,163675000,-0.4580097860207983
rlh267_bluelightbasal_JNL_10off_20on_20off,51,4.999,163591000,-0.5090959456540609
rlh267_bluelightbasal_JNL_10off_20on_20off,52,5.099,163922000,-0.3077921499563238
rlh267_bluelightbasal_JNL_10off_20on_20off,53,5.199,163189000,-0.7535797096132462
rlh267_bluelightbasal_JNL_10off_20on_20off,54,5.299,163813000,-0.3740825237661527
rlh267_bluelightbasal_JNL_10off_20on_20off,55,5.409,163986000,-0.26886936166431424
rlh267_bluelightbasal_JNL_10off_20on_20off,56,5.499,163547000,-0.5358553626048176
rlh267_bluelightbasal_JNL_10off_20on_20off,57,5.609,163052000,-0.8368988033008291
rlh267_bluelightbasal_JNL_10off_20on_20off,58,5.699,163460000,-0.588766027939268
rlh267_bluelightbasal_JNL_10off_20on_20off,59,5.809,163859000,-0.3461067696812708
rlh267_bluelightbasal_JNL_10off_20on_20off,60,5.909,163965000,-0.2816409015726299
rlh267_bluelightbasal_JNL_10off_20on_20off,61,6.009,164619000,0.11610134128634306
rlh267_bluelightbasal_JNL_10off_20on_20off,62,6.109,163516000,-0.5547085881837597
rlh267_bluelightbasal_JNL_10off_20on_20off,63,6.209,163620000,-0.4914590572092441
rlh267_bluelightbasal_JNL_10off_20on_20off,64,6.309,163707000,-0.43854839187479355
rlh267_bluelightbasal_JNL_10off_20on_20off,65,6.409,163991000,-0.265828518829001
rlh267_bluelightbasal_JNL_10off_20on_20off,66,6.509,164309000,-0.07243091450307838
rlh267_bluelightbasal_JNL_10off_20on_20off,67,6.609,163778000,-0.3953684236133454
rlh267_bluelightbasal_JNL_10off_20on_20off,68,6.709,164031000,-0.24150177614649504
rlh267_bluelightbasal_JNL_10off_20on_20off,69,6.809,163695000,-0.44584641467954533
rlh267_bluelightbasal_JNL_10off_20on_20off,70,6.909,163291000,-0.6915465157728559
rlh267_bluelightbasal_JNL_10off_20on_20off,71,7.009,163868000,-0.34063325257770694
rlh267_bluelightbasal_JNL_10off_20on_20off,72,7.109,163695000,-0.44584641467954533
rlh267_bluelightbasal_JNL_10off_20on_20off,73,7.209,164074000,-0.21535052776280109
rlh267_bluelightbasal_JNL_10off_20on_20off,74,7.309,163659000,-0.46774048309380073
rlh267_bluelightbasal_JNL_10off_20on_20off,75,7.409,164590000,0.0984644528415262
rlh267_bluelightbasal_JNL_10off_20on_20off,76,7.509,164079000,-0.21230968492748784
rlh267_bluelightbasal_JNL_10off_20on_20off,77,7.609,164495000,0.040688438970574475
rlh267_bluelightbasal_JNL_10off_20on_20off,78,7.709,164318000,-0.06695739739951453
rlh267_bluelightbasal_JNL_10off_20on_20off,79,7.809,164175000,-0.15392550248947345
rlh267_bluelightbasal_JNL_10off_20on_20off,80,7.909,164061000,-0.22325671913461553
rlh267_bluelightbasal_JNL_10off_20on_20off,81,8.009,164130000,-0.1812930880072927
rlh267_bluelightbasal_JNL_10off_20on_20off,82,8.109,164048000,-0.23116291050642995
rlh267_bluelightbasal_JNL_10off_20on_20off,83,8.209,164292000,-0.08276978014314343
rlh267_bluelightbasal_JNL_10off_20on_20off,84,8.309,164430000,0.0011574821115022409
rlh267_bluelightbasal_JNL_10off_20on_20off,85,8.409,164474000,0.02791689906225883
rlh267_bluelightbasal_JNL_10off_20on_20off,86,8.509,164443000,0.009063673483316688
rlh267_bluelightbasal_JNL_10off_20on_20off,87,8.609,164515000,0.05285181031182747
rlh267_bluelightbasal_JNL_10off_20on_20off,88,8.709,164384000,-0.02681827197337965
rlh267_bluelightbasal_JNL_10off_20on_20off,89,8.809,164775000,0.21097563774811642
rlh267_bluelightbasal_JNL_10off_20on_20off,90,8.909,163586000,-0.5121367884893742
rlh267_bluelightbasal_JNL_10off_20on_20off,91,9.009,164077000,-0.2135260220616131
rlh267_bluelightbasal_JNL_10off_20on_20off,92,9.11,163875000,-0.3363760726082684
rlh267_bluelightbasal_JNL_10off_20on_20off,93,9.21,164198000,-0.1399376254470325
rlh267_bluelightbasal_JNL_10off_20on_20off,94,9.31,163969000,-0.2792082273043793
rlh267_bluelightbasal_JNL_10off_20on_20off,95,9.41,163293000,-0.6903301786387306
rlh267_bluelightbasal_JNL_10off_20on_20off,96,9.51,163660000,-0.46713231452673815
rlh267_bluelightbasal_JNL_10off_20on_20off,97,9.61,164180000,-0.1508846596541602
rlh267_bluelightbasal_JNL_10off_20on_20off,98,9.71,164091000,-0.20501166212273603
rlh267_bluelightbasal_JNL_10off_20on_20off,99,9.81,163416000,-0.6155254448900247
rlh267_bluelightbasal_JNL_10off_20on_20off,100,9.91,163638000,-0.4805120230021164
rlh267_bluelightbasal_JNL_10off_20on_20off,101,10.01,163626000,-0.48781004580686815
rlh267_bluelightbasal_JNL_10off_20on_20off,102,10.11,164284000,-0.08763512867964462
rlh267_bluelightbasal_JNL_10off_20on_20off,103,10.21,164242000,-0.11317820849627591
rlh267_bluelightbasal_JNL_10off_20on_20off,104,10.31,163741000,-0.4178706605946635
rlh267_bluelightbasal_JNL_10off_20on_20off,105,10.41,163429000,-0.6076192535182102
rlh267_bluelightbasal_JNL_10off_20on_20off,106,10.51,163459000,-0.5893741965063307
rlh267_bluelightbasal_JNL_10off_20on_20off,107,10.61,164236000,-0.11682721989865182
rlh267_bluelightbasal_JNL_10off_20on_20off,108,10.71,164273000,-0.09432498291733377
rlh267_bluelightbasal_JNL_10off_20on_20off,109,10.81,163610000,-0.4975407428798706
rlh267_bluelightbasal_JNL_10off_20on_20off,110,10.91,163644000,-0.4768630115997405
rlh267_bluelightbasal_JNL_10off_20on_20off,111,11.01,163155000,-0.7742574408933762
rlh267_bluelightbasal_JNL_10off_20on_20off,112,11.11,163840000,-0.3576619724554611
rlh267_bluelightbasal_JNL_10off_20on_20off,113,11.21,163799000,-0.38259688370502976
rlh267_bluelightbasal_JNL_10off_20on_20off,114,11.31,163536000,-0.5425452168425067
rlh267_bluelightbasal_JNL_10off_20on_20off,115,11.41,163735000,-0.4215196719970393
rlh267_bluelightbasal_JNL_10off_20on_20off,116,11.51,163396000,-0.6276888162312777
rlh267_bluelightbasal_JNL_10off_20on_20off,117,11.61,162631000,-1.0929377700342047
rlh267_bluelightbasal_JNL_10off_20on_20off,118,11.701,162631000,-1.0929377700342047
rlh267_bluelightbasal_JNL_10off_20on_20off,119,11.801,163222000,-0.7335101469001787
rlh267_bluelightbasal_JNL_10off_20on_20off,120,11.901,163206000,-0.743240843973181
rlh267_bluelightbasal_JNL_10off_20on_20off,121,12.001,163179000,-0.7596613952838727
rlh267_bluelightbasal_JNL_10off_20on_20off,122,12.101,162918000,-0.9183933912872242
rlh267_bluelightbasal_JNL_10off_20on_20off,123,12.201,162657000,-1.0771253872905757
rlh267_bluelightbasal_JNL_10off_20on_20off,124,12.301,163110000,-0.8016250264111955
rlh267_bluelightbasal_JNL_10off_20on_20off,125,12.401,162856000,-0.9560998424451085
rlh267_bluelightbasal_JNL_10off_20on_20off,126,12.501,162872000,-0.946369145372106
rlh267_bluelightbasal_JNL_10off_20on_20off,127,12.601,163287000,-0.6939791900411064
rlh267_bluelightbasal_JNL_10off_20on_20off,128,12.701,162918000,-0.9183933912872242
rlh267_bluelightbasal_JNL_10off_20on_20off,129,12.801,162201000,-1.3544502538711443
rlh267_bluelightbasal_JNL_10off_20on_20off,130,12.901,162178000,-1.3684381309135851
rlh267_bluelightbasal_JNL_10off_20on_20off,131,13.001,163019000,-0.8569683660138966
rlh267_bluelightbasal_JNL_10off_20on_20off,132,13.101,162728000,-1.0339454190291277
rlh267_bluelightbasal_JNL_10off_20on_20off,133,13.201,162325000,-1.2790373515553755
rlh267_bluelightbasal_JNL_10off_20on_20off,134,13.301,162294000,-1.2978905771343177
rlh267_bluelightbasal_JNL_10off_20on_20off,135,13.401,162308000,-1.2893762171954406
rlh267_bluelightbasal_JNL_10off_20on_20off,136,13.501,162280000,-1.3064049370731947
rlh267_bluelightbasal_JNL_10off_20on_20off,137,13.601,162129000,-1.398238390699655
rlh267_bluelightbasal_JNL_10off_20on_20off,138,13.701,162606000,-1.108141984210771
rlh267_bluelightbasal_JNL_10off_20on_20off,139,13.801,162236000,-1.3331643540239513
rlh267_bluelightbasal_JNL_10off_20on_20off,140,13.901,162061000,-1.439593853259915
rlh267_bluelightbasal_JNL_10off_20on_20off,141,14.002,161800000,-1.5983258492632668
rlh267_bluelightbasal_JNL_10off_20on_20off,142,14.102,160818000,-2.195547382118789
rlh267_bluelightbasal_JNL_10off_20on_20off,143,14.202,161954000,-1.5046678899356185
rlh267_bluelightbasal_JNL_10off_20on_20off,144,14.302,161805000,-1.5952850064279533
rlh267_bluelightbasal_JNL_10off_20on_20off,145,14.402,161798000,-1.599542186397392
rlh267_bluelightbasal_JNL_10off_20on_20off,146,14.502,161592000,-1.7248249112122978
rlh267_bluelightbasal_JNL_10off_20on_20off,147,14.602,160981000,-2.096415905687577
rlh267_bluelightbasal_JNL_10off_20on_20off,148,14.702,161679000,-1.6719142458778473
rlh267_bluelightbasal_JNL_10off_20on_20off,149,14.802,162420000,-1.221261337684424
rlh267_bluelightbasal_JNL_10off_20on_20off,150,14.902,161575000,-1.735163776852363
rlh267_bluelightbasal_JNL_10off_20on_20off,151,15.002,162470000,-1.1908529093312914
rlh267_bluelightbasal_JNL_10off_20on_20off,152,15.102,162242000,-1.3295153426215753
rlh267_bluelightbasal_JNL_10off_20on_20off,153,15.202,162258000,-1.3197846455485729
rlh267_bluelightbasal_JNL_10off_20on_20off,154,15.302,162016000,-1.4669614387777343
rlh267_bluelightbasal_JNL_10off_20on_20off,155,15.402,161823000,-1.5843379722208257
rlh267_bluelightbasal_JNL_10off_20on_20off,156,15.502,161376000,-1.8561893216978302
rlh267_bluelightbasal_JNL_10off_20on_20off,157,15.602,161269000,-1.9212633583735337
rlh267_bluelightbasal_JNL_10off_20on_20off,158,15.702,162037000,-1.4541898988694186
rlh267_bluelightbasal_JNL_10off_20on_20off,159,15.802,161678000,-1.6725224144449098
rlh267_bluelightbasal_JNL_10off_20on_20off,160,15.902,161386000,-1.8501076360272035
rlh267_bluelightbasal_JNL_10off_20on_20off,161,16.002,161644000,-1.6932001457250399
rlh267_bluelightbasal_JNL_10off_20on_20off,162,16.102,161655000,-1.686510291487351
rlh267_bluelightbasal_JNL_10off_20on_20off,163,16.202,160789000,-2.2131842705636053
rlh267_bluelightbasal_JNL_10off_20on_20off,164,16.302,161188000,-1.9705250123056084
rlh267_bluelightbasal_JNL_10off_20on_20off,165,16.402,161354000,-1.8695690301732084
rlh267_bluelightbasal_JNL_10off_20on_20off,166,16.512,161175000,-1.9784312036774228
rlh267_bluelightbasal_JNL_10off_20on_20off,167,16.612,161455000,-1.808144004899881
rlh267_bluelightbasal_JNL_10off_20on_20off,168,16.712,161229000,-1.9455901010560397
rlh267_bluelightbasal_JNL_10off_20on_20off,169,16.812,160020000,-2.6808658986347833
rlh267_bluelightbasal_JNL_10off_20on_20off,170,16.912,160632000,-2.3086667355924417
rlh267_bluelightbasal_JNL_10off_20on_20off,171,17.012,161015000,-2.0757381744074466
rlh267_bluelightbasal_JNL_10off_20on_20off,172,17.112,161402000,-1.8403769389542013
rlh267_bluelightbasal_JNL_10off_20on_20off,173,17.212,161572000,-1.7369882825535508
rlh267_bluelightbasal_JNL_10off_20on_20off,174,17.312,161494000,-1.7844254307844376
rlh267_bluelightbasal_JNL_10off_20on_20off,175,17.412,161048000,-2.0556686116943794
rlh267_bluelightbasal_JNL_10off_20on_20off,176,17.512,160860000,-2.170004302302157
rlh267_bluelightbasal_JNL_10off_20on_20off,177,17.612,160749000,-2.2375110132461113
rlh267_bluelightbasal_JNL_10off_20on_20off,178,17.712,160708000,-2.26244592449568
rlh267_bluelightbasal_JNL_10off_20on_20off,179,17.812,160716000,-2.257580575959179
rlh267_bluelightbasal_JNL_10off_20on_20off,180,17.912,161346000,-1.8744343787097095
rlh267_bluelightbasal_JNL_10off_20on_20off,181,18.012,160672000,-2.2843399929099357
rlh267_bluelightbasal_JNL_10off_20on_20off,182,18.112,160799000,-2.2071025848929793
rlh267_bluelightbasal_JNL_10off_20on_20off,183,18.212,161190000,-1.9693086751714832
rlh267_bluelightbasal_JNL_10off_20on_20off,184,18.312,160913000,-2.137771368247837
rlh267_bluelightbasal_JNL_10off_20on_20off,185,18.412,161371000,-1.8592301645331433
rlh267_bluelightbasal_JNL_10off_20on_20off,186,18.512,161066000,-2.0447215774872514
rlh267_bluelightbasal_JNL_10off_20on_20off,187,18.612,161622000,-1.7065798542004185
rlh267_bluelightbasal_JNL_10off_20on_20off,188,18.712,160909000,-2.1402040425160878
rlh267_bluelightbasal_JNL_10off_20on_20off,189,18.812,161325000,-1.8872059186180252
rlh267_bluelightbasal_JNL_10off_20on_20off,190,18.912,160426000,-2.4339494604073475
rlh267_bluelightbasal_JNL_10off_20on_20off,191,19.012,160684000,-2.277041970105184
rlh267_bluelightbasal_JNL_10off_20on_20off,192,19.112,161263000,-1.9249123697759096
rlh267_bluelightbasal_JNL_10off_20on_20off,193,19.212,160755000,-2.2338620018437356
rlh267_bluelightbasal_JNL_10off_20on_20off,194,19.312,161193000,-1.967484169470295
rlh267_bluelightbasal_JNL_10off_20on_20off,195,19.412,160979000,-2.0976322428217022
rlh267_bluelightbasal_JNL_10off_20on_20off,196,19.512,160457000,-2.4150962348284053
rlh267_bluelightbasal_JNL_10off_20on_20off,197,19.612,160762000,-2.229604821874297
rlh267_bluelightbasal_JNL_10off_20on_20off,198,19.712,160512000,-2.3816469636399598
rlh267_bluelightbasal_JNL_10off_20on_20off,199,19.812,160894000,-2.1493265710220273
rlh267_bluelightbasal_JNL_10off_20on_20off,200,19.912,160078000,-2.6455921217451497
rlh267_bluelightbasal_JNL_10off_20on_20off,201,20.012,160026000,-2.677216887232407
rlh267_bluelightbasal_JNL_10off_20on_20off,202,20.112,159992000,-2.6978946185125374
rlh267_bluelightbasal_JNL_10off_20on_20off,203,20.212,160049000,-2.6632290101899665
rlh267_bluelightbasal_JNL_10off_20on_20off,204,20.312,159607000,-2.9320395168316575
rlh267_bluelightbasal_JNL_10off_20on_20off,205,20.412,160607000,-2.3238709497690078
rlh267_bluelightbasal_JNL_10off_20on_20off,206,20.512,159815000,-2.8055404548826264
rlh267_bluelightbasal_JNL_10off_20on_20off,207,20.612,159812000,-2.8073649605838145
rlh267_bluelightbasal_JNL_10off_20on_20off,208,20.712,159746000,-2.847504086009949
rlh267_bluelightbasal_JNL_10off_20on_20off,209,20.812,160088000,-2.639510436074523
rlh267_bluelightbasal_JNL_10off_20on_20off,210,20.912,160027000,-2.676608718665345
rlh267_bluelightbasal_JNL_10off_20on_20off,211,21.012,158662000,-3.5067588127058618
rlh267_bluelightbasal_JNL_10off_20on_20off,212,21.112,159292000,-3.1236126154563926
rlh267_bluelightbasal_JNL_10off_20on_20off,213,21.212,158457000,-3.631433368953705
rlh267_bluelightbasal_JNL_10off_20on_20off,214,21.312,159379000,-3.0707019501219417
rlh267_bluelightbasal_JNL_10off_20on_20off,215,21.412,159714000,-2.866965480155954
rlh267_bluelightbasal_JNL_10off_20on_20off,216,21.512,159684000,-2.8852105371678336
rlh267_bluelightbasal_JNL_10off_20on_20off,217,21.612,159242000,-3.1540210438095246
rlh267_bluelightbasal_JNL_10off_20on_20off,218,21.705,159213000,-3.171657932254342
rlh267_bluelightbasal_JNL_10off_20on_20off,219,21.805,159457000,-3.023264801891055
rlh267_bluelightbasal_JNL_10off_20on_20off,220,21.905,159265000,-3.140033166767084
rlh267_bluelightbasal_JNL_10off_20on_20off,221,22.005,158383000,-3.6764378429163407
rlh267_bluelightbasal_JNL_10off_20on_20off,222,22.105,159145000,-3.213013394814602
rlh267_bluelightbasal_JNL_10off_20on_20off,223,22.205,158832000,-3.4033701563052112
rlh267_bluelightbasal_JNL_10off_20on_20off,224,22.305,158493000,-3.609539300539449
rlh267_bluelightbasal_JNL_10off_20on_20off,225,22.405,158788000,-3.4301295732559676
rlh267_bluelightbasal_JNL_10off_20on_20off,226,22.505,158551000,-3.574265523649816
rlh267_bluelightbasal_JNL_10off_20on_20off,227,22.605,158707000,-3.4793912271880423
rlh267_bluelightbasal_JNL_10off_20on_20off,228,22.705,158475000,-3.6204863347465768
rlh267_bluelightbasal_JNL_10off_20on_20off,229,22.805,158925000,-3.346810479568385
rlh267_bluelightbasal_JNL_10off_20on_20off,230,22.905,158102000,-3.8473332102609454
rlh267_bluelightbasal_JNL_10off_20on_20off,231,23.005,157904000,-3.96775058653935
rlh267_bluelightbasal_JNL_10off_20on_20off,232,23.105,158889000,-3.36870454798264
rlh267_bluelightbasal_JNL_10off_20on_20off,233,23.205,158606000,-3.54081625246137
rlh267_bluelightbasal_JNL_10off_20on_20off,234,23.305,158473000,-3.6217026718807026
rlh267_bluelightbasal_JNL_10off_20on_20off,235,23.405,158686000,-3.492162767096358
rlh267_bluelightbasal_JNL_10off_20on_20off,236,23.505,158623000,-3.5304773868213046
rlh267_bluelightbasal_JNL_10off_20on_20off,237,23.605,158346000,-3.698940079897659
rlh267_bluelightbasal_JNL_10off_20on_20off,238,23.705,158577000,-3.5584531409061873
rlh267_bluelightbasal_JNL_10off_20on_20off,239,23.805,158212000,-3.7804346678840544
rlh267_bluelightbasal_JNL_10off_20on_20off,240,23.905,158452000,-3.6344742117890183
rlh267_bluelightbasal_JNL_10off_20on_20off,241,24.005,158383000,-3.6764378429163407
rlh267_bluelightbasal_JNL_10off_20on_20off,242,24.105,158035000,-3.8880805042541433
rlh267_bluelightbasal_JNL_10off_20on_20off,243,24.205,157767000,-4.0510696802269335
rlh267_bluelightbasal_JNL_10off_20on_20off,244,24.305,157864000,-3.992077329221856
rlh267_bluelightbasal_JNL_10off_20on_20off,245,24.415,158092000,-3.853414895931572
rlh267_bluelightbasal_JNL_10off_20on_20off,246,24.505,158545000,-3.5779145350521917
rlh267_bluelightbasal_JNL_10off_20on_20off,247,24.605,158024000,-3.894770358491832
rlh267_bluelightbasal_JNL_10off_20on_20off,248,24.705,158296000,-3.729348508250791
rlh267_bluelightbasal_JNL_10off_20on_20off,249,24.805,158651000,-3.5134486669435505
rlh267_bluelightbasal_JNL_10off_20on_20off,250,24.905,157866000,-3.990860992087731
rlh267_bluelightbasal_JNL_10off_20on_20off,251,25.005,157968000,-3.9288277982473403
rlh267_bluelightbasal_JNL_10off_20on_20off,252,25.105,157690000,-4.097898659890757
rlh267_bluelightbasal_JNL_10off_20on_20off,253,25.205,157402000,-4.273051207204801
rlh267_bluelightbasal_JNL_10off_20on_20off,254,25.305,158503000,-3.6034576148688227
rlh267_bluelightbasal_JNL_10off_20on_20off,255,25.405,157656000,-4.118576391170888
rlh267_bluelightbasal_JNL_10off_20on_20off,256,25.505,158044000,-3.882606987150579
rlh267_bluelightbasal_JNL_10off_20on_20off,257,25.605,157701000,-4.091208805653068
rlh267_bluelightbasal_JNL_10off_20on_20off,258,25.705,157671000,-4.109453862664948
rlh267_bluelightbasal_JNL_10off_20on_20off,259,25.805,157444000,-4.247508127388169
rlh267_bluelightbasal_JNL_10off_20on_20off,260,25.905,157267000,-4.355153963758259
rlh267_bluelightbasal_JNL_10off_20on_20off,261,26.005,157091000,-4.462191631561285
rlh267_bluelightbasal_JNL_10off_20on_20off,262,26.105,157595000,-4.155674673761709
rlh267_bluelightbasal_JNL_10off_20on_20off,263,26.205,157332000,-4.315623006899186
rlh267_bluelightbasal_JNL_10off_20on_20off,264,26.305,157648000,-4.123441739707388
rlh267_bluelightbasal_JNL_10off_20on_20off,265,26.405,157755000,-4.058367703031685
rlh267_bluelightbasal_JNL_10off_20on_20off,266,26.505,156900000,-4.578351827870251
rlh267_bluelightbasal_JNL_10off_20on_20off,267,26.605,157407000,-4.2700103643694876
rlh267_bluelightbasal_JNL_10off_20on_20off,268,26.715,157426000,-4.258455161595297
rlh267_bluelightbasal_JNL_10off_20on_20off,269,26.805,157683000,-4.102155839860195
rlh267_bluelightbasal_JNL_10off_20on_20off,270,26.905,157428000,-4.257238824461171
rlh267_bluelightbasal_JNL_10off_20on_20off,271,27.005,156899000,-4.578959996437313
rlh267_bluelightbasal_JNL_10off_20on_20off,272,27.105,157034000,-4.496857239883855
rlh267_bluelightbasal_JNL_10off_20on_20off,273,27.205,157661000,-4.115535548335574
rlh267_bluelightbasal_JNL_10off_20on_20off,274,27.305,156583000,-4.771141263629111
rlh267_bluelightbasal_JNL_10off_20on_20off,275,27.405,157348000,-4.305892309826183
rlh267_bluelightbasal_JNL_10off_20on_20off,276,27.505,157246000,-4.367925503666574
rlh267_bluelightbasal_JNL_10off_20on_20off,277,27.605,156996000,-4.519967645432236
rlh267_bluelightbasal_JNL_10off_20on_20off,278,27.705,157164000,-4.417795326165711
rlh267_bluelightbasal_JNL_10off_20on_20off,279,27.805,156399000,-4.883044279968638
rlh267_bluelightbasal_JNL_10off_20on_20off,280,27.905,156800000,-4.639168684576515
rlh267_bluelightbasal_JNL_10off_20on_20off,281,28.005,157048000,-4.4883428799449785
rlh267_bluelightbasal_JNL_10off_20on_20off,282,28.105,156861000,-4.602070401985694
rlh267_bluelightbasal_JNL_10off_20on_20off,283,28.205,156704000,-4.6975528670145295
rlh267_bluelightbasal_JNL_10off_20on_20off,284,28.305,156238000,-4.980959419265725
rlh267_bluelightbasal_JNL_10off_20on_20off,285,28.405,157010000,-4.511453285493359
rlh267_bluelightbasal_JNL_10off_20on_20off,286,28.505,156524000,-4.8070232090858065
rlh267_bluelightbasal_JNL_10off_20on_20off,287,28.605,156811000,-4.632478830338826
rlh267_bluelightbasal_JNL_10off_20on_20off,288,28.705,156983000,-4.5278738368040505
rlh267_bluelightbasal_JNL_10off_20on_20off,289,28.805,156549000,-4.7918189949092405
rlh267_bluelightbasal_JNL_10off_20on_20off,290,28.905,156310000,-4.937171282437214
rlh267_bluelightbasal_JNL_10off_20on_20off,291,29.005,156502000,-4.820402917561186
rlh267_bluelightbasal_JNL_10off_20on_20off,292,29.105,155880000,-5.198683766274153
rlh267_bluelightbasal_JNL_10off_20on_20off,293,29.205,155757000,-5.273488500022859
rlh267_bluelightbasal_JNL_10off_20on_20off,294,29.305,156124000,-5.050290635910867
rlh267_bluelightbasal_JNL_10off_20on_20off,295,29.405,156355000,-4.909803696919394
rlh267_bluelightbasal_JNL_10off_20on_20off,296,29.505,155227000,-5.595817840566063
rlh267_bluelightbasal_JNL_10off_20on_20off,297,29.605,155582000,-5.379917999258823
rlh267_bluelightbasal_JNL_10off_20on_20off,298,29.705,155092000,-5.677920597119521
rlh267_bluelightbasal_JNL_10off_20on_20off,299,29.805,155861000,-5.210238969048343
rlh267_bluelightbasal_JNL_10off_20on_20off,300,29.905,155447000,-5.462020755812281
rlh267_bluelightbasal_JNL_10off_20on_20off,301,30.005,155850000,-5.216928823286033
rlh267_bluelightbasal_JNL_10off_20on_20off,302,30.105,155675000,-5.3233583225219965
rlh267_bluelightbasal_JNL_10off_20on_20off,303,30.215,155668000,-5.327615502491436
rlh267_bluelightbasal_JNL_10off_20on_20off,304,30.305,155055000,-5.70042283410084
rlh267_bluelightbasal_JNL_10off_20on_20off,305,30.405,155161000,-5.635956965992198
rlh267_bluelightbasal_JNL_10off_20on_20off,306,30.505,155101000,-5.672447080015957
rlh267_bluelightbasal_JNL_10off_20on_20off,307,30.605,154775000,-5.870710032878381
rlh267_bluelightbasal_JNL_10off_20on_20off,308,30.705,155145000,-5.645687663065201
rlh267_bluelightbasal_JNL_10off_20on_20off,309,30.805,154689000,-5.923012529645769
rlh267_bluelightbasal_JNL_10off_20on_20off,310,30.905,155321000,-5.538649995262174
rlh267_bluelightbasal_JNL_10off_20on_20off,311,31.005,154793000,-5.859762998671254
rlh267_bluelightbasal_JNL_10off_20on_20off,312,31.105,154567000,-5.997209094827412
rlh267_bluelightbasal_JNL_10off_20on_20off,313,31.205,154978000,-5.747251813764664
rlh267_bluelightbasal_JNL_10off_20on_20off,314,31.305,154549000,-6.00815612903454
rlh267_bluelightbasal_JNL_10off_20on_20off,315,31.405,154739000,-5.892604101292637
rlh267_bluelightbasal_JNL_10off_20on_20off,316,31.505,153718000,-6.513544208263602
rlh267_bluelightbasal_JNL_10off_20on_20off,317,31.605,154752000,-5.884697909920822
rlh267_bluelightbasal_JNL_10off_20on_20off,318,31.706,154130000,-6.26297875863379
rlh267_bluelightbasal_JNL_10off_20on_20off,319,31.806,154202000,-6.2191906218052795
rlh267_bluelightbasal_JNL_10off_20on_20off,320,31.906,153894000,-6.406506540460575
rlh267_bluelightbasal_JNL_10off_20on_20off,321,32.006,153790000,-6.469756071435091
rlh267_bluelightbasal_JNL_10off_20on_20off,322,32.106,153868000,-6.422318923204205
rlh267_bluelightbasal_JNL_10off_20on_20off,323,32.206,153815000,-6.454551857258525
rlh267_bluelightbasal_JNL_10off_20on_20off,324,32.306,154278000,-6.172969810708518
rlh267_bluelightbasal_JNL_10off_20on_20off,325,32.406,154508000,-6.033091040284109
rlh267_bluelightbasal_JNL_10off_20on_20off,326,32.506,154499000,-6.038564557387673
rlh267_bluelightbasal_JNL_10off_20on_20off,327,32.606,153787000,-6.4715805771362795
rlh267_bluelightbasal_JNL_10off_20on_20off,328,32.706,153436000,-6.68504774417527
rlh267_bluelightbasal_JNL_10off_20on_20off,329,32.806,153266000,-6.78843640057592
rlh267_bluelightbasal_JNL_10off_20on_20off,330,32.906,153732000,-6.5050298483247255
rlh267_bluelightbasal_JNL_10off_20on_20off,331,33.006,152898000,-7.0122424332549755
rlh267_bluelightbasal_JNL_10off_20on_20off,332,33.106,153697000,-6.526315748171918
rlh267_bluelightbasal_JNL_10off_20on_20off,333,33.206,153790000,-6.469756071435091
rlh267_bluelightbasal_JNL_10off_20on_20off,334,33.306,153604000,-6.582875424908745
rlh267_bluelightbasal_JNL_10off_20on_20off,335,33.406,153101000,-6.888784214141257
rlh267_bluelightbasal_JNL_10off_20on_20off,336,33.506,153612000,-6.578010076372243
rlh267_bluelightbasal_JNL_10off_20on_20off,337,33.606,153631000,-6.566454873598053
rlh267_bluelightbasal_JNL_10off_20on_20off,338,33.706,153699000,-6.525099411037792
rlh267_bluelightbasal_JNL_10off_20on_20off,339,33.806,152823000,-7.057855075784674
rlh267_bluelightbasal_JNL_10off_20on_20off,340,33.906,153138000,-6.8662819771599395
rlh267_bluelightbasal_JNL_10off_20on_20off,341,34.006,153594000,-6.58895711057937
rlh267_bluelightbasal_JNL_10off_20on_20off,342,34.106,153144000,-6.862632965757563
rlh267_bluelightbasal_JNL_10off_20on_20off,343,34.206,153054000,-6.917368136793202
rlh267_bluelightbasal_JNL_10off_20on_20off,344,34.306,152558000,-7.219019746056275
rlh267_bluelightbasal_JNL_10off_20on_20off,345,34.406,152450000,-7.284701951299042
rlh267_bluelightbasal_JNL_10off_20on_20off,346,34.506,152158000,-7.462287172881337
rlh267_bluelightbasal_JNL_10off_20on_20off,347,34.606,152671000,-7.150296697978196
rlh267_bluelightbasal_JNL_10off_20on_20off,348,34.706,152622000,-7.180096957764266
rlh267_bluelightbasal_JNL_10off_20on_20off,349,34.806,152925000,-6.995821881944283
rlh267_bluelightbasal_JNL_10off_20on_20off,350,34.906,153070000,-6.907637439720199
rlh267_bluelightbasal_JNL_10off_20on_20off,351,35.006,151937000,-7.596692426202181
rlh267_bluelightbasal_JNL_10off_20on_20off,352,35.106,152130000,-7.47931589275909
rlh267_bluelightbasal_JNL_10off_20on_20off,353,35.206,152428000,-7.298081659774421
rlh267_bluelightbasal_JNL_10off_20on_20off,354,35.306,151478000,-7.875841798483937
rlh267_bluelightbasal_JNL_10off_20on_20off,355,35.406,151873000,-7.635615214494192
rlh267_bluelightbasal_JNL_10off_20on_20off,356,35.516,152264000,-7.397821304772695
rlh267_bluelightbasal_JNL_10off_20on_20off,357,35.606,151687000,-7.748734567967844
rlh267_bluelightbasal_JNL_10off_20on_20off,358,35.706,152422000,-7.301730671176797
rlh267_bluelightbasal_JNL_10off_20on_20off,359,35.806,152623000,-7.179488789197204
rlh267_bluelightbasal_JNL_10off_20on_20off,360,35.906,152259000,-7.400862147608008
rlh267_bluelightbasal_JNL_10off_20on_20off,361,36.006,152138000,-7.474450544222588
rlh267_bluelightbasal_JNL_10off_20on_20off,362,36.106,151826000,-7.664199137146135
rlh267_bluelightbasal_JNL_10off_20on_20off,363,36.206,151731000,-7.721975151017086
rlh267_bluelightbasal_JNL_10off_20on_20off,364,36.306,151591000,-7.807118750405858
rlh267_bluelightbasal_JNL_10off_20on_20off,365,36.406,151732000,-7.721366982450024
rlh267_bluelightbasal_JNL_10off_20on_20off,366,36.506,151640000,-7.777318490619789
rlh267_bluelightbasal_JNL_10off_20on_20off,367,36.606,150947000,-8.198779307594204
rlh267_bluelightbasal_JNL_10off_20on_20off,368,36.706,151252000,-8.013287894640095
rlh267_bluelightbasal_JNL_10off_20on_20off,369,36.806,151565000,-7.822931133149487
rlh267_bluelightbasal_JNL_10off_20on_20off,370,36.906,151283000,-7.994434669061154
rlh267_bluelightbasal_JNL_10off_20on_20off,371,37.006,151440000,-7.898952204032319
rlh267_bluelightbasal_JNL_10off_20on_20off,372,37.106,151386000,-7.931793306653702
rlh267_bluelightbasal_JNL_10off_20on_20off,373,37.206,151299000,-7.984703971988153
rlh267_bluelightbasal_JNL_10off_20on_20off,374,37.316,151638000,-7.778534827753914
rlh267_bluelightbasal_JNL_10off_20on_20off,375,37.406,150664000,-8.370891012072935
rlh267_bluelightbasal_JNL_10off_20on_20off,376,37.506,150623000,-8.395825923322503
rlh267_bluelightbasal_JNL_10off_20on_20off,377,37.606,151011000,-8.159856519302195
rlh267_bluelightbasal_JNL_10off_20on_20off,378,37.706,150987000,-8.174452564911698
rlh267_bluelightbasal_JNL_10off_20on_20off,379,37.806,150747000,-8.320413021006734
rlh267_bluelightbasal_JNL_10off_20on_20off,380,37.906,150971000,-8.184183261984701
rlh267_bluelightbasal_JNL_10off_20on_20off,381,38.006,151085000,-8.114852045339559
rlh267_bluelightbasal_JNL_10off_20on_20off,382,38.106,150787000,-8.296086278324228
rlh267_bluelightbasal_JNL_10off_20on_20off,383,38.206,151177000,-8.058900537169796
rlh267_bluelightbasal_JNL_10off_20on_20off,384,38.306,150811000,-8.281490232714726
rlh267_bluelightbasal_JNL_10off_20on_20off,385,38.406,150531000,-8.451777431492268
rlh267_bluelightbasal_JNL_10off_20on_20off,386,38.506,150625000,-8.394609586188379
rlh267_bluelightbasal_JNL_10off_20on_20off,387,38.606,150542000,-8.445087577254577
rlh267_bluelightbasal_JNL_10off_20on_20off,388,38.706,150693000,-8.353254123628117
rlh267_bluelightbasal_JNL_10off_20on_20off,389,38.806,150577000,-8.423801677407385
rlh267_bluelightbasal_JNL_10off_20on_20off,390,38.906,150303000,-8.590439864782551
rlh267_bluelightbasal_JNL_10off_20on_20off,391,39.006,150587000,-8.417719991736758
rlh267_bluelightbasal_JNL_10off_20on_20off,392,39.116,150380000,-8.543610885118728
rlh267_bluelightbasal_JNL_10off_20on_20off,393,39.206,149821000,-8.883577114106748
rlh267_bluelightbasal_JNL_10off_20on_20off,394,39.306,150119000,-8.702342881122078
rlh267_bluelightbasal_JNL_10off_20on_20off,395,39.406,149991000,-8.780188457706098
rlh267_bluelightbasal_JNL_10off_20on_20off,396,39.516,149698000,-8.958381847855454
rlh267_bluelightbasal_JNL_10off_20on_20off,397,39.616,150591000,-8.415287317468508
rlh267_bluelightbasal_JNL_10off_20on_20off,398,39.716,149935000,-8.814245897461607
rlh267_bluelightbasal_JNL_10off_20on_20off,399,39.806,150101000,-8.713289915329206
rlh267_bluelightbasal_JNL_10off_20on_20off,400,39.906,149760000,-8.92067539669757
rlh267_bluelightbasal_JNL_10off_20on_20off,401,40.006,148939000,-9.419981790256006
rlh267_bluelightbasal_JNL_10off_20on_20off,402,40.106,149994000,-8.77836395200491
rlh267_bluelightbasal_JNL_10off_20on_20off,403,40.206,148936000,-9.421806295957193
rlh267_bluelightbasal_JNL_10off_20on_20off,404,40.306,149210000,-9.255168108582028
rlh267_bluelightbasal_JNL_10off_20on_20off,405,40.406,148802000,-9.503300883943588
rlh267_bluelightbasal_JNL_10off_20on_20off,406,40.506,149396000,-9.142048755108375
rlh267_bluelightbasal_JNL_10off_20on_20off,407,40.606,149189000,-9.267939648490344
rlh267_bluelightbasal_JNL_10off_20on_20off,408,40.706,149433000,-9.119546518127056
rlh267_bluelightbasal_JNL_10off_20on_20off,409,40.816,148875000,-9.458904578548015
rlh267_bluelightbasal_JNL_10off_20on_20off,410,40.916,149086000,-9.330581010897795
rlh267_bluelightbasal_JNL_10off_20on_20off,411,41.016,149261000,-9.224151511661832
rlh267_bluelightbasal_JNL_10off_20on_20off,412,41.116,148263000,-9.831103741590356
rlh267_bluelightbasal_JNL_10off_20on_20off,413,41.216,147893000,-10.056126111403538
rlh267_bluelightbasal_JNL_10off_20on_20off,414,41.316,148890000,-9.449782050042076
rlh267_bluelightbasal_JNL_10off_20on_20off,415,41.416,148313000,-9.800695313237224
rlh267_bluelightbasal_JNL_10off_20on_20off,416,41.516,148879000,-9.456471904279764
rlh267_bluelightbasal_JNL_10off_20on_20off,417,41.616,148962000,-9.405993913213564
rlh267_bluelightbasal_JNL_10off_20on_20off,418,41.713,149438000,-9.116505675291743
rlh267_bluelightbasal_JNL_10off_20on_20off,419,41.813,148384000,-9.757515344975776
rlh267_bluelightbasal_JNL_10off_20on_20off,420,41.913,148387000,-9.755690839274587
rlh267_bluelightbasal_JNL_10off_20on_20off,421,42.013,148579000,-9.638922474398559
rlh267_bluelightbasal_JNL_10off_20on_20off,422,42.113,148559000,-9.651085845739813
rlh267_bluelightbasal_JNL_10off_20on_20off,423,42.213,148128000,-9.913206498143815
rlh267_bluelightbasal_JNL_10off_20on_20off,424,42.313,147857000,-10.078020179817793
rlh267_bluelightbasal_JNL_10off_20on_20off,425,42.413,148326000,-9.79278912186541
rlh267_bluelightbasal_JNL_10off_20on_20off,426,42.513,148873000,-9.460120915682142
rlh267_bluelightbasal_JNL_10off_20on_20off,427,42.613,147753000,-10.141269710792308
rlh267_bluelightbasal_JNL_10off_20on_20off,428,42.713,147661000,-10.19722121896207
rlh267_bluelightbasal_JNL_10off_20on_20off,429,42.813,147624000,-10.21972345594339
rlh267_bluelightbasal_JNL_10off_20on_20off,430,42.913,147587000,-10.242225692924709
rlh267_bluelightbasal_JNL_10off_20on_20off,431,43.013,147732000,-10.154041250700624
rlh267_bluelightbasal_JNL_10off_20on_20off,432,43.113,147417000,-10.345614349325357
rlh267_bluelightbasal_JNL_10off_20on_20off,433,43.213,147957000,-10.017203323111527
rlh267_bluelightbasal_JNL_10off_20on_20off,434,43.313,147541000,-10.27020144700959
rlh267_bluelightbasal_JNL_10off_20on_20off,435,43.413,147812000,-10.105387765335612
rlh267_bluelightbasal_JNL_10off_20on_20off,436,43.513,146792000,-10.725719703739514
rlh267_bluelightbasal_JNL_10off_20on_20off,437,43.613,147247000,-10.449003005726007
rlh267_bluelightbasal_JNL_10off_20on_20off,438,43.713,146974000,-10.615033024534112
rlh267_bluelightbasal_JNL_10off_20on_20off,439,43.813,147273000,-10.43319062298238
rlh267_bluelightbasal_JNL_10off_20on_20off,440,43.913,147302000,-10.415553734537564
rlh267_bluelightbasal_JNL_10off_20on_20off,441,44.013,146494000,-10.906953936724184
rlh267_bluelightbasal_JNL_10off_20on_20off,442,44.113,147595000,-10.237360344388206
rlh267_bluelightbasal_JNL_10off_20on_20off,443,44.213,146839000,-10.697135781087571
rlh267_bluelightbasal_JNL_10off_20on_20off,444,44.313,148159000,-9.894353272564873
rlh267_bluelightbasal_JNL_10off_20on_20off,445,44.413,146883000,-10.670376364136814
rlh267_bluelightbasal_JNL_10off_20on_20off,446,44.513,146886000,-10.668551858435626
rlh267_bluelightbasal_JNL_10off_20on_20off,447,44.613,147355000,-10.383320800483242
rlh267_bluelightbasal_JNL_10off_20on_20off,448,44.713,146909000,-10.654563981393185
rlh267_bluelightbasal_JNL_10off_20on_20off,449,44.813,146696000,-10.78410388617753
rlh267_bluelightbasal_JNL_10off_20on_20off,450,44.913,146559000,-10.867422979865111
rlh267_bluelightbasal_JNL_10off_20on_20off,451,45.013,146791000,-10.726327872306578
rlh267_bluelightbasal_JNL_10off_20on_20off,452,45.113,147120000,-10.526240413742965
rlh267_bluelightbasal_JNL_10off_20on_20off,453,45.213,146734000,-10.760993480629148
rlh267_bluelightbasal_JNL_10off_20on_20off,454,45.313,146684000,-10.79140190898228
rlh267_bluelightbasal_JNL_10off_20on_20off,455,45.413,146914000,-10.65152313855787
rlh267_bluelightbasal_JNL_10off_20on_20off,456,45.513,146574000,-10.858300451359172
rlh267_bluelightbasal_JNL_10off_20on_20off,457,45.613,146842000,-10.695311275386382
rlh267_bluelightbasal_JNL_10off_20on_20off,458,45.713,147290000,-10.422851757342315
rlh267_bluelightbasal_JNL_10off_20on_20off,459,45.813,146880000,-10.672200869838
rlh267_bluelightbasal_JNL_10off_20on_20off,460,45.913,146847000,-10.692270432551068
rlh267_bluelightbasal_JNL_10off_20on_20off,461,46.013,146293000,-11.029195818703776
rlh267_bluelightbasal_JNL_10off_20on_20off,462,46.113,146154000,-11.113731249525486
rlh267_bluelightbasal_JNL_10off_20on_20off,463,46.213,146840000,-10.696527612520507
rlh267_bluelightbasal_JNL_10off_20on_20off,464,46.313,146605000,-10.83944722578023
rlh267_bluelightbasal_JNL_10off_20on_20off,465,46.413,146871000,-10.677674386941566
rlh267_bluelightbasal_JNL_10off_20on_20off,466,46.513,146408000,-10.959256433491573
rlh267_bluelightbasal_JNL_10off_20on_20off,467,46.613,146250000,-11.055347067087471
rlh267_bluelightbasal_JNL_10off_20on_20off,468,46.713,146503000,-10.90148041962062
rlh267_bluelightbasal_JNL_10off_20on_20off,469,46.813,146401000,-10.96351361346101
rlh267_bluelightbasal_JNL_10off_20on_20off,470,46.913,146698000,-10.782887549043403
rlh267_bluelightbasal_JNL_10off_20on_20off,471,47.014,146012000,-11.200091186048382
rlh267_bluelightbasal_JNL_10off_20on_20off,472,47.113,146445000,-10.936754196510254
rlh267_bluelightbasal_JNL_10off_20on_20off,473,47.213,146630000,-10.824243011603665
rlh267_bluelightbasal_JNL_10off_20on_20off,474,47.313,146425000,-10.948917567851508
rlh267_bluelightbasal_JNL_10off_20on_20off,475,47.413,145797000,-11.33084742796685
rlh267_bluelightbasal_JNL_10off_20on_20off,476,47.513,145949000,-11.23840580577333
rlh267_bluelightbasal_JNL_10off_20on_20off,477,47.613,146293000,-11.029195818703776
rlh267_bluelightbasal_JNL_10off_20on_20off,478,47.713,146126000,-11.13075996940324
rlh267_bluelightbasal_JNL_10off_20on_20off,479,47.813,145707000,-11.38558259900249
rlh267_bluelightbasal_JNL_10off_20on_20off,480,47.913,145715000,-11.380717250465988
rlh267_bluelightbasal_JNL_10off_20on_20off,481,48.013,145867000,-11.288275628272466
rlh267_bluelightbasal_JNL_10off_20on_20off,482,48.113,146671000,-10.799308100354095
rlh267_bluelightbasal_JNL_10off_20on_20off,483,48.213,144975000,-11.830761990092348
rlh267_bluelightbasal_JNL_10off_20on_20off,484,48.313,146202000,-11.084539158306479
rlh267_bluelightbasal_JNL_10off_20on_20off,485,48.413,145561000,-11.474375209793635
rlh267_bluelightbasal_JNL_10off_20on_20off,486,48.513,144823000,-11.923203612285873
rlh267_bluelightbasal_JNL_10off_20on_20off,487,48.613,145430000,-11.554045292078843
rlh267_bluelightbasal_JNL_10off_20on_20off,488,48.714,145409000,-11.56681683198716
rlh267_bluelightbasal_JNL_10off_20on_20off,489,48.813,144627000,-12.042404651430152
rlh267_bluelightbasal_JNL_10off_20on_20off,490,48.913,145274000,-11.648919588540616
rlh267_bluelightbasal_JNL_10off_20on_20off,491,49.014,144883000,-11.886713498262113
rlh267_bluelightbasal_JNL_10off_20on_20off,492,49.113,144959000,-11.840492687165352
rlh267_bluelightbasal_JNL_10off_20on_20off,493,49.214,144920000,-11.864211261280795
rlh267_bluelightbasal_JNL_10off_20on_20off,494,49.314,144635000,-12.03753930289365
rlh267_bluelightbasal_JNL_10off_20on_20off,495,49.414,144658000,-12.02355142585121
rlh267_bluelightbasal_JNL_10off_20on_20off,496,49.514,144174000,-12.31790501230953
rlh267_bluelightbasal_JNL_10off_20on_20off,497,49.614,143586000,-12.675508129742369
rlh267_bluelightbasal_JNL_10off_20on_20off,498,49.714,144809000,-11.93171797222475
rlh267_bluelightbasal_JNL_10off_20on_20off,499,49.814,144148000,-12.33371739505316
rlh267_bluelightbasal_JNL_10off_20on_20off,500,49.914,144306000,-12.23762676145726
rlh267_bluelightbasal_JNL_10off_20on_20off,501,50.014,144143000,-12.336758237888473
rlh267_bluelightbasal_JNL_10off_20on_20off,502,50.114,144324000,-12.226679727250133
rlh267_bluelightbasal_JNL_10off_20on_20off,503,50.214,144280000,-12.253439144200891
rlh267_bluelightbasal_JNL_10off_20on_20off,504,50.314,143606000,-12.663344758401115
rlh267_bluelightbasal_JNL_10off_20on_20off,505,50.414,143869000,-12.503396425263642
rlh267_bluelightbasal_JNL_10off_20on_20off,506,50.514,143922000,-12.47116349120932
rlh267_bluelightbasal_JNL_10off_20on_20off,507,50.614,143743000,-12.580025664713535
rlh267_bluelightbasal_JNL_10off_20on_20off,508,50.714,143593000,-12.671250949772931
rlh267_bluelightbasal_JNL_10off_20on_20off,509,50.814,144417000,-12.170120050513308
rlh267_bluelightbasal_JNL_10off_20on_20off,510,50.914,144463000,-12.142144296428425
rlh267_bluelightbasal_JNL_10off_20on_20off,511,51.014,144407000,-12.176201736183934
rlh267_bluelightbasal_JNL_10off_20on_20off,512,51.114,144167000,-12.32216219227897
rlh267_bluelightbasal_JNL_10off_20on_20off,513,51.214,143748000,-12.57698482187822
rlh267_bluelightbasal_JNL_10off_20on_20off,514,51.314,143236000,-12.888367128214298
rlh267_bluelightbasal_JNL_10off_20on_20off,515,51.414,143539000,-12.704092052394314
rlh267_bluelightbasal_JNL_10off_20on_20off,516,51.514,143388000,-12.795925506020774
rlh267_bluelightbasal_JNL_10off_20on_20off,517,51.614,143349000,-12.819644080136216
rlh267_bluelightbasal_JNL_10off_20on_20off,518,51.715,143255000,-12.876811925440107
rlh267_bluelightbasal_JNL_10off_20on_20off,519,51.815,142731000,-13.195492254580934
rlh267_bluelightbasal_JNL_10off_20on_20off,520,51.915,143375000,-12.80383169739259
rlh267_bluelightbasal_JNL_10off_20on_20off,521,52.015,142893000,-13.096968946716785
rlh267_bluelightbasal_JNL_10off_20on_20off,522,52.115,142838000,-13.130418217905232
rlh267_bluelightbasal_JNL_10off_20on_20off,523,52.215,142677000,-13.228333357202319
rlh267_bluelightbasal_JNL_10off_20on_20off,524,52.315,142404000,-13.394363376010421
rlh267_bluelightbasal_JNL_10off_20on_20off,525,52.415,142951000,-13.061695169827154
rlh267_bluelightbasal_JNL_10off_20on_20off,526,52.515,142744000,-13.18758606320912
rlh267_bluelightbasal_JNL_10off_20on_20off,527,52.615,142630000,-13.256917279854264
rlh267_bluelightbasal_JNL_10off_20on_20off,528,52.715,142949000,-13.062911506961278
rlh267_bluelightbasal_JNL_10off_20on_20off,529,52.815,142446000,-13.368820296193789
rlh267_bluelightbasal_JNL_10off_20on_20off,530,52.915,142043000,-13.613912228720038
rlh267_bluelightbasal_JNL_10off_20on_20off,531,53.015,142533000,-13.315909630859341
rlh267_bluelightbasal_JNL_10off_20on_20off,532,53.115,142784000,-13.163259320526615
rlh267_bluelightbasal_JNL_10off_20on_20off,533,53.215,142213000,-13.51052357231939
rlh267_bluelightbasal_JNL_10off_20on_20off,534,53.315,141776000,-13.776293236125767
rlh267_bluelightbasal_JNL_10off_20on_20off,535,53.415,142359000,-13.421730961528242
rlh267_bluelightbasal_JNL_10off_20on_20off,536,53.515,142210000,-13.512348078020576
rlh267_bluelightbasal_JNL_10off_20on_20off,537,53.615,142028000,-13.623034757225977
rlh267_bluelightbasal_JNL_10off_20on_20off,538,53.715,142051000,-13.609046880183536
rlh267_bluelightbasal_JNL_10off_20on_20off,539,53.815,142220000,-13.50626639234995
rlh267_bluelightbasal_JNL_10off_20on_20off,540,53.915,141857000,-13.72703158219369
rlh267_bluelightbasal_JNL_10off_20on_20off,541,54.015,141424000,-13.990368571731818
rlh267_bluelightbasal_JNL_10off_20on_20off,542,54.115,141658000,-13.848057127039159
rlh267_bluelightbasal_JNL_10off_20on_20off,543,54.215,141331000,-14.046928248468646
rlh267_bluelightbasal_JNL_10off_20on_20off,544,54.315,141392000,-14.009829965877824
rlh267_bluelightbasal_JNL_10off_20on_20off,545,54.415,141342000,-14.040238394230956
rlh267_bluelightbasal_JNL_10off_20on_20off,546,54.515,141801000,-13.7610890219492
rlh267_bluelightbasal_JNL_10off_20on_20off,547,54.615,141509000,-13.938674243531493
rlh267_bluelightbasal_JNL_10off_20on_20off,548,54.715,141271000,-14.083418362492402
rlh267_bluelightbasal_JNL_10off_20on_20off,549,54.815,141669000,-13.841367272801469
rlh267_bluelightbasal_JNL_10off_20on_20off,550,54.915,141146000,-14.159439433375235
rlh267_bluelightbasal_JNL_10off_20on_20off,551,55.015,141089000,-14.194105041697805
rlh267_bluelightbasal_JNL_10off_20on_20off,552,55.115,141300000,-14.065781474047586
rlh267_bluelightbasal_JNL_10off_20on_20off,553,55.215,141160000,-14.150925073436357
rlh267_bluelightbasal_JNL_10off_20on_20off,554,55.315,140550000,-14.521907899344574
rlh267_bluelightbasal_JNL_10off_20on_20off,555,55.415,140859000,-14.333983812122217
rlh267_bluelightbasal_JNL_10off_20on_20off,556,55.515,140671000,-14.448319502729994
rlh267_bluelightbasal_JNL_10off_20on_20off,557,55.615,140477000,-14.566304204740147
rlh267_bluelightbasal_JNL_10off_20on_20off,558,55.715,140960000,-14.272558786848888
rlh267_bluelightbasal_JNL_10off_20on_20off,559,55.815,140893000,-14.313306080842086
rlh267_bluelightbasal_JNL_10off_20on_20off,560,55.915,140567000,-14.511569033704511
rlh267_bluelightbasal_JNL_10off_20on_20off,561,56.015,140999000,-14.248840212733443
rlh267_bluelightbasal_JNL_10off_20on_20off,562,56.115,140189000,-14.74145675205419
rlh267_bluelightbasal_JNL_10off_20on_20off,563,56.215,141029000,-14.230595155721565
rlh267_bluelightbasal_JNL_10off_20on_20off,564,56.315,140646000,-14.46352371690656
rlh267_bluelightbasal_JNL_10off_20on_20off,565,56.415,140394000,-14.616782195806346
rlh267_bluelightbasal_JNL_10off_20on_20off,566,56.515,140512000,-14.545018304892954
rlh267_bluelightbasal_JNL_10off_20on_20off,567,56.615,139711000,-15.032161327110138
rlh267_bluelightbasal_JNL_10off_20on_20off,568,56.715,140353000,-14.641717107055916
rlh267_bluelightbasal_JNL_10off_20on_20off,569,56.815,140363000,-14.63563542138529
rlh267_bluelightbasal_JNL_10off_20on_20off,570,56.915,140486000,-14.560830687636583
rlh267_bluelightbasal_JNL_10off_20on_20off,571,57.015,140074000,-14.811396137266394
rlh267_bluelightbasal_JNL_10off_20on_20off,572,57.115,139808000,-14.973168976105061
rlh267_bluelightbasal_JNL_10off_20on_20off,573,57.215,140546000,-14.524340573612825
rlh267_bluelightbasal_JNL_10off_20on_20off,574,57.315,140545000,-14.524948742179888
rlh267_bluelightbasal_JNL_10off_20on_20off,575,57.415,140256000,-14.700709458060993
rlh267_bluelightbasal_JNL_10off_20on_20off,576,57.515,140027000,-14.83998005991834
rlh267_bluelightbasal_JNL_10off_20on_20off,577,57.615,140251000,-14.703750300896306
rlh267_bluelightbasal_JNL_10off_20on_20off,578,57.715,139373000,-15.237722302777312
rlh267_bluelightbasal_JNL_10off_20on_20off,579,57.815,139915000,-14.908094939429356
rlh267_bluelightbasal_JNL_10off_20on_20off,580,57.915,139977000,-14.870388488271471
rlh267_bluelightbasal_JNL_10off_20on_20off,581,58.015,140070000,-14.813828811534647
rlh267_bluelightbasal_JNL_10off_20on_20off,582,58.115,139563000,-15.12217027503541
rlh267_bluelightbasal_JNL_10off_20on_20off,583,58.215,140275000,-14.689154255286804
rlh267_bluelightbasal_JNL_10off_20on_20off,584,58.315,139879000,-14.929989007843613
rlh267_bluelightbasal_JNL_10off_20on_20off,585,58.415,138950000,-15.494977606644813
rlh267_bluelightbasal_JNL_10off_20on_20off,586,58.515,139953000,-14.884984533880976
rlh267_bluelightbasal_JNL_10off_20on_20off,587,58.615,139726000,-15.0230387986042
rlh267_bluelightbasal_JNL_10off_20on_20off,588,58.715,139436000,-15.199407683052366
rlh267_bluelightbasal_JNL_10off_20on_20off,589,58.815,139186000,-15.351449824818028
rlh267_bluelightbasal_JNL_10off_20on_20off,590,58.915,139287000,-15.290024799544701
rlh267_bluelightbasal_JNL_10off_20on_20off,591,59.015,139406000,-15.217652740064247
rlh267_bluelightbasal_JNL_10off_20on_20off,592,59.115,139323000,-15.268130731130444
rlh267_bluelightbasal_JNL_10off_20on_20off,593,59.215,138710000,-15.64093806273985
rlh267_bluelightbasal_JNL_10off_20on_20off,594,59.315,139438000,-15.198191345918241
rlh267_bluelightbasal_JNL_10off_20on_20off,595,59.415,139266000,-15.302796339453018
rlh267_bluelightbasal_JNL_10off_20on_20off,596,59.515,139402000,-15.220085414332496
rlh267_bluelightbasal_JNL_10off_20on_20off,597,59.615,138943000,-15.499234786614252
rlh267_bluelightbasal_JNL_10off_20on_20off,598,59.715,138985000,-15.47369170679762
rlh267_bluelightbasal_JNL_10off_20on_20off,599,59.815,139454000,-15.18846064884524
rlh267_bluelightbasal_JNL_10off_20on_20off,600,59.915,139345000,-15.254751022655066
