2, 100, 1.41056e+007, 6.685e+006, 2.07906e+007, 2917, 2291.74, 1014, 1502
3, 200, 1.4226e+007, 6.742e+006, 2.0968e+007, 2947, 2287.75, 1013, 1502
4, 300, 1.41846e+007, 6.72963e+006, 2.09142e+007, 2938, 2290.55, 1013, 1503
5, 400, 1.40416e+007, 6.74126e+006, 2.07828e+007, 2940, 2292.95, 1013, 1502
6, 500, 1.41279e+007, 6.65257e+006, 2.07805e+007, 2921, 2277.5, 1013, 1502
7, 600, 1.41518e+007, 6.73007e+006, 2.08819e+007, 2947, 2283.7, 1013, 1502
8, 700, 1.39367e+007, 6.5522e+006, 2.04889e+007, 2882, 2273.49, 1014, 1502
9, 800, 1.39231e+007, 6.56314e+006, 2.04862e+007, 2885, 2274.92, 1013, 1502
10, 901, 1.37561e+007, 6.53279e+006, 2.02889e+007, 2868, 2277.82, 1013, 1502
11, 1001, 1.37842e+007, 6.53533e+006, 2.03195e+007, 2885, 2265.28, 1013, 1502
12, 1101, 1.35659e+007, 6.46099e+006, 2.00269e+007, 2839, 2275.8, 1013, 1502
13, 1201, 1.35789e+007, 6.44123e+006, 2.00201e+007, 2853, 2257.7, 1014, 1502
14, 1301, 1.35262e+007, 6.42136e+006, 1.99476e+007, 2839, 2261.84, 1014, 1502
15, 1401, 1.34224e+007, 6.30864e+006, 1.97311e+007, 2802, 2251.48, 1014, 1502
16, 1501, 1.32971e+007, 6.37747e+006, 1.96745e+007, 2815, 2265.53, 1014, 1502
17, 1601, 1.32795e+007, 6.27762e+006, 1.95572e+007, 2789, 2250.85, 1013, 1502
18, 1701, 1.33292e+007, 6.35377e+006, 1.9683e+007, 2815, 2257.11, 1013, 1502
19, 1801, 1.33307e+007, 6.31626e+006, 1.9647e+007, 2801, 2255, 1014, 1502
20, 1901, 1.33822e+007, 6.32604e+006, 1.97082e+007, 2811, 2250.46, 1014, 1502
21, 2001, 1.33435e+007, 6.32854e+006, 1.9672e+007, 2811, 2251.35, 1014, 1502
22, 2101, 1.32854e+007, 6.28627e+006, 1.95716e+007, 2801, 2244.29, 1014, 1502
23, 2201, 1.32081e+007, 6.28316e+006, 1.94913e+007, 2786, 2255.26, 1013, 1502
24, 2301, 1.31528e+007, 6.23393e+006, 1.93867e+007, 2774, 2247.27, 1014, 1502
25, 2401, 1.31245e+007, 6.2038e+006, 1.93283e+007, 2754, 2252.65, 1014, 1502
26, 2501, 1.2974e+007, 6.11375e+006, 1.90878e+007, 2729, 2240.29, 1014, 1502
27, 2601, 1.28932e+007, 6.12688e+006, 1.90201e+007, 2733, 2241.82, 1014, 1502
28, 2701, 1.288e+007, 6.14251e+006, 1.90225e+007, 2748, 2235.26, 1014, 1502
29, 2801, 1.26846e+007, 6.05419e+006, 1.87388e+007, 2704, 2238.97, 1014, 1502
30, 2901, 1.26057e+007, 6.05845e+006, 1.86642e+007, 2698, 2245.53, 1014, 1502
31, 3001, 1.2603e+007, 5.98252e+006, 1.85855e+007, 2685, 2228.13, 1014, 1501
32, 3101, 1.24626e+007, 5.97337e+006, 1.8436e+007, 2674, 2233.87, 1014, 1502
33, 3201, 1.25586e+007, 6.00486e+006, 1.85635e+007, 2701, 2223.2, 1014, 1502
34, 3301, 1.24831e+007, 5.95649e+006, 1.84396e+007, 2669, 2231.73, 1014, 1501
35, 3401, 1.23639e+007, 5.88247e+006, 1.82464e+007, 2637, 2230.74, 1014, 1502
36, 3501, 1.23917e+007, 5.87639e+006, 1.82681e+007, 2649, 2218.34, 1014, 1502
37, 3601, 1.24211e+007, 5.93824e+006, 1.83593e+007, 2671, 2223.23, 1014, 1502
38, 3701, 1.23237e+007, 5.94458e+006, 1.82683e+007, 2669, 2227.27, 1014, 1502
39, 3801, 1.2191e+007, 5.88415e+006, 1.80752e+007, 2648, 2222.11, 1014, 1502
40, 3901, 1.20198e+007, 5.8521e+006, 1.78719e+007, 2627, 2227.68, 1014, 1502
41, 4001, 1.19203e+007, 5.80278e+006, 1.77231e+007, 2613, 2220.74, 1014, 1502
42, 4101, 1.19645e+007, 5.81044e+006, 1.77749e+007, 2613, 2223.67, 1014, 1502
43, 4201, 1.19975e+007, 5.80895e+006, 1.78064e+007, 2620, 2217.16, 1014, 1502
44, 4301, 1.18819e+007, 5.70964e+006, 1.75916e+007, 2585, 2208.76, 1014, 1502
45, 4401, 1.18397e+007, 5.68533e+006, 1.75251e+007, 2573, 2209.61, 1014, 1502
46, 4501, 1.20265e+007, 5.78819e+006, 1.78146e+007, 2612, 2216, 1014, 1502
47, 4601, 1.19395e+007, 5.74348e+006, 1.76829e+007, 2599, 2209.88, 1014, 1502
48, 4701, 1.19227e+007, 5.74534e+006, 1.7668e+007, 2602, 2208.05, 1014, 1502
49, 4801, 1.19631e+007, 5.79465e+006, 1.77577e+007, 2619, 2212.54, 1013, 1502
50, 4901, 1.18337e+007, 5.69038e+006, 1.75241e+007, 2576, 2209, 1014, 1502
51, 5001, 1.20631e+007, 5.78112e+006, 1.78443e+007, 2625, 2202.33, 1014, 1502
52, 5101, 1.19733e+007, 5.72753e+006, 1.77008e+007, 2596, 2206.29, 1014, 1502
53, 5201, 1.19603e+007, 5.74131e+006, 1.77017e+007, 2606, 2203.11, 1014, 1501
54, 5301, 1.20251e+007, 5.81815e+006, 1.78432e+007, 2624, 2217.28, 1013, 1502
55, 5401, 1.21118e+007, 5.7785e+006, 1.78903e+007, 2617, 2208.06, 1013, 1502
56, 5501, 1.22504e+007, 5.86222e+006, 1.81126e+007, 2661, 2203.01, 1014, 1502
57, 5601, 1.21507e+007, 5.78783e+006, 1.79385e+007, 2632, 2199.02, 1013, 1502
58, 5701, 1.22122e+007, 5.82286e+006, 1.80351e+007, 2644, 2202.29, 1013, 1502
59, 5801, 1.21339e+007, 5.73062e+006, 1.78645e+007, 2615, 2191.44, 1014, 1502
60, 5901, 1.22441e+007, 5.8544e+006, 1.80985e+007, 2660, 2200.9, 1014, 1502
61, 6001, 1.22372e+007, 5.79054e+006, 1.80277e+007, 2633, 2199.22, 1013, 1502
62, 6101, 1.23678e+007, 5.87174e+006, 1.82396e+007, 2666, 2202.45, 1013, 1503
63, 6201, 1.22412e+007, 5.74846e+006, 1.79896e+007, 2619, 2194.91, 1013, 1502
64, 6301, 1.23278e+007, 5.84323e+006, 1.81711e+007, 2654, 2201.67, 1013, 1502
65, 6401, 1.22124e+007, 5.70592e+006, 1.79183e+007, 2613, 2183.67, 1014, 1502
66, 6501, 1.2242e+007, 5.74565e+006, 1.79877e+007, 2621, 2192.16, 1014, 1502
67, 6601, 1.21844e+007, 5.74258e+006, 1.7927e+007, 2622, 2190.15, 1013, 1502
68, 6701, 1.22419e+007, 5.75057e+006, 1.79925e+007, 2621, 2194.04, 1014, 1502
69, 6801, 1.21283e+007, 5.71085e+006, 1.78392e+007, 2609, 2188.9, 1013, 1502
70, 6901, 1.22102e+007, 5.71291e+006, 1.79231e+007, 2622, 2178.84, 1014, 1502
71, 7001, 1.23166e+007, 5.74263e+006, 1.80593e+007, 2639, 2176.06, 1014, 1502
72, 7101, 1.22002e+007, 5.69591e+006, 1.78961e+007, 2624, 2170.7, 1014, 1502
73, 7201, 1.20688e+007, 5.66185e+006, 1.77307e+007, 2598, 2179.31, 1014, 1502
74, 7301, 1.21576e+007, 5.69867e+006, 1.78563e+007, 2613, 2180.89, 1014, 1502
75, 7401, 1.21565e+007, 5.71996e+006, 1.78764e+007, 2625, 2179.03, 1014, 1502
76, 7501, 1.19368e+007, 5.64969e+006, 1.75865e+007, 2591, 2180.5, 1014, 1502
77, 7601, 1.20117e+007, 5.67001e+006, 1.76817e+007, 2607, 2174.92, 1014, 1502
78, 7701, 1.18793e+007, 5.57013e+006, 1.74494e+007, 2564, 2172.44, 1014, 1502
79, 7801, 1.17649e+007, 5.53109e+006, 1.7296e+007, 2543, 2175.02, 1014, 1502
80, 7901, 1.18868e+007, 5.58359e+006, 1.74704e+007, 2565, 2176.84, 1014, 1502
81, 8001, 1.17447e+007, 5.61064e+006, 1.73554e+007, 2573, 2180.58, 1014, 1502
82, 8101, 1.17322e+007, 5.5697e+006, 1.73019e+007, 2561, 2174.81, 1014, 1502
83, 8201, 1.17104e+007, 5.51607e+006, 1.72264e+007, 2541, 2170.82, 1015, 1501
84, 8301, 1.15526e+007, 5.4749e+006, 1.70275e+007, 2517, 2175.17, 1014, 1502
85, 8401, 1.15306e+007, 5.4125e+006, 1.69431e+007, 2499, 2165.86, 1014, 1502
86, 8501, 1.15442e+007, 5.45372e+006, 1.6998e+007, 2518, 2165.89, 1014, 1502
87, 8600, 1.16443e+007, 5.46866e+006, 1.7113e+007, 2523, 2167.52, 1014, 1502
88, 8700, 1.15688e+007, 5.45945e+006, 1.70283e+007, 2522, 2164.73, 1014, 1502
89, 8800, 1.15241e+007, 5.44222e+006, 1.69663e+007, 2513, 2165.63, 1014, 1502
90, 8900, 1.16386e+007, 5.4896e+006, 1.71282e+007, 2534, 2166.38, 1014, 1502
91, 9001, 1.16568e+007, 5.46268e+006, 1.71195e+007, 2521, 2166.87, 1014, 1502
92, 9101, 1.15831e+007, 5.42699e+006, 1.70101e+007, 2510, 2162.15, 1014, 1502
93, 9201, 1.16442e+007, 5.42861e+006, 1.70728e+007, 2509, 2163.66, 1014, 1502
94, 9301, 1.16543e+007, 5.4227e+006, 1.7077e+007, 2511, 2159.58, 1014, 1502
95, 9401, 1.15629e+007, 5.43777e+006, 1.70007e+007, 2514, 2162.99, 1013, 1503
96, 9501, 1.16693e+007, 5.45524e+006, 1.71246e+007, 2525, 2160.49, 1014, 1502
97, 9601, 1.17069e+007, 5.49967e+006, 1.72066e+007, 2543, 2162.67, 1013, 1502
98, 9701, 1.17487e+007, 5.47383e+006, 1.72226e+007, 2543, 2152.51, 1014, 1502
99, 9801, 1.16548e+007, 5.41273e+006, 1.70675e+007, 2512, 2154.75, 1013, 1502
100, 9901, 1.16844e+007, 5.43408e+006, 1.71185e+007, 2527, 2150.41, 1014, 1502
101, 10001, 1.16362e+007, 5.47714e+006, 1.71134e+007, 2539, 2157.21, 1013, 1502
102, 10101, 1.15194e+007, 5.44388e+006, 1.69633e+007, 2517, 2162.85, 1013, 1503
103, 10201, 1.14557e+007, 5.39324e+006, 1.6849e+007, 2504, 2153.85, 1013, 1503
104, 10301, 1.13469e+007, 5.31719e+006, 1.66641e+007, 2469, 2153.58, 1014, 1502
105, 10411, 1.1292e+007, 5.30316e+006, 1.65952e+007, 2460, 2155.76, 1013, 1503
106, 10511, 1.13879e+007, 5.36645e+006, 1.67544e+007, 2483, 2161.28, 1013, 1503
107, 10611, 1.12916e+007, 5.33365e+006, 1.66252e+007, 2475, 2155.01, 1013, 1503
108, 10711, 1.12771e+007, 5.32552e+006, 1.66026e+007, 2478, 2149.12, 1013, 1503
109, 10811, 1.12526e+007, 5.29572e+006, 1.65483e+007, 2465, 2148.36, 1014, 1502
110, 10911, 1.10876e+007, 5.19292e+006, 1.62805e+007, 2422, 2144.06, 1014, 1502
111, 11011, 1.11099e+007, 5.23897e+006, 1.63489e+007, 2436, 2150.65, 1015, 1502
112, 11111, 1.11e+007, 5.24596e+006, 1.63459e+007, 2435, 2154.4, 1014, 1503
113, 11211, 1.11225e+007, 5.2525e+006, 1.6375e+007, 2441, 2151.78, 1014, 1502
114, 11311, 1.10315e+007, 5.20927e+006, 1.62408e+007, 2424, 2149.04, 1014, 1502
115, 11411, 1.08577e+007, 5.10232e+006, 1.596e+007, 2385, 2139.34, 1015, 1502
116, 11511, 1.0871e+007, 5.15001e+006, 1.6021e+007, 2404, 2142.27, 1015, 1502
117, 11611, 1.07935e+007, 5.11272e+006, 1.59062e+007, 2384, 2144.6, 1015, 1502
118, 11711, 1.08191e+007, 5.18253e+006, 1.60016e+007, 2412, 2148.65, 1015, 1502
119, 11811, 1.08337e+007, 5.13746e+006, 1.59711e+007, 2407, 2134.38, 1015, 1502
120, 11911, 1.07117e+007, 5.13926e+006, 1.58509e+007, 2392, 2148.52, 1015, 1502
121, 12011, 1.08005e+007, 5.1923e+006, 1.59928e+007, 2422, 2143.8, 1015, 1502
122, 12111, 1.0817e+007, 5.20898e+006, 1.6026e+007, 2432, 2141.85, 1015, 1502
123, 12211, 1.07674e+007, 5.11619e+006, 1.58836e+007, 2396, 2135.31, 1015, 1502
124, 12311, 1.075e+007, 5.11097e+006, 1.5861e+007, 2397, 2132.24, 1015, 1502
125, 12411, 1.0851e+007, 5.18543e+006, 1.60365e+007, 2428, 2135.68, 1015, 1502
126, 12511, 1.0705e+007, 5.06992e+006, 1.57749e+007, 2373, 2136.5, 1015, 1502
127, 12611, 1.0836e+007, 5.17124e+006, 1.60072e+007, 2421, 2135.99, 1015, 1502
128, 12711, 1.08055e+007, 5.08542e+006, 1.58909e+007, 2390, 2127.79, 1015, 1502
129, 12811, 1.06942e+007, 5.04767e+006, 1.57418e+007, 2372, 2128.02, 1015, 1502
130, 12911, 1.06593e+007, 5.08348e+006, 1.57428e+007, 2386, 2130.55, 1015, 1502
131, 13011, 1.04677e+007, 4.97835e+006, 1.54461e+007, 2341, 2126.59, 1015, 1501
132, 13111, 1.04847e+007, 4.96732e+006, 1.5452e+007, 2343, 2120.07, 1015, 1502
133, 13211, 1.04901e+007, 5.01628e+006, 1.55064e+007, 2355, 2130.05, 1015, 1502
134, 13311, 1.03521e+007, 4.9613e+006, 1.53134e+007, 2329, 2130.23, 1015, 1502
135, 13411, 1.03896e+007, 5.00429e+006, 1.53939e+007, 2348, 2131.3, 1015, 1502
136, 13511, 1.03064e+007, 4.95635e+006, 1.52627e+007, 2334, 2123.54, 1015, 1502
137, 13611, 1.03218e+007, 4.92043e+006, 1.52422e+007, 2316, 2124.54, 1015, 1502
138, 13711, 1.04077e+007, 4.9665e+006, 1.53742e+007, 2336, 2126.07, 1015, 1502
139, 13811, 1.02934e+007, 4.89956e+006, 1.5193e+007, 2308, 2122.86, 1015, 1502
140, 13911, 1.02089e+007, 4.85747e+006, 1.50663e+007, 2297, 2114.7, 1015, 1502
141, 14011, 1.0274e+007, 4.91169e+006, 1.51857e+007, 2324, 2113.46, 1015, 1502
142, 14111, 1.01291e+007, 4.8255e+006, 1.49546e+007, 2279, 2117.38, 1015, 1502
143, 14211, 1.02221e+007, 4.91364e+006, 1.51358e+007, 2319, 2118.86, 1015, 1501
144, 14311, 1.01714e+007, 4.86006e+006, 1.50314e+007, 2297, 2115.83, 1015, 1502
145, 14411, 1.01568e+007, 4.89475e+006, 1.50516e+007, 2313, 2116.19, 1015, 1502
146, 14511, 1.00278e+007, 4.76224e+006, 1.47901e+007, 2258, 2109.05, 1015, 1501
147, 14611, 1.01705e+007, 4.92087e+006, 1.50913e+007, 2317, 2123.81, 1015, 1502
148, 14711, 1.01571e+007, 4.87749e+006, 1.50346e+007, 2302, 2118.81, 1015, 1501
149, 14811, 1.01229e+007, 4.86862e+006, 1.49915e+007, 2300, 2116.79, 1015, 1502
150, 14911, 1.02049e+007, 4.86818e+006, 1.50731e+007, 2302, 2114.76, 1015, 1502
151, 15011, 1.02071e+007, 4.8766e+006, 1.50837e+007, 2306, 2114.74, 1015, 1502
152, 15111, 1.01514e+007, 4.82708e+006, 1.49785e+007, 2283, 2114.36, 1015, 1502
153, 15211, 1.03266e+007, 4.88662e+006, 1.52132e+007, 2317, 2109.03, 1015, 1502
154, 15311, 1.02561e+007, 4.87729e+006, 1.51334e+007, 2306, 2115.04, 1015, 1502
155, 15411, 1.02758e+007, 4.88529e+006, 1.51611e+007, 2313, 2112.1, 1015, 1502
156, 15511, 1.02412e+007, 4.85349e+006, 1.50947e+007, 2302, 2108.38, 1015, 1502
157, 15611, 1.02658e+007, 4.85471e+006, 1.51205e+007, 2304, 2107.08, 1015, 1502
158, 15711, 1.01795e+007, 4.8647e+006, 1.50442e+007, 2310, 2105.93, 1015, 1502
159, 15811, 1.00517e+007, 4.81885e+006, 1.48705e+007, 2278, 2115.39, 1014, 1502
160, 15911, 1.01337e+007, 4.77988e+006, 1.49136e+007, 2271, 2104.75, 1015, 1502
161, 16011, 1.01671e+007, 4.84424e+006, 1.50113e+007, 2293, 2112.62, 1015, 1502
162, 16111, 1.003e+007, 4.73698e+006, 1.4767e+007, 2256, 2099.73, 1015, 1501
163, 16211, 9.9221e+006, 4.75582e+006, 1.46779e+007, 2256, 2108.08, 1015, 1502
164, 16311, 1.00139e+007, 4.73896e+006, 1.47528e+007, 2262, 2095.03, 1015, 1501
165, 16411, 9.88974e+006, 4.70627e+006, 1.4596e+007, 2244, 2097.27, 1015, 1502
166, 16511, 9.79204e+006, 4.65636e+006, 1.44484e+007, 2222, 2095.57, 1015, 1502
167, 16611, 9.80275e+006, 4.68753e+006, 1.44903e+007, 2232, 2100.15, 1015, 1502
168, 16711, 9.61233e+006, 4.61258e+006, 1.42249e+007, 2189, 2107.16, 1015, 1502
169, 16811, 9.602e+006, 4.62355e+006, 1.42255e+007, 2203, 2098.75, 1015, 1501
170, 16911, 9.54249e+006, 4.61008e+006, 1.41526e+007, 2188, 2106.98, 1014, 1502
171, 17011, 9.39481e+006, 4.60791e+006, 1.40027e+007, 2174, 2119.55, 1015, 1501
172, 17111, 9.47171e+006, 4.61739e+006, 1.40891e+007, 2190, 2108.4, 1014, 1502
173, 17211, 9.40571e+006, 4.56256e+006, 1.39683e+007, 2170, 2102.56, 1014, 1502
174, 17311, 9.39995e+006, 4.64112e+006, 1.40411e+007, 2195, 2114.4, 1014, 1502
175, 17411, 9.36482e+006, 4.55051e+006, 1.39153e+007, 2170, 2097.01, 1015, 1502
176, 17511, 9.25393e+006, 4.5313e+006, 1.37852e+007, 2157, 2100.74, 1015, 1502
177, 17611, 9.22377e+006, 4.45916e+006, 1.36829e+007, 2130, 2093.5, 1015, 1501
178, 17711, 9.3275e+006, 4.5562e+006, 1.38837e+007, 2171, 2098.66, 1014, 1501
179, 17811, 9.27769e+006, 4.5759e+006, 1.38536e+007, 2175, 2103.86, 1014, 1502
180, 17911, 9.25741e+006, 4.52144e+006, 1.37789e+007, 2158, 2095.2, 1014, 1501
181, 18011, 9.2264e+006, 4.52045e+006, 1.37468e+007, 2158, 2094.74, 1015, 1501
182, 18111, 9.3553e+006, 4.56655e+006, 1.39218e+007, 2175, 2099.56, 1015, 1501
183, 18211, 9.41265e+006, 4.57967e+006, 1.39923e+007, 2186, 2095, 1015, 1501
184, 18311, 9.53427e+006, 4.63923e+006, 1.41735e+007, 2214, 2095.41, 1014, 1502
185, 18411, 9.51708e+006, 4.62469e+006, 1.41418e+007, 2204, 2098.32, 1014, 1502
186, 18511, 9.45771e+006, 4.59918e+006, 1.40569e+007, 2187, 2102.96, 1014, 1502
187, 18610, 9.50324e+006, 4.61755e+006, 1.41208e+007, 2202, 2096.98, 1014, 1502
188, 18710, 9.43675e+006, 4.57873e+006, 1.40155e+007, 2184, 2096.49, 1014, 1502
189, 18810, 9.39209e+006, 4.55487e+006, 1.3947e+007, 2164, 2104.84, 1014, 1502
190, 18910, 9.37671e+006, 4.54205e+006, 1.39188e+007, 2164, 2098.92, 1014, 1502
191, 19010, 9.29816e+006, 4.46519e+006, 1.37633e+007, 2143, 2083.62, 1014, 1502
192, 19110, 9.18454e+006, 4.43238e+006, 1.36169e+007, 2127, 2083.86, 1014, 1502
193, 19210, 9.14263e+006, 4.42949e+006, 1.35721e+007, 2127, 2082.51, 1014, 1502
194, 19310, 9.02202e+006, 4.44742e+006, 1.34694e+007, 2126, 2091.92, 1015, 1502
195, 19410, 9.00406e+006, 4.46869e+006, 1.34727e+007, 2133, 2095.03, 1014, 1502
196, 19510, 9.01885e+006, 4.4527e+006, 1.34716e+007, 2127, 2093.42, 1014, 1502
197, 19610, 9.02151e+006, 4.44176e+006, 1.34633e+007, 2121, 2094.18, 1014, 1502
198, 19710, 8.91446e+006, 4.41636e+006, 1.33308e+007, 2110, 2093.06, 1014, 1503
199, 19810, 9.122e+006, 4.49267e+006, 1.36147e+007, 2153, 2086.7, 1014, 1503
200, 19910, 9.12408e+006, 4.48835e+006, 1.36124e+007, 2147, 2090.52, 1014, 1503
201, 20010, 9.06202e+006, 4.45043e+006, 1.35124e+007, 2129, 2090.39, 1014, 1503
202, 20110, 8.92492e+006, 4.36749e+006, 1.32924e+007, 2092, 2087.71, 1014, 1503
203, 20210, 8.93306e+006, 4.38402e+006, 1.33171e+007, 2100, 2087.63, 1014, 1502
204, 20310, 8.92044e+006, 4.34377e+006, 1.32642e+007, 2087, 2081.34, 1014, 1502
205, 20410, 8.84281e+006, 4.36024e+006, 1.3203e+007, 2094, 2082.25, 1014, 1502
206, 20510, 8.96761e+006, 4.42337e+006, 1.3391e+007, 2126, 2080.61, 1014, 1502
207, 20610, 8.66944e+006, 4.30442e+006, 1.29739e+007, 2059, 2090.54, 1014, 1502
208, 20710, 8.60006e+006, 4.23135e+006, 1.28314e+007, 2030, 2084.41, 1014, 1502
209, 20811, 8.65095e+006, 4.28861e+006, 1.29396e+007, 2056, 2085.9, 1014, 1502
210, 20911, 8.58355e+006, 4.23899e+006, 1.28225e+007, 2034, 2084.07, 1014, 1502
211, 21011, 8.74812e+006, 4.35871e+006, 1.31068e+007, 2087, 2088.5, 1014, 1502
212, 21111, 8.71606e+006, 4.28872e+006, 1.30048e+007, 2067, 2074.85, 1015, 1502
213, 21211, 8.77243e+006, 4.29712e+006, 1.30696e+007, 2066, 2079.92, 1014, 1502
214, 21311, 8.90213e+006, 4.32386e+006, 1.3226e+007, 2083, 2075.78, 1014, 1502
215, 21411, 8.97384e+006, 4.37244e+006, 1.33463e+007, 2104, 2078.15, 1014, 1502
216, 21511, 8.95851e+006, 4.34395e+006, 1.33025e+007, 2095, 2073.48, 1014, 1502
217, 21611, 8.84809e+006, 4.26651e+006, 1.31146e+007, 2054, 2077.17, 1014, 1502
218, 21711, 8.96088e+006, 4.39426e+006, 1.33551e+007, 2119, 2073.74, 1014, 1502
219, 21811, 8.91013e+006, 4.37712e+006, 1.32873e+007, 2102, 2082.36, 1014, 1502
220, 21911, 8.79559e+006, 4.33725e+006, 1.31328e+007, 2081, 2084.21, 1014, 1502
221, 22011, 8.85165e+006, 4.33711e+006, 1.31888e+007, 2089, 2076.17, 1014, 1502
222, 22111, 8.71771e+006, 4.27568e+006, 1.29934e+007, 2056, 2079.61, 1014, 1502
223, 22211, 8.90806e+006, 4.37842e+006, 1.32865e+007, 2111, 2074.1, 1014, 1502
224, 22311, 8.78197e+006, 4.33267e+006, 1.31146e+007, 2085, 2078.02, 1014, 1502
225, 22411, 8.66333e+006, 4.2298e+006, 1.28931e+007, 2039, 2074.45, 1014, 1502
226, 22511, 8.63103e+006, 4.23429e+006, 1.28653e+007, 2035, 2080.73, 1014, 1502
227, 22611, 8.53676e+006, 4.21547e+006, 1.27522e+007, 2021, 2085.83, 1014, 1502
228, 22711, 8.54779e+006, 4.19904e+006, 1.27468e+007, 2016, 2082.86, 1014, 1502
229, 22811, 8.61932e+006, 4.21087e+006, 1.28302e+007, 2039, 2065.17, 1014, 1502
230, 22911, 8.65671e+006, 4.25659e+006, 1.29133e+007, 2044, 2082.48, 1014, 1502
231, 23011, 8.70248e+006, 4.2549e+006, 1.29574e+007, 2052, 2073.54, 1014, 1502
232, 23111, 8.72465e+006, 4.2677e+006, 1.29924e+007, 2058, 2073.71, 1014, 1502
233, 23211, 8.7002e+006, 4.28893e+006, 1.29891e+007, 2065, 2076.97, 1014, 1502
234, 23311, 8.72323e+006, 4.26914e+006, 1.29924e+007, 2062, 2070.39, 1014, 1502
235, 23411, 8.63809e+006, 4.2222e+006, 1.28603e+007, 2032, 2077.85, 1014, 1502
236, 23511, 8.75995e+006, 4.24397e+006, 1.30039e+007, 2063, 2057.19, 1014, 1501
237, 23611, 8.62731e+006, 4.19787e+006, 1.28252e+007, 2033, 2064.87, 1014, 1502
238, 23711, 8.55766e+006, 4.18422e+006, 1.27419e+007, 2023, 2068.33, 1015, 1501
239, 23811, 8.64627e+006, 4.23561e+006, 1.28819e+007, 2050, 2066.15, 1014, 1502
240, 23911, 8.67498e+006, 4.20496e+006, 1.28799e+007, 2035, 2066.32, 1014, 1502
241, 24011, 8.69823e+006, 4.19261e+006, 1.28908e+007, 2034, 2061.26, 1014, 1502
242, 24111, 8.66754e+006, 4.18893e+006, 1.28565e+007, 2037, 2056.42, 1014, 1501
243, 24211, 8.63802e+006, 4.1748e+006, 1.28128e+007, 2018, 2068.78, 1015, 1501
244, 24311, 8.83733e+006, 4.25032e+006, 1.30876e+007, 2060, 2063.26, 1014, 1501
245, 24411, 8.76819e+006, 4.23899e+006, 1.30072e+007, 2058, 2059.76, 1014, 1502
246, 24511, 8.71197e+006, 4.22417e+006, 1.29361e+007, 2049, 2061.58, 1014, 1502
247, 24611, 8.72655e+006, 4.221e+006, 1.29476e+007, 2041, 2068.11, 1014, 1502
248, 24711, 8.77242e+006, 4.2596e+006, 1.3032e+007, 2062, 2065.76, 1014, 1502
249, 24811, 8.60165e+006, 4.19866e+006, 1.28003e+007, 2029, 2069.32, 1014, 1501
250, 24911, 8.61426e+006, 4.16616e+006, 1.27804e+007, 2022, 2060.42, 1014, 1501
251, 25011, 8.83529e+006, 4.26709e+006, 1.31024e+007, 2071, 2060.4, 1014, 1502
252, 25111, 8.78748e+006, 4.28221e+006, 1.30697e+007, 2086, 2052.83, 1014, 1502
253, 25211, 8.66857e+006, 4.20841e+006, 1.2877e+007, 2041, 2061.93, 1014, 1502
254, 25311, 8.65996e+006, 4.1883e+006, 1.28483e+007, 2033, 2060.16, 1014, 1501
255, 25411, 8.70851e+006, 4.2182e+006, 1.29267e+007, 2045, 2062.69, 1014, 1502
256, 25511, 8.65307e+006, 4.20548e+006, 1.28585e+007, 2044, 2057.47, 1014, 1502
257, 25611, 8.67646e+006, 4.23441e+006, 1.29109e+007, 2053, 2062.55, 1014, 1502
258, 25711, 8.58804e+006, 4.17953e+006, 1.27676e+007, 2029, 2059.89, 1014, 1502
259, 25811, 8.497e+006, 4.14891e+006, 1.26459e+007, 2011, 2063.11, 1014, 1502
260, 25911, 8.41878e+006, 4.12113e+006, 1.25399e+007, 1994, 2066.77, 1014, 1502
261, 26011, 8.46687e+006, 4.14189e+006, 1.26088e+007, 2012, 2058.59, 1014, 1502
262, 26111, 8.34799e+006, 4.08878e+006, 1.24368e+007, 1986, 2058.8, 1014, 1502
263, 26211, 8.24397e+006, 4.06002e+006, 1.2304e+007, 1969, 2061.97, 1014, 1502
264, 26311, 8.27245e+006, 4.06044e+006, 1.23329e+007, 1976, 2054.88, 1014, 1502
265, 26407, 8.34167e+006, 4.10448e+006, 1.24462e+007, 1996, 2056.35, 1014, 1502
266, 26505, 8.34238e+006, 4.12797e+006, 1.24704e+007, 2000, 2063.99, 1014, 1502
267, 26612, 8.30054e+006, 4.0333e+006, 1.23338e+007, 1969, 2048.4, 1014, 1501
268, 26712, 8.3057e+006, 4.08146e+006, 1.23872e+007, 1989, 2052.02, 1014, 1502
269, 26812, 8.28318e+006, 4.05487e+006, 1.23381e+007, 1986, 2041.73, 1014, 1502
270, 26912, 8.16343e+006, 4.0073e+006, 1.21707e+007, 1958, 2046.63, 1014, 1502
271, 27012, 8.11875e+006, 4.01281e+006, 1.21316e+007, 1957, 2050.49, 1014, 1502
272, 27112, 7.95359e+006, 3.93239e+006, 1.1886e+007, 1914, 2054.54, 1014, 1502
273, 27212, 8.06565e+006, 4.02324e+006, 1.20889e+007, 1955, 2057.92, 1014, 1502
274, 27312, 7.93987e+006, 3.96985e+006, 1.19097e+007, 1930, 2056.92, 1014, 1502
275, 27412, 7.98709e+006, 3.97481e+006, 1.19619e+007, 1942, 2046.76, 1014, 1502
276, 27512, 7.81231e+006, 3.88717e+006, 1.16995e+007, 1896, 2050.2, 1014, 1502
277, 27612, 7.88098e+006, 3.93323e+006, 1.18142e+007, 1920, 2048.56, 1014, 1502
278, 27712, 7.83126e+006, 3.88743e+006, 1.17187e+007, 1895, 2051.41, 1014, 1502
279, 27812, 7.86188e+006, 3.93814e+006, 1.18e+007, 1915, 2056.47, 1014, 1502
280, 27912, 7.86326e+006, 3.87882e+006, 1.17421e+007, 1900, 2041.48, 1014, 1501
281, 28012, 7.81914e+006, 3.90069e+006, 1.17198e+007, 1907, 2045.46, 1014, 1502
282, 28112, 7.79481e+006, 3.8662e+006, 1.1661e+007, 1887, 2048.86, 1014, 1502
283, 28212, 7.64349e+006, 3.81737e+006, 1.14609e+007, 1857, 2055.66, 1014, 1502
284, 28312, 7.68734e+006, 3.80174e+006, 1.14891e+007, 1865, 2038.47, 1014, 1502
285, 28412, 7.70757e+006, 3.87902e+006, 1.15866e+007, 1899, 2042.66, 1014, 1502
286, 28512, 7.57822e+006, 3.81756e+006, 1.13958e+007, 1866, 2045.85, 1014, 1501
287, 28610, 7.50322e+006, 3.75701e+006, 1.12602e+007, 1833, 2049.65, 1014, 1502
288, 28710, 7.59161e+006, 3.81898e+006, 1.14106e+007, 1867, 2045.52, 1014, 1501
289, 28810, 7.56887e+006, 3.81003e+006, 1.13789e+007, 1863, 2045.1, 1014, 1501
290, 28910, 7.61349e+006, 3.82149e+006, 1.1435e+007, 1863, 2051.26, 1014, 1502
291, 29010, 7.60751e+006, 3.80639e+006, 1.14139e+007, 1861, 2045.35, 1014, 1502
292, 29110, 7.64145e+006, 3.8485e+006, 1.149e+007, 1872, 2055.82, 1014, 1501
293, 29210, 7.62552e+006, 3.78169e+006, 1.14072e+007, 1853, 2040.85, 1014, 1501
294, 29310, 7.69011e+006, 3.80818e+006, 1.14983e+007, 1872, 2034.29, 1014, 1501
295, 29410, 7.54255e+006, 3.79592e+006, 1.13385e+007, 1861, 2039.72, 1014, 1502
296, 29510, 7.47482e+006, 3.75679e+006, 1.12316e+007, 1838, 2043.96, 1014, 1502
297, 29610, 7.42441e+006, 3.75125e+006, 1.11757e+007, 1831, 2048.75, 1014, 1502
298, 29710, 7.55765e+006, 3.76389e+006, 1.13215e+007, 1850, 2034.54, 1014, 1502
299, 29810, 7.62426e+006, 3.84709e+006, 1.14713e+007, 1879, 2047.42, 1014, 1502
300, 29910, 7.51875e+006, 3.76377e+006, 1.12825e+007, 1848, 2036.67, 1014, 1502
301, 30010, 7.53451e+006, 3.80178e+006, 1.13363e+007, 1859, 2045.07, 1014, 1502
302, 30110, 7.51222e+006, 3.77437e+006, 1.12866e+007, 1852, 2037.99, 1014, 1501
303, 30210, 7.51435e+006, 3.77433e+006, 1.12887e+007, 1854, 2035.78, 1014, 1501
304, 30310, 7.43465e+006, 3.72656e+006, 1.11612e+007, 1826, 2040.83, 1014, 1502
305, 30410, 7.3703e+006, 3.74601e+006, 1.11163e+007, 1832, 2044.76, 1014, 1502
306, 30510, 7.47182e+006, 3.75041e+006, 1.12222e+007, 1842, 2036.06, 1014, 1502
307, 30610, 7.34975e+006, 3.67845e+006, 1.10282e+007, 1808, 2034.54, 1014, 1502
308, 30710, 7.43341e+006, 3.71044e+006, 1.11439e+007, 1825, 2033.12, 1014, 1501
309, 30810, 7.55095e+006, 3.77261e+006, 1.13236e+007, 1857, 2031.56, 1014, 1502
310, 30910, 7.49964e+006, 3.7781e+006, 1.12777e+007, 1854, 2037.81, 1014, 1502
311, 31010, 7.49852e+006, 3.6939e+006, 1.11924e+007, 1824, 2025.16, 1014, 1502
312, 31110, 7.54327e+006, 3.75724e+006, 1.13005e+007, 1848, 2033.14, 1014, 1502
313, 31210, 7.52226e+006, 3.76623e+006, 1.12885e+007, 1848, 2038, 1014, 1502
314, 31310, 7.55522e+006, 3.75986e+006, 1.13151e+007, 1852, 2030.16, 1014, 1502
315, 31410, 7.49946e+006, 3.72322e+006, 1.12227e+007, 1833, 2031.22, 1014, 1502
316, 31510, 7.50915e+006, 3.74958e+006, 1.12587e+007, 1851, 2025.71, 1014, 1502
317, 31610, 7.55219e+006, 3.7693e+006, 1.13215e+007, 1861, 2025.42, 1014, 1502
318, 31710, 7.50105e+006, 3.7408e+006, 1.12419e+007, 1848, 2024.24, 1013, 1502
319, 31810, 7.37976e+006, 3.75802e+006, 1.11378e+007, 1845, 2036.87, 1014, 1502
320, 31910, 7.3125e+006, 3.68951e+006, 1.1002e+007, 1813, 2035.03, 1014, 1502
321, 32010, 7.38205e+006, 3.75897e+006, 1.1141e+007, 1848, 2034.07, 1014, 1502
322, 32110, 7.44624e+006, 3.69938e+006, 1.11456e+007, 1832, 2019.31, 1014, 1501
323, 32210, 7.27381e+006, 3.65513e+006, 1.09289e+007, 1799, 2031.76, 1014, 1502
324, 32310, 7.42484e+006, 3.71146e+006, 1.11363e+007, 1829, 2029.23, 1014, 1502
325, 32410, 7.28097e+006, 3.66627e+006, 1.09472e+007, 1807, 2028.93, 1014, 1502
326, 32510, 7.26e+006, 3.64633e+006, 1.09063e+007, 1796, 2030.25, 1014, 1502
327, 32610, 7.21652e+006, 3.6002e+006, 1.08167e+007, 1776, 2027.14, 1014, 1502
328, 32710, 7.29892e+006, 3.66287e+006, 1.09618e+007, 1812, 2021.45, 1014, 1502
329, 32810, 7.25222e+006, 3.64662e+006, 1.08988e+007, 1802, 2023.65, 1014, 1502
330, 32910, 7.08964e+006, 3.5961e+006, 1.06857e+007, 1773, 2028.25, 1014, 1502
331, 33010, 7.19379e+006, 3.60982e+006, 1.08036e+007, 1783, 2024.58, 1015, 1502
332, 33110, 7.16383e+006, 3.63041e+006, 1.07942e+007, 1795, 2022.51, 1015, 1502
333, 33210, 7.0704e+006, 3.55595e+006, 1.06264e+007, 1757, 2023.88, 1014, 1502
334, 33310, 7.08863e+006, 3.56938e+006, 1.0658e+007, 1763, 2024.61, 1014, 1502
335, 33410, 6.95062e+006, 3.52283e+006, 1.04734e+007, 1742, 2022.29, 1014, 1502
336, 33510, 6.82351e+006, 3.45321e+006, 1.02767e+007, 1706, 2024.16, 1015, 1502
337, 33610, 6.79398e+006, 3.44657e+006, 1.02406e+007, 1706, 2020.27, 1014, 1502
338, 33710, 6.8415e+006, 3.48655e+006, 1.03281e+007, 1720, 2027.07, 1014, 1502
339, 33810, 6.81734e+006, 3.47411e+006, 1.02915e+007, 1714, 2026.9, 1014, 1502
340, 33910, 6.72539e+006, 3.43828e+006, 1.01637e+007, 1699, 2023.71, 1014, 1502
341, 34010, 6.6909e+006, 3.43434e+006, 1.01252e+007, 1691, 2030.95, 1014, 1502
342, 34110, 6.64191e+006, 3.40957e+006, 1.00515e+007, 1682, 2027.1, 1014, 1502
343, 34210, 6.59788e+006, 3.43132e+006, 1.00292e+007, 1691, 2029.17, 1014, 1502
344, 34310, 6.64228e+006, 3.41246e+006, 1.00547e+007, 1688, 2021.6, 1014, 1502
345, 34410, 6.7147e+006, 3.3868e+006, 1.01015e+007, 1685, 2009.97, 1014, 1502
346, 34510, 6.60131e+006, 3.39635e+006, 9.99766e+006, 1674, 2028.88, 1014, 1502
347, 34610, 6.72867e+006, 3.43379e+006, 1.01625e+007, 1701, 2018.69, 1014, 1502
348, 34710, 6.69546e+006, 3.43922e+006, 1.01347e+007, 1699, 2024.26, 1014, 1502
349, 34810, 6.68998e+006, 3.40634e+006, 1.00963e+007, 1690, 2015.59, 1014, 1502
350, 34910, 6.63968e+006, 3.40977e+006, 1.00495e+007, 1690, 2017.62, 1014, 1502
351, 35010, 6.65666e+006, 3.3939e+006, 1.00506e+007, 1679, 2021.38, 1014, 1502
352, 35110, 6.67385e+006, 3.37773e+006, 1.00516e+007, 1668, 2025.02, 1014, 1502
353, 35210, 6.81814e+006, 3.46539e+006, 1.02835e+007, 1709, 2027.73, 1014, 1502
354, 35310, 6.78979e+006, 3.44293e+006, 1.02327e+007, 1704, 2020.5, 1014, 1502
355, 35410, 6.60764e+006, 3.35155e+006, 9.9592e+006, 1666, 2011.73, 1014, 1502
356, 35510, 6.61021e+006, 3.40259e+006, 1.00128e+007, 1684, 2020.54, 1013, 1503
357, 35610, 6.65991e+006, 3.42406e+006, 1.0084e+007, 1696, 2018.9, 1014, 1502
358, 35710, 6.68222e+006, 3.40978e+006, 1.0092e+007, 1688, 2020.01, 1014, 1502
359, 35810, 6.75993e+006, 3.42097e+006, 1.01809e+007, 1695, 2018.27, 1014, 1503
360, 35910, 6.754e+006, 3.43124e+006, 1.01852e+007, 1695, 2024.33, 1014, 1502
361, 36010, 6.74553e+006, 3.4275e+006, 1.0173e+007, 1696, 2020.93, 1014, 1502
362, 36110, 6.66289e+006, 3.35025e+006, 1.00131e+007, 1666, 2010.95, 1014, 1502
363, 36210, 6.6778e+006, 3.37831e+006, 1.00561e+007, 1673, 2019.31, 1013, 1502
364, 36310, 6.57369e+006, 3.33451e+006, 9.9082e+006, 1656, 2013.59, 1014, 1502
365, 36410, 6.53283e+006, 3.36065e+006, 9.89348e+006, 1666, 2017.2, 1013, 1503
366, 36510, 6.50156e+006, 3.31625e+006, 9.81781e+006, 1647, 2013.51, 1013, 1502
367, 36610, 6.55255e+006, 3.35009e+006, 9.90265e+006, 1664, 2013.28, 1014, 1502
368, 36710, 6.54566e+006, 3.35799e+006, 9.90365e+006, 1669, 2011.98, 1014, 1502
369, 36810, 6.52172e+006, 3.37641e+006, 9.89812e+006, 1673, 2018.17, 1014, 1502
370, 36910, 6.48096e+006, 3.32878e+006, 9.80974e+006, 1649, 2018.67, 1014, 1503
371, 37010, 6.60892e+006, 3.37413e+006, 9.98304e+006, 1671, 2019.23, 1013, 1503
372, 37110, 6.60474e+006, 3.36501e+006, 9.96975e+006, 1667, 2018.6, 1013, 1503
373, 37210, 6.58902e+006, 3.35815e+006, 9.94717e+006, 1666, 2015.7, 1014, 1503
374, 37310, 6.56745e+006, 3.36582e+006, 9.93327e+006, 1667, 2019.09, 1013, 1503
375, 37410, 6.54146e+006, 3.31906e+006, 9.86052e+006, 1648, 2013.99, 1014, 1502
376, 37510, 6.63039e+006, 3.40252e+006, 1.00329e+007, 1687, 2016.9, 1014, 1503
377, 37610, 6.55973e+006, 3.34341e+006, 9.90313e+006, 1658, 2016.53, 1013, 1502
378, 37710, 6.51668e+006, 3.33505e+006, 9.85172e+006, 1658, 2011.49, 1014, 1502
379, 37810, 6.46455e+006, 3.30292e+006, 9.76747e+006, 1640, 2013.98, 1014, 1502
380, 37910, 6.46096e+006, 3.33221e+006, 9.79316e+006, 1648, 2021.97, 1014, 1502
381, 38010, 6.53225e+006, 3.37383e+006, 9.90608e+006, 1672, 2017.84, 1014, 1502
382, 38110, 6.47709e+006, 3.33314e+006, 9.81023e+006, 1657, 2011.55, 1014, 1502
383, 38210, 6.53361e+006, 3.35624e+006, 9.88986e+006, 1668, 2012.14, 1014, 1502
384, 38310, 6.45822e+006, 3.3124e+006, 9.77062e+006, 1647, 2011.17, 1014, 1503
385, 38410, 6.50577e+006, 3.35158e+006, 9.85735e+006, 1665, 2012.96, 1014, 1502
386, 38510, 6.4786e+006, 3.32349e+006, 9.80209e+006, 1652, 2011.8, 1014, 1502
387, 38611, 6.40151e+006, 3.29767e+006, 9.69917e+006, 1641, 2009.55, 1014, 1502
388, 38711, 6.42295e+006, 3.31602e+006, 9.73897e+006, 1649, 2010.93, 1013, 1502
389, 38811, 6.34704e+006, 3.29576e+006, 9.6428e+006, 1634, 2016.99, 1013, 1503
390, 38911, 6.41529e+006, 3.30362e+006, 9.71891e+006, 1642, 2011.95, 1014, 1503
391, 39011, 6.35322e+006, 3.3036e+006, 9.65682e+006, 1642, 2011.94, 1014, 1503
392, 39111, 6.46304e+006, 3.31605e+006, 9.77908e+006, 1649, 2010.94, 1014, 1503
393, 39211, 6.42641e+006, 3.29313e+006, 9.71954e+006, 1639, 2009.23, 1014, 1503
394, 39311, 6.40395e+006, 3.29772e+006, 9.70167e+006, 1643, 2007.13, 1014, 1502
395, 39411, 6.38935e+006, 3.26843e+006, 9.65778e+006, 1632, 2002.71, 1014, 1502
396, 39511, 6.32799e+006, 3.28593e+006, 9.61393e+006, 1630, 2015.91, 1013, 1503
397, 39611, 6.3314e+006, 3.29023e+006, 9.62163e+006, 1635, 2012.37, 1014, 1502
398, 39711, 6.17842e+006, 3.22919e+006, 9.40762e+006, 1594, 2025.84, 1013, 1503
399, 39811, 6.12288e+006, 3.16499e+006, 9.28787e+006, 1577, 2006.97, 1014, 1502
400, 39911, 6.18308e+006, 3.20642e+006, 9.3895e+006, 1598, 2006.52, 1014, 1503
401, 40011, 6.12557e+006, 3.18448e+006, 9.31006e+006, 1587, 2006.6, 1013, 1503
402, 40111, 6.0333e+006, 3.11483e+006, 9.14813e+006, 1550, 2009.57, 1014, 1502
403, 40211, 6.16669e+006, 3.20382e+006, 9.37052e+006, 1595, 2008.67, 1014, 1503
404, 40311, 6.17456e+006, 3.19131e+006, 9.36587e+006, 1588, 2009.64, 1014, 1503
405, 40411, 6.10586e+006, 3.16632e+006, 9.27218e+006, 1578, 2006.54, 1014, 1502
406, 40511, 6.11525e+006, 3.17867e+006, 9.29393e+006, 1585, 2005.47, 1014, 1502
407, 40611, 6.12967e+006, 3.16739e+006, 9.29706e+006, 1581, 2003.41, 1014, 1502
408, 40711, 6.12145e+006, 3.16265e+006, 9.2841e+006, 1580, 2001.68, 1014, 1503
409, 40811, 5.9126e+006, 3.09981e+006, 9.01241e+006, 1541, 2011.56, 1013, 1503
410, 40911, 6.01392e+006, 3.15838e+006, 9.1723e+006, 1573, 2007.87, 1013, 1503
411, 41011, 5.97161e+006, 3.14345e+006, 9.11506e+006, 1568, 2004.75, 1013, 1502
412, 41111, 5.94829e+006, 3.12687e+006, 9.07516e+006, 1552, 2014.74, 1013, 1503
413, 41211, 5.98829e+006, 3.13068e+006, 9.11897e+006, 1562, 2004.28, 1014, 1502
414, 41311, 6.00499e+006, 3.12189e+006, 9.12689e+006, 1560, 2001.21, 1014, 1503
415, 41411, 5.94312e+006, 3.08513e+006, 9.02825e+006, 1540, 2003.33, 1014, 1503
416, 41511, 5.9598e+006, 3.08239e+006, 9.0422e+006, 1539, 2002.85, 1013, 1503
417, 41611, 5.98982e+006, 3.08691e+006, 9.07673e+006, 1546, 1996.71, 1014, 1503
418, 41711, 5.91427e+006, 3.0665e+006, 8.98077e+006, 1536, 1996.42, 1014, 1502
419, 41811, 5.9615e+006, 3.07458e+006, 9.03608e+006, 1541, 1995.18, 1014, 1503
420, 41911, 5.93743e+006, 3.1103e+006, 9.04773e+006, 1554, 2001.48, 1014, 1503
421, 42011, 5.95156e+006, 3.10125e+006, 9.05281e+006, 1550, 2000.81, 1013, 1503
422, 42111, 5.73308e+006, 3.00984e+006, 8.74293e+006, 1499, 2007.9, 1013, 1503
423, 42211, 5.81259e+006, 3.04809e+006, 8.86069e+006, 1524, 2000.06, 1013, 1503
424, 42311, 5.75648e+006, 3.03227e+006, 8.78874e+006, 1519, 1996.23, 1014, 1502
425, 42411, 5.7021e+006, 2.98585e+006, 8.68795e+006, 1495, 1997.22, 1013, 1503
426, 42511, 5.58936e+006, 2.94106e+006, 8.53042e+006, 1475, 1993.94, 1014, 1502
427, 42611, 5.57998e+006, 2.94594e+006, 8.52593e+006, 1475, 1997.25, 1014, 1503
428, 42711, 5.51669e+006, 2.93954e+006, 8.45623e+006, 1471, 1998.33, 1014, 1502
429, 42811, 5.50228e+006, 2.94364e+006, 8.44592e+006, 1470, 2002.48, 1014, 1503
430, 42911, 5.45241e+006, 2.89669e+006, 8.3491e+006, 1450, 1997.72, 1014, 1502
431, 43011, 5.47765e+006, 2.88278e+006, 8.36043e+006, 1444, 1996.38, 1014, 1502
432, 43111, 5.39893e+006, 2.88308e+006, 8.28201e+006, 1441, 2000.75, 1014, 1502
433, 43211, 5.51067e+006, 2.92782e+006, 8.4385e+006, 1463, 2001.25, 1013, 1503
434, 43311, 5.43598e+006, 2.89535e+006, 8.33133e+006, 1446, 2002.32, 1013, 1503
435, 43411, 5.42082e+006, 2.8952e+006, 8.31602e+006, 1450, 1996.69, 1014, 1502
436, 43511, 5.39474e+006, 2.90009e+006, 8.29484e+006, 1450, 2000.06, 1013, 1503
437, 43611, 5.40486e+006, 2.93545e+006, 8.34031e+006, 1459, 2011.96, 1013, 1504
438, 43711, 5.32419e+006, 2.90269e+006, 8.22688e+006, 1444, 2010.17, 1014, 1504
439, 43811, 5.19695e+006, 2.83723e+006, 8.03418e+006, 1412, 2009.37, 1013, 1504
440, 43911, 5.26638e+006, 2.84176e+006, 8.10814e+006, 1417, 2005.48, 1014, 1502
441, 44011, 5.29848e+006, 2.86156e+006, 8.16004e+006, 1432, 1998.3, 1013, 1502
442, 44111, 5.20039e+006, 2.80352e+006, 8.00391e+006, 1409, 1989.73, 1014, 1501
443, 44211, 5.26937e+006, 2.84337e+006, 8.11274e+006, 1424, 1996.75, 1014, 1501
444, 44311, 5.26838e+006, 2.84815e+006, 8.11653e+006, 1424, 2000.11, 1013, 1502
445, 44411, 5.29046e+006, 2.84636e+006, 8.13682e+006, 1425, 1997.45, 1013, 1503
446, 44511, 5.26652e+006, 2.80451e+006, 8.07103e+006, 1413, 1984.79, 1013, 1503
447, 44611, 5.36471e+006, 2.85543e+006, 8.22014e+006, 1435, 1989.85, 1014, 1503
448, 44711, 5.23052e+006, 2.8109e+006, 8.04143e+006, 1407, 1997.8, 1014, 1503
449, 44811, 5.23811e+006, 2.7978e+006, 8.03591e+006, 1406, 1989.9, 1014, 1502
450, 44911, 5.12867e+006, 2.75229e+006, 7.88096e+006, 1381, 1992.97, 1014, 1503
451, 45011, 5.03566e+006, 2.73769e+006, 7.77335e+006, 1370, 1998.32, 1014, 1503
452, 45111, 4.94403e+006, 2.66113e+006, 7.60516e+006, 1335, 1993.36, 1014, 1502
453, 45211, 5.09055e+006, 2.72446e+006, 7.81501e+006, 1369, 1990.11, 1014, 1502
454, 45311, 5.07715e+006, 2.75153e+006, 7.82868e+006, 1381, 1992.42, 1013, 1503
455, 45411, 5.11782e+006, 2.74612e+006, 7.86395e+006, 1379, 1991.39, 1014, 1503
456, 45511, 5.23958e+006, 2.78654e+006, 8.02612e+006, 1401, 1988.96, 1013, 1503
457, 45611, 5.25003e+006, 2.84995e+006, 8.09998e+006, 1425, 1999.97, 1013, 1503
458, 45711, 5.15214e+006, 2.77989e+006, 7.93203e+006, 1393, 1995.61, 1013, 1503
459, 45811, 4.94483e+006, 2.67545e+006, 7.62028e+006, 1341, 1995.12, 1013, 1503
460, 45911, 5.07748e+006, 2.72193e+006, 7.79942e+006, 1372, 1983.92, 1014, 1503
461, 46011, 5.04306e+006, 2.69404e+006, 7.7371e+006, 1352, 1992.64, 1014, 1503
462, 46111, 5.12117e+006, 2.74914e+006, 7.87031e+006, 1379, 1993.57, 1014, 1503
463, 46211, 5.0245e+006, 2.70667e+006, 7.73116e+006, 1359, 1991.66, 1013, 1503
464, 46311, 5.15632e+006, 2.77241e+006, 7.92874e+006, 1393, 1990.24, 1013, 1504
465, 46411, 5.14333e+006, 2.76934e+006, 7.91266e+006, 1394, 1986.61, 1013, 1503
466, 46511, 5.01066e+006, 2.68123e+006, 7.69189e+006, 1345, 1993.48, 1013, 1503
467, 46611, 4.96272e+006, 2.66513e+006, 7.62785e+006, 1341, 1987.42, 1013, 1503
468, 46711, 4.93597e+006, 2.6803e+006, 7.61627e+006, 1345, 1992.79, 1012, 1503
469, 46811, 4.82847e+006, 2.61442e+006, 7.44289e+006, 1316, 1986.64, 1013, 1503
470, 46911, 4.83474e+006, 2.63867e+006, 7.47341e+006, 1324, 1992.95, 1013, 1503
471, 47011, 4.96903e+006, 2.71801e+006, 7.68704e+006, 1366, 1989.76, 1013, 1504
472, 47111, 4.84967e+006, 2.63965e+006, 7.48932e+006, 1330, 1984.7, 1014, 1503
473, 47211, 4.7622e+006, 2.59792e+006, 7.36012e+006, 1307, 1987.69, 1013, 1503
474, 47311, 4.76236e+006, 2.60913e+006, 7.37149e+006, 1311, 1990.18, 1013, 1503
475, 47411, 4.82522e+006, 2.62376e+006, 7.44898e+006, 1323, 1983.19, 1013, 1502
476, 47511, 4.83702e+006, 2.63703e+006, 7.47404e+006, 1328, 1985.71, 1013, 1503
477, 47611, 4.8117e+006, 2.63979e+006, 7.45149e+006, 1328, 1987.79, 1013, 1503
478, 47711, 4.8493e+006, 2.61329e+006, 7.4626e+006, 1315, 1987.3, 1013, 1503
479, 47811, 4.68085e+006, 2.55597e+006, 7.23683e+006, 1286, 1987.54, 1013, 1503
480, 47911, 4.4686e+006, 2.44052e+006, 6.90912e+006, 1226, 1990.64, 1013, 1503
481, 48011, 4.58152e+006, 2.50586e+006, 7.08738e+006, 1258, 1991.94, 1013, 1503
482, 48111, 4.48606e+006, 2.45184e+006, 6.93791e+006, 1237, 1982.09, 1014, 1502
483, 48211, 4.51422e+006, 2.48219e+006, 6.99641e+006, 1251, 1984.16, 1013, 1503
484, 48311, 4.65855e+006, 2.52686e+006, 7.18541e+006, 1278, 1977.2, 1014, 1503
485, 48411, 4.58071e+006, 2.50266e+006, 7.08337e+006, 1259, 1987.81, 1014, 1503
486, 48511, 4.62638e+006, 2.52422e+006, 7.1506e+006, 1271, 1986.01, 1013, 1503
487, 48611, 4.59037e+006, 2.49328e+006, 7.08365e+006, 1260, 1978.79, 1014, 1503
488, 48711, 4.60656e+006, 2.54131e+006, 7.14788e+006, 1278, 1988.51, 1014, 1503
489, 48811, 4.59691e+006, 2.55221e+006, 7.14911e+006, 1281, 1992.35, 1013, 1504
490, 48911, 4.69339e+006, 2.56814e+006, 7.26153e+006, 1295, 1983.12, 1014, 1503
491, 49011, 4.56932e+006, 2.51953e+006, 7.08885e+006, 1271, 1982.32, 1013, 1503
492, 49111, 4.53163e+006, 2.47326e+006, 7.00489e+006, 1249, 1980.19, 1014, 1502
493, 49211, 4.41533e+006, 2.42426e+006, 6.8396e+006, 1221, 1985.47, 1013, 1503
494, 49311, 4.49582e+006, 2.44504e+006, 6.94086e+006, 1238, 1974.99, 1013, 1503
495, 49411, 4.71421e+006, 2.59671e+006, 7.31092e+006, 1297, 2002.09, 1013, 1503
496, 49511, 4.73562e+006, 2.60074e+006, 7.33637e+006, 1297, 2005.2, 1013, 1503
497, 49611, 4.64963e+006, 2.55343e+006, 7.20307e+006, 1278, 1997.99, 1014, 1503
498, 49711, 4.71433e+006, 2.59425e+006, 7.30858e+006, 1293, 2006.38, 1014, 1503
499, 49811, 4.85419e+006, 2.62583e+006, 7.48002e+006, 1316, 1995.31, 1014, 1503
500, 49911, 4.87435e+006, 2.66033e+006, 7.53468e+006, 1330, 2000.25, 1014, 1503
501, 50011, 4.84345e+006, 2.64839e+006, 7.49184e+006, 1326, 1997.28, 1013, 1503
502, 50111, 4.74178e+006, 2.6068e+006, 7.34858e+006, 1300, 2005.23, 1013, 1503
503, 50211, 4.91988e+006, 2.70365e+006, 7.62352e+006, 1352, 1999.74, 1014, 1503
504, 50311, 4.74259e+006, 2.62545e+006, 7.36804e+006, 1309, 2005.69, 1013, 1503
505, 50411, 4.73045e+006, 2.61383e+006, 7.34428e+006, 1306, 2001.4, 1013, 1503
506, 50511, 4.80875e+006, 2.62024e+006, 7.42899e+006, 1315, 1992.58, 1013, 1503
507, 50611, 4.77221e+006, 2.62861e+006, 7.40081e+006, 1315, 1998.94, 1013, 1503
508, 50711, 4.72135e+006, 2.60365e+006, 7.325e+006, 1305, 1995.13, 1013, 1503
509, 50811, 4.76028e+006, 2.60315e+006, 7.36343e+006, 1305, 1994.75, 1014, 1503
510, 50911, 4.74798e+006, 2.6168e+006, 7.36478e+006, 1308, 2000.61, 1013, 1503
511, 51011, 4.69574e+006, 2.60277e+006, 7.29851e+006, 1299, 2003.67, 1013, 1503
512, 51111, 4.61654e+006, 2.52796e+006, 7.1445e+006, 1271, 1988.95, 1014, 1502
513, 51211, 4.6502e+006, 2.57728e+006, 7.22748e+006, 1289, 1999.44, 1013, 1503
514, 51311, 4.66259e+006, 2.57903e+006, 7.24163e+006, 1291, 1997.7, 1014, 1503
515, 51411, 4.74728e+006, 2.61542e+006, 7.3627e+006, 1311, 1994.98, 1014, 1503
516, 51511, 4.60232e+006, 2.57539e+006, 7.17771e+006, 1290, 1996.42, 1014, 1503
517, 51611, 4.5126e+006, 2.52735e+006, 7.03995e+006, 1262, 2002.66, 1014, 1503
518, 51711, 4.45138e+006, 2.47302e+006, 6.9244e+006, 1239, 1995.98, 1014, 1503
519, 51811, 4.53304e+006, 2.52814e+006, 7.06119e+006, 1262, 2003.28, 1014, 1503
520, 51911, 4.43445e+006, 2.47386e+006, 6.90831e+006, 1239, 1996.66, 1013, 1504
521, 52011, 4.39488e+006, 2.43484e+006, 6.82973e+006, 1222, 1992.51, 1014, 1504
522, 52111, 4.4449e+006, 2.48293e+006, 6.92783e+006, 1241, 2000.75, 1013, 1504
523, 52211, 4.57968e+006, 2.51003e+006, 7.08972e+006, 1259, 1993.67, 1013, 1503
524, 52311, 4.5813e+006, 2.51845e+006, 7.09975e+006, 1261, 1997.18, 1013, 1503
525, 52411, 4.60374e+006, 2.54248e+006, 7.14621e+006, 1272, 1998.8, 1013, 1503
526, 52511, 4.39586e+006, 2.44265e+006, 6.83851e+006, 1225, 1994, 1013, 1504
527, 52611, 4.47943e+006, 2.47372e+006, 6.95315e+006, 1239, 1996.55, 1013, 1504
528, 52711, 4.46522e+006, 2.44813e+006, 6.91335e+006, 1229, 1991.97, 1013, 1504
529, 52811, 4.60707e+006, 2.53008e+006, 7.13716e+006, 1271, 1990.62, 1013, 1504
530, 52911, 4.58804e+006, 2.53131e+006, 7.11935e+006, 1266, 1999.45, 1013, 1504
531, 53011, 4.57655e+006, 2.51587e+006, 7.09242e+006, 1264, 1990.4, 1013, 1503
532, 53111, 4.53803e+006, 2.52095e+006, 7.05899e+006, 1263, 1996, 1013, 1503
533, 53211, 4.4979e+006, 2.50196e+006, 6.99987e+006, 1256, 1992.01, 1013, 1503
534, 53311, 4.4672e+006, 2.47917e+006, 6.94637e+006, 1244, 1992.9, 1013, 1504
535, 53411, 4.43612e+006, 2.46824e+006, 6.90436e+006, 1238, 1993.74, 1013, 1503
536, 53511, 4.35168e+006, 2.43708e+006, 6.78876e+006, 1220, 1997.61, 1014, 1504
537, 53611, 4.36136e+006, 2.41965e+006, 6.78101e+006, 1213, 1994.76, 1013, 1504
538, 53711, 4.36569e+006, 2.41595e+006, 6.78164e+006, 1211, 1995, 1013, 1503
539, 53811, 4.20302e+006, 2.32171e+006, 6.52473e+006, 1166, 1991.18, 1013, 1503
540, 53911, 4.30934e+006, 2.40476e+006, 6.7141e+006, 1205, 1995.65, 1013, 1504
541, 54011, 4.34434e+006, 2.38422e+006, 6.72857e+006, 1201, 1985.2, 1012, 1504
542, 54111, 4.37538e+006, 2.41495e+006, 6.79033e+006, 1216, 1985.97, 1013, 1504
543, 54211, 4.37447e+006, 2.43098e+006, 6.80545e+006, 1221, 1990.97, 1013, 1504
544, 54311, 4.44694e+006, 2.46434e+006, 6.91128e+006, 1236, 1993.81, 1013, 1504
545, 54411, 4.47718e+006, 2.4542e+006, 6.93138e+006, 1237, 1983.99, 1013, 1503
546, 54511, 4.49115e+006, 2.47952e+006, 6.97067e+006, 1244, 1993.18, 1014, 1504
547, 54611, 4.35657e+006, 2.41518e+006, 6.77176e+006, 1210, 1996.02, 1013, 1503
548, 54711, 4.38552e+006, 2.42384e+006, 6.80936e+006, 1219, 1988.38, 1013, 1503
549, 54811, 4.33117e+006, 2.39542e+006, 6.7266e+006, 1209, 1981.33, 1013, 1504
550, 54911, 4.20321e+006, 2.31305e+006, 6.51626e+006, 1169, 1978.66, 1013, 1503
551, 55011, 4.20079e+006, 2.31152e+006, 6.51231e+006, 1169, 1977.35, 1013, 1503
552, 55111, 4.28799e+006, 2.41479e+006, 6.70278e+006, 1212, 1992.4, 1013, 1504
553, 55211, 4.18547e+006, 2.32713e+006, 6.51259e+006, 1173, 1983.91, 1013, 1504
554, 55311, 4.22785e+006, 2.35359e+006, 6.58145e+006, 1179, 1996.26, 1013, 1504
555, 55411, 4.16976e+006, 2.30769e+006, 6.47745e+006, 1161, 1987.67, 1012, 1503
556, 55511, 4.25013e+006, 2.3416e+006, 6.59173e+006, 1185, 1976.04, 1013, 1503
557, 55611, 4.19426e+006, 2.34162e+006, 6.53588e+006, 1176, 1991.17, 1013, 1503
558, 55711, 4.26531e+006, 2.36091e+006, 6.62622e+006, 1187, 1988.97, 1013, 1503
559, 55811, 4.25001e+006, 2.35948e+006, 6.60949e+006, 1189, 1984.42, 1013, 1503
560, 55911, 4.2234e+006, 2.32605e+006, 6.54946e+006, 1176, 1977.94, 1013, 1504
561, 56011, 4.20638e+006, 2.33985e+006, 6.54623e+006, 1178, 1986.29, 1013, 1504
562, 56111, 4.0341e+006, 2.25449e+006, 6.2886e+006, 1136, 1984.59, 1013, 1503
563, 56211, 3.89799e+006, 2.19857e+006, 6.09655e+006, 1107, 1986.06, 1013, 1504
564, 56311, 3.91333e+006, 2.20066e+006, 6.11399e+006, 1111, 1980.79, 1014, 1503
565, 56411, 3.87123e+006, 2.22029e+006, 6.09152e+006, 1113, 1994.87, 1012, 1504
566, 56511, 3.70389e+006, 2.09591e+006, 5.7998e+006, 1058, 1981.01, 1013, 1504
567, 56611, 3.77883e+006, 2.13177e+006, 5.9106e+006, 1076, 1981.2, 1014, 1504
568, 56711, 3.72227e+006, 2.12343e+006, 5.8457e+006, 1067, 1990.1, 1013, 1504
569, 56811, 3.83576e+006, 2.16229e+006, 5.99805e+006, 1093, 1978.3, 1013, 1503
570, 56911, 3.77973e+006, 2.11313e+006, 5.89286e+006, 1064, 1986.03, 1013, 1504
571, 57011, 3.85627e+006, 2.15997e+006, 6.01624e+006, 1092, 1977.99, 1013, 1504
572, 57111, 3.73224e+006, 2.1144e+006, 5.84663e+006, 1067, 1981.63, 1013, 1504
573, 57211, 3.76943e+006, 2.09638e+006, 5.86582e+006, 1060, 1977.72, 1013, 1504
574, 57311, 3.77496e+006, 2.13569e+006, 5.91065e+006, 1075, 1986.68, 1013, 1504
575, 57411, 3.65023e+006, 2.06429e+006, 5.71452e+006, 1042, 1981.08, 1013, 1504
576, 57511, 3.67497e+006, 2.08607e+006, 5.76104e+006, 1053, 1981.07, 1013, 1504
577, 57611, 3.65232e+006, 2.0639e+006, 5.71622e+006, 1042, 1980.71, 1014, 1503
578, 57711, 3.68621e+006, 2.09489e+006, 5.7811e+006, 1056, 1983.8, 1013, 1504
579, 57811, 3.57832e+006, 2.04826e+006, 5.62658e+006, 1033, 1982.83, 1013, 1503
580, 57911, 3.6455e+006, 2.07807e+006, 5.72357e+006, 1048, 1982.89, 1013, 1503
581, 58011, 3.56078e+006, 2.0274e+006, 5.58818e+006, 1023, 1981.81, 1013, 1503
582, 58111, 3.70156e+006, 2.11306e+006, 5.81462e+006, 1067, 1980.37, 1013, 1503
583, 58211, 3.57087e+006, 2.02489e+006, 5.59575e+006, 1025, 1975.5, 1014, 1503
584, 58311, 3.41964e+006, 1.94598e+006, 5.36563e+006, 986, 1973.61, 1014, 1503
585, 58411, 3.51338e+006, 1.99118e+006, 5.50456e+006, 1011, 1969.52, 1014, 1503
586, 58511, 3.46339e+006, 1.99097e+006, 5.45436e+006, 1007, 1977.13, 1014, 1503
587, 58611, 3.43435e+006, 1.96686e+006, 5.40121e+006, 997, 1972.78, 1014, 1503
588, 58711, 3.44743e+006, 1.94867e+006, 5.3961e+006, 988, 1972.34, 1014, 1503
589, 58811, 3.45717e+006, 1.97326e+006, 5.43044e+006, 1001, 1971.29, 1015, 1503
590, 58911, 3.4704e+006, 1.96255e+006, 5.43295e+006, 996, 1970.43, 1014, 1503
591, 59011, 3.32026e+006, 1.90794e+006, 5.2282e+006, 965, 1977.14, 1013, 1503
592, 59111, 3.22762e+006, 1.84066e+006, 5.06828e+006, 934, 1970.73, 1014, 1503
593, 59211, 3.30998e+006, 1.90618e+006, 5.21617e+006, 966, 1973.27, 1013, 1503
594, 59311, 3.39555e+006, 1.95342e+006, 5.34897e+006, 989, 1975.15, 1014, 1503
595, 59411, 3.30578e+006, 1.90031e+006, 5.2061e+006, 963, 1973.33, 1014, 1504
596, 59511, 3.34571e+006, 1.91867e+006, 5.26438e+006, 971, 1975.98, 1013, 1504
597, 59611, 3.36573e+006, 1.9344e+006, 5.30012e+006, 982, 1969.85, 1013, 1504
598, 59711, 3.28495e+006, 1.86846e+006, 5.15341e+006, 950, 1966.8, 1014, 1503
599, 59811, 3.23364e+006, 1.85693e+006, 5.09057e+006, 942, 1971.26, 1013, 1504
600, 59911, 3.23051e+006, 1.85534e+006, 5.08585e+006, 942, 1969.58, 1013, 1504