2, 100, 2.92171e+006, 2.64078e+006, 5.56249e+006, 1539, 1715.9, 1227, 1529
3, 200, 2.8215e+006, 2.48786e+006, 5.30936e+006, 1465, 1698.2, 1228, 1530
4, 300, 2.82883e+006, 2.50828e+006, 5.33711e+006, 1482, 1692.49, 1227, 1529
5, 400, 2.82138e+006, 2.55056e+006, 5.37194e+006, 1492, 1709.49, 1227, 1529
6, 500, 2.84207e+006, 2.53785e+006, 5.37992e+006, 1496, 1696.43, 1227, 1529
7, 600, 2.8027e+006, 2.51866e+006, 5.32136e+006, 1476, 1706.41, 1227, 1529
8, 700, 2.80695e+006, 2.53819e+006, 5.34515e+006, 1483, 1711.53, 1227, 1528
9, 800, 2.80698e+006, 2.53452e+006, 5.3415e+006, 1485, 1706.75, 1227, 1529
10, 900, 2.79355e+006, 2.53119e+006, 5.32474e+006, 1476, 1714.9, 1227, 1530
11, 1000, 2.83868e+006, 2.5398e+006, 5.37848e+006, 1490, 1704.56, 1227, 1529
12, 1100, 2.75843e+006, 2.49444e+006, 5.25287e+006, 1461, 1707.35, 1227, 1529
13, 1200, 2.75517e+006, 2.47048e+006, 5.22565e+006, 1450, 1703.78, 1227, 1529
14, 1300, 2.73736e+006, 2.49752e+006, 5.23488e+006, 1460, 1710.63, 1227, 1529
15, 1400, 2.80574e+006, 2.51896e+006, 5.3247e+006, 1479, 1703.15, 1227, 1529
16, 1500, 2.74066e+006, 2.4372e+006, 5.17786e+006, 1439, 1693.68, 1227, 1530
17, 1600, 2.73971e+006, 2.47479e+006, 5.2145e+006, 1458, 1697.38, 1227, 1529
18, 1700, 2.6785e+006, 2.39032e+006, 5.06882e+006, 1414, 1690.46, 1228, 1530
19, 1800, 2.72663e+006, 2.47081e+006, 5.19744e+006, 1452, 1701.66, 1228, 1530
20, 1900, 2.76858e+006, 2.42328e+006, 5.19186e+006, 1438, 1685.17, 1228, 1530
21, 2000, 2.63899e+006, 2.35433e+006, 4.99332e+006, 1387, 1697.43, 1228, 1530
22, 2100, 2.7507e+006, 2.44661e+006, 5.19731e+006, 1443, 1695.5, 1228, 1530
23, 2200, 2.64744e+006, 2.39978e+006, 5.04722e+006, 1411, 1700.76, 1228, 1530
24, 2300, 2.58827e+006, 2.32575e+006, 4.91402e+006, 1370, 1697.63, 1228, 1530
25, 2400, 2.61999e+006, 2.34539e+006, 4.96538e+006, 1390, 1687.33, 1228, 1530
26, 2500, 2.6347e+006, 2.38529e+006, 5.01999e+006, 1407, 1695.3, 1228, 1530
27, 2600, 2.62029e+006, 2.3729e+006, 4.99319e+006, 1399, 1696.14, 1228, 1531
28, 2700, 2.61516e+006, 2.39052e+006, 5.00568e+006, 1409, 1696.61, 1228, 1531
29, 2800, 2.56653e+006, 2.33619e+006, 4.90273e+006, 1377, 1696.58, 1228, 1530
30, 2900, 2.59385e+006, 2.30952e+006, 4.90338e+006, 1370, 1685.78, 1229, 1531
31, 3000, 2.53477e+006, 2.29149e+006, 4.82626e+006, 1361, 1683.68, 1228, 1531
32, 3100, 2.47867e+006, 2.24407e+006, 4.72274e+006, 1325, 1693.63, 1229, 1531
33, 3200, 2.52006e+006, 2.25655e+006, 4.77661e+006, 1342, 1681.49, 1228, 1530
34, 3300, 2.5564e+006, 2.34364e+006, 4.90004e+006, 1380, 1698.29, 1228, 1531
35, 3400, 2.54996e+006, 2.25402e+006, 4.80398e+006, 1338, 1684.62, 1228, 1530
36, 3500, 2.56758e+006, 2.32465e+006, 4.89223e+006, 1378, 1686.98, 1228, 1530
37, 3600, 2.55711e+006, 2.314e+006, 4.87111e+006, 1367, 1692.76, 1228, 1530
38, 3700, 2.5021e+006, 2.27588e+006, 4.77797e+006, 1343, 1694.62, 1228, 1531
39, 3800, 2.52725e+006, 2.31456e+006, 4.84181e+006, 1371, 1688.23, 1228, 1530
40, 3900, 2.51488e+006, 2.26475e+006, 4.77962e+006, 1345, 1683.83, 1228, 1530
41, 4000, 2.50278e+006, 2.27613e+006, 4.77891e+006, 1342, 1696.07, 1228, 1530
42, 4100, 2.54021e+006, 2.27617e+006, 4.81638e+006, 1349, 1687.3, 1228, 1530
43, 4200, 2.6032e+006, 2.31603e+006, 4.91923e+006, 1386, 1671.02, 1228, 1530
44, 4300, 2.56347e+006, 2.3119e+006, 4.87537e+006, 1377, 1678.94, 1228, 1530
45, 4400, 2.53427e+006, 2.29678e+006, 4.83104e+006, 1363, 1685.09, 1228, 1530
46, 4500, 2.54775e+006, 2.30942e+006, 4.85717e+006, 1371, 1684.48, 1228, 1530
47, 4600, 2.56838e+006, 2.33682e+006, 4.9052e+006, 1381, 1692.12, 1227, 1530
48, 4700, 2.58879e+006, 2.34004e+006, 4.92883e+006, 1384, 1690.78, 1227, 1530
49, 4800, 2.54744e+006, 2.26464e+006, 4.81208e+006, 1347, 1681.25, 1228, 1530
50, 4900, 2.60172e+006, 2.30771e+006, 4.90943e+006, 1375, 1678.34, 1227, 1530
51, 5000, 2.57512e+006, 2.30749e+006, 4.88262e+006, 1369, 1685.53, 1227, 1530
52, 5100, 2.5566e+006, 2.27526e+006, 4.83186e+006, 1361, 1671.75, 1228, 1530
53, 5200, 2.56352e+006, 2.26644e+006, 4.82996e+006, 1357, 1670.18, 1228, 1530
54, 5300, 2.57611e+006, 2.28831e+006, 4.86442e+006, 1369, 1671.52, 1228, 1531
55, 5400, 2.57579e+006, 2.26973e+006, 4.84552e+006, 1349, 1682.53, 1228, 1530
56, 5500, 2.52388e+006, 2.26583e+006, 4.7897e+006, 1349, 1679.63, 1227, 1530
57, 5600, 2.55394e+006, 2.26019e+006, 4.81414e+006, 1354, 1669.27, 1227, 1529
58, 5700, 2.52489e+006, 2.23932e+006, 4.76421e+006, 1335, 1677.39, 1228, 1530
59, 5800, 2.60023e+006, 2.31867e+006, 4.9189e+006, 1378, 1682.63, 1228, 1530
60, 5900, 2.52255e+006, 2.24457e+006, 4.76712e+006, 1342, 1672.56, 1229, 1531
61, 6000, 2.48464e+006, 2.2258e+006, 4.71045e+006, 1322, 1683.66, 1228, 1531
62, 6100, 2.46718e+006, 2.20625e+006, 4.67343e+006, 1313, 1680.31, 1228, 1530
63, 6200, 2.51491e+006, 2.24924e+006, 4.76416e+006, 1343, 1674.79, 1228, 1530
64, 6300, 2.48169e+006, 2.24528e+006, 4.72697e+006, 1334, 1683.12, 1228, 1531
65, 6400, 2.43874e+006, 2.20168e+006, 4.64042e+006, 1308, 1683.24, 1228, 1531
66, 6500, 2.44794e+006, 2.16326e+006, 4.6112e+006, 1296, 1669.18, 1228, 1531
67, 6600, 2.50987e+006, 2.28444e+006, 4.79431e+006, 1359, 1680.97, 1228, 1530
68, 6700, 2.36395e+006, 2.12985e+006, 4.4938e+006, 1267, 1681.01, 1228, 1531
69, 6800, 2.39678e+006, 2.16171e+006, 4.55849e+006, 1285, 1682.27, 1228, 1531
70, 6900, 2.38728e+006, 2.16973e+006, 4.55701e+006, 1287, 1685.88, 1228, 1530
71, 7000, 2.47028e+006, 2.22151e+006, 4.69179e+006, 1325, 1676.61, 1228, 1531
72, 7100, 2.42052e+006, 2.16387e+006, 4.58439e+006, 1294, 1672.23, 1228, 1531
73, 7210, 2.35165e+006, 2.10812e+006, 4.45977e+006, 1264, 1667.81, 1228, 1531
74, 7310, 2.41532e+006, 2.18873e+006, 4.60405e+006, 1307, 1674.62, 1228, 1531
75, 7410, 2.34016e+006, 2.11053e+006, 4.45069e+006, 1264, 1669.72, 1228, 1531
76, 7510, 2.35906e+006, 2.12258e+006, 4.48165e+006, 1272, 1668.7, 1228, 1530
77, 7610, 2.37334e+006, 2.12267e+006, 4.49601e+006, 1269, 1672.71, 1228, 1531
78, 7710, 2.36388e+006, 2.15054e+006, 4.51442e+006, 1284, 1674.88, 1228, 1531
79, 7810, 2.32445e+006, 2.10169e+006, 4.42615e+006, 1258, 1670.66, 1228, 1531
80, 7910, 2.35268e+006, 2.12295e+006, 4.47563e+006, 1268, 1674.25, 1228, 1530
81, 8010, 2.34777e+006, 2.11441e+006, 4.46218e+006, 1266, 1670.15, 1228, 1531
82, 8110, 2.27937e+006, 2.04498e+006, 4.32435e+006, 1228, 1665.29, 1228, 1532
83, 8210, 2.33021e+006, 2.10349e+006, 4.4337e+006, 1267, 1660.21, 1228, 1531
84, 8310, 2.2671e+006, 2.03439e+006, 4.3015e+006, 1221, 1666.17, 1227, 1530
85, 8410, 2.27726e+006, 2.05099e+006, 4.32825e+006, 1235, 1660.72, 1228, 1531
86, 8510, 2.30623e+006, 2.10007e+006, 4.40629e+006, 1257, 1670.7, 1227, 1531
87, 8610, 2.26488e+006, 2.0499e+006, 4.31478e+006, 1230, 1666.59, 1228, 1530
88, 8710, 2.2389e+006, 2.06918e+006, 4.30808e+006, 1232, 1679.53, 1228, 1531
89, 8810, 2.29067e+006, 2.05877e+006, 4.34944e+006, 1244, 1654.96, 1228, 1531
90, 8910, 2.255e+006, 2.03376e+006, 4.28876e+006, 1225, 1660.21, 1228, 1531
91, 9010, 2.2878e+006, 2.06169e+006, 4.34949e+006, 1246, 1654.64, 1228, 1531
92, 9110, 2.28968e+006, 2.10333e+006, 4.39301e+006, 1255, 1675.96, 1228, 1531
93, 9210, 2.3089e+006, 2.09337e+006, 4.40227e+006, 1259, 1662.72, 1228, 1531
94, 9310, 2.30609e+006, 2.10028e+006, 4.40637e+006, 1261, 1665.57, 1227, 1530
95, 9410, 2.31937e+006, 2.10396e+006, 4.42333e+006, 1268, 1659.27, 1228, 1531
96, 9510, 2.29986e+006, 2.07544e+006, 4.37529e+006, 1249, 1661.68, 1228, 1531
97, 9610, 2.29506e+006, 2.07571e+006, 4.37077e+006, 1245, 1667.24, 1227, 1531
98, 9710, 2.33008e+006, 2.10985e+006, 4.43993e+006, 1264, 1669.18, 1228, 1531
99, 9810, 2.33343e+006, 2.08264e+006, 4.41607e+006, 1254, 1660.8, 1227, 1530
100, 9910, 2.28723e+006, 2.0846e+006, 4.37184e+006, 1245, 1674.38, 1228, 1531
101, 10010, 2.34951e+006, 2.1359e+006, 4.48541e+006, 1280, 1668.67, 1228, 1531
102, 10110, 2.31371e+006, 2.07583e+006, 4.38954e+006, 1246, 1666, 1228, 1531
103, 10210, 2.32878e+006, 2.0743e+006, 4.40309e+006, 1251, 1658.12, 1227, 1531
104, 10310, 2.30687e+006, 2.08391e+006, 4.39077e+006, 1251, 1665.79, 1228, 1531
105, 10410, 2.31599e+006, 2.10853e+006, 4.42453e+006, 1261, 1672.11, 1228, 1531
106, 10510, 2.29518e+006, 2.08163e+006, 4.37682e+006, 1247, 1669.31, 1228, 1531
107, 10610, 2.28849e+006, 2.09346e+006, 4.38194e+006, 1254, 1669.42, 1228, 1530
108, 10710, 2.33418e+006, 2.08115e+006, 4.41533e+006, 1253, 1660.94, 1228, 1530
109, 10810, 2.29028e+006, 2.0533e+006, 4.34358e+006, 1234, 1663.94, 1228, 1531
110, 10910, 2.33002e+006, 2.09765e+006, 4.42767e+006, 1259, 1666.12, 1227, 1530
111, 11010, 2.36024e+006, 2.09479e+006, 4.45503e+006, 1264, 1657.27, 1228, 1530
112, 11109, 2.37511e+006, 2.12925e+006, 4.50435e+006, 1277, 1667.38, 1227, 1530
113, 11209, 2.28057e+006, 2.04796e+006, 4.32853e+006, 1229, 1666.36, 1228, 1531
114, 11309, 2.28061e+006, 2.05729e+006, 4.3379e+006, 1235, 1665.82, 1228, 1531
115, 11409, 2.2675e+006, 2.0487e+006, 4.3162e+006, 1227, 1669.68, 1228, 1531
116, 11509, 2.27762e+006, 2.03616e+006, 4.31378e+006, 1223, 1664.89, 1228, 1531
117, 11609, 2.33148e+006, 2.07909e+006, 4.41057e+006, 1250, 1663.27, 1228, 1531
118, 11709, 2.28491e+006, 2.04911e+006, 4.33402e+006, 1229, 1667.3, 1228, 1531
119, 11809, 2.30347e+006, 2.0749e+006, 4.37837e+006, 1243, 1669.27, 1228, 1531
120, 11909, 2.32828e+006, 2.07571e+006, 4.40398e+006, 1248, 1663.23, 1228, 1531
121, 12009, 2.26655e+006, 2.02561e+006, 4.29216e+006, 1217, 1664.43, 1228, 1531
122, 12109, 2.22988e+006, 2.03482e+006, 4.2647e+006, 1220, 1667.88, 1228, 1529
123, 12209, 2.26483e+006, 2.04251e+006, 4.30734e+006, 1231, 1659.23, 1228, 1531
124, 12309, 2.27368e+006, 2.07859e+006, 4.35227e+006, 1249, 1664.2, 1228, 1531
125, 12409, 2.27231e+006, 2.05929e+006, 4.33161e+006, 1236, 1666.09, 1228, 1530
126, 12509, 2.26129e+006, 2.04805e+006, 4.30934e+006, 1229, 1666.44, 1229, 1531
127, 12609, 2.18605e+006, 1.97417e+006, 4.16022e+006, 1193, 1654.79, 1228, 1531
128, 12709, 2.19017e+006, 1.95491e+006, 4.14508e+006, 1179, 1658.11, 1229, 1531
129, 12809, 2.14185e+006, 1.94624e+006, 4.08809e+006, 1167, 1667.73, 1228, 1531
130, 12909, 2.16076e+006, 1.96422e+006, 4.12498e+006, 1183, 1660.37, 1229, 1531
131, 13009, 2.19153e+006, 1.99163e+006, 4.18316e+006, 1197, 1663.85, 1228, 1530
132, 13109, 2.26222e+006, 2.06448e+006, 4.3267e+006, 1239, 1666.25, 1228, 1531
133, 13209, 2.20888e+006, 2.00518e+006, 4.21406e+006, 1207, 1661.3, 1228, 1531
134, 13309, 2.1923e+006, 1.99697e+006, 4.18927e+006, 1202, 1661.37, 1228, 1531
135, 13409, 2.19904e+006, 1.99183e+006, 4.19087e+006, 1202, 1657.09, 1227, 1531
136, 13509, 2.23219e+006, 2.03937e+006, 4.27155e+006, 1219, 1672.98, 1228, 1530
137, 13609, 2.19583e+006, 1.98299e+006, 4.17883e+006, 1199, 1653.87, 1228, 1530
138, 13709, 2.1292e+006, 1.94626e+006, 4.07546e+006, 1170, 1663.47, 1228, 1531
139, 13809, 2.17175e+006, 1.97601e+006, 4.14777e+006, 1189, 1661.91, 1228, 1531
140, 13909, 2.16197e+006, 1.9565e+006, 4.11847e+006, 1184, 1652.45, 1228, 1531
141, 14009, 2.1709e+006, 1.96489e+006, 4.13579e+006, 1190, 1651.17, 1228, 1531
142, 14109, 2.14729e+006, 1.94824e+006, 4.09553e+006, 1178, 1653.86, 1228, 1531
143, 14209, 2.08715e+006, 1.8846e+006, 3.97174e+006, 1140, 1653.15, 1229, 1531
144, 14309, 2.14968e+006, 1.96956e+006, 4.11924e+006, 1185, 1662.07, 1228, 1531
145, 14409, 2.07865e+006, 1.90393e+006, 3.98259e+006, 1146, 1661.37, 1228, 1531
146, 14509, 2.1478e+006, 1.92763e+006, 4.07543e+006, 1174, 1641.93, 1228, 1531
147, 14609, 2.05116e+006, 1.83926e+006, 3.89041e+006, 1118, 1645.13, 1229, 1531
148, 14709, 2.10838e+006, 1.95334e+006, 4.06173e+006, 1173, 1665.25, 1227, 1531
149, 14809, 2.05351e+006, 1.89253e+006, 3.94604e+006, 1137, 1664.49, 1228, 1531
150, 14910, 2.0713e+006, 1.8496e+006, 3.9209e+006, 1129, 1638.26, 1228, 1530
151, 15010, 2.10473e+006, 1.92094e+006, 4.02566e+006, 1165, 1648.87, 1228, 1532
152, 15110, 2.00335e+006, 1.81201e+006, 3.81536e+006, 1101, 1645.78, 1228, 1531
153, 15210, 2.00382e+006, 1.81296e+006, 3.81678e+006, 1103, 1643.66, 1227, 1531
154, 15310, 2.01666e+006, 1.85491e+006, 3.87156e+006, 1121, 1654.69, 1228, 1531
155, 15410, 2.01463e+006, 1.84823e+006, 3.86287e+006, 1120, 1650.21, 1228, 1530
156, 15510, 2.03528e+006, 1.8742e+006, 3.90948e+006, 1130, 1658.58, 1228, 1531
157, 15610, 2.0905e+006, 1.87859e+006, 3.96909e+006, 1142, 1645, 1228, 1531
158, 15710, 2.07321e+006, 1.86353e+006, 3.93674e+006, 1132, 1646.23, 1227, 1530
159, 15810, 2.04816e+006, 1.86049e+006, 3.90865e+006, 1128, 1649.37, 1228, 1531
160, 15910, 2.06993e+006, 1.8827e+006, 3.95263e+006, 1140, 1651.49, 1228, 1531
161, 16010, 2.04958e+006, 1.85568e+006, 3.90526e+006, 1126, 1648.03, 1227, 1531
162, 16110, 2.00432e+006, 1.84097e+006, 3.84528e+006, 1112, 1655.54, 1228, 1531
163, 16210, 2.03882e+006, 1.84585e+006, 3.88467e+006, 1120, 1648.08, 1228, 1532
164, 16310, 1.97862e+006, 1.80444e+006, 3.78306e+006, 1098, 1643.39, 1228, 1531
165, 16410, 2.02135e+006, 1.86792e+006, 3.88927e+006, 1126, 1658.9, 1227, 1531
166, 16510, 2.01399e+006, 1.85943e+006, 3.87343e+006, 1119, 1661.69, 1228, 1532
167, 16610, 2.05017e+006, 1.84993e+006, 3.9001e+006, 1123, 1647.31, 1227, 1531
168, 16710, 2.03349e+006, 1.89663e+006, 3.93012e+006, 1144, 1657.89, 1228, 1531
169, 16810, 1.92692e+006, 1.78548e+006, 3.7124e+006, 1081, 1651.69, 1228, 1531
170, 16910, 1.9904e+006, 1.82781e+006, 3.8182e+006, 1109, 1648.16, 1228, 1531
171, 17010, 1.96906e+006, 1.79882e+006, 3.76788e+006, 1093, 1645.76, 1228, 1531
172, 17110, 1.99852e+006, 1.7846e+006, 3.78313e+006, 1088, 1640.26, 1228, 1531
173, 17210, 2.01499e+006, 1.81195e+006, 3.82694e+006, 1106, 1638.29, 1228, 1531
174, 17310, 2.01025e+006, 1.8339e+006, 3.84415e+006, 1114, 1646.23, 1228, 1531
175, 17410, 1.97628e+006, 1.7837e+006, 3.75999e+006, 1088, 1639.43, 1228, 1531
176, 17510, 1.96039e+006, 1.75141e+006, 3.7118e+006, 1070, 1636.83, 1228, 1531
177, 17610, 1.92343e+006, 1.75422e+006, 3.67765e+006, 1064, 1648.7, 1228, 1530
178, 17710, 1.96183e+006, 1.73986e+006, 3.70168e+006, 1067, 1630.61, 1228, 1531
179, 17810, 1.93255e+006, 1.72482e+006, 3.65737e+006, 1055, 1634.9, 1228, 1531
180, 17910, 1.93975e+006, 1.7653e+006, 3.70505e+006, 1077, 1639.09, 1228, 1531
181, 18010, 1.91395e+006, 1.7622e+006, 3.67615e+006, 1074, 1640.78, 1228, 1531
182, 18110, 1.921e+006, 1.75448e+006, 3.67549e+006, 1069, 1641.24, 1228, 1532
183, 18210, 1.92502e+006, 1.75707e+006, 3.68209e+006, 1074, 1636.01, 1228, 1531
184, 18310, 1.95873e+006, 1.76859e+006, 3.72732e+006, 1078, 1640.62, 1227, 1531
185, 18410, 1.97033e+006, 1.78193e+006, 3.75227e+006, 1090, 1634.8, 1228, 1531
186, 18510, 1.97639e+006, 1.80328e+006, 3.77967e+006, 1100, 1639.35, 1228, 1531
187, 18610, 1.96894e+006, 1.79189e+006, 3.76083e+006, 1093, 1639.42, 1228, 1531
188, 18710, 1.89567e+006, 1.7498e+006, 3.64548e+006, 1058, 1653.88, 1228, 1531
189, 18810, 1.93343e+006, 1.7583e+006, 3.69173e+006, 1070, 1643.27, 1228, 1531
190, 18910, 1.95448e+006, 1.79433e+006, 3.7488e+006, 1093, 1641.65, 1228, 1531
191, 19010, 1.89139e+006, 1.7381e+006, 3.62949e+006, 1054, 1649.05, 1228, 1531
192, 19110, 1.89948e+006, 1.71513e+006, 3.6146e+006, 1051, 1631.9, 1228, 1532
193, 19210, 1.84515e+006, 1.68965e+006, 3.5348e+006, 1031, 1638.84, 1228, 1532
194, 19310, 1.83302e+006, 1.68877e+006, 3.52179e+006, 1026, 1645.98, 1228, 1531
195, 19410, 1.84969e+006, 1.67898e+006, 3.52868e+006, 1029, 1631.67, 1228, 1532
196, 19510, 1.85463e+006, 1.69155e+006, 3.54618e+006, 1035, 1634.35, 1228, 1531
197, 19610, 1.85064e+006, 1.68717e+006, 3.53781e+006, 1033, 1633.27, 1228, 1532
198, 19710, 1.84239e+006, 1.66924e+006, 3.51163e+006, 1017, 1641.33, 1229, 1532
199, 19810, 1.82222e+006, 1.65479e+006, 3.47701e+006, 1010, 1638.4, 1229, 1533
200, 19910, 1.81904e+006, 1.66798e+006, 3.48702e+006, 1021, 1633.67, 1229, 1531
201, 20010, 1.85125e+006, 1.69464e+006, 3.54589e+006, 1036, 1635.75, 1229, 1532
202, 20110, 1.78155e+006, 1.66534e+006, 3.44689e+006, 1014, 1642.35, 1228, 1532
203, 20210, 1.77397e+006, 1.63974e+006, 3.41371e+006, 999, 1641.38, 1229, 1532
204, 20310, 1.82345e+006, 1.65899e+006, 3.48244e+006, 1012, 1639.32, 1229, 1531
205, 20410, 1.8165e+006, 1.66327e+006, 3.47977e+006, 1015, 1638.69, 1229, 1532
206, 20510, 1.78507e+006, 1.63792e+006, 3.42299e+006, 1002, 1634.65, 1229, 1532
207, 20610, 1.84117e+006, 1.6806e+006, 3.52177e+006, 1028, 1634.83, 1229, 1532
208, 20710, 1.87462e+006, 1.69327e+006, 3.56789e+006, 1040, 1628.14, 1229, 1531
209, 20810, 1.88692e+006, 1.7119e+006, 3.59882e+006, 1047, 1635.05, 1229, 1531
210, 20910, 1.86635e+006, 1.69125e+006, 3.55761e+006, 1031, 1640.4, 1229, 1531
211, 21010, 1.82797e+006, 1.6849e+006, 3.51287e+006, 1027, 1640.6, 1228, 1531
212, 21110, 1.86239e+006, 1.68007e+006, 3.54246e+006, 1031, 1629.55, 1229, 1531
213, 21210, 1.83749e+006, 1.68587e+006, 3.52336e+006, 1026, 1643.15, 1228, 1531
214, 21310, 1.77854e+006, 1.65682e+006, 3.43537e+006, 1008, 1643.67, 1229, 1531
215, 21410, 1.74259e+006, 1.62711e+006, 3.36969e+006, 991, 1641.88, 1229, 1531
216, 21510, 1.77709e+006, 1.60971e+006, 3.3868e+006, 992, 1622.69, 1229, 1531
217, 21610, 1.78104e+006, 1.6446e+006, 3.42563e+006, 1005, 1636.42, 1229, 1531
218, 21710, 1.8401e+006, 1.66338e+006, 3.50348e+006, 1022, 1627.58, 1228, 1532
219, 21810, 1.87385e+006, 1.68218e+006, 3.55603e+006, 1035, 1625.29, 1229, 1532
220, 21910, 1.79641e+006, 1.63263e+006, 3.42903e+006, 999, 1634.26, 1228, 1531
221, 22010, 1.77981e+006, 1.62722e+006, 3.40704e+006, 993, 1638.7, 1229, 1532
222, 22110, 1.77646e+006, 1.61548e+006, 3.39195e+006, 989, 1633.45, 1228, 1530
223, 22210, 1.74221e+006, 1.61427e+006, 3.35648e+006, 984, 1640.52, 1229, 1533
224, 22310, 1.74995e+006, 1.63286e+006, 3.38281e+006, 995, 1641.07, 1228, 1530
225, 22410, 1.73256e+006, 1.56901e+006, 3.30157e+006, 966, 1624.24, 1229, 1533
226, 22510, 1.71961e+006, 1.57329e+006, 3.29289e+006, 964, 1632.04, 1229, 1533
227, 22610, 1.78484e+006, 1.63358e+006, 3.41843e+006, 1005, 1625.46, 1229, 1532
228, 22710, 1.70542e+006, 1.60298e+006, 3.3084e+006, 977, 1640.71, 1230, 1532
229, 22810, 1.69041e+006, 1.54464e+006, 3.23505e+006, 941, 1641.49, 1230, 1532
230, 22910, 1.67107e+006, 1.55217e+006, 3.22324e+006, 945, 1642.51, 1229, 1532
231, 23010, 1.66044e+006, 1.53992e+006, 3.20036e+006, 944, 1631.27, 1229, 1533
232, 23110, 1.6077e+006, 1.47384e+006, 3.08154e+006, 905, 1628.55, 1230, 1533
233, 23210, 1.64324e+006, 1.49334e+006, 3.13657e+006, 918, 1626.73, 1229, 1532
234, 23310, 1.61034e+006, 1.4951e+006, 3.10544e+006, 912, 1639.37, 1229, 1532
235, 23410, 1.66898e+006, 1.56213e+006, 3.23111e+006, 958, 1630.62, 1229, 1533
236, 23510, 1.63244e+006, 1.53141e+006, 3.16385e+006, 938, 1632.64, 1229, 1532
237, 23610, 1.6163e+006, 1.49806e+006, 3.11436e+006, 918, 1631.87, 1228, 1532
238, 23710, 1.67496e+006, 1.52373e+006, 3.1987e+006, 939, 1622.72, 1228, 1532
239, 23810, 1.67869e+006, 1.53356e+006, 3.21225e+006, 944, 1624.53, 1228, 1532
240, 23910, 1.70407e+006, 1.56305e+006, 3.26712e+006, 961, 1626.48, 1228, 1533
241, 24010, 1.7047e+006, 1.54618e+006, 3.25088e+006, 951, 1625.84, 1228, 1532
242, 24110, 1.6484e+006, 1.49483e+006, 3.14323e+006, 919, 1626.59, 1228, 1533
243, 24210, 1.61957e+006, 1.48833e+006, 3.1079e+006, 915, 1626.59, 1228, 1532
244, 24310, 1.53188e+006, 1.40231e+006, 2.93419e+006, 862, 1626.81, 1229, 1533
245, 24410, 1.5886e+006, 1.45714e+006, 3.04575e+006, 896, 1626.28, 1228, 1532
246, 24510, 1.56523e+006, 1.46547e+006, 3.0307e+006, 899, 1630.11, 1228, 1532
247, 24610, 1.53541e+006, 1.45283e+006, 2.98824e+006, 888, 1636.07, 1229, 1533
248, 24710, 1.59652e+006, 1.48768e+006, 3.0842e+006, 912, 1631.23, 1228, 1533
249, 24810, 1.53863e+006, 1.46113e+006, 2.99975e+006, 894, 1634.37, 1228, 1532
250, 24910, 1.56979e+006, 1.47071e+006, 3.0405e+006, 904, 1626.89, 1229, 1533
251, 25010, 1.59053e+006, 1.43624e+006, 3.02676e+006, 888, 1617.38, 1230, 1533
252, 25110, 1.5517e+006, 1.43075e+006, 2.98245e+006, 878, 1629.56, 1230, 1533
253, 25210, 1.5694e+006, 1.44539e+006, 3.01479e+006, 888, 1627.69, 1229, 1533
254, 25310, 1.6282e+006, 1.50869e+006, 3.13689e+006, 927, 1627.49, 1229, 1533
255, 25410, 1.61414e+006, 1.47878e+006, 3.09292e+006, 910, 1625.03, 1230, 1532
256, 25510, 1.63252e+006, 1.49837e+006, 3.13088e+006, 919, 1630.43, 1229, 1533
257, 25610, 1.58656e+006, 1.47787e+006, 3.06443e+006, 905, 1633.01, 1230, 1533
258, 25710, 1.61338e+006, 1.48208e+006, 3.09546e+006, 915, 1619.76, 1230, 1533
259, 25810, 1.61437e+006, 1.48837e+006, 3.10274e+006, 914, 1628.41, 1229, 1533
260, 25910, 1.53882e+006, 1.41209e+006, 2.95091e+006, 869, 1624.96, 1230, 1533
261, 26010, 1.58168e+006, 1.44844e+006, 3.03012e+006, 891, 1625.64, 1229, 1533
262, 26110, 1.60073e+006, 1.45599e+006, 3.05671e+006, 897, 1623.17, 1230, 1533
263, 26210, 1.56377e+006, 1.44329e+006, 3.00706e+006, 887, 1627.16, 1229, 1533
264, 26310, 1.53111e+006, 1.40558e+006, 2.93669e+006, 863, 1628.72, 1228, 1533
265, 26410, 1.55045e+006, 1.42658e+006, 2.97703e+006, 879, 1622.96, 1229, 1532
266, 26510, 1.53019e+006, 1.43478e+006, 2.96497e+006, 879, 1632.29, 1229, 1532
267, 26610, 1.56869e+006, 1.46083e+006, 3.02952e+006, 900, 1623.15, 1229, 1533
268, 26710, 1.43741e+006, 1.32193e+006, 2.75933e+006, 818, 1616.05, 1229, 1532
269, 26810, 1.51345e+006, 1.41088e+006, 2.92433e+006, 869, 1623.57, 1229, 1532
270, 26910, 1.55016e+006, 1.44205e+006, 2.99221e+006, 883, 1633.13, 1229, 1533
271, 27010, 1.5155e+006, 1.40331e+006, 2.91881e+006, 865, 1622.33, 1229, 1533
272, 27110, 1.49434e+006, 1.39724e+006, 2.89158e+006, 858, 1628.48, 1229, 1533
273, 27210, 1.51525e+006, 1.41899e+006, 2.93424e+006, 871, 1629.15, 1229, 1534
274, 27310, 1.55353e+006, 1.44739e+006, 3.00093e+006, 887, 1631.78, 1229, 1533
275, 27410, 1.57625e+006, 1.47061e+006, 3.04686e+006, 901, 1632.2, 1230, 1532
276, 27510, 1.5422e+006, 1.44583e+006, 2.98803e+006, 889, 1626.36, 1229, 1533
277, 27610, 1.55529e+006, 1.44692e+006, 3.00222e+006, 888, 1629.42, 1229, 1532
278, 27710, 1.49727e+006, 1.36751e+006, 2.86478e+006, 845, 1618.35, 1229, 1533
279, 27810, 1.51215e+006, 1.39817e+006, 2.91032e+006, 863, 1620.12, 1228, 1532
280, 27910, 1.53335e+006, 1.42378e+006, 2.95713e+006, 882, 1614.26, 1229, 1533
281, 28010, 1.54601e+006, 1.40113e+006, 2.94714e+006, 868, 1614.2, 1229, 1532
282, 28110, 1.48366e+006, 1.36021e+006, 2.84387e+006, 842, 1615.46, 1229, 1534
283, 28210, 1.50261e+006, 1.40347e+006, 2.90608e+006, 863, 1626.27, 1228, 1533
284, 28310, 1.4523e+006, 1.34375e+006, 2.79605e+006, 829, 1620.93, 1229, 1533
285, 28410, 1.50495e+006, 1.38236e+006, 2.88731e+006, 856, 1614.91, 1229, 1533
286, 28510, 1.44979e+006, 1.31661e+006, 2.76641e+006, 820, 1605.63, 1230, 1533
287, 28610, 1.46029e+006, 1.34715e+006, 2.80744e+006, 833, 1617.23, 1230, 1533
288, 28710, 1.45443e+006, 1.32935e+006, 2.78378e+006, 823, 1615.25, 1229, 1533
289, 28810, 1.43528e+006, 1.32042e+006, 2.75571e+006, 815, 1620.15, 1229, 1533
290, 28910, 1.51865e+006, 1.39141e+006, 2.91006e+006, 863, 1612.3, 1229, 1532
291, 29010, 1.45228e+006, 1.31887e+006, 2.77115e+006, 817, 1614.28, 1230, 1533
292, 29110, 1.44854e+006, 1.36791e+006, 2.81645e+006, 839, 1630.41, 1229, 1533
293, 29210, 1.46803e+006, 1.35986e+006, 2.82789e+006, 841, 1616.96, 1229, 1533
294, 29310, 1.48026e+006, 1.36812e+006, 2.84837e+006, 843, 1622.91, 1229, 1532
295, 29410, 1.4303e+006, 1.32328e+006, 2.75358e+006, 819, 1615.73, 1229, 1533
296, 29510, 1.39793e+006, 1.28288e+006, 2.68081e+006, 799, 1605.6, 1230, 1533
297, 29610, 1.37395e+006, 1.27958e+006, 2.65353e+006, 793, 1613.59, 1229, 1532
298, 29710, 1.39977e+006, 1.30783e+006, 2.7076e+006, 809, 1616.6, 1229, 1533
299, 29810, 1.34539e+006, 1.23641e+006, 2.58181e+006, 773, 1599.5, 1228, 1533
300, 29910, 1.38794e+006, 1.29252e+006, 2.68047e+006, 799, 1617.68, 1228, 1531
301, 30010, 1.38555e+006, 1.29549e+006, 2.68104e+006, 805, 1609.31, 1228, 1533
302, 30110, 1.34686e+006, 1.24123e+006, 2.58809e+006, 774, 1603.66, 1228, 1533
303, 30210, 1.34586e+006, 1.25065e+006, 2.59651e+006, 775, 1613.74, 1229, 1533
304, 30310, 1.33771e+006, 1.23694e+006, 2.57465e+006, 769, 1608.5, 1230, 1533
305, 30410, 1.32227e+006, 1.21548e+006, 2.53775e+006, 756, 1607.78, 1230, 1534
306, 30510, 1.31375e+006, 1.21077e+006, 2.52452e+006, 755, 1603.67, 1230, 1533
307, 30610, 1.29757e+006, 1.19439e+006, 2.49196e+006, 744, 1605.36, 1230, 1533
308, 30710, 1.28115e+006, 1.18906e+006, 2.47021e+006, 736, 1615.57, 1230, 1533
309, 30810, 1.34091e+006, 1.23872e+006, 2.57963e+006, 768, 1612.92, 1231, 1533
310, 30910, 1.30931e+006, 1.20979e+006, 2.51911e+006, 753, 1606.63, 1229, 1533
311, 31010, 1.25e+006, 1.1699e+006, 2.4199e+006, 722, 1620.36, 1229, 1533
312, 31110, 1.34152e+006, 1.26286e+006, 2.60437e+006, 778, 1623.21, 1230, 1533
313, 31210, 1.38647e+006, 1.28153e+006, 2.668e+006, 798, 1605.93, 1229, 1533
314, 31310, 1.35742e+006, 1.2672e+006, 2.62461e+006, 784, 1616.32, 1230, 1532
315, 31410, 1.38246e+006, 1.27013e+006, 2.65259e+006, 789, 1609.8, 1228, 1532
316, 31510, 1.40074e+006, 1.30441e+006, 2.70516e+006, 804, 1622.4, 1229, 1532
317, 31610, 1.35167e+006, 1.26853e+006, 2.6202e+006, 785, 1615.96, 1230, 1533
318, 31710, 1.38501e+006, 1.26545e+006, 2.65047e+006, 790, 1601.84, 1230, 1533
319, 31810, 1.29618e+006, 1.20253e+006, 2.49871e+006, 748, 1607.65, 1230, 1533
320, 31910, 1.2861e+006, 1.20601e+006, 2.49211e+006, 750, 1608.02, 1231, 1533
321, 32010, 1.28088e+006, 1.18723e+006, 2.46811e+006, 740, 1604.36, 1230, 1533
322, 32110, 1.28999e+006, 1.21857e+006, 2.50856e+006, 756, 1611.87, 1230, 1533
323, 32210, 1.23697e+006, 1.1616e+006, 2.39857e+006, 718, 1617.82, 1229, 1533
324, 32310, 1.31663e+006, 1.23902e+006, 2.55565e+006, 767, 1615.41, 1229, 1533
325, 32410, 1.34372e+006, 1.25847e+006, 2.60219e+006, 781, 1611.35, 1230, 1533
326, 32510, 1.2221e+006, 1.14383e+006, 2.36593e+006, 710, 1611.03, 1229, 1533
327, 32610, 1.28478e+006, 1.20046e+006, 2.48524e+006, 744, 1613.52, 1230, 1533
328, 32710, 1.30018e+006, 1.22375e+006, 2.52393e+006, 758, 1614.44, 1228, 1532
329, 32810, 1.28206e+006, 1.19398e+006, 2.47604e+006, 741, 1611.31, 1229, 1533
330, 32910, 1.29647e+006, 1.2121e+006, 2.50856e+006, 752, 1611.83, 1230, 1533
331, 33010, 1.29e+006, 1.21926e+006, 2.50925e+006, 754, 1617.05, 1229, 1533
332, 33110, 1.29101e+006, 1.20271e+006, 2.49372e+006, 748, 1607.9, 1229, 1533
333, 33210, 1.26515e+006, 1.17111e+006, 2.43626e+006, 731, 1602.07, 1230, 1533
334, 33310, 1.14455e+006, 1.08294e+006, 2.2275e+006, 671, 1613.92, 1228, 1533
335, 33410, 1.25271e+006, 1.19638e+006, 2.44909e+006, 742, 1612.37, 1230, 1533
336, 33510, 1.22357e+006, 1.15643e+006, 2.38e+006, 715, 1617.38, 1229, 1532
337, 33610, 1.28173e+006, 1.20987e+006, 2.4916e+006, 748, 1617.48, 1230, 1533
338, 33710, 1.24166e+006, 1.169e+006, 2.41066e+006, 728, 1605.77, 1229, 1534
339, 33810, 1.23948e+006, 1.18376e+006, 2.42324e+006, 733, 1614.95, 1230, 1533
340, 33910, 1.2078e+006, 1.16006e+006, 2.36786e+006, 719, 1613.44, 1230, 1533
341, 34010, 1.20968e+006, 1.12568e+006, 2.33536e+006, 702, 1603.54, 1230, 1534
342, 34110, 1.19097e+006, 1.12341e+006, 2.31438e+006, 696, 1614.1, 1231, 1533
343, 34210, 1.21594e+006, 1.13768e+006, 2.35362e+006, 708, 1606.89, 1230, 1534
344, 34310, 1.21801e+006, 1.14092e+006, 2.35893e+006, 710, 1606.93, 1230, 1534
345, 34410, 1.17738e+006, 1.10318e+006, 2.28056e+006, 687, 1605.79, 1230, 1535
346, 34510, 1.24155e+006, 1.18675e+006, 2.4283e+006, 735, 1614.63, 1230, 1535
347, 34610, 1.15473e+006, 1.08361e+006, 2.23834e+006, 675, 1605.35, 1229, 1534
348, 34710, 1.15466e+006, 1.09512e+006, 2.24978e+006, 680, 1610.47, 1229, 1533
349, 34810, 1.15815e+006, 1.08416e+006, 2.24231e+006, 674, 1608.54, 1229, 1534
350, 34910, 1.20757e+006, 1.12031e+006, 2.32788e+006, 702, 1595.88, 1229, 1534
351, 35010, 1.16725e+006, 1.08342e+006, 2.25067e+006, 679, 1595.61, 1229, 1534
352, 35110, 1.19342e+006, 1.11574e+006, 2.30916e+006, 693, 1610.01, 1229, 1534
353, 35210, 1.19921e+006, 1.13434e+006, 2.33355e+006, 703, 1613.57, 1230, 1534
354, 35310, 1.21673e+006, 1.16113e+006, 2.37786e+006, 719, 1614.93, 1230, 1534
355, 35410, 1.17301e+006, 1.09174e+006, 2.26475e+006, 680, 1605.5, 1229, 1534
356, 35510, 1.21586e+006, 1.1556e+006, 2.37146e+006, 716, 1613.97, 1228, 1534
357, 35610, 1.15696e+006, 1.10097e+006, 2.25793e+006, 681, 1616.69, 1229, 1533
358, 35710, 1.1123e+006, 1.08394e+006, 2.19624e+006, 666, 1627.54, 1229, 1533
359, 35810, 1.05551e+006, 1.01912e+006, 2.07464e+006, 631, 1615.09, 1229, 1533
360, 35910, 1.04892e+006, 1.00848e+006, 2.0574e+006, 624, 1616.16, 1229, 1533
361, 36010, 1.09222e+006, 1.04588e+006, 2.1381e+006, 652, 1604.11, 1231, 1533
362, 36110, 1.07475e+006, 1.02733e+006, 2.10208e+006, 638, 1610.24, 1230, 1534
363, 36210, 1.07904e+006, 1.03119e+006, 2.11024e+006, 640, 1611.24, 1229, 1534
364, 36310, 1.04003e+006, 997039, 2.03707e+006, 621, 1605.54, 1229, 1534
365, 36410, 1.05131e+006, 1.02973e+006, 2.08104e+006, 635, 1621.63, 1229, 1533
366, 36510, 1.05444e+006, 1.00929e+006, 2.06372e+006, 628, 1607.14, 1229, 1534
367, 36610, 1.07307e+006, 1.03135e+006, 2.10443e+006, 636, 1621.63, 1228, 1534
368, 36710, 1.06444e+006, 1.01767e+006, 2.0821e+006, 631, 1612.78, 1229, 1534
369, 36810, 1.11288e+006, 1.04868e+006, 2.16157e+006, 655, 1601.04, 1229, 1534
370, 36910, 1.03307e+006, 981690, 2.01476e+006, 613, 1601.45, 1228, 1534
371, 37010, 1.10033e+006, 1.0376e+006, 2.13792e+006, 647, 1603.71, 1230, 1535
372, 37110, 1.0618e+006, 1.01251e+006, 2.0743e+006, 629, 1609.71, 1231, 1535
373, 37210, 1.01026e+006, 974706, 1.98497e+006, 607, 1605.78, 1230, 1535
374, 37310, 1.04631e+006, 992729, 2.03904e+006, 616, 1611.57, 1230, 1535
375, 37410, 1.03172e+006, 991645, 2.02337e+006, 617, 1607.2, 1230, 1535
376, 37510, 1.05978e+006, 1.00744e+006, 2.06722e+006, 626, 1609.33, 1229, 1534
377, 37610, 1.09689e+006, 1.04706e+006, 2.14396e+006, 653, 1603.46, 1230, 1533
378, 37710, 1.05027e+006, 986790, 2.03706e+006, 617, 1599.34, 1229, 1535
379, 37810, 1.03741e+006, 978990, 2.0164e+006, 611, 1602.27, 1230, 1535
380, 37910, 1.02502e+006, 978098, 2.00312e+006, 607, 1611.36, 1230, 1535
381, 38010, 1.04787e+006, 986893, 2.03476e+006, 621, 1589.2, 1229, 1535
382, 38110, 984818, 936659, 1.92148e+006, 587, 1595.67, 1229, 1535
383, 38210, 1.0075e+006, 951637, 1.95914e+006, 594, 1602.08, 1229, 1535
384, 38310, 1.03548e+006, 988352, 2.02384e+006, 616, 1604.47, 1230, 1536
385, 38410, 1.00791e+006, 957809, 1.96572e+006, 596, 1607.06, 1229, 1535
386, 38510, 984950, 940422, 1.92537e+006, 585, 1607.56, 1230, 1535
387, 38610, 984367, 928796, 1.91316e+006, 581, 1598.62, 1230, 1535
388, 38710, 990124, 939418, 1.92954e+006, 586, 1603.1, 1229, 1535
389, 38810, 1.03454e+006, 992037, 2.02658e+006, 617, 1607.84, 1230, 1535
390, 38910, 1.00264e+006, 955076, 1.95772e+006, 593, 1610.58, 1231, 1535
391, 39010, 989941, 936556, 1.9265e+006, 588, 1592.78, 1232, 1536
392, 39110, 1.02481e+006, 976539, 2.00135e+006, 611, 1598.26, 1229, 1535
393, 39210, 969194, 933697, 1.90289e+006, 582, 1604.29, 1230, 1535
394, 39310, 931147, 890998, 1.82215e+006, 555, 1605.4, 1230, 1535
395, 39410, 951912, 917716, 1.86963e+006, 572, 1604.4, 1229, 1535
396, 39510, 950289, 912266, 1.86256e+006, 568, 1606.1, 1230, 1535
397, 39610, 890999, 853903, 1.7449e+006, 533, 1602.07, 1230, 1534
398, 39710, 980851, 938637, 1.91949e+006, 586, 1601.77, 1230, 1534
399, 39810, 929455, 899973, 1.82943e+006, 559, 1609.97, 1230, 1534
400, 39910, 948720, 925830, 1.87455e+006, 575, 1610.14, 1231, 1535
401, 40010, 972657, 915953, 1.88861e+006, 575, 1592.96, 1230, 1535
402, 40110, 927215, 900568, 1.82778e+006, 560, 1608.16, 1230, 1535
403, 40210, 962901, 933932, 1.89683e+006, 584, 1599.2, 1230, 1534
404, 40310, 956003, 925921, 1.88192e+006, 579, 1599.17, 1229, 1534
405, 40410, 953776, 903471, 1.85725e+006, 564, 1601.9, 1230, 1535
406, 40510, 969360, 926194, 1.89555e+006, 579, 1599.64, 1229, 1535
407, 40610, 949164, 908258, 1.85742e+006, 570, 1593.43, 1230, 1536
408, 40710, 898775, 845732, 1.74451e+006, 532, 1589.72, 1228, 1535
409, 40810, 935514, 892327, 1.82784e+006, 557, 1602.02, 1229, 1535
410, 40910, 1.02294e+006, 991462, 2.01441e+006, 612, 1620.04, 1230, 1535
411, 41010, 1.04784e+006, 998395, 2.04624e+006, 617, 1618.14, 1230, 1535
412, 41111, 970228, 935844, 1.90607e+006, 582, 1607.98, 1230, 1535
413, 41211, 1.06046e+006, 1.00728e+006, 2.06774e+006, 626, 1609.07, 1230, 1535
414, 41311, 1.05663e+006, 1.01208e+006, 2.06872e+006, 626, 1616.75, 1230, 1534
415, 41411, 1.0831e+006, 1.02397e+006, 2.10707e+006, 634, 1615.1, 1230, 1534
416, 41511, 1.09701e+006, 1.05004e+006, 2.14705e+006, 649, 1617.93, 1230, 1534
417, 41611, 1.07939e+006, 1.02333e+006, 2.10272e+006, 638, 1603.96, 1230, 1535
418, 41711, 1.06161e+006, 1.00551e+006, 2.06712e+006, 624, 1611.4, 1230, 1535
419, 41811, 1.04425e+006, 1.01258e+006, 2.05683e+006, 627, 1614.96, 1230, 1535
420, 41911, 1.04487e+006, 1.0122e+006, 2.05707e+006, 625, 1619.52, 1229, 1533
421, 42011, 1.02813e+006, 990419, 2.01854e+006, 612, 1618.33, 1230, 1534
422, 42111, 1.04993e+006, 993618, 2.04354e+006, 619, 1605.2, 1232, 1535
423, 42215, 1.0934e+006, 1.03991e+006, 2.13331e+006, 648, 1604.8, 1231, 1535
424, 42317, 1.01232e+006, 971059, 1.98338e+006, 604, 1607.71, 1230, 1534
425, 42412, 1.04932e+006, 1.00861e+006, 2.05793e+006, 628, 1606.07, 1231, 1534
426, 42512, 1.04235e+006, 1.02423e+006, 2.06658e+006, 632, 1620.62, 1231, 1534
427, 42612, 1.02994e+006, 983486, 2.01343e+006, 614, 1601.77, 1230, 1534
428, 42712, 984037, 944886, 1.92892e+006, 587, 1609.69, 1231, 1535
429, 42812, 984686, 937843, 1.92253e+006, 582, 1611.41, 1230, 1535
430, 42912, 1.05933e+006, 1.00352e+006, 2.06286e+006, 626, 1603.07, 1230, 1535
431, 43012, 1.03576e+006, 1.00362e+006, 2.03937e+006, 620, 1618.73, 1230, 1534
432, 43112, 935572, 890568, 1.82614e+006, 556, 1601.74, 1230, 1535
433, 43212, 949533, 916846, 1.86638e+006, 571, 1605.69, 1230, 1535
434, 43312, 969484, 921572, 1.89106e+006, 575, 1602.73, 1230, 1534
435, 43412, 937884, 895773, 1.83366e+006, 556, 1611.1, 1230, 1535
436, 43512, 951266, 906626, 1.85789e+006, 563, 1610.35, 1230, 1535
437, 43612, 991488, 942031, 1.93352e+006, 587, 1604.82, 1230, 1535
438, 43712, 968544, 945977, 1.91452e+006, 587, 1611.55, 1229, 1534
439, 43812, 943137, 897264, 1.8404e+006, 561, 1599.4, 1230, 1534
440, 43912, 964758, 928184, 1.89294e+006, 578, 1605.86, 1230, 1535
441, 44012, 997075, 966392, 1.96347e+006, 600, 1610.65, 1230, 1534
442, 44112, 941035, 915497, 1.85653e+006, 568, 1611.79, 1230, 1535
443, 44212, 970512, 933892, 1.9044e+006, 582, 1604.63, 1229, 1534
444, 44312, 951945, 907071, 1.85902e+006, 564, 1608.28, 1229, 1535
445, 44412, 919942, 890260, 1.8102e+006, 553, 1609.87, 1230, 1535
446, 44512, 925380, 921721, 1.8471e+006, 569, 1619.9, 1230, 1535
447, 44612, 947043, 918543, 1.86559e+006, 572, 1605.84, 1230, 1534
448, 44712, 870255, 843815, 1.71407e+006, 523, 1613.41, 1229, 1535
449, 44812, 956782, 910764, 1.86755e+006, 569, 1600.64, 1229, 1534
450, 44912, 892194, 855433, 1.74763e+006, 536, 1595.96, 1229, 1534
451, 45012, 875331, 855939, 1.73127e+006, 530, 1614.98, 1230, 1535
452, 45112, 902007, 878829, 1.78084e+006, 543, 1618.47, 1229, 1535
453, 45212, 907159, 871595, 1.77875e+006, 542, 1608.11, 1230, 1535
454, 45312, 895268, 860522, 1.75579e+006, 537, 1602.46, 1230, 1535
455, 45412, 889396, 864103, 1.7535e+006, 536, 1612.13, 1229, 1534
456, 45512, 849325, 811359, 1.66068e+006, 506, 1603.48, 1230, 1535
457, 45612, 897677, 876484, 1.77416e+006, 547, 1602.35, 1228, 1535
458, 45712, 874470, 849079, 1.72355e+006, 528, 1608.1, 1229, 1535
459, 45812, 797369, 782797, 1.58017e+006, 486, 1610.69, 1228, 1534
460, 45912, 900391, 876049, 1.77644e+006, 547, 1601.55, 1231, 1534
461, 46012, 895671, 863989, 1.75966e+006, 539, 1602.95, 1230, 1534
462, 46112, 908284, 881536, 1.78982e+006, 549, 1605.71, 1231, 1534
463, 46212, 961560, 910695, 1.87226e+006, 571, 1594.91, 1229, 1534
464, 46312, 884841, 854932, 1.73977e+006, 532, 1607.02, 1229, 1533
465, 46412, 866264, 832256, 1.69852e+006, 520, 1600.49, 1228, 1534
466, 46512, 839538, 801218, 1.64076e+006, 501, 1599.24, 1229, 1536
467, 46612, 822044, 806083, 1.62813e+006, 502, 1605.74, 1230, 1535
468, 46712, 879319, 855025, 1.73434e+006, 532, 1607.19, 1229, 1535
469, 46812, 828190, 785683, 1.61387e+006, 494, 1590.45, 1231, 1535
470, 46912, 836881, 792649, 1.62953e+006, 498, 1591.67, 1230, 1534
471, 47012, 856785, 826766, 1.68355e+006, 517, 1599.16, 1230, 1534
472, 47112, 795870, 757617, 1.55349e+006, 474, 1598.35, 1231, 1535
473, 47212, 821435, 795126, 1.61656e+006, 496, 1603.08, 1229, 1534
474, 47312, 808896, 770891, 1.57979e+006, 483, 1596.05, 1231, 1535
475, 47412, 761304, 743595, 1.5049e+006, 464, 1602.57, 1228, 1535
476, 47512, 744185, 727647, 1.47183e+006, 453, 1606.28, 1229, 1535
477, 47612, 793577, 759335, 1.55291e+006, 473, 1605.36, 1231, 1535
478, 47712, 824898, 796740, 1.62164e+006, 497, 1603.1, 1231, 1536
479, 47812, 761538, 733786, 1.49532e+006, 460, 1595.19, 1230, 1535
480, 47912, 786772, 769682, 1.55645e+006, 479, 1606.85, 1230, 1536
481, 48012, 779991, 764441, 1.54443e+006, 477, 1602.6, 1230, 1535
482, 48112, 754995, 727941, 1.48294e+006, 458, 1589.39, 1228, 1536
483, 48212, 706554, 697346, 1.4039e+006, 434, 1606.79, 1230, 1536
484, 48312, 759370, 753056, 1.51243e+006, 468, 1609.09, 1231, 1536
485, 48412, 832820, 807841, 1.64066e+006, 505, 1599.69, 1229, 1534
486, 48512, 754479, 730246, 1.48473e+006, 457, 1597.91, 1231, 1535
487, 48612, 768019, 733108, 1.50113e+006, 461, 1590.26, 1230, 1536
488, 48712, 731437, 710803, 1.44224e+006, 443, 1604.52, 1231, 1536
489, 48812, 775697, 738420, 1.51412e+006, 466, 1584.59, 1233, 1536
490, 48912, 718827, 695915, 1.41474e+006, 436, 1596.14, 1230, 1534
491, 49012, 671115, 662786, 1.3339e+006, 413, 1604.81, 1231, 1535
492, 49112, 772824, 752889, 1.52571e+006, 470, 1601.89, 1231, 1533
493, 49212, 667780, 651968, 1.31975e+006, 409, 1594.05, 1230, 1536
494, 49312, 669161, 647026, 1.31619e+006, 406, 1593.66, 1230, 1535
495, 49412, 728852, 698537, 1.42739e+006, 439, 1591.2, 1228, 1535
496, 49512, 730833, 712531, 1.44336e+006, 446, 1597.6, 1230, 1536
497, 49612, 767963, 742873, 1.51084e+006, 464, 1601.02, 1229, 1534
498, 49712, 727634, 697393, 1.42503e+006, 442, 1577.81, 1230, 1536
499, 49812, 713661, 694057, 1.40772e+006, 434, 1599.21, 1231, 1536
500, 49912, 749916, 719336, 1.46925e+006, 452, 1591.45, 1232, 1535
501, 50012, 770695, 747939, 1.51863e+006, 469, 1594.75, 1228, 1535
502, 50112, 703324, 677268, 1.38059e+006, 425, 1593.57, 1231, 1536
503, 50212, 710409, 682655, 1.39306e+006, 429, 1591.27, 1229, 1536
504, 50312, 698480, 660693, 1.35917e+006, 417, 1584.4, 1230, 1535
505, 50412, 666696, 646900, 1.3136e+006, 404, 1601.24, 1230, 1535
506, 50512, 668255, 646547, 1.3148e+006, 407, 1588.57, 1229, 1536
507, 50612, 688680, 665652, 1.35433e+006, 418, 1592.47, 1231, 1536
508, 50712, 659386, 643727, 1.30311e+006, 404, 1593.38, 1229, 1535
509, 50812, 690853, 667786, 1.35864e+006, 417, 1601.41, 1229, 1534
510, 50912, 727956, 694342, 1.4223e+006, 438, 1585.26, 1230, 1535
511, 51012, 732716, 706931, 1.43965e+006, 443, 1595.78, 1232, 1535
512, 51116, 696738, 668652, 1.36539e+006, 422, 1584.48, 1231, 1537
513, 51216, 677979, 661303, 1.33928e+006, 414, 1597.35, 1230, 1537
514, 51316, 669011, 646548, 1.31556e+006, 407, 1588.57, 1228, 1535
515, 51416, 692719, 663574, 1.35629e+006, 417, 1591.3, 1231, 1535
516, 51516, 663842, 639051, 1.30289e+006, 401, 1593.64, 1231, 1535
517, 51616, 702911, 679301, 1.38221e+006, 427, 1590.87, 1230, 1536
518, 51716, 632753, 617537, 1.25029e+006, 386, 1599.84, 1230, 1535
519, 51816, 664045, 646217, 1.31026e+006, 407, 1587.76, 1232, 1537
520, 51916, 596852, 584367, 1.18122e+006, 367, 1592.28, 1229, 1535
521, 52016, 571780, 562179, 1.13396e+006, 353, 1592.58, 1232, 1538
522, 52116, 603544, 590459, 1.194e+006, 371, 1591.53, 1227, 1536
523, 52216, 567944, 553459, 1.1214e+006, 349, 1585.84, 1231, 1536
524, 52316, 574572, 556646, 1.13122e+006, 349, 1594.97, 1232, 1537
525, 52416, 558174, 554763, 1.11294e+006, 347, 1598.74, 1231, 1535
526, 52516, 545875, 530010, 1.07589e+006, 333, 1591.62, 1231, 1535
527, 52616, 613188, 599108, 1.2123e+006, 376, 1593.37, 1231, 1535
528, 52716, 613137, 594772, 1.20791e+006, 375, 1586.06, 1227, 1535
529, 52816, 616201, 596307, 1.21251e+006, 376, 1585.92, 1227, 1536
530, 52916, 561345, 537017, 1.09836e+006, 339, 1584.12, 1229, 1536
531, 53016, 630287, 603101, 1.23339e+006, 380, 1587.11, 1229, 1535
532, 53116, 639111, 616503, 1.25561e+006, 389, 1584.84, 1230, 1536
533, 53216, 644970, 634281, 1.27925e+006, 399, 1589.68, 1230, 1536
534, 53316, 603142, 578841, 1.18198e+006, 366, 1581.53, 1230, 1537
535, 53416, 624690, 597718, 1.22241e+006, 378, 1581.26, 1230, 1536
536, 53516, 616641, 582067, 1.19871e+006, 370, 1573.15, 1232, 1538
537, 53616, 651421, 621298, 1.27272e+006, 394, 1576.9, 1231, 1536
538, 53716, 618948, 593742, 1.21269e+006, 375, 1583.31, 1231, 1535
539, 53816, 616880, 598660, 1.21554e+006, 377, 1587.96, 1233, 1537
540, 53916, 578513, 560868, 1.13938e+006, 354, 1584.37, 1231, 1537
541, 54016, 582587, 569428, 1.15202e+006, 358, 1590.58, 1228, 1536
542, 54116, 606333, 592666, 1.199e+006, 373, 1588.92, 1230, 1535
543, 54216, 572622, 556992, 1.12961e+006, 350, 1591.41, 1233, 1531
544, 54316, 587378, 576464, 1.16384e+006, 363, 1588.06, 1229, 1535
545, 54416, 630844, 610521, 1.24137e+006, 385, 1585.77, 1231, 1536
546, 54516, 597294, 591473, 1.18877e+006, 371, 1594.27, 1230, 1536
547, 54616, 570338, 553156, 1.12349e+006, 349, 1584.97, 1233, 1536
548, 54716, 560322, 536284, 1.09661e+006, 339, 1581.96, 1232, 1536
549, 54816, 557090, 540643, 1.09773e+006, 342, 1580.83, 1229, 1540
550, 54916, 578668, 572076, 1.15074e+006, 359, 1593.53, 1232, 1538
551, 55016, 568306, 563636, 1.13194e+006, 353, 1596.7, 1231, 1537
552, 55116, 541953, 531507, 1.07346e+006, 335, 1586.59, 1230, 1535
553, 55216, 562822, 542764, 1.10559e+006, 344, 1577.8, 1230, 1537
554, 55316, 527230, 514358, 1.04159e+006, 322, 1597.39, 1228, 1537
555, 55416, 502673, 485645, 988318, 306, 1587.07, 1232, 1538
556, 55516, 530323, 517224, 1.04755e+006, 326, 1586.58, 1233, 1538
557, 55616, 530743, 517760, 1.0485e+006, 325, 1593.11, 1228, 1535
558, 55716, 581938, 558274, 1.14021e+006, 355, 1572.6, 1230, 1536
559, 55816, 523236, 504685, 1.02792e+006, 319, 1582.08, 1229, 1536
560, 55916, 558584, 547355, 1.10594e+006, 343, 1595.79, 1231, 1537
561, 56016, 533915, 519553, 1.05347e+006, 328, 1584, 1228, 1537
562, 56116, 537526, 518713, 1.05624e+006, 329, 1576.64, 1230, 1537
563, 56216, 561109, 543257, 1.10437e+006, 343, 1583.84, 1227, 1535
564, 56316, 544102, 522462, 1.06656e+006, 329, 1588.03, 1231, 1536
565, 56416, 484842, 468085, 952927, 297, 1576.04, 1229, 1536
566, 56516, 498710, 488038, 986748, 308, 1584.54, 1232, 1537
567, 56616, 486125, 469617, 955742, 297, 1581.2, 1231, 1536
568, 56716, 476147, 462367, 938514, 292, 1583.45, 1229, 1532
569, 56816, 542794, 522911, 1.06571e+006, 331, 1579.79, 1234, 1531
570, 56916, 581253, 563654, 1.14491e+006, 357, 1578.86, 1232, 1538
571, 57016, 489316, 469277, 958593, 299, 1569.49, 1230, 1536
572, 57116, 509172, 486698, 995870, 309, 1575.07, 1233, 1537
573, 57216, 515727, 490264, 1.00599e+006, 313, 1566.34, 1232, 1540
574, 57316, 519768, 495071, 1.01484e+006, 314, 1576.66, 1233, 1536
575, 57416, 518181, 501616, 1.0198e+006, 319, 1572.46, 1233, 1536
576, 57516, 476355, 464033, 940388, 295, 1572.99, 1231, 1540
577, 57616, 504140, 490052, 994192, 312, 1570.68, 1232, 1540
578, 57716, 545488, 523009, 1.0685e+006, 332, 1575.33, 1229, 1538
579, 57816, 487809, 464769, 952578, 296, 1570.17, 1231, 1539
580, 57916, 520082, 511162, 1.03124e+006, 323, 1582.55, 1230, 1537
581, 58016, 475940, 452240, 928180, 287, 1575.75, 1234, 1539
582, 58116, 469490, 457389, 926879, 290, 1577.2, 1230, 1537
583, 58216, 480371, 475952, 956323, 300, 1586.51, 1233, 1539
584, 58316, 526172, 500324, 1.0265e+006, 319, 1568.41, 1232, 1536
585, 58416, 499088, 474638, 973726, 302, 1571.65, 1229, 1538
586, 58516, 476054, 460508, 936562, 292, 1577.08, 1231, 1539
587, 58616, 505901, 494941, 1.00084e+006, 312, 1586.35, 1231, 1537
588, 58716, 524662, 495354, 1.02002e+006, 315, 1572.55, 1231, 1537
589, 58816, 503417, 485944, 989361, 308, 1577.74, 1230, 1537
590, 58916, 487683, 474035, 961718, 300, 1580.12, 1230, 1538
591, 59016, 520117, 511426, 1.03154e+006, 322, 1588.28, 1231, 1536
592, 59116, 475738, 459746, 935484, 290, 1585.33, 1232, 1537
593, 59216, 469612, 454458, 924070, 288, 1577.98, 1230, 1538
594, 59316, 521207, 499319, 1.02053e+006, 315, 1585.14, 1229, 1536
595, 59416, 481088, 465204, 946292, 295, 1576.96, 1232, 1537
596, 59516, 471554, 456361, 927915, 291, 1568.25, 1234, 1542
597, 59616, 446344, 444530, 890874, 280, 1587.61, 1234, 1541
598, 59716, 440373, 418501, 858874, 268, 1561.57, 1234, 1544
599, 59816, 453592, 444779, 898371, 281, 1582.85, 1231, 1536
600, 59916, 456442, 433832, 890274, 276, 1571.86, 1227, 1536