strain_stim,jnl,frame,time_ms,fluor
odr7p_NH4Br,JNL_10off_120on_50off,2,100,52032900
odr7p_NH4Br,JNL_10off_120on_50off,3,200,51198300
odr7p_NH4Br,JNL_10off_120on_50off,4,300,50689300
odr7p_NH4Br,JNL_10off_120on_50off,5,400,50836900
odr7p_NH4Br,JNL_10off_120on_50off,6,500,50788800
odr7p_NH4Br,JNL_10off_120on_50off,7,600,50537700
odr7p_NH4Br,JNL_10off_120on_50off,8,700,50431400
odr7p_NH4Br,JNL_10off_120on_50off,9,800,50595100.00000001
odr7p_NH4Br,JNL_10off_120on_50off,10,900,50678300
odr7p_NH4Br,JNL_10off_120on_50off,11,1000,50808200
odr7p_NH4Br,JNL_10off_120on_50off,12,1100,50576100.00000001
odr7p_NH4Br,JNL_10off_120on_50off,13,1200,50968500
odr7p_NH4Br,JNL_10off_120on_50off,14,1300,50893600
odr7p_NH4Br,JNL_10off_120on_50off,15,1400,50965600
odr7p_NH4Br,JNL_10off_120on_50off,16,1500,50834800
odr7p_NH4Br,JNL_10off_120on_50off,17,1600,51111600
odr7p_NH4Br,JNL_10off_120on_50off,18,1700,51084500.00000001
odr7p_NH4Br,JNL_10off_120on_50off,19,1800,51112399.99999999
odr7p_NH4Br,JNL_10off_120on_50off,20,1900,51379800
odr7p_NH4Br,JNL_10off_120on_50off,21,2000,51228600
odr7p_NH4Br,JNL_10off_120on_50off,22,2100,51350300.00000001
odr7p_NH4Br,JNL_10off_120on_50off,23,2200,51307400
odr7p_NH4Br,JNL_10off_120on_50off,24,2300,51384299.99999999
odr7p_NH4Br,JNL_10off_120on_50off,25,2400,51504400
odr7p_NH4Br,JNL_10off_120on_50off,26,2500,51835600
odr7p_NH4Br,JNL_10off_120on_50off,27,2600,51748400
odr7p_NH4Br,JNL_10off_120on_50off,28,2700,51697900
odr7p_NH4Br,JNL_10off_120on_50off,29,2800,51586000
odr7p_NH4Br,JNL_10off_120on_50off,30,2900,51768300
odr7p_NH4Br,JNL_10off_120on_50off,31,3000,52067400
odr7p_NH4Br,JNL_10off_120on_50off,32,3100,52252200
odr7p_NH4Br,JNL_10off_120on_50off,33,3200,52304400
odr7p_NH4Br,JNL_10off_120on_50off,34,3300,51856000
odr7p_NH4Br,JNL_10off_120on_50off,35,3400,52202000
odr7p_NH4Br,JNL_10off_120on_50off,36,3500,52387700
odr7p_NH4Br,JNL_10off_120on_50off,37,3600,52392100
odr7p_NH4Br,JNL_10off_120on_50off,38,3700,52488700
odr7p_NH4Br,JNL_10off_120on_50off,39,3800,52743600
odr7p_NH4Br,JNL_10off_120on_50off,40,3900,52384000.00000001
odr7p_NH4Br,JNL_10off_120on_50off,41,4000,52787300
odr7p_NH4Br,JNL_10off_120on_50off,42,4100,52925500
odr7p_NH4Br,JNL_10off_120on_50off,43,4200,52814900
odr7p_NH4Br,JNL_10off_120on_50off,44,4300,52989300
odr7p_NH4Br,JNL_10off_120on_50off,45,4400,52778900
odr7p_NH4Br,JNL_10off_120on_50off,46,4500,52847300
odr7p_NH4Br,JNL_10off_120on_50off,47,4600,53038999.99999999
odr7p_NH4Br,JNL_10off_120on_50off,48,4700,53012400
odr7p_NH4Br,JNL_10off_120on_50off,49,4800,53283400
odr7p_NH4Br,JNL_10off_120on_50off,50,4900,53392900
odr7p_NH4Br,JNL_10off_120on_50off,51,5000,53357500
odr7p_NH4Br,JNL_10off_120on_50off,52,5100,53169600
odr7p_NH4Br,JNL_10off_120on_50off,53,5200,53353400.00000001
odr7p_NH4Br,JNL_10off_120on_50off,54,5300,53481800
odr7p_NH4Br,JNL_10off_120on_50off,55,5400,53535700.00000001
odr7p_NH4Br,JNL_10off_120on_50off,56,5500,53930700
odr7p_NH4Br,JNL_10off_120on_50off,57,5600,54044900
odr7p_NH4Br,JNL_10off_120on_50off,58,5700,54075200
odr7p_NH4Br,JNL_10off_120on_50off,59,5800,54278500
odr7p_NH4Br,JNL_10off_120on_50off,60,5900,53868900
odr7p_NH4Br,JNL_10off_120on_50off,61,6000,54196099.99999999
odr7p_NH4Br,JNL_10off_120on_50off,62,6100,54133400
odr7p_NH4Br,JNL_10off_120on_50off,63,6200,54038700.00000001
odr7p_NH4Br,JNL_10off_120on_50off,64,6300,53930800
odr7p_NH4Br,JNL_10off_120on_50off,65,6400,54321600
odr7p_NH4Br,JNL_10off_120on_50off,66,6500,54329400
odr7p_NH4Br,JNL_10off_120on_50off,67,6600,54241200
odr7p_NH4Br,JNL_10off_120on_50off,68,6700,54418100
odr7p_NH4Br,JNL_10off_120on_50off,69,6800,54318799.99999999
odr7p_NH4Br,JNL_10off_120on_50off,70,6900,54616000
odr7p_NH4Br,JNL_10off_120on_50off,71,7000,54581200
odr7p_NH4Br,JNL_10off_120on_50off,72,7100,54592000
odr7p_NH4Br,JNL_10off_120on_50off,73,7200,54742600
odr7p_NH4Br,JNL_10off_120on_50off,74,7300,54855200
odr7p_NH4Br,JNL_10off_120on_50off,75,7400,54738600
odr7p_NH4Br,JNL_10off_120on_50off,76,7510,54769000
odr7p_NH4Br,JNL_10off_120on_50off,77,7600,54843400.00000001
odr7p_NH4Br,JNL_10off_120on_50off,78,7700,54763200
odr7p_NH4Br,JNL_10off_120on_50off,79,7800,54750600
odr7p_NH4Br,JNL_10off_120on_50off,80,7900,54813700
odr7p_NH4Br,JNL_10off_120on_50off,81,8000,54825400
odr7p_NH4Br,JNL_10off_120on_50off,82,8100,54824800
odr7p_NH4Br,JNL_10off_120on_50off,83,8200,55077900
odr7p_NH4Br,JNL_10off_120on_50off,84,8310,55181800
odr7p_NH4Br,JNL_10off_120on_50off,85,8410,55222000
odr7p_NH4Br,JNL_10off_120on_50off,86,8510,54825799.99999999
odr7p_NH4Br,JNL_10off_120on_50off,87,8610,54957600
odr7p_NH4Br,JNL_10off_120on_50off,88,8710,54976800
odr7p_NH4Br,JNL_10off_120on_50off,89,8810,54741300
odr7p_NH4Br,JNL_10off_120on_50off,90,8910,55088500
odr7p_NH4Br,JNL_10off_120on_50off,91,9010,54781500
odr7p_NH4Br,JNL_10off_120on_50off,92,9110,55003200
odr7p_NH4Br,JNL_10off_120on_50off,93,9210,55169300
odr7p_NH4Br,JNL_10off_120on_50off,94,9310,54938500
odr7p_NH4Br,JNL_10off_120on_50off,95,9410,55216300
odr7p_NH4Br,JNL_10off_120on_50off,96,9510,55035200
odr7p_NH4Br,JNL_10off_120on_50off,97,9610,55193100
odr7p_NH4Br,JNL_10off_120on_50off,98,9710,55158699.99999999
odr7p_NH4Br,JNL_10off_120on_50off,99,9810,55026100
odr7p_NH4Br,JNL_10off_120on_50off,100,9910,54896000
odr7p_NH4Br,JNL_10off_120on_50off,101,10010,55607100
odr7p_NH4Br,JNL_10off_120on_50off,102,10110,56503300
odr7p_NH4Br,JNL_10off_120on_50off,103,10210,57363300
odr7p_NH4Br,JNL_10off_120on_50off,104,10310,57449400
odr7p_NH4Br,JNL_10off_120on_50off,105,10410,57428200
odr7p_NH4Br,JNL_10off_120on_50off,106,10510,58040100
odr7p_NH4Br,JNL_10off_120on_50off,107,10610,57694900
odr7p_NH4Br,JNL_10off_120on_50off,108,10710,57515200
odr7p_NH4Br,JNL_10off_120on_50off,109,10810,57456500
odr7p_NH4Br,JNL_10off_120on_50off,110,10910,57207200
odr7p_NH4Br,JNL_10off_120on_50off,111,11010,57274200.00000001
odr7p_NH4Br,JNL_10off_120on_50off,112,11110,57191200
odr7p_NH4Br,JNL_10off_120on_50off,113,11210,57059500
odr7p_NH4Br,JNL_10off_120on_50off,114,11310,56967700
odr7p_NH4Br,JNL_10off_120on_50off,115,11410,56974900
odr7p_NH4Br,JNL_10off_120on_50off,116,11510,56855700
odr7p_NH4Br,JNL_10off_120on_50off,117,11610,56965300
odr7p_NH4Br,JNL_10off_120on_50off,118,11710,56827900
odr7p_NH4Br,JNL_10off_120on_50off,119,11810,56687400
odr7p_NH4Br,JNL_10off_120on_50off,120,11910,56733500
odr7p_NH4Br,JNL_10off_120on_50off,121,12010,56841900
odr7p_NH4Br,JNL_10off_120on_50off,122,12110,56288500
odr7p_NH4Br,JNL_10off_120on_50off,123,12210,56668100
odr7p_NH4Br,JNL_10off_120on_50off,124,12310,56582100.00000001
odr7p_NH4Br,JNL_10off_120on_50off,125,12410,56465000
odr7p_NH4Br,JNL_10off_120on_50off,126,12510,56284000
odr7p_NH4Br,JNL_10off_120on_50off,127,12610,56204200
odr7p_NH4Br,JNL_10off_120on_50off,128,12710,56243100
odr7p_NH4Br,JNL_10off_120on_50off,129,12810,56167800
odr7p_NH4Br,JNL_10off_120on_50off,130,12910,56193200
odr7p_NH4Br,JNL_10off_120on_50off,131,13010,55786200
odr7p_NH4Br,JNL_10off_120on_50off,132,13110,55376500
odr7p_NH4Br,JNL_10off_120on_50off,133,13210,54362600
odr7p_NH4Br,JNL_10off_120on_50off,134,13310,54230100
odr7p_NH4Br,JNL_10off_120on_50off,135,13410,53521200
odr7p_NH4Br,JNL_10off_120on_50off,136,13510,53770300.00000001
odr7p_NH4Br,JNL_10off_120on_50off,137,13610,53739200
odr7p_NH4Br,JNL_10off_120on_50off,138,13710,53409200
odr7p_NH4Br,JNL_10off_120on_50off,139,13810,53317400
odr7p_NH4Br,JNL_10off_120on_50off,140,13910,52983600
odr7p_NH4Br,JNL_10off_120on_50off,141,14010,52854700
odr7p_NH4Br,JNL_10off_120on_50off,142,14110,52918300
odr7p_NH4Br,JNL_10off_120on_50off,143,14210,52987700
odr7p_NH4Br,JNL_10off_120on_50off,144,14310,52879200
odr7p_NH4Br,JNL_10off_120on_50off,145,14410,53012800
odr7p_NH4Br,JNL_10off_120on_50off,146,14510,52817500
odr7p_NH4Br,JNL_10off_120on_50off,147,14610,52867700
odr7p_NH4Br,JNL_10off_120on_50off,148,14710,52976599.99999999
odr7p_NH4Br,JNL_10off_120on_50off,149,14810,52806600
odr7p_NH4Br,JNL_10off_120on_50off,150,14910,52992700
odr7p_NH4Br,JNL_10off_120on_50off,151,15010,52823100
odr7p_NH4Br,JNL_10off_120on_50off,152,15110,52938400
odr7p_NH4Br,JNL_10off_120on_50off,153,15210,52676999.99999999
odr7p_NH4Br,JNL_10off_120on_50off,154,15310,53120900.00000001
odr7p_NH4Br,JNL_10off_120on_50off,155,15410,53083400
odr7p_NH4Br,JNL_10off_120on_50off,156,15510,52748500
odr7p_NH4Br,JNL_10off_120on_50off,157,15610,53008700
odr7p_NH4Br,JNL_10off_120on_50off,158,15710,52925200
odr7p_NH4Br,JNL_10off_120on_50off,159,15810,53024300
odr7p_NH4Br,JNL_10off_120on_50off,160,15910,52744200
odr7p_NH4Br,JNL_10off_120on_50off,161,16010,52913000
odr7p_NH4Br,JNL_10off_120on_50off,162,16110,52872100
odr7p_NH4Br,JNL_10off_120on_50off,163,16210,52635100
odr7p_NH4Br,JNL_10off_120on_50off,164,16310,52648300
odr7p_NH4Br,JNL_10off_120on_50off,165,16410,52711499.99999999
odr7p_NH4Br,JNL_10off_120on_50off,166,16510,52589200
odr7p_NH4Br,JNL_10off_120on_50off,167,16610,52626500
odr7p_NH4Br,JNL_10off_120on_50off,168,16710,52769199.99999999
odr7p_NH4Br,JNL_10off_120on_50off,169,16810,52463900
odr7p_NH4Br,JNL_10off_120on_50off,170,16910,52644500
odr7p_NH4Br,JNL_10off_120on_50off,171,17010,52626200
odr7p_NH4Br,JNL_10off_120on_50off,172,17110,52600700
odr7p_NH4Br,JNL_10off_120on_50off,173,17210,52563200
odr7p_NH4Br,JNL_10off_120on_50off,174,17310,52570800
odr7p_NH4Br,JNL_10off_120on_50off,175,17410,52514200.00000001
odr7p_NH4Br,JNL_10off_120on_50off,176,17510,52283200
odr7p_NH4Br,JNL_10off_120on_50off,177,17610,52543800
odr7p_NH4Br,JNL_10off_120on_50off,178,17710,52579000
odr7p_NH4Br,JNL_10off_120on_50off,179,17810,52486900
odr7p_NH4Br,JNL_10off_120on_50off,180,17910,52500800
odr7p_NH4Br,JNL_10off_120on_50off,181,18010,52695000
odr7p_NH4Br,JNL_10off_120on_50off,182,18110,52781100
odr7p_NH4Br,JNL_10off_120on_50off,183,18210,52497900
odr7p_NH4Br,JNL_10off_120on_50off,184,18310,52367500
odr7p_NH4Br,JNL_10off_120on_50off,185,18410,52395500.00000001
odr7p_NH4Br,JNL_10off_120on_50off,186,18510,52667900
odr7p_NH4Br,JNL_10off_120on_50off,187,18610,52413800
odr7p_NH4Br,JNL_10off_120on_50off,188,18710,52340400
odr7p_NH4Br,JNL_10off_120on_50off,189,18810,52734400
odr7p_NH4Br,JNL_10off_120on_50off,190,18910,52488400.00000001
odr7p_NH4Br,JNL_10off_120on_50off,191,19010,52516100
odr7p_NH4Br,JNL_10off_120on_50off,192,19110,52254800
odr7p_NH4Br,JNL_10off_120on_50off,193,19210,52298099.99999999
odr7p_NH4Br,JNL_10off_120on_50off,194,19310,52198100
odr7p_NH4Br,JNL_10off_120on_50off,195,19410,52543400
odr7p_NH4Br,JNL_10off_120on_50off,196,19510,52416000
odr7p_NH4Br,JNL_10off_120on_50off,197,19610,52426100
odr7p_NH4Br,JNL_10off_120on_50off,198,19710,52524400
odr7p_NH4Br,JNL_10off_120on_50off,199,19810,52615700
odr7p_NH4Br,JNL_10off_120on_50off,200,19910,52666900
odr7p_NH4Br,JNL_10off_120on_50off,201,20010,52766600
odr7p_NH4Br,JNL_10off_120on_50off,202,20110,52399100
odr7p_NH4Br,JNL_10off_120on_50off,203,20210,52393100
odr7p_NH4Br,JNL_10off_120on_50off,204,20310,52581800
odr7p_NH4Br,JNL_10off_120on_50off,205,20410,52537300
odr7p_NH4Br,JNL_10off_120on_50off,206,20510,52108600
odr7p_NH4Br,JNL_10off_120on_50off,207,20610,52308600
odr7p_NH4Br,JNL_10off_120on_50off,208,20710,52544000.00000001
odr7p_NH4Br,JNL_10off_120on_50off,209,20810,52306200
odr7p_NH4Br,JNL_10off_120on_50off,210,20910,52479200
odr7p_NH4Br,JNL_10off_120on_50off,211,21010,52332800
odr7p_NH4Br,JNL_10off_120on_50off,212,21110,52463400
odr7p_NH4Br,JNL_10off_120on_50off,213,21210,52406700
odr7p_NH4Br,JNL_10off_120on_50off,214,21310,52504099.99999999
odr7p_NH4Br,JNL_10off_120on_50off,215,21410,52369400
odr7p_NH4Br,JNL_10off_120on_50off,216,21510,52273600
odr7p_NH4Br,JNL_10off_120on_50off,217,21610,52305500
odr7p_NH4Br,JNL_10off_120on_50off,218,21710,52352900
odr7p_NH4Br,JNL_10off_120on_50off,219,21810,52290599.99999999
odr7p_NH4Br,JNL_10off_120on_50off,220,21910,52216400
odr7p_NH4Br,JNL_10off_120on_50off,221,22010,52017000
odr7p_NH4Br,JNL_10off_120on_50off,222,22110,52128900
odr7p_NH4Br,JNL_10off_120on_50off,223,22210,52106300
odr7p_NH4Br,JNL_10off_120on_50off,224,22310,52077000
odr7p_NH4Br,JNL_10off_120on_50off,225,22410,51878900
odr7p_NH4Br,JNL_10off_120on_50off,226,22510,52086800
odr7p_NH4Br,JNL_10off_120on_50off,227,22610,52101300
odr7p_NH4Br,JNL_10off_120on_50off,228,22710,52321799.99999999
odr7p_NH4Br,JNL_10off_120on_50off,229,22810,52123300
odr7p_NH4Br,JNL_10off_120on_50off,230,22910,51794399.99999999
odr7p_NH4Br,JNL_10off_120on_50off,231,23010,52132300
odr7p_NH4Br,JNL_10off_120on_50off,232,23110,51942500
odr7p_NH4Br,JNL_10off_120on_50off,233,23210,52048000
odr7p_NH4Br,JNL_10off_120on_50off,234,23310,52079000.00000001
odr7p_NH4Br,JNL_10off_120on_50off,235,23410,52000500
odr7p_NH4Br,JNL_10off_120on_50off,236,23510,51977200
odr7p_NH4Br,JNL_10off_120on_50off,237,23610,52194700
odr7p_NH4Br,JNL_10off_120on_50off,238,23710,51965700
odr7p_NH4Br,JNL_10off_120on_50off,239,23810,51918900
odr7p_NH4Br,JNL_10off_120on_50off,240,23910,51858500
odr7p_NH4Br,JNL_10off_120on_50off,241,24010,51927600
odr7p_NH4Br,JNL_10off_120on_50off,242,24110,51752500
odr7p_NH4Br,JNL_10off_120on_50off,243,24210,51963000
odr7p_NH4Br,JNL_10off_120on_50off,244,24310,51665599.99999999
odr7p_NH4Br,JNL_10off_120on_50off,245,24410,51735600
odr7p_NH4Br,JNL_10off_120on_50off,246,24510,52006300
odr7p_NH4Br,JNL_10off_120on_50off,247,24610,51935500
odr7p_NH4Br,JNL_10off_120on_50off,248,24710,51818900
odr7p_NH4Br,JNL_10off_120on_50off,249,24810,51880100
odr7p_NH4Br,JNL_10off_120on_50off,250,24910,51931000
odr7p_NH4Br,JNL_10off_120on_50off,251,25010,51724600
odr7p_NH4Br,JNL_10off_120on_50off,252,25110,51871600.00000001
odr7p_NH4Br,JNL_10off_120on_50off,253,25210,51731299.99999999
odr7p_NH4Br,JNL_10off_120on_50off,254,25310,51829700
odr7p_NH4Br,JNL_10off_120on_50off,255,25410,51776700
odr7p_NH4Br,JNL_10off_120on_50off,256,25510,51663200
odr7p_NH4Br,JNL_10off_120on_50off,257,25610,51568800
odr7p_NH4Br,JNL_10off_120on_50off,258,25710,51760600
odr7p_NH4Br,JNL_10off_120on_50off,259,25810,51666200
odr7p_NH4Br,JNL_10off_120on_50off,260,25910,51615800
odr7p_NH4Br,JNL_10off_120on_50off,261,26010,51721400
odr7p_NH4Br,JNL_10off_120on_50off,262,26110,51715799.99999999
odr7p_NH4Br,JNL_10off_120on_50off,263,26210,51769100
odr7p_NH4Br,JNL_10off_120on_50off,264,26310,51800800
odr7p_NH4Br,JNL_10off_120on_50off,265,26410,51838900
odr7p_NH4Br,JNL_10off_120on_50off,266,26510,51614100
odr7p_NH4Br,JNL_10off_120on_50off,267,26610,51894700
odr7p_NH4Br,JNL_10off_120on_50off,268,26710,51327999.99999999
odr7p_NH4Br,JNL_10off_120on_50off,269,26810,51204000
odr7p_NH4Br,JNL_10off_120on_50off,270,26910,51580800
odr7p_NH4Br,JNL_10off_120on_50off,271,27010,51566800
odr7p_NH4Br,JNL_10off_120on_50off,272,27110,51555799.99999999
odr7p_NH4Br,JNL_10off_120on_50off,273,27210,51699500
odr7p_NH4Br,JNL_10off_120on_50off,274,27310,51665500
odr7p_NH4Br,JNL_10off_120on_50off,275,27410,51578900
odr7p_NH4Br,JNL_10off_120on_50off,276,27510,51666500
odr7p_NH4Br,JNL_10off_120on_50off,277,27610,51301800
odr7p_NH4Br,JNL_10off_120on_50off,278,27710,51437700
odr7p_NH4Br,JNL_10off_120on_50off,279,27810,51523600
odr7p_NH4Br,JNL_10off_120on_50off,280,27910,51708400
odr7p_NH4Br,JNL_10off_120on_50off,281,28010,51371700
odr7p_NH4Br,JNL_10off_120on_50off,282,28110,51496800
odr7p_NH4Br,JNL_10off_120on_50off,283,28210,51318700
odr7p_NH4Br,JNL_10off_120on_50off,284,28310,51623300
odr7p_NH4Br,JNL_10off_120on_50off,285,28410,51257000
odr7p_NH4Br,JNL_10off_120on_50off,286,28510,51423800
odr7p_NH4Br,JNL_10off_120on_50off,287,28611,51688599.99999999
odr7p_NH4Br,JNL_10off_120on_50off,288,28711,51527200.00000001
odr7p_NH4Br,JNL_10off_120on_50off,289,28811,51392100
odr7p_NH4Br,JNL_10off_120on_50off,290,28911,51364700
odr7p_NH4Br,JNL_10off_120on_50off,291,29011,51557700.00000001
odr7p_NH4Br,JNL_10off_120on_50off,292,29111,51472000
odr7p_NH4Br,JNL_10off_120on_50off,293,29211,51597300
odr7p_NH4Br,JNL_10off_120on_50off,294,29311,51400100
odr7p_NH4Br,JNL_10off_120on_50off,295,29411,51152100
odr7p_NH4Br,JNL_10off_120on_50off,296,29511,51211500
odr7p_NH4Br,JNL_10off_120on_50off,297,29611,51380200
odr7p_NH4Br,JNL_10off_120on_50off,298,29711,51512200
odr7p_NH4Br,JNL_10off_120on_50off,299,29811,51306400
odr7p_NH4Br,JNL_10off_120on_50off,300,29911,51315600
odr7p_NH4Br,JNL_10off_120on_50off,301,30011,50974900
odr7p_NH4Br,JNL_10off_120on_50off,302,30111,51237899.99999999
odr7p_NH4Br,JNL_10off_120on_50off,303,30211,51148800
odr7p_NH4Br,JNL_10off_120on_50off,304,30311,51144500
odr7p_NH4Br,JNL_10off_120on_50off,305,30411,51321400
odr7p_NH4Br,JNL_10off_120on_50off,306,30511,51184500
odr7p_NH4Br,JNL_10off_120on_50off,307,30611,51113300
odr7p_NH4Br,JNL_10off_120on_50off,308,30711,51489900.00000001
odr7p_NH4Br,JNL_10off_120on_50off,309,30811,51140200
odr7p_NH4Br,JNL_10off_120on_50off,310,30911,51072499.99999999
odr7p_NH4Br,JNL_10off_120on_50off,311,31011,50852400
odr7p_NH4Br,JNL_10off_120on_50off,312,31111,50796100
odr7p_NH4Br,JNL_10off_120on_50off,313,31211,50852600
odr7p_NH4Br,JNL_10off_120on_50off,314,31311,50891500
odr7p_NH4Br,JNL_10off_120on_50off,315,31411,51222000
odr7p_NH4Br,JNL_10off_120on_50off,316,31511,50775000
odr7p_NH4Br,JNL_10off_120on_50off,317,31611,51074000
odr7p_NH4Br,JNL_10off_120on_50off,318,31711,51062600
odr7p_NH4Br,JNL_10off_120on_50off,319,31811,50785500
odr7p_NH4Br,JNL_10off_120on_50off,320,31911,50957500
odr7p_NH4Br,JNL_10off_120on_50off,321,32011,51162200
odr7p_NH4Br,JNL_10off_120on_50off,322,32111,50911500
odr7p_NH4Br,JNL_10off_120on_50off,323,32211,51183100
odr7p_NH4Br,JNL_10off_120on_50off,324,32311,50742400
odr7p_NH4Br,JNL_10off_120on_50off,325,32411,50791800
odr7p_NH4Br,JNL_10off_120on_50off,326,32511,51115500
odr7p_NH4Br,JNL_10off_120on_50off,327,32611,50635000
odr7p_NH4Br,JNL_10off_120on_50off,328,32711,51057499.99999999
odr7p_NH4Br,JNL_10off_120on_50off,329,32811,50868000
odr7p_NH4Br,JNL_10off_120on_50off,330,32911,50843400
odr7p_NH4Br,JNL_10off_120on_50off,331,33011,50984700
odr7p_NH4Br,JNL_10off_120on_50off,332,33111,50952300
odr7p_NH4Br,JNL_10off_120on_50off,333,33211,51004500
odr7p_NH4Br,JNL_10off_120on_50off,334,33311,50858700
odr7p_NH4Br,JNL_10off_120on_50off,335,33411,50996900
odr7p_NH4Br,JNL_10off_120on_50off,336,33511,50944200.00000001
odr7p_NH4Br,JNL_10off_120on_50off,337,33611,50876500
odr7p_NH4Br,JNL_10off_120on_50off,338,33711,50941599.99999999
odr7p_NH4Br,JNL_10off_120on_50off,339,33811,51069900
odr7p_NH4Br,JNL_10off_120on_50off,340,33911,50833400
odr7p_NH4Br,JNL_10off_120on_50off,341,34011,51013800
odr7p_NH4Br,JNL_10off_120on_50off,342,34111,50933400.00000001
odr7p_NH4Br,JNL_10off_120on_50off,343,34211,50740999.99999999
odr7p_NH4Br,JNL_10off_120on_50off,344,34311,51245700
odr7p_NH4Br,JNL_10off_120on_50off,345,34411,50674800
odr7p_NH4Br,JNL_10off_120on_50off,346,34511,50884500
odr7p_NH4Br,JNL_10off_120on_50off,347,34611,50796599.99999999
odr7p_NH4Br,JNL_10off_120on_50off,348,34711,50820800.00000001
odr7p_NH4Br,JNL_10off_120on_50off,349,34811,50796400.00000001
odr7p_NH4Br,JNL_10off_120on_50off,350,34911,50769399.99999999
odr7p_NH4Br,JNL_10off_120on_50off,351,35011,51037500
odr7p_NH4Br,JNL_10off_120on_50off,352,35111,51058000
odr7p_NH4Br,JNL_10off_120on_50off,353,35211,50777200
odr7p_NH4Br,JNL_10off_120on_50off,354,35311,51035100
odr7p_NH4Br,JNL_10off_120on_50off,355,35411,51102000
odr7p_NH4Br,JNL_10off_120on_50off,356,35511,51132799.99999999
odr7p_NH4Br,JNL_10off_120on_50off,357,35611,50984100
odr7p_NH4Br,JNL_10off_120on_50off,358,35711,51166000
odr7p_NH4Br,JNL_10off_120on_50off,359,35811,50969500
odr7p_NH4Br,JNL_10off_120on_50off,360,35911,51328500
odr7p_NH4Br,JNL_10off_120on_50off,361,36011,51125700
odr7p_NH4Br,JNL_10off_120on_50off,362,36111,50847000
odr7p_NH4Br,JNL_10off_120on_50off,363,36211,50766400
odr7p_NH4Br,JNL_10off_120on_50off,364,36311,50695000
odr7p_NH4Br,JNL_10off_120on_50off,365,36411,50809800
odr7p_NH4Br,JNL_10off_120on_50off,366,36511,50955000
odr7p_NH4Br,JNL_10off_120on_50off,367,36611,51019200
odr7p_NH4Br,JNL_10off_120on_50off,368,36711,50776400
odr7p_NH4Br,JNL_10off_120on_50off,369,36811,50706700
odr7p_NH4Br,JNL_10off_120on_50off,370,36911,51000800
odr7p_NH4Br,JNL_10off_120on_50off,371,37011,50737600
odr7p_NH4Br,JNL_10off_120on_50off,372,37111,50392500
odr7p_NH4Br,JNL_10off_120on_50off,373,37211,50827700
odr7p_NH4Br,JNL_10off_120on_50off,374,37311,50737900
odr7p_NH4Br,JNL_10off_120on_50off,375,37411,50587700
odr7p_NH4Br,JNL_10off_120on_50off,376,37511,50789900
odr7p_NH4Br,JNL_10off_120on_50off,377,37611,50518000
odr7p_NH4Br,JNL_10off_120on_50off,378,37711,50586800
odr7p_NH4Br,JNL_10off_120on_50off,379,37811,50460100
odr7p_NH4Br,JNL_10off_120on_50off,380,37911,50196800
odr7p_NH4Br,JNL_10off_120on_50off,381,38011,50531400
odr7p_NH4Br,JNL_10off_120on_50off,382,38111,50481500
odr7p_NH4Br,JNL_10off_120on_50off,383,38211,51045200
odr7p_NH4Br,JNL_10off_120on_50off,384,38311,50679400
odr7p_NH4Br,JNL_10off_120on_50off,385,38411,50687400
odr7p_NH4Br,JNL_10off_120on_50off,386,38511,50632200
odr7p_NH4Br,JNL_10off_120on_50off,387,38611,50708600
odr7p_NH4Br,JNL_10off_120on_50off,388,38711,50429400
odr7p_NH4Br,JNL_10off_120on_50off,389,38811,50691900
odr7p_NH4Br,JNL_10off_120on_50off,390,38911,50636200
odr7p_NH4Br,JNL_10off_120on_50off,391,39011,50663300
odr7p_NH4Br,JNL_10off_120on_50off,392,39111,50194400
odr7p_NH4Br,JNL_10off_120on_50off,393,39211,50523500
odr7p_NH4Br,JNL_10off_120on_50off,394,39311,50295900
odr7p_NH4Br,JNL_10off_120on_50off,395,39411,50447000
odr7p_NH4Br,JNL_10off_120on_50off,396,39511,50197000
odr7p_NH4Br,JNL_10off_120on_50off,397,39611,50299300
odr7p_NH4Br,JNL_10off_120on_50off,398,39711,50260900
odr7p_NH4Br,JNL_10off_120on_50off,399,39811,50237800
odr7p_NH4Br,JNL_10off_120on_50off,400,39911,50369800
odr7p_NH4Br,JNL_10off_120on_50off,401,40011,50259200
odr7p_NH4Br,JNL_10off_120on_50off,402,40111,49926800
odr7p_NH4Br,JNL_10off_120on_50off,403,40211,50224500
odr7p_NH4Br,JNL_10off_120on_50off,404,40311,50257100
odr7p_NH4Br,JNL_10off_120on_50off,405,40411,50390800
odr7p_NH4Br,JNL_10off_120on_50off,406,40511,50413000
odr7p_NH4Br,JNL_10off_120on_50off,407,40611,50125000
odr7p_NH4Br,JNL_10off_120on_50off,408,40711,50347600
odr7p_NH4Br,JNL_10off_120on_50off,409,40811,50298299.99999999
odr7p_NH4Br,JNL_10off_120on_50off,410,40911,50200500
odr7p_NH4Br,JNL_10off_120on_50off,411,41011,50397299.99999999
odr7p_NH4Br,JNL_10off_120on_50off,412,41111,50172300
odr7p_NH4Br,JNL_10off_120on_50off,413,41211,50011000
odr7p_NH4Br,JNL_10off_120on_50off,414,41311,50151100
odr7p_NH4Br,JNL_10off_120on_50off,415,41411,50063700.00000001
odr7p_NH4Br,JNL_10off_120on_50off,416,41511,49941700.00000001
odr7p_NH4Br,JNL_10off_120on_50off,417,41611,50161300.00000001
odr7p_NH4Br,JNL_10off_120on_50off,418,41711,49936400
odr7p_NH4Br,JNL_10off_120on_50off,419,41811,49995700
odr7p_NH4Br,JNL_10off_120on_50off,420,41911,50063200
odr7p_NH4Br,JNL_10off_120on_50off,421,42011,49778399.99999999
odr7p_NH4Br,JNL_10off_120on_50off,422,42111,49852400
odr7p_NH4Br,JNL_10off_120on_50off,423,42211,49883200
odr7p_NH4Br,JNL_10off_120on_50off,424,42311,49737900
odr7p_NH4Br,JNL_10off_120on_50off,425,42411,49805600
odr7p_NH4Br,JNL_10off_120on_50off,426,42511,49713200.00000001
odr7p_NH4Br,JNL_10off_120on_50off,427,42611,49560200
odr7p_NH4Br,JNL_10off_120on_50off,428,42711,49735200
odr7p_NH4Br,JNL_10off_120on_50off,429,42811,49505700
odr7p_NH4Br,JNL_10off_120on_50off,430,42911,49697600
odr7p_NH4Br,JNL_10off_120on_50off,431,43011,49696900
odr7p_NH4Br,JNL_10off_120on_50off,432,43111,49324899.99999999
odr7p_NH4Br,JNL_10off_120on_50off,433,43211,49633800
odr7p_NH4Br,JNL_10off_120on_50off,434,43311,49589600
odr7p_NH4Br,JNL_10off_120on_50off,435,43411,49785199.99999999
odr7p_NH4Br,JNL_10off_120on_50off,436,43511,49481600
odr7p_NH4Br,JNL_10off_120on_50off,437,43611,49726100.00000001
odr7p_NH4Br,JNL_10off_120on_50off,438,43711,50047000
odr7p_NH4Br,JNL_10off_120on_50off,439,43811,50442800
odr7p_NH4Br,JNL_10off_120on_50off,440,43911,50704900.00000001
odr7p_NH4Br,JNL_10off_120on_50off,441,44011,50673700.00000001
odr7p_NH4Br,JNL_10off_120on_50off,442,44111,50514400.00000001
odr7p_NH4Br,JNL_10off_120on_50off,443,44211,50538800
odr7p_NH4Br,JNL_10off_120on_50off,444,44311,50488300
odr7p_NH4Br,JNL_10off_120on_50off,445,44411,50763100
odr7p_NH4Br,JNL_10off_120on_50off,446,44511,50504400
odr7p_NH4Br,JNL_10off_120on_50off,447,44611,50576100.00000001
odr7p_NH4Br,JNL_10off_120on_50off,448,44711,50577800
odr7p_NH4Br,JNL_10off_120on_50off,449,44811,50041399.99999999
odr7p_NH4Br,JNL_10off_120on_50off,450,44911,49882200
odr7p_NH4Br,JNL_10off_120on_50off,451,45011,50116100
odr7p_NH4Br,JNL_10off_120on_50off,452,45111,49714500
odr7p_NH4Br,JNL_10off_120on_50off,453,45211,49969700
odr7p_NH4Br,JNL_10off_120on_50off,454,45311,49777699.99999999
odr7p_NH4Br,JNL_10off_120on_50off,455,45411,49750800
odr7p_NH4Br,JNL_10off_120on_50off,456,45511,49765100
odr7p_NH4Br,JNL_10off_120on_50off,457,45611,49715299.99999999
odr7p_NH4Br,JNL_10off_120on_50off,458,45711,49560700.00000001
odr7p_NH4Br,JNL_10off_120on_50off,459,45811,49596200
odr7p_NH4Br,JNL_10off_120on_50off,460,45911,49722799.99999999
odr7p_NH4Br,JNL_10off_120on_50off,461,46011,49539900
odr7p_NH4Br,JNL_10off_120on_50off,462,46111,49567800
odr7p_NH4Br,JNL_10off_120on_50off,463,46211,49467600
odr7p_NH4Br,JNL_10off_120on_50off,464,46311,49485599.99999999
odr7p_NH4Br,JNL_10off_120on_50off,465,46411,49479900
odr7p_NH4Br,JNL_10off_120on_50off,466,46511,49329700
odr7p_NH4Br,JNL_10off_120on_50off,467,46611,49552800
odr7p_NH4Br,JNL_10off_120on_50off,468,46711,49219600
odr7p_NH4Br,JNL_10off_120on_50off,469,46811,49408400
odr7p_NH4Br,JNL_10off_120on_50off,470,46911,49093200
odr7p_NH4Br,JNL_10off_120on_50off,471,47011,49082900
odr7p_NH4Br,JNL_10off_120on_50off,472,47111,49321900
odr7p_NH4Br,JNL_10off_120on_50off,473,47211,49266800
odr7p_NH4Br,JNL_10off_120on_50off,474,47311,49068200
odr7p_NH4Br,JNL_10off_120on_50off,475,47411,49225700
odr7p_NH4Br,JNL_10off_120on_50off,476,47511,49363100
odr7p_NH4Br,JNL_10off_120on_50off,477,47611,49253000
odr7p_NH4Br,JNL_10off_120on_50off,478,47711,49355200
odr7p_NH4Br,JNL_10off_120on_50off,479,47811,49131100
odr7p_NH4Br,JNL_10off_120on_50off,480,47911,49096700
odr7p_NH4Br,JNL_10off_120on_50off,481,48011,49156000.00000001
odr7p_NH4Br,JNL_10off_120on_50off,482,48111,49029700
odr7p_NH4Br,JNL_10off_120on_50off,483,48211,48752100
odr7p_NH4Br,JNL_10off_120on_50off,484,48311,48951399.99999999
odr7p_NH4Br,JNL_10off_120on_50off,485,48411,49037000
odr7p_NH4Br,JNL_10off_120on_50off,486,48511,48980600
odr7p_NH4Br,JNL_10off_120on_50off,487,48611,48829600
odr7p_NH4Br,JNL_10off_120on_50off,488,48711,48892800
odr7p_NH4Br,JNL_10off_120on_50off,489,48811,48740900
odr7p_NH4Br,JNL_10off_120on_50off,490,48911,49269999.99999999
odr7p_NH4Br,JNL_10off_120on_50off,491,49011,49063600
odr7p_NH4Br,JNL_10off_120on_50off,492,49111,49097799.99999999
odr7p_NH4Br,JNL_10off_120on_50off,493,49211,49010999.99999999
odr7p_NH4Br,JNL_10off_120on_50off,494,49311,49083600
odr7p_NH4Br,JNL_10off_120on_50off,495,49411,49320100
odr7p_NH4Br,JNL_10off_120on_50off,496,49511,49267700
odr7p_NH4Br,JNL_10off_120on_50off,497,49611,49319200
odr7p_NH4Br,JNL_10off_120on_50off,498,49711,49013099.99999999
odr7p_NH4Br,JNL_10off_120on_50off,499,49811,49045300
odr7p_NH4Br,JNL_10off_120on_50off,500,49911,48996000.00000001
odr7p_NH4Br,JNL_10off_120on_50off,501,50011,49258499.99999999
odr7p_NH4Br,JNL_10off_120on_50off,502,50111,48999400
odr7p_NH4Br,JNL_10off_120on_50off,503,50211,49182300
odr7p_NH4Br,JNL_10off_120on_50off,504,50311,49045400
odr7p_NH4Br,JNL_10off_120on_50off,505,50411,49182700
odr7p_NH4Br,JNL_10off_120on_50off,506,50511,49003900
odr7p_NH4Br,JNL_10off_120on_50off,507,50611,49236100
odr7p_NH4Br,JNL_10off_120on_50off,508,50711,49100300
odr7p_NH4Br,JNL_10off_120on_50off,509,50811,48933600.00000001
odr7p_NH4Br,JNL_10off_120on_50off,510,50911,49180900
odr7p_NH4Br,JNL_10off_120on_50off,511,51011,48910700
odr7p_NH4Br,JNL_10off_120on_50off,512,51111,49134200
odr7p_NH4Br,JNL_10off_120on_50off,513,51211,48981199.99999999
odr7p_NH4Br,JNL_10off_120on_50off,514,51311,49066900
odr7p_NH4Br,JNL_10off_120on_50off,515,51411,49142500
odr7p_NH4Br,JNL_10off_120on_50off,516,51511,49299600
odr7p_NH4Br,JNL_10off_120on_50off,517,51611,49181700
odr7p_NH4Br,JNL_10off_120on_50off,518,51711,49182000
odr7p_NH4Br,JNL_10off_120on_50off,519,51811,48886900.00000001
odr7p_NH4Br,JNL_10off_120on_50off,520,51911,49036799.99999999
odr7p_NH4Br,JNL_10off_120on_50off,521,52011,49215300
odr7p_NH4Br,JNL_10off_120on_50off,522,52111,49235500
odr7p_NH4Br,JNL_10off_120on_50off,523,52211,48956000
odr7p_NH4Br,JNL_10off_120on_50off,524,52311,48717700
odr7p_NH4Br,JNL_10off_120on_50off,525,52411,49016800
odr7p_NH4Br,JNL_10off_120on_50off,526,52511,49329800
odr7p_NH4Br,JNL_10off_120on_50off,527,52611,49983500
odr7p_NH4Br,JNL_10off_120on_50off,528,52711,49947900
odr7p_NH4Br,JNL_10off_120on_50off,529,52811,50122799.99999999
odr7p_NH4Br,JNL_10off_120on_50off,530,52911,49698500
odr7p_NH4Br,JNL_10off_120on_50off,531,53011,49910400
odr7p_NH4Br,JNL_10off_120on_50off,532,53111,49758100
odr7p_NH4Br,JNL_10off_120on_50off,533,53211,49962099.99999999
odr7p_NH4Br,JNL_10off_120on_50off,534,53311,49671500
odr7p_NH4Br,JNL_10off_120on_50off,535,53411,49889500
odr7p_NH4Br,JNL_10off_120on_50off,536,53511,49714300
odr7p_NH4Br,JNL_10off_120on_50off,537,53611,49916900
odr7p_NH4Br,JNL_10off_120on_50off,538,53711,49778100
odr7p_NH4Br,JNL_10off_120on_50off,539,53811,49390000
odr7p_NH4Br,JNL_10off_120on_50off,540,53911,49447700
odr7p_NH4Br,JNL_10off_120on_50off,541,54011,49772500
odr7p_NH4Br,JNL_10off_120on_50off,542,54111,49608900
odr7p_NH4Br,JNL_10off_120on_50off,543,54211,49606100
odr7p_NH4Br,JNL_10off_120on_50off,544,54311,49585800.00000001
odr7p_NH4Br,JNL_10off_120on_50off,545,54411,49498200
odr7p_NH4Br,JNL_10off_120on_50off,546,54511,49477000
odr7p_NH4Br,JNL_10off_120on_50off,547,54611,49777699.99999999
odr7p_NH4Br,JNL_10off_120on_50off,548,54711,49544400
odr7p_NH4Br,JNL_10off_120on_50off,549,54811,49455300
odr7p_NH4Br,JNL_10off_120on_50off,550,54911,49376000
odr7p_NH4Br,JNL_10off_120on_50off,551,55011,49569900
odr7p_NH4Br,JNL_10off_120on_50off,552,55111,49359400.00000001
odr7p_NH4Br,JNL_10off_120on_50off,553,55211,49511000
odr7p_NH4Br,JNL_10off_120on_50off,554,55311,49159499.99999999
odr7p_NH4Br,JNL_10off_120on_50off,555,55411,49589200
odr7p_NH4Br,JNL_10off_120on_50off,556,55511,49338499.99999999
odr7p_NH4Br,JNL_10off_120on_50off,557,55611,49258600
odr7p_NH4Br,JNL_10off_120on_50off,558,55711,49344200
odr7p_NH4Br,JNL_10off_120on_50off,559,55811,49194900
odr7p_NH4Br,JNL_10off_120on_50off,560,55911,49413800
odr7p_NH4Br,JNL_10off_120on_50off,561,56011,49314099.99999999
odr7p_NH4Br,JNL_10off_120on_50off,562,56111,49532000
odr7p_NH4Br,JNL_10off_120on_50off,563,56211,49376700
odr7p_NH4Br,JNL_10off_120on_50off,564,56311,49191900.00000001
odr7p_NH4Br,JNL_10off_120on_50off,565,56411,49123599.99999999
odr7p_NH4Br,JNL_10off_120on_50off,566,56511,49142000
odr7p_NH4Br,JNL_10off_120on_50off,567,56611,49077400.00000001
odr7p_NH4Br,JNL_10off_120on_50off,568,56711,49424800
odr7p_NH4Br,JNL_10off_120on_50off,569,56811,49214300
odr7p_NH4Br,JNL_10off_120on_50off,570,56911,49374900.00000001
odr7p_NH4Br,JNL_10off_120on_50off,571,57011,49204700
odr7p_NH4Br,JNL_10off_120on_50off,572,57111,49172900.00000001
odr7p_NH4Br,JNL_10off_120on_50off,573,57211,49132700
odr7p_NH4Br,JNL_10off_120on_50off,574,57311,49046900.00000001
odr7p_NH4Br,JNL_10off_120on_50off,575,57411,49276000
odr7p_NH4Br,JNL_10off_120on_50off,576,57511,49147700
odr7p_NH4Br,JNL_10off_120on_50off,577,57611,48947500
odr7p_NH4Br,JNL_10off_120on_50off,578,57711,49082000
odr7p_NH4Br,JNL_10off_120on_50off,579,57811,49230300
odr7p_NH4Br,JNL_10off_120on_50off,580,57911,49145400
odr7p_NH4Br,JNL_10off_120on_50off,581,58011,49271800
odr7p_NH4Br,JNL_10off_120on_50off,582,58111,49375000
odr7p_NH4Br,JNL_10off_120on_50off,583,58211,48992900
odr7p_NH4Br,JNL_10off_120on_50off,584,58311,48922700
odr7p_NH4Br,JNL_10off_120on_50off,585,58411,49045700
odr7p_NH4Br,JNL_10off_120on_50off,586,58511,49003600
odr7p_NH4Br,JNL_10off_120on_50off,587,58611,49037200
odr7p_NH4Br,JNL_10off_120on_50off,588,58711,48859000
odr7p_NH4Br,JNL_10off_120on_50off,589,58811,48981600
odr7p_NH4Br,JNL_10off_120on_50off,590,58911,48916000.00000001
odr7p_NH4Br,JNL_10off_120on_50off,591,59011,49032300
odr7p_NH4Br,JNL_10off_120on_50off,592,59111,49360099.99999999
odr7p_NH4Br,JNL_10off_120on_50off,593,59211,48804800.00000001
odr7p_NH4Br,JNL_10off_120on_50off,594,59311,48898300
odr7p_NH4Br,JNL_10off_120on_50off,595,59411,48735200
odr7p_NH4Br,JNL_10off_120on_50off,596,59511,48886200.00000001
odr7p_NH4Br,JNL_10off_120on_50off,597,59611,48970700
odr7p_NH4Br,JNL_10off_120on_50off,598,59711,48871399.99999999
odr7p_NH4Br,JNL_10off_120on_50off,599,59811,49101300
odr7p_NH4Br,JNL_10off_120on_50off,600,59911,48816400
odr7p_NH4Br,JNL_10off_120on_50off,601,60011,48694800
odr7p_NH4Br,JNL_10off_120on_50off,602,60111,48759000
odr7p_NH4Br,JNL_10off_120on_50off,603,60211,48961300
odr7p_NH4Br,JNL_10off_120on_50off,604,60311,48679200
odr7p_NH4Br,JNL_10off_120on_50off,605,60411,48713600
odr7p_NH4Br,JNL_10off_120on_50off,606,60511,48934600
odr7p_NH4Br,JNL_10off_120on_50off,607,60611,48710500
odr7p_NH4Br,JNL_10off_120on_50off,608,60711,48733000.00000001
odr7p_NH4Br,JNL_10off_120on_50off,609,60811,48822599.99999999
odr7p_NH4Br,JNL_10off_120on_50off,610,60911,48849900
odr7p_NH4Br,JNL_10off_120on_50off,611,61011,48803599.99999999
odr7p_NH4Br,JNL_10off_120on_50off,612,61111,48712400
odr7p_NH4Br,JNL_10off_120on_50off,613,61211,48903900
odr7p_NH4Br,JNL_10off_120on_50off,614,61311,48736800
odr7p_NH4Br,JNL_10off_120on_50off,615,61411,48696500
odr7p_NH4Br,JNL_10off_120on_50off,616,61511,48819500
odr7p_NH4Br,JNL_10off_120on_50off,617,61611,48625299.99999999
odr7p_NH4Br,JNL_10off_120on_50off,618,61711,48782700
odr7p_NH4Br,JNL_10off_120on_50off,619,61811,48613900
odr7p_NH4Br,JNL_10off_120on_50off,620,61911,48633800
odr7p_NH4Br,JNL_10off_120on_50off,621,62011,48682700
odr7p_NH4Br,JNL_10off_120on_50off,622,62121,48481200
odr7p_NH4Br,JNL_10off_120on_50off,623,62211,48500300
odr7p_NH4Br,JNL_10off_120on_50off,624,62311,48417899.99999999
odr7p_NH4Br,JNL_10off_120on_50off,625,62411,48266800
odr7p_NH4Br,JNL_10off_120on_50off,626,62511,48386500
odr7p_NH4Br,JNL_10off_120on_50off,627,62611,48207500
odr7p_NH4Br,JNL_10off_120on_50off,628,62711,48231000
odr7p_NH4Br,JNL_10off_120on_50off,629,62811,48375899.99999999
odr7p_NH4Br,JNL_10off_120on_50off,630,62911,48285000
odr7p_NH4Br,JNL_10off_120on_50off,631,63011,48172700
odr7p_NH4Br,JNL_10off_120on_50off,632,63121,48407300
odr7p_NH4Br,JNL_10off_120on_50off,633,63221,48335200
odr7p_NH4Br,JNL_10off_120on_50off,634,63321,48407900
odr7p_NH4Br,JNL_10off_120on_50off,635,63421,48429000
odr7p_NH4Br,JNL_10off_120on_50off,636,63521,48443900
odr7p_NH4Br,JNL_10off_120on_50off,637,63621,48240200
odr7p_NH4Br,JNL_10off_120on_50off,638,63721,48303200.00000001
odr7p_NH4Br,JNL_10off_120on_50off,639,63821,48215700
odr7p_NH4Br,JNL_10off_120on_50off,640,63921,48099100
odr7p_NH4Br,JNL_10off_120on_50off,641,64021,48178300
odr7p_NH4Br,JNL_10off_120on_50off,642,64121,48237900
odr7p_NH4Br,JNL_10off_120on_50off,643,64221,47980200
odr7p_NH4Br,JNL_10off_120on_50off,644,64321,48147000
odr7p_NH4Br,JNL_10off_120on_50off,645,64421,47902500
odr7p_NH4Br,JNL_10off_120on_50off,646,64521,47971500
odr7p_NH4Br,JNL_10off_120on_50off,647,64621,48246800
odr7p_NH4Br,JNL_10off_120on_50off,648,64721,47977100
odr7p_NH4Br,JNL_10off_120on_50off,649,64821,47895600
odr7p_NH4Br,JNL_10off_120on_50off,650,64921,48380100
odr7p_NH4Br,JNL_10off_120on_50off,651,65021,48102100
odr7p_NH4Br,JNL_10off_120on_50off,652,65121,48167600.00000001
odr7p_NH4Br,JNL_10off_120on_50off,653,65221,48209500
odr7p_NH4Br,JNL_10off_120on_50off,654,65321,48457300
odr7p_NH4Br,JNL_10off_120on_50off,655,65421,48433800
odr7p_NH4Br,JNL_10off_120on_50off,656,65521,48348200
odr7p_NH4Br,JNL_10off_120on_50off,657,65621,48639500
odr7p_NH4Br,JNL_10off_120on_50off,658,65721,48193800
odr7p_NH4Br,JNL_10off_120on_50off,659,65821,48259999.99999999
odr7p_NH4Br,JNL_10off_120on_50off,660,65921,47977500
odr7p_NH4Br,JNL_10off_120on_50off,661,66021,48217100.00000001
odr7p_NH4Br,JNL_10off_120on_50off,662,66121,48362400
odr7p_NH4Br,JNL_10off_120on_50off,663,66221,48077800
odr7p_NH4Br,JNL_10off_120on_50off,664,66321,48057200
odr7p_NH4Br,JNL_10off_120on_50off,665,66421,48076100.00000001
odr7p_NH4Br,JNL_10off_120on_50off,666,66521,48183900
odr7p_NH4Br,JNL_10off_120on_50off,667,66621,48324600
odr7p_NH4Br,JNL_10off_120on_50off,668,66721,48256900
odr7p_NH4Br,JNL_10off_120on_50off,669,66821,48079200
odr7p_NH4Br,JNL_10off_120on_50off,670,66921,47971800
odr7p_NH4Br,JNL_10off_120on_50off,671,67021,47776300
odr7p_NH4Br,JNL_10off_120on_50off,672,67121,47878500
odr7p_NH4Br,JNL_10off_120on_50off,673,67221,48074199.99999999
odr7p_NH4Br,JNL_10off_120on_50off,674,67321,47992800.00000001
odr7p_NH4Br,JNL_10off_120on_50off,675,67421,47762000
odr7p_NH4Br,JNL_10off_120on_50off,676,67521,47961800
odr7p_NH4Br,JNL_10off_120on_50off,677,67621,47908099.99999999
odr7p_NH4Br,JNL_10off_120on_50off,678,67721,47758600
odr7p_NH4Br,JNL_10off_120on_50off,679,67821,47925000.00000001
odr7p_NH4Br,JNL_10off_120on_50off,680,67921,47748400
odr7p_NH4Br,JNL_10off_120on_50off,681,68021,47783300.00000001
odr7p_NH4Br,JNL_10off_120on_50off,682,68121,47913600
odr7p_NH4Br,JNL_10off_120on_50off,683,68221,47716700
odr7p_NH4Br,JNL_10off_120on_50off,684,68321,47819100
odr7p_NH4Br,JNL_10off_120on_50off,685,68421,47892100
odr7p_NH4Br,JNL_10off_120on_50off,686,68521,48111400
odr7p_NH4Br,JNL_10off_120on_50off,687,68621,48016500.00000001
odr7p_NH4Br,JNL_10off_120on_50off,688,68721,47816100
odr7p_NH4Br,JNL_10off_120on_50off,689,68821,47713599.99999999
odr7p_NH4Br,JNL_10off_120on_50off,690,68921,47866200
odr7p_NH4Br,JNL_10off_120on_50off,691,69021,47703400
odr7p_NH4Br,JNL_10off_120on_50off,692,69121,47826300
odr7p_NH4Br,JNL_10off_120on_50off,693,69221,47909100
odr7p_NH4Br,JNL_10off_120on_50off,694,69321,47540200
odr7p_NH4Br,JNL_10off_120on_50off,695,69421,47549300
odr7p_NH4Br,JNL_10off_120on_50off,696,69521,47422100
odr7p_NH4Br,JNL_10off_120on_50off,697,69621,47634299.99999999
odr7p_NH4Br,JNL_10off_120on_50off,698,69721,47504000
odr7p_NH4Br,JNL_10off_120on_50off,699,69821,47876400
odr7p_NH4Br,JNL_10off_120on_50off,700,69921,47503500
odr7p_NH4Br,JNL_10off_120on_50off,701,70021,47668799.99999999
odr7p_NH4Br,JNL_10off_120on_50off,702,70121,47775999.99999999
odr7p_NH4Br,JNL_10off_120on_50off,703,70221,47728000
odr7p_NH4Br,JNL_10off_120on_50off,704,70321,47389200
odr7p_NH4Br,JNL_10off_120on_50off,705,70421,47585300
odr7p_NH4Br,JNL_10off_120on_50off,706,70521,47793500
odr7p_NH4Br,JNL_10off_120on_50off,707,70621,47660600.00000001
odr7p_NH4Br,JNL_10off_120on_50off,708,70721,47749000
odr7p_NH4Br,JNL_10off_120on_50off,709,70821,47569200
odr7p_NH4Br,JNL_10off_120on_50off,710,70921,47503100
odr7p_NH4Br,JNL_10off_120on_50off,711,71021,47526800
odr7p_NH4Br,JNL_10off_120on_50off,712,71121,47512400
odr7p_NH4Br,JNL_10off_120on_50off,713,71221,47641800
odr7p_NH4Br,JNL_10off_120on_50off,714,71321,47556100
odr7p_NH4Br,JNL_10off_120on_50off,715,71421,47693800
odr7p_NH4Br,JNL_10off_120on_50off,716,71521,47544100
odr7p_NH4Br,JNL_10off_120on_50off,717,71621,47323900
odr7p_NH4Br,JNL_10off_120on_50off,718,71721,47494500.00000001
odr7p_NH4Br,JNL_10off_120on_50off,719,71821,47764400
odr7p_NH4Br,JNL_10off_120on_50off,720,71921,47610599.99999999
odr7p_NH4Br,JNL_10off_120on_50off,721,72021,47508600
odr7p_NH4Br,JNL_10off_120on_50off,722,72121,47525000.00000001
odr7p_NH4Br,JNL_10off_120on_50off,723,72221,47612100
odr7p_NH4Br,JNL_10off_120on_50off,724,72321,47480500
odr7p_NH4Br,JNL_10off_120on_50off,725,72421,47613000
odr7p_NH4Br,JNL_10off_120on_50off,726,72521,47492599.99999999
odr7p_NH4Br,JNL_10off_120on_50off,727,72621,47842700
odr7p_NH4Br,JNL_10off_120on_50off,728,72721,47833000
odr7p_NH4Br,JNL_10off_120on_50off,729,72821,47625800
odr7p_NH4Br,JNL_10off_120on_50off,730,72921,47637500
odr7p_NH4Br,JNL_10off_120on_50off,731,73021,47846200
odr7p_NH4Br,JNL_10off_120on_50off,732,73121,47840299.99999999
odr7p_NH4Br,JNL_10off_120on_50off,733,73221,47992300
odr7p_NH4Br,JNL_10off_120on_50off,734,73321,47873400.00000001
odr7p_NH4Br,JNL_10off_120on_50off,735,73421,47232000
odr7p_NH4Br,JNL_10off_120on_50off,736,73521,47526400.00000001
odr7p_NH4Br,JNL_10off_120on_50off,737,73621,47451100.00000001
odr7p_NH4Br,JNL_10off_120on_50off,738,73721,47467800
odr7p_NH4Br,JNL_10off_120on_50off,739,73821,47241799.99999999
odr7p_NH4Br,JNL_10off_120on_50off,740,73921,47385700
odr7p_NH4Br,JNL_10off_120on_50off,741,74021,47528100
odr7p_NH4Br,JNL_10off_120on_50off,742,74121,47477900
odr7p_NH4Br,JNL_10off_120on_50off,743,74221,47765400
odr7p_NH4Br,JNL_10off_120on_50off,744,74321,47294400
odr7p_NH4Br,JNL_10off_120on_50off,745,74421,47613899.99999999
odr7p_NH4Br,JNL_10off_120on_50off,746,74521,47649600
odr7p_NH4Br,JNL_10off_120on_50off,747,74621,47450100
odr7p_NH4Br,JNL_10off_120on_50off,748,74721,47575000
odr7p_NH4Br,JNL_10off_120on_50off,749,74821,47395600
odr7p_NH4Br,JNL_10off_120on_50off,750,74921,47568700
odr7p_NH4Br,JNL_10off_120on_50off,751,75021,47413700
odr7p_NH4Br,JNL_10off_120on_50off,752,75121,47701300
odr7p_NH4Br,JNL_10off_120on_50off,753,75221,47361500
odr7p_NH4Br,JNL_10off_120on_50off,754,75321,47381100
odr7p_NH4Br,JNL_10off_120on_50off,755,75421,46844800
odr7p_NH4Br,JNL_10off_120on_50off,756,75521,47135500
odr7p_NH4Br,JNL_10off_120on_50off,757,75621,47411300
odr7p_NH4Br,JNL_10off_120on_50off,758,75721,47277300
odr7p_NH4Br,JNL_10off_120on_50off,759,75821,47484400.00000001
odr7p_NH4Br,JNL_10off_120on_50off,760,75921,47290400
odr7p_NH4Br,JNL_10off_120on_50off,761,76021,46944500
odr7p_NH4Br,JNL_10off_120on_50off,762,76121,47345600
odr7p_NH4Br,JNL_10off_120on_50off,763,76221,47225900
odr7p_NH4Br,JNL_10off_120on_50off,764,76321,47832500
odr7p_NH4Br,JNL_10off_120on_50off,765,76421,48921200
odr7p_NH4Br,JNL_10off_120on_50off,766,76521,49330299.99999999
odr7p_NH4Br,JNL_10off_120on_50off,767,76621,49310200
odr7p_NH4Br,JNL_10off_120on_50off,768,76721,49552100
odr7p_NH4Br,JNL_10off_120on_50off,769,76821,49368100
odr7p_NH4Br,JNL_10off_120on_50off,770,76921,49637600
odr7p_NH4Br,JNL_10off_120on_50off,771,77021,49755200.00000001
odr7p_NH4Br,JNL_10off_120on_50off,772,77121,49989900
odr7p_NH4Br,JNL_10off_120on_50off,773,77221,49829100.00000001
odr7p_NH4Br,JNL_10off_120on_50off,774,77321,49645400.00000001
odr7p_NH4Br,JNL_10off_120on_50off,775,77421,49799700
odr7p_NH4Br,JNL_10off_120on_50off,776,77521,49305700
odr7p_NH4Br,JNL_10off_120on_50off,777,77621,49415800
odr7p_NH4Br,JNL_10off_120on_50off,778,77721,49418100
odr7p_NH4Br,JNL_10off_120on_50off,779,77821,49281900
odr7p_NH4Br,JNL_10off_120on_50off,780,77921,49296400
odr7p_NH4Br,JNL_10off_120on_50off,781,78021,49092800
odr7p_NH4Br,JNL_10off_120on_50off,782,78121,49252000
odr7p_NH4Br,JNL_10off_120on_50off,783,78221,49175600
odr7p_NH4Br,JNL_10off_120on_50off,784,78321,49219400
odr7p_NH4Br,JNL_10off_120on_50off,785,78421,49132000
odr7p_NH4Br,JNL_10off_120on_50off,786,78521,49233500
odr7p_NH4Br,JNL_10off_120on_50off,787,78621,49143200
odr7p_NH4Br,JNL_10off_120on_50off,788,78721,49324199.99999999
odr7p_NH4Br,JNL_10off_120on_50off,789,78821,49270200
odr7p_NH4Br,JNL_10off_120on_50off,790,78921,49270100
odr7p_NH4Br,JNL_10off_120on_50off,791,79021,49465700
odr7p_NH4Br,JNL_10off_120on_50off,792,79121,49455000
odr7p_NH4Br,JNL_10off_120on_50off,793,79221,49267300
odr7p_NH4Br,JNL_10off_120on_50off,794,79321,48940200
odr7p_NH4Br,JNL_10off_120on_50off,795,79421,49053800
odr7p_NH4Br,JNL_10off_120on_50off,796,79521,49037900
odr7p_NH4Br,JNL_10off_120on_50off,797,79621,49201400
odr7p_NH4Br,JNL_10off_120on_50off,798,79721,49085400
odr7p_NH4Br,JNL_10off_120on_50off,799,79821,48916300
odr7p_NH4Br,JNL_10off_120on_50off,800,79921,48977900
odr7p_NH4Br,JNL_10off_120on_50off,801,80021,48973600
odr7p_NH4Br,JNL_10off_120on_50off,802,80121,49047900
odr7p_NH4Br,JNL_10off_120on_50off,803,80221,48695600
odr7p_NH4Br,JNL_10off_120on_50off,804,80321,48676400
odr7p_NH4Br,JNL_10off_120on_50off,805,80421,48806100
odr7p_NH4Br,JNL_10off_120on_50off,806,80521,48875200
odr7p_NH4Br,JNL_10off_120on_50off,807,80621,48864800
odr7p_NH4Br,JNL_10off_120on_50off,808,80721,49245100
odr7p_NH4Br,JNL_10off_120on_50off,809,80821,48779400
odr7p_NH4Br,JNL_10off_120on_50off,810,80921,49022600
odr7p_NH4Br,JNL_10off_120on_50off,811,81021,49156000.00000001
odr7p_NH4Br,JNL_10off_120on_50off,812,81121,49009300
odr7p_NH4Br,JNL_10off_120on_50off,813,81221,48873900
odr7p_NH4Br,JNL_10off_120on_50off,814,81321,48723400
odr7p_NH4Br,JNL_10off_120on_50off,815,81421,48822900
odr7p_NH4Br,JNL_10off_120on_50off,816,81521,48848300
odr7p_NH4Br,JNL_10off_120on_50off,817,81621,48414500
odr7p_NH4Br,JNL_10off_120on_50off,818,81721,48704100
odr7p_NH4Br,JNL_10off_120on_50off,819,81821,48662500
odr7p_NH4Br,JNL_10off_120on_50off,820,81921,48610300.00000001
odr7p_NH4Br,JNL_10off_120on_50off,821,82021,49021600
odr7p_NH4Br,JNL_10off_120on_50off,822,82121,48771400
odr7p_NH4Br,JNL_10off_120on_50off,823,82221,48686800
odr7p_NH4Br,JNL_10off_120on_50off,824,82321,48546100
odr7p_NH4Br,JNL_10off_120on_50off,825,82421,48741700
odr7p_NH4Br,JNL_10off_120on_50off,826,82521,48899900
odr7p_NH4Br,JNL_10off_120on_50off,827,82621,48812800
odr7p_NH4Br,JNL_10off_120on_50off,828,82721,48759700
odr7p_NH4Br,JNL_10off_120on_50off,829,82821,49050399.99999999
odr7p_NH4Br,JNL_10off_120on_50off,830,82921,48766600
odr7p_NH4Br,JNL_10off_120on_50off,831,83021,48610800
odr7p_NH4Br,JNL_10off_120on_50off,832,83121,48825600
odr7p_NH4Br,JNL_10off_120on_50off,833,83221,48901899.99999999
odr7p_NH4Br,JNL_10off_120on_50off,834,83321,48778200
odr7p_NH4Br,JNL_10off_120on_50off,835,83421,48819000
odr7p_NH4Br,JNL_10off_120on_50off,836,83521,48753300
odr7p_NH4Br,JNL_10off_120on_50off,837,83621,48912000.00000001
odr7p_NH4Br,JNL_10off_120on_50off,838,83721,48963599.99999999
odr7p_NH4Br,JNL_10off_120on_50off,839,83821,48756700.00000001
odr7p_NH4Br,JNL_10off_120on_50off,840,83921,49028400
odr7p_NH4Br,JNL_10off_120on_50off,841,84021,48809500
odr7p_NH4Br,JNL_10off_120on_50off,842,84121,48844200.00000001
odr7p_NH4Br,JNL_10off_120on_50off,843,84221,48655000
odr7p_NH4Br,JNL_10off_120on_50off,844,84321,48734000
odr7p_NH4Br,JNL_10off_120on_50off,845,84421,48883599.99999999
odr7p_NH4Br,JNL_10off_120on_50off,846,84521,49034900
odr7p_NH4Br,JNL_10off_120on_50off,847,84621,48518600
odr7p_NH4Br,JNL_10off_120on_50off,848,84721,48751000
odr7p_NH4Br,JNL_10off_120on_50off,849,84821,48972400
odr7p_NH4Br,JNL_10off_120on_50off,850,84921,48658000
odr7p_NH4Br,JNL_10off_120on_50off,851,85021,48633400
odr7p_NH4Br,JNL_10off_120on_50off,852,85121,48599600
odr7p_NH4Br,JNL_10off_120on_50off,853,85221,48791100
odr7p_NH4Br,JNL_10off_120on_50off,854,85321,48792700
odr7p_NH4Br,JNL_10off_120on_50off,855,85421,48383800
odr7p_NH4Br,JNL_10off_120on_50off,856,85521,48758200
odr7p_NH4Br,JNL_10off_120on_50off,857,85621,48512000.00000001
odr7p_NH4Br,JNL_10off_120on_50off,858,85721,48637000
odr7p_NH4Br,JNL_10off_120on_50off,859,85821,48417400
odr7p_NH4Br,JNL_10off_120on_50off,860,85921,48717499.99999999
odr7p_NH4Br,JNL_10off_120on_50off,861,86021,48625700
odr7p_NH4Br,JNL_10off_120on_50off,862,86121,48469100
odr7p_NH4Br,JNL_10off_120on_50off,863,86221,48620500
odr7p_NH4Br,JNL_10off_120on_50off,864,86321,48458100
odr7p_NH4Br,JNL_10off_120on_50off,865,86421,48492600
odr7p_NH4Br,JNL_10off_120on_50off,866,86521,48424699.99999999
odr7p_NH4Br,JNL_10off_120on_50off,867,86621,48606299.99999999
odr7p_NH4Br,JNL_10off_120on_50off,868,86721,48410300
odr7p_NH4Br,JNL_10off_120on_50off,869,86821,48206400
odr7p_NH4Br,JNL_10off_120on_50off,870,86921,48342000
odr7p_NH4Br,JNL_10off_120on_50off,871,87021,48222900
odr7p_NH4Br,JNL_10off_120on_50off,872,87121,48367699.99999999
odr7p_NH4Br,JNL_10off_120on_50off,873,87221,48113700
odr7p_NH4Br,JNL_10off_120on_50off,874,87321,48472000
odr7p_NH4Br,JNL_10off_120on_50off,875,87421,NA
odr7p_NH4Br,JNL_10off_120on_50off,876,87521,48356400
odr7p_NH4Br,JNL_10off_120on_50off,877,87621,48254500
odr7p_NH4Br,JNL_10off_120on_50off,878,87721,48593800
odr7p_NH4Br,JNL_10off_120on_50off,879,87821,48498000
odr7p_NH4Br,JNL_10off_120on_50off,880,87921,48269600
odr7p_NH4Br,JNL_10off_120on_50off,881,88021,48625100
odr7p_NH4Br,JNL_10off_120on_50off,882,88121,48484000
odr7p_NH4Br,JNL_10off_120on_50off,883,88221,48599100
odr7p_NH4Br,JNL_10off_120on_50off,884,88321,48365900
odr7p_NH4Br,JNL_10off_120on_50off,885,88421,48298000
odr7p_NH4Br,JNL_10off_120on_50off,886,88521,48156300
odr7p_NH4Br,JNL_10off_120on_50off,887,88621,48128800
odr7p_NH4Br,JNL_10off_120on_50off,888,88721,48269700
odr7p_NH4Br,JNL_10off_120on_50off,889,88821,48336900
odr7p_NH4Br,JNL_10off_120on_50off,890,88921,47853600
odr7p_NH4Br,JNL_10off_120on_50off,891,89021,48409600
odr7p_NH4Br,JNL_10off_120on_50off,892,89121,48390900
odr7p_NH4Br,JNL_10off_120on_50off,893,89221,48056400
odr7p_NH4Br,JNL_10off_120on_50off,894,89321,47970100
odr7p_NH4Br,JNL_10off_120on_50off,895,89421,47950000
odr7p_NH4Br,JNL_10off_120on_50off,896,89521,48083400
odr7p_NH4Br,JNL_10off_120on_50off,897,89621,48144600.00000001
odr7p_NH4Br,JNL_10off_120on_50off,898,89721,47944500
odr7p_NH4Br,JNL_10off_120on_50off,899,89821,48197700
odr7p_NH4Br,JNL_10off_120on_50off,900,89921,47768800
odr7p_NH4Br,JNL_10off_120on_50off,901,90021,47928800
odr7p_NH4Br,JNL_10off_120on_50off,902,90121,48354600
odr7p_NH4Br,JNL_10off_120on_50off,903,90221,48181500
odr7p_NH4Br,JNL_10off_120on_50off,904,90321,48086100
odr7p_NH4Br,JNL_10off_120on_50off,905,90421,NA
odr7p_NH4Br,JNL_10off_120on_50off,906,90521,48061100
odr7p_NH4Br,JNL_10off_120on_50off,907,90621,48008600
odr7p_NH4Br,JNL_10off_120on_50off,908,90721,47788700.00000001
odr7p_NH4Br,JNL_10off_120on_50off,909,90821,48459600
odr7p_NH4Br,JNL_10off_120on_50off,910,90921,48131600
odr7p_NH4Br,JNL_10off_120on_50off,911,91021,47945800
odr7p_NH4Br,JNL_10off_120on_50off,912,91121,47979300
odr7p_NH4Br,JNL_10off_120on_50off,913,91221,47965500
odr7p_NH4Br,JNL_10off_120on_50off,914,91321,47824600.00000001
odr7p_NH4Br,JNL_10off_120on_50off,915,91421,47911700
odr7p_NH4Br,JNL_10off_120on_50off,916,91521,47798400
odr7p_NH4Br,JNL_10off_120on_50off,917,91621,47777700
odr7p_NH4Br,JNL_10off_120on_50off,918,91721,48013800
odr7p_NH4Br,JNL_10off_120on_50off,919,91821,47972100
odr7p_NH4Br,JNL_10off_120on_50off,920,91921,48058100
odr7p_NH4Br,JNL_10off_120on_50off,921,92021,48118100
odr7p_NH4Br,JNL_10off_120on_50off,922,92121,47704500
odr7p_NH4Br,JNL_10off_120on_50off,923,92221,48087000
odr7p_NH4Br,JNL_10off_120on_50off,924,92321,47911500
odr7p_NH4Br,JNL_10off_120on_50off,925,92421,47712100
odr7p_NH4Br,JNL_10off_120on_50off,926,92521,47668000
odr7p_NH4Br,JNL_10off_120on_50off,927,92621,47831600
odr7p_NH4Br,JNL_10off_120on_50off,928,92721,47985900
odr7p_NH4Br,JNL_10off_120on_50off,929,92821,48049400
odr7p_NH4Br,JNL_10off_120on_50off,930,92921,48120000
odr7p_NH4Br,JNL_10off_120on_50off,931,93021,47923000
odr7p_NH4Br,JNL_10off_120on_50off,932,93121,47808300
odr7p_NH4Br,JNL_10off_120on_50off,933,93221,48011900
odr7p_NH4Br,JNL_10off_120on_50off,934,93321,47911500
odr7p_NH4Br,JNL_10off_120on_50off,935,93421,47866600
odr7p_NH4Br,JNL_10off_120on_50off,936,93521,47756400
odr7p_NH4Br,JNL_10off_120on_50off,937,93621,47637800
odr7p_NH4Br,JNL_10off_120on_50off,938,93721,47915000
odr7p_NH4Br,JNL_10off_120on_50off,939,93821,47890700
odr7p_NH4Br,JNL_10off_120on_50off,940,93921,47706799.99999999
odr7p_NH4Br,JNL_10off_120on_50off,941,94021,47535100
odr7p_NH4Br,JNL_10off_120on_50off,942,94121,47553700
odr7p_NH4Br,JNL_10off_120on_50off,943,94221,47758400
odr7p_NH4Br,JNL_10off_120on_50off,944,94321,47642200
odr7p_NH4Br,JNL_10off_120on_50off,945,94421,47771600
odr7p_NH4Br,JNL_10off_120on_50off,946,94521,47816400
odr7p_NH4Br,JNL_10off_120on_50off,947,94621,47672100.00000001
odr7p_NH4Br,JNL_10off_120on_50off,948,94721,47541800
odr7p_NH4Br,JNL_10off_120on_50off,949,94821,47951499.99999999
odr7p_NH4Br,JNL_10off_120on_50off,950,94921,47850600
odr7p_NH4Br,JNL_10off_120on_50off,951,95021,47600200
odr7p_NH4Br,JNL_10off_120on_50off,952,95121,47719900
odr7p_NH4Br,JNL_10off_120on_50off,953,95221,47541200
odr7p_NH4Br,JNL_10off_120on_50off,954,95321,47940699.99999999
odr7p_NH4Br,JNL_10off_120on_50off,955,95421,47408200
odr7p_NH4Br,JNL_10off_120on_50off,956,95521,47829200
odr7p_NH4Br,JNL_10off_120on_50off,957,95621,47620800
odr7p_NH4Br,JNL_10off_120on_50off,958,95721,47797900
odr7p_NH4Br,JNL_10off_120on_50off,959,95821,47579500
odr7p_NH4Br,JNL_10off_120on_50off,960,95921,47995599.99999999
odr7p_NH4Br,JNL_10off_120on_50off,961,96021,47646900
odr7p_NH4Br,JNL_10off_120on_50off,962,96121,47406100
odr7p_NH4Br,JNL_10off_120on_50off,963,96221,47916999.99999999
odr7p_NH4Br,JNL_10off_120on_50off,964,96321,47821300.00000001
odr7p_NH4Br,JNL_10off_120on_50off,965,96421,47588600
odr7p_NH4Br,JNL_10off_120on_50off,966,96521,47591800
odr7p_NH4Br,JNL_10off_120on_50off,967,96621,47516200
odr7p_NH4Br,JNL_10off_120on_50off,968,96721,47602600
odr7p_NH4Br,JNL_10off_120on_50off,969,96821,47415600
odr7p_NH4Br,JNL_10off_120on_50off,970,96921,47296800
odr7p_NH4Br,JNL_10off_120on_50off,971,97021,47535299.99999999
odr7p_NH4Br,JNL_10off_120on_50off,972,97121,47614900
odr7p_NH4Br,JNL_10off_120on_50off,973,97221,47132400
odr7p_NH4Br,JNL_10off_120on_50off,974,97321,47424799.99999999
odr7p_NH4Br,JNL_10off_120on_50off,975,97421,47500900
odr7p_NH4Br,JNL_10off_120on_50off,976,97521,47440300.00000001
odr7p_NH4Br,JNL_10off_120on_50off,977,97621,46943000
odr7p_NH4Br,JNL_10off_120on_50off,978,97721,46825200
odr7p_NH4Br,JNL_10off_120on_50off,979,97821,46975300.00000001
odr7p_NH4Br,JNL_10off_120on_50off,980,97921,46924600
odr7p_NH4Br,JNL_10off_120on_50off,981,98021,46928300
odr7p_NH4Br,JNL_10off_120on_50off,982,98121,46764800
odr7p_NH4Br,JNL_10off_120on_50off,983,98221,47104600
odr7p_NH4Br,JNL_10off_120on_50off,984,98321,46965400
odr7p_NH4Br,JNL_10off_120on_50off,985,98421,46753400
odr7p_NH4Br,JNL_10off_120on_50off,986,98521,46742300
odr7p_NH4Br,JNL_10off_120on_50off,987,98621,46609600
odr7p_NH4Br,JNL_10off_120on_50off,988,98721,46895100
odr7p_NH4Br,JNL_10off_120on_50off,989,98821,46586200
odr7p_NH4Br,JNL_10off_120on_50off,990,98921,46618100
odr7p_NH4Br,JNL_10off_120on_50off,991,99021,46750500
odr7p_NH4Br,JNL_10off_120on_50off,992,99121,46523300
odr7p_NH4Br,JNL_10off_120on_50off,993,99221,46666299.99999999
odr7p_NH4Br,JNL_10off_120on_50off,994,99321,46482700
odr7p_NH4Br,JNL_10off_120on_50off,995,99421,46743600
odr7p_NH4Br,JNL_10off_120on_50off,996,99521,46340700
odr7p_NH4Br,JNL_10off_120on_50off,997,99621,46447900.00000001
odr7p_NH4Br,JNL_10off_120on_50off,998,99721,46459300
odr7p_NH4Br,JNL_10off_120on_50off,999,99821,46560700
odr7p_NH4Br,JNL_10off_120on_50off,1000,99921,46507800
odr7p_NH4Br,JNL_10off_120on_50off,1001,100021,46247900
odr7p_NH4Br,JNL_10off_120on_50off,1002,100121,46429400
odr7p_NH4Br,JNL_10off_120on_50off,1003,100221,46659700
odr7p_NH4Br,JNL_10off_120on_50off,1004,100321,46472800
odr7p_NH4Br,JNL_10off_120on_50off,1005,100421,46360300
odr7p_NH4Br,JNL_10off_120on_50off,1006,100521,46267400
odr7p_NH4Br,JNL_10off_120on_50off,1007,100621,46549600
odr7p_NH4Br,JNL_10off_120on_50off,1008,100721,46291100
odr7p_NH4Br,JNL_10off_120on_50off,1009,100821,46232900
odr7p_NH4Br,JNL_10off_120on_50off,1010,100921,46350700
odr7p_NH4Br,JNL_10off_120on_50off,1011,101021,46202400
odr7p_NH4Br,JNL_10off_120on_50off,1012,101121,46254099.99999999
odr7p_NH4Br,JNL_10off_120on_50off,1013,101221,45903800
odr7p_NH4Br,JNL_10off_120on_50off,1014,101321,46161700
odr7p_NH4Br,JNL_10off_120on_50off,1015,101421,46307000
odr7p_NH4Br,JNL_10off_120on_50off,1016,101521,45981900
odr7p_NH4Br,JNL_10off_120on_50off,1017,101621,46069900
odr7p_NH4Br,JNL_10off_120on_50off,1018,101721,46266100
odr7p_NH4Br,JNL_10off_120on_50off,1019,101821,46253100
odr7p_NH4Br,JNL_10off_120on_50off,1020,101921,45942600
odr7p_NH4Br,JNL_10off_120on_50off,1021,102021,46087800
odr7p_NH4Br,JNL_10off_120on_50off,1022,102121,46109000
odr7p_NH4Br,JNL_10off_120on_50off,1023,102221,45941200
odr7p_NH4Br,JNL_10off_120on_50off,1024,102321,45895500
odr7p_NH4Br,JNL_10off_120on_50off,1025,102421,46111300
odr7p_NH4Br,JNL_10off_120on_50off,1026,102521,45905100
odr7p_NH4Br,JNL_10off_120on_50off,1027,102621,45827800
odr7p_NH4Br,JNL_10off_120on_50off,1028,102721,45819100
odr7p_NH4Br,JNL_10off_120on_50off,1029,102821,45978100
odr7p_NH4Br,JNL_10off_120on_50off,1030,102921,45730700.00000001
odr7p_NH4Br,JNL_10off_120on_50off,1031,103021,45991900
odr7p_NH4Br,JNL_10off_120on_50off,1032,103121,45897000
odr7p_NH4Br,JNL_10off_120on_50off,1033,103221,45772100
odr7p_NH4Br,JNL_10off_120on_50off,1034,103321,45751099.99999999
odr7p_NH4Br,JNL_10off_120on_50off,1035,103421,45987600.00000001
odr7p_NH4Br,JNL_10off_120on_50off,1036,103521,45940700
odr7p_NH4Br,JNL_10off_120on_50off,1037,103621,45694400
odr7p_NH4Br,JNL_10off_120on_50off,1038,103721,45764300
odr7p_NH4Br,JNL_10off_120on_50off,1039,103821,45630000
odr7p_NH4Br,JNL_10off_120on_50off,1040,103921,45605300
odr7p_NH4Br,JNL_10off_120on_50off,1041,104021,45680600
odr7p_NH4Br,JNL_10off_120on_50off,1042,104121,45644300
odr7p_NH4Br,JNL_10off_120on_50off,1043,104221,45680400
odr7p_NH4Br,JNL_10off_120on_50off,1044,104321,45626100
odr7p_NH4Br,JNL_10off_120on_50off,1045,104421,45811100
odr7p_NH4Br,JNL_10off_120on_50off,1046,104521,45257200
odr7p_NH4Br,JNL_10off_120on_50off,1047,104621,45734500
odr7p_NH4Br,JNL_10off_120on_50off,1048,104721,45679000
odr7p_NH4Br,JNL_10off_120on_50off,1049,104821,45572900
odr7p_NH4Br,JNL_10off_120on_50off,1050,104921,45749600
odr7p_NH4Br,JNL_10off_120on_50off,1051,105021,45583200
odr7p_NH4Br,JNL_10off_120on_50off,1052,105121,45580500
odr7p_NH4Br,JNL_10off_120on_50off,1053,105221,45711000.00000001
odr7p_NH4Br,JNL_10off_120on_50off,1054,105321,45599900
odr7p_NH4Br,JNL_10off_120on_50off,1055,105421,45477100
odr7p_NH4Br,JNL_10off_120on_50off,1056,105521,45557700
odr7p_NH4Br,JNL_10off_120on_50off,1057,105621,45501300
odr7p_NH4Br,JNL_10off_120on_50off,1058,105721,45614900
odr7p_NH4Br,JNL_10off_120on_50off,1059,105821,45143500
odr7p_NH4Br,JNL_10off_120on_50off,1060,105921,45294900
odr7p_NH4Br,JNL_10off_120on_50off,1061,106021,45463699.99999999
odr7p_NH4Br,JNL_10off_120on_50off,1062,106121,45320300
odr7p_NH4Br,JNL_10off_120on_50off,1063,106221,45551000
odr7p_NH4Br,JNL_10off_120on_50off,1064,106321,45511600
odr7p_NH4Br,JNL_10off_120on_50off,1065,106421,45480900
odr7p_NH4Br,JNL_10off_120on_50off,1066,106521,45606300
odr7p_NH4Br,JNL_10off_120on_50off,1067,106621,45207800
odr7p_NH4Br,JNL_10off_120on_50off,1068,106721,45487800
odr7p_NH4Br,JNL_10off_120on_50off,1069,106821,45611400
odr7p_NH4Br,JNL_10off_120on_50off,1070,106921,45649300.00000001
odr7p_NH4Br,JNL_10off_120on_50off,1071,107021,45377700
odr7p_NH4Br,JNL_10off_120on_50off,1072,107121,45256400
odr7p_NH4Br,JNL_10off_120on_50off,1073,107221,45372300
odr7p_NH4Br,JNL_10off_120on_50off,1074,107322,45339100
odr7p_NH4Br,JNL_10off_120on_50off,1075,107422,45173500.00000001
odr7p_NH4Br,JNL_10off_120on_50off,1076,107522,45185300
odr7p_NH4Br,JNL_10off_120on_50off,1077,107622,45375100
odr7p_NH4Br,JNL_10off_120on_50off,1078,107722,45227000.00000001
odr7p_NH4Br,JNL_10off_120on_50off,1079,107822,45065799.99999999
odr7p_NH4Br,JNL_10off_120on_50off,1080,107922,45057600.00000001
odr7p_NH4Br,JNL_10off_120on_50off,1081,108022,44845000
odr7p_NH4Br,JNL_10off_120on_50off,1082,108122,44743000.00000001
odr7p_NH4Br,JNL_10off_120on_50off,1083,108222,44605900
odr7p_NH4Br,JNL_10off_120on_50off,1084,108322,44932400
odr7p_NH4Br,JNL_10off_120on_50off,1085,108422,44791299.99999999
odr7p_NH4Br,JNL_10off_120on_50off,1086,108522,44655500
odr7p_NH4Br,JNL_10off_120on_50off,1087,108622,44572300
odr7p_NH4Br,JNL_10off_120on_50off,1088,108722,44696000
odr7p_NH4Br,JNL_10off_120on_50off,1089,108822,44587199.99999999
odr7p_NH4Br,JNL_10off_120on_50off,1090,108922,44468900
odr7p_NH4Br,JNL_10off_120on_50off,1091,109022,44776100
odr7p_NH4Br,JNL_10off_120on_50off,1092,109122,44695800
odr7p_NH4Br,JNL_10off_120on_50off,1093,109222,45150499.99999999
odr7p_NH4Br,JNL_10off_120on_50off,1094,109322,44633300
odr7p_NH4Br,JNL_10off_120on_50off,1095,109422,44678500
odr7p_NH4Br,JNL_10off_120on_50off,1096,109522,44676500
odr7p_NH4Br,JNL_10off_120on_50off,1097,109622,44806400
odr7p_NH4Br,JNL_10off_120on_50off,1098,109722,44603100
odr7p_NH4Br,JNL_10off_120on_50off,1099,109822,44393900.00000001
odr7p_NH4Br,JNL_10off_120on_50off,1100,109922,44629100
odr7p_NH4Br,JNL_10off_120on_50off,1101,110022,44482300
odr7p_NH4Br,JNL_10off_120on_50off,1102,110122,44707100.00000001
odr7p_NH4Br,JNL_10off_120on_50off,1103,110222,44703200
odr7p_NH4Br,JNL_10off_120on_50off,1104,110322,44787800.00000001
odr7p_NH4Br,JNL_10off_120on_50off,1105,110422,44498400
odr7p_NH4Br,JNL_10off_120on_50off,1106,110522,44745200
odr7p_NH4Br,JNL_10off_120on_50off,1107,110622,44583300
odr7p_NH4Br,JNL_10off_120on_50off,1108,110722,44653700
odr7p_NH4Br,JNL_10off_120on_50off,1109,110822,44507700
odr7p_NH4Br,JNL_10off_120on_50off,1110,110922,44494200
odr7p_NH4Br,JNL_10off_120on_50off,1111,111022,44503000
odr7p_NH4Br,JNL_10off_120on_50off,1112,111122,44489200
odr7p_NH4Br,JNL_10off_120on_50off,1113,111222,44614500
odr7p_NH4Br,JNL_10off_120on_50off,1114,111322,44182900
odr7p_NH4Br,JNL_10off_120on_50off,1115,111422,44120500
odr7p_NH4Br,JNL_10off_120on_50off,1116,111522,44500600
odr7p_NH4Br,JNL_10off_120on_50off,1117,111622,44511500
odr7p_NH4Br,JNL_10off_120on_50off,1118,111722,44511900.00000001
odr7p_NH4Br,JNL_10off_120on_50off,1119,111822,44392900
odr7p_NH4Br,JNL_10off_120on_50off,1120,111922,44325700
odr7p_NH4Br,JNL_10off_120on_50off,1121,112022,44233300
odr7p_NH4Br,JNL_10off_120on_50off,1122,112122,44112900
odr7p_NH4Br,JNL_10off_120on_50off,1123,112222,44028400
odr7p_NH4Br,JNL_10off_120on_50off,1124,112322,44119500
odr7p_NH4Br,JNL_10off_120on_50off,1125,112422,44192900
odr7p_NH4Br,JNL_10off_120on_50off,1126,112522,43821600
odr7p_NH4Br,JNL_10off_120on_50off,1127,112622,43909300
odr7p_NH4Br,JNL_10off_120on_50off,1128,112722,43700800
odr7p_NH4Br,JNL_10off_120on_50off,1129,112822,43683700
odr7p_NH4Br,JNL_10off_120on_50off,1130,112922,43855500
odr7p_NH4Br,JNL_10off_120on_50off,1131,113022,43923600
odr7p_NH4Br,JNL_10off_120on_50off,1132,113122,44011300
odr7p_NH4Br,JNL_10off_120on_50off,1133,113222,43481200
odr7p_NH4Br,JNL_10off_120on_50off,1134,113322,43497300
odr7p_NH4Br,JNL_10off_120on_50off,1135,113422,43458100
odr7p_NH4Br,JNL_10off_120on_50off,1136,113522,43598400
odr7p_NH4Br,JNL_10off_120on_50off,1137,113622,43900200
odr7p_NH4Br,JNL_10off_120on_50off,1138,113722,44195000
odr7p_NH4Br,JNL_10off_120on_50off,1139,113822,44192300
odr7p_NH4Br,JNL_10off_120on_50off,1140,113922,44077800
odr7p_NH4Br,JNL_10off_120on_50off,1141,114022,44246500
odr7p_NH4Br,JNL_10off_120on_50off,1142,114122,44125200
odr7p_NH4Br,JNL_10off_120on_50off,1143,114222,44100200
odr7p_NH4Br,JNL_10off_120on_50off,1144,114322,43850900
odr7p_NH4Br,JNL_10off_120on_50off,1145,114422,44172800
odr7p_NH4Br,JNL_10off_120on_50off,1146,114522,43793600
odr7p_NH4Br,JNL_10off_120on_50off,1147,114622,44066500
odr7p_NH4Br,JNL_10off_120on_50off,1148,114722,44042300
odr7p_NH4Br,JNL_10off_120on_50off,1149,114822,43978400.00000001
odr7p_NH4Br,JNL_10off_120on_50off,1150,114922,44021300
odr7p_NH4Br,JNL_10off_120on_50off,1151,115022,43894100
odr7p_NH4Br,JNL_10off_120on_50off,1152,115122,43733000.00000001
odr7p_NH4Br,JNL_10off_120on_50off,1153,115222,43890200
odr7p_NH4Br,JNL_10off_120on_50off,1154,115322,44009600.00000001
odr7p_NH4Br,JNL_10off_120on_50off,1155,115422,43798700.00000001
odr7p_NH4Br,JNL_10off_120on_50off,1156,115522,43802500
odr7p_NH4Br,JNL_10off_120on_50off,1157,115622,43702500.00000001
odr7p_NH4Br,JNL_10off_120on_50off,1158,115722,43701200
odr7p_NH4Br,JNL_10off_120on_50off,1159,115822,43805400
odr7p_NH4Br,JNL_10off_120on_50off,1160,115922,43962400
odr7p_NH4Br,JNL_10off_120on_50off,1161,116022,43698700
odr7p_NH4Br,JNL_10off_120on_50off,1162,116122,43712900
odr7p_NH4Br,JNL_10off_120on_50off,1163,116222,43570900
odr7p_NH4Br,JNL_10off_120on_50off,1164,116322,43608700
odr7p_NH4Br,JNL_10off_120on_50off,1165,116422,43459899.99999999
odr7p_NH4Br,JNL_10off_120on_50off,1166,116522,43448000
odr7p_NH4Br,JNL_10off_120on_50off,1167,116622,43637400
odr7p_NH4Br,JNL_10off_120on_50off,1168,116722,43437599.99999999
odr7p_NH4Br,JNL_10off_120on_50off,1169,116822,43564999.99999999
odr7p_NH4Br,JNL_10off_120on_50off,1170,116922,43436400
odr7p_NH4Br,JNL_10off_120on_50off,1171,117032,43877600
odr7p_NH4Br,JNL_10off_120on_50off,1172,117122,43580500.00000001
odr7p_NH4Br,JNL_10off_120on_50off,1173,117222,43565100
odr7p_NH4Br,JNL_10off_120on_50off,1174,117322,43486100
odr7p_NH4Br,JNL_10off_120on_50off,1175,117422,43596600
odr7p_NH4Br,JNL_10off_120on_50off,1176,117522,43555000
odr7p_NH4Br,JNL_10off_120on_50off,1177,117622,43330000
odr7p_NH4Br,JNL_10off_120on_50off,1178,117722,43307700
odr7p_NH4Br,JNL_10off_120on_50off,1179,117822,43220800
odr7p_NH4Br,JNL_10off_120on_50off,1180,117922,43025300
odr7p_NH4Br,JNL_10off_120on_50off,1181,118022,43234500
odr7p_NH4Br,JNL_10off_120on_50off,1182,118122,43054600
odr7p_NH4Br,JNL_10off_120on_50off,1183,118232,43032100
odr7p_NH4Br,JNL_10off_120on_50off,1184,118332,42982200
odr7p_NH4Br,JNL_10off_120on_50off,1185,118432,42697000
odr7p_NH4Br,JNL_10off_120on_50off,1186,118532,42312400
odr7p_NH4Br,JNL_10off_120on_50off,1187,118632,42784400
odr7p_NH4Br,JNL_10off_120on_50off,1188,118732,42769500
odr7p_NH4Br,JNL_10off_120on_50off,1189,118832,42524700
odr7p_NH4Br,JNL_10off_120on_50off,1190,118932,42464000.00000001
odr7p_NH4Br,JNL_10off_120on_50off,1191,119032,42294800
odr7p_NH4Br,JNL_10off_120on_50off,1192,119132,42030100
odr7p_NH4Br,JNL_10off_120on_50off,1193,119232,42049800
odr7p_NH4Br,JNL_10off_120on_50off,1194,119332,42293800
odr7p_NH4Br,JNL_10off_120on_50off,1195,119432,42563300
odr7p_NH4Br,JNL_10off_120on_50off,1196,119532,42222400
odr7p_NH4Br,JNL_10off_120on_50off,1197,119632,42306300
odr7p_NH4Br,JNL_10off_120on_50off,1198,119732,42724000
odr7p_NH4Br,JNL_10off_120on_50off,1199,119832,42188400
odr7p_NH4Br,JNL_10off_120on_50off,1200,119932,42111400
odr7p_NH4Br,JNL_10off_120on_50off,1201,120032,42358100
odr7p_NH4Br,JNL_10off_120on_50off,1202,120132,42656900
odr7p_NH4Br,JNL_10off_120on_50off,1203,120232,42389700
odr7p_NH4Br,JNL_10off_120on_50off,1204,120332,42645400
odr7p_NH4Br,JNL_10off_120on_50off,1205,120432,42359400
odr7p_NH4Br,JNL_10off_120on_50off,1206,120532,42523700
odr7p_NH4Br,JNL_10off_120on_50off,1207,120632,42449300
odr7p_NH4Br,JNL_10off_120on_50off,1208,120732,42395800
odr7p_NH4Br,JNL_10off_120on_50off,1209,120832,42192999.99999999
odr7p_NH4Br,JNL_10off_120on_50off,1210,120932,42531700
odr7p_NH4Br,JNL_10off_120on_50off,1211,121032,42151200
odr7p_NH4Br,JNL_10off_120on_50off,1212,121132,42516700
odr7p_NH4Br,JNL_10off_120on_50off,1213,121232,42425200
odr7p_NH4Br,JNL_10off_120on_50off,1214,121332,42301800
odr7p_NH4Br,JNL_10off_120on_50off,1215,121432,42032299.99999999
odr7p_NH4Br,JNL_10off_120on_50off,1216,121532,42042400.00000001
odr7p_NH4Br,JNL_10off_120on_50off,1217,121632,42097300.00000001
odr7p_NH4Br,JNL_10off_120on_50off,1218,121732,42038100
odr7p_NH4Br,JNL_10off_120on_50off,1219,121832,42378200
odr7p_NH4Br,JNL_10off_120on_50off,1220,121932,41894400
odr7p_NH4Br,JNL_10off_120on_50off,1221,122032,42195800
odr7p_NH4Br,JNL_10off_120on_50off,1222,122132,41982000
odr7p_NH4Br,JNL_10off_120on_50off,1223,122232,42162400
odr7p_NH4Br,JNL_10off_120on_50off,1224,122332,41822500
odr7p_NH4Br,JNL_10off_120on_50off,1225,122432,42276600
odr7p_NH4Br,JNL_10off_120on_50off,1226,122532,42091000
odr7p_NH4Br,JNL_10off_120on_50off,1227,122632,42051100
odr7p_NH4Br,JNL_10off_120on_50off,1228,122732,41860799.99999999
odr7p_NH4Br,JNL_10off_120on_50off,1229,122832,42131500
odr7p_NH4Br,JNL_10off_120on_50off,1230,122932,41827200
odr7p_NH4Br,JNL_10off_120on_50off,1231,123032,42280800
odr7p_NH4Br,JNL_10off_120on_50off,1232,123132,41928800
odr7p_NH4Br,JNL_10off_120on_50off,1233,123232,42163300
odr7p_NH4Br,JNL_10off_120on_50off,1234,123332,41844500
odr7p_NH4Br,JNL_10off_120on_50off,1235,123432,41961400
odr7p_NH4Br,JNL_10off_120on_50off,1236,123532,41922700
odr7p_NH4Br,JNL_10off_120on_50off,1237,123632,42039900
odr7p_NH4Br,JNL_10off_120on_50off,1238,123732,42142200
odr7p_NH4Br,JNL_10off_120on_50off,1239,123832,42262700.00000001
odr7p_NH4Br,JNL_10off_120on_50off,1240,123932,42375299.99999999
odr7p_NH4Br,JNL_10off_120on_50off,1241,124032,42442000
odr7p_NH4Br,JNL_10off_120on_50off,1242,124132,42421600
odr7p_NH4Br,JNL_10off_120on_50off,1243,124232,42209000
odr7p_NH4Br,JNL_10off_120on_50off,1244,124332,42519000
odr7p_NH4Br,JNL_10off_120on_50off,1245,124432,42141300
odr7p_NH4Br,JNL_10off_120on_50off,1246,124532,42119700
odr7p_NH4Br,JNL_10off_120on_50off,1247,124632,42216200
odr7p_NH4Br,JNL_10off_120on_50off,1248,124732,42246200
odr7p_NH4Br,JNL_10off_120on_50off,1249,124832,42252300
odr7p_NH4Br,JNL_10off_120on_50off,1250,124932,42001099.99999999
odr7p_NH4Br,JNL_10off_120on_50off,1251,125032,42002100
odr7p_NH4Br,JNL_10off_120on_50off,1252,125132,42062000
odr7p_NH4Br,JNL_10off_120on_50off,1253,125232,42323600
odr7p_NH4Br,JNL_10off_120on_50off,1254,125332,41595700.00000001
odr7p_NH4Br,JNL_10off_120on_50off,1255,125432,42177000
odr7p_NH4Br,JNL_10off_120on_50off,1256,125532,42176100
odr7p_NH4Br,JNL_10off_120on_50off,1257,125632,42111100
odr7p_NH4Br,JNL_10off_120on_50off,1258,125732,42229900
odr7p_NH4Br,JNL_10off_120on_50off,1259,125832,42328700
odr7p_NH4Br,JNL_10off_120on_50off,1260,125932,42190500
odr7p_NH4Br,JNL_10off_120on_50off,1261,126032,41721600
odr7p_NH4Br,JNL_10off_120on_50off,1262,126132,41611500
odr7p_NH4Br,JNL_10off_120on_50off,1263,126232,42059500
odr7p_NH4Br,JNL_10off_120on_50off,1264,126332,41830500
odr7p_NH4Br,JNL_10off_120on_50off,1265,126432,41808200
odr7p_NH4Br,JNL_10off_120on_50off,1266,126532,41936800
odr7p_NH4Br,JNL_10off_120on_50off,1267,126632,41976600
odr7p_NH4Br,JNL_10off_120on_50off,1268,126732,NA
odr7p_NH4Br,JNL_10off_120on_50off,1269,126832,41669500
odr7p_NH4Br,JNL_10off_120on_50off,1270,126932,41662000
odr7p_NH4Br,JNL_10off_120on_50off,1271,127032,41812100
odr7p_NH4Br,JNL_10off_120on_50off,1272,127132,41771500
odr7p_NH4Br,JNL_10off_120on_50off,1273,127232,41648800
odr7p_NH4Br,JNL_10off_120on_50off,1274,127332,41648200
odr7p_NH4Br,JNL_10off_120on_50off,1275,127432,41560800
odr7p_NH4Br,JNL_10off_120on_50off,1276,127532,41427200
odr7p_NH4Br,JNL_10off_120on_50off,1277,127632,41645200.00000001
odr7p_NH4Br,JNL_10off_120on_50off,1278,127732,41413300
odr7p_NH4Br,JNL_10off_120on_50off,1279,127832,41502200
odr7p_NH4Br,JNL_10off_120on_50off,1280,127932,41236900
odr7p_NH4Br,JNL_10off_120on_50off,1281,128032,41198600
odr7p_NH4Br,JNL_10off_120on_50off,1282,128132,41495500
odr7p_NH4Br,JNL_10off_120on_50off,1283,128232,41132700
odr7p_NH4Br,JNL_10off_120on_50off,1284,128332,41101100
odr7p_NH4Br,JNL_10off_120on_50off,1285,128432,41006000
odr7p_NH4Br,JNL_10off_120on_50off,1286,128532,41103600
odr7p_NH4Br,JNL_10off_120on_50off,1287,128632,41020700
odr7p_NH4Br,JNL_10off_120on_50off,1288,128732,40952900
odr7p_NH4Br,JNL_10off_120on_50off,1289,128832,40893600
odr7p_NH4Br,JNL_10off_120on_50off,1290,128932,40581800
odr7p_NH4Br,JNL_10off_120on_50off,1291,129032,40955100
odr7p_NH4Br,JNL_10off_120on_50off,1292,129132,40823900
odr7p_NH4Br,JNL_10off_120on_50off,1293,129232,40533700
odr7p_NH4Br,JNL_10off_120on_50off,1294,129332,40453900
odr7p_NH4Br,JNL_10off_120on_50off,1295,129432,40610000
odr7p_NH4Br,JNL_10off_120on_50off,1296,129532,40564900
odr7p_NH4Br,JNL_10off_120on_50off,1297,129632,40477200
odr7p_NH4Br,JNL_10off_120on_50off,1298,129732,40176800
odr7p_NH4Br,JNL_10off_120on_50off,1299,129832,40051100
odr7p_NH4Br,JNL_10off_120on_50off,1300,129932,39947200
odr7p_NH4Br,JNL_10off_120on_50off,1301,130032,39954000
odr7p_NH4Br,JNL_10off_120on_50off,1302,130132,40093200
odr7p_NH4Br,JNL_10off_120on_50off,1303,130232,39813800
odr7p_NH4Br,JNL_10off_120on_50off,1304,130332,39685700
odr7p_NH4Br,JNL_10off_120on_50off,1305,130432,39595000
odr7p_NH4Br,JNL_10off_120on_50off,1306,130532,39618400
odr7p_NH4Br,JNL_10off_120on_50off,1307,130632,39613300
odr7p_NH4Br,JNL_10off_120on_50off,1308,130732,39417200
odr7p_NH4Br,JNL_10off_120on_50off,1309,130832,39418700
odr7p_NH4Br,JNL_10off_120on_50off,1310,130932,39230900
odr7p_NH4Br,JNL_10off_120on_50off,1311,131032,39377900
odr7p_NH4Br,JNL_10off_120on_50off,1312,131132,39292000
odr7p_NH4Br,JNL_10off_120on_50off,1313,131232,39310000
odr7p_NH4Br,JNL_10off_120on_50off,1314,131332,39184800
odr7p_NH4Br,JNL_10off_120on_50off,1315,131432,38907900
odr7p_NH4Br,JNL_10off_120on_50off,1316,131532,39309100
odr7p_NH4Br,JNL_10off_120on_50off,1317,131632,38949200
odr7p_NH4Br,JNL_10off_120on_50off,1318,131732,38871800
odr7p_NH4Br,JNL_10off_120on_50off,1319,131832,38536100
odr7p_NH4Br,JNL_10off_120on_50off,1320,131932,39070300
odr7p_NH4Br,JNL_10off_120on_50off,1321,132032,38541800
odr7p_NH4Br,JNL_10off_120on_50off,1322,132132,38669000
odr7p_NH4Br,JNL_10off_120on_50off,1323,132232,38479000
odr7p_NH4Br,JNL_10off_120on_50off,1324,132332,38379800
odr7p_NH4Br,JNL_10off_120on_50off,1325,132432,38466300
odr7p_NH4Br,JNL_10off_120on_50off,1326,132532,38171000
odr7p_NH4Br,JNL_10off_120on_50off,1327,132632,38378200
odr7p_NH4Br,JNL_10off_120on_50off,1328,132732,38141100
odr7p_NH4Br,JNL_10off_120on_50off,1329,132832,38416200
odr7p_NH4Br,JNL_10off_120on_50off,1330,132932,38273200
odr7p_NH4Br,JNL_10off_120on_50off,1331,133032,38359300
odr7p_NH4Br,JNL_10off_120on_50off,1332,133132,38195000
odr7p_NH4Br,JNL_10off_120on_50off,1333,133232,38553200
odr7p_NH4Br,JNL_10off_120on_50off,1334,133332,38068000
odr7p_NH4Br,JNL_10off_120on_50off,1335,133432,38295400
odr7p_NH4Br,JNL_10off_120on_50off,1336,133532,38148000
odr7p_NH4Br,JNL_10off_120on_50off,1337,133632,38327800
odr7p_NH4Br,JNL_10off_120on_50off,1338,133732,38487100
odr7p_NH4Br,JNL_10off_120on_50off,1339,133832,38466200
odr7p_NH4Br,JNL_10off_120on_50off,1340,133932,38576700
odr7p_NH4Br,JNL_10off_120on_50off,1341,134032,38441600
odr7p_NH4Br,JNL_10off_120on_50off,1342,134132,38335100
odr7p_NH4Br,JNL_10off_120on_50off,1343,134232,38250500
odr7p_NH4Br,JNL_10off_120on_50off,1344,134332,38125600
odr7p_NH4Br,JNL_10off_120on_50off,1345,134432,38081100
odr7p_NH4Br,JNL_10off_120on_50off,1346,134532,38209900
odr7p_NH4Br,JNL_10off_120on_50off,1347,134632,38133600
odr7p_NH4Br,JNL_10off_120on_50off,1348,134732,37970600
odr7p_NH4Br,JNL_10off_120on_50off,1349,134832,37954100
odr7p_NH4Br,JNL_10off_120on_50off,1350,134932,38167700
odr7p_NH4Br,JNL_10off_120on_50off,1351,135032,37791700
odr7p_NH4Br,JNL_10off_120on_50off,1352,135132,37803300
odr7p_NH4Br,JNL_10off_120on_50off,1353,135232,37613400
odr7p_NH4Br,JNL_10off_120on_50off,1354,135332,37678800
odr7p_NH4Br,JNL_10off_120on_50off,1355,135432,37671800
odr7p_NH4Br,JNL_10off_120on_50off,1356,135532,37339900
odr7p_NH4Br,JNL_10off_120on_50off,1357,135632,37703600
odr7p_NH4Br,JNL_10off_120on_50off,1358,135732,37437900
odr7p_NH4Br,JNL_10off_120on_50off,1359,135832,37574400
odr7p_NH4Br,JNL_10off_120on_50off,1360,135932,37377600
odr7p_NH4Br,JNL_10off_120on_50off,1361,136032,37189700
odr7p_NH4Br,JNL_10off_120on_50off,1362,136132,37396200
odr7p_NH4Br,JNL_10off_120on_50off,1363,136232,37180100
odr7p_NH4Br,JNL_10off_120on_50off,1364,136332,37440500
odr7p_NH4Br,JNL_10off_120on_50off,1365,136432,37337400
odr7p_NH4Br,JNL_10off_120on_50off,1366,136532,37099600
odr7p_NH4Br,JNL_10off_120on_50off,1367,136632,37114700
odr7p_NH4Br,JNL_10off_120on_50off,1368,136732,36746200
odr7p_NH4Br,JNL_10off_120on_50off,1369,136832,37079200
odr7p_NH4Br,JNL_10off_120on_50off,1370,136932,36725100
odr7p_NH4Br,JNL_10off_120on_50off,1371,137032,36833300
odr7p_NH4Br,JNL_10off_120on_50off,1372,137132,36614600
odr7p_NH4Br,JNL_10off_120on_50off,1373,137232,36719600
odr7p_NH4Br,JNL_10off_120on_50off,1374,137332,36561400
odr7p_NH4Br,JNL_10off_120on_50off,1375,137432,36592700
odr7p_NH4Br,JNL_10off_120on_50off,1376,137532,36621500
odr7p_NH4Br,JNL_10off_120on_50off,1377,137632,36735000
odr7p_NH4Br,JNL_10off_120on_50off,1378,137732,36426500
odr7p_NH4Br,JNL_10off_120on_50off,1379,137832,36583500
odr7p_NH4Br,JNL_10off_120on_50off,1380,137932,36583700
odr7p_NH4Br,JNL_10off_120on_50off,1381,138032,36456900
odr7p_NH4Br,JNL_10off_120on_50off,1382,138132,36102800
odr7p_NH4Br,JNL_10off_120on_50off,1383,138232,36263200
odr7p_NH4Br,JNL_10off_120on_50off,1384,138332,36247100
odr7p_NH4Br,JNL_10off_120on_50off,1385,138432,36323800
odr7p_NH4Br,JNL_10off_120on_50off,1386,138532,36499700
odr7p_NH4Br,JNL_10off_120on_50off,1387,138632,36177600
odr7p_NH4Br,JNL_10off_120on_50off,1388,138732,36452200
odr7p_NH4Br,JNL_10off_120on_50off,1389,138832,36370600
odr7p_NH4Br,JNL_10off_120on_50off,1390,138932,36446400
odr7p_NH4Br,JNL_10off_120on_50off,1391,139032,36234700
odr7p_NH4Br,JNL_10off_120on_50off,1392,139132,36304600
odr7p_NH4Br,JNL_10off_120on_50off,1393,139232,36457500
odr7p_NH4Br,JNL_10off_120on_50off,1394,139332,36562700
odr7p_NH4Br,JNL_10off_120on_50off,1395,139432,36675800
odr7p_NH4Br,JNL_10off_120on_50off,1396,139532,36555900
odr7p_NH4Br,JNL_10off_120on_50off,1397,139632,36723100
odr7p_NH4Br,JNL_10off_120on_50off,1398,139732,36566900
odr7p_NH4Br,JNL_10off_120on_50off,1399,139832,36686200
odr7p_NH4Br,JNL_10off_120on_50off,1400,139932,36658000
odr7p_NH4Br,JNL_10off_120on_50off,1401,140032,36649300
odr7p_NH4Br,JNL_10off_120on_50off,1402,140132,36381300
odr7p_NH4Br,JNL_10off_120on_50off,1403,140232,36592600
odr7p_NH4Br,JNL_10off_120on_50off,1404,140332,36396900
odr7p_NH4Br,JNL_10off_120on_50off,1405,140432,36635800
odr7p_NH4Br,JNL_10off_120on_50off,1406,140532,36323200
odr7p_NH4Br,JNL_10off_120on_50off,1407,140632,36368700
odr7p_NH4Br,JNL_10off_120on_50off,1408,140732,36273000
odr7p_NH4Br,JNL_10off_120on_50off,1409,140832,36193800
odr7p_NH4Br,JNL_10off_120on_50off,1410,140932,36249000
odr7p_NH4Br,JNL_10off_120on_50off,1411,141032,36377200
odr7p_NH4Br,JNL_10off_120on_50off,1412,141132,36346500
odr7p_NH4Br,JNL_10off_120on_50off,1413,141232,36413200
odr7p_NH4Br,JNL_10off_120on_50off,1414,141332,36105500
odr7p_NH4Br,JNL_10off_120on_50off,1415,141432,36158800
odr7p_NH4Br,JNL_10off_120on_50off,1416,141532,36061300
odr7p_NH4Br,JNL_10off_120on_50off,1417,141632,36092900
odr7p_NH4Br,JNL_10off_120on_50off,1418,141732,36696800
odr7p_NH4Br,JNL_10off_120on_50off,1419,141832,36006600
odr7p_NH4Br,JNL_10off_120on_50off,1420,141932,36101500
odr7p_NH4Br,JNL_10off_120on_50off,1421,142032,35906300
odr7p_NH4Br,JNL_10off_120on_50off,1422,142132,36108400
odr7p_NH4Br,JNL_10off_120on_50off,1423,142232,35860000
odr7p_NH4Br,JNL_10off_120on_50off,1424,142332,35892500
odr7p_NH4Br,JNL_10off_120on_50off,1425,142432,35796200
odr7p_NH4Br,JNL_10off_120on_50off,1426,142532,35902000
odr7p_NH4Br,JNL_10off_120on_50off,1427,142632,36131800
odr7p_NH4Br,JNL_10off_120on_50off,1428,142732,35767700
odr7p_NH4Br,JNL_10off_120on_50off,1429,142832,35687400
odr7p_NH4Br,JNL_10off_120on_50off,1430,142932,35501600
odr7p_NH4Br,JNL_10off_120on_50off,1431,143032,35708300
odr7p_NH4Br,JNL_10off_120on_50off,1432,143132,35526300
odr7p_NH4Br,JNL_10off_120on_50off,1433,143232,35437000
odr7p_NH4Br,JNL_10off_120on_50off,1434,143332,35381000
odr7p_NH4Br,JNL_10off_120on_50off,1435,143432,35472300
odr7p_NH4Br,JNL_10off_120on_50off,1436,143532,35575900
odr7p_NH4Br,JNL_10off_120on_50off,1437,143632,35476600
odr7p_NH4Br,JNL_10off_120on_50off,1438,143732,35445200
odr7p_NH4Br,JNL_10off_120on_50off,1439,143832,35215300
odr7p_NH4Br,JNL_10off_120on_50off,1440,143932,35540100
odr7p_NH4Br,JNL_10off_120on_50off,1441,144032,35292000
odr7p_NH4Br,JNL_10off_120on_50off,1442,144132,35452100
odr7p_NH4Br,JNL_10off_120on_50off,1443,144232,35016300
odr7p_NH4Br,JNL_10off_120on_50off,1444,144332,35290700
odr7p_NH4Br,JNL_10off_120on_50off,1445,144432,35173300
odr7p_NH4Br,JNL_10off_120on_50off,1446,144532,35300100
odr7p_NH4Br,JNL_10off_120on_50off,1447,144632,35112100
odr7p_NH4Br,JNL_10off_120on_50off,1448,144732,35012700
odr7p_NH4Br,JNL_10off_120on_50off,1449,144832,35298100
odr7p_NH4Br,JNL_10off_120on_50off,1450,144932,35140600
odr7p_NH4Br,JNL_10off_120on_50off,1451,145032,35105200
odr7p_NH4Br,JNL_10off_120on_50off,1452,145132,34895500
odr7p_NH4Br,JNL_10off_120on_50off,1453,145232,35118400
odr7p_NH4Br,JNL_10off_120on_50off,1454,145332,34788000
odr7p_NH4Br,JNL_10off_120on_50off,1455,145432,34823100
odr7p_NH4Br,JNL_10off_120on_50off,1456,145532,34926100
odr7p_NH4Br,JNL_10off_120on_50off,1457,145632,34669400
odr7p_NH4Br,JNL_10off_120on_50off,1458,145732,34860300
odr7p_NH4Br,JNL_10off_120on_50off,1459,145832,34664400
odr7p_NH4Br,JNL_10off_120on_50off,1460,145932,34539500
odr7p_NH4Br,JNL_10off_120on_50off,1461,146032,34702600
odr7p_NH4Br,JNL_10off_120on_50off,1462,146132,34497300
odr7p_NH4Br,JNL_10off_120on_50off,1463,146232,34728600
odr7p_NH4Br,JNL_10off_120on_50off,1464,146332,34510400
odr7p_NH4Br,JNL_10off_120on_50off,1465,146432,34549900
odr7p_NH4Br,JNL_10off_120on_50off,1466,146532,34741000
odr7p_NH4Br,JNL_10off_120on_50off,1467,146632,34674700
odr7p_NH4Br,JNL_10off_120on_50off,1468,146732,34229500
odr7p_NH4Br,JNL_10off_120on_50off,1469,146832,34549200
odr7p_NH4Br,JNL_10off_120on_50off,1470,146932,34494600
odr7p_NH4Br,JNL_10off_120on_50off,1471,147032,34376600
odr7p_NH4Br,JNL_10off_120on_50off,1472,147132,34352000
odr7p_NH4Br,JNL_10off_120on_50off,1473,147232,34255800
odr7p_NH4Br,JNL_10off_120on_50off,1474,147332,34345800
odr7p_NH4Br,JNL_10off_120on_50off,1475,147432,33880700
odr7p_NH4Br,JNL_10off_120on_50off,1476,147532,34293900
odr7p_NH4Br,JNL_10off_120on_50off,1477,147632,34132300
odr7p_NH4Br,JNL_10off_120on_50off,1478,147732,34131500
odr7p_NH4Br,JNL_10off_120on_50off,1479,147832,34258300
odr7p_NH4Br,JNL_10off_120on_50off,1480,147932,33773100
odr7p_NH4Br,JNL_10off_120on_50off,1481,148032,34060200
odr7p_NH4Br,JNL_10off_120on_50off,1482,148132,33933800
odr7p_NH4Br,JNL_10off_120on_50off,1483,148232,33676500
odr7p_NH4Br,JNL_10off_120on_50off,1484,148332,33556800
odr7p_NH4Br,JNL_10off_120on_50off,1485,148432,33442900
odr7p_NH4Br,JNL_10off_120on_50off,1486,148532,33542000
odr7p_NH4Br,JNL_10off_120on_50off,1487,148632,33566400
odr7p_NH4Br,JNL_10off_120on_50off,1488,148732,33448600
odr7p_NH4Br,JNL_10off_120on_50off,1489,148832,33780700
odr7p_NH4Br,JNL_10off_120on_50off,1490,148932,33615200
odr7p_NH4Br,JNL_10off_120on_50off,1491,149032,33787200
odr7p_NH4Br,JNL_10off_120on_50off,1492,149132,33943900
odr7p_NH4Br,JNL_10off_120on_50off,1493,149232,33636700
odr7p_NH4Br,JNL_10off_120on_50off,1494,149332,33536600
odr7p_NH4Br,JNL_10off_120on_50off,1495,149432,33902000
odr7p_NH4Br,JNL_10off_120on_50off,1496,149532,33541900
odr7p_NH4Br,JNL_10off_120on_50off,1497,149632,33539900
odr7p_NH4Br,JNL_10off_120on_50off,1498,149732,33269300
odr7p_NH4Br,JNL_10off_120on_50off,1499,149832,33288700.000000004
odr7p_NH4Br,JNL_10off_120on_50off,1500,149932,33192499.999999996
odr7p_NH4Br,JNL_10off_120on_50off,1501,150032,33448500
odr7p_NH4Br,JNL_10off_120on_50off,1502,150132,33351700.000000004
odr7p_NH4Br,JNL_10off_120on_50off,1503,150232,33268300
odr7p_NH4Br,JNL_10off_120on_50off,1504,150332,33381100
odr7p_NH4Br,JNL_10off_120on_50off,1505,150432,33300800
odr7p_NH4Br,JNL_10off_120on_50off,1506,150532,33577900
odr7p_NH4Br,JNL_10off_120on_50off,1507,150632,33443400
odr7p_NH4Br,JNL_10off_120on_50off,1508,150732,33863400
odr7p_NH4Br,JNL_10off_120on_50off,1509,150832,33243299.999999996
odr7p_NH4Br,JNL_10off_120on_50off,1510,150932,33292900
odr7p_NH4Br,JNL_10off_120on_50off,1511,151032,33325600
odr7p_NH4Br,JNL_10off_120on_50off,1512,151132,33133300
odr7p_NH4Br,JNL_10off_120on_50off,1513,151232,33176300
odr7p_NH4Br,JNL_10off_120on_50off,1514,151332,33183900
odr7p_NH4Br,JNL_10off_120on_50off,1515,151432,33263600.000000004
odr7p_NH4Br,JNL_10off_120on_50off,1516,151532,33459600
odr7p_NH4Br,JNL_10off_120on_50off,1517,151632,33194900
odr7p_NH4Br,JNL_10off_120on_50off,1518,151732,33252600
odr7p_NH4Br,JNL_10off_120on_50off,1519,151832,32978200.000000004
odr7p_NH4Br,JNL_10off_120on_50off,1520,151932,32773300
odr7p_NH4Br,JNL_10off_120on_50off,1521,152032,32970400
odr7p_NH4Br,JNL_10off_120on_50off,1522,152132,33261500
odr7p_NH4Br,JNL_10off_120on_50off,1523,152232,32765500
odr7p_NH4Br,JNL_10off_120on_50off,1524,152332,33124800
odr7p_NH4Br,JNL_10off_120on_50off,1525,152432,32827000
odr7p_NH4Br,JNL_10off_120on_50off,1526,152532,33167500
odr7p_NH4Br,JNL_10off_120on_50off,1527,152632,33146100
odr7p_NH4Br,JNL_10off_120on_50off,1528,152732,33212000
odr7p_NH4Br,JNL_10off_120on_50off,1529,152832,33258700
odr7p_NH4Br,JNL_10off_120on_50off,1530,152932,33211900
odr7p_NH4Br,JNL_10off_120on_50off,1531,153032,33288900
odr7p_NH4Br,JNL_10off_120on_50off,1532,153132,33035199.999999996
odr7p_NH4Br,JNL_10off_120on_50off,1533,153232,32911200
odr7p_NH4Br,JNL_10off_120on_50off,1534,153332,33019900
odr7p_NH4Br,JNL_10off_120on_50off,1535,153432,32930000
odr7p_NH4Br,JNL_10off_120on_50off,1536,153532,32744600
odr7p_NH4Br,JNL_10off_120on_50off,1537,153632,32812900
odr7p_NH4Br,JNL_10off_120on_50off,1538,153732,32858000
odr7p_NH4Br,JNL_10off_120on_50off,1539,153832,32599300.000000004
odr7p_NH4Br,JNL_10off_120on_50off,1540,153932,32448800.000000004
odr7p_NH4Br,JNL_10off_120on_50off,1541,154032,32571800
odr7p_NH4Br,JNL_10off_120on_50off,1542,154132,32610000
odr7p_NH4Br,JNL_10off_120on_50off,1543,154232,32884000.000000004
odr7p_NH4Br,JNL_10off_120on_50off,1544,154332,32491200
odr7p_NH4Br,JNL_10off_120on_50off,1545,154432,32703400
odr7p_NH4Br,JNL_10off_120on_50off,1546,154532,32328800.000000004
odr7p_NH4Br,JNL_10off_120on_50off,1547,154632,32321000
odr7p_NH4Br,JNL_10off_120on_50off,1548,154732,32573900
odr7p_NH4Br,JNL_10off_120on_50off,1549,154832,32646500
odr7p_NH4Br,JNL_10off_120on_50off,1550,154932,32292100
odr7p_NH4Br,JNL_10off_120on_50off,1551,155032,32242099.999999996
odr7p_NH4Br,JNL_10off_120on_50off,1552,155132,32410100
odr7p_NH4Br,JNL_10off_120on_50off,1553,155232,32473500
odr7p_NH4Br,JNL_10off_120on_50off,1554,155332,32330199.999999996
odr7p_NH4Br,JNL_10off_120on_50off,1555,155432,32511300
odr7p_NH4Br,JNL_10off_120on_50off,1556,155532,32249700
odr7p_NH4Br,JNL_10off_120on_50off,1557,155632,32221800
odr7p_NH4Br,JNL_10off_120on_50off,1558,155732,32281100
odr7p_NH4Br,JNL_10off_120on_50off,1559,155832,32073600
odr7p_NH4Br,JNL_10off_120on_50off,1560,155932,31990599.999999996
odr7p_NH4Br,JNL_10off_120on_50off,1561,156032,31679200
odr7p_NH4Br,JNL_10off_120on_50off,1562,156132,31941799.999999996
odr7p_NH4Br,JNL_10off_120on_50off,1563,156232,32124900
odr7p_NH4Br,JNL_10off_120on_50off,1564,156332,31829700
odr7p_NH4Br,JNL_10off_120on_50off,1565,156432,32142200
odr7p_NH4Br,JNL_10off_120on_50off,1566,156532,32012999.999999996
odr7p_NH4Br,JNL_10off_120on_50off,1567,156632,32089500.000000004
odr7p_NH4Br,JNL_10off_120on_50off,1568,156732,31558400
odr7p_NH4Br,JNL_10off_120on_50off,1569,156832,32239800
odr7p_NH4Br,JNL_10off_120on_50off,1570,156932,31952500
odr7p_NH4Br,JNL_10off_120on_50off,1571,157032,31894600
odr7p_NH4Br,JNL_10off_120on_50off,1572,157132,31615100
odr7p_NH4Br,JNL_10off_120on_50off,1573,157232,32006800.000000004
odr7p_NH4Br,JNL_10off_120on_50off,1574,157332,32016500
odr7p_NH4Br,JNL_10off_120on_50off,1575,157432,31985500
odr7p_NH4Br,JNL_10off_120on_50off,1576,157532,31674000.000000004
odr7p_NH4Br,JNL_10off_120on_50off,1577,157632,31626700
odr7p_NH4Br,JNL_10off_120on_50off,1578,157732,31621200
odr7p_NH4Br,JNL_10off_120on_50off,1579,157832,31586700
odr7p_NH4Br,JNL_10off_120on_50off,1580,157932,31270400
odr7p_NH4Br,JNL_10off_120on_50off,1581,158032,31264000
odr7p_NH4Br,JNL_10off_120on_50off,1582,158132,31387999.999999996
odr7p_NH4Br,JNL_10off_120on_50off,1583,158232,31343899.999999996
odr7p_NH4Br,JNL_10off_120on_50off,1584,158332,31208000
odr7p_NH4Br,JNL_10off_120on_50off,1585,158432,31297799.999999996
odr7p_NH4Br,JNL_10off_120on_50off,1586,158532,31665100
odr7p_NH4Br,JNL_10off_120on_50off,1587,158632,31569600.000000004
odr7p_NH4Br,JNL_10off_120on_50off,1588,158732,31348800
odr7p_NH4Br,JNL_10off_120on_50off,1589,158832,31202100
odr7p_NH4Br,JNL_10off_120on_50off,1590,158932,31348100
odr7p_NH4Br,JNL_10off_120on_50off,1591,159032,31189100
odr7p_NH4Br,JNL_10off_120on_50off,1592,159132,31191100
odr7p_NH4Br,JNL_10off_120on_50off,1593,159232,31109200
odr7p_NH4Br,JNL_10off_120on_50off,1594,159332,30908000.000000004
odr7p_NH4Br,JNL_10off_120on_50off,1595,159432,30887600
odr7p_NH4Br,JNL_10off_120on_50off,1596,159532,30789100
odr7p_NH4Br,JNL_10off_120on_50off,1597,159632,31026700
odr7p_NH4Br,JNL_10off_120on_50off,1598,159732,30814000
odr7p_NH4Br,JNL_10off_120on_50off,1599,159832,30857500
odr7p_NH4Br,JNL_10off_120on_50off,1600,159932,30837000
odr7p_NH4Br,JNL_10off_120on_50off,1601,160032,30361800
odr7p_NH4Br,JNL_10off_120on_50off,1602,160132,30800800
odr7p_NH4Br,JNL_10off_120on_50off,1603,160232,30726300.000000004
odr7p_NH4Br,JNL_10off_120on_50off,1604,160332,30613700
odr7p_NH4Br,JNL_10off_120on_50off,1605,160432,30609700.000000004
odr7p_NH4Br,JNL_10off_120on_50off,1606,160532,30123300
odr7p_NH4Br,JNL_10off_120on_50off,1607,160632,30253600
odr7p_NH4Br,JNL_10off_120on_50off,1608,160732,30287799.999999996
odr7p_NH4Br,JNL_10off_120on_50off,1609,160832,30279100
odr7p_NH4Br,JNL_10off_120on_50off,1610,160932,30286200
odr7p_NH4Br,JNL_10off_120on_50off,1611,161032,30364399.999999996
odr7p_NH4Br,JNL_10off_120on_50off,1612,161132,29863400.000000004
odr7p_NH4Br,JNL_10off_120on_50off,1613,161232,30012500.000000004
odr7p_NH4Br,JNL_10off_120on_50off,1614,161332,30196800
odr7p_NH4Br,JNL_10off_120on_50off,1615,161432,30284399.999999996
odr7p_NH4Br,JNL_10off_120on_50off,1616,161532,30168200
odr7p_NH4Br,JNL_10off_120on_50off,1617,161632,29899800
odr7p_NH4Br,JNL_10off_120on_50off,1618,161732,30026799.999999996
odr7p_NH4Br,JNL_10off_120on_50off,1619,161832,30342200
odr7p_NH4Br,JNL_10off_120on_50off,1620,161932,29887100.000000004
odr7p_NH4Br,JNL_10off_120on_50off,1621,162032,30052000
odr7p_NH4Br,JNL_10off_120on_50off,1622,162132,30153000
odr7p_NH4Br,JNL_10off_120on_50off,1623,162232,29809500
odr7p_NH4Br,JNL_10off_120on_50off,1624,162332,29772800
odr7p_NH4Br,JNL_10off_120on_50off,1625,162432,30033200
odr7p_NH4Br,JNL_10off_120on_50off,1626,162532,30003600
odr7p_NH4Br,JNL_10off_120on_50off,1627,162632,30253300
odr7p_NH4Br,JNL_10off_120on_50off,1628,162732,30309200
odr7p_NH4Br,JNL_10off_120on_50off,1629,162832,29954200.000000004
odr7p_NH4Br,JNL_10off_120on_50off,1630,162932,29958000
odr7p_NH4Br,JNL_10off_120on_50off,1631,163032,29756200
odr7p_NH4Br,JNL_10off_120on_50off,1632,163132,30367000
odr7p_NH4Br,JNL_10off_120on_50off,1633,163232,29989900
odr7p_NH4Br,JNL_10off_120on_50off,1634,163332,29813800
odr7p_NH4Br,JNL_10off_120on_50off,1635,163432,30170499.999999996
odr7p_NH4Br,JNL_10off_120on_50off,1636,163532,30013200.000000004
odr7p_NH4Br,JNL_10off_120on_50off,1637,163632,30042600
odr7p_NH4Br,JNL_10off_120on_50off,1638,163732,30305800
odr7p_NH4Br,JNL_10off_120on_50off,1639,163832,30027400.000000004
odr7p_NH4Br,JNL_10off_120on_50off,1640,163932,30086800
odr7p_NH4Br,JNL_10off_120on_50off,1641,164032,30301800
odr7p_NH4Br,JNL_10off_120on_50off,1642,164132,30205000
odr7p_NH4Br,JNL_10off_120on_50off,1643,164232,30053899.999999996
odr7p_NH4Br,JNL_10off_120on_50off,1644,164332,29767800.000000004
odr7p_NH4Br,JNL_10off_120on_50off,1645,164432,30046100
odr7p_NH4Br,JNL_10off_120on_50off,1646,164532,29850300
odr7p_NH4Br,JNL_10off_120on_50off,1647,164632,30084000
odr7p_NH4Br,JNL_10off_120on_50off,1648,164732,29885799.999999996
odr7p_NH4Br,JNL_10off_120on_50off,1649,164832,29754100
odr7p_NH4Br,JNL_10off_120on_50off,1650,164932,30015700
odr7p_NH4Br,JNL_10off_120on_50off,1651,165032,30002800
odr7p_NH4Br,JNL_10off_120on_50off,1652,165132,29864099.999999996
odr7p_NH4Br,JNL_10off_120on_50off,1653,165232,30108000
odr7p_NH4Br,JNL_10off_120on_50off,1654,165332,29628600
odr7p_NH4Br,JNL_10off_120on_50off,1655,165432,30006700
odr7p_NH4Br,JNL_10off_120on_50off,1656,165532,29627500.000000004
odr7p_NH4Br,JNL_10off_120on_50off,1657,165632,29472800
odr7p_NH4Br,JNL_10off_120on_50off,1658,165732,29625400
odr7p_NH4Br,JNL_10off_120on_50off,1659,165832,29401000
odr7p_NH4Br,JNL_10off_120on_50off,1660,165932,29294300
odr7p_NH4Br,JNL_10off_120on_50off,1661,166032,29482000
odr7p_NH4Br,JNL_10off_120on_50off,1662,166132,29708899.999999996
odr7p_NH4Br,JNL_10off_120on_50off,1663,166232,29659700
odr7p_NH4Br,JNL_10off_120on_50off,1664,166332,29759200
odr7p_NH4Br,JNL_10off_120on_50off,1665,166432,29634800
odr7p_NH4Br,JNL_10off_120on_50off,1666,166532,29327200.000000004
odr7p_NH4Br,JNL_10off_120on_50off,1667,166632,29453200
odr7p_NH4Br,JNL_10off_120on_50off,1668,166732,29402900
odr7p_NH4Br,JNL_10off_120on_50off,1669,166832,29325300
odr7p_NH4Br,JNL_10off_120on_50off,1670,166932,29385600
odr7p_NH4Br,JNL_10off_120on_50off,1671,167032,29378600
odr7p_NH4Br,JNL_10off_120on_50off,1672,167132,29195400
odr7p_NH4Br,JNL_10off_120on_50off,1673,167232,29608700
odr7p_NH4Br,JNL_10off_120on_50off,1674,167332,29741200
odr7p_NH4Br,JNL_10off_120on_50off,1675,167432,29436900
odr7p_NH4Br,JNL_10off_120on_50off,1676,167532,29202900
odr7p_NH4Br,JNL_10off_120on_50off,1677,167632,29422600
odr7p_NH4Br,JNL_10off_120on_50off,1678,167732,29202800
odr7p_NH4Br,JNL_10off_120on_50off,1679,167832,29267000
odr7p_NH4Br,JNL_10off_120on_50off,1680,167932,29366100
odr7p_NH4Br,JNL_10off_120on_50off,1681,168032,29466600
odr7p_NH4Br,JNL_10off_120on_50off,1682,168132,29277800
odr7p_NH4Br,JNL_10off_120on_50off,1683,168232,28911800
odr7p_NH4Br,JNL_10off_120on_50off,1684,168332,29350700
odr7p_NH4Br,JNL_10off_120on_50off,1685,168432,29207200.000000004
odr7p_NH4Br,JNL_10off_120on_50off,1686,168532,29326500.000000004
odr7p_NH4Br,JNL_10off_120on_50off,1687,168632,28939400
odr7p_NH4Br,JNL_10off_120on_50off,1688,168732,28995500
odr7p_NH4Br,JNL_10off_120on_50off,1689,168832,28624200.000000004
odr7p_NH4Br,JNL_10off_120on_50off,1690,168932,28839100.000000004
odr7p_NH4Br,JNL_10off_120on_50off,1691,169032,29069500
odr7p_NH4Br,JNL_10off_120on_50off,1692,169132,28941200
odr7p_NH4Br,JNL_10off_120on_50off,1693,169232,28886400
odr7p_NH4Br,JNL_10off_120on_50off,1694,169332,29016800
odr7p_NH4Br,JNL_10off_120on_50off,1695,169432,29101499.999999996
odr7p_NH4Br,JNL_10off_120on_50off,1696,169532,28773700
odr7p_NH4Br,JNL_10off_120on_50off,1697,169632,28730600
odr7p_NH4Br,JNL_10off_120on_50off,1698,169732,28654900
odr7p_NH4Br,JNL_10off_120on_50off,1699,169832,29019200
odr7p_NH4Br,JNL_10off_120on_50off,1700,169932,28729000
odr7p_NH4Br,JNL_10off_120on_50off,1701,170032,28948200
odr7p_NH4Br,JNL_10off_120on_50off,1702,170132,28962600
odr7p_NH4Br,JNL_10off_120on_50off,1703,170232,28659400
odr7p_NH4Br,JNL_10off_120on_50off,1704,170332,28782800
odr7p_NH4Br,JNL_10off_120on_50off,1705,170432,29036100
odr7p_NH4Br,JNL_10off_120on_50off,1706,170532,28857300
odr7p_NH4Br,JNL_10off_120on_50off,1707,170632,28581000
odr7p_NH4Br,JNL_10off_120on_50off,1708,170732,28659400
odr7p_NH4Br,JNL_10off_120on_50off,1709,170832,28802500.000000004
odr7p_NH4Br,JNL_10off_120on_50off,1710,170932,28515700
odr7p_NH4Br,JNL_10off_120on_50off,1711,171032,28840900
odr7p_NH4Br,JNL_10off_120on_50off,1712,171132,28455200
odr7p_NH4Br,JNL_10off_120on_50off,1713,171232,28823900
odr7p_NH4Br,JNL_10off_120on_50off,1714,171332,28195400
odr7p_NH4Br,JNL_10off_120on_50off,1715,171432,28337400
odr7p_NH4Br,JNL_10off_120on_50off,1716,171532,28303000
odr7p_NH4Br,JNL_10off_120on_50off,1717,171632,28259800
odr7p_NH4Br,JNL_10off_120on_50off,1718,171732,28230500
odr7p_NH4Br,JNL_10off_120on_50off,1719,171832,28393400
odr7p_NH4Br,JNL_10off_120on_50off,1720,171932,28582400
odr7p_NH4Br,JNL_10off_120on_50off,1721,172032,28292900
odr7p_NH4Br,JNL_10off_120on_50off,1722,172132,28236300
odr7p_NH4Br,JNL_10off_120on_50off,1723,172232,28457900
odr7p_NH4Br,JNL_10off_120on_50off,1724,172332,28373300
odr7p_NH4Br,JNL_10off_120on_50off,1725,172432,28025000.000000004
odr7p_NH4Br,JNL_10off_120on_50off,1726,172532,28369800
odr7p_NH4Br,JNL_10off_120on_50off,1727,172632,28510500
odr7p_NH4Br,JNL_10off_120on_50off,1728,172732,28372900
odr7p_NH4Br,JNL_10off_120on_50off,1729,172832,28422900.000000004
odr7p_NH4Br,JNL_10off_120on_50off,1730,172932,28121000
odr7p_NH4Br,JNL_10off_120on_50off,1731,173032,28004300
odr7p_NH4Br,JNL_10off_120on_50off,1732,173132,28125900
odr7p_NH4Br,JNL_10off_120on_50off,1733,173232,27977100
odr7p_NH4Br,JNL_10off_120on_50off,1734,173332,27855100
odr7p_NH4Br,JNL_10off_120on_50off,1735,173432,28194700
odr7p_NH4Br,JNL_10off_120on_50off,1736,173542,28193900
odr7p_NH4Br,JNL_10off_120on_50off,1737,173642,28268100
odr7p_NH4Br,JNL_10off_120on_50off,1738,173742,28145600
odr7p_NH4Br,JNL_10off_120on_50off,1739,173842,28053499.999999996
odr7p_NH4Br,JNL_10off_120on_50off,1740,173942,27971100
odr7p_NH4Br,JNL_10off_120on_50off,1741,174042,27852500
odr7p_NH4Br,JNL_10off_120on_50off,1742,174142,27928500
odr7p_NH4Br,JNL_10off_120on_50off,1743,174242,28063600.000000004
odr7p_NH4Br,JNL_10off_120on_50off,1744,174342,28185600
odr7p_NH4Br,JNL_10off_120on_50off,1745,174442,27818600
odr7p_NH4Br,JNL_10off_120on_50off,1746,174542,27777000
odr7p_NH4Br,JNL_10off_120on_50off,1747,174642,27933100
odr7p_NH4Br,JNL_10off_120on_50off,1748,174742,27802500
odr7p_NH4Br,JNL_10off_120on_50off,1749,174842,27965399.999999996
odr7p_NH4Br,JNL_10off_120on_50off,1750,174942,27674400
odr7p_NH4Br,JNL_10off_120on_50off,1751,175042,28006100
odr7p_NH4Br,JNL_10off_120on_50off,1752,175142,27862000
odr7p_NH4Br,JNL_10off_120on_50off,1753,175242,27646799.999999996
odr7p_NH4Br,JNL_10off_120on_50off,1754,175342,28188100
odr7p_NH4Br,JNL_10off_120on_50off,1755,175442,27602600
odr7p_NH4Br,JNL_10off_120on_50off,1756,175542,27780400
odr7p_NH4Br,JNL_10off_120on_50off,1757,175642,27970600
odr7p_NH4Br,JNL_10off_120on_50off,1758,175742,27766099.999999996
odr7p_NH4Br,JNL_10off_120on_50off,1759,175842,27752900
odr7p_NH4Br,JNL_10off_120on_50off,1760,175942,27486000
odr7p_NH4Br,JNL_10off_120on_50off,1761,176042,27747600
odr7p_NH4Br,JNL_10off_120on_50off,1762,176142,27742100
odr7p_NH4Br,JNL_10off_120on_50off,1763,176242,27465200
odr7p_NH4Br,JNL_10off_120on_50off,1764,176342,27692000
odr7p_NH4Br,JNL_10off_120on_50off,1765,176442,27616500
odr7p_NH4Br,JNL_10off_120on_50off,1766,176542,27620300.000000004
odr7p_NH4Br,JNL_10off_120on_50off,1767,176642,27934300
odr7p_NH4Br,JNL_10off_120on_50off,1768,176742,27791800.000000004
odr7p_NH4Br,JNL_10off_120on_50off,1769,176842,27385500
odr7p_NH4Br,JNL_10off_120on_50off,1770,176942,27350200
odr7p_NH4Br,JNL_10off_120on_50off,1771,177042,27418000
odr7p_NH4Br,JNL_10off_120on_50off,1772,177142,27381400
odr7p_NH4Br,JNL_10off_120on_50off,1773,177242,27309199.999999996
odr7p_NH4Br,JNL_10off_120on_50off,1774,177342,27575100
odr7p_NH4Br,JNL_10off_120on_50off,1775,177442,27533599.999999996
odr7p_NH4Br,JNL_10off_120on_50off,1776,177542,27477800
odr7p_NH4Br,JNL_10off_120on_50off,1777,177642,27358699.999999996
odr7p_NH4Br,JNL_10off_120on_50off,1778,177742,27472900
odr7p_NH4Br,JNL_10off_120on_50off,1779,177842,27616000
odr7p_NH4Br,JNL_10off_120on_50off,1780,177942,27110700
odr7p_NH4Br,JNL_10off_120on_50off,1781,178042,27339800
odr7p_NH4Br,JNL_10off_120on_50off,1782,178142,27361700
odr7p_NH4Br,JNL_10off_120on_50off,1783,178242,27087400
odr7p_NH4Br,JNL_10off_120on_50off,1784,178342,27235100
odr7p_NH4Br,JNL_10off_120on_50off,1785,178442,27064900
odr7p_NH4Br,JNL_10off_120on_50off,1786,178542,27134600
odr7p_NH4Br,JNL_10off_120on_50off,1787,178642,27155000
odr7p_NH4Br,JNL_10off_120on_50off,1788,178742,27091500
odr7p_NH4Br,JNL_10off_120on_50off,1789,178842,27000700.000000004
odr7p_NH4Br,JNL_10off_120on_50off,1790,178942,26890200.000000004
odr7p_NH4Br,JNL_10off_120on_50off,1791,179042,27179700.000000004
odr7p_NH4Br,JNL_10off_120on_50off,1792,179142,26899300
odr7p_NH4Br,JNL_10off_120on_50off,1793,179242,26986900
odr7p_NH4Br,JNL_10off_120on_50off,1794,179342,26986800
odr7p_NH4Br,JNL_10off_120on_50off,1795,179442,26796000.000000004
odr7p_NH4Br,JNL_10off_120on_50off,1796,179542,26940300
odr7p_NH4Br,JNL_10off_120on_50off,1797,179642,26957600
odr7p_NH4Br,JNL_10off_120on_50off,1798,179742,26623400
odr7p_NH4Br,JNL_10off_120on_50off,1799,179842,26707400
odr7p_NH4Br,JNL_10off_120on_50off,1800,179942,26816100
