strain_stim,jnl,frame,time_ms,fluor
odr7p_NH4Br,JNL_10off_120on_50off,2,100,54178800
odr7p_NH4Br,JNL_10off_120on_50off,3,200,51866899.99999999
odr7p_NH4Br,JNL_10off_120on_50off,4,300,51136500
odr7p_NH4Br,JNL_10off_120on_50off,5,400,50202700
odr7p_NH4Br,JNL_10off_120on_50off,6,500,49614200.00000001
odr7p_NH4Br,JNL_10off_120on_50off,7,600,49161800
odr7p_NH4Br,JNL_10off_120on_50off,8,700,48359500.00000001
odr7p_NH4Br,JNL_10off_120on_50off,9,800,47638600
odr7p_NH4Br,JNL_10off_120on_50off,10,900,47186199.99999999
odr7p_NH4Br,JNL_10off_120on_50off,11,1000,47028700
odr7p_NH4Br,JNL_10off_120on_50off,12,1100,46442400
odr7p_NH4Br,JNL_10off_120on_50off,13,1200,46002000
odr7p_NH4Br,JNL_10off_120on_50off,14,1300,45977300
odr7p_NH4Br,JNL_10off_120on_50off,15,1400,45481800
odr7p_NH4Br,JNL_10off_120on_50off,16,1500,45268800
odr7p_NH4Br,JNL_10off_120on_50off,17,1600,45296400
odr7p_NH4Br,JNL_10off_120on_50off,18,1700,44673700
odr7p_NH4Br,JNL_10off_120on_50off,19,1800,44099900
odr7p_NH4Br,JNL_10off_120on_50off,20,1900,44056400
odr7p_NH4Br,JNL_10off_120on_50off,21,2000,43918400
odr7p_NH4Br,JNL_10off_120on_50off,22,2100,44000800
odr7p_NH4Br,JNL_10off_120on_50off,23,2200,43275100
odr7p_NH4Br,JNL_10off_120on_50off,24,2300,43439600
odr7p_NH4Br,JNL_10off_120on_50off,25,2400,42738100
odr7p_NH4Br,JNL_10off_120on_50off,26,2500,42941000
odr7p_NH4Br,JNL_10off_120on_50off,27,2600,42563700.00000001
odr7p_NH4Br,JNL_10off_120on_50off,28,2700,42124900
odr7p_NH4Br,JNL_10off_120on_50off,29,2800,42385000
odr7p_NH4Br,JNL_10off_120on_50off,30,2900,42295800
odr7p_NH4Br,JNL_10off_120on_50off,31,3000,42093600
odr7p_NH4Br,JNL_10off_120on_50off,32,3100,42152700
odr7p_NH4Br,JNL_10off_120on_50off,33,3200,41931400
odr7p_NH4Br,JNL_10off_120on_50off,34,3300,41634000
odr7p_NH4Br,JNL_10off_120on_50off,35,3400,41299900
odr7p_NH4Br,JNL_10off_120on_50off,36,3500,41925200
odr7p_NH4Br,JNL_10off_120on_50off,37,3600,41200900
odr7p_NH4Br,JNL_10off_120on_50off,38,3700,40893400
odr7p_NH4Br,JNL_10off_120on_50off,39,3800,40820200
odr7p_NH4Br,JNL_10off_120on_50off,40,3900,41474000
odr7p_NH4Br,JNL_10off_120on_50off,41,4000,40608200
odr7p_NH4Br,JNL_10off_120on_50off,42,4100,40945300
odr7p_NH4Br,JNL_10off_120on_50off,43,4200,41238600
odr7p_NH4Br,JNL_10off_120on_50off,44,4300,40609600
odr7p_NH4Br,JNL_10off_120on_50off,45,4400,40737400
odr7p_NH4Br,JNL_10off_120on_50off,46,4500,40680100
odr7p_NH4Br,JNL_10off_120on_50off,47,4600,40581100
odr7p_NH4Br,JNL_10off_120on_50off,48,4700,40424900
odr7p_NH4Br,JNL_10off_120on_50off,49,4800,40111600
odr7p_NH4Br,JNL_10off_120on_50off,50,4900,40497700
odr7p_NH4Br,JNL_10off_120on_50off,51,5000,40321700
odr7p_NH4Br,JNL_10off_120on_50off,52,5100,40001500
odr7p_NH4Br,JNL_10off_120on_50off,53,5200,40175000
odr7p_NH4Br,JNL_10off_120on_50off,54,5300,40189899.99999999
odr7p_NH4Br,JNL_10off_120on_50off,55,5400,39952700
odr7p_NH4Br,JNL_10off_120on_50off,56,5500,39788000
odr7p_NH4Br,JNL_10off_120on_50off,57,5600,39898700
odr7p_NH4Br,JNL_10off_120on_50off,58,5700,40016100
odr7p_NH4Br,JNL_10off_120on_50off,59,5800,39975700
odr7p_NH4Br,JNL_10off_120on_50off,60,5901,39697500
odr7p_NH4Br,JNL_10off_120on_50off,61,6001,39655300
odr7p_NH4Br,JNL_10off_120on_50off,62,6101,39627300
odr7p_NH4Br,JNL_10off_120on_50off,63,6201,39514900
odr7p_NH4Br,JNL_10off_120on_50off,64,6301,39783700
odr7p_NH4Br,JNL_10off_120on_50off,65,6401,39280500
odr7p_NH4Br,JNL_10off_120on_50off,66,6501,39229800
odr7p_NH4Br,JNL_10off_120on_50off,67,6601,39229800
odr7p_NH4Br,JNL_10off_120on_50off,68,6701,39271400
odr7p_NH4Br,JNL_10off_120on_50off,69,6801,39316700
odr7p_NH4Br,JNL_10off_120on_50off,70,6901,39004800
odr7p_NH4Br,JNL_10off_120on_50off,71,7001,38983100
odr7p_NH4Br,JNL_10off_120on_50off,72,7101,38804400
odr7p_NH4Br,JNL_10off_120on_50off,73,7201,39184400
odr7p_NH4Br,JNL_10off_120on_50off,74,7301,39008700
odr7p_NH4Br,JNL_10off_120on_50off,75,7401,38661600
odr7p_NH4Br,JNL_10off_120on_50off,76,7501,38910800
odr7p_NH4Br,JNL_10off_120on_50off,77,7601,38457900
odr7p_NH4Br,JNL_10off_120on_50off,78,7701,38600500
odr7p_NH4Br,JNL_10off_120on_50off,79,7801,38768500
odr7p_NH4Br,JNL_10off_120on_50off,80,7901,38542000
odr7p_NH4Br,JNL_10off_120on_50off,81,8001,38442500
odr7p_NH4Br,JNL_10off_120on_50off,82,8101,38369600
odr7p_NH4Br,JNL_10off_120on_50off,83,8201,38729900
odr7p_NH4Br,JNL_10off_120on_50off,84,8301,38953000
odr7p_NH4Br,JNL_10off_120on_50off,85,8401,38483500
odr7p_NH4Br,JNL_10off_120on_50off,86,8501,38718200
odr7p_NH4Br,JNL_10off_120on_50off,87,8601,38066300
odr7p_NH4Br,JNL_10off_120on_50off,88,8701,38571200
odr7p_NH4Br,JNL_10off_120on_50off,89,8801,38205700
odr7p_NH4Br,JNL_10off_120on_50off,90,8901,38006800
odr7p_NH4Br,JNL_10off_120on_50off,91,9001,37624000
odr7p_NH4Br,JNL_10off_120on_50off,92,9101,37774600
odr7p_NH4Br,JNL_10off_120on_50off,93,9201,37784800
odr7p_NH4Br,JNL_10off_120on_50off,94,9311,37739400
odr7p_NH4Br,JNL_10off_120on_50off,95,9401,37481500
odr7p_NH4Br,JNL_10off_120on_50off,96,9501,37117400
odr7p_NH4Br,JNL_10off_120on_50off,97,9601,36967000
odr7p_NH4Br,JNL_10off_120on_50off,98,9701,37253200
odr7p_NH4Br,JNL_10off_120on_50off,99,9801,37260800
odr7p_NH4Br,JNL_10off_120on_50off,100,9901,37249800
odr7p_NH4Br,JNL_10off_120on_50off,101,10001,36730900
odr7p_NH4Br,JNL_10off_120on_50off,102,10111,36705400
odr7p_NH4Br,JNL_10off_120on_50off,103,10211,36783300
odr7p_NH4Br,JNL_10off_120on_50off,104,10311,36396500
odr7p_NH4Br,JNL_10off_120on_50off,105,10411,36487000
odr7p_NH4Br,JNL_10off_120on_50off,106,10511,36701900
odr7p_NH4Br,JNL_10off_120on_50off,107,10611,36139200
odr7p_NH4Br,JNL_10off_120on_50off,108,10711,36561200
odr7p_NH4Br,JNL_10off_120on_50off,109,10811,36440300
odr7p_NH4Br,JNL_10off_120on_50off,110,10911,36042800
odr7p_NH4Br,JNL_10off_120on_50off,111,11011,36078500
odr7p_NH4Br,JNL_10off_120on_50off,112,11111,36413000
odr7p_NH4Br,JNL_10off_120on_50off,113,11211,36285600
odr7p_NH4Br,JNL_10off_120on_50off,114,11311,36455100
odr7p_NH4Br,JNL_10off_120on_50off,115,11411,35917700
odr7p_NH4Br,JNL_10off_120on_50off,116,11511,35816200
odr7p_NH4Br,JNL_10off_120on_50off,117,11611,36273900
odr7p_NH4Br,JNL_10off_120on_50off,118,11711,35992100
odr7p_NH4Br,JNL_10off_120on_50off,119,11811,36082500
odr7p_NH4Br,JNL_10off_120on_50off,120,11911,36231500
odr7p_NH4Br,JNL_10off_120on_50off,121,12011,35685700
odr7p_NH4Br,JNL_10off_120on_50off,122,12111,35972700
odr7p_NH4Br,JNL_10off_120on_50off,123,12211,35680700
odr7p_NH4Br,JNL_10off_120on_50off,124,12311,35782900
odr7p_NH4Br,JNL_10off_120on_50off,125,12411,35038900
odr7p_NH4Br,JNL_10off_120on_50off,126,12511,35208000
odr7p_NH4Br,JNL_10off_120on_50off,127,12611,35280900
odr7p_NH4Br,JNL_10off_120on_50off,128,12711,35254400
odr7p_NH4Br,JNL_10off_120on_50off,129,12811,35141100
odr7p_NH4Br,JNL_10off_120on_50off,130,12911,35398800
odr7p_NH4Br,JNL_10off_120on_50off,131,13011,34694800
odr7p_NH4Br,JNL_10off_120on_50off,132,13111,35065000
odr7p_NH4Br,JNL_10off_120on_50off,133,13211,35235500
odr7p_NH4Br,JNL_10off_120on_50off,134,13311,35920300
odr7p_NH4Br,JNL_10off_120on_50off,135,13411,36991000
odr7p_NH4Br,JNL_10off_120on_50off,136,13511,34932100
odr7p_NH4Br,JNL_10off_120on_50off,137,13611,34134500
odr7p_NH4Br,JNL_10off_120on_50off,138,13711,33911300
odr7p_NH4Br,JNL_10off_120on_50off,139,13811,34292100
odr7p_NH4Br,JNL_10off_120on_50off,140,13911,33929700
odr7p_NH4Br,JNL_10off_120on_50off,141,14011,34216300
odr7p_NH4Br,JNL_10off_120on_50off,142,14111,33320300
odr7p_NH4Br,JNL_10off_120on_50off,143,14211,33541900
odr7p_NH4Br,JNL_10off_120on_50off,144,14311,33506400
odr7p_NH4Br,JNL_10off_120on_50off,145,14411,33293499.999999996
odr7p_NH4Br,JNL_10off_120on_50off,146,14511,32864100
odr7p_NH4Br,JNL_10off_120on_50off,147,14611,33391800
odr7p_NH4Br,JNL_10off_120on_50off,148,14711,33216199.999999996
odr7p_NH4Br,JNL_10off_120on_50off,149,14811,32845700
odr7p_NH4Br,JNL_10off_120on_50off,150,14911,33242100
odr7p_NH4Br,JNL_10off_120on_50off,151,15011,33129500
odr7p_NH4Br,JNL_10off_120on_50off,152,15111,32931600
odr7p_NH4Br,JNL_10off_120on_50off,153,15211,33004800
odr7p_NH4Br,JNL_10off_120on_50off,154,15311,32917700
odr7p_NH4Br,JNL_10off_120on_50off,155,15411,32516500
odr7p_NH4Br,JNL_10off_120on_50off,156,15511,32444099.999999996
odr7p_NH4Br,JNL_10off_120on_50off,157,15611,32031000
odr7p_NH4Br,JNL_10off_120on_50off,158,15711,32487300
odr7p_NH4Br,JNL_10off_120on_50off,159,15811,32629100.000000004
odr7p_NH4Br,JNL_10off_120on_50off,160,15911,32045100
odr7p_NH4Br,JNL_10off_120on_50off,161,16011,31596700.000000004
odr7p_NH4Br,JNL_10off_120on_50off,162,16111,31898000
odr7p_NH4Br,JNL_10off_120on_50off,163,16211,31883000
odr7p_NH4Br,JNL_10off_120on_50off,164,16311,31624000
odr7p_NH4Br,JNL_10off_120on_50off,165,16411,31748200
odr7p_NH4Br,JNL_10off_120on_50off,166,16511,31797200
odr7p_NH4Br,JNL_10off_120on_50off,167,16611,31477400.000000004
odr7p_NH4Br,JNL_10off_120on_50off,168,16711,31309200
odr7p_NH4Br,JNL_10off_120on_50off,169,16811,31291900
odr7p_NH4Br,JNL_10off_120on_50off,170,16911,31134500
odr7p_NH4Br,JNL_10off_120on_50off,171,17011,31139700
odr7p_NH4Br,JNL_10off_120on_50off,172,17111,31077200
odr7p_NH4Br,JNL_10off_120on_50off,173,17211,31477600
odr7p_NH4Br,JNL_10off_120on_50off,174,17311,31221899.999999996
odr7p_NH4Br,JNL_10off_120on_50off,175,17411,31203300
odr7p_NH4Br,JNL_10off_120on_50off,176,17511,30808700
odr7p_NH4Br,JNL_10off_120on_50off,177,17611,31055300
odr7p_NH4Br,JNL_10off_120on_50off,178,17711,31034400
odr7p_NH4Br,JNL_10off_120on_50off,179,17811,30530700
odr7p_NH4Br,JNL_10off_120on_50off,180,17911,30801200
odr7p_NH4Br,JNL_10off_120on_50off,181,18011,30828000.000000004
odr7p_NH4Br,JNL_10off_120on_50off,182,18111,30635900
odr7p_NH4Br,JNL_10off_120on_50off,183,18211,30646399.999999996
odr7p_NH4Br,JNL_10off_120on_50off,184,18311,30372200
odr7p_NH4Br,JNL_10off_120on_50off,185,18411,30613900
odr7p_NH4Br,JNL_10off_120on_50off,186,18511,30428700
odr7p_NH4Br,JNL_10off_120on_50off,187,18611,30241400
odr7p_NH4Br,JNL_10off_120on_50off,188,18711,30759700
odr7p_NH4Br,JNL_10off_120on_50off,189,18811,30103399.999999996
odr7p_NH4Br,JNL_10off_120on_50off,190,18911,30069900
odr7p_NH4Br,JNL_10off_120on_50off,191,19011,30202600
odr7p_NH4Br,JNL_10off_120on_50off,192,19111,30256599.999999996
odr7p_NH4Br,JNL_10off_120on_50off,193,19211,30135700
odr7p_NH4Br,JNL_10off_120on_50off,194,19311,30299400
odr7p_NH4Br,JNL_10off_120on_50off,195,19411,30459900.000000004
odr7p_NH4Br,JNL_10off_120on_50off,196,19511,29733900.000000004
odr7p_NH4Br,JNL_10off_120on_50off,197,19611,NA
odr7p_NH4Br,JNL_10off_120on_50off,198,19711,29108700
odr7p_NH4Br,JNL_10off_120on_50off,199,19811,29607600
odr7p_NH4Br,JNL_10off_120on_50off,200,19911,29252400
odr7p_NH4Br,JNL_10off_120on_50off,201,20011,29423499.999999996
odr7p_NH4Br,JNL_10off_120on_50off,202,20111,29244800
odr7p_NH4Br,JNL_10off_120on_50off,203,20211,29329300
odr7p_NH4Br,JNL_10off_120on_50off,204,20311,29178900
odr7p_NH4Br,JNL_10off_120on_50off,205,20411,29609400
odr7p_NH4Br,JNL_10off_120on_50off,206,20511,29136600
odr7p_NH4Br,JNL_10off_120on_50off,207,20611,28660800
odr7p_NH4Br,JNL_10off_120on_50off,208,20711,28903000
odr7p_NH4Br,JNL_10off_120on_50off,209,20811,28791300
odr7p_NH4Br,JNL_10off_120on_50off,210,20911,28882500.000000004
odr7p_NH4Br,JNL_10off_120on_50off,211,21011,28705100
odr7p_NH4Br,JNL_10off_120on_50off,212,21111,28527900
odr7p_NH4Br,JNL_10off_120on_50off,213,21211,28222800
odr7p_NH4Br,JNL_10off_120on_50off,214,21311,28561500
odr7p_NH4Br,JNL_10off_120on_50off,215,21411,28354600
odr7p_NH4Br,JNL_10off_120on_50off,216,21511,28487200
odr7p_NH4Br,JNL_10off_120on_50off,217,21611,28325600
odr7p_NH4Br,JNL_10off_120on_50off,218,21711,28195500
odr7p_NH4Br,JNL_10off_120on_50off,219,21811,28161200
odr7p_NH4Br,JNL_10off_120on_50off,220,21911,28365500
odr7p_NH4Br,JNL_10off_120on_50off,221,22011,28210500
odr7p_NH4Br,JNL_10off_120on_50off,222,22111,27772800.000000004
odr7p_NH4Br,JNL_10off_120on_50off,223,22211,27946000
odr7p_NH4Br,JNL_10off_120on_50off,224,22311,28214200
odr7p_NH4Br,JNL_10off_120on_50off,225,22411,27747500
odr7p_NH4Br,JNL_10off_120on_50off,226,22511,27925600
odr7p_NH4Br,JNL_10off_120on_50off,227,22611,27758000
odr7p_NH4Br,JNL_10off_120on_50off,228,22711,27773300
odr7p_NH4Br,JNL_10off_120on_50off,229,22811,28020100
odr7p_NH4Br,JNL_10off_120on_50off,230,22911,27618000
odr7p_NH4Br,JNL_10off_120on_50off,231,23011,27586600
odr7p_NH4Br,JNL_10off_120on_50off,232,23111,27399900
odr7p_NH4Br,JNL_10off_120on_50off,233,23211,27396500
odr7p_NH4Br,JNL_10off_120on_50off,234,23311,27655000
odr7p_NH4Br,JNL_10off_120on_50off,235,23411,27224900
odr7p_NH4Br,JNL_10off_120on_50off,236,23511,27337100
odr7p_NH4Br,JNL_10off_120on_50off,237,23611,27541100
odr7p_NH4Br,JNL_10off_120on_50off,238,23711,27337300
odr7p_NH4Br,JNL_10off_120on_50off,239,23811,27407300
odr7p_NH4Br,JNL_10off_120on_50off,240,23911,27139300
odr7p_NH4Br,JNL_10off_120on_50off,241,24011,26829900.000000004
odr7p_NH4Br,JNL_10off_120on_50off,242,24111,27081000
odr7p_NH4Br,JNL_10off_120on_50off,243,24211,27065600
odr7p_NH4Br,JNL_10off_120on_50off,244,24311,26772100
odr7p_NH4Br,JNL_10off_120on_50off,245,24411,26982000
odr7p_NH4Br,JNL_10off_120on_50off,246,24511,26855500
odr7p_NH4Br,JNL_10off_120on_50off,247,24611,26715399.999999996
odr7p_NH4Br,JNL_10off_120on_50off,248,24711,26917200
odr7p_NH4Br,JNL_10off_120on_50off,249,24811,26806800
odr7p_NH4Br,JNL_10off_120on_50off,250,24911,26706500.000000004
odr7p_NH4Br,JNL_10off_120on_50off,251,25011,26819600
odr7p_NH4Br,JNL_10off_120on_50off,252,25111,26721100
odr7p_NH4Br,JNL_10off_120on_50off,253,25211,26656300
odr7p_NH4Br,JNL_10off_120on_50off,254,25311,26630400
odr7p_NH4Br,JNL_10off_120on_50off,255,25411,26612600
odr7p_NH4Br,JNL_10off_120on_50off,256,25511,26268500
odr7p_NH4Br,JNL_10off_120on_50off,257,25611,26521000
odr7p_NH4Br,JNL_10off_120on_50off,258,25711,26710600.000000004
odr7p_NH4Br,JNL_10off_120on_50off,259,25811,26303200.000000004
odr7p_NH4Br,JNL_10off_120on_50off,260,25911,26232200
odr7p_NH4Br,JNL_10off_120on_50off,261,26011,26466000
odr7p_NH4Br,JNL_10off_120on_50off,262,26111,26226700
odr7p_NH4Br,JNL_10off_120on_50off,263,26211,26117499.999999996
odr7p_NH4Br,JNL_10off_120on_50off,264,26311,26062300
odr7p_NH4Br,JNL_10off_120on_50off,265,26411,26452800
odr7p_NH4Br,JNL_10off_120on_50off,266,26511,26873900
odr7p_NH4Br,JNL_10off_120on_50off,267,26611,26947000
odr7p_NH4Br,JNL_10off_120on_50off,268,26711,26846800
odr7p_NH4Br,JNL_10off_120on_50off,269,26811,26576800
odr7p_NH4Br,JNL_10off_120on_50off,270,26911,26615800
odr7p_NH4Br,JNL_10off_120on_50off,271,27011,26381199.999999996
odr7p_NH4Br,JNL_10off_120on_50off,272,27111,26669500
odr7p_NH4Br,JNL_10off_120on_50off,273,27211,26472600
odr7p_NH4Br,JNL_10off_120on_50off,274,27311,26299600
odr7p_NH4Br,JNL_10off_120on_50off,275,27411,26429200
odr7p_NH4Br,JNL_10off_120on_50off,276,27511,26345200.000000004
odr7p_NH4Br,JNL_10off_120on_50off,277,27611,26048400
odr7p_NH4Br,JNL_10off_120on_50off,278,27711,25854200
odr7p_NH4Br,JNL_10off_120on_50off,279,27811,26038500
odr7p_NH4Br,JNL_10off_120on_50off,280,27911,25676700
odr7p_NH4Br,JNL_10off_120on_50off,281,28011,25482999.999999996
odr7p_NH4Br,JNL_10off_120on_50off,282,28111,25306600
odr7p_NH4Br,JNL_10off_120on_50off,283,28211,25710300
odr7p_NH4Br,JNL_10off_120on_50off,284,28311,25695700
odr7p_NH4Br,JNL_10off_120on_50off,285,28411,25604200
odr7p_NH4Br,JNL_10off_120on_50off,286,28511,25622100
odr7p_NH4Br,JNL_10off_120on_50off,287,28611,25556899.999999996
odr7p_NH4Br,JNL_10off_120on_50off,288,28711,25149800
odr7p_NH4Br,JNL_10off_120on_50off,289,28811,25496100
odr7p_NH4Br,JNL_10off_120on_50off,290,28911,25139300.000000004
odr7p_NH4Br,JNL_10off_120on_50off,291,29011,25247400
odr7p_NH4Br,JNL_10off_120on_50off,292,29111,25101100
odr7p_NH4Br,JNL_10off_120on_50off,293,29211,24915600.000000004
odr7p_NH4Br,JNL_10off_120on_50off,294,29311,24962100
odr7p_NH4Br,JNL_10off_120on_50off,295,29411,25135900.000000004
odr7p_NH4Br,JNL_10off_120on_50off,296,29511,25015500
odr7p_NH4Br,JNL_10off_120on_50off,297,29611,25134300
odr7p_NH4Br,JNL_10off_120on_50off,298,29711,24950199.999999996
odr7p_NH4Br,JNL_10off_120on_50off,299,29811,24679300
odr7p_NH4Br,JNL_10off_120on_50off,300,29911,24736200
odr7p_NH4Br,JNL_10off_120on_50off,301,30011,24856200
odr7p_NH4Br,JNL_10off_120on_50off,302,30111,24841900
odr7p_NH4Br,JNL_10off_120on_50off,303,30211,24754000
odr7p_NH4Br,JNL_10off_120on_50off,304,30311,24859300.000000004
odr7p_NH4Br,JNL_10off_120on_50off,305,30411,24561500
odr7p_NH4Br,JNL_10off_120on_50off,306,30511,24577600
odr7p_NH4Br,JNL_10off_120on_50off,307,30611,24293900
odr7p_NH4Br,JNL_10off_120on_50off,308,30711,24562500
odr7p_NH4Br,JNL_10off_120on_50off,309,30811,24277600
odr7p_NH4Br,JNL_10off_120on_50off,310,30911,24287800
odr7p_NH4Br,JNL_10off_120on_50off,311,31011,24374500
odr7p_NH4Br,JNL_10off_120on_50off,312,31111,24217800
odr7p_NH4Br,JNL_10off_120on_50off,313,31211,24062700
odr7p_NH4Br,JNL_10off_120on_50off,314,31311,24209500
odr7p_NH4Br,JNL_10off_120on_50off,315,31411,24517000.000000004
odr7p_NH4Br,JNL_10off_120on_50off,316,31511,24133500
odr7p_NH4Br,JNL_10off_120on_50off,317,31611,23851600
odr7p_NH4Br,JNL_10off_120on_50off,318,31711,24026300
odr7p_NH4Br,JNL_10off_120on_50off,319,31811,23994600
odr7p_NH4Br,JNL_10off_120on_50off,320,31911,23809500
odr7p_NH4Br,JNL_10off_120on_50off,321,32011,23766400
odr7p_NH4Br,JNL_10off_120on_50off,322,32111,23635500
odr7p_NH4Br,JNL_10off_120on_50off,323,32211,23886700
odr7p_NH4Br,JNL_10off_120on_50off,324,32311,23684599.999999996
odr7p_NH4Br,JNL_10off_120on_50off,325,32411,23603800
odr7p_NH4Br,JNL_10off_120on_50off,326,32511,23690900
odr7p_NH4Br,JNL_10off_120on_50off,327,32611,23588100
odr7p_NH4Br,JNL_10off_120on_50off,328,32711,23750000
odr7p_NH4Br,JNL_10off_120on_50off,329,32811,23257600
odr7p_NH4Br,JNL_10off_120on_50off,330,32911,23562200
odr7p_NH4Br,JNL_10off_120on_50off,331,33011,23598900
odr7p_NH4Br,JNL_10off_120on_50off,332,33111,23584900.000000004
odr7p_NH4Br,JNL_10off_120on_50off,333,33211,23303100
odr7p_NH4Br,JNL_10off_120on_50off,334,33311,23073300
odr7p_NH4Br,JNL_10off_120on_50off,335,33411,23639300
odr7p_NH4Br,JNL_10off_120on_50off,336,33511,23216700
odr7p_NH4Br,JNL_10off_120on_50off,337,33611,23394900
odr7p_NH4Br,JNL_10off_120on_50off,338,33711,23342000
odr7p_NH4Br,JNL_10off_120on_50off,339,33811,23112100
odr7p_NH4Br,JNL_10off_120on_50off,340,33911,23231099.999999996
odr7p_NH4Br,JNL_10off_120on_50off,341,34011,23394100
odr7p_NH4Br,JNL_10off_120on_50off,342,34111,23360300
odr7p_NH4Br,JNL_10off_120on_50off,343,34211,23541000
odr7p_NH4Br,JNL_10off_120on_50off,344,34311,23227500
odr7p_NH4Br,JNL_10off_120on_50off,345,34411,23118200
odr7p_NH4Br,JNL_10off_120on_50off,346,34511,23092800.000000004
odr7p_NH4Br,JNL_10off_120on_50off,347,34611,22986100
odr7p_NH4Br,JNL_10off_120on_50off,348,34711,23227400
odr7p_NH4Br,JNL_10off_120on_50off,349,34811,23145800
odr7p_NH4Br,JNL_10off_120on_50off,350,34911,22934100
odr7p_NH4Br,JNL_10off_120on_50off,351,35011,22949600
odr7p_NH4Br,JNL_10off_120on_50off,352,35111,23139300
odr7p_NH4Br,JNL_10off_120on_50off,353,35211,23116200
odr7p_NH4Br,JNL_10off_120on_50off,354,35311,22768099.999999996
odr7p_NH4Br,JNL_10off_120on_50off,355,35411,22902999.999999996
odr7p_NH4Br,JNL_10off_120on_50off,356,35511,22988800
odr7p_NH4Br,JNL_10off_120on_50off,357,35611,22921999.999999996
odr7p_NH4Br,JNL_10off_120on_50off,358,35711,22808300
odr7p_NH4Br,JNL_10off_120on_50off,359,35811,22950100
odr7p_NH4Br,JNL_10off_120on_50off,360,35911,22548499.999999996
odr7p_NH4Br,JNL_10off_120on_50off,361,36011,22403300
odr7p_NH4Br,JNL_10off_120on_50off,362,36111,22787500
odr7p_NH4Br,JNL_10off_120on_50off,363,36211,22626300
odr7p_NH4Br,JNL_10off_120on_50off,364,36311,22874000
odr7p_NH4Br,JNL_10off_120on_50off,365,36411,22561600
odr7p_NH4Br,JNL_10off_120on_50off,366,36511,22828900
odr7p_NH4Br,JNL_10off_120on_50off,367,36611,22605300
odr7p_NH4Br,JNL_10off_120on_50off,368,36711,22336200
odr7p_NH4Br,JNL_10off_120on_50off,369,36811,22886400
odr7p_NH4Br,JNL_10off_120on_50off,370,36911,22627500
odr7p_NH4Br,JNL_10off_120on_50off,371,37011,22540500
odr7p_NH4Br,JNL_10off_120on_50off,372,37111,22141099.999999996
odr7p_NH4Br,JNL_10off_120on_50off,373,37211,22281900
odr7p_NH4Br,JNL_10off_120on_50off,374,37311,22530900
odr7p_NH4Br,JNL_10off_120on_50off,375,37411,22060600
odr7p_NH4Br,JNL_10off_120on_50off,376,37511,21943300
odr7p_NH4Br,JNL_10off_120on_50off,377,37611,22201700
odr7p_NH4Br,JNL_10off_120on_50off,378,37711,22019900
odr7p_NH4Br,JNL_10off_120on_50off,379,37811,22123900
odr7p_NH4Br,JNL_10off_120on_50off,380,37911,22069000
odr7p_NH4Br,JNL_10off_120on_50off,381,38011,21773200
odr7p_NH4Br,JNL_10off_120on_50off,382,38111,21856200
odr7p_NH4Br,JNL_10off_120on_50off,383,38211,21896600
odr7p_NH4Br,JNL_10off_120on_50off,384,38311,21986000
odr7p_NH4Br,JNL_10off_120on_50off,385,38411,21696700
odr7p_NH4Br,JNL_10off_120on_50off,386,38511,21863900
odr7p_NH4Br,JNL_10off_120on_50off,387,38611,21595100
odr7p_NH4Br,JNL_10off_120on_50off,388,38711,21445599.999999996
odr7p_NH4Br,JNL_10off_120on_50off,389,38811,21526800
odr7p_NH4Br,JNL_10off_120on_50off,390,38911,21290200
odr7p_NH4Br,JNL_10off_120on_50off,391,39011,21533600
odr7p_NH4Br,JNL_10off_120on_50off,392,39111,21663100
odr7p_NH4Br,JNL_10off_120on_50off,393,39211,21725100
odr7p_NH4Br,JNL_10off_120on_50off,394,39311,21728900.000000004
odr7p_NH4Br,JNL_10off_120on_50off,395,39411,21593100
odr7p_NH4Br,JNL_10off_120on_50off,396,39511,21666400
odr7p_NH4Br,JNL_10off_120on_50off,397,39611,21595500
odr7p_NH4Br,JNL_10off_120on_50off,398,39711,21588000
odr7p_NH4Br,JNL_10off_120on_50off,399,39811,21392600
odr7p_NH4Br,JNL_10off_120on_50off,400,39911,21640400
odr7p_NH4Br,JNL_10off_120on_50off,401,40011,21356799.999999996
odr7p_NH4Br,JNL_10off_120on_50off,402,40111,21266000
odr7p_NH4Br,JNL_10off_120on_50off,403,40211,21466000
odr7p_NH4Br,JNL_10off_120on_50off,404,40311,21002000
odr7p_NH4Br,JNL_10off_120on_50off,405,40411,21463300
odr7p_NH4Br,JNL_10off_120on_50off,406,40511,21335600
odr7p_NH4Br,JNL_10off_120on_50off,407,40611,21268600.000000004
odr7p_NH4Br,JNL_10off_120on_50off,408,40711,21372100
odr7p_NH4Br,JNL_10off_120on_50off,409,40811,21445700
odr7p_NH4Br,JNL_10off_120on_50off,410,40911,21081900
odr7p_NH4Br,JNL_10off_120on_50off,411,41011,21313399.999999996
odr7p_NH4Br,JNL_10off_120on_50off,412,41111,21041500.000000004
odr7p_NH4Br,JNL_10off_120on_50off,413,41211,21184400
odr7p_NH4Br,JNL_10off_120on_50off,414,41311,21049800
odr7p_NH4Br,JNL_10off_120on_50off,415,41411,21009699.999999996
odr7p_NH4Br,JNL_10off_120on_50off,416,41511,21066800
odr7p_NH4Br,JNL_10off_120on_50off,417,41611,20730800
odr7p_NH4Br,JNL_10off_120on_50off,418,41711,20637500.000000004
odr7p_NH4Br,JNL_10off_120on_50off,419,41811,20876100.000000004
odr7p_NH4Br,JNL_10off_120on_50off,420,41911,20751000
odr7p_NH4Br,JNL_10off_120on_50off,421,42011,20848100
odr7p_NH4Br,JNL_10off_120on_50off,422,42111,20493600
odr7p_NH4Br,JNL_10off_120on_50off,423,42211,20650800
odr7p_NH4Br,JNL_10off_120on_50off,424,42311,20662900
odr7p_NH4Br,JNL_10off_120on_50off,425,42411,20387500
odr7p_NH4Br,JNL_10off_120on_50off,426,42511,20704300
odr7p_NH4Br,JNL_10off_120on_50off,427,42611,20625700
odr7p_NH4Br,JNL_10off_120on_50off,428,42711,20561800
odr7p_NH4Br,JNL_10off_120on_50off,429,42811,20656800
odr7p_NH4Br,JNL_10off_120on_50off,430,42911,20438800
odr7p_NH4Br,JNL_10off_120on_50off,431,43011,20678800
odr7p_NH4Br,JNL_10off_120on_50off,432,43111,20305200
odr7p_NH4Br,JNL_10off_120on_50off,433,43211,20328600
odr7p_NH4Br,JNL_10off_120on_50off,434,43311,20430500
odr7p_NH4Br,JNL_10off_120on_50off,435,43411,20521100
odr7p_NH4Br,JNL_10off_120on_50off,436,43511,20285700.000000004
odr7p_NH4Br,JNL_10off_120on_50off,437,43611,20632100.000000004
odr7p_NH4Br,JNL_10off_120on_50off,438,43711,20477300
odr7p_NH4Br,JNL_10off_120on_50off,439,43811,20460900
odr7p_NH4Br,JNL_10off_120on_50off,440,43911,20486100
odr7p_NH4Br,JNL_10off_120on_50off,441,44011,20540200
odr7p_NH4Br,JNL_10off_120on_50off,442,44111,20476600
odr7p_NH4Br,JNL_10off_120on_50off,443,44211,20391200
odr7p_NH4Br,JNL_10off_120on_50off,444,44311,20272800.000000004
odr7p_NH4Br,JNL_10off_120on_50off,445,44411,20199500
odr7p_NH4Br,JNL_10off_120on_50off,446,44511,20178000
odr7p_NH4Br,JNL_10off_120on_50off,447,44611,20174700
odr7p_NH4Br,JNL_10off_120on_50off,448,44711,20049199.999999996
odr7p_NH4Br,JNL_10off_120on_50off,449,44811,20180300
odr7p_NH4Br,JNL_10off_120on_50off,450,44911,20065900
odr7p_NH4Br,JNL_10off_120on_50off,451,45011,20442100
odr7p_NH4Br,JNL_10off_120on_50off,452,45111,20514899.999999996
odr7p_NH4Br,JNL_10off_120on_50off,453,45211,20632700
odr7p_NH4Br,JNL_10off_120on_50off,454,45311,20402300.000000004
odr7p_NH4Br,JNL_10off_120on_50off,455,45411,20271600
odr7p_NH4Br,JNL_10off_120on_50off,456,45511,20603500
odr7p_NH4Br,JNL_10off_120on_50off,457,45611,20350200
odr7p_NH4Br,JNL_10off_120on_50off,458,45711,20823200
odr7p_NH4Br,JNL_10off_120on_50off,459,45811,20604600
odr7p_NH4Br,JNL_10off_120on_50off,460,45911,20580100
odr7p_NH4Br,JNL_10off_120on_50off,461,46011,20669400.000000004
odr7p_NH4Br,JNL_10off_120on_50off,462,46111,20659500
odr7p_NH4Br,JNL_10off_120on_50off,463,46211,20397300
odr7p_NH4Br,JNL_10off_120on_50off,464,46311,20499000
odr7p_NH4Br,JNL_10off_120on_50off,465,46411,20505200
odr7p_NH4Br,JNL_10off_120on_50off,466,46511,20460000
odr7p_NH4Br,JNL_10off_120on_50off,467,46611,20548300
odr7p_NH4Br,JNL_10off_120on_50off,468,46711,20292600
odr7p_NH4Br,JNL_10off_120on_50off,469,46811,20396800
odr7p_NH4Br,JNL_10off_120on_50off,470,46911,20155500
odr7p_NH4Br,JNL_10off_120on_50off,471,47011,20142200
odr7p_NH4Br,JNL_10off_120on_50off,472,47111,20454300
odr7p_NH4Br,JNL_10off_120on_50off,473,47211,20332300
odr7p_NH4Br,JNL_10off_120on_50off,474,47311,20562200
odr7p_NH4Br,JNL_10off_120on_50off,475,47411,20483100
odr7p_NH4Br,JNL_10off_120on_50off,476,47511,20532000
odr7p_NH4Br,JNL_10off_120on_50off,477,47611,20090499.999999996
odr7p_NH4Br,JNL_10off_120on_50off,478,47711,20237900
odr7p_NH4Br,JNL_10off_120on_50off,479,47811,20464500
odr7p_NH4Br,JNL_10off_120on_50off,480,47911,20121800
odr7p_NH4Br,JNL_10off_120on_50off,481,48011,20287000
odr7p_NH4Br,JNL_10off_120on_50off,482,48111,20241500
odr7p_NH4Br,JNL_10off_120on_50off,483,48211,19976600
odr7p_NH4Br,JNL_10off_120on_50off,484,48311,20184000.000000004
odr7p_NH4Br,JNL_10off_120on_50off,485,48411,20216800
odr7p_NH4Br,JNL_10off_120on_50off,486,48511,19985700
odr7p_NH4Br,JNL_10off_120on_50off,487,48611,20261800
odr7p_NH4Br,JNL_10off_120on_50off,488,48711,20166800
odr7p_NH4Br,JNL_10off_120on_50off,489,48811,20155400
odr7p_NH4Br,JNL_10off_120on_50off,490,48911,20158900
odr7p_NH4Br,JNL_10off_120on_50off,491,49011,19999900
odr7p_NH4Br,JNL_10off_120on_50off,492,49111,20169300
odr7p_NH4Br,JNL_10off_120on_50off,493,49211,20095000
odr7p_NH4Br,JNL_10off_120on_50off,494,49311,19912600
odr7p_NH4Br,JNL_10off_120on_50off,495,49411,19942200
odr7p_NH4Br,JNL_10off_120on_50off,496,49511,19907500
odr7p_NH4Br,JNL_10off_120on_50off,497,49611,19815300
odr7p_NH4Br,JNL_10off_120on_50off,498,49711,19813200
odr7p_NH4Br,JNL_10off_120on_50off,499,49811,19752900
odr7p_NH4Br,JNL_10off_120on_50off,500,49911,19923300
odr7p_NH4Br,JNL_10off_120on_50off,501,50011,19919900
odr7p_NH4Br,JNL_10off_120on_50off,502,50111,19880400
odr7p_NH4Br,JNL_10off_120on_50off,503,50211,19735100
odr7p_NH4Br,JNL_10off_120on_50off,504,50311,19864500
odr7p_NH4Br,JNL_10off_120on_50off,505,50411,19812800
odr7p_NH4Br,JNL_10off_120on_50off,506,50511,19660300
odr7p_NH4Br,JNL_10off_120on_50off,507,50611,19676100
odr7p_NH4Br,JNL_10off_120on_50off,508,50711,19563400
odr7p_NH4Br,JNL_10off_120on_50off,509,50811,19639800
odr7p_NH4Br,JNL_10off_120on_50off,510,50911,19418300
odr7p_NH4Br,JNL_10off_120on_50off,511,51011,19332000
odr7p_NH4Br,JNL_10off_120on_50off,512,51111,19514100
odr7p_NH4Br,JNL_10off_120on_50off,513,51211,19590200
odr7p_NH4Br,JNL_10off_120on_50off,514,51311,19242300
odr7p_NH4Br,JNL_10off_120on_50off,515,51411,19152500
odr7p_NH4Br,JNL_10off_120on_50off,516,51511,19466800
odr7p_NH4Br,JNL_10off_120on_50off,517,51611,19171100
odr7p_NH4Br,JNL_10off_120on_50off,518,51711,19251800
odr7p_NH4Br,JNL_10off_120on_50off,519,51811,19256400
odr7p_NH4Br,JNL_10off_120on_50off,520,51911,19175500
odr7p_NH4Br,JNL_10off_120on_50off,521,52011,19123200
odr7p_NH4Br,JNL_10off_120on_50off,522,52111,19218800
odr7p_NH4Br,JNL_10off_120on_50off,523,52211,18958400
odr7p_NH4Br,JNL_10off_120on_50off,524,52311,18817300
odr7p_NH4Br,JNL_10off_120on_50off,525,52411,19109500
odr7p_NH4Br,JNL_10off_120on_50off,526,52511,19258800
odr7p_NH4Br,JNL_10off_120on_50off,527,52611,19065800
odr7p_NH4Br,JNL_10off_120on_50off,528,52711,18934700
odr7p_NH4Br,JNL_10off_120on_50off,529,52811,18963400
odr7p_NH4Br,JNL_10off_120on_50off,530,52911,19193000
odr7p_NH4Br,JNL_10off_120on_50off,531,53011,18996100
odr7p_NH4Br,JNL_10off_120on_50off,532,53111,18969700
odr7p_NH4Br,JNL_10off_120on_50off,533,53211,19082400
odr7p_NH4Br,JNL_10off_120on_50off,534,53311,18959000
odr7p_NH4Br,JNL_10off_120on_50off,535,53411,19213700
odr7p_NH4Br,JNL_10off_120on_50off,536,53511,18928000
odr7p_NH4Br,JNL_10off_120on_50off,537,53611,18862000
odr7p_NH4Br,JNL_10off_120on_50off,538,53711,19021900
odr7p_NH4Br,JNL_10off_120on_50off,539,53811,18842600
odr7p_NH4Br,JNL_10off_120on_50off,540,53911,18881600
odr7p_NH4Br,JNL_10off_120on_50off,541,54011,18951100
odr7p_NH4Br,JNL_10off_120on_50off,542,54111,18808500
odr7p_NH4Br,JNL_10off_120on_50off,543,54211,18625000
odr7p_NH4Br,JNL_10off_120on_50off,544,54311,18791500
odr7p_NH4Br,JNL_10off_120on_50off,545,54411,18802700
odr7p_NH4Br,JNL_10off_120on_50off,546,54511,18991400
odr7p_NH4Br,JNL_10off_120on_50off,547,54611,18950500
odr7p_NH4Br,JNL_10off_120on_50off,548,54711,18827200
odr7p_NH4Br,JNL_10off_120on_50off,549,54811,18812800
odr7p_NH4Br,JNL_10off_120on_50off,550,54911,18760000
odr7p_NH4Br,JNL_10off_120on_50off,551,55011,18664600
odr7p_NH4Br,JNL_10off_120on_50off,552,55111,18755100
odr7p_NH4Br,JNL_10off_120on_50off,553,55211,18839100
odr7p_NH4Br,JNL_10off_120on_50off,554,55311,18677000
odr7p_NH4Br,JNL_10off_120on_50off,555,55411,18692600
odr7p_NH4Br,JNL_10off_120on_50off,556,55511,18713700
odr7p_NH4Br,JNL_10off_120on_50off,557,55611,18815800
odr7p_NH4Br,JNL_10off_120on_50off,558,55711,18764000
odr7p_NH4Br,JNL_10off_120on_50off,559,55811,18563900
odr7p_NH4Br,JNL_10off_120on_50off,560,55911,18459400
odr7p_NH4Br,JNL_10off_120on_50off,561,56011,18609500
odr7p_NH4Br,JNL_10off_120on_50off,562,56111,18352200
odr7p_NH4Br,JNL_10off_120on_50off,563,56211,18504300
odr7p_NH4Br,JNL_10off_120on_50off,564,56311,18231500
odr7p_NH4Br,JNL_10off_120on_50off,565,56411,18322900
odr7p_NH4Br,JNL_10off_120on_50off,566,56511,18363500
odr7p_NH4Br,JNL_10off_120on_50off,567,56611,18195600
odr7p_NH4Br,JNL_10off_120on_50off,568,56711,18315600
odr7p_NH4Br,JNL_10off_120on_50off,569,56811,18288600
odr7p_NH4Br,JNL_10off_120on_50off,570,56911,NA
odr7p_NH4Br,JNL_10off_120on_50off,571,57011,18225700
odr7p_NH4Br,JNL_10off_120on_50off,572,57111,18285700
odr7p_NH4Br,JNL_10off_120on_50off,573,57211,18110100
odr7p_NH4Br,JNL_10off_120on_50off,574,57311,18265800
odr7p_NH4Br,JNL_10off_120on_50off,575,57411,18085500
odr7p_NH4Br,JNL_10off_120on_50off,576,57511,18127700
odr7p_NH4Br,JNL_10off_120on_50off,577,57611,18090900
odr7p_NH4Br,JNL_10off_120on_50off,578,57711,18259800
odr7p_NH4Br,JNL_10off_120on_50off,579,57811,18214300
odr7p_NH4Br,JNL_10off_120on_50off,580,57911,18127900
odr7p_NH4Br,JNL_10off_120on_50off,581,58011,18220600
odr7p_NH4Br,JNL_10off_120on_50off,582,58111,17983300
odr7p_NH4Br,JNL_10off_120on_50off,583,58211,17866700
odr7p_NH4Br,JNL_10off_120on_50off,584,58311,17920800
odr7p_NH4Br,JNL_10off_120on_50off,585,58411,17983800
odr7p_NH4Br,JNL_10off_120on_50off,586,58511,17899600
odr7p_NH4Br,JNL_10off_120on_50off,587,58611,18029400
odr7p_NH4Br,JNL_10off_120on_50off,588,58711,18017600
odr7p_NH4Br,JNL_10off_120on_50off,589,58811,17948100
odr7p_NH4Br,JNL_10off_120on_50off,590,58911,18038900
odr7p_NH4Br,JNL_10off_120on_50off,591,59011,17841500
odr7p_NH4Br,JNL_10off_120on_50off,592,59111,17641100
odr7p_NH4Br,JNL_10off_120on_50off,593,59211,17801600
odr7p_NH4Br,JNL_10off_120on_50off,594,59311,17614800
odr7p_NH4Br,JNL_10off_120on_50off,595,59411,17900300
odr7p_NH4Br,JNL_10off_120on_50off,596,59511,17776300
odr7p_NH4Br,JNL_10off_120on_50off,597,59611,17681900
odr7p_NH4Br,JNL_10off_120on_50off,598,59711,17732700
odr7p_NH4Br,JNL_10off_120on_50off,599,59811,17658200
odr7p_NH4Br,JNL_10off_120on_50off,600,59911,17600900
odr7p_NH4Br,JNL_10off_120on_50off,601,60011,17528100
odr7p_NH4Br,JNL_10off_120on_50off,602,60111,17675500
odr7p_NH4Br,JNL_10off_120on_50off,603,60211,17641600
odr7p_NH4Br,JNL_10off_120on_50off,604,60311,17452300
odr7p_NH4Br,JNL_10off_120on_50off,605,60411,17527100
odr7p_NH4Br,JNL_10off_120on_50off,606,60511,17473900
odr7p_NH4Br,JNL_10off_120on_50off,607,60611,17352400
odr7p_NH4Br,JNL_10off_120on_50off,608,60711,17402300
odr7p_NH4Br,JNL_10off_120on_50off,609,60811,17483500
odr7p_NH4Br,JNL_10off_120on_50off,610,60911,17415900
odr7p_NH4Br,JNL_10off_120on_50off,611,61011,17511600
odr7p_NH4Br,JNL_10off_120on_50off,612,61111,17259000
odr7p_NH4Br,JNL_10off_120on_50off,613,61211,17013500
odr7p_NH4Br,JNL_10off_120on_50off,614,61311,17111600
odr7p_NH4Br,JNL_10off_120on_50off,615,61411,17081800
odr7p_NH4Br,JNL_10off_120on_50off,616,61511,17116700
odr7p_NH4Br,JNL_10off_120on_50off,617,61611,17182400
odr7p_NH4Br,JNL_10off_120on_50off,618,61711,17200200
odr7p_NH4Br,JNL_10off_120on_50off,619,61811,17098400
odr7p_NH4Br,JNL_10off_120on_50off,620,61911,17112000
odr7p_NH4Br,JNL_10off_120on_50off,621,62011,16761299.999999998
odr7p_NH4Br,JNL_10off_120on_50off,622,62111,16928100
odr7p_NH4Br,JNL_10off_120on_50off,623,62211,16919500
odr7p_NH4Br,JNL_10off_120on_50off,624,62311,16626600
odr7p_NH4Br,JNL_10off_120on_50off,625,62411,16778400
odr7p_NH4Br,JNL_10off_120on_50off,626,62511,16898900
odr7p_NH4Br,JNL_10off_120on_50off,627,62611,16886900
odr7p_NH4Br,JNL_10off_120on_50off,628,62711,16849100
odr7p_NH4Br,JNL_10off_120on_50off,629,62811,16824700
odr7p_NH4Br,JNL_10off_120on_50off,630,62911,16695700
odr7p_NH4Br,JNL_10off_120on_50off,631,63011,16833300
odr7p_NH4Br,JNL_10off_120on_50off,632,63111,16840200
odr7p_NH4Br,JNL_10off_120on_50off,633,63211,16603200
odr7p_NH4Br,JNL_10off_120on_50off,634,63311,16652300
odr7p_NH4Br,JNL_10off_120on_50off,635,63421,16570600
odr7p_NH4Br,JNL_10off_120on_50off,636,63511,16466700
odr7p_NH4Br,JNL_10off_120on_50off,637,63611,16649300
odr7p_NH4Br,JNL_10off_120on_50off,638,63711,16517900
odr7p_NH4Br,JNL_10off_120on_50off,639,63811,16450300
odr7p_NH4Br,JNL_10off_120on_50off,640,63911,16366200
odr7p_NH4Br,JNL_10off_120on_50off,641,64011,16165600
odr7p_NH4Br,JNL_10off_120on_50off,642,64111,16324000
odr7p_NH4Br,JNL_10off_120on_50off,643,64211,16326200
odr7p_NH4Br,JNL_10off_120on_50off,644,64311,15932500
odr7p_NH4Br,JNL_10off_120on_50off,645,64421,15935800
odr7p_NH4Br,JNL_10off_120on_50off,646,64511,15824900
odr7p_NH4Br,JNL_10off_120on_50off,647,64611,16075299.999999998
odr7p_NH4Br,JNL_10off_120on_50off,648,64711,15657600
odr7p_NH4Br,JNL_10off_120on_50off,649,64811,15912900.000000002
odr7p_NH4Br,JNL_10off_120on_50off,650,64911,15751800
odr7p_NH4Br,JNL_10off_120on_50off,651,65011,15903600
odr7p_NH4Br,JNL_10off_120on_50off,652,65111,15925100
odr7p_NH4Br,JNL_10off_120on_50off,653,65211,15706700
odr7p_NH4Br,JNL_10off_120on_50off,654,65321,15830500
odr7p_NH4Br,JNL_10off_120on_50off,655,65421,15668400
odr7p_NH4Br,JNL_10off_120on_50off,656,65521,15901500
odr7p_NH4Br,JNL_10off_120on_50off,657,65621,15723200
odr7p_NH4Br,JNL_10off_120on_50off,658,65721,15923700
odr7p_NH4Br,JNL_10off_120on_50off,659,65821,15753299.999999998
odr7p_NH4Br,JNL_10off_120on_50off,660,65921,15717600
odr7p_NH4Br,JNL_10off_120on_50off,661,66021,15748000
odr7p_NH4Br,JNL_10off_120on_50off,662,66121,15864900
odr7p_NH4Br,JNL_10off_120on_50off,663,66221,15688600
odr7p_NH4Br,JNL_10off_120on_50off,664,66321,15865900
odr7p_NH4Br,JNL_10off_120on_50off,665,66421,15500600
odr7p_NH4Br,JNL_10off_120on_50off,666,66521,15633600
odr7p_NH4Br,JNL_10off_120on_50off,667,66621,15593500
odr7p_NH4Br,JNL_10off_120on_50off,668,66721,15771400
odr7p_NH4Br,JNL_10off_120on_50off,669,66821,15489200
odr7p_NH4Br,JNL_10off_120on_50off,670,69201,15512000
odr7p_NH4Br,JNL_10off_120on_50off,671,69221,15694400
odr7p_NH4Br,JNL_10off_120on_50off,672,69241,15492300.000000002
odr7p_NH4Br,JNL_10off_120on_50off,673,69261,15447400
odr7p_NH4Br,JNL_10off_120on_50off,674,69281,15343000
odr7p_NH4Br,JNL_10off_120on_50off,675,69311,15314200
odr7p_NH4Br,JNL_10off_120on_50off,676,69331,15500400
odr7p_NH4Br,JNL_10off_120on_50off,677,69351,15627400
odr7p_NH4Br,JNL_10off_120on_50off,678,69371,15489599.999999998
odr7p_NH4Br,JNL_10off_120on_50off,679,69391,15190300.000000002
odr7p_NH4Br,JNL_10off_120on_50off,680,69421,15347700
odr7p_NH4Br,JNL_10off_120on_50off,681,69441,15567800
odr7p_NH4Br,JNL_10off_120on_50off,682,69461,15277800
odr7p_NH4Br,JNL_10off_120on_50off,683,69481,15316800
odr7p_NH4Br,JNL_10off_120on_50off,684,69511,15185000
odr7p_NH4Br,JNL_10off_120on_50off,685,69531,15370700
odr7p_NH4Br,JNL_10off_120on_50off,686,69551,15339200
odr7p_NH4Br,JNL_10off_120on_50off,687,69571,15016099.999999998
odr7p_NH4Br,JNL_10off_120on_50off,688,69591,15214500
odr7p_NH4Br,JNL_10off_120on_50off,689,69621,15089100
odr7p_NH4Br,JNL_10off_120on_50off,690,69721,15062700
odr7p_NH4Br,JNL_10off_120on_50off,691,69821,15040400
odr7p_NH4Br,JNL_10off_120on_50off,692,69921,14865500
odr7p_NH4Br,JNL_10off_120on_50off,693,70021,14978400
odr7p_NH4Br,JNL_10off_120on_50off,694,70121,15047800
odr7p_NH4Br,JNL_10off_120on_50off,695,70221,14726700
odr7p_NH4Br,JNL_10off_120on_50off,696,70321,14720899.999999998
odr7p_NH4Br,JNL_10off_120on_50off,697,70421,14804000
odr7p_NH4Br,JNL_10off_120on_50off,698,70521,14748200
odr7p_NH4Br,JNL_10off_120on_50off,699,70621,14741300
odr7p_NH4Br,JNL_10off_120on_50off,700,70721,14708600
odr7p_NH4Br,JNL_10off_120on_50off,701,70821,14698400
odr7p_NH4Br,JNL_10off_120on_50off,702,70921,14871000
odr7p_NH4Br,JNL_10off_120on_50off,703,71021,14731200
odr7p_NH4Br,JNL_10off_120on_50off,704,71121,14803300
odr7p_NH4Br,JNL_10off_120on_50off,705,71221,14578100
odr7p_NH4Br,JNL_10off_120on_50off,706,71321,14663200
odr7p_NH4Br,JNL_10off_120on_50off,707,71421,14447400
odr7p_NH4Br,JNL_10off_120on_50off,708,71521,14652200
odr7p_NH4Br,JNL_10off_120on_50off,709,71621,14557600
odr7p_NH4Br,JNL_10off_120on_50off,710,71721,14554300
odr7p_NH4Br,JNL_10off_120on_50off,711,71821,14518700
odr7p_NH4Br,JNL_10off_120on_50off,712,71921,14577700
odr7p_NH4Br,JNL_10off_120on_50off,713,72021,14464400
odr7p_NH4Br,JNL_10off_120on_50off,714,72121,14583200
odr7p_NH4Br,JNL_10off_120on_50off,715,72221,14579500
odr7p_NH4Br,JNL_10off_120on_50off,716,72321,14698900
odr7p_NH4Br,JNL_10off_120on_50off,717,72421,14496100
odr7p_NH4Br,JNL_10off_120on_50off,718,72521,14514900
odr7p_NH4Br,JNL_10off_120on_50off,719,72621,14478200.000000002
odr7p_NH4Br,JNL_10off_120on_50off,720,72721,14465300.000000002
odr7p_NH4Br,JNL_10off_120on_50off,721,72821,14648500
odr7p_NH4Br,JNL_10off_120on_50off,722,72921,14383900
odr7p_NH4Br,JNL_10off_120on_50off,723,73021,14216300
odr7p_NH4Br,JNL_10off_120on_50off,724,73121,14391700
odr7p_NH4Br,JNL_10off_120on_50off,725,73221,14483900
odr7p_NH4Br,JNL_10off_120on_50off,726,73321,14382100
odr7p_NH4Br,JNL_10off_120on_50off,727,73421,14399300
odr7p_NH4Br,JNL_10off_120on_50off,728,73521,14356700
odr7p_NH4Br,JNL_10off_120on_50off,729,73621,14090700
odr7p_NH4Br,JNL_10off_120on_50off,730,73721,14135800
odr7p_NH4Br,JNL_10off_120on_50off,731,73821,14210200
odr7p_NH4Br,JNL_10off_120on_50off,732,73921,14250900
odr7p_NH4Br,JNL_10off_120on_50off,733,74021,14128600
odr7p_NH4Br,JNL_10off_120on_50off,734,74121,14449000
odr7p_NH4Br,JNL_10off_120on_50off,735,74221,14277899.999999998
odr7p_NH4Br,JNL_10off_120on_50off,736,74321,14357100
odr7p_NH4Br,JNL_10off_120on_50off,737,74421,14431500
odr7p_NH4Br,JNL_10off_120on_50off,738,74521,14456700
odr7p_NH4Br,JNL_10off_120on_50off,739,74621,14401500
odr7p_NH4Br,JNL_10off_120on_50off,740,74721,14276000
odr7p_NH4Br,JNL_10off_120on_50off,741,74821,14344200
odr7p_NH4Br,JNL_10off_120on_50off,742,74921,14167900
odr7p_NH4Br,JNL_10off_120on_50off,743,75021,14094600
odr7p_NH4Br,JNL_10off_120on_50off,744,75121,14248300
odr7p_NH4Br,JNL_10off_120on_50off,745,75221,14390099.999999998
odr7p_NH4Br,JNL_10off_120on_50off,746,75321,14281200
odr7p_NH4Br,JNL_10off_120on_50off,747,75421,14006000
odr7p_NH4Br,JNL_10off_120on_50off,748,75521,14254700
odr7p_NH4Br,JNL_10off_120on_50off,749,75621,14179300
odr7p_NH4Br,JNL_10off_120on_50off,750,75721,14295800
odr7p_NH4Br,JNL_10off_120on_50off,751,75821,14105399.999999998
odr7p_NH4Br,JNL_10off_120on_50off,752,75921,14190600
odr7p_NH4Br,JNL_10off_120on_50off,753,76021,14110500
odr7p_NH4Br,JNL_10off_120on_50off,754,76121,14184400
odr7p_NH4Br,JNL_10off_120on_50off,755,76221,14096000
odr7p_NH4Br,JNL_10off_120on_50off,756,76321,14091400
odr7p_NH4Br,JNL_10off_120on_50off,757,76421,14115000
odr7p_NH4Br,JNL_10off_120on_50off,758,76521,14056200
odr7p_NH4Br,JNL_10off_120on_50off,759,76621,14050100
odr7p_NH4Br,JNL_10off_120on_50off,760,76721,13842900
odr7p_NH4Br,JNL_10off_120on_50off,761,76821,13965300
odr7p_NH4Br,JNL_10off_120on_50off,762,76921,14033500.000000002
odr7p_NH4Br,JNL_10off_120on_50off,763,77021,13848000
odr7p_NH4Br,JNL_10off_120on_50off,764,77121,13909500
odr7p_NH4Br,JNL_10off_120on_50off,765,77221,14022400
odr7p_NH4Br,JNL_10off_120on_50off,766,77321,13707400
odr7p_NH4Br,JNL_10off_120on_50off,767,77421,13805600
odr7p_NH4Br,JNL_10off_120on_50off,768,77521,13915100
odr7p_NH4Br,JNL_10off_120on_50off,769,77621,13877600.000000002
odr7p_NH4Br,JNL_10off_120on_50off,770,77721,13989900
odr7p_NH4Br,JNL_10off_120on_50off,771,77821,13733700
odr7p_NH4Br,JNL_10off_120on_50off,772,77921,13736600.000000002
odr7p_NH4Br,JNL_10off_120on_50off,773,78021,13859200
odr7p_NH4Br,JNL_10off_120on_50off,774,78121,13684200
odr7p_NH4Br,JNL_10off_120on_50off,775,78221,13521000
odr7p_NH4Br,JNL_10off_120on_50off,776,78321,13584099.999999998
odr7p_NH4Br,JNL_10off_120on_50off,777,78421,13646000
odr7p_NH4Br,JNL_10off_120on_50off,778,78521,13747000
odr7p_NH4Br,JNL_10off_120on_50off,779,78621,13788000
odr7p_NH4Br,JNL_10off_120on_50off,780,78721,13801200
odr7p_NH4Br,JNL_10off_120on_50off,781,78821,13703300
odr7p_NH4Br,JNL_10off_120on_50off,782,78921,13718999.999999998
odr7p_NH4Br,JNL_10off_120on_50off,783,79021,13700300
odr7p_NH4Br,JNL_10off_120on_50off,784,79121,13496500
odr7p_NH4Br,JNL_10off_120on_50off,785,79221,13798299.999999998
odr7p_NH4Br,JNL_10off_120on_50off,786,79321,13792899.999999998
odr7p_NH4Br,JNL_10off_120on_50off,787,79421,13886800
odr7p_NH4Br,JNL_10off_120on_50off,788,79521,13661700.000000002
odr7p_NH4Br,JNL_10off_120on_50off,789,79621,13240100
odr7p_NH4Br,JNL_10off_120on_50off,790,79721,13590199.999999998
odr7p_NH4Br,JNL_10off_120on_50off,791,79821,13651600
odr7p_NH4Br,JNL_10off_120on_50off,792,79921,13489300
odr7p_NH4Br,JNL_10off_120on_50off,793,80021,13645900
odr7p_NH4Br,JNL_10off_120on_50off,794,80121,13646100.000000002
odr7p_NH4Br,JNL_10off_120on_50off,795,80221,13624800
odr7p_NH4Br,JNL_10off_120on_50off,796,80321,13424799.999999998
odr7p_NH4Br,JNL_10off_120on_50off,797,80421,13467499.999999998
odr7p_NH4Br,JNL_10off_120on_50off,798,80521,13299500
odr7p_NH4Br,JNL_10off_120on_50off,799,80621,13450700
odr7p_NH4Br,JNL_10off_120on_50off,800,80721,13630500.000000002
odr7p_NH4Br,JNL_10off_120on_50off,801,80821,13498699.999999998
odr7p_NH4Br,JNL_10off_120on_50off,802,80921,13585200
odr7p_NH4Br,JNL_10off_120on_50off,803,81021,13382400.000000002
odr7p_NH4Br,JNL_10off_120on_50off,804,81121,13336900
odr7p_NH4Br,JNL_10off_120on_50off,805,81221,13448700
odr7p_NH4Br,JNL_10off_120on_50off,806,81321,13592500
odr7p_NH4Br,JNL_10off_120on_50off,807,81421,13411200
odr7p_NH4Br,JNL_10off_120on_50off,808,81521,13451700
odr7p_NH4Br,JNL_10off_120on_50off,809,81621,13450800
odr7p_NH4Br,JNL_10off_120on_50off,810,81721,13331400
odr7p_NH4Br,JNL_10off_120on_50off,811,81821,13314000
odr7p_NH4Br,JNL_10off_120on_50off,812,81921,13322900
odr7p_NH4Br,JNL_10off_120on_50off,813,82021,13399900
odr7p_NH4Br,JNL_10off_120on_50off,814,82121,13251100
odr7p_NH4Br,JNL_10off_120on_50off,815,82221,13420399.999999998
odr7p_NH4Br,JNL_10off_120on_50off,816,82321,13110200
odr7p_NH4Br,JNL_10off_120on_50off,817,82421,13207800
odr7p_NH4Br,JNL_10off_120on_50off,818,82521,13160900
odr7p_NH4Br,JNL_10off_120on_50off,819,82621,13233900
odr7p_NH4Br,JNL_10off_120on_50off,820,82721,13333299.999999998
odr7p_NH4Br,JNL_10off_120on_50off,821,82821,13084900
odr7p_NH4Br,JNL_10off_120on_50off,822,82921,13315700
odr7p_NH4Br,JNL_10off_120on_50off,823,83021,13016600
odr7p_NH4Br,JNL_10off_120on_50off,824,83121,13365000
odr7p_NH4Br,JNL_10off_120on_50off,825,83221,13183600
odr7p_NH4Br,JNL_10off_120on_50off,826,83321,13127100
odr7p_NH4Br,JNL_10off_120on_50off,827,83421,13192299.999999998
odr7p_NH4Br,JNL_10off_120on_50off,828,83521,13127899.999999998
odr7p_NH4Br,JNL_10off_120on_50off,829,83621,13211599.999999998
odr7p_NH4Br,JNL_10off_120on_50off,830,83721,13259000
odr7p_NH4Br,JNL_10off_120on_50off,831,83821,13053400
odr7p_NH4Br,JNL_10off_120on_50off,832,83921,13239399.999999998
odr7p_NH4Br,JNL_10off_120on_50off,833,84021,13244700
odr7p_NH4Br,JNL_10off_120on_50off,834,84121,13179399.999999998
odr7p_NH4Br,JNL_10off_120on_50off,835,84221,13030100
odr7p_NH4Br,JNL_10off_120on_50off,836,84321,12942100
odr7p_NH4Br,JNL_10off_120on_50off,837,84421,13025199.999999998
odr7p_NH4Br,JNL_10off_120on_50off,838,84521,12830200
odr7p_NH4Br,JNL_10off_120on_50off,839,84621,12894300
odr7p_NH4Br,JNL_10off_120on_50off,840,84722,12855600
odr7p_NH4Br,JNL_10off_120on_50off,841,84822,12861700
odr7p_NH4Br,JNL_10off_120on_50off,842,84922,12712900
odr7p_NH4Br,JNL_10off_120on_50off,843,85022,12994300
odr7p_NH4Br,JNL_10off_120on_50off,844,85122,12927500
odr7p_NH4Br,JNL_10off_120on_50off,845,85222,12921500
odr7p_NH4Br,JNL_10off_120on_50off,846,85322,13067300
odr7p_NH4Br,JNL_10off_120on_50off,847,85422,12934600
odr7p_NH4Br,JNL_10off_120on_50off,848,85522,12730500
odr7p_NH4Br,JNL_10off_120on_50off,849,85622,12868200
odr7p_NH4Br,JNL_10off_120on_50off,850,85722,12698700
odr7p_NH4Br,JNL_10off_120on_50off,851,85822,12849200
odr7p_NH4Br,JNL_10off_120on_50off,852,85922,12619400
odr7p_NH4Br,JNL_10off_120on_50off,853,86022,12862200
odr7p_NH4Br,JNL_10off_120on_50off,854,86122,12805100
odr7p_NH4Br,JNL_10off_120on_50off,855,86222,12665900.000000002
odr7p_NH4Br,JNL_10off_120on_50off,856,86322,12717800
odr7p_NH4Br,JNL_10off_120on_50off,857,86422,12676500
odr7p_NH4Br,JNL_10off_120on_50off,858,86522,12511400
odr7p_NH4Br,JNL_10off_120on_50off,859,86622,12691900
odr7p_NH4Br,JNL_10off_120on_50off,860,86722,12861800.000000002
odr7p_NH4Br,JNL_10off_120on_50off,861,86822,12888100
odr7p_NH4Br,JNL_10off_120on_50off,862,86922,12546900
odr7p_NH4Br,JNL_10off_120on_50off,863,87022,12641000
odr7p_NH4Br,JNL_10off_120on_50off,864,87122,12528200
odr7p_NH4Br,JNL_10off_120on_50off,865,87222,12645500
odr7p_NH4Br,JNL_10off_120on_50off,866,87322,12644700
odr7p_NH4Br,JNL_10off_120on_50off,867,87422,12657700
odr7p_NH4Br,JNL_10off_120on_50off,868,87522,12426700
odr7p_NH4Br,JNL_10off_120on_50off,869,87622,12645200
odr7p_NH4Br,JNL_10off_120on_50off,870,87722,12599400
odr7p_NH4Br,JNL_10off_120on_50off,871,87822,12587299.999999998
odr7p_NH4Br,JNL_10off_120on_50off,872,87922,12578800.000000002
odr7p_NH4Br,JNL_10off_120on_50off,873,88022,12429300
odr7p_NH4Br,JNL_10off_120on_50off,874,88122,12642900
odr7p_NH4Br,JNL_10off_120on_50off,875,88222,12471300
odr7p_NH4Br,JNL_10off_120on_50off,876,88322,12427400
odr7p_NH4Br,JNL_10off_120on_50off,877,88422,12449100
odr7p_NH4Br,JNL_10off_120on_50off,878,88522,12659500
odr7p_NH4Br,JNL_10off_120on_50off,879,88622,12530100
odr7p_NH4Br,JNL_10off_120on_50off,880,88722,12354600
odr7p_NH4Br,JNL_10off_120on_50off,881,88822,12360400
odr7p_NH4Br,JNL_10off_120on_50off,882,88922,12690999.999999998
odr7p_NH4Br,JNL_10off_120on_50off,883,89022,12303200
odr7p_NH4Br,JNL_10off_120on_50off,884,89122,12564200
odr7p_NH4Br,JNL_10off_120on_50off,885,89222,12613600
odr7p_NH4Br,JNL_10off_120on_50off,886,89322,12457000
odr7p_NH4Br,JNL_10off_120on_50off,887,89422,12409600
odr7p_NH4Br,JNL_10off_120on_50off,888,89522,12417700
odr7p_NH4Br,JNL_10off_120on_50off,889,89622,12431500
odr7p_NH4Br,JNL_10off_120on_50off,890,89722,12346900
odr7p_NH4Br,JNL_10off_120on_50off,891,89822,12221000
odr7p_NH4Br,JNL_10off_120on_50off,892,89922,12405600.000000002
odr7p_NH4Br,JNL_10off_120on_50off,893,90022,12297200
odr7p_NH4Br,JNL_10off_120on_50off,894,90122,12350900
odr7p_NH4Br,JNL_10off_120on_50off,895,90222,12320400
odr7p_NH4Br,JNL_10off_120on_50off,896,90322,12398800.000000002
odr7p_NH4Br,JNL_10off_120on_50off,897,90422,12217200
odr7p_NH4Br,JNL_10off_120on_50off,898,90522,12350000.000000002
odr7p_NH4Br,JNL_10off_120on_50off,899,90622,12173600
odr7p_NH4Br,JNL_10off_120on_50off,900,90722,12383900.000000002
odr7p_NH4Br,JNL_10off_120on_50off,901,90822,12219900
odr7p_NH4Br,JNL_10off_120on_50off,902,90922,12940900
odr7p_NH4Br,JNL_10off_120on_50off,903,91022,13446900
odr7p_NH4Br,JNL_10off_120on_50off,904,91122,13839600
odr7p_NH4Br,JNL_10off_120on_50off,905,91222,13775200
odr7p_NH4Br,JNL_10off_120on_50off,906,91322,13813500
odr7p_NH4Br,JNL_10off_120on_50off,907,91422,13935900.000000002
odr7p_NH4Br,JNL_10off_120on_50off,908,91522,13992700
odr7p_NH4Br,JNL_10off_120on_50off,909,91622,13814300
odr7p_NH4Br,JNL_10off_120on_50off,910,91722,13765000
odr7p_NH4Br,JNL_10off_120on_50off,911,91822,14096200.000000002
odr7p_NH4Br,JNL_10off_120on_50off,912,91922,13726600
odr7p_NH4Br,JNL_10off_120on_50off,913,92022,13957200
odr7p_NH4Br,JNL_10off_120on_50off,914,92122,13943600
odr7p_NH4Br,JNL_10off_120on_50off,915,92222,14126800
odr7p_NH4Br,JNL_10off_120on_50off,916,92322,14107100
odr7p_NH4Br,JNL_10off_120on_50off,917,92422,13995400
odr7p_NH4Br,JNL_10off_120on_50off,918,92522,13962800
odr7p_NH4Br,JNL_10off_120on_50off,919,92622,13927900
odr7p_NH4Br,JNL_10off_120on_50off,920,92722,13996300
odr7p_NH4Br,JNL_10off_120on_50off,921,92822,14064800
odr7p_NH4Br,JNL_10off_120on_50off,922,92922,14046100
odr7p_NH4Br,JNL_10off_120on_50off,923,93022,13772000
odr7p_NH4Br,JNL_10off_120on_50off,924,93122,13912100
odr7p_NH4Br,JNL_10off_120on_50off,925,93222,13866000
odr7p_NH4Br,JNL_10off_120on_50off,926,93322,13677800
odr7p_NH4Br,JNL_10off_120on_50off,927,93422,13551300
odr7p_NH4Br,JNL_10off_120on_50off,928,93522,13843500
odr7p_NH4Br,JNL_10off_120on_50off,929,93622,13528600
odr7p_NH4Br,JNL_10off_120on_50off,930,93722,13198800
odr7p_NH4Br,JNL_10off_120on_50off,931,93822,12628800
odr7p_NH4Br,JNL_10off_120on_50off,932,93922,12928100
odr7p_NH4Br,JNL_10off_120on_50off,933,94022,12730999.999999998
odr7p_NH4Br,JNL_10off_120on_50off,934,94122,12934300
odr7p_NH4Br,JNL_10off_120on_50off,935,94222,12692000.000000002
odr7p_NH4Br,JNL_10off_120on_50off,936,94322,12395099.999999998
odr7p_NH4Br,JNL_10off_120on_50off,937,94422,13004400
odr7p_NH4Br,JNL_10off_120on_50off,938,94522,12836200
odr7p_NH4Br,JNL_10off_120on_50off,939,94622,12914900
odr7p_NH4Br,JNL_10off_120on_50off,940,94722,12795600
odr7p_NH4Br,JNL_10off_120on_50off,941,94822,12978200
odr7p_NH4Br,JNL_10off_120on_50off,942,94922,12769900
odr7p_NH4Br,JNL_10off_120on_50off,943,95022,12778700
odr7p_NH4Br,JNL_10off_120on_50off,944,95122,12778200
odr7p_NH4Br,JNL_10off_120on_50off,945,95222,12879900
odr7p_NH4Br,JNL_10off_120on_50off,946,95322,13063200
odr7p_NH4Br,JNL_10off_120on_50off,947,95422,12748500
odr7p_NH4Br,JNL_10off_120on_50off,948,95522,12373200
odr7p_NH4Br,JNL_10off_120on_50off,949,95622,12787599.999999998
odr7p_NH4Br,JNL_10off_120on_50off,950,95722,12846100
odr7p_NH4Br,JNL_10off_120on_50off,951,95822,12939900
odr7p_NH4Br,JNL_10off_120on_50off,952,95922,12777800
odr7p_NH4Br,JNL_10off_120on_50off,953,96022,12688700
odr7p_NH4Br,JNL_10off_120on_50off,954,96122,12538100
odr7p_NH4Br,JNL_10off_120on_50off,955,96222,12403900.000000002
odr7p_NH4Br,JNL_10off_120on_50off,956,96322,12551300
odr7p_NH4Br,JNL_10off_120on_50off,957,96422,12433700
odr7p_NH4Br,JNL_10off_120on_50off,958,96522,12520200
odr7p_NH4Br,JNL_10off_120on_50off,959,96622,12439300
odr7p_NH4Br,JNL_10off_120on_50off,960,96722,12404500
odr7p_NH4Br,JNL_10off_120on_50off,961,96822,12456500
odr7p_NH4Br,JNL_10off_120on_50off,962,96922,12438300
odr7p_NH4Br,JNL_10off_120on_50off,963,97022,12422200.000000002
odr7p_NH4Br,JNL_10off_120on_50off,964,97122,12301500
odr7p_NH4Br,JNL_10off_120on_50off,965,97222,12084400
odr7p_NH4Br,JNL_10off_120on_50off,966,97322,12266400
odr7p_NH4Br,JNL_10off_120on_50off,967,97422,12148600
odr7p_NH4Br,JNL_10off_120on_50off,968,97522,12274400
odr7p_NH4Br,JNL_10off_120on_50off,969,97622,12315700
odr7p_NH4Br,JNL_10off_120on_50off,970,97722,12130600
odr7p_NH4Br,JNL_10off_120on_50off,971,97822,12203599.999999998
odr7p_NH4Br,JNL_10off_120on_50off,972,97922,11852100.000000002
odr7p_NH4Br,JNL_10off_120on_50off,973,98022,12040300
odr7p_NH4Br,JNL_10off_120on_50off,974,98122,12235900
odr7p_NH4Br,JNL_10off_120on_50off,975,98222,12142900
odr7p_NH4Br,JNL_10off_120on_50off,976,98322,11803100
odr7p_NH4Br,JNL_10off_120on_50off,977,98422,11903700
odr7p_NH4Br,JNL_10off_120on_50off,978,98522,11989200
odr7p_NH4Br,JNL_10off_120on_50off,979,98622,11951800
odr7p_NH4Br,JNL_10off_120on_50off,980,98722,11717000
odr7p_NH4Br,JNL_10off_120on_50off,981,98822,11774700
odr7p_NH4Br,JNL_10off_120on_50off,982,98922,11866200
odr7p_NH4Br,JNL_10off_120on_50off,983,99022,11666900
odr7p_NH4Br,JNL_10off_120on_50off,984,99122,11767000
odr7p_NH4Br,JNL_10off_120on_50off,985,99222,11638200
odr7p_NH4Br,JNL_10off_120on_50off,986,99322,11720500
odr7p_NH4Br,JNL_10off_120on_50off,987,99422,11893100
odr7p_NH4Br,JNL_10off_120on_50off,988,99522,12012300
odr7p_NH4Br,JNL_10off_120on_50off,989,99622,11949300
odr7p_NH4Br,JNL_10off_120on_50off,990,99722,11655500
odr7p_NH4Br,JNL_10off_120on_50off,991,99822,11935500.000000002
odr7p_NH4Br,JNL_10off_120on_50off,992,99922,11731900
odr7p_NH4Br,JNL_10off_120on_50off,993,100022,11765900
odr7p_NH4Br,JNL_10off_120on_50off,994,100122,11705100
odr7p_NH4Br,JNL_10off_120on_50off,995,100222,11641999.999999998
odr7p_NH4Br,JNL_10off_120on_50off,996,100322,11794100
odr7p_NH4Br,JNL_10off_120on_50off,997,100422,11568300
odr7p_NH4Br,JNL_10off_120on_50off,998,100522,11709900
odr7p_NH4Br,JNL_10off_120on_50off,999,100622,11605500
odr7p_NH4Br,JNL_10off_120on_50off,1000,100722,11569400
odr7p_NH4Br,JNL_10off_120on_50off,1001,100822,11459700
odr7p_NH4Br,JNL_10off_120on_50off,1002,100922,11527300
odr7p_NH4Br,JNL_10off_120on_50off,1003,101022,11641700
odr7p_NH4Br,JNL_10off_120on_50off,1004,101122,11337100
odr7p_NH4Br,JNL_10off_120on_50off,1005,101222,11655600
odr7p_NH4Br,JNL_10off_120on_50off,1006,101322,11532100
odr7p_NH4Br,JNL_10off_120on_50off,1007,101422,11655000
odr7p_NH4Br,JNL_10off_120on_50off,1008,101522,11279400
odr7p_NH4Br,JNL_10off_120on_50off,1009,101622,11560700
odr7p_NH4Br,JNL_10off_120on_50off,1010,101722,11398000
odr7p_NH4Br,JNL_10off_120on_50off,1011,101822,11511900
odr7p_NH4Br,JNL_10off_120on_50off,1012,101922,11373300
odr7p_NH4Br,JNL_10off_120on_50off,1013,102022,11294300
odr7p_NH4Br,JNL_10off_120on_50off,1014,102122,11424700.000000002
odr7p_NH4Br,JNL_10off_120on_50off,1015,102222,11479200
odr7p_NH4Br,JNL_10off_120on_50off,1016,102322,11356800
odr7p_NH4Br,JNL_10off_120on_50off,1017,102422,11383500
odr7p_NH4Br,JNL_10off_120on_50off,1018,102522,11403500
odr7p_NH4Br,JNL_10off_120on_50off,1019,102622,11431200
odr7p_NH4Br,JNL_10off_120on_50off,1020,102722,11246100.000000002
odr7p_NH4Br,JNL_10off_120on_50off,1021,102822,11223700
odr7p_NH4Br,JNL_10off_120on_50off,1022,102922,11470499.999999998
odr7p_NH4Br,JNL_10off_120on_50off,1023,103022,11568400
odr7p_NH4Br,JNL_10off_120on_50off,1024,103122,11330499.999999998
odr7p_NH4Br,JNL_10off_120on_50off,1025,103222,11274800
odr7p_NH4Br,JNL_10off_120on_50off,1026,103322,11416800
odr7p_NH4Br,JNL_10off_120on_50off,1027,103422,11113599.999999998
odr7p_NH4Br,JNL_10off_120on_50off,1028,103522,11283300
odr7p_NH4Br,JNL_10off_120on_50off,1029,103622,11251800
odr7p_NH4Br,JNL_10off_120on_50off,1030,103722,11130800
odr7p_NH4Br,JNL_10off_120on_50off,1031,103822,11237299.999999998
odr7p_NH4Br,JNL_10off_120on_50off,1032,103922,11237800
odr7p_NH4Br,JNL_10off_120on_50off,1033,104022,11401800
odr7p_NH4Br,JNL_10off_120on_50off,1034,104122,10979699.999999998
odr7p_NH4Br,JNL_10off_120on_50off,1035,104222,11063099.999999998
odr7p_NH4Br,JNL_10off_120on_50off,1036,104322,11233700
odr7p_NH4Br,JNL_10off_120on_50off,1037,104422,11352800
odr7p_NH4Br,JNL_10off_120on_50off,1038,104522,11460700
odr7p_NH4Br,JNL_10off_120on_50off,1039,104622,11360900
odr7p_NH4Br,JNL_10off_120on_50off,1040,104722,11412500.000000002
odr7p_NH4Br,JNL_10off_120on_50off,1041,104822,11316900
odr7p_NH4Br,JNL_10off_120on_50off,1042,104922,11372900
odr7p_NH4Br,JNL_10off_120on_50off,1043,105022,11342600
odr7p_NH4Br,JNL_10off_120on_50off,1044,105122,11105100.000000002
odr7p_NH4Br,JNL_10off_120on_50off,1045,105222,11116000
odr7p_NH4Br,JNL_10off_120on_50off,1046,105322,11023200
odr7p_NH4Br,JNL_10off_120on_50off,1047,105422,10937200
odr7p_NH4Br,JNL_10off_120on_50off,1048,105522,11205099.999999998
odr7p_NH4Br,JNL_10off_120on_50off,1049,105622,11067300
odr7p_NH4Br,JNL_10off_120on_50off,1050,105722,11242900
odr7p_NH4Br,JNL_10off_120on_50off,1051,105822,11321300
odr7p_NH4Br,JNL_10off_120on_50off,1052,105922,11040500
odr7p_NH4Br,JNL_10off_120on_50off,1053,106022,11125400
odr7p_NH4Br,JNL_10off_120on_50off,1054,106122,11001800
odr7p_NH4Br,JNL_10off_120on_50off,1055,106222,10891800
odr7p_NH4Br,JNL_10off_120on_50off,1056,106322,11060500
odr7p_NH4Br,JNL_10off_120on_50off,1057,106422,11016400
odr7p_NH4Br,JNL_10off_120on_50off,1058,106522,10827600
odr7p_NH4Br,JNL_10off_120on_50off,1059,106622,11225700
odr7p_NH4Br,JNL_10off_120on_50off,1060,106722,10939700.000000002
odr7p_NH4Br,JNL_10off_120on_50off,1061,106822,10986700
odr7p_NH4Br,JNL_10off_120on_50off,1062,106922,10953300
odr7p_NH4Br,JNL_10off_120on_50off,1063,107022,11001000
odr7p_NH4Br,JNL_10off_120on_50off,1064,107122,10869400
odr7p_NH4Br,JNL_10off_120on_50off,1065,107222,10993300
odr7p_NH4Br,JNL_10off_120on_50off,1066,107322,10814100
odr7p_NH4Br,JNL_10off_120on_50off,1067,107422,10895200
odr7p_NH4Br,JNL_10off_120on_50off,1068,107522,11017700
odr7p_NH4Br,JNL_10off_120on_50off,1069,107622,10890700
odr7p_NH4Br,JNL_10off_120on_50off,1070,107722,10980200
odr7p_NH4Br,JNL_10off_120on_50off,1071,107822,10721700
odr7p_NH4Br,JNL_10off_120on_50off,1072,107922,10995600
odr7p_NH4Br,JNL_10off_120on_50off,1073,108022,10863000
odr7p_NH4Br,JNL_10off_120on_50off,1074,108122,10922900
odr7p_NH4Br,JNL_10off_120on_50off,1075,108222,10935400
odr7p_NH4Br,JNL_10off_120on_50off,1076,108322,10798400
odr7p_NH4Br,JNL_10off_120on_50off,1077,108422,11086600
odr7p_NH4Br,JNL_10off_120on_50off,1078,108522,10674700
odr7p_NH4Br,JNL_10off_120on_50off,1079,108622,10850100
odr7p_NH4Br,JNL_10off_120on_50off,1080,108722,10953100
odr7p_NH4Br,JNL_10off_120on_50off,1081,108822,10959900
odr7p_NH4Br,JNL_10off_120on_50off,1082,108922,11136500
odr7p_NH4Br,JNL_10off_120on_50off,1083,109022,11248000
odr7p_NH4Br,JNL_10off_120on_50off,1084,109122,11165600
odr7p_NH4Br,JNL_10off_120on_50off,1085,109222,11288900
odr7p_NH4Br,JNL_10off_120on_50off,1086,109322,11103800
odr7p_NH4Br,JNL_10off_120on_50off,1087,109422,11226799.999999998
odr7p_NH4Br,JNL_10off_120on_50off,1088,109522,11096400
odr7p_NH4Br,JNL_10off_120on_50off,1089,109622,11251000
odr7p_NH4Br,JNL_10off_120on_50off,1090,109722,11278300.000000002
odr7p_NH4Br,JNL_10off_120on_50off,1091,109822,11132200.000000002
odr7p_NH4Br,JNL_10off_120on_50off,1092,109922,11305000
odr7p_NH4Br,JNL_10off_120on_50off,1093,110022,11423000
odr7p_NH4Br,JNL_10off_120on_50off,1094,110122,11042800
odr7p_NH4Br,JNL_10off_120on_50off,1095,110222,11138200
odr7p_NH4Br,JNL_10off_120on_50off,1096,110322,11168499.999999998
odr7p_NH4Br,JNL_10off_120on_50off,1097,110422,11081100
odr7p_NH4Br,JNL_10off_120on_50off,1098,110522,11310500.000000002
odr7p_NH4Br,JNL_10off_120on_50off,1099,110622,11027400
odr7p_NH4Br,JNL_10off_120on_50off,1100,110722,10914900
odr7p_NH4Br,JNL_10off_120on_50off,1101,110822,11017900
odr7p_NH4Br,JNL_10off_120on_50off,1102,110922,11157000
odr7p_NH4Br,JNL_10off_120on_50off,1103,111022,11102800
odr7p_NH4Br,JNL_10off_120on_50off,1104,111122,11393500
odr7p_NH4Br,JNL_10off_120on_50off,1105,111222,11085100.000000002
odr7p_NH4Br,JNL_10off_120on_50off,1106,111322,11073100
odr7p_NH4Br,JNL_10off_120on_50off,1107,111422,11209600
odr7p_NH4Br,JNL_10off_120on_50off,1108,111522,10999800
odr7p_NH4Br,JNL_10off_120on_50off,1109,111622,11131300
odr7p_NH4Br,JNL_10off_120on_50off,1110,111722,11148300
odr7p_NH4Br,JNL_10off_120on_50off,1111,111822,11044300
odr7p_NH4Br,JNL_10off_120on_50off,1112,111922,10889500
odr7p_NH4Br,JNL_10off_120on_50off,1113,112022,10990700
odr7p_NH4Br,JNL_10off_120on_50off,1114,112122,11101000
odr7p_NH4Br,JNL_10off_120on_50off,1115,112222,11083200
odr7p_NH4Br,JNL_10off_120on_50off,1116,112322,11093000
odr7p_NH4Br,JNL_10off_120on_50off,1117,112422,11044900
odr7p_NH4Br,JNL_10off_120on_50off,1118,112522,10966200
odr7p_NH4Br,JNL_10off_120on_50off,1119,112622,10989300
odr7p_NH4Br,JNL_10off_120on_50off,1120,112722,10951500
odr7p_NH4Br,JNL_10off_120on_50off,1121,112822,11042800
odr7p_NH4Br,JNL_10off_120on_50off,1122,112922,10961600
odr7p_NH4Br,JNL_10off_120on_50off,1123,113022,10874000
odr7p_NH4Br,JNL_10off_120on_50off,1124,113122,10859000
odr7p_NH4Br,JNL_10off_120on_50off,1125,113222,10849300
odr7p_NH4Br,JNL_10off_120on_50off,1126,113322,10711100
odr7p_NH4Br,JNL_10off_120on_50off,1127,113422,10904100.000000002
odr7p_NH4Br,JNL_10off_120on_50off,1128,113522,10809899.999999998
odr7p_NH4Br,JNL_10off_120on_50off,1129,113622,10816400
odr7p_NH4Br,JNL_10off_120on_50off,1130,113722,NA
odr7p_NH4Br,JNL_10off_120on_50off,1131,113822,10709600
odr7p_NH4Br,JNL_10off_120on_50off,1132,113922,10754900
odr7p_NH4Br,JNL_10off_120on_50off,1133,114022,10765100
odr7p_NH4Br,JNL_10off_120on_50off,1134,114122,10947200
odr7p_NH4Br,JNL_10off_120on_50off,1135,114222,10798800
odr7p_NH4Br,JNL_10off_120on_50off,1136,114322,10635100
odr7p_NH4Br,JNL_10off_120on_50off,1137,114422,10672400
odr7p_NH4Br,JNL_10off_120on_50off,1138,114522,10615000.000000002
odr7p_NH4Br,JNL_10off_120on_50off,1139,114622,10526199.999999998
odr7p_NH4Br,JNL_10off_120on_50off,1140,114722,10685700
odr7p_NH4Br,JNL_10off_120on_50off,1141,114822,10550700
odr7p_NH4Br,JNL_10off_120on_50off,1142,114922,10648200.000000002
odr7p_NH4Br,JNL_10off_120on_50off,1143,115022,10505600
odr7p_NH4Br,JNL_10off_120on_50off,1144,115122,10655500
odr7p_NH4Br,JNL_10off_120on_50off,1145,115222,10702000
odr7p_NH4Br,JNL_10off_120on_50off,1146,115322,10538800
odr7p_NH4Br,JNL_10off_120on_50off,1147,115422,10493800
odr7p_NH4Br,JNL_10off_120on_50off,1148,115522,10755100
odr7p_NH4Br,JNL_10off_120on_50off,1149,115622,10580600
odr7p_NH4Br,JNL_10off_120on_50off,1150,115722,10632800
odr7p_NH4Br,JNL_10off_120on_50off,1151,115822,10523900
odr7p_NH4Br,JNL_10off_120on_50off,1152,115922,10410500
odr7p_NH4Br,JNL_10off_120on_50off,1153,116022,10387500
odr7p_NH4Br,JNL_10off_120on_50off,1154,116122,10557300
odr7p_NH4Br,JNL_10off_120on_50off,1155,116222,10626300
odr7p_NH4Br,JNL_10off_120on_50off,1156,116322,10613900
odr7p_NH4Br,JNL_10off_120on_50off,1157,116422,10658000
odr7p_NH4Br,JNL_10off_120on_50off,1158,116522,10415600
odr7p_NH4Br,JNL_10off_120on_50off,1159,116622,10447300
odr7p_NH4Br,JNL_10off_120on_50off,1160,116722,10457100
odr7p_NH4Br,JNL_10off_120on_50off,1161,116822,10424400
odr7p_NH4Br,JNL_10off_120on_50off,1162,116922,10585000
odr7p_NH4Br,JNL_10off_120on_50off,1163,117022,10424600
odr7p_NH4Br,JNL_10off_120on_50off,1164,117122,10291800
odr7p_NH4Br,JNL_10off_120on_50off,1165,117222,10372400
odr7p_NH4Br,JNL_10off_120on_50off,1166,117322,10302300
odr7p_NH4Br,JNL_10off_120on_50off,1167,117422,10186900.000000002
odr7p_NH4Br,JNL_10off_120on_50off,1168,117522,10111699.999999998
odr7p_NH4Br,JNL_10off_120on_50off,1169,117622,10521200
odr7p_NH4Br,JNL_10off_120on_50off,1170,117722,10410900
odr7p_NH4Br,JNL_10off_120on_50off,1171,117822,10386100
odr7p_NH4Br,JNL_10off_120on_50off,1172,117922,10294600
odr7p_NH4Br,JNL_10off_120on_50off,1173,118022,10239700
odr7p_NH4Br,JNL_10off_120on_50off,1174,118122,10328700
odr7p_NH4Br,JNL_10off_120on_50off,1175,118222,10137400
odr7p_NH4Br,JNL_10off_120on_50off,1176,118322,10185200
odr7p_NH4Br,JNL_10off_120on_50off,1177,118422,10302700
odr7p_NH4Br,JNL_10off_120on_50off,1178,118522,10086599.999999998
odr7p_NH4Br,JNL_10off_120on_50off,1179,118622,10247400
odr7p_NH4Br,JNL_10off_120on_50off,1180,118722,10142600
odr7p_NH4Br,JNL_10off_120on_50off,1181,118822,10465400
odr7p_NH4Br,JNL_10off_120on_50off,1182,118922,10207700
odr7p_NH4Br,JNL_10off_120on_50off,1183,119022,10173000
odr7p_NH4Br,JNL_10off_120on_50off,1184,119122,10175399.999999998
odr7p_NH4Br,JNL_10off_120on_50off,1185,119222,10204700
odr7p_NH4Br,JNL_10off_120on_50off,1186,119322,10206599.999999998
odr7p_NH4Br,JNL_10off_120on_50off,1187,119422,10297800
odr7p_NH4Br,JNL_10off_120on_50off,1188,119522,10042300
odr7p_NH4Br,JNL_10off_120on_50off,1189,119622,10192300
odr7p_NH4Br,JNL_10off_120on_50off,1190,119722,9918820
odr7p_NH4Br,JNL_10off_120on_50off,1191,119822,10270000
odr7p_NH4Br,JNL_10off_120on_50off,1192,119932,10076200
odr7p_NH4Br,JNL_10off_120on_50off,1193,120022,10128700
odr7p_NH4Br,JNL_10off_120on_50off,1194,120122,10162800
odr7p_NH4Br,JNL_10off_120on_50off,1195,120222,10242400
odr7p_NH4Br,JNL_10off_120on_50off,1196,120322,10026200
odr7p_NH4Br,JNL_10off_120on_50off,1197,122712,9947770
odr7p_NH4Br,JNL_10off_120on_50off,1198,122732,9914500
odr7p_NH4Br,JNL_10off_120on_50off,1199,122752,10122000
odr7p_NH4Br,JNL_10off_120on_50off,1200,122772,10066700
odr7p_NH4Br,JNL_10off_120on_50off,1201,122792,10007600.000000002
odr7p_NH4Br,JNL_10off_120on_50off,1202,122822,10258000
odr7p_NH4Br,JNL_10off_120on_50off,1203,122842,10321600
odr7p_NH4Br,JNL_10off_120on_50off,1204,122862,10293600
odr7p_NH4Br,JNL_10off_120on_50off,1205,122882,10145900.000000002
odr7p_NH4Br,JNL_10off_120on_50off,1206,122902,10093399.999999998
odr7p_NH4Br,JNL_10off_120on_50off,1207,122932,9867830
odr7p_NH4Br,JNL_10off_120on_50off,1208,122952,10134800
odr7p_NH4Br,JNL_10off_120on_50off,1209,122972,9998360
odr7p_NH4Br,JNL_10off_120on_50off,1210,122992,9996980
odr7p_NH4Br,JNL_10off_120on_50off,1211,123012,10061400
odr7p_NH4Br,JNL_10off_120on_50off,1212,123042,9920790
odr7p_NH4Br,JNL_10off_120on_50off,1213,123062,9941390
odr7p_NH4Br,JNL_10off_120on_50off,1214,123082,9765150
odr7p_NH4Br,JNL_10off_120on_50off,1215,123102,10195100
odr7p_NH4Br,JNL_10off_120on_50off,1216,123132,9925910
odr7p_NH4Br,JNL_10off_120on_50off,1217,123232,10104700
odr7p_NH4Br,JNL_10off_120on_50off,1218,123332,9907750
odr7p_NH4Br,JNL_10off_120on_50off,1219,123432,9853290
odr7p_NH4Br,JNL_10off_120on_50off,1220,123532,9798180
odr7p_NH4Br,JNL_10off_120on_50off,1221,123632,9882740
odr7p_NH4Br,JNL_10off_120on_50off,1222,123732,9870650
odr7p_NH4Br,JNL_10off_120on_50off,1223,123832,9895640
odr7p_NH4Br,JNL_10off_120on_50off,1224,123932,9859460
odr7p_NH4Br,JNL_10off_120on_50off,1225,124032,9866810
odr7p_NH4Br,JNL_10off_120on_50off,1226,124132,9866110
odr7p_NH4Br,JNL_10off_120on_50off,1227,124232,9775480
odr7p_NH4Br,JNL_10off_120on_50off,1228,124332,9865610
odr7p_NH4Br,JNL_10off_120on_50off,1229,124432,9718180
odr7p_NH4Br,JNL_10off_120on_50off,1230,124532,9807720
odr7p_NH4Br,JNL_10off_120on_50off,1231,124632,10037200
odr7p_NH4Br,JNL_10off_120on_50off,1232,124732,10003200.000000002
odr7p_NH4Br,JNL_10off_120on_50off,1233,124832,9772320
odr7p_NH4Br,JNL_10off_120on_50off,1234,124932,9992600
odr7p_NH4Br,JNL_10off_120on_50off,1235,125032,9803150
odr7p_NH4Br,JNL_10off_120on_50off,1236,125132,9896410
odr7p_NH4Br,JNL_10off_120on_50off,1237,125232,10034900
odr7p_NH4Br,JNL_10off_120on_50off,1238,125332,9900820
odr7p_NH4Br,JNL_10off_120on_50off,1239,125432,9884570
odr7p_NH4Br,JNL_10off_120on_50off,1240,125532,10054000
odr7p_NH4Br,JNL_10off_120on_50off,1241,125632,9931020
odr7p_NH4Br,JNL_10off_120on_50off,1242,125732,9792780
odr7p_NH4Br,JNL_10off_120on_50off,1243,125832,9857150
odr7p_NH4Br,JNL_10off_120on_50off,1244,125932,9994190
odr7p_NH4Br,JNL_10off_120on_50off,1245,126032,9886260
odr7p_NH4Br,JNL_10off_120on_50off,1246,126132,9944630
odr7p_NH4Br,JNL_10off_120on_50off,1247,126232,9686990
odr7p_NH4Br,JNL_10off_120on_50off,1248,126332,9755070
odr7p_NH4Br,JNL_10off_120on_50off,1249,126432,9880090
odr7p_NH4Br,JNL_10off_120on_50off,1250,126532,9823690
odr7p_NH4Br,JNL_10off_120on_50off,1251,126632,9626330
odr7p_NH4Br,JNL_10off_120on_50off,1252,126732,9785330
odr7p_NH4Br,JNL_10off_120on_50off,1253,126832,9608720
odr7p_NH4Br,JNL_10off_120on_50off,1254,126932,9829850
odr7p_NH4Br,JNL_10off_120on_50off,1255,127032,9704610
odr7p_NH4Br,JNL_10off_120on_50off,1256,127132,9813730
odr7p_NH4Br,JNL_10off_120on_50off,1257,127232,9760630
odr7p_NH4Br,JNL_10off_120on_50off,1258,127332,9562380
odr7p_NH4Br,JNL_10off_120on_50off,1259,127432,9571780
odr7p_NH4Br,JNL_10off_120on_50off,1260,127532,9789440
odr7p_NH4Br,JNL_10off_120on_50off,1261,127632,9747290
odr7p_NH4Br,JNL_10off_120on_50off,1262,127732,9715230
odr7p_NH4Br,JNL_10off_120on_50off,1263,127832,9622050
odr7p_NH4Br,JNL_10off_120on_50off,1264,127932,9654050
odr7p_NH4Br,JNL_10off_120on_50off,1265,128032,9603960
odr7p_NH4Br,JNL_10off_120on_50off,1266,128132,9643130
odr7p_NH4Br,JNL_10off_120on_50off,1267,128232,9641080
odr7p_NH4Br,JNL_10off_120on_50off,1268,128332,9499340
odr7p_NH4Br,JNL_10off_120on_50off,1269,128432,9513430
odr7p_NH4Br,JNL_10off_120on_50off,1270,128532,9427130
odr7p_NH4Br,JNL_10off_120on_50off,1271,128632,9611930
odr7p_NH4Br,JNL_10off_120on_50off,1272,128732,9481440
odr7p_NH4Br,JNL_10off_120on_50off,1273,128832,9653130
odr7p_NH4Br,JNL_10off_120on_50off,1274,128932,9641020
odr7p_NH4Br,JNL_10off_120on_50off,1275,129032,9427520
odr7p_NH4Br,JNL_10off_120on_50off,1276,129132,9504480
odr7p_NH4Br,JNL_10off_120on_50off,1277,129232,9502810
odr7p_NH4Br,JNL_10off_120on_50off,1278,129332,9406100
odr7p_NH4Br,JNL_10off_120on_50off,1279,129432,9269430
odr7p_NH4Br,JNL_10off_120on_50off,1280,129532,9395770
odr7p_NH4Br,JNL_10off_120on_50off,1281,129632,9395080
odr7p_NH4Br,JNL_10off_120on_50off,1282,129732,9297010
odr7p_NH4Br,JNL_10off_120on_50off,1283,129832,9715210
odr7p_NH4Br,JNL_10off_120on_50off,1284,129932,9304180
odr7p_NH4Br,JNL_10off_120on_50off,1285,130032,9450470
odr7p_NH4Br,JNL_10off_120on_50off,1286,130132,9431480
odr7p_NH4Br,JNL_10off_120on_50off,1287,130232,9518270
odr7p_NH4Br,JNL_10off_120on_50off,1288,130332,9417480
odr7p_NH4Br,JNL_10off_120on_50off,1289,130432,9419320
odr7p_NH4Br,JNL_10off_120on_50off,1290,130532,9527570
odr7p_NH4Br,JNL_10off_120on_50off,1291,130632,9471950
odr7p_NH4Br,JNL_10off_120on_50off,1292,130732,9193490
odr7p_NH4Br,JNL_10off_120on_50off,1293,130832,9446200
odr7p_NH4Br,JNL_10off_120on_50off,1294,130932,9595870
odr7p_NH4Br,JNL_10off_120on_50off,1295,131032,9357130
odr7p_NH4Br,JNL_10off_120on_50off,1296,131132,9254180
odr7p_NH4Br,JNL_10off_120on_50off,1297,131232,9474160
odr7p_NH4Br,JNL_10off_120on_50off,1298,131332,9236040
odr7p_NH4Br,JNL_10off_120on_50off,1299,131432,9504460
odr7p_NH4Br,JNL_10off_120on_50off,1300,131532,9170800
odr7p_NH4Br,JNL_10off_120on_50off,1301,131632,9483600
odr7p_NH4Br,JNL_10off_120on_50off,1302,131732,9355720
odr7p_NH4Br,JNL_10off_120on_50off,1303,131832,9290470
odr7p_NH4Br,JNL_10off_120on_50off,1304,131932,9285470
odr7p_NH4Br,JNL_10off_120on_50off,1305,132032,9282580
odr7p_NH4Br,JNL_10off_120on_50off,1306,132132,9383890
odr7p_NH4Br,JNL_10off_120on_50off,1307,132232,9207240
odr7p_NH4Br,JNL_10off_120on_50off,1308,132332,9194480
odr7p_NH4Br,JNL_10off_120on_50off,1309,132432,9446490
odr7p_NH4Br,JNL_10off_120on_50off,1310,132532,9199850
odr7p_NH4Br,JNL_10off_120on_50off,1311,132632,9142810
odr7p_NH4Br,JNL_10off_120on_50off,1312,132732,8983200
odr7p_NH4Br,JNL_10off_120on_50off,1313,132832,9081980
odr7p_NH4Br,JNL_10off_120on_50off,1314,132932,9263170
odr7p_NH4Br,JNL_10off_120on_50off,1315,133032,9112780
odr7p_NH4Br,JNL_10off_120on_50off,1316,133132,9229900
odr7p_NH4Br,JNL_10off_120on_50off,1317,133232,9009500
odr7p_NH4Br,JNL_10off_120on_50off,1318,133332,9045260
odr7p_NH4Br,JNL_10off_120on_50off,1319,133432,9166500
odr7p_NH4Br,JNL_10off_120on_50off,1320,133532,9140630
odr7p_NH4Br,JNL_10off_120on_50off,1321,133632,9190820
odr7p_NH4Br,JNL_10off_120on_50off,1322,133732,8918780
odr7p_NH4Br,JNL_10off_120on_50off,1323,133832,9083890
odr7p_NH4Br,JNL_10off_120on_50off,1324,133932,9046490
odr7p_NH4Br,JNL_10off_120on_50off,1325,134032,9310120
odr7p_NH4Br,JNL_10off_120on_50off,1326,134132,9394020
odr7p_NH4Br,JNL_10off_120on_50off,1327,134232,9466050
odr7p_NH4Br,JNL_10off_120on_50off,1328,134332,9377690
odr7p_NH4Br,JNL_10off_120on_50off,1329,134432,9358430
odr7p_NH4Br,JNL_10off_120on_50off,1330,134532,8906870
odr7p_NH4Br,JNL_10off_120on_50off,1331,134632,9131690
odr7p_NH4Br,JNL_10off_120on_50off,1332,134732,9098500
odr7p_NH4Br,JNL_10off_120on_50off,1333,134832,8982840
odr7p_NH4Br,JNL_10off_120on_50off,1334,134932,9214350
odr7p_NH4Br,JNL_10off_120on_50off,1335,135032,9050410
odr7p_NH4Br,JNL_10off_120on_50off,1336,135132,9256730
odr7p_NH4Br,JNL_10off_120on_50off,1337,135232,9010250
odr7p_NH4Br,JNL_10off_120on_50off,1338,135332,9391700
odr7p_NH4Br,JNL_10off_120on_50off,1339,135432,9045920
odr7p_NH4Br,JNL_10off_120on_50off,1340,135532,8998620
odr7p_NH4Br,JNL_10off_120on_50off,1341,135632,9077880
odr7p_NH4Br,JNL_10off_120on_50off,1342,135732,NA
odr7p_NH4Br,JNL_10off_120on_50off,1343,135832,9128890
odr7p_NH4Br,JNL_10off_120on_50off,1344,135932,8941830
odr7p_NH4Br,JNL_10off_120on_50off,1345,136032,9021620
odr7p_NH4Br,JNL_10off_120on_50off,1346,136132,8866580
odr7p_NH4Br,JNL_10off_120on_50off,1347,136232,9257940
odr7p_NH4Br,JNL_10off_120on_50off,1348,136332,9172740
odr7p_NH4Br,JNL_10off_120on_50off,1349,136432,9118280
odr7p_NH4Br,JNL_10off_120on_50off,1350,136532,8925800
odr7p_NH4Br,JNL_10off_120on_50off,1351,136632,9027300
odr7p_NH4Br,JNL_10off_120on_50off,1352,136732,8876890
odr7p_NH4Br,JNL_10off_120on_50off,1353,136832,9023050
odr7p_NH4Br,JNL_10off_120on_50off,1354,136932,8817910
odr7p_NH4Br,JNL_10off_120on_50off,1355,137032,8846250
odr7p_NH4Br,JNL_10off_120on_50off,1356,137132,8728630
odr7p_NH4Br,JNL_10off_120on_50off,1357,137232,8836870
odr7p_NH4Br,JNL_10off_120on_50off,1358,137332,8938950
odr7p_NH4Br,JNL_10off_120on_50off,1359,137432,8946650
odr7p_NH4Br,JNL_10off_120on_50off,1360,137532,8946170
odr7p_NH4Br,JNL_10off_120on_50off,1361,137632,8893770
odr7p_NH4Br,JNL_10off_120on_50off,1362,137732,8872620
odr7p_NH4Br,JNL_10off_120on_50off,1363,137832,8999190
odr7p_NH4Br,JNL_10off_120on_50off,1364,137932,9024320
odr7p_NH4Br,JNL_10off_120on_50off,1365,138032,8866590
odr7p_NH4Br,JNL_10off_120on_50off,1366,138132,9135230
odr7p_NH4Br,JNL_10off_120on_50off,1367,138232,8923030
odr7p_NH4Br,JNL_10off_120on_50off,1368,138332,9037410
odr7p_NH4Br,JNL_10off_120on_50off,1369,138432,8819770
odr7p_NH4Br,JNL_10off_120on_50off,1370,138532,8944510
odr7p_NH4Br,JNL_10off_120on_50off,1371,138632,8870160
odr7p_NH4Br,JNL_10off_120on_50off,1372,138732,8804660
odr7p_NH4Br,JNL_10off_120on_50off,1373,138832,8917810
odr7p_NH4Br,JNL_10off_120on_50off,1374,138932,8917200
odr7p_NH4Br,JNL_10off_120on_50off,1375,139032,8833830
odr7p_NH4Br,JNL_10off_120on_50off,1376,139132,8890120
odr7p_NH4Br,JNL_10off_120on_50off,1377,139232,8853150
odr7p_NH4Br,JNL_10off_120on_50off,1378,139332,8909890
odr7p_NH4Br,JNL_10off_120on_50off,1379,139432,8875070
odr7p_NH4Br,JNL_10off_120on_50off,1380,139532,8771520
odr7p_NH4Br,JNL_10off_120on_50off,1381,139632,8859390
odr7p_NH4Br,JNL_10off_120on_50off,1382,139732,8724010
odr7p_NH4Br,JNL_10off_120on_50off,1383,139832,8765920
odr7p_NH4Br,JNL_10off_120on_50off,1384,139932,8538820
odr7p_NH4Br,JNL_10off_120on_50off,1385,140032,8830100
odr7p_NH4Br,JNL_10off_120on_50off,1386,140132,8774610
odr7p_NH4Br,JNL_10off_120on_50off,1387,140232,8765310
odr7p_NH4Br,JNL_10off_120on_50off,1388,140332,8687450
odr7p_NH4Br,JNL_10off_120on_50off,1389,140432,8704440
odr7p_NH4Br,JNL_10off_120on_50off,1390,140532,8559140
odr7p_NH4Br,JNL_10off_120on_50off,1391,140632,8808950
odr7p_NH4Br,JNL_10off_120on_50off,1392,140732,8777290
odr7p_NH4Br,JNL_10off_120on_50off,1393,140832,9020960
odr7p_NH4Br,JNL_10off_120on_50off,1394,140932,8873630
odr7p_NH4Br,JNL_10off_120on_50off,1395,141032,8697620
odr7p_NH4Br,JNL_10off_120on_50off,1396,141132,8558170
odr7p_NH4Br,JNL_10off_120on_50off,1397,141232,8785650
odr7p_NH4Br,JNL_10off_120on_50off,1398,141332,8580030
odr7p_NH4Br,JNL_10off_120on_50off,1399,141432,8626650
odr7p_NH4Br,JNL_10off_120on_50off,1400,141532,8816610
odr7p_NH4Br,JNL_10off_120on_50off,1401,141632,8464910
odr7p_NH4Br,JNL_10off_120on_50off,1402,141732,8741640
odr7p_NH4Br,JNL_10off_120on_50off,1403,141832,8837740
odr7p_NH4Br,JNL_10off_120on_50off,1404,141932,8527610
odr7p_NH4Br,JNL_10off_120on_50off,1405,142032,8728200
odr7p_NH4Br,JNL_10off_120on_50off,1406,142132,8606940
odr7p_NH4Br,JNL_10off_120on_50off,1407,142232,8647720
odr7p_NH4Br,JNL_10off_120on_50off,1408,142332,8701970
odr7p_NH4Br,JNL_10off_120on_50off,1409,142432,8728560
odr7p_NH4Br,JNL_10off_120on_50off,1410,142532,8502660
odr7p_NH4Br,JNL_10off_120on_50off,1411,142632,8487540
odr7p_NH4Br,JNL_10off_120on_50off,1412,142732,8620340
odr7p_NH4Br,JNL_10off_120on_50off,1413,142832,8657090
odr7p_NH4Br,JNL_10off_120on_50off,1414,142932,8536940
odr7p_NH4Br,JNL_10off_120on_50off,1415,143032,8368499.999999999
odr7p_NH4Br,JNL_10off_120on_50off,1416,143132,8379160.000000001
odr7p_NH4Br,JNL_10off_120on_50off,1417,143232,8598720
odr7p_NH4Br,JNL_10off_120on_50off,1418,143332,8411180
odr7p_NH4Br,JNL_10off_120on_50off,1419,143432,8515260
odr7p_NH4Br,JNL_10off_120on_50off,1420,143532,8326650.000000001
odr7p_NH4Br,JNL_10off_120on_50off,1421,143632,8622690
odr7p_NH4Br,JNL_10off_120on_50off,1422,143732,8538850
odr7p_NH4Br,JNL_10off_120on_50off,1423,143832,8526290
odr7p_NH4Br,JNL_10off_120on_50off,1424,143932,8466910
odr7p_NH4Br,JNL_10off_120on_50off,1425,144032,8434160
odr7p_NH4Br,JNL_10off_120on_50off,1426,144132,8428850
odr7p_NH4Br,JNL_10off_120on_50off,1427,144232,8417950
odr7p_NH4Br,JNL_10off_120on_50off,1428,144332,8543500
odr7p_NH4Br,JNL_10off_120on_50off,1429,144432,8482800
odr7p_NH4Br,JNL_10off_120on_50off,1430,144532,8262729.999999999
odr7p_NH4Br,JNL_10off_120on_50off,1431,144632,8151270
odr7p_NH4Br,JNL_10off_120on_50off,1432,144732,8235640
odr7p_NH4Br,JNL_10off_120on_50off,1433,144832,8331310
odr7p_NH4Br,JNL_10off_120on_50off,1434,144932,8321120.000000001
odr7p_NH4Br,JNL_10off_120on_50off,1435,145032,8290599.999999999
odr7p_NH4Br,JNL_10off_120on_50off,1436,145132,8194800.000000001
odr7p_NH4Br,JNL_10off_120on_50off,1437,145232,8404270
odr7p_NH4Br,JNL_10off_120on_50off,1438,145332,8256980
odr7p_NH4Br,JNL_10off_120on_50off,1439,145432,8251170
odr7p_NH4Br,JNL_10off_120on_50off,1440,145532,8401990
odr7p_NH4Br,JNL_10off_120on_50off,1441,145632,8162780
odr7p_NH4Br,JNL_10off_120on_50off,1442,145732,8143240.000000001
odr7p_NH4Br,JNL_10off_120on_50off,1443,145832,8253030.000000001
odr7p_NH4Br,JNL_10off_120on_50off,1444,145932,8191020
odr7p_NH4Br,JNL_10off_120on_50off,1445,146032,8235560
odr7p_NH4Br,JNL_10off_120on_50off,1446,146132,8071619.999999999
odr7p_NH4Br,JNL_10off_120on_50off,1447,146232,8271030
odr7p_NH4Br,JNL_10off_120on_50off,1448,146332,8063700.000000001
odr7p_NH4Br,JNL_10off_120on_50off,1449,146432,8231090
odr7p_NH4Br,JNL_10off_120on_50off,1450,146532,8112530
odr7p_NH4Br,JNL_10off_120on_50off,1451,146632,8278879.999999999
odr7p_NH4Br,JNL_10off_120on_50off,1452,146732,8257220
odr7p_NH4Br,JNL_10off_120on_50off,1453,146832,8259679.999999999
odr7p_NH4Br,JNL_10off_120on_50off,1454,146932,7902690
odr7p_NH4Br,JNL_10off_120on_50off,1455,147032,8029370
odr7p_NH4Br,JNL_10off_120on_50off,1456,147132,8073370.000000001
odr7p_NH4Br,JNL_10off_120on_50off,1457,147232,8047840.000000001
odr7p_NH4Br,JNL_10off_120on_50off,1458,147332,8185870
odr7p_NH4Br,JNL_10off_120on_50off,1459,147432,8037419.999999999
odr7p_NH4Br,JNL_10off_120on_50off,1460,147532,8155040
odr7p_NH4Br,JNL_10off_120on_50off,1461,147632,8422190
odr7p_NH4Br,JNL_10off_120on_50off,1462,147732,7889500
odr7p_NH4Br,JNL_10off_120on_50off,1463,147832,8132009.999999999
odr7p_NH4Br,JNL_10off_120on_50off,1464,147932,7977100
odr7p_NH4Br,JNL_10off_120on_50off,1465,148032,8099810
odr7p_NH4Br,JNL_10off_120on_50off,1466,148132,8092070
odr7p_NH4Br,JNL_10off_120on_50off,1467,148232,8140549.999999999
odr7p_NH4Br,JNL_10off_120on_50off,1468,148332,8020450
odr7p_NH4Br,JNL_10off_120on_50off,1469,148432,7835410
odr7p_NH4Br,JNL_10off_120on_50off,1470,148532,8001560
odr7p_NH4Br,JNL_10off_120on_50off,1471,148632,8200400
odr7p_NH4Br,JNL_10off_120on_50off,1472,148732,8072030
odr7p_NH4Br,JNL_10off_120on_50off,1473,148832,8196719.999999999
odr7p_NH4Br,JNL_10off_120on_50off,1474,148932,7924890
odr7p_NH4Br,JNL_10off_120on_50off,1475,149032,8111660.000000001
odr7p_NH4Br,JNL_10off_120on_50off,1476,149132,7877120
odr7p_NH4Br,JNL_10off_120on_50off,1477,149232,7857200
odr7p_NH4Br,JNL_10off_120on_50off,1478,149332,7859690
odr7p_NH4Br,JNL_10off_120on_50off,1479,149432,7990460
odr7p_NH4Br,JNL_10off_120on_50off,1480,149532,7920910
odr7p_NH4Br,JNL_10off_120on_50off,1481,149632,7971190
odr7p_NH4Br,JNL_10off_120on_50off,1482,149732,7898690
odr7p_NH4Br,JNL_10off_120on_50off,1483,149832,7888780
odr7p_NH4Br,JNL_10off_120on_50off,1484,149932,7799300
odr7p_NH4Br,JNL_10off_120on_50off,1485,150032,7920400
odr7p_NH4Br,JNL_10off_120on_50off,1486,150132,7893670
odr7p_NH4Br,JNL_10off_120on_50off,1487,150232,7702590
odr7p_NH4Br,JNL_10off_120on_50off,1488,150332,7773920
odr7p_NH4Br,JNL_10off_120on_50off,1489,150432,7762940
odr7p_NH4Br,JNL_10off_120on_50off,1490,150532,7792440
odr7p_NH4Br,JNL_10off_120on_50off,1491,150632,7828020
odr7p_NH4Br,JNL_10off_120on_50off,1492,150732,7651790
odr7p_NH4Br,JNL_10off_120on_50off,1493,150832,7743350
odr7p_NH4Br,JNL_10off_120on_50off,1494,150932,7981330
odr7p_NH4Br,JNL_10off_120on_50off,1495,151032,7801030
odr7p_NH4Br,JNL_10off_120on_50off,1496,151132,7875490
odr7p_NH4Br,JNL_10off_120on_50off,1497,151232,7628720
odr7p_NH4Br,JNL_10off_120on_50off,1498,151332,7681400
odr7p_NH4Br,JNL_10off_120on_50off,1499,151432,7750720
odr7p_NH4Br,JNL_10off_120on_50off,1500,151532,7530980
odr7p_NH4Br,JNL_10off_120on_50off,1501,151632,7774630
odr7p_NH4Br,JNL_10off_120on_50off,1502,151732,8010149.999999999
odr7p_NH4Br,JNL_10off_120on_50off,1503,151832,8070250
odr7p_NH4Br,JNL_10off_120on_50off,1504,151932,7763600
odr7p_NH4Br,JNL_10off_120on_50off,1505,152032,7807830
odr7p_NH4Br,JNL_10off_120on_50off,1506,152132,7853460
odr7p_NH4Br,JNL_10off_120on_50off,1507,152232,7921800
odr7p_NH4Br,JNL_10off_120on_50off,1508,152332,7925340
odr7p_NH4Br,JNL_10off_120on_50off,1509,152432,7882170
odr7p_NH4Br,JNL_10off_120on_50off,1510,152532,7787730
odr7p_NH4Br,JNL_10off_120on_50off,1511,152632,7941440
odr7p_NH4Br,JNL_10off_120on_50off,1512,152732,8052189.999999999
odr7p_NH4Br,JNL_10off_120on_50off,1513,152832,7991130
odr7p_NH4Br,JNL_10off_120on_50off,1514,152932,7889080
odr7p_NH4Br,JNL_10off_120on_50off,1515,153032,7668550
odr7p_NH4Br,JNL_10off_120on_50off,1516,153132,7807900
odr7p_NH4Br,JNL_10off_120on_50off,1517,153232,7551470
odr7p_NH4Br,JNL_10off_120on_50off,1518,153332,7547450
odr7p_NH4Br,JNL_10off_120on_50off,1519,153432,7556270
odr7p_NH4Br,JNL_10off_120on_50off,1520,153532,7505040
odr7p_NH4Br,JNL_10off_120on_50off,1521,153632,7626720
odr7p_NH4Br,JNL_10off_120on_50off,1522,153732,7717910
odr7p_NH4Br,JNL_10off_120on_50off,1523,153832,7700230
odr7p_NH4Br,JNL_10off_120on_50off,1524,153932,7614140
odr7p_NH4Br,JNL_10off_120on_50off,1525,154032,7567410
odr7p_NH4Br,JNL_10off_120on_50off,1526,154132,7560270
odr7p_NH4Br,JNL_10off_120on_50off,1527,154232,7680030
odr7p_NH4Br,JNL_10off_120on_50off,1528,154332,7533790
odr7p_NH4Br,JNL_10off_120on_50off,1529,154432,7603380
odr7p_NH4Br,JNL_10off_120on_50off,1530,154532,7433800
odr7p_NH4Br,JNL_10off_120on_50off,1531,154632,7393590
odr7p_NH4Br,JNL_10off_120on_50off,1532,154732,7626560
odr7p_NH4Br,JNL_10off_120on_50off,1533,154832,7522360
odr7p_NH4Br,JNL_10off_120on_50off,1534,154932,7646930
odr7p_NH4Br,JNL_10off_120on_50off,1535,155032,7603580
odr7p_NH4Br,JNL_10off_120on_50off,1536,155132,7558640
odr7p_NH4Br,JNL_10off_120on_50off,1537,155232,7429600
odr7p_NH4Br,JNL_10off_120on_50off,1538,155332,7324740
odr7p_NH4Br,JNL_10off_120on_50off,1539,155432,7378530
odr7p_NH4Br,JNL_10off_120on_50off,1540,155532,7602290
odr7p_NH4Br,JNL_10off_120on_50off,1541,155632,7321700
odr7p_NH4Br,JNL_10off_120on_50off,1542,155732,7537210
odr7p_NH4Br,JNL_10off_120on_50off,1543,155832,7362210
odr7p_NH4Br,JNL_10off_120on_50off,1544,155932,7685250
odr7p_NH4Br,JNL_10off_120on_50off,1545,156032,7579230
odr7p_NH4Br,JNL_10off_120on_50off,1546,156132,7301450
odr7p_NH4Br,JNL_10off_120on_50off,1547,156232,7418560
odr7p_NH4Br,JNL_10off_120on_50off,1548,156332,7475850
odr7p_NH4Br,JNL_10off_120on_50off,1549,156432,7378030
odr7p_NH4Br,JNL_10off_120on_50off,1550,156532,7310330
odr7p_NH4Br,JNL_10off_120on_50off,1551,156632,7460610
odr7p_NH4Br,JNL_10off_120on_50off,1552,156732,7358310
odr7p_NH4Br,JNL_10off_120on_50off,1553,156832,7407500
odr7p_NH4Br,JNL_10off_120on_50off,1554,156932,7507120
odr7p_NH4Br,JNL_10off_120on_50off,1555,157032,7350540
odr7p_NH4Br,JNL_10off_120on_50off,1556,157132,7240790
odr7p_NH4Br,JNL_10off_120on_50off,1557,157232,7151120
odr7p_NH4Br,JNL_10off_120on_50off,1558,157332,7239940
odr7p_NH4Br,JNL_10off_120on_50off,1559,157432,7216140
odr7p_NH4Br,JNL_10off_120on_50off,1560,157532,7251820
odr7p_NH4Br,JNL_10off_120on_50off,1561,157632,7147320
odr7p_NH4Br,JNL_10off_120on_50off,1562,157732,7300070
odr7p_NH4Br,JNL_10off_120on_50off,1563,157832,7352410
odr7p_NH4Br,JNL_10off_120on_50off,1564,157932,7334830
odr7p_NH4Br,JNL_10off_120on_50off,1565,158032,7292940
odr7p_NH4Br,JNL_10off_120on_50off,1566,158132,7331170
odr7p_NH4Br,JNL_10off_120on_50off,1567,158232,7351840
odr7p_NH4Br,JNL_10off_120on_50off,1568,158332,7193120
odr7p_NH4Br,JNL_10off_120on_50off,1569,158432,7117380
odr7p_NH4Br,JNL_10off_120on_50off,1570,158532,7105570
odr7p_NH4Br,JNL_10off_120on_50off,1571,158632,7205490
odr7p_NH4Br,JNL_10off_120on_50off,1572,158732,7238850
odr7p_NH4Br,JNL_10off_120on_50off,1573,158832,7244110
odr7p_NH4Br,JNL_10off_120on_50off,1574,158932,7141030
odr7p_NH4Br,JNL_10off_120on_50off,1575,159032,7269760
odr7p_NH4Br,JNL_10off_120on_50off,1576,159132,7088230
odr7p_NH4Br,JNL_10off_120on_50off,1577,159232,7066360
odr7p_NH4Br,JNL_10off_120on_50off,1578,159332,6985480
odr7p_NH4Br,JNL_10off_120on_50off,1579,159432,7342950
odr7p_NH4Br,JNL_10off_120on_50off,1580,159532,7397680
odr7p_NH4Br,JNL_10off_120on_50off,1581,159632,6804740
odr7p_NH4Br,JNL_10off_120on_50off,1582,159732,7094270
odr7p_NH4Br,JNL_10off_120on_50off,1583,159832,7257240
odr7p_NH4Br,JNL_10off_120on_50off,1584,159932,7108390
odr7p_NH4Br,JNL_10off_120on_50off,1585,160032,7145600
odr7p_NH4Br,JNL_10off_120on_50off,1586,160132,7062890
odr7p_NH4Br,JNL_10off_120on_50off,1587,160232,6886650
odr7p_NH4Br,JNL_10off_120on_50off,1588,160332,7035220
odr7p_NH4Br,JNL_10off_120on_50off,1589,160432,6896140
odr7p_NH4Br,JNL_10off_120on_50off,1590,160532,7045750
odr7p_NH4Br,JNL_10off_120on_50off,1591,160632,7083120
odr7p_NH4Br,JNL_10off_120on_50off,1592,160732,6921900
odr7p_NH4Br,JNL_10off_120on_50off,1593,160832,6986170
odr7p_NH4Br,JNL_10off_120on_50off,1594,160932,7164790
odr7p_NH4Br,JNL_10off_120on_50off,1595,161032,7034360
odr7p_NH4Br,JNL_10off_120on_50off,1596,161132,7063810
odr7p_NH4Br,JNL_10off_120on_50off,1597,161232,6977780
odr7p_NH4Br,JNL_10off_120on_50off,1598,161332,6837450
odr7p_NH4Br,JNL_10off_120on_50off,1599,161432,7019730
odr7p_NH4Br,JNL_10off_120on_50off,1600,161532,6937490
odr7p_NH4Br,JNL_10off_120on_50off,1601,161632,7056150
odr7p_NH4Br,JNL_10off_120on_50off,1602,161732,6980600
odr7p_NH4Br,JNL_10off_120on_50off,1603,161832,6871970
odr7p_NH4Br,JNL_10off_120on_50off,1604,161932,7027980
odr7p_NH4Br,JNL_10off_120on_50off,1605,162032,7084370
odr7p_NH4Br,JNL_10off_120on_50off,1606,162132,7076950
odr7p_NH4Br,JNL_10off_120on_50off,1607,162232,7045420
odr7p_NH4Br,JNL_10off_120on_50off,1608,162332,6990900
odr7p_NH4Br,JNL_10off_120on_50off,1609,162432,6774270
odr7p_NH4Br,JNL_10off_120on_50off,1610,162532,7025300
odr7p_NH4Br,JNL_10off_120on_50off,1611,162632,7013460
odr7p_NH4Br,JNL_10off_120on_50off,1612,162732,6985340
odr7p_NH4Br,JNL_10off_120on_50off,1613,162832,6909940
odr7p_NH4Br,JNL_10off_120on_50off,1614,162932,7070170
odr7p_NH4Br,JNL_10off_120on_50off,1615,163032,6933490
odr7p_NH4Br,JNL_10off_120on_50off,1616,163132,6774910
odr7p_NH4Br,JNL_10off_120on_50off,1617,163232,6914840
odr7p_NH4Br,JNL_10off_120on_50off,1618,163332,6798780
odr7p_NH4Br,JNL_10off_120on_50off,1619,163433,7056100
odr7p_NH4Br,JNL_10off_120on_50off,1620,163533,6802680
odr7p_NH4Br,JNL_10off_120on_50off,1621,163633,6996610
odr7p_NH4Br,JNL_10off_120on_50off,1622,163733,6873270
odr7p_NH4Br,JNL_10off_120on_50off,1623,163833,6673900
odr7p_NH4Br,JNL_10off_120on_50off,1624,163933,6724530
odr7p_NH4Br,JNL_10off_120on_50off,1625,164033,6923090
odr7p_NH4Br,JNL_10off_120on_50off,1626,164133,6715420
odr7p_NH4Br,JNL_10off_120on_50off,1627,164233,6888920
odr7p_NH4Br,JNL_10off_120on_50off,1628,164333,6900280
odr7p_NH4Br,JNL_10off_120on_50off,1629,164433,6769680
odr7p_NH4Br,JNL_10off_120on_50off,1630,164533,6687210
odr7p_NH4Br,JNL_10off_120on_50off,1631,164633,6581060
odr7p_NH4Br,JNL_10off_120on_50off,1632,164733,6728110
odr7p_NH4Br,JNL_10off_120on_50off,1633,164833,6867530
odr7p_NH4Br,JNL_10off_120on_50off,1634,164933,6816880
odr7p_NH4Br,JNL_10off_120on_50off,1635,165033,6921590
odr7p_NH4Br,JNL_10off_120on_50off,1636,165133,6837460
odr7p_NH4Br,JNL_10off_120on_50off,1637,165233,6726970
odr7p_NH4Br,JNL_10off_120on_50off,1638,165333,6782310
odr7p_NH4Br,JNL_10off_120on_50off,1639,165433,6716290
odr7p_NH4Br,JNL_10off_120on_50off,1640,165533,6563840
odr7p_NH4Br,JNL_10off_120on_50off,1641,165633,6776420
odr7p_NH4Br,JNL_10off_120on_50off,1642,165733,6645000
odr7p_NH4Br,JNL_10off_120on_50off,1643,165833,6722520
odr7p_NH4Br,JNL_10off_120on_50off,1644,165933,6684830
odr7p_NH4Br,JNL_10off_120on_50off,1645,166033,6526020
odr7p_NH4Br,JNL_10off_120on_50off,1646,166133,6656860
odr7p_NH4Br,JNL_10off_120on_50off,1647,166233,6709760
odr7p_NH4Br,JNL_10off_120on_50off,1648,166333,6426620
odr7p_NH4Br,JNL_10off_120on_50off,1649,166433,6749580
odr7p_NH4Br,JNL_10off_120on_50off,1650,166533,6860640
odr7p_NH4Br,JNL_10off_120on_50off,1651,166633,6552290
odr7p_NH4Br,JNL_10off_120on_50off,1652,166733,6455120
odr7p_NH4Br,JNL_10off_120on_50off,1653,166833,6405740
odr7p_NH4Br,JNL_10off_120on_50off,1654,166933,6581840
odr7p_NH4Br,JNL_10off_120on_50off,1655,167033,6463640
odr7p_NH4Br,JNL_10off_120on_50off,1656,167133,6493290
odr7p_NH4Br,JNL_10off_120on_50off,1657,167233,6556580
odr7p_NH4Br,JNL_10off_120on_50off,1658,167333,6348280
odr7p_NH4Br,JNL_10off_120on_50off,1659,167433,6602090
odr7p_NH4Br,JNL_10off_120on_50off,1660,167533,6598650
odr7p_NH4Br,JNL_10off_120on_50off,1661,167633,6413140
odr7p_NH4Br,JNL_10off_120on_50off,1662,167733,6446170
odr7p_NH4Br,JNL_10off_120on_50off,1663,167833,6432550
odr7p_NH4Br,JNL_10off_120on_50off,1664,167933,6283580
odr7p_NH4Br,JNL_10off_120on_50off,1665,168033,6513150
odr7p_NH4Br,JNL_10off_120on_50off,1666,168133,6351860
odr7p_NH4Br,JNL_10off_120on_50off,1667,168233,6542620
odr7p_NH4Br,JNL_10off_120on_50off,1668,168333,6315870
odr7p_NH4Br,JNL_10off_120on_50off,1669,168433,6347730
odr7p_NH4Br,JNL_10off_120on_50off,1670,168533,6435710
odr7p_NH4Br,JNL_10off_120on_50off,1671,168633,6333260
odr7p_NH4Br,JNL_10off_120on_50off,1672,168733,6302170
odr7p_NH4Br,JNL_10off_120on_50off,1673,168833,6203500
odr7p_NH4Br,JNL_10off_120on_50off,1674,168933,6486700
odr7p_NH4Br,JNL_10off_120on_50off,1675,169033,6338970
odr7p_NH4Br,JNL_10off_120on_50off,1676,169133,6574200
odr7p_NH4Br,JNL_10off_120on_50off,1677,169233,6186480
odr7p_NH4Br,JNL_10off_120on_50off,1678,169333,6140850
odr7p_NH4Br,JNL_10off_120on_50off,1679,169433,6256660
odr7p_NH4Br,JNL_10off_120on_50off,1680,169533,6364290
odr7p_NH4Br,JNL_10off_120on_50off,1681,169633,6196760
odr7p_NH4Br,JNL_10off_120on_50off,1682,169733,6266510
odr7p_NH4Br,JNL_10off_120on_50off,1683,169833,6341470
odr7p_NH4Br,JNL_10off_120on_50off,1684,169933,6355380
odr7p_NH4Br,JNL_10off_120on_50off,1685,170033,6391550
odr7p_NH4Br,JNL_10off_120on_50off,1686,170133,6427410
odr7p_NH4Br,JNL_10off_120on_50off,1687,170233,6358930
odr7p_NH4Br,JNL_10off_120on_50off,1688,170333,6292110
odr7p_NH4Br,JNL_10off_120on_50off,1689,170433,6599280
odr7p_NH4Br,JNL_10off_120on_50off,1690,170533,6328060
odr7p_NH4Br,JNL_10off_120on_50off,1691,170633,6250620
odr7p_NH4Br,JNL_10off_120on_50off,1692,170733,6437590
odr7p_NH4Br,JNL_10off_120on_50off,1693,170833,6198780
odr7p_NH4Br,JNL_10off_120on_50off,1694,170933,6304680
odr7p_NH4Br,JNL_10off_120on_50off,1695,171033,6676420
odr7p_NH4Br,JNL_10off_120on_50off,1696,171133,6306240
odr7p_NH4Br,JNL_10off_120on_50off,1697,171233,6130410
odr7p_NH4Br,JNL_10off_120on_50off,1698,171333,6381270
odr7p_NH4Br,JNL_10off_120on_50off,1699,171433,6468260
odr7p_NH4Br,JNL_10off_120on_50off,1700,171533,6327410
odr7p_NH4Br,JNL_10off_120on_50off,1701,171633,6303340
odr7p_NH4Br,JNL_10off_120on_50off,1702,171733,6566880
odr7p_NH4Br,JNL_10off_120on_50off,1703,171833,6235040
odr7p_NH4Br,JNL_10off_120on_50off,1704,171933,6096950
odr7p_NH4Br,JNL_10off_120on_50off,1705,172033,6341400
odr7p_NH4Br,JNL_10off_120on_50off,1706,172133,6466470
odr7p_NH4Br,JNL_10off_120on_50off,1707,172233,6257570
odr7p_NH4Br,JNL_10off_120on_50off,1708,172333,6567950
odr7p_NH4Br,JNL_10off_120on_50off,1709,172433,6190410
odr7p_NH4Br,JNL_10off_120on_50off,1710,172533,6137020
odr7p_NH4Br,JNL_10off_120on_50off,1711,172633,6146220
odr7p_NH4Br,JNL_10off_120on_50off,1712,172733,6502320
odr7p_NH4Br,JNL_10off_120on_50off,1713,172833,6259370
odr7p_NH4Br,JNL_10off_120on_50off,1714,172933,6106080
odr7p_NH4Br,JNL_10off_120on_50off,1715,173033,6146110
odr7p_NH4Br,JNL_10off_120on_50off,1716,173133,6244930
odr7p_NH4Br,JNL_10off_120on_50off,1717,173233,5957760
odr7p_NH4Br,JNL_10off_120on_50off,1718,173333,6033650
odr7p_NH4Br,JNL_10off_120on_50off,1719,173433,6331700
odr7p_NH4Br,JNL_10off_120on_50off,1720,173533,6134070
odr7p_NH4Br,JNL_10off_120on_50off,1721,173633,6096320
odr7p_NH4Br,JNL_10off_120on_50off,1722,173733,6111570
odr7p_NH4Br,JNL_10off_120on_50off,1723,173833,6262560
odr7p_NH4Br,JNL_10off_120on_50off,1724,173933,6200160
odr7p_NH4Br,JNL_10off_120on_50off,1725,174033,6198310
odr7p_NH4Br,JNL_10off_120on_50off,1726,174133,6250120
odr7p_NH4Br,JNL_10off_120on_50off,1727,174233,6200540
odr7p_NH4Br,JNL_10off_120on_50off,1728,174333,6317620
odr7p_NH4Br,JNL_10off_120on_50off,1729,174433,6286420
odr7p_NH4Br,JNL_10off_120on_50off,1730,174533,6297160
odr7p_NH4Br,JNL_10off_120on_50off,1731,174633,6506290
odr7p_NH4Br,JNL_10off_120on_50off,1732,174733,6298680
odr7p_NH4Br,JNL_10off_120on_50off,1733,174833,6429220
odr7p_NH4Br,JNL_10off_120on_50off,1734,174943,6282060
odr7p_NH4Br,JNL_10off_120on_50off,1735,175033,6404770
odr7p_NH4Br,JNL_10off_120on_50off,1736,175133,6427980
odr7p_NH4Br,JNL_10off_120on_50off,1737,175233,6391800
odr7p_NH4Br,JNL_10off_120on_50off,1738,175333,6419690
odr7p_NH4Br,JNL_10off_120on_50off,1739,175443,6355760
odr7p_NH4Br,JNL_10off_120on_50off,1740,175543,6192750
odr7p_NH4Br,JNL_10off_120on_50off,1741,175633,6122420
odr7p_NH4Br,JNL_10off_120on_50off,1742,175733,6391790
odr7p_NH4Br,JNL_10off_120on_50off,1743,175833,6101730
odr7p_NH4Br,JNL_10off_120on_50off,1744,175943,6131190
odr7p_NH4Br,JNL_10off_120on_50off,1745,176043,6346680
odr7p_NH4Br,JNL_10off_120on_50off,1746,176143,6235130
odr7p_NH4Br,JNL_10off_120on_50off,1747,176243,6281460
odr7p_NH4Br,JNL_10off_120on_50off,1748,176343,6167690
odr7p_NH4Br,JNL_10off_120on_50off,1749,176443,6154620
odr7p_NH4Br,JNL_10off_120on_50off,1750,176543,6146840
odr7p_NH4Br,JNL_10off_120on_50off,1751,176643,6050010
odr7p_NH4Br,JNL_10off_120on_50off,1752,176743,6141500
odr7p_NH4Br,JNL_10off_120on_50off,1753,176843,6257760
odr7p_NH4Br,JNL_10off_120on_50off,1754,176943,5951150
odr7p_NH4Br,JNL_10off_120on_50off,1755,177043,6068570
odr7p_NH4Br,JNL_10off_120on_50off,1756,177143,6191580
odr7p_NH4Br,JNL_10off_120on_50off,1757,177243,6124610
odr7p_NH4Br,JNL_10off_120on_50off,1758,177343,6389090
odr7p_NH4Br,JNL_10off_120on_50off,1759,177443,6278430
odr7p_NH4Br,JNL_10off_120on_50off,1760,177543,6138180
odr7p_NH4Br,JNL_10off_120on_50off,1761,177643,6258690
odr7p_NH4Br,JNL_10off_120on_50off,1762,177743,6182710
odr7p_NH4Br,JNL_10off_120on_50off,1763,177843,6316240
odr7p_NH4Br,JNL_10off_120on_50off,1764,177943,6209270
odr7p_NH4Br,JNL_10off_120on_50off,1765,178043,6212930
odr7p_NH4Br,JNL_10off_120on_50off,1766,178143,6160710
odr7p_NH4Br,JNL_10off_120on_50off,1767,178243,5977940
odr7p_NH4Br,JNL_10off_120on_50off,1768,178343,6373290
odr7p_NH4Br,JNL_10off_120on_50off,1769,178443,6207340
odr7p_NH4Br,JNL_10off_120on_50off,1770,178543,6129110
odr7p_NH4Br,JNL_10off_120on_50off,1771,178643,6086300
odr7p_NH4Br,JNL_10off_120on_50off,1772,178743,6112740
odr7p_NH4Br,JNL_10off_120on_50off,1773,178843,6448390
odr7p_NH4Br,JNL_10off_120on_50off,1774,178943,6033150
odr7p_NH4Br,JNL_10off_120on_50off,1775,179043,6153100
odr7p_NH4Br,JNL_10off_120on_50off,1776,179143,6086600
odr7p_NH4Br,JNL_10off_120on_50off,1777,179243,6267480
odr7p_NH4Br,JNL_10off_120on_50off,1778,179343,6312460
odr7p_NH4Br,JNL_10off_120on_50off,1779,179443,5965430
odr7p_NH4Br,JNL_10off_120on_50off,1780,179543,5991770
odr7p_NH4Br,JNL_10off_120on_50off,1781,179643,6260850
odr7p_NH4Br,JNL_10off_120on_50off,1782,179743,6247510
odr7p_NH4Br,JNL_10off_120on_50off,1783,179843,6255370
odr7p_NH4Br,JNL_10off_120on_50off,1784,179943,6176970
odr7p_NH4Br,JNL_10off_120on_50off,1785,180043,6079020
odr7p_NH4Br,JNL_10off_120on_50off,1786,180143,6179090
odr7p_NH4Br,JNL_10off_120on_50off,1787,180243,6109710
odr7p_NH4Br,JNL_10off_120on_50off,1788,180343,6112440
odr7p_NH4Br,JNL_10off_120on_50off,1789,180443,6048270
odr7p_NH4Br,JNL_10off_120on_50off,1790,180543,5691020
odr7p_NH4Br,JNL_10off_120on_50off,1791,180643,6170050
odr7p_NH4Br,JNL_10off_120on_50off,1792,180743,5891470
odr7p_NH4Br,JNL_10off_120on_50off,1793,180843,6132350
odr7p_NH4Br,JNL_10off_120on_50off,1794,180943,6145070
odr7p_NH4Br,JNL_10off_120on_50off,1795,181043,6099670
odr7p_NH4Br,JNL_10off_120on_50off,1796,181143,5944650
odr7p_NH4Br,JNL_10off_120on_50off,1797,181243,5985930
odr7p_NH4Br,JNL_10off_120on_50off,1798,181343,6000270
odr7p_NH4Br,JNL_10off_120on_50off,1799,181443,5998400
odr7p_NH4Br,JNL_10off_120on_50off,1800,181543,5973150
