2, 100, 3.51234e+007, 1.60802e+007, 5.12036e+007, 2127, 7560.03, 975, 1481
3, 200, 3.50861e+007, 1.5958e+007, 5.1044e+007, 2127, 7502.58, 974, 1481
4, 300, 3.46044e+007, 1.56527e+007, 5.02571e+007, 2096, 7467.9, 974, 1480
5, 400, 3.42617e+007, 1.55186e+007, 4.97803e+007, 2080, 7460.85, 974, 1481
6, 500, 3.42409e+007, 1.54195e+007, 4.96604e+007, 2076, 7427.49, 974, 1481
7, 600, 3.42892e+007, 1.54964e+007, 4.97856e+007, 2084, 7435.91, 975, 1481
8, 700, 3.39048e+007, 1.51591e+007, 4.90639e+007, 2050, 7394.69, 974, 1481
9, 800, 3.44396e+007, 1.53882e+007, 4.98278e+007, 2088, 7369.84, 974, 1481
10, 900, 3.4143e+007, 1.52031e+007, 4.93461e+007, 2069, 7348.03, 974, 1480
11, 1000, 3.42832e+007, 1.52863e+007, 4.95695e+007, 2077, 7359.81, 974, 1480
12, 1100, 3.43502e+007, 1.53021e+007, 4.96523e+007, 2079, 7360.34, 974, 1480
13, 1210, 3.43431e+007, 1.53026e+007, 4.96457e+007, 2078, 7364.11, 975, 1480
14, 1300, 3.43878e+007, 1.52437e+007, 4.96315e+007, 2080, 7328.68, 974, 1480
15, 1400, 3.41258e+007, 1.51908e+007, 4.93166e+007, 2065, 7356.31, 975, 1480
16, 1500, 3.41166e+007, 1.4983e+007, 4.90997e+007, 2057, 7283.93, 974, 1480
17, 1600, 3.41941e+007, 1.50894e+007, 4.92836e+007, 2066, 7303.68, 974, 1480
18, 1700, 3.40972e+007, 1.49263e+007, 4.90235e+007, 2049, 7284.68, 974, 1480
19, 1800, 3.40799e+007, 1.4967e+007, 4.90469e+007, 2050, 7300.97, 975, 1480
20, 1900, 3.42562e+007, 1.4996e+007, 4.92522e+007, 2062, 7272.56, 974, 1480
21, 2000, 3.42161e+007, 1.50037e+007, 4.92199e+007, 2062, 7276.31, 974, 1480
22, 2110, 3.42269e+007, 1.49549e+007, 4.91818e+007, 2062, 7252.64, 974, 1480
23, 2200, 3.41753e+007, 1.48762e+007, 4.90515e+007, 2053, 7246.09, 974, 1480
24, 2300, 3.39735e+007, 1.47654e+007, 4.87388e+007, 2042, 7230.85, 974, 1480
25, 2410, 3.43777e+007, 1.4923e+007, 4.93006e+007, 2065, 7226.62, 974, 1480
26, 2500, 3.43256e+007, 1.49313e+007, 4.9257e+007, 2064, 7234.17, 974, 1480
27, 2610, 3.40816e+007, 1.48014e+007, 4.88829e+007, 2051, 7216.65, 974, 1481
28, 2700, 3.41061e+007, 1.4744e+007, 4.88501e+007, 2047, 7202.73, 974, 1480
29, 2800, 3.43133e+007, 1.47944e+007, 4.91077e+007, 2059, 7185.24, 974, 1480
30, 2900, 3.43327e+007, 1.47991e+007, 4.91317e+007, 2059, 7187.5, 974, 1480
31, 3010, 3.45564e+007, 1.49533e+007, 4.95098e+007, 2077, 7199.49, 975, 1480
32, 3100, 3.42415e+007, 1.46845e+007, 4.8926e+007, 2050, 7163.18, 974, 1480
33, 3200, 3.42907e+007, 1.48773e+007, 4.91679e+007, 2064, 7207.98, 975, 1480
34, 3300, 3.40575e+007, 1.45395e+007, 4.8597e+007, 2033, 7151.76, 974, 1480
35, 3400, 3.42383e+007, 1.46195e+007, 4.88578e+007, 2047, 7141.9, 974, 1480
36, 3500, 3.42638e+007, 1.46707e+007, 4.89345e+007, 2051, 7152.94, 974, 1481
37, 3600, 3.44662e+007, 1.47084e+007, 4.91746e+007, 2065, 7122.73, 974, 1480
38, 3700, 3.44747e+007, 1.46861e+007, 4.91607e+007, 2060, 7129.16, 974, 1480
39, 3800, 3.43303e+007, 1.45488e+007, 4.88791e+007, 2042, 7124.77, 974, 1480
40, 3900, 3.4033e+007, 1.44351e+007, 4.84682e+007, 2026, 7124.93, 974, 1481
41, 4000, 3.41269e+007, 1.44104e+007, 4.85373e+007, 2029, 7102.22, 974, 1481
42, 4100, 3.41669e+007, 1.44269e+007, 4.85938e+007, 2030, 7106.83, 974, 1481
43, 4200, 3.4393e+007, 1.44993e+007, 4.88924e+007, 2048, 7079.75, 974, 1481
44, 4300, 3.43244e+007, 1.44869e+007, 4.88113e+007, 2047, 7077.14, 974, 1481
45, 4400, 3.40479e+007, 1.43393e+007, 4.83872e+007, 2023, 7088.13, 974, 1481
46, 4500, 3.41878e+007, 1.43949e+007, 4.85826e+007, 2033, 7080.6, 974, 1481
47, 4600, 3.39759e+007, 1.42664e+007, 4.82423e+007, 2018, 7069.56, 974, 1481
48, 4700, 3.3779e+007, 1.40995e+007, 4.78784e+007, 1998, 7056.79, 974, 1481
49, 4800, 3.431e+007, 1.43434e+007, 4.86534e+007, 2034, 7051.82, 974, 1481
50, 4900, 3.40771e+007, 1.42272e+007, 4.83044e+007, 2022, 7036.21, 974, 1481
51, 5000, 3.43588e+007, 1.44264e+007, 4.87852e+007, 2045, 7054.49, 974, 1481
52, 5100, 3.41294e+007, 1.42054e+007, 4.83348e+007, 2019, 7035.88, 974, 1481
53, 5200, 3.4479e+007, 1.43486e+007, 4.88277e+007, 2039, 7037.1, 974, 1481
54, 5300, 3.42476e+007, 1.42669e+007, 4.85145e+007, 2029, 7031.48, 974, 1481
55, 5400, 3.44115e+007, 1.42972e+007, 4.87087e+007, 2036, 7022.2, 974, 1481
56, 5500, 3.44227e+007, 1.42972e+007, 4.872e+007, 2037, 7018.77, 974, 1481
57, 5600, 3.44398e+007, 1.42529e+007, 4.86927e+007, 2037, 6997, 974, 1481
58, 5700, 3.43605e+007, 1.42149e+007, 4.85754e+007, 2032, 6995.53, 974, 1481
59, 5800, 3.43145e+007, 1.41501e+007, 4.84646e+007, 2023, 6994.62, 974, 1481
60, 5900, 3.43202e+007, 1.41848e+007, 4.8505e+007, 2027, 6997.93, 974, 1481
61, 6000, 3.44628e+007, 1.42428e+007, 4.87056e+007, 2038, 6988.61, 974, 1481
62, 6100, 3.44944e+007, 1.41919e+007, 4.86863e+007, 2038, 6963.65, 974, 1481
63, 6204, 3.42486e+007, 1.40364e+007, 4.82849e+007, 2013, 6972.86, 974, 1480
64, 6304, 3.45766e+007, 1.42267e+007, 4.88033e+007, 2040, 6973.86, 974, 1480
65, 6404, 3.45117e+007, 1.41006e+007, 4.86124e+007, 2030, 6946.11, 974, 1481
66, 6504, 3.42737e+007, 1.40164e+007, 4.82901e+007, 2016, 6952.59, 974, 1481
67, 6604, 3.40831e+007, 1.38958e+007, 4.79788e+007, 2003, 6937.48, 974, 1481
68, 6704, 3.43208e+007, 1.40462e+007, 4.83669e+007, 2022, 6946.67, 974, 1481
69, 6804, 3.44037e+007, 1.40621e+007, 4.84658e+007, 2026, 6940.83, 974, 1480
70, 6904, 3.43007e+007, 1.39272e+007, 4.82279e+007, 2017, 6904.89, 974, 1481
71, 7004, 3.43115e+007, 1.3984e+007, 4.82955e+007, 2019, 6926.19, 974, 1481
72, 7104, 3.41369e+007, 1.38584e+007, 4.79954e+007, 2006, 6908.49, 974, 1481
73, 7204, 3.43358e+007, 1.39421e+007, 4.82778e+007, 2016, 6915.71, 974, 1481
74, 7304, 3.42086e+007, 1.38154e+007, 4.80241e+007, 2003, 6897.37, 974, 1481
75, 7404, 3.43608e+007, 1.39287e+007, 4.82896e+007, 2020, 6895.41, 974, 1481
76, 7504, 3.42995e+007, 1.38347e+007, 4.81342e+007, 2010, 6882.93, 974, 1481
77, 7604, 3.40639e+007, 1.37179e+007, 4.77818e+007, 1994, 6879.59, 974, 1481
78, 7704, 3.42798e+007, 1.38139e+007, 4.80937e+007, 2006, 6886.28, 974, 1481
79, 7804, 3.43697e+007, 1.38664e+007, 4.82361e+007, 2013, 6888.44, 974, 1480
80, 7904, 3.45161e+007, 1.39026e+007, 4.84187e+007, 2021, 6879.06, 974, 1481
81, 8004, 3.45589e+007, 1.38661e+007, 4.8425e+007, 2025, 6847.47, 974, 1481
82, 8104, 3.43916e+007, 1.38407e+007, 4.82323e+007, 2015, 6868.82, 974, 1481
83, 8204, 3.45013e+007, 1.38421e+007, 4.83434e+007, 2018, 6859.33, 974, 1480
84, 8304, 3.42967e+007, 1.37737e+007, 4.80704e+007, 2007, 6862.81, 974, 1481
85, 8404, 3.49618e+007, 1.4026e+007, 4.89878e+007, 2045, 6858.69, 974, 1481
86, 8504, 3.4511e+007, 1.37935e+007, 4.83045e+007, 2012, 6855.62, 974, 1481
87, 8604, 3.46705e+007, 1.38872e+007, 4.85577e+007, 2020, 6874.85, 974, 1480
88, 8704, 3.48842e+007, 1.39791e+007, 4.88633e+007, 2043, 6842.42, 974, 1481
89, 8804, 3.46574e+007, 1.38606e+007, 4.8518e+007, 2027, 6838.01, 974, 1481
90, 8904, 3.4364e+007, 1.37037e+007, 4.80677e+007, 2000, 6851.86, 974, 1481
91, 9004, 3.48239e+007, 1.38965e+007, 4.87204e+007, 2032, 6838.84, 974, 1481
92, 9104, 3.47618e+007, 1.3815e+007, 4.85768e+007, 2023, 6828.96, 974, 1481
93, 9204, 3.48304e+007, 1.38999e+007, 4.87304e+007, 2033, 6837.15, 974, 1481
94, 9304, 3.46456e+007, 1.3728e+007, 4.83736e+007, 2013, 6819.68, 974, 1481
95, 9404, 3.47657e+007, 1.38048e+007, 4.85704e+007, 2023, 6823.92, 974, 1481
96, 9504, 3.4703e+007, 1.37563e+007, 4.84594e+007, 2017, 6820.19, 974, 1481
97, 9604, 3.47574e+007, 1.37179e+007, 4.84753e+007, 2017, 6801.14, 974, 1481
98, 9704, 3.44961e+007, 1.36708e+007, 4.81668e+007, 2007, 6811.55, 974, 1480
99, 9804, 3.47019e+007, 1.37278e+007, 4.84298e+007, 2019, 6799.33, 974, 1481
100, 9904, 3.47551e+007, 1.35729e+007, 4.83281e+007, 2017, 6729.27, 974, 1481
101, 10004, 3.34988e+007, 1.20069e+007, 4.55057e+007, 1915, 6269.9, 974, 1481
102, 10104, 3.35643e+007, 1.20079e+007, 4.55722e+007, 1926, 6234.61, 974, 1481
103, 10204, 3.34792e+007, 1.18257e+007, 4.53048e+007, 1912, 6184.97, 974, 1481
104, 10304, 3.31722e+007, 1.15975e+007, 4.47697e+007, 1888, 6142.74, 974, 1481
105, 10404, 3.32373e+007, 1.15972e+007, 4.48345e+007, 1898, 6110.24, 974, 1481
106, 10504, 3.29838e+007, 1.14236e+007, 4.44074e+007, 1879, 6079.62, 974, 1481
107, 10604, 3.30858e+007, 1.1417e+007, 4.45029e+007, 1885, 6056.79, 974, 1481
108, 10704, 3.272e+007, 1.1213e+007, 4.3933e+007, 1858, 6034.97, 974, 1481
109, 10804, 3.28578e+007, 1.1197e+007, 4.40547e+007, 1865, 6003.75, 974, 1481
110, 10904, 3.28943e+007, 1.12125e+007, 4.41068e+007, 1871, 5992.77, 974, 1481
111, 11004, 3.28658e+007, 1.11337e+007, 4.39995e+007, 1865, 5969.81, 974, 1481
112, 11104, 3.28135e+007, 1.10991e+007, 4.39127e+007, 1867, 5944.91, 974, 1481
113, 11204, 3.24949e+007, 1.09521e+007, 4.3447e+007, 1843, 5942.54, 974, 1481
114, 11304, 3.23867e+007, 1.08876e+007, 4.32743e+007, 1839, 5920.39, 974, 1481
115, 11404, 3.25322e+007, 1.08715e+007, 4.34037e+007, 1842, 5901.99, 974, 1481
116, 11504, 3.25739e+007, 1.08443e+007, 4.34182e+007, 1842, 5887.23, 974, 1480
117, 11604, 3.23679e+007, 1.07879e+007, 4.31559e+007, 1831, 5891.83, 974, 1480
118, 11704, 3.23893e+007, 1.07547e+007, 4.3144e+007, 1831, 5873.67, 974, 1480
119, 11804, 3.25337e+007, 1.08195e+007, 4.33532e+007, 1845, 5864.25, 974, 1480
120, 11904, 3.22996e+007, 1.07262e+007, 4.30258e+007, 1829, 5864.53, 974, 1480
121, 12004, 3.23535e+007, 1.06694e+007, 4.30229e+007, 1827, 5839.86, 974, 1480
122, 12104, 3.23054e+007, 1.06428e+007, 4.29481e+007, 1824, 5834.84, 974, 1480
123, 12204, 3.22945e+007, 1.06942e+007, 4.29888e+007, 1830, 5843.85, 974, 1480
124, 12304, 3.22912e+007, 1.06356e+007, 4.29268e+007, 1828, 5818.16, 974, 1479
125, 12404, 3.20815e+007, 1.05471e+007, 4.26286e+007, 1816, 5807.89, 974, 1479
126, 12504, 3.22702e+007, 1.05451e+007, 4.28153e+007, 1821, 5790.85, 974, 1479
127, 12604, 3.21293e+007, 1.05114e+007, 4.26408e+007, 1807, 5817.06, 974, 1479
128, 12704, 3.24533e+007, 1.06306e+007, 4.30839e+007, 1831, 5805.9, 974, 1479
129, 12804, 3.25403e+007, 1.06493e+007, 4.31896e+007, 1838, 5793.98, 974, 1479
130, 12904, 3.22843e+007, 1.05527e+007, 4.2837e+007, 1822, 5791.84, 974, 1479
131, 13004, 3.22746e+007, 1.05438e+007, 4.28184e+007, 1821, 5790.14, 974, 1479
132, 13104, 3.24679e+007, 1.06287e+007, 4.30966e+007, 1837, 5785.92, 974, 1479
133, 13204, 3.2099e+007, 1.04588e+007, 4.25578e+007, 1808, 5784.74, 974, 1479
134, 13304, 3.21763e+007, 1.04768e+007, 4.26531e+007, 1813, 5778.69, 974, 1479
135, 13404, 3.214e+007, 1.04565e+007, 4.25966e+007, 1813, 5767.53, 974, 1479
136, 13504, 3.21411e+007, 1.04252e+007, 4.25663e+007, 1809, 5762.99, 974, 1479
137, 13604, 3.22851e+007, 1.05123e+007, 4.27974e+007, 1821, 5772.81, 974, 1478
138, 13704, 3.20229e+007, 1.03712e+007, 4.23941e+007, 1801, 5758.58, 974, 1478
139, 13804, 3.19029e+007, 1.03051e+007, 4.22079e+007, 1791, 5753.81, 974, 1478
140, 13904, 3.21184e+007, 1.04378e+007, 4.25562e+007, 1814, 5754.02, 974, 1478
141, 14004, 3.20658e+007, 1.0351e+007, 4.24168e+007, 1806, 5731.43, 974, 1478
142, 14104, 3.20517e+007, 1.03502e+007, 4.24019e+007, 1804, 5737.35, 974, 1478
143, 14204, 3.20539e+007, 1.03348e+007, 4.23887e+007, 1801, 5738.39, 974, 1478
144, 14304, 3.22733e+007, 1.0424e+007, 4.26974e+007, 1817, 5736.96, 974, 1478
145, 14404, 3.22552e+007, 1.03976e+007, 4.26528e+007, 1816, 5725.57, 974, 1478
146, 14504, 3.21176e+007, 1.02951e+007, 4.24126e+007, 1805, 5703.65, 974, 1478
147, 14604, 3.22206e+007, 1.03516e+007, 4.25723e+007, 1813, 5709.67, 974, 1478
148, 14704, 3.2262e+007, 1.03042e+007, 4.25662e+007, 1811, 5689.78, 974, 1478
149, 14804, 3.18106e+007, 1.01972e+007, 4.20078e+007, 1784, 5715.91, 974, 1478
150, 14904, 3.21296e+007, 1.02943e+007, 4.24239e+007, 1807, 5696.93, 974, 1478
151, 15004, 3.20348e+007, 1.0248e+007, 4.22828e+007, 1800, 5693.34, 974, 1478
152, 15104, 3.22957e+007, 1.03327e+007, 4.26284e+007, 1811, 5705.54, 974, 1478
153, 15204, 3.2021e+007, 1.01975e+007, 4.22185e+007, 1794, 5684.22, 974, 1477
154, 15304, 3.19873e+007, 1.02101e+007, 4.21975e+007, 1794, 5691.25, 974, 1477
155, 15404, 3.19112e+007, 1.01522e+007, 4.20635e+007, 1787, 5681.16, 974, 1477
156, 15504, 3.22438e+007, 1.02826e+007, 4.25264e+007, 1810, 5680.98, 974, 1477
157, 15604, 3.20312e+007, 1.02095e+007, 4.22407e+007, 1801, 5668.8, 974, 1477
158, 15704, 3.18672e+007, 1.01262e+007, 4.19933e+007, 1784, 5676.1, 974, 1477
159, 15804, 3.19374e+007, 1.01805e+007, 4.2118e+007, 1791, 5684.26, 974, 1477
160, 15904, 3.19243e+007, 1.01354e+007, 4.20597e+007, 1790, 5662.22, 974, 1477
161, 16004, 3.18833e+007, 1.01034e+007, 4.19867e+007, 1784, 5663.34, 974, 1477
162, 16104, 3.19025e+007, 1.00784e+007, 4.19809e+007, 1784, 5649.31, 973, 1477
163, 16205, 3.198e+007, 1.01412e+007, 4.21212e+007, 1794, 5652.84, 974, 1477
164, 16305, 3.18353e+007, 1.00568e+007, 4.18921e+007, 1781, 5646.72, 974, 1477
165, 16405, 3.19367e+007, 1.007e+007, 4.20067e+007, 1786, 5638.3, 974, 1476
166, 16504, 3.2027e+007, 1.00889e+007, 4.21159e+007, 1790, 5636.25, 973, 1477
167, 16604, 3.20225e+007, 1.01577e+007, 4.21802e+007, 1798, 5649.44, 974, 1476
168, 16704, 3.17615e+007, 1.00224e+007, 4.17839e+007, 1778, 5636.92, 974, 1476
169, 16804, 3.17982e+007, 1.00264e+007, 4.18246e+007, 1783, 5623.32, 973, 1476
170, 16904, 3.19148e+007, 1.00615e+007, 4.19763e+007, 1788, 5627.22, 974, 1476
171, 17005, 3.15984e+007, 9.87881e+006, 4.14772e+007, 1763, 5603.41, 973, 1476
172, 17104, 3.15874e+007, 9.90967e+006, 4.14971e+007, 1766, 5611.36, 973, 1476
173, 17205, 3.19055e+007, 1.00465e+007, 4.1952e+007, 1791, 5609.44, 973, 1476
174, 17304, 3.197e+007, 1.00637e+007, 4.20337e+007, 1790, 5622.17, 974, 1476
175, 17405, 3.14784e+007, 9.85418e+006, 4.13326e+007, 1755, 5614.92, 974, 1476
176, 17505, 3.16156e+007, 9.92696e+006, 4.15425e+007, 1769, 5611.62, 974, 1476
177, 17605, 3.18658e+007, 9.9995e+006, 4.18653e+007, 1781, 5614.54, 974, 1476
178, 17704, 3.16335e+007, 9.90022e+006, 4.15337e+007, 1767, 5602.84, 974, 1476
179, 17804, 3.19391e+007, 1.00185e+007, 4.19577e+007, 1787, 5606.35, 974, 1475
180, 17904, 3.19006e+007, 9.93068e+006, 4.18313e+007, 1777, 5588.45, 973, 1476
181, 18004, 3.25708e+007, 1.01049e+007, 4.26756e+007, 1811, 5579.71, 973, 1475
182, 18104, 3.22655e+007, 9.95583e+006, 4.22213e+007, 1786, 5574.37, 973, 1475
183, 18204, 3.18763e+007, 9.83966e+006, 4.17159e+007, 1766, 5571.72, 973, 1475
184, 18304, 3.23586e+007, 1.00062e+007, 4.23648e+007, 1801, 5555.92, 973, 1475
185, 18405, 3.19933e+007, 9.91851e+006, 4.19118e+007, 1781, 5569.07, 973, 1475
186, 18505, 3.1732e+007, 9.8454e+006, 4.15774e+007, 1765, 5578.13, 973, 1475
187, 18605, 3.15166e+007, 9.76407e+006, 4.12806e+007, 1753, 5569.92, 973, 1475
188, 18705, 3.16606e+007, 9.80622e+006, 4.14669e+007, 1763, 5562.23, 973, 1475
189, 18804, 3.16021e+007, 9.7914e+006, 4.13935e+007, 1754, 5582.33, 974, 1475
190, 18905, 3.15026e+007, 9.72986e+006, 4.12325e+007, 1750, 5559.92, 973, 1475
191, 19005, 3.14363e+007, 9.72754e+006, 4.11638e+007, 1746, 5571.33, 973, 1475
192, 19104, 3.14764e+007, 9.74878e+006, 4.12252e+007, 1750, 5570.73, 973, 1475
193, 19205, 3.16085e+007, 9.79767e+006, 4.14062e+007, 1764, 5554.24, 973, 1475
194, 19305, 3.1489e+007, 9.7029e+006, 4.11919e+007, 1748, 5550.86, 973, 1475
195, 19405, 3.12339e+007, 9.62324e+006, 4.08572e+007, 1732, 5556.15, 973, 1475
196, 19504, 3.12153e+007, 9.6288e+006, 4.08441e+007, 1733, 5556.14, 973, 1475
197, 19605, 3.14599e+007, 9.71124e+006, 4.11712e+007, 1752, 5542.94, 973, 1474
198, 19705, 3.13046e+007, 9.69039e+006, 4.0995e+007, 1745, 5553.23, 973, 1474
199, 19804, 3.14675e+007, 9.68605e+006, 4.11536e+007, 1747, 5544.39, 973, 1474
200, 19905, 3.13751e+007, 9.6371e+006, 4.10122e+007, 1741, 5535.38, 973, 1474
201, 20004, 3.11025e+007, 9.5768e+006, 4.06793e+007, 1731, 5532.52, 973, 1474
202, 20105, 3.13123e+007, 9.61675e+006, 4.0929e+007, 1738, 5533.23, 973, 1474
203, 20205, 3.11712e+007, 9.54464e+006, 4.07158e+007, 1729, 5520.32, 973, 1474
204, 20305, 3.07231e+007, 9.37587e+006, 4.0099e+007, 1699, 5518.46, 973, 1474
205, 20405, 3.10846e+007, 9.5597e+006, 4.06443e+007, 1727, 5535.44, 973, 1474
206, 20505, 3.07324e+007, 9.43703e+006, 4.01694e+007, 1707, 5528.43, 973, 1474
207, 20605, 3.09043e+007, 9.46934e+006, 4.03736e+007, 1713, 5527.93, 973, 1474
208, 20705, 3.11026e+007, 9.53344e+006, 4.0636e+007, 1720, 5542.69, 973, 1474
209, 20805, 3.07758e+007, 9.40664e+006, 4.01824e+007, 1710, 5500.96, 973, 1474
210, 20905, 3.05039e+007, 9.30992e+006, 3.98138e+007, 1692, 5502.31, 973, 1474
211, 21005, 3.0613e+007, 9.32839e+006, 3.99413e+007, 1698, 5493.75, 973, 1473
212, 21105, 3.09118e+007, 9.46104e+006, 4.03728e+007, 1718, 5507.01, 973, 1474
213, 21204, 3.04426e+007, 9.31534e+006, 3.97579e+007, 1691, 5508.78, 973, 1474
214, 21305, 3.07322e+007, 9.38115e+006, 4.01134e+007, 1706, 5498.91, 973, 1474
215, 21404, 3.04041e+007, 9.22776e+006, 3.96318e+007, 1683, 5482.92, 973, 1473
216, 21504, 3.06805e+007, 9.37157e+006, 4.0052e+007, 1706, 5493.3, 973, 1473
217, 21605, 3.01097e+007, 9.11897e+006, 3.92286e+007, 1661, 5490.05, 973, 1473
218, 21705, 3.05071e+007, 9.27507e+006, 3.97822e+007, 1689, 5491.46, 973, 1473
219, 21805, 3.04166e+007, 9.21391e+006, 3.96305e+007, 1682, 5477.95, 973, 1473
220, 21905, 3.05224e+007, 9.26844e+006, 3.97908e+007, 1690, 5484.29, 973, 1473
221, 22004, 3.03657e+007, 9.21925e+006, 3.95849e+007, 1682, 5481.13, 973, 1473
222, 22104, 3.07177e+007, 9.33723e+006, 4.00549e+007, 1703, 5482.81, 973, 1473
223, 22204, 3.03085e+007, 9.15624e+006, 3.94647e+007, 1673, 5472.95, 973, 1473
224, 22304, 3.00958e+007, 9.11062e+006, 3.92064e+007, 1662, 5481.72, 973, 1473
225, 22404, 3.05616e+007, 9.2549e+006, 3.98165e+007, 1688, 5482.76, 973, 1473
226, 22504, 3.06122e+007, 9.25924e+006, 3.98714e+007, 1691, 5475.6, 973, 1473
227, 22604, 3.00342e+007, 9.05888e+006, 3.9093e+007, 1656, 5470.34, 973, 1473
228, 22705, 3.04266e+007, 9.22222e+006, 3.96488e+007, 1684, 5476.38, 973, 1473
229, 22804, 3.06406e+007, 9.22658e+006, 3.98672e+007, 1689, 5462.75, 973, 1472
230, 22904, 3.03988e+007, 9.18143e+006, 3.95802e+007, 1680, 5465.13, 973, 1473
231, 23004, 3.04035e+007, 9.14927e+006, 3.95528e+007, 1676, 5458.99, 973, 1472
232, 23104, 3.01697e+007, 9.06278e+006, 3.92325e+007, 1662, 5452.94, 973, 1472
233, 23204, 3.01606e+007, 9.04824e+006, 3.92089e+007, 1659, 5454.03, 973, 1472
234, 23305, 3.02919e+007, 9.15111e+006, 3.9443e+007, 1674, 5466.61, 973, 1473
235, 23404, 3.02518e+007, 9.06298e+006, 3.93148e+007, 1666, 5439.97, 973, 1472
236, 23504, 3.02445e+007, 9.05477e+006, 3.92993e+007, 1662, 5448.12, 973, 1472
237, 23605, 3.02786e+007, 9.03889e+006, 3.93175e+007, 1663, 5435.29, 972, 1472
238, 23705, 3.01736e+007, 9.05761e+006, 3.92312e+007, 1664, 5443.27, 972, 1472
239, 23805, 3.01941e+007, 9.04238e+006, 3.92364e+007, 1662, 5440.66, 973, 1472
240, 23905, 2.99573e+007, 8.9843e+006, 3.89416e+007, 1649, 5448.33, 973, 1472
241, 24005, 3.01518e+007, 9.02299e+006, 3.91748e+007, 1656, 5448.66, 973, 1472
242, 24104, 2.97274e+007, 8.89155e+006, 3.8619e+007, 1633, 5444.92, 973, 1472
243, 24205, 3.00963e+007, 8.98702e+006, 3.90833e+007, 1656, 5426.94, 972, 1472
244, 24305, 2.99191e+007, 8.96668e+006, 3.88858e+007, 1648, 5440.95, 973, 1472
245, 24405, 3.03504e+007, 9.13876e+006, 3.94891e+007, 1674, 5459.23, 973, 1472
246, 24505, 3.01155e+007, 9.05027e+006, 3.91658e+007, 1656, 5465.14, 973, 1472
247, 24604, 2.99285e+007, 8.96009e+006, 3.88886e+007, 1640, 5463.47, 973, 1472
248, 24704, 3.01457e+007, 9.03384e+006, 3.91795e+007, 1655, 5458.51, 973, 1472
249, 24805, 3.00078e+007, 8.98617e+006, 3.8994e+007, 1647, 5456.09, 973, 1472
250, 24905, 3.00861e+007, 8.98622e+006, 3.90723e+007, 1651, 5442.89, 973, 1472
251, 25004, 3.00032e+007, 8.96832e+006, 3.89716e+007, 1643, 5458.5, 973, 1472
252, 25104, 3.0006e+007, 8.98965e+006, 3.89957e+007, 1648, 5454.89, 973, 1472
253, 25204, 2.9931e+007, 8.96194e+006, 3.88929e+007, 1641, 5461.27, 973, 1472
254, 25304, 2.9897e+007, 8.91227e+006, 3.88092e+007, 1634, 5454.26, 973, 1472
255, 25405, 3.00099e+007, 8.97523e+006, 3.89852e+007, 1644, 5459.38, 973, 1472
256, 25505, 3.02522e+007, 9.0521e+006, 3.93043e+007, 1660, 5453.07, 973, 1472
257, 25605, 2.99201e+007, 8.90785e+006, 3.8828e+007, 1634, 5451.56, 973, 1471
258, 25705, 2.97835e+007, 8.85483e+006, 3.86383e+007, 1626, 5445.78, 973, 1471
259, 25804, 2.95683e+007, 8.81418e+006, 3.83824e+007, 1616, 5454.32, 973, 1472
260, 25905, 2.96297e+007, 8.80573e+006, 3.84354e+007, 1618, 5442.36, 973, 1472
261, 26004, 2.97786e+007, 8.88426e+006, 3.86629e+007, 1632, 5443.79, 973, 1472
262, 26104, 2.99038e+007, 8.90151e+006, 3.88053e+007, 1638, 5434.38, 972, 1472
263, 26205, 2.96736e+007, 8.81529e+006, 3.84889e+007, 1620, 5441.54, 973, 1471
264, 26305, 2.96163e+007, 8.77615e+006, 3.83925e+007, 1614, 5437.52, 973, 1472
265, 26405, 2.95968e+007, 8.81722e+006, 3.8414e+007, 1622, 5436.01, 973, 1471
266, 26505, 2.95998e+007, 8.82173e+006, 3.84215e+007, 1621, 5442.15, 973, 1472
267, 26605, 2.98464e+007, 8.88374e+006, 3.87301e+007, 1636, 5430.16, 973, 1471
268, 26705, 2.98931e+007, 8.88227e+006, 3.87754e+007, 1637, 5425.95, 973, 1471
269, 26805, 2.96073e+007, 8.77974e+006, 3.8387e+007, 1621, 5416.25, 972, 1471
270, 26905, 2.94451e+007, 8.73104e+006, 3.81761e+007, 1610, 5423.01, 973, 1471
271, 27005, 2.96307e+007, 8.86369e+006, 3.84944e+007, 1628, 5444.53, 973, 1471
272, 27105, 2.97395e+007, 8.84828e+006, 3.85878e+007, 1631, 5425.06, 973, 1471
273, 27205, 2.93647e+007, 8.68158e+006, 3.80463e+007, 1601, 5422.6, 973, 1471
274, 27305, 2.9412e+007, 8.75185e+006, 3.81639e+007, 1609, 5439.31, 973, 1470
275, 27405, 2.93094e+007, 8.72763e+006, 3.80371e+007, 1607, 5431.01, 973, 1471
276, 27505, 2.95462e+007, 8.79701e+006, 3.83432e+007, 1620, 5430.25, 973, 1471
277, 27605, 2.95129e+007, 8.74409e+006, 3.8257e+007, 1613, 5421.01, 973, 1471
278, 27705, 2.92982e+007, 8.70515e+006, 3.80033e+007, 1605, 5423.77, 973, 1470
279, 27805, 2.93315e+007, 8.66761e+006, 3.79991e+007, 1602, 5410.49, 972, 1470
280, 27905, 2.96533e+007, 8.82328e+006, 3.84766e+007, 1631, 5409.73, 972, 1470
281, 28005, 2.94113e+007, 8.68331e+006, 3.80946e+007, 1605, 5410.16, 973, 1470
282, 28105, 2.94167e+007, 8.67232e+006, 3.8089e+007, 1608, 5393.23, 972, 1470
283, 28205, 2.93561e+007, 8.65538e+006, 3.80115e+007, 1606, 5389.4, 972, 1470
284, 28305, 2.947e+007, 8.72232e+006, 3.81924e+007, 1617, 5394.14, 972, 1470
285, 28405, 2.93369e+007, 8.67731e+006, 3.80142e+007, 1608, 5396.34, 972, 1470
286, 28505, 2.9239e+007, 8.64759e+006, 3.78866e+007, 1601, 5401.37, 972, 1470
287, 28605, 2.9369e+007, 8.70876e+006, 3.80777e+007, 1611, 5405.81, 972, 1470
288, 28705, 2.95147e+007, 8.72141e+006, 3.82361e+007, 1620, 5383.59, 972, 1469
289, 28805, 2.93462e+007, 8.70125e+006, 3.80474e+007, 1611, 5401.15, 972, 1469
290, 28905, 2.97041e+007, 8.80003e+006, 3.85041e+007, 1629, 5402.1, 972, 1469
291, 29005, 2.94696e+007, 8.71886e+006, 3.81885e+007, 1613, 5405.37, 972, 1469
292, 29115, 2.95789e+007, 8.72822e+006, 3.83072e+007, 1621, 5384.47, 972, 1469
293, 29205, 2.96245e+007, 8.75005e+006, 3.83746e+007, 1625, 5384.65, 972, 1469
294, 29305, 2.93002e+007, 8.65007e+006, 3.79503e+007, 1602, 5399.55, 972, 1469
295, 29405, 2.98202e+007, 8.75488e+006, 3.85751e+007, 1631, 5367.8, 972, 1469
296, 29505, 2.96237e+007, 8.71411e+006, 3.83378e+007, 1619, 5382.41, 972, 1469
297, 29605, 2.96143e+007, 8.68602e+006, 3.83003e+007, 1615, 5378.34, 972, 1469
298, 29705, 2.93296e+007, 8.57769e+006, 3.79073e+007, 1597, 5371.12, 972, 1468
299, 29805, 2.958e+007, 8.71e+006, 3.82901e+007, 1618, 5383.19, 972, 1469
300, 29905, 3.00277e+007, 8.93077e+006, 3.89585e+007, 1643, 5435.65, 972, 1469
301, 30005, 3.0623e+007, 9.45186e+006, 4.00748e+007, 1678, 5632.81, 972, 1469
302, 30105, 3.06745e+007, 9.73422e+006, 4.04088e+007, 1683, 5783.85, 972, 1470
303, 30205, 3.13356e+007, 1.01522e+007, 4.14878e+007, 1728, 5875.11, 972, 1469
304, 30305, 3.16317e+007, 1.03915e+007, 4.20232e+007, 1748, 5944.81, 972, 1469
305, 30405, 3.17343e+007, 1.04944e+007, 4.22287e+007, 1751, 5993.37, 972, 1469
306, 30505, 3.16795e+007, 1.05848e+007, 4.22643e+007, 1749, 6051.93, 972, 1469
307, 30605, 3.18932e+007, 1.06606e+007, 4.25538e+007, 1761, 6053.74, 972, 1470
308, 30705, 3.19553e+007, 1.07139e+007, 4.26692e+007, 1764, 6073.67, 972, 1470
309, 30805, 3.19426e+007, 1.07893e+007, 4.27319e+007, 1770, 6095.65, 972, 1470
310, 30905, 3.21765e+007, 1.08979e+007, 4.30744e+007, 1782, 6115.54, 972, 1471
311, 31005, 3.24072e+007, 1.10237e+007, 4.34309e+007, 1798, 6131.1, 972, 1471
312, 31115, 3.22857e+007, 1.09636e+007, 4.32492e+007, 1784, 6145.49, 972, 1471
313, 31215, 3.2584e+007, 1.11261e+007, 4.37101e+007, 1807, 6157.2, 972, 1471
314, 31305, 3.22773e+007, 1.0988e+007, 4.32653e+007, 1788, 6145.4, 972, 1471
315, 31405, 3.25072e+007, 1.10415e+007, 4.35487e+007, 1798, 6140.98, 972, 1471
316, 31505, 3.22924e+007, 1.09592e+007, 4.32515e+007, 1786, 6136.14, 972, 1472
317, 31605, 3.22036e+007, 1.09803e+007, 4.31839e+007, 1786, 6147.97, 972, 1471
318, 31705, 3.24768e+007, 1.10483e+007, 4.35251e+007, 1799, 6141.34, 972, 1471
319, 31805, 3.23941e+007, 1.09529e+007, 4.3347e+007, 1785, 6136.08, 972, 1471
320, 31905, 3.24579e+007, 1.09841e+007, 4.3442e+007, 1792, 6129.54, 972, 1471
321, 32015, 3.23941e+007, 1.09945e+007, 4.33885e+007, 1792, 6135.31, 972, 1471
322, 32105, 3.2377e+007, 1.09753e+007, 4.33522e+007, 1789, 6134.87, 972, 1471
323, 32205, 3.26688e+007, 1.10664e+007, 4.37352e+007, 1804, 6134.39, 972, 1471
324, 32305, 3.25568e+007, 1.10259e+007, 4.35828e+007, 1798, 6132.34, 972, 1472
325, 32405, 3.26643e+007, 1.10782e+007, 4.37425e+007, 1808, 6127.32, 972, 1472
326, 32505, 3.24021e+007, 1.09362e+007, 4.33383e+007, 1787, 6119.87, 972, 1472
327, 32605, 3.24457e+007, 1.10045e+007, 4.34502e+007, 1794, 6134.04, 972, 1472
328, 32705, 3.2503e+007, 1.10853e+007, 4.35883e+007, 1806, 6138.06, 972, 1472
329, 32805, 3.26808e+007, 1.10818e+007, 4.37626e+007, 1810, 6122.52, 972, 1472
330, 32905, 3.24979e+007, 1.10355e+007, 4.35334e+007, 1801, 6127.4, 972, 1472
331, 33005, 3.26373e+007, 1.10632e+007, 4.37005e+007, 1803, 6135.98, 972, 1472
332, 33105, 3.26164e+007, 1.10625e+007, 4.36789e+007, 1802, 6138.99, 972, 1472
333, 33205, 3.27885e+007, 1.11105e+007, 4.3899e+007, 1815, 6121.51, 972, 1472
334, 33305, 3.27688e+007, 1.1124e+007, 4.38927e+007, 1812, 6139.05, 972, 1472
335, 33405, 3.26e+007, 1.10387e+007, 4.36387e+007, 1803, 6122.39, 972, 1472
336, 33505, 3.27148e+007, 1.11322e+007, 4.3847e+007, 1819, 6119.98, 972, 1472
337, 33605, 3.24768e+007, 1.10346e+007, 4.35115e+007, 1797, 6140.59, 972, 1472
338, 33705, 3.25873e+007, 1.10399e+007, 4.36272e+007, 1806, 6112.9, 972, 1472
339, 33805, 3.26995e+007, 1.10098e+007, 4.37093e+007, 1807, 6092.87, 972, 1472
340, 33905, 3.24741e+007, 1.09789e+007, 4.34531e+007, 1797, 6109.58, 972, 1472
341, 34005, 3.26085e+007, 1.10142e+007, 4.36228e+007, 1803, 6108.84, 972, 1472
342, 34105, 3.27609e+007, 1.10519e+007, 4.38128e+007, 1809, 6109.4, 972, 1472
343, 34205, 3.25495e+007, 1.0991e+007, 4.35405e+007, 1799, 6109.48, 972, 1472
344, 34315, 3.28894e+007, 1.11264e+007, 4.40159e+007, 1823, 6103.37, 972, 1472
345, 34405, 3.25166e+007, 1.0961e+007, 4.34776e+007, 1797, 6099.62, 972, 1472
346, 34505, 3.26212e+007, 1.10689e+007, 4.369e+007, 1810, 6115.39, 972, 1472
347, 34605, 3.28937e+007, 1.1131e+007, 4.40247e+007, 1825, 6099.15, 972, 1472
348, 34705, 3.27247e+007, 1.10455e+007, 4.37701e+007, 1812, 6095.73, 972, 1472
349, 34805, 3.25938e+007, 1.09665e+007, 4.35604e+007, 1799, 6095.91, 972, 1472
350, 34905, 3.28857e+007, 1.10733e+007, 4.3959e+007, 1819, 6087.6, 972, 1472
351, 35005, 3.28701e+007, 1.10476e+007, 4.39177e+007, 1816, 6083.5, 972, 1472
352, 35105, 3.28062e+007, 1.10464e+007, 4.38526e+007, 1815, 6086.15, 972, 1472
353, 35205, 3.27697e+007, 1.10131e+007, 4.37827e+007, 1816, 6064.46, 972, 1472
354, 35305, 3.29022e+007, 1.10808e+007, 4.39831e+007, 1819, 6091.72, 972, 1472
355, 35405, 3.27554e+007, 1.10176e+007, 4.3773e+007, 1813, 6077.01, 972, 1472
356, 35515, 3.2664e+007, 1.09748e+007, 4.36388e+007, 1807, 6073.48, 972, 1472
357, 35605, 3.28579e+007, 1.10219e+007, 4.38798e+007, 1814, 6076.02, 972, 1472
358, 35705, 3.27443e+007, 1.093e+007, 4.36743e+007, 1802, 6065.49, 972, 1472
359, 35805, 3.27329e+007, 1.0979e+007, 4.3712e+007, 1806, 6079.2, 972, 1472
360, 35905, 3.26324e+007, 1.09043e+007, 4.35368e+007, 1799, 6061.33, 972, 1472
361, 36015, 3.28498e+007, 1.1002e+007, 4.38518e+007, 1817, 6055.06, 972, 1472
362, 36105, 3.27496e+007, 1.09039e+007, 4.36535e+007, 1804, 6044.29, 972, 1472
363, 36206, 3.2607e+007, 1.08854e+007, 4.34924e+007, 1800, 6047.47, 972, 1472
364, 36306, 3.28641e+007, 1.09826e+007, 4.38467e+007, 1813, 6057.69, 972, 1472
365, 36406, 3.29174e+007, 1.09816e+007, 4.38989e+007, 1816, 6047.11, 972, 1472
366, 36506, 3.26942e+007, 1.08903e+007, 4.35845e+007, 1803, 6040.12, 972, 1472
367, 36616, 3.29353e+007, 1.09848e+007, 4.392e+007, 1818, 6042.22, 972, 1472
368, 36706, 3.29343e+007, 1.09485e+007, 4.38828e+007, 1814, 6035.54, 972, 1472
369, 36806, 3.27723e+007, 1.08849e+007, 4.36572e+007, 1808, 6020.42, 972, 1472
370, 36906, 3.28457e+007, 1.08849e+007, 4.37305e+007, 1810, 6013.75, 972, 1472
371, 37006, 3.28883e+007, 1.09666e+007, 4.38549e+007, 1817, 6035.57, 972, 1472
372, 37106, 3.31052e+007, 1.10259e+007, 4.41311e+007, 1832, 6018.52, 972, 1472
373, 37206, 3.25183e+007, 1.0742e+007, 4.32602e+007, 1787, 6011.17, 972, 1472
374, 37306, 3.28022e+007, 1.08831e+007, 4.36853e+007, 1808, 6019.44, 972, 1472
375, 37406, 3.27804e+007, 1.07964e+007, 4.35768e+007, 1800, 5998.02, 972, 1472
376, 37506, 3.26797e+007, 1.07803e+007, 4.34601e+007, 1797, 5999.07, 972, 1472
377, 37606, 3.28542e+007, 1.08342e+007, 4.36884e+007, 1810, 5985.75, 972, 1472
378, 37706, 3.2577e+007, 1.07161e+007, 4.32931e+007, 1789, 5989.99, 972, 1472
379, 37806, 3.30721e+007, 1.0928e+007, 4.40001e+007, 1824, 5991.23, 972, 1472
380, 37906, 3.28808e+007, 1.07791e+007, 4.36599e+007, 1804, 5975.1, 972, 1472
381, 38006, 3.25826e+007, 1.06955e+007, 4.32782e+007, 1787, 5985.19, 972, 1472
382, 38106, 3.28033e+007, 1.07142e+007, 4.35175e+007, 1799, 5955.63, 972, 1472
383, 38206, 3.27376e+007, 1.07214e+007, 4.3459e+007, 1798, 5962.96, 972, 1472
384, 38306, 3.28044e+007, 1.07897e+007, 4.3594e+007, 1808, 5967.73, 972, 1472
385, 38406, 3.26492e+007, 1.07034e+007, 4.33526e+007, 1794, 5966.23, 972, 1472
386, 38506, 3.26407e+007, 1.06922e+007, 4.33329e+007, 1793, 5963.3, 972, 1472
387, 38606, 3.26259e+007, 1.07106e+007, 4.33366e+007, 1790, 5983.58, 972, 1472
388, 38706, 3.2654e+007, 1.06759e+007, 4.33298e+007, 1798, 5937.64, 972, 1472
389, 38806, 3.27855e+007, 1.07429e+007, 4.35285e+007, 1801, 5964.98, 972, 1472
390, 38906, 3.27063e+007, 1.07196e+007, 4.34258e+007, 1801, 5952, 972, 1472
391, 39006, 3.25539e+007, 1.06244e+007, 4.31783e+007, 1786, 5948.7, 972, 1472
392, 39106, 3.29091e+007, 1.07236e+007, 4.36327e+007, 1809, 5927.91, 972, 1472
393, 39206, 3.2746e+007, 1.06711e+007, 4.34171e+007, 1797, 5938.31, 972, 1472
394, 39306, 3.2576e+007, 1.0603e+007, 4.3179e+007, 1786, 5936.73, 972, 1473
395, 39416, 3.27589e+007, 1.06453e+007, 4.34042e+007, 1800, 5914.04, 972, 1472
396, 39506, 3.27362e+007, 1.0612e+007, 4.33483e+007, 1794, 5915.3, 972, 1472
397, 39616, 3.27339e+007, 1.06473e+007, 4.33811e+007, 1796, 5928.33, 972, 1472
398, 39706, 3.26134e+007, 1.06151e+007, 4.32285e+007, 1792, 5923.6, 972, 1472
399, 39806, 3.27708e+007, 1.06345e+007, 4.34053e+007, 1797, 5917.95, 972, 1472
400, 39906, 3.26823e+007, 1.05875e+007, 4.32699e+007, 1792, 5908.23, 972, 1472
401, 40006, 3.29462e+007, 1.06896e+007, 4.36358e+007, 1813, 5896.07, 972, 1472
402, 40116, 3.26703e+007, 1.05699e+007, 4.32401e+007, 1792, 5898.37, 972, 1472
403, 40216, 3.29867e+007, 1.07282e+007, 4.37149e+007, 1817, 5904.35, 972, 1472
404, 40306, 3.28428e+007, 1.06211e+007, 4.34639e+007, 1801, 5897.32, 972, 1473
405, 40416, 3.25556e+007, 1.05579e+007, 4.31136e+007, 1791, 5894.99, 972, 1473
406, 40506, 3.2384e+007, 1.04889e+007, 4.28729e+007, 1777, 5902.6, 972, 1473
407, 40616, 3.25021e+007, 1.0456e+007, 4.29582e+007, 1780, 5874.17, 972, 1473
408, 40706, 3.24294e+007, 1.05077e+007, 4.29371e+007, 1783, 5893.28, 972, 1473
409, 40806, 3.28586e+007, 1.06101e+007, 4.34687e+007, 1804, 5881.41, 972, 1472
410, 40916, 3.26156e+007, 1.05019e+007, 4.31175e+007, 1789, 5870.25, 972, 1472
411, 41006, 3.2459e+007, 1.04543e+007, 4.29133e+007, 1780, 5873.21, 972, 1472
412, 41116, 3.26692e+007, 1.05451e+007, 4.32144e+007, 1799, 5861.66, 972, 1472
413, 41216, 3.25426e+007, 1.04971e+007, 4.30397e+007, 1788, 5870.85, 972, 1472
414, 41316, 3.27604e+007, 1.05733e+007, 4.33337e+007, 1803, 5864.3, 972, 1473
415, 41416, 3.27077e+007, 1.05604e+007, 4.32681e+007, 1800, 5866.91, 972, 1472
416, 41516, 3.25441e+007, 1.04726e+007, 4.30167e+007, 1787, 5860.45, 972, 1472
417, 41616, 3.26153e+007, 1.04572e+007, 4.30725e+007, 1788, 5848.57, 972, 1472
418, 41716, 3.25489e+007, 1.04377e+007, 4.29867e+007, 1787, 5840.92, 972, 1472
419, 41816, 3.25916e+007, 1.04375e+007, 4.30291e+007, 1789, 5834.28, 972, 1473
420, 41916, 3.23494e+007, 1.03856e+007, 4.2735e+007, 1776, 5847.73, 972, 1472
421, 42016, 3.2532e+007, 1.04154e+007, 4.29474e+007, 1782, 5844.78, 972, 1472
422, 42116, 3.26657e+007, 1.04624e+007, 4.31281e+007, 1792, 5838.42, 972, 1473
423, 42216, 3.25164e+007, 1.04005e+007, 4.2917e+007, 1784, 5829.9, 972, 1472
424, 42316, 3.23353e+007, 1.03404e+007, 4.26757e+007, 1774, 5828.87, 972, 1472
425, 42416, 3.22528e+007, 1.03491e+007, 4.26019e+007, 1772, 5840.37, 972, 1472
426, 42516, 3.24119e+007, 1.03594e+007, 4.27713e+007, 1781, 5816.63, 972, 1472
427, 42616, 3.23625e+007, 1.03746e+007, 4.27371e+007, 1781, 5825.16, 972, 1472
428, 42716, 3.20724e+007, 1.02368e+007, 4.23092e+007, 1758, 5823, 972, 1472
429, 42816, 3.24709e+007, 1.03628e+007, 4.28337e+007, 1783, 5812.02, 972, 1472
430, 42916, 3.20603e+007, 1.02115e+007, 4.22717e+007, 1757, 5811.88, 972, 1472
431, 43016, 3.23414e+007, 1.03714e+007, 4.27128e+007, 1783, 5816.84, 972, 1472
432, 43116, 3.24839e+007, 1.0416e+007, 4.28999e+007, 1791, 5815.75, 972, 1473
433, 43216, 3.20059e+007, 1.01789e+007, 4.21848e+007, 1755, 5799.97, 972, 1473
434, 43316, 3.1931e+007, 1.01833e+007, 4.21143e+007, 1754, 5805.74, 972, 1473
435, 43416, 3.22129e+007, 1.02319e+007, 4.24448e+007, 1767, 5790.55, 972, 1473
436, 43516, 3.23916e+007, 1.03014e+007, 4.2693e+007, 1780, 5787.32, 972, 1472
437, 43616, 3.29293e+007, 1.05006e+007, 4.34299e+007, 1813, 5791.84, 972, 1473
438, 43716, 3.23029e+007, 1.02766e+007, 4.25794e+007, 1774, 5792.87, 972, 1472
439, 43816, 3.2326e+007, 1.0307e+007, 4.26329e+007, 1779, 5793.69, 972, 1473
440, 43916, 3.23065e+007, 1.02771e+007, 4.25836e+007, 1776, 5786.64, 972, 1473
441, 44016, 3.23296e+007, 1.02531e+007, 4.25827e+007, 1776, 5773.13, 972, 1472
442, 44116, 3.20507e+007, 1.01406e+007, 4.21913e+007, 1757, 5771.53, 972, 1472
443, 44216, 3.22481e+007, 1.02504e+007, 4.24985e+007, 1774, 5778.13, 972, 1473
444, 44316, 3.21246e+007, 1.01811e+007, 4.23057e+007, 1762, 5778.14, 972, 1473
445, 44416, 3.21894e+007, 1.02052e+007, 4.23946e+007, 1767, 5775.44, 972, 1472
446, 44516, 3.21239e+007, 1.01949e+007, 4.23188e+007, 1764, 5779.44, 972, 1473
447, 44616, 3.22098e+007, 1.01779e+007, 4.23878e+007, 1766, 5763.26, 972, 1472
448, 44716, 3.20016e+007, 1.01216e+007, 4.21232e+007, 1753, 5773.89, 972, 1472
449, 44816, 3.21103e+007, 1.01499e+007, 4.22603e+007, 1761, 5763.72, 972, 1473
450, 44916, 3.19993e+007, 1.01288e+007, 4.21281e+007, 1760, 5755.01, 972, 1473
451, 45016, 3.21133e+007, 1.01601e+007, 4.22735e+007, 1765, 5756.45, 972, 1473
452, 45116, 3.19071e+007, 1.00666e+007, 4.19737e+007, 1751, 5749.05, 972, 1473
453, 45216, 3.19645e+007, 1.0042e+007, 4.20065e+007, 1749, 5741.57, 972, 1473
454, 45316, 3.21151e+007, 1.01242e+007, 4.22393e+007, 1763, 5742.57, 972, 1472
455, 45416, 3.1934e+007, 1.00294e+007, 4.19633e+007, 1751, 5727.78, 972, 1473
456, 45516, 3.18829e+007, 1.00617e+007, 4.19446e+007, 1752, 5742.98, 972, 1473
457, 45616, 3.21258e+007, 1.01194e+007, 4.22452e+007, 1766, 5730.12, 972, 1473
458, 45716, 3.18626e+007, 1.00266e+007, 4.18892e+007, 1751, 5726.2, 972, 1473
459, 45816, 3.21248e+007, 1.00944e+007, 4.22192e+007, 1763, 5725.7, 972, 1472
460, 45916, 3.21658e+007, 1.01192e+007, 4.22851e+007, 1769, 5720.32, 972, 1472
461, 46016, 3.18643e+007, 9.99762e+006, 4.18619e+007, 1749, 5716.19, 972, 1472
462, 46116, 3.20137e+007, 1.00512e+007, 4.2065e+007, 1759, 5714.16, 972, 1473
463, 46208, 3.20562e+007, 1.00581e+007, 4.21142e+007, 1759, 5718.07, 972, 1473
464, 46308, 3.21912e+007, 1.00971e+007, 4.22883e+007, 1771, 5701.37, 972, 1473
465, 46408, 3.22072e+007, 1.01493e+007, 4.23565e+007, 1774, 5721.12, 972, 1473
466, 46508, 3.21848e+007, 1.01449e+007, 4.23298e+007, 1776, 5712.24, 972, 1472
467, 46608, 3.20777e+007, 1.00515e+007, 4.21293e+007, 1762, 5704.62, 972, 1473
468, 46708, 3.21997e+007, 1.00844e+007, 4.22841e+007, 1771, 5694.19, 972, 1472
469, 46808, 3.19899e+007, 1.00295e+007, 4.20194e+007, 1760, 5698.61, 972, 1472
470, 46908, 3.16209e+007, 9.90627e+006, 4.15271e+007, 1739, 5696.53, 972, 1473
471, 47008, 3.18539e+007, 9.93218e+006, 4.17861e+007, 1745, 5691.79, 972, 1473
472, 47108, 3.20014e+007, 1.00128e+007, 4.20142e+007, 1762, 5682.62, 972, 1473
473, 47208, 3.19358e+007, 9.99641e+006, 4.19322e+007, 1758, 5686.24, 972, 1473
474, 47308, 3.18464e+007, 9.94085e+006, 4.17873e+007, 1752, 5674, 972, 1473
475, 47408, 3.18702e+007, 9.93921e+006, 4.18094e+007, 1749, 5682.8, 972, 1473
476, 47508, 3.18875e+007, 9.98935e+006, 4.18769e+007, 1756, 5688.69, 972, 1473
477, 47608, 3.19713e+007, 1.00078e+007, 4.19791e+007, 1762, 5679.78, 972, 1473
478, 47708, 3.18469e+007, 9.94835e+006, 4.17953e+007, 1752, 5678.28, 972, 1473
479, 47808, 3.18768e+007, 9.95664e+006, 4.18334e+007, 1755, 5673.3, 972, 1473
480, 47908, 3.19004e+007, 9.948e+006, 4.18484e+007, 1756, 5665.15, 972, 1473
481, 48008, 3.17627e+007, 9.85691e+006, 4.16196e+007, 1742, 5658.38, 972, 1473
482, 48108, 3.18074e+007, 9.87761e+006, 4.1685e+007, 1747, 5654.04, 972, 1473
483, 48218, 3.2117e+007, 9.99453e+006, 4.21116e+007, 1767, 5656.21, 972, 1473
484, 48308, 3.18494e+007, 9.86469e+006, 4.17141e+007, 1745, 5653.12, 972, 1473
485, 48408, 3.18765e+007, 9.94789e+006, 4.18244e+007, 1759, 5655.42, 972, 1473
486, 48508, 3.18195e+007, 9.82411e+006, 4.16436e+007, 1741, 5642.8, 972, 1473
487, 48608, 3.19812e+007, 9.88702e+006, 4.18683e+007, 1755, 5633.63, 972, 1473
488, 48708, 3.17226e+007, 9.79869e+006, 4.15213e+007, 1738, 5637.91, 972, 1473
489, 48808, 3.15403e+007, 9.76451e+006, 4.13048e+007, 1730, 5644.22, 972, 1473
490, 48908, 3.1977e+007, 9.95529e+006, 4.19323e+007, 1761, 5653.2, 972, 1473
491, 49008, 3.17235e+007, 9.8312e+006, 4.15547e+007, 1739, 5653.37, 972, 1473
492, 49108, 3.16258e+007, 9.78127e+006, 4.14071e+007, 1733, 5644.13, 972, 1473
493, 49208, 3.1716e+007, 9.83999e+006, 4.1556e+007, 1742, 5648.67, 972, 1473
494, 49308, 3.16589e+007, 9.81778e+006, 4.14767e+007, 1739, 5645.65, 972, 1473
495, 49408, 3.17554e+007, 9.82086e+006, 4.15763e+007, 1742, 5637.69, 972, 1473
496, 49508, 3.19097e+007, 9.86453e+006, 4.17743e+007, 1749, 5640.09, 972, 1473
497, 49608, 3.18434e+007, 9.81294e+006, 4.16563e+007, 1744, 5626.69, 972, 1473
498, 49708, 3.18098e+007, 9.8227e+006, 4.16325e+007, 1749, 5616.18, 972, 1473
499, 49818, 3.15979e+007, 9.76877e+006, 4.13667e+007, 1734, 5633.66, 972, 1473
500, 49918, 3.17484e+007, 9.76992e+006, 4.15183e+007, 1739, 5618.12, 972, 1473
501, 50018, 3.18489e+007, 9.84809e+006, 4.1697e+007, 1752, 5621.06, 972, 1473
502, 50118, 3.18708e+007, 9.86483e+006, 4.17356e+007, 1755, 5620.99, 972, 1473
503, 50218, 3.1919e+007, 9.87505e+006, 4.1794e+007, 1755, 5626.81, 972, 1473
504, 50318, 3.19352e+007, 9.86813e+006, 4.18033e+007, 1758, 5613.27, 972, 1473
505, 50418, 3.19391e+007, 9.87388e+006, 4.18129e+007, 1760, 5610.16, 972, 1473
506, 50518, 3.18991e+007, 9.84425e+006, 4.17434e+007, 1754, 5612.46, 972, 1473
507, 50618, 3.16581e+007, 9.76063e+006, 4.14187e+007, 1740, 5609.56, 972, 1473
508, 50718, 3.17149e+007, 9.74794e+006, 4.14628e+007, 1743, 5592.62, 972, 1473
509, 50818, 3.17163e+007, 9.74351e+006, 4.14599e+007, 1740, 5599.72, 972, 1473
510, 50918, 3.17702e+007, 9.75587e+006, 4.1526e+007, 1744, 5593.96, 972, 1473
511, 51018, 3.18256e+007, 9.79534e+006, 4.1621e+007, 1749, 5600.54, 972, 1473
512, 51118, 3.20425e+007, 9.84967e+006, 4.18922e+007, 1763, 5586.88, 972, 1473
513, 51218, 3.17634e+007, 9.73236e+006, 4.14958e+007, 1741, 5590.1, 972, 1473
514, 51318, 3.1767e+007, 9.73942e+006, 4.15064e+007, 1742, 5590.94, 972, 1472
515, 51418, 3.18049e+007, 9.75639e+006, 4.15613e+007, 1748, 5581.46, 972, 1473
516, 51518, 3.16558e+007, 9.68391e+006, 4.13397e+007, 1733, 5587.95, 972, 1473
517, 51618, 3.17931e+007, 9.71301e+006, 4.15061e+007, 1742, 5575.78, 972, 1473
518, 51718, 3.16457e+007, 9.6968e+006, 4.13425e+007, 1737, 5582.5, 972, 1473
519, 51818, 3.16826e+007, 9.69344e+006, 4.1376e+007, 1737, 5580.57, 972, 1473
520, 51918, 3.17659e+007, 9.71692e+006, 4.14828e+007, 1742, 5578.02, 972, 1473
521, 52018, 3.14824e+007, 9.63226e+006, 4.11146e+007, 1728, 5574.23, 972, 1473
522, 52118, 3.17246e+007, 9.68527e+006, 4.14099e+007, 1742, 5559.85, 972, 1473
523, 52218, 3.16352e+007, 9.64646e+006, 4.12817e+007, 1734, 5563.12, 972, 1472
524, 52318, 3.18065e+007, 9.73016e+006, 4.15367e+007, 1748, 5566.45, 972, 1473
525, 52418, 3.16287e+007, 9.65155e+006, 4.12803e+007, 1732, 5572.49, 972, 1473
526, 52518, 3.18114e+007, 9.68255e+006, 4.1494e+007, 1744, 5551.92, 972, 1473
527, 52618, 3.1493e+007, 9.60177e+006, 4.10947e+007, 1728, 5556.58, 972, 1472
528, 52718, 3.18983e+007, 9.71979e+006, 4.16181e+007, 1750, 5554.17, 972, 1473
529, 52818, 3.18091e+007, 9.69163e+006, 4.15007e+007, 1746, 5550.76, 972, 1473
530, 52918, 3.16967e+007, 9.62974e+006, 4.13265e+007, 1736, 5547.08, 972, 1473
531, 53018, 3.16657e+007, 9.61326e+006, 4.12789e+007, 1735, 5540.78, 972, 1473
532, 53118, 3.1735e+007, 9.61346e+006, 4.13485e+007, 1739, 5528.15, 972, 1472
533, 53218, 3.13748e+007, 9.53903e+006, 4.09138e+007, 1717, 5555.64, 972, 1473
534, 53318, 3.17792e+007, 9.64841e+006, 4.14276e+007, 1741, 5541.88, 972, 1472
535, 53418, 3.14217e+007, 9.53366e+006, 4.09554e+007, 1720, 5542.82, 973, 1472
536, 53518, 3.16236e+007, 9.62104e+006, 4.12447e+007, 1734, 5548.46, 972, 1472
537, 53618, 3.1617e+007, 9.60328e+006, 4.12202e+007, 1734, 5538.22, 972, 1473
538, 53718, 3.13045e+007, 9.4675e+006, 4.0772e+007, 1712, 5530.08, 972, 1473
539, 53818, 3.17196e+007, 9.66449e+006, 4.13841e+007, 1743, 5544.74, 973, 1473
540, 53918, 3.18404e+007, 9.65464e+006, 4.14951e+007, 1744, 5535.92, 972, 1473
541, 54018, 3.11028e+007, 9.44404e+006, 4.05469e+007, 1703, 5545.53, 973, 1473
542, 54118, 3.16553e+007, 9.59761e+006, 4.12529e+007, 1735, 5531.77, 972, 1473
543, 54218, 3.14233e+007, 9.54941e+006, 4.09727e+007, 1726, 5532.69, 972, 1473
544, 54318, 3.14173e+007, 9.4993e+006, 4.09166e+007, 1719, 5526.06, 972, 1473
545, 54418, 3.16324e+007, 9.57112e+006, 4.12036e+007, 1732, 5526.05, 972, 1473
546, 54518, 3.12668e+007, 9.4631e+006, 4.07299e+007, 1709, 5537.21, 973, 1473
547, 54618, 3.16004e+007, 9.57903e+006, 4.11795e+007, 1733, 5527.42, 973, 1472
548, 54718, 3.17664e+007, 9.64009e+006, 4.14065e+007, 1746, 5521.24, 972, 1473
549, 54818, 3.18727e+007, 9.63596e+006, 4.15087e+007, 1749, 5509.41, 972, 1473
550, 54918, 3.11626e+007, 9.40568e+006, 4.05683e+007, 1705, 5516.53, 972, 1473
551, 55018, 3.16594e+007, 9.58166e+006, 4.12411e+007, 1734, 5525.75, 973, 1473
552, 55118, 3.16025e+007, 9.53791e+006, 4.11404e+007, 1729, 5516.43, 973, 1472
553, 55218, 3.15003e+007, 9.48303e+006, 4.09834e+007, 1725, 5497.41, 972, 1473
554, 55318, 3.14663e+007, 9.54739e+006, 4.10137e+007, 1730, 5518.72, 973, 1472
555, 55418, 3.14701e+007, 9.47897e+006, 4.09491e+007, 1723, 5501.43, 972, 1472
556, 55518, 3.14336e+007, 9.46901e+006, 4.09026e+007, 1724, 5492.47, 973, 1472
557, 55618, 3.13763e+007, 9.45332e+006, 4.08296e+007, 1720, 5496.11, 973, 1472
558, 55718, 3.16278e+007, 9.53192e+006, 4.11597e+007, 1735, 5493.9, 972, 1472
559, 55818, 3.152e+007, 9.50214e+006, 4.10221e+007, 1726, 5505.29, 973, 1472
560, 55918, 3.14957e+007, 9.4948e+006, 4.09905e+007, 1727, 5497.86, 973, 1472
561, 56018, 3.13901e+007, 9.48244e+006, 4.08726e+007, 1722, 5506.64, 973, 1472
562, 56118, 3.12335e+007, 9.40126e+006, 4.06348e+007, 1711, 5494.6, 973, 1472
563, 56218, 3.14096e+007, 9.46224e+006, 4.08719e+007, 1725, 5485.36, 972, 1473
564, 56318, 3.11888e+007, 9.3653e+006, 4.05541e+007, 1708, 5483.2, 973, 1472
565, 56418, 3.14663e+007, 9.42363e+006, 4.089e+007, 1723, 5469.31, 973, 1472
566, 56518, 3.15817e+007, 9.50094e+006, 4.10827e+007, 1732, 5485.53, 973, 1472
567, 56618, 3.14326e+007, 9.42977e+006, 4.08624e+007, 1724, 5469.71, 972, 1473
568, 56718, 3.14e+007, 9.47694e+006, 4.08769e+007, 1727, 5487.52, 973, 1472
569, 56818, 3.13671e+007, 9.42991e+006, 4.0797e+007, 1720, 5482.51, 973, 1472
570, 56918, 3.12291e+007, 9.38662e+006, 4.06158e+007, 1714, 5476.44, 973, 1472
571, 57018, 3.13144e+007, 9.39945e+006, 4.07139e+007, 1716, 5477.54, 973, 1472
572, 57118, 3.1197e+007, 9.38965e+006, 4.05867e+007, 1712, 5484.61, 973, 1472
573, 57218, 3.14099e+007, 9.45032e+006, 4.08602e+007, 1727, 5472.1, 973, 1472
574, 57318, 3.13056e+007, 9.38476e+006, 4.06904e+007, 1717, 5465.79, 973, 1472
575, 57418, 3.1357e+007, 9.40023e+006, 4.07572e+007, 1720, 5465.25, 973, 1473
576, 57518, 3.12442e+007, 9.37514e+006, 4.06193e+007, 1712, 5476.13, 973, 1473
577, 57618, 3.1246e+007, 9.3508e+006, 4.05968e+007, 1710, 5468.31, 973, 1472
578, 57718, 3.11768e+007, 9.35208e+006, 4.05289e+007, 1711, 5465.86, 973, 1472
579, 57818, 3.12806e+007, 9.38641e+006, 4.0667e+007, 1717, 5466.75, 973, 1472
580, 57918, 3.12248e+007, 9.37356e+006, 4.05984e+007, 1717, 5459.26, 973, 1472
581, 58018, 3.10813e+007, 9.29121e+006, 4.03725e+007, 1702, 5459, 973, 1472
582, 58118, 3.12183e+007, 9.35782e+006, 4.05761e+007, 1718, 5446.93, 973, 1472
583, 58218, 3.13106e+007, 9.39051e+006, 4.07012e+007, 1723, 5450.09, 973, 1472
584, 58318, 3.12821e+007, 9.33833e+006, 4.06205e+007, 1715, 5445.09, 973, 1472
585, 58418, 3.14286e+007, 9.40307e+006, 4.08317e+007, 1725, 5451.05, 973, 1472
586, 58518, 3.14357e+007, 9.403e+006, 4.08387e+007, 1727, 5444.7, 973, 1472
587, 58618, 3.11164e+007, 9.30055e+006, 4.0417e+007, 1706, 5451.67, 973, 1472
588, 58718, 3.11028e+007, 9.28891e+006, 4.03917e+007, 1708, 5438.47, 973, 1472
589, 58818, 3.12632e+007, 9.36346e+006, 4.06266e+007, 1719, 5447.04, 973, 1472
590, 58918, 3.12973e+007, 9.34447e+006, 4.06418e+007, 1716, 5445.49, 973, 1472
591, 59018, 3.13095e+007, 9.32929e+006, 4.06388e+007, 1715, 5439.82, 973, 1472
592, 59118, 3.12426e+007, 9.29383e+006, 4.05365e+007, 1712, 5428.64, 973, 1472
593, 59218, 3.12726e+007, 9.31558e+006, 4.05882e+007, 1713, 5438.17, 973, 1472
594, 59318, 3.13395e+007, 9.32883e+006, 4.06683e+007, 1717, 5433.22, 973, 1472
595, 59418, 3.09304e+007, 9.18703e+006, 4.01174e+007, 1695, 5420.07, 973, 1472
596, 59518, 3.12469e+007, 9.27563e+006, 4.05226e+007, 1711, 5421.18, 973, 1472
597, 59619, 3.11694e+007, 9.29015e+006, 4.04595e+007, 1710, 5432.83, 973, 1472
598, 59718, 3.09591e+007, 9.20426e+006, 4.01634e+007, 1696, 5427.04, 973, 1472
599, 59818, 3.11068e+007, 9.28519e+006, 4.0392e+007, 1712, 5423.59, 973, 1472
600, 59918, 3.1169e+007, 9.2846e+006, 4.04536e+007, 1712, 5423.25, 973, 1472