2, 100, 1.16808e+008, 2.6788e+007, 1.43596e+008, 3341, 8017.95, 1082, 1276
3, 200, 1.15616e+008, 2.6451e+007, 1.42067e+008, 3319, 7969.56, 1082, 1277
4, 300, 1.14062e+008, 2.59308e+007, 1.39992e+008, 3273, 7922.63, 1082, 1275
5, 400, 1.1375e+008, 2.57448e+007, 1.39495e+008, 3267, 7880.25, 1083, 1277
6, 500, 1.12815e+008, 2.55871e+007, 1.38402e+008, 3248, 7877.8, 1082, 1276
7, 600, 1.13335e+008, 2.55376e+007, 1.38872e+008, 3256, 7843.24, 1082, 1276
8, 700, 1.13577e+008, 2.53638e+007, 1.38941e+008, 3254, 7794.65, 1083, 1276
9, 800, 1.12827e+008, 2.50856e+007, 1.37913e+008, 3227, 7773.67, 1083, 1276
10, 900, 1.12958e+008, 2.50767e+007, 1.38035e+008, 3232, 7758.88, 1083, 1276
11, 1000, 1.12979e+008, 2.51146e+007, 1.38093e+008, 3232, 7770.61, 1082, 1276
12, 1100, 1.13158e+008, 2.51761e+007, 1.38334e+008, 3243, 7763.22, 1082, 1276
13, 1200, 1.13563e+008, 2.50036e+007, 1.38567e+008, 3246, 7702.89, 1083, 1276
14, 1300, 1.13958e+008, 2.51564e+007, 1.39115e+008, 3262, 7711.97, 1083, 1277
15, 1400, 1.13529e+008, 2.49363e+007, 1.38466e+008, 3244, 7686.9, 1083, 1277
16, 1500, 1.14176e+008, 2.49766e+007, 1.39153e+008, 3259, 7663.89, 1083, 1276
17, 1600, 1.13629e+008, 2.4725e+007, 1.38354e+008, 3232, 7650.06, 1083, 1276
18, 1700, 1.13828e+008, 2.48271e+007, 1.38655e+008, 3237, 7669.77, 1082, 1276
19, 1800, 1.14297e+008, 2.49046e+007, 1.39202e+008, 3251, 7660.6, 1082, 1276
20, 1900, 1.13862e+008, 2.47195e+007, 1.38581e+008, 3232, 7648.35, 1082, 1276
21, 2000, 1.14118e+008, 2.46455e+007, 1.38763e+008, 3234, 7620.74, 1082, 1275
22, 2100, 1.1414e+008, 2.46195e+007, 1.38759e+008, 3236, 7608, 1082, 1275
23, 2200, 1.13636e+008, 2.44589e+007, 1.38094e+008, 3216, 7605.38, 1082, 1275
24, 2300, 1.1424e+008, 2.4545e+007, 1.38785e+008, 3239, 7577.96, 1082, 1275
25, 2410, 1.14722e+008, 2.45879e+007, 1.3931e+008, 3247, 7572.5, 1082, 1275
26, 2500, 1.14477e+008, 2.4555e+007, 1.39032e+008, 3243, 7571.71, 1082, 1275
27, 2600, 1.14997e+008, 2.45571e+007, 1.39554e+008, 3255, 7544.43, 1083, 1276
28, 2700, 1.15122e+008, 2.46229e+007, 1.39745e+008, 3261, 7550.72, 1082, 1275
29, 2800, 1.14898e+008, 2.44864e+007, 1.39385e+008, 3247, 7541.24, 1082, 1275
30, 2900, 1.14314e+008, 2.4223e+007, 1.38537e+008, 3228, 7504.03, 1083, 1276
31, 3000, 1.15124e+008, 2.45148e+007, 1.39639e+008, 3258, 7524.48, 1082, 1276
32, 3100, 1.15167e+008, 2.43971e+007, 1.39564e+008, 3259, 7486.08, 1083, 1276
33, 3200, 1.14539e+008, 2.42882e+007, 1.38827e+008, 3237, 7503.32, 1082, 1276
34, 3300, 1.14744e+008, 2.42116e+007, 1.38955e+008, 3237, 7479.63, 1082, 1275
35, 3400, 1.14429e+008, 2.4113e+007, 1.38542e+008, 3227, 7472.27, 1082, 1275
36, 3500, 1.15285e+008, 2.42772e+007, 1.39562e+008, 3258, 7451.58, 1082, 1275
37, 3600, 1.15213e+008, 2.40172e+007, 1.3923e+008, 3236, 7421.88, 1083, 1275
38, 3700, 1.15193e+008, 2.41412e+007, 1.39335e+008, 3246, 7437.22, 1082, 1275
39, 3800, 1.15372e+008, 2.39516e+007, 1.39323e+008, 3235, 7403.9, 1083, 1275
40, 3900, 1.15395e+008, 2.40105e+007, 1.39405e+008, 3238, 7415.22, 1082, 1275
41, 4000, 1.15675e+008, 2.39736e+007, 1.39649e+008, 3242, 7394.69, 1082, 1275
42, 4100, 1.16448e+008, 2.40741e+007, 1.40523e+008, 3267, 7368.88, 1083, 1276
43, 4200, 1.16474e+008, 2.4004e+007, 1.40478e+008, 3261, 7360.93, 1083, 1276
44, 4300, 1.1695e+008, 2.40236e+007, 1.40973e+008, 3269, 7348.91, 1083, 1276
45, 4400, 1.16338e+008, 2.3879e+007, 1.40217e+008, 3252, 7342.85, 1083, 1276
46, 4500, 1.16968e+008, 2.38844e+007, 1.40852e+008, 3262, 7322.01, 1083, 1276
47, 4600, 1.16586e+008, 2.38978e+007, 1.40484e+008, 3259, 7332.86, 1083, 1276
48, 4700, 1.17148e+008, 2.40428e+007, 1.41191e+008, 3280, 7330.12, 1083, 1276
49, 4800, 1.16893e+008, 2.38534e+007, 1.40747e+008, 3267, 7301.3, 1083, 1276
50, 4900, 1.17065e+008, 2.38751e+007, 1.4094e+008, 3270, 7301.25, 1083, 1276
51, 5000, 1.16708e+008, 2.36571e+007, 1.40365e+008, 3256, 7265.69, 1083, 1275
52, 5100, 1.1733e+008, 2.38356e+007, 1.41166e+008, 3275, 7278.04, 1083, 1275
53, 5200, 1.17597e+008, 2.3849e+007, 1.41446e+008, 3283, 7264.4, 1083, 1275
54, 5300, 1.17287e+008, 2.37403e+007, 1.41027e+008, 3269, 7262.26, 1083, 1275
55, 5400, 1.18018e+008, 2.38927e+007, 1.41911e+008, 3294, 7253.39, 1083, 1276
56, 5500, 1.17634e+008, 2.37339e+007, 1.41368e+008, 3272, 7253.64, 1083, 1276
57, 5600, 1.1836e+008, 2.38439e+007, 1.42204e+008, 3292, 7242.97, 1083, 1276
58, 5700, 1.19025e+008, 2.39635e+007, 1.42989e+008, 3309, 7241.9, 1083, 1276
59, 5800, 1.18922e+008, 2.38553e+007, 1.42777e+008, 3304, 7220.14, 1083, 1276
60, 5900, 1.19159e+008, 2.38428e+007, 1.43002e+008, 3306, 7211.98, 1083, 1275
61, 6000, 1.1849e+008, 2.36626e+007, 1.42153e+008, 3284, 7205.42, 1083, 1276
62, 6100, 1.18164e+008, 2.35757e+007, 1.4174e+008, 3279, 7189.92, 1083, 1275
63, 6200, 1.18081e+008, 2.35533e+007, 1.41635e+008, 3280, 7180.88, 1083, 1275
64, 6300, 1.17873e+008, 2.34711e+007, 1.41345e+008, 3275, 7166.76, 1083, 1275
65, 6400, 1.18438e+008, 2.35929e+007, 1.42031e+008, 3293, 7164.55, 1083, 1276
66, 6500, 1.17421e+008, 2.33481e+007, 1.40769e+008, 3261, 7159.79, 1083, 1276
67, 6600, 1.17193e+008, 2.33476e+007, 1.4054e+008, 3258, 7166.25, 1083, 1277
68, 6700, 1.17425e+008, 2.33755e+007, 1.408e+008, 3273, 7141.92, 1083, 1276
69, 6799, 1.16785e+008, 2.31761e+007, 1.39961e+008, 3241, 7150.92, 1082, 1275
70, 6899, 1.17409e+008, 2.32878e+007, 1.40696e+008, 3258, 7147.88, 1082, 1275
71, 6999, 1.17441e+008, 2.32685e+007, 1.4071e+008, 3262, 7133.21, 1082, 1275
72, 7099, 1.17177e+008, 2.31396e+007, 1.40317e+008, 3247, 7126.44, 1082, 1275
73, 7199, 1.1825e+008, 2.32497e+007, 1.41499e+008, 3277, 7094.82, 1083, 1275
74, 7299, 1.18337e+008, 2.3197e+007, 1.41534e+008, 3272, 7089.56, 1083, 1275
75, 7409, 1.18301e+008, 2.30885e+007, 1.4139e+008, 3263, 7075.85, 1083, 1275
76, 7499, 1.1873e+008, 2.32184e+007, 1.41948e+008, 3282, 7074.47, 1083, 1275
77, 7599, 1.1833e+008, 2.30453e+007, 1.41376e+008, 3264, 7060.44, 1083, 1275
78, 7699, 1.18363e+008, 2.30415e+007, 1.41405e+008, 3266, 7054.97, 1083, 1275
79, 7799, 1.18908e+008, 2.31196e+007, 1.42028e+008, 3282, 7044.35, 1083, 1275
80, 7899, 1.18723e+008, 2.30753e+007, 1.41798e+008, 3275, 7045.9, 1083, 1275
81, 7999, 1.18823e+008, 2.30089e+007, 1.41832e+008, 3275, 7025.61, 1083, 1275
82, 8109, 1.18975e+008, 2.30394e+007, 1.42015e+008, 3282, 7019.93, 1083, 1275
83, 8209, 1.18869e+008, 2.2943e+007, 1.41812e+008, 3272, 7011.91, 1083, 1275
84, 8309, 1.18978e+008, 2.2904e+007, 1.41882e+008, 3274, 6995.72, 1083, 1275
85, 8409, 1.19428e+008, 2.30224e+007, 1.4245e+008, 3291, 6995.57, 1083, 1275
86, 8499, 1.18875e+008, 2.2928e+007, 1.41803e+008, 3271, 7009.49, 1083, 1276
87, 8609, 1.19011e+008, 2.28988e+007, 1.4191e+008, 3276, 6989.88, 1083, 1276
88, 8709, 1.19119e+008, 2.28107e+007, 1.4193e+008, 3272, 6971.5, 1083, 1275
89, 8799, 1.18914e+008, 2.27918e+007, 1.41706e+008, 3271, 6967.83, 1083, 1275
90, 8909, 1.19151e+008, 2.2768e+007, 1.41919e+008, 3273, 6956.31, 1083, 1275
91, 8999, 1.18853e+008, 2.26781e+007, 1.41531e+008, 3263, 6950.08, 1083, 1275
92, 9109, 1.18917e+008, 2.27057e+007, 1.41622e+008, 3271, 6941.52, 1083, 1275
93, 9209, 1.19635e+008, 2.289e+007, 1.42525e+008, 3297, 6942.66, 1083, 1276
94, 9309, 1.19147e+008, 2.27282e+007, 1.41875e+008, 3273, 6944.16, 1083, 1276
95, 9409, 1.19341e+008, 2.27086e+007, 1.42049e+008, 3282, 6919.13, 1084, 1277
96, 9509, 1.19489e+008, 2.26393e+007, 1.42128e+008, 3284, 6893.81, 1084, 1276
97, 9609, 1.19378e+008, 2.27047e+007, 1.42083e+008, 3283, 6915.85, 1083, 1275
98, 9709, 1.19432e+008, 2.26292e+007, 1.42061e+008, 3280, 6899.15, 1083, 1275
99, 9809, 1.18938e+008, 2.24101e+007, 1.41348e+008, 3254, 6886.92, 1083, 1275
100, 9909, 1.1502e+008, 1.98494e+007, 1.34869e+008, 3132, 6337.6, 1083, 1275
101, 10009, 1.1464e+008, 1.94287e+007, 1.34069e+008, 3117, 6233.15, 1083, 1275
102, 10109, 1.14497e+008, 1.92017e+007, 1.33699e+008, 3107, 6180.13, 1083, 1275
103, 10209, 1.13631e+008, 1.88894e+007, 1.32521e+008, 3080, 6132.94, 1083, 1275
104, 10309, 1.13405e+008, 1.87114e+007, 1.32116e+008, 3073, 6088.97, 1083, 1275
105, 10409, 1.13544e+008, 1.86486e+007, 1.32192e+008, 3079, 6056.7, 1083, 1275
106, 10509, 1.13275e+008, 1.84166e+007, 1.31692e+008, 3064, 6010.63, 1083, 1275
107, 10609, 1.13053e+008, 1.82778e+007, 1.31331e+008, 3060, 5973.14, 1083, 1275
108, 10709, 1.13412e+008, 1.83918e+007, 1.31804e+008, 3081, 5969.43, 1083, 1276
109, 10809, 1.12938e+008, 1.81195e+007, 1.31058e+008, 3058, 5925.28, 1083, 1275
110, 10909, 1.12955e+008, 1.80817e+007, 1.31037e+008, 3064, 5901.33, 1083, 1275
111, 11009, 1.12687e+008, 1.78944e+007, 1.30582e+008, 3050, 5867.01, 1083, 1274
112, 11109, 1.1306e+008, 1.78272e+007, 1.30887e+008, 3057, 5831.61, 1083, 1273
113, 11209, 1.12488e+008, 1.76325e+007, 1.3012e+008, 3042, 5796.36, 1083, 1272
114, 11309, 1.12074e+008, 1.74043e+007, 1.29478e+008, 3024, 5755.4, 1083, 1271
115, 11409, 1.12585e+008, 1.7446e+007, 1.30031e+008, 3047, 5725.64, 1083, 1270
116, 11509, 1.12482e+008, 1.72917e+007, 1.29773e+008, 3037, 5693.69, 1083, 1269
117, 11609, 1.12378e+008, 1.71458e+007, 1.29524e+008, 3032, 5654.94, 1083, 1268
118, 11709, 1.12555e+008, 1.70694e+007, 1.29624e+008, 3034, 5626.03, 1083, 1267
119, 11809, 1.12775e+008, 1.70444e+007, 1.2982e+008, 3044, 5599.35, 1083, 1266
120, 11909, 1.12417e+008, 1.69278e+007, 1.29345e+008, 3034, 5579.35, 1083, 1265
121, 12009, 1.12326e+008, 1.68165e+007, 1.29142e+008, 3033, 5544.5, 1083, 1264
122, 12109, 1.11861e+008, 1.66455e+007, 1.28506e+008, 3018, 5515.42, 1083, 1263
123, 12209, 1.11889e+008, 1.65437e+007, 1.28433e+008, 3016, 5485.3, 1083, 1262
124, 12309, 1.12118e+008, 1.65862e+007, 1.28704e+008, 3029, 5475.79, 1083, 1261
125, 12409, 1.12528e+008, 1.65326e+007, 1.2906e+008, 3034, 5449.11, 1083, 1260
126, 12509, 1.13229e+008, 1.64837e+007, 1.29713e+008, 3050, 5404.48, 1084, 1259
127, 12610, 1.12863e+008, 1.635e+007, 1.29213e+008, 3036, 5385.38, 1084, 1258
128, 12710, 1.13767e+008, 1.64686e+007, 1.30236e+008, 3060, 5381.91, 1084, 1258
129, 12810, 1.13226e+008, 1.62847e+007, 1.29511e+008, 3041, 5355.06, 1084, 1256
130, 12910, 1.14011e+008, 1.64138e+007, 1.30425e+008, 3065, 5355.23, 1083, 1255
131, 13010, 1.1382e+008, 1.62888e+007, 1.30109e+008, 3048, 5344.1, 1083, 1254
132, 13110, 1.14501e+008, 1.6356e+007, 1.30857e+008, 3073, 5322.48, 1083, 1252
133, 13210, 1.1384e+008, 1.61457e+007, 1.29985e+008, 3046, 5300.61, 1083, 1251
134, 13310, 1.14316e+008, 1.61888e+007, 1.30505e+008, 3074, 5266.35, 1084, 1250
135, 13410, 1.13482e+008, 1.60682e+007, 1.29551e+008, 3051, 5266.52, 1083, 1248
136, 13510, 1.13994e+008, 1.61372e+007, 1.30131e+008, 3071, 5254.7, 1083, 1247
137, 13610, 1.14331e+008, 1.6113e+007, 1.30444e+008, 3080, 5231.48, 1083, 1246
138, 13710, 1.1378e+008, 1.59202e+007, 1.297e+008, 3065, 5194.2, 1084, 1245
139, 13810, 1.13308e+008, 1.58139e+007, 1.29122e+008, 3048, 5188.27, 1083, 1244
140, 13910, 1.145e+008, 1.60216e+007, 1.30522e+008, 3091, 5183.29, 1083, 1243
141, 14010, 1.13465e+008, 1.57598e+007, 1.29225e+008, 3056, 5156.99, 1084, 1242
142, 14110, 1.13966e+008, 1.57718e+007, 1.29738e+008, 3077, 5125.69, 1084, 1240
143, 14210, 1.13235e+008, 1.57027e+007, 1.28938e+008, 3056, 5138.32, 1083, 1239
144, 14310, 1.13064e+008, 1.56641e+007, 1.28728e+008, 3056, 5125.68, 1083, 1237
145, 14410, 1.1332e+008, 1.56258e+007, 1.28946e+008, 3059, 5108.14, 1083, 1236
146, 14510, 1.1359e+008, 1.56427e+007, 1.29233e+008, 3067, 5100.32, 1083, 1234
147, 14610, 1.13352e+008, 1.56212e+007, 1.28973e+008, 3065, 5096.65, 1083, 1233
148, 14710, 1.13223e+008, 1.5557e+007, 1.2878e+008, 3058, 5087.31, 1083, 1232
149, 14810, 1.12525e+008, 1.54166e+007, 1.27941e+008, 3039, 5072.92, 1083, 1230
150, 14910, 1.12577e+008, 1.54401e+007, 1.28017e+008, 3046, 5068.97, 1083, 1229
151, 15010, 1.12581e+008, 1.53706e+007, 1.27951e+008, 3042, 5052.8, 1083, 1227
152, 15110, 1.13433e+008, 1.54918e+007, 1.28925e+008, 3075, 5037.99, 1083, 1226
153, 15210, 1.11765e+008, 1.5201e+007, 1.26966e+008, 3022, 5030.1, 1083, 1225
154, 15310, 1.12966e+008, 1.53383e+007, 1.28304e+008, 3066, 5002.7, 1083, 1223
155, 15410, 1.11593e+008, 1.51131e+007, 1.26707e+008, 3022, 5001.04, 1083, 1222
156, 15510, 1.11458e+008, 1.50468e+007, 1.26505e+008, 3018, 4985.69, 1083, 1220
157, 15610, 1.11513e+008, 1.50402e+007, 1.26553e+008, 3023, 4975.27, 1083, 1219
158, 15710, 1.11238e+008, 1.50211e+007, 1.26259e+008, 3020, 4973.87, 1083, 1218
159, 15810, 1.10628e+008, 1.49142e+007, 1.25543e+008, 3004, 4964.79, 1083, 1216
160, 15910, 1.10401e+008, 1.48575e+007, 1.25258e+008, 3001, 4950.84, 1083, 1215
161, 16010, 1.09878e+008, 1.47681e+007, 1.24646e+008, 2984, 4949.11, 1083, 1213
162, 16110, 1.0896e+008, 1.45579e+007, 1.23518e+008, 2954, 4928.19, 1083, 1212
163, 16210, 1.0925e+008, 1.46311e+007, 1.23882e+008, 2975, 4918.01, 1083, 1210
164, 16310, 1.08142e+008, 1.44426e+007, 1.22584e+008, 2942, 4909.12, 1083, 1209
165, 16410, 1.07668e+008, 1.43579e+007, 1.22026e+008, 2928, 4903.66, 1083, 1208
166, 16510, 1.07207e+008, 1.42814e+007, 1.21489e+008, 2918, 4894.25, 1083, 1206
167, 16610, 1.06613e+008, 1.41723e+007, 1.20786e+008, 2901, 4885.33, 1083, 1205
168, 16710, 1.0646e+008, 1.41454e+007, 1.20606e+008, 2898, 4881.08, 1083, 1203
169, 16804, 1.06272e+008, 1.40817e+007, 1.20353e+008, 2893, 4867.51, 1083, 1202
170, 16904, 1.0555e+008, 1.40065e+007, 1.19557e+008, 2881, 4861.68, 1083, 1201
171, 17004, 1.04957e+008, 1.39019e+007, 1.18859e+008, 2865, 4852.31, 1083, 1199
172, 17104, 1.04519e+008, 1.37878e+007, 1.18306e+008, 2850, 4837.82, 1083, 1198
173, 17204, 1.04368e+008, 1.37777e+007, 1.18145e+008, 2847, 4839.36, 1083, 1196
174, 17304, 1.03858e+008, 1.3719e+007, 1.17577e+008, 2834, 4840.87, 1083, 1195
175, 17404, 1.02997e+008, 1.35875e+007, 1.16584e+008, 2811, 4833.69, 1083, 1193
176, 17504, 1.02187e+008, 1.34145e+007, 1.15602e+008, 2783, 4820.17, 1083, 1192
177, 17604, 1.02184e+008, 1.34212e+007, 1.15606e+008, 2782, 4824.31, 1083, 1190
178, 17704, 1.01374e+008, 1.32526e+007, 1.14627e+008, 2754, 4812.13, 1083, 1189
179, 17804, 1.01073e+008, 1.32354e+007, 1.14309e+008, 2750, 4812.87, 1083, 1187
180, 17904, 1.00983e+008, 1.32149e+007, 1.14198e+008, 2750, 4805.4, 1083, 1186
181, 18004, 1.00052e+008, 1.3064e+007, 1.13116e+008, 2717, 4808.25, 1083, 1185
182, 18104, 1.00587e+008, 1.31386e+007, 1.13726e+008, 2735, 4803.86, 1083, 1183
183, 18204, 9.98493e+007, 1.30544e+007, 1.12904e+008, 2718, 4802.94, 1083, 1182
184, 18304, 9.91274e+007, 1.29513e+007, 1.12079e+008, 2694, 4807.47, 1083, 1180
185, 18404, 9.89653e+007, 1.29995e+007, 1.11965e+008, 2694, 4825.37, 1082, 1178
186, 18504, 9.77981e+007, 1.27909e+007, 1.10589e+008, 2655, 4817.68, 1082, 1176
187, 18604, 9.74079e+007, 1.2849e+007, 1.10257e+008, 2650, 4848.66, 1081, 1174
188, 18704, 9.69776e+007, 1.27666e+007, 1.09744e+008, 2635, 4845, 1081, 1173
189, 18804, 9.6567e+007, 1.27043e+007, 1.09271e+008, 2622, 4845.27, 1081, 1172
190, 18904, 9.64331e+007, 1.27679e+007, 1.09201e+008, 2621, 4871.39, 1080, 1171
191, 19004, 9.6632e+007, 1.27874e+007, 1.09419e+008, 2630, 4862.15, 1080, 1170
192, 19104, 9.62179e+007, 1.26863e+007, 1.08904e+008, 2616, 4849.52, 1080, 1169
193, 19204, 9.64032e+007, 1.27464e+007, 1.0915e+008, 2626, 4853.91, 1080, 1169
194, 19304, 9.60133e+007, 1.26599e+007, 1.08673e+008, 2613, 4844.98, 1080, 1169
195, 19404, 9.60521e+007, 1.26242e+007, 1.08676e+008, 2609, 4838.71, 1080, 1169
196, 19504, 9.62774e+007, 1.26953e+007, 1.08973e+008, 2614, 4856.65, 1079, 1170
197, 19604, 9.97849e+007, 1.27735e+007, 1.12558e+008, 2680, 4766.23, 1080, 1179
198, 19704, 1.01109e+008, 1.28094e+007, 1.13919e+008, 2705, 4735.46, 1080, 1181
199, 19804, 1.00751e+008, 1.26079e+007, 1.13359e+008, 2686, 4693.91, 1081, 1182
200, 19904, 1.0115e+008, 1.26898e+007, 1.1384e+008, 2701, 4698.2, 1080, 1181
201, 20004, 1.01179e+008, 1.26428e+007, 1.13821e+008, 2703, 4677.32, 1081, 1181
202, 20104, 1.00604e+008, 1.25362e+007, 1.13141e+008, 2689, 4662.05, 1081, 1180
203, 20204, 1.00402e+008, 1.24889e+007, 1.12891e+008, 2677, 4665.25, 1081, 1180
204, 20304, 9.99787e+007, 1.24143e+007, 1.12393e+008, 2669, 4651.29, 1081, 1179
205, 20404, 1.00098e+008, 1.24049e+007, 1.12503e+008, 2674, 4639.08, 1081, 1178
206, 20504, 9.87775e+007, 1.22229e+007, 1.11e+008, 2638, 4633.4, 1081, 1177
207, 20614, 9.87542e+007, 1.22219e+007, 1.10976e+008, 2635, 4638.3, 1081, 1176
208, 20704, 9.96513e+007, 1.23037e+007, 1.11955e+008, 2659, 4627.18, 1081, 1176
209, 20804, 9.85543e+007, 1.2164e+007, 1.10718e+008, 2634, 4618.06, 1081, 1176
210, 20904, 9.77547e+007, 1.20498e+007, 1.09805e+008, 2615, 4607.97, 1081, 1175
211, 21004, 9.82139e+007, 1.21225e+007, 1.10336e+008, 2631, 4607.57, 1081, 1174
212, 21104, 9.79903e+007, 1.21153e+007, 1.10106e+008, 2629, 4608.35, 1081, 1173
213, 21204, 9.67666e+007, 1.1936e+007, 1.08703e+008, 2591, 4606.72, 1081, 1172
214, 21304, 9.68627e+007, 1.19698e+007, 1.08833e+008, 2601, 4601.98, 1081, 1171
215, 21404, 9.6462e+007, 1.19422e+007, 1.08404e+008, 2592, 4607.35, 1081, 1169
216, 21504, 9.62962e+007, 1.19234e+007, 1.0822e+008, 2586, 4610.73, 1081, 1168
217, 21604, 9.60628e+007, 1.19049e+007, 1.07968e+008, 2579, 4616.08, 1081, 1167
218, 21704, 9.58679e+007, 1.18837e+007, 1.07752e+008, 2581, 4604.3, 1081, 1166
219, 21804, 9.60814e+007, 1.1905e+007, 1.07986e+008, 2584, 4607.2, 1081, 1165
220, 21904, 9.50861e+007, 1.17687e+007, 1.06855e+008, 2555, 4606.13, 1081, 1165
221, 22004, 9.52787e+007, 1.18125e+007, 1.07091e+008, 2564, 4607.05, 1081, 1163
222, 22104, 9.47818e+007, 1.17089e+007, 1.06491e+008, 2547, 4597.13, 1081, 1163
223, 22204, 9.42463e+007, 1.16236e+007, 1.0587e+008, 2530, 4594.31, 1081, 1162
224, 22304, 9.42227e+007, 1.16644e+007, 1.05887e+008, 2534, 4603.17, 1081, 1161
225, 22404, 9.44094e+007, 1.16747e+007, 1.06084e+008, 2539, 4598.14, 1081, 1161
226, 22504, 9.43214e+007, 1.15609e+007, 1.05882e+008, 2530, 4569.51, 1082, 1160
227, 22604, 9.46839e+007, 1.16739e+007, 1.06358e+008, 2543, 4590.6, 1081, 1160
228, 22704, 9.45648e+007, 1.15702e+007, 1.06135e+008, 2535, 4564.17, 1082, 1160
229, 22804, 9.46099e+007, 1.15777e+007, 1.06188e+008, 2538, 4561.74, 1082, 1159
230, 22904, 9.38234e+007, 1.14734e+007, 1.05297e+008, 2520, 4552.93, 1082, 1158
231, 23004, 9.36963e+007, 1.14544e+007, 1.05151e+008, 2518, 4549.02, 1082, 1157
232, 23104, 9.2891e+007, 1.13971e+007, 1.04288e+008, 2498, 4562.47, 1082, 1155
233, 23204, 9.27064e+007, 1.13631e+007, 1.04069e+008, 2495, 4554.33, 1082, 1154
234, 23304, 9.19908e+007, 1.12721e+007, 1.03263e+008, 2474, 4556.21, 1082, 1153
235, 23404, 9.15349e+007, 1.12045e+007, 1.02739e+008, 2462, 4550.99, 1082, 1152
236, 23504, 9.07985e+007, 1.10904e+007, 1.01889e+008, 2439, 4547.1, 1082, 1151
237, 23604, 9.12066e+007, 1.11182e+007, 1.02325e+008, 2453, 4532.47, 1083, 1149
238, 23704, 9.15414e+007, 1.11229e+007, 1.02664e+008, 2462, 4517.85, 1084, 1147
239, 23814, 9.09669e+007, 1.09853e+007, 1.01952e+008, 2448, 4487.45, 1085, 1146
240, 23904, 9.11527e+007, 1.10595e+007, 1.02212e+008, 2461, 4493.92, 1085, 1145
241, 24004, 9.07477e+007, 1.1028e+007, 1.01776e+008, 2454, 4493.9, 1085, 1144
242, 24104, 9.1178e+007, 1.10478e+007, 1.02226e+008, 2469, 4474.59, 1086, 1142
243, 24204, 8.99744e+007, 1.0889e+007, 1.00863e+008, 2438, 4466.35, 1086, 1141
244, 24304, 8.98838e+007, 1.09016e+007, 1.00785e+008, 2439, 4469.71, 1086, 1140
245, 24404, 8.98279e+007, 1.09273e+007, 1.00755e+008, 2445, 4469.26, 1086, 1139
246, 24504, 8.96143e+007, 1.08364e+007, 1.00451e+008, 2440, 4441.16, 1087, 1138
247, 24604, 9.00766e+007, 1.08936e+007, 1.0097e+008, 2456, 4435.52, 1087, 1136
248, 24704, 8.97284e+007, 1.08906e+007, 1.00619e+008, 2455, 4436.08, 1087, 1135
249, 24804, 8.91899e+007, 1.08027e+007, 9.99926e+007, 2437, 4432.8, 1087, 1134
250, 24904, 8.84117e+007, 1.07114e+007, 9.91231e+007, 2415, 4435.38, 1087, 1133
251, 25004, 8.91209e+007, 1.08393e+007, 9.99602e+007, 2443, 4436.88, 1087, 1131
252, 25104, 8.78851e+007, 1.0664e+007, 9.85491e+007, 2407, 4430.43, 1087, 1130
253, 25204, 8.81176e+007, 1.06733e+007, 9.87909e+007, 2420, 4410.46, 1088, 1129
254, 25304, 8.8298e+007, 1.07204e+007, 9.90185e+007, 2431, 4409.89, 1088, 1128
255, 25404, 8.81377e+007, 1.06392e+007, 9.87769e+007, 2423, 4390.91, 1088, 1126
256, 25504, 8.76009e+007, 1.06272e+007, 9.8228e+007, 2412, 4405.95, 1088, 1126
257, 25604, 8.74071e+007, 1.06054e+007, 9.80125e+007, 2411, 4398.76, 1088, 1124
258, 25704, 8.72697e+007, 1.05865e+007, 9.78563e+007, 2409, 4394.57, 1088, 1123
259, 25804, 8.72706e+007, 1.06545e+007, 9.79251e+007, 2423, 4397.23, 1088, 1122
260, 25904, 8.76433e+007, 1.07204e+007, 9.83637e+007, 2438, 4397.21, 1088, 1121
261, 26004, 8.66282e+007, 1.05195e+007, 9.71477e+007, 2407, 4370.38, 1089, 1119
262, 26104, 8.66015e+007, 1.05384e+007, 9.71399e+007, 2415, 4363.73, 1089, 1118
263, 26204, 8.63534e+007, 1.05172e+007, 9.68705e+007, 2413, 4358.55, 1089, 1117
264, 26304, 8.64805e+007, 1.05649e+007, 9.70454e+007, 2420, 4365.66, 1089, 1116
265, 26404, 8.5748e+007, 1.04758e+007, 9.62238e+007, 2405, 4355.84, 1089, 1115
266, 26504, 8.54898e+007, 1.05112e+007, 9.60011e+007, 2402, 4376.04, 1088, 1113
267, 26604, 8.51833e+007, 1.04631e+007, 9.56464e+007, 2392, 4374.2, 1088, 1115
268, 26704, 8.53692e+007, 1.05335e+007, 9.59026e+007, 2403, 4383.47, 1088, 1114
269, 26810, 8.49175e+007, 1.04682e+007, 9.53856e+007, 2393, 4374.5, 1088, 1114
270, 26910, 8.43927e+007, 1.041e+007, 9.48027e+007, 2381, 4372.12, 1088, 1113
271, 27010, 8.41889e+007, 1.04303e+007, 9.46193e+007, 2385, 4373.31, 1088, 1112
272, 27110, 8.36364e+007, 1.03742e+007, 9.40107e+007, 2375, 4368.1, 1088, 1111
273, 27210, 8.29663e+007, 1.03248e+007, 9.32911e+007, 2363, 4369.35, 1088, 1110
274, 27310, 8.22518e+007, 1.01486e+007, 9.24005e+007, 2343, 4331.48, 1089, 1109
275, 27410, 8.26373e+007, 1.03208e+007, 9.29581e+007, 2364, 4365.83, 1088, 1109
276, 27510, 8.20937e+007, 1.02441e+007, 9.23378e+007, 2354, 4351.76, 1088, 1108
277, 27610, 8.24352e+007, 1.02347e+007, 9.26698e+007, 2365, 4327.55, 1089, 1107
278, 27710, 8.23137e+007, 1.02337e+007, 9.25474e+007, 2364, 4328.98, 1089, 1107
279, 27810, 8.14129e+007, 1.01255e+007, 9.15384e+007, 2337, 4332.69, 1089, 1106
280, 27910, 8.10248e+007, 1.00907e+007, 9.11155e+007, 2331, 4328.91, 1089, 1105
281, 28010, 8.11725e+007, 1.01463e+007, 9.13188e+007, 2345, 4326.79, 1089, 1104
282, 28110, 8.08875e+007, 1.01116e+007, 9.09991e+007, 2339, 4323.03, 1089, 1103
283, 28210, 8.10649e+007, 1.01712e+007, 9.12362e+007, 2354, 4320.83, 1089, 1102
284, 28310, 8.02907e+007, 1.00743e+007, 9.0365e+007, 2330, 4323.72, 1089, 1101
285, 28410, 8.03569e+007, 1.00985e+007, 9.04554e+007, 2339, 4317.44, 1089, 1100
286, 28510, 7.94877e+007, 1.00205e+007, 8.95082e+007, 2319, 4321.03, 1089, 1099
287, 28610, 7.86412e+007, 9.912e+006, 8.85532e+007, 2297, 4315.19, 1089, 1099
288, 28710, 7.83849e+007, 9.88201e+006, 8.82669e+007, 2293, 4309.64, 1089, 1098
289, 28810, 7.83791e+007, 9.91081e+006, 8.82899e+007, 2298, 4312.8, 1089, 1097
290, 28910, 7.72072e+007, 9.74106e+006, 8.69483e+007, 2262, 4306.39, 1089, 1096
291, 29010, 7.76272e+007, 9.85816e+006, 8.74854e+007, 2284, 4316.18, 1089, 1096
292, 29110, 7.65836e+007, 9.73051e+006, 8.63142e+007, 2257, 4311.26, 1089, 1095
293, 29210, 7.55984e+007, 9.59639e+006, 8.51948e+007, 2228, 4307.18, 1089, 1094
294, 29310, 7.51225e+007, 9.48104e+006, 8.46036e+007, 2213, 4284.25, 1090, 1094
295, 29410, 7.44943e+007, 9.48076e+006, 8.39751e+007, 2199, 4311.4, 1089, 1093
296, 29510, 7.34339e+007, 9.26882e+006, 8.27028e+007, 2165, 4281.21, 1090, 1093
297, 29610, 7.35974e+007, 9.30228e+006, 8.28996e+007, 2177, 4272.98, 1090, 1092
298, 29710, 7.24783e+007, 9.16158e+006, 8.16399e+007, 2144, 4273.12, 1090, 1091
299, 29810, 7.11577e+007, 8.9995e+006, 8.01572e+007, 2105, 4275.3, 1090, 1091
300, 29910, 7.09742e+007, 9.17349e+006, 8.01477e+007, 2103, 4362.1, 1090, 1090
301, 30010, 7.19769e+007, 9.99198e+006, 8.19689e+007, 2138, 4673.52, 1090, 1090
302, 30110, 7.329e+007, 1.06506e+007, 8.39406e+007, 2189, 4865.5, 1090, 1089
303, 30210, 7.27618e+007, 1.09042e+007, 8.3666e+007, 2176, 5011.12, 1090, 1089
304, 30310, 7.25527e+007, 1.11483e+007, 8.3701e+007, 2173, 5130.36, 1090, 1089
305, 30410, 7.29136e+007, 1.14106e+007, 8.43242e+007, 2184, 5224.62, 1090, 1089
306, 30510, 7.26634e+007, 1.15325e+007, 8.41958e+007, 2182, 5285.27, 1090, 1089
307, 30610, 7.23152e+007, 1.15948e+007, 8.391e+007, 2172, 5338.31, 1090, 1089
308, 30710, 7.19217e+007, 1.16073e+007, 8.3529e+007, 2160, 5373.77, 1090, 1089
309, 30810, 7.15484e+007, 1.15245e+007, 8.30729e+007, 2150, 5360.23, 1091, 1090
310, 30910, 7.1436e+007, 1.15354e+007, 8.29714e+007, 2144, 5380.31, 1091, 1090
311, 31010, 7.11525e+007, 1.15479e+007, 8.27004e+007, 2138, 5401.27, 1091, 1090
312, 31110, 7.04947e+007, 1.14658e+007, 8.19605e+007, 2118, 5413.5, 1091, 1091
313, 31210, 7.08211e+007, 1.15305e+007, 8.23516e+007, 2129, 5415.91, 1091, 1091
314, 31310, 7.13143e+007, 1.16207e+007, 8.2935e+007, 2146, 5415.05, 1091, 1092
315, 31410, 7.14002e+007, 1.16457e+007, 8.30459e+007, 2152, 5411.59, 1091, 1092
316, 31510, 7.06976e+007, 1.14645e+007, 8.21621e+007, 2124, 5397.58, 1091, 1093
317, 31610, 7.11886e+007, 1.17128e+007, 8.29014e+007, 2149, 5450.36, 1090, 1093
318, 31710, 7.0845e+007, 1.1512e+007, 8.2357e+007, 2131, 5402.17, 1091, 1094
319, 31810, 7.12179e+007, 1.15383e+007, 8.27562e+007, 2137, 5399.28, 1091, 1095
320, 31910, 7.09409e+007, 1.16053e+007, 8.25462e+007, 2136, 5433.2, 1090, 1094
321, 32010, 7.04059e+007, 1.13934e+007, 8.17993e+007, 2110, 5399.7, 1091, 1096
322, 32110, 7.04987e+007, 1.142e+007, 8.19186e+007, 2117, 5394.41, 1091, 1097
323, 32210, 7.04743e+007, 1.13972e+007, 8.18715e+007, 2115, 5388.74, 1091, 1096
324, 32310, 7.07202e+007, 1.14537e+007, 8.21739e+007, 2128, 5382.37, 1091, 1097
325, 32410, 7.04147e+007, 1.13986e+007, 8.18134e+007, 2117, 5384.33, 1091, 1098
326, 32510, 7.09652e+007, 1.14287e+007, 8.23939e+007, 2129, 5368.09, 1091, 1098
327, 32610, 7.07447e+007, 1.13875e+007, 8.21321e+007, 2122, 5366.38, 1091, 1099
328, 32710, 7.06581e+007, 1.13772e+007, 8.20353e+007, 2120, 5366.6, 1091, 1102
329, 32810, 7.08166e+007, 1.13795e+007, 8.21961e+007, 2125, 5355.05, 1091, 1102
330, 32910, 7.06606e+007, 1.13519e+007, 8.20125e+007, 2120, 5354.65, 1091, 1103
331, 33010, 7.07924e+007, 1.13628e+007, 8.21552e+007, 2123, 5352.25, 1091, 1104
332, 33110, 7.09161e+007, 1.13652e+007, 8.22813e+007, 2125, 5348.31, 1091, 1105
333, 33210, 7.07194e+007, 1.1409e+007, 8.21284e+007, 2123, 5374.01, 1090, 1104
334, 33310, 7.12609e+007, 1.1484e+007, 8.27449e+007, 2138, 5371.39, 1090, 1105
335, 33410, 7.12507e+007, 1.13859e+007, 8.26366e+007, 2135, 5332.97, 1091, 1107
336, 33510, 7.14244e+007, 1.14021e+007, 8.28265e+007, 2139, 5330.58, 1091, 1108
337, 33610, 7.10257e+007, 1.13125e+007, 8.23382e+007, 2123, 5328.55, 1091, 1109
338, 33710, 7.13682e+007, 1.14423e+007, 8.28105e+007, 2134, 5361.89, 1090, 1107
339, 33810, 7.13388e+007, 1.13253e+007, 8.26641e+007, 2128, 5322.06, 1091, 1110
340, 33910, 7.12639e+007, 1.12965e+007, 8.25604e+007, 2126, 5313.49, 1091, 1111
341, 34010, 7.1691e+007, 1.13684e+007, 8.30594e+007, 2139, 5314.81, 1091, 1111
342, 34110, 7.19134e+007, 1.13843e+007, 8.32977e+007, 2147, 5302.42, 1091, 1112
343, 34210, 7.12646e+007, 1.12803e+007, 8.25449e+007, 2123, 5313.36, 1091, 1113
344, 34310, 7.12003e+007, 1.12252e+007, 8.24255e+007, 2115, 5307.43, 1091, 1114
345, 34410, 7.14924e+007, 1.12835e+007, 8.27759e+007, 2125, 5309.86, 1091, 1115
346, 34510, 7.19193e+007, 1.13405e+007, 8.32597e+007, 2138, 5304.24, 1091, 1115
347, 34610, 7.16969e+007, 1.12688e+007, 8.29657e+007, 2129, 5293, 1091, 1116
348, 34710, 7.26353e+007, 1.13953e+007, 8.40306e+007, 2153, 5292.75, 1091, 1117
349, 34810, 7.40052e+007, 1.1604e+007, 8.56092e+007, 2191, 5296.19, 1091, 1118
350, 34910, 7.40554e+007, 1.15661e+007, 8.56215e+007, 2188, 5286.16, 1091, 1119
351, 35010, 7.44652e+007, 1.161e+007, 8.60752e+007, 2196, 5286.89, 1091, 1119
352, 35110, 7.52644e+007, 1.1585e+007, 8.68494e+007, 2209, 5244.47, 1092, 1120
353, 35210, 7.66049e+007, 1.18139e+007, 8.84187e+007, 2251, 5248.28, 1092, 1121
354, 35310, 7.64171e+007, 1.16968e+007, 8.8114e+007, 2232, 5240.52, 1092, 1122
355, 35410, 7.77959e+007, 1.19234e+007, 8.97194e+007, 2277, 5236.47, 1092, 1122
356, 35510, 7.77533e+007, 1.1874e+007, 8.96273e+007, 2267, 5237.78, 1092, 1123
357, 35610, 7.80902e+007, 1.19114e+007, 9.00016e+007, 2271, 5244.99, 1092, 1124
358, 35710, 7.8574e+007, 1.19915e+007, 9.05655e+007, 2288, 5241.04, 1092, 1125
359, 35810, 7.99629e+007, 1.2182e+007, 9.2145e+007, 2326, 5237.33, 1092, 1125
360, 35910, 7.93365e+007, 1.20699e+007, 9.14064e+007, 2306, 5234.11, 1092, 1126
361, 36010, 7.94303e+007, 1.20654e+007, 9.14957e+007, 2307, 5229.9, 1092, 1127
362, 36110, 7.98702e+007, 1.21468e+007, 9.2017e+007, 2322, 5231.2, 1092, 1128
363, 36210, 8.06047e+007, 1.22263e+007, 9.2831e+007, 2340, 5224.92, 1092, 1128
364, 36310, 8.02684e+007, 1.21614e+007, 9.24298e+007, 2328, 5223.96, 1092, 1129
365, 36410, 8.03232e+007, 1.21518e+007, 9.2475e+007, 2327, 5222.09, 1092, 1130
366, 36510, 8.00566e+007, 1.20946e+007, 9.21512e+007, 2317, 5219.95, 1092, 1131
367, 36610, 8.07753e+007, 1.22277e+007, 9.3003e+007, 2342, 5221.06, 1092, 1131
368, 36710, 8.07389e+007, 1.2192e+007, 9.29309e+007, 2341, 5208.03, 1092, 1132
369, 36810, 7.98483e+007, 1.20504e+007, 9.18987e+007, 2309, 5218.9, 1092, 1133
370, 36910, 7.95985e+007, 1.19673e+007, 9.15657e+007, 2297, 5209.95, 1092, 1134
371, 37010, 8.0271e+007, 1.20615e+007, 9.23325e+007, 2318, 5203.43, 1092, 1134
372, 37110, 7.98047e+007, 1.20006e+007, 9.18054e+007, 2309, 5197.33, 1092, 1135
373, 37210, 8.03793e+007, 1.21016e+007, 9.24809e+007, 2326, 5202.77, 1092, 1136
374, 37310, 8.04304e+007, 1.21119e+007, 9.25422e+007, 2329, 5200.46, 1092, 1136
375, 37410, 8.02501e+007, 1.20653e+007, 9.23154e+007, 2323, 5193.85, 1092, 1137
376, 37510, 8.0014e+007, 1.20011e+007, 9.20151e+007, 2313, 5188.53, 1092, 1138
377, 37610, 8.01356e+007, 1.20396e+007, 9.21752e+007, 2317, 5196.2, 1092, 1138
378, 37710, 8.01948e+007, 1.20346e+007, 9.22294e+007, 2320, 5187.33, 1092, 1139
379, 37810, 8.04944e+007, 1.2091e+007, 9.25854e+007, 2331, 5187.03, 1092, 1140
380, 37910, 7.9571e+007, 1.18958e+007, 9.14669e+007, 2297, 5178.85, 1092, 1140
381, 38010, 7.98859e+007, 1.19798e+007, 9.18657e+007, 2309, 5188.29, 1092, 1141
382, 38110, 7.95335e+007, 1.1922e+007, 9.14554e+007, 2302, 5178.96, 1092, 1141
383, 38210, 7.96597e+007, 1.19164e+007, 9.1576e+007, 2304, 5172.03, 1092, 1142
384, 38310, 7.93374e+007, 1.18429e+007, 9.11802e+007, 2292, 5167.05, 1092, 1143
385, 38410, 7.94777e+007, 1.18406e+007, 9.13183e+007, 2292, 5166.04, 1092, 1144
386, 38510, 7.92807e+007, 1.17801e+007, 9.10609e+007, 2287, 5150.92, 1092, 1144
387, 38610, 7.86732e+007, 1.176e+007, 9.04332e+007, 2268, 5185.18, 1091, 1145
388, 38710, 7.95535e+007, 1.18223e+007, 9.13758e+007, 2294, 5153.57, 1092, 1146
389, 38810, 7.93154e+007, 1.17809e+007, 9.10963e+007, 2288, 5148.99, 1092, 1146
390, 38910, 7.81976e+007, 1.15943e+007, 8.9792e+007, 2251, 5150.75, 1092, 1147
391, 39010, 7.9287e+007, 1.17454e+007, 9.10324e+007, 2282, 5146.97, 1092, 1148
392, 39110, 7.95527e+007, 1.18807e+007, 9.14334e+007, 2298, 5170.02, 1091, 1148
393, 39210, 7.87375e+007, 1.16327e+007, 9.03702e+007, 2265, 5135.84, 1092, 1149
394, 39310, 7.96864e+007, 1.17997e+007, 9.14861e+007, 2298, 5134.75, 1092, 1150
395, 39410, 7.88981e+007, 1.17341e+007, 9.06322e+007, 2273, 5162.39, 1091, 1150
396, 39510, 7.90464e+007, 1.17693e+007, 9.08158e+007, 2281, 5159.71, 1091, 1150
397, 39610, 7.84601e+007, 1.1679e+007, 9.01391e+007, 2261, 5165.43, 1091, 1151
398, 39710, 7.84467e+007, 1.15371e+007, 8.99839e+007, 2255, 5116.25, 1092, 1152
399, 39810, 7.82503e+007, 1.15735e+007, 8.98237e+007, 2253, 5136.92, 1091, 1153
400, 39910, 7.84339e+007, 1.16172e+007, 9.00511e+007, 2263, 5133.55, 1091, 1153
401, 40010, 7.88572e+007, 1.16883e+007, 9.05455e+007, 2275, 5137.72, 1091, 1153
402, 40110, 7.85133e+007, 1.15956e+007, 9.01089e+007, 2260, 5130.78, 1091, 1154
403, 40210, 7.85374e+007, 1.15957e+007, 9.01331e+007, 2262, 5126.31, 1091, 1155
404, 40310, 7.81827e+007, 1.15307e+007, 8.97134e+007, 2248, 5129.34, 1091, 1155
405, 40410, 7.81347e+007, 1.14983e+007, 8.9633e+007, 2246, 5119.44, 1091, 1156
406, 40510, 7.87621e+007, 1.15656e+007, 9.03277e+007, 2264, 5108.49, 1091, 1157
407, 40610, 7.87201e+007, 1.15852e+007, 9.03054e+007, 2268, 5108.13, 1091, 1157
408, 40710, 7.85875e+007, 1.15433e+007, 9.01308e+007, 2261, 5105.39, 1091, 1158
409, 40810, 7.87189e+007, 1.15531e+007, 9.0272e+007, 2265, 5100.72, 1091, 1159
410, 40910, 7.8365e+007, 1.14749e+007, 8.98399e+007, 2253, 5093.17, 1091, 1159
411, 41010, 7.92297e+007, 1.16029e+007, 9.08326e+007, 2281, 5086.77, 1091, 1160
412, 41110, 7.79104e+007, 1.13619e+007, 8.92723e+007, 2235, 5083.63, 1091, 1160
413, 41210, 7.85549e+007, 1.1469e+007, 9.00239e+007, 2258, 5079.26, 1091, 1161
414, 41310, 7.82703e+007, 1.14079e+007, 8.96782e+007, 2247, 5076.94, 1091, 1162
415, 41410, 7.83908e+007, 1.1415e+007, 8.98059e+007, 2250, 5073.34, 1091, 1162
416, 41510, 7.84655e+007, 1.13886e+007, 8.98541e+007, 2251, 5059.34, 1091, 1163
417, 41610, 7.81036e+007, 1.13174e+007, 8.9421e+007, 2237, 5059.18, 1091, 1163
418, 41710, 7.86902e+007, 1.14001e+007, 9.00902e+007, 2260, 5044.27, 1091, 1164
419, 41810, 7.80339e+007, 1.1305e+007, 8.93389e+007, 2237, 5053.65, 1091, 1164
420, 41910, 7.84945e+007, 1.13599e+007, 8.98545e+007, 2252, 5044.38, 1091, 1165
421, 42010, 7.824e+007, 1.12618e+007, 8.95018e+007, 2239, 5029.82, 1091, 1166
422, 42110, 7.77945e+007, 1.12128e+007, 8.90073e+007, 2227, 5034.94, 1091, 1166
423, 42210, 7.86288e+007, 1.13286e+007, 8.99573e+007, 2256, 5021.52, 1091, 1167
424, 42310, 7.84717e+007, 1.12926e+007, 8.97643e+007, 2248, 5023.39, 1091, 1167
425, 42410, 7.82108e+007, 1.12301e+007, 8.9441e+007, 2241, 5011.21, 1091, 1168
426, 42510, 7.7795e+007, 1.11379e+007, 8.89329e+007, 2225, 5005.8, 1091, 1168
427, 42610, 7.86385e+007, 1.12481e+007, 8.98866e+007, 2252, 4994.74, 1091, 1169
428, 42710, 7.82752e+007, 1.12261e+007, 8.95013e+007, 2248, 4993.82, 1091, 1169
429, 42810, 7.82128e+007, 1.11575e+007, 8.93703e+007, 2240, 4981.05, 1091, 1170
430, 42910, 7.81935e+007, 1.11487e+007, 8.93422e+007, 2238, 4981.56, 1091, 1170
431, 43010, 7.83312e+007, 1.11577e+007, 8.94888e+007, 2244, 4972.22, 1091, 1171
432, 43110, 7.89033e+007, 1.1243e+007, 9.01463e+007, 2259, 4976.99, 1091, 1171
433, 43210, 7.87373e+007, 1.12278e+007, 8.99651e+007, 2257, 4974.66, 1091, 1172
434, 43310, 7.80568e+007, 1.11426e+007, 8.91994e+007, 2236, 4983.29, 1090, 1173
435, 43410, 7.78242e+007, 1.11084e+007, 8.89326e+007, 2230, 4981.35, 1090, 1173
436, 43510, 7.84398e+007, 1.12163e+007, 8.96561e+007, 2250, 4985.02, 1090, 1173
437, 43610, 7.77221e+007, 1.10745e+007, 8.87966e+007, 2226, 4975.07, 1090, 1174
438, 43710, 7.833e+007, 1.11285e+007, 8.94585e+007, 2245, 4957.04, 1090, 1175
439, 43810, 7.7736e+007, 1.10406e+007, 8.87766e+007, 2228, 4955.39, 1090, 1175
440, 43910, 7.79758e+007, 1.10432e+007, 8.9019e+007, 2234, 4943.24, 1090, 1176
441, 44010, 7.81179e+007, 1.11046e+007, 8.92225e+007, 2242, 4952.99, 1090, 1176
442, 44110, 7.78223e+007, 1.10184e+007, 8.88407e+007, 2232, 4936.58, 1090, 1177
443, 44210, 7.79985e+007, 1.10423e+007, 8.90408e+007, 2234, 4942.82, 1090, 1177
444, 44310, 7.77728e+007, 1.10107e+007, 8.87835e+007, 2232, 4933.1, 1090, 1178
445, 44410, 7.80652e+007, 1.1049e+007, 8.91142e+007, 2239, 4934.8, 1090, 1178
446, 44510, 7.79014e+007, 1.09982e+007, 8.88996e+007, 2235, 4920.89, 1090, 1179
447, 44610, 7.80194e+007, 1.10447e+007, 8.90641e+007, 2241, 4928.47, 1090, 1179
448, 44710, 7.81855e+007, 1.10644e+007, 8.925e+007, 2249, 4919.71, 1090, 1180
449, 44810, 7.76282e+007, 1.09444e+007, 8.85725e+007, 2225, 4918.83, 1090, 1180
450, 44910, 7.80973e+007, 1.09961e+007, 8.90934e+007, 2243, 4902.4, 1090, 1181
451, 45010, 7.75927e+007, 1.09351e+007, 8.85278e+007, 2227, 4910.23, 1090, 1181
452, 45110, 7.8294e+007, 1.10232e+007, 8.93171e+007, 2252, 4894.84, 1090, 1182
453, 45210, 7.81111e+007, 1.09929e+007, 8.91041e+007, 2245, 4896.63, 1090, 1182
454, 45310, 7.82653e+007, 1.10028e+007, 8.92681e+007, 2248, 4894.48, 1090, 1183
455, 45410, 7.80503e+007, 1.09574e+007, 8.90078e+007, 2242, 4887.35, 1090, 1183
456, 45510, 7.78624e+007, 1.09003e+007, 8.87627e+007, 2233, 4881.46, 1090, 1184
457, 45610, 7.7869e+007, 1.09324e+007, 8.88013e+007, 2236, 4889.25, 1090, 1184
458, 45710, 7.76599e+007, 1.08679e+007, 8.85279e+007, 2229, 4875.69, 1090, 1185
459, 45810, 7.83725e+007, 1.09904e+007, 8.93629e+007, 2252, 4880.28, 1090, 1185
460, 45910, 7.806e+007, 1.09252e+007, 8.89852e+007, 2241, 4875.14, 1090, 1186
461, 46010, 7.74529e+007, 1.08258e+007, 8.82787e+007, 2224, 4867.71, 1090, 1186
462, 46110, 7.79916e+007, 1.0904e+007, 8.88956e+007, 2240, 4867.84, 1090, 1186
463, 46210, 7.62876e+007, 1.06387e+007, 8.69262e+007, 2200, 4835.76, 1090, 1187
464, 46310, 7.64934e+007, 1.06611e+007, 8.71546e+007, 2204, 4837.18, 1090, 1187
465, 46410, 7.72329e+007, 1.07605e+007, 8.79935e+007, 2223, 4840.54, 1090, 1188
466, 46510, 7.76084e+007, 1.08354e+007, 8.84438e+007, 2236, 4845.88, 1090, 1188
467, 46610, 7.71691e+007, 1.07585e+007, 8.79276e+007, 2222, 4841.8, 1090, 1189
468, 46710, 7.74516e+007, 1.07752e+007, 8.82268e+007, 2230, 4831.93, 1090, 1189
469, 46812, 7.73016e+007, 1.07595e+007, 8.80611e+007, 2226, 4833.55, 1090, 1190
470, 46912, 7.77599e+007, 1.07974e+007, 8.85573e+007, 2239, 4822.4, 1090, 1190
471, 47012, 7.81787e+007, 1.08835e+007, 8.90622e+007, 2255, 4826.37, 1090, 1190
472, 47112, 7.72747e+007, 1.06959e+007, 8.79706e+007, 2222, 4813.65, 1090, 1191
473, 47212, 7.72618e+007, 1.0691e+007, 8.79528e+007, 2223, 4809.29, 1090, 1192
474, 47312, 7.72002e+007, 1.07081e+007, 8.79083e+007, 2224, 4814.8, 1090, 1192
475, 47412, 7.72812e+007, 1.07193e+007, 8.80004e+007, 2229, 4809, 1090, 1192
476, 47512, 7.76554e+007, 1.0753e+007, 8.84085e+007, 2237, 4806.9, 1090, 1193
477, 47612, 7.77968e+007, 1.08027e+007, 8.85995e+007, 2245, 4811.87, 1090, 1193
478, 47712, 7.73591e+007, 1.07403e+007, 8.80995e+007, 2231, 4814.13, 1090, 1193
479, 47812, 7.74188e+007, 1.07158e+007, 8.81346e+007, 2233, 4798.82, 1090, 1194
480, 47912, 7.73878e+007, 1.06872e+007, 8.8075e+007, 2226, 4801.07, 1090, 1194
481, 48012, 7.7584e+007, 1.07348e+007, 8.83187e+007, 2236, 4800.89, 1090, 1195
482, 48112, 7.75695e+007, 1.07257e+007, 8.82952e+007, 2234, 4801.12, 1090, 1195
483, 48212, 7.74865e+007, 1.07453e+007, 8.82317e+007, 2236, 4805.57, 1090, 1196
484, 48312, 7.72697e+007, 1.06793e+007, 8.79489e+007, 2230, 4788.9, 1090, 1196
485, 48412, 7.80811e+007, 1.0805e+007, 8.88861e+007, 2257, 4787.31, 1090, 1196
486, 48512, 7.77579e+007, 1.07263e+007, 8.84842e+007, 2245, 4777.85, 1090, 1197
487, 48612, 7.73068e+007, 1.06519e+007, 8.79587e+007, 2227, 4783.06, 1090, 1197
488, 48712, 7.74251e+007, 1.06428e+007, 8.8068e+007, 2228, 4776.86, 1090, 1198
489, 48812, 7.73361e+007, 1.06565e+007, 8.79926e+007, 2233, 4772.26, 1090, 1198
490, 48912, 7.78905e+007, 1.07213e+007, 8.86118e+007, 2247, 4771.4, 1090, 1198
491, 49012, 7.79052e+007, 1.07185e+007, 8.86237e+007, 2248, 4768.01, 1090, 1199
492, 49112, 7.77845e+007, 1.072e+007, 8.85044e+007, 2247, 4770.79, 1090, 1199
493, 49212, 7.76758e+007, 1.06766e+007, 8.83524e+007, 2245, 4755.72, 1090, 1199
494, 49312, 7.71984e+007, 1.05918e+007, 8.77902e+007, 2227, 4756.08, 1090, 1199
495, 49412, 7.75213e+007, 1.06403e+007, 8.81616e+007, 2235, 4760.76, 1090, 1200
496, 49512, 7.701e+007, 1.06298e+007, 8.76398e+007, 2221, 4786.02, 1089, 1200
497, 49612, 7.78268e+007, 1.06855e+007, 8.85124e+007, 2247, 4755.45, 1090, 1201
498, 49712, 7.76737e+007, 1.06271e+007, 8.83008e+007, 2237, 4750.58, 1090, 1201
499, 49812, 7.79362e+007, 1.06763e+007, 8.86125e+007, 2250, 4745.02, 1090, 1202
500, 49912, 7.75677e+007, 1.06698e+007, 8.82375e+007, 2237, 4769.69, 1089, 1202
501, 50012, 7.74838e+007, 1.05799e+007, 8.80637e+007, 2232, 4740.12, 1090, 1202
502, 50112, 7.80053e+007, 1.06846e+007, 8.86899e+007, 2254, 4740.28, 1090, 1203
503, 50212, 7.78081e+007, 1.06991e+007, 8.85072e+007, 2248, 4759.38, 1089, 1203
504, 50312, 7.75024e+007, 1.06486e+007, 8.81509e+007, 2236, 4762.33, 1089, 1203
505, 50412, 7.83532e+007, 1.08075e+007, 8.91607e+007, 2267, 4767.31, 1089, 1203
506, 50512, 7.76119e+007, 1.06448e+007, 8.82568e+007, 2241, 4750.04, 1089, 1204
507, 50612, 7.76339e+007, 1.06292e+007, 8.82631e+007, 2241, 4743.08, 1089, 1205
508, 50712, 7.78051e+007, 1.05929e+007, 8.8398e+007, 2243, 4722.64, 1090, 1205
509, 50812, 7.76056e+007, 1.06273e+007, 8.82329e+007, 2240, 4744.33, 1089, 1205
510, 50912, 7.75474e+007, 1.06174e+007, 8.81648e+007, 2238, 4744.14, 1089, 1205
511, 51012, 7.76616e+007, 1.06056e+007, 8.82671e+007, 2240, 4734.63, 1089, 1206
512, 51112, 7.80966e+007, 1.06817e+007, 8.87784e+007, 2255, 4736.91, 1089, 1206
513, 51212, 7.78944e+007, 1.06603e+007, 8.85547e+007, 2249, 4740, 1089, 1206
514, 51312, 7.75195e+007, 1.0588e+007, 8.81076e+007, 2237, 4733.13, 1089, 1207
515, 51412, 7.80486e+007, 1.06409e+007, 8.86895e+007, 2253, 4723, 1089, 1207
516, 51512, 7.79254e+007, 1.0641e+007, 8.85664e+007, 2254, 4720.93, 1089, 1207
517, 51612, 7.75291e+007, 1.05493e+007, 8.80784e+007, 2238, 4713.72, 1089, 1208
518, 51712, 7.79131e+007, 1.06243e+007, 8.85375e+007, 2250, 4721.93, 1089, 1208
519, 51812, 7.79239e+007, 1.06513e+007, 8.85752e+007, 2251, 4731.82, 1089, 1208
520, 51912, 7.81758e+007, 1.0653e+007, 8.88288e+007, 2255, 4724.16, 1089, 1209
521, 52012, 7.797e+007, 1.06299e+007, 8.85999e+007, 2251, 4722.32, 1089, 1209
522, 52112, 7.85602e+007, 1.06983e+007, 8.92585e+007, 2269, 4714.99, 1089, 1209
523, 52212, 7.77786e+007, 1.05609e+007, 8.83396e+007, 2243, 4708.39, 1089, 1210
524, 52312, 7.78519e+007, 1.05834e+007, 8.84353e+007, 2247, 4710.01, 1089, 1210
525, 52412, 7.78829e+007, 1.05754e+007, 8.84583e+007, 2246, 4708.56, 1089, 1210
526, 52512, 7.79694e+007, 1.05617e+007, 8.8531e+007, 2245, 4704.52, 1089, 1211
527, 52612, 7.78529e+007, 1.05409e+007, 8.83937e+007, 2241, 4703.64, 1089, 1211
528, 52712, 7.8222e+007, 1.06007e+007, 8.88227e+007, 2255, 4700.95, 1089, 1211
529, 52812, 7.79519e+007, 1.0581e+007, 8.85329e+007, 2252, 4698.49, 1089, 1212
530, 52912, 7.8742e+007, 1.06882e+007, 8.94302e+007, 2272, 4704.3, 1089, 1212
531, 53012, 7.82573e+007, 1.06095e+007, 8.88667e+007, 2255, 4704.87, 1089, 1212
532, 53112, 7.80396e+007, 1.05826e+007, 8.86222e+007, 2251, 4701.29, 1089, 1212
533, 53212, 7.8086e+007, 1.05751e+007, 8.86611e+007, 2252, 4695.86, 1089, 1213
534, 53312, 7.84635e+007, 1.06146e+007, 8.90781e+007, 2264, 4688.42, 1089, 1213
535, 53412, 7.79057e+007, 1.05541e+007, 8.84598e+007, 2249, 4692.78, 1089, 1214
536, 53512, 7.8639e+007, 1.06738e+007, 8.93128e+007, 2272, 4697.98, 1089, 1214
537, 53612, 7.85968e+007, 1.0647e+007, 8.92438e+007, 2268, 4694.45, 1089, 1214
538, 53712, 7.87146e+007, 1.06656e+007, 8.93802e+007, 2274, 4690.25, 1089, 1214
539, 53812, 7.86165e+007, 1.06437e+007, 8.92602e+007, 2270, 4688.84, 1089, 1215
540, 53912, 7.88924e+007, 1.0666e+007, 8.95585e+007, 2277, 4684.24, 1089, 1215
541, 54012, 7.84656e+007, 1.06031e+007, 8.90687e+007, 2263, 4685.4, 1089, 1215
542, 54112, 7.82074e+007, 1.05386e+007, 8.8746e+007, 2255, 4673.42, 1089, 1216
543, 54212, 7.80476e+007, 1.05458e+007, 8.85934e+007, 2252, 4682.88, 1089, 1216
544, 54312, 7.84811e+007, 1.05781e+007, 8.90592e+007, 2264, 4672.32, 1089, 1216
545, 54412, 7.85801e+007, 1.06074e+007, 8.91875e+007, 2270, 4672.85, 1089, 1216
546, 54512, 7.8483e+007, 1.05979e+007, 8.90809e+007, 2269, 4670.72, 1089, 1216
547, 54612, 7.82139e+007, 1.052e+007, 8.87338e+007, 2253, 4669.31, 1089, 1217
548, 54712, 7.89297e+007, 1.06471e+007, 8.95768e+007, 2279, 4671.82, 1089, 1218
549, 54812, 7.85881e+007, 1.0552e+007, 8.91401e+007, 2266, 4656.67, 1089, 1218
550, 54912, 7.89593e+007, 1.06167e+007, 8.95761e+007, 2278, 4660.55, 1089, 1218
551, 55012, 7.87893e+007, 1.05887e+007, 8.9378e+007, 2273, 4658.46, 1089, 1218
552, 55112, 7.86443e+007, 1.05644e+007, 8.92087e+007, 2267, 4660.08, 1089, 1218
553, 55212, 7.84507e+007, 1.05085e+007, 8.89592e+007, 2258, 4653.9, 1089, 1219
554, 55312, 7.86985e+007, 1.05537e+007, 8.92522e+007, 2271, 4647.17, 1089, 1219
555, 55412, 7.91918e+007, 1.06014e+007, 8.97932e+007, 2281, 4647.69, 1089, 1219
556, 55512, 7.90066e+007, 1.05853e+007, 8.95919e+007, 2278, 4646.77, 1089, 1219
557, 55612, 7.86303e+007, 1.05464e+007, 8.91767e+007, 2267, 4652.15, 1089, 1220
558, 55712, 7.89442e+007, 1.05639e+007, 8.95081e+007, 2275, 4643.47, 1089, 1220
559, 55812, 7.9327e+007, 1.06167e+007, 8.99437e+007, 2289, 4638.14, 1089, 1221
560, 55912, 7.95483e+007, 1.06205e+007, 9.01689e+007, 2291, 4635.76, 1089, 1221
561, 56012, 7.88927e+007, 1.05409e+007, 8.94336e+007, 2273, 4637.44, 1089, 1221
562, 56112, 7.98883e+007, 1.06888e+007, 9.05771e+007, 2306, 4635.23, 1089, 1221
563, 56212, 7.889e+007, 1.05125e+007, 8.94026e+007, 2268, 4635.16, 1089, 1222
564, 56312, 7.93169e+007, 1.05414e+007, 8.98583e+007, 2279, 4625.46, 1089, 1222
565, 56412, 7.91703e+007, 1.05387e+007, 8.9709e+007, 2276, 4630.35, 1089, 1222
566, 56512, 7.93756e+007, 1.0589e+007, 8.99646e+007, 2286, 4632.09, 1089, 1223
567, 56612, 7.92099e+007, 1.05456e+007, 8.97556e+007, 2280, 4625.27, 1089, 1223
568, 56712, 7.91456e+007, 1.05207e+007, 8.96663e+007, 2275, 4624.48, 1089, 1223
569, 56811, 7.92272e+007, 1.05407e+007, 8.9768e+007, 2280, 4623.12, 1089, 1223
570, 56911, 7.88435e+007, 1.04118e+007, 8.92553e+007, 2263, 4600.9, 1090, 1224
571, 57011, 7.91951e+007, 1.05316e+007, 8.97267e+007, 2278, 4623.18, 1089, 1224
572, 57111, 7.91891e+007, 1.05228e+007, 8.97119e+007, 2277, 4621.34, 1089, 1224
573, 57211, 7.94341e+007, 1.05455e+007, 8.99796e+007, 2283, 4619.14, 1089, 1224
574, 57311, 7.92405e+007, 1.05257e+007, 8.97662e+007, 2280, 4616.55, 1089, 1224
575, 57411, 7.99463e+007, 1.0609e+007, 9.05553e+007, 2299, 4614.62, 1089, 1225
576, 57511, 7.91643e+007, 1.05183e+007, 8.96826e+007, 2278, 4617.33, 1089, 1225
577, 57611, 7.93393e+007, 1.04751e+007, 8.98144e+007, 2282, 4590.34, 1090, 1225
578, 57711, 7.93757e+007, 1.04463e+007, 8.9822e+007, 2276, 4589.77, 1090, 1226
579, 57811, 7.95007e+007, 1.05099e+007, 9.00106e+007, 2281, 4607.58, 1089, 1226
580, 57911, 7.8925e+007, 1.04477e+007, 8.93728e+007, 2266, 4610.65, 1089, 1226
581, 58011, 7.90485e+007, 1.04679e+007, 8.95164e+007, 2270, 4611.43, 1089, 1226
582, 58111, 7.99168e+007, 1.05903e+007, 9.05071e+007, 2299, 4606.47, 1089, 1226
583, 58211, 7.90801e+007, 1.04662e+007, 8.95463e+007, 2272, 4606.6, 1089, 1227
584, 58311, 7.97807e+007, 1.05124e+007, 9.0293e+007, 2292, 4586.55, 1090, 1227
585, 58411, 7.92169e+007, 1.0474e+007, 8.96909e+007, 2272, 4610.03, 1089, 1227
586, 58511, 7.94302e+007, 1.05168e+007, 8.9947e+007, 2284, 4604.56, 1089, 1227
587, 58611, 7.97971e+007, 1.05768e+007, 9.03739e+007, 2292, 4614.65, 1089, 1228
588, 58711, 7.94668e+007, 1.05426e+007, 9.00093e+007, 2283, 4617.85, 1089, 1228
589, 58811, 8.02332e+007, 1.05585e+007, 9.07918e+007, 2306, 4578.72, 1090, 1228
590, 58911, 7.95684e+007, 1.05556e+007, 9.0124e+007, 2289, 4611.44, 1089, 1228
591, 59011, 7.99598e+007, 1.0614e+007, 9.05737e+007, 2302, 4610.76, 1089, 1228
592, 59111, 7.93931e+007, 1.04244e+007, 8.98175e+007, 2276, 4580.16, 1090, 1229
593, 59211, 7.96992e+007, 1.0467e+007, 9.01662e+007, 2285, 4580.74, 1090, 1229
594, 59311, 7.94325e+007, 1.04409e+007, 8.98734e+007, 2277, 4585.39, 1090, 1229
595, 59411, 7.92455e+007, 1.04624e+007, 8.97079e+007, 2276, 4596.84, 1089, 1229
596, 59511, 7.9733e+007, 1.0534e+007, 9.0267e+007, 2291, 4598, 1089, 1230
597, 59611, 7.94926e+007, 1.04461e+007, 8.99386e+007, 2282, 4577.6, 1090, 1230
598, 59711, 7.9275e+007, 1.04101e+007, 8.96851e+007, 2274, 4577.87, 1090, 1230
599, 59811, 7.90291e+007, 1.03986e+007, 8.94277e+007, 2267, 4586.96, 1090, 1230
600, 59911, 7.97103e+007, 1.04859e+007, 9.01962e+007, 2292, 4575.01, 1090, 1231