2, 100, 4.29398e+007, 1.61632e+007, 5.9103e+007, 1698, 9518.95, 1063, 1517
3, 200, 4.13447e+007, 1.54522e+007, 5.67969e+007, 1634, 9456.64, 1063, 1517
4, 300, 4.08401e+007, 1.51652e+007, 5.60054e+007, 1620, 9361.26, 1063, 1517
5, 400, 4.01623e+007, 1.48975e+007, 5.50597e+007, 1594, 9345.96, 1063, 1517
6, 500, 3.99221e+007, 1.47403e+007, 5.46624e+007, 1586, 9294.01, 1063, 1517
7, 600, 3.95664e+007, 1.44796e+007, 5.40461e+007, 1565, 9252.17, 1063, 1517
8, 700, 3.94332e+007, 1.44396e+007, 5.38727e+007, 1563, 9238.36, 1063, 1517
9, 800, 3.95393e+007, 1.44233e+007, 5.39626e+007, 1568, 9198.52, 1063, 1517
10, 900, 3.95167e+007, 1.43801e+007, 5.38968e+007, 1568, 9170.99, 1063, 1517
11, 1000, 3.892e+007, 1.40265e+007, 5.29466e+007, 1536, 9131.86, 1063, 1517
12, 1100, 3.93459e+007, 1.41912e+007, 5.35371e+007, 1557, 9114.46, 1063, 1517
13, 1200, 3.94095e+007, 1.41709e+007, 5.35804e+007, 1557, 9101.43, 1063, 1517
14, 1300, 3.8828e+007, 1.38645e+007, 5.26926e+007, 1529, 9067.71, 1063, 1517
15, 1400, 3.89922e+007, 1.39506e+007, 5.29428e+007, 1539, 9064.71, 1063, 1517
16, 1500, 3.88821e+007, 1.38444e+007, 5.27265e+007, 1532, 9036.82, 1063, 1517
17, 1600, 3.85413e+007, 1.36587e+007, 5.22e+007, 1514, 9021.62, 1063, 1517
18, 1700, 3.91208e+007, 1.38441e+007, 5.29649e+007, 1540, 8989.7, 1063, 1517
19, 1800, 3.91354e+007, 1.38812e+007, 5.30165e+007, 1545, 8984.58, 1063, 1517
20, 1900, 3.86669e+007, 1.36374e+007, 5.23043e+007, 1521, 8966.09, 1063, 1517
21, 2000, 3.87927e+007, 1.36686e+007, 5.24613e+007, 1525, 8963.02, 1063, 1517
22, 2100, 3.92057e+007, 1.38224e+007, 5.30282e+007, 1546, 8940.78, 1063, 1517
23, 2200, 3.8946e+007, 1.36091e+007, 5.25551e+007, 1527, 8912.28, 1063, 1517
24, 2300, 3.86601e+007, 1.35174e+007, 5.21775e+007, 1520, 8893.01, 1063, 1517
25, 2400, 3.87149e+007, 1.34968e+007, 5.22117e+007, 1520, 8879.5, 1063, 1517
26, 2500, 3.87909e+007, 1.34762e+007, 5.22671e+007, 1523, 8848.43, 1063, 1517
27, 2600, 3.87439e+007, 1.34548e+007, 5.21986e+007, 1522, 8840.19, 1063, 1517
28, 2700, 3.84397e+007, 1.33064e+007, 5.17461e+007, 1504, 8847.31, 1063, 1517
29, 2800, 3.87702e+007, 1.34313e+007, 5.22015e+007, 1524, 8813.19, 1063, 1517
30, 2901, 3.8722e+007, 1.33332e+007, 5.20552e+007, 1518, 8783.39, 1063, 1517
31, 3001, 3.8429e+007, 1.32233e+007, 5.16523e+007, 1504, 8792.08, 1063, 1517
32, 3101, 3.8632e+007, 1.32912e+007, 5.19232e+007, 1517, 8761.5, 1063, 1517
33, 3201, 3.82897e+007, 1.31377e+007, 5.14274e+007, 1499, 8764.31, 1063, 1517
34, 3301, 3.86488e+007, 1.3227e+007, 5.18758e+007, 1513, 8742.22, 1063, 1517
35, 3401, 3.87123e+007, 1.31822e+007, 5.18945e+007, 1512, 8718.36, 1063, 1517
36, 3501, 3.88939e+007, 1.32656e+007, 5.21595e+007, 1523, 8710.19, 1063, 1517
37, 3601, 3.84213e+007, 1.30482e+007, 5.14695e+007, 1498, 8710.41, 1063, 1517
38, 3701, 3.84597e+007, 1.30478e+007, 5.15075e+007, 1498, 8710.18, 1063, 1517
39, 3801, 3.85545e+007, 1.30238e+007, 5.15783e+007, 1501, 8676.74, 1063, 1517
40, 3901, 3.87751e+007, 1.30996e+007, 5.18747e+007, 1514, 8652.28, 1063, 1517
41, 4001, 3.84353e+007, 1.30184e+007, 5.14537e+007, 1502, 8667.36, 1063, 1517
42, 4101, 3.84068e+007, 1.2878e+007, 5.12848e+007, 1493, 8625.56, 1063, 1517
43, 4201, 3.8673e+007, 1.29769e+007, 5.16499e+007, 1504, 8628.23, 1063, 1517
44, 4301, 3.81604e+007, 1.27485e+007, 5.09089e+007, 1479, 8619.69, 1063, 1517
45, 4401, 3.88085e+007, 1.29768e+007, 5.17853e+007, 1509, 8599.63, 1063, 1517
46, 4501, 3.83613e+007, 1.28409e+007, 5.12022e+007, 1491, 8612.3, 1063, 1517
47, 4601, 3.85102e+007, 1.28273e+007, 5.13375e+007, 1498, 8562.96, 1063, 1517
48, 4701, 3.85729e+007, 1.28424e+007, 5.14153e+007, 1501, 8555.88, 1063, 1517
49, 4801, 3.83113e+007, 1.2746e+007, 5.10573e+007, 1489, 8560.1, 1063, 1517
50, 4901, 3.84538e+007, 1.27714e+007, 5.12252e+007, 1495, 8542.77, 1063, 1517
51, 5001, 3.82091e+007, 1.26255e+007, 5.08345e+007, 1480, 8530.72, 1063, 1517
52, 5101, 3.79018e+007, 1.24836e+007, 5.03853e+007, 1465, 8521.21, 1063, 1517
53, 5201, 3.86624e+007, 1.27546e+007, 5.1417e+007, 1500, 8503.05, 1063, 1517
54, 7591, 3.83848e+007, 1.26154e+007, 5.10002e+007, 1485, 8495.23, 1063, 1517
55, 7611, 3.85102e+007, 1.28273e+007, 5.13375e+007, 1498, 8562.96, 1063, 1517
56, 7631, 3.84617e+007, 1.26205e+007, 5.10821e+007, 1490, 8470.11, 1063, 1517
57, 7651, 3.81793e+007, 1.24886e+007, 5.06679e+007, 1476, 8461.11, 1063, 1517
58, 7671, 3.82711e+007, 1.25256e+007, 5.07967e+007, 1480, 8463.22, 1063, 1517
59, 7701, 3.80545e+007, 1.23883e+007, 5.04428e+007, 1468, 8438.92, 1063, 1517
60, 7721, 3.83039e+007, 1.2498e+007, 5.08019e+007, 1483, 8427.51, 1063, 1517
61, 7741, 3.86307e+007, 1.26287e+007, 5.12594e+007, 1498, 8430.39, 1063, 1517
62, 7761, 3.83866e+007, 1.24723e+007, 5.08589e+007, 1481, 8421.57, 1063, 1517
63, 7791, 3.84526e+007, 1.25242e+007, 5.09768e+007, 1489, 8411.17, 1063, 1517
64, 7811, 3.83721e+007, 1.24461e+007, 5.08182e+007, 1481, 8403.85, 1063, 1517
65, 7831, 3.83371e+007, 1.23876e+007, 5.07247e+007, 1480, 8370.03, 1063, 1517
66, 7861, 3.8086e+007, 1.22978e+007, 5.03839e+007, 1469, 8371.58, 1063, 1517
67, 7881, 3.85478e+007, 1.24496e+007, 5.09974e+007, 1487, 8372.29, 1063, 1517
68, 7901, 3.81316e+007, 1.22784e+007, 5.041e+007, 1469, 8358.34, 1063, 1517
69, 7921, 3.76821e+007, 1.21056e+007, 4.97877e+007, 1451, 8342.91, 1063, 1517
70, 7941, 3.80388e+007, 1.21757e+007, 5.02145e+007, 1462, 8328.13, 1063, 1517
71, 7971, 3.77668e+007, 1.1886e+007, 4.96528e+007, 1449, 8202.89, 1063, 1518
72, 7991, 3.78366e+007, 1.19297e+007, 4.97662e+007, 1451, 8221.69, 1063, 1517
73, 8011, 3.78837e+007, 1.19371e+007, 4.98208e+007, 1453, 8215.5, 1063, 1517
74, 8101, 3.7816e+007, 1.19174e+007, 4.97334e+007, 1452, 8207.55, 1063, 1517
75, 8201, 3.7661e+007, 1.18332e+007, 4.94942e+007, 1446, 8183.38, 1063, 1517
76, 8301, 3.79754e+007, 1.1858e+007, 4.98334e+007, 1451, 8172.29, 1063, 1517
77, 8401, 3.83349e+007, 1.20221e+007, 5.0357e+007, 1470, 8178.3, 1063, 1517
78, 8501, 3.81357e+007, 1.19304e+007, 5.00661e+007, 1462, 8160.3, 1063, 1517
79, 8601, 3.81131e+007, 1.1951e+007, 5.00641e+007, 1465, 8157.66, 1063, 1517
80, 8701, 3.83799e+007, 1.1999e+007, 5.03789e+007, 1474, 8140.42, 1063, 1517
81, 8801, 3.82949e+007, 1.19539e+007, 5.02488e+007, 1470, 8131.9, 1063, 1517
82, 8901, 3.78579e+007, 1.17728e+007, 4.96307e+007, 1450, 8119.16, 1063, 1517
83, 9001, 3.78541e+007, 1.17389e+007, 4.9593e+007, 1448, 8106.97, 1063, 1517
84, 9101, 3.82762e+007, 1.19261e+007, 5.02023e+007, 1470, 8113.02, 1063, 1517
85, 9201, 3.78597e+007, 1.17085e+007, 4.95682e+007, 1446, 8097.18, 1063, 1517
86, 9301, 3.77783e+007, 1.16693e+007, 4.94477e+007, 1442, 8092.47, 1063, 1517
87, 9401, 3.77106e+007, 1.16562e+007, 4.93668e+007, 1445, 8066.55, 1063, 1518
88, 9501, 3.77687e+007, 1.16718e+007, 4.94405e+007, 1446, 8071.78, 1063, 1517
89, 9601, 3.75583e+007, 1.15398e+007, 4.90981e+007, 1434, 8047.27, 1063, 1517
90, 9701, 3.78726e+007, 1.16768e+007, 4.95494e+007, 1449, 8058.49, 1063, 1517
91, 9801, 3.80087e+007, 1.16884e+007, 4.96971e+007, 1454, 8038.79, 1063, 1518
92, 9901, 3.57085e+007, 1.01088e+007, 4.58172e+007, 1349, 7493.54, 1063, 1517
93, 10001, 3.55361e+007, 9.88691e+006, 4.5423e+007, 1338, 7389.32, 1063, 1518
94, 10101, 3.52831e+007, 9.76708e+006, 4.50502e+007, 1327, 7360.27, 1063, 1518
95, 10201, 3.52274e+007, 9.72872e+006, 4.49561e+007, 1327, 7331.36, 1063, 1518
96, 10301, 3.50501e+007, 9.55177e+006, 4.46018e+007, 1315, 7263.7, 1063, 1518
97, 10401, 3.55531e+007, 9.72318e+006, 4.52763e+007, 1340, 7256.11, 1063, 1518
98, 10501, 3.54129e+007, 9.60182e+006, 4.50147e+007, 1330, 7219.41, 1063, 1518
99, 10601, 3.4973e+007, 9.42236e+006, 4.43954e+007, 1312, 7181.68, 1063, 1518
100, 10701, 3.49481e+007, 9.41477e+006, 4.43628e+007, 1312, 7175.89, 1063, 1518
101, 10801, 3.44392e+007, 9.19904e+006, 4.36382e+007, 1290, 7131.04, 1063, 1518
102, 10901, 3.43034e+007, 9.10912e+006, 4.34126e+007, 1281, 7110.94, 1063, 1518
103, 11001, 3.41968e+007, 9.04795e+006, 4.32448e+007, 1277, 7085.32, 1063, 1518
104, 11101, 3.44207e+007, 9.1053e+006, 4.3526e+007, 1286, 7080.33, 1063, 1518
105, 11201, 3.45315e+007, 9.14726e+006, 4.36788e+007, 1294, 7068.98, 1063, 1518
106, 11301, 3.39604e+007, 8.91168e+006, 4.2872e+007, 1268, 7028.14, 1062, 1519
107, 11401, 3.26208e+007, 8.65209e+006, 4.12728e+007, 1231, 7028.5, 1062, 1519
108, 11501, 3.25084e+007, 8.60058e+006, 4.11089e+007, 1227, 7009.44, 1062, 1518
109, 11601, 3.23547e+007, 8.49317e+006, 4.08479e+007, 1211, 7013.35, 1063, 1518
110, 11701, 3.36942e+007, 8.82091e+006, 4.25151e+007, 1261, 6995.17, 1063, 1518
111, 11801, 3.30977e+007, 8.59962e+006, 4.16973e+007, 1232, 6980.21, 1063, 1517
112, 11901, 3.35395e+007, 8.73616e+006, 4.22756e+007, 1253, 6972.2, 1063, 1517
113, 12001, 3.38452e+007, 8.78765e+006, 4.26328e+007, 1264, 6952.25, 1063, 1517
114, 12101, 3.37558e+007, 8.7711e+006, 4.25269e+007, 1261, 6955.67, 1063, 1517
115, 12201, 3.38191e+007, 8.70865e+006, 4.25277e+007, 1259, 6917.12, 1063, 1518
116, 12301, 3.4106e+007, 8.81086e+006, 4.29169e+007, 1272, 6926.78, 1063, 1517
117, 12401, 3.37777e+007, 8.72533e+006, 4.25031e+007, 1261, 6919.37, 1063, 1518
118, 12501, 3.34627e+007, 8.61676e+006, 4.20794e+007, 1246, 6915.54, 1063, 1518
119, 12601, 3.34999e+007, 8.62057e+006, 4.21205e+007, 1247, 6913.04, 1063, 1518
120, 12701, 3.37633e+007, 8.67768e+006, 4.2441e+007, 1255, 6914.49, 1063, 1519
121, 12801, 3.39428e+007, 8.75462e+006, 4.26975e+007, 1265, 6920.65, 1063, 1519
122, 12901, 3.36591e+007, 8.64891e+006, 4.23081e+007, 1251, 6913.6, 1063, 1518
123, 13001, 3.30559e+007, 8.47169e+006, 4.15276e+007, 1226, 6910.02, 1063, 1518
124, 13111, 3.36094e+007, 8.58282e+006, 4.21922e+007, 1248, 6877.26, 1063, 1518
125, 13211, 3.34551e+007, 8.5173e+006, 4.19724e+007, 1245, 6841.21, 1062, 1517
126, 13301, 3.35375e+007, 8.52297e+006, 4.20605e+007, 1246, 6840.26, 1062, 1517
127, 13411, 3.32743e+007, 8.5109e+006, 4.17852e+007, 1239, 6869.17, 1063, 1517
128, 13511, 3.36367e+007, 8.56431e+006, 4.2201e+007, 1251, 6845.97, 1063, 1517
129, 13601, 3.37277e+007, 8.5492e+006, 4.22769e+007, 1255, 6812.11, 1062, 1517
130, 13701, 3.33084e+007, 8.39805e+006, 4.17064e+007, 1232, 6816.6, 1063, 1516
131, 13801, 3.34121e+007, 8.41675e+006, 4.18288e+007, 1239, 6793.18, 1062, 1516
132, 13901, 3.35314e+007, 8.44253e+006, 4.19739e+007, 1245, 6781.15, 1062, 1516
133, 14011, 3.33485e+007, 8.37729e+006, 4.17258e+007, 1235, 6783.23, 1062, 1516
134, 14111, 3.3646e+007, 8.45847e+006, 4.21045e+007, 1249, 6772.19, 1062, 1516
135, 14201, 3.36591e+007, 8.49226e+006, 4.21514e+007, 1251, 6788.38, 1063, 1515
136, 14311, 3.30704e+007, 8.29719e+006, 4.13676e+007, 1223, 6784.29, 1063, 1515
137, 14411, 3.315e+007, 8.2681e+006, 4.14181e+007, 1225, 6749.47, 1062, 1515
138, 14511, 3.36981e+007, 8.39847e+006, 4.20966e+007, 1247, 6734.94, 1062, 1515
139, 14611, 3.35278e+007, 8.34125e+006, 4.1869e+007, 1241, 6721.39, 1062, 1515
140, 14711, 3.34938e+007, 8.32436e+006, 4.18181e+007, 1240, 6713.2, 1062, 1515
141, 14811, 3.32687e+007, 8.28821e+006, 4.15569e+007, 1233, 6721.98, 1062, 1515
142, 14911, 3.33272e+007, 8.30467e+006, 4.16318e+007, 1235, 6724.43, 1062, 1515
143, 15011, 3.36744e+007, 8.35701e+006, 4.20314e+007, 1245, 6712.46, 1062, 1514
144, 15111, 3.37796e+007, 8.38205e+006, 4.21616e+007, 1252, 6694.93, 1062, 1514
145, 15211, 3.32987e+007, 8.28523e+006, 4.1584e+007, 1236, 6703.26, 1062, 1514
146, 15311, 3.32157e+007, 8.21664e+006, 4.14324e+007, 1229, 6685.63, 1062, 1514
147, 15411, 3.28326e+007, 8.07744e+006, 4.091e+007, 1211, 6670.06, 1062, 1514
148, 15511, 3.30811e+007, 8.17102e+006, 4.12521e+007, 1222, 6686.6, 1062, 1514
149, 15611, 3.32322e+007, 8.19976e+006, 4.1432e+007, 1229, 6671.9, 1062, 1514
150, 15711, 3.26883e+007, 8.05119e+006, 4.07395e+007, 1208, 6664.89, 1062, 1513
151, 15811, 3.32127e+007, 8.19267e+006, 4.14054e+007, 1228, 6671.56, 1062, 1513
152, 15911, 3.3242e+007, 8.19121e+006, 4.14332e+007, 1229, 6664.94, 1062, 1514
153, 16011, 3.332e+007, 8.25991e+006, 4.158e+007, 1237, 6677.38, 1062, 1513
154, 16111, 3.29136e+007, 8.07061e+006, 4.09843e+007, 1212, 6658.92, 1062, 1513
155, 16211, 3.28193e+007, 8.0404e+006, 4.08597e+007, 1208, 6655.96, 1062, 1513
156, 16311, 3.28836e+007, 8.09375e+006, 4.09773e+007, 1219, 6639.67, 1062, 1513
157, 16411, 3.27654e+007, 8.00688e+006, 4.07723e+007, 1208, 6628.22, 1062, 1514
158, 16511, 3.26604e+007, 7.99956e+006, 4.06599e+007, 1207, 6627.64, 1062, 1514
159, 16611, 3.30252e+007, 8.09589e+006, 4.11211e+007, 1223, 6619.7, 1062, 1513
160, 16711, 3.27763e+007, 8.03312e+006, 4.08094e+007, 1213, 6622.52, 1062, 1513
161, 16811, 3.24557e+007, 7.88611e+006, 4.03418e+007, 1196, 6593.74, 1062, 1513
162, 16911, 3.21979e+007, 7.84685e+006, 4.00447e+007, 1188, 6605.09, 1062, 1512
163, 17011, 3.21732e+007, 7.83704e+006, 4.00102e+007, 1187, 6602.39, 1062, 1512
164, 17111, 3.21219e+007, 7.80954e+006, 3.99314e+007, 1184, 6595.9, 1062, 1512
165, 17211, 3.26015e+007, 7.90998e+006, 4.05115e+007, 1204, 6569.75, 1062, 1512
166, 17311, 3.21369e+007, 7.81752e+006, 3.99544e+007, 1189, 6574.87, 1062, 1512
167, 17411, 3.2348e+007, 7.87213e+006, 4.02201e+007, 1197, 6576.55, 1062, 1512
168, 17511, 3.22679e+007, 7.8293e+006, 4.00972e+007, 1193, 6562.7, 1062, 1512
169, 19901, 3.23184e+007, 7.8108e+006, 4.01292e+007, 1191, 6558.19, 1062, 1512
170, 19921, 3.23149e+007, 7.73802e+006, 4.00529e+007, 1191, 6497.08, 1063, 1539
171, 19941, 3.22713e+007, 7.78161e+006, 4.00529e+007, 1191, 6533.68, 1062, 1517
172, 19961, 3.19206e+007, 7.70481e+006, 3.96255e+007, 1176, 6551.71, 1062, 1512
173, 19981, 3.24343e+007, 7.83945e+006, 4.02738e+007, 1196, 6554.73, 1062, 1512
174, 20011, 3.21083e+007, 7.74586e+006, 3.98541e+007, 1183, 6547.64, 1062, 1512
175, 20031, 3.22465e+007, 7.77155e+006, 4.0018e+007, 1190, 6530.71, 1062, 1511
176, 20051, 3.18596e+007, 7.67797e+006, 3.95375e+007, 1175, 6534.44, 1062, 1511
177, 20071, 3.22257e+007, 7.76637e+006, 3.99921e+007, 1190, 6526.36, 1062, 1511
178, 20091, 3.1781e+007, 7.65701e+006, 3.9438e+007, 1172, 6533.29, 1062, 1511
179, 20121, 3.2119e+007, 7.72564e+006, 3.98446e+007, 1187, 6508.54, 1062, 1511
180, 20141, 3.2173e+007, 7.7315e+006, 3.99045e+007, 1187, 6513.48, 1062, 1511
181, 20161, 3.18184e+007, 7.66116e+006, 3.94796e+007, 1175, 6520.14, 1062, 1511
182, 20181, 3.19374e+007, 7.66012e+006, 3.95975e+007, 1178, 6502.65, 1062, 1511
183, 20201, 3.17692e+007, 7.64448e+006, 3.94137e+007, 1173, 6517.03, 1062, 1511
184, 20231, 3.17561e+007, 7.62642e+006, 3.93825e+007, 1173, 6501.63, 1062, 1510
185, 20251, 3.18028e+007, 7.61166e+006, 3.94145e+007, 1172, 6494.59, 1062, 1510
186, 20271, 3.21797e+007, 7.67059e+006, 3.98503e+007, 1190, 6445.88, 1061, 1509
187, 20291, 3.16628e+007, 7.50316e+006, 3.91659e+007, 1166, 6434.96, 1061, 1509
188, 20321, 3.17033e+007, 7.52443e+006, 3.92278e+007, 1167, 6447.67, 1061, 1509
189, 20411, 3.1785e+007, 7.55212e+006, 3.93371e+007, 1173, 6438.29, 1061, 1509
190, 20511, 3.19849e+007, 7.57897e+006, 3.95639e+007, 1179, 6428.3, 1061, 1509
191, 20611, 3.1822e+007, 7.52719e+006, 3.93492e+007, 1172, 6422.52, 1061, 1509
192, 20711, 3.2097e+007, 7.57416e+006, 3.96712e+007, 1182, 6407.92, 1061, 1509
193, 20811, 3.19457e+007, 7.53454e+006, 3.94803e+007, 1176, 6406.92, 1061, 1509
194, 20911, 3.16711e+007, 7.50417e+006, 3.91753e+007, 1168, 6424.81, 1061, 1509
195, 21011, 3.18787e+007, 7.53841e+006, 3.94171e+007, 1178, 6399.33, 1061, 1509
196, 21111, 3.1811e+007, 7.50016e+006, 3.93112e+007, 1172, 6399.45, 1061, 1509
197, 21211, 3.21689e+007, 7.60287e+006, 3.97718e+007, 1188, 6399.72, 1061, 1509
198, 21311, 3.18024e+007, 7.50026e+006, 3.93026e+007, 1174, 6388.64, 1061, 1509
199, 21411, 3.15001e+007, 7.4072e+006, 3.89073e+007, 1161, 6380.02, 1061, 1509
200, 21511, 3.15322e+007, 7.44565e+006, 3.89779e+007, 1165, 6391.12, 1061, 1509
201, 21611, 3.13365e+007, 7.37318e+006, 3.87097e+007, 1154, 6389.24, 1061, 1508
202, 21711, 3.17781e+007, 7.49744e+006, 3.92755e+007, 1173, 6391.68, 1061, 1509
203, 21811, 3.14287e+007, 7.40843e+006, 3.88371e+007, 1160, 6386.58, 1061, 1508
204, 21911, 3.16058e+007, 7.43371e+006, 3.90395e+007, 1165, 6380.86, 1061, 1509
205, 22011, 3.16537e+007, 7.44382e+006, 3.90975e+007, 1167, 6378.59, 1061, 1508
206, 22111, 3.14494e+007, 7.39963e+006, 3.8849e+007, 1161, 6373.5, 1061, 1508
207, 22211, 3.15219e+007, 7.40745e+006, 3.89294e+007, 1162, 6374.74, 1061, 1508
208, 22311, 3.14197e+007, 7.36876e+006, 3.87885e+007, 1157, 6368.85, 1061, 1508
209, 22411, 3.13484e+007, 7.36061e+006, 3.8709e+007, 1155, 6372.82, 1061, 1508
210, 22511, 3.15762e+007, 7.41608e+006, 3.89923e+007, 1166, 6360.27, 1061, 1508
211, 22611, 3.13675e+007, 7.33225e+006, 3.86998e+007, 1153, 6359.28, 1061, 1508
212, 22711, 3.18076e+007, 7.44247e+006, 3.92501e+007, 1172, 6350.23, 1061, 1508
213, 22811, 3.13388e+007, 7.30206e+006, 3.86409e+007, 1150, 6349.62, 1061, 1509
214, 22912, 3.1329e+007, 7.31769e+006, 3.86467e+007, 1151, 6357.68, 1061, 1508
215, 23012, 3.15995e+007, 7.34795e+006, 3.89474e+007, 1161, 6328.98, 1061, 1508
216, 23112, 3.1643e+007, 7.37786e+006, 3.90209e+007, 1164, 6338.37, 1061, 1509
217, 23212, 3.14956e+007, 7.32799e+006, 3.88235e+007, 1156, 6339.09, 1061, 1509
218, 23311, 3.1722e+007, 7.40068e+006, 3.91227e+007, 1167, 6341.63, 1061, 1509
219, 23411, 3.1023e+007, 7.19566e+006, 3.82186e+007, 1137, 6328.64, 1061, 1509
220, 23511, 3.13236e+007, 7.28955e+006, 3.86131e+007, 1152, 6327.73, 1061, 1509
221, 23611, 3.14361e+007, 7.29938e+006, 3.87355e+007, 1155, 6319.81, 1061, 1510
222, 23711, 3.18982e+007, 7.4105e+006, 3.93087e+007, 1171, 6328.35, 1061, 1509
223, 23811, 3.13527e+007, 7.268e+006, 3.86208e+007, 1151, 6314.51, 1061, 1509
224, 23912, 3.11562e+007, 7.22342e+006, 3.83796e+007, 1144, 6314.18, 1061, 1509
225, 24011, 3.16437e+007, 7.33709e+006, 3.89808e+007, 1162, 6314.19, 1061, 1509
226, 24111, 3.15341e+007, 7.30277e+006, 3.88369e+007, 1158, 6306.36, 1061, 1510
227, 24211, 3.14535e+007, 7.28202e+006, 3.87355e+007, 1154, 6310.24, 1061, 1510
228, 24311, 3.20796e+007, 7.42504e+006, 3.95046e+007, 1179, 6297.74, 1061, 1510
229, 24411, 3.12457e+007, 7.20322e+006, 3.84489e+007, 1144, 6296.52, 1061, 1510
230, 24511, 3.14152e+007, 7.25518e+006, 3.86704e+007, 1152, 6297.9, 1061, 1510
231, 24611, 3.13973e+007, 7.21718e+006, 3.86144e+007, 1149, 6281.27, 1061, 1510
232, 24711, 3.09845e+007, 7.08849e+006, 3.8073e+007, 1130, 6273, 1061, 1510
233, 24811, 3.15772e+007, 7.25172e+006, 3.8829e+007, 1157, 6267.69, 1061, 1510
234, 24911, 3.16774e+007, 7.28314e+006, 3.89605e+007, 1162, 6267.76, 1061, 1510
235, 25011, 3.16747e+007, 7.2853e+006, 3.896e+007, 1162, 6269.62, 1061, 1510
236, 25111, 3.15692e+007, 7.24388e+006, 3.88131e+007, 1156, 6266.33, 1061, 1510
237, 25212, 3.12646e+007, 7.15715e+006, 3.84218e+007, 1144, 6256.25, 1061, 1510
238, 25312, 3.16262e+007, 7.25086e+006, 3.88771e+007, 1159, 6256.13, 1061, 1510
239, 25411, 3.16123e+007, 7.22003e+006, 3.88323e+007, 1155, 6251.11, 1061, 1510
240, 25511, 3.13904e+007, 7.19168e+006, 3.85821e+007, 1151, 6248.2, 1061, 1510
241, 25611, 3.1522e+007, 7.19694e+006, 3.87189e+007, 1151, 6252.77, 1061, 1510
242, 25711, 3.14037e+007, 7.14461e+006, 3.85483e+007, 1147, 6228.96, 1061, 1511
243, 25811, 3.13566e+007, 7.1339e+006, 3.84905e+007, 1146, 6225.05, 1061, 1510
244, 25911, 3.16405e+007, 7.1955e+006, 3.8836e+007, 1155, 6229.87, 1061, 1510
245, 26011, 3.17438e+007, 7.24069e+006, 3.89845e+007, 1161, 6236.6, 1061, 1511
246, 26111, 3.15653e+007, 7.16761e+006, 3.87329e+007, 1154, 6211.1, 1061, 1511
247, 26211, 3.14052e+007, 7.12438e+006, 3.85296e+007, 1145, 6222.16, 1061, 1511
248, 26311, 3.13089e+007, 7.09814e+006, 3.8407e+007, 1144, 6204.67, 1061, 1511
249, 26411, 3.12235e+007, 7.01912e+006, 3.82426e+007, 1138, 6167.95, 1060, 1511
250, 26511, 3.09649e+007, 6.97487e+006, 3.79398e+007, 1129, 6177.92, 1061, 1511
251, 26611, 3.10678e+007, 7.04608e+006, 3.81139e+007, 1136, 6202.54, 1061, 1511
252, 26711, 3.11798e+007, 6.98712e+006, 3.81669e+007, 1134, 6161.48, 1060, 1511
253, 26811, 3.12581e+007, 7.04531e+006, 3.83034e+007, 1140, 6180.09, 1061, 1511
254, 26911, 3.14061e+007, 7.06927e+006, 3.84753e+007, 1144, 6179.43, 1061, 1511
255, 27011, 3.12981e+007, 7.00349e+006, 3.83015e+007, 1140, 6143.41, 1060, 1511
256, 27112, 3.10037e+007, 6.92326e+006, 3.7927e+007, 1127, 6143.09, 1060, 1511
257, 27212, 3.12269e+007, 6.97573e+006, 3.82026e+007, 1136, 6140.61, 1060, 1511
258, 27311, 3.13947e+007, 7.04394e+006, 3.84386e+007, 1147, 6141.19, 1060, 1511
259, 27411, 3.13909e+007, 7.02274e+006, 3.84136e+007, 1145, 6133.4, 1060, 1511
260, 27511, 3.13486e+007, 7.00906e+006, 3.83576e+007, 1143, 6132.16, 1060, 1511
261, 27612, 3.14684e+007, 7.02476e+006, 3.84932e+007, 1147, 6124.46, 1060, 1511
262, 27712, 3.14083e+007, 7.00719e+006, 3.84155e+007, 1144, 6125.16, 1060, 1511
263, 27811, 3.12768e+007, 6.96996e+006, 3.82467e+007, 1142, 6103.29, 1060, 1511
264, 27911, 3.15744e+007, 7.0318e+006, 3.86062e+007, 1150, 6114.61, 1060, 1510
265, 28011, 3.14225e+007, 6.98029e+006, 3.84028e+007, 1145, 6096.32, 1060, 1510
266, 28111, 3.16954e+007, 7.04688e+006, 3.87423e+007, 1157, 6090.64, 1060, 1510
267, 28211, 3.13241e+007, 6.96827e+006, 3.82923e+007, 1143, 6096.47, 1060, 1510
268, 28312, 3.138e+007, 6.94682e+006, 3.83268e+007, 1141, 6088.36, 1060, 1510
269, 28411, 3.14204e+007, 6.9438e+006, 3.83642e+007, 1144, 6069.76, 1060, 1510
270, 28511, 3.15309e+007, 6.97589e+006, 3.85068e+007, 1149, 6071.27, 1060, 1510
271, 28611, 3.10755e+007, 6.85448e+006, 3.79299e+007, 1130, 6065.91, 1060, 1510
272, 28711, 3.14262e+007, 6.92377e+006, 3.835e+007, 1142, 6062.84, 1060, 1510
273, 28811, 3.13244e+007, 6.89806e+006, 3.82224e+007, 1139, 6056.24, 1060, 1510
274, 28911, 3.1491e+007, 6.95026e+006, 3.84413e+007, 1146, 6064.8, 1060, 1510
275, 29011, 3.13843e+007, 6.89082e+006, 3.82751e+007, 1139, 6049.89, 1060, 1510
276, 29111, 3.16652e+007, 7.00942e+006, 3.86746e+007, 1155, 6068.76, 1060, 1510
277, 29211, 3.13973e+007, 6.94651e+006, 3.83438e+007, 1147, 6056.24, 1060, 1510
278, 29311, 3.16068e+007, 6.97842e+006, 3.85852e+007, 1155, 6041.92, 1060, 1510
279, 29412, 3.17387e+007, 7.00069e+006, 3.87394e+007, 1158, 6045.51, 1060, 1510
280, 29511, 3.1503e+007, 6.91512e+006, 3.84181e+007, 1147, 6028.88, 1060, 1510
281, 29611, 3.1354e+007, 6.89927e+006, 3.82532e+007, 1142, 6041.39, 1060, 1510
282, 29711, 3.0951e+007, 6.80655e+006, 3.77575e+007, 1126, 6044.89, 1060, 1510
283, 29811, 3.17485e+007, 6.98381e+006, 3.87323e+007, 1159, 6025.72, 1060, 1510
284, 29911, 3.16938e+007, 7.00023e+006, 3.86941e+007, 1154, 6066.06, 1060, 1510
285, 30011, 3.17947e+007, 7.27382e+006, 3.90685e+007, 1162, 6259.74, 1060, 1510
286, 30111, 3.2836e+007, 7.71068e+006, 4.05467e+007, 1203, 6409.54, 1060, 1511
287, 30211, 3.35382e+007, 8.05156e+006, 4.15897e+007, 1232, 6535.36, 1060, 1511
288, 30311, 3.38712e+007, 8.2848e+006, 4.2156e+007, 1246, 6649.12, 1060, 1511
289, 30411, 3.39207e+007, 8.3787e+006, 4.22994e+007, 1247, 6719.09, 1060, 1512
290, 30512, 3.42825e+007, 8.57356e+006, 4.28561e+007, 1264, 6782.88, 1060, 1512
291, 30612, 3.4284e+007, 8.61617e+006, 4.29002e+007, 1264, 6816.59, 1060, 1512
292, 30712, 3.45665e+007, 8.73797e+006, 4.33045e+007, 1275, 6853.31, 1060, 1513
293, 30811, 3.45216e+007, 8.74789e+006, 4.32695e+007, 1274, 6866.47, 1060, 1513
294, 30911, 3.48657e+007, 8.86807e+006, 4.37338e+007, 1286, 6895.86, 1060, 1513
295, 31011, 3.4634e+007, 8.79392e+006, 4.3428e+007, 1276, 6891.79, 1060, 1513
296, 31112, 3.48541e+007, 8.86472e+006, 4.37188e+007, 1283, 6909.37, 1060, 1514
297, 31211, 3.50842e+007, 8.88818e+006, 4.39724e+007, 1289, 6895.4, 1060, 1514
298, 31311, 3.4956e+007, 8.85799e+006, 4.3814e+007, 1284, 6898.74, 1060, 1514
299, 31411, 3.5301e+007, 8.97486e+006, 4.42759e+007, 1300, 6903.74, 1060, 1514
300, 31512, 3.51701e+007, 8.96061e+006, 4.41307e+007, 1296, 6914.05, 1060, 1514
301, 31611, 3.51402e+007, 8.93814e+006, 4.40784e+007, 1294, 6907.37, 1060, 1514
302, 31712, 3.5254e+007, 8.94097e+006, 4.4195e+007, 1298, 6888.26, 1060, 1515
303, 31811, 3.54082e+007, 8.96884e+006, 4.43771e+007, 1303, 6883.23, 1060, 1515
304, 31911, 3.53433e+007, 8.98756e+006, 4.43309e+007, 1304, 6892.3, 1060, 1515
305, 32011, 3.56725e+007, 9.0401e+006, 4.47126e+007, 1312, 6890.32, 1060, 1515
306, 32111, 3.5211e+007, 8.89881e+006, 4.41098e+007, 1292, 6887.62, 1060, 1515
307, 32211, 3.53349e+007, 8.90744e+006, 4.42423e+007, 1296, 6873.03, 1060, 1515
308, 32311, 3.55665e+007, 8.96535e+006, 4.45319e+007, 1306, 6864.74, 1060, 1516
309, 32412, 3.54598e+007, 8.95118e+006, 4.4411e+007, 1303, 6869.67, 1060, 1516
310, 32512, 3.55895e+007, 8.96775e+006, 4.45572e+007, 1305, 6871.84, 1060, 1516
311, 32611, 3.55256e+007, 8.94643e+006, 4.44721e+007, 1303, 6866.03, 1060, 1516
312, 32711, 3.55528e+007, 8.94235e+006, 4.44951e+007, 1304, 6857.63, 1060, 1516
313, 32811, 3.55769e+007, 8.94157e+006, 4.45185e+007, 1306, 6846.53, 1060, 1516
314, 32911, 3.60365e+007, 9.03987e+006, 4.50763e+007, 1322, 6838.03, 1060, 1516
315, 33011, 3.57599e+007, 8.95537e+006, 4.47152e+007, 1310, 6836.16, 1060, 1516
316, 33111, 3.60679e+007, 9.03479e+006, 4.51027e+007, 1322, 6834.18, 1060, 1517
317, 33211, 3.52052e+007, 8.80811e+006, 4.40133e+007, 1289, 6833.29, 1060, 1517
318, 33311, 3.54185e+007, 8.86556e+006, 4.4284e+007, 1300, 6819.66, 1060, 1517
319, 33411, 3.56583e+007, 8.88518e+006, 4.45435e+007, 1308, 6792.95, 1060, 1517
320, 33511, 3.57333e+007, 8.91344e+006, 4.46467e+007, 1310, 6804.16, 1060, 1517
321, 33611, 3.55623e+007, 8.86813e+006, 4.44305e+007, 1302, 6811.16, 1060, 1517
322, 33711, 3.59307e+007, 8.95728e+006, 4.4888e+007, 1318, 6796.11, 1060, 1517
323, 33811, 3.57991e+007, 8.91888e+006, 4.4718e+007, 1312, 6797.93, 1060, 1517
324, 33911, 3.59458e+007, 8.90326e+006, 4.4849e+007, 1314, 6775.69, 1060, 1517
325, 34011, 3.54979e+007, 8.79718e+006, 4.42951e+007, 1299, 6772.27, 1060, 1517
326, 34111, 3.54545e+007, 8.83548e+006, 4.429e+007, 1301, 6791.3, 1060, 1517
327, 34211, 3.59372e+007, 8.90145e+006, 4.48386e+007, 1319, 6748.63, 1059, 1517
328, 34311, 3.54977e+007, 8.79549e+006, 4.42932e+007, 1301, 6760.56, 1060, 1517
329, 34412, 3.56869e+007, 8.80547e+006, 4.44924e+007, 1309, 6726.87, 1059, 1518
330, 34511, 3.557e+007, 8.79268e+006, 4.43627e+007, 1304, 6742.85, 1059, 1518
331, 34611, 3.54674e+007, 8.74401e+006, 4.42114e+007, 1299, 6731.34, 1059, 1518
332, 34711, 3.55196e+007, 8.79012e+006, 4.43097e+007, 1302, 6751.24, 1060, 1518
333, 34811, 3.56725e+007, 8.78818e+006, 4.44606e+007, 1308, 6718.79, 1059, 1518
334, 34911, 3.56096e+007, 8.75473e+006, 4.43644e+007, 1305, 6708.61, 1059, 1518
335, 35011, 3.57522e+007, 8.78289e+006, 4.45351e+007, 1312, 6694.28, 1059, 1518
336, 35111, 3.52975e+007, 8.69958e+006, 4.39971e+007, 1296, 6712.64, 1060, 1518
337, 35211, 3.51554e+007, 8.59275e+006, 4.37482e+007, 1288, 6671.39, 1059, 1518
338, 35311, 3.51444e+007, 8.59397e+006, 4.37383e+007, 1288, 6672.34, 1059, 1518
339, 35411, 3.53489e+007, 8.69163e+006, 4.40406e+007, 1300, 6685.87, 1060, 1518
340, 35511, 3.54834e+007, 8.66147e+006, 4.41449e+007, 1301, 6657.55, 1059, 1518
341, 35611, 3.50543e+007, 8.5554e+006, 4.36097e+007, 1284, 6663.09, 1059, 1518
342, 35711, 3.512e+007, 8.5608e+006, 4.36808e+007, 1288, 6646.58, 1059, 1518
343, 35811, 3.54974e+007, 8.68912e+006, 4.41865e+007, 1302, 6673.67, 1060, 1518
344, 35911, 3.53544e+007, 8.6321e+006, 4.39865e+007, 1297, 6655.43, 1059, 1518
345, 36011, 3.53459e+007, 8.594e+006, 4.39399e+007, 1293, 6646.56, 1060, 1518
346, 36111, 3.51685e+007, 8.58101e+006, 4.37495e+007, 1292, 6641.65, 1059, 1518
347, 36211, 3.52871e+007, 8.56112e+006, 4.38482e+007, 1295, 6610.91, 1059, 1519
348, 36311, 3.50821e+007, 8.52103e+006, 4.36032e+007, 1288, 6615.71, 1059, 1518
349, 36411, 3.48063e+007, 8.43453e+006, 4.32408e+007, 1277, 6604.95, 1059, 1518
350, 36511, 3.50698e+007, 8.51062e+006, 4.35804e+007, 1287, 6612.76, 1059, 1518
351, 36611, 3.51831e+007, 8.54318e+006, 4.37263e+007, 1295, 6597.05, 1059, 1518
352, 36711, 3.49374e+007, 8.4311e+006, 4.33685e+007, 1278, 6597.11, 1059, 1518
353, 36811, 3.49458e+007, 8.40905e+006, 4.33548e+007, 1277, 6585, 1059, 1518
354, 36911, 3.50088e+007, 8.48248e+006, 4.34913e+007, 1284, 6606.29, 1060, 1518
355, 37011, 3.51358e+007, 8.50261e+006, 4.36384e+007, 1292, 6580.97, 1059, 1518
356, 37111, 3.46376e+007, 8.34673e+006, 4.29844e+007, 1271, 6567.06, 1059, 1518
357, 37211, 3.50719e+007, 8.45775e+006, 4.35297e+007, 1288, 6566.57, 1059, 1518
358, 37311, 3.45963e+007, 8.31862e+006, 4.29149e+007, 1270, 6550.09, 1059, 1518
359, 37411, 3.42442e+007, 8.26509e+006, 4.25093e+007, 1259, 6564.81, 1060, 1517
360, 37511, 3.43398e+007, 8.2945e+006, 4.26343e+007, 1264, 6562.11, 1060, 1517
361, 37611, 3.44798e+007, 8.28954e+006, 4.27693e+007, 1269, 6532.34, 1060, 1517
362, 37711, 3.43319e+007, 8.23248e+006, 4.25644e+007, 1263, 6518.2, 1060, 1517
363, 37811, 3.39233e+007, 8.14576e+006, 4.2069e+007, 1248, 6527.05, 1060, 1517
364, 37911, 3.42096e+007, 8.25573e+006, 4.24653e+007, 1265, 6526.27, 1060, 1517
365, 38011, 3.40723e+007, 8.1717e+006, 4.2244e+007, 1256, 6506.13, 1060, 1518
366, 38111, 3.42901e+007, 8.23849e+006, 4.25286e+007, 1266, 6507.5, 1060, 1517
367, 38211, 3.4119e+007, 8.20001e+006, 4.2319e+007, 1260, 6507.94, 1060, 1517
368, 38311, 3.38171e+007, 8.11693e+006, 4.1934e+007, 1249, 6498.75, 1060, 1517
369, 38411, 3.37898e+007, 8.0757e+006, 4.18655e+007, 1246, 6481.3, 1060, 1517
370, 38511, 3.36487e+007, 8.05368e+006, 4.17024e+007, 1242, 6484.44, 1060, 1517
371, 38611, 3.37805e+007, 8.08549e+006, 4.1866e+007, 1248, 6478.76, 1060, 1517
372, 38711, 3.38968e+007, 8.10927e+006, 4.2006e+007, 1255, 6461.57, 1060, 1517
373, 38811, 3.32907e+007, 7.9367e+006, 4.12274e+007, 1229, 6457.85, 1060, 1517
374, 38911, 3.37744e+007, 8.08028e+006, 4.18546e+007, 1250, 6464.22, 1060, 1517
375, 39011, 3.35481e+007, 8.01376e+006, 4.15618e+007, 1241, 6457.5, 1060, 1517
376, 39111, 3.34443e+007, 7.98235e+006, 4.14267e+007, 1236, 6458.21, 1060, 1517
377, 39211, 3.34442e+007, 7.99001e+006, 4.14343e+007, 1239, 6448.76, 1060, 1517
378, 39311, 3.31155e+007, 7.89093e+006, 4.10065e+007, 1224, 6446.84, 1060, 1517
379, 39411, 3.31786e+007, 7.87762e+006, 4.10562e+007, 1224, 6435.96, 1060, 1517
380, 39511, 3.32228e+007, 7.89654e+006, 4.11194e+007, 1229, 6425.17, 1060, 1517
381, 39611, 3.29587e+007, 7.81133e+006, 4.077e+007, 1217, 6418.51, 1060, 1516
382, 39711, 3.31053e+007, 7.84855e+006, 4.09539e+007, 1225, 6406.98, 1060, 1516
383, 39811, 3.30901e+007, 7.85539e+006, 4.09455e+007, 1225, 6412.56, 1060, 1516
384, 39911, 3.2975e+007, 7.79667e+006, 4.07716e+007, 1217, 6406.47, 1060, 1516
385, 40011, 3.28789e+007, 7.81288e+006, 4.06918e+007, 1218, 6414.51, 1060, 1516
386, 40111, 3.2792e+007, 7.72583e+006, 4.05179e+007, 1210, 6384.98, 1060, 1516
387, 40211, 3.27389e+007, 7.7519e+006, 4.04908e+007, 1211, 6401.24, 1060, 1516
388, 40311, 3.2385e+007, 7.64983e+006, 4.00348e+007, 1197, 6390.83, 1060, 1516
389, 40411, 3.25471e+007, 7.70756e+006, 4.02547e+007, 1204, 6401.63, 1060, 1516
390, 40511, 3.3056e+007, 7.81986e+006, 4.08758e+007, 1227, 6373.15, 1060, 1516
391, 40611, 3.25151e+007, 7.66642e+006, 4.01815e+007, 1203, 6372.75, 1060, 1516
392, 40711, 3.26593e+007, 7.70982e+006, 4.03692e+007, 1211, 6366.49, 1060, 1515
393, 40811, 3.23154e+007, 7.61237e+006, 3.99278e+007, 1196, 6364.86, 1060, 1516
394, 40911, 3.21814e+007, 7.54108e+006, 3.97224e+007, 1187, 6353.06, 1060, 1515
395, 41011, 3.24127e+007, 7.58364e+006, 3.99964e+007, 1195, 6346.14, 1060, 1515
396, 41111, 3.23605e+007, 7.63438e+006, 3.99948e+007, 1197, 6377.93, 1061, 1516
397, 41211, 3.25873e+007, 7.64622e+006, 4.02335e+007, 1204, 6350.68, 1060, 1515
398, 41311, 3.28793e+007, 7.77461e+006, 4.06539e+007, 1221, 6367.41, 1061, 1515
399, 41412, 3.26453e+007, 7.69801e+006, 4.03434e+007, 1210, 6361.99, 1061, 1515
400, 41511, 3.23486e+007, 7.60659e+006, 3.99552e+007, 1197, 6354.71, 1061, 1515
401, 41611, 3.22918e+007, 7.58009e+006, 3.98719e+007, 1195, 6343.17, 1061, 1515
402, 41711, 3.23379e+007, 7.60931e+006, 3.99472e+007, 1198, 6351.67, 1061, 1515
403, 41811, 3.27416e+007, 7.72647e+006, 4.04681e+007, 1218, 6343.57, 1061, 1515
404, 41911, 3.21539e+007, 7.50802e+006, 3.9662e+007, 1189, 6314.57, 1060, 1515
405, 42011, 3.19122e+007, 7.45673e+006, 3.93689e+007, 1180, 6319.26, 1060, 1515
406, 42111, 3.20717e+007, 7.52002e+006, 3.95917e+007, 1188, 6329.98, 1061, 1515
407, 42211, 3.20272e+007, 7.47176e+006, 3.9499e+007, 1182, 6321.29, 1061, 1515
408, 42311, 3.19589e+007, 7.45452e+006, 3.94134e+007, 1182, 6306.7, 1060, 1514
409, 42411, 3.21273e+007, 7.48816e+006, 3.96154e+007, 1190, 6292.57, 1060, 1514
410, 42511, 3.14953e+007, 7.35836e+006, 3.88537e+007, 1166, 6310.77, 1061, 1514
411, 42611, 3.16121e+007, 7.37415e+006, 3.89863e+007, 1167, 6318.89, 1061, 1514
412, 42711, 3.17706e+007, 7.412e+006, 3.91827e+007, 1175, 6308.09, 1061, 1514
413, 42811, 3.18211e+007, 7.40171e+006, 3.92228e+007, 1177, 6288.62, 1061, 1514
414, 42911, 3.18966e+007, 7.42594e+006, 3.93226e+007, 1180, 6293.17, 1061, 1514
415, 43011, 3.1703e+007, 7.40095e+006, 3.91039e+007, 1174, 6304.05, 1061, 1514
416, 43111, 3.18092e+007, 7.43676e+006, 3.9246e+007, 1181, 6297, 1061, 1514
417, 43211, 3.23262e+007, 7.53186e+006, 3.98581e+007, 1199, 6281.78, 1061, 1514
418, 43311, 3.20856e+007, 7.47939e+006, 3.9565e+007, 1187, 6301.09, 1061, 1514
419, 43411, 3.169e+007, 7.32925e+006, 3.90193e+007, 1168, 6275.05, 1061, 1513
420, 43511, 3.18838e+007, 7.39191e+006, 3.92757e+007, 1177, 6280.3, 1061, 1514
421, 43611, 3.18394e+007, 7.40155e+006, 3.92409e+007, 1178, 6283.15, 1061, 1513
422, 43711, 3.20018e+007, 7.3922e+006, 3.9394e+007, 1181, 6259.27, 1061, 1513
423, 43811, 3.21751e+007, 7.47985e+006, 3.9655e+007, 1193, 6269.78, 1061, 1513
424, 43911, 3.21635e+007, 7.44359e+006, 3.96071e+007, 1189, 6260.38, 1061, 1513
425, 44011, 3.22029e+007, 7.45685e+006, 3.96598e+007, 1190, 6266.26, 1061, 1513
426, 44111, 3.19859e+007, 7.41799e+006, 3.94039e+007, 1185, 6259.91, 1061, 1513
427, 44211, 3.18768e+007, 7.38094e+006, 3.92578e+007, 1181, 6249.74, 1061, 1513
428, 44311, 3.18392e+007, 7.35381e+006, 3.9193e+007, 1178, 6242.62, 1061, 1513
429, 44411, 3.16321e+007, 7.28454e+006, 3.89166e+007, 1167, 6242.11, 1061, 1513
430, 44511, 3.17821e+007, 7.33402e+006, 3.91162e+007, 1174, 6247.04, 1061, 1513
431, 44611, 3.14611e+007, 7.26002e+006, 3.87211e+007, 1163, 6242.49, 1061, 1513
432, 44711, 3.18265e+007, 7.33293e+006, 3.91594e+007, 1178, 6224.9, 1061, 1513
433, 44811, 3.17846e+007, 7.31666e+006, 3.91012e+007, 1175, 6226.94, 1061, 1513
434, 44911, 3.17008e+007, 7.27975e+006, 3.89805e+007, 1170, 6222, 1061, 1512
435, 45011, 3.17217e+007, 7.29048e+006, 3.90121e+007, 1170, 6231.18, 1061, 1512
436, 45111, 3.14478e+007, 7.25317e+006, 3.87009e+007, 1165, 6225.9, 1061, 1512
437, 45211, 3.17667e+007, 7.30515e+006, 3.90718e+007, 1174, 6222.45, 1061, 1512
438, 45311, 3.16143e+007, 7.25394e+006, 3.88683e+007, 1168, 6210.57, 1061, 1512
439, 45411, 3.1699e+007, 7.27731e+006, 3.89763e+007, 1172, 6209.31, 1061, 1512
440, 45511, 3.17941e+007, 7.29889e+006, 3.9093e+007, 1177, 6201.26, 1061, 1512
441, 45611, 3.17852e+007, 7.28982e+006, 3.9075e+007, 1175, 6204.1, 1061, 1512
442, 45711, 3.13009e+007, 7.15196e+006, 3.84528e+007, 1154, 6197.54, 1061, 1511
443, 45811, 3.13172e+007, 7.16055e+006, 3.84778e+007, 1158, 6183.55, 1061, 1512
444, 45911, 3.15101e+007, 7.23309e+006, 3.87432e+007, 1168, 6192.71, 1061, 1511
445, 46011, 3.1373e+007, 7.18266e+006, 3.85557e+007, 1159, 6197.29, 1061, 1511
446, 46111, 3.16187e+007, 7.2274e+006, 3.88461e+007, 1169, 6182.55, 1061, 1511
447, 46212, 3.11666e+007, 7.13666e+006, 3.83033e+007, 1154, 6184.29, 1062, 1511
448, 46311, 3.12915e+007, 7.16883e+006, 3.84603e+007, 1160, 6180.02, 1061, 1511
449, 46411, 3.10182e+007, 7.10845e+006, 3.81267e+007, 1148, 6192.03, 1061, 1511
450, 46511, 3.0917e+007, 7.05307e+006, 3.79701e+007, 1143, 6170.67, 1061, 1511
451, 46611, 3.05466e+007, 6.96848e+006, 3.75151e+007, 1130, 6166.8, 1061, 1511
452, 46711, 3.11766e+007, 7.11842e+006, 3.8295e+007, 1155, 6163.14, 1061, 1511
453, 46811, 3.06867e+007, 7.01249e+006, 3.76992e+007, 1136, 6172.97, 1061, 1511
454, 46911, 3.11702e+007, 7.08763e+006, 3.82579e+007, 1153, 6147.12, 1061, 1510
455, 47011, 3.09833e+007, 7.08549e+006, 3.80688e+007, 1148, 6172.03, 1062, 1510
456, 47112, 3.05926e+007, 6.96371e+006, 3.75563e+007, 1132, 6151.69, 1061, 1510
457, 47211, 3.10182e+007, 7.09234e+006, 3.81105e+007, 1151, 6161.89, 1061, 1510
458, 47311, 3.07212e+007, 7.0148e+006, 3.7736e+007, 1138, 6164.15, 1062, 1510
459, 47411, 3.01418e+007, 6.87613e+006, 3.7018e+007, 1115, 6166.93, 1062, 1510
460, 47511, 3.04707e+007, 6.94369e+006, 3.74144e+007, 1128, 6155.75, 1062, 1510
461, 47611, 3.07262e+007, 7.01024e+006, 3.77365e+007, 1138, 6160.14, 1062, 1510
462, 47711, 3.11808e+007, 7.11038e+006, 3.82912e+007, 1157, 6145.53, 1062, 1510
463, 47811, 3.05847e+007, 6.9951e+006, 3.75798e+007, 1137, 6152.24, 1062, 1510
464, 47911, 3.02923e+007, 6.89275e+006, 3.7185e+007, 1121, 6148.76, 1062, 1510
465, 48011, 3.02147e+007, 6.88475e+006, 3.70994e+007, 1119, 6152.59, 1062, 1510
466, 48111, 3.06263e+007, 6.995e+006, 3.76213e+007, 1138, 6146.75, 1062, 1509
467, 48211, 3.02389e+007, 6.84918e+006, 3.70881e+007, 1117, 6131.76, 1062, 1510
468, 48311, 3.02484e+007, 6.86058e+006, 3.71089e+007, 1119, 6130.99, 1062, 1509
469, 48411, 3.01925e+007, 6.86222e+006, 3.70547e+007, 1120, 6126.98, 1062, 1509
470, 50791, 3.00032e+007, 6.79575e+006, 3.67989e+007, 1111, 6116.78, 1062, 1509
471, 50811, 3.05847e+007, 6.9951e+006, 3.75798e+007, 1137, 6152.24, 1062, 1510
472, 50832, 3.04104e+007, 6.89617e+006, 3.73066e+007, 1127, 6119.05, 1062, 1509
473, 50852, 3.03491e+007, 6.9047e+006, 3.72538e+007, 1127, 6126.62, 1062, 1509
474, 50872, 3.04771e+007, 6.89973e+006, 3.73768e+007, 1129, 6111.36, 1062, 1509
475, 50902, 3.00489e+007, 6.80356e+006, 3.68525e+007, 1112, 6118.31, 1062, 1509
476, 50922, 2.99153e+007, 6.76387e+006, 3.66792e+007, 1107, 6110.09, 1062, 1509
477, 50941, 2.98097e+007, 6.75394e+006, 3.65636e+007, 1106, 6106.64, 1062, 1509
478, 50962, 3.00954e+007, 6.80982e+006, 3.69052e+007, 1117, 6096.53, 1062, 1509
479, 50982, 2.99657e+007, 6.7981e+006, 3.67638e+007, 1113, 6107.9, 1062, 1509
480, 51012, 3.00992e+007, 6.82257e+006, 3.69218e+007, 1117, 6107.94, 1062, 1509
481, 51032, 3.02245e+007, 6.83315e+006, 3.70577e+007, 1124, 6079.32, 1062, 1509
482, 51052, 2.98345e+007, 6.74516e+006, 3.65797e+007, 1108, 6087.69, 1062, 1508
483, 51072, 2.95769e+007, 6.65761e+006, 3.62345e+007, 1094, 6085.57, 1062, 1508
484, 51102, 2.97232e+007, 6.71752e+006, 3.64408e+007, 1103, 6090.22, 1062, 1508
485, 51122, 2.98641e+007, 6.76152e+006, 3.66257e+007, 1109, 6096.95, 1062, 1508
486, 51142, 2.95503e+007, 6.66668e+006, 3.6217e+007, 1096, 6082.74, 1062, 1508
487, 51162, 2.94973e+007, 6.63216e+006, 3.61295e+007, 1094, 6062.3, 1062, 1508
488, 51191, 2.98818e+007, 6.71297e+006, 3.65947e+007, 1107, 6064.11, 1062, 1508
489, 51212, 2.98724e+007, 6.72804e+006, 3.66004e+007, 1110, 6061.3, 1062, 1507
490, 51311, 2.9655e+007, 6.68852e+006, 3.63435e+007, 1102, 6069.43, 1062, 1507
491, 51411, 3.01335e+007, 6.78091e+006, 3.69144e+007, 1119, 6059.8, 1062, 1507
492, 51511, 2.9751e+007, 6.68748e+006, 3.64385e+007, 1104, 6057.5, 1062, 1507
493, 51621, 2.98043e+007, 6.7045e+006, 3.65088e+007, 1106, 6061.94, 1062, 1507
494, 51712, 2.95244e+007, 6.59629e+006, 3.61207e+007, 1092, 6040.56, 1062, 1507
495, 51812, 3.01317e+007, 6.77704e+006, 3.69087e+007, 1121, 6045.53, 1062, 1507
496, 51912, 2.96447e+007, 6.64975e+006, 3.62945e+007, 1100, 6045.23, 1062, 1507
497, 52011, 2.93628e+007, 6.59307e+006, 3.59559e+007, 1091, 6043.14, 1062, 1507
498, 52111, 2.98226e+007, 6.68098e+006, 3.65036e+007, 1107, 6035.22, 1062, 1507
499, 52211, 2.9433e+007, 6.59594e+006, 3.60289e+007, 1092, 6040.24, 1062, 1507
500, 52311, 2.91884e+007, 6.5131e+006, 3.57015e+007, 1081, 6025.07, 1062, 1507
501, 52411, 2.92825e+007, 6.52388e+006, 3.58064e+007, 1083, 6023.9, 1062, 1507
502, 52511, 2.95217e+007, 6.61083e+006, 3.61326e+007, 1096, 6031.78, 1062, 1507
503, 52611, 2.93698e+007, 6.56647e+006, 3.59363e+007, 1089, 6029.82, 1062, 1507
504, 52711, 2.91944e+007, 6.52054e+006, 3.5715e+007, 1083, 6020.82, 1062, 1507
505, 52811, 2.92126e+007, 6.53345e+006, 3.57461e+007, 1086, 6016.07, 1062, 1507
506, 52913, 2.91204e+007, 6.49278e+006, 3.56132e+007, 1079, 6017.4, 1062, 1506
507, 53012, 2.92072e+007, 6.51584e+006, 3.57231e+007, 1085, 6005.38, 1062, 1506
508, 53112, 2.88021e+007, 6.42215e+006, 3.52242e+007, 1069, 6007.62, 1062, 1507
509, 53212, 2.90972e+007, 6.52194e+006, 3.56191e+007, 1084, 6016.55, 1062, 1506
510, 53312, 2.88333e+007, 6.41747e+006, 3.52508e+007, 1068, 6008.86, 1062, 1506
511, 53412, 2.88796e+007, 6.44703e+006, 3.53266e+007, 1073, 6008.41, 1062, 1506
512, 53512, 2.88184e+007, 6.43269e+006, 3.5251e+007, 1070, 6011.86, 1062, 1506
513, 53612, 2.88332e+007, 6.411e+006, 3.52442e+007, 1071, 5985.99, 1062, 1506
514, 53712, 2.92797e+007, 6.53046e+006, 3.58102e+007, 1088, 6002.26, 1062, 1506
515, 53812, 2.87715e+007, 6.40498e+006, 3.51765e+007, 1068, 5997.18, 1062, 1506
516, 53913, 2.86388e+007, 6.36681e+006, 3.50056e+007, 1064, 5983.84, 1062, 1506
517, 54013, 2.87949e+007, 6.39296e+006, 3.51878e+007, 1069, 5980.32, 1062, 1506
518, 54112, 2.81135e+007, 6.23717e+006, 3.43507e+007, 1043, 5980.03, 1062, 1505
519, 54212, 2.83099e+007, 6.307e+006, 3.46169e+007, 1053, 5989.56, 1062, 1506
520, 54312, 2.81582e+007, 6.2318e+006, 3.439e+007, 1044, 5969.16, 1062, 1506
521, 54412, 2.86281e+007, 6.33313e+006, 3.49612e+007, 1062, 5963.4, 1062, 1506
522, 54512, 2.85133e+007, 6.32248e+006, 3.48357e+007, 1057, 5981.53, 1062, 1505
523, 54612, 2.8635e+007, 6.40734e+006, 3.50424e+007, 1067, 6005, 1063, 1506
524, 54712, 2.82578e+007, 6.27437e+006, 3.45321e+007, 1050, 5975.59, 1062, 1505
525, 54812, 2.8657e+007, 6.36953e+006, 3.50265e+007, 1067, 5969.57, 1062, 1505
526, 54912, 2.81439e+007, 6.2263e+006, 3.43702e+007, 1046, 5952.49, 1062, 1505
527, 55012, 2.79996e+007, 6.20136e+006, 3.42009e+007, 1040, 5962.85, 1063, 1505
528, 55112, 2.79423e+007, 6.18489e+006, 3.41272e+007, 1038, 5958.47, 1062, 1505
529, 55212, 2.79057e+007, 6.16147e+006, 3.40671e+007, 1035, 5953.11, 1062, 1505
530, 55312, 2.79917e+007, 6.18068e+006, 3.41724e+007, 1038, 5954.41, 1062, 1505
531, 55412, 2.77959e+007, 6.14771e+006, 3.39436e+007, 1033, 5951.32, 1062, 1505
532, 55512, 2.76692e+007, 6.11159e+006, 3.37808e+007, 1028, 5945.13, 1062, 1505
533, 55612, 2.83421e+007, 6.26281e+006, 3.46049e+007, 1057, 5925.08, 1062, 1505
534, 55712, 2.81884e+007, 6.23345e+006, 3.44218e+007, 1050, 5936.62, 1062, 1505
535, 55812, 2.76069e+007, 6.08593e+006, 3.36929e+007, 1027, 5925.93, 1062, 1505
536, 55912, 2.82076e+007, 6.22931e+006, 3.44369e+007, 1051, 5927.03, 1062, 1505
537, 56012, 2.78208e+007, 6.16222e+006, 3.3983e+007, 1036, 5948.09, 1062, 1505
538, 56112, 2.75254e+007, 6.05792e+006, 3.35833e+007, 1021, 5933.32, 1062, 1505
539, 56212, 2.75015e+007, 6.04931e+006, 3.35508e+007, 1021, 5924.89, 1062, 1504
540, 56312, 2.74665e+007, 6.04594e+006, 3.35125e+007, 1021, 5921.59, 1062, 1504
541, 56412, 2.77023e+007, 6.09595e+006, 3.37982e+007, 1030, 5918.4, 1062, 1504
542, 56512, 2.72213e+007, 5.97811e+006, 3.31994e+007, 1011, 5913.07, 1062, 1504
543, 56612, 2.74239e+007, 6.01315e+006, 3.34371e+007, 1018, 5906.83, 1062, 1504
544, 56712, 2.7742e+007, 6.0902e+006, 3.38322e+007, 1031, 5907.09, 1062, 1505
545, 56822, 2.72962e+007, 6.00228e+006, 3.32985e+007, 1017, 5901.95, 1062, 1504
546, 56912, 2.72648e+007, 5.98716e+006, 3.3252e+007, 1015, 5898.68, 1062, 1504
547, 57012, 2.73881e+007, 6.01518e+006, 3.34033e+007, 1019, 5903.02, 1062, 1504
548, 57112, 2.74189e+007, 6.04294e+006, 3.34618e+007, 1020, 5924.45, 1063, 1505
549, 57213, 2.75551e+007, 6.0743e+006, 3.36294e+007, 1028, 5908.85, 1062, 1504
550, 57312, 2.68449e+007, 5.90389e+006, 3.27488e+007, 1000, 5903.89, 1063, 1504
551, 57412, 2.70059e+007, 5.93764e+006, 3.29436e+007, 1006, 5902.22, 1063, 1504
552, 57512, 2.66378e+007, 5.84766e+006, 3.24855e+007, 990, 5906.72, 1063, 1504
553, 57612, 2.70096e+007, 5.94967e+006, 3.29592e+007, 1008, 5902.45, 1063, 1504
554, 57712, 2.74738e+007, 6.03187e+006, 3.35056e+007, 1025, 5884.75, 1062, 1504
555, 57812, 2.69437e+007, 5.91871e+006, 3.28624e+007, 1003, 5901.01, 1063, 1504
556, 57912, 2.69688e+007, 5.91084e+006, 3.28797e+007, 1004, 5887.29, 1063, 1504
557, 58012, 2.66346e+007, 5.86748e+006, 3.25021e+007, 994, 5902.9, 1063, 1504
558, 58112, 2.7122e+007, 5.95878e+006, 3.30808e+007, 1014, 5876.51, 1062, 1504
559, 58212, 2.7074e+007, 5.91853e+006, 3.29925e+007, 1008, 5871.56, 1062, 1504
560, 58312, 2.64183e+007, 5.79138e+006, 3.22097e+007, 985, 5879.58, 1063, 1504
561, 58412, 2.67374e+007, 5.85784e+006, 3.25953e+007, 997, 5875.47, 1062, 1504
562, 58512, 2.63886e+007, 5.75061e+006, 3.21392e+007, 980, 5867.97, 1062, 1503
563, 58612, 2.65712e+007, 5.80935e+006, 3.23805e+007, 991, 5862.11, 1062, 1504
564, 58712, 2.70015e+007, 5.91916e+006, 3.29207e+007, 1009, 5866.36, 1062, 1504
565, 58812, 2.64692e+007, 5.79414e+006, 3.22634e+007, 987, 5870.45, 1063, 1503
566, 58912, 2.60363e+007, 5.72322e+006, 3.17595e+007, 973, 5882.04, 1063, 1503
567, 59012, 2.64004e+007, 5.77463e+006, 3.2175e+007, 984, 5868.53, 1063, 1503
568, 59112, 2.63152e+007, 5.76489e+006, 3.20801e+007, 982, 5870.56, 1063, 1503
569, 59212, 2.63194e+007, 5.71987e+006, 3.20392e+007, 980, 5836.6, 1062, 1503
570, 59312, 2.6233e+007, 5.70552e+006, 3.19385e+007, 977, 5839.84, 1062, 1503
571, 59412, 2.64257e+007, 5.75742e+006, 3.21831e+007, 985, 5845.09, 1062, 1503
572, 59512, 2.60623e+007, 5.70101e+006, 3.17633e+007, 972, 5865.23, 1063, 1503
573, 59612, 2.59256e+007, 5.63808e+006, 3.15636e+007, 965, 5842.57, 1062, 1504
574, 59712, 2.58957e+007, 5.65763e+006, 3.15534e+007, 966, 5856.76, 1063, 1503
575, 59812, 2.58698e+007, 5.66483e+006, 3.15346e+007, 965, 5870.29, 1063, 1503
576, 59912, 2.62775e+007, 5.73869e+006, 3.20162e+007, 981, 5849.83, 1063, 1503
577, 60012, 2.58801e+007, 5.60349e+006, 3.14836e+007, 962, 5824.84, 1062, 1503
578, 60113, 2.58946e+007, 5.60599e+006, 3.15006e+007, 964, 5815.34, 1062, 1503
579, 60212, 2.59334e+007, 5.63076e+006, 3.15642e+007, 966, 5828.94, 1062, 1503
580, 60312, 2.57625e+007, 5.62601e+006, 3.13885e+007, 963, 5842.17, 1063, 1503
581, 60412, 2.61934e+007, 5.69435e+006, 3.18878e+007, 976, 5834.37, 1063, 1503
582, 60512, 2.59684e+007, 5.6572e+006, 3.16256e+007, 970, 5832.16, 1063, 1503
583, 60612, 2.60126e+007, 5.66799e+006, 3.16806e+007, 975, 5813.32, 1062, 1503
584, 60712, 2.57063e+007, 5.57715e+006, 3.12834e+007, 959, 5815.59, 1062, 1503
585, 60812, 2.58906e+007, 5.61752e+006, 3.15082e+007, 966, 5815.24, 1063, 1503
586, 60913, 2.57874e+007, 5.60768e+006, 3.13951e+007, 961, 5835.25, 1063, 1502
587, 61013, 2.57346e+007, 5.59047e+006, 3.13251e+007, 960, 5823.4, 1063, 1503
588, 61112, 2.58157e+007, 5.60729e+006, 3.1423e+007, 963, 5822.73, 1063, 1503
589, 61212, 2.56677e+007, 5.56058e+006, 3.12283e+007, 957, 5810.43, 1063, 1502
590, 61312, 2.57226e+007, 5.55545e+006, 3.12781e+007, 957, 5805.07, 1062, 1503
591, 61412, 2.58214e+007, 5.60432e+006, 3.14257e+007, 963, 5819.64, 1063, 1502
592, 61512, 2.52545e+007, 5.45827e+006, 3.07128e+007, 940, 5806.67, 1063, 1502
593, 61612, 2.56312e+007, 5.54001e+006, 3.11712e+007, 954, 5807.14, 1063, 1502
594, 61712, 2.51755e+007, 5.42369e+006, 3.05992e+007, 936, 5794.54, 1062, 1502
595, 61812, 2.51623e+007, 5.41633e+006, 3.05786e+007, 935, 5792.87, 1063, 1502
596, 61912, 2.55508e+007, 5.53587e+006, 3.10867e+007, 954, 5802.8, 1063, 1502
597, 62012, 2.54073e+007, 5.49945e+006, 3.09068e+007, 947, 5807.23, 1063, 1502
598, 62112, 2.53421e+007, 5.48714e+006, 3.08293e+007, 945, 5806.5, 1063, 1502
599, 62212, 2.55063e+007, 5.51904e+006, 3.10253e+007, 953, 5791.23, 1062, 1502
600, 62312, 2.5653e+007, 5.55392e+006, 3.12069e+007, 957, 5803.47, 1063, 1502